Jun 14 01:15:00 
Jun 14 01:15:00 🔔618大势新品赏, 开始!
Jun 14 01:15:00 您的cookie选择的是用&隔开
Jun 14 01:15:00 
Jun 14 01:15:00 
Jun 14 01:15:00 ====================共有2个京东账号Cookie=========
Jun 14 01:15:00 
Jun 14 01:15:00 
Jun 14 01:15:00 🔔618大势新品赏, 开始!
Jun 14 01:15:00 您的cookie选择的是用&隔开
Jun 14 01:15:00 
Jun 14 01:15:00 
Jun 14 01:15:00 ====================共有2个京东账号Cookie=========
Jun 14 01:15:00 
Jun 14 01:15:00 ==================脚本执行- 北京时间(UTC+8)：6/14/2021, 1:15:00 AM=====================
Jun 14 01:15:00 
Jun 14 01:15:00 ==================脚本执行- 北京时间(UTC+8)：6/14/2021, 1:15:00 AM=====================
Jun 14 01:15:00 
Jun 14 01:15:00 
Jun 14 01:15:00 ******开始【京东账号1】lman87*********
Jun 14 01:15:00 
Jun 14 01:15:00 
Jun 14 01:15:00 ******开始【京东账号1】lman87*********
Jun 14 01:15:00 
Jun 14 01:15:00 获取活动信息成功
Jun 14 01:15:00 获取活动信息成功
Jun 14 01:15:00 
Jun 14 01:15:00 ******开始【京东账号2】变速箱2019*********
Jun 14 01:15:00 
Jun 14 01:15:00 
Jun 14 01:15:00 ******开始【京东账号2】变速箱2019*********
Jun 14 01:15:00 
Jun 14 01:15:00 获取活动信息成功
Jun 14 01:15:00 
Jun 14 01:15:00 🔔618大势新品赏, 结束! 🕛 0.456 秒
Jun 14 01:15:00 
Jun 14 01:15:00 获取活动信息成功
Jun 14 01:15:00 
Jun 14 01:15:00 🔔618大势新品赏, 结束! 🕛 0.481 秒
Jun 14 01:15:00 
Jun 14 12:15:00 
Jun 14 12:15:00 🔔618大势新品赏, 开始!
Jun 14 12:15:00 您的cookie选择的是用&隔开
Jun 14 12:15:00 
Jun 14 12:15:00 
Jun 14 12:15:00 ====================共有2个京东账号Cookie=========
Jun 14 12:15:00 
Jun 14 12:15:00 
Jun 14 12:15:00 🔔618大势新品赏, 开始!
Jun 14 12:15:00 您的cookie选择的是用&隔开
Jun 14 12:15:00 
Jun 14 12:15:00 
Jun 14 12:15:00 ====================共有2个京东账号Cookie=========
Jun 14 12:15:00 
Jun 14 12:15:00 ==================脚本执行- 北京时间(UTC+8)：6/14/2021, 12:15:00 PM=====================
Jun 14 12:15:00 
Jun 14 12:15:00 ==================脚本执行- 北京时间(UTC+8)：6/14/2021, 12:15:00 PM=====================
Jun 14 12:15:00 
Jun 14 12:15:00 
Jun 14 12:15:00 ******开始【京东账号1】lman87*********
Jun 14 12:15:00 
Jun 14 12:15:00 
Jun 14 12:15:00 ******开始【京东账号1】lman87*********
Jun 14 12:15:00 
Jun 14 12:15:00 获取活动信息成功
Jun 14 12:15:00 获取活动信息成功
Jun 14 12:15:00 
Jun 14 12:15:00 ******开始【京东账号2】变速箱2019*********
Jun 14 12:15:00 
Jun 14 12:15:00 
Jun 14 12:15:00 ******开始【京东账号2】变速箱2019*********
Jun 14 12:15:00 
Jun 14 12:15:00 获取活动信息成功
Jun 14 12:15:00 
Jun 14 12:15:00 🔔618大势新品赏, 结束! 🕛 0.542 秒
Jun 14 12:15:00 
Jun 14 12:15:00 获取活动信息成功
Jun 14 12:15:00 
Jun 14 12:15:00 🔔618大势新品赏, 结束! 🕛 0.539 秒
Jun 14 12:15:00 
Jun 15 01:15:00 
Jun 15 01:15:00 🔔618大势新品赏, 开始!
Jun 15 01:15:00 您的cookie选择的是用&隔开
Jun 15 01:15:00 
Jun 15 01:15:00 
Jun 15 01:15:00 ====================共有2个京东账号Cookie=========
Jun 15 01:15:00 
Jun 15 01:15:00 
Jun 15 01:15:00 🔔618大势新品赏, 开始!
Jun 15 01:15:00 您的cookie选择的是用&隔开
Jun 15 01:15:00 
Jun 15 01:15:00 
Jun 15 01:15:00 ====================共有2个京东账号Cookie=========
Jun 15 01:15:00 
Jun 15 01:15:00 ==================脚本执行- 北京时间(UTC+8)：6/15/2021, 1:15:00 AM=====================
Jun 15 01:15:00 
Jun 15 01:15:00 ==================脚本执行- 北京时间(UTC+8)：6/15/2021, 1:15:00 AM=====================
Jun 15 01:15:00 
Jun 15 01:15:01 
Jun 15 01:15:01 ******开始【京东账号1】lman87*********
Jun 15 01:15:01 
Jun 15 01:15:01 
Jun 15 01:15:01 ******开始【京东账号1】lman87*********
Jun 15 01:15:01 
Jun 15 01:15:01 获取活动信息成功
Jun 15 01:15:01 获取活动信息成功
Jun 15 01:15:01 
Jun 15 01:15:01 ******开始【京东账号2】变速箱2019*********
Jun 15 01:15:01 
Jun 15 01:15:01 
Jun 15 01:15:01 ******开始【京东账号2】变速箱2019*********
Jun 15 01:15:01 
Jun 15 01:15:01 获取活动信息成功
Jun 15 01:15:01 
Jun 15 01:15:01 🔔618大势新品赏, 结束! 🕛 0.382 秒
Jun 15 01:15:01 
Jun 15 01:15:01 获取活动信息成功
Jun 15 01:15:01 
Jun 15 01:15:01 🔔618大势新品赏, 结束! 🕛 0.395 秒
Jun 15 01:15:01 
Jun 15 12:15:00 
Jun 15 12:15:00 🔔618大势新品赏, 开始!
Jun 15 12:15:00 您的cookie选择的是用&隔开
Jun 15 12:15:00 
Jun 15 12:15:00 
Jun 15 12:15:00 ====================共有2个京东账号Cookie=========
Jun 15 12:15:00 
Jun 15 12:15:00 ==================脚本执行- 北京时间(UTC+8)：6/15/2021, 12:15:00 PM=====================
Jun 15 12:15:00 
Jun 15 12:15:00 
Jun 15 12:15:00 🔔618大势新品赏, 开始!
Jun 15 12:15:00 您的cookie选择的是用&隔开
Jun 15 12:15:00 
Jun 15 12:15:00 
Jun 15 12:15:00 ====================共有2个京东账号Cookie=========
Jun 15 12:15:00 
Jun 15 12:15:00 ==================脚本执行- 北京时间(UTC+8)：6/15/2021, 12:15:00 PM=====================
Jun 15 12:15:00 
Jun 15 12:15:01 
Jun 15 12:15:01 ******开始【京东账号1】lman87*********
Jun 15 12:15:01 
Jun 15 12:15:01 
Jun 15 12:15:01 ******开始【京东账号1】lman87*********
Jun 15 12:15:01 
Jun 15 12:15:01 获取活动信息成功
Jun 15 12:15:01 获取活动信息成功
Jun 15 12:15:01 
Jun 15 12:15:01 ******开始【京东账号2】变速箱2019*********
Jun 15 12:15:01 
Jun 15 12:15:01 获取活动信息成功
Jun 15 12:15:01 
Jun 15 12:15:01 🔔618大势新品赏, 结束! 🕛 0.604 秒
Jun 15 12:15:01 
Jun 15 12:15:01 
Jun 15 12:15:01 ******开始【京东账号2】变速箱2019*********
Jun 15 12:15:01 
Jun 15 12:15:01 获取活动信息成功
Jun 15 12:15:01 
Jun 15 12:15:01 🔔618大势新品赏, 结束! 🕛 0.542 秒
Jun 15 12:15:01 
