Jun 14 01:15:00 
Jun 14 01:15:00 🔔京喜阶梯红包, 开始!
Jun 14 01:15:00 您的cookie选择的是用&隔开
Jun 14 01:15:00 
Jun 14 01:15:00 
Jun 14 01:15:00 ====================共有2个京东账号Cookie=========
Jun 14 01:15:00 
Jun 14 01:15:00 
Jun 14 01:15:00 🔔京喜阶梯红包, 开始!
Jun 14 01:15:00 您的cookie选择的是用&隔开
Jun 14 01:15:00 
Jun 14 01:15:00 
Jun 14 01:15:00 ====================共有2个京东账号Cookie=========
Jun 14 01:15:00 
Jun 14 01:15:00 ==================脚本执行- 北京时间(UTC+8)：6/14/2021, 1:15:00 AM=====================
Jun 14 01:15:00 
Jun 14 01:15:00 ==================脚本执行- 北京时间(UTC+8)：6/14/2021, 1:15:00 AM=====================
Jun 14 01:15:00 
Jun 14 01:15:00 
Jun 14 01:15:00 ******开始【京东账号1】lman87*********
Jun 14 01:15:00 
Jun 14 01:15:00 
Jun 14 01:15:00 ******开始【京东账号1】lman87*********
Jun 14 01:15:00 
Jun 14 01:15:00 用户己参与活动
Jun 14 01:15:00 成功
Jun 14 01:15:00 你好：lman87
Jun 14 01:15:00 当前处于第【1】个红包的准备阶段
Jun 14 01:15:00 你的助力码【ZnDvSC1OVEKMfQW2hobrzIUA3uGSWbHXZ8J-jxT36IU】
Jun 14 01:15:00 将助力码添加到本地助力池
Jun 14 01:15:00 你好：lman87
Jun 14 01:15:00 当前处于第【1】个红包的准备阶段
Jun 14 01:15:00 你的助力码【ZnDvSC1OVEKMfQW2hobrzIUA3uGSWbHXZ8J-jxT36IU】
Jun 14 01:15:00 将助力码添加到本地助力池
Jun 14 01:15:01 
Jun 14 01:15:01 ******开始【京东账号2】变速箱2019*********
Jun 14 01:15:01 
Jun 14 01:15:01 
Jun 14 01:15:01 ******开始【京东账号2】变速箱2019*********
Jun 14 01:15:01 
Jun 14 01:15:01 用户己参与活动
Jun 14 01:15:01 成功
Jun 14 01:15:01 你好：变速箱2019
Jun 14 01:15:01 当前处于第【1】个红包的准备阶段
Jun 14 01:15:01 你的助力码【ZnDvSC1OVEKMfQW2hobrzO11RLoT3Qrvq1aB5ehr29oxbFOxHcsOdtPbnltVGFXe】
Jun 14 01:15:01 将助力码添加到本地助力池
Jun 14 01:15:01 你好：变速箱2019
Jun 14 01:15:01 当前处于第【1】个红包的准备阶段
Jun 14 01:15:01 你的助力码【ZnDvSC1OVEKMfQW2hobrzO11RLoT3Qrvq1aB5ehr29oxbFOxHcsOdtPbnltVGFXe】
Jun 14 01:15:01 将助力码添加到本地助力池
Jun 14 01:15:02 
Jun 14 01:15:02 ******开始【京东账号1】lman87*********
Jun 14 01:15:02 
Jun 14 01:15:02 
Jun 14 01:15:02 ******开始【京东账号1】lman87*********
Jun 14 01:15:02 
Jun 14 01:15:03 ->尝试助力好友
Jun 14 01:15:03 ->尝试助力好友
Jun 14 01:15:03 Response code 401 (Unauthorized)
Jun 14 01:15:03 这个账号估计不能助力好友哟
Jun 14 01:15:04 Response code 401 (Unauthorized)
Jun 14 01:15:04 
Jun 14 01:15:04 ******开始【京东账号2】变速箱2019*********
Jun 14 01:15:04 
Jun 14 01:15:04 ->尝试助力好友
Jun 14 01:15:04 Response code 401 (Unauthorized)
Jun 14 01:15:05 这个账号估计不能助力好友哟
Jun 14 01:15:05 这个账号估计不能助力好友哟
Jun 14 01:15:06 
Jun 14 01:15:06 ******开始【京东账号2】变速箱2019*********
Jun 14 01:15:06 
Jun 14 01:15:06 ->尝试助力好友
Jun 14 01:15:06 Response code 401 (Unauthorized)
Jun 14 01:15:06 
Jun 14 01:15:06 ******开始【京东账号1】lman87*********
Jun 14 01:15:06 
Jun 14 01:15:06 当前账号没有可领取的红包
Jun 14 01:15:07 这个账号估计不能助力好友哟
Jun 14 01:15:07 
Jun 14 01:15:07 ******开始【京东账号2】变速箱2019*********
Jun 14 01:15:07 
Jun 14 01:15:07 当前账号没有可领取的红包
Jun 14 01:15:08 
Jun 14 01:15:08 ******开始【京东账号1】lman87*********
Jun 14 01:15:08 
Jun 14 01:15:08 当前账号没有可领取的红包
Jun 14 01:15:08 
Jun 14 01:15:08 🔔京喜阶梯红包, 结束! 🕛 8.552 秒
Jun 14 01:15:08 
Jun 14 01:15:09 
Jun 14 01:15:09 ******开始【京东账号2】变速箱2019*********
Jun 14 01:15:09 
Jun 14 01:15:09 当前账号没有可领取的红包
Jun 14 01:15:10 
Jun 14 01:15:10 🔔京喜阶梯红包, 结束! 🕛 10.584 秒
Jun 14 01:15:10 
Jun 15 01:15:00 
Jun 15 01:15:00 🔔京喜阶梯红包, 开始!
Jun 15 01:15:00 您的cookie选择的是用&隔开
Jun 15 01:15:00 
Jun 15 01:15:00 
Jun 15 01:15:00 ====================共有2个京东账号Cookie=========
Jun 15 01:15:00 
Jun 15 01:15:00 
Jun 15 01:15:00 🔔京喜阶梯红包, 开始!
Jun 15 01:15:00 您的cookie选择的是用&隔开
Jun 15 01:15:00 
Jun 15 01:15:00 
Jun 15 01:15:00 ====================共有2个京东账号Cookie=========
Jun 15 01:15:00 
Jun 15 01:15:00 ==================脚本执行- 北京时间(UTC+8)：6/15/2021, 1:15:00 AM=====================
Jun 15 01:15:00 
Jun 15 01:15:00 ==================脚本执行- 北京时间(UTC+8)：6/15/2021, 1:15:00 AM=====================
Jun 15 01:15:00 
Jun 15 01:15:01 
Jun 15 01:15:01 ******开始【京东账号1】lman87*********
Jun 15 01:15:01 
Jun 15 01:15:01 
Jun 15 01:15:01 ******开始【京东账号1】lman87*********
Jun 15 01:15:01 
Jun 15 01:15:01 用户己参与活动
Jun 15 01:15:01 成功
Jun 15 01:15:01 你好：lman87
Jun 15 01:15:01 当前处于第【1】个红包的准备阶段
Jun 15 01:15:01 你的助力码【OdzDagBMoJ1RX3LR8oixjYUA3uGSWbHXZ8J-jxT36IU】
Jun 15 01:15:01 将助力码添加到本地助力池
Jun 15 01:15:01 你好：lman87
Jun 15 01:15:01 当前处于第【1】个红包的准备阶段
Jun 15 01:15:01 你的助力码【OdzDagBMoJ1RX3LR8oixjYUA3uGSWbHXZ8J-jxT36IU】
Jun 15 01:15:01 将助力码添加到本地助力池
Jun 15 01:15:02 
Jun 15 01:15:02 ******开始【京东账号2】变速箱2019*********
Jun 15 01:15:02 
Jun 15 01:15:02 
Jun 15 01:15:02 ******开始【京东账号2】变速箱2019*********
Jun 15 01:15:02 
Jun 15 01:15:02 用户己参与活动
Jun 15 01:15:02 成功
Jun 15 01:15:02 Response code 401 (Unauthorized)
Jun 15 01:15:02 未能成功获取到用户信息
Jun 15 01:15:02 你好：变速箱2019
Jun 15 01:15:02 当前处于第【1】个红包的准备阶段
Jun 15 01:15:02 你的助力码【OdzDagBMoJ1RX3LR8oixje11RLoT3Qrvq1aB5ehr29oxbFOxHcsOdtPbnltVGFXe】
Jun 15 01:15:02 将助力码添加到本地助力池
Jun 15 01:15:03 
Jun 15 01:15:03 ******开始【京东账号1】lman87*********
Jun 15 01:15:03 
Jun 15 01:15:03 
Jun 15 01:15:03 ******开始【京东账号1】lman87*********
Jun 15 01:15:03 
Jun 15 01:15:03 ->尝试助力好友
Jun 15 01:15:03 这个账号估计不能助力好友哟
Jun 15 01:15:03 ->尝试助力好友
Jun 15 01:15:03 这个账号估计不能助力好友哟
Jun 15 01:15:04 
Jun 15 01:15:04 ******开始【京东账号2】变速箱2019*********
Jun 15 01:15:04 
Jun 15 01:15:04 
Jun 15 01:15:04 ******开始【京东账号2】变速箱2019*********
Jun 15 01:15:04 
Jun 15 01:15:04 ->尝试助力好友
Jun 15 01:15:04 Response code 401 (Unauthorized)
Jun 15 01:15:04 ->尝试助力好友
Jun 15 01:15:04 Response code 401 (Unauthorized)
Jun 15 01:15:05 这个账号估计不能助力好友哟
Jun 15 01:15:05 Response code 401 (Unauthorized)
Jun 15 01:15:06 
Jun 15 01:15:06 ******开始【京东账号1】lman87*********
Jun 15 01:15:06 
Jun 15 01:15:07 这个账号估计不能助力好友哟
Jun 15 01:15:07 当前账号没有可领取的红包
Jun 15 01:15:08 
Jun 15 01:15:08 ******开始【京东账号1】lman87*********
Jun 15 01:15:08 
Jun 15 01:15:08 
Jun 15 01:15:08 ******开始【京东账号2】变速箱2019*********
Jun 15 01:15:08 
Jun 15 01:15:08 当前账号没有可领取的红包
Jun 15 01:15:08 当前账号没有可领取的红包
Jun 15 01:15:09 
Jun 15 01:15:09 🔔京喜阶梯红包, 结束! 🕛 8.44 秒
Jun 15 01:15:09 
Jun 15 01:15:09 
Jun 15 01:15:09 ******开始【京东账号2】变速箱2019*********
Jun 15 01:15:09 
Jun 15 01:15:09 当前账号没有可领取的红包
Jun 15 01:15:10 
Jun 15 01:15:10 🔔京喜阶梯红包, 结束! 🕛 9.594 秒
Jun 15 01:15:10 
