Jun 14 01:25:00 
Jun 14 01:25:00 🔔赢一加新品手机, 开始!
Jun 14 01:25:00 
Jun 14 01:25:00 🔔赢一加新品手机, 开始!
Jun 14 01:25:00 您的cookie选择的是用&隔开
Jun 14 01:25:00 
Jun 14 01:25:00 
Jun 14 01:25:00 ====================共有2个京东账号Cookie=========
Jun 14 01:25:00 
Jun 14 01:25:00 您的cookie选择的是用&隔开
Jun 14 01:25:00 
Jun 14 01:25:00 
Jun 14 01:25:00 ====================共有2个京东账号Cookie=========
Jun 14 01:25:00 
Jun 14 01:25:00 ==================脚本执行- 北京时间(UTC+8)：6/14/2021, 1:25:00 AM=====================
Jun 14 01:25:00 
Jun 14 01:25:00 ==================脚本执行- 北京时间(UTC+8)：6/14/2021, 1:25:00 AM=====================
Jun 14 01:25:00 
Jun 14 01:25:00 
Jun 14 01:25:00 ******开始【京东账号1】lman87*********
Jun 14 01:25:00 
Jun 14 01:25:00 
Jun 14 01:25:00 ******开始【京东账号1】lman87*********
Jun 14 01:25:00 
Jun 14 01:25:00 你好，匿名
Jun 14 01:25:00 上报访问信息，常规回复显示‘未能成功获取到数据’
Jun 14 01:25:00 未能成功获取到数据
Jun 14 01:25:00 你好，匿名
Jun 14 01:25:00 上报访问信息，常规回复显示‘未能成功获取到数据’
Jun 14 01:25:00 未能成功获取到数据
Jun 14 01:25:01 c87b0e27d72a4e8299b00586d314ecd9
Jun 14 01:25:01 
Jun 14 01:25:01 开启活动：赢一加新品手机
Jun 14 01:25:01 -------------------------
Jun 14 01:25:01 
Jun 14 01:25:01  -当前账户总加油值：2470
Jun 14 01:25:01  -当前账户可用加油值：170
Jun 14 01:25:01  -活动总加油值：134744790
Jun 14 01:25:01 
Jun 14 01:25:01 c87b0e27d72a4e8299b00586d314ecd9
Jun 14 01:25:01 
Jun 14 01:25:01 开启活动：赢一加新品手机
Jun 14 01:25:01 -------------------------
Jun 14 01:25:01 
Jun 14 01:25:01  -当前账户总加油值：2470
Jun 14 01:25:01  -当前账户可用加油值：170
Jun 14 01:25:01  -活动总加油值：134744790
Jun 14 01:25:01 
Jun 14 01:25:03 已完成今日关注店铺任务
Jun 14 01:25:03 已完成今日关注店铺任务
Jun 14 01:25:05 
Jun 14 01:25:05 去浏览 ->> 一加 9手机
Jun 14 01:25:05 
Jun 14 01:25:05 去浏览 ->> 一加 9手机
Jun 14 01:25:05  -完成任务，获得10加油值
Jun 14 01:25:05 {"result":false,"data":"","count":0,"errorMessage":"任务已完成！"}
Jun 14 01:25:07 
Jun 14 01:25:07 去浏览 ->> 一加 9 Pro手机
Jun 14 01:25:07 
Jun 14 01:25:07 去浏览 ->> 一加 9 Pro手机
Jun 14 01:25:07  -完成任务，获得10加油值
Jun 14 01:25:07 {"result":false,"data":"","count":0,"errorMessage":"任务已完成！"}
Jun 14 01:25:09 
Jun 14 01:25:09 去浏览 ->> 一加 9R手机
Jun 14 01:25:09 
Jun 14 01:25:09 去浏览 ->> 一加 9R手机
Jun 14 01:25:09  -完成任务，获得10加油值
Jun 14 01:25:09 {"result":false,"data":"","count":0,"errorMessage":"任务已完成！"}
Jun 14 01:25:11 
Jun 14 01:25:11 去浏览 ->> 一加手表
Jun 14 01:25:11 
Jun 14 01:25:11 去浏览 ->> 一加手表
Jun 14 01:25:11  -完成任务，获得10加油值
Jun 14 01:25:11 {"result":false,"data":"","count":0,"errorMessage":"任务已完成！"}
Jun 14 01:25:13 
Jun 14 01:25:13 去浏览 ->> 一加 8T手机
Jun 14 01:25:13 
Jun 14 01:25:13 去浏览 ->> 一加 8T手机
Jun 14 01:25:13  -完成任务，获得10加油值
Jun 14 01:25:14 {"result":false,"data":"","count":0,"errorMessage":"任务已完成！"}
Jun 14 01:25:16 
Jun 14 01:25:16 去浏览 ->> 一加 8手机
Jun 14 01:25:16 
Jun 14 01:25:16 去浏览 ->> 一加 8手机
Jun 14 01:25:16  -完成任务，获得10加油值
Jun 14 01:25:16 {"result":false,"data":"","count":0,"errorMessage":"任务已完成！"}
Jun 14 01:25:18 
Jun 14 01:25:18 去浏览 ->> 一加 8 Pro手机
Jun 14 01:25:18 
Jun 14 01:25:18 去浏览 ->> 一加 8 Pro手机
Jun 14 01:25:18  -完成任务，获得10加油值
Jun 14 01:25:18 {"result":false,"data":"","count":0,"errorMessage":"任务已完成！"}
Jun 14 01:25:20 
Jun 14 01:25:20 去浏览 ->> 一加9R攻略页
Jun 14 01:25:20 
Jun 14 01:25:20 去浏览 ->> 一加9R攻略页
Jun 14 01:25:20  -完成任务，获得20加油值
Jun 14 01:25:20 {"result":false,"data":"","count":0,"errorMessage":"任务已完成！"}
Jun 14 01:25:22 
Jun 14 01:25:22 去浏览 ->> 一加9攻略页
Jun 14 01:25:22 
Jun 14 01:25:22 去浏览 ->> 一加9攻略页
Jun 14 01:25:22  -完成任务，获得20加油值
Jun 14 01:25:22 {"result":false,"data":"","count":0,"errorMessage":"任务已完成！"}
Jun 14 01:25:24 
Jun 14 01:25:24 去浏览 ->> 一加会员页
Jun 14 01:25:24 
Jun 14 01:25:24 去浏览 ->> 一加会员页
Jun 14 01:25:24  -完成任务，获得20加油值
Jun 14 01:25:25 {"result":false,"data":"","count":0,"errorMessage":"任务已完成！"}
Jun 14 01:25:27 
Jun 14 01:25:27 去浏览 ->> 一加主活动页
Jun 14 01:25:27 
Jun 14 01:25:27 去浏览 ->> 一加主活动页
Jun 14 01:25:27  -完成任务，获得20加油值
Jun 14 01:25:27 {"result":false,"data":"","count":0,"errorMessage":"任务已完成！"}
Jun 14 01:25:29 根据用户设定，不执行加购任务
Jun 14 01:25:29 上报访问信息，常规回复显示‘未能成功获取到数据’
Jun 14 01:25:29 根据用户设定，不执行加购任务
Jun 14 01:25:29 上报访问信息，常规回复显示‘未能成功获取到数据’
Jun 14 01:25:29 未能成功获取到数据
Jun 14 01:25:29 未能成功获取到数据
Jun 14 01:25:29 
Jun 14 01:25:29  -当前账户总加油值：2620
Jun 14 01:25:29  -当前账户可用加油值：320
Jun 14 01:25:29  -活动总加油值：134746060
Jun 14 01:25:29 
Jun 14 01:25:29 当前可抽奖次数:6
Jun 14 01:25:29 去抽奖
Jun 14 01:25:29 
Jun 14 01:25:29  -当前账户总加油值：2620
Jun 14 01:25:29  -当前账户可用加油值：320
Jun 14 01:25:29  -活动总加油值：134746060
Jun 14 01:25:29 
Jun 14 01:25:29 当前可抽奖次数:6
Jun 14 01:25:29 去抽奖
Jun 14 01:25:30   -啥都没抽到
Jun 14 01:25:30   -啥都没抽到
Jun 14 01:25:32 去抽奖
Jun 14 01:25:32 去抽奖
Jun 14 01:25:32   -啥都没抽到
Jun 14 01:25:32   -啥都没抽到
Jun 14 01:25:34 去抽奖
Jun 14 01:25:34 去抽奖
Jun 14 01:25:34   -啥都没抽到
Jun 14 01:25:34   -啥都没抽到
Jun 14 01:25:36 去抽奖
Jun 14 01:25:36 去抽奖
Jun 14 01:25:36 {"result":false,"data":"","count":0,"errorMessage":"积极做任务，获得加油值哦~"}
Jun 14 01:25:36 {"result":false,"data":"","count":0,"errorMessage":"积极做任务，获得加油值哦~"}
Jun 14 01:25:38 去抽奖
Jun 14 01:25:38 去抽奖
Jun 14 01:25:38 {"result":false,"data":"","count":0,"errorMessage":"积极做任务，获得加油值哦~"}
Jun 14 01:25:38 {"result":false,"data":"","count":0,"errorMessage":"积极做任务，获得加油值哦~"}
Jun 14 01:25:40 去抽奖
Jun 14 01:25:40 去抽奖
Jun 14 01:25:40 {"result":false,"data":"","count":0,"errorMessage":"积极做任务，获得加油值哦~"}
Jun 14 01:25:40 {"result":false,"data":"","count":0,"errorMessage":"积极做任务，获得加油值哦~"}
Jun 14 01:25:42 
Jun 14 01:25:42 ******开始【京东账号2】变速箱2019*********
Jun 14 01:25:42 
Jun 14 01:25:42 
Jun 14 01:25:42 ******开始【京东账号2】变速箱2019*********
Jun 14 01:25:42 
Jun 14 01:25:43 你好，变速箱2019
Jun 14 01:25:43 上报访问信息，常规回复显示‘未能成功获取到数据’
Jun 14 01:25:43 你好，变速箱2019
Jun 14 01:25:43 上报访问信息，常规回复显示‘未能成功获取到数据’
Jun 14 01:25:43 未能成功获取到数据
Jun 14 01:25:43 未能成功获取到数据
Jun 14 01:25:43 352eb2682a6143aba42566513006e934
Jun 14 01:25:43 
Jun 14 01:25:43 开启活动：赢一加新品手机
Jun 14 01:25:43 -------------------------
Jun 14 01:25:43 
Jun 14 01:25:43  -当前账户总加油值：2510
Jun 14 01:25:43  -当前账户可用加油值：60
Jun 14 01:25:43  -活动总加油值：134746520
Jun 14 01:25:43 
Jun 14 01:25:43 352eb2682a6143aba42566513006e934
Jun 14 01:25:43 
Jun 14 01:25:43 开启活动：赢一加新品手机
Jun 14 01:25:43 -------------------------
Jun 14 01:25:43 
Jun 14 01:25:43  -当前账户总加油值：2510
Jun 14 01:25:43  -当前账户可用加油值：60
Jun 14 01:25:43  -活动总加油值：134746520
Jun 14 01:25:43 
Jun 14 01:25:45 已完成今日关注店铺任务
Jun 14 01:25:45 已完成今日关注店铺任务
Jun 14 01:25:47 
Jun 14 01:25:47 去浏览 ->> 一加 9手机
Jun 14 01:25:47 
Jun 14 01:25:47 去浏览 ->> 一加 9手机
Jun 14 01:25:47  -完成任务，获得10加油值
Jun 14 01:25:47 {"result":false,"data":"","count":0,"errorMessage":"任务已完成！"}
Jun 14 01:25:49 
Jun 14 01:25:49 去浏览 ->> 一加 9 Pro手机
Jun 14 01:25:49 
Jun 14 01:25:49 去浏览 ->> 一加 9 Pro手机
Jun 14 01:25:49  -完成任务，获得10加油值
Jun 14 01:25:49 {"result":false,"data":"","count":0,"errorMessage":"任务已完成！"}
Jun 14 01:25:51 
Jun 14 01:25:51 去浏览 ->> 一加 9R手机
Jun 14 01:25:51  -完成任务，获得10加油值
Jun 14 01:25:51 
Jun 14 01:25:51 去浏览 ->> 一加 9R手机
Jun 14 01:25:51 {"result":false,"data":"","count":0,"errorMessage":"任务已完成！"}
Jun 14 01:25:53 
Jun 14 01:25:53 去浏览 ->> 一加手表
Jun 14 01:25:53 
Jun 14 01:25:53 去浏览 ->> 一加手表
Jun 14 01:25:53  -完成任务，获得10加油值
Jun 14 01:25:54 {"result":false,"data":"","count":0,"errorMessage":"任务已完成！"}
Jun 14 01:25:56 
Jun 14 01:25:56 去浏览 ->> 一加 8T手机
Jun 14 01:25:56 
Jun 14 01:25:56 去浏览 ->> 一加 8T手机
Jun 14 01:25:56  -完成任务，获得10加油值
Jun 14 01:25:56 {"result":false,"data":"","count":0,"errorMessage":"任务已完成！"}
Jun 14 01:25:58 
Jun 14 01:25:58 去浏览 ->> 一加 8手机
Jun 14 01:25:58 
Jun 14 01:25:58 去浏览 ->> 一加 8手机
Jun 14 01:25:58  -完成任务，获得10加油值
Jun 14 01:25:58 {"result":false,"data":"","count":0,"errorMessage":"任务已完成！"}
Jun 14 01:26:00 
Jun 14 01:26:00 去浏览 ->> 一加 8 Pro手机
Jun 14 01:26:00 
Jun 14 01:26:00 去浏览 ->> 一加 8 Pro手机
Jun 14 01:26:00  -完成任务，获得10加油值
Jun 14 01:26:00 {"result":false,"data":"","count":0,"errorMessage":"任务已完成！"}
Jun 14 01:26:02 
Jun 14 01:26:02 去浏览 ->> 一加9R攻略页
Jun 14 01:26:02 
Jun 14 01:26:02 去浏览 ->> 一加9R攻略页
Jun 14 01:26:02  -完成任务，获得20加油值
Jun 14 01:26:02 {"result":false,"data":"","count":0,"errorMessage":"任务已完成！"}
Jun 14 01:26:04 
Jun 14 01:26:04 去浏览 ->> 一加9攻略页
Jun 14 01:26:04 
Jun 14 01:26:04 去浏览 ->> 一加9攻略页
Jun 14 01:26:04  -完成任务，获得20加油值
Jun 14 01:26:04 {"result":false,"data":"","count":0,"errorMessage":"任务已完成！"}
Jun 14 01:26:06 
Jun 14 01:26:06 去浏览 ->> 一加会员页
Jun 14 01:26:06 
Jun 14 01:26:06 去浏览 ->> 一加会员页
Jun 14 01:26:07  -完成任务，获得20加油值
Jun 14 01:26:07 {"result":false,"data":"","count":0,"errorMessage":"任务已完成！"}
Jun 14 01:26:09 
Jun 14 01:26:09 去浏览 ->> 一加主活动页
Jun 14 01:26:09  -完成任务，获得20加油值
Jun 14 01:26:09 
Jun 14 01:26:09 去浏览 ->> 一加主活动页
Jun 14 01:26:09 {"result":false,"data":"","count":0,"errorMessage":"任务已完成！"}
Jun 14 01:26:11 根据用户设定，不执行加购任务
Jun 14 01:26:11 上报访问信息，常规回复显示‘未能成功获取到数据’
Jun 14 01:26:11 根据用户设定，不执行加购任务
Jun 14 01:26:11 上报访问信息，常规回复显示‘未能成功获取到数据’
Jun 14 01:26:11 未能成功获取到数据
Jun 14 01:26:11 
Jun 14 01:26:11  -当前账户总加油值：2660
Jun 14 01:26:11  -当前账户可用加油值：210
Jun 14 01:26:11  -活动总加油值：134747990
Jun 14 01:26:11 
Jun 14 01:26:11 当前可抽奖次数:4
Jun 14 01:26:11 去抽奖
Jun 14 01:26:11 未能成功获取到数据
Jun 14 01:26:11   -啥都没抽到
Jun 14 01:26:12 
Jun 14 01:26:12  -当前账户总加油值：2660
Jun 14 01:26:12  -当前账户可用加油值：160
Jun 14 01:26:12  -活动总加油值：134747990
Jun 14 01:26:12 
Jun 14 01:26:12 当前可抽奖次数:3
Jun 14 01:26:12 去抽奖
Jun 14 01:26:12   -啥都没抽到
Jun 14 01:26:13 去抽奖
Jun 14 01:26:14   -啥都没抽到
Jun 14 01:26:14 去抽奖
Jun 14 01:26:14   -啥都没抽到
Jun 14 01:26:16 去抽奖
Jun 14 01:26:16 {"result":false,"data":"","count":0,"errorMessage":"积极做任务，获得加油值哦~"}
Jun 14 01:26:16 去抽奖
Jun 14 01:26:16 {"result":false,"data":"","count":0,"errorMessage":"积极做任务，获得加油值哦~"}
Jun 14 01:26:18 去抽奖
Jun 14 01:26:18 {"result":false,"data":"","count":0,"errorMessage":"积极做任务，获得加油值哦~"}
Jun 14 01:26:18 
Jun 14 01:26:18 🔔赢一加新品手机, 结束! 🕛 78.503 秒
Jun 14 01:26:18 
Jun 14 01:26:20 
Jun 14 01:26:20 🔔赢一加新品手机, 结束! 🕛 80.346 秒
Jun 14 01:26:20 
Jun 15 01:25:00 
Jun 15 01:25:00 🔔赢一加新品手机, 开始!
Jun 15 01:25:00 您的cookie选择的是用&隔开
Jun 15 01:25:00 
Jun 15 01:25:00 
Jun 15 01:25:00 ====================共有2个京东账号Cookie=========
Jun 15 01:25:00 
Jun 15 01:25:00 
Jun 15 01:25:00 🔔赢一加新品手机, 开始!
Jun 15 01:25:00 您的cookie选择的是用&隔开
Jun 15 01:25:00 
Jun 15 01:25:00 
Jun 15 01:25:00 ====================共有2个京东账号Cookie=========
Jun 15 01:25:00 
Jun 15 01:25:00 ==================脚本执行- 北京时间(UTC+8)：6/15/2021, 1:25:00 AM=====================
Jun 15 01:25:00 
Jun 15 01:25:00 ==================脚本执行- 北京时间(UTC+8)：6/15/2021, 1:25:00 AM=====================
Jun 15 01:25:00 
Jun 15 01:25:01 
Jun 15 01:25:01 ******开始【京东账号1】lman87*********
Jun 15 01:25:01 
Jun 15 01:25:01 
Jun 15 01:25:01 ******开始【京东账号1】lman87*********
Jun 15 01:25:01 
Jun 15 01:25:01 你好，匿名
Jun 15 01:25:01 上报访问信息，常规回复显示‘未能成功获取到数据’
Jun 15 01:25:01 你好，匿名
Jun 15 01:25:01 上报访问信息，常规回复显示‘未能成功获取到数据’
Jun 15 01:25:01 未能成功获取到数据
Jun 15 01:25:01 未能成功获取到数据
Jun 15 01:25:01 c87b0e27d72a4e8299b00586d314ecd9
Jun 15 01:25:01 
Jun 15 01:25:01 开启活动：赢一加新品手机
Jun 15 01:25:01 -------------------------
Jun 15 01:25:01 
Jun 15 01:25:01  -当前账户总加油值：2620
Jun 15 01:25:01  -当前账户可用加油值：20
Jun 15 01:25:01  -活动总加油值：139791900
Jun 15 01:25:01 
Jun 15 01:25:01 c87b0e27d72a4e8299b00586d314ecd9
Jun 15 01:25:01 
Jun 15 01:25:01 开启活动：赢一加新品手机
Jun 15 01:25:01 -------------------------
Jun 15 01:25:01 
Jun 15 01:25:01  -当前账户总加油值：2620
Jun 15 01:25:01  -当前账户可用加油值：20
Jun 15 01:25:01  -活动总加油值：139791900
Jun 15 01:25:01 
Jun 15 01:25:03 已完成今日关注店铺任务
Jun 15 01:25:03 已完成今日关注店铺任务
Jun 15 01:25:05 
Jun 15 01:25:05 去浏览 ->> 一加 9手机
Jun 15 01:25:05 
Jun 15 01:25:05 去浏览 ->> 一加 9手机
Jun 15 01:25:05  -完成任务，获得10加油值
Jun 15 01:25:05 {"result":false,"data":"","count":0,"errorMessage":"任务已完成！"}
Jun 15 01:25:07 
Jun 15 01:25:07 去浏览 ->> 一加 9 Pro手机
Jun 15 01:25:07 
Jun 15 01:25:07 去浏览 ->> 一加 9 Pro手机
Jun 15 01:25:08  -完成任务，获得10加油值
Jun 15 01:25:08 {"result":false,"data":"","count":0,"errorMessage":"任务已完成！"}
Jun 15 01:25:10 
Jun 15 01:25:10 去浏览 ->> 一加 9R手机
Jun 15 01:25:10  -完成任务，获得10加油值
Jun 15 01:25:10 
Jun 15 01:25:10 去浏览 ->> 一加 9R手机
Jun 15 01:25:10 {"result":false,"data":"","count":0,"errorMessage":"任务已完成！"}
Jun 15 01:25:12 
Jun 15 01:25:12 去浏览 ->> 一加手表
Jun 15 01:25:12 
Jun 15 01:25:12 去浏览 ->> 一加手表
Jun 15 01:25:12  -完成任务，获得10加油值
Jun 15 01:25:12 {"result":false,"data":"","count":0,"errorMessage":"任务已完成！"}
Jun 15 01:25:14 
Jun 15 01:25:14 去浏览 ->> 一加 8T手机
Jun 15 01:25:14 
Jun 15 01:25:14 去浏览 ->> 一加 8T手机
Jun 15 01:25:14  -完成任务，获得10加油值
Jun 15 01:25:14 {"result":false,"data":"","count":0,"errorMessage":"任务已完成！"}
Jun 15 01:25:16 
Jun 15 01:25:16 去浏览 ->> 一加 8手机
Jun 15 01:25:16 
Jun 15 01:25:16 去浏览 ->> 一加 8手机
Jun 15 01:25:16  -完成任务，获得10加油值
Jun 15 01:25:16 {"result":false,"data":"","count":0,"errorMessage":"任务已完成！"}
Jun 15 01:25:18 
Jun 15 01:25:18 去浏览 ->> 一加 8 Pro手机
Jun 15 01:25:18  -完成任务，获得10加油值
Jun 15 01:25:18 
Jun 15 01:25:18 去浏览 ->> 一加 8 Pro手机
Jun 15 01:25:18 {"result":false,"data":"","count":0,"errorMessage":"任务已完成！"}
Jun 15 01:25:20 
Jun 15 01:25:20 去浏览 ->> 一加9R攻略页
Jun 15 01:25:20 
Jun 15 01:25:20 去浏览 ->> 一加9R攻略页
Jun 15 01:25:20  -完成任务，获得20加油值
Jun 15 01:25:21 {"result":false,"data":"","count":0,"errorMessage":"任务已完成！"}
Jun 15 01:25:22 
Jun 15 01:25:22 去浏览 ->> 一加9攻略页
Jun 15 01:25:23 
Jun 15 01:25:23 去浏览 ->> 一加9攻略页
Jun 15 01:25:23  -完成任务，获得20加油值
Jun 15 01:25:23 {"result":false,"data":"","count":0,"errorMessage":"任务已完成！"}
Jun 15 01:25:25 
Jun 15 01:25:25 去浏览 ->> 一加会员页
Jun 15 01:25:25 
Jun 15 01:25:25 去浏览 ->> 一加会员页
Jun 15 01:25:25  -完成任务，获得20加油值
Jun 15 01:25:25 {"result":false,"data":"","count":0,"errorMessage":"任务已完成！"}
Jun 15 01:25:27 
Jun 15 01:25:27 去浏览 ->> 一加主活动页
Jun 15 01:25:27 
Jun 15 01:25:27 去浏览 ->> 一加主活动页
Jun 15 01:25:27  -完成任务，获得20加油值
Jun 15 01:25:27 {"result":false,"data":"","count":0,"errorMessage":"任务已完成！"}
Jun 15 01:25:29 根据用户设定，不执行加购任务
Jun 15 01:25:29 上报访问信息，常规回复显示‘未能成功获取到数据’
Jun 15 01:25:29 根据用户设定，不执行加购任务
Jun 15 01:25:29 上报访问信息，常规回复显示‘未能成功获取到数据’
Jun 15 01:25:29 未能成功获取到数据
Jun 15 01:25:29 未能成功获取到数据
Jun 15 01:25:30 
Jun 15 01:25:30  -当前账户总加油值：2770
Jun 15 01:25:30  -当前账户可用加油值：170
Jun 15 01:25:30  -活动总加油值：139793110
Jun 15 01:25:30 
Jun 15 01:25:30 当前可抽奖次数:3
Jun 15 01:25:30 去抽奖
Jun 15 01:25:30 
Jun 15 01:25:30  -当前账户总加油值：2770
Jun 15 01:25:30  -当前账户可用加油值：170
Jun 15 01:25:30  -活动总加油值：139793260
Jun 15 01:25:30 
Jun 15 01:25:30 当前可抽奖次数:3
Jun 15 01:25:30 去抽奖
Jun 15 01:25:30   -啥都没抽到
Jun 15 01:25:30   -啥都没抽到
Jun 15 01:25:32 去抽奖
Jun 15 01:25:32 去抽奖
Jun 15 01:25:32   -啥都没抽到
Jun 15 01:25:32 {"result":false,"data":"","count":0,"errorMessage":"积极做任务，获得加油值哦~"}
Jun 15 01:25:34 去抽奖
Jun 15 01:25:34 去抽奖
Jun 15 01:25:34 {"result":false,"data":"","count":0,"errorMessage":"积极做任务，获得加油值哦~"}
Jun 15 01:25:34 {"result":false,"data":"","count":0,"errorMessage":"积极做任务，获得加油值哦~"}
Jun 15 01:25:36 
Jun 15 01:25:36 ******开始【京东账号2】变速箱2019*********
Jun 15 01:25:36 
Jun 15 01:25:36 
Jun 15 01:25:36 ******开始【京东账号2】变速箱2019*********
Jun 15 01:25:36 
Jun 15 01:25:36 你好，变速箱2019
Jun 15 01:25:36 上报访问信息，常规回复显示‘未能成功获取到数据’
Jun 15 01:25:36 未能成功获取到数据
Jun 15 01:25:37 你好，变速箱2019
Jun 15 01:25:37 上报访问信息，常规回复显示‘未能成功获取到数据’
Jun 15 01:25:37 未能成功获取到数据
Jun 15 01:25:37 352eb2682a6143aba42566513006e934
Jun 15 01:25:37 
Jun 15 01:25:37 开启活动：赢一加新品手机
Jun 15 01:25:37 -------------------------
Jun 15 01:25:37 
Jun 15 01:25:37  -当前账户总加油值：2660
Jun 15 01:25:37  -当前账户可用加油值：10
Jun 15 01:25:37  -活动总加油值：139793420
Jun 15 01:25:37 
Jun 15 01:25:37 352eb2682a6143aba42566513006e934
Jun 15 01:25:37 
Jun 15 01:25:37 开启活动：赢一加新品手机
Jun 15 01:25:37 -------------------------
Jun 15 01:25:37 
Jun 15 01:25:37  -当前账户总加油值：2660
Jun 15 01:25:37  -当前账户可用加油值：10
Jun 15 01:25:37  -活动总加油值：139793420
Jun 15 01:25:37 
Jun 15 01:25:39 已完成今日关注店铺任务
Jun 15 01:25:39 已完成今日关注店铺任务
Jun 15 01:25:41 
Jun 15 01:25:41 去浏览 ->> 一加 9手机
Jun 15 01:25:41 
Jun 15 01:25:41 去浏览 ->> 一加 9手机
Jun 15 01:25:41  -完成任务，获得10加油值
Jun 15 01:25:41 {"result":false,"data":"","count":0,"errorMessage":"任务已完成！"}
Jun 15 01:25:43 
Jun 15 01:25:43 去浏览 ->> 一加 9 Pro手机
Jun 15 01:25:43 
Jun 15 01:25:43 去浏览 ->> 一加 9 Pro手机
Jun 15 01:25:43  -完成任务，获得10加油值
Jun 15 01:25:43 {"result":false,"data":"","count":0,"errorMessage":"任务已完成！"}
Jun 15 01:25:45 
Jun 15 01:25:45 去浏览 ->> 一加 9R手机
Jun 15 01:25:45 
Jun 15 01:25:45 去浏览 ->> 一加 9R手机
Jun 15 01:25:45  -完成任务，获得10加油值
Jun 15 01:25:45 {"result":false,"data":"","count":0,"errorMessage":"任务已完成！"}
Jun 15 01:25:47 
Jun 15 01:25:47 去浏览 ->> 一加手表
Jun 15 01:25:47 
Jun 15 01:25:47 去浏览 ->> 一加手表
Jun 15 01:25:47  -完成任务，获得10加油值
Jun 15 01:25:47 {"result":false,"data":"","count":0,"errorMessage":"任务已完成！"}
Jun 15 01:25:49 
Jun 15 01:25:49 去浏览 ->> 一加 8T手机
Jun 15 01:25:49 
Jun 15 01:25:49 去浏览 ->> 一加 8T手机
Jun 15 01:25:50  -完成任务，获得10加油值
Jun 15 01:25:50 {"result":false,"data":"","count":0,"errorMessage":"任务已完成！"}
Jun 15 01:25:52 
Jun 15 01:25:52 去浏览 ->> 一加 8手机
Jun 15 01:25:52 
Jun 15 01:25:52 去浏览 ->> 一加 8手机
Jun 15 01:25:52  -完成任务，获得10加油值
Jun 15 01:25:52 {"result":false,"data":"","count":0,"errorMessage":"任务已完成！"}
Jun 15 01:25:54 
Jun 15 01:25:54 去浏览 ->> 一加 8 Pro手机
Jun 15 01:25:54 
Jun 15 01:25:54 去浏览 ->> 一加 8 Pro手机
Jun 15 01:25:54  -完成任务，获得10加油值
Jun 15 01:25:54 {"result":false,"data":"","count":0,"errorMessage":"任务已完成！"}
Jun 15 01:25:56 
Jun 15 01:25:56 去浏览 ->> 一加9R攻略页
Jun 15 01:25:56 
Jun 15 01:25:56 去浏览 ->> 一加9R攻略页
Jun 15 01:25:56  -完成任务，获得20加油值
Jun 15 01:25:56 {"result":false,"data":"","count":0,"errorMessage":"任务已完成！"}
Jun 15 01:25:58 
Jun 15 01:25:58 去浏览 ->> 一加9攻略页
Jun 15 01:25:58  -完成任务，获得20加油值
Jun 15 01:25:58 
Jun 15 01:25:58 去浏览 ->> 一加9攻略页
Jun 15 01:25:58 {"result":false,"data":"","count":0,"errorMessage":"任务已完成！"}
Jun 15 01:26:00 
Jun 15 01:26:00 去浏览 ->> 一加会员页
Jun 15 01:26:00 
Jun 15 01:26:00 去浏览 ->> 一加会员页
Jun 15 01:26:00  -完成任务，获得20加油值
Jun 15 01:26:00 {"result":false,"data":"","count":0,"errorMessage":"任务已完成！"}
Jun 15 01:26:02 
Jun 15 01:26:02 去浏览 ->> 一加主活动页
Jun 15 01:26:02 
Jun 15 01:26:02 去浏览 ->> 一加主活动页
Jun 15 01:26:03  -完成任务，获得20加油值
Jun 15 01:26:03 {"result":false,"data":"","count":0,"errorMessage":"任务已完成！"}
Jun 15 01:26:05 根据用户设定，不执行加购任务
Jun 15 01:26:05 上报访问信息，常规回复显示‘未能成功获取到数据’
Jun 15 01:26:05 根据用户设定，不执行加购任务
Jun 15 01:26:05 上报访问信息，常规回复显示‘未能成功获取到数据’
Jun 15 01:26:05 未能成功获取到数据
Jun 15 01:26:05 未能成功获取到数据
Jun 15 01:26:05 
Jun 15 01:26:05  -当前账户总加油值：2810
Jun 15 01:26:05  -当前账户可用加油值：160
Jun 15 01:26:05  -活动总加油值：139794480
Jun 15 01:26:05 
Jun 15 01:26:05 当前可抽奖次数:3
Jun 15 01:26:05 去抽奖
Jun 15 01:26:05 
Jun 15 01:26:05  -当前账户总加油值：2810
Jun 15 01:26:05  -当前账户可用加油值：160
Jun 15 01:26:05  -活动总加油值：139794480
Jun 15 01:26:05 
Jun 15 01:26:05 当前可抽奖次数:3
Jun 15 01:26:05 去抽奖
Jun 15 01:26:05   -啥都没抽到
Jun 15 01:26:05   -啥都没抽到
Jun 15 01:26:07 去抽奖
Jun 15 01:26:07 去抽奖
Jun 15 01:26:07   -啥都没抽到
Jun 15 01:26:07 {"result":false,"data":"","count":0,"errorMessage":"积极做任务，获得加油值哦~"}
Jun 15 01:26:09 去抽奖
Jun 15 01:26:09 去抽奖
Jun 15 01:26:09 {"result":false,"data":"","count":0,"errorMessage":"积极做任务，获得加油值哦~"}
Jun 15 01:26:10 {"result":false,"data":"","count":0,"errorMessage":"积极做任务，获得加油值哦~"}
Jun 15 01:26:11 
Jun 15 01:26:11 🔔赢一加新品手机, 结束! 🕛 71.194 秒
Jun 15 01:26:11 
Jun 15 01:26:12 
Jun 15 01:26:12 🔔赢一加新品手机, 结束! 🕛 71.27 秒
Jun 15 01:26:12 
