Jun 14 01:15:00 
Jun 14 01:15:00 🔔京东超级盒子, 开始!
Jun 14 01:15:00 您的cookie选择的是用&隔开
Jun 14 01:15:00 
Jun 14 01:15:00 
Jun 14 01:15:00 ====================共有2个京东账号Cookie=========
Jun 14 01:15:00 
Jun 14 01:15:00 
Jun 14 01:15:00 🔔京东超级盒子, 开始!
Jun 14 01:15:00 您的cookie选择的是用&隔开
Jun 14 01:15:00 
Jun 14 01:15:00 
Jun 14 01:15:00 ====================共有2个京东账号Cookie=========
Jun 14 01:15:00 
Jun 14 01:15:00 ==================脚本执行- 北京时间(UTC+8)：6/14/2021, 1:15:00 AM=====================
Jun 14 01:15:00 
Jun 14 01:15:00 ==================脚本执行- 北京时间(UTC+8)：6/14/2021, 1:15:00 AM=====================
Jun 14 01:15:00 
Jun 14 01:15:00 
Jun 14 01:15:00 ******开始【京东账号1】lman87*********
Jun 14 01:15:00 
Jun 14 01:15:00 
Jun 14 01:15:00 ******开始【京东账号1】lman87*********
Jun 14 01:15:00 
Jun 14 01:15:00 当前可抽奖次数：1
Jun 14 01:15:00 去抽奖->
Jun 14 01:15:00 当前可抽奖次数：1
Jun 14 01:15:00 去抽奖->
Jun 14 01:15:00 获取锁失败
Jun 14 01:15:00  -啥都没有～
Jun 14 01:15:01 
Jun 14 01:15:01 获取任务列表成功
Jun 14 01:15:01 
Jun 14 01:15:01 浏览超级大牌店铺 -> 0/5
Jun 14 01:15:01 
Jun 14 01:15:01 获取任务列表成功
Jun 14 01:15:01 
Jun 14 01:15:01 浏览超级大牌店铺 -> 0/5
Jun 14 01:15:01   -完成任务
Jun 14 01:15:01   -完成任务
Jun 14 01:15:03 限流
Jun 14 01:15:03   -完成任务
Jun 14 01:15:05 限流
Jun 14 01:15:05   -完成任务
Jun 14 01:15:07   -完成任务
Jun 14 01:15:07 任务已完成
Jun 14 01:15:09 任务已完成
Jun 14 01:15:09 任务已完成
Jun 14 01:15:15 浏览超级重磅店铺 -> 0/5
Jun 14 01:15:15 浏览超级重磅店铺 -> 0/5
Jun 14 01:15:15 限流
Jun 14 01:15:15   -完成任务
Jun 14 01:15:17 限流
Jun 14 01:15:17   -完成任务
Jun 14 01:15:19 限流
Jun 14 01:15:19   -完成任务
Jun 14 01:15:21   -完成任务
Jun 14 01:15:21   -完成任务
Jun 14 01:15:23 限流
Jun 14 01:15:23 任务已完成
Jun 14 01:15:29 浏览超级福利店铺 -> 0/5
Jun 14 01:15:29 限流
Jun 14 01:15:29 浏览超级福利店铺 -> 0/5
Jun 14 01:15:29 限流
Jun 14 01:15:31 限流
Jun 14 01:15:31 限流
Jun 14 01:15:33 限流
Jun 14 01:15:33 限流
Jun 14 01:15:35   -完成任务
Jun 14 01:15:35 限流
Jun 14 01:15:37 限流
Jun 14 01:15:38   -完成任务
Jun 14 01:15:43 邀请好友 -> 0/2
Jun 14 01:15:44 邀请好友 -> 0/2
Jun 14 01:15:44 
Jun 14 01:15:44 ******开始【京东账号2】变速箱2019*********
Jun 14 01:15:44 
Jun 14 01:15:45 当前可抽奖次数：1
Jun 14 01:15:45 去抽奖->
Jun 14 01:15:45 
Jun 14 01:15:45 ******开始【京东账号2】变速箱2019*********
Jun 14 01:15:45 
Jun 14 01:15:45  -啥都没有～
Jun 14 01:15:45 
Jun 14 01:15:45 获取任务列表成功
Jun 14 01:15:45 
Jun 14 01:15:45 浏览超级大牌店铺 -> 0/5
Jun 14 01:15:45 限流
Jun 14 01:15:45 
Jun 14 01:15:45 获取任务列表成功
Jun 14 01:15:45 
Jun 14 01:15:45 浏览超级大牌店铺 -> 0/5
Jun 14 01:15:45   -完成任务
Jun 14 01:15:47 限流
Jun 14 01:15:47 限流
Jun 14 01:15:49   -完成任务
Jun 14 01:15:49   -完成任务
Jun 14 01:15:51 限流
Jun 14 01:15:51   -完成任务
Jun 14 01:15:53 限流
Jun 14 01:15:53 限流
Jun 14 01:15:59 浏览超级重磅店铺 -> 0/5
Jun 14 01:15:59 限流
Jun 14 01:15:59 浏览超级重磅店铺 -> 0/5
Jun 14 01:16:00   -完成任务
Jun 14 01:16:01   -完成任务
Jun 14 01:16:02   -完成任务
Jun 14 01:16:03 限流
Jun 14 01:16:04   -完成任务
Jun 14 01:16:05 限流
Jun 14 01:16:06 限流
Jun 14 01:16:07 限流
Jun 14 01:16:08   -完成任务
Jun 14 01:16:13 浏览超级福利店铺 -> 0/5
Jun 14 01:16:13   -完成任务
Jun 14 01:16:14 浏览超级福利店铺 -> 0/5
Jun 14 01:16:14 限流
Jun 14 01:16:15 限流
Jun 14 01:16:16 限流
Jun 14 01:16:17   -完成任务
Jun 14 01:16:18 限流
Jun 14 01:16:19 限流
Jun 14 01:16:20 限流
Jun 14 01:16:21   -完成任务
Jun 14 01:16:26 邀请好友 -> 0/2
Jun 14 01:16:27 
Jun 14 01:16:27 ******开始【京东账号1】lman87*********
Jun 14 01:16:27 
Jun 14 01:16:27 去助力【Yd7_GdIufQ2XQFjixqiM6g】
Jun 14 01:16:27 当前可抽奖次数：2
Jun 14 01:16:27 去抽奖->
Jun 14 01:16:27  -领取到优惠券 400减100 有效期截止：2021-06-20 23:59:59
Jun 14 01:16:27 邀请好友 -> 0/2
Jun 14 01:16:28  -啥都没有～
Jun 14 01:16:29 
Jun 14 01:16:29 ******开始【京东账号1】lman87*********
Jun 14 01:16:29 
Jun 14 01:16:29 去助力【Yd7_GdIufQ2XQFjixqiM6g】
Jun 14 01:16:29 去助力【7Yxi24Z6GoXDRCikw8_DiQ】
Jun 14 01:16:30 去助力【7Yxi24Z6GoXDRCikw8_DiQ】
Jun 14 01:16:30 
Jun 14 01:16:30 ******开始【京东账号2】变速箱2019*********
Jun 14 01:16:30 
Jun 14 01:16:30 去助力【Yd7_GdIufQ2XQFjixqiM6g】
Jun 14 01:16:30 当前可抽奖次数：2
Jun 14 01:16:30 去抽奖->
Jun 14 01:16:31  -啥都没有～
Jun 14 01:16:31 
Jun 14 01:16:31 ******开始【京东账号2】变速箱2019*********
Jun 14 01:16:31 
Jun 14 01:16:31 去助力【Yd7_GdIufQ2XQFjixqiM6g】
Jun 14 01:16:31 当前可抽奖次数：1
Jun 14 01:16:31 去抽奖->
Jun 14 01:16:31  -啥都没有～
Jun 14 01:16:31 没有抽奖次数
Jun 14 01:16:32 去助力【7Yxi24Z6GoXDRCikw8_DiQ】
Jun 14 01:16:33 去助力【7Yxi24Z6GoXDRCikw8_DiQ】
Jun 14 01:16:33 
Jun 14 01:16:33 🔔京东超级盒子, 结束! 🕛 93.738 秒
Jun 14 01:16:33 
Jun 14 01:16:34 
Jun 14 01:16:34 🔔京东超级盒子, 结束! 🕛 94.013 秒
Jun 14 01:16:34 
Jun 14 12:15:00 
Jun 14 12:15:00 🔔京东超级盒子, 开始!
Jun 14 12:15:00 您的cookie选择的是用&隔开
Jun 14 12:15:00 
Jun 14 12:15:00 
Jun 14 12:15:00 ====================共有2个京东账号Cookie=========
Jun 14 12:15:00 
Jun 14 12:15:00 ==================脚本执行- 北京时间(UTC+8)：6/14/2021, 12:15:00 PM=====================
Jun 14 12:15:00 
Jun 14 12:15:00 
Jun 14 12:15:00 🔔京东超级盒子, 开始!
Jun 14 12:15:00 您的cookie选择的是用&隔开
Jun 14 12:15:00 
Jun 14 12:15:00 
Jun 14 12:15:00 ====================共有2个京东账号Cookie=========
Jun 14 12:15:00 
Jun 14 12:15:00 ==================脚本执行- 北京时间(UTC+8)：6/14/2021, 12:15:00 PM=====================
Jun 14 12:15:00 
Jun 14 12:15:00 
Jun 14 12:15:00 ******开始【京东账号1】lman87*********
Jun 14 12:15:00 
Jun 14 12:15:00 
Jun 14 12:15:00 ******开始【京东账号1】lman87*********
Jun 14 12:15:00 
Jun 14 12:15:00 当前可抽奖次数：1
Jun 14 12:15:00 去抽奖->
Jun 14 12:15:00 
Jun 14 12:15:00 获取任务列表成功
Jun 14 12:15:00 
Jun 14 12:15:00 浏览超级大牌店铺 -> 已完成
Jun 14 12:15:00  -领取到优惠券 400减100 有效期截止：2021-06-20 23:59:59
Jun 14 12:15:01 
Jun 14 12:15:01 获取任务列表成功
Jun 14 12:15:01 
Jun 14 12:15:01 浏览超级大牌店铺 -> 已完成
Jun 14 12:15:01 浏览超级重磅店铺 -> 已完成
Jun 14 12:15:02 浏览超级重磅店铺 -> 已完成
Jun 14 12:15:02 浏览超级福利店铺 -> 2/5
Jun 14 12:15:02   -完成任务
Jun 14 12:15:03 浏览超级福利店铺 -> 2/5
Jun 14 12:15:03   -完成任务
Jun 14 12:15:04   -完成任务
Jun 14 12:15:05 任务已完成
Jun 14 12:15:06 任务已完成
Jun 14 12:15:11 邀请好友 -> 1/2
Jun 14 12:15:12 
Jun 14 12:15:12 ******开始【京东账号2】变速箱2019*********
Jun 14 12:15:12 
Jun 14 12:15:12 
Jun 14 12:15:12 获取任务列表成功
Jun 14 12:15:12 
Jun 14 12:15:12 浏览超级大牌店铺 -> 4/5
Jun 14 12:15:12   -完成任务
Jun 14 12:15:12 邀请好友 -> 1/2
Jun 14 12:15:13 
Jun 14 12:15:13 ******开始【京东账号2】变速箱2019*********
Jun 14 12:15:13 
Jun 14 12:15:13 当前可抽奖次数：1
Jun 14 12:15:13 去抽奖->
Jun 14 12:15:14  -领取到优惠券 400减100 有效期截止：2021-06-20 23:59:59
Jun 14 12:15:14 
Jun 14 12:15:14 获取任务列表成功
Jun 14 12:15:14 
Jun 14 12:15:14 浏览超级大牌店铺 -> 已完成
Jun 14 12:15:15 浏览超级重磅店铺 -> 已完成
Jun 14 12:15:16 浏览超级福利店铺 -> 3/5
Jun 14 12:15:16   -完成任务
Jun 14 12:15:18 浏览超级重磅店铺 -> 已完成
Jun 14 12:15:18   -完成任务
Jun 14 12:15:19 浏览超级福利店铺 -> 3/5
Jun 14 12:15:23 邀请好友 -> 1/2
Jun 14 12:15:24 
Jun 14 12:15:24 ******开始【京东账号1】lman87*********
Jun 14 12:15:24 
Jun 14 12:15:24 去助力【Yd7_GdIufQ2XQFjixqiM6g】
Jun 14 12:15:24 当前可抽奖次数：1
Jun 14 12:15:24 去抽奖->
Jun 14 12:15:24 邀请好友 -> 1/2
Jun 14 12:15:24  -啥都没有～
Jun 14 12:15:25  -啥都没有～
Jun 14 12:15:25 
Jun 14 12:15:25 ******开始【京东账号1】lman87*********
Jun 14 12:15:25 
Jun 14 12:15:25 去助力【Yd7_GdIufQ2XQFjixqiM6g】
Jun 14 12:15:26 去助力【7Yxi24Z6GoXDRCikw8_DiQ】
Jun 14 12:15:26 去助力【7Yxi24Z6GoXDRCikw8_DiQ】
Jun 14 12:15:27 
Jun 14 12:15:27 ******开始【京东账号2】变速箱2019*********
Jun 14 12:15:27 
Jun 14 12:15:27 去助力【Yd7_GdIufQ2XQFjixqiM6g】
Jun 14 12:15:27 当前可抽奖次数：1
Jun 14 12:15:27 去抽奖->
Jun 14 12:15:27  -啥都没有～
Jun 14 12:15:27 
Jun 14 12:15:27 ******开始【京东账号2】变速箱2019*********
Jun 14 12:15:27 
Jun 14 12:15:27 去助力【Yd7_GdIufQ2XQFjixqiM6g】
Jun 14 12:15:28  -啥都没有～
Jun 14 12:15:28 当日实物大奖已抽取
Jun 14 12:15:29 去助力【7Yxi24Z6GoXDRCikw8_DiQ】
Jun 14 12:15:29 去助力【7Yxi24Z6GoXDRCikw8_DiQ】
Jun 14 12:15:30 
Jun 14 12:15:30 🔔京东超级盒子, 结束! 🕛 30.015 秒
Jun 14 12:15:30 
Jun 14 12:15:30 
Jun 14 12:15:30 🔔京东超级盒子, 结束! 🕛 30.169 秒
Jun 14 12:15:30 
Jun 15 01:15:00 
Jun 15 01:15:00 🔔京东超级盒子, 开始!
Jun 15 01:15:00 您的cookie选择的是用&隔开
Jun 15 01:15:00 
Jun 15 01:15:00 
Jun 15 01:15:00 ====================共有2个京东账号Cookie=========
Jun 15 01:15:00 
Jun 15 01:15:00 ==================脚本执行- 北京时间(UTC+8)：6/15/2021, 1:15:00 AM=====================
Jun 15 01:15:00 
Jun 15 01:15:00 
Jun 15 01:15:00 🔔京东超级盒子, 开始!
Jun 15 01:15:00 您的cookie选择的是用&隔开
Jun 15 01:15:00 
Jun 15 01:15:00 
Jun 15 01:15:00 ====================共有2个京东账号Cookie=========
Jun 15 01:15:00 
Jun 15 01:15:00 ==================脚本执行- 北京时间(UTC+8)：6/15/2021, 1:15:00 AM=====================
Jun 15 01:15:00 
Jun 15 01:15:01 
Jun 15 01:15:01 ******开始【京东账号1】lman87*********
Jun 15 01:15:01 
Jun 15 01:15:01 
Jun 15 01:15:01 ******开始【京东账号1】lman87*********
Jun 15 01:15:01 
Jun 15 01:15:01 当前可抽奖次数：1
Jun 15 01:15:01 去抽奖->
Jun 15 01:15:01 当前可抽奖次数：1
Jun 15 01:15:01 去抽奖->
Jun 15 01:15:01 获取锁失败
Jun 15 01:15:01  -啥都没有～
Jun 15 01:15:01 
Jun 15 01:15:01Jun 15 01:15:01 获取任务列表成功
 
Jun 15 01:15:01 
Jun 15 01:15:01 获取任务列表成功
Jun 15 01:15:01 
Jun 15 01:15:01 浏览超级大牌店铺 -> 0/5
Jun 15 01:15:01 浏览超级大牌店铺 -> 0/5
Jun 15 01:15:01 限流
Jun 15 01:15:01 限流
Jun 15 01:15:03 限流
Jun 15 01:15:03   -完成任务
Jun 15 01:15:05 限流
Jun 15 01:15:05 限流
Jun 15 01:15:07 限流
Jun 15 01:15:07   -完成任务
Jun 15 01:15:09 限流
Jun 15 01:15:10   -完成任务
Jun 15 01:15:16 浏览超级重磅店铺 -> 0/5
Jun 15 01:15:16 浏览超级重磅店铺 -> 0/5
Jun 15 01:15:16 限流
Jun 15 01:15:16 限流
Jun 15 01:15:18 限流
Jun 15 01:15:18 限流
Jun 15 01:15:20 获取锁失败
Jun 15 01:15:20   -完成任务
Jun 15 01:15:22 限流
Jun 15 01:15:22   -完成任务
Jun 15 01:15:24 限流
Jun 15 01:15:24   -完成任务
Jun 15 01:15:30 浏览超级福利店铺 -> 0/5
Jun 15 01:15:30 浏览超级福利店铺 -> 0/5
Jun 15 01:15:30 限流
Jun 15 01:15:30 限流
Jun 15 01:15:32 限流
Jun 15 01:15:32   -完成任务
Jun 15 01:15:34   -完成任务
Jun 15 01:15:34   -完成任务
Jun 15 01:15:36   -完成任务
Jun 15 01:15:36   -完成任务
Jun 15 01:15:38 任务已完成
Jun 15 01:15:38 限流
Jun 15 01:15:44 邀请好友 -> 0/2
Jun 15 01:15:44 邀请好友 -> 0/2
Jun 15 01:15:45 
Jun 15 01:15:45 ******开始【京东账号2】变速箱2019*********
Jun 15 01:15:45 
Jun 15 01:15:45 当前可抽奖次数：1
Jun 15 01:15:45 去抽奖->
Jun 15 01:15:45 
Jun 15 01:15:45 ******开始【京东账号2】变速箱2019*********
Jun 15 01:15:45 
Jun 15 01:15:45  -啥都没有～
Jun 15 01:15:45 
Jun 15 01:15:45 获取任务列表成功
Jun 15 01:15:45 
Jun 15 01:15:45 浏览超级大牌店铺 -> 0/5
Jun 15 01:15:45   -完成任务
Jun 15 01:15:46 
Jun 15 01:15:46 获取任务列表成功
Jun 15 01:15:46 
Jun 15 01:15:46 浏览超级大牌店铺 -> 1/5
Jun 15 01:15:46 限流
Jun 15 01:15:47 限流
Jun 15 01:15:48   -完成任务
Jun 15 01:15:49 限流
Jun 15 01:15:50 限流
Jun 15 01:15:51 限流
Jun 15 01:15:52   -完成任务
Jun 15 01:15:54   -完成任务
Jun 15 01:15:58 浏览超级重磅店铺 -> 0/5
Jun 15 01:15:58 限流
Jun 15 01:16:00 浏览超级重磅店铺 -> 0/5
Jun 15 01:16:00 限流
Jun 15 01:16:00 限流
Jun 15 01:16:02   -完成任务
Jun 15 01:16:02   -完成任务
Jun 15 01:16:04   -完成任务
Jun 15 01:16:04 限流
Jun 15 01:16:06 限流
Jun 15 01:16:06   -完成任务
Jun 15 01:16:08 限流
Jun 15 01:16:12 浏览超级福利店铺 -> 0/5
Jun 15 01:16:12 限流
Jun 15 01:16:14 浏览超级福利店铺 -> 0/5
Jun 15 01:16:14 限流
Jun 15 01:16:14 限流
Jun 15 01:16:16   -完成任务
Jun 15 01:16:16 限流
Jun 15 01:16:18   -完成任务
Jun 15 01:16:18 限流
Jun 15 01:16:20 限流
Jun 15 01:16:20 限流
Jun 15 01:16:22 限流
Jun 15 01:16:26 邀请好友 -> 0/2
Jun 15 01:16:28 
Jun 15 01:16:28 ******开始【京东账号1】lman87*********
Jun 15 01:16:28 
Jun 15 01:16:28 去助力【Yd7_GdIufQ2XQFjixqiM6g】
Jun 15 01:16:28 当前可抽奖次数：1
Jun 15 01:16:28 去抽奖->
Jun 15 01:16:28  -啥都没有～
Jun 15 01:16:28 邀请好友 -> 0/2
Jun 15 01:16:29 
Jun 15 01:16:29 ******开始【京东账号1】lman87*********
Jun 15 01:16:29 
Jun 15 01:16:29 去助力【Yd7_GdIufQ2XQFjixqiM6g】
Jun 15 01:16:29 去助力【7Yxi24Z6GoXDRCikw8_DiQ】
Jun 15 01:16:30 去助力【7Yxi24Z6GoXDRCikw8_DiQ】
Jun 15 01:16:30 
Jun 15 01:16:30 ******开始【京东账号2】变速箱2019*********
Jun 15 01:16:30 
Jun 15 01:16:30 去助力【Yd7_GdIufQ2XQFjixqiM6g】
Jun 15 01:16:30 当前可抽奖次数：1
Jun 15 01:16:30 去抽奖->
Jun 15 01:16:30  -领取到优惠券 400减100 有效期截止：2021-06-20 23:59:59
Jun 15 01:16:31 
Jun 15 01:16:31 ******开始【京东账号2】变速箱2019*********
Jun 15 01:16:31 
Jun 15 01:16:31 去助力【Yd7_GdIufQ2XQFjixqiM6g】
Jun 15 01:16:32 去助力【7Yxi24Z6GoXDRCikw8_DiQ】
Jun 15 01:16:32 去助力【7Yxi24Z6GoXDRCikw8_DiQ】
Jun 15 01:16:33 
Jun 15 01:16:33 🔔京东超级盒子, 结束! 🕛 92.647 秒
Jun 15 01:16:33 
Jun 15 01:16:33 
Jun 15 01:16:33 🔔京东超级盒子, 结束! 🕛 93.085 秒
Jun 15 01:16:33 
Jun 15 12:15:00 
Jun 15 12:15:00 🔔京东超级盒子, 开始!
Jun 15 12:15:00 您的cookie选择的是用&隔开
Jun 15 12:15:00 
Jun 15 12:15:00 
Jun 15 12:15:00 ====================共有2个京东账号Cookie=========
Jun 15 12:15:00 
Jun 15 12:15:00 ==================脚本执行- 北京时间(UTC+8)：6/15/2021, 12:15:00 PM=====================
Jun 15 12:15:00 
Jun 15 12:15:00 
Jun 15 12:15:00 🔔京东超级盒子, 开始!
Jun 15 12:15:00 您的cookie选择的是用&隔开
Jun 15 12:15:00 
Jun 15 12:15:00 
Jun 15 12:15:00 ====================共有2个京东账号Cookie=========
Jun 15 12:15:00 
Jun 15 12:15:00 ==================脚本执行- 北京时间(UTC+8)：6/15/2021, 12:15:00 PM=====================
Jun 15 12:15:00 
Jun 15 12:15:01 
Jun 15 12:15:01 ******开始【京东账号1】lman87*********
Jun 15 12:15:01 
Jun 15 12:15:01 
Jun 15 12:15:01 ******开始【京东账号1】lman87*********
Jun 15 12:15:01 
Jun 15 12:15:01 当前可抽奖次数：1
Jun 15 12:15:01 去抽奖->
Jun 15 12:15:01 当前可抽奖次数：1
Jun 15 12:15:01 去抽奖->
Jun 15 12:15:01 获取锁失败
Jun 15 12:15:01  -领取到优惠券 400减100 有效期截止：2021-06-20 23:59:59
Jun 15 12:15:01 
Jun 15 12:15:01 获取任务列表成功
Jun 15 12:15:01 
Jun 15 12:15:01 浏览超级大牌店铺 -> 3/5
Jun 15 12:15:01 
Jun 15 12:15:01 获取任务列表成功
Jun 15 12:15:01 
Jun 15 12:15:01 浏览超级大牌店铺 -> 3/5
Jun 15 12:15:01   -完成任务
Jun 15 12:15:01   -完成任务
Jun 15 12:15:03 任务已完成
Jun 15 12:15:03 任务已完成
Jun 15 12:15:09 浏览超级重磅店铺 -> 3/5
Jun 15 12:15:09 浏览超级重磅店铺 -> 3/5
Jun 15 12:15:10   -完成任务
Jun 15 12:15:10   -完成任务
Jun 15 12:15:12 任务已完成
Jun 15 12:15:12 任务已完成
Jun 15 12:15:18 浏览超级福利店铺 -> 已完成
Jun 15 12:15:18 浏览超级福利店铺 -> 已完成
Jun 15 12:15:19 邀请好友 -> 1/2
Jun 15 12:15:19 邀请好友 -> 1/2
Jun 15 12:15:20 
Jun 15 12:15:20 ******开始【京东账号2】变速箱2019*********
Jun 15 12:15:20 
Jun 15 12:15:20 
Jun 15 12:15:20 ******开始【京东账号2】变速箱2019*********
Jun 15 12:15:20 
Jun 15 12:15:20 
Jun 15 12:15:20 获取任务列表成功
Jun 15 12:15:20 
Jun 15 12:15:20 浏览超级大牌店铺 -> 4/5
Jun 15 12:15:20 
Jun 15 12:15:20 获取任务列表成功
Jun 15 12:15:20 
Jun 15 12:15:20 浏览超级大牌店铺 -> 4/5
Jun 15 12:15:20   -完成任务
Jun 15 12:15:20 任务已完成
Jun 15 12:15:26 浏览超级重磅店铺 -> 4/5
Jun 15 12:15:26 浏览超级重磅店铺 -> 4/5
Jun 15 12:15:26   -完成任务
Jun 15 12:15:26 任务已完成
Jun 15 12:15:32 浏览超级福利店铺 -> 2/5
Jun 15 12:15:32 浏览超级福利店铺 -> 2/5
Jun 15 12:15:32 获取锁失败
Jun 15 12:15:32   -完成任务
Jun 15 12:15:34   -完成任务
Jun 15 12:15:34   -完成任务
Jun 15 12:15:36 任务已完成
Jun 15 12:15:36 任务已完成
Jun 15 12:15:42 邀请好友 -> 1/2
Jun 15 12:15:42 邀请好友 -> 1/2
Jun 15 12:15:43 
Jun 15 12:15:43 ******开始【京东账号1】lman87*********
Jun 15 12:15:43 
Jun 15 12:15:43 去助力【Yd7_GdIufQ2XQFjixqiM6g】
Jun 15 12:15:43 
Jun 15 12:15:43 ******开始【京东账号1】lman87*********
Jun 15 12:15:43 
Jun 15 12:15:43 去助力【Yd7_GdIufQ2XQFjixqiM6g】
Jun 15 12:15:43 当前可抽奖次数：2
Jun 15 12:15:43 去抽奖->
Jun 15 12:15:43 当前可抽奖次数：2
Jun 15 12:15:43 去抽奖->
Jun 15 12:15:43 获取锁失败
Jun 15 12:15:43  -领取到优惠券 400减100 有效期截止：2021-06-20 23:59:59
Jun 15 12:15:44 获取锁失败
Jun 15 12:15:44  -啥都没有～
Jun 15 12:15:44 获取锁失败
Jun 15 12:15:44  -啥都没有～
Jun 15 12:15:45 去助力【7Yxi24Z6GoXDRCikw8_DiQ】
Jun 15 12:15:45 去助力【7Yxi24Z6GoXDRCikw8_DiQ】
Jun 15 12:15:47 
Jun 15 12:15:47 ******开始【京东账号2】变速箱2019*********
Jun 15 12:15:47 
Jun 15 12:15:47 去助力【Yd7_GdIufQ2XQFjixqiM6g】
Jun 15 12:15:47 
Jun 15 12:15:47 ******开始【京东账号2】变速箱2019*********
Jun 15 12:15:47 
Jun 15 12:15:47 去助力【Yd7_GdIufQ2XQFjixqiM6g】
Jun 15 12:15:47 当前可抽奖次数：3
Jun 15 12:15:47 去抽奖->
Jun 15 12:15:47 当前可抽奖次数：3
Jun 15 12:15:47 去抽奖->
Jun 15 12:15:47 获取锁失败
Jun 15 12:15:47  -领取到优惠券 400减100 有效期截止：2021-06-20 23:59:59
Jun 15 12:15:47 获取锁失败
Jun 15 12:15:47  -领取到优惠券 400减100 有效期截止：2021-06-20 23:59:59
Jun 15 12:15:48 获取锁失败
Jun 15 12:15:48  -领取到优惠券 400减100 有效期截止：2021-06-20 23:59:59
Jun 15 12:15:48  -啥都没有～
Jun 15 12:15:48 当日实物大奖已抽取
Jun 15 12:15:49 去助力【7Yxi24Z6GoXDRCikw8_DiQ】
Jun 15 12:15:49 去助力【7Yxi24Z6GoXDRCikw8_DiQ】
Jun 15 12:15:50 
Jun 15 12:15:50 🔔京东超级盒子, 结束! 🕛 50.278 秒
Jun 15 12:15:50 
Jun 15 12:15:50 
Jun 15 12:15:50 🔔京东超级盒子, 结束! 🕛 50.366 秒
Jun 15 12:15:50 
