Jun 14 00:52:00 设定远程仓库地址...
Jun 14 00:52:00 git pull拉取最新代码...
Jun 14 00:52:01 git pull拉取shell最新代码...
Jun 14 00:52:01 HEAD is now at 82ec3e0 更新脚本
Jun 14 00:52:05 Already up to date.
Jun 14 00:52:05 Current branch master is up to date.
Jun 14 00:52:05 更新仓库代码成功✅
Jun 14 00:52:05 package.json无变化，跳过npm install...
Jun 14 00:52:05 -------------------------------------------------执行定时任务shell脚本--------------------------------------------------
Jun 14 00:52:05 定义定时任务合并处理用到的文件路径...
Jun 14 00:52:05 默认文件定时任务文件路径为 /scripts/docker/crontab_list.sh
Jun 14 00:52:05 合并后定时任务文件路径为 /scripts/docker/merged_list_file.sh
Jun 14 00:52:05 第1步将默认定时任务列表添加到合并后定时任务文件...
Jun 14 00:52:05 第2步判断是否存在自定义定时任务列表并追加...
Jun 14 00:52:05 您配置了自定义任务文件： crontab_list.sh ，自定义任务类型为： append
Jun 14 00:52:05 自定义任务文件为本地挂载。
Jun 14 00:52:05 合并默认定时任务文件： crontab_list.sh 和 自定义定时任务文件： crontab_list.sh
Jun 14 00:52:05 第3步判断是否配置了默认定时任务...
Jun 14 00:52:05 合并后的定时任务文件，未包含必须的默认定时任务，增加默认定时任务...
Jun 14 00:52:05 第4步判断是否配置自定义shell脚本...
Jun 14 00:52:05 未配置自定shell脚本文件，跳过执行。
Jun 14 00:52:05 第5步执行 proc_file.sh 脚本任务...
Jun 14 00:52:05 第6步判断是否配置了随即延迟参数...
Jun 14 00:52:05 第7步判断是否开启了自动互助...
Jun 14 00:52:05 已开启自动互助，设置互助参数中...
Jun 14 00:52:05 第8步判断是否配置了不运行的脚本...
Jun 14 00:52:05 第9步增加 |ts 任务日志输出时间戳...
Jun 14 00:52:05 第10步加载最新的定时任务文件...
Jun 14 00:52:05 第11步处理jd_crazy_joy_coin任务...
Jun 14 00:52:05 默认启用jd_crazy_joy_coin,杀掉jd_crazy_joy_coin任务，并重启
Jun 14 00:52:05 默认jd_crazy_joy_coin,重启完成
Jun 14 00:52:05 第12步将仓库的 docker_entrypoint.sh 脚本更新至系统 /usr/local/bin/docker_entrypoint.sh 内...
Jun 14 00:52:05 定时任务shell脚本执行成功✅
Jun 14 00:52:05 --------------------------------------------------默认定时任务执行完成---------------------------------------------------
Jun 14 00:52:05 默认定时任务执行结束。
Jun 14 00:52:05 
Jun 14 00:52:05 
Jun 14 00:52:05 
Jun 14 01:52:00 设定远程仓库地址...
Jun 14 01:52:00 git pull拉取最新代码...
Jun 14 01:52:00 git pull拉取shell最新代码...
Jun 14 01:52:00 HEAD is now at 82ec3e0 更新脚本
Jun 14 01:52:01 Already up to date.
Jun 14 01:52:01 Current branch master is up to date.
Jun 14 01:52:01 更新仓库代码成功✅
Jun 14 01:52:01 package.json无变化，跳过npm install...
Jun 14 01:52:01 -------------------------------------------------执行定时任务shell脚本--------------------------------------------------
Jun 14 01:52:01 定义定时任务合并处理用到的文件路径...
Jun 14 01:52:01 默认文件定时任务文件路径为 /scripts/docker/crontab_list.sh
Jun 14 01:52:01 合并后定时任务文件路径为 /scripts/docker/merged_list_file.sh
Jun 14 01:52:01 第1步将默认定时任务列表添加到合并后定时任务文件...
Jun 14 01:52:01 第2步判断是否存在自定义定时任务列表并追加...
Jun 14 01:52:01 您配置了自定义任务文件： crontab_list.sh ，自定义任务类型为： append
Jun 14 01:52:01 自定义任务文件为本地挂载。
Jun 14 01:52:01 合并默认定时任务文件： crontab_list.sh 和 自定义定时任务文件： crontab_list.sh
Jun 14 01:52:01 第3步判断是否配置了默认定时任务...
Jun 14 01:52:01 合并后的定时任务文件，未包含必须的默认定时任务，增加默认定时任务...
Jun 14 01:52:01 第4步判断是否配置自定义shell脚本...
Jun 14 01:52:01 未配置自定shell脚本文件，跳过执行。
Jun 14 01:52:01 第5步执行 proc_file.sh 脚本任务...
Jun 14 01:52:02 第6步判断是否配置了随即延迟参数...
Jun 14 01:52:02 第7步判断是否开启了自动互助...
Jun 14 01:52:02 已开启自动互助，设置互助参数中...
Jun 14 01:52:02 第8步判断是否配置了不运行的脚本...
Jun 14 01:52:02 第9步增加 |ts 任务日志输出时间戳...
Jun 14 01:52:02 第10步加载最新的定时任务文件...
Jun 14 01:52:02 第11步处理jd_crazy_joy_coin任务...
Jun 14 01:52:02 默认启用jd_crazy_joy_coin,杀掉jd_crazy_joy_coin任务，并重启
Jun 14 01:52:02 默认jd_crazy_joy_coin,重启完成
Jun 14 01:52:02 第12步将仓库的 docker_entrypoint.sh 脚本更新至系统 /usr/local/bin/docker_entrypoint.sh 内...
Jun 14 01:52:02 定时任务shell脚本执行成功✅
Jun 14 01:52:02 --------------------------------------------------默认定时任务执行完成---------------------------------------------------
Jun 14 01:52:02 默认定时任务执行结束。
Jun 14 01:52:02 
Jun 14 01:52:02 
Jun 14 01:52:02 
Jun 14 02:52:00 设定远程仓库地址...
Jun 14 02:52:00 git pull拉取最新代码...
Jun 14 02:52:00 git pull拉取shell最新代码...
Jun 14 02:52:00 HEAD is now at 82ec3e0 更新脚本
Jun 14 02:52:02 Already up to date.
Jun 14 02:52:02 Current branch master is up to date.
Jun 14 02:52:02 更新仓库代码成功✅
Jun 14 02:52:02 package.json无变化，跳过npm install...
Jun 14 02:52:02 -------------------------------------------------执行定时任务shell脚本--------------------------------------------------
Jun 14 02:52:02 定义定时任务合并处理用到的文件路径...
Jun 14 02:52:02 默认文件定时任务文件路径为 /scripts/docker/crontab_list.sh
Jun 14 02:52:02 合并后定时任务文件路径为 /scripts/docker/merged_list_file.sh
Jun 14 02:52:02 第1步将默认定时任务列表添加到合并后定时任务文件...
Jun 14 02:52:02 第2步判断是否存在自定义定时任务列表并追加...
Jun 14 02:52:02 您配置了自定义任务文件： crontab_list.sh ，自定义任务类型为： append
Jun 14 02:52:02 自定义任务文件为本地挂载。
Jun 14 02:52:02 合并默认定时任务文件： crontab_list.sh 和 自定义定时任务文件： crontab_list.sh
Jun 14 02:52:02 第3步判断是否配置了默认定时任务...
Jun 14 02:52:02 合并后的定时任务文件，未包含必须的默认定时任务，增加默认定时任务...
Jun 14 02:52:02 第4步判断是否配置自定义shell脚本...
Jun 14 02:52:02 未配置自定shell脚本文件，跳过执行。
Jun 14 02:52:02 第5步执行 proc_file.sh 脚本任务...
Jun 14 02:52:02 第6步判断是否配置了随即延迟参数...
Jun 14 02:52:02 第7步判断是否开启了自动互助...
Jun 14 02:52:02 已开启自动互助，设置互助参数中...
Jun 14 02:52:02 第8步判断是否配置了不运行的脚本...
Jun 14 02:52:02 第9步增加 |ts 任务日志输出时间戳...
Jun 14 02:52:02 第10步加载最新的定时任务文件...
Jun 14 02:52:02 第11步处理jd_crazy_joy_coin任务...
Jun 14 02:52:02 默认启用jd_crazy_joy_coin,杀掉jd_crazy_joy_coin任务，并重启
Jun 14 02:52:02 默认jd_crazy_joy_coin,重启完成
Jun 14 02:52:02 第12步将仓库的 docker_entrypoint.sh 脚本更新至系统 /usr/local/bin/docker_entrypoint.sh 内...
Jun 14 02:52:02 定时任务shell脚本执行成功✅
Jun 14 02:52:02 --------------------------------------------------默认定时任务执行完成---------------------------------------------------
Jun 14 02:52:02 默认定时任务执行结束。
Jun 14 02:52:02 
Jun 14 02:52:02 
Jun 14 02:52:02 
Jun 14 03:52:00 设定远程仓库地址...
Jun 14 03:52:00 git pull拉取最新代码...
Jun 14 03:52:00 git pull拉取shell最新代码...
Jun 14 03:52:00 HEAD is now at 82ec3e0 更新脚本
Jun 14 03:52:02 Already up to date.
Jun 14 03:52:02 Current branch master is up to date.
Jun 14 03:52:02 更新仓库代码成功✅
Jun 14 03:52:02 package.json无变化，跳过npm install...
Jun 14 03:52:02 -------------------------------------------------执行定时任务shell脚本--------------------------------------------------
Jun 14 03:52:02 定义定时任务合并处理用到的文件路径...
Jun 14 03:52:02 默认文件定时任务文件路径为 /scripts/docker/crontab_list.sh
Jun 14 03:52:02 合并后定时任务文件路径为 /scripts/docker/merged_list_file.sh
Jun 14 03:52:02 第1步将默认定时任务列表添加到合并后定时任务文件...
Jun 14 03:52:02 第2步判断是否存在自定义定时任务列表并追加...
Jun 14 03:52:02 您配置了自定义任务文件： crontab_list.sh ，自定义任务类型为： append
Jun 14 03:52:02 自定义任务文件为本地挂载。
Jun 14 03:52:02 合并默认定时任务文件： crontab_list.sh 和 自定义定时任务文件： crontab_list.sh
Jun 14 03:52:02 第3步判断是否配置了默认定时任务...
Jun 14 03:52:02 合并后的定时任务文件，未包含必须的默认定时任务，增加默认定时任务...
Jun 14 03:52:02 第4步判断是否配置自定义shell脚本...
Jun 14 03:52:02 未配置自定shell脚本文件，跳过执行。
Jun 14 03:52:02 第5步执行 proc_file.sh 脚本任务...
Jun 14 03:52:02 第6步判断是否配置了随即延迟参数...
Jun 14 03:52:02 第7步判断是否开启了自动互助...
Jun 14 03:52:02 已开启自动互助，设置互助参数中...
Jun 14 03:52:02 第8步判断是否配置了不运行的脚本...
Jun 14 03:52:02 第9步增加 |ts 任务日志输出时间戳...
Jun 14 03:52:02 第10步加载最新的定时任务文件...
Jun 14 03:52:02 第11步处理jd_crazy_joy_coin任务...
Jun 14 03:52:02 默认启用jd_crazy_joy_coin,杀掉jd_crazy_joy_coin任务，并重启
Jun 14 03:52:02 默认jd_crazy_joy_coin,重启完成
Jun 14 03:52:02 第12步将仓库的 docker_entrypoint.sh 脚本更新至系统 /usr/local/bin/docker_entrypoint.sh 内...
Jun 14 03:52:02 定时任务shell脚本执行成功✅
Jun 14 03:52:02 --------------------------------------------------默认定时任务执行完成---------------------------------------------------
Jun 14 03:52:02 默认定时任务执行结束。
Jun 14 03:52:02 
Jun 14 03:52:02 
Jun 14 03:52:02 
Jun 14 04:52:00 设定远程仓库地址...
Jun 14 04:52:00 git pull拉取最新代码...
Jun 14 04:52:00 git pull拉取shell最新代码...
Jun 14 04:52:00 HEAD is now at 82ec3e0 更新脚本
Jun 14 04:52:01 Already up to date.
Jun 14 04:52:01 Current branch master is up to date.
Jun 14 04:52:01 更新仓库代码成功✅
Jun 14 04:52:01 package.json无变化，跳过npm install...
Jun 14 04:52:01 -------------------------------------------------执行定时任务shell脚本--------------------------------------------------
Jun 14 04:52:01 定义定时任务合并处理用到的文件路径...
Jun 14 04:52:01 默认文件定时任务文件路径为 /scripts/docker/crontab_list.sh
Jun 14 04:52:01 合并后定时任务文件路径为 /scripts/docker/merged_list_file.sh
Jun 14 04:52:01 第1步将默认定时任务列表添加到合并后定时任务文件...
Jun 14 04:52:01 第2步判断是否存在自定义定时任务列表并追加...
Jun 14 04:52:01 您配置了自定义任务文件： crontab_list.sh ，自定义任务类型为： append
Jun 14 04:52:01 自定义任务文件为本地挂载。
Jun 14 04:52:01 合并默认定时任务文件： crontab_list.sh 和 自定义定时任务文件： crontab_list.sh
Jun 14 04:52:01 第3步判断是否配置了默认定时任务...
Jun 14 04:52:01 合并后的定时任务文件，未包含必须的默认定时任务，增加默认定时任务...
Jun 14 04:52:01 第4步判断是否配置自定义shell脚本...
Jun 14 04:52:01 未配置自定shell脚本文件，跳过执行。
Jun 14 04:52:01 第5步执行 proc_file.sh 脚本任务...
Jun 14 04:52:02 第6步判断是否配置了随即延迟参数...
Jun 14 04:52:02 第7步判断是否开启了自动互助...
Jun 14 04:52:02 已开启自动互助，设置互助参数中...
Jun 14 04:52:02 第8步判断是否配置了不运行的脚本...
Jun 14 04:52:02 第9步增加 |ts 任务日志输出时间戳...
Jun 14 04:52:02 第10步加载最新的定时任务文件...
Jun 14 04:52:02 第11步处理jd_crazy_joy_coin任务...
Jun 14 04:52:02 默认启用jd_crazy_joy_coin,杀掉jd_crazy_joy_coin任务，并重启
Jun 14 04:52:02 默认jd_crazy_joy_coin,重启完成
Jun 14 04:52:02 第12步将仓库的 docker_entrypoint.sh 脚本更新至系统 /usr/local/bin/docker_entrypoint.sh 内...
Jun 14 04:52:02 定时任务shell脚本执行成功✅
Jun 14 04:52:02 --------------------------------------------------默认定时任务执行完成---------------------------------------------------
Jun 14 04:52:02 默认定时任务执行结束。
Jun 14 04:52:02 
Jun 14 04:52:02 
Jun 14 04:52:02 
Jun 14 05:52:00 设定远程仓库地址...
Jun 14 05:52:00 git pull拉取最新代码...
Jun 14 05:52:00 git pull拉取shell最新代码...
Jun 14 05:52:00 HEAD is now at 82ec3e0 更新脚本
Jun 14 05:52:02 更新仓库代码出错❌，跳过
Jun 14 05:52:02 package.json无变化，跳过npm install...
Jun 14 05:52:02 -------------------------------------------------执行定时任务shell脚本--------------------------------------------------
Jun 14 05:52:02 定义定时任务合并处理用到的文件路径...
Jun 14 05:52:02 默认文件定时任务文件路径为 /scripts/docker/crontab_list.sh
Jun 14 05:52:02 合并后定时任务文件路径为 /scripts/docker/merged_list_file.sh
Jun 14 05:52:02 第1步将默认定时任务列表添加到合并后定时任务文件...
Jun 14 05:52:02 第2步判断是否存在自定义定时任务列表并追加...
Jun 14 05:52:02 您配置了自定义任务文件： crontab_list.sh ，自定义任务类型为： append
Jun 14 05:52:02 自定义任务文件为本地挂载。
Jun 14 05:52:02 合并默认定时任务文件： crontab_list.sh 和 自定义定时任务文件： crontab_list.sh
Jun 14 05:52:02 第3步判断是否配置了默认定时任务...
Jun 14 05:52:02 合并后的定时任务文件，未包含必须的默认定时任务，增加默认定时任务...
Jun 14 05:52:02 第4步判断是否配置自定义shell脚本...
Jun 14 05:52:02 未配置自定shell脚本文件，跳过执行。
Jun 14 05:52:02 第5步执行 proc_file.sh 脚本任务...
Jun 14 05:52:02 第6步判断是否配置了随即延迟参数...
Jun 14 05:52:02 第7步判断是否开启了自动互助...
Jun 14 05:52:02 已开启自动互助，设置互助参数中...
Jun 14 05:52:02 第8步判断是否配置了不运行的脚本...
Jun 14 05:52:02 第9步增加 |ts 任务日志输出时间戳...
Jun 14 05:52:02 第10步加载最新的定时任务文件...
Jun 14 05:52:02 第11步处理jd_crazy_joy_coin任务...
Jun 14 05:52:02 默认启用jd_crazy_joy_coin,杀掉jd_crazy_joy_coin任务，并重启
Jun 14 05:52:02 默认jd_crazy_joy_coin,重启完成
Jun 14 05:52:02 第12步将仓库的 docker_entrypoint.sh 脚本更新至系统 /usr/local/bin/docker_entrypoint.sh 内...
Jun 14 05:52:02 定时任务shell脚本执行成功✅
Jun 14 05:52:02 --------------------------------------------------默认定时任务执行完成---------------------------------------------------
Jun 14 05:52:02 默认定时任务执行结束。
Jun 14 05:52:02 
Jun 14 05:52:02 
Jun 14 05:52:02 
Jun 14 06:52:00 设定远程仓库地址...
Jun 14 06:52:00 git pull拉取最新代码...
Jun 14 06:52:00 git pull拉取shell最新代码...
Jun 14 06:52:00 HEAD is now at 82ec3e0 更新脚本
Jun 14 06:52:02 Already up to date.
Jun 14 06:52:02 Current branch master is up to date.
Jun 14 06:52:02 更新仓库代码成功✅
Jun 14 06:52:02 package.json无变化，跳过npm install...
Jun 14 06:52:02 -------------------------------------------------执行定时任务shell脚本--------------------------------------------------
Jun 14 06:52:02 定义定时任务合并处理用到的文件路径...
Jun 14 06:52:02 默认文件定时任务文件路径为 /scripts/docker/crontab_list.sh
Jun 14 06:52:02 合并后定时任务文件路径为 /scripts/docker/merged_list_file.sh
Jun 14 06:52:02 第1步将默认定时任务列表添加到合并后定时任务文件...
Jun 14 06:52:02 第2步判断是否存在自定义定时任务列表并追加...
Jun 14 06:52:02 您配置了自定义任务文件： crontab_list.sh ，自定义任务类型为： append
Jun 14 06:52:02 自定义任务文件为本地挂载。
Jun 14 06:52:02 合并默认定时任务文件： crontab_list.sh 和 自定义定时任务文件： crontab_list.sh
Jun 14 06:52:02 第3步判断是否配置了默认定时任务...
Jun 14 06:52:02 合并后的定时任务文件，未包含必须的默认定时任务，增加默认定时任务...
Jun 14 06:52:02 第4步判断是否配置自定义shell脚本...
Jun 14 06:52:02 未配置自定shell脚本文件，跳过执行。
Jun 14 06:52:02 第5步执行 proc_file.sh 脚本任务...
Jun 14 06:52:02 第6步判断是否配置了随即延迟参数...
Jun 14 06:52:02 第7步判断是否开启了自动互助...
Jun 14 06:52:02 已开启自动互助，设置互助参数中...
Jun 14 06:52:02 第8步判断是否配置了不运行的脚本...
Jun 14 06:52:02 第9步增加 |ts 任务日志输出时间戳...
Jun 14 06:52:02 第10步加载最新的定时任务文件...
Jun 14 06:52:02 第11步处理jd_crazy_joy_coin任务...
Jun 14 06:52:02 默认启用jd_crazy_joy_coin,杀掉jd_crazy_joy_coin任务，并重启
Jun 14 06:52:02 默认jd_crazy_joy_coin,重启完成
Jun 14 06:52:02 第12步将仓库的 docker_entrypoint.sh 脚本更新至系统 /usr/local/bin/docker_entrypoint.sh 内...
Jun 14 06:52:02 定时任务shell脚本执行成功✅
Jun 14 06:52:02 --------------------------------------------------默认定时任务执行完成---------------------------------------------------
Jun 14 06:52:02 默认定时任务执行结束。
Jun 14 06:52:02 
Jun 14 06:52:02 
Jun 14 06:52:02 
Jun 14 07:52:00 设定远程仓库地址...
Jun 14 07:52:00 git pull拉取最新代码...
Jun 14 07:52:00 git pull拉取shell最新代码...
Jun 14 07:52:00 HEAD is now at 82ec3e0 更新脚本
Jun 14 07:52:02 Already up to date.
Jun 14 07:52:02 Current branch master is up to date.
Jun 14 07:52:02 更新仓库代码成功✅
Jun 14 07:52:02 package.json无变化，跳过npm install...
Jun 14 07:52:02 -------------------------------------------------执行定时任务shell脚本--------------------------------------------------
Jun 14 07:52:02 定义定时任务合并处理用到的文件路径...
Jun 14 07:52:02 默认文件定时任务文件路径为 /scripts/docker/crontab_list.sh
Jun 14 07:52:02 合并后定时任务文件路径为 /scripts/docker/merged_list_file.sh
Jun 14 07:52:02 第1步将默认定时任务列表添加到合并后定时任务文件...
Jun 14 07:52:02 第2步判断是否存在自定义定时任务列表并追加...
Jun 14 07:52:02 您配置了自定义任务文件： crontab_list.sh ，自定义任务类型为： append
Jun 14 07:52:02 自定义任务文件为本地挂载。
Jun 14 07:52:02 合并默认定时任务文件： crontab_list.sh 和 自定义定时任务文件： crontab_list.sh
Jun 14 07:52:02 第3步判断是否配置了默认定时任务...
Jun 14 07:52:02 合并后的定时任务文件，未包含必须的默认定时任务，增加默认定时任务...
Jun 14 07:52:02 第4步判断是否配置自定义shell脚本...
Jun 14 07:52:02 未配置自定shell脚本文件，跳过执行。
Jun 14 07:52:02 第5步执行 proc_file.sh 脚本任务...
Jun 14 07:52:02 第6步判断是否配置了随即延迟参数...
Jun 14 07:52:02 第7步判断是否开启了自动互助...
Jun 14 07:52:02 已开启自动互助，设置互助参数中...
Jun 14 07:52:02 第8步判断是否配置了不运行的脚本...
Jun 14 07:52:02 第9步增加 |ts 任务日志输出时间戳...
Jun 14 07:52:02 第10步加载最新的定时任务文件...
Jun 14 07:52:02 第11步处理jd_crazy_joy_coin任务...
Jun 14 07:52:02 默认启用jd_crazy_joy_coin,杀掉jd_crazy_joy_coin任务，并重启
Jun 14 07:52:02 默认jd_crazy_joy_coin,重启完成
Jun 14 07:52:02 第12步将仓库的 docker_entrypoint.sh 脚本更新至系统 /usr/local/bin/docker_entrypoint.sh 内...
Jun 14 07:52:02 定时任务shell脚本执行成功✅
Jun 14 07:52:02 --------------------------------------------------默认定时任务执行完成---------------------------------------------------
Jun 14 07:52:02 默认定时任务执行结束。
Jun 14 07:52:02 
Jun 14 07:52:02 
Jun 14 07:52:02 
Jun 14 08:52:00 设定远程仓库地址...
Jun 14 08:52:00 git pull拉取最新代码...
Jun 14 08:52:00 git pull拉取shell最新代码...
Jun 14 08:52:00 HEAD is now at 82ec3e0 更新脚本
Jun 14 08:52:04 Already up to date.
Jun 14 08:52:04 Current branch master is up to date.
Jun 14 08:52:04 更新仓库代码成功✅
Jun 14 08:52:04 package.json无变化，跳过npm install...
Jun 14 08:52:04 -------------------------------------------------执行定时任务shell脚本--------------------------------------------------
Jun 14 08:52:04 定义定时任务合并处理用到的文件路径...
Jun 14 08:52:04 默认文件定时任务文件路径为 /scripts/docker/crontab_list.sh
Jun 14 08:52:04 合并后定时任务文件路径为 /scripts/docker/merged_list_file.sh
Jun 14 08:52:04 第1步将默认定时任务列表添加到合并后定时任务文件...
Jun 14 08:52:04 第2步判断是否存在自定义定时任务列表并追加...
Jun 14 08:52:04 您配置了自定义任务文件： crontab_list.sh ，自定义任务类型为： append
Jun 14 08:52:04 自定义任务文件为本地挂载。
Jun 14 08:52:04 合并默认定时任务文件： crontab_list.sh 和 自定义定时任务文件： crontab_list.sh
Jun 14 08:52:04 第3步判断是否配置了默认定时任务...
Jun 14 08:52:04 合并后的定时任务文件，未包含必须的默认定时任务，增加默认定时任务...
Jun 14 08:52:04 第4步判断是否配置自定义shell脚本...
Jun 14 08:52:04 未配置自定shell脚本文件，跳过执行。
Jun 14 08:52:04 第5步执行 proc_file.sh 脚本任务...
Jun 14 08:52:04 第6步判断是否配置了随即延迟参数...
Jun 14 08:52:04 第7步判断是否开启了自动互助...
Jun 14 08:52:04 已开启自动互助，设置互助参数中...
Jun 14 08:52:04 第8步判断是否配置了不运行的脚本...
Jun 14 08:52:04 第9步增加 |ts 任务日志输出时间戳...
Jun 14 08:52:04 第10步加载最新的定时任务文件...
Jun 14 08:52:04 第11步处理jd_crazy_joy_coin任务...
Jun 14 08:52:04 默认启用jd_crazy_joy_coin,杀掉jd_crazy_joy_coin任务，并重启
Jun 14 08:52:04 默认jd_crazy_joy_coin,重启完成
Jun 14 08:52:04 第12步将仓库的 docker_entrypoint.sh 脚本更新至系统 /usr/local/bin/docker_entrypoint.sh 内...
Jun 14 08:52:04 定时任务shell脚本执行成功✅
Jun 14 08:52:04 --------------------------------------------------默认定时任务执行完成---------------------------------------------------
Jun 14 08:52:04 默认定时任务执行结束。
Jun 14 08:52:04 
Jun 14 08:52:04 
Jun 14 08:52:04 
Jun 14 09:52:00 设定远程仓库地址...
Jun 14 09:52:00 git pull拉取最新代码...
Jun 14 09:52:00 git pull拉取shell最新代码...
Jun 14 09:52:00 HEAD is now at 82ec3e0 更新脚本
Jun 14 09:52:02 Already up to date.
Jun 14 09:52:02 Current branch master is up to date.
Jun 14 09:52:02 更新仓库代码成功✅
Jun 14 09:52:02 package.json无变化，跳过npm install...
Jun 14 09:52:02 -------------------------------------------------执行定时任务shell脚本--------------------------------------------------
Jun 14 09:52:02 定义定时任务合并处理用到的文件路径...
Jun 14 09:52:02 默认文件定时任务文件路径为 /scripts/docker/crontab_list.sh
Jun 14 09:52:02 合并后定时任务文件路径为 /scripts/docker/merged_list_file.sh
Jun 14 09:52:02 第1步将默认定时任务列表添加到合并后定时任务文件...
Jun 14 09:52:02 第2步判断是否存在自定义定时任务列表并追加...
Jun 14 09:52:02 您配置了自定义任务文件： crontab_list.sh ，自定义任务类型为： append
Jun 14 09:52:02 自定义任务文件为本地挂载。
Jun 14 09:52:02 合并默认定时任务文件： crontab_list.sh 和 自定义定时任务文件： crontab_list.sh
Jun 14 09:52:02 第3步判断是否配置了默认定时任务...
Jun 14 09:52:02 合并后的定时任务文件，未包含必须的默认定时任务，增加默认定时任务...
Jun 14 09:52:02 第4步判断是否配置自定义shell脚本...
Jun 14 09:52:02 未配置自定shell脚本文件，跳过执行。
Jun 14 09:52:02 第5步执行 proc_file.sh 脚本任务...
Jun 14 09:52:02 第6步判断是否配置了随即延迟参数...
Jun 14 09:52:02 第7步判断是否开启了自动互助...
Jun 14 09:52:02 已开启自动互助，设置互助参数中...
Jun 14 09:52:02 第8步判断是否配置了不运行的脚本...
Jun 14 09:52:02 第9步增加 |ts 任务日志输出时间戳...
Jun 14 09:52:02 第10步加载最新的定时任务文件...
Jun 14 09:52:02 第11步处理jd_crazy_joy_coin任务...
Jun 14 09:52:02 默认启用jd_crazy_joy_coin,杀掉jd_crazy_joy_coin任务，并重启
Jun 14 09:52:02 默认jd_crazy_joy_coin,重启完成
Jun 14 09:52:02 第12步将仓库的 docker_entrypoint.sh 脚本更新至系统 /usr/local/bin/docker_entrypoint.sh 内...
Jun 14 09:52:02 定时任务shell脚本执行成功✅
Jun 14 09:52:02 --------------------------------------------------默认定时任务执行完成---------------------------------------------------
Jun 14 09:52:02 默认定时任务执行结束。
Jun 14 09:52:02 
Jun 14 09:52:02 
Jun 14 09:52:02 
Jun 14 10:52:00 设定远程仓库地址...
Jun 14 10:52:00 git pull拉取最新代码...
Jun 14 10:52:00 git pull拉取shell最新代码...
Jun 14 10:52:00 HEAD is now at 82ec3e0 更新脚本
Jun 14 10:52:02 Already up to date.
Jun 14 10:52:02 Current branch master is up to date.
Jun 14 10:52:02 更新仓库代码成功✅
Jun 14 10:52:02 package.json无变化，跳过npm install...
Jun 14 10:52:02 -------------------------------------------------执行定时任务shell脚本--------------------------------------------------
Jun 14 10:52:02 定义定时任务合并处理用到的文件路径...
Jun 14 10:52:02 默认文件定时任务文件路径为 /scripts/docker/crontab_list.sh
Jun 14 10:52:02 合并后定时任务文件路径为 /scripts/docker/merged_list_file.sh
Jun 14 10:52:02 第1步将默认定时任务列表添加到合并后定时任务文件...
Jun 14 10:52:02 第2步判断是否存在自定义定时任务列表并追加...
Jun 14 10:52:02 您配置了自定义任务文件： crontab_list.sh ，自定义任务类型为： append
Jun 14 10:52:02 自定义任务文件为本地挂载。
Jun 14 10:52:02 合并默认定时任务文件： crontab_list.sh 和 自定义定时任务文件： crontab_list.sh
Jun 14 10:52:02 第3步判断是否配置了默认定时任务...
Jun 14 10:52:02 合并后的定时任务文件，未包含必须的默认定时任务，增加默认定时任务...
Jun 14 10:52:02 第4步判断是否配置自定义shell脚本...
Jun 14 10:52:02 未配置自定shell脚本文件，跳过执行。
Jun 14 10:52:02 第5步执行 proc_file.sh 脚本任务...
Jun 14 10:52:02 第6步判断是否配置了随即延迟参数...
Jun 14 10:52:02 第7步判断是否开启了自动互助...
Jun 14 10:52:02 已开启自动互助，设置互助参数中...
Jun 14 10:52:02 第8步判断是否配置了不运行的脚本...
Jun 14 10:52:02 第9步增加 |ts 任务日志输出时间戳...
Jun 14 10:52:02 第10步加载最新的定时任务文件...
Jun 14 10:52:02 第11步处理jd_crazy_joy_coin任务...
Jun 14 10:52:02 默认启用jd_crazy_joy_coin,杀掉jd_crazy_joy_coin任务，并重启
Jun 14 10:52:02 默认jd_crazy_joy_coin,重启完成
Jun 14 10:52:02 第12步将仓库的 docker_entrypoint.sh 脚本更新至系统 /usr/local/bin/docker_entrypoint.sh 内...
Jun 14 10:52:02 定时任务shell脚本执行成功✅
Jun 14 10:52:02 --------------------------------------------------默认定时任务执行完成---------------------------------------------------
Jun 14 10:52:02 默认定时任务执行结束。
Jun 14 10:52:02 
Jun 14 10:52:02 
Jun 14 10:52:02 
Jun 14 11:52:00 设定远程仓库地址...
Jun 14 11:52:00 git pull拉取最新代码...
Jun 14 11:52:00 git pull拉取shell最新代码...
Jun 14 11:52:00 HEAD is now at 82ec3e0 更新脚本
Jun 14 11:52:03 Already up to date.
Jun 14 11:52:03 Current branch master is up to date.
Jun 14 11:52:03 更新仓库代码成功✅
Jun 14 11:52:03 package.json无变化，跳过npm install...
Jun 14 11:52:03 -------------------------------------------------执行定时任务shell脚本--------------------------------------------------
Jun 14 11:52:03 定义定时任务合并处理用到的文件路径...
Jun 14 11:52:03 默认文件定时任务文件路径为 /scripts/docker/crontab_list.sh
Jun 14 11:52:03 合并后定时任务文件路径为 /scripts/docker/merged_list_file.sh
Jun 14 11:52:03 第1步将默认定时任务列表添加到合并后定时任务文件...
Jun 14 11:52:03 第2步判断是否存在自定义定时任务列表并追加...
Jun 14 11:52:03 您配置了自定义任务文件： crontab_list.sh ，自定义任务类型为： append
Jun 14 11:52:03 自定义任务文件为本地挂载。
Jun 14 11:52:03 合并默认定时任务文件： crontab_list.sh 和 自定义定时任务文件： crontab_list.sh
Jun 14 11:52:03 第3步判断是否配置了默认定时任务...
Jun 14 11:52:03 合并后的定时任务文件，未包含必须的默认定时任务，增加默认定时任务...
Jun 14 11:52:03 第4步判断是否配置自定义shell脚本...
Jun 14 11:52:03 未配置自定shell脚本文件，跳过执行。
Jun 14 11:52:03 第5步执行 proc_file.sh 脚本任务...
Jun 14 11:52:04 第6步判断是否配置了随即延迟参数...
Jun 14 11:52:04 第7步判断是否开启了自动互助...
Jun 14 11:52:04 已开启自动互助，设置互助参数中...
Jun 14 11:52:04 第8步判断是否配置了不运行的脚本...
Jun 14 11:52:04 第9步增加 |ts 任务日志输出时间戳...
Jun 14 11:52:04 第10步加载最新的定时任务文件...
Jun 14 11:52:04 第11步处理jd_crazy_joy_coin任务...
Jun 14 11:52:04 默认启用jd_crazy_joy_coin,杀掉jd_crazy_joy_coin任务，并重启
Jun 14 11:52:04 默认jd_crazy_joy_coin,重启完成
Jun 14 11:52:04 第12步将仓库的 docker_entrypoint.sh 脚本更新至系统 /usr/local/bin/docker_entrypoint.sh 内...
Jun 14 11:52:04 定时任务shell脚本执行成功✅
Jun 14 11:52:04 --------------------------------------------------默认定时任务执行完成---------------------------------------------------
Jun 14 11:52:04 默认定时任务执行结束。
Jun 14 11:52:04 
Jun 14 11:52:04 
Jun 14 11:52:04 
Jun 14 12:52:00 设定远程仓库地址...
Jun 14 12:52:00 git pull拉取最新代码...
Jun 14 12:52:00 git pull拉取shell最新代码...
Jun 14 12:52:00 HEAD is now at 82ec3e0 更新脚本
Jun 14 12:52:02 Already up to date.
Jun 14 12:52:02 Current branch master is up to date.
Jun 14 12:52:02 更新仓库代码成功✅
Jun 14 12:52:02 package.json无变化，跳过npm install...
Jun 14 12:52:02 -------------------------------------------------执行定时任务shell脚本--------------------------------------------------
Jun 14 12:52:02 定义定时任务合并处理用到的文件路径...
Jun 14 12:52:02 默认文件定时任务文件路径为 /scripts/docker/crontab_list.sh
Jun 14 12:52:02 合并后定时任务文件路径为 /scripts/docker/merged_list_file.sh
Jun 14 12:52:02 第1步将默认定时任务列表添加到合并后定时任务文件...
Jun 14 12:52:02 第2步判断是否存在自定义定时任务列表并追加...
Jun 14 12:52:02 您配置了自定义任务文件： crontab_list.sh ，自定义任务类型为： append
Jun 14 12:52:02 自定义任务文件为本地挂载。
Jun 14 12:52:02 合并默认定时任务文件： crontab_list.sh 和 自定义定时任务文件： crontab_list.sh
Jun 14 12:52:02 第3步判断是否配置了默认定时任务...
Jun 14 12:52:02 合并后的定时任务文件，未包含必须的默认定时任务，增加默认定时任务...
Jun 14 12:52:02 第4步判断是否配置自定义shell脚本...
Jun 14 12:52:02 未配置自定shell脚本文件，跳过执行。
Jun 14 12:52:02 第5步执行 proc_file.sh 脚本任务...
Jun 14 12:52:02 第6步判断是否配置了随即延迟参数...
Jun 14 12:52:02 第7步判断是否开启了自动互助...
Jun 14 12:52:02 已开启自动互助，设置互助参数中...
Jun 14 12:52:02 第8步判断是否配置了不运行的脚本...
Jun 14 12:52:02 第9步增加 |ts 任务日志输出时间戳...
Jun 14 12:52:02 第10步加载最新的定时任务文件...
Jun 14 12:52:02 第11步处理jd_crazy_joy_coin任务...
Jun 14 12:52:02 默认启用jd_crazy_joy_coin,杀掉jd_crazy_joy_coin任务，并重启
Jun 14 12:52:02 默认jd_crazy_joy_coin,重启完成
Jun 14 12:52:02 第12步将仓库的 docker_entrypoint.sh 脚本更新至系统 /usr/local/bin/docker_entrypoint.sh 内...
Jun 14 12:52:02 定时任务shell脚本执行成功✅
Jun 14 12:52:02 --------------------------------------------------默认定时任务执行完成---------------------------------------------------
Jun 14 12:52:02 默认定时任务执行结束。
Jun 14 12:52:02 
Jun 14 12:52:02 
Jun 14 12:52:02 
Jun 14 13:52:00 设定远程仓库地址...
Jun 14 13:52:00 git pull拉取最新代码...
Jun 14 13:52:00 git pull拉取shell最新代码...
Jun 14 13:52:00 HEAD is now at 82ec3e0 更新脚本
Jun 14 13:52:03 Already up to date.
Jun 14 13:52:03 Current branch master is up to date.
Jun 14 13:52:03 更新仓库代码成功✅
Jun 14 13:52:03 package.json无变化，跳过npm install...
Jun 14 13:52:03 -------------------------------------------------执行定时任务shell脚本--------------------------------------------------
Jun 14 13:52:03 定义定时任务合并处理用到的文件路径...
Jun 14 13:52:03 默认文件定时任务文件路径为 /scripts/docker/crontab_list.sh
Jun 14 13:52:03 合并后定时任务文件路径为 /scripts/docker/merged_list_file.sh
Jun 14 13:52:03 第1步将默认定时任务列表添加到合并后定时任务文件...
Jun 14 13:52:03 第2步判断是否存在自定义定时任务列表并追加...
Jun 14 13:52:03 您配置了自定义任务文件： crontab_list.sh ，自定义任务类型为： append
Jun 14 13:52:03 自定义任务文件为本地挂载。
Jun 14 13:52:03 合并默认定时任务文件： crontab_list.sh 和 自定义定时任务文件： crontab_list.sh
Jun 14 13:52:03 第3步判断是否配置了默认定时任务...
Jun 14 13:52:03 合并后的定时任务文件，未包含必须的默认定时任务，增加默认定时任务...
Jun 14 13:52:03 第4步判断是否配置自定义shell脚本...
Jun 14 13:52:03 未配置自定shell脚本文件，跳过执行。
Jun 14 13:52:03 第5步执行 proc_file.sh 脚本任务...
Jun 14 13:52:03 第6步判断是否配置了随即延迟参数...
Jun 14 13:52:03 第7步判断是否开启了自动互助...
Jun 14 13:52:03 已开启自动互助，设置互助参数中...
Jun 14 13:52:03 第8步判断是否配置了不运行的脚本...
Jun 14 13:52:03 第9步增加 |ts 任务日志输出时间戳...
Jun 14 13:52:03 第10步加载最新的定时任务文件...
Jun 14 13:52:03 第11步处理jd_crazy_joy_coin任务...
Jun 14 13:52:03 默认启用jd_crazy_joy_coin,杀掉jd_crazy_joy_coin任务，并重启
Jun 14 13:52:03 默认jd_crazy_joy_coin,重启完成
Jun 14 13:52:03 第12步将仓库的 docker_entrypoint.sh 脚本更新至系统 /usr/local/bin/docker_entrypoint.sh 内...
Jun 14 13:52:03 定时任务shell脚本执行成功✅
Jun 14 13:52:03 --------------------------------------------------默认定时任务执行完成---------------------------------------------------
Jun 14 13:52:03 默认定时任务执行结束。
Jun 14 13:52:03 
Jun 14 13:52:03 
Jun 14 13:52:03 
Jun 14 14:52:00 设定远程仓库地址...
Jun 14 14:52:00 git pull拉取最新代码...
Jun 14 14:52:00 git pull拉取shell最新代码...
Jun 14 14:52:00 HEAD is now at 82ec3e0 更新脚本
Jun 14 14:52:02 Already up to date.
Jun 14 14:52:02 Current branch master is up to date.
Jun 14 14:52:02 更新仓库代码成功✅
Jun 14 14:52:02 package.json无变化，跳过npm install...
Jun 14 14:52:02 -------------------------------------------------执行定时任务shell脚本--------------------------------------------------
Jun 14 14:52:02 定义定时任务合并处理用到的文件路径...
Jun 14 14:52:02 默认文件定时任务文件路径为 /scripts/docker/crontab_list.sh
Jun 14 14:52:02 合并后定时任务文件路径为 /scripts/docker/merged_list_file.sh
Jun 14 14:52:02 第1步将默认定时任务列表添加到合并后定时任务文件...
Jun 14 14:52:02 第2步判断是否存在自定义定时任务列表并追加...
Jun 14 14:52:02 您配置了自定义任务文件： crontab_list.sh ，自定义任务类型为： append
Jun 14 14:52:02 自定义任务文件为本地挂载。
Jun 14 14:52:02 合并默认定时任务文件： crontab_list.sh 和 自定义定时任务文件： crontab_list.sh
Jun 14 14:52:02 第3步判断是否配置了默认定时任务...
Jun 14 14:52:02 合并后的定时任务文件，未包含必须的默认定时任务，增加默认定时任务...
Jun 14 14:52:02 第4步判断是否配置自定义shell脚本...
Jun 14 14:52:02 未配置自定shell脚本文件，跳过执行。
Jun 14 14:52:02 第5步执行 proc_file.sh 脚本任务...
Jun 14 14:52:02 第6步判断是否配置了随即延迟参数...
Jun 14 14:52:02 第7步判断是否开启了自动互助...
Jun 14 14:52:02 已开启自动互助，设置互助参数中...
Jun 14 14:52:02 第8步判断是否配置了不运行的脚本...
Jun 14 14:52:02 第9步增加 |ts 任务日志输出时间戳...
Jun 14 14:52:02 第10步加载最新的定时任务文件...
Jun 14 14:52:02 第11步处理jd_crazy_joy_coin任务...
Jun 14 14:52:02 默认启用jd_crazy_joy_coin,杀掉jd_crazy_joy_coin任务，并重启
Jun 14 14:52:02 默认jd_crazy_joy_coin,重启完成
Jun 14 14:52:02 第12步将仓库的 docker_entrypoint.sh 脚本更新至系统 /usr/local/bin/docker_entrypoint.sh 内...
Jun 14 14:52:02 定时任务shell脚本执行成功✅
Jun 14 14:52:02 --------------------------------------------------默认定时任务执行完成---------------------------------------------------
Jun 14 14:52:02 默认定时任务执行结束。
Jun 14 14:52:02 
Jun 14 14:52:02 
Jun 14 14:52:02 
Jun 14 15:52:00 设定远程仓库地址...
Jun 14 15:52:00 git pull拉取最新代码...
Jun 14 15:52:00 git pull拉取shell最新代码...
Jun 14 15:52:00 HEAD is now at 82ec3e0 更新脚本
Jun 14 15:52:04 Already up to date.
Jun 14 15:52:04 Current branch master is up to date.
Jun 14 15:52:04 更新仓库代码成功✅
Jun 14 15:52:04 package.json无变化，跳过npm install...
Jun 14 15:52:04 -------------------------------------------------执行定时任务shell脚本--------------------------------------------------
Jun 14 15:52:04 定义定时任务合并处理用到的文件路径...
Jun 14 15:52:04 默认文件定时任务文件路径为 /scripts/docker/crontab_list.sh
Jun 14 15:52:04 合并后定时任务文件路径为 /scripts/docker/merged_list_file.sh
Jun 14 15:52:04 第1步将默认定时任务列表添加到合并后定时任务文件...
Jun 14 15:52:04 第2步判断是否存在自定义定时任务列表并追加...
Jun 14 15:52:04 您配置了自定义任务文件： crontab_list.sh ，自定义任务类型为： append
Jun 14 15:52:04 自定义任务文件为本地挂载。
Jun 14 15:52:04 合并默认定时任务文件： crontab_list.sh 和 自定义定时任务文件： crontab_list.sh
Jun 14 15:52:04 第3步判断是否配置了默认定时任务...
Jun 14 15:52:04 合并后的定时任务文件，未包含必须的默认定时任务，增加默认定时任务...
Jun 14 15:52:04 第4步判断是否配置自定义shell脚本...
Jun 14 15:52:04 未配置自定shell脚本文件，跳过执行。
Jun 14 15:52:04 第5步执行 proc_file.sh 脚本任务...
Jun 14 15:52:04 第6步判断是否配置了随即延迟参数...
Jun 14 15:52:04 第7步判断是否开启了自动互助...
Jun 14 15:52:04 已开启自动互助，设置互助参数中...
Jun 14 15:52:04 第8步判断是否配置了不运行的脚本...
Jun 14 15:52:04 第9步增加 |ts 任务日志输出时间戳...
Jun 14 15:52:04 第10步加载最新的定时任务文件...
Jun 14 15:52:04 第11步处理jd_crazy_joy_coin任务...
Jun 14 15:52:04 默认启用jd_crazy_joy_coin,杀掉jd_crazy_joy_coin任务，并重启
Jun 14 15:52:04 默认jd_crazy_joy_coin,重启完成
Jun 14 15:52:04 第12步将仓库的 docker_entrypoint.sh 脚本更新至系统 /usr/local/bin/docker_entrypoint.sh 内...
Jun 14 15:52:04 定时任务shell脚本执行成功✅
Jun 14 15:52:04 --------------------------------------------------默认定时任务执行完成---------------------------------------------------
Jun 14 15:52:04 默认定时任务执行结束。
Jun 14 15:52:04 
Jun 14 15:52:04 
Jun 14 15:52:04 
Jun 14 16:52:00 设定远程仓库地址...
Jun 14 16:52:00 git pull拉取最新代码...
Jun 14 16:52:00 git pull拉取shell最新代码...
Jun 14 16:52:00 HEAD is now at 82ec3e0 更新脚本
Jun 14 16:52:03 Already up to date.
Jun 14 16:52:03 Current branch master is up to date.
Jun 14 16:52:03 更新仓库代码成功✅
Jun 14 16:52:03 package.json无变化，跳过npm install...
Jun 14 16:52:03 -------------------------------------------------执行定时任务shell脚本--------------------------------------------------
Jun 14 16:52:03 定义定时任务合并处理用到的文件路径...
Jun 14 16:52:03 默认文件定时任务文件路径为 /scripts/docker/crontab_list.sh
Jun 14 16:52:03 合并后定时任务文件路径为 /scripts/docker/merged_list_file.sh
Jun 14 16:52:03 第1步将默认定时任务列表添加到合并后定时任务文件...
Jun 14 16:52:03 第2步判断是否存在自定义定时任务列表并追加...
Jun 14 16:52:03 您配置了自定义任务文件： crontab_list.sh ，自定义任务类型为： append
Jun 14 16:52:03 自定义任务文件为本地挂载。
Jun 14 16:52:03 合并默认定时任务文件： crontab_list.sh 和 自定义定时任务文件： crontab_list.sh
Jun 14 16:52:03 第3步判断是否配置了默认定时任务...
Jun 14 16:52:03 合并后的定时任务文件，未包含必须的默认定时任务，增加默认定时任务...
Jun 14 16:52:03 第4步判断是否配置自定义shell脚本...
Jun 14 16:52:03 未配置自定shell脚本文件，跳过执行。
Jun 14 16:52:03 第5步执行 proc_file.sh 脚本任务...
Jun 14 16:52:03 第6步判断是否配置了随即延迟参数...
Jun 14 16:52:03 第7步判断是否开启了自动互助...
Jun 14 16:52:03 已开启自动互助，设置互助参数中...
Jun 14 16:52:03 第8步判断是否配置了不运行的脚本...
Jun 14 16:52:03 第9步增加 |ts 任务日志输出时间戳...
Jun 14 16:52:03 第10步加载最新的定时任务文件...
Jun 14 16:52:03 第11步处理jd_crazy_joy_coin任务...
Jun 14 16:52:03 默认启用jd_crazy_joy_coin,杀掉jd_crazy_joy_coin任务，并重启
Jun 14 16:52:03 默认jd_crazy_joy_coin,重启完成
Jun 14 16:52:03 第12步将仓库的 docker_entrypoint.sh 脚本更新至系统 /usr/local/bin/docker_entrypoint.sh 内...
Jun 14 16:52:03 定时任务shell脚本执行成功✅
Jun 14 16:52:03 --------------------------------------------------默认定时任务执行完成---------------------------------------------------
Jun 14 16:52:03 默认定时任务执行结束。
Jun 14 16:52:03 
Jun 14 16:52:03 
Jun 14 16:52:03 
Jun 14 17:52:00 设定远程仓库地址...
Jun 14 17:52:00 git pull拉取最新代码...
Jun 14 17:52:00 git pull拉取shell最新代码...
Jun 14 17:52:00 HEAD is now at 82ec3e0 更新脚本
Jun 14 17:52:02 Already up to date.
Jun 14 17:52:02 Current branch master is up to date.
Jun 14 17:52:02 更新仓库代码成功✅
Jun 14 17:52:02 package.json无变化，跳过npm install...
Jun 14 17:52:02 -------------------------------------------------执行定时任务shell脚本--------------------------------------------------
Jun 14 17:52:02 定义定时任务合并处理用到的文件路径...
Jun 14 17:52:02 默认文件定时任务文件路径为 /scripts/docker/crontab_list.sh
Jun 14 17:52:02 合并后定时任务文件路径为 /scripts/docker/merged_list_file.sh
Jun 14 17:52:02 第1步将默认定时任务列表添加到合并后定时任务文件...
Jun 14 17:52:02 第2步判断是否存在自定义定时任务列表并追加...
Jun 14 17:52:02 您配置了自定义任务文件： crontab_list.sh ，自定义任务类型为： append
Jun 14 17:52:02 自定义任务文件为本地挂载。
Jun 14 17:52:02 合并默认定时任务文件： crontab_list.sh 和 自定义定时任务文件： crontab_list.sh
Jun 14 17:52:02 第3步判断是否配置了默认定时任务...
Jun 14 17:52:02 合并后的定时任务文件，未包含必须的默认定时任务，增加默认定时任务...
Jun 14 17:52:02 第4步判断是否配置自定义shell脚本...
Jun 14 17:52:02 未配置自定shell脚本文件，跳过执行。
Jun 14 17:52:02 第5步执行 proc_file.sh 脚本任务...
Jun 14 17:52:02 第6步判断是否配置了随即延迟参数...
Jun 14 17:52:02 第7步判断是否开启了自动互助...
Jun 14 17:52:02 已开启自动互助，设置互助参数中...
Jun 14 17:52:02 第8步判断是否配置了不运行的脚本...
Jun 14 17:52:02 第9步增加 |ts 任务日志输出时间戳...
Jun 14 17:52:02 第10步加载最新的定时任务文件...
Jun 14 17:52:02 第11步处理jd_crazy_joy_coin任务...
Jun 14 17:52:02 默认启用jd_crazy_joy_coin,杀掉jd_crazy_joy_coin任务，并重启
Jun 14 17:52:02 默认jd_crazy_joy_coin,重启完成
Jun 14 17:52:02 第12步将仓库的 docker_entrypoint.sh 脚本更新至系统 /usr/local/bin/docker_entrypoint.sh 内...
Jun 14 17:52:02 定时任务shell脚本执行成功✅
Jun 14 17:52:02 --------------------------------------------------默认定时任务执行完成---------------------------------------------------
Jun 14 17:52:02 默认定时任务执行结束。
Jun 14 17:52:02 
Jun 14 17:52:02 
Jun 14 17:52:02 
Jun 14 18:52:00 设定远程仓库地址...
Jun 14 18:52:00 git pull拉取最新代码...
Jun 14 18:52:00 git pull拉取shell最新代码...
Jun 14 18:52:00 HEAD is now at 82ec3e0 更新脚本
Jun 14 18:52:03 Already up to date.
Jun 14 18:52:03 Current branch master is up to date.
Jun 14 18:52:03 更新仓库代码成功✅
Jun 14 18:52:03 package.json无变化，跳过npm install...
Jun 14 18:52:03 -------------------------------------------------执行定时任务shell脚本--------------------------------------------------
Jun 14 18:52:03 定义定时任务合并处理用到的文件路径...
Jun 14 18:52:03 默认文件定时任务文件路径为 /scripts/docker/crontab_list.sh
Jun 14 18:52:03 合并后定时任务文件路径为 /scripts/docker/merged_list_file.sh
Jun 14 18:52:03 第1步将默认定时任务列表添加到合并后定时任务文件...
Jun 14 18:52:03 第2步判断是否存在自定义定时任务列表并追加...
Jun 14 18:52:03 您配置了自定义任务文件： crontab_list.sh ，自定义任务类型为： append
Jun 14 18:52:03 自定义任务文件为本地挂载。
Jun 14 18:52:03 合并默认定时任务文件： crontab_list.sh 和 自定义定时任务文件： crontab_list.sh
Jun 14 18:52:03 第3步判断是否配置了默认定时任务...
Jun 14 18:52:03 合并后的定时任务文件，未包含必须的默认定时任务，增加默认定时任务...
Jun 14 18:52:03 第4步判断是否配置自定义shell脚本...
Jun 14 18:52:03 未配置自定shell脚本文件，跳过执行。
Jun 14 18:52:03 第5步执行 proc_file.sh 脚本任务...
Jun 14 18:52:03 第6步判断是否配置了随即延迟参数...
Jun 14 18:52:03 第7步判断是否开启了自动互助...
Jun 14 18:52:03 已开启自动互助，设置互助参数中...
Jun 14 18:52:03 第8步判断是否配置了不运行的脚本...
Jun 14 18:52:03 第9步增加 |ts 任务日志输出时间戳...
Jun 14 18:52:03 第10步加载最新的定时任务文件...
Jun 14 18:52:03 第11步处理jd_crazy_joy_coin任务...
Jun 14 18:52:03 默认启用jd_crazy_joy_coin,杀掉jd_crazy_joy_coin任务，并重启
Jun 14 18:52:03 默认jd_crazy_joy_coin,重启完成
Jun 14 18:52:03 第12步将仓库的 docker_entrypoint.sh 脚本更新至系统 /usr/local/bin/docker_entrypoint.sh 内...
Jun 14 18:52:03 定时任务shell脚本执行成功✅
Jun 14 18:52:03 --------------------------------------------------默认定时任务执行完成---------------------------------------------------
Jun 14 18:52:03 默认定时任务执行结束。
Jun 14 18:52:03 
Jun 14 18:52:03 
Jun 14 18:52:03 
Jun 14 19:52:00 设定远程仓库地址...
Jun 14 19:52:00 git pull拉取最新代码...
Jun 14 19:52:00 git pull拉取shell最新代码...
Jun 14 19:52:00 HEAD is now at 82ec3e0 更新脚本
Jun 14 19:52:04 Already up to date.
Jun 14 19:52:04 Current branch master is up to date.
Jun 14 19:52:04 更新仓库代码成功✅
Jun 14 19:52:04 package.json无变化，跳过npm install...
Jun 14 19:52:04 -------------------------------------------------执行定时任务shell脚本--------------------------------------------------
Jun 14 19:52:04 定义定时任务合并处理用到的文件路径...
Jun 14 19:52:04 默认文件定时任务文件路径为 /scripts/docker/crontab_list.sh
Jun 14 19:52:04 合并后定时任务文件路径为 /scripts/docker/merged_list_file.sh
Jun 14 19:52:04 第1步将默认定时任务列表添加到合并后定时任务文件...
Jun 14 19:52:04 第2步判断是否存在自定义定时任务列表并追加...
Jun 14 19:52:04 您配置了自定义任务文件： crontab_list.sh ，自定义任务类型为： append
Jun 14 19:52:04 自定义任务文件为本地挂载。
Jun 14 19:52:04 合并默认定时任务文件： crontab_list.sh 和 自定义定时任务文件： crontab_list.sh
Jun 14 19:52:04 第3步判断是否配置了默认定时任务...
Jun 14 19:52:04 合并后的定时任务文件，未包含必须的默认定时任务，增加默认定时任务...
Jun 14 19:52:04 第4步判断是否配置自定义shell脚本...
Jun 14 19:52:04 未配置自定shell脚本文件，跳过执行。
Jun 14 19:52:04 第5步执行 proc_file.sh 脚本任务...
Jun 14 19:52:04 第6步判断是否配置了随即延迟参数...
Jun 14 19:52:04 第7步判断是否开启了自动互助...
Jun 14 19:52:04 已开启自动互助，设置互助参数中...
Jun 14 19:52:04 第8步判断是否配置了不运行的脚本...
Jun 14 19:52:04 第9步增加 |ts 任务日志输出时间戳...
Jun 14 19:52:04 第10步加载最新的定时任务文件...
Jun 14 19:52:04 第11步处理jd_crazy_joy_coin任务...
Jun 14 19:52:04 默认启用jd_crazy_joy_coin,杀掉jd_crazy_joy_coin任务，并重启
Jun 14 19:52:04 默认jd_crazy_joy_coin,重启完成
Jun 14 19:52:04 第12步将仓库的 docker_entrypoint.sh 脚本更新至系统 /usr/local/bin/docker_entrypoint.sh 内...
Jun 14 19:52:04 定时任务shell脚本执行成功✅
Jun 14 19:52:04 --------------------------------------------------默认定时任务执行完成---------------------------------------------------
Jun 14 19:52:04 默认定时任务执行结束。
Jun 14 19:52:04 
Jun 14 19:52:04 
Jun 14 19:52:04 
Jun 14 20:52:00 设定远程仓库地址...
Jun 14 20:52:00 git pull拉取最新代码...
Jun 14 20:52:00 git pull拉取shell最新代码...
Jun 14 20:52:00 HEAD is now at 82ec3e0 更新脚本
Jun 14 20:52:03 Already up to date.
Jun 14 20:52:03 Current branch master is up to date.
Jun 14 20:52:03 更新仓库代码成功✅
Jun 14 20:52:03 package.json无变化，跳过npm install...
Jun 14 20:52:03 -------------------------------------------------执行定时任务shell脚本--------------------------------------------------
Jun 14 20:52:03 定义定时任务合并处理用到的文件路径...
Jun 14 20:52:03 默认文件定时任务文件路径为 /scripts/docker/crontab_list.sh
Jun 14 20:52:03 合并后定时任务文件路径为 /scripts/docker/merged_list_file.sh
Jun 14 20:52:03 第1步将默认定时任务列表添加到合并后定时任务文件...
Jun 14 20:52:03 第2步判断是否存在自定义定时任务列表并追加...
Jun 14 20:52:03 您配置了自定义任务文件： crontab_list.sh ，自定义任务类型为： append
Jun 14 20:52:03 自定义任务文件为本地挂载。
Jun 14 20:52:03 合并默认定时任务文件： crontab_list.sh 和 自定义定时任务文件： crontab_list.sh
Jun 14 20:52:03 第3步判断是否配置了默认定时任务...
Jun 14 20:52:03 合并后的定时任务文件，未包含必须的默认定时任务，增加默认定时任务...
Jun 14 20:52:03 第4步判断是否配置自定义shell脚本...
Jun 14 20:52:03 未配置自定shell脚本文件，跳过执行。
Jun 14 20:52:03 第5步执行 proc_file.sh 脚本任务...
Jun 14 20:52:03 第6步判断是否配置了随即延迟参数...
Jun 14 20:52:03 第7步判断是否开启了自动互助...
Jun 14 20:52:03 已开启自动互助，设置互助参数中...
Jun 14 20:52:03 第8步判断是否配置了不运行的脚本...
Jun 14 20:52:03 第9步增加 |ts 任务日志输出时间戳...
Jun 14 20:52:03 第10步加载最新的定时任务文件...
Jun 14 20:52:03 第11步处理jd_crazy_joy_coin任务...
Jun 14 20:52:03 默认启用jd_crazy_joy_coin,杀掉jd_crazy_joy_coin任务，并重启
Jun 14 20:52:03 默认jd_crazy_joy_coin,重启完成
Jun 14 20:52:03 第12步将仓库的 docker_entrypoint.sh 脚本更新至系统 /usr/local/bin/docker_entrypoint.sh 内...
Jun 14 20:52:03 定时任务shell脚本执行成功✅
Jun 14 20:52:03 --------------------------------------------------默认定时任务执行完成---------------------------------------------------
Jun 14 20:52:03 默认定时任务执行结束。
Jun 14 20:52:03 
Jun 14 20:52:03 
Jun 14 20:52:03 
Jun 14 21:52:01 设定远程仓库地址...
Jun 14 21:52:01 git pull拉取最新代码...
Jun 14 21:52:01 git pull拉取shell最新代码...
Jun 14 21:52:01 HEAD is now at 82ec3e0 更新脚本
Jun 14 21:52:04 Already up to date.
Jun 14 21:52:04 Current branch master is up to date.
Jun 14 21:52:04 更新仓库代码成功✅
Jun 14 21:52:04 package.json无变化，跳过npm install...
Jun 14 21:52:04 -------------------------------------------------执行定时任务shell脚本--------------------------------------------------
Jun 14 21:52:04 定义定时任务合并处理用到的文件路径...
Jun 14 21:52:04 默认文件定时任务文件路径为 /scripts/docker/crontab_list.sh
Jun 14 21:52:04 合并后定时任务文件路径为 /scripts/docker/merged_list_file.sh
Jun 14 21:52:04 第1步将默认定时任务列表添加到合并后定时任务文件...
Jun 14 21:52:04 第2步判断是否存在自定义定时任务列表并追加...
Jun 14 21:52:04 您配置了自定义任务文件： crontab_list.sh ，自定义任务类型为： append
Jun 14 21:52:04 自定义任务文件为本地挂载。
Jun 14 21:52:04 合并默认定时任务文件： crontab_list.sh 和 自定义定时任务文件： crontab_list.sh
Jun 14 21:52:04 第3步判断是否配置了默认定时任务...
Jun 14 21:52:04 合并后的定时任务文件，未包含必须的默认定时任务，增加默认定时任务...
Jun 14 21:52:04 第4步判断是否配置自定义shell脚本...
Jun 14 21:52:04 未配置自定shell脚本文件，跳过执行。
Jun 14 21:52:04 第5步执行 proc_file.sh 脚本任务...
Jun 14 21:52:04 第6步判断是否配置了随即延迟参数...
Jun 14 21:52:04 第7步判断是否开启了自动互助...
Jun 14 21:52:04 已开启自动互助，设置互助参数中...
Jun 14 21:52:04 第8步判断是否配置了不运行的脚本...
Jun 14 21:52:04 第9步增加 |ts 任务日志输出时间戳...
Jun 14 21:52:04 第10步加载最新的定时任务文件...
Jun 14 21:52:04 第11步处理jd_crazy_joy_coin任务...
Jun 14 21:52:04 默认启用jd_crazy_joy_coin,杀掉jd_crazy_joy_coin任务，并重启
Jun 14 21:52:04 默认jd_crazy_joy_coin,重启完成
Jun 14 21:52:04 第12步将仓库的 docker_entrypoint.sh 脚本更新至系统 /usr/local/bin/docker_entrypoint.sh 内...
Jun 14 21:52:04 定时任务shell脚本执行成功✅
Jun 14 21:52:04 --------------------------------------------------默认定时任务执行完成---------------------------------------------------
Jun 14 21:52:04 默认定时任务执行结束。
Jun 14 21:52:04 
Jun 14 21:52:04 
Jun 14 21:52:04 
Jun 14 22:52:00 设定远程仓库地址...
Jun 14 22:52:00 git pull拉取最新代码...
Jun 14 22:52:00 git pull拉取shell最新代码...
Jun 14 22:52:00 HEAD is now at 82ec3e0 更新脚本
Jun 14 22:52:06 Already up to date.
Jun 14 22:52:06 Current branch master is up to date.
Jun 14 22:52:06 更新仓库代码成功✅
Jun 14 22:52:06 package.json无变化，跳过npm install...
Jun 14 22:52:06 -------------------------------------------------执行定时任务shell脚本--------------------------------------------------
Jun 14 22:52:06 定义定时任务合并处理用到的文件路径...
Jun 14 22:52:06 默认文件定时任务文件路径为 /scripts/docker/crontab_list.sh
Jun 14 22:52:06 合并后定时任务文件路径为 /scripts/docker/merged_list_file.sh
Jun 14 22:52:06 第1步将默认定时任务列表添加到合并后定时任务文件...
Jun 14 22:52:06 第2步判断是否存在自定义定时任务列表并追加...
Jun 14 22:52:06 您配置了自定义任务文件： crontab_list.sh ，自定义任务类型为： append
Jun 14 22:52:06 自定义任务文件为本地挂载。
Jun 14 22:52:06 合并默认定时任务文件： crontab_list.sh 和 自定义定时任务文件： crontab_list.sh
Jun 14 22:52:06 第3步判断是否配置了默认定时任务...
Jun 14 22:52:06 合并后的定时任务文件，未包含必须的默认定时任务，增加默认定时任务...
Jun 14 22:52:06 第4步判断是否配置自定义shell脚本...
Jun 14 22:52:06 未配置自定shell脚本文件，跳过执行。
Jun 14 22:52:06 第5步执行 proc_file.sh 脚本任务...
Jun 14 22:52:06 第6步判断是否配置了随即延迟参数...
Jun 14 22:52:06 第7步判断是否开启了自动互助...
Jun 14 22:52:06 已开启自动互助，设置互助参数中...
Jun 14 22:52:06 第8步判断是否配置了不运行的脚本...
Jun 14 22:52:06 第9步增加 |ts 任务日志输出时间戳...
Jun 14 22:52:06 第10步加载最新的定时任务文件...
Jun 14 22:52:06 第11步处理jd_crazy_joy_coin任务...
Jun 14 22:52:06 默认启用jd_crazy_joy_coin,杀掉jd_crazy_joy_coin任务，并重启
Jun 14 22:52:06 默认jd_crazy_joy_coin,重启完成
Jun 14 22:52:06 第12步将仓库的 docker_entrypoint.sh 脚本更新至系统 /usr/local/bin/docker_entrypoint.sh 内...
Jun 14 22:52:06 定时任务shell脚本执行成功✅
Jun 14 22:52:06 --------------------------------------------------默认定时任务执行完成---------------------------------------------------
Jun 14 22:52:06 默认定时任务执行结束。
Jun 14 22:52:06 
Jun 14 22:52:06 
Jun 14 22:52:06 
Jun 14 23:52:00 设定远程仓库地址...
Jun 14 23:52:00 git pull拉取最新代码...
Jun 14 23:52:00 git pull拉取shell最新代码...
Jun 14 23:52:00 HEAD is now at 82ec3e0 更新脚本
Jun 14 23:52:03 Already up to date.
Jun 14 23:52:03 Current branch master is up to date.
Jun 14 23:52:03 更新仓库代码成功✅
Jun 14 23:52:03 package.json无变化，跳过npm install...
Jun 14 23:52:03 -------------------------------------------------执行定时任务shell脚本--------------------------------------------------
Jun 14 23:52:03 定义定时任务合并处理用到的文件路径...
Jun 14 23:52:03 默认文件定时任务文件路径为 /scripts/docker/crontab_list.sh
Jun 14 23:52:03 合并后定时任务文件路径为 /scripts/docker/merged_list_file.sh
Jun 14 23:52:03 第1步将默认定时任务列表添加到合并后定时任务文件...
Jun 14 23:52:03 第2步判断是否存在自定义定时任务列表并追加...
Jun 14 23:52:03 您配置了自定义任务文件： crontab_list.sh ，自定义任务类型为： append
Jun 14 23:52:03 自定义任务文件为本地挂载。
Jun 14 23:52:03 合并默认定时任务文件： crontab_list.sh 和 自定义定时任务文件： crontab_list.sh
Jun 14 23:52:03 第3步判断是否配置了默认定时任务...
Jun 14 23:52:03 合并后的定时任务文件，未包含必须的默认定时任务，增加默认定时任务...
Jun 14 23:52:03 第4步判断是否配置自定义shell脚本...
Jun 14 23:52:03 未配置自定shell脚本文件，跳过执行。
Jun 14 23:52:03 第5步执行 proc_file.sh 脚本任务...
Jun 14 23:52:04 第6步判断是否配置了随即延迟参数...
Jun 14 23:52:04 第7步判断是否开启了自动互助...
Jun 14 23:52:04 已开启自动互助，设置互助参数中...
Jun 14 23:52:04 第8步判断是否配置了不运行的脚本...
Jun 14 23:52:04 第9步增加 |ts 任务日志输出时间戳...
Jun 14 23:52:04 第10步加载最新的定时任务文件...
Jun 14 23:52:04 第11步处理jd_crazy_joy_coin任务...
Jun 14 23:52:04 默认启用jd_crazy_joy_coin,杀掉jd_crazy_joy_coin任务，并重启
Jun 14 23:52:04 默认jd_crazy_joy_coin,重启完成
Jun 14 23:52:04 第12步将仓库的 docker_entrypoint.sh 脚本更新至系统 /usr/local/bin/docker_entrypoint.sh 内...
Jun 14 23:52:04 定时任务shell脚本执行成功✅
Jun 14 23:52:04 --------------------------------------------------默认定时任务执行完成---------------------------------------------------
Jun 14 23:52:04 默认定时任务执行结束。
Jun 14 23:52:04 
Jun 14 23:52:04 
Jun 14 23:52:04 
Jun 15 00:52:00 设定远程仓库地址...
Jun 15 00:52:00 git pull拉取最新代码...
Jun 15 00:52:00 git pull拉取shell最新代码...
Jun 15 00:52:00 HEAD is now at 82ec3e0 更新脚本
Jun 15 00:52:07 Already up to date.
Jun 15 00:52:07 Current branch master is up to date.
Jun 15 00:52:07 更新仓库代码成功✅
Jun 15 00:52:07 package.json无变化，跳过npm install...
Jun 15 00:52:07 -------------------------------------------------执行定时任务shell脚本--------------------------------------------------
Jun 15 00:52:07 定义定时任务合并处理用到的文件路径...
Jun 15 00:52:07 默认文件定时任务文件路径为 /scripts/docker/crontab_list.sh
Jun 15 00:52:07 合并后定时任务文件路径为 /scripts/docker/merged_list_file.sh
Jun 15 00:52:07 第1步将默认定时任务列表添加到合并后定时任务文件...
Jun 15 00:52:07 第2步判断是否存在自定义定时任务列表并追加...
Jun 15 00:52:07 您配置了自定义任务文件： crontab_list.sh ，自定义任务类型为： append
Jun 15 00:52:07 自定义任务文件为本地挂载。
Jun 15 00:52:07 合并默认定时任务文件： crontab_list.sh 和 自定义定时任务文件： crontab_list.sh
Jun 15 00:52:07 第3步判断是否配置了默认定时任务...
Jun 15 00:52:07 合并后的定时任务文件，未包含必须的默认定时任务，增加默认定时任务...
Jun 15 00:52:07 第4步判断是否配置自定义shell脚本...
Jun 15 00:52:07 未配置自定shell脚本文件，跳过执行。
Jun 15 00:52:07 第5步执行 proc_file.sh 脚本任务...
Jun 15 00:52:07 第6步判断是否配置了随即延迟参数...
Jun 15 00:52:07 第7步判断是否开启了自动互助...
Jun 15 00:52:07 已开启自动互助，设置互助参数中...
Jun 15 00:52:07 第8步判断是否配置了不运行的脚本...
Jun 15 00:52:07 第9步增加 |ts 任务日志输出时间戳...
Jun 15 00:52:07 第10步加载最新的定时任务文件...
Jun 15 00:52:07 第11步处理jd_crazy_joy_coin任务...
Jun 15 00:52:07 默认启用jd_crazy_joy_coin,杀掉jd_crazy_joy_coin任务，并重启
Jun 15 00:52:07 默认jd_crazy_joy_coin,重启完成
Jun 15 00:52:07 第12步将仓库的 docker_entrypoint.sh 脚本更新至系统 /usr/local/bin/docker_entrypoint.sh 内...
Jun 15 00:52:07 定时任务shell脚本执行成功✅
Jun 15 00:52:07 --------------------------------------------------默认定时任务执行完成---------------------------------------------------
Jun 15 00:52:07 默认定时任务执行结束。
Jun 15 00:52:07 
Jun 15 00:52:07 
Jun 15 00:52:07 
Jun 15 01:52:00 设定远程仓库地址...
Jun 15 01:52:00 git pull拉取最新代码...
Jun 15 01:52:00 git pull拉取shell最新代码...
Jun 15 01:52:00 HEAD is now at 82ec3e0 更新脚本
Jun 15 01:52:03 Already up to date.
Jun 15 01:52:03 Current branch master is up to date.
Jun 15 01:52:03 更新仓库代码成功✅
Jun 15 01:52:03 package.json无变化，跳过npm install...
Jun 15 01:52:03 -------------------------------------------------执行定时任务shell脚本--------------------------------------------------
Jun 15 01:52:03 定义定时任务合并处理用到的文件路径...
Jun 15 01:52:03 默认文件定时任务文件路径为 /scripts/docker/crontab_list.sh
Jun 15 01:52:03 合并后定时任务文件路径为 /scripts/docker/merged_list_file.sh
Jun 15 01:52:03 第1步将默认定时任务列表添加到合并后定时任务文件...
Jun 15 01:52:03 第2步判断是否存在自定义定时任务列表并追加...
Jun 15 01:52:03 您配置了自定义任务文件： crontab_list.sh ，自定义任务类型为： append
Jun 15 01:52:03 自定义任务文件为本地挂载。
Jun 15 01:52:03 合并默认定时任务文件： crontab_list.sh 和 自定义定时任务文件： crontab_list.sh
Jun 15 01:52:03 第3步判断是否配置了默认定时任务...
Jun 15 01:52:03 合并后的定时任务文件，未包含必须的默认定时任务，增加默认定时任务...
Jun 15 01:52:03 第4步判断是否配置自定义shell脚本...
Jun 15 01:52:03 未配置自定shell脚本文件，跳过执行。
Jun 15 01:52:03 第5步执行 proc_file.sh 脚本任务...
Jun 15 01:52:03 第6步判断是否配置了随即延迟参数...
Jun 15 01:52:03 第7步判断是否开启了自动互助...
Jun 15 01:52:03 已开启自动互助，设置互助参数中...
Jun 15 01:52:03 第8步判断是否配置了不运行的脚本...
Jun 15 01:52:03 第9步增加 |ts 任务日志输出时间戳...
Jun 15 01:52:03 第10步加载最新的定时任务文件...
Jun 15 01:52:03 第11步处理jd_crazy_joy_coin任务...
Jun 15 01:52:03 默认启用jd_crazy_joy_coin,杀掉jd_crazy_joy_coin任务，并重启
Jun 15 01:52:03 默认jd_crazy_joy_coin,重启完成
Jun 15 01:52:03 第12步将仓库的 docker_entrypoint.sh 脚本更新至系统 /usr/local/bin/docker_entrypoint.sh 内...
Jun 15 01:52:03 定时任务shell脚本执行成功✅
Jun 15 01:52:03 --------------------------------------------------默认定时任务执行完成---------------------------------------------------
Jun 15 01:52:03 默认定时任务执行结束。
Jun 15 01:52:03 
Jun 15 01:52:03 
Jun 15 01:52:03 
Jun 15 02:52:00 设定远程仓库地址...
Jun 15 02:52:00 git pull拉取最新代码...
Jun 15 02:52:00 git pull拉取shell最新代码...
Jun 15 02:52:00 HEAD is now at 82ec3e0 更新脚本
Jun 15 02:52:02 Already up to date.
Jun 15 02:52:02 Current branch master is up to date.
Jun 15 02:52:02 更新仓库代码成功✅
Jun 15 02:52:02 package.json无变化，跳过npm install...
Jun 15 02:52:02 -------------------------------------------------执行定时任务shell脚本--------------------------------------------------
Jun 15 02:52:02 定义定时任务合并处理用到的文件路径...
Jun 15 02:52:02 默认文件定时任务文件路径为 /scripts/docker/crontab_list.sh
Jun 15 02:52:02 合并后定时任务文件路径为 /scripts/docker/merged_list_file.sh
Jun 15 02:52:02 第1步将默认定时任务列表添加到合并后定时任务文件...
Jun 15 02:52:02 第2步判断是否存在自定义定时任务列表并追加...
Jun 15 02:52:02 您配置了自定义任务文件： crontab_list.sh ，自定义任务类型为： append
Jun 15 02:52:02 自定义任务文件为本地挂载。
Jun 15 02:52:02 合并默认定时任务文件： crontab_list.sh 和 自定义定时任务文件： crontab_list.sh
Jun 15 02:52:02 第3步判断是否配置了默认定时任务...
Jun 15 02:52:02 合并后的定时任务文件，未包含必须的默认定时任务，增加默认定时任务...
Jun 15 02:52:02 第4步判断是否配置自定义shell脚本...
Jun 15 02:52:02 未配置自定shell脚本文件，跳过执行。
Jun 15 02:52:02 第5步执行 proc_file.sh 脚本任务...
Jun 15 02:52:02 第6步判断是否配置了随即延迟参数...
Jun 15 02:52:02 第7步判断是否开启了自动互助...
Jun 15 02:52:02 已开启自动互助，设置互助参数中...
Jun 15 02:52:02 第8步判断是否配置了不运行的脚本...
Jun 15 02:52:02 第9步增加 |ts 任务日志输出时间戳...
Jun 15 02:52:02 第10步加载最新的定时任务文件...
Jun 15 02:52:02 第11步处理jd_crazy_joy_coin任务...
Jun 15 02:52:02 默认启用jd_crazy_joy_coin,杀掉jd_crazy_joy_coin任务，并重启
Jun 15 02:52:02 默认jd_crazy_joy_coin,重启完成
Jun 15 02:52:02 第12步将仓库的 docker_entrypoint.sh 脚本更新至系统 /usr/local/bin/docker_entrypoint.sh 内...
Jun 15 02:52:02 定时任务shell脚本执行成功✅
Jun 15 02:52:02 --------------------------------------------------默认定时任务执行完成---------------------------------------------------
Jun 15 02:52:02 默认定时任务执行结束。
Jun 15 02:52:02 
Jun 15 02:52:02 
Jun 15 02:52:02 
Jun 15 03:52:00 设定远程仓库地址...
Jun 15 03:52:00 git pull拉取最新代码...
Jun 15 03:52:00 git pull拉取shell最新代码...
Jun 15 03:52:00 HEAD is now at 82ec3e0 更新脚本
Jun 15 03:52:02 Already up to date.
Jun 15 03:52:02 Current branch master is up to date.
Jun 15 03:52:02 更新仓库代码成功✅
Jun 15 03:52:02 package.json无变化，跳过npm install...
Jun 15 03:52:02 -------------------------------------------------执行定时任务shell脚本--------------------------------------------------
Jun 15 03:52:02 定义定时任务合并处理用到的文件路径...
Jun 15 03:52:02 默认文件定时任务文件路径为 /scripts/docker/crontab_list.sh
Jun 15 03:52:02 合并后定时任务文件路径为 /scripts/docker/merged_list_file.sh
Jun 15 03:52:02 第1步将默认定时任务列表添加到合并后定时任务文件...
Jun 15 03:52:02 第2步判断是否存在自定义定时任务列表并追加...
Jun 15 03:52:02 您配置了自定义任务文件： crontab_list.sh ，自定义任务类型为： append
Jun 15 03:52:02 自定义任务文件为本地挂载。
Jun 15 03:52:02 合并默认定时任务文件： crontab_list.sh 和 自定义定时任务文件： crontab_list.sh
Jun 15 03:52:02 第3步判断是否配置了默认定时任务...
Jun 15 03:52:02 合并后的定时任务文件，未包含必须的默认定时任务，增加默认定时任务...
Jun 15 03:52:02 第4步判断是否配置自定义shell脚本...
Jun 15 03:52:02 未配置自定shell脚本文件，跳过执行。
Jun 15 03:52:02 第5步执行 proc_file.sh 脚本任务...
Jun 15 03:52:02 第6步判断是否配置了随即延迟参数...
Jun 15 03:52:02 第7步判断是否开启了自动互助...
Jun 15 03:52:02 已开启自动互助，设置互助参数中...
Jun 15 03:52:02 第8步判断是否配置了不运行的脚本...
Jun 15 03:52:02 第9步增加 |ts 任务日志输出时间戳...
Jun 15 03:52:02 第10步加载最新的定时任务文件...
Jun 15 03:52:02 第11步处理jd_crazy_joy_coin任务...
Jun 15 03:52:02 默认启用jd_crazy_joy_coin,杀掉jd_crazy_joy_coin任务，并重启
Jun 15 03:52:02 默认jd_crazy_joy_coin,重启完成
Jun 15 03:52:02 第12步将仓库的 docker_entrypoint.sh 脚本更新至系统 /usr/local/bin/docker_entrypoint.sh 内...
Jun 15 03:52:02 定时任务shell脚本执行成功✅
Jun 15 03:52:02 --------------------------------------------------默认定时任务执行完成---------------------------------------------------
Jun 15 03:52:02 默认定时任务执行结束。
Jun 15 03:52:02 
Jun 15 03:52:02 
Jun 15 03:52:02 
Jun 15 04:52:00 设定远程仓库地址...
Jun 15 04:52:00 git pull拉取最新代码...
Jun 15 04:52:00 git pull拉取shell最新代码...
Jun 15 04:52:00 HEAD is now at 82ec3e0 更新脚本
Jun 15 04:52:01 Already up to date.
Jun 15 04:52:01 Current branch master is up to date.
Jun 15 04:52:01 更新仓库代码成功✅
Jun 15 04:52:01 package.json无变化，跳过npm install...
Jun 15 04:52:01 -------------------------------------------------执行定时任务shell脚本--------------------------------------------------
Jun 15 04:52:01 定义定时任务合并处理用到的文件路径...
Jun 15 04:52:01 默认文件定时任务文件路径为 /scripts/docker/crontab_list.sh
Jun 15 04:52:01 合并后定时任务文件路径为 /scripts/docker/merged_list_file.sh
Jun 15 04:52:01 第1步将默认定时任务列表添加到合并后定时任务文件...
Jun 15 04:52:01 第2步判断是否存在自定义定时任务列表并追加...
Jun 15 04:52:01 您配置了自定义任务文件： crontab_list.sh ，自定义任务类型为： append
Jun 15 04:52:01 自定义任务文件为本地挂载。
Jun 15 04:52:01 合并默认定时任务文件： crontab_list.sh 和 自定义定时任务文件： crontab_list.sh
Jun 15 04:52:01 第3步判断是否配置了默认定时任务...
Jun 15 04:52:01 合并后的定时任务文件，未包含必须的默认定时任务，增加默认定时任务...
Jun 15 04:52:01 第4步判断是否配置自定义shell脚本...
Jun 15 04:52:01 未配置自定shell脚本文件，跳过执行。
Jun 15 04:52:01 第5步执行 proc_file.sh 脚本任务...
Jun 15 04:52:02 第6步判断是否配置了随即延迟参数...
Jun 15 04:52:02 第7步判断是否开启了自动互助...
Jun 15 04:52:02 已开启自动互助，设置互助参数中...
Jun 15 04:52:02 第8步判断是否配置了不运行的脚本...
Jun 15 04:52:02 第9步增加 |ts 任务日志输出时间戳...
Jun 15 04:52:02 第10步加载最新的定时任务文件...
Jun 15 04:52:02 第11步处理jd_crazy_joy_coin任务...
Jun 15 04:52:02 默认启用jd_crazy_joy_coin,杀掉jd_crazy_joy_coin任务，并重启
Jun 15 04:52:02 默认jd_crazy_joy_coin,重启完成
Jun 15 04:52:02 第12步将仓库的 docker_entrypoint.sh 脚本更新至系统 /usr/local/bin/docker_entrypoint.sh 内...
Jun 15 04:52:02 定时任务shell脚本执行成功✅
Jun 15 04:52:02 --------------------------------------------------默认定时任务执行完成---------------------------------------------------
Jun 15 04:52:02 默认定时任务执行结束。
Jun 15 04:52:02 
Jun 15 04:52:02 
Jun 15 04:52:02 
Jun 15 05:52:00 设定远程仓库地址...
Jun 15 05:52:00 git pull拉取最新代码...
Jun 15 05:52:00 git pull拉取shell最新代码...
Jun 15 05:52:00 HEAD is now at 82ec3e0 更新脚本
Jun 15 05:52:02 Already up to date.
Jun 15 05:52:02 Current branch master is up to date.
Jun 15 05:52:02 更新仓库代码成功✅
Jun 15 05:52:02 package.json无变化，跳过npm install...
Jun 15 05:52:02 -------------------------------------------------执行定时任务shell脚本--------------------------------------------------
Jun 15 05:52:02 定义定时任务合并处理用到的文件路径...
Jun 15 05:52:02 默认文件定时任务文件路径为 /scripts/docker/crontab_list.sh
Jun 15 05:52:02 合并后定时任务文件路径为 /scripts/docker/merged_list_file.sh
Jun 15 05:52:02 第1步将默认定时任务列表添加到合并后定时任务文件...
Jun 15 05:52:02 第2步判断是否存在自定义定时任务列表并追加...
Jun 15 05:52:02 您配置了自定义任务文件： crontab_list.sh ，自定义任务类型为： append
Jun 15 05:52:02 自定义任务文件为本地挂载。
Jun 15 05:52:02 合并默认定时任务文件： crontab_list.sh 和 自定义定时任务文件： crontab_list.sh
Jun 15 05:52:02 第3步判断是否配置了默认定时任务...
Jun 15 05:52:02 合并后的定时任务文件，未包含必须的默认定时任务，增加默认定时任务...
Jun 15 05:52:02 第4步判断是否配置自定义shell脚本...
Jun 15 05:52:02 未配置自定shell脚本文件，跳过执行。
Jun 15 05:52:02 第5步执行 proc_file.sh 脚本任务...
Jun 15 05:52:02 第6步判断是否配置了随即延迟参数...
Jun 15 05:52:02 第7步判断是否开启了自动互助...
Jun 15 05:52:02 已开启自动互助，设置互助参数中...
Jun 15 05:52:02 第8步判断是否配置了不运行的脚本...
Jun 15 05:52:02 第9步增加 |ts 任务日志输出时间戳...
Jun 15 05:52:02 第10步加载最新的定时任务文件...
Jun 15 05:52:02 第11步处理jd_crazy_joy_coin任务...
Jun 15 05:52:02 默认启用jd_crazy_joy_coin,杀掉jd_crazy_joy_coin任务，并重启
Jun 15 05:52:02 默认jd_crazy_joy_coin,重启完成
Jun 15 05:52:02 第12步将仓库的 docker_entrypoint.sh 脚本更新至系统 /usr/local/bin/docker_entrypoint.sh 内...
Jun 15 05:52:02 定时任务shell脚本执行成功✅
Jun 15 05:52:02 --------------------------------------------------默认定时任务执行完成---------------------------------------------------
Jun 15 05:52:02 默认定时任务执行结束。
Jun 15 05:52:02 
Jun 15 05:52:02 
Jun 15 05:52:02 
Jun 15 06:52:00 设定远程仓库地址...
Jun 15 06:52:00 git pull拉取最新代码...
Jun 15 06:52:00 git pull拉取shell最新代码...
Jun 15 06:52:00 HEAD is now at 82ec3e0 更新脚本
Jun 15 06:52:02 Already up to date.
Jun 15 06:52:02 Current branch master is up to date.
Jun 15 06:52:02 更新仓库代码成功✅
Jun 15 06:52:02 package.json无变化，跳过npm install...
Jun 15 06:52:02 -------------------------------------------------执行定时任务shell脚本--------------------------------------------------
Jun 15 06:52:02 定义定时任务合并处理用到的文件路径...
Jun 15 06:52:02 默认文件定时任务文件路径为 /scripts/docker/crontab_list.sh
Jun 15 06:52:02 合并后定时任务文件路径为 /scripts/docker/merged_list_file.sh
Jun 15 06:52:02 第1步将默认定时任务列表添加到合并后定时任务文件...
Jun 15 06:52:02 第2步判断是否存在自定义定时任务列表并追加...
Jun 15 06:52:02 您配置了自定义任务文件： crontab_list.sh ，自定义任务类型为： append
Jun 15 06:52:02 自定义任务文件为本地挂载。
Jun 15 06:52:02 合并默认定时任务文件： crontab_list.sh 和 自定义定时任务文件： crontab_list.sh
Jun 15 06:52:02 第3步判断是否配置了默认定时任务...
Jun 15 06:52:02 合并后的定时任务文件，未包含必须的默认定时任务，增加默认定时任务...
Jun 15 06:52:02 第4步判断是否配置自定义shell脚本...
Jun 15 06:52:02 未配置自定shell脚本文件，跳过执行。
Jun 15 06:52:02 第5步执行 proc_file.sh 脚本任务...
Jun 15 06:52:02 第6步判断是否配置了随即延迟参数...
Jun 15 06:52:02 第7步判断是否开启了自动互助...
Jun 15 06:52:02 已开启自动互助，设置互助参数中...
Jun 15 06:52:02 第8步判断是否配置了不运行的脚本...
Jun 15 06:52:02 第9步增加 |ts 任务日志输出时间戳...
Jun 15 06:52:02 第10步加载最新的定时任务文件...
Jun 15 06:52:02 第11步处理jd_crazy_joy_coin任务...
Jun 15 06:52:02 默认启用jd_crazy_joy_coin,杀掉jd_crazy_joy_coin任务，并重启
Jun 15 06:52:02 默认jd_crazy_joy_coin,重启完成
Jun 15 06:52:02 第12步将仓库的 docker_entrypoint.sh 脚本更新至系统 /usr/local/bin/docker_entrypoint.sh 内...
Jun 15 06:52:02 定时任务shell脚本执行成功✅
Jun 15 06:52:02 --------------------------------------------------默认定时任务执行完成---------------------------------------------------
Jun 15 06:52:02 默认定时任务执行结束。
Jun 15 06:52:02 
Jun 15 06:52:02 
Jun 15 06:52:02 
Jun 15 07:52:00 设定远程仓库地址...
Jun 15 07:52:00 git pull拉取最新代码...
Jun 15 07:52:00 git pull拉取shell最新代码...
Jun 15 07:52:00 HEAD is now at 82ec3e0 更新脚本
Jun 15 07:52:03 Already up to date.
Jun 15 07:52:03 Current branch master is up to date.
Jun 15 07:52:03 更新仓库代码成功✅
Jun 15 07:52:03 package.json无变化，跳过npm install...
Jun 15 07:52:03 -------------------------------------------------执行定时任务shell脚本--------------------------------------------------
Jun 15 07:52:03 定义定时任务合并处理用到的文件路径...
Jun 15 07:52:03 默认文件定时任务文件路径为 /scripts/docker/crontab_list.sh
Jun 15 07:52:03 合并后定时任务文件路径为 /scripts/docker/merged_list_file.sh
Jun 15 07:52:03 第1步将默认定时任务列表添加到合并后定时任务文件...
Jun 15 07:52:03 第2步判断是否存在自定义定时任务列表并追加...
Jun 15 07:52:03 您配置了自定义任务文件： crontab_list.sh ，自定义任务类型为： append
Jun 15 07:52:03 自定义任务文件为本地挂载。
Jun 15 07:52:03 合并默认定时任务文件： crontab_list.sh 和 自定义定时任务文件： crontab_list.sh
Jun 15 07:52:03 第3步判断是否配置了默认定时任务...
Jun 15 07:52:03 合并后的定时任务文件，未包含必须的默认定时任务，增加默认定时任务...
Jun 15 07:52:03 第4步判断是否配置自定义shell脚本...
Jun 15 07:52:03 未配置自定shell脚本文件，跳过执行。
Jun 15 07:52:03 第5步执行 proc_file.sh 脚本任务...
Jun 15 07:52:03 第6步判断是否配置了随即延迟参数...
Jun 15 07:52:03 第7步判断是否开启了自动互助...
Jun 15 07:52:03 已开启自动互助，设置互助参数中...
Jun 15 07:52:03 第8步判断是否配置了不运行的脚本...
Jun 15 07:52:03 第9步增加 |ts 任务日志输出时间戳...
Jun 15 07:52:03 第10步加载最新的定时任务文件...
Jun 15 07:52:03 第11步处理jd_crazy_joy_coin任务...
Jun 15 07:52:03 默认启用jd_crazy_joy_coin,杀掉jd_crazy_joy_coin任务，并重启
Jun 15 07:52:03 默认jd_crazy_joy_coin,重启完成
Jun 15 07:52:03 第12步将仓库的 docker_entrypoint.sh 脚本更新至系统 /usr/local/bin/docker_entrypoint.sh 内...
Jun 15 07:52:03 定时任务shell脚本执行成功✅
Jun 15 07:52:03 --------------------------------------------------默认定时任务执行完成---------------------------------------------------
Jun 15 07:52:03 默认定时任务执行结束。
Jun 15 07:52:03 
Jun 15 07:52:03 
Jun 15 07:52:03 
Jun 15 08:52:00 设定远程仓库地址...
Jun 15 08:52:00 git pull拉取最新代码...
Jun 15 08:52:00 git pull拉取shell最新代码...
Jun 15 08:52:00 HEAD is now at 82ec3e0 更新脚本
Jun 15 08:52:02 Already up to date.
Jun 15 08:52:02 Current branch master is up to date.
Jun 15 08:52:02 更新仓库代码成功✅
Jun 15 08:52:02 package.json无变化，跳过npm install...
Jun 15 08:52:02 -------------------------------------------------执行定时任务shell脚本--------------------------------------------------
Jun 15 08:52:02 定义定时任务合并处理用到的文件路径...
Jun 15 08:52:02 默认文件定时任务文件路径为 /scripts/docker/crontab_list.sh
Jun 15 08:52:02 合并后定时任务文件路径为 /scripts/docker/merged_list_file.sh
Jun 15 08:52:02 第1步将默认定时任务列表添加到合并后定时任务文件...
Jun 15 08:52:02 第2步判断是否存在自定义定时任务列表并追加...
Jun 15 08:52:02 您配置了自定义任务文件： crontab_list.sh ，自定义任务类型为： append
Jun 15 08:52:02 自定义任务文件为本地挂载。
Jun 15 08:52:02 合并默认定时任务文件： crontab_list.sh 和 自定义定时任务文件： crontab_list.sh
Jun 15 08:52:02 第3步判断是否配置了默认定时任务...
Jun 15 08:52:02 合并后的定时任务文件，未包含必须的默认定时任务，增加默认定时任务...
Jun 15 08:52:02 第4步判断是否配置自定义shell脚本...
Jun 15 08:52:02 未配置自定shell脚本文件，跳过执行。
Jun 15 08:52:02 第5步执行 proc_file.sh 脚本任务...
Jun 15 08:52:02 第6步判断是否配置了随即延迟参数...
Jun 15 08:52:02 第7步判断是否开启了自动互助...
Jun 15 08:52:02 已开启自动互助，设置互助参数中...
Jun 15 08:52:02 第8步判断是否配置了不运行的脚本...
Jun 15 08:52:02 第9步增加 |ts 任务日志输出时间戳...
Jun 15 08:52:02 第10步加载最新的定时任务文件...
Jun 15 08:52:02 第11步处理jd_crazy_joy_coin任务...
Jun 15 08:52:02 默认启用jd_crazy_joy_coin,杀掉jd_crazy_joy_coin任务，并重启
Jun 15 08:52:02 默认jd_crazy_joy_coin,重启完成
Jun 15 08:52:02 第12步将仓库的 docker_entrypoint.sh 脚本更新至系统 /usr/local/bin/docker_entrypoint.sh 内...
Jun 15 08:52:02 定时任务shell脚本执行成功✅
Jun 15 08:52:02 --------------------------------------------------默认定时任务执行完成---------------------------------------------------
Jun 15 08:52:02 默认定时任务执行结束。
Jun 15 08:52:02 
Jun 15 08:52:02 
Jun 15 08:52:02 
Jun 15 09:52:00 设定远程仓库地址...
Jun 15 09:52:00 git pull拉取最新代码...
Jun 15 09:52:00 git pull拉取shell最新代码...
Jun 15 09:52:00 HEAD is now at 82ec3e0 更新脚本
Jun 15 09:52:06 Already up to date.
Jun 15 09:52:06 Current branch master is up to date.
Jun 15 09:52:06 更新仓库代码成功✅
Jun 15 09:52:06 package.json无变化，跳过npm install...
Jun 15 09:52:06 -------------------------------------------------执行定时任务shell脚本--------------------------------------------------
Jun 15 09:52:06 定义定时任务合并处理用到的文件路径...
Jun 15 09:52:06 默认文件定时任务文件路径为 /scripts/docker/crontab_list.sh
Jun 15 09:52:06 合并后定时任务文件路径为 /scripts/docker/merged_list_file.sh
Jun 15 09:52:06 第1步将默认定时任务列表添加到合并后定时任务文件...
Jun 15 09:52:06 第2步判断是否存在自定义定时任务列表并追加...
Jun 15 09:52:06 您配置了自定义任务文件： crontab_list.sh ，自定义任务类型为： append
Jun 15 09:52:06 自定义任务文件为本地挂载。
Jun 15 09:52:06 合并默认定时任务文件： crontab_list.sh 和 自定义定时任务文件： crontab_list.sh
Jun 15 09:52:06 第3步判断是否配置了默认定时任务...
Jun 15 09:52:06 合并后的定时任务文件，未包含必须的默认定时任务，增加默认定时任务...
Jun 15 09:52:06 第4步判断是否配置自定义shell脚本...
Jun 15 09:52:06 未配置自定shell脚本文件，跳过执行。
Jun 15 09:52:06 第5步执行 proc_file.sh 脚本任务...
Jun 15 09:52:06 第6步判断是否配置了随即延迟参数...
Jun 15 09:52:06 第7步判断是否开启了自动互助...
Jun 15 09:52:06 已开启自动互助，设置互助参数中...
Jun 15 09:52:06 第8步判断是否配置了不运行的脚本...
Jun 15 09:52:06 第9步增加 |ts 任务日志输出时间戳...
Jun 15 09:52:06 第10步加载最新的定时任务文件...
Jun 15 09:52:06 第11步处理jd_crazy_joy_coin任务...
Jun 15 09:52:06 默认启用jd_crazy_joy_coin,杀掉jd_crazy_joy_coin任务，并重启
Jun 15 09:52:06 默认jd_crazy_joy_coin,重启完成
Jun 15 09:52:06 第12步将仓库的 docker_entrypoint.sh 脚本更新至系统 /usr/local/bin/docker_entrypoint.sh 内...
Jun 15 09:52:06 定时任务shell脚本执行成功✅
Jun 15 09:52:06 --------------------------------------------------默认定时任务执行完成---------------------------------------------------
Jun 15 09:52:06 默认定时任务执行结束。
Jun 15 09:52:06 
Jun 15 09:52:06 
Jun 15 09:52:06 
Jun 15 10:52:00 设定远程仓库地址...
Jun 15 10:52:00 git pull拉取最新代码...
Jun 15 10:52:00 git pull拉取shell最新代码...
Jun 15 10:52:00 HEAD is now at 82ec3e0 更新脚本
Jun 15 10:52:03 Already up to date.
Jun 15 10:52:03 Current branch master is up to date.
Jun 15 10:52:03 更新仓库代码成功✅
Jun 15 10:52:03 package.json无变化，跳过npm install...
Jun 15 10:52:03 -------------------------------------------------执行定时任务shell脚本--------------------------------------------------
Jun 15 10:52:03 定义定时任务合并处理用到的文件路径...
Jun 15 10:52:03 默认文件定时任务文件路径为 /scripts/docker/crontab_list.sh
Jun 15 10:52:03 合并后定时任务文件路径为 /scripts/docker/merged_list_file.sh
Jun 15 10:52:03 第1步将默认定时任务列表添加到合并后定时任务文件...
Jun 15 10:52:03 第2步判断是否存在自定义定时任务列表并追加...
Jun 15 10:52:03 您配置了自定义任务文件： crontab_list.sh ，自定义任务类型为： append
Jun 15 10:52:03 自定义任务文件为本地挂载。
Jun 15 10:52:03 合并默认定时任务文件： crontab_list.sh 和 自定义定时任务文件： crontab_list.sh
Jun 15 10:52:03 第3步判断是否配置了默认定时任务...
Jun 15 10:52:03 合并后的定时任务文件，未包含必须的默认定时任务，增加默认定时任务...
Jun 15 10:52:03 第4步判断是否配置自定义shell脚本...
Jun 15 10:52:03 未配置自定shell脚本文件，跳过执行。
Jun 15 10:52:03 第5步执行 proc_file.sh 脚本任务...
Jun 15 10:52:03 第6步判断是否配置了随即延迟参数...
Jun 15 10:52:03 第7步判断是否开启了自动互助...
Jun 15 10:52:03 已开启自动互助，设置互助参数中...
Jun 15 10:52:03 第8步判断是否配置了不运行的脚本...
Jun 15 10:52:03 第9步增加 |ts 任务日志输出时间戳...
Jun 15 10:52:03 第10步加载最新的定时任务文件...
Jun 15 10:52:03 第11步处理jd_crazy_joy_coin任务...
Jun 15 10:52:03 默认启用jd_crazy_joy_coin,杀掉jd_crazy_joy_coin任务，并重启
Jun 15 10:52:03 默认jd_crazy_joy_coin,重启完成
Jun 15 10:52:03 第12步将仓库的 docker_entrypoint.sh 脚本更新至系统 /usr/local/bin/docker_entrypoint.sh 内...
Jun 15 10:52:03 定时任务shell脚本执行成功✅
Jun 15 10:52:03 --------------------------------------------------默认定时任务执行完成---------------------------------------------------
Jun 15 10:52:03 默认定时任务执行结束。
Jun 15 10:52:03 
Jun 15 10:52:03 
Jun 15 10:52:03 
Jun 15 11:52:00 设定远程仓库地址...
Jun 15 11:52:00 git pull拉取最新代码...
Jun 15 11:52:00 git pull拉取shell最新代码...
Jun 15 11:52:00 HEAD is now at 82ec3e0 更新脚本
Jun 15 11:52:02 Already up to date.
Jun 15 11:52:02 Current branch master is up to date.
Jun 15 11:52:02 更新仓库代码成功✅
Jun 15 11:52:02 package.json无变化，跳过npm install...
Jun 15 11:52:02 -------------------------------------------------执行定时任务shell脚本--------------------------------------------------
Jun 15 11:52:02 定义定时任务合并处理用到的文件路径...
Jun 15 11:52:02 默认文件定时任务文件路径为 /scripts/docker/crontab_list.sh
Jun 15 11:52:02 合并后定时任务文件路径为 /scripts/docker/merged_list_file.sh
Jun 15 11:52:02 第1步将默认定时任务列表添加到合并后定时任务文件...
Jun 15 11:52:02 第2步判断是否存在自定义定时任务列表并追加...
Jun 15 11:52:02 您配置了自定义任务文件： crontab_list.sh ，自定义任务类型为： append
Jun 15 11:52:02 自定义任务文件为本地挂载。
Jun 15 11:52:02 合并默认定时任务文件： crontab_list.sh 和 自定义定时任务文件： crontab_list.sh
Jun 15 11:52:02 第3步判断是否配置了默认定时任务...
Jun 15 11:52:02 合并后的定时任务文件，未包含必须的默认定时任务，增加默认定时任务...
Jun 15 11:52:02 第4步判断是否配置自定义shell脚本...
Jun 15 11:52:02 未配置自定shell脚本文件，跳过执行。
Jun 15 11:52:02 第5步执行 proc_file.sh 脚本任务...
Jun 15 11:52:02 第6步判断是否配置了随即延迟参数...
Jun 15 11:52:02 第7步判断是否开启了自动互助...
Jun 15 11:52:02 已开启自动互助，设置互助参数中...
Jun 15 11:52:02 第8步判断是否配置了不运行的脚本...
Jun 15 11:52:02 第9步增加 |ts 任务日志输出时间戳...
Jun 15 11:52:02 第10步加载最新的定时任务文件...
Jun 15 11:52:02 第11步处理jd_crazy_joy_coin任务...
Jun 15 11:52:02 默认启用jd_crazy_joy_coin,杀掉jd_crazy_joy_coin任务，并重启
Jun 15 11:52:02 默认jd_crazy_joy_coin,重启完成
Jun 15 11:52:02 第12步将仓库的 docker_entrypoint.sh 脚本更新至系统 /usr/local/bin/docker_entrypoint.sh 内...
Jun 15 11:52:02 定时任务shell脚本执行成功✅
Jun 15 11:52:02 --------------------------------------------------默认定时任务执行完成---------------------------------------------------
Jun 15 11:52:02 默认定时任务执行结束。
Jun 15 11:52:02 
Jun 15 11:52:02 
Jun 15 11:52:02 
Jun 15 12:52:00 设定远程仓库地址...
Jun 15 12:52:00 git pull拉取最新代码...
Jun 15 12:52:00 git pull拉取shell最新代码...
Jun 15 12:52:00 HEAD is now at 82ec3e0 更新脚本
Jun 15 12:52:04 Already up to date.
Jun 15 12:52:04 Current branch master is up to date.
Jun 15 12:52:04 更新仓库代码成功✅
Jun 15 12:52:04 package.json无变化，跳过npm install...
Jun 15 12:52:04 -------------------------------------------------执行定时任务shell脚本--------------------------------------------------
Jun 15 12:52:04 定义定时任务合并处理用到的文件路径...
Jun 15 12:52:04 默认文件定时任务文件路径为 /scripts/docker/crontab_list.sh
Jun 15 12:52:04 合并后定时任务文件路径为 /scripts/docker/merged_list_file.sh
Jun 15 12:52:04 第1步将默认定时任务列表添加到合并后定时任务文件...
Jun 15 12:52:04 第2步判断是否存在自定义定时任务列表并追加...
Jun 15 12:52:04 您配置了自定义任务文件： crontab_list.sh ，自定义任务类型为： append
Jun 15 12:52:04 自定义任务文件为本地挂载。
Jun 15 12:52:04 合并默认定时任务文件： crontab_list.sh 和 自定义定时任务文件： crontab_list.sh
Jun 15 12:52:04 第3步判断是否配置了默认定时任务...
Jun 15 12:52:04 合并后的定时任务文件，未包含必须的默认定时任务，增加默认定时任务...
Jun 15 12:52:04 第4步判断是否配置自定义shell脚本...
Jun 15 12:52:04 未配置自定shell脚本文件，跳过执行。
Jun 15 12:52:04 第5步执行 proc_file.sh 脚本任务...
Jun 15 12:52:04 第6步判断是否配置了随即延迟参数...
Jun 15 12:52:04 第7步判断是否开启了自动互助...
Jun 15 12:52:04 已开启自动互助，设置互助参数中...
Jun 15 12:52:04 第8步判断是否配置了不运行的脚本...
Jun 15 12:52:04 第9步增加 |ts 任务日志输出时间戳...
Jun 15 12:52:04 第10步加载最新的定时任务文件...
Jun 15 12:52:04 第11步处理jd_crazy_joy_coin任务...
Jun 15 12:52:04 默认启用jd_crazy_joy_coin,杀掉jd_crazy_joy_coin任务，并重启
Jun 15 12:52:04 默认jd_crazy_joy_coin,重启完成
Jun 15 12:52:04 第12步将仓库的 docker_entrypoint.sh 脚本更新至系统 /usr/local/bin/docker_entrypoint.sh 内...
Jun 15 12:52:04 定时任务shell脚本执行成功✅
Jun 15 12:52:04 --------------------------------------------------默认定时任务执行完成---------------------------------------------------
Jun 15 12:52:04 默认定时任务执行结束。
Jun 15 12:52:04 
Jun 15 12:52:04 
Jun 15 12:52:04 
Jun 15 13:52:00 设定远程仓库地址...
Jun 15 13:52:00 git pull拉取最新代码...
Jun 15 13:52:00 git pull拉取shell最新代码...
Jun 15 13:52:00 HEAD is now at 82ec3e0 更新脚本
Jun 15 13:52:05 Already up to date.
Jun 15 13:52:05 Current branch master is up to date.
Jun 15 13:52:05 更新仓库代码成功✅
Jun 15 13:52:05 package.json无变化，跳过npm install...
Jun 15 13:52:05 -------------------------------------------------执行定时任务shell脚本--------------------------------------------------
Jun 15 13:52:05 定义定时任务合并处理用到的文件路径...
Jun 15 13:52:05 默认文件定时任务文件路径为 /scripts/docker/crontab_list.sh
Jun 15 13:52:05 合并后定时任务文件路径为 /scripts/docker/merged_list_file.sh
Jun 15 13:52:05 第1步将默认定时任务列表添加到合并后定时任务文件...
Jun 15 13:52:05 第2步判断是否存在自定义定时任务列表并追加...
Jun 15 13:52:05 您配置了自定义任务文件： crontab_list.sh ，自定义任务类型为： append
Jun 15 13:52:05 自定义任务文件为本地挂载。
Jun 15 13:52:05 合并默认定时任务文件： crontab_list.sh 和 自定义定时任务文件： crontab_list.sh
Jun 15 13:52:05 第3步判断是否配置了默认定时任务...
Jun 15 13:52:05 合并后的定时任务文件，未包含必须的默认定时任务，增加默认定时任务...
Jun 15 13:52:05 第4步判断是否配置自定义shell脚本...
Jun 15 13:52:05 未配置自定shell脚本文件，跳过执行。
Jun 15 13:52:05 第5步执行 proc_file.sh 脚本任务...
Jun 15 13:52:05 第6步判断是否配置了随即延迟参数...
Jun 15 13:52:05 第7步判断是否开启了自动互助...
Jun 15 13:52:05 已开启自动互助，设置互助参数中...
Jun 15 13:52:05 第8步判断是否配置了不运行的脚本...
Jun 15 13:52:05 第9步增加 |ts 任务日志输出时间戳...
Jun 15 13:52:05 第10步加载最新的定时任务文件...
Jun 15 13:52:05 第11步处理jd_crazy_joy_coin任务...
Jun 15 13:52:05 默认启用jd_crazy_joy_coin,杀掉jd_crazy_joy_coin任务，并重启
Jun 15 13:52:05 默认jd_crazy_joy_coin,重启完成
Jun 15 13:52:05 第12步将仓库的 docker_entrypoint.sh 脚本更新至系统 /usr/local/bin/docker_entrypoint.sh 内...
Jun 15 13:52:05 定时任务shell脚本执行成功✅
Jun 15 13:52:05 --------------------------------------------------默认定时任务执行完成---------------------------------------------------
Jun 15 13:52:05 默认定时任务执行结束。
Jun 15 13:52:05 
Jun 15 13:52:05 
Jun 15 13:52:05 
Jun 15 14:52:00 设定远程仓库地址...
Jun 15 14:52:00 git pull拉取最新代码...
Jun 15 14:52:00 git pull拉取shell最新代码...
Jun 15 14:52:00 HEAD is now at 82ec3e0 更新脚本
Jun 15 14:52:06 Already up to date.
Jun 15 14:52:06 Current branch master is up to date.
Jun 15 14:52:06 更新仓库代码成功✅
Jun 15 14:52:06 package.json无变化，跳过npm install...
Jun 15 14:52:06 -------------------------------------------------执行定时任务shell脚本--------------------------------------------------
Jun 15 14:52:06 定义定时任务合并处理用到的文件路径...
Jun 15 14:52:06 默认文件定时任务文件路径为 /scripts/docker/crontab_list.sh
Jun 15 14:52:06 合并后定时任务文件路径为 /scripts/docker/merged_list_file.sh
Jun 15 14:52:06 第1步将默认定时任务列表添加到合并后定时任务文件...
Jun 15 14:52:06 第2步判断是否存在自定义定时任务列表并追加...
Jun 15 14:52:06 您配置了自定义任务文件： crontab_list.sh ，自定义任务类型为： append
Jun 15 14:52:06 自定义任务文件为本地挂载。
Jun 15 14:52:06 合并默认定时任务文件： crontab_list.sh 和 自定义定时任务文件： crontab_list.sh
Jun 15 14:52:06 第3步判断是否配置了默认定时任务...
Jun 15 14:52:06 合并后的定时任务文件，未包含必须的默认定时任务，增加默认定时任务...
Jun 15 14:52:06 第4步判断是否配置自定义shell脚本...
Jun 15 14:52:06 未配置自定shell脚本文件，跳过执行。
Jun 15 14:52:06 第5步执行 proc_file.sh 脚本任务...
Jun 15 14:52:06 第6步判断是否配置了随即延迟参数...
Jun 15 14:52:06 第7步判断是否开启了自动互助...
Jun 15 14:52:06 已开启自动互助，设置互助参数中...
Jun 15 14:52:06 第8步判断是否配置了不运行的脚本...
Jun 15 14:52:06 第9步增加 |ts 任务日志输出时间戳...
Jun 15 14:52:06 第10步加载最新的定时任务文件...
Jun 15 14:52:06 第11步处理jd_crazy_joy_coin任务...
Jun 15 14:52:06 默认启用jd_crazy_joy_coin,杀掉jd_crazy_joy_coin任务，并重启
Jun 15 14:52:06 默认jd_crazy_joy_coin,重启完成
Jun 15 14:52:06 第12步将仓库的 docker_entrypoint.sh 脚本更新至系统 /usr/local/bin/docker_entrypoint.sh 内...
Jun 15 14:52:06 定时任务shell脚本执行成功✅
Jun 15 14:52:06 --------------------------------------------------默认定时任务执行完成---------------------------------------------------
Jun 15 14:52:06 默认定时任务执行结束。
Jun 15 14:52:06 
Jun 15 14:52:06 
Jun 15 14:52:06 
Jun 15 15:52:00 设定远程仓库地址...
Jun 15 15:52:00 git pull拉取最新代码...
Jun 15 15:52:00 git pull拉取shell最新代码...
Jun 15 15:52:00 HEAD is now at 82ec3e0 更新脚本
Jun 15 15:52:04 Already up to date.
Jun 15 15:52:04 Current branch master is up to date.
Jun 15 15:52:04 更新仓库代码成功✅
Jun 15 15:52:04 package.json无变化，跳过npm install...
Jun 15 15:52:04 -------------------------------------------------执行定时任务shell脚本--------------------------------------------------
Jun 15 15:52:04 定义定时任务合并处理用到的文件路径...
Jun 15 15:52:04 默认文件定时任务文件路径为 /scripts/docker/crontab_list.sh
Jun 15 15:52:04 合并后定时任务文件路径为 /scripts/docker/merged_list_file.sh
Jun 15 15:52:04 第1步将默认定时任务列表添加到合并后定时任务文件...
Jun 15 15:52:04 第2步判断是否存在自定义定时任务列表并追加...
Jun 15 15:52:04 您配置了自定义任务文件： crontab_list.sh ，自定义任务类型为： append
Jun 15 15:52:04 自定义任务文件为本地挂载。
Jun 15 15:52:04 合并默认定时任务文件： crontab_list.sh 和 自定义定时任务文件： crontab_list.sh
Jun 15 15:52:04 第3步判断是否配置了默认定时任务...
Jun 15 15:52:04 合并后的定时任务文件，未包含必须的默认定时任务，增加默认定时任务...
Jun 15 15:52:04 第4步判断是否配置自定义shell脚本...
Jun 15 15:52:04 未配置自定shell脚本文件，跳过执行。
Jun 15 15:52:04 第5步执行 proc_file.sh 脚本任务...
Jun 15 15:52:04 第6步判断是否配置了随即延迟参数...
Jun 15 15:52:04 第7步判断是否开启了自动互助...
Jun 15 15:52:04 已开启自动互助，设置互助参数中...
Jun 15 15:52:04 第8步判断是否配置了不运行的脚本...
Jun 15 15:52:04 第9步增加 |ts 任务日志输出时间戳...
Jun 15 15:52:04 第10步加载最新的定时任务文件...
Jun 15 15:52:04 第11步处理jd_crazy_joy_coin任务...
Jun 15 15:52:04 默认启用jd_crazy_joy_coin,杀掉jd_crazy_joy_coin任务，并重启
Jun 15 15:52:04 默认jd_crazy_joy_coin,重启完成
Jun 15 15:52:04 第12步将仓库的 docker_entrypoint.sh 脚本更新至系统 /usr/local/bin/docker_entrypoint.sh 内...
Jun 15 15:52:04 定时任务shell脚本执行成功✅
Jun 15 15:52:04 --------------------------------------------------默认定时任务执行完成---------------------------------------------------
Jun 15 15:52:04 默认定时任务执行结束。
Jun 15 15:52:04 
Jun 15 15:52:04 
Jun 15 15:52:04 
Jun 15 16:52:00 设定远程仓库地址...
Jun 15 16:52:00 git pull拉取最新代码...
Jun 15 16:52:00 git pull拉取shell最新代码...
Jun 15 16:52:00 HEAD is now at 82ec3e0 更新脚本
Jun 15 16:52:02 Already up to date.
Jun 15 16:52:02 Current branch master is up to date.
Jun 15 16:52:02 更新仓库代码成功✅
Jun 15 16:52:02 package.json无变化，跳过npm install...
Jun 15 16:52:02 -------------------------------------------------执行定时任务shell脚本--------------------------------------------------
Jun 15 16:52:02 定义定时任务合并处理用到的文件路径...
Jun 15 16:52:02 默认文件定时任务文件路径为 /scripts/docker/crontab_list.sh
Jun 15 16:52:02 合并后定时任务文件路径为 /scripts/docker/merged_list_file.sh
Jun 15 16:52:02 第1步将默认定时任务列表添加到合并后定时任务文件...
Jun 15 16:52:02 第2步判断是否存在自定义定时任务列表并追加...
Jun 15 16:52:02 您配置了自定义任务文件： crontab_list.sh ，自定义任务类型为： append
Jun 15 16:52:02 自定义任务文件为本地挂载。
Jun 15 16:52:02 合并默认定时任务文件： crontab_list.sh 和 自定义定时任务文件： crontab_list.sh
Jun 15 16:52:02 第3步判断是否配置了默认定时任务...
Jun 15 16:52:02 合并后的定时任务文件，未包含必须的默认定时任务，增加默认定时任务...
Jun 15 16:52:02 第4步判断是否配置自定义shell脚本...
Jun 15 16:52:02 未配置自定shell脚本文件，跳过执行。
Jun 15 16:52:02 第5步执行 proc_file.sh 脚本任务...
Jun 15 16:52:02 第6步判断是否配置了随即延迟参数...
Jun 15 16:52:02 第7步判断是否开启了自动互助...
Jun 15 16:52:02 已开启自动互助，设置互助参数中...
Jun 15 16:52:02 第8步判断是否配置了不运行的脚本...
Jun 15 16:52:02 第9步增加 |ts 任务日志输出时间戳...
Jun 15 16:52:02 第10步加载最新的定时任务文件...
Jun 15 16:52:02 第11步处理jd_crazy_joy_coin任务...
Jun 15 16:52:02 默认启用jd_crazy_joy_coin,杀掉jd_crazy_joy_coin任务，并重启
Jun 15 16:52:02 默认jd_crazy_joy_coin,重启完成
Jun 15 16:52:02 第12步将仓库的 docker_entrypoint.sh 脚本更新至系统 /usr/local/bin/docker_entrypoint.sh 内...
Jun 15 16:52:02 定时任务shell脚本执行成功✅
Jun 15 16:52:02 --------------------------------------------------默认定时任务执行完成---------------------------------------------------
Jun 15 16:52:02 默认定时任务执行结束。
Jun 15 16:52:02 
Jun 15 16:52:02 
Jun 15 16:52:02 
