Jun 14 10:20:00Jun 14 10:20:00 
 
Jun 14 10:20:00Jun 14 10:20:00 🔔京东资产变动通知, 开始!
 🔔京东资产变动通知, 开始!
Jun 14 10:20:00Jun 14 10:20:00 您的cookie选择的是用&隔开
 您的cookie选择的是用&隔开
Jun 14 10:20:00 
Jun 14 10:20:00 
Jun 14 10:20:00 
Jun 14 10:20:00Jun 14 10:20:00 ====================共有2个京东账号Cookie=========
 
Jun 14 10:20:00 
Jun 14 10:20:00 ====================共有2个京东账号Cookie=========
Jun 14 10:20:00 
Jun 14 10:20:00 ==================脚本执行- 北京时间(UTC+8)：6/14/2021, 10:20:00 AM=====================
Jun 14 10:20:00 
Jun 14 10:20:00 ==================脚本执行- 北京时间(UTC+8)：6/14/2021, 10:20:00 AM=====================
Jun 14 10:20:00 
Jun 14 10:20:01 
Jun 14 10:20:01 ********开始【京东账号1】lman87******
Jun 14 10:20:01 
Jun 14 10:20:01 
Jun 14 10:20:01 ********开始【京东账号1】lman87******
Jun 14 10:20:01 
Jun 14 10:20:01 2021-06-14日过期京豆：0
Jun 14 10:20:01 
Jun 14 10:20:01 2021-06-15日过期京豆：0
Jun 14 10:20:01 
Jun 14 10:20:01 2021-06-16日过期京豆：30
Jun 14 10:20:01 
Jun 14 10:20:01 2021-06-17日过期京豆：0
Jun 14 10:20:01 
Jun 14 10:20:01 2021-06-18日过期京豆：0
Jun 14 10:20:01 
Jun 14 10:20:01 2021-06-19日过期京豆：0
Jun 14 10:20:01 
Jun 14 10:20:01 2021-06-20日过期京豆：2
Jun 14 10:20:01 
Jun 14 10:20:01 2021-06-14日过期京豆：0
Jun 14 10:20:01 
Jun 14 10:20:01 2021-06-15日过期京豆：0
Jun 14 10:20:01 
Jun 14 10:20:01 2021-06-16日过期京豆：30
Jun 14 10:20:01 
Jun 14 10:20:01 2021-06-17日过期京豆：0
Jun 14 10:20:01 
Jun 14 10:20:01 2021-06-18日过期京豆：0
Jun 14 10:20:01 
Jun 14 10:20:01 2021-06-19日过期京豆：0
Jun 14 10:20:01 
Jun 14 10:20:01 2021-06-20日过期京豆：2
Jun 14 10:20:01 
Jun 14 10:20:01 
Jun 14 10:20:01 ==============📣系统通知📣==============
Jun 14 10:20:01 京东资产变动通知
Jun 14 10:20:01 账号1：lman87
Jun 14 10:20:01 今日收入：251京豆 🐶
Jun 14 10:20:01 昨日收入：194京豆 🐶
Jun 14 10:20:01 昨日支出：0京豆 🐶
Jun 14 10:20:01 当前京豆：8308(今日将过期0)京豆🐶
Jun 14 10:20:01 当前总红包：14.98(今日总过期0.80)元 🧧
Jun 14 10:20:01 京喜红包：5.19(今日将过期0.00)元 🧧
Jun 14 10:20:01 极速红包：1.00(今日将过期0.37)元 🧧
Jun 14 10:20:01 京东红包：8.79(今日将过期0.43)元 🧧
Jun 14 10:20:01 健康红包：0.00(今日将过期0.00)元 🧧
Jun 14 10:20:01 
Jun 14 10:20:01 ==============📣系统通知📣==============
Jun 14 10:20:01 京东资产变动通知
Jun 14 10:20:01 账号1：lman87
Jun 14 10:20:01 今日收入：251京豆 🐶
Jun 14 10:20:01 昨日收入：194京豆 🐶
Jun 14 10:20:01 昨日支出：0京豆 🐶
Jun 14 10:20:01 当前京豆：8308(今日将过期0)京豆🐶
Jun 14 10:20:01 当前总红包：14.98(今日总过期0.80)元 🧧
Jun 14 10:20:01 京喜红包：5.19(今日将过期0.00)元 🧧
Jun 14 10:20:01 极速红包：1.00(今日将过期0.37)元 🧧
Jun 14 10:20:01 京东红包：8.79(今日将过期0.43)元 🧧
Jun 14 10:20:01 健康红包：0.00(今日将过期0.00)元 🧧
Jun 14 10:20:01 
Jun 14 10:20:01 ********开始【京东账号2】变速箱2019******
Jun 14 10:20:01 
Jun 14 10:20:01 
Jun 14 10:20:01 ********开始【京东账号2】变速箱2019******
Jun 14 10:20:01 
Jun 14 10:20:01 2021-06-14日过期京豆：0
Jun 14 10:20:01 
Jun 14 10:20:01 2021-06-15日过期京豆：0
Jun 14 10:20:01 
Jun 14 10:20:01 2021-06-16日过期京豆：0
Jun 14 10:20:01 
Jun 14 10:20:01 2021-06-17日过期京豆：0
Jun 14 10:20:01 
Jun 14 10:20:01 2021-06-18日过期京豆：0
Jun 14 10:20:01 
Jun 14 10:20:01 2021-06-19日过期京豆：0
Jun 14 10:20:01 
Jun 14 10:20:01 2021-06-20日过期京豆：0
Jun 14 10:20:01 
Jun 14 10:20:01 2021-06-14日过期京豆：0
Jun 14 10:20:01 
Jun 14 10:20:01 2021-06-15日过期京豆：0
Jun 14 10:20:01 
Jun 14 10:20:01 2021-06-16日过期京豆：0
Jun 14 10:20:01 
Jun 14 10:20:01 2021-06-17日过期京豆：0
Jun 14 10:20:01 
Jun 14 10:20:01 2021-06-18日过期京豆：0
Jun 14 10:20:01 
Jun 14 10:20:01 2021-06-19日过期京豆：0
Jun 14 10:20:01 
Jun 14 10:20:01 2021-06-20日过期京豆：0
Jun 14 10:20:01 
Jun 14 10:20:01 
Jun 14 10:20:01 ==============📣系统通知📣==============
Jun 14 10:20:01 京东资产变动通知
Jun 14 10:20:01 账号2：变速箱2019
Jun 14 10:20:01 今日收入：248京豆 🐶
Jun 14 10:20:01 昨日收入：172京豆 🐶
Jun 14 10:20:01 昨日支出：-110京豆 🐶
Jun 14 10:20:01 当前京豆：9386(今日将过期0)京豆🐶
Jun 14 10:20:01 当前总红包：10.05(今日总过期1.43)元 🧧
Jun 14 10:20:01 京喜红包：0.00(今日将过期0.00)元 🧧
Jun 14 10:20:01 极速红包：1.23(今日将过期1.13)元 🧧
Jun 14 10:20:01 京东红包：8.82(今日将过期0.30)元 🧧
Jun 14 10:20:01 健康红包：0.00(今日将过期0.00)元 🧧
Jun 14 10:20:01 
Jun 14 10:20:01 
Jun 14 10:20:01 您未提供server酱的SCKEY，取消微信推送消息通知🚫
Jun 14 10:20:01 
Jun 14 10:20:01 您未提供push+推送所需的PUSH_PLUS_TOKEN，取消push+推送消息通知🚫
Jun 14 10:20:01 
Jun 14 10:20:01 您未提供Bark的APP推送BARK_PUSH，取消Bark推送消息通知🚫
Jun 14 10:20:01 
Jun 14 10:20:01 您未提供telegram机器人推送所需的TG_BOT_TOKEN和TG_USER_ID，取消telegram推送消息通知🚫
Jun 14 10:20:01 
Jun 14 10:20:01 您未提供企业微信机器人推送所需的QYWX_KEY，取消企业微信推送消息通知🚫
Jun 14 10:20:01 
Jun 14 10:20:01 您未提供企业微信应用消息推送所需的QYWX_AM，取消企业微信应用消息推送消息通知🚫
Jun 14 10:20:01 
Jun 14 10:20:01 您未提供iGot的推送IGOT_PUSH_KEY，取消iGot推送消息通知🚫
Jun 14 10:20:01 
Jun 14 10:20:01 
Jun 14 10:20:01 ==============📣系统通知📣==============
Jun 14 10:20:01 京东资产变动通知
Jun 14 10:20:01 账号2：变速箱2019
Jun 14 10:20:01 今日收入：248京豆 🐶
Jun 14 10:20:01 昨日收入：172京豆 🐶
Jun 14 10:20:01 昨日支出：-110京豆 🐶
Jun 14 10:20:01 当前京豆：9386(今日将过期0)京豆🐶
Jun 14 10:20:01 当前总红包：10.05(今日总过期1.43)元 🧧
Jun 14 10:20:01 京喜红包：0.00(今日将过期0.00)元 🧧
Jun 14 10:20:01 极速红包：1.23(今日将过期1.13)元 🧧
Jun 14 10:20:01 京东红包：8.82(今日将过期0.30)元 🧧
Jun 14 10:20:01 健康红包：0.00(今日将过期0.00)元 🧧
Jun 14 10:20:01 
Jun 14 10:20:01 
Jun 14 10:20:01 您未提供server酱的SCKEY，取消微信推送消息通知🚫
Jun 14 10:20:01 
Jun 14 10:20:01 您未提供push+推送所需的PUSH_PLUS_TOKEN，取消push+推送消息通知🚫
Jun 14 10:20:01 
Jun 14 10:20:01 您未提供Bark的APP推送BARK_PUSH，取消Bark推送消息通知🚫
Jun 14 10:20:01 
Jun 14 10:20:01 您未提供telegram机器人推送所需的TG_BOT_TOKEN和TG_USER_ID，取消telegram推送消息通知🚫
Jun 14 10:20:01 
Jun 14 10:20:01 您未提供企业微信机器人推送所需的QYWX_KEY，取消企业微信推送消息通知🚫
Jun 14 10:20:01 
Jun 14 10:20:01 您未提供企业微信应用消息推送所需的QYWX_AM，取消企业微信应用消息推送消息通知🚫
Jun 14 10:20:01 
Jun 14 10:20:01 您未提供iGot的推送IGOT_PUSH_KEY，取消iGot推送消息通知🚫
Jun 14 10:20:01 
Jun 14 10:20:01 钉钉发送通知消息成功🎉。
Jun 14 10:20:01 
Jun 14 10:20:01 
Jun 14 10:20:01 🔔京东资产变动通知, 结束! 🕛 0.992 秒
Jun 14 10:20:01 
Jun 14 10:20:01 钉钉发送通知消息成功🎉。
Jun 14 10:20:01 
Jun 14 10:20:01 
Jun 14 10:20:01 🔔京东资产变动通知, 结束! 🕛 1.023 秒
Jun 14 10:20:01 
Jun 15 10:20:00 
Jun 15 10:20:00 🔔京东资产变动通知, 开始!
Jun 15 10:20:00 
Jun 15 10:20:00 🔔京东资产变动通知, 开始!
Jun 15 10:20:00 您的cookie选择的是用&隔开
Jun 15 10:20:00 
Jun 15 10:20:00 
Jun 15 10:20:00 ====================共有2个京东账号Cookie=========
Jun 15 10:20:00 
Jun 15 10:20:00 您的cookie选择的是用&隔开
Jun 15 10:20:00 
Jun 15 10:20:00 
Jun 15 10:20:00 ====================共有2个京东账号Cookie=========
Jun 15 10:20:00 
Jun 15 10:20:00 ==================脚本执行- 北京时间(UTC+8)：6/15/2021, 10:20:00 AM=====================
Jun 15 10:20:00 
Jun 15 10:20:00 ==================脚本执行- 北京时间(UTC+8)：6/15/2021, 10:20:00 AM=====================
Jun 15 10:20:00 
Jun 15 10:20:00 
Jun 15 10:20:00 ********开始【京东账号1】lman87******
Jun 15 10:20:00 
Jun 15 10:20:00 
Jun 15 10:20:00 ********开始【京东账号1】lman87******
Jun 15 10:20:00 
Jun 15 10:20:00 2021-06-15日过期京豆：0
Jun 15 10:20:00 
Jun 15 10:20:00 2021-06-16日过期京豆：30
Jun 15 10:20:00 
Jun 15 10:20:00 2021-06-17日过期京豆：0
Jun 15 10:20:00 
Jun 15 10:20:00 2021-06-18日过期京豆：0
Jun 15 10:20:00 
Jun 15 10:20:00 2021-06-19日过期京豆：0
Jun 15 10:20:00 
Jun 15 10:20:00 2021-06-20日过期京豆：2
Jun 15 10:20:00 
Jun 15 10:20:00 2021-06-21日过期京豆：5
Jun 15 10:20:00 
Jun 15 10:20:00 2021-06-15日过期京豆：0
Jun 15 10:20:00 
Jun 15 10:20:00 2021-06-16日过期京豆：30
Jun 15 10:20:00 
Jun 15 10:20:00 2021-06-17日过期京豆：0
Jun 15 10:20:00 
Jun 15 10:20:00 2021-06-18日过期京豆：0
Jun 15 10:20:00 
Jun 15 10:20:00 2021-06-19日过期京豆：0
Jun 15 10:20:00 
Jun 15 10:20:00 2021-06-20日过期京豆：2
Jun 15 10:20:00 
Jun 15 10:20:00 2021-06-21日过期京豆：5
Jun 15 10:20:00 
Jun 15 10:20:00 
Jun 15 10:20:00 ==============📣系统通知📣==============
Jun 15 10:20:00 京东资产变动通知
Jun 15 10:20:00 账号1：lman87
Jun 15 10:20:00 今日收入：131京豆 🐶
Jun 15 10:20:00 昨日收入：321京豆 🐶
Jun 15 10:20:00 昨日支出：0京豆 🐶
Jun 15 10:20:00 当前京豆：8509(今日将过期0)京豆🐶
Jun 15 10:20:00 当前总红包：14.60(今日总过期7.12)元 🧧
Jun 15 10:20:00 京喜红包：5.19(今日将过期5.01)元 🧧
Jun 15 10:20:00 极速红包：0.63(今日将过期0.63)元 🧧
Jun 15 10:20:00 京东红包：8.78(今日将过期1.48)元 🧧
Jun 15 10:20:00 健康红包：0.00(今日将过期0.00)元 🧧
Jun 15 10:20:01 
Jun 15 10:20:01 ==============📣系统通知📣==============
Jun 15 10:20:01 京东资产变动通知
Jun 15 10:20:01 账号1：lman87
Jun 15 10:20:01 今日收入：131京豆 🐶
Jun 15 10:20:01 昨日收入：321京豆 🐶
Jun 15 10:20:01 昨日支出：0京豆 🐶
Jun 15 10:20:01 当前京豆：8509(今日将过期0)京豆🐶
Jun 15 10:20:01 当前总红包：14.60(今日总过期7.12)元 🧧
Jun 15 10:20:01 京喜红包：5.19(今日将过期5.01)元 🧧
Jun 15 10:20:01 极速红包：0.63(今日将过期0.63)元 🧧
Jun 15 10:20:01 京东红包：8.78(今日将过期1.48)元 🧧
Jun 15 10:20:01 健康红包：0.00(今日将过期0.00)元 🧧
Jun 15 10:20:01 
Jun 15 10:20:01 ********开始【京东账号2】变速箱2019******
Jun 15 10:20:01 
Jun 15 10:20:01 
Jun 15 10:20:01 ********开始【京东账号2】变速箱2019******
Jun 15 10:20:01 
Jun 15 10:20:01 2021-06-15日过期京豆：0
Jun 15 10:20:01 
Jun 15 10:20:01 2021-06-16日过期京豆：0
Jun 15 10:20:01 
Jun 15 10:20:01 2021-06-17日过期京豆：0
Jun 15 10:20:01 
Jun 15 10:20:01 2021-06-18日过期京豆：0
Jun 15 10:20:01 
Jun 15 10:20:01 2021-06-19日过期京豆：0
Jun 15 10:20:01 
Jun 15 10:20:01 2021-06-20日过期京豆：0
Jun 15 10:20:01 
Jun 15 10:20:01 2021-06-21日过期京豆：0
Jun 15 10:20:01 
Jun 15 10:20:01 2021-06-15日过期京豆：0
Jun 15 10:20:01 
Jun 15 10:20:01 2021-06-16日过期京豆：0
Jun 15 10:20:01 
Jun 15 10:20:01 2021-06-17日过期京豆：0
Jun 15 10:20:01 
Jun 15 10:20:01 2021-06-18日过期京豆：0
Jun 15 10:20:01 
Jun 15 10:20:01 2021-06-19日过期京豆：0
Jun 15 10:20:01 
Jun 15 10:20:01 2021-06-20日过期京豆：0
Jun 15 10:20:01 
Jun 15 10:20:01 2021-06-21日过期京豆：0
Jun 15 10:20:01 
Jun 15 10:20:01 
Jun 15 10:20:01 ==============📣系统通知📣==============
Jun 15 10:20:01 京东资产变动通知
Jun 15 10:20:01 账号2：变速箱2019
Jun 15 10:20:01 今日收入：121京豆 🐶
Jun 15 10:20:01 昨日收入：287京豆 🐶
Jun 15 10:20:01 昨日支出：-110京豆 🐶
Jun 15 10:20:01 当前京豆：9546(今日将过期0)京豆🐶
Jun 15 10:20:01 当前总红包：10.00(今日总过期0.58)元 🧧
Jun 15 10:20:01 京喜红包：0.00(今日将过期0.00)元 🧧
Jun 15 10:20:01 极速红包：0.60(今日将过期0.10)元 🧧
Jun 15 10:20:01 京东红包：9.40(今日将过期0.48)元 🧧
Jun 15 10:20:01 健康红包：0.00(今日将过期0.00)元 🧧
Jun 15 10:20:01 
Jun 15 10:20:01 
Jun 15 10:20:01 您未提供server酱的SCKEY，取消微信推送消息通知🚫
Jun 15 10:20:01 
Jun 15 10:20:01 您未提供push+推送所需的PUSH_PLUS_TOKEN，取消push+推送消息通知🚫
Jun 15 10:20:01 
Jun 15 10:20:01 您未提供Bark的APP推送BARK_PUSH，取消Bark推送消息通知🚫
Jun 15 10:20:01 
Jun 15 10:20:01 您未提供telegram机器人推送所需的TG_BOT_TOKEN和TG_USER_ID，取消telegram推送消息通知🚫
Jun 15 10:20:01 
Jun 15 10:20:01 您未提供企业微信机器人推送所需的QYWX_KEY，取消企业微信推送消息通知🚫
Jun 15 10:20:01 
Jun 15 10:20:01 您未提供企业微信应用消息推送所需的QYWX_AM，取消企业微信应用消息推送消息通知🚫
Jun 15 10:20:01 
Jun 15 10:20:01 您未提供iGot的推送IGOT_PUSH_KEY，取消iGot推送消息通知🚫
Jun 15 10:20:01 
Jun 15 10:20:01 
Jun 15 10:20:01 ==============📣系统通知📣==============
Jun 15 10:20:01 京东资产变动通知
Jun 15 10:20:01 账号2：变速箱2019
Jun 15 10:20:01 今日收入：121京豆 🐶
Jun 15 10:20:01 昨日收入：287京豆 🐶
Jun 15 10:20:01 昨日支出：-110京豆 🐶
Jun 15 10:20:01 当前京豆：9546(今日将过期0)京豆🐶
Jun 15 10:20:01 当前总红包：10.00(今日总过期0.58)元 🧧
Jun 15 10:20:01 京喜红包：0.00(今日将过期0.00)元 🧧
Jun 15 10:20:01 极速红包：0.60(今日将过期0.10)元 🧧
Jun 15 10:20:01 京东红包：9.40(今日将过期0.48)元 🧧
Jun 15 10:20:01 健康红包：0.00(今日将过期0.00)元 🧧
Jun 15 10:20:01 
Jun 15 10:20:01 
Jun 15 10:20:01 您未提供server酱的SCKEY，取消微信推送消息通知🚫
Jun 15 10:20:01 
Jun 15 10:20:01 您未提供push+推送所需的PUSH_PLUS_TOKEN，取消push+推送消息通知🚫
Jun 15 10:20:01 
Jun 15 10:20:01 您未提供Bark的APP推送BARK_PUSH，取消Bark推送消息通知🚫
Jun 15 10:20:01 
Jun 15 10:20:01 您未提供telegram机器人推送所需的TG_BOT_TOKEN和TG_USER_ID，取消telegram推送消息通知🚫
Jun 15 10:20:01 
Jun 15 10:20:01 您未提供企业微信机器人推送所需的QYWX_KEY，取消企业微信推送消息通知🚫
Jun 15 10:20:01 
Jun 15 10:20:01 您未提供企业微信应用消息推送所需的QYWX_AM，取消企业微信应用消息推送消息通知🚫
Jun 15 10:20:01 
Jun 15 10:20:01 您未提供iGot的推送IGOT_PUSH_KEY，取消iGot推送消息通知🚫
Jun 15 10:20:01 
Jun 15 10:20:01 钉钉发送通知消息成功🎉。
Jun 15 10:20:01 
Jun 15 10:20:01 
Jun 15 10:20:01 🔔京东资产变动通知, 结束! 🕛 1.084 秒
Jun 15 10:20:01 
Jun 15 10:20:01 钉钉发送通知消息成功🎉。
Jun 15 10:20:01 
Jun 15 10:20:01 
Jun 15 10:20:01 🔔京东资产变动通知, 结束! 🕛 1.093 秒
Jun 15 10:20:01 
