Jun 14 01:23:00 
Jun 14 01:23:00 🔔领京豆额外奖励, 开始!
Jun 14 01:23:00 您的cookie选择的是用&隔开
Jun 14 01:23:00 
Jun 14 01:23:00 
Jun 14 01:23:00 ====================共有2个京东账号Cookie=========
Jun 14 01:23:00 
Jun 14 01:23:00 
Jun 14 01:23:00 🔔领京豆额外奖励, 开始!
Jun 14 01:23:00 您的cookie选择的是用&隔开
Jun 14 01:23:00 
Jun 14 01:23:00 
Jun 14 01:23:00 ====================共有2个京东账号Cookie=========
Jun 14 01:23:00 
Jun 14 01:23:00 ==================脚本执行- 北京时间(UTC+8)：6/14/2021, 1:23:00 AM=====================
Jun 14 01:23:00 
Jun 14 01:23:00 ==================脚本执行- 北京时间(UTC+8)：6/14/2021, 1:23:00 AM=====================
Jun 14 01:23:00 
Jun 14 12:23:00 
Jun 14 12:23:00 🔔领京豆额外奖励, 开始!
Jun 14 12:23:00 您的cookie选择的是用&隔开
Jun 14 12:23:00 
Jun 14 12:23:00 
Jun 14 12:23:00 ====================共有2个京东账号Cookie=========
Jun 14 12:23:00 
Jun 14 12:23:00 
Jun 14 12:23:00 🔔领京豆额外奖励, 开始!
Jun 14 12:23:00 您的cookie选择的是用&隔开
Jun 14 12:23:00 
Jun 14 12:23:00 
Jun 14 12:23:00 ====================共有2个京东账号Cookie=========
Jun 14 12:23:00 
Jun 14 12:23:00 ==================脚本执行- 北京时间(UTC+8)：6/14/2021, 12:23:00 PM=====================
Jun 14 12:23:00 
Jun 14 12:23:00 ==================脚本执行- 北京时间(UTC+8)：6/14/2021, 12:23:00 PM=====================
Jun 14 12:23:00 
Jun 14 22:23:00 
Jun 14 22:23:00 🔔领京豆额外奖励, 开始!
Jun 14 22:23:00 
Jun 14 22:23:00 🔔领京豆额外奖励, 开始!
Jun 14 22:23:00 您的cookie选择的是用&隔开
Jun 14 22:23:00 
Jun 14 22:23:00 
Jun 14 22:23:00 ====================共有2个京东账号Cookie=========
Jun 14 22:23:00 
Jun 14 22:23:00 您的cookie选择的是用&隔开
Jun 14 22:23:00 
Jun 14 22:23:00 
Jun 14 22:23:00 ====================共有2个京东账号Cookie=========
Jun 14 22:23:00 
Jun 14 22:23:00 ==================脚本执行- 北京时间(UTC+8)：6/14/2021, 10:23:00 PM=====================
Jun 14 22:23:00 
Jun 14 22:23:00 ==================脚本执行- 北京时间(UTC+8)：6/14/2021, 10:23:00 PM=====================
Jun 14 22:23:00 
Jun 15 01:23:00 
Jun 15 01:23:00 🔔领京豆额外奖励, 开始!
Jun 15 01:23:00 
Jun 15 01:23:00 🔔领京豆额外奖励, 开始!
Jun 15 01:23:00 您的cookie选择的是用&隔开
Jun 15 01:23:00 
Jun 15 01:23:00 
Jun 15 01:23:00 ====================共有2个京东账号Cookie=========
Jun 15 01:23:00 
Jun 15 01:23:00 您的cookie选择的是用&隔开
Jun 15 01:23:00 
Jun 15 01:23:00 
Jun 15 01:23:00 ====================共有2个京东账号Cookie=========
Jun 15 01:23:00 
Jun 15 01:23:00 ==================脚本执行- 北京时间(UTC+8)：6/15/2021, 1:23:00 AM=====================
Jun 15 01:23:00 
Jun 15 01:23:00 ==================脚本执行- 北京时间(UTC+8)：6/15/2021, 1:23:00 AM=====================
Jun 15 01:23:00 
Jun 15 12:23:00 
Jun 15 12:23:00 🔔领京豆额外奖励, 开始!
Jun 15 12:23:00 
Jun 15 12:23:00 🔔领京豆额外奖励, 开始!
Jun 15 12:23:00 您的cookie选择的是用&隔开
Jun 15 12:23:00 
Jun 15 12:23:00 
Jun 15 12:23:00 ====================共有2个京东账号Cookie=========
Jun 15 12:23:00 
Jun 15 12:23:00 您的cookie选择的是用&隔开
Jun 15 12:23:00 
Jun 15 12:23:00 
Jun 15 12:23:00 ====================共有2个京东账号Cookie=========
Jun 15 12:23:00 
Jun 15 12:23:00 ==================脚本执行- 北京时间(UTC+8)：6/15/2021, 12:23:00 PM=====================
Jun 15 12:23:00 
Jun 15 12:23:00 ==================脚本执行- 北京时间(UTC+8)：6/15/2021, 12:23:00 PM=====================
Jun 15 12:23:00 
