Jun 14 08:34:00 
Jun 14 08:34:00 🔔口袋书店, 开始!
Jun 14 08:34:00 
Jun 14 08:34:00 🔔口袋书店, 开始!
Jun 14 08:34:00 您的cookie选择的是用&隔开
Jun 14 08:34:00 
Jun 14 08:34:00 
Jun 14 08:34:00 ====================共有2个京东账号Cookie=========
Jun 14 08:34:00 
Jun 14 08:34:00 您的cookie选择的是用&隔开
Jun 14 08:34:00 
Jun 14 08:34:00 
Jun 14 08:34:00 ====================共有2个京东账号Cookie=========
Jun 14 08:34:00 
Jun 14 08:34:00 ==================脚本执行- 北京时间(UTC+8)：6/14/2021, 8:34:00 AM=====================
Jun 14 08:34:00 
Jun 14 08:34:00 开始获取口袋书店配置文件
Jun 14 08:34:00 
Jun 14 08:34:00 共2个京东账号
Jun 14 08:34:00 
Jun 14 08:34:00 您提供了0个账号的口袋书店助力码
Jun 14 08:34:00 
Jun 14 08:34:00 ==================脚本执行- 北京时间(UTC+8)：6/14/2021, 8:34:00 AM=====================
Jun 14 08:34:00 
Jun 14 08:34:00 开始获取口袋书店配置文件
Jun 14 08:34:00 
Jun 14 08:34:00 共2个京东账号
Jun 14 08:34:00 
Jun 14 08:34:00 您提供了0个账号的口袋书店助力码
Jun 14 08:34:00 
Jun 14 08:34:00 
Jun 14 08:34:00 ******开始【京东账号1】lman87*********
Jun 14 08:34:00 
Jun 14 08:34:00 由于您第1个京东账号未提供shareCode,将采纳本脚本自带的助力码
Jun 14 08:34:00 
Jun 14 08:34:00 第1个京东账号将要助力的好友["b8548883c56847d1afcee084adf67750"]
Jun 14 08:34:00 
Jun 14 08:34:00 ******开始【京东账号1】lman87*********
Jun 14 08:34:00 
Jun 14 08:34:00 由于您第1个京东账号未提供shareCode,将采纳本脚本自带的助力码
Jun 14 08:34:00 
Jun 14 08:34:00 第1个京东账号将要助力的好友["b8548883c56847d1afcee084adf67750"]
Jun 14 08:34:01 用户【匿名】信息获取成功
Jun 14 08:34:01 用户【匿名】信息获取成功
Jun 14 08:34:01 京东账号1尚未开启口袋书店，请手动开启
Jun 14 08:34:01 
Jun 14 08:34:01 提示：从五月份开始，需要手动进入一下活动页面。不然即使是开启了这个活动。跑脚本也提示未开启活动
Jun 14 08:34:01 
Jun 14 08:34:01 京东账号1尚未开启口袋书店，请手动开启
Jun 14 08:34:01 
Jun 14 08:34:01 提示：从五月份开始，需要手动进入一下活动页面。不然即使是开启了这个活动。跑脚本也提示未开启活动
Jun 14 08:34:01 
Jun 14 08:34:01 
Jun 14 08:34:01 ******开始【京东账号2】jd_rkylFaEIkvBL*********
Jun 14 08:34:01 
Jun 14 08:34:01 由于您第2个京东账号未提供shareCode,将采纳本脚本自带的助力码
Jun 14 08:34:01 
Jun 14 08:34:01 第2个京东账号将要助力的好友["b8548883c56847d1afcee084adf67750"]
Jun 14 08:34:01 
Jun 14 08:34:01 ******开始【京东账号2】jd_rkylFaEIkvBL*********
Jun 14 08:34:01 
Jun 14 08:34:01 由于您第2个京东账号未提供shareCode,将采纳本脚本自带的助力码
Jun 14 08:34:01 
Jun 14 08:34:01 第2个京东账号将要助力的好友["b8548883c56847d1afcee084adf67750"]
Jun 14 08:34:01 用户【变速箱2019】信息获取成功
Jun 14 08:34:01 用户【变速箱2019】信息获取成功
Jun 14 08:34:01 京东账号2尚未开启口袋书店，请手动开启
Jun 14 08:34:01 
Jun 14 08:34:01 提示：从五月份开始，需要手动进入一下活动页面。不然即使是开启了这个活动。跑脚本也提示未开启活动
Jun 14 08:34:01 
Jun 14 08:34:01 
Jun 14 08:34:01 🔔口袋书店, 结束! 🕛 1.217 秒
Jun 14 08:34:01 
Jun 14 08:34:01 京东账号2尚未开启口袋书店，请手动开启
Jun 14 08:34:01 
Jun 14 08:34:01 提示：从五月份开始，需要手动进入一下活动页面。不然即使是开启了这个活动。跑脚本也提示未开启活动
Jun 14 08:34:01 
Jun 14 08:34:01 
Jun 14 08:34:01 🔔口袋书店, 结束! 🕛 1.259 秒
Jun 14 08:34:01 
Jun 14 12:34:00 
Jun 14 12:34:00 🔔口袋书店, 开始!
Jun 14 12:34:00 
Jun 14 12:34:00 🔔口袋书店, 开始!
Jun 14 12:34:00 您的cookie选择的是用&隔开
Jun 14 12:34:00 
Jun 14 12:34:00 
Jun 14 12:34:00 ====================共有2个京东账号Cookie=========
Jun 14 12:34:00 
Jun 14 12:34:00 您的cookie选择的是用&隔开
Jun 14 12:34:00 
Jun 14 12:34:00 
Jun 14 12:34:00 ====================共有2个京东账号Cookie=========
Jun 14 12:34:00 
Jun 14 12:34:00 ==================脚本执行- 北京时间(UTC+8)：6/14/2021, 12:34:00 PM=====================
Jun 14 12:34:00 
Jun 14 12:34:00 开始获取口袋书店配置文件
Jun 14 12:34:00 
Jun 14 12:34:00 共2个京东账号
Jun 14 12:34:00 
Jun 14 12:34:00 您提供了0个账号的口袋书店助力码
Jun 14 12:34:00 
Jun 14 12:34:00 ==================脚本执行- 北京时间(UTC+8)：6/14/2021, 12:34:00 PM=====================
Jun 14 12:34:00 
Jun 14 12:34:00 开始获取口袋书店配置文件
Jun 14 12:34:00 
Jun 14 12:34:00 共2个京东账号
Jun 14 12:34:00 
Jun 14 12:34:00 您提供了0个账号的口袋书店助力码
Jun 14 12:34:00 
Jun 14 12:34:00 
Jun 14 12:34:00 ******开始【京东账号1】lman87*********
Jun 14 12:34:00 
Jun 14 12:34:00 由于您第1个京东账号未提供shareCode,将采纳本脚本自带的助力码
Jun 14 12:34:00 
Jun 14 12:34:00 第1个京东账号将要助力的好友["b8548883c56847d1afcee084adf67750"]
Jun 14 12:34:00 
Jun 14 12:34:00 ******开始【京东账号1】lman87*********
Jun 14 12:34:00 
Jun 14 12:34:00 由于您第1个京东账号未提供shareCode,将采纳本脚本自带的助力码
Jun 14 12:34:00 
Jun 14 12:34:00 第1个京东账号将要助力的好友["b8548883c56847d1afcee084adf67750"]
Jun 14 12:34:00 用户【匿名】信息获取成功
Jun 14 12:34:00 用户【匿名】信息获取成功
Jun 14 12:34:00 京东账号1尚未开启口袋书店，请手动开启
Jun 14 12:34:00 
Jun 14 12:34:00 提示：从五月份开始，需要手动进入一下活动页面。不然即使是开启了这个活动。跑脚本也提示未开启活动
Jun 14 12:34:00 
Jun 14 12:34:00 京东账号1尚未开启口袋书店，请手动开启
Jun 14 12:34:00 
Jun 14 12:34:00 提示：从五月份开始，需要手动进入一下活动页面。不然即使是开启了这个活动。跑脚本也提示未开启活动
Jun 14 12:34:00 
Jun 14 12:34:01 
Jun 14 12:34:01 ******开始【京东账号2】jd_rkylFaEIkvBL*********
Jun 14 12:34:01 
Jun 14 12:34:01 由于您第2个京东账号未提供shareCode,将采纳本脚本自带的助力码
Jun 14 12:34:01 
Jun 14 12:34:01 第2个京东账号将要助力的好友["b8548883c56847d1afcee084adf67750"]
Jun 14 12:34:01 
Jun 14 12:34:01 ******开始【京东账号2】jd_rkylFaEIkvBL*********
Jun 14 12:34:01 
Jun 14 12:34:01 由于您第2个京东账号未提供shareCode,将采纳本脚本自带的助力码
Jun 14 12:34:01 
Jun 14 12:34:01 第2个京东账号将要助力的好友["b8548883c56847d1afcee084adf67750"]
Jun 14 12:34:01 用户【变速箱2019】信息获取成功
Jun 14 12:34:01 用户【变速箱2019】信息获取成功
Jun 14 12:34:01 京东账号2尚未开启口袋书店，请手动开启
Jun 14 12:34:01 
Jun 14 12:34:01 提示：从五月份开始，需要手动进入一下活动页面。不然即使是开启了这个活动。跑脚本也提示未开启活动
Jun 14 12:34:01 
Jun 14 12:34:01 
Jun 14 12:34:01 🔔口袋书店, 结束! 🕛 1.294 秒
Jun 14 12:34:01 
Jun 14 12:34:01 京东账号2尚未开启口袋书店，请手动开启
Jun 14 12:34:01 
Jun 14 12:34:01 提示：从五月份开始，需要手动进入一下活动页面。不然即使是开启了这个活动。跑脚本也提示未开启活动
Jun 14 12:34:01 
Jun 14 12:34:01 
Jun 14 12:34:01 🔔口袋书店, 结束! 🕛 1.298 秒
Jun 14 12:34:01 
Jun 14 18:34:00 
Jun 14 18:34:00 🔔口袋书店, 开始!
Jun 14 18:34:00 
Jun 14 18:34:00 🔔口袋书店, 开始!
Jun 14 18:34:00 您的cookie选择的是用&隔开
Jun 14 18:34:00 
Jun 14 18:34:00 
Jun 14 18:34:00 ====================共有2个京东账号Cookie=========
Jun 14 18:34:00 
Jun 14 18:34:00 您的cookie选择的是用&隔开
Jun 14 18:34:00 
Jun 14 18:34:00 
Jun 14 18:34:00 ====================共有2个京东账号Cookie=========
Jun 14 18:34:00 
Jun 14 18:34:00 ==================脚本执行- 北京时间(UTC+8)：6/14/2021, 6:34:00 PM=====================
Jun 14 18:34:00 
Jun 14 18:34:00 开始获取口袋书店配置文件
Jun 14 18:34:00 
Jun 14 18:34:00 共2个京东账号
Jun 14 18:34:00 
Jun 14 18:34:00 您提供了0个账号的口袋书店助力码
Jun 14 18:34:00 
Jun 14 18:34:00 ==================脚本执行- 北京时间(UTC+8)：6/14/2021, 6:34:00 PM=====================
Jun 14 18:34:00 
Jun 14 18:34:00 开始获取口袋书店配置文件
Jun 14 18:34:00 
Jun 14 18:34:00 共2个京东账号
Jun 14 18:34:00 
Jun 14 18:34:00 您提供了0个账号的口袋书店助力码
Jun 14 18:34:00 
Jun 14 18:34:00 
Jun 14 18:34:00 ******开始【京东账号1】lman87*********
Jun 14 18:34:00 
Jun 14 18:34:00 由于您第1个京东账号未提供shareCode,将采纳本脚本自带的助力码
Jun 14 18:34:00 
Jun 14 18:34:00 第1个京东账号将要助力的好友["b8548883c56847d1afcee084adf67750"]
Jun 14 18:34:00 
Jun 14 18:34:00 ******开始【京东账号1】lman87*********
Jun 14 18:34:00 
Jun 14 18:34:00 由于您第1个京东账号未提供shareCode,将采纳本脚本自带的助力码
Jun 14 18:34:00 
Jun 14 18:34:00 第1个京东账号将要助力的好友["b8548883c56847d1afcee084adf67750"]
Jun 14 18:34:00 用户【匿名】信息获取成功
Jun 14 18:34:00 用户【匿名】信息获取成功
Jun 14 18:34:00 京东账号1尚未开启口袋书店，请手动开启
Jun 14 18:34:00 
Jun 14 18:34:00 提示：从五月份开始，需要手动进入一下活动页面。不然即使是开启了这个活动。跑脚本也提示未开启活动
Jun 14 18:34:00 
Jun 14 18:34:00 京东账号1尚未开启口袋书店，请手动开启
Jun 14 18:34:00 
Jun 14 18:34:00 提示：从五月份开始，需要手动进入一下活动页面。不然即使是开启了这个活动。跑脚本也提示未开启活动
Jun 14 18:34:00 
Jun 14 18:34:00 
Jun 14 18:34:00 ******开始【京东账号2】jd_rkylFaEIkvBL*********
Jun 14 18:34:00 
Jun 14 18:34:00 由于您第2个京东账号未提供shareCode,将采纳本脚本自带的助力码
Jun 14 18:34:00 
Jun 14 18:34:00 第2个京东账号将要助力的好友["b8548883c56847d1afcee084adf67750"]
Jun 14 18:34:00 
Jun 14 18:34:00 ******开始【京东账号2】jd_rkylFaEIkvBL*********
Jun 14 18:34:00 
Jun 14 18:34:00 由于您第2个京东账号未提供shareCode,将采纳本脚本自带的助力码
Jun 14 18:34:00 
Jun 14 18:34:00 第2个京东账号将要助力的好友["b8548883c56847d1afcee084adf67750"]
Jun 14 18:34:01 用户【变速箱2019】信息获取成功
Jun 14 18:34:01 用户【变速箱2019】信息获取成功
Jun 14 18:34:01 京东账号2尚未开启口袋书店，请手动开启
Jun 14 18:34:01 
Jun 14 18:34:01 提示：从五月份开始，需要手动进入一下活动页面。不然即使是开启了这个活动。跑脚本也提示未开启活动
Jun 14 18:34:01 
Jun 14 18:34:01 
Jun 14 18:34:01 🔔口袋书店, 结束! 🕛 1.265 秒
Jun 14 18:34:01 
Jun 14 18:34:01 京东账号2尚未开启口袋书店，请手动开启
Jun 14 18:34:01 
Jun 14 18:34:01 提示：从五月份开始，需要手动进入一下活动页面。不然即使是开启了这个活动。跑脚本也提示未开启活动
Jun 14 18:34:01 
Jun 14 18:34:01 
Jun 14 18:34:01 🔔口袋书店, 结束! 🕛 1.277 秒
Jun 14 18:34:01 
Jun 15 08:34:00 
Jun 15 08:34:00 🔔口袋书店, 开始!
Jun 15 08:34:00 您的cookie选择的是用&隔开
Jun 15 08:34:00 
Jun 15 08:34:00 
Jun 15 08:34:00 ====================共有2个京东账号Cookie=========
Jun 15 08:34:00 
Jun 15 08:34:00 
Jun 15 08:34:00 🔔口袋书店, 开始!
Jun 15 08:34:00 您的cookie选择的是用&隔开
Jun 15 08:34:00 
Jun 15 08:34:00 
Jun 15 08:34:00 ====================共有2个京东账号Cookie=========
Jun 15 08:34:00 
Jun 15 08:34:00 ==================脚本执行- 北京时间(UTC+8)：6/15/2021, 8:34:00 AM=====================
Jun 15 08:34:00 
Jun 15 08:34:00 开始获取口袋书店配置文件
Jun 15 08:34:00 
Jun 15 08:34:00 共2个京东账号
Jun 15 08:34:00 
Jun 15 08:34:00 您提供了0个账号的口袋书店助力码
Jun 15 08:34:00 
Jun 15 08:34:00 ==================脚本执行- 北京时间(UTC+8)：6/15/2021, 8:34:00 AM=====================
Jun 15 08:34:00 
Jun 15 08:34:00 开始获取口袋书店配置文件
Jun 15 08:34:00 
Jun 15 08:34:00 共2个京东账号
Jun 15 08:34:00 
Jun 15 08:34:00 您提供了0个账号的口袋书店助力码
Jun 15 08:34:00 
Jun 15 08:34:00 
Jun 15 08:34:00 ******开始【京东账号1】lman87*********
Jun 15 08:34:00 
Jun 15 08:34:00 由于您第1个京东账号未提供shareCode,将采纳本脚本自带的助力码
Jun 15 08:34:00 
Jun 15 08:34:00 第1个京东账号将要助力的好友["b8548883c56847d1afcee084adf67750"]
Jun 15 08:34:00 
Jun 15 08:34:00 ******开始【京东账号1】lman87*********
Jun 15 08:34:00 
Jun 15 08:34:00 由于您第1个京东账号未提供shareCode,将采纳本脚本自带的助力码
Jun 15 08:34:00 
Jun 15 08:34:00 第1个京东账号将要助力的好友["b8548883c56847d1afcee084adf67750"]
Jun 15 08:34:01 用户【匿名】信息获取成功
Jun 15 08:34:01 用户【匿名】信息获取成功
Jun 15 08:34:01 京东账号1尚未开启口袋书店，请手动开启
Jun 15 08:34:01 
Jun 15 08:34:01 提示：从五月份开始，需要手动进入一下活动页面。不然即使是开启了这个活动。跑脚本也提示未开启活动
Jun 15 08:34:01 
Jun 15 08:34:01 
Jun 15 08:34:01 ******开始【京东账号2】jd_rkylFaEIkvBL*********
Jun 15 08:34:01 
Jun 15 08:34:01 由于您第2个京东账号未提供shareCode,将采纳本脚本自带的助力码
Jun 15 08:34:01 
Jun 15 08:34:01 第2个京东账号将要助力的好友["b8548883c56847d1afcee084adf67750"]
Jun 15 08:34:01 京东账号1尚未开启口袋书店，请手动开启
Jun 15 08:34:01 
Jun 15 08:34:01 提示：从五月份开始，需要手动进入一下活动页面。不然即使是开启了这个活动。跑脚本也提示未开启活动
Jun 15 08:34:01 
Jun 15 08:34:01 
Jun 15 08:34:01 ******开始【京东账号2】jd_rkylFaEIkvBL*********
Jun 15 08:34:01 
Jun 15 08:34:01 由于您第2个京东账号未提供shareCode,将采纳本脚本自带的助力码
Jun 15 08:34:01 
Jun 15 08:34:01 第2个京东账号将要助力的好友["b8548883c56847d1afcee084adf67750"]
Jun 15 08:34:01 用户【变速箱2019】信息获取成功
Jun 15 08:34:01 京东账号2尚未开启口袋书店，请手动开启
Jun 15 08:34:01 
Jun 15 08:34:01 提示：从五月份开始，需要手动进入一下活动页面。不然即使是开启了这个活动。跑脚本也提示未开启活动
Jun 15 08:34:01 
Jun 15 08:34:01 
Jun 15 08:34:01 🔔口袋书店, 结束! 🕛 1.235 秒
Jun 15 08:34:01 
Jun 15 08:34:01 用户【变速箱2019】信息获取成功
Jun 15 08:34:01 京东账号2尚未开启口袋书店，请手动开启
Jun 15 08:34:01 
Jun 15 08:34:01 提示：从五月份开始，需要手动进入一下活动页面。不然即使是开启了这个活动。跑脚本也提示未开启活动
Jun 15 08:34:01 
Jun 15 08:34:01 
Jun 15 08:34:01 🔔口袋书店, 结束! 🕛 1.339 秒
Jun 15 08:34:01 
Jun 15 12:34:00 
Jun 15 12:34:00 🔔口袋书店, 开始!
Jun 15 12:34:00 
Jun 15 12:34:00 🔔口袋书店, 开始!
Jun 15 12:34:00 您的cookie选择的是用&隔开
Jun 15 12:34:00 
Jun 15 12:34:00 
Jun 15 12:34:00 ====================共有2个京东账号Cookie=========
Jun 15 12:34:00 
Jun 15 12:34:00 您的cookie选择的是用&隔开
Jun 15 12:34:00 
Jun 15 12:34:00 
Jun 15 12:34:00 ====================共有2个京东账号Cookie=========
Jun 15 12:34:00 
Jun 15 12:34:00 ==================脚本执行- 北京时间(UTC+8)：6/15/2021, 12:34:00 PM=====================
Jun 15 12:34:00 
Jun 15 12:34:00 开始获取口袋书店配置文件
Jun 15 12:34:00 
Jun 15 12:34:00 共2个京东账号
Jun 15 12:34:00 
Jun 15 12:34:00 您提供了0个账号的口袋书店助力码
Jun 15 12:34:00 
Jun 15 12:34:00 ==================脚本执行- 北京时间(UTC+8)：6/15/2021, 12:34:00 PM=====================
Jun 15 12:34:00 
Jun 15 12:34:00 开始获取口袋书店配置文件
Jun 15 12:34:00 
Jun 15 12:34:00 共2个京东账号
Jun 15 12:34:00 
Jun 15 12:34:00 您提供了0个账号的口袋书店助力码
Jun 15 12:34:00 
Jun 15 12:34:00 
Jun 15 12:34:00 ******开始【京东账号1】lman87*********
Jun 15 12:34:00 
Jun 15 12:34:00 由于您第1个京东账号未提供shareCode,将采纳本脚本自带的助力码
Jun 15 12:34:00 
Jun 15 12:34:00 第1个京东账号将要助力的好友["b8548883c56847d1afcee084adf67750"]
Jun 15 12:34:00 
Jun 15 12:34:00 ******开始【京东账号1】lman87*********
Jun 15 12:34:00 
Jun 15 12:34:00 由于您第1个京东账号未提供shareCode,将采纳本脚本自带的助力码
Jun 15 12:34:00 
Jun 15 12:34:00 第1个京东账号将要助力的好友["b8548883c56847d1afcee084adf67750"]
Jun 15 12:34:01 用户【匿名】信息获取成功
Jun 15 12:34:01 用户【匿名】信息获取成功
Jun 15 12:34:01 京东账号1尚未开启口袋书店，请手动开启
Jun 15 12:34:01 
Jun 15 12:34:01 提示：从五月份开始，需要手动进入一下活动页面。不然即使是开启了这个活动。跑脚本也提示未开启活动
Jun 15 12:34:01 
Jun 15 12:34:01 京东账号1尚未开启口袋书店，请手动开启
Jun 15 12:34:01 
Jun 15 12:34:01 提示：从五月份开始，需要手动进入一下活动页面。不然即使是开启了这个活动。跑脚本也提示未开启活动
Jun 15 12:34:01 
Jun 15 12:34:01 
Jun 15 12:34:01 ******开始【京东账号2】jd_rkylFaEIkvBL*********
Jun 15 12:34:01 
Jun 15 12:34:01 由于您第2个京东账号未提供shareCode,将采纳本脚本自带的助力码
Jun 15 12:34:01 
Jun 15 12:34:01 第2个京东账号将要助力的好友["b8548883c56847d1afcee084adf67750"]
Jun 15 12:34:01 
Jun 15 12:34:01 ******开始【京东账号2】jd_rkylFaEIkvBL*********
Jun 15 12:34:01 
Jun 15 12:34:01 由于您第2个京东账号未提供shareCode,将采纳本脚本自带的助力码
Jun 15 12:34:01 
Jun 15 12:34:01 第2个京东账号将要助力的好友["b8548883c56847d1afcee084adf67750"]
Jun 15 12:34:02 用户【变速箱2019】信息获取成功
Jun 15 12:34:02 用户【变速箱2019】信息获取成功
Jun 15 12:34:02 京东账号2尚未开启口袋书店，请手动开启
Jun 15 12:34:02 
Jun 15 12:34:02 提示：从五月份开始，需要手动进入一下活动页面。不然即使是开启了这个活动。跑脚本也提示未开启活动
Jun 15 12:34:02 
Jun 15 12:34:02 
Jun 15 12:34:02 🔔口袋书店, 结束! 🕛 1.293 秒
Jun 15 12:34:02 
Jun 15 12:34:02 京东账号2尚未开启口袋书店，请手动开启
Jun 15 12:34:02 
Jun 15 12:34:02 提示：从五月份开始，需要手动进入一下活动页面。不然即使是开启了这个活动。跑脚本也提示未开启活动
Jun 15 12:34:02 
Jun 15 12:34:02 
Jun 15 12:34:02 🔔口袋书店, 结束! 🕛 1.293 秒
Jun 15 12:34:02 
