Jun 14 07:41:00 
Jun 14 07:41:00 🔔美丽研究院, 开始!
Jun 14 07:41:00 您的cookie选择的是用&隔开
Jun 14 07:41:00 
Jun 14 07:41:00 
Jun 14 07:41:00 ====================共有2个京东账号Cookie=========
Jun 14 07:41:00 
Jun 14 07:41:00 
Jun 14 07:41:00 🔔美丽研究院, 开始!
Jun 14 07:41:00 您的cookie选择的是用&隔开
Jun 14 07:41:00 
Jun 14 07:41:00 
Jun 14 07:41:00 ====================共有2个京东账号Cookie=========
Jun 14 07:41:00 
Jun 14 07:41:00 ==================脚本执行- 北京时间(UTC+8)：6/14/2021, 7:41:00 AM=====================
Jun 14 07:41:00 
Jun 14 07:41:00 ==================脚本执行- 北京时间(UTC+8)：6/14/2021, 7:41:00 AM=====================
Jun 14 07:41:00 
Jun 14 07:41:00 
Jun 14 07:41:00 ******开始【京东账号1】lman87*********
Jun 14 07:41:00 
Jun 14 07:41:00 
Jun 14 07:41:00 ******开始【京东账号1】lman87*********
Jun 14 07:41:00 
Jun 14 07:41:00 AAEAILbBktsDwuo-jMBoaNMG6Xjl690cPXX1zjPsQw0yPJ8S0
Jun 14 07:41:00 AAEAILRDMBzft9ylItauXBp3eOF7me02tANKxV9StWs-x0jL0
Jun 14 07:41:00 AAFgxpeMADA_zuMfqhRvp0riC9i5UUDD1eBw6z3RyD4bpG4KLIWdge1psvcM6eSSi-j_vKQrzTw
Jun 14 07:41:00 AAFgxpeMADDCydWQQpxizkMLjSN_CAOPpTv6UKHi5saQNmdzRNSM4PnJvMvPb82y3nz8YiiQj-4
Jun 14 07:41:00 "Response code 403 (Forbidden)"
Jun 14 07:41:00 美丽研究院 API请求失败，请检查网路重试
Jun 14 07:41:00 
Jun 14 07:41:00 
Jun 14 07:41:00 提示：请尝试换服务器ip或者设置"xinruimz-isv.isvjcloud.com"域名直连，或者自定义UA再次尝试(环境变量JD_USER_AGENT)
Jun 14 07:41:00 
Jun 14 07:41:00 
Jun 14 07:41:00 
Jun 14 07:41:00 ******开始【京东账号2】jd_rkylFaEIkvBL*********
Jun 14 07:41:00 
Jun 14 07:41:00 AAEAIKQ-OtxHuVrGBDKKv6HrJyMMmtO7uE4_sPSDgDUVy8370
Jun 14 07:41:00 $.token eyJ0eXAiOiJKV1QiLCJhbGciOiJIUzI1NiJ9.eyJpc3MiOiJodHRwOlwvXC8xMjcuMC4wLjE6OTUwMlwvYXBpXC9hdXRoIiwiaWF0IjoxNjIzNjI3NjYwLCJleHAiOjE2MjM2NzA4NjAsIm5iZiI6MTYyMzYyNzY2MCwianRpIjoiQzdvR0RhRXBOQmdxRDZpRSIsInN1YiI6MjkwMDQwMSwicHJ2IjoiMjNiZDVjODk0OWY2MDBhZGIzOWU3MDFjNDAwODcyZGI3YTU5NzZmNyJ9.x1rKdWtP5Xx58tgyUVpSLjZ2EnOk1RpVmWzQhNpYFP0
Jun 14 07:41:00 wss://xinruimz-isv.isvjcloud.com/wss/?token=eyJ0eXAiOiJKV1QiLCJhbGciOiJIUzI1NiJ9.eyJpc3MiOiJodHRwOlwvXC8xMjcuMC4wLjE6OTUwMlwvYXBpXC9hdXRoIiwiaWF0IjoxNjIzNjI3NjYwLCJleHAiOjE2MjM2NzA4NjAsIm5iZiI6MTYyMzYyNzY2MCwianRpIjoiQzdvR0RhRXBOQmdxRDZpRSIsInN1YiI6MjkwMDQwMSwicHJ2IjoiMjNiZDVjODk0OWY2MDBhZGIzOWU3MDFjNDAwODcyZGI3YTU5NzZmNyJ9.x1rKdWtP5Xx58tgyUVpSLjZ2EnOk1RpVmWzQhNpYFP0
Jun 14 07:41:00 AAFgxpeMADDw1aHGVoRXUp3Ui54POk0-EnljRSDQAkBs2w9Lx8UvZRSSV1UX1BWODl9MM7ZPl44
Jun 14 07:41:00 "Response code 403 (Forbidden)"
Jun 14 07:41:00 美丽研究院 API请求失败，请检查网路重试
Jun 14 07:41:00 
Jun 14 07:41:00 
Jun 14 07:41:00 提示：请尝试换服务器ip或者设置"xinruimz-isv.isvjcloud.com"域名直连，或者自定义UA再次尝试(环境变量JD_USER_AGENT)
Jun 14 07:41:00 
Jun 14 07:41:00 
Jun 14 07:41:00 
Jun 14 07:41:00 🔔美丽研究院, 结束! 🕛 0.435 秒
Jun 14 07:41:00 
Jun 14 12:41:00 
Jun 14 12:41:00 🔔美丽研究院, 开始!
Jun 14 12:41:00 
Jun 14 12:41:00 🔔美丽研究院, 开始!
Jun 14 12:41:00 您的cookie选择的是用&隔开
Jun 14 12:41:00 
Jun 14 12:41:00 
Jun 14 12:41:00 ====================共有2个京东账号Cookie=========
Jun 14 12:41:00 
Jun 14 12:41:00 您的cookie选择的是用&隔开
Jun 14 12:41:00 
Jun 14 12:41:00 
Jun 14 12:41:00 ====================共有2个京东账号Cookie=========
Jun 14 12:41:00 
Jun 14 12:41:00 ==================脚本执行- 北京时间(UTC+8)：6/14/2021, 12:41:00 PM=====================
Jun 14 12:41:00 
Jun 14 12:41:00 ==================脚本执行- 北京时间(UTC+8)：6/14/2021, 12:41:00 PM=====================
Jun 14 12:41:00 
Jun 14 12:41:00 
Jun 14 12:41:00 ******开始【京东账号1】lman87*********
Jun 14 12:41:00 
Jun 14 12:41:00 
Jun 14 12:41:00 ******开始【京东账号1】lman87*********
Jun 14 12:41:00 
Jun 14 12:41:00 AAEAIA11bFNVXIQcH2obXKnDUh9RjOTxMMK28G4pfoah1DHd0
Jun 14 12:41:00 AAEAIHLPH5q3jPs6KKAsAZZAvLz7J0MTXopk2y-nSUcHlLjK0
Jun 14 12:41:00 AAFgxt3cADAngfQyBi_8YTwBul6BOuAUJKdW8a4qFdWH-MtXHFwn-1c48t1VOn9EOe1VnuuICLw
Jun 14 12:41:00 AAFgxt3cADABHRf6shDLZ-9aACO6BdTeKc6LYtkoYaAGiTuq27-MoxfGM_LAgslnzuAPEJDubR0
Jun 14 12:41:00 "Response code 403 (Forbidden)"
Jun 14 12:41:00 美丽研究院 API请求失败，请检查网路重试
Jun 14 12:41:00 
Jun 14 12:41:00 
Jun 14 12:41:00 提示：请尝试换服务器ip或者设置"xinruimz-isv.isvjcloud.com"域名直连，或者自定义UA再次尝试(环境变量JD_USER_AGENT)
Jun 14 12:41:00 
Jun 14 12:41:00 
Jun 14 12:41:00 "Response code 403 (Forbidden)"
Jun 14 12:41:00 美丽研究院 API请求失败，请检查网路重试
Jun 14 12:41:00 
Jun 14 12:41:00 
Jun 14 12:41:00 提示：请尝试换服务器ip或者设置"xinruimz-isv.isvjcloud.com"域名直连，或者自定义UA再次尝试(环境变量JD_USER_AGENT)
Jun 14 12:41:00 
Jun 14 12:41:00 
Jun 14 12:41:00 
Jun 14 12:41:00 ******开始【京东账号2】jd_rkylFaEIkvBL*********
Jun 14 12:41:00 
Jun 14 12:41:00 
Jun 14 12:41:00 ******开始【京东账号2】jd_rkylFaEIkvBL*********
Jun 14 12:41:00 
Jun 14 12:41:00 AAEAIOy-1a7X9LV5fyqVNR4GGWpKHiCV47VQnQ8QUbHRO1Jz0
Jun 14 12:41:00 AAEAII1BtZzRQJ8xyKewoYPak-JjHojp0LuY_Zz5KGxwjh3m0
Jun 14 12:41:00 AAFgxt3cADDTuTzvmdzM_6qAJvn5Qja6t_Pxmdav6ZQ6FR1e4WGkNf9HJq7TwCZ61RGp5sHv44Q
Jun 14 12:41:00 AAFgxt3cADB8H9YycX6UGIuGoeUhzanoOh1q_RKmoja2IRUKo8LMTQa_854bp-JkGAh3okGn9FM
Jun 14 12:41:00 "Response code 403 (Forbidden)"
Jun 14 12:41:00 美丽研究院 API请求失败，请检查网路重试
Jun 14 12:41:00 
Jun 14 12:41:00 
Jun 14 12:41:00 提示：请尝试换服务器ip或者设置"xinruimz-isv.isvjcloud.com"域名直连，或者自定义UA再次尝试(环境变量JD_USER_AGENT)
Jun 14 12:41:00 
Jun 14 12:41:00 
Jun 14 12:41:00 
Jun 14 12:41:00 🔔美丽研究院, 结束! 🕛 0.45 秒
Jun 14 12:41:00 
Jun 14 12:41:00 $.token eyJ0eXAiOiJKV1QiLCJhbGciOiJIUzI1NiJ9.eyJpc3MiOiJodHRwOlwvXC8xMjcuMC4wLjE6OTUwMlwvYXBpXC9hdXRoIiwiaWF0IjoxNjIzNjQ1NjYwLCJleHAiOjE2MjM2ODg4NjAsIm5iZiI6MTYyMzY0NTY2MCwianRpIjoiYm1sWTRpeHZ3QlZXTjVCYSIsInN1YiI6MjkwODU5MiwicHJ2IjoiMjNiZDVjODk0OWY2MDBhZGIzOWU3MDFjNDAwODcyZGI3YTU5NzZmNyJ9.wOxxe5iJB5YPLPZ9OfOAmtwrsQH46_Z8Ff_VsQEKABI
Jun 14 12:41:00 wss://xinruimz-isv.isvjcloud.com/wss/?token=eyJ0eXAiOiJKV1QiLCJhbGciOiJIUzI1NiJ9.eyJpc3MiOiJodHRwOlwvXC8xMjcuMC4wLjE6OTUwMlwvYXBpXC9hdXRoIiwiaWF0IjoxNjIzNjQ1NjYwLCJleHAiOjE2MjM2ODg4NjAsIm5iZiI6MTYyMzY0NTY2MCwianRpIjoiYm1sWTRpeHZ3QlZXTjVCYSIsInN1YiI6MjkwODU5MiwicHJ2IjoiMjNiZDVjODk0OWY2MDBhZGIzOWU3MDFjNDAwODcyZGI3YTU5NzZmNyJ9.wOxxe5iJB5YPLPZ9OfOAmtwrsQH46_Z8Ff_VsQEKABI
Jun 14 12:41:00 美容研究院服务器连接成功
Jun 14 12:41:00 去领取第2次签到奖励
Jun 14 12:41:00 当前美妆币250，用户等级1
Jun 14 12:41:00 当期活动：瓜分万瓶正装
Jun 14 12:41:00 去做签到任务
Jun 14 12:41:00 仓库信息:
Jun 14 12:41:00 任务完成成功，获得100美妆币
Jun 14 12:42:00 本次运行获得美妆币100
Jun 14 12:42:00 服务器连接关闭
Jun 14 12:42:01 
Jun 14 12:42:01 ==============📣系统通知📣==============
Jun 14 12:42:01 美丽研究院
Jun 14 12:42:01 京东账号2jd_rkylFaEIkvBL
Jun 14 12:42:01 本次运行获得美妆币100枚
Jun 14 12:42:01 当前美妆币350
Jun 14 12:42:01 
Jun 14 12:42:01 🔔美丽研究院, 结束! 🕛 61.6 秒
Jun 14 12:42:01 
Jun 14 19:41:00Jun 14 19:41:00 
 
Jun 14 19:41:00Jun 14 19:41:00 🔔美丽研究院, 开始!
 🔔美丽研究院, 开始!
Jun 14 19:41:00 您的cookie选择的是用&隔开
Jun 14 19:41:00 
Jun 14 19:41:00 
Jun 14 19:41:00 ====================共有2个京东账号Cookie=========
Jun 14 19:41:00 
Jun 14 19:41:00 您的cookie选择的是用&隔开
Jun 14 19:41:00 
Jun 14 19:41:00 
Jun 14 19:41:00 ====================共有2个京东账号Cookie=========
Jun 14 19:41:00 
Jun 14 19:41:00 ==================脚本执行- 北京时间(UTC+8)：6/14/2021, 7:41:00 PM=====================
Jun 14 19:41:00 
Jun 14 19:41:00 ==================脚本执行- 北京时间(UTC+8)：6/14/2021, 7:41:00 PM=====================
Jun 14 19:41:00 
Jun 14 19:41:00 
Jun 14 19:41:00 ******开始【京东账号1】lman87*********
Jun 14 19:41:00 
Jun 14 19:41:00 
Jun 14 19:41:00 ******开始【京东账号1】lman87*********
Jun 14 19:41:00 
Jun 14 19:41:00 AAEAIIpzIk_dDEFoPZRsW4Ua3gFBCHRld66faSjOYZ9N3Fy50
Jun 14 19:41:00 AAEAIKzrCvha1K-ylk3mCCDjhxiep6AWkDjDk_VsP6pU3cse0
Jun 14 19:41:00 AAFgx0BMADCJURviOJcM3llVYCSdYXxww7bJEAxrjB3l_d1ykWCE9xx3CWG6T0YRtzursbddGGE
Jun 14 19:41:00 AAFgx0BMADCO5FqA7Yb6ijFZuTlk3cscbzPitZurHNJT2gMQvtg3_--g6pC08Npj04Fa56_wv-U
Jun 14 19:41:00 "Response code 403 (Forbidden)"
Jun 14 19:41:00 美丽研究院 API请求失败，请检查网路重试
Jun 14 19:41:00 
Jun 14 19:41:00 
Jun 14 19:41:00 提示：请尝试换服务器ip或者设置"xinruimz-isv.isvjcloud.com"域名直连，或者自定义UA再次尝试(环境变量JD_USER_AGENT)
Jun 14 19:41:00 
Jun 14 19:41:00 
Jun 14 19:41:00 
Jun 14 19:41:00 ******开始【京东账号2】jd_rkylFaEIkvBL*********
Jun 14 19:41:00 
Jun 14 19:41:00 $.token eyJ0eXAiOiJKV1QiLCJhbGciOiJIUzI1NiJ9.eyJpc3MiOiJodHRwOlwvXC8xMjcuMC4wLjE6OTUwMlwvYXBpXC9hdXRoIiwiaWF0IjoxNjIzNjcwODYwLCJleHAiOjE2MjM3MTQwNjAsIm5iZiI6MTYyMzY3MDg2MCwianRpIjoiTlpqMmw3WjR0M2IwM1ZzUCIsInN1YiI6MjkwMDQwMSwicHJ2IjoiMjNiZDVjODk0OWY2MDBhZGIzOWU3MDFjNDAwODcyZGI3YTU5NzZmNyJ9.TFB3so1QheW_N3SmVbQVJxkcEsQlmx9DWscd1vCEsMA
Jun 14 19:41:00 wss://xinruimz-isv.isvjcloud.com/wss/?token=eyJ0eXAiOiJKV1QiLCJhbGciOiJIUzI1NiJ9.eyJpc3MiOiJodHRwOlwvXC8xMjcuMC4wLjE6OTUwMlwvYXBpXC9hdXRoIiwiaWF0IjoxNjIzNjcwODYwLCJleHAiOjE2MjM3MTQwNjAsIm5iZiI6MTYyMzY3MDg2MCwianRpIjoiTlpqMmw3WjR0M2IwM1ZzUCIsInN1YiI6MjkwMDQwMSwicHJ2IjoiMjNiZDVjODk0OWY2MDBhZGIzOWU3MDFjNDAwODcyZGI3YTU5NzZmNyJ9.TFB3so1QheW_N3SmVbQVJxkcEsQlmx9DWscd1vCEsMA
Jun 14 19:41:00 AAEAILXsDqU-xZxe36_lk_WCc1Hd5rf6NEwdnZQeTkY9srO_0
Jun 14 19:41:00 AAFgx0BMADAxlfRQvGlsmgWLMFwcMtteQcbEFk6q7Odrf5vohScJoQvo5SqqLjeKyQwV5X2udfE
Jun 14 19:41:00 $.token eyJ0eXAiOiJKV1QiLCJhbGciOiJIUzI1NiJ9.eyJpc3MiOiJodHRwOlwvXC8xMjcuMC4wLjE6OTUwMlwvYXBpXC9hdXRoIiwiaWF0IjoxNjIzNjcwODYwLCJleHAiOjE2MjM3MTQwNjAsIm5iZiI6MTYyMzY3MDg2MCwianRpIjoiODdxOHFGUlZYVEs2V3RETyIsInN1YiI6MjkwODU5MiwicHJ2IjoiMjNiZDVjODk0OWY2MDBhZGIzOWU3MDFjNDAwODcyZGI3YTU5NzZmNyJ9.TOFAkMBJFwIWag_eWMkQg0b7J7Mv_n3gTfXLiqAAaho
Jun 14 19:41:00 wss://xinruimz-isv.isvjcloud.com/wss/?token=eyJ0eXAiOiJKV1QiLCJhbGciOiJIUzI1NiJ9.eyJpc3MiOiJodHRwOlwvXC8xMjcuMC4wLjE6OTUwMlwvYXBpXC9hdXRoIiwiaWF0IjoxNjIzNjcwODYwLCJleHAiOjE2MjM3MTQwNjAsIm5iZiI6MTYyMzY3MDg2MCwianRpIjoiODdxOHFGUlZYVEs2V3RETyIsInN1YiI6MjkwODU5MiwicHJ2IjoiMjNiZDVjODk0OWY2MDBhZGIzOWU3MDFjNDAwODcyZGI3YTU5NzZmNyJ9.TOFAkMBJFwIWag_eWMkQg0b7J7Mv_n3gTfXLiqAAaho
Jun 15 07:41:00 
Jun 15 07:41:00 🔔美丽研究院, 开始!
Jun 15 07:41:00 
Jun 15 07:41:00 🔔美丽研究院, 开始!
Jun 15 07:41:00 您的cookie选择的是用&隔开
Jun 15 07:41:00 
Jun 15 07:41:00 
Jun 15 07:41:00 ====================共有2个京东账号Cookie=========
Jun 15 07:41:00 
Jun 15 07:41:00 您的cookie选择的是用&隔开
Jun 15 07:41:00 
Jun 15 07:41:00 
Jun 15 07:41:00 ====================共有2个京东账号Cookie=========
Jun 15 07:41:00 
Jun 15 07:41:00 ==================脚本执行- 北京时间(UTC+8)：6/15/2021, 7:41:00 AM=====================
Jun 15 07:41:00 
Jun 15 07:41:00 ==================脚本执行- 北京时间(UTC+8)：6/15/2021, 7:41:00 AM=====================
Jun 15 07:41:00 
Jun 15 07:41:00 
Jun 15 07:41:00 ******开始【京东账号1】lman87*********
Jun 15 07:41:00 
Jun 15 07:41:00 
Jun 15 07:41:00 ******开始【京东账号1】lman87*********
Jun 15 07:41:00 
Jun 15 07:41:00 AAEAIMYvSH0hlHtjblwsrXxFkVnyd_PJ4S8-P5qJUzpwSIHU0
Jun 15 07:41:00 AAEAIGLnhQ2t9qIT4ciVsx4QPgMlsXKMze5Cvp5uX0XaX_it0
Jun 15 07:41:00 AAFgx-kMADAl8KKolr1gaj37U9GJTbDgngRJ-xbORw21NKPpPimlDeTxnYsQKCusp7TkLVRHTBg
Jun 15 07:41:00 AAFgx-kMADCIu0MaaTbMFQXRfhoSnrtx4-lBp0PoRbdQsNJh9hDaH4aGhgOep_2vGneak6fYy3c
Jun 15 07:41:00 "Response code 403 (Forbidden)"
Jun 15 07:41:00 美丽研究院 API请求失败，请检查网路重试
Jun 15 07:41:00 
Jun 15 07:41:00 
Jun 15 07:41:00 提示：请尝试换服务器ip或者设置"xinruimz-isv.isvjcloud.com"域名直连，或者自定义UA再次尝试(环境变量JD_USER_AGENT)
Jun 15 07:41:00 
Jun 15 07:41:00 
Jun 15 07:41:00 $.token eyJ0eXAiOiJKV1QiLCJhbGciOiJIUzI1NiJ9.eyJpc3MiOiJodHRwOlwvXC8xMjcuMC4wLjE6OTUwMlwvYXBpXC9hdXRoIiwiaWF0IjoxNjIzNzE0MDYwLCJleHAiOjE2MjM3NTcyNjAsIm5iZiI6MTYyMzcxNDA2MCwianRpIjoiT3ptRFhlcUpzREdoUVJ5bSIsInN1YiI6MjkwMDQwMSwicHJ2IjoiMjNiZDVjODk0OWY2MDBhZGIzOWU3MDFjNDAwODcyZGI3YTU5NzZmNyJ9.jvAfju3toFhMdfAfzBV8WhfkjswWszydvns0nZayANY
Jun 15 07:41:00 
Jun 15 07:41:00 ******开始【京东账号2】jd_rkylFaEIkvBL*********
Jun 15 07:41:00 
Jun 15 07:41:00 wss://xinruimz-isv.isvjcloud.com/wss/?token=eyJ0eXAiOiJKV1QiLCJhbGciOiJIUzI1NiJ9.eyJpc3MiOiJodHRwOlwvXC8xMjcuMC4wLjE6OTUwMlwvYXBpXC9hdXRoIiwiaWF0IjoxNjIzNzE0MDYwLCJleHAiOjE2MjM3NTcyNjAsIm5iZiI6MTYyMzcxNDA2MCwianRpIjoiT3ptRFhlcUpzREdoUVJ5bSIsInN1YiI6MjkwMDQwMSwicHJ2IjoiMjNiZDVjODk0OWY2MDBhZGIzOWU3MDFjNDAwODcyZGI3YTU5NzZmNyJ9.jvAfju3toFhMdfAfzBV8WhfkjswWszydvns0nZayANY
Jun 15 07:41:00 AAEAIL2pNgUVQc8rtN_7VTUHxNZ-woU98wYvA3iELpGvCiHg0
Jun 15 07:41:00 AAFgx-kMADBGx-VWsB0u4kAf8sFGuX35i9hyMIS69zkHpVMSJFrqVyUQHvX9p4QTDzjk_pdhaec
Jun 15 07:41:00 "Response code 403 (Forbidden)"
Jun 15 07:41:00 美丽研究院 API请求失败，请检查网路重试
Jun 15 07:41:00 
Jun 15 07:41:00 
Jun 15 07:41:00 提示：请尝试换服务器ip或者设置"xinruimz-isv.isvjcloud.com"域名直连，或者自定义UA再次尝试(环境变量JD_USER_AGENT)
Jun 15 07:41:00 
Jun 15 07:41:00 
Jun 15 07:41:00 
Jun 15 07:41:00 🔔美丽研究院, 结束! 🕛 0.482 秒
Jun 15 07:41:00 
Jun 15 12:41:00Jun 15 12:41:00 
 
Jun 15 12:41:00Jun 15 12:41:00 🔔美丽研究院, 开始!
 🔔美丽研究院, 开始!
Jun 15 12:41:00 您的cookie选择的是用&隔开
Jun 15 12:41:00 
Jun 15 12:41:00 
Jun 15 12:41:00 ====================共有2个京东账号Cookie=========
Jun 15 12:41:00 
Jun 15 12:41:00 您的cookie选择的是用&隔开
Jun 15 12:41:00 
Jun 15 12:41:00 
Jun 15 12:41:00 ====================共有2个京东账号Cookie=========
Jun 15 12:41:00 
Jun 15 12:41:00 ==================脚本执行- 北京时间(UTC+8)：6/15/2021, 12:41:00 PM=====================
Jun 15 12:41:00 
Jun 15 12:41:00 ==================脚本执行- 北京时间(UTC+8)：6/15/2021, 12:41:00 PM=====================
Jun 15 12:41:00 
Jun 15 12:41:00 
Jun 15 12:41:00 ******开始【京东账号1】lman87*********
Jun 15 12:41:00 
Jun 15 12:41:00 
Jun 15 12:41:00 ******开始【京东账号1】lman87*********
Jun 15 12:41:00 
Jun 15 12:41:00 AAEAIDhGdpxEnBvoEgx5lW3B2JgCt2GTytWi2L4zh_Avbbfv0
Jun 15 12:41:00 AAEAIKG3YcvS-fRONOcFaTwVZoux9hebgUV7QhwnnJaF66Gg0
Jun 15 12:41:00 AAFgyC9cADDp4b3Ce6V2pHUwKS51FezHW5YADJqBFJUHPx4E9-JvASC7ZxtdKX43eMwVCuKyk-c
Jun 15 12:41:01 AAFgyC9cADC_ke9El-faRcLtnygw_-26UXendvYwtyu_HTU90XDiRWNoKgi88kwsZ1cfu8gJ0AY
Jun 15 12:41:01 "Response code 403 (Forbidden)"
Jun 15 12:41:01 美丽研究院 API请求失败，请检查网路重试
Jun 15 12:41:01 
Jun 15 12:41:01 
Jun 15 12:41:01 提示：请尝试换服务器ip或者设置"xinruimz-isv.isvjcloud.com"域名直连，或者自定义UA再次尝试(环境变量JD_USER_AGENT)
Jun 15 12:41:01 
Jun 15 12:41:01 
Jun 15 12:41:01 $.token eyJ0eXAiOiJKV1QiLCJhbGciOiJIUzI1NiJ9.eyJpc3MiOiJodHRwOlwvXC8xMjcuMC4wLjE6OTUwMlwvYXBpXC9hdXRoIiwiaWF0IjoxNjIzNzMyMDYxLCJleHAiOjE2MjM3NzUyNjEsIm5iZiI6MTYyMzczMjA2MSwianRpIjoiMjFPTzZEVGdyWExGb0xtMCIsInN1YiI6MjkwMDQwMSwicHJ2IjoiMjNiZDVjODk0OWY2MDBhZGIzOWU3MDFjNDAwODcyZGI3YTU5NzZmNyJ9.SyRKrXHjcLdGTAgjAfA9jOHJ9D6ER4ejok5zTxS9tqo
Jun 15 12:41:01 
Jun 15 12:41:01 ******开始【京东账号2】jd_rkylFaEIkvBL*********
Jun 15 12:41:01 
Jun 15 12:41:01 wss://xinruimz-isv.isvjcloud.com/wss/?token=eyJ0eXAiOiJKV1QiLCJhbGciOiJIUzI1NiJ9.eyJpc3MiOiJodHRwOlwvXC8xMjcuMC4wLjE6OTUwMlwvYXBpXC9hdXRoIiwiaWF0IjoxNjIzNzMyMDYxLCJleHAiOjE2MjM3NzUyNjEsIm5iZiI6MTYyMzczMjA2MSwianRpIjoiMjFPTzZEVGdyWExGb0xtMCIsInN1YiI6MjkwMDQwMSwicHJ2IjoiMjNiZDVjODk0OWY2MDBhZGIzOWU3MDFjNDAwODcyZGI3YTU5NzZmNyJ9.SyRKrXHjcLdGTAgjAfA9jOHJ9D6ER4ejok5zTxS9tqo
Jun 15 12:41:01 AAEAIFKWJgnakNb9mOv1YgAHwiLQENHPunH3FNVneF4gn8Pj0
Jun 15 12:41:01 AAFgyC9dADCQmTXHfPr0_GIKiF00EzxsZNO5RWHJnwkv7IW4epWBNPc3h0_VPjXOnHRMMXQi2Vs
Jun 15 12:41:01 "Response code 403 (Forbidden)"
Jun 15 12:41:01 美丽研究院 API请求失败，请检查网路重试
Jun 15 12:41:01 
Jun 15 12:41:01 
Jun 15 12:41:01 提示：请尝试换服务器ip或者设置"xinruimz-isv.isvjcloud.com"域名直连，或者自定义UA再次尝试(环境变量JD_USER_AGENT)
Jun 15 12:41:01 
Jun 15 12:41:01 
Jun 15 12:41:01 
Jun 15 12:41:01 🔔美丽研究院, 结束! 🕛 0.432 秒
Jun 15 12:41:01 
