Jun 14 07:30:00 
Jun 14 07:30:00 🔔crazyJoy任务, 开始!
Jun 14 07:30:00 您的cookie选择的是用&隔开
Jun 14 07:30:00 
Jun 14 07:30:00 
Jun 14 07:30:00 ====================共有2个京东账号Cookie=========
Jun 14 07:30:00 
Jun 14 07:30:00 
Jun 14 07:30:00 🔔crazyJoy任务, 开始!
Jun 14 07:30:00 您的cookie选择的是用&隔开
Jun 14 07:30:00 
Jun 14 07:30:00 
Jun 14 07:30:00 ====================共有2个京东账号Cookie=========
Jun 14 07:30:00 
Jun 14 07:30:00 ==================脚本执行- 北京时间(UTC+8)：6/14/2021, 7:30:00 AM=====================
Jun 14 07:30:00 
Jun 14 07:30:00 开始获取crazyJoy任务配置文件
Jun 14 07:30:00 
Jun 14 07:30:00 共2个京东账号
Jun 14 07:30:00 
Jun 14 07:30:00 您提供了0个账号的crazyJoy任务助力码
Jun 14 07:30:00 
Jun 14 07:30:00 ==================脚本执行- 北京时间(UTC+8)：6/14/2021, 7:30:00 AM=====================
Jun 14 07:30:00 
Jun 14 07:30:00 开始获取crazyJoy任务配置文件
Jun 14 07:30:00 
Jun 14 07:30:00 共2个京东账号
Jun 14 07:30:00 
Jun 14 07:30:00 您提供了0个账号的crazyJoy任务助力码
Jun 14 07:30:00 
Jun 14 07:30:00 
Jun 14 07:30:00 开始【京东账号1】lman87
Jun 14 07:30:00 
Jun 14 07:30:00 由于您第1个京东账号未提供shareCode,将采纳本脚本自带的助力码
Jun 14 07:30:00 
Jun 14 07:30:00 
Jun 14 07:30:00 开始【京东账号1】lman87
Jun 14 07:30:00 
Jun 14 07:30:00 由于您第1个京东账号未提供shareCode,将采纳本脚本自带的助力码
Jun 14 07:30:00 
Jun 14 23:30:00 
Jun 14 23:30:00 🔔crazyJoy任务, 开始!
Jun 14 23:30:00 您的cookie选择的是用&隔开
Jun 14 23:30:00 
Jun 14 23:30:00 
Jun 14 23:30:00 ====================共有2个京东账号Cookie=========
Jun 14 23:30:00 
Jun 14 23:30:00 
Jun 14 23:30:00 🔔crazyJoy任务, 开始!
Jun 14 23:30:00 您的cookie选择的是用&隔开
Jun 14 23:30:00 
Jun 14 23:30:00 
Jun 14 23:30:00 ====================共有2个京东账号Cookie=========
Jun 14 23:30:00 
Jun 14 23:30:00 ==================脚本执行- 北京时间(UTC+8)：6/14/2021, 11:30:00 PM=====================
Jun 14 23:30:00 
Jun 14 23:30:00 开始获取crazyJoy任务配置文件
Jun 14 23:30:00 
Jun 14 23:30:00 共2个京东账号
Jun 14 23:30:00 
Jun 14 23:30:00 您提供了0个账号的crazyJoy任务助力码
Jun 14 23:30:00 
Jun 14 23:30:00 ==================脚本执行- 北京时间(UTC+8)：6/14/2021, 11:30:00 PM=====================
Jun 14 23:30:00 
Jun 14 23:30:00 开始获取crazyJoy任务配置文件
Jun 14 23:30:00 
Jun 14 23:30:00 共2个京东账号
Jun 14 23:30:00 
Jun 14 23:30:00 您提供了0个账号的crazyJoy任务助力码
Jun 14 23:30:00 
Jun 14 23:30:00 
Jun 14 23:30:00 开始【京东账号1】lman87
Jun 14 23:30:00 
Jun 14 23:30:00 由于您第1个京东账号未提供shareCode,将采纳本脚本自带的助力码
Jun 14 23:30:00 
Jun 14 23:30:00 
Jun 14 23:30:00 开始【京东账号1】lman87
Jun 14 23:30:00 
Jun 14 23:30:00 由于您第1个京东账号未提供shareCode,将采纳本脚本自带的助力码
Jun 14 23:30:00 
Jun 15 07:30:00 
Jun 15 07:30:00 🔔crazyJoy任务, 开始!
Jun 15 07:30:00 
Jun 15 07:30:00 🔔crazyJoy任务, 开始!
Jun 15 07:30:00 您的cookie选择的是用&隔开
Jun 15 07:30:00 
Jun 15 07:30:00 
Jun 15 07:30:00 ====================共有2个京东账号Cookie=========
Jun 15 07:30:00 
Jun 15 07:30:00 您的cookie选择的是用&隔开
Jun 15 07:30:00 
Jun 15 07:30:00 
Jun 15 07:30:00 ====================共有2个京东账号Cookie=========
Jun 15 07:30:00 
Jun 15 07:30:00Jun 15 07:30:00 ==================脚本执行- 北京时间(UTC+8)：6/15/2021, 7:30:00 AM=====================
 ==================脚本执行- 北京时间(UTC+8)：6/15/2021, 7:30:00 AM=====================
Jun 15 07:30:00 
Jun 15 07:30:00 
Jun 15 07:30:00 开始获取crazyJoy任务配置文件
Jun 15 07:30:00 
Jun 15 07:30:00 开始获取crazyJoy任务配置文件
Jun 15 07:30:00 共2个京东账号
Jun 15 07:30:00Jun 15 07:30:00 
 
Jun 15 07:30:00 共2个京东账号
Jun 15 07:30:00 
Jun 15 07:30:00 您提供了0个账号的crazyJoy任务助力码
Jun 15 07:30:00 您提供了0个账号的crazyJoy任务助力码
Jun 15 07:30:00 
Jun 15 07:30:00 
Jun 15 07:30:00 
Jun 15 07:30:00 开始【京东账号1】lman87
Jun 15 07:30:00 
Jun 15 07:30:00 由于您第1个京东账号未提供shareCode,将采纳本脚本自带的助力码
Jun 15 07:30:00 
Jun 15 07:30:00 
Jun 15 07:30:00 开始【京东账号1】lman87
Jun 15 07:30:00 
Jun 15 07:30:00 由于您第1个京东账号未提供shareCode,将采纳本脚本自带的助力码
Jun 15 07:30:00 
