Jun 14 00:00:00 
Jun 14 00:00:00 🔔京东汽车, 开始!
Jun 14 00:00:00 您的cookie选择的是用&隔开
Jun 14 00:00:00 
Jun 14 00:00:00 
Jun 14 00:00:00 ====================共有2个京东账号Cookie=========
Jun 14 00:00:00 
Jun 14 00:00:00 ==================脚本执行- 北京时间(UTC+8)：6/14/2021, 12:00:00 AM=====================
Jun 14 00:00:00 
Jun 14 00:00:01 
Jun 14 00:00:01 🔔京东汽车, 开始!
Jun 14 00:00:01 您的cookie选择的是用&隔开
Jun 14 00:00:01 
Jun 14 00:00:01 
Jun 14 00:00:01 ====================共有2个京东账号Cookie=========
Jun 14 00:00:01 
Jun 14 00:00:01 ==================脚本执行- 北京时间(UTC+8)：6/14/2021, 12:00:01 AM=====================
Jun 14 00:00:01 
Jun 14 00:00:02 
Jun 14 00:00:02 ******开始【京东账号1】lman87*********
Jun 14 00:00:02 
Jun 14 00:00:02 
Jun 14 00:00:02 ******开始【京东账号1】lman87*********
Jun 14 00:00:02 
Jun 14 00:00:03 兑换结果：{"status":true,"data":{"result":1,"reason":null}}
Jun 14 00:00:04 签到成功，获得5，已签到5天
Jun 14 00:00:11 兑换结果：{"status":true,"data":{"result":1,"reason":null}}
Jun 14 00:00:11 您今天已签到，请明天再来
Jun 14 00:00:12 去做任务：参加京东汽车赛事
Jun 14 00:00:13 任务领取成功
Jun 14 00:00:20 任务完成成功
Jun 14 00:00:22 当前赛点：1900/500，可以兑换京豆，请打开APP兑换
Jun 14 00:00:22 
Jun 14 00:00:22 ==============📣系统通知📣==============
Jun 14 00:00:22 京东汽车
Jun 14 00:00:22 【京东账号1】lman87
Jun 14 00:00:22 签到成功，获得5，已签到5天
Jun 14 00:00:22 当前赛点：1900/500，可以兑换京豆，请打开APP兑换
Jun 14 00:00:22 
Jun 14 00:00:22 
Jun 14 00:00:22 ******开始【京东账号2】jd_rkylFaEIkvBL*********
Jun 14 00:00:22 
Jun 14 00:00:31 兑换结果：{"status":true,"data":{"result":1,"reason":null}}
Jun 14 00:00:32 当前赛点：1900/500，可以兑换京豆，请打开APP兑换
Jun 14 00:00:32 
Jun 14 00:00:32 ==============📣系统通知📣==============
Jun 14 00:00:32 京东汽车
Jun 14 00:00:32 【京东账号1】lman87
Jun 14 00:00:32 签到失败，您今天已签到，请明天再来
Jun 14 00:00:32 当前赛点：1900/500，可以兑换京豆，请打开APP兑换
Jun 14 00:00:32 
Jun 14 00:00:33 
Jun 14 00:00:33 ******开始【京东账号2】jd_rkylFaEIkvBL*********
Jun 14 00:00:33 
Jun 14 00:00:33 兑换结果：{"status":true,"data":{"result":1,"reason":null}}
Jun 14 00:00:37 签到成功，获得5，已签到5天
Jun 14 00:00:38 您今天已签到，请明天再来
Jun 14 00:00:42 去做任务：参加京东汽车赛事
Jun 14 00:00:42 任务领取成功
Jun 14 00:00:42 任务完成成功
Jun 14 00:00:44 当前赛点：1140/500，可以兑换京豆，请打开APP兑换
Jun 14 00:00:44 
Jun 14 00:00:44 ==============📣系统通知📣==============
Jun 14 00:00:44 京东汽车
Jun 14 00:00:44 【京东账号2】jd_rkylFaEIkvBL
Jun 14 00:00:44 签到失败，您今天已签到，请明天再来
Jun 14 00:00:44 当前赛点：1140/500，可以兑换京豆，请打开APP兑换
Jun 14 00:00:44 
Jun 14 00:00:44 
Jun 14 00:00:44 🔔京东汽车, 结束! 🕛 43.824 秒
Jun 14 00:00:44 
Jun 14 00:01:10 当前赛点：1140/500，可以兑换京豆，请打开APP兑换
Jun 14 00:01:10 
Jun 14 00:01:10 ==============📣系统通知📣==============
Jun 14 00:01:10 京东汽车
Jun 14 00:01:10 【京东账号2】jd_rkylFaEIkvBL
Jun 14 00:01:10 签到成功，获得5，已签到5天
Jun 14 00:01:10 当前赛点：1140/500，可以兑换京豆，请打开APP兑换
Jun 14 00:01:10 
Jun 14 00:01:10 
Jun 14 00:01:10 🔔京东汽车, 结束! 🕛 69.089 秒
Jun 14 00:01:10 
Jun 15 00:00:00 
Jun 15 00:00:00 🔔京东汽车, 开始!
Jun 15 00:00:00 您的cookie选择的是用&隔开
Jun 15 00:00:00 
Jun 15 00:00:00 
Jun 15 00:00:00 ====================共有2个京东账号Cookie=========
Jun 15 00:00:00 
Jun 15 00:00:00 ==================脚本执行- 北京时间(UTC+8)：6/15/2021, 12:00:00 AM=====================
Jun 15 00:00:00 
Jun 15 00:00:00 
Jun 15 00:00:00 🔔京东汽车, 开始!
Jun 15 00:00:00 您的cookie选择的是用&隔开
Jun 15 00:00:00 
Jun 15 00:00:00 
Jun 15 00:00:00 ====================共有2个京东账号Cookie=========
Jun 15 00:00:00 
Jun 15 00:00:01 ==================脚本执行- 北京时间(UTC+8)：6/15/2021, 12:00:00 AM=====================
Jun 15 00:00:01 
Jun 15 00:00:01 
Jun 15 00:00:01 ******开始【京东账号1】lman87*********
Jun 15 00:00:01 
Jun 15 00:00:02 
Jun 15 00:00:02 ******开始【京东账号1】lman87*********
Jun 15 00:00:02 
Jun 15 00:00:02 兑换结果：{"status":true,"data":{"result":1,"reason":null}}
Jun 15 00:00:02 签到成功，获得5，已签到6天
Jun 15 00:00:05 兑换结果：{"status":true,"data":{"result":1,"reason":null}}
Jun 15 00:00:05 您今天已签到，请明天再来
Jun 15 00:00:06 去做任务：参加京东汽车赛事
Jun 15 00:00:07 任务领取成功
Jun 15 00:00:07 任务完成成功
Jun 15 00:00:10 当前赛点：1915/500，可以兑换京豆，请打开APP兑换
Jun 15 00:00:10 
Jun 15 00:00:10 ==============📣系统通知📣==============
Jun 15 00:00:10 京东汽车
Jun 15 00:00:10 【京东账号1】lman87
Jun 15 00:00:10 签到失败，您今天已签到，请明天再来
Jun 15 00:00:10 当前赛点：1915/500，可以兑换京豆，请打开APP兑换
Jun 15 00:00:10 
Jun 15 00:00:10 
Jun 15 00:00:10 ******开始【京东账号2】变速箱2019*********
Jun 15 00:00:10 
Jun 15 00:00:10 兑换结果：{"status":true,"data":{"result":1,"reason":null}}
Jun 15 00:00:12 去做任务：参加京东汽车赛事
Jun 15 00:00:12 任务重复完成
Jun 15 00:00:17 当前赛点：1915/500，可以兑换京豆，请打开APP兑换
Jun 15 00:00:17 
Jun 15 00:00:17 ==============📣系统通知📣==============
Jun 15 00:00:17 京东汽车
Jun 15 00:00:17 【京东账号1】lman87
Jun 15 00:00:17 签到成功，获得5，已签到6天
Jun 15 00:00:17 当前赛点：1915/500，可以兑换京豆，请打开APP兑换
Jun 15 00:00:17 
Jun 15 00:00:17 
Jun 15 00:00:17 ******开始【京东账号2】jd_rkylFaEIkvBL*********
Jun 15 00:00:17 
Jun 15 00:00:18 签到成功，获得5，已签到6天
Jun 15 00:00:18 兑换结果：{"status":true,"data":{"result":1,"reason":null}}
Jun 15 00:00:20 去做任务：参加京东汽车赛事
Jun 15 00:00:20 您今天已签到，请明天再来
Jun 15 00:00:22 去做任务：参加京东汽车赛事
Jun 15 00:00:22 任务领取成功
Jun 15 00:00:24 任务领取成功
Jun 15 00:00:27 任务完成成功
Jun 15 00:00:27 任务完成成功
Jun 15 00:00:36 当前赛点：1155/500，可以兑换京豆，请打开APP兑换
Jun 15 00:00:36 
Jun 15 00:00:36 ==============📣系统通知📣==============
Jun 15 00:00:36 京东汽车
Jun 15 00:00:36 【京东账号2】变速箱2019
Jun 15 00:00:36 签到成功，获得5，已签到6天
Jun 15 00:00:36 当前赛点：1155/500，可以兑换京豆，请打开APP兑换
Jun 15 00:00:36 
Jun 15 00:00:36 
Jun 15 00:00:36 🔔京东汽车, 结束! 🕛 36.531 秒
Jun 15 00:00:36 
Jun 15 00:00:37 当前赛点：1155/500，可以兑换京豆，请打开APP兑换
Jun 15 00:00:37 
Jun 15 00:00:37 ==============📣系统通知📣==============
Jun 15 00:00:37 京东汽车
Jun 15 00:00:37 【京东账号2】jd_rkylFaEIkvBL
Jun 15 00:00:37 签到失败，您今天已签到，请明天再来
Jun 15 00:00:37 当前赛点：1155/500，可以兑换京豆，请打开APP兑换
Jun 15 00:00:37 
Jun 15 00:00:37 
Jun 15 00:00:37 🔔京东汽车, 结束! 🕛 36.399 秒
Jun 15 00:00:37 
