
Jun 15 16:52:02 
Jun 15 16:52:02 🔔crazyJoy挂机, 开始!
Jun 15 16:52:02 
Jun 15 16:52:02 ====================共2个京东账号Cookie=========
Jun 15 16:52:02 
Jun 15 16:52:02 ==================脚本执行- 北京时间(UTC+8)：6/15/2021, 4:52:02 PM=====================
Jun 15 16:52:02 
Jun 15 16:52:02 
Jun 15 16:52:02 挂机开始，自动8s收一次金币
Jun 15 16:52:02 ============开始第1次挂机=============
Jun 15 16:52:02 
Jun 15 16:52:02 开始【京东账号1】lman87
Jun 15 16:52:02 
Jun 15 16:52:03 当前JOY分布情况
Jun 15 16:52:03 
Jun 15 16:52:03 30 31 32 33
Jun 15 16:52:03 34 34 34 34
Jun 15 16:52:03 34 34 34 34
Jun 15 16:52:03 
Jun 15 16:52:05 当前金币:5440740821032026
Jun 15 16:52:05 
Jun 15 16:52:05 此次在线收益：获得 383862702085 金币
Jun 15 16:52:11 当前信息：1391 京豆，5440740821032026 金币
Jun 15 16:52:12 
Jun 15 16:52:12 开始【京东账号2】jd_rkylFaEIkvBL
Jun 15 16:52:12 
Jun 15 16:52:13 当前JOY分布情况
Jun 15 16:52:13 
Jun 15 16:52:13 30 31 32 33
Jun 15 16:52:13 34 34 34 34
Jun 15 16:52:13 34 34 34 34
Jun 15 16:52:13 
Jun 15 16:52:15 当前金币:2125720181906517
Jun 15 16:52:15 
Jun 15 16:52:15 此次在线收益：获得 383862702085 金币
Jun 15 16:52:21 当前信息：124 京豆，2125720181906517 金币
Jun 15 16:52:21 
Jun 15 16:52:21 
Jun 15 16:52:21 
Jun 15 16:52:21 ============开始第2次挂机=============
Jun 15 16:52:21 
Jun 15 16:52:21 开始【京东账号1】lman87
Jun 15 16:52:21 
Jun 15 16:52:22 当前JOY分布情况
Jun 15 16:52:22 
Jun 15 16:52:22 30 31 32 33
Jun 15 16:52:22 34 34 34 34
Jun 15 16:52:22 34 34 34 34
Jun 15 16:52:22 
Jun 15 16:52:24 当前金币:5441892409138281
Jun 15 16:52:24 
Jun 15 16:52:24 此次在线收益：获得 383862702085 金币
Jun 15 16:52:30 当前信息：1391 京豆，5441892409138281 金币
Jun 15 16:52:30 
Jun 15 16:52:30 开始【京东账号2】jd_rkylFaEIkvBL
Jun 15 16:52:30 
Jun 15 16:52:31 当前JOY分布情况
Jun 15 16:52:31 
Jun 15 16:52:31 30 31 32 33
Jun 15 16:52:31 34 34 34 34
Jun 15 16:52:31 34 34 34 34
Jun 15 16:52:31 
Jun 15 16:52:33 当前金币:2126487907310687
Jun 15 16:52:33 
Jun 15 16:52:33 此次在线收益：获得 383862702085 金币
Jun 15 16:52:39 当前信息：124 京豆，2126487907310687 金币
Jun 15 16:52:39 
Jun 15 16:52:39 
Jun 15 16:52:39 
Jun 15 16:52:39 ============开始第3次挂机=============
Jun 15 16:52:39 
Jun 15 16:52:39 开始【京东账号1】lman87
Jun 15 16:52:39 
Jun 15 16:52:40 当前JOY分布情况
Jun 15 16:52:40 
Jun 15 16:52:40 30 31 32 33
Jun 15 16:52:40 34 34 34 34
Jun 15 16:52:40 34 34 34 34
Jun 15 16:52:40 
Jun 15 16:52:51 当前信息：1391 京豆，获取当前金币数量失败 金币
Jun 15 16:52:51 
Jun 15 16:52:51 开始【京东账号2】jd_rkylFaEIkvBL
Jun 15 16:52:51 
Jun 15 16:52:52 当前JOY分布情况
Jun 15 16:52:52 
Jun 15 16:52:52 30 31 32 33
Jun 15 16:52:52 34 34 34 34
Jun 15 16:52:52 34 34 34 34
Jun 15 16:52:52 
Jun 15 16:52:54 当前金币:2127639495416942
Jun 15 16:52:54 
Jun 15 16:52:54 此次在线收益：获得 383862702085 金币
Jun 15 16:53:01 当前信息：124 京豆，2127639495416942 金币
Jun 15 16:53:01 
Jun 15 16:53:01 
Jun 15 16:53:01 
Jun 15 16:53:01 ============开始第4次挂机=============
Jun 15 16:53:01 
Jun 15 16:53:01 开始【京东账号1】lman87
Jun 15 16:53:01 
Jun 15 16:53:02 当前JOY分布情况
Jun 15 16:53:02 
Jun 15 16:53:02 30 31 32 33
Jun 15 16:53:02 34 34 34 34
Jun 15 16:53:02 34 34 34 34
Jun 15 16:53:02 
Jun 15 16:53:04 当前金币:5443811722648706
Jun 15 16:53:04 
Jun 15 16:53:04 此次在线收益：获得 383862702085 金币
Jun 15 16:53:11 当前信息：1391 京豆，5443811722648706 金币
Jun 15 16:53:11 
Jun 15 16:53:11 开始【京东账号2】jd_rkylFaEIkvBL
Jun 15 16:53:11 
Jun 15 16:53:12 当前JOY分布情况
Jun 15 16:53:12 
Jun 15 16:53:12 30 31 32 33
Jun 15 16:53:12 34 34 34 34
Jun 15 16:53:12 34 34 34 34
Jun 15 16:53:12 
Jun 15 16:53:22 当前信息：124 京豆，获取当前金币数量失败 金币
Jun 15 16:53:22 
Jun 15 16:53:22 
Jun 15 16:53:22 
Jun 15 16:53:22 ============开始第5次挂机=============
Jun 15 16:53:22 
Jun 15 16:53:22 开始【京东账号1】lman87
Jun 15 16:53:22 
Jun 15 16:53:23 当前JOY分布情况
Jun 15 16:53:23 
Jun 15 16:53:23 30 31 32 33
Jun 15 16:53:23 34 34 34 34
Jun 15 16:53:23 34 34 34 34
Jun 15 16:53:23 
Jun 15 16:53:26 此次在线收益：获得 0 金币
Jun 15 16:53:32 当前信息：1391 京豆，获取当前金币数量失败 金币
Jun 15 16:53:32 
Jun 15 16:53:32 开始【京东账号2】jd_rkylFaEIkvBL
Jun 15 16:53:32 
Jun 15 16:53:33 当前JOY分布情况
Jun 15 16:53:33 
Jun 15 16:53:33 30 31 32 33
Jun 15 16:53:33 34 34 34 34
Jun 15 16:53:33 34 34 34 34
Jun 15 16:53:33 
Jun 15 16:53:47 当前信息：124 京豆，获取当前金币数量失败 金币
Jun 15 16:53:47 
Jun 15 16:53:47 
Jun 15 16:53:47 
Jun 15 16:53:47 ============开始第6次挂机=============
Jun 15 16:53:47 
Jun 15 16:53:47 开始【京东账号1】lman87
Jun 15 16:53:47 
Jun 15 16:53:48 当前JOY分布情况
Jun 15 16:53:48 
Jun 15 16:53:48 30 31 32 33
Jun 15 16:53:48 34 34 34 34
Jun 15 16:53:48 34 34 34 34
Jun 15 16:53:48 
Jun 15 16:53:50 此次在线收益：获得 0 金币
Jun 15 16:53:56 当前信息：1391 京豆，获取当前金币数量失败 金币
Jun 15 16:53:56 
Jun 15 16:53:56 开始【京东账号2】jd_rkylFaEIkvBL
Jun 15 16:53:56 
Jun 15 16:53:57 当前JOY分布情况
Jun 15 16:53:57 
Jun 15 16:53:57 30 31 32 33
Jun 15 16:53:57 34 34 34 34
Jun 15 16:53:57 34 34 34 34
Jun 15 16:53:57 
Jun 15 16:53:59 当前金币:2130710397033622
Jun 15 16:53:59 
Jun 15 16:53:59 此次在线收益：获得 383862702085 金币
Jun 15 16:54:05 当前信息：124 京豆，2130710397033622 金币
Jun 15 16:54:05 
Jun 15 16:54:05 
Jun 15 16:54:05 
Jun 15 16:54:05 ============开始第7次挂机=============
Jun 15 16:54:05 
Jun 15 16:54:05 开始【京东账号1】lman87
Jun 15 16:54:05 
Jun 15 16:54:07 当前JOY分布情况
Jun 15 16:54:07 
Jun 15 16:54:07 30 31 32 33
Jun 15 16:54:07 34 34 34 34
Jun 15 16:54:07 34 34 34 34
Jun 15 16:54:07 
Jun 15 16:54:09 当前金币:5446882624265386
Jun 15 16:54:09 
Jun 15 16:54:09 此次在线收益：获得 383862702085 金币
Jun 15 16:54:15 当前信息：1391 京豆，5446882624265386 金币
Jun 15 16:54:15 
Jun 15 16:54:15 开始【京东账号2】jd_rkylFaEIkvBL
Jun 15 16:54:15 
Jun 15 16:54:16 当前JOY分布情况
Jun 15 16:54:16 
Jun 15 16:54:16 30 31 32 33
Jun 15 16:54:16 34 34 34 34
Jun 15 16:54:16 34 34 34 34
Jun 15 16:54:16 
Jun 15 16:54:18 当前金币:2131478122437792
Jun 15 16:54:18 
Jun 15 16:54:18 此次在线收益：获得 383862702085 金币
Jun 15 16:54:21 京豆信息获取信息失败
Jun 15 16:54:26 当前信息：0 京豆，2131478122437792 金币
Jun 15 16:54:26 
Jun 15 16:54:26 
Jun 15 16:54:26 
Jun 15 16:54:26 ============开始第8次挂机=============
Jun 15 16:54:26 
Jun 15 16:54:26 开始【京东账号1】lman87
Jun 15 16:54:26 
Jun 15 16:54:27 当前JOY分布情况
Jun 15 16:54:27 
Jun 15 16:54:27 30 31 32 33
Jun 15 16:54:27 34 34 34 34
Jun 15 16:54:27 34 34 34 34
Jun 15 16:54:27 
Jun 15 16:54:30 此次在线收益：获得 0 金币
Jun 15 16:54:36 当前信息：1391 京豆，获取当前金币数量失败 金币
Jun 15 16:54:36 
Jun 15 16:54:36 开始【京东账号2】jd_rkylFaEIkvBL
Jun 15 16:54:36 
Jun 15 16:54:37 当前JOY分布情况
Jun 15 16:54:37 
Jun 15 16:54:37 30 31 32 33
Jun 15 16:54:37 34 34 34 34
Jun 15 16:54:37 34 34 34 34
Jun 15 16:54:37 
Jun 15 16:54:39 当前金币:2132629710544047
Jun 15 16:54:39 
Jun 15 16:54:39 此次在线收益：获得 383862702085 金币
Jun 15 16:54:45 当前信息：124 京豆，2132629710544047 金币
Jun 15 16:54:45 
Jun 15 16:54:45 
Jun 15 16:54:45 
Jun 15 16:54:45 ============开始第9次挂机=============
Jun 15 16:54:45 
Jun 15 16:54:45 开始【京东账号1】lman87
Jun 15 16:54:45 
Jun 15 16:54:46 当前JOY分布情况
Jun 15 16:54:46 
Jun 15 16:54:46 30 31 32 33
Jun 15 16:54:46 34 34 34 34
Jun 15 16:54:46 34 34 34 34
Jun 15 16:54:46 
Jun 15 16:54:48 当前金币:5448418075073726
Jun 15 16:54:48 
Jun 15 16:54:48 此次在线收益：获得 383862702085 金币
Jun 15 16:54:54 当前信息：1391 京豆，5448418075073726 金币
Jun 15 16:54:54 
Jun 15 16:54:54 开始【京东账号2】jd_rkylFaEIkvBL
Jun 15 16:54:54 
Jun 15 16:54:55 当前JOY分布情况
Jun 15 16:54:55 
Jun 15 16:54:55 30 31 32 33
Jun 15 16:54:55 34 34 34 34
Jun 15 16:54:55 34 34 34 34
Jun 15 16:54:55 
Jun 15 16:54:58 当前金币:2133397435948217
Jun 15 16:54:58 
Jun 15 16:54:58 此次在线收益：获得 383862702085 金币
Jun 15 16:55:04 当前信息：124 京豆，2133397435948217 金币
Jun 15 16:55:04 
Jun 15 16:55:04 
Jun 15 16:55:04 
Jun 15 16:55:04 ============开始第10次挂机=============
Jun 15 16:55:04 
Jun 15 16:55:04 开始【京东账号1】lman87
Jun 15 16:55:04 
Jun 15 16:55:05 当前JOY分布情况
Jun 15 16:55:05 
Jun 15 16:55:05 30 31 32 33
Jun 15 16:55:05 34 34 34 34
Jun 15 16:55:05 34 34 34 34
Jun 15 16:55:05 
Jun 15 16:55:18 当前信息：1391 京豆，获取当前金币数量失败 金币
Jun 15 16:55:18 
Jun 15 16:55:18 开始【京东账号2】jd_rkylFaEIkvBL
Jun 15 16:55:18 
Jun 15 16:55:19 当前JOY分布情况
Jun 15 16:55:19 
Jun 15 16:55:19 30 31 32 33
Jun 15 16:55:19 34 34 34 34
Jun 15 16:55:19 34 34 34 34
Jun 15 16:55:19 
Jun 15 16:55:23 此次在线收益：获得 0 金币
Jun 15 16:55:29 当前信息：124 京豆，获取当前金币数量失败 金币
Jun 15 16:55:29 
Jun 15 16:55:29 
Jun 15 16:55:29 
Jun 15 16:55:29 ============开始第11次挂机=============
Jun 15 16:55:29 
Jun 15 16:55:29 开始【京东账号1】lman87
Jun 15 16:55:29 
Jun 15 16:55:31 joy信息获取信息失败
Jun 15 16:55:37 当前金币:5450721251286236
Jun 15 16:55:37 
Jun 15 16:55:37 此次在线收益：获得 383862702085 金币
Jun 15 16:55:43 当前信息：1391 京豆，5450721251286236 金币
Jun 15 16:55:43 
Jun 15 16:55:43 开始【京东账号2】jd_rkylFaEIkvBL
Jun 15 16:55:43 
Jun 15 16:55:44 当前JOY分布情况
Jun 15 16:55:44 
Jun 15 16:55:44 30 31 32 33
Jun 15 16:55:44 34 34 34 34
Jun 15 16:55:44 34 34 34 34
Jun 15 16:55:44 
Jun 15 16:55:46 此次在线收益：获得 0 金币
Jun 15 16:55:52 当前信息：124 京豆，获取当前金币数量失败 金币
Jun 15 16:55:52 
Jun 15 16:55:52 
Jun 15 16:55:52 
Jun 15 16:55:52 ============开始第12次挂机=============
Jun 15 16:55:52 
Jun 15 16:55:52 开始【京东账号1】lman87
Jun 15 16:55:52 
Jun 15 16:55:54 当前JOY分布情况
Jun 15 16:55:54 
Jun 15 16:55:54 30 31 32 33
Jun 15 16:55:54 34 34 34 34
Jun 15 16:55:54 34 34 34 34
Jun 15 16:55:54 
Jun 15 16:55:56 此次在线收益：获得 0 金币
Jun 15 16:56:02 当前信息：1391 京豆，获取当前金币数量失败 金币
Jun 15 16:56:02 
Jun 15 16:56:02 开始【京东账号2】jd_rkylFaEIkvBL
Jun 15 16:56:02 
Jun 15 16:56:03 当前JOY分布情况
Jun 15 16:56:03 
Jun 15 16:56:03 30 31 32 33
Jun 15 16:56:03 34 34 34 34
Jun 15 16:56:03 34 34 34 34
Jun 15 16:56:03 
Jun 15 16:56:05 此次在线收益：获得 0 金币
Jun 15 16:56:11 当前信息：124 京豆，获取当前金币数量失败 金币
Jun 15 16:56:11 
Jun 15 16:56:11 
Jun 15 16:56:11 
Jun 15 16:56:11 ============开始第13次挂机=============
Jun 15 16:56:11 
Jun 15 16:56:11 开始【京东账号1】lman87
Jun 15 16:56:11 
Jun 15 16:56:12 当前JOY分布情况
Jun 15 16:56:12 
Jun 15 16:56:12 30 31 32 33
Jun 15 16:56:12 34 34 34 34
Jun 15 16:56:12 34 34 34 34
Jun 15 16:56:12 
Jun 15 16:56:14 当前金币:5452640564796661
Jun 15 16:56:14 
Jun 15 16:56:14 此次在线收益：获得 383862702085 金币
Jun 15 16:56:20 当前信息：1391 京豆，5452640564796661 金币
Jun 15 16:56:20 
Jun 15 16:56:20 开始【京东账号2】jd_rkylFaEIkvBL
Jun 15 16:56:20 
Jun 15 16:56:21 当前JOY分布情况
Jun 15 16:56:21 
Jun 15 16:56:21 30 31 32 33
Jun 15 16:56:21 34 34 34 34
Jun 15 16:56:21 34 34 34 34
Jun 15 16:56:21 
Jun 15 16:56:29 京豆信息获取信息失败
Jun 15 16:56:34 当前信息：0 京豆，获取当前金币数量失败 金币
Jun 15 16:56:34 
Jun 15 16:56:34 
Jun 15 16:56:34 
Jun 15 16:56:34 ============开始第14次挂机=============
Jun 15 16:56:34 
Jun 15 16:56:34 开始【京东账号1】lman87
Jun 15 16:56:34 
Jun 15 16:56:36 当前JOY分布情况
Jun 15 16:56:36 
Jun 15 16:56:36 30 31 32 33
Jun 15 16:56:36 34 34 34 34
Jun 15 16:56:36 34 34 34 34
Jun 15 16:56:36 
Jun 15 16:56:37 金币补给领取成功，获得276381145501200金币
Jun 15 16:56:38 此次在线收益：获得 0 金币
Jun 15 16:56:44 当前信息：1391 京豆，获取当前金币数量失败 金币
Jun 15 16:56:44 
Jun 15 16:56:44 开始【京东账号2】jd_rkylFaEIkvBL
Jun 15 16:56:44 
Jun 15 16:56:45 当前JOY分布情况
Jun 15 16:56:45 
Jun 15 16:56:45 30 31 32 33
Jun 15 16:56:45 34 34 34 34
Jun 15 16:56:45 34 34 34 34
Jun 15 16:56:45 
Jun 15 16:56:47 当前金币:2138003788373237
Jun 15 16:56:47 
Jun 15 16:56:47 此次在线收益：获得 383862702085 金币
Jun 15 16:56:53 当前信息：124 京豆，2138003788373237 金币
Jun 15 16:56:53 
Jun 15 16:56:53 
Jun 15 16:56:53 
Jun 15 16:56:53 ============开始第15次挂机=============
Jun 15 16:56:53 
Jun 15 16:56:53 开始【京东账号1】lman87
Jun 15 16:56:53 
Jun 15 16:56:54 当前JOY分布情况
Jun 15 16:56:54 
Jun 15 16:56:54 30 31 32 33
Jun 15 16:56:54 34 34 34 34
Jun 15 16:56:54 34 34 34 34
Jun 15 16:56:54 
Jun 15 16:57:05 当前信息：1391 京豆，获取当前金币数量失败 金币
Jun 15 16:57:05 
Jun 15 16:57:05 开始【京东账号2】jd_rkylFaEIkvBL
Jun 15 16:57:05 
Jun 15 16:57:06 当前JOY分布情况
Jun 15 16:57:06 
Jun 15 16:57:06 30 31 32 33
Jun 15 16:57:06 34 34 34 34
Jun 15 16:57:06 34 34 34 34
Jun 15 16:57:06 
Jun 15 16:57:08 此次在线收益：获得 0 金币
Jun 15 16:57:14 当前信息：124 京豆，获取当前金币数量失败 金币
Jun 15 16:57:14 
Jun 15 16:57:14 
Jun 15 16:57:14 
Jun 15 16:57:14 ============开始第16次挂机=============
Jun 15 16:57:14 
Jun 15 16:57:14 开始【京东账号1】lman87
Jun 15 16:57:14 
Jun 15 16:57:15 当前JOY分布情况
Jun 15 16:57:15 
Jun 15 16:57:15 30 31 32 33
Jun 15 16:57:15 34 34 34 34
Jun 15 16:57:15 34 34 34 34
Jun 15 16:57:15 
Jun 15 16:57:17 此次在线收益：获得 0 金币
Jun 15 16:57:23 当前信息：1391 京豆，获取当前金币数量失败 金币
Jun 15 16:57:24 
Jun 15 16:57:24 开始【京东账号2】jd_rkylFaEIkvBL
Jun 15 16:57:24 
Jun 15 16:57:25 当前JOY分布情况
Jun 15 16:57:25 
Jun 15 16:57:25 30 31 32 33
Jun 15 16:57:25 34 34 34 34
Jun 15 16:57:25 34 34 34 34
Jun 15 16:57:25 
Jun 15 16:57:27 当前金币:2139923101883662
Jun 15 16:57:27 
Jun 15 16:57:27 此次在线收益：获得 383862702085 金币
Jun 15 16:57:33 当前信息：124 京豆，2139923101883662 金币
Jun 15 16:57:33 
Jun 15 16:57:33 
Jun 15 16:57:33 
Jun 15 16:57:33 ============开始第17次挂机=============
Jun 15 16:57:33 
Jun 15 16:57:33 开始【京东账号1】lman87
Jun 15 16:57:33 
Jun 15 16:57:34 当前JOY分布情况
Jun 15 16:57:34 
Jun 15 16:57:34 30 31 32 33
Jun 15 16:57:34 34 34 34 34
Jun 15 16:57:34 34 34 34 34
Jun 15 16:57:34 
Jun 15 16:57:36 当前金币:6009241482819911
Jun 15 16:57:36 
Jun 15 16:57:36 此次在线收益：获得 383862702085 金币
Jun 15 16:57:37 开始合并两只34级joy
Jun 15 16:57:37 
Jun 15 16:57:37 合并成功，获得好物JOY级Joy
Jun 15 16:57:41 合并后的JOY分布情况
Jun 15 16:57:41 
Jun 15 16:57:41 30 31 32 33
Jun 15 16:57:41 0 0 34 34
Jun 15 16:57:41 34 34 34 34
Jun 15 16:57:41 
Jun 15 16:57:46 当前信息：1391 京豆，6009241482819911 金币
Jun 15 16:57:46 
Jun 15 16:57:46 开始【京东账号2】jd_rkylFaEIkvBL
Jun 15 16:57:46 
Jun 15 16:57:47 当前JOY分布情况
Jun 15 16:57:47 
Jun 15 16:57:47 30 31 32 33
Jun 15 16:57:47 34 34 34 34
Jun 15 16:57:47 34 34 34 34
Jun 15 16:57:47 
Jun 15 16:57:48 金币补给领取成功，获得276381145501200金币
Jun 15 16:57:50 此次在线收益：获得 0 金币
Jun 15 16:57:56 当前信息：124 京豆，获取当前金币数量失败 金币
Jun 15 16:57:56 
Jun 15 16:57:56 
Jun 15 16:57:56 
Jun 15 16:57:56 ============开始第18次挂机=============
Jun 15 16:57:56 
Jun 15 16:57:56 开始【京东账号1】lman87
Jun 15 16:57:56 
Jun 15 16:57:57 当前JOY分布情况
Jun 15 16:57:57 
Jun 15 16:57:57 30 31 32 33
Jun 15 16:57:57 0 0 34 34
Jun 15 16:57:57 34 34 34 34
Jun 15 16:57:57 
Jun 15 16:57:59 当前金币:6010135372888406
Jun 15 16:57:59 
Jun 15 16:57:59 此次在线收益：获得 297963356165 金币
Jun 15 16:58:00 购买30级joy成功，剩余金币【5843705390168406】
Jun 15 16:58:02 此次在线收益：获得 0 金币
Jun 15 16:58:02 购买30级joy成功，剩余金币【5677275407448406】
Jun 15 16:58:04 当前金币:5677578739513691
Jun 15 16:58:04 
Jun 15 16:58:04 此次在线收益：获得 303332065285 金币
Jun 15 16:58:04 开始合并两只30级joy
Jun 15 16:58:04 
Jun 15 16:58:04 合并成功，获得31级Joy
Jun 15 16:58:08 合并后的JOY分布情况
Jun 15 16:58:08 
Jun 15 16:58:08 0 31 32 33
Jun 15 16:58:08 31 30 34 34
Jun 15 16:58:08 34 34 34 34
Jun 15 16:58:08 
Jun 15 16:58:14 当前信息：1391 京豆，5677578739513691 金币
Jun 15 16:58:14 
Jun 15 16:58:14 开始【京东账号2】jd_rkylFaEIkvBL
Jun 15 16:58:14 
Jun 15 16:58:15 当前JOY分布情况
Jun 15 16:58:15 
Jun 15 16:58:15 30 31 32 33
Jun 15 16:58:15 34 34 34 34
Jun 15 16:58:15 34 34 34 34
Jun 15 16:58:15 
Jun 15 16:58:20 当前金币:2694988569098572
Jun 15 16:58:20 
Jun 15 16:58:20 此次在线收益：获得 383862702085 金币
Jun 15 16:58:26 当前信息：124 京豆，2694988569098572 金币
Jun 15 16:58:26 
Jun 15 16:58:26 
Jun 15 16:58:26 
Jun 15 16:58:26 ============开始第19次挂机=============
Jun 15 16:58:26 
Jun 15 16:58:26 开始【京东账号1】lman87
Jun 15 16:58:26 
Jun 15 16:58:27 当前JOY分布情况
Jun 15 16:58:27 
Jun 15 16:58:27 0 31 32 33
Jun 15 16:58:27 31 30 34 34
Jun 15 16:58:27 34 34 34 34
Jun 15 16:58:27 
Jun 15 16:58:31 当前金币:5678488735709546
Jun 15 16:58:31 
Jun 15 16:58:31 此次在线收益：获得 303332065285 金币
Jun 15 16:58:32 购买30级joy成功，剩余金币【5512058752989546】
Jun 15 16:58:34 此次在线收益：获得 0 金币
Jun 15 16:58:34 开始合并两只30级joy
Jun 15 16:58:34 
Jun 15 16:58:34 合并成功，获得31级Joy
Jun 15 16:58:38 合并后的JOY分布情况
Jun 15 16:58:38 
Jun 15 16:58:38 0 31 32 33
Jun 15 16:58:38 31 31 34 34
Jun 15 16:58:38 34 34 34 34
Jun 15 16:58:38 
Jun 15 16:58:38 开始合并两只31级joy
Jun 15 16:58:38 
Jun 15 16:58:38 合并成功，获得32级Joy
Jun 15 16:58:43 合并后的JOY分布情况
Jun 15 16:58:43 
Jun 15 16:58:43 0 0 32 33
Jun 15 16:58:43 32 31 34 34
Jun 15 16:58:43 34 34 34 34
Jun 15 16:58:43 
Jun 15 16:58:48 当前信息：1391 京豆，获取当前金币数量失败 金币
Jun 15 16:58:48 
Jun 15 16:58:48 开始【京东账号2】jd_rkylFaEIkvBL
Jun 15 16:58:48 
Jun 15 16:58:49 当前JOY分布情况
Jun 15 16:58:49 
Jun 15 16:58:49 30 31 32 33
Jun 15 16:58:49 34 34 34 34
Jun 15 16:58:49 34 34 34 34
Jun 15 16:58:49 
Jun 15 16:58:53 此次在线收益：获得 0 金币
Jun 15 16:58:59 当前信息：124 京豆，获取当前金币数量失败 金币
Jun 15 16:58:59 
Jun 15 16:58:59 
Jun 15 16:58:59 
Jun 15 16:58:59 ============开始第20次挂机=============
Jun 15 16:58:59 
Jun 15 16:58:59 开始【京东账号1】lman87
Jun 15 16:58:59 
Jun 15 16:59:02 joy信息获取信息失败
Jun 15 16:59:05 当前金币:5513282818668926
Jun 15 16:59:05 
Jun 15 16:59:05 此次在线收益：获得 306016419845 金币
Jun 15 16:59:11 当前信息：1391 京豆，5513282818668926 金币
Jun 15 16:59:11 
Jun 15 16:59:11 开始【京东账号2】jd_rkylFaEIkvBL
Jun 15 16:59:11 
Jun 15 16:59:12 当前JOY分布情况
Jun 15 16:59:12 
Jun 15 16:59:12 30 31 32 33
Jun 15 16:59:12 34 34 34 34
Jun 15 16:59:12 34 34 34 34
Jun 15 16:59:12 
Jun 15 16:59:14 此次在线收益：获得 0 金币
Jun 15 16:59:20 当前信息：124 京豆，获取当前金币数量失败 金币
Jun 15 16:59:20 
Jun 15 16:59:20 
Jun 15 16:59:20 
Jun 15 16:59:20 ============开始第21次挂机=============
Jun 15 16:59:20 
Jun 15 16:59:20 开始【京东账号1】lman87
Jun 15 16:59:20 
Jun 15 16:59:23 joy信息获取信息失败
Jun 15 16:59:26 当前金币:5513894851508616
Jun 15 16:59:26 
Jun 15 16:59:26 此次在线收益：获得 306016419845 金币
Jun 15 16:59:33 当前信息：1391 京豆，5513894851508616 金币
Jun 15 16:59:33 
Jun 15 16:59:33 开始【京东账号2】jd_rkylFaEIkvBL
Jun 15 16:59:33 
Jun 15 16:59:34 当前JOY分布情况
Jun 15 16:59:34 
Jun 15 16:59:34 30 31 32 33
Jun 15 16:59:34 34 34 34 34
Jun 15 16:59:34 34 34 34 34
Jun 15 16:59:34 
Jun 15 16:59:37 当前金币:2698443333417337
Jun 15 16:59:37 
Jun 15 16:59:37 此次在线收益：获得 383862702085 金币
Jun 15 16:59:43 当前信息：124 京豆，2698443333417337 金币
Jun 15 16:59:43 
Jun 15 16:59:43 
Jun 15 16:59:43 
Jun 15 16:59:43 ============开始第22次挂机=============
Jun 15 16:59:43 
Jun 15 16:59:43 开始【京东账号1】lman87
Jun 15 16:59:43 
Jun 15 16:59:44 当前JOY分布情况
Jun 15 16:59:44 
Jun 15 16:59:44 0 0 32 33
Jun 15 16:59:44 32 31 34 34
Jun 15 16:59:44 34 34 34 34
Jun 15 16:59:44 
Jun 15 16:59:46 当前金币:5514506884348306
Jun 15 16:59:46 
Jun 15 16:59:46 此次在线收益：获得 306016419845 金币
Jun 15 16:59:47 购买30级joy成功，剩余金币【5348076901628306】
Jun 15 16:59:49 此次在线收益：获得 0 金币
Jun 15 16:59:49 购买30级joy成功，剩余金币【5181646918908306】
Jun 15 16:59:51 当前金币:5181958304037271
Jun 15 16:59:51 
Jun 15 16:59:51 此次在线收益：获得 311385128965 金币
Jun 15 16:59:51 开始合并两只30级joy
Jun 15 16:59:51 
Jun 15 16:59:51 合并成功，获得31级Joy
Jun 15 16:59:55 合并后的JOY分布情况
Jun 15 16:59:55 
Jun 15 16:59:55 0 31 32 33
Jun 15 16:59:55 32 31 34 34
Jun 15 16:59:55 34 34 34 34
Jun 15 16:59:55 
Jun 15 16:59:55 开始合并两只32级joy
Jun 15 16:59:55 
Jun 15 16:59:56 合并成功，获得33级Joy
Jun 15 17:00:00 合并后的JOY分布情况
Jun 15 17:00:00 
Jun 15 17:00:00 0 31 0 33
Jun 15 17:00:00 33 31 34 34
Jun 15 17:00:00 34 34 34 34
Jun 15 17:00:00 
Jun 15 17:00:05 当前信息：1391 京豆，5181958304037271 金币
Jun 15 17:00:05 
Jun 15 17:00:05 开始【京东账号2】jd_rkylFaEIkvBL
Jun 15 17:00:05 
Jun 15 17:00:06 当前JOY分布情况
Jun 15 17:00:06 
Jun 15 17:00:06 30 31 32 33
Jun 15 17:00:06 34 34 34 34
Jun 15 17:00:06 34 34 34 34
Jun 15 17:00:06 
Jun 15 17:00:08 当前金币:2699978784225677
Jun 15 17:00:08 
Jun 15 17:00:08 此次在线收益：获得 383862702085 金币
Jun 15 17:00:14 当前信息：124 京豆，2699978784225677 金币
Jun 15 17:00:14 
Jun 15 17:00:14 
Jun 15 17:00:14 
Jun 15 17:00:14 ============开始第23次挂机=============
Jun 15 17:00:14 
Jun 15 17:00:14 开始【京东账号1】lman87
Jun 15 17:00:14 
Jun 15 17:00:15 当前JOY分布情况
Jun 15 17:00:15 
Jun 15 17:00:15 0 31 0 33
Jun 15 17:00:15 33 31 34 34
Jun 15 17:00:15 34 34 34 34
Jun 15 17:00:15 
Jun 15 17:00:18 当前金币:5182892459424166
Jun 15 17:00:18 
Jun 15 17:00:18 此次在线收益：获得 311385128965 金币
Jun 15 17:00:19 购买30级joy成功，剩余金币【5016462476704166】
Jun 15 17:00:21 此次在线收益：获得 0 金币
Jun 15 17:00:21 购买30级joy成功，剩余金币【4850032493984166】
Jun 15 17:00:24 当前金币:4850349247822251
Jun 15 17:00:24 
Jun 15 17:00:24 此次在线收益：获得 316753838085 金币
Jun 15 17:00:24 开始合并两只30级joy
Jun 15 17:00:24 
Jun 15 17:00:24 合并成功，获得31级Joy
Jun 15 17:00:29 合并后的JOY分布情况
Jun 15 17:00:29 
Jun 15 17:00:29 0 31 31 33
Jun 15 17:00:29 33 31 34 34
Jun 15 17:00:29 34 34 34 34
Jun 15 17:00:29 
Jun 15 17:00:29 开始合并两只31级joy
Jun 15 17:00:29 
Jun 15 17:00:29 合并成功，获得32级Joy
Jun 15 17:00:33 合并后的JOY分布情况
Jun 15 17:00:33 
Jun 15 17:00:33 0 0 31 33
Jun 15 17:00:33 33 32 34 34
Jun 15 17:00:33 34 34 34 34
Jun 15 17:00:33 
Jun 15 17:00:33 开始合并两只33级joy
Jun 15 17:00:33 
Jun 15 17:00:33 合并成功，获得34级Joy
Jun 15 17:00:37 合并后的JOY分布情况
Jun 15 17:00:37 
Jun 15 17:00:37 0 0 31 0
Jun 15 17:00:37 34 32 34 34
Jun 15 17:00:37 34 34 34 34
Jun 15 17:00:37 
Jun 15 17:00:42 当前信息：1391 京豆，4850349247822251 金币
Jun 15 17:00:42 
Jun 15 17:00:42 开始【京东账号2】jd_rkylFaEIkvBL
Jun 15 17:00:42 
Jun 15 17:00:43 当前JOY分布情况
Jun 15 17:00:43 
Jun 15 17:00:43 30 31 32 33
Jun 15 17:00:43 34 34 34 34
Jun 15 17:00:43 34 34 34 34
Jun 15 17:00:43 
Jun 15 17:00:45 此次在线收益：获得 0 金币
Jun 15 17:00:51 当前信息：124 京豆，获取当前金币数量失败 金币
Jun 15 17:00:51 
Jun 15 17:00:51 
Jun 15 17:00:51 
Jun 15 17:00:51 ============开始第24次挂机=============
Jun 15 17:00:51 
Jun 15 17:00:51 开始【京东账号1】lman87
Jun 15 17:00:51 
Jun 15 17:00:53 当前JOY分布情况
Jun 15 17:00:53 
Jun 15 17:00:53 0 0 31 0
Jun 15 17:00:53 34 32 34 34
Jun 15 17:00:53 34 34 34 34
Jun 15 17:00:53 
Jun 15 17:00:59 购买30级joy成功，剩余金币【4685186280454591】
Jun 15 17:01:03 购买30级joy成功，剩余金币【4518756297734591】
Jun 15 17:01:09 购买30级joy成功，剩余金币【4352648437561796】
Jun 15 17:01:12 此次在线收益：获得 0 金币
Jun 15 17:01:12 开始合并两只30级joy
Jun 15 17:01:12 
Jun 15 17:01:12 合并成功，获得31级Joy
Jun 15 17:01:16 合并后的JOY分布情况
Jun 15 17:01:16 
Jun 15 17:01:16 0 31 31 30
Jun 15 17:01:16 34 32 34 34
Jun 15 17:01:16 34 34 34 34
Jun 15 17:01:16 
Jun 15 17:01:21 当前信息：1391 京豆，获取当前金币数量失败 金币
Jun 15 17:01:21 
Jun 15 17:01:21 开始【京东账号2】jd_rkylFaEIkvBL
Jun 15 17:01:21 
Jun 15 17:01:22 当前JOY分布情况
Jun 15 17:01:22 
Jun 15 17:01:22 30 31 32 33
Jun 15 17:01:22 34 34 34 34
Jun 15 17:01:22 34 34 34 34
Jun 15 17:01:22 
Jun 15 17:01:24 此次在线收益：获得 0 金币
Jun 15 17:01:27 京豆信息获取信息失败
Jun 15 17:01:32 当前信息：0 京豆，获取当前金币数量失败 金币
Jun 15 17:01:32 
Jun 15 17:01:32 
Jun 15 17:01:32 
Jun 15 17:01:32 ============开始第25次挂机=============
Jun 15 17:01:32 
Jun 15 17:01:32 开始【京东账号1】lman87
Jun 15 17:01:32 
Jun 15 17:01:34 当前JOY分布情况
Jun 15 17:01:34 
Jun 15 17:01:34 0 31 31 30
Jun 15 17:01:34 34 32 34 34
Jun 15 17:01:34 34 34 34 34
Jun 15 17:01:34 
Jun 15 17:01:36 此次在线收益：获得 0 金币
Jun 15 17:01:37 购买30级joy成功，剩余金币【4187192875547091】
Jun 15 17:01:39 此次在线收益：获得 0 金币
Jun 15 17:01:39 开始合并两只30级joy
Jun 15 17:01:39 
Jun 15 17:01:39 合并成功，获得31级Joy
Jun 15 17:01:43 合并后的JOY分布情况
Jun 15 17:01:43 
Jun 15 17:01:43 0 31 31 31
Jun 15 17:01:43 34 32 34 34
Jun 15 17:01:43 34 34 34 34
Jun 15 17:01:43 
Jun 15 17:01:43 开始合并两只31级joy
Jun 15 17:01:43 
Jun 15 17:01:43 合并成功，获得32级Joy
Jun 15 17:01:47 合并后的JOY分布情况
Jun 15 17:01:47 
Jun 15 17:01:47 0 0 32 31
Jun 15 17:01:47 34 32 34 34
Jun 15 17:01:47 34 34 34 34
Jun 15 17:01:47 
Jun 15 17:01:52 当前信息：1391 京豆，获取当前金币数量失败 金币
Jun 15 17:01:52 
Jun 15 17:01:52 开始【京东账号2】jd_rkylFaEIkvBL
Jun 15 17:01:52 
Jun 15 17:01:53 当前JOY分布情况
Jun 15 17:01:53 
Jun 15 17:01:53 30 31 32 33
Jun 15 17:01:53 34 34 34 34
Jun 15 17:01:53 34 34 34 34
Jun 15 17:01:53 
Jun 15 17:01:55 此次在线收益：获得 0 金币
Jun 15 17:01:56 京豆信息获取信息失败
Jun 15 17:02:01 当前信息：0 京豆，获取当前金币数量失败 金币
Jun 15 17:02:01 
Jun 15 17:02:01 
Jun 15 17:02:01 
Jun 15 17:02:01 ============开始第26次挂机=============
Jun 15 17:02:01 
Jun 15 17:02:01 开始【京东账号1】lman87
Jun 15 17:02:01 
Jun 15 17:02:02 当前JOY分布情况
Jun 15 17:02:02 
Jun 15 17:02:02 0 0 32 31
Jun 15 17:02:02 34 32 34 34
Jun 15 17:02:02 34 34 34 34
Jun 15 17:02:02 
Jun 15 17:02:05 此次在线收益：获得 0 金币
Jun 15 17:02:06 购买30级joy成功，剩余金币【4021745366596066】
Jun 15 17:02:08 当前金币:4022075542206951
Jun 15 17:02:08 
Jun 15 17:02:08 此次在线收益：获得 330175610885 金币
Jun 15 17:02:08 购买30级joy成功，剩余金币【3855645559486951】
Jun 15 17:02:10 此次在线收益：获得 0 金币
Jun 15 17:02:10 开始合并两只30级joy
Jun 15 17:02:10 
Jun 15 17:02:10 合并成功，获得31级Joy
Jun 15 17:02:14 合并后的JOY分布情况
Jun 15 17:02:14 
Jun 15 17:02:14 0 31 32 31
Jun 15 17:02:14 34 32 34 34
Jun 15 17:02:14 34 34 34 34
Jun 15 17:02:14 
Jun 15 17:02:14 开始合并两只32级joy
Jun 15 17:02:14 
Jun 15 17:02:14 合并成功，获得33级Joy
Jun 15 17:02:19 合并后的JOY分布情况
Jun 15 17:02:19 
Jun 15 17:02:19 0 31 0 31
Jun 15 17:02:19 34 33 34 34
Jun 15 17:02:19 34 34 34 34
Jun 15 17:02:19 
Jun 15 17:02:24 当前信息：1391 京豆，获取当前金币数量失败 金币
Jun 15 17:02:24 
Jun 15 17:02:24 开始【京东账号2】jd_rkylFaEIkvBL
Jun 15 17:02:24 
Jun 15 17:02:25 当前JOY分布情况
Jun 15 17:02:25 
Jun 15 17:02:25 30 31 32 33
Jun 15 17:02:25 34 34 34 34
Jun 15 17:02:25 34 34 34 34
Jun 15 17:02:25 
Jun 15 17:02:28 当前金币:2706120587459037
Jun 15 17:02:28 
Jun 15 17:02:28 此次在线收益：获得 383862702085 金币
Jun 15 17:02:34 当前信息：124 京豆，2706120587459037 金币
Jun 15 17:02:34 
Jun 15 17:02:34 
Jun 15 17:02:34 
Jun 15 17:02:34 ============开始第27次挂机=============
Jun 15 17:02:34 
Jun 15 17:02:34 开始【京东账号1】lman87
Jun 15 17:02:34 
Jun 15 17:02:35 当前JOY分布情况
Jun 15 17:02:35 
Jun 15 17:02:35 0 31 0 31
Jun 15 17:02:35 34 33 34 34
Jun 15 17:02:35 34 34 34 34
Jun 15 17:02:35 
Jun 15 17:02:38 此次在线收益：获得 0 金币
Jun 15 17:02:39 购买30级joy成功，剩余金币【3690214156663286】
Jun 15 17:02:42 joy信息获取信息失败
Jun 15 17:02:43 此次在线收益：获得 0 金币
Jun 15 17:02:48 当前信息：1391 京豆，获取当前金币数量失败 金币
Jun 15 17:02:48 
Jun 15 17:02:48 开始【京东账号2】jd_rkylFaEIkvBL
Jun 15 17:02:48 
Jun 15 17:02:49 当前JOY分布情况
Jun 15 17:02:49 
Jun 15 17:02:49 30 31 32 33
Jun 15 17:02:49 34 34 34 34
Jun 15 17:02:49 34 34 34 34
Jun 15 17:02:49 
Jun 15 17:02:51 此次在线收益：获得 0 金币
Jun 15 17:02:57 当前信息：124 京豆，获取当前金币数量失败 金币
Jun 15 17:02:57 
Jun 15 17:02:57 
Jun 15 17:02:57 
Jun 15 17:02:57 ============开始第28次挂机=============
Jun 15 17:02:57 
Jun 15 17:02:57 开始【京东账号1】lman87
Jun 15 17:02:57 
Jun 15 17:02:58 当前JOY分布情况
Jun 15 17:02:58 
Jun 15 17:02:58 30 31 0 31
Jun 15 17:02:58 34 33 34 34
Jun 15 17:02:58 34 34 34 34
Jun 15 17:02:58 
Jun 15 17:03:00 当前金币:3691220789623301
Jun 15 17:03:00 
Jun 15 17:03:00 此次在线收益：获得 335544320005 金币
Jun 15 17:03:01 购买30级joy成功，剩余金币【3524790806903301】
Jun 15 17:03:06 开始合并两只30级joy
Jun 15 17:03:06 
Jun 15 17:03:06 合并成功，获得31级Joy
Jun 15 17:03:10 合并后的JOY分布情况
Jun 15 17:03:10 
Jun 15 17:03:10 0 31 31 31
Jun 15 17:03:10 34 33 34 34
Jun 15 17:03:10 34 34 34 34
Jun 15 17:03:10 
Jun 15 17:03:10 开始合并两只31级joy
Jun 15 17:03:10 
Jun 15 17:03:13 合并失败，错误
Jun 15 17:03:17 合并后的JOY分布情况
Jun 15 17:03:17 
Jun 15 17:03:17 0 0 31 32
Jun 15 17:03:17 34 33 34 34
Jun 15 17:03:17 34 34 34 34
Jun 15 17:03:17 
Jun 15 17:03:22 当前信息：1391 京豆，获取当前金币数量失败 金币
Jun 15 17:03:22 
Jun 15 17:03:22 开始【京东账号2】jd_rkylFaEIkvBL
Jun 15 17:03:22 
Jun 15 17:03:23 当前JOY分布情况
Jun 15 17:03:23 
Jun 15 17:03:23 30 31 32 33
Jun 15 17:03:23 34 34 34 34
Jun 15 17:03:23 34 34 34 34
Jun 15 17:03:23 
Jun 15 17:03:25 此次在线收益：获得 0 金币
Jun 15 17:03:32 当前信息：124 京豆，获取当前金币数量失败 金币
Jun 15 17:03:32 
Jun 15 17:03:32 
Jun 15 17:03:32 
Jun 15 17:03:32 ============开始第29次挂机=============
Jun 15 17:03:32 
Jun 15 17:03:32 开始【京东账号1】lman87
Jun 15 17:03:32 
Jun 15 17:03:33 当前JOY分布情况
Jun 15 17:03:33 
Jun 15 17:03:33 0 0 31 32
Jun 15 17:03:33 34 33 34 34
Jun 15 17:03:33 34 34 34 34
Jun 15 17:03:33 
Jun 15 17:03:35 当前金币:3526143721601561
Jun 15 17:03:35 
Jun 15 17:03:35 此次在线收益：获得 338228674565 金币
Jun 15 17:03:36 购买30级joy成功，剩余金币【3359713738881561】
Jun 15 17:03:38 此次在线收益：获得 0 金币
Jun 15 17:03:38 购买30级joy成功，剩余金币【3193283756161561】
Jun 15 17:03:40 当前金币:3193627353545246
Jun 15 17:03:40 
Jun 15 17:03:40 此次在线收益：获得 343597383685 金币
Jun 15 17:03:40 开始合并两只30级joy
Jun 15 17:03:40 
Jun 15 17:03:40 合并成功，获得31级Joy
Jun 15 17:03:44 合并后的JOY分布情况
Jun 15 17:03:44 
Jun 15 17:03:44 0 31 31 32
Jun 15 17:03:44 34 33 34 34
Jun 15 17:03:44 34 34 34 34
Jun 15 17:03:44 
Jun 15 17:03:49 当前信息：1391 京豆，3193627353545246 金币
Jun 15 17:03:49 
Jun 15 17:03:49 开始【京东账号2】jd_rkylFaEIkvBL
Jun 15 17:03:49 
Jun 15 17:03:52 joy信息获取信息失败
Jun 15 17:03:55 此次在线收益：获得 0 金币
Jun 15 17:04:01 当前信息：124 京豆，获取当前金币数量失败 金币
Jun 15 17:04:01 
Jun 15 17:04:01 
Jun 15 17:04:01 
Jun 15 17:04:01 ============开始第30次挂机=============
Jun 15 17:04:01 
Jun 15 17:04:01 开始【京东账号1】lman87
Jun 15 17:04:01 
Jun 15 17:04:02 当前JOY分布情况
Jun 15 17:04:02 
Jun 15 17:04:02 0 31 31 32
Jun 15 17:04:02 34 33 34 34
Jun 15 17:04:02 34 34 34 34
Jun 15 17:04:02 
Jun 15 17:04:05 此次在线收益：获得 0 金币
Jun 15 17:04:06 购买30级joy成功，剩余金币【3027884565592616】
Jun 15 17:04:09 joy信息获取信息失败
Jun 15 17:04:10 当前金币:3028230847330861
Jun 15 17:04:10 
Jun 15 17:04:10 此次在线收益：获得 346281738245 金币
Jun 15 17:04:15 当前信息：1391 京豆，3028230847330861 金币
Jun 15 17:04:15 
Jun 15 17:04:15 开始【京东账号2】jd_rkylFaEIkvBL
Jun 15 17:04:15 
Jun 15 17:04:16 当前JOY分布情况
Jun 15 17:04:16 
Jun 15 17:04:16 30 31 32 33
Jun 15 17:04:16 34 34 34 34
Jun 15 17:04:16 34 34 34 34
Jun 15 17:04:16 
Jun 15 17:04:18 当前金币:2711110802586142
Jun 15 17:04:18 
Jun 15 17:04:18 此次在线收益：获得 383862702085 金币
Jun 15 17:04:24 当前信息：124 京豆，2711110802586142 金币
Jun 15 17:04:24 
Jun 15 17:04:24 
Jun 15 17:04:24 
Jun 15 17:04:24 ============开始第31次挂机=============
Jun 15 17:04:25 
Jun 15 17:04:25 开始【京东账号1】lman87
Jun 15 17:04:25 
Jun 15 17:04:26 当前JOY分布情况
Jun 15 17:04:26 
Jun 15 17:04:26 30 31 31 32
Jun 15 17:04:26 34 33 34 34
Jun 15 17:04:26 34 34 34 34
Jun 15 17:04:26 
Jun 15 17:04:28 此次在线收益：获得 0 金币
Jun 15 17:04:29 开始合并两只31级joy
Jun 15 17:04:29 
Jun 15 17:04:31 合并失败，错误
Jun 15 17:04:35 合并后的JOY分布情况
Jun 15 17:04:35 
Jun 15 17:04:35 30 0 32 32
Jun 15 17:04:35 34 33 34 34
Jun 15 17:04:35 34 34 34 34
Jun 15 17:04:35 
Jun 15 17:04:40 当前信息：1391 京豆，获取当前金币数量失败 金币
Jun 15 17:04:40 
Jun 15 17:04:40 开始【京东账号2】jd_rkylFaEIkvBL
Jun 15 17:04:40 
Jun 15 17:04:41 当前JOY分布情况
Jun 15 17:04:41 
Jun 15 17:04:41 30 31 32 33
Jun 15 17:04:41 34 34 34 34
Jun 15 17:04:41 34 34 34 34
Jun 15 17:04:41 
Jun 15 17:04:43 此次在线收益：获得 0 金币
Jun 15 17:04:49 当前信息：124 京豆，获取当前金币数量失败 金币
Jun 15 17:04:49 
Jun 15 17:04:49 
Jun 15 17:04:49 
Jun 15 17:04:49 ============开始第32次挂机=============
Jun 15 17:04:49 
Jun 15 17:04:49 开始【京东账号1】lman87
Jun 15 17:04:49 
Jun 15 17:04:51 当前JOY分布情况
Jun 15 17:04:51 
Jun 15 17:04:51 30 0 32 32
Jun 15 17:04:51 34 33 34 34
Jun 15 17:04:51 34 34 34 34
Jun 15 17:04:51 
Jun 15 17:04:53 此次在线收益：获得 0 金币
Jun 15 17:04:54 购买30级joy成功，剩余金币【2863532273302086】
Jun 15 17:04:56 当前金币:2863881239394891
Jun 15 17:04:56 
Jun 15 17:04:56 此次在线收益：获得 348966092805 金币
Jun 15 17:04:56 开始合并两只30级joy
Jun 15 17:04:56 
Jun 15 17:04:56 合并成功，获得31级Joy
Jun 15 17:05:00 合并后的JOY分布情况
Jun 15 17:05:00 
Jun 15 17:05:00 0 31 32 32
Jun 15 17:05:00 34 33 34 34
Jun 15 17:05:00 34 34 34 34
Jun 15 17:05:00 
Jun 15 17:05:00 开始合并两只32级joy
Jun 15 17:05:00 
Jun 15 17:05:03 合并失败，错误
Jun 15 17:05:08 合并后的JOY分布情况
Jun 15 17:05:08 
Jun 15 17:05:08 0 31 0 33
Jun 15 17:05:08 34 33 34 34
Jun 15 17:05:08 34 34 34 34
Jun 15 17:05:08 
Jun 15 17:05:13 当前信息：1391 京豆，2863881239394891 金币
Jun 15 17:05:13 
Jun 15 17:05:13 开始【京东账号2】jd_rkylFaEIkvBL
Jun 15 17:05:13 
Jun 15 17:05:14 当前JOY分布情况
Jun 15 17:05:14 
Jun 15 17:05:14 30 31 32 33
Jun 15 17:05:14 34 34 34 34
Jun 15 17:05:14 34 34 34 34
Jun 15 17:05:14 
Jun 15 17:05:16 此次在线收益：获得 0 金币
Jun 15 17:05:22 当前信息：124 京豆，获取当前金币数量失败 金币
Jun 15 17:05:22 
Jun 15 17:05:22 
Jun 15 17:05:22 
Jun 15 17:05:22 ============开始第33次挂机=============
Jun 15 17:05:22 
Jun 15 17:05:22 开始【京东账号1】lman87
Jun 15 17:05:22 
Jun 15 17:05:23 当前JOY分布情况
Jun 15 17:05:23 
Jun 15 17:05:23 0 31 0 33
Jun 15 17:05:23 34 33 34 34
Jun 15 17:05:23 34 34 34 34
Jun 15 17:05:23 
Jun 15 17:05:26 此次在线收益：获得 0 金币
Jun 15 17:05:29 undefined
Jun 15 17:05:31 当前金币:2865277103766111
Jun 15 17:05:31 
Jun 15 17:05:31 此次在线收益：获得 348966092805 金币
Jun 15 17:05:31 购买30级joy成功，剩余金币【2698847121046111】
Jun 15 17:05:33 此次在线收益：获得 0 金币
Jun 15 17:05:33 开始合并两只30级joy
Jun 15 17:05:33 
Jun 15 17:05:33 合并成功，获得31级Joy
Jun 15 17:05:37 合并后的JOY分布情况
Jun 15 17:05:37 
Jun 15 17:05:37 0 31 31 33
Jun 15 17:05:37 34 33 34 34
Jun 15 17:05:37 34 34 34 34
Jun 15 17:05:37 
Jun 15 17:05:37 开始合并两只33级joy
Jun 15 17:05:37 
Jun 15 17:05:37 合并成功，获得34级Joy
Jun 15 17:05:41 合并后的JOY分布情况
Jun 15 17:05:41 
Jun 15 17:05:41 0 31 31 0
Jun 15 17:05:41 34 34 34 34
Jun 15 17:05:41 34 34 34 34
Jun 15 17:05:41 
Jun 15 17:05:47 当前信息：1391 京豆，获取当前金币数量失败 金币
Jun 15 17:05:47 
Jun 15 17:05:47 开始【京东账号2】jd_rkylFaEIkvBL
Jun 15 17:05:47 
Jun 15 17:05:48 当前JOY分布情况
Jun 15 17:05:48 
Jun 15 17:05:48 30 31 32 33
Jun 15 17:05:48 34 34 34 34
Jun 15 17:05:48 34 34 34 34
Jun 15 17:05:48 
Jun 15 17:05:50 此次在线收益：获得 0 金币
Jun 15 17:05:56 当前信息：124 京豆，获取当前金币数量失败 金币
Jun 15 17:05:56 
Jun 15 17:05:56 
Jun 15 17:05:56 
Jun 15 17:05:56 ============开始第34次挂机=============
Jun 15 17:05:56 
Jun 15 17:05:56 开始【京东账号1】lman87
Jun 15 17:05:56 
Jun 15 17:05:57 当前JOY分布情况
Jun 15 17:05:57 
Jun 15 17:05:57 0 31 31 0
Jun 15 17:05:57 34 34 34 34
Jun 15 17:05:57 34 34 34 34
Jun 15 17:05:57 
Jun 15 17:05:59 当前金币:2533834477533811
Jun 15 17:05:59 
Jun 15 17:05:59 此次在线收益：获得 354334801925 金币
Jun 15 17:06:00 购买30级joy成功，剩余金币【2367404494813811】
Jun 15 17:06:02 此次在线收益：获得 0 金币
Jun 15 17:06:02 购买30级joy成功，剩余金币【2200974512093811】
Jun 15 17:06:05 当前金币:2201334215604856
Jun 15 17:06:05 
Jun 15 17:06:05 此次在线收益：获得 359703511045 金币
Jun 15 17:06:05 开始合并两只30级joy
Jun 15 17:06:05 
Jun 15 17:06:07 合并失败，错误
Jun 15 17:06:11 合并后的JOY分布情况
Jun 15 17:06:11 
Jun 15 17:06:11 30 31 31 30
Jun 15 17:06:11 34 34 34 34
Jun 15 17:06:11 34 34 34 34
Jun 15 17:06:11 
Jun 15 17:06:11 开始合并两只31级joy
Jun 15 17:06:11 
Jun 15 17:06:11 合并成功，获得32级Joy
Jun 15 17:06:15 合并后的JOY分布情况
Jun 15 17:06:15 
Jun 15 17:06:15 30 0 32 30
Jun 15 17:06:15 34 34 34 34
Jun 15 17:06:15 34 34 34 34
Jun 15 17:06:15 
Jun 15 17:06:20 当前信息：1391 京豆，2201334215604856 金币
Jun 15 17:06:21 
Jun 15 17:06:21 开始【京东账号2】jd_rkylFaEIkvBL
Jun 15 17:06:21 
Jun 15 17:06:22 当前JOY分布情况
Jun 15 17:06:22 
Jun 15 17:06:22 30 31 32 33
Jun 15 17:06:22 34 34 34 34
Jun 15 17:06:22 34 34 34 34
Jun 15 17:06:22 
Jun 15 17:06:24 当前金币:2717252605819502
Jun 15 17:06:24 
Jun 15 17:06:24 此次在线收益：获得 383862702085 金币
Jun 15 17:06:30 当前信息：124 京豆，2717252605819502 金币
Jun 15 17:06:30 
Jun 15 17:06:30 
Jun 15 17:06:30 
Jun 15 17:06:30 ============开始第35次挂机=============
Jun 15 17:06:30 
Jun 15 17:06:30 开始【京东账号1】lman87
Jun 15 17:06:30 
Jun 15 17:06:31 当前JOY分布情况
Jun 15 17:06:31 
Jun 15 17:06:31 30 0 32 30
Jun 15 17:06:31 34 34 34 34
Jun 15 17:06:31 34 34 34 34
Jun 15 17:06:31 
Jun 15 17:06:33 当前金币:2202773029649036
Jun 15 17:06:33 
Jun 15 17:06:33 此次在线收益：获得 359703511045 金币
Jun 15 17:06:34 购买30级joy成功，剩余金币【2036343046929036】
Jun 15 17:06:36 此次在线收益：获得 0 金币
Jun 15 17:06:36 开始合并两只30级joy
Jun 15 17:06:36 
Jun 15 17:06:38 合并失败，错误
Jun 15 17:06:42 合并后的JOY分布情况
Jun 15 17:06:42 
Jun 15 17:06:42 0 31 32 30
Jun 15 17:06:42 34 34 34 34
Jun 15 17:06:42 34 34 34 34
Jun 15 17:06:42 
Jun 15 17:06:47 当前信息：1391 京豆，获取当前金币数量失败 金币
Jun 15 17:06:47 
Jun 15 17:06:47 开始【京东账号2】jd_rkylFaEIkvBL
Jun 15 17:06:47 
Jun 15 17:06:49 当前JOY分布情况
Jun 15 17:06:49 
Jun 15 17:06:49 30 31 32 33
Jun 15 17:06:49 34 34 34 34
Jun 15 17:06:49 34 34 34 34
Jun 15 17:06:49 
Jun 15 17:06:53 此次在线收益：获得 0 金币
Jun 15 17:06:59 当前信息：124 京豆，获取当前金币数量失败 金币
Jun 15 17:06:59 
Jun 15 17:06:59 
Jun 15 17:06:59 
Jun 15 17:06:59 ============开始第36次挂机=============
Jun 15 17:06:59 
Jun 15 17:06:59 开始【京东账号1】lman87
Jun 15 17:06:59 
Jun 15 17:07:00 当前JOY分布情况
Jun 15 17:07:00 
Jun 15 17:07:00 0 31 32 30
Jun 15 17:07:00 34 34 34 34
Jun 15 17:07:00 34 34 34 34
Jun 15 17:07:00 
Jun 15 17:07:05 当前金币:2037792598391456
Jun 15 17:07:05 
Jun 15 17:07:05 此次在线收益：获得 362387865605 金币
Jun 15 17:07:06 购买30级joy成功，剩余金币【1871362615671456】
Jun 15 17:07:08 此次在线收益：获得 0 金币
Jun 15 17:07:08 开始合并两只30级joy
Jun 15 17:07:08 
Jun 15 17:07:10 合并失败，错误
Jun 15 17:07:14 合并后的JOY分布情况
Jun 15 17:07:14 
Jun 15 17:07:14 30 31 32 30
Jun 15 17:07:14 34 34 34 34
Jun 15 17:07:14 34 34 34 34
Jun 15 17:07:14 
Jun 15 17:07:19 当前信息：1391 京豆，获取当前金币数量失败 金币
Jun 15 17:07:19 
Jun 15 17:07:19 开始【京东账号2】jd_rkylFaEIkvBL
Jun 15 17:07:19 
Jun 15 17:07:21 当前JOY分布情况
Jun 15 17:07:21 
Jun 15 17:07:21 30 31 32 33
Jun 15 17:07:21 34 34 34 34
Jun 15 17:07:21 34 34 34 34
Jun 15 17:07:21 
Jun 15 17:07:23 此次在线收益：获得 0 金币
Jun 15 17:07:29 当前信息：124 京豆，获取当前金币数量失败 金币
Jun 15 17:07:29 
Jun 15 17:07:29 
Jun 15 17:07:29 
Jun 15 17:07:29 ============开始第37次挂机=============
Jun 15 17:07:29 
Jun 15 17:07:29 开始【京东账号1】lman87
Jun 15 17:07:29 
Jun 15 17:07:30 当前JOY分布情况
Jun 15 17:07:30 
Jun 15 17:07:30 0 31 32 31
Jun 15 17:07:30 34 34 34 34
Jun 15 17:07:30 34 34 34 34
Jun 15 17:07:30 
Jun 15 17:07:32 此次在线收益：获得 0 金币
Jun 15 17:07:33 购买30级joy成功，剩余金币【1706027849611951】
Jun 15 17:07:35 当前金币:1706395606186676
Jun 15 17:07:35 
Jun 15 17:07:35 此次在线收益：获得 367756574725 金币
Jun 15 17:07:35 开始合并两只31级joy
Jun 15 17:07:35 
Jun 15 17:07:35 合并成功，获得32级Joy
Jun 15 17:07:39 合并后的JOY分布情况
Jun 15 17:07:39 
Jun 15 17:07:39 30 0 32 32
Jun 15 17:07:39 34 34 34 34
Jun 15 17:07:39 34 34 34 34
Jun 15 17:07:39 
Jun 15 17:07:45 当前信息：1391 京豆，1706395606186676 金币
Jun 15 17:07:45 
Jun 15 17:07:45 开始【京东账号2】jd_rkylFaEIkvBL
Jun 15 17:07:45 
Jun 15 17:07:46 当前JOY分布情况
Jun 15 17:07:46 
Jun 15 17:07:46 30 31 32 33
Jun 15 17:07:46 34 34 34 34
Jun 15 17:07:46 34 34 34 34
Jun 15 17:07:46 
Jun 15 17:07:48 此次在线收益：获得 0 金币
Jun 15 17:07:54 当前信息：124 京豆，获取当前金币数量失败 金币
Jun 15 17:07:54 
Jun 15 17:07:54 
Jun 15 17:07:54 
Jun 15 17:07:54 ============开始第38次挂机=============
Jun 15 17:07:54 
Jun 15 17:07:54 开始【京东账号1】lman87
Jun 15 17:07:54 
Jun 15 17:07:57 joy信息获取信息失败
Jun 15 17:08:00 当前金币:1707498875910851
Jun 15 17:08:00 
Jun 15 17:08:00 此次在线收益：获得 367756574725 金币
Jun 15 17:08:06 当前信息：1391 京豆，1707498875910851 金币
Jun 15 17:08:06 
Jun 15 17:08:06 开始【京东账号2】jd_rkylFaEIkvBL
Jun 15 17:08:06 
Jun 15 17:08:07 当前JOY分布情况
Jun 15 17:08:07 
Jun 15 17:08:07 30 31 32 33
Jun 15 17:08:07 34 34 34 34
Jun 15 17:08:07 34 34 34 34
Jun 15 17:08:07 
Jun 15 17:08:10 当前金币:2722242820946607
Jun 15 17:08:10 
Jun 15 17:08:10 此次在线收益：获得 383862702085 金币
Jun 15 17:08:16 当前信息：124 京豆，2722242820946607 金币
Jun 15 17:08:16 
Jun 15 17:08:16 
Jun 15 17:08:16 
Jun 15 17:08:16 ============开始第39次挂机=============
Jun 15 17:08:16 
Jun 15 17:08:16 开始【京东账号1】lman87
Jun 15 17:08:16 
Jun 15 17:08:17 当前JOY分布情况
Jun 15 17:08:17 
Jun 15 17:08:17 30 0 32 32
Jun 15 17:08:17 34 34 34 34
Jun 15 17:08:17 34 34 34 34
Jun 15 17:08:17 
Jun 15 17:08:19 此次在线收益：获得 0 金币
Jun 15 17:08:20 购买30级joy成功，剩余金币【1541804406340301】
Jun 15 17:08:22 当前金币:1542174847269586
Jun 15 17:08:22 
Jun 15 17:08:22 此次在线收益：获得 370440929285 金币
Jun 15 17:08:22 开始合并两只30级joy
Jun 15 17:08:22 
Jun 15 17:08:22 合并成功，获得31级Joy
Jun 15 17:08:26 合并后的JOY分布情况
Jun 15 17:08:26 
Jun 15 17:08:26 0 31 32 32
Jun 15 17:08:26 34 34 34 34
Jun 15 17:08:26 34 34 34 34
Jun 15 17:08:26 
Jun 15 17:08:26 开始合并两只32级joy
Jun 15 17:08:26 
Jun 15 17:08:26 合并成功，获得33级Joy
Jun 15 17:08:30 合并后的JOY分布情况
Jun 15 17:08:30 
Jun 15 17:08:30 0 31 0 33
Jun 15 17:08:30 34 34 34 34
Jun 15 17:08:30 34 34 34 34
Jun 15 17:08:30 
Jun 15 17:08:36 当前信息：1391 京豆，1542174847269586 金币
Jun 15 17:08:36 
Jun 15 17:08:36 开始【京东账号2】jd_rkylFaEIkvBL
Jun 15 17:08:36 
Jun 15 17:08:37 当前JOY分布情况
Jun 15 17:08:37 
Jun 15 17:08:37 30 31 32 33
Jun 15 17:08:37 34 34 34 34
Jun 15 17:08:37 34 34 34 34
Jun 15 17:08:37 
Jun 15 17:08:39 当前金币:2723778271754947
Jun 15 17:08:39 
Jun 15 17:08:39 此次在线收益：获得 383862702085 金币
Jun 15 17:08:45 当前信息：124 京豆，2723778271754947 金币
Jun 15 17:08:45 
Jun 15 17:08:45 
Jun 15 17:08:45 
Jun 15 17:08:45 ============开始第40次挂机=============
Jun 15 17:08:45 
Jun 15 17:08:45 开始【京东账号1】lman87
Jun 15 17:08:45 
Jun 15 17:08:46 当前JOY分布情况
Jun 15 17:08:46 
Jun 15 17:08:46 0 31 0 33
Jun 15 17:08:46 34 34 34 34
Jun 15 17:08:46 34 34 34 34
Jun 15 17:08:46 
Jun 15 17:08:48 当前金币:1543286170057441
Jun 15 17:08:48 
Jun 15 17:08:48 此次在线收益：获得 370440929285 金币
Jun 15 17:08:49 购买30级joy成功，剩余金币【1376856187337441】
Jun 15 17:08:51 此次在线收益：获得 0 金币
Jun 15 17:08:51 购买30级joy成功，剩余金币【1210426204617441】
Jun 15 17:08:54 当前金币:1210802014255846
Jun 15 17:08:54 
Jun 15 17:08:54 此次在线收益：获得 375809638405 金币
Jun 15 17:08:54 开始合并两只30级joy
Jun 15 17:08:54 
Jun 15 17:08:54 合并成功，获得31级Joy
Jun 15 17:08:58 合并后的JOY分布情况
Jun 15 17:08:58 
Jun 15 17:08:58 0 31 31 33
Jun 15 17:08:58 34 34 34 34
Jun 15 17:08:58 34 34 34 34
Jun 15 17:08:58 
Jun 15 17:09:03 当前信息：1391 京豆，1210802014255846 金币
Jun 15 17:09:03 
Jun 15 17:09:03 开始【京东账号2】jd_rkylFaEIkvBL
Jun 15 17:09:03 
Jun 15 17:09:04 当前JOY分布情况
Jun 15 17:09:04 
Jun 15 17:09:04 30 31 32 33
Jun 15 17:09:04 34 34 34 34
Jun 15 17:09:04 34 34 34 34
Jun 15 17:09:04 
Jun 15 17:09:06 当前金币:2724929859861202
Jun 15 17:09:06 
Jun 15 17:09:06 此次在线收益：获得 383862702085 金币
Jun 15 17:09:12 当前信息：124 京豆，2724929859861202 金币
Jun 15 17:09:12 
Jun 15 17:09:12 
Jun 15 17:09:12 
Jun 15 17:09:12 ============开始第41次挂机=============
Jun 15 17:09:12 
Jun 15 17:09:12 开始【京东账号1】lman87
Jun 15 17:09:12 
Jun 15 17:09:13 当前JOY分布情况
Jun 15 17:09:13 
Jun 15 17:09:13 0 31 31 33
Jun 15 17:09:13 34 34 34 34
Jun 15 17:09:13 34 34 34 34
Jun 15 17:09:13 
Jun 15 17:09:18 此次在线收益：获得 0 金币
Jun 15 17:09:19 购买30级joy成功，剩余金币【1045499460451061】
Jun 15 17:09:21 当前金币:1045877954444026
Jun 15 17:09:21 
Jun 15 17:09:21 此次在线收益：获得 378493992965 金币
Jun 15 17:09:21 开始合并两只31级joy
Jun 15 17:09:21 
Jun 15 17:09:21 合并成功，获得32级Joy
Jun 15 17:09:25 合并后的JOY分布情况
Jun 15 17:09:25 
Jun 15 17:09:25 30 0 32 33
Jun 15 17:09:25 34 34 34 34
Jun 15 17:09:25 34 34 34 34
Jun 15 17:09:25 
Jun 15 17:09:30 当前信息：1391 京豆，1045877954444026 金币
Jun 15 17:09:30 
Jun 15 17:09:30 开始【京东账号2】jd_rkylFaEIkvBL
Jun 15 17:09:30 
Jun 15 17:09:31 当前JOY分布情况
Jun 15 17:09:31 
Jun 15 17:09:31 30 31 32 33
Jun 15 17:09:31 34 34 34 34
Jun 15 17:09:31 34 34 34 34
Jun 15 17:09:31 
Jun 15 17:09:42 当前信息：124 京豆，获取当前金币数量失败 金币
Jun 15 17:09:42 
Jun 15 17:09:42 
Jun 15 17:09:42 
Jun 15 17:09:42 ============开始第42次挂机=============
Jun 15 17:09:42 
Jun 15 17:09:42 开始【京东账号1】lman87
Jun 15 17:09:42 
Jun 15 17:09:43 当前JOY分布情况
Jun 15 17:09:43 
Jun 15 17:09:43 30 0 32 33
Jun 15 17:09:43 34 34 34 34
Jun 15 17:09:43 34 34 34 34
Jun 15 17:09:43 
Jun 15 17:09:45 当前金币:1047013436422921
Jun 15 17:09:45 
Jun 15 17:09:45 此次在线收益：获得 378493992965 金币
Jun 15 17:09:46 购买30级joy成功，剩余金币【880583453702921】
Jun 15 17:09:48 此次在线收益：获得 0 金币
Jun 15 17:09:48 开始合并两只30级joy
Jun 15 17:09:48 
Jun 15 17:09:48 合并成功，获得31级Joy
Jun 15 17:09:52 合并后的JOY分布情况
Jun 15 17:09:52 
Jun 15 17:09:52 0 31 32 33
Jun 15 17:09:52 34 34 34 34
Jun 15 17:09:52 34 34 34 34
Jun 15 17:09:52 
Jun 15 17:09:57 当前信息：1391 京豆，获取当前金币数量失败 金币
Jun 15 17:09:57 
Jun 15 17:09:57 开始【京东账号2】jd_rkylFaEIkvBL
Jun 15 17:09:57 
Jun 15 17:09:59 当前JOY分布情况
Jun 15 17:09:59 
Jun 15 17:09:59 30 31 32 33
Jun 15 17:09:59 34 34 34 34
Jun 15 17:09:59 34 34 34 34
Jun 15 17:09:59 
Jun 15 17:10:01 当前金币:2727616898775797
Jun 15 17:10:01 
Jun 15 17:10:01 此次在线收益：获得 383862702085 金币
Jun 15 17:10:07 当前信息：124 京豆，2727616898775797 金币
Jun 15 17:10:07 
Jun 15 17:10:07 
Jun 15 17:10:07 
Jun 15 17:10:07 ============开始第43次挂机=============
Jun 15 17:10:07 
Jun 15 17:10:07 开始【京东账号1】lman87
Jun 15 17:10:07 
Jun 15 17:10:08 当前JOY分布情况
Jun 15 17:10:08 
Jun 15 17:10:08 0 31 32 33
Jun 15 17:10:08 34 34 34 34
Jun 15 17:10:08 34 34 34 34
Jun 15 17:10:08 
Jun 15 17:10:13 此次在线收益：获得 0 金币
Jun 15 17:10:16 undefined
Jun 15 17:10:26 当前信息：1391 京豆，获取当前金币数量失败 金币
Jun 15 17:10:26 
Jun 15 17:10:26 开始【京东账号2】jd_rkylFaEIkvBL
Jun 15 17:10:26 
Jun 15 17:10:28 当前JOY分布情况
Jun 15 17:10:28 
Jun 15 17:10:28 30 31 32 33
Jun 15 17:10:28 34 34 34 34
Jun 15 17:10:28 34 34 34 34
Jun 15 17:10:28 
Jun 15 17:10:30 当前金币:2728768486882052
Jun 15 17:10:30 
Jun 15 17:10:30 此次在线收益：获得 383862702085 金币
Jun 15 17:10:36 当前信息：124 京豆，2728768486882052 金币
Jun 15 17:10:36 
Jun 15 17:10:36 
Jun 15 17:10:36 
Jun 15 17:10:36 ============开始第44次挂机=============
Jun 15 17:10:36 
Jun 15 17:10:36 开始【京东账号1】lman87
Jun 15 17:10:36 
Jun 15 17:10:37 当前JOY分布情况
Jun 15 17:10:37 
Jun 15 17:10:37 30 31 32 33
Jun 15 17:10:37 34 34 34 34
Jun 15 17:10:37 34 34 34 34
Jun 15 17:10:37 
Jun 15 17:10:42 当前金币:716829772479276
Jun 15 17:10:42 
Jun 15 17:10:42 此次在线收益：获得 383862702085 金币
Jun 15 17:10:48 当前信息：1391 京豆，716829772479276 金币
Jun 15 17:10:48 
Jun 15 17:10:48 开始【京东账号2】jd_rkylFaEIkvBL
Jun 15 17:10:48 
Jun 15 17:10:49 当前JOY分布情况
Jun 15 17:10:49 
Jun 15 17:10:49 30 31 32 33
Jun 15 17:10:49 34 34 34 34
Jun 15 17:10:49 34 34 34 34
Jun 15 17:10:49 
Jun 15 17:10:51 当前金币:2729920074988307
Jun 15 17:10:51 
Jun 15 17:10:51 此次在线收益：获得 383862702085 金币
Jun 15 17:10:57 当前信息：124 京豆，2729920074988307 金币
Jun 15 17:10:57 
Jun 15 17:10:57 
Jun 15 17:10:57 
Jun 15 17:10:57 ============开始第45次挂机=============
Jun 15 17:10:57 
Jun 15 17:10:57 开始【京东账号1】lman87
Jun 15 17:10:57 
Jun 15 17:11:00 joy信息获取信息失败
Jun 15 17:11:03 当前金币:717981360585531
Jun 15 17:11:03 
Jun 15 17:11:03 此次在线收益：获得 383862702085 金币
Jun 15 17:11:09 当前信息：1391 京豆，717981360585531 金币
Jun 15 17:11:09 
Jun 15 17:11:09 开始【京东账号2】jd_rkylFaEIkvBL
Jun 15 17:11:09 
Jun 15 17:11:11 当前JOY分布情况
Jun 15 17:11:11 
Jun 15 17:11:11 30 31 32 33
Jun 15 17:11:11 34 34 34 34
Jun 15 17:11:11 34 34 34 34
Jun 15 17:11:11 
Jun 15 17:11:13 当前金币:2731071663094562
Jun 15 17:11:13 
Jun 15 17:11:13 此次在线收益：获得 383862702085 金币
Jun 15 17:11:19 当前信息：124 京豆，2731071663094562 金币
Jun 15 17:11:19 
Jun 15 17:11:19 
Jun 15 17:11:19 
Jun 15 17:11:19 ============开始第46次挂机=============
Jun 15 17:11:19 
Jun 15 17:11:19 开始【京东账号1】lman87
Jun 15 17:11:19 
Jun 15 17:11:20 当前JOY分布情况
Jun 15 17:11:20 
Jun 15 17:11:20 30 31 32 33
Jun 15 17:11:20 34 34 34 34
Jun 15 17:11:20 34 34 34 34
Jun 15 17:11:20 
Jun 15 17:11:22 当前金币:718749085989701
Jun 15 17:11:22 
Jun 15 17:11:22 此次在线收益：获得 383862702085 金币
Jun 15 17:11:28 当前信息：1391 京豆，718749085989701 金币
Jun 15 17:11:28 
Jun 15 17:11:28 开始【京东账号2】jd_rkylFaEIkvBL
Jun 15 17:11:28 
Jun 15 17:11:29 当前JOY分布情况
Jun 15 17:11:29 
Jun 15 17:11:29 30 31 32 33
Jun 15 17:11:29 34 34 34 34
Jun 15 17:11:29 34 34 34 34
Jun 15 17:11:29 
Jun 15 17:11:31 此次在线收益：获得 0 金币
Jun 15 17:11:37 当前信息：124 京豆，获取当前金币数量失败 金币
Jun 15 17:11:37 
Jun 15 17:11:37 
Jun 15 17:11:37 
Jun 15 17:11:37 ============开始第47次挂机=============
Jun 15 17:11:37 
Jun 15 17:11:37 开始【京东账号1】lman87
Jun 15 17:11:37 
Jun 15 17:11:38 当前JOY分布情况
Jun 15 17:11:38 
Jun 15 17:11:38 30 31 32 33
Jun 15 17:11:38 34 34 34 34
Jun 15 17:11:38 34 34 34 34
Jun 15 17:11:38 
Jun 15 17:11:41 此次在线收益：获得 0 金币
Jun 15 17:11:47 当前信息：1391 京豆，获取当前金币数量失败 金币
Jun 15 17:11:47 
Jun 15 17:11:47 开始【京东账号2】jd_rkylFaEIkvBL
Jun 15 17:11:47 
Jun 15 17:11:48 当前JOY分布情况
Jun 15 17:11:48 
Jun 15 17:11:48 30 31 32 33
Jun 15 17:11:48 34 34 34 34
Jun 15 17:11:48 34 34 34 34
Jun 15 17:11:48 
Jun 15 17:11:50 此次在线收益：获得 0 金币
Jun 15 17:11:56 当前信息：124 京豆，获取当前金币数量失败 金币
Jun 15 17:11:56 
Jun 15 17:11:56 
Jun 15 17:11:56 
Jun 15 17:11:56 ============开始第48次挂机=============
Jun 15 17:11:56 
Jun 15 17:11:56 开始【京东账号1】lman87
Jun 15 17:11:56 
Jun 15 17:11:57 当前JOY分布情况
Jun 15 17:11:57 
Jun 15 17:11:57 30 31 32 33
Jun 15 17:11:57 34 34 34 34
Jun 15 17:11:57 34 34 34 34
Jun 15 17:11:57 
Jun 15 17:11:59 当前金币:720668399500126
Jun 15 17:11:59 
Jun 15 17:11:59 此次在线收益：获得 383862702085 金币
Jun 15 17:12:05 当前信息：1391 京豆，720668399500126 金币
Jun 15 17:12:05 
Jun 15 17:12:05 开始【京东账号2】jd_rkylFaEIkvBL
Jun 15 17:12:05 
Jun 15 17:12:07 当前JOY分布情况
Jun 15 17:12:07 
Jun 15 17:12:07 30 31 32 33
Jun 15 17:12:07 34 34 34 34
Jun 15 17:12:07 34 34 34 34
Jun 15 17:12:07 
Jun 15 17:12:09 当前金币:2733758702009157
Jun 15 17:12:09 
Jun 15 17:12:09 此次在线收益：获得 383862702085 金币
Jun 15 17:12:15 当前信息：124 京豆，2733758702009157 金币
Jun 15 17:12:15 
Jun 15 17:12:15 
Jun 15 17:12:15 
Jun 15 17:12:15 ============开始第49次挂机=============
Jun 15 17:12:15 
Jun 15 17:12:15 开始【京东账号1】lman87
Jun 15 17:12:15 
Jun 15 17:12:16 当前JOY分布情况
Jun 15 17:12:16 
Jun 15 17:12:16 30 31 32 33
Jun 15 17:12:16 34 34 34 34
Jun 15 17:12:16 34 34 34 34
Jun 15 17:12:16 
Jun 15 17:12:18 当前金币:721436124904296
Jun 15 17:12:18 
Jun 15 17:12:18 此次在线收益：获得 383862702085 金币
Jun 15 17:12:22 京豆信息获取信息失败
Jun 15 17:12:27 当前信息：0 京豆，721436124904296 金币
Jun 15 17:12:27 
Jun 15 17:12:27 开始【京东账号2】jd_rkylFaEIkvBL
Jun 15 17:12:27 
Jun 15 17:12:28 当前JOY分布情况
Jun 15 17:12:28 
Jun 15 17:12:28 30 31 32 33
Jun 15 17:12:28 34 34 34 34
Jun 15 17:12:28 34 34 34 34
Jun 15 17:12:28 
Jun 15 17:12:31 当前金币:2734910290115412
Jun 15 17:12:31 
Jun 15 17:12:31 此次在线收益：获得 383862702085 金币
Jun 15 17:12:37 当前信息：124 京豆，2734910290115412 金币
Jun 15 17:12:37 
Jun 15 17:12:37 
Jun 15 17:12:37 
Jun 15 17:12:37 ============开始第50次挂机=============
Jun 15 17:12:37 
Jun 15 17:12:37 开始【京东账号1】lman87
Jun 15 17:12:37 
Jun 15 17:12:38 当前JOY分布情况
Jun 15 17:12:38 
Jun 15 17:12:38 30 31 32 33
Jun 15 17:12:38 34 34 34 34
Jun 15 17:12:38 34 34 34 34
Jun 15 17:12:38 
Jun 15 17:12:40 当前金币:722587713010551
Jun 15 17:12:40 
Jun 15 17:12:40 此次在线收益：获得 383862702085 金币
Jun 15 17:12:46 当前信息：1391 京豆，722587713010551 金币
Jun 15 17:12:46 
Jun 15 17:12:46 开始【京东账号2】jd_rkylFaEIkvBL
Jun 15 17:12:46 
Jun 15 17:12:47 当前JOY分布情况
Jun 15 17:12:47 
Jun 15 17:12:47 30 31 32 33
Jun 15 17:12:47 34 34 34 34
Jun 15 17:12:47 34 34 34 34
Jun 15 17:12:47 
Jun 15 17:12:49 此次在线收益：获得 0 金币
Jun 15 17:12:55 当前信息：124 京豆，获取当前金币数量失败 金币
Jun 15 17:12:55 
Jun 15 17:12:55 
Jun 15 17:12:55 
Jun 15 17:12:55 ============开始第51次挂机=============
Jun 15 17:12:55 
Jun 15 17:12:55 开始【京东账号1】lman87
Jun 15 17:12:55 
Jun 15 17:12:56 当前JOY分布情况
Jun 15 17:12:56 
Jun 15 17:12:56 30 31 32 33
Jun 15 17:12:56 34 34 34 34
Jun 15 17:12:56 34 34 34 34
Jun 15 17:12:56 
Jun 15 17:12:58 此次在线收益：获得 0 金币
Jun 15 17:13:05 当前信息：1391 京豆，获取当前金币数量失败 金币
Jun 15 17:13:05 
Jun 15 17:13:05 开始【京东账号2】jd_rkylFaEIkvBL
Jun 15 17:13:05 
Jun 15 17:13:06 当前JOY分布情况
Jun 15 17:13:06 
Jun 15 17:13:06 30 31 32 33
Jun 15 17:13:06 34 34 34 34
Jun 15 17:13:06 34 34 34 34
Jun 15 17:13:06 
Jun 15 17:13:08 此次在线收益：获得 0 金币
Jun 15 17:13:15 当前信息：124 京豆，获取当前金币数量失败 金币
Jun 15 17:13:15 
Jun 15 17:13:15 
Jun 15 17:13:15 
Jun 15 17:13:15 ============开始第52次挂机=============
Jun 15 17:13:15 
Jun 15 17:13:15 开始【京东账号1】lman87
Jun 15 17:13:15 
Jun 15 17:13:16 当前JOY分布情况
Jun 15 17:13:16 
Jun 15 17:13:16 30 31 32 33
Jun 15 17:13:16 34 34 34 34
Jun 15 17:13:16 34 34 34 34
Jun 15 17:13:16 
Jun 15 17:13:18 当前金币:724507026520976
Jun 15 17:13:18 
Jun 15 17:13:18 此次在线收益：获得 383862702085 金币
Jun 15 17:13:24 当前信息：1391 京豆，724507026520976 金币
Jun 15 17:13:24 
Jun 15 17:13:24 开始【京东账号2】jd_rkylFaEIkvBL
Jun 15 17:13:24 
Jun 15 17:13:26 当前JOY分布情况
Jun 15 17:13:26 
Jun 15 17:13:26 30 31 32 33
Jun 15 17:13:26 34 34 34 34
Jun 15 17:13:26 34 34 34 34
Jun 15 17:13:26 
Jun 15 17:13:28 当前金币:2737213466327922
Jun 15 17:13:28 
Jun 15 17:13:28 此次在线收益：获得 383862702085 金币
Jun 15 17:13:34 当前信息：124 京豆，2737213466327922 金币
Jun 15 17:13:34 
Jun 15 17:13:34 
Jun 15 17:13:34 
Jun 15 17:13:34 ============开始第53次挂机=============
Jun 15 17:13:34 
Jun 15 17:13:34 开始【京东账号1】lman87
Jun 15 17:13:34 
Jun 15 17:13:35 当前JOY分布情况
Jun 15 17:13:35 
Jun 15 17:13:35 30 31 32 33
Jun 15 17:13:35 34 34 34 34
Jun 15 17:13:35 34 34 34 34
Jun 15 17:13:35 
Jun 15 17:13:37 此次在线收益：获得 0 金币
Jun 15 17:13:43 当前信息：1391 京豆，获取当前金币数量失败 金币
Jun 15 17:13:43 
Jun 15 17:13:43 开始【京东账号2】jd_rkylFaEIkvBL
Jun 15 17:13:43 
Jun 15 17:13:46 joy信息获取信息失败
Jun 15 17:13:49 此次在线收益：获得 0 金币
Jun 15 17:13:55 当前信息：124 京豆，获取当前金币数量失败 金币
Jun 15 17:13:55 
Jun 15 17:13:55 
Jun 15 17:13:55 
Jun 15 17:13:55 ============开始第54次挂机=============
Jun 15 17:13:55 
Jun 15 17:13:55 开始【京东账号1】lman87
Jun 15 17:13:55 
Jun 15 17:13:56 当前JOY分布情况
Jun 15 17:13:56 
Jun 15 17:13:56 30 31 32 33
Jun 15 17:13:56 34 34 34 34
Jun 15 17:13:56 34 34 34 34
Jun 15 17:13:56 
Jun 15 17:13:58 当前金币:726426340031401
Jun 15 17:13:58 
Jun 15 17:13:58 此次在线收益：获得 383862702085 金币
Jun 15 17:14:04 当前信息：1391 京豆，726426340031401 金币
Jun 15 17:14:04 
Jun 15 17:14:04 开始【京东账号2】jd_rkylFaEIkvBL
Jun 15 17:14:04 
Jun 15 17:14:06 当前JOY分布情况
Jun 15 17:14:06 
Jun 15 17:14:06 30 31 32 33
Jun 15 17:14:06 34 34 34 34
Jun 15 17:14:06 34 34 34 34
Jun 15 17:14:06 
Jun 15 17:14:08 当前金币:2739132779838347
Jun 15 17:14:08 
Jun 15 17:14:08 此次在线收益：获得 383862702085 金币
Jun 15 17:14:14 当前信息：124 京豆，2739132779838347 金币
Jun 15 17:14:14 
Jun 15 17:14:14 
Jun 15 17:14:14 
Jun 15 17:14:14 ============开始第55次挂机=============
Jun 15 17:14:14 
Jun 15 17:14:14 开始【京东账号1】lman87
Jun 15 17:14:14 
Jun 15 17:14:15 当前JOY分布情况
Jun 15 17:14:15 
Jun 15 17:14:15 30 31 32 33
Jun 15 17:14:15 34 34 34 34
Jun 15 17:14:15 34 34 34 34
Jun 15 17:14:15 
Jun 15 17:14:17 当前金币:727194065435571
Jun 15 17:14:17 
Jun 15 17:14:17 此次在线收益：获得 383862702085 金币
Jun 15 17:14:23 当前信息：1391 京豆，727194065435571 金币
Jun 15 17:14:23 
Jun 15 17:14:23 开始【京东账号2】jd_rkylFaEIkvBL
Jun 15 17:14:23 
Jun 15 17:14:24 当前JOY分布情况
Jun 15 17:14:24 
Jun 15 17:14:24 30 31 32 33
Jun 15 17:14:24 34 34 34 34
Jun 15 17:14:24 34 34 34 34
Jun 15 17:14:24 
Jun 15 17:14:26 此次在线收益：获得 0 金币
Jun 15 17:14:32 当前信息：124 京豆，获取当前金币数量失败 金币
Jun 15 17:14:32 
Jun 15 17:14:32 
Jun 15 17:14:32 
Jun 15 17:14:32 ============开始第56次挂机=============
Jun 15 17:14:32 
Jun 15 17:14:32 开始【京东账号1】lman87
Jun 15 17:14:32 
Jun 15 17:14:33 当前JOY分布情况
Jun 15 17:14:33 
Jun 15 17:14:33 30 31 32 33
Jun 15 17:14:33 34 34 34 34
Jun 15 17:14:33 34 34 34 34
Jun 15 17:14:33 
Jun 15 17:14:37 此次在线收益：获得 0 金币
Jun 15 17:14:43 当前信息：1391 京豆，获取当前金币数量失败 金币
Jun 15 17:14:43 
Jun 15 17:14:43 开始【京东账号2】jd_rkylFaEIkvBL
Jun 15 17:14:43 
Jun 15 17:14:44 当前JOY分布情况
Jun 15 17:14:44 
Jun 15 17:14:44 30 31 32 33
Jun 15 17:14:44 34 34 34 34
Jun 15 17:14:44 34 34 34 34
Jun 15 17:14:44 
Jun 15 17:14:46 当前金币:2740668230646687
Jun 15 17:14:46 
Jun 15 17:14:46 此次在线收益：获得 383862702085 金币
Jun 15 17:14:52 当前信息：124 京豆，2740668230646687 金币
Jun 15 17:14:52 
Jun 15 17:14:52 
Jun 15 17:14:52 
Jun 15 17:14:52 ============开始第57次挂机=============
Jun 15 17:14:52 
Jun 15 17:14:52 开始【京东账号1】lman87
Jun 15 17:14:52 
Jun 15 17:14:53 当前JOY分布情况
Jun 15 17:14:53 
Jun 15 17:14:53 30 31 32 33
Jun 15 17:14:53 34 34 34 34
Jun 15 17:14:53 34 34 34 34
Jun 15 17:14:53 
Jun 15 17:14:55 当前金币:729113378945996
Jun 15 17:14:55 
Jun 15 17:14:55 此次在线收益：获得 383862702085 金币
Jun 15 17:15:01 当前信息：1391 京豆，729113378945996 金币
Jun 15 17:15:02 
Jun 15 17:15:02 开始【京东账号2】jd_rkylFaEIkvBL
Jun 15 17:15:02 
Jun 15 17:15:03 当前JOY分布情况
Jun 15 17:15:03 
Jun 15 17:15:03 30 31 32 33
Jun 15 17:15:03 34 34 34 34
Jun 15 17:15:03 34 34 34 34
Jun 15 17:15:03 
Jun 15 17:15:05 当前金币:2741819818752942
Jun 15 17:15:05 
Jun 15 17:15:05 此次在线收益：获得 383862702085 金币
Jun 15 17:15:11 当前信息：124 京豆，2741819818752942 金币
Jun 15 17:15:11 
Jun 15 17:15:11 
Jun 15 17:15:11 
Jun 15 17:15:11 ============开始第58次挂机=============
Jun 15 17:15:11 
Jun 15 17:15:11 开始【京东账号1】lman87
Jun 15 17:15:11 
Jun 15 17:15:12 当前JOY分布情况
Jun 15 17:15:12 
Jun 15 17:15:12 30 31 32 33
Jun 15 17:15:12 34 34 34 34
Jun 15 17:15:12 34 34 34 34
Jun 15 17:15:12 
Jun 15 17:15:14 当前金币:729881104350166
Jun 15 17:15:14 
Jun 15 17:15:14 此次在线收益：获得 383862702085 金币
Jun 15 17:15:20 当前信息：1391 京豆，729881104350166 金币
Jun 15 17:15:20 
Jun 15 17:15:20 开始【京东账号2】jd_rkylFaEIkvBL
Jun 15 17:15:20 
Jun 15 17:15:21 当前JOY分布情况
Jun 15 17:15:21 
Jun 15 17:15:21 30 31 32 33
Jun 15 17:15:21 34 34 34 34
Jun 15 17:15:21 34 34 34 34
Jun 15 17:15:21 
Jun 15 17:15:26 当前金币:2742587544157112
Jun 15 17:15:26 
Jun 15 17:15:26 此次在线收益：获得 383862702085 金币
Jun 15 17:15:32 当前信息：124 京豆，2742587544157112 金币
Jun 15 17:15:32 
Jun 15 17:15:32 
Jun 15 17:15:32 
Jun 15 17:15:32 ============开始第59次挂机=============
Jun 15 17:15:32 
Jun 15 17:15:32 开始【京东账号1】lman87
Jun 15 17:15:32 
Jun 15 17:15:33 当前JOY分布情况
Jun 15 17:15:33 
Jun 15 17:15:33 30 31 32 33
Jun 15 17:15:33 34 34 34 34
Jun 15 17:15:33 34 34 34 34
Jun 15 17:15:33 
Jun 15 17:15:35 当前金币:731032692456421
Jun 15 17:15:35 
Jun 15 17:15:35 此次在线收益：获得 383862702085 金币
Jun 15 17:15:41 当前信息：1391 京豆，731032692456421 金币
Jun 15 17:15:41 
Jun 15 17:15:41 开始【京东账号2】jd_rkylFaEIkvBL
Jun 15 17:15:41 
Jun 15 17:15:42 当前JOY分布情况
Jun 15 17:15:42 
Jun 15 17:15:42 30 31 32 33
Jun 15 17:15:42 34 34 34 34
Jun 15 17:15:42 34 34 34 34
Jun 15 17:15:42 
Jun 15 17:15:45 当前金币:2743739132263367
Jun 15 17:15:45 
Jun 15 17:15:45 此次在线收益：获得 383862702085 金币
Jun 15 17:15:48 京豆信息获取信息失败
Jun 15 17:15:53 当前信息：0 京豆，2743739132263367 金币
Jun 15 17:15:53 
Jun 15 17:15:53 
Jun 15 17:15:53 
Jun 15 17:15:53 ============开始第60次挂机=============
Jun 15 17:15:53 
Jun 15 17:15:53 开始【京东账号1】lman87
Jun 15 17:15:53 
Jun 15 17:15:55 当前JOY分布情况
Jun 15 17:15:55 
Jun 15 17:15:55 30 31 32 33
Jun 15 17:15:55 34 34 34 34
Jun 15 17:15:55 34 34 34 34
Jun 15 17:15:55 
Jun 15 17:15:57 此次在线收益：获得 0 金币
Jun 15 17:16:03 当前信息：1391 京豆，获取当前金币数量失败 金币
Jun 15 17:16:03 
Jun 15 17:16:03 开始【京东账号2】jd_rkylFaEIkvBL
Jun 15 17:16:03 
Jun 15 17:16:04 当前JOY分布情况
Jun 15 17:16:04 
Jun 15 17:16:04 30 31 32 33
Jun 15 17:16:04 34 34 34 34
Jun 15 17:16:04 34 34 34 34
Jun 15 17:16:04 
Jun 15 17:16:06 此次在线收益：获得 0 金币
Jun 15 17:16:12 当前信息：124 京豆，获取当前金币数量失败 金币
Jun 15 17:16:12 
Jun 15 17:16:12 
Jun 15 17:16:12 
Jun 15 17:16:12 ============开始第61次挂机=============
Jun 15 17:16:12 
Jun 15 17:16:12 开始【京东账号1】lman87
Jun 15 17:16:12 
Jun 15 17:16:15 当前JOY分布情况
Jun 15 17:16:15 
Jun 15 17:16:15 30 31 32 33
Jun 15 17:16:15 34 34 34 34
Jun 15 17:16:15 34 34 34 34
Jun 15 17:16:15 
Jun 15 17:16:17 当前金币:732568143264761
Jun 15 17:16:17 
Jun 15 17:16:17 此次在线收益：获得 383862702085 金币
Jun 15 17:16:23 当前信息：1391 京豆，732568143264761 金币
Jun 15 17:16:23 
Jun 15 17:16:23 开始【京东账号2】jd_rkylFaEIkvBL
Jun 15 17:16:23 
Jun 15 17:16:24 当前JOY分布情况
Jun 15 17:16:24 
Jun 15 17:16:24 30 31 32 33
Jun 15 17:16:24 34 34 34 34
Jun 15 17:16:24 34 34 34 34
Jun 15 17:16:24 
Jun 15 17:16:26 当前金币:2745658445773792
Jun 15 17:16:26 
Jun 15 17:16:26 此次在线收益：获得 383862702085 金币
Jun 15 17:16:32 当前信息：124 京豆，2745658445773792 金币
Jun 15 17:16:32 
Jun 15 17:16:32 
Jun 15 17:16:32 
Jun 15 17:16:32 ============开始第62次挂机=============
Jun 15 17:16:32 
Jun 15 17:16:32 开始【京东账号1】lman87
Jun 15 17:16:32 
Jun 15 17:16:33 当前JOY分布情况
Jun 15 17:16:33 
Jun 15 17:16:33 30 31 32 33
Jun 15 17:16:33 34 34 34 34
Jun 15 17:16:33 34 34 34 34
Jun 15 17:16:33 
Jun 15 17:16:35 此次在线收益：获得 0 金币
Jun 15 17:16:41 当前信息：1391 京豆，获取当前金币数量失败 金币
Jun 15 17:16:41 
Jun 15 17:16:41 开始【京东账号2】jd_rkylFaEIkvBL
Jun 15 17:16:41 
Jun 15 17:16:42 当前JOY分布情况
Jun 15 17:16:42 
Jun 15 17:16:42 30 31 32 33
Jun 15 17:16:42 34 34 34 34
Jun 15 17:16:42 34 34 34 34
Jun 15 17:16:42 
Jun 15 17:16:45 此次在线收益：获得 0 金币
Jun 15 17:16:51 当前信息：124 京豆，获取当前金币数量失败 金币
Jun 15 17:16:51 
Jun 15 17:16:51 
Jun 15 17:16:51 
Jun 15 17:16:51 ============开始第63次挂机=============
Jun 15 17:16:51 
Jun 15 17:16:51 开始【京东账号1】lman87
Jun 15 17:16:51 
Jun 15 17:16:52 当前JOY分布情况
Jun 15 17:16:52 
Jun 15 17:16:52 30 31 32 33
Jun 15 17:16:52 34 34 34 34
Jun 15 17:16:52 34 34 34 34
Jun 15 17:16:52 
Jun 15 17:16:54 此次在线收益：获得 0 金币
Jun 15 17:17:00 当前信息：1391 京豆，获取当前金币数量失败 金币
Jun 15 17:17:00 
Jun 15 17:17:00 开始【京东账号2】jd_rkylFaEIkvBL
Jun 15 17:17:00 
Jun 15 17:17:01 当前JOY分布情况
Jun 15 17:17:01 
Jun 15 17:17:01 30 31 32 33
Jun 15 17:17:01 34 34 34 34
Jun 15 17:17:01 34 34 34 34
Jun 15 17:17:01 
Jun 15 17:17:04 当前金币:2747577759284217
Jun 15 17:17:04 
Jun 15 17:17:04 此次在线收益：获得 383862702085 金币
Jun 15 17:17:10 当前信息：124 京豆，2747577759284217 金币
Jun 15 17:17:10 
Jun 15 17:17:10 
Jun 15 17:17:10 
Jun 15 17:17:10 ============开始第64次挂机=============
Jun 15 17:17:10 
Jun 15 17:17:10 开始【京东账号1】lman87
Jun 15 17:17:10 
Jun 15 17:17:11 当前JOY分布情况
Jun 15 17:17:11 
Jun 15 17:17:11 30 31 32 33
Jun 15 17:17:11 34 34 34 34
Jun 15 17:17:11 34 34 34 34
Jun 15 17:17:11 
Jun 15 17:17:13 当前金币:735255182179356
Jun 15 17:17:13 
Jun 15 17:17:13 此次在线收益：获得 383862702085 金币
Jun 15 17:17:19 当前信息：1391 京豆，735255182179356 金币
Jun 15 17:17:19 
Jun 15 17:17:19 开始【京东账号2】jd_rkylFaEIkvBL
Jun 15 17:17:19 
Jun 15 17:17:22 joy信息获取信息失败
Jun 15 17:17:27 当前金币:2748729347390472
Jun 15 17:17:27 
Jun 15 17:17:27 此次在线收益：获得 383862702085 金币
Jun 15 17:17:33 当前信息：124 京豆，2748729347390472 金币
Jun 15 17:17:33 
Jun 15 17:17:33 
Jun 15 17:17:33 
Jun 15 17:17:33 ============开始第65次挂机=============
Jun 15 17:17:33 
Jun 15 17:17:33 开始【京东账号1】lman87
Jun 15 17:17:33 
Jun 15 17:17:34 当前JOY分布情况
Jun 15 17:17:34 
Jun 15 17:17:34 30 31 32 33
Jun 15 17:17:34 34 34 34 34
Jun 15 17:17:34 34 34 34 34
Jun 15 17:17:34 
Jun 15 17:17:36 当前金币:736406770285611
Jun 15 17:17:36 
Jun 15 17:17:36 此次在线收益：获得 383862702085 金币
Jun 15 17:17:43 当前信息：1391 京豆，736406770285611 金币
Jun 15 17:17:43 
Jun 15 17:17:43 开始【京东账号2】jd_rkylFaEIkvBL
Jun 15 17:17:43 
Jun 15 17:17:44 当前JOY分布情况
Jun 15 17:17:44 
Jun 15 17:17:44 30 31 32 33
Jun 15 17:17:44 34 34 34 34
Jun 15 17:17:44 34 34 34 34
Jun 15 17:17:44 
Jun 15 17:17:48 此次在线收益：获得 0 金币
Jun 15 17:17:52 京豆信息获取信息失败
Jun 15 17:17:57 当前信息：0 京豆，获取当前金币数量失败 金币
Jun 15 17:17:57 
Jun 15 17:17:57 
Jun 15 17:17:57 
Jun 15 17:17:57 ============开始第66次挂机=============
Jun 15 17:17:57 
Jun 15 17:17:57 开始【京东账号1】lman87
Jun 15 17:17:57 
Jun 15 17:17:58 当前JOY分布情况
Jun 15 17:17:58 
Jun 15 17:17:58 30 31 32 33
Jun 15 17:17:58 34 34 34 34
Jun 15 17:17:58 34 34 34 34
Jun 15 17:17:58 
Jun 15 17:18:00 当前金币:737558358391866
Jun 15 17:18:00 
Jun 15 17:18:00 此次在线收益：获得 383862702085 金币
Jun 15 17:18:06 当前信息：1391 京豆，737558358391866 金币
Jun 15 17:18:06 
Jun 15 17:18:06 开始【京东账号2】jd_rkylFaEIkvBL
Jun 15 17:18:06 
Jun 15 17:18:07 当前JOY分布情况
Jun 15 17:18:07 
Jun 15 17:18:07 30 31 32 33
Jun 15 17:18:07 34 34 34 34
Jun 15 17:18:07 34 34 34 34
Jun 15 17:18:07 
Jun 15 17:18:20 当前信息：124 京豆，获取当前金币数量失败 金币
Jun 15 17:18:20 
Jun 15 17:18:20 
Jun 15 17:18:20 
Jun 15 17:18:20 ============开始第67次挂机=============
Jun 15 17:18:20 
Jun 15 17:18:20 开始【京东账号1】lman87
Jun 15 17:18:20 
Jun 15 17:18:21 当前JOY分布情况
Jun 15 17:18:21 
Jun 15 17:18:21 30 31 32 33
Jun 15 17:18:21 34 34 34 34
Jun 15 17:18:21 34 34 34 34
Jun 15 17:18:21 
Jun 15 17:18:23 当前金币:738709946498121
Jun 15 17:18:23 
Jun 15 17:18:23 此次在线收益：获得 383862702085 金币
Jun 15 17:18:29 当前信息：1391 京豆，738709946498121 金币
Jun 15 17:18:29 
Jun 15 17:18:29 开始【京东账号2】jd_rkylFaEIkvBL
Jun 15 17:18:29 
Jun 15 17:18:30 当前JOY分布情况
Jun 15 17:18:30 
Jun 15 17:18:30 30 31 32 33
Jun 15 17:18:30 34 34 34 34
Jun 15 17:18:30 34 34 34 34
Jun 15 17:18:30 
Jun 15 17:18:32 当前金币:2751800249007152
Jun 15 17:18:32 
Jun 15 17:18:32 此次在线收益：获得 383862702085 金币
Jun 15 17:18:38 当前信息：124 京豆，2751800249007152 金币
Jun 15 17:18:38 
Jun 15 17:18:38 
Jun 15 17:18:38 
Jun 15 17:18:38 ============开始第68次挂机=============
Jun 15 17:18:38 
Jun 15 17:18:38 开始【京东账号1】lman87
Jun 15 17:18:38 
Jun 15 17:18:39 当前JOY分布情况
Jun 15 17:18:39 
Jun 15 17:18:39 30 31 32 33
Jun 15 17:18:39 34 34 34 34
Jun 15 17:18:39 34 34 34 34
Jun 15 17:18:39 
Jun 15 17:18:42 当前金币:739477671902291
Jun 15 17:18:42 
Jun 15 17:18:42 此次在线收益：获得 383862702085 金币
Jun 15 17:18:48 当前信息：1391 京豆，739477671902291 金币
Jun 15 17:18:48 
Jun 15 17:18:48 开始【京东账号2】jd_rkylFaEIkvBL
Jun 15 17:18:48 
Jun 15 17:18:49 当前JOY分布情况
Jun 15 17:18:49 
Jun 15 17:18:49 30 31 32 33
Jun 15 17:18:49 34 34 34 34
Jun 15 17:18:49 34 34 34 34
Jun 15 17:18:49 
Jun 15 17:18:51 此次在线收益：获得 0 金币
Jun 15 17:18:57 当前信息：124 京豆，获取当前金币数量失败 金币
Jun 15 17:18:57 
Jun 15 17:18:57 
Jun 15 17:18:57 
Jun 15 17:18:57 ============开始第69次挂机=============
Jun 15 17:18:57 
Jun 15 17:18:57 开始【京东账号1】lman87
Jun 15 17:18:57 
Jun 15 17:18:58 当前JOY分布情况
Jun 15 17:18:58 
Jun 15 17:18:58 30 31 32 33
Jun 15 17:18:58 34 34 34 34
Jun 15 17:18:58 34 34 34 34
Jun 15 17:18:58 
Jun 15 17:19:01 此次在线收益：获得 0 金币
Jun 15 17:19:07 当前信息：1391 京豆，获取当前金币数量失败 金币
Jun 15 17:19:07 
Jun 15 17:19:07 开始【京东账号2】jd_rkylFaEIkvBL
Jun 15 17:19:07 
Jun 15 17:19:08 当前JOY分布情况
Jun 15 17:19:08 
Jun 15 17:19:08 30 31 32 33
Jun 15 17:19:08 34 34 34 34
Jun 15 17:19:08 34 34 34 34
Jun 15 17:19:08 
Jun 15 17:19:19 当前信息：124 京豆，获取当前金币数量失败 金币
Jun 15 17:19:19 
Jun 15 17:19:19 
Jun 15 17:19:19 
Jun 15 17:19:19 ============开始第70次挂机=============
Jun 15 17:19:19 
Jun 15 17:19:19 开始【京东账号1】lman87
Jun 15 17:19:19 
Jun 15 17:19:20 当前JOY分布情况
Jun 15 17:19:20 
Jun 15 17:19:20 30 31 32 33
Jun 15 17:19:20 34 34 34 34
Jun 15 17:19:20 34 34 34 34
Jun 15 17:19:20 
Jun 15 17:19:23 此次在线收益：获得 0 金币
Jun 15 17:19:29 当前信息：1391 京豆，获取当前金币数量失败 金币
Jun 15 17:19:29 
Jun 15 17:19:29 开始【京东账号2】jd_rkylFaEIkvBL
Jun 15 17:19:29 
Jun 15 17:19:30 当前JOY分布情况
Jun 15 17:19:30 
Jun 15 17:19:30 30 31 32 33
Jun 15 17:19:30 34 34 34 34
Jun 15 17:19:30 34 34 34 34
Jun 15 17:19:30 
Jun 15 17:19:38 京豆信息获取信息失败
Jun 15 17:19:43 当前信息：0 京豆，获取当前金币数量失败 金币
Jun 15 17:19:43 
Jun 15 17:19:43 
Jun 15 17:19:43 
Jun 15 17:19:43 ============开始第71次挂机=============
Jun 15 17:19:43 
Jun 15 17:19:43 开始【京东账号1】lman87
Jun 15 17:19:43 
Jun 15 17:19:44 当前JOY分布情况
Jun 15 17:19:44 
Jun 15 17:19:44 30 31 32 33
Jun 15 17:19:44 34 34 34 34
Jun 15 17:19:44 34 34 34 34
Jun 15 17:19:44 
Jun 15 17:19:47 此次在线收益：获得 0 金币
Jun 15 17:19:53 当前信息：1391 京豆，获取当前金币数量失败 金币
Jun 15 17:19:53 
Jun 15 17:19:53 开始【京东账号2】jd_rkylFaEIkvBL
Jun 15 17:19:53 
Jun 15 17:19:54 当前JOY分布情况
Jun 15 17:19:54 
Jun 15 17:19:54 30 31 32 33
Jun 15 17:19:54 34 34 34 34
Jun 15 17:19:54 34 34 34 34
Jun 15 17:19:54 
Jun 15 17:19:58 此次在线收益：获得 0 金币
Jun 15 17:20:04 当前信息：124 京豆，获取当前金币数量失败 金币
Jun 15 17:20:04 
Jun 15 17:20:04 
Jun 15 17:20:04 
Jun 15 17:20:04 ============开始第72次挂机=============
Jun 15 17:20:04 
Jun 15 17:20:04 开始【京东账号1】lman87
Jun 15 17:20:04 
Jun 15 17:20:07 joy信息获取信息失败
Jun 15 17:20:11 此次在线收益：获得 0 金币
Jun 15 17:20:17 当前信息：1391 京豆，获取当前金币数量失败 金币
Jun 15 17:20:17 
Jun 15 17:20:17 开始【京东账号2】jd_rkylFaEIkvBL
Jun 15 17:20:17 
Jun 15 17:20:18 当前JOY分布情况
Jun 15 17:20:18 
Jun 15 17:20:18 30 31 32 33
Jun 15 17:20:18 34 34 34 34
Jun 15 17:20:18 34 34 34 34
Jun 15 17:20:18 
Jun 15 17:20:23 当前金币:2757174326836342
Jun 15 17:20:23 
Jun 15 17:20:23 此次在线收益：获得 383862702085 金币
Jun 15 17:20:29 当前信息：124 京豆，2757174326836342 金币
Jun 15 17:20:29 
Jun 15 17:20:29 
Jun 15 17:20:29 
Jun 15 17:20:29 ============开始第73次挂机=============
Jun 15 17:20:29 
Jun 15 17:20:29 开始【京东账号1】lman87
Jun 15 17:20:29 
Jun 15 17:20:30 当前JOY分布情况
Jun 15 17:20:30 
Jun 15 17:20:30 30 31 32 33
Jun 15 17:20:30 34 34 34 34
Jun 15 17:20:30 34 34 34 34
Jun 15 17:20:30 
Jun 15 17:20:32 当前金币:744084024327311
Jun 15 17:20:32 
Jun 15 17:20:32 此次在线收益：获得 383862702085 金币
Jun 15 17:20:38 当前信息：1391 京豆，744084024327311 金币
Jun 15 17:20:38 
Jun 15 17:20:38 开始【京东账号2】jd_rkylFaEIkvBL
Jun 15 17:20:38 
Jun 15 17:20:39 当前JOY分布情况
Jun 15 17:20:39 
Jun 15 17:20:39 30 31 32 33
Jun 15 17:20:39 34 34 34 34
Jun 15 17:20:39 34 34 34 34
Jun 15 17:20:39 
Jun 15 17:20:41 当前金币:2757942052240512
Jun 15 17:20:41 
Jun 15 17:20:41 此次在线收益：获得 383862702085 金币
Jun 15 17:20:47 当前信息：124 京豆，2757942052240512 金币
Jun 15 17:20:47 
Jun 15 17:20:47 
Jun 15 17:20:47 
Jun 15 17:20:47 ============开始第74次挂机=============
Jun 15 17:20:47 
Jun 15 17:20:47 开始【京东账号1】lman87
Jun 15 17:20:47 
Jun 15 17:20:49 当前JOY分布情况
Jun 15 17:20:49 
Jun 15 17:20:49 30 31 32 33
Jun 15 17:20:49 34 34 34 34
Jun 15 17:20:49 34 34 34 34
Jun 15 17:20:49 
Jun 15 17:20:53 此次在线收益：获得 0 金币
Jun 15 17:20:59 当前信息：1391 京豆，获取当前金币数量失败 金币
Jun 15 17:21:00 
Jun 15 17:21:00 开始【京东账号2】jd_rkylFaEIkvBL
Jun 15 17:21:00 
Jun 15 17:21:01 当前JOY分布情况
Jun 15 17:21:01 
Jun 15 17:21:01 30 31 32 33
Jun 15 17:21:01 34 34 34 34
Jun 15 17:21:01 34 34 34 34
Jun 15 17:21:01 
Jun 15 17:21:03 当前金币:2759093640346767
Jun 15 17:21:03 
Jun 15 17:21:03 此次在线收益：获得 383862702085 金币
Jun 15 17:21:09 当前信息：124 京豆，2759093640346767 金币
Jun 15 17:21:09 
Jun 15 17:21:09 
Jun 15 17:21:09 
Jun 15 17:21:09 ============开始第75次挂机=============
Jun 15 17:21:09 
Jun 15 17:21:09 开始【京东账号1】lman87
Jun 15 17:21:09 
Jun 15 17:21:10 当前JOY分布情况
Jun 15 17:21:10 
Jun 15 17:21:10 30 31 32 33
Jun 15 17:21:10 34 34 34 34
Jun 15 17:21:10 34 34 34 34
Jun 15 17:21:10 
Jun 15 17:21:12 当前金币:746003337837736
Jun 15 17:21:12 
Jun 15 17:21:12 此次在线收益：获得 383862702085 金币
Jun 15 17:21:18 当前信息：1391 京豆，746003337837736 金币
Jun 15 17:21:18 
Jun 15 17:21:18 开始【京东账号2】jd_rkylFaEIkvBL
Jun 15 17:21:18 
Jun 15 17:21:19 当前JOY分布情况
Jun 15 17:21:19 
Jun 15 17:21:19 30 31 32 33
Jun 15 17:21:19 34 34 34 34
Jun 15 17:21:19 34 34 34 34
Jun 15 17:21:19 
Jun 15 17:21:21 当前金币:2759861365750937
Jun 15 17:21:21 
Jun 15 17:21:21 此次在线收益：获得 383862702085 金币
Jun 15 17:21:28 当前信息：124 京豆，2759861365750937 金币
Jun 15 17:21:28 
Jun 15 17:21:28 
Jun 15 17:21:28 
Jun 15 17:21:28 ============开始第76次挂机=============
Jun 15 17:21:28 
Jun 15 17:21:28 开始【京东账号1】lman87
Jun 15 17:21:28 
Jun 15 17:21:29 当前JOY分布情况
Jun 15 17:21:29 
Jun 15 17:21:29 30 31 32 33
Jun 15 17:21:29 34 34 34 34
Jun 15 17:21:29 34 34 34 34
Jun 15 17:21:29 
Jun 15 17:21:31 此次在线收益：获得 0 金币
Jun 15 17:21:37 当前信息：1391 京豆，获取当前金币数量失败 金币
Jun 15 17:21:37 
Jun 15 17:21:37 开始【京东账号2】jd_rkylFaEIkvBL
Jun 15 17:21:37 
Jun 15 17:21:39 joy信息获取信息失败
Jun 15 17:21:45 当前金币:2761012953857192
Jun 15 17:21:45 
Jun 15 17:21:45 此次在线收益：获得 383862702085 金币
Jun 15 17:21:51 当前信息：124 京豆，2761012953857192 金币
Jun 15 17:21:51 
Jun 15 17:21:51 
Jun 15 17:21:51 
Jun 15 17:21:51 ============开始第77次挂机=============
Jun 15 17:21:52 
Jun 15 17:21:52 开始【京东账号1】lman87
Jun 15 17:21:52 
Jun 15 17:21:53 当前JOY分布情况
Jun 15 17:21:53 
Jun 15 17:21:53 30 31 32 33
Jun 15 17:21:53 34 34 34 34
Jun 15 17:21:53 34 34 34 34
Jun 15 17:21:53 
Jun 15 17:21:55 此次在线收益：获得 0 金币
Jun 15 17:22:01 当前信息：1391 京豆，获取当前金币数量失败 金币
Jun 15 17:22:01 
Jun 15 17:22:01 开始【京东账号2】jd_rkylFaEIkvBL
Jun 15 17:22:01 
Jun 15 17:22:02 当前JOY分布情况
Jun 15 17:22:02 
Jun 15 17:22:02 30 31 32 33
Jun 15 17:22:02 34 34 34 34
Jun 15 17:22:02 34 34 34 34
Jun 15 17:22:02 
Jun 15 17:22:05 此次在线收益：获得 0 金币
Jun 15 17:22:11 当前信息：124 京豆，获取当前金币数量失败 金币
Jun 15 17:22:11 
Jun 15 17:22:11 
Jun 15 17:22:11 
Jun 15 17:22:11 ============开始第78次挂机=============
Jun 15 17:22:11 
Jun 15 17:22:11 开始【京东账号1】lman87
Jun 15 17:22:11 
Jun 15 17:22:12 当前JOY分布情况
Jun 15 17:22:12 
Jun 15 17:22:12 30 31 32 33
Jun 15 17:22:12 34 34 34 34
Jun 15 17:22:12 34 34 34 34
Jun 15 17:22:12 
Jun 15 17:22:14 当前金币:748690376752331
Jun 15 17:22:14 
Jun 15 17:22:14 此次在线收益：获得 383862702085 金币
Jun 15 17:22:22 当前信息：1391 京豆，748690376752331 金币
Jun 15 17:22:22 
Jun 15 17:22:22 开始【京东账号2】jd_rkylFaEIkvBL
Jun 15 17:22:22 
Jun 15 17:22:23 当前JOY分布情况
Jun 15 17:22:23 
Jun 15 17:22:23 30 31 32 33
Jun 15 17:22:23 34 34 34 34
Jun 15 17:22:23 34 34 34 34
Jun 15 17:22:23 
Jun 15 17:22:25 当前金币:2762932267367617
Jun 15 17:22:25 
Jun 15 17:22:25 此次在线收益：获得 383862702085 金币
Jun 15 17:22:31 当前信息：124 京豆，2762932267367617 金币
Jun 15 17:22:31 
Jun 15 17:22:31 
Jun 15 17:22:31 
Jun 15 17:22:31 ============开始第79次挂机=============
Jun 15 17:22:31 
Jun 15 17:22:31 开始【京东账号1】lman87
Jun 15 17:22:31 
Jun 15 17:22:32 当前JOY分布情况
Jun 15 17:22:32 
Jun 15 17:22:32 30 31 32 33
Jun 15 17:22:32 34 34 34 34
Jun 15 17:22:32 34 34 34 34
Jun 15 17:22:32 
Jun 15 17:22:35 此次在线收益：获得 0 金币
Jun 15 17:22:38 京豆信息获取信息失败
Jun 15 17:22:43 当前信息：0 京豆，获取当前金币数量失败 金币
Jun 15 17:22:43 
Jun 15 17:22:43 开始【京东账号2】jd_rkylFaEIkvBL
Jun 15 17:22:43 
Jun 15 17:22:44 当前JOY分布情况
Jun 15 17:22:44 
Jun 15 17:22:44 30 31 32 33
Jun 15 17:22:44 34 34 34 34
Jun 15 17:22:44 34 34 34 34
Jun 15 17:22:44 
Jun 15 17:22:46 此次在线收益：获得 0 金币
Jun 15 17:22:52 当前信息：124 京豆，获取当前金币数量失败 金币
Jun 15 17:22:52 
Jun 15 17:22:52 
Jun 15 17:22:52 
Jun 15 17:22:52 ============开始第80次挂机=============
Jun 15 17:22:52 
Jun 15 17:22:52 开始【京东账号1】lman87
Jun 15 17:22:52 
Jun 15 17:22:54 当前JOY分布情况
Jun 15 17:22:54 
Jun 15 17:22:54 30 31 32 33
Jun 15 17:22:54 34 34 34 34
Jun 15 17:22:54 34 34 34 34
Jun 15 17:22:54 
Jun 15 17:22:56 当前金币:750609690262756
Jun 15 17:22:56 
Jun 15 17:22:56 此次在线收益：获得 383862702085 金币
Jun 15 17:23:02 当前信息：1391 京豆，750609690262756 金币
Jun 15 17:23:02 
Jun 15 17:23:02 开始【京东账号2】jd_rkylFaEIkvBL
Jun 15 17:23:02 
Jun 15 17:23:03 当前JOY分布情况
Jun 15 17:23:03 
Jun 15 17:23:03 30 31 32 33
Jun 15 17:23:03 34 34 34 34
Jun 15 17:23:03 34 34 34 34
Jun 15 17:23:03 
Jun 15 17:23:14 当前信息：124 京豆，获取当前金币数量失败 金币
Jun 15 17:23:14 
Jun 15 17:23:14 
Jun 15 17:23:14 
Jun 15 17:23:14 ============开始第81次挂机=============
Jun 15 17:23:14 
Jun 15 17:23:14 开始【京东账号1】lman87
Jun 15 17:23:14 
Jun 15 17:23:15 当前JOY分布情况
Jun 15 17:23:15 
Jun 15 17:23:15 30 31 32 33
Jun 15 17:23:15 34 34 34 34
Jun 15 17:23:15 34 34 34 34
Jun 15 17:23:15 
Jun 15 17:23:17 此次在线收益：获得 0 金币
Jun 15 17:23:23 当前信息：1391 京豆，获取当前金币数量失败 金币
Jun 15 17:23:23 
Jun 15 17:23:23 开始【京东账号2】jd_rkylFaEIkvBL
Jun 15 17:23:23 
Jun 15 17:23:24 当前JOY分布情况
Jun 15 17:23:24 
Jun 15 17:23:24 30 31 32 33
Jun 15 17:23:24 34 34 34 34
Jun 15 17:23:24 34 34 34 34
Jun 15 17:23:24 
Jun 15 17:23:27 当前金币:2766003168984297
Jun 15 17:23:27 
Jun 15 17:23:27 此次在线收益：获得 383862702085 金币
Jun 15 17:23:34 当前信息：124 京豆，2766003168984297 金币
Jun 15 17:23:34 
Jun 15 17:23:34 
Jun 15 17:23:34 
Jun 15 17:23:34 ============开始第82次挂机=============
Jun 15 17:23:34 
Jun 15 17:23:34 开始【京东账号1】lman87
Jun 15 17:23:34 
Jun 15 17:23:35 当前JOY分布情况
Jun 15 17:23:35 
Jun 15 17:23:35 30 31 32 33
Jun 15 17:23:35 34 34 34 34
Jun 15 17:23:35 34 34 34 34
Jun 15 17:23:35 
Jun 15 17:23:37 当前金币:752529003773181
Jun 15 17:23:37 
Jun 15 17:23:37 此次在线收益：获得 383862702085 金币
Jun 15 17:23:43 当前信息：1391 京豆，752529003773181 金币
Jun 15 17:23:43 
Jun 15 17:23:43 开始【京东账号2】jd_rkylFaEIkvBL
Jun 15 17:23:43 
Jun 15 17:23:44 当前JOY分布情况
Jun 15 17:23:44 
Jun 15 17:23:44 30 31 32 33
Jun 15 17:23:44 34 34 34 34
Jun 15 17:23:44 34 34 34 34
Jun 15 17:23:44 
Jun 15 17:23:46 当前金币:2766770894388467
Jun 15 17:23:46 
Jun 15 17:23:46 此次在线收益：获得 383862702085 金币
Jun 15 17:23:52 当前信息：124 京豆，2766770894388467 金币
Jun 15 17:23:52 
Jun 15 17:23:52 
Jun 15 17:23:52 
Jun 15 17:23:52 ============开始第83次挂机=============
Jun 15 17:23:52 
Jun 15 17:23:52 开始【京东账号1】lman87
Jun 15 17:23:52 
Jun 15 17:23:53 当前JOY分布情况
Jun 15 17:23:53 
Jun 15 17:23:53 30 31 32 33
Jun 15 17:23:53 34 34 34 34
Jun 15 17:23:53 34 34 34 34
Jun 15 17:23:53 
Jun 15 17:23:56 此次在线收益：获得 0 金币
Jun 15 17:24:02 当前信息：1391 京豆，获取当前金币数量失败 金币
Jun 15 17:24:02 
Jun 15 17:24:02 开始【京东账号2】jd_rkylFaEIkvBL
Jun 15 17:24:02 
Jun 15 17:24:03 当前JOY分布情况
Jun 15 17:24:03 
Jun 15 17:24:03 30 31 32 33
Jun 15 17:24:03 34 34 34 34
Jun 15 17:24:03 34 34 34 34
Jun 15 17:24:03 
Jun 15 17:24:05 此次在线收益：获得 0 金币
Jun 15 17:24:11 当前信息：124 京豆，获取当前金币数量失败 金币
Jun 15 17:24:11 
Jun 15 17:24:11 
Jun 15 17:24:11 
Jun 15 17:24:11 ============开始第84次挂机=============
Jun 15 17:24:11 
Jun 15 17:24:11 开始【京东账号1】lman87
Jun 15 17:24:11 
Jun 15 17:24:12 当前JOY分布情况
Jun 15 17:24:12 
Jun 15 17:24:12 30 31 32 33
Jun 15 17:24:12 34 34 34 34
Jun 15 17:24:12 34 34 34 34
Jun 15 17:24:12 
Jun 15 17:24:14 当前金币:753680591879436
Jun 15 17:24:14 
Jun 15 17:24:14 此次在线收益：获得 383862702085 金币
Jun 15 17:24:20 当前信息：1391 京豆，753680591879436 金币
Jun 15 17:24:20 
Jun 15 17:24:20 开始【京东账号2】jd_rkylFaEIkvBL
Jun 15 17:24:20 
Jun 15 17:24:21 当前JOY分布情况
Jun 15 17:24:21 
Jun 15 17:24:21 30 31 32 33
Jun 15 17:24:21 34 34 34 34
Jun 15 17:24:21 34 34 34 34
Jun 15 17:24:21 
Jun 15 17:24:24 当前金币:2768690207898892
Jun 15 17:24:24 
Jun 15 17:24:24 此次在线收益：获得 383862702085 金币
Jun 15 17:24:30 当前信息：124 京豆，2768690207898892 金币
Jun 15 17:24:30 
Jun 15 17:24:30 
Jun 15 17:24:30 
Jun 15 17:24:30 ============开始第85次挂机=============
Jun 15 17:24:30 
Jun 15 17:24:30 开始【京东账号1】lman87
Jun 15 17:24:30 
Jun 15 17:24:31 当前JOY分布情况
Jun 15 17:24:31 
Jun 15 17:24:31 30 31 32 33
Jun 15 17:24:31 34 34 34 34
Jun 15 17:24:31 34 34 34 34
Jun 15 17:24:31 
Jun 15 17:24:33 当前金币:754448317283606
Jun 15 17:24:33 
Jun 15 17:24:33 此次在线收益：获得 383862702085 金币
Jun 15 17:24:39 当前信息：1391 京豆，754448317283606 金币
Jun 15 17:24:39 
Jun 15 17:24:39 开始【京东账号2】jd_rkylFaEIkvBL
Jun 15 17:24:39 
Jun 15 17:24:40 当前JOY分布情况
Jun 15 17:24:40 
Jun 15 17:24:40 30 31 32 33
Jun 15 17:24:40 34 34 34 34
Jun 15 17:24:40 34 34 34 34
Jun 15 17:24:40 
Jun 15 17:24:42 当前金币:2769457933303062
Jun 15 17:24:42 
Jun 15 17:24:42 此次在线收益：获得 383862702085 金币
Jun 15 17:24:48 当前信息：124 京豆，2769457933303062 金币
Jun 15 17:24:48 
Jun 15 17:24:48 
Jun 15 17:24:48 
Jun 15 17:24:48 ============开始第86次挂机=============
Jun 15 17:24:48 
Jun 15 17:24:48 开始【京东账号1】lman87
Jun 15 17:24:48 
Jun 15 17:24:49 当前JOY分布情况
Jun 15 17:24:49 
Jun 15 17:24:49 30 31 32 33
Jun 15 17:24:49 34 34 34 34
Jun 15 17:24:49 34 34 34 34
Jun 15 17:24:49 
Jun 15 17:24:52 当前金币:755216042687776
Jun 15 17:24:52 
Jun 15 17:24:52 此次在线收益：获得 383862702085 金币
Jun 15 17:24:58 当前信息：1391 京豆，755216042687776 金币
Jun 15 17:24:58 
Jun 15 17:24:58 开始【京东账号2】jd_rkylFaEIkvBL
Jun 15 17:24:58 
Jun 15 17:24:59 当前JOY分布情况
Jun 15 17:24:59 
Jun 15 17:24:59 30 31 32 33
Jun 15 17:24:59 34 34 34 34
Jun 15 17:24:59 34 34 34 34
Jun 15 17:24:59 
Jun 15 17:25:01 此次在线收益：获得 0 金币
Jun 15 17:25:07 当前信息：124 京豆，获取当前金币数量失败 金币
Jun 15 17:25:07 
Jun 15 17:25:07 
Jun 15 17:25:07 
Jun 15 17:25:07 ============开始第87次挂机=============
Jun 15 17:25:07 
Jun 15 17:25:07 开始【京东账号1】lman87
Jun 15 17:25:07 
Jun 15 17:25:08 当前JOY分布情况
Jun 15 17:25:08 
Jun 15 17:25:08 30 31 32 33
Jun 15 17:25:08 34 34 34 34
Jun 15 17:25:08 34 34 34 34
Jun 15 17:25:08 
Jun 15 17:25:19 当前信息：1391 京豆，获取当前金币数量失败 金币
Jun 15 17:25:19 
Jun 15 17:25:19 开始【京东账号2】jd_rkylFaEIkvBL
Jun 15 17:25:19 
Jun 15 17:25:20 当前JOY分布情况
Jun 15 17:25:20 
Jun 15 17:25:20 30 31 32 33
Jun 15 17:25:20 34 34 34 34
Jun 15 17:25:20 34 34 34 34
Jun 15 17:25:20 
Jun 15 17:25:25 此次在线收益：获得 0 金币
Jun 15 17:25:31 当前信息：124 京豆，获取当前金币数量失败 金币
Jun 15 17:25:31 
Jun 15 17:25:31 
Jun 15 17:25:31 
Jun 15 17:25:31 ============开始第88次挂机=============
Jun 15 17:25:31 
Jun 15 17:25:31 开始【京东账号1】lman87
Jun 15 17:25:31 
Jun 15 17:25:34 joy信息获取信息失败
Jun 15 17:25:37 当前金币:757135356198201
Jun 15 17:25:37 
Jun 15 17:25:37 此次在线收益：获得 383862702085 金币
Jun 15 17:25:43 当前信息：1391 京豆，757135356198201 金币
Jun 15 17:25:43 
Jun 15 17:25:43 开始【京东账号2】jd_rkylFaEIkvBL
Jun 15 17:25:43 
Jun 15 17:25:44 当前JOY分布情况
Jun 15 17:25:44 
Jun 15 17:25:44 30 31 32 33
Jun 15 17:25:44 34 34 34 34
Jun 15 17:25:44 34 34 34 34
Jun 15 17:25:44 
Jun 15 17:25:46 当前金币:2772528834919742
Jun 15 17:25:46 
Jun 15 17:25:46 此次在线收益：获得 383862702085 金币
Jun 15 17:25:52 当前信息：124 京豆，2772528834919742 金币
Jun 15 17:25:52 
Jun 15 17:25:52 
Jun 15 17:25:52 
Jun 15 17:25:52 ============开始第89次挂机=============
Jun 15 17:25:52 
Jun 15 17:25:52 开始【京东账号1】lman87
Jun 15 17:25:52 
Jun 15 17:25:53 当前JOY分布情况
Jun 15 17:25:53 
Jun 15 17:25:53 30 31 32 33
Jun 15 17:25:53 34 34 34 34
Jun 15 17:25:53 34 34 34 34
Jun 15 17:25:53 
Jun 15 17:25:56 此次在线收益：获得 0 金币
Jun 15 17:26:02 当前信息：1391 京豆，获取当前金币数量失败 金币
Jun 15 17:26:02 
Jun 15 17:26:02 开始【京东账号2】jd_rkylFaEIkvBL
Jun 15 17:26:02 
Jun 15 17:26:03 当前JOY分布情况
Jun 15 17:26:03 
Jun 15 17:26:03 30 31 32 33
Jun 15 17:26:03 34 34 34 34
Jun 15 17:26:03 34 34 34 34
Jun 15 17:26:03 
Jun 15 17:26:05 此次在线收益：获得 0 金币
Jun 15 17:26:11 当前信息：124 京豆，获取当前金币数量失败 金币
Jun 15 17:26:11 
Jun 15 17:26:11 
Jun 15 17:26:11 
Jun 15 17:26:11 ============开始第90次挂机=============
Jun 15 17:26:11 
Jun 15 17:26:11 开始【京东账号1】lman87
Jun 15 17:26:11 
Jun 15 17:26:12 当前JOY分布情况
Jun 15 17:26:12 
Jun 15 17:26:12 30 31 32 33
Jun 15 17:26:12 34 34 34 34
Jun 15 17:26:12 34 34 34 34
Jun 15 17:26:12 
Jun 15 17:26:13 金币补给领取成功，获得276381145501200金币
Jun 15 17:26:14 此次在线收益：获得 0 金币
Jun 15 17:26:20 当前信息：1391 京豆，获取当前金币数量失败 金币
Jun 15 17:26:20 
Jun 15 17:26:20 开始【京东账号2】jd_rkylFaEIkvBL
Jun 15 17:26:20 
Jun 15 17:26:21 当前JOY分布情况
Jun 15 17:26:21 
Jun 15 17:26:21 30 31 32 33
Jun 15 17:26:21 34 34 34 34
Jun 15 17:26:21 34 34 34 34
Jun 15 17:26:21 
Jun 15 17:26:33 当前信息：124 京豆，获取当前金币数量失败 金币
Jun 15 17:26:33 
Jun 15 17:26:33 
Jun 15 17:26:33 
Jun 15 17:26:33 ============开始第91次挂机=============
Jun 15 17:26:34 
Jun 15 17:26:34 开始【京东账号1】lman87
Jun 15 17:26:34 
Jun 15 17:26:35 当前JOY分布情况
Jun 15 17:26:35 
Jun 15 17:26:35 30 31 32 33
Jun 15 17:26:35 34 34 34 34
Jun 15 17:26:35 34 34 34 34
Jun 15 17:26:35 
Jun 15 17:26:46 当前信息：1391 京豆，获取当前金币数量失败 金币
Jun 15 17:26:46 
Jun 15 17:26:46 开始【京东账号2】jd_rkylFaEIkvBL
Jun 15 17:26:46 
Jun 15 17:26:47 当前JOY分布情况
Jun 15 17:26:47 
Jun 15 17:26:47 30 31 32 33
Jun 15 17:26:47 34 34 34 34
Jun 15 17:26:47 34 34 34 34
Jun 15 17:26:47 
Jun 15 17:26:49 当前金币:2775599736536422
Jun 15 17:26:49 
Jun 15 17:26:49 此次在线收益：获得 383862702085 金币
Jun 15 17:26:55 当前信息：124 京豆，2775599736536422 金币
Jun 15 17:26:55 
Jun 15 17:26:55 
Jun 15 17:26:55 
Jun 15 17:26:55 ============开始第92次挂机=============
Jun 15 17:26:55 
Jun 15 17:26:55 开始【京东账号1】lman87
Jun 15 17:26:55 
Jun 15 17:26:56 当前JOY分布情况
Jun 15 17:26:56 
Jun 15 17:26:56 30 31 32 33
Jun 15 17:26:56 34 34 34 34
Jun 15 17:26:56 34 34 34 34
Jun 15 17:26:56 
Jun 15 17:27:06 当前信息：1391 京豆，获取当前金币数量失败 金币
Jun 15 17:27:07 
Jun 15 17:27:07 开始【京东账号2】jd_rkylFaEIkvBL
Jun 15 17:27:07 
Jun 15 17:27:08 当前JOY分布情况
Jun 15 17:27:08 
Jun 15 17:27:08 30 31 32 33
Jun 15 17:27:08 34 34 34 34
Jun 15 17:27:08 34 34 34 34
Jun 15 17:27:08 
Jun 15 17:27:10 此次在线收益：获得 0 金币
Jun 15 17:27:16 当前信息：124 京豆，获取当前金币数量失败 金币
Jun 15 17:27:16 
Jun 15 17:27:16 
Jun 15 17:27:16 
Jun 15 17:27:16 ============开始第93次挂机=============
Jun 15 17:27:16 
Jun 15 17:27:16 开始【京东账号1】lman87
Jun 15 17:27:16 
Jun 15 17:27:17 当前JOY分布情况
Jun 15 17:27:17 
Jun 15 17:27:17 30 31 32 33
Jun 15 17:27:17 34 34 34 34
Jun 15 17:27:17 34 34 34 34
Jun 15 17:27:17 
Jun 15 17:27:19 当前金币:1314887862327706
Jun 15 17:27:19 
Jun 15 17:27:19 此次在线收益：获得 383862702085 金币
