Jun 14 00:10:00 
Jun 14 00:10:00 🔔签到领现金, 开始!
Jun 14 00:10:00 您的cookie选择的是用&隔开
Jun 14 00:10:00 
Jun 14 00:10:00 
Jun 14 00:10:00 ====================共有2个京东账号Cookie=========
Jun 14 00:10:00 
Jun 14 00:10:00 
Jun 14 00:10:00 🔔签到领现金, 开始!
Jun 14 00:10:00 ==================脚本执行- 北京时间(UTC+8)：6/14/2021, 12:10:00 AM=====================
Jun 14 00:10:00 
Jun 14 00:10:00 开始获取签到领现金配置文件
Jun 14 00:10:00 
Jun 14 00:10:00 共2个京东账号
Jun 14 00:10:00 
Jun 14 00:10:00 您提供了1个账号的签到领现金助力码
Jun 14 00:10:00 
Jun 14 00:10:00 您的cookie选择的是用&隔开
Jun 14 00:10:00 
Jun 14 00:10:00 
Jun 14 00:10:00 ====================共有2个京东账号Cookie=========
Jun 14 00:10:00 
Jun 14 00:10:00 ==================脚本执行- 北京时间(UTC+8)：6/14/2021, 12:10:00 AM=====================
Jun 14 00:10:00 
Jun 14 00:10:00 开始获取签到领现金配置文件
Jun 14 00:10:00 
Jun 14 00:10:00 共2个京东账号
Jun 14 00:10:00 
Jun 14 00:10:00 您提供了1个账号的签到领现金助力码
Jun 14 00:10:00 
Jun 14 00:10:01 
Jun 14 00:10:01 ******开始【京东账号1】lman87*********
Jun 14 00:10:01 
Jun 14 00:10:01 
Jun 14 00:10:01 ******开始【京东账号1】lman87*********
Jun 14 00:10:01 
Jun 14 00:10:01 
Jun 14 00:10:01 【京东账号1（lman87）的签到领现金好友互助码】f0ZmMuS1
Jun 14 00:10:01 
Jun 14 00:10:01 去做1元抢任务 1/1
Jun 14 00:10:01 
Jun 14 00:10:01 【京东账号1（lman87）的签到领现金好友互助码】f0ZmMuS1
Jun 14 00:10:01 
Jun 14 00:10:01 去做1元抢任务 1/1
Jun 14 00:10:01 任务完成成功
Jun 14 00:10:01 任务完成成功
Jun 14 00:10:06 开始
Jun 14 00:10:06 开始
Jun 14 00:10:07 "Response code 404 (Not Found)"
Jun 14 00:10:07 签到领现金 API请求失败，请检查网路重试
Jun 14 00:10:07 第1个京东账号将要助力的好友[{"inviteCode":"eU9YDr73A7tOiRyrlQlx","shareDate":"IRs1bey0Z_g"},{"inviteCode":"Jx4yZeu7Zvkm7G_RyXsU0ot2","shareDate":"IRs1bey0Z_g"},{"inviteCode":"f0ZmMuS1","shareDate":"IRs1bey0Z_g"},{"inviteCode":"eU9YLrf7Oop3hBeOjQFv","shareDate":"IRs1bey0Z_g"},{"inviteCode":"eU9Ya726Yqhz827Qz3BGhA","shareDate":"IRs1bey0Z_g"},{"inviteCode":"eU9YOpHQMJR1ixaPqQx3","shareDate":"IRs1bey0Z_g"}]
Jun 14 00:10:07 去帮助好友eU9YDr73A7tOiRyrlQlx
Jun 14 00:10:07 "Response code 404 (Not Found)"
Jun 14 00:10:07 签到领现金 API请求失败，请检查网路重试
Jun 14 00:10:07 第1个京东账号将要助力的好友[{"inviteCode":"eU9YDr73A7tOiRyrlQlx","shareDate":"IRs1bey0Z_g"},{"inviteCode":"Jx4yZeu7Zvkm7G_RyXsU0ot2","shareDate":"IRs1bey0Z_g"},{"inviteCode":"f0ZmMuS1","shareDate":"IRs1bey0Z_g"},{"inviteCode":"eU9YLrf7Oop3hBeOjQFv","shareDate":"IRs1bey0Z_g"},{"inviteCode":"eU9Ya726Yqhz827Qz3BGhA","shareDate":"IRs1bey0Z_g"},{"inviteCode":"eU9YOpHQMJR1ixaPqQx3","shareDate":"IRs1bey0Z_g"}]
Jun 14 00:10:07 去帮助好友eU9YDr73A7tOiRyrlQlx
Jun 14 00:10:07 助力成功，获得0.01
Jun 14 00:10:07 助力成功，获得0.01
Jun 14 00:10:08 去帮助好友Jx4yZeu7Zvkm7G_RyXsU0ot2
Jun 14 00:10:08 去帮助好友Jx4yZeu7Zvkm7G_RyXsU0ot2
Jun 14 00:10:08 你点击的太快啦
Jun 14 00:10:08 请稍后尝试~
Jun 14 00:10:08 你点击的太快啦
Jun 14 00:10:08 请稍后尝试~
Jun 14 00:10:09 去帮助好友f0ZmMuS1
Jun 14 00:10:09 去帮助好友f0ZmMuS1
Jun 14 00:10:09 您无法为自己助力哦~
Jun 14 00:10:09 您无法为自己助力哦~
Jun 14 00:10:10 去帮助好友eU9YLrf7Oop3hBeOjQFv
Jun 14 00:10:10 去帮助好友eU9YLrf7Oop3hBeOjQFv
Jun 14 00:10:10 你点击的太快啦
Jun 14 00:10:10 请稍后尝试~
Jun 14 00:10:10 助力成功，获得0.01
Jun 14 00:10:11 去帮助好友eU9Ya726Yqhz827Qz3BGhA
Jun 14 00:10:11 去帮助好友eU9Ya726Yqhz827Qz3BGhA
Jun 14 00:10:11 啊哦~今日助力次数用完啦
Jun 14 00:10:11 啊哦~今日助力次数用完啦
Jun 14 00:10:11 领奖成功，恭喜您获得现金奖励【0.1】
Jun 14 00:10:11 
Jun 14 00:10:11 
Jun 14 00:10:11 当前现金：11.08元
Jun 14 00:10:11 
Jun 14 00:10:11 
Jun 14 00:10:11 当前现金：11.08元
Jun 14 00:10:11 
Jun 14 00:10:11 ******开始【京东账号2】变速箱2019*********
Jun 14 00:10:11 
Jun 14 00:10:11 
Jun 14 00:10:11 ******开始【京东账号2】变速箱2019*********
Jun 14 00:10:11 
Jun 14 00:10:11 
Jun 14 00:10:11 【京东账号2（jd_rkylFaEIkvBL）的签到领现金好友互助码】eU9YLrf7Oop3hBeOjQFv
Jun 14 00:10:11 
Jun 14 00:10:11 去做1元抢任务 1/1
Jun 14 00:10:11 
Jun 14 00:10:11 【京东账号2（jd_rkylFaEIkvBL）的签到领现金好友互助码】eU9YLrf7Oop3hBeOjQFv
Jun 14 00:10:11 
Jun 14 00:10:11 去做1元抢任务 1/1
Jun 14 00:10:11 任务完成成功
Jun 14 00:10:11 任务完成成功
Jun 14 00:10:16 由于您第2个京东账号未提供shareCode,将采纳本脚本自带的助力码
Jun 14 00:10:16 
Jun 14 00:10:16 开始
Jun 14 00:10:16 由于您第2个京东账号未提供shareCode,将采纳本脚本自带的助力码
Jun 14 00:10:16 
Jun 14 00:10:16 开始
Jun 14 00:10:16 "Response code 404 (Not Found)"
Jun 14 00:10:16 签到领现金 API请求失败，请检查网路重试
Jun 14 00:10:16 第2个京东账号将要助力的好友[{"inviteCode":"","shareDate":"IRs1bey0Z_g"}]
Jun 14 00:10:16 去帮助好友
Jun 14 00:10:16 "Response code 404 (Not Found)"
Jun 14 00:10:16 签到领现金 API请求失败，请检查网路重试
Jun 14 00:10:16 第2个京东账号将要助力的好友[{"inviteCode":"","shareDate":"IRs1bey0Z_g"}]
Jun 14 00:10:16 去帮助好友
Jun 14 00:10:16 你点击的太快啦
Jun 14 00:10:16 请稍后尝试~
Jun 14 00:10:16 你点击的太快啦
Jun 14 00:10:16 请稍后尝试~
Jun 14 00:10:17 领奖成功，恭喜您获得现金奖励【0.1】
Jun 14 00:10:17 
Jun 14 00:10:17 
Jun 14 00:10:17 当前现金：1.48元
Jun 14 00:10:17 
Jun 14 00:10:17 
Jun 14 00:10:17 您未提供server酱的SCKEY，取消微信推送消息通知🚫
Jun 14 00:10:17 
Jun 14 00:10:17 您未提供push+推送所需的PUSH_PLUS_TOKEN，取消push+推送消息通知🚫
Jun 14 00:10:17 
Jun 14 00:10:17 您未提供Bark的APP推送BARK_PUSH，取消Bark推送消息通知🚫
Jun 14 00:10:17 
Jun 14 00:10:17 您未提供telegram机器人推送所需的TG_BOT_TOKEN和TG_USER_ID，取消telegram推送消息通知🚫
Jun 14 00:10:17 
Jun 14 00:10:17 您未提供企业微信机器人推送所需的QYWX_KEY，取消企业微信推送消息通知🚫
Jun 14 00:10:17 
Jun 14 00:10:17 您未提供企业微信应用消息推送所需的QYWX_AM，取消企业微信应用消息推送消息通知🚫
Jun 14 00:10:17 
Jun 14 00:10:17 您未提供iGot的推送IGOT_PUSH_KEY，取消iGot推送消息通知🚫
Jun 14 00:10:17 
Jun 14 00:10:17 
Jun 14 00:10:17 
Jun 14 00:10:17 当前现金：1.48元
Jun 14 00:10:17 
Jun 14 00:10:17 
Jun 14 00:10:17 您未提供server酱的SCKEY，取消微信推送消息通知🚫
Jun 14 00:10:17 
Jun 14 00:10:17 您未提供push+推送所需的PUSH_PLUS_TOKEN，取消push+推送消息通知🚫
Jun 14 00:10:17 
Jun 14 00:10:17 您未提供Bark的APP推送BARK_PUSH，取消Bark推送消息通知🚫
Jun 14 00:10:17 
Jun 14 00:10:17 您未提供telegram机器人推送所需的TG_BOT_TOKEN和TG_USER_ID，取消telegram推送消息通知🚫
Jun 14 00:10:17 
Jun 14 00:10:17 您未提供企业微信机器人推送所需的QYWX_KEY，取消企业微信推送消息通知🚫
Jun 14 00:10:17 
Jun 14 00:10:17 您未提供企业微信应用消息推送所需的QYWX_AM，取消企业微信应用消息推送消息通知🚫
Jun 14 00:10:17 
Jun 14 00:10:17 您未提供iGot的推送IGOT_PUSH_KEY，取消iGot推送消息通知🚫
Jun 14 00:10:17 
Jun 14 00:10:17 钉钉发送通知消息成功🎉。
Jun 14 00:10:17 
Jun 14 00:10:17 
Jun 14 00:10:17 ==============📣系统通知📣==============
Jun 14 00:10:17 签到领现金
Jun 14 00:10:17 京东账号2变速箱2019
Jun 14 00:10:17 领奖成功，恭喜您获得现金奖励【0.1元】
Jun 14 00:10:17 当前现金：1.48元
Jun 14 00:10:17 
Jun 14 00:10:17 🔔签到领现金, 结束! 🕛 17.161 秒
Jun 14 00:10:17 
Jun 14 00:10:17 钉钉发送通知消息成功🎉。
Jun 14 00:10:17 
Jun 14 00:10:17 
Jun 14 00:10:17 ==============📣系统通知📣==============
Jun 14 00:10:17 签到领现金
Jun 14 00:10:17 京东账号1lman87
Jun 14 00:10:17 领奖成功，恭喜您获得现金奖励【0.1元】
Jun 14 00:10:17 当前现金：11.08元
Jun 14 00:10:17 
Jun 14 00:10:17 
Jun 14 00:10:17 
Jun 14 00:10:17 🔔签到领现金, 结束! 🕛 17.16 秒
Jun 14 00:10:17 
Jun 14 04:10:00 
Jun 14 04:10:00 🔔签到领现金, 开始!
Jun 14 04:10:00 您的cookie选择的是用&隔开
Jun 14 04:10:00 
Jun 14 04:10:00 
Jun 14 04:10:00 ====================共有2个京东账号Cookie=========
Jun 14 04:10:00 
Jun 14 04:10:00 ==================脚本执行- 北京时间(UTC+8)：6/14/2021, 4:10:00 AM=====================
Jun 14 04:10:00 
Jun 14 04:10:00 开始获取签到领现金配置文件
Jun 14 04:10:00 
Jun 14 04:10:00 共2个京东账号
Jun 14 04:10:00 
Jun 14 04:10:00 您提供了2个账号的签到领现金助力码
Jun 14 04:10:00 
Jun 14 04:10:00 
Jun 14 04:10:00 🔔签到领现金, 开始!
Jun 14 04:10:00 您的cookie选择的是用&隔开
Jun 14 04:10:00 
Jun 14 04:10:00 
Jun 14 04:10:00 ====================共有2个京东账号Cookie=========
Jun 14 04:10:00 
Jun 14 04:10:00 ==================脚本执行- 北京时间(UTC+8)：6/14/2021, 4:10:00 AM=====================
Jun 14 04:10:00 
Jun 14 04:10:00 开始获取签到领现金配置文件
Jun 14 04:10:00 
Jun 14 04:10:00 共2个京东账号
Jun 14 04:10:00 
Jun 14 04:10:00 您提供了2个账号的签到领现金助力码
Jun 14 04:10:00 
Jun 14 04:10:01 
Jun 14 04:10:01 ******开始【京东账号1】lman87*********
Jun 14 04:10:01 
Jun 14 04:10:01 
Jun 14 04:10:01 ******开始【京东账号1】lman87*********
Jun 14 04:10:01 
Jun 14 04:10:01 
Jun 14 04:10:01 【京东账号1（lman87）的签到领现金好友互助码】f0ZmMuS1
Jun 14 04:10:01 
Jun 14 04:10:01 去做1元抢任务 1/1
Jun 14 04:10:01 
Jun 14 04:10:01 【京东账号1（lman87）的签到领现金好友互助码】f0ZmMuS1
Jun 14 04:10:01 
Jun 14 04:10:01 去做1元抢任务 1/1
Jun 14 04:10:01 任务完成成功
Jun 14 04:10:01 任务完成成功
Jun 14 04:10:06 开始
Jun 14 04:10:06 开始
Jun 14 04:10:06 "Response code 404 (Not Found)"
Jun 14 04:10:06 签到领现金 API请求失败，请检查网路重试
Jun 14 04:10:06 第1个京东账号将要助力的好友[{"inviteCode":"f0ZmMuS1","shareDate":"IRs1bey0Z_g"},{"inviteCode":"eU9YLrf7Oop3hBeOjQFv","shareDate":"IRs1bey0Z_g"}]
Jun 14 04:10:06 去帮助好友f0ZmMuS1
Jun 14 04:10:06 "Response code 404 (Not Found)"
Jun 14 04:10:06 签到领现金 API请求失败，请检查网路重试
Jun 14 04:10:06 第1个京东账号将要助力的好友[{"inviteCode":"f0ZmMuS1","shareDate":"IRs1bey0Z_g"},{"inviteCode":"eU9YLrf7Oop3hBeOjQFv","shareDate":"IRs1bey0Z_g"}]
Jun 14 04:10:06 去帮助好友f0ZmMuS1
Jun 14 04:10:06 您无法为自己助力哦~
Jun 14 04:10:06 您无法为自己助力哦~
Jun 14 04:10:07 去帮助好友eU9YLrf7Oop3hBeOjQFv
Jun 14 04:10:07 今日已为Ta助力过啦~
Jun 14 04:10:07 去帮助好友eU9YLrf7Oop3hBeOjQFv
Jun 14 04:10:07 今日已为Ta助力过啦~
Jun 14 04:10:08 
Jun 14 04:10:08 
Jun 14 04:10:08 当前现金：11.10元
Jun 14 04:10:08 
Jun 14 04:10:08 ******开始【京东账号2】jd_rkylFaEIkvBL*********
Jun 14 04:10:08 
Jun 14 04:10:08 
Jun 14 04:10:08 【京东账号2（jd_rkylFaEIkvBL）的签到领现金好友互助码】eU9YLrf7Oop3hBeOjQFv
Jun 14 04:10:08 
Jun 14 04:10:08 去做1元抢任务 1/1
Jun 14 04:10:08 任务完成成功
Jun 14 04:10:08 
Jun 14 04:10:08 
Jun 14 04:10:08 当前现金：11.10元
Jun 14 04:10:08 
Jun 14 04:10:08 ******开始【京东账号2】jd_rkylFaEIkvBL*********
Jun 14 04:10:08 
Jun 14 04:10:08 
Jun 14 04:10:08 【京东账号2（jd_rkylFaEIkvBL）的签到领现金好友互助码】eU9YLrf7Oop3hBeOjQFv
Jun 14 04:10:08 
Jun 14 04:10:08 开始
Jun 14 04:10:08 "Response code 404 (Not Found)"
Jun 14 04:10:08 签到领现金 API请求失败，请检查网路重试
Jun 14 04:10:08 第2个京东账号将要助力的好友[{"inviteCode":"f0ZmMuS1","shareDate":"IRs1bey0Z_g"},{"inviteCode":"eU9YLrf7Oop3hBeOjQFv","shareDate":"IRs1bey0Z_g"}]
Jun 14 04:10:08 去帮助好友f0ZmMuS1
Jun 14 04:10:08 助力成功，获得0.01
Jun 14 04:10:09 去帮助好友eU9YLrf7Oop3hBeOjQFv
Jun 14 04:10:09 您无法为自己助力哦~
Jun 14 04:10:11 
Jun 14 04:10:11 
Jun 14 04:10:11 当前现金：1.53元
Jun 14 04:10:11 
Jun 14 04:10:11 🔔签到领现金, 结束! 🕛 10.754 秒
Jun 14 04:10:11 
Jun 14 04:10:13 开始
Jun 14 04:10:13 "Response code 404 (Not Found)"
Jun 14 04:10:13 签到领现金 API请求失败，请检查网路重试
Jun 14 04:10:13 第2个京东账号将要助力的好友[{"inviteCode":"f0ZmMuS1","shareDate":"IRs1bey0Z_g"},{"inviteCode":"eU9YLrf7Oop3hBeOjQFv","shareDate":"IRs1bey0Z_g"}]
Jun 14 04:10:13 去帮助好友f0ZmMuS1
Jun 14 04:10:13 今日已为Ta助力过啦~
Jun 14 04:10:14 去帮助好友eU9YLrf7Oop3hBeOjQFv
Jun 14 04:10:14 您无法为自己助力哦~
Jun 14 04:10:15 
Jun 14 04:10:15 
Jun 14 04:10:15 当前现金：1.53元
Jun 14 04:10:15 
Jun 14 04:10:15 🔔签到领现金, 结束! 🕛 15.614 秒
Jun 14 04:10:15 
Jun 14 08:10:00 
Jun 14 08:10:00 🔔签到领现金, 开始!
Jun 14 08:10:00 您的cookie选择的是用&隔开
Jun 14 08:10:00 
Jun 14 08:10:00 
Jun 14 08:10:00 ====================共有2个京东账号Cookie=========
Jun 14 08:10:00 
Jun 14 08:10:00 
Jun 14 08:10:00 🔔签到领现金, 开始!
Jun 14 08:10:00 ==================脚本执行- 北京时间(UTC+8)：6/14/2021, 8:10:00 AM=====================
Jun 14 08:10:00 
Jun 14 08:10:00 开始获取签到领现金配置文件
Jun 14 08:10:00 
Jun 14 08:10:00 共2个京东账号
Jun 14 08:10:00 
Jun 14 08:10:00 您提供了2个账号的签到领现金助力码
Jun 14 08:10:00 
Jun 14 08:10:00 您的cookie选择的是用&隔开
Jun 14 08:10:00 
Jun 14 08:10:00 
Jun 14 08:10:00 ====================共有2个京东账号Cookie=========
Jun 14 08:10:00 
Jun 14 08:10:00 ==================脚本执行- 北京时间(UTC+8)：6/14/2021, 8:10:00 AM=====================
Jun 14 08:10:00 
Jun 14 08:10:00 开始获取签到领现金配置文件
Jun 14 08:10:00 
Jun 14 08:10:00 共2个京东账号
Jun 14 08:10:00 
Jun 14 08:10:00 您提供了2个账号的签到领现金助力码
Jun 14 08:10:00 
Jun 14 08:10:01 
Jun 14 08:10:01 ******开始【京东账号1】lman87*********
Jun 14 08:10:01 
Jun 14 08:10:01 
Jun 14 08:10:01 ******开始【京东账号1】lman87*********
Jun 14 08:10:01 
Jun 14 08:10:01 
Jun 14 08:10:01 【京东账号1（lman87）的签到领现金好友互助码】f0ZmMuS1
Jun 14 08:10:01 
Jun 14 08:10:01 开始
Jun 14 08:10:01 
Jun 14 08:10:01 【京东账号1（lman87）的签到领现金好友互助码】f0ZmMuS1
Jun 14 08:10:01 
Jun 14 08:10:01 开始
Jun 14 08:10:01 "Response code 404 (Not Found)"
Jun 14 08:10:01 签到领现金 API请求失败，请检查网路重试
Jun 14 08:10:01 第1个京东账号将要助力的好友[{"inviteCode":"f0ZmMuS1","shareDate":"IRs1bey0Z_g"},{"inviteCode":"eU9YLrf7Oop3hBeOjQFv","shareDate":"IRs1bey0Z_g"},{"inviteCode":"f0ZmMuS1","shareDate":"IRs1bey0Z_g"},{"inviteCode":"eU9YLrf7Oop3hBeOjQFv","shareDate":"IRs1bey0Z_g"}]
Jun 14 08:10:01 去帮助好友f0ZmMuS1
Jun 14 08:10:01 "Response code 404 (Not Found)"
Jun 14 08:10:01 签到领现金 API请求失败，请检查网路重试
Jun 14 08:10:01 第1个京东账号将要助力的好友[{"inviteCode":"f0ZmMuS1","shareDate":"IRs1bey0Z_g"},{"inviteCode":"eU9YLrf7Oop3hBeOjQFv","shareDate":"IRs1bey0Z_g"},{"inviteCode":"f0ZmMuS1","shareDate":"IRs1bey0Z_g"},{"inviteCode":"eU9YLrf7Oop3hBeOjQFv","shareDate":"IRs1bey0Z_g"}]
Jun 14 08:10:01 去帮助好友f0ZmMuS1
Jun 14 08:10:01 您无法为自己助力哦~
Jun 14 08:10:01 您无法为自己助力哦~
Jun 14 08:10:02 去帮助好友eU9YLrf7Oop3hBeOjQFv
Jun 14 08:10:02 去帮助好友eU9YLrf7Oop3hBeOjQFv
Jun 14 08:10:02 今日已为Ta助力过啦~
Jun 14 08:10:02 今日已为Ta助力过啦~
Jun 14 08:10:03 去帮助好友f0ZmMuS1
Jun 14 08:10:03 去帮助好友f0ZmMuS1
Jun 14 08:10:03 您无法为自己助力哦~
Jun 14 08:10:03 您无法为自己助力哦~
Jun 14 08:10:04 去帮助好友eU9YLrf7Oop3hBeOjQFv
Jun 14 08:10:04 去帮助好友eU9YLrf7Oop3hBeOjQFv
Jun 14 08:10:04 今日已为Ta助力过啦~
Jun 14 08:10:04 今日已为Ta助力过啦~
Jun 14 08:10:05 
Jun 14 08:10:05 
Jun 14 08:10:05 当前现金：11.10元
Jun 14 08:10:05 
Jun 14 08:10:05 ******开始【京东账号2】jd_rkylFaEIkvBL*********
Jun 14 08:10:05 
Jun 14 08:10:05 
Jun 14 08:10:05 
Jun 14 08:10:05 当前现金：11.10元
Jun 14 08:10:05 
Jun 14 08:10:05 【京东账号2（jd_rkylFaEIkvBL）的签到领现金好友互助码】eU9YLrf7Oop3hBeOjQFv
Jun 14 08:10:05 
Jun 14 08:10:05 开始
Jun 14 08:10:05 
Jun 14 08:10:05 ******开始【京东账号2】jd_rkylFaEIkvBL*********
Jun 14 08:10:05 
Jun 14 08:10:05 "Response code 404 (Not Found)"
Jun 14 08:10:05 签到领现金 API请求失败，请检查网路重试
Jun 14 08:10:05 第2个京东账号将要助力的好友[{"inviteCode":"f0ZmMuS1","shareDate":"IRs1bey0Z_g"},{"inviteCode":"eU9YLrf7Oop3hBeOjQFv","shareDate":"IRs1bey0Z_g"},{"inviteCode":"f0ZmMuS1","shareDate":"IRs1bey0Z_g"},{"inviteCode":"eU9YLrf7Oop3hBeOjQFv","shareDate":"IRs1bey0Z_g"}]
Jun 14 08:10:05 去帮助好友f0ZmMuS1
Jun 14 08:10:05 
Jun 14 08:10:05 【京东账号2（jd_rkylFaEIkvBL）的签到领现金好友互助码】eU9YLrf7Oop3hBeOjQFv
Jun 14 08:10:05 
Jun 14 08:10:05 开始
Jun 14 08:10:05 今日已为Ta助力过啦~
Jun 14 08:10:05 "Response code 404 (Not Found)"
Jun 14 08:10:05 签到领现金 API请求失败，请检查网路重试
Jun 14 08:10:05 第2个京东账号将要助力的好友[{"inviteCode":"f0ZmMuS1","shareDate":"IRs1bey0Z_g"},{"inviteCode":"eU9YLrf7Oop3hBeOjQFv","shareDate":"IRs1bey0Z_g"},{"inviteCode":"f0ZmMuS1","shareDate":"IRs1bey0Z_g"},{"inviteCode":"eU9YLrf7Oop3hBeOjQFv","shareDate":"IRs1bey0Z_g"}]
Jun 14 08:10:05 去帮助好友f0ZmMuS1
Jun 14 08:10:05 今日已为Ta助力过啦~
Jun 14 08:10:06 去帮助好友eU9YLrf7Oop3hBeOjQFv
Jun 14 08:10:06 去帮助好友eU9YLrf7Oop3hBeOjQFv
Jun 14 08:10:06 您无法为自己助力哦~
Jun 14 08:10:06 您无法为自己助力哦~
Jun 14 08:10:07 去帮助好友f0ZmMuS1
Jun 14 08:10:07 去帮助好友f0ZmMuS1
Jun 14 08:10:07 今日已为Ta助力过啦~
Jun 14 08:10:07 今日已为Ta助力过啦~
Jun 14 08:10:08 去帮助好友eU9YLrf7Oop3hBeOjQFv
Jun 14 08:10:08 去帮助好友eU9YLrf7Oop3hBeOjQFv
Jun 14 08:10:08 您无法为自己助力哦~
Jun 14 08:10:08 您无法为自己助力哦~
Jun 14 08:10:10 
Jun 14 08:10:10 
Jun 14 08:10:10 当前现金：1.53元
Jun 14 08:10:10 
Jun 14 08:10:10 🔔签到领现金, 结束! 🕛 9.219 秒
Jun 14 08:10:10 
Jun 14 08:10:10 
Jun 14 08:10:10 
Jun 14 08:10:10 当前现金：1.53元
Jun 14 08:10:10 
Jun 14 08:10:10 🔔签到领现金, 结束! 🕛 9.243 秒
Jun 14 08:10:10 
Jun 14 12:10:00 
Jun 14 12:10:00 🔔签到领现金, 开始!
Jun 14 12:10:00 您的cookie选择的是用&隔开
Jun 14 12:10:00 
Jun 14 12:10:00 
Jun 14 12:10:00 ====================共有2个京东账号Cookie=========
Jun 14 12:10:00 
Jun 14 12:10:00 ==================脚本执行- 北京时间(UTC+8)：6/14/2021, 12:10:00 PM=====================
Jun 14 12:10:00 
Jun 14 12:10:00 开始获取签到领现金配置文件
Jun 14 12:10:00 
Jun 14 12:10:00 共2个京东账号
Jun 14 12:10:00 
Jun 14 12:10:00 您提供了2个账号的签到领现金助力码
Jun 14 12:10:00 
Jun 14 12:10:00 
Jun 14 12:10:00 🔔签到领现金, 开始!
Jun 14 12:10:00 您的cookie选择的是用&隔开
Jun 14 12:10:00 
Jun 14 12:10:00 
Jun 14 12:10:00 ====================共有2个京东账号Cookie=========
Jun 14 12:10:00 
Jun 14 12:10:00 ==================脚本执行- 北京时间(UTC+8)：6/14/2021, 12:10:00 PM=====================
Jun 14 12:10:00 
Jun 14 12:10:00 开始获取签到领现金配置文件
Jun 14 12:10:00 
Jun 14 12:10:00 共2个京东账号
Jun 14 12:10:00 
Jun 14 12:10:00 您提供了2个账号的签到领现金助力码
Jun 14 12:10:00 
Jun 14 12:10:01 
Jun 14 12:10:01 ******开始【京东账号1】lman87*********
Jun 14 12:10:01 
Jun 14 12:10:01 
Jun 14 12:10:01 ******开始【京东账号1】lman87*********
Jun 14 12:10:01 
Jun 14 12:10:01 
Jun 14 12:10:01 【京东账号1（lman87）的签到领现金好友互助码】f0ZmMuS1
Jun 14 12:10:01 
Jun 14 12:10:01 开始
Jun 14 12:10:01 
Jun 14 12:10:01 【京东账号1（lman87）的签到领现金好友互助码】f0ZmMuS1
Jun 14 12:10:01 
Jun 14 12:10:01 开始
Jun 14 12:10:01 "Response code 404 (Not Found)"
Jun 14 12:10:01 签到领现金 API请求失败，请检查网路重试
Jun 14 12:10:01 第1个京东账号将要助力的好友[{"inviteCode":"f0ZmMuS1","shareDate":"IRs1bey0Z_g"},{"inviteCode":"eU9YLrf7Oop3hBeOjQFv","shareDate":"IRs1bey0Z_g"}]
Jun 14 12:10:01 去帮助好友f0ZmMuS1
Jun 14 12:10:01 "Response code 404 (Not Found)"
Jun 14 12:10:01 签到领现金 API请求失败，请检查网路重试
Jun 14 12:10:01 第1个京东账号将要助力的好友[{"inviteCode":"f0ZmMuS1","shareDate":"IRs1bey0Z_g"},{"inviteCode":"eU9YLrf7Oop3hBeOjQFv","shareDate":"IRs1bey0Z_g"}]
Jun 14 12:10:01 去帮助好友f0ZmMuS1
Jun 14 12:10:01 您无法为自己助力哦~
Jun 14 12:10:01 您无法为自己助力哦~
Jun 14 12:10:02 去帮助好友eU9YLrf7Oop3hBeOjQFv
Jun 14 12:10:02 去帮助好友eU9YLrf7Oop3hBeOjQFv
Jun 14 12:10:02 你点击的太快啦
Jun 14 12:10:02 请稍后尝试~
Jun 14 12:10:02 今日已为Ta助力过啦~
Jun 14 12:10:04 
Jun 14 12:10:04 
Jun 14 12:10:04 当前现金：11.10元
Jun 14 12:10:04 
Jun 14 12:10:04 
Jun 14 12:10:04 当前现金：11.10元
Jun 14 12:10:04 
Jun 14 12:10:04 ******开始【京东账号2】jd_rkylFaEIkvBL*********
Jun 14 12:10:04 
Jun 14 12:10:04 
Jun 14 12:10:04 ******开始【京东账号2】jd_rkylFaEIkvBL*********
Jun 14 12:10:04 
Jun 14 12:10:04 
Jun 14 12:10:04 【京东账号2（jd_rkylFaEIkvBL）的签到领现金好友互助码】eU9YLrf7Oop3hBeOjQFv
Jun 14 12:10:04 
Jun 14 12:10:04 开始
Jun 14 12:10:04 "Response code 404 (Not Found)"
Jun 14 12:10:04 签到领现金 API请求失败，请检查网路重试
Jun 14 12:10:04 第2个京东账号将要助力的好友[{"inviteCode":"f0ZmMuS1","shareDate":"IRs1bey0Z_g"},{"inviteCode":"eU9YLrf7Oop3hBeOjQFv","shareDate":"IRs1bey0Z_g"}]
Jun 14 12:10:04 去帮助好友f0ZmMuS1
Jun 14 12:10:04 
Jun 14 12:10:04 【京东账号2（jd_rkylFaEIkvBL）的签到领现金好友互助码】eU9YLrf7Oop3hBeOjQFv
Jun 14 12:10:04 
Jun 14 12:10:04 开始
Jun 14 12:10:04 "Response code 404 (Not Found)"
Jun 14 12:10:04 签到领现金 API请求失败，请检查网路重试
Jun 14 12:10:04 第2个京东账号将要助力的好友[{"inviteCode":"f0ZmMuS1","shareDate":"IRs1bey0Z_g"},{"inviteCode":"eU9YLrf7Oop3hBeOjQFv","shareDate":"IRs1bey0Z_g"}]
Jun 14 12:10:04 去帮助好友f0ZmMuS1
Jun 14 12:10:04 今日已为Ta助力过啦~
Jun 14 12:10:04 今日已为Ta助力过啦~
Jun 14 12:10:05 去帮助好友eU9YLrf7Oop3hBeOjQFv
Jun 14 12:10:05 去帮助好友eU9YLrf7Oop3hBeOjQFv
Jun 14 12:10:05 您无法为自己助力哦~
Jun 14 12:10:05 您无法为自己助力哦~
Jun 14 12:10:06 
Jun 14 12:10:06 
Jun 14 12:10:06 当前现金：1.53元
Jun 14 12:10:06 
Jun 14 12:10:06 🔔签到领现金, 结束! 🕛 6.062 秒
Jun 14 12:10:06 
Jun 14 12:10:06 
Jun 14 12:10:06 
Jun 14 12:10:06 当前现金：1.53元
Jun 14 12:10:06 
Jun 14 12:10:06 🔔签到领现金, 结束! 🕛 6.012 秒
Jun 14 12:10:06 
Jun 14 16:10:01 
Jun 14 16:10:01 🔔签到领现金, 开始!
Jun 14 16:10:01 您的cookie选择的是用&隔开
Jun 14 16:10:01 
Jun 14 16:10:01 
Jun 14 16:10:01 ====================共有2个京东账号Cookie=========
Jun 14 16:10:01 
Jun 14 16:10:01 ==================脚本执行- 北京时间(UTC+8)：6/14/2021, 4:10:01 PM=====================
Jun 14 16:10:01 
Jun 14 16:10:01 开始获取签到领现金配置文件
Jun 14 16:10:01 
Jun 14 16:10:01 共2个京东账号
Jun 14 16:10:01 
Jun 14 16:10:01 您提供了2个账号的签到领现金助力码
Jun 14 16:10:01 
Jun 14 16:10:01 
Jun 14 16:10:01 🔔签到领现金, 开始!
Jun 14 16:10:01 您的cookie选择的是用&隔开
Jun 14 16:10:01 
Jun 14 16:10:01 
Jun 14 16:10:01 ====================共有2个京东账号Cookie=========
Jun 14 16:10:01 
Jun 14 16:10:01 ==================脚本执行- 北京时间(UTC+8)：6/14/2021, 4:10:01 PM=====================
Jun 14 16:10:01 
Jun 14 16:10:01 开始获取签到领现金配置文件
Jun 14 16:10:01 
Jun 14 16:10:01 共2个京东账号
Jun 14 16:10:01 
Jun 14 16:10:01 您提供了2个账号的签到领现金助力码
Jun 14 16:10:01 
Jun 14 16:10:02 
Jun 14 16:10:02 ******开始【京东账号1】lman87*********
Jun 14 16:10:02 
Jun 14 16:10:02 
Jun 14 16:10:02 ******开始【京东账号1】lman87*********
Jun 14 16:10:02 
Jun 14 16:10:02 
Jun 14 16:10:02 【京东账号1（lman87）的签到领现金好友互助码】f0ZmMuS1
Jun 14 16:10:02 
Jun 14 16:10:02 开始
Jun 14 16:10:02 
Jun 14 16:10:02 【京东账号1（lman87）的签到领现金好友互助码】f0ZmMuS1
Jun 14 16:10:02 
Jun 14 16:10:02 开始
Jun 14 16:10:02 "Response code 404 (Not Found)"
Jun 14 16:10:02 签到领现金 API请求失败，请检查网路重试
Jun 14 16:10:02 第1个京东账号将要助力的好友[{"inviteCode":"f0ZmMuS1","shareDate":"IRs1bey0Z_g"},{"inviteCode":"eU9YLrf7Oop3hBeOjQFv","shareDate":"IRs1bey0Z_g"}]
Jun 14 16:10:02 "Response code 404 (Not Found)"
Jun 14 16:10:02 签到领现金 API请求失败，请检查网路重试
Jun 14 16:10:02Jun 14 16:10:02 去帮助好友f0ZmMuS1
 第1个京东账号将要助力的好友[{"inviteCode":"f0ZmMuS1","shareDate":"IRs1bey0Z_g"},{"inviteCode":"eU9YLrf7Oop3hBeOjQFv","shareDate":"IRs1bey0Z_g"}]
Jun 14 16:10:02 去帮助好友f0ZmMuS1
Jun 14 16:10:02 您无法为自己助力哦~
Jun 14 16:10:02 您无法为自己助力哦~
Jun 14 16:10:03 去帮助好友eU9YLrf7Oop3hBeOjQFv
Jun 14 16:10:03 去帮助好友eU9YLrf7Oop3hBeOjQFv
Jun 14 16:10:03 今日已为Ta助力过啦~
Jun 14 16:10:03 今日已为Ta助力过啦~
Jun 14 16:10:04 
Jun 14 16:10:04 
Jun 14 16:10:04 当前现金：11.10元
Jun 14 16:10:04 
Jun 14 16:10:04 
Jun 14 16:10:04 当前现金：11.10元
Jun 14 16:10:04 
Jun 14 16:10:04 ******开始【京东账号2】jd_rkylFaEIkvBL*********
Jun 14 16:10:04 
Jun 14 16:10:04 
Jun 14 16:10:04 ******开始【京东账号2】jd_rkylFaEIkvBL*********
Jun 14 16:10:04 
Jun 14 16:10:04 
Jun 14 16:10:04 【京东账号2（jd_rkylFaEIkvBL）的签到领现金好友互助码】eU9YLrf7Oop3hBeOjQFv
Jun 14 16:10:04 
Jun 14 16:10:04 开始
Jun 14 16:10:04 
Jun 14 16:10:04 【京东账号2（jd_rkylFaEIkvBL）的签到领现金好友互助码】eU9YLrf7Oop3hBeOjQFv
Jun 14 16:10:04 
Jun 14 16:10:04 开始
Jun 14 16:10:04 "Response code 404 (Not Found)"
Jun 14 16:10:04 签到领现金 API请求失败，请检查网路重试
Jun 14 16:10:04 第2个京东账号将要助力的好友[{"inviteCode":"f0ZmMuS1","shareDate":"IRs1bey0Z_g"},{"inviteCode":"eU9YLrf7Oop3hBeOjQFv","shareDate":"IRs1bey0Z_g"}]
Jun 14 16:10:04 去帮助好友f0ZmMuS1
Jun 14 16:10:04 "Response code 404 (Not Found)"
Jun 14 16:10:04 签到领现金 API请求失败，请检查网路重试
Jun 14 16:10:04 第2个京东账号将要助力的好友[{"inviteCode":"f0ZmMuS1","shareDate":"IRs1bey0Z_g"},{"inviteCode":"eU9YLrf7Oop3hBeOjQFv","shareDate":"IRs1bey0Z_g"}]
Jun 14 16:10:04 去帮助好友f0ZmMuS1
Jun 14 16:10:04 今日已为Ta助力过啦~
Jun 14 16:10:04 今日已为Ta助力过啦~
Jun 14 16:10:05 去帮助好友eU9YLrf7Oop3hBeOjQFv
Jun 14 16:10:05 去帮助好友eU9YLrf7Oop3hBeOjQFv
Jun 14 16:10:05 您无法为自己助力哦~
Jun 14 16:10:05 您无法为自己助力哦~
Jun 14 16:10:07 
Jun 14 16:10:07 
Jun 14 16:10:07 当前现金：1.53元
Jun 14 16:10:07 
Jun 14 16:10:07 🔔签到领现金, 结束! 🕛 5.398 秒
Jun 14 16:10:07 
Jun 14 16:10:07 
Jun 14 16:10:07 
Jun 14 16:10:07 当前现金：1.53元
Jun 14 16:10:07 
Jun 14 16:10:07 🔔签到领现金, 结束! 🕛 5.551 秒
Jun 14 16:10:07 
Jun 14 20:10:00 
Jun 14 20:10:00 🔔签到领现金, 开始!
Jun 14 20:10:00 您的cookie选择的是用&隔开
Jun 14 20:10:00 
Jun 14 20:10:00 
Jun 14 20:10:00 ====================共有2个京东账号Cookie=========
Jun 14 20:10:00 
Jun 14 20:10:00 
Jun 14 20:10:00 🔔签到领现金, 开始!
Jun 14 20:10:00 您的cookie选择的是用&隔开
Jun 14 20:10:00 
Jun 14 20:10:00 
Jun 14 20:10:00 ====================共有2个京东账号Cookie=========
Jun 14 20:10:00 
Jun 14 20:10:00 ==================脚本执行- 北京时间(UTC+8)：6/14/2021, 8:10:00 PM=====================
Jun 14 20:10:00 
Jun 14 20:10:00 开始获取签到领现金配置文件
Jun 14 20:10:00 
Jun 14 20:10:00 共2个京东账号
Jun 14 20:10:00 
Jun 14 20:10:00 您提供了1个账号的签到领现金助力码
Jun 14 20:10:00 
Jun 14 20:10:00 ==================脚本执行- 北京时间(UTC+8)：6/14/2021, 8:10:00 PM=====================
Jun 14 20:10:00 
Jun 14 20:10:00 开始获取签到领现金配置文件
Jun 14 20:10:00 
Jun 14 20:10:00 共2个京东账号
Jun 14 20:10:00 
Jun 14 20:10:00 您提供了1个账号的签到领现金助力码
Jun 14 20:10:00 
Jun 14 20:10:00 
Jun 14 20:10:00 ******开始【京东账号1】lman87*********
Jun 14 20:10:00 
Jun 14 20:10:00 
Jun 14 20:10:00 【京东账号1（lman87）的签到领现金好友互助码】f0ZmMuS1
Jun 14 20:10:00 
Jun 14 20:10:00 开始
Jun 14 20:10:00 
Jun 14 20:10:00 ******开始【京东账号1】lman87*********
Jun 14 20:10:00 
Jun 14 20:10:01 
Jun 14 20:10:01 【京东账号1（lman87）的签到领现金好友互助码】f0ZmMuS1
Jun 14 20:10:01 
Jun 14 20:10:01 开始
Jun 14 20:10:01 "Response code 404 (Not Found)"
Jun 14 20:10:01 签到领现金 API请求失败，请检查网路重试
Jun 14 20:10:01 第1个京东账号将要助力的好友[{"inviteCode":"eU9YDr73A7tOiRyrlQlx","shareDate":"IRs1bey0Z_g"},{"inviteCode":"Jx4yZeu7Zvkm7G_RyXsU0ot2","shareDate":"IRs1bey0Z_g"},{"inviteCode":"f0ZmMuS1","shareDate":"IRs1bey0Z_g"},{"inviteCode":"eU9YLrf7Oop3hBeOjQFv","shareDate":"IRs1bey0Z_g"},{"inviteCode":"eU9Ya726Yqhz827Qz3BGhA","shareDate":"IRs1bey0Z_g"},{"inviteCode":"eU9YOpHQMJR1ixaPqQx3","shareDate":"IRs1bey0Z_g"}]
Jun 14 20:10:01 去帮助好友eU9YDr73A7tOiRyrlQlx
Jun 14 20:10:01 "Response code 404 (Not Found)"
Jun 14 20:10:01 签到领现金 API请求失败，请检查网路重试
Jun 14 20:10:01 第1个京东账号将要助力的好友[{"inviteCode":"eU9YDr73A7tOiRyrlQlx","shareDate":"IRs1bey0Z_g"},{"inviteCode":"Jx4yZeu7Zvkm7G_RyXsU0ot2","shareDate":"IRs1bey0Z_g"},{"inviteCode":"f0ZmMuS1","shareDate":"IRs1bey0Z_g"},{"inviteCode":"eU9YLrf7Oop3hBeOjQFv","shareDate":"IRs1bey0Z_g"},{"inviteCode":"eU9Ya726Yqhz827Qz3BGhA","shareDate":"IRs1bey0Z_g"},{"inviteCode":"eU9YOpHQMJR1ixaPqQx3","shareDate":"IRs1bey0Z_g"}]
Jun 14 20:10:01 去帮助好友eU9YDr73A7tOiRyrlQlx
Jun 14 20:10:01 今日已为Ta助力过啦~
Jun 14 20:10:01 今日已为Ta助力过啦~
Jun 14 20:10:02 去帮助好友Jx4yZeu7Zvkm7G_RyXsU0ot2
Jun 14 20:10:02 去帮助好友Jx4yZeu7Zvkm7G_RyXsU0ot2
Jun 14 20:10:02 啊哦~今日助力次数用完啦
Jun 14 20:10:02 啊哦~今日助力次数用完啦
Jun 14 20:10:02 
Jun 14 20:10:02 
Jun 14 20:10:02 当前现金：11.10元
Jun 14 20:10:02 
Jun 14 20:10:02 
Jun 14 20:10:02 当前现金：11.10元
Jun 14 20:10:02 
Jun 14 20:10:02 ******开始【京东账号2】jd_rkylFaEIkvBL*********
Jun 14 20:10:02 
Jun 14 20:10:02 
Jun 14 20:10:02 ******开始【京东账号2】jd_rkylFaEIkvBL*********
Jun 14 20:10:02 
Jun 14 20:10:02 
Jun 14 20:10:02 【京东账号2（jd_rkylFaEIkvBL）的签到领现金好友互助码】eU9YLrf7Oop3hBeOjQFv
Jun 14 20:10:02 
Jun 14 20:10:02 由于您第2个京东账号未提供shareCode,将采纳本脚本自带的助力码
Jun 14 20:10:02 
Jun 14 20:10:02 开始
Jun 14 20:10:02 
Jun 14 20:10:02 【京东账号2（jd_rkylFaEIkvBL）的签到领现金好友互助码】eU9YLrf7Oop3hBeOjQFv
Jun 14 20:10:02 
Jun 14 20:10:02 由于您第2个京东账号未提供shareCode,将采纳本脚本自带的助力码
Jun 14 20:10:02 
Jun 14 20:10:02 开始
Jun 14 20:10:02 "Response code 404 (Not Found)"
Jun 14 20:10:02 签到领现金 API请求失败，请检查网路重试
Jun 14 20:10:02 第2个京东账号将要助力的好友[{"inviteCode":"","shareDate":"IRs1bey0Z_g"}]
Jun 14 20:10:02 去帮助好友
Jun 14 20:10:02 "Response code 404 (Not Found)"
Jun 14 20:10:02 签到领现金 API请求失败，请检查网路重试
Jun 14 20:10:02 第2个京东账号将要助力的好友[{"inviteCode":"","shareDate":"IRs1bey0Z_g"}]
Jun 14 20:10:02 去帮助好友
Jun 14 20:10:02 你点击的太快啦
Jun 14 20:10:02 请稍后尝试~
Jun 14 20:10:02 你点击的太快啦
Jun 14 20:10:02 请稍后尝试~
Jun 14 20:10:03 
Jun 14 20:10:03 
Jun 14 20:10:03 当前现金：1.53元
Jun 14 20:10:03 
Jun 14 20:10:03 🔔签到领现金, 结束! 🕛 3.224 秒
Jun 14 20:10:03 
Jun 14 20:10:03 
Jun 14 20:10:03 
Jun 14 20:10:03 当前现金：1.53元
Jun 14 20:10:03 
Jun 14 20:10:03 🔔签到领现金, 结束! 🕛 3.265 秒
Jun 14 20:10:03 
Jun 15 00:10:01 
Jun 15 00:10:01 🔔签到领现金, 开始!
Jun 15 00:10:01 您的cookie选择的是用&隔开
Jun 15 00:10:01 
Jun 15 00:10:01 
Jun 15 00:10:01 ====================共有2个京东账号Cookie=========
Jun 15 00:10:01 
Jun 15 00:10:01 
Jun 15 00:10:01 🔔签到领现金, 开始!
Jun 15 00:10:01 您的cookie选择的是用&隔开
Jun 15 00:10:01 
Jun 15 00:10:01 
Jun 15 00:10:01 ====================共有2个京东账号Cookie=========
Jun 15 00:10:01 
Jun 15 00:10:01 ==================脚本执行- 北京时间(UTC+8)：6/15/2021, 12:10:01 AM=====================
Jun 15 00:10:01 
Jun 15 00:10:01 开始获取签到领现金配置文件
Jun 15 00:10:01 
Jun 15 00:10:01 共2个京东账号
Jun 15 00:10:01 
Jun 15 00:10:01 您提供了1个账号的签到领现金助力码
Jun 15 00:10:01 
Jun 15 00:10:01 ==================脚本执行- 北京时间(UTC+8)：6/15/2021, 12:10:01 AM=====================
Jun 15 00:10:01 
Jun 15 00:10:01 开始获取签到领现金配置文件
Jun 15 00:10:01 
Jun 15 00:10:01 共2个京东账号
Jun 15 00:10:01 
Jun 15 00:10:01 您提供了1个账号的签到领现金助力码
Jun 15 00:10:01 
Jun 15 00:10:01 
Jun 15 00:10:01 ******开始【京东账号1】lman87*********
Jun 15 00:10:01 
Jun 15 00:10:01 
Jun 15 00:10:01 ******开始【京东账号1】lman87*********
Jun 15 00:10:01 
Jun 15 00:10:01 
Jun 15 00:10:01 【京东账号1（lman87）的签到领现金好友互助码】f0ZmMuS1
Jun 15 00:10:01 
Jun 15 00:10:01 去做逛商品任务 1/1
Jun 15 00:10:01 
Jun 15 00:10:01 【京东账号1（lman87）的签到领现金好友互助码】f0ZmMuS1
Jun 15 00:10:01 
Jun 15 00:10:01 去做逛商品任务 1/1
Jun 15 00:10:01 任务完成成功
Jun 15 00:10:01 任务完成成功
Jun 15 00:10:06 开始
Jun 15 00:10:06 开始
Jun 15 00:10:07 "Response code 404 (Not Found)"
Jun 15 00:10:07 签到领现金 API请求失败，请检查网路重试
Jun 15 00:10:07 第1个京东账号将要助力的好友[{"inviteCode":"eU9YDr73A7tOiRyrlQlx","shareDate":"IRs1bey0Z_k"},{"inviteCode":"Jx4yZeu7Zvkm7G_RyXsU0ot2","shareDate":"IRs1bey0Z_k"},{"inviteCode":"f0ZmMuS1","shareDate":"IRs1bey0Z_k"},{"inviteCode":"eU9YLrf7Oop3hBeOjQFv","shareDate":"IRs1bey0Z_k"},{"inviteCode":"eU9Ya726Yqhz827Qz3BGhA","shareDate":"IRs1bey0Z_k"},{"inviteCode":"eU9YOpHQMJR1ixaPqQx3","shareDate":"IRs1bey0Z_k"}]
Jun 15 00:10:07 去帮助好友eU9YDr73A7tOiRyrlQlx
Jun 15 00:10:07 "Response code 404 (Not Found)"
Jun 15 00:10:07 签到领现金 API请求失败，请检查网路重试
Jun 15 00:10:07 第1个京东账号将要助力的好友[{"inviteCode":"eU9YDr73A7tOiRyrlQlx","shareDate":"IRs1bey0Z_k"},{"inviteCode":"Jx4yZeu7Zvkm7G_RyXsU0ot2","shareDate":"IRs1bey0Z_k"},{"inviteCode":"f0ZmMuS1","shareDate":"IRs1bey0Z_k"},{"inviteCode":"eU9YLrf7Oop3hBeOjQFv","shareDate":"IRs1bey0Z_k"},{"inviteCode":"eU9Ya726Yqhz827Qz3BGhA","shareDate":"IRs1bey0Z_k"},{"inviteCode":"eU9YOpHQMJR1ixaPqQx3","shareDate":"IRs1bey0Z_k"}]
Jun 15 00:10:07 去帮助好友eU9YDr73A7tOiRyrlQlx
Jun 15 00:10:07 助力成功，获得0.01
Jun 15 00:10:07 今日已为Ta助力过啦~
Jun 15 00:10:08 去帮助好友Jx4yZeu7Zvkm7G_RyXsU0ot2
Jun 15 00:10:08 去帮助好友Jx4yZeu7Zvkm7G_RyXsU0ot2
Jun 15 00:10:08 你点击的太快啦
Jun 15 00:10:08 请稍后尝试~
Jun 15 00:10:08 助力成功，获得0.01
Jun 15 00:10:09 去帮助好友f0ZmMuS1
Jun 15 00:10:09 去帮助好友f0ZmMuS1
Jun 15 00:10:09 您无法为自己助力哦~
Jun 15 00:10:09 您无法为自己助力哦~
Jun 15 00:10:10 去帮助好友eU9YLrf7Oop3hBeOjQFv
Jun 15 00:10:10 去帮助好友eU9YLrf7Oop3hBeOjQFv
Jun 15 00:10:10 你点击的太快啦
Jun 15 00:10:10 请稍后尝试~
Jun 15 00:10:10 助力成功，获得0.01
Jun 15 00:10:11 去帮助好友eU9Ya726Yqhz827Qz3BGhA
Jun 15 00:10:11 去帮助好友eU9Ya726Yqhz827Qz3BGhA
Jun 15 00:10:11 啊哦~今日助力次数用完啦
Jun 15 00:10:11 啊哦~今日助力次数用完啦
Jun 15 00:10:11 
Jun 15 00:10:11 
Jun 15 00:10:11 当前现金：11.13元
Jun 15 00:10:11 
Jun 15 00:10:11 
Jun 15 00:10:11 当前现金：11.13元
Jun 15 00:10:11 
Jun 15 00:10:11 ******开始【京东账号2】jd_rkylFaEIkvBL*********
Jun 15 00:10:11 
Jun 15 00:10:11 
Jun 15 00:10:11 ******开始【京东账号2】jd_rkylFaEIkvBL*********
Jun 15 00:10:11 
Jun 15 00:10:11 
Jun 15 00:10:11 【京东账号2（jd_rkylFaEIkvBL）的签到领现金好友互助码】eU9YLrf7Oop3hBeOjQFv
Jun 15 00:10:11 
Jun 15 00:10:11 去做逛商品任务 1/1
Jun 15 00:10:11 
Jun 15 00:10:11 【京东账号2（jd_rkylFaEIkvBL）的签到领现金好友互助码】eU9YLrf7Oop3hBeOjQFv
Jun 15 00:10:11 
Jun 15 00:10:11 去做逛商品任务 1/1
Jun 15 00:10:11 任务完成成功
Jun 15 00:10:11 任务完成成功
Jun 15 00:10:16 由于您第2个京东账号未提供shareCode,将采纳本脚本自带的助力码
Jun 15 00:10:16 
Jun 15 00:10:16 开始
Jun 15 00:10:16 由于您第2个京东账号未提供shareCode,将采纳本脚本自带的助力码
Jun 15 00:10:16 
Jun 15 00:10:16 开始
Jun 15 00:10:16 "Response code 404 (Not Found)"
Jun 15 00:10:16 签到领现金 API请求失败，请检查网路重试
Jun 15 00:10:16 第2个京东账号将要助力的好友[{"inviteCode":"","shareDate":"IRs1bey0Z_k"}]
Jun 15 00:10:16 去帮助好友
Jun 15 00:10:16 "Response code 404 (Not Found)"
Jun 15 00:10:16 签到领现金 API请求失败，请检查网路重试
Jun 15 00:10:16 第2个京东账号将要助力的好友[{"inviteCode":"","shareDate":"IRs1bey0Z_k"}]
Jun 15 00:10:16 去帮助好友
Jun 15 00:10:16 你点击的太快啦
Jun 15 00:10:16 请稍后尝试~
Jun 15 00:10:16 你点击的太快啦
Jun 15 00:10:16 请稍后尝试~
Jun 15 00:10:17 领奖成功，恭喜您获得现金奖励【0.1】
Jun 15 00:10:17 
Jun 15 00:10:17 
Jun 15 00:10:17 当前现金：1.63元
Jun 15 00:10:17 
Jun 15 00:10:17 🔔签到领现金, 结束! 🕛 16.739 秒
Jun 15 00:10:17 
Jun 15 00:10:17 
Jun 15 00:10:17 
Jun 15 00:10:17 当前现金：1.63元
Jun 15 00:10:17 
Jun 15 00:10:17 
Jun 15 00:10:17 您未提供server酱的SCKEY，取消微信推送消息通知🚫
Jun 15 00:10:17 
Jun 15 00:10:17 您未提供push+推送所需的PUSH_PLUS_TOKEN，取消push+推送消息通知🚫
Jun 15 00:10:17 
Jun 15 00:10:17 您未提供Bark的APP推送BARK_PUSH，取消Bark推送消息通知🚫
Jun 15 00:10:17 
Jun 15 00:10:17 您未提供telegram机器人推送所需的TG_BOT_TOKEN和TG_USER_ID，取消telegram推送消息通知🚫
Jun 15 00:10:17 
Jun 15 00:10:17 您未提供企业微信机器人推送所需的QYWX_KEY，取消企业微信推送消息通知🚫
Jun 15 00:10:17 
Jun 15 00:10:17 您未提供企业微信应用消息推送所需的QYWX_AM，取消企业微信应用消息推送消息通知🚫
Jun 15 00:10:17 
Jun 15 00:10:17 您未提供iGot的推送IGOT_PUSH_KEY，取消iGot推送消息通知🚫
Jun 15 00:10:17 
Jun 15 00:10:17 钉钉发送通知消息成功🎉。
Jun 15 00:10:17 
Jun 15 00:10:17 
Jun 15 00:10:17 ==============📣系统通知📣==============
Jun 15 00:10:17 签到领现金
Jun 15 00:10:17 京东账号2jd_rkylFaEIkvBL
Jun 15 00:10:17 领奖成功，恭喜您获得现金奖励【0.1元】
Jun 15 00:10:17 当前现金：1.63元
Jun 15 00:10:17 
Jun 15 00:10:17 🔔签到领现金, 结束! 🕛 16.817 秒
Jun 15 00:10:17 
Jun 15 04:10:01 
Jun 15 04:10:01 🔔签到领现金, 开始!
Jun 15 04:10:01 您的cookie选择的是用&隔开
Jun 15 04:10:01 
Jun 15 04:10:01 
Jun 15 04:10:01 ====================共有2个京东账号Cookie=========
Jun 15 04:10:01 
Jun 15 04:10:01 ==================脚本执行- 北京时间(UTC+8)：6/15/2021, 4:10:01 AM=====================
Jun 15 04:10:01 
Jun 15 04:10:01 开始获取签到领现金配置文件
Jun 15 04:10:01 
Jun 15 04:10:01 共2个京东账号
Jun 15 04:10:01 
Jun 15 04:10:01 您提供了2个账号的签到领现金助力码
Jun 15 04:10:01 
Jun 15 04:10:01 
Jun 15 04:10:01 🔔签到领现金, 开始!
Jun 15 04:10:01 您的cookie选择的是用&隔开
Jun 15 04:10:01 
Jun 15 04:10:01 
Jun 15 04:10:01 ====================共有2个京东账号Cookie=========
Jun 15 04:10:01 
Jun 15 04:10:01 ==================脚本执行- 北京时间(UTC+8)：6/15/2021, 4:10:01 AM=====================
Jun 15 04:10:01 
Jun 15 04:10:01 开始获取签到领现金配置文件
Jun 15 04:10:01 
Jun 15 04:10:01 共2个京东账号
Jun 15 04:10:01 
Jun 15 04:10:01 您提供了2个账号的签到领现金助力码
Jun 15 04:10:01 
Jun 15 04:10:01 
Jun 15 04:10:01 ******开始【京东账号1】lman87*********
Jun 15 04:10:01 
Jun 15 04:10:01 
Jun 15 04:10:01 ******开始【京东账号1】lman87*********
Jun 15 04:10:01 
Jun 15 04:10:01 
Jun 15 04:10:01 【京东账号1（lman87）的签到领现金好友互助码】f0ZmMuS1
Jun 15 04:10:01 
Jun 15 04:10:01 去做逛商品任务 1/1
Jun 15 04:10:01 
Jun 15 04:10:01 【京东账号1（lman87）的签到领现金好友互助码】f0ZmMuS1
Jun 15 04:10:01 
Jun 15 04:10:01 去做逛商品任务 1/1
Jun 15 04:10:01 任务完成成功
Jun 15 04:10:01 任务完成成功
Jun 15 04:10:06 开始
Jun 15 04:10:06 开始
Jun 15 04:10:06 "Response code 404 (Not Found)"
Jun 15 04:10:06 签到领现金 API请求失败，请检查网路重试
Jun 15 04:10:06 第1个京东账号将要助力的好友[{"inviteCode":"f0ZmMuS1","shareDate":"IRs1bey0Z_k"},{"inviteCode":"eU9YLrf7Oop3hBeOjQFv","shareDate":"IRs1bey0Z_k"}]
Jun 15 04:10:06 去帮助好友f0ZmMuS1
Jun 15 04:10:06 "Response code 404 (Not Found)"
Jun 15 04:10:06 签到领现金 API请求失败，请检查网路重试
Jun 15 04:10:06 第1个京东账号将要助力的好友[{"inviteCode":"f0ZmMuS1","shareDate":"IRs1bey0Z_k"},{"inviteCode":"eU9YLrf7Oop3hBeOjQFv","shareDate":"IRs1bey0Z_k"}]
Jun 15 04:10:06 去帮助好友f0ZmMuS1
Jun 15 04:10:06 您无法为自己助力哦~
Jun 15 04:10:06 您无法为自己助力哦~
Jun 15 04:10:07 去帮助好友eU9YLrf7Oop3hBeOjQFv
Jun 15 04:10:07 去帮助好友eU9YLrf7Oop3hBeOjQFv
Jun 15 04:10:07 今日已为Ta助力过啦~
Jun 15 04:10:07 今日已为Ta助力过啦~
Jun 15 04:10:08 领奖成功，恭喜您获得现金奖励【0.1】
Jun 15 04:10:09 
Jun 15 04:10:09 
Jun 15 04:10:09 当前现金：11.23元
Jun 15 04:10:09 
Jun 15 04:10:09 
Jun 15 04:10:09 当前现金：11.23元
Jun 15 04:10:09 
Jun 15 04:10:09 ******开始【京东账号2】jd_rkylFaEIkvBL*********
Jun 15 04:10:09 
Jun 15 04:10:09 
Jun 15 04:10:09 ******开始【京东账号2】jd_rkylFaEIkvBL*********
Jun 15 04:10:09 
Jun 15 04:10:09 
Jun 15 04:10:09 【京东账号2（jd_rkylFaEIkvBL）的签到领现金好友互助码】eU9YLrf7Oop3hBeOjQFv
Jun 15 04:10:09 
Jun 15 04:10:09 去做逛商品任务 1/1
Jun 15 04:10:09 
Jun 15 04:10:09 【京东账号2（jd_rkylFaEIkvBL）的签到领现金好友互助码】eU9YLrf7Oop3hBeOjQFv
Jun 15 04:10:09 
Jun 15 04:10:09 去做逛商品任务 1/1
Jun 15 04:10:09 任务完成成功
Jun 15 04:10:09 任务完成成功
Jun 15 04:10:14 开始
Jun 15 04:10:14 开始
Jun 15 04:10:14 "Response code 404 (Not Found)"
Jun 15 04:10:14 签到领现金 API请求失败，请检查网路重试
Jun 15 04:10:14 第2个京东账号将要助力的好友[{"inviteCode":"f0ZmMuS1","shareDate":"IRs1bey0Z_k"},{"inviteCode":"eU9YLrf7Oop3hBeOjQFv","shareDate":"IRs1bey0Z_k"}]
Jun 15 04:10:14 去帮助好友f0ZmMuS1
Jun 15 04:10:14 "Response code 404 (Not Found)"
Jun 15 04:10:14 签到领现金 API请求失败，请检查网路重试
Jun 15 04:10:14 第2个京东账号将要助力的好友[{"inviteCode":"f0ZmMuS1","shareDate":"IRs1bey0Z_k"},{"inviteCode":"eU9YLrf7Oop3hBeOjQFv","shareDate":"IRs1bey0Z_k"}]
Jun 15 04:10:14 去帮助好友f0ZmMuS1
Jun 15 04:10:14 你点击的太快啦
Jun 15 04:10:14 请稍后尝试~
Jun 15 04:10:14 助力成功，获得0.01
Jun 15 04:10:15 去帮助好友eU9YLrf7Oop3hBeOjQFv
Jun 15 04:10:15 去帮助好友eU9YLrf7Oop3hBeOjQFv
Jun 15 04:10:15 您无法为自己助力哦~
Jun 15 04:10:15 您无法为自己助力哦~
Jun 15 04:10:16 
Jun 15 04:10:16 
Jun 15 04:10:16 当前现金：1.64元
Jun 15 04:10:16 
Jun 15 04:10:16 
Jun 15 04:10:16 您未提供server酱的SCKEY，取消微信推送消息通知🚫
Jun 15 04:10:16 
Jun 15 04:10:16 您未提供push+推送所需的PUSH_PLUS_TOKEN，取消push+推送消息通知🚫
Jun 15 04:10:16 
Jun 15 04:10:16 您未提供Bark的APP推送BARK_PUSH，取消Bark推送消息通知🚫
Jun 15 04:10:16 
Jun 15 04:10:16 
Jun 15 04:10:16Jun 15 04:10:16 您未提供telegram机器人推送所需的TG_BOT_TOKEN和TG_USER_ID，取消telegram推送消息通知🚫
 
Jun 15 04:10:16Jun 15 04:10:16 
 当前现金：1.64元
Jun 15 04:10:16 
Jun 15 04:10:16 🔔签到领现金, 结束! 🕛 15.06 秒
Jun 15 04:10:16 
Jun 15 04:10:16 您未提供企业微信机器人推送所需的QYWX_KEY，取消企业微信推送消息通知🚫
Jun 15 04:10:16 
Jun 15 04:10:16 您未提供企业微信应用消息推送所需的QYWX_AM，取消企业微信应用消息推送消息通知🚫
Jun 15 04:10:16 
Jun 15 04:10:16 您未提供iGot的推送IGOT_PUSH_KEY，取消iGot推送消息通知🚫
Jun 15 04:10:16 
Jun 15 04:10:16 钉钉发送通知消息成功🎉。
Jun 15 04:10:16 
Jun 15 04:10:16 
Jun 15 04:10:16 ==============📣系统通知📣==============
Jun 15 04:10:16 签到领现金
Jun 15 04:10:16 京东账号1lman87
Jun 15 04:10:16 领奖成功，恭喜您获得现金奖励【0.1元】
Jun 15 04:10:16 当前现金：11.23元
Jun 15 04:10:16 
Jun 15 04:10:16 
Jun 15 04:10:16 
Jun 15 04:10:16 🔔签到领现金, 结束! 🕛 15.126 秒
Jun 15 04:10:16 
Jun 15 08:10:00 
Jun 15 08:10:00 🔔签到领现金, 开始!
Jun 15 08:10:00 您的cookie选择的是用&隔开
Jun 15 08:10:00 
Jun 15 08:10:00 
Jun 15 08:10:00 ====================共有2个京东账号Cookie=========
Jun 15 08:10:00 
Jun 15 08:10:00 ==================脚本执行- 北京时间(UTC+8)：6/15/2021, 8:10:00 AM=====================
Jun 15 08:10:00 
Jun 15 08:10:00 开始获取签到领现金配置文件
Jun 15 08:10:00 
Jun 15 08:10:00 共2个京东账号
Jun 15 08:10:00 
Jun 15 08:10:00 您提供了1个账号的签到领现金助力码
Jun 15 08:10:00 
Jun 15 08:10:00 
Jun 15 08:10:00 🔔签到领现金, 开始!
Jun 15 08:10:00 您的cookie选择的是用&隔开
Jun 15 08:10:00 
Jun 15 08:10:00 
Jun 15 08:10:00 ====================共有2个京东账号Cookie=========
Jun 15 08:10:00 
Jun 15 08:10:00 ==================脚本执行- 北京时间(UTC+8)：6/15/2021, 8:10:00 AM=====================
Jun 15 08:10:00 
Jun 15 08:10:00 开始获取签到领现金配置文件
Jun 15 08:10:00 
Jun 15 08:10:00 共2个京东账号
Jun 15 08:10:00 
Jun 15 08:10:00 您提供了1个账号的签到领现金助力码
Jun 15 08:10:00 
Jun 15 08:10:01 
Jun 15 08:10:01 ******开始【京东账号1】lman87*********
Jun 15 08:10:01 
Jun 15 08:10:01 
Jun 15 08:10:01 ******开始【京东账号1】lman87*********
Jun 15 08:10:01 
Jun 15 08:10:01 
Jun 15 08:10:01 【京东账号1（lman87）的签到领现金好友互助码】f0ZmMuS1
Jun 15 08:10:01 
Jun 15 08:10:01 去做逛商品任务 1/1
Jun 15 08:10:01 任务完成成功
Jun 15 08:10:01 
Jun 15 08:10:01 【京东账号1（lman87）的签到领现金好友互助码】f0ZmMuS1
Jun 15 08:10:01 
Jun 15 08:10:01 去做逛商品任务 1/1
Jun 15 08:10:01 任务完成成功
Jun 15 08:10:06 开始
Jun 15 08:10:06 "Response code 404 (Not Found)"
Jun 15 08:10:06 签到领现金 API请求失败，请检查网路重试
Jun 15 08:10:06 第1个京东账号将要助力的好友[{"inviteCode":"eU9YDr73A7tOiRyrlQlx","shareDate":"IRs1bey0Z_k"},{"inviteCode":"Jx4yZeu7Zvkm7G_RyXsU0ot2","shareDate":"IRs1bey0Z_k"},{"inviteCode":"f0ZmMuS1","shareDate":"IRs1bey0Z_k"},{"inviteCode":"eU9YLrf7Oop3hBeOjQFv","shareDate":"IRs1bey0Z_k"},{"inviteCode":"eU9Ya726Yqhz827Qz3BGhA","shareDate":"IRs1bey0Z_k"},{"inviteCode":"eU9YOpHQMJR1ixaPqQx3","shareDate":"IRs1bey0Z_k"}]
Jun 15 08:10:06 去帮助好友eU9YDr73A7tOiRyrlQlx
Jun 15 08:10:06 开始
Jun 15 08:10:06 "Response code 404 (Not Found)"
Jun 15 08:10:06 签到领现金 API请求失败，请检查网路重试
Jun 15 08:10:06 第1个京东账号将要助力的好友[{"inviteCode":"eU9YDr73A7tOiRyrlQlx","shareDate":"IRs1bey0Z_k"},{"inviteCode":"Jx4yZeu7Zvkm7G_RyXsU0ot2","shareDate":"IRs1bey0Z_k"},{"inviteCode":"f0ZmMuS1","shareDate":"IRs1bey0Z_k"},{"inviteCode":"eU9YLrf7Oop3hBeOjQFv","shareDate":"IRs1bey0Z_k"},{"inviteCode":"eU9Ya726Yqhz827Qz3BGhA","shareDate":"IRs1bey0Z_k"},{"inviteCode":"eU9YOpHQMJR1ixaPqQx3","shareDate":"IRs1bey0Z_k"}]
Jun 15 08:10:06 去帮助好友eU9YDr73A7tOiRyrlQlx
Jun 15 08:10:06 今日已为Ta助力过啦~
Jun 15 08:10:06 今日已为Ta助力过啦~
Jun 15 08:10:07 去帮助好友Jx4yZeu7Zvkm7G_RyXsU0ot2
Jun 15 08:10:07 去帮助好友Jx4yZeu7Zvkm7G_RyXsU0ot2
Jun 15 08:10:07 今日已为Ta助力过啦~
Jun 15 08:10:07 今日已为Ta助力过啦~
Jun 15 08:10:08 去帮助好友f0ZmMuS1
Jun 15 08:10:08 去帮助好友f0ZmMuS1
Jun 15 08:10:08 您无法为自己助力哦~
Jun 15 08:10:08 您无法为自己助力哦~
Jun 15 08:10:09 去帮助好友eU9YLrf7Oop3hBeOjQFv
Jun 15 08:10:09 去帮助好友eU9YLrf7Oop3hBeOjQFv
Jun 15 08:10:09 今日已为Ta助力过啦~
Jun 15 08:10:09 今日已为Ta助力过啦~
Jun 15 08:10:10 去帮助好友eU9Ya726Yqhz827Qz3BGhA
Jun 15 08:10:10 去帮助好友eU9Ya726Yqhz827Qz3BGhA
Jun 15 08:10:10 啊哦~今日助力次数用完啦
Jun 15 08:10:10 啊哦~今日助力次数用完啦
Jun 15 08:10:10 
Jun 15 08:10:10 
Jun 15 08:10:10 当前现金：11.23元
Jun 15 08:10:10 
Jun 15 08:10:10 ******开始【京东账号2】jd_rkylFaEIkvBL*********
Jun 15 08:10:10 
Jun 15 08:10:10 
Jun 15 08:10:10 
Jun 15 08:10:10 当前现金：11.23元
Jun 15 08:10:10 
Jun 15 08:10:10 【京东账号2（jd_rkylFaEIkvBL）的签到领现金好友互助码】eU9YLrf7Oop3hBeOjQFv
Jun 15 08:10:10 
Jun 15 08:10:10 去做逛商品任务 1/1
Jun 15 08:10:10 
Jun 15 08:10:10 ******开始【京东账号2】jd_rkylFaEIkvBL*********
Jun 15 08:10:10 
Jun 15 08:10:10 任务完成成功
Jun 15 08:10:10 
Jun 15 08:10:10 【京东账号2（jd_rkylFaEIkvBL）的签到领现金好友互助码】eU9YLrf7Oop3hBeOjQFv
Jun 15 08:10:10 
Jun 15 08:10:10 去做逛商品任务 1/1
Jun 15 08:10:10 任务完成成功
Jun 15 08:10:15 由于您第2个京东账号未提供shareCode,将采纳本脚本自带的助力码
Jun 15 08:10:15 
Jun 15 08:10:15 开始
Jun 15 08:10:15 "Response code 404 (Not Found)"
Jun 15 08:10:15 签到领现金 API请求失败，请检查网路重试
Jun 15 08:10:15 第2个京东账号将要助力的好友[{"inviteCode":"","shareDate":"IRs1bey0Z_k"}]
Jun 15 08:10:15 去帮助好友
Jun 15 08:10:15 由于您第2个京东账号未提供shareCode,将采纳本脚本自带的助力码
Jun 15 08:10:15 
Jun 15 08:10:15 开始
Jun 15 08:10:15 你点击的太快啦
Jun 15 08:10:15 请稍后尝试~
Jun 15 08:10:15 "Response code 404 (Not Found)"
Jun 15 08:10:15 签到领现金 API请求失败，请检查网路重试
Jun 15 08:10:15 第2个京东账号将要助力的好友[{"inviteCode":"","shareDate":"IRs1bey0Z_k"}]
Jun 15 08:10:15 去帮助好友
Jun 15 08:10:15 你点击的太快啦
Jun 15 08:10:15 请稍后尝试~
Jun 15 08:10:16 
Jun 15 08:10:16 
Jun 15 08:10:16 当前现金：1.64元
Jun 15 08:10:16 
Jun 15 08:10:16 🔔签到领现金, 结束! 🕛 16.214 秒
Jun 15 08:10:16 
Jun 15 08:10:16 
Jun 15 08:10:16 
Jun 15 08:10:16 当前现金：1.64元
Jun 15 08:10:16 
Jun 15 08:10:16 🔔签到领现金, 结束! 🕛 16.229 秒
Jun 15 08:10:16 
Jun 15 12:10:01 
Jun 15 12:10:01 🔔签到领现金, 开始!
Jun 15 12:10:01 您的cookie选择的是用&隔开
Jun 15 12:10:01 
Jun 15 12:10:01 
Jun 15 12:10:01 ====================共有2个京东账号Cookie=========
Jun 15 12:10:01 
Jun 15 12:10:01 ==================脚本执行- 北京时间(UTC+8)：6/15/2021, 12:10:01 PM=====================
Jun 15 12:10:01 
Jun 15 12:10:01 开始获取签到领现金配置文件
Jun 15 12:10:01 
Jun 15 12:10:01 共2个京东账号
Jun 15 12:10:01 
Jun 15 12:10:01 您提供了2个账号的签到领现金助力码
Jun 15 12:10:01 
Jun 15 12:10:01 
Jun 15 12:10:01 🔔签到领现金, 开始!
Jun 15 12:10:01 您的cookie选择的是用&隔开
Jun 15 12:10:01 
Jun 15 12:10:01 
Jun 15 12:10:01 ====================共有2个京东账号Cookie=========
Jun 15 12:10:01 
Jun 15 12:10:01 ==================脚本执行- 北京时间(UTC+8)：6/15/2021, 12:10:01 PM=====================
Jun 15 12:10:01 
Jun 15 12:10:01 开始获取签到领现金配置文件
Jun 15 12:10:01 
Jun 15 12:10:01 共2个京东账号
Jun 15 12:10:01 
Jun 15 12:10:01 您提供了2个账号的签到领现金助力码
Jun 15 12:10:01 
Jun 15 12:10:01 
Jun 15 12:10:01 ******开始【京东账号1】lman87*********
Jun 15 12:10:01 
Jun 15 12:10:01 
Jun 15 12:10:01 ******开始【京东账号1】lman87*********
Jun 15 12:10:01 
Jun 15 12:10:01 
Jun 15 12:10:01 【京东账号1（lman87）的签到领现金好友互助码】f0ZmMuS1
Jun 15 12:10:01 
Jun 15 12:10:01 去做逛商品任务 1/1
Jun 15 12:10:01 
Jun 15 12:10:01 【京东账号1（lman87）的签到领现金好友互助码】f0ZmMuS1
Jun 15 12:10:01 
Jun 15 12:10:01 去做逛商品任务 1/1
Jun 15 12:10:01 任务完成成功
Jun 15 12:10:01 任务完成成功
Jun 15 12:10:06 开始
Jun 15 12:10:06 开始
Jun 15 12:10:07 "Response code 404 (Not Found)"
Jun 15 12:10:07 签到领现金 API请求失败，请检查网路重试
Jun 15 12:10:07 第1个京东账号将要助力的好友[{"inviteCode":"f0ZmMuS1","shareDate":"IRs1bey0Z_k"},{"inviteCode":"eU9YLrf7Oop3hBeOjQFv","shareDate":"IRs1bey0Z_k"}]
Jun 15 12:10:07 去帮助好友f0ZmMuS1
Jun 15 12:10:07 "Response code 404 (Not Found)"
Jun 15 12:10:07 签到领现金 API请求失败，请检查网路重试
Jun 15 12:10:07 第1个京东账号将要助力的好友[{"inviteCode":"f0ZmMuS1","shareDate":"IRs1bey0Z_k"},{"inviteCode":"eU9YLrf7Oop3hBeOjQFv","shareDate":"IRs1bey0Z_k"}]
Jun 15 12:10:07 去帮助好友f0ZmMuS1
Jun 15 12:10:07 您无法为自己助力哦~
Jun 15 12:10:07 您无法为自己助力哦~
Jun 15 12:10:08 去帮助好友eU9YLrf7Oop3hBeOjQFv
Jun 15 12:10:08 去帮助好友eU9YLrf7Oop3hBeOjQFv
Jun 15 12:10:08 今日已为Ta助力过啦~
Jun 15 12:10:08 今日已为Ta助力过啦~
Jun 15 12:10:09 
Jun 15 12:10:09 
Jun 15 12:10:09 当前现金：11.23元
Jun 15 12:10:09 
Jun 15 12:10:09 
Jun 15 12:10:09 当前现金：11.23元
Jun 15 12:10:09 
Jun 15 12:10:09 ******开始【京东账号2】jd_rkylFaEIkvBL*********
Jun 15 12:10:09 
Jun 15 12:10:09 
Jun 15 12:10:09 ******开始【京东账号2】jd_rkylFaEIkvBL*********
Jun 15 12:10:09 
Jun 15 12:10:09 
Jun 15 12:10:09 【京东账号2（jd_rkylFaEIkvBL）的签到领现金好友互助码】eU9YLrf7Oop3hBeOjQFv
Jun 15 12:10:09 
Jun 15 12:10:09 去做逛商品任务 1/1
Jun 15 12:10:09 
Jun 15 12:10:09 【京东账号2（jd_rkylFaEIkvBL）的签到领现金好友互助码】eU9YLrf7Oop3hBeOjQFv
Jun 15 12:10:09 
Jun 15 12:10:09 去做逛商品任务 1/1
Jun 15 12:10:09 任务完成成功
Jun 15 12:10:09 任务完成成功
Jun 15 12:10:14 开始
Jun 15 12:10:14 开始
Jun 15 12:10:14 "Response code 404 (Not Found)"
Jun 15 12:10:14 签到领现金 API请求失败，请检查网路重试
Jun 15 12:10:14 第2个京东账号将要助力的好友[{"inviteCode":"f0ZmMuS1","shareDate":"IRs1bey0Z_k"},{"inviteCode":"eU9YLrf7Oop3hBeOjQFv","shareDate":"IRs1bey0Z_k"}]
Jun 15 12:10:14 去帮助好友f0ZmMuS1
Jun 15 12:10:14 "Response code 404 (Not Found)"
Jun 15 12:10:14 签到领现金 API请求失败，请检查网路重试
Jun 15 12:10:14 第2个京东账号将要助力的好友[{"inviteCode":"f0ZmMuS1","shareDate":"IRs1bey0Z_k"},{"inviteCode":"eU9YLrf7Oop3hBeOjQFv","shareDate":"IRs1bey0Z_k"}]
Jun 15 12:10:14 去帮助好友f0ZmMuS1
Jun 15 12:10:14 今日已为Ta助力过啦~
Jun 15 12:10:14 今日已为Ta助力过啦~
Jun 15 12:10:15 去帮助好友eU9YLrf7Oop3hBeOjQFv
Jun 15 12:10:15 去帮助好友eU9YLrf7Oop3hBeOjQFv
Jun 15 12:10:15 您无法为自己助力哦~
Jun 15 12:10:15 您无法为自己助力哦~
Jun 15 12:10:16 
Jun 15 12:10:16 
Jun 15 12:10:16 当前现金：1.64元
Jun 15 12:10:16 
Jun 15 12:10:16 🔔签到领现金, 结束! 🕛 15.534 秒
Jun 15 12:10:16 
Jun 15 12:10:16 
Jun 15 12:10:16 
Jun 15 12:10:16 当前现金：1.64元
Jun 15 12:10:16 
Jun 15 12:10:16 🔔签到领现金, 结束! 🕛 15.516 秒
Jun 15 12:10:16 
Jun 15 16:10:01 
Jun 15 16:10:01 🔔签到领现金, 开始!
Jun 15 16:10:01 您的cookie选择的是用&隔开
Jun 15 16:10:01 
Jun 15 16:10:01 
Jun 15 16:10:01 ====================共有2个京东账号Cookie=========
Jun 15 16:10:01 
Jun 15 16:10:01 ==================脚本执行- 北京时间(UTC+8)：6/15/2021, 4:10:01 PM=====================
Jun 15 16:10:01 
Jun 15 16:10:01 开始获取签到领现金配置文件
Jun 15 16:10:01 
Jun 15 16:10:01 共2个京东账号
Jun 15 16:10:01 
Jun 15 16:10:01 您提供了2个账号的签到领现金助力码
Jun 15 16:10:01 
Jun 15 16:10:01 
Jun 15 16:10:01 🔔签到领现金, 开始!
Jun 15 16:10:01 您的cookie选择的是用&隔开
Jun 15 16:10:01 
Jun 15 16:10:01 
Jun 15 16:10:01 ====================共有2个京东账号Cookie=========
Jun 15 16:10:01 
Jun 15 16:10:01 ==================脚本执行- 北京时间(UTC+8)：6/15/2021, 4:10:01 PM=====================
Jun 15 16:10:01 
Jun 15 16:10:01 开始获取签到领现金配置文件
Jun 15 16:10:01 
Jun 15 16:10:01 共2个京东账号
Jun 15 16:10:01 
Jun 15 16:10:01 您提供了2个账号的签到领现金助力码
Jun 15 16:10:01 
Jun 15 16:10:02 
Jun 15 16:10:02 ******开始【京东账号1】lman87*********
Jun 15 16:10:02 
Jun 15 16:10:02 
Jun 15 16:10:02 ******开始【京东账号1】lman87*********
Jun 15 16:10:02 
Jun 15 16:10:02 
Jun 15 16:10:02 【京东账号1（lman87）的签到领现金好友互助码】f0ZmMuS1
Jun 15 16:10:02 
Jun 15 16:10:02 去做逛商品任务 1/1
Jun 15 16:10:02 任务完成成功
Jun 15 16:10:02 
Jun 15 16:10:02 【京东账号1（lman87）的签到领现金好友互助码】f0ZmMuS1
Jun 15 16:10:02 
Jun 15 16:10:02 去做逛商品任务 1/1
Jun 15 16:10:02 任务完成成功
Jun 15 16:10:07 开始
Jun 15 16:10:07 开始
Jun 15 16:10:08 "Response code 404 (Not Found)"
Jun 15 16:10:08 签到领现金 API请求失败，请检查网路重试
Jun 15 16:10:08 第1个京东账号将要助力的好友[{"inviteCode":"f0ZmMuS1","shareDate":"IRs1bey0Z_k"},{"inviteCode":"eU9YLrf7Oop3hBeOjQFv","shareDate":"IRs1bey0Z_k"}]
Jun 15 16:10:08 去帮助好友f0ZmMuS1
Jun 15 16:10:08 "Response code 404 (Not Found)"
Jun 15 16:10:08 签到领现金 API请求失败，请检查网路重试
Jun 15 16:10:08 第1个京东账号将要助力的好友[{"inviteCode":"f0ZmMuS1","shareDate":"IRs1bey0Z_k"},{"inviteCode":"eU9YLrf7Oop3hBeOjQFv","shareDate":"IRs1bey0Z_k"}]
Jun 15 16:10:08 去帮助好友f0ZmMuS1
Jun 15 16:10:08 您无法为自己助力哦~
Jun 15 16:10:08 您无法为自己助力哦~
Jun 15 16:10:09 去帮助好友eU9YLrf7Oop3hBeOjQFv
Jun 15 16:10:09 去帮助好友eU9YLrf7Oop3hBeOjQFv
Jun 15 16:10:09 今日已为Ta助力过啦~
Jun 15 16:10:09 今日已为Ta助力过啦~
Jun 15 16:10:10 
Jun 15 16:10:10 
Jun 15 16:10:10 当前现金：11.23元
Jun 15 16:10:10 
Jun 15 16:10:10 
Jun 15 16:10:10 当前现金：11.23元
Jun 15 16:10:10 
Jun 15 16:10:10 ******开始【京东账号2】jd_rkylFaEIkvBL*********
Jun 15 16:10:10 
Jun 15 16:10:10 
Jun 15 16:10:10 ******开始【京东账号2】jd_rkylFaEIkvBL*********
Jun 15 16:10:10 
Jun 15 16:10:10 
Jun 15 16:10:10 【京东账号2（jd_rkylFaEIkvBL）的签到领现金好友互助码】eU9YLrf7Oop3hBeOjQFv
Jun 15 16:10:10 
Jun 15 16:10:10 去做逛商品任务 1/1
Jun 15 16:10:10 
Jun 15 16:10:10 【京东账号2（jd_rkylFaEIkvBL）的签到领现金好友互助码】eU9YLrf7Oop3hBeOjQFv
Jun 15 16:10:10 
Jun 15 16:10:10 去做逛商品任务 1/1
Jun 15 16:10:10 任务完成成功
Jun 15 16:10:10 任务完成成功
Jun 15 16:10:15 开始
Jun 15 16:10:15 开始
Jun 15 16:10:15 "Response code 404 (Not Found)"
Jun 15 16:10:15 签到领现金 API请求失败，请检查网路重试
Jun 15 16:10:15 第2个京东账号将要助力的好友[{"inviteCode":"f0ZmMuS1","shareDate":"IRs1bey0Z_k"},{"inviteCode":"eU9YLrf7Oop3hBeOjQFv","shareDate":"IRs1bey0Z_k"}]
Jun 15 16:10:15 去帮助好友f0ZmMuS1
Jun 15 16:10:15 "Response code 404 (Not Found)"
Jun 15 16:10:15 签到领现金 API请求失败，请检查网路重试
Jun 15 16:10:15 第2个京东账号将要助力的好友[{"inviteCode":"f0ZmMuS1","shareDate":"IRs1bey0Z_k"},{"inviteCode":"eU9YLrf7Oop3hBeOjQFv","shareDate":"IRs1bey0Z_k"}]
Jun 15 16:10:15 去帮助好友f0ZmMuS1
Jun 15 16:10:15 你点击的太快啦
Jun 15 16:10:15 请稍后尝试~
Jun 15 16:10:15 今日已为Ta助力过啦~
Jun 15 16:10:16 去帮助好友eU9YLrf7Oop3hBeOjQFv
Jun 15 16:10:16 去帮助好友eU9YLrf7Oop3hBeOjQFv
Jun 15 16:10:16 你点击的太快啦
Jun 15 16:10:16 请稍后尝试~
Jun 15 16:10:16 您无法为自己助力哦~
Jun 15 16:10:17 
Jun 15 16:10:17 
Jun 15 16:10:17 当前现金：1.64元
Jun 15 16:10:17 
Jun 15 16:10:17 🔔签到领现金, 结束! 🕛 16.615 秒
Jun 15 16:10:17 
Jun 15 16:10:17 
Jun 15 16:10:17 
Jun 15 16:10:17 当前现金：1.64元
Jun 15 16:10:17 
Jun 15 16:10:17 🔔签到领现金, 结束! 🕛 16.485 秒
Jun 15 16:10:17 
