Jun 14 20:30:00 
Jun 14 20:30:00 🔔柠檬大牌闪购红包雨, 开始!
Jun 14 20:30:00 
Jun 14 20:30:00 🔔柠檬大牌闪购红包雨, 开始!
Jun 14 20:30:00Jun 14 20:30:00 您的cookie选择的是用&隔开
 您的cookie选择的是用&隔开
Jun 14 20:30:00 
Jun 14 20:30:00 
Jun 14 20:30:00 
Jun 14 20:30:00 
Jun 14 20:30:00 ====================共有2个京东账号Cookie=========
Jun 14 20:30:00 ====================共有2个京东账号Cookie=========
Jun 14 20:30:00 
Jun 14 20:30:00 
Jun 14 20:30:00 ==================脚本执行- 北京时间(UTC+8)：6/14/2021, 8:30:00 PM=====================
Jun 14 20:30:00 
Jun 14 20:30:00 ==================脚本执行- 北京时间(UTC+8)：6/14/2021, 8:30:00 PM=====================
Jun 14 20:30:00 
Jun 14 20:30:00 
Jun 14 20:30:00 ******开始【京东账号1】lman87*********
Jun 14 20:30:00 
Jun 14 20:30:00 
Jun 14 20:30:00 ******开始【京东账号1】lman87*********
Jun 14 20:30:00 
Jun 14 20:30:00 /**/jsonp({"msg":"活动太火爆，请稍后再试~","code":"0","subCode":"1"});
Jun 14 20:30:00 /**/jsonp({"msg":"活动太火爆，请稍后再试~","code":"0","subCode":"1"});
Jun 14 20:30:00 
Jun 14 20:30:00 ******开始【京东账号2】jd_rkylFaEIkvBL*********
Jun 14 20:30:00 
Jun 14 20:30:00 /**/jsonp({"msg":"活动太火爆，请稍后再试~","code":"0","subCode":"1"});
Jun 14 20:30:00 /**/jsonp({"msg":"活动太火爆，请稍后再试~","code":"0","subCode":"1"});
Jun 14 20:30:00 
Jun 14 20:30:00 🔔柠檬大牌闪购红包雨, 结束! 🕛 0.214 秒
Jun 14 20:30:00 
Jun 14 20:30:00 /**/jsonp({"msg":"活动太火爆，请稍后再试~","code":"0","subCode":"1"});
Jun 14 20:30:00 /**/jsonp({"msg":"活动太火爆，请稍后再试~","code":"0","subCode":"1"});
Jun 14 20:30:00 
Jun 14 20:30:00 ******开始【京东账号2】jd_rkylFaEIkvBL*********
Jun 14 20:30:00 
Jun 14 20:30:00 /**/jsonp({"msg":"活动太火爆，请稍后再试~","code":"0","subCode":"1"});
Jun 14 20:30:00 /**/jsonp({"msg":"活动太火爆，请稍后再试~","code":"0","subCode":"1"});
Jun 14 20:30:00 
Jun 14 20:30:00 🔔柠檬大牌闪购红包雨, 结束! 🕛 0.256 秒
Jun 14 20:30:00 
