Jun 14 16:00:00 
Jun 14 16:00:00 🔔天天优惠大乐透, 开始!
Jun 14 16:00:00 您的cookie选择的是用&隔开
Jun 14 16:00:00 
Jun 14 16:00:00 
Jun 14 16:00:00 ====================共有2个京东账号Cookie=========
Jun 14 16:00:00 
Jun 14 16:00:00 
Jun 14 16:00:00 🔔天天优惠大乐透, 开始!
Jun 14 16:00:00 您的cookie选择的是用&隔开
Jun 14 16:00:00 
Jun 14 16:00:00 
Jun 14 16:00:00 ====================共有2个京东账号Cookie=========
Jun 14 16:00:00 
Jun 14 16:00:00 ==================脚本执行- 北京时间(UTC+8)：6/14/2021, 4:00:00 PM=====================
Jun 14 16:00:00 
Jun 14 16:00:00 ==================脚本执行- 北京时间(UTC+8)：6/14/2021, 4:00:00 PM=====================
Jun 14 16:00:00 
Jun 14 16:00:01 
Jun 14 16:00:01 ******开始【京东账号1】lman87*********
Jun 14 16:00:01 
Jun 14 16:00:01 
Jun 14 16:00:01 ******开始【京东账号1】lman87*********
Jun 14 16:00:01 
Jun 14 16:00:01 剩余抽奖次数: 0次
Jun 14 16:00:01 
Jun 14 16:00:01 本次运行共获得0无门槛红包
Jun 14 16:00:01 
Jun 14 16:00:01 红包余额：14.98
Jun 14 16:00:01 即将过期红包：0.80
Jun 14 16:00:01 
Jun 14 16:00:01 ******开始【京东账号2】jd_rkylFaEIkvBL*********
Jun 14 16:00:01 
Jun 14 16:00:02 剩余抽奖次数: 0次
Jun 14 16:00:02 
Jun 14 16:00:02 本次运行共获得0无门槛红包
Jun 14 16:00:02 
Jun 14 16:00:02 剩余抽奖次数: 0次
Jun 14 16:00:02 
Jun 14 16:00:02 本次运行共获得0无门槛红包
Jun 14 16:00:02 
Jun 14 16:00:02 红包余额：14.98
Jun 14 16:00:02 即将过期红包：0.80
Jun 14 16:00:02 红包余额：10.05
Jun 14 16:00:02 即将过期红包：1.43
Jun 14 16:00:02 
Jun 14 16:00:02 
Jun 14 16:00:02 您未提供server酱的SCKEY，取消微信推送消息通知🚫
Jun 14 16:00:02 
Jun 14 16:00:02 您未提供push+推送所需的PUSH_PLUS_TOKEN，取消push+推送消息通知🚫
Jun 14 16:00:02 
Jun 14 16:00:02 您未提供Bark的APP推送BARK_PUSH，取消Bark推送消息通知🚫
Jun 14 16:00:02 
Jun 14 16:00:02 您未提供telegram机器人推送所需的TG_BOT_TOKEN和TG_USER_ID，取消telegram推送消息通知🚫
Jun 14 16:00:02 
Jun 14 16:00:02 您未提供企业微信机器人推送所需的QYWX_KEY，取消企业微信推送消息通知🚫
Jun 14 16:00:02 
Jun 14 16:00:02 您未提供企业微信应用消息推送所需的QYWX_AM，取消企业微信应用消息推送消息通知🚫
Jun 14 16:00:02 
Jun 14 16:00:02 您未提供iGot的推送IGOT_PUSH_KEY，取消iGot推送消息通知🚫
Jun 14 16:00:02 
Jun 14 16:00:02 
Jun 14 16:00:02 ******开始【京东账号2】jd_rkylFaEIkvBL*********
Jun 14 16:00:02 
Jun 14 16:00:02 钉钉发送通知消息成功🎉。
Jun 14 16:00:02 
Jun 14 16:00:02 
Jun 14 16:00:02 🔔天天优惠大乐透, 结束! 🕛 1.574 秒
Jun 14 16:00:02 
Jun 14 16:00:02 剩余抽奖次数: 0次
Jun 14 16:00:02 
Jun 14 16:00:02 本次运行共获得0无门槛红包
Jun 14 16:00:02 
Jun 14 16:00:02 红包余额：10.05
Jun 14 16:00:02 即将过期红包：1.43
Jun 14 16:00:02 
Jun 14 16:00:02 
Jun 14 16:00:02 您未提供server酱的SCKEY，取消微信推送消息通知🚫
Jun 14 16:00:02 
Jun 14 16:00:02 您未提供push+推送所需的PUSH_PLUS_TOKEN，取消push+推送消息通知🚫
Jun 14 16:00:02 
Jun 14 16:00:02 您未提供Bark的APP推送BARK_PUSH，取消Bark推送消息通知🚫
Jun 14 16:00:02 
Jun 14 16:00:02 您未提供telegram机器人推送所需的TG_BOT_TOKEN和TG_USER_ID，取消telegram推送消息通知🚫
Jun 14 16:00:02 
Jun 14 16:00:02 您未提供企业微信机器人推送所需的QYWX_KEY，取消企业微信推送消息通知🚫
Jun 14 16:00:02 
Jun 14 16:00:02 您未提供企业微信应用消息推送所需的QYWX_AM，取消企业微信应用消息推送消息通知🚫
Jun 14 16:00:02 
Jun 14 16:00:02 您未提供iGot的推送IGOT_PUSH_KEY，取消iGot推送消息通知🚫
Jun 14 16:00:02 
Jun 14 16:00:02 钉钉发送通知消息成功🎉。
Jun 14 16:00:02 
Jun 14 16:00:02 
Jun 14 16:00:02 🔔天天优惠大乐透, 结束! 🕛 1.798 秒
Jun 14 16:00:02 
Jun 15 16:00:01 
Jun 15 16:00:01 🔔天天优惠大乐透, 开始!
Jun 15 16:00:01 您的cookie选择的是用&隔开
Jun 15 16:00:01 
Jun 15 16:00:01 
Jun 15 16:00:01 🔔天天优惠大乐透, 开始!
Jun 15 16:00:01 
Jun 15 16:00:01 ====================共有2个京东账号Cookie=========
Jun 15 16:00:01 
Jun 15 16:00:01 您的cookie选择的是用&隔开
Jun 15 16:00:01 
Jun 15 16:00:01 
Jun 15 16:00:01 ====================共有2个京东账号Cookie=========
Jun 15 16:00:01 
Jun 15 16:00:01 ==================脚本执行- 北京时间(UTC+8)：6/15/2021, 4:00:01 PM=====================
Jun 15 16:00:01 
Jun 15 16:00:01 ==================脚本执行- 北京时间(UTC+8)：6/15/2021, 4:00:01 PM=====================
Jun 15 16:00:01 
Jun 15 16:00:01 
Jun 15 16:00:01 ******开始【京东账号1】lman87*********
Jun 15 16:00:01 
Jun 15 16:00:01 
Jun 15 16:00:01 ******开始【京东账号1】lman87*********
Jun 15 16:00:01 
Jun 15 16:00:01 剩余抽奖次数: 0次
Jun 15 16:00:01 
Jun 15 16:00:01 本次运行共获得0无门槛红包
Jun 15 16:00:01 
Jun 15 16:00:02 剩余抽奖次数: 0次
Jun 15 16:00:02 
Jun 15 16:00:02 本次运行共获得0无门槛红包
Jun 15 16:00:02 
Jun 15 16:00:02 红包余额：14.60
Jun 15 16:00:02 即将过期红包：7.12
Jun 15 16:00:02 
Jun 15 16:00:02 ******开始【京东账号2】jd_rkylFaEIkvBL*********
Jun 15 16:00:02 
Jun 15 16:00:02 红包余额：14.60
Jun 15 16:00:02 即将过期红包：7.12
Jun 15 16:00:02 
Jun 15 16:00:02 ******开始【京东账号2】jd_rkylFaEIkvBL*********
Jun 15 16:00:02 
Jun 15 16:00:02 剩余抽奖次数: 0次
Jun 15 16:00:02 
Jun 15 16:00:02 本次运行共获得0无门槛红包
Jun 15 16:00:02 
Jun 15 16:00:02 红包余额：10.00
Jun 15 16:00:02 即将过期红包：0.58
Jun 15 16:00:02 
Jun 15 16:00:02 
Jun 15 16:00:02 您未提供server酱的SCKEY，取消微信推送消息通知🚫
Jun 15 16:00:02 
Jun 15 16:00:02 您未提供push+推送所需的PUSH_PLUS_TOKEN，取消push+推送消息通知🚫
Jun 15 16:00:02 
Jun 15 16:00:02 您未提供Bark的APP推送BARK_PUSH，取消Bark推送消息通知🚫
Jun 15 16:00:02 
Jun 15 16:00:02 您未提供telegram机器人推送所需的TG_BOT_TOKEN和TG_USER_ID，取消telegram推送消息通知🚫
Jun 15 16:00:02 
Jun 15 16:00:02 您未提供企业微信机器人推送所需的QYWX_KEY，取消企业微信推送消息通知🚫
Jun 15 16:00:02 
Jun 15 16:00:02 您未提供企业微信应用消息推送所需的QYWX_AM，取消企业微信应用消息推送消息通知🚫
Jun 15 16:00:02 
Jun 15 16:00:02 您未提供iGot的推送IGOT_PUSH_KEY，取消iGot推送消息通知🚫
Jun 15 16:00:02 
Jun 15 16:00:02 钉钉发送通知消息成功🎉。
Jun 15 16:00:02 
Jun 15 16:00:02 
Jun 15 16:00:02 🔔天天优惠大乐透, 结束! 🕛 1.091 秒
Jun 15 16:00:02 
Jun 15 16:00:02 剩余抽奖次数: 0次
Jun 15 16:00:02 
Jun 15 16:00:02 本次运行共获得0无门槛红包
Jun 15 16:00:02 
Jun 15 16:00:02 红包余额：10.00
Jun 15 16:00:02 即将过期红包：0.58
Jun 15 16:00:02 
Jun 15 16:00:02 
Jun 15 16:00:02 您未提供server酱的SCKEY，取消微信推送消息通知🚫
Jun 15 16:00:02 
Jun 15 16:00:02 您未提供push+推送所需的PUSH_PLUS_TOKEN，取消push+推送消息通知🚫
Jun 15 16:00:02 
Jun 15 16:00:02 您未提供Bark的APP推送BARK_PUSH，取消Bark推送消息通知🚫
Jun 15 16:00:02 
Jun 15 16:00:02 您未提供telegram机器人推送所需的TG_BOT_TOKEN和TG_USER_ID，取消telegram推送消息通知🚫
Jun 15 16:00:02 
Jun 15 16:00:02 您未提供企业微信机器人推送所需的QYWX_KEY，取消企业微信推送消息通知🚫
Jun 15 16:00:02 
Jun 15 16:00:02 您未提供企业微信应用消息推送所需的QYWX_AM，取消企业微信应用消息推送消息通知🚫
Jun 15 16:00:02 
Jun 15 16:00:02 您未提供iGot的推送IGOT_PUSH_KEY，取消iGot推送消息通知🚫
Jun 15 16:00:02 
Jun 15 16:00:02 钉钉发送通知消息成功🎉。
Jun 15 16:00:02 
Jun 15 16:00:02 
Jun 15 16:00:02 🔔天天优惠大乐透, 结束! 🕛 1.432 秒
Jun 15 16:00:02 
