Jun 14 01:13:00Jun 14 01:13:00 
 
Jun 14 01:13:00 ?小鸽有礼-每日抽奖, 开始!
Jun 14 01:13:00 ?小鸽有礼-每日抽奖, 开始!
Jun 14 01:13:00 您的cookie选择的是用&隔开
Jun 14 01:13:00 
Jun 14 01:13:00 
Jun 14 01:13:00 ====================共有2个京东账号Cookie=========
Jun 14 01:13:00 
Jun 14 01:13:00 您的cookie选择的是用&隔开
Jun 14 01:13:00 
Jun 14 01:13:00 
Jun 14 01:13:00 ====================共有2个京东账号Cookie=========
Jun 14 01:13:00 
Jun 14 01:13:00 ==================脚本执行- 北京时间(UTC+8)：6/14/2021, 1:13:00 AM=====================
Jun 14 01:13:00 
Jun 14 01:13:00 ==================脚本执行- 北京时间(UTC+8)：6/14/2021, 1:13:00 AM=====================
Jun 14 01:13:00 
Jun 14 01:13:00 
Jun 14 01:13:00 *****开始【京东账号1】lman87*****
Jun 14 01:13:00 
Jun 14 01:13:00 
Jun 14 01:13:00 *****开始【京东账号1】lman87*****
Jun 14 01:13:00 
Jun 14 01:13:00 初始化
Jun 14 01:13:00 开始执行任务
Jun 14 01:13:00 初始化
Jun 14 01:13:00 开始执行任务
Jun 14 01:13:01 {"code":-130,"success":false}
Jun 14 01:13:01 每日签到，任务执行失败
Jun 14 01:13:06 {"error_response":{"en_desc":"backend  service timeout","zh_desc":"后端服务响应超时","code":65}}
Jun 14 01:13:06 每日签到，任务执行失败
Jun 14 01:13:07 {"code":2,"errorMsg":"系统错误","msg":"系统错误","success":false}
Jun 14 01:13:07 每日分享好友，任务执行失败
Jun 14 01:13:07 {"error_response":{"en_desc":"backend  service timeout","zh_desc":"后端服务响应超时","code":65}}
Jun 14 01:13:07 每日分享好友，任务执行失败
Jun 14 01:13:08 {"code":2,"errorMsg":"系统错误","msg":"系统错误","success":false}
Jun 14 01:13:08 浏览会场，任务执行失败
Jun 14 01:13:08 {"code":-130,"success":false}
Jun 14 01:13:08 浏览会场，任务执行失败
Jun 14 01:13:09 {"code":2,"errorMsg":"系统错误","msg":"系统错误","success":false}
Jun 14 01:13:09 浏览会场，任务执行失败
Jun 14 01:13:09 {"code":-130,"success":false}
Jun 14 01:13:09 浏览会场，任务执行失败
Jun 14 01:13:10 开始领任务奖励
Jun 14 01:13:10 开始领任务奖励
Jun 14 01:13:11 共有1次抽奖机会
Jun 14 01:13:12 共有1次抽奖机会
Jun 14 01:13:13 小鸽有礼-每日抽奖第1次抽奖失败
Jun 14 01:13:13 小鸽有礼-每日抽奖第1次抽奖，获得：手机维修
Jun 14 01:13:13 
Jun 14 01:13:13 *****开始【京东账号2】变速箱2019*****
Jun 14 01:13:13 
Jun 14 01:13:13 
Jun 14 01:13:13 *****开始【京东账号2】变速箱2019*****
Jun 14 01:13:13 
Jun 14 01:13:13 初始化
Jun 14 01:13:13 jd_rkylFaEIkvBL获取任务列表失败
Jun 14 01:13:13 
Jun 14 01:13:13 ?小鸽有礼-每日抽奖, 结束! ? 13.4 秒
Jun 14 01:13:13 
Jun 14 01:13:13 初始化
Jun 14 01:13:13 jd_rkylFaEIkvBL获取任务列表失败
Jun 14 01:13:13 
Jun 14 01:13:13 ?小鸽有礼-每日抽奖, 结束! ? 13.432 秒
Jun 14 01:13:13 
Jun 14 22:13:00 
Jun 14 22:13:00 ?小鸽有礼-每日抽奖, 开始!
Jun 14 22:13:00 
Jun 14 22:13:00 ?小鸽有礼-每日抽奖, 开始!
Jun 14 22:13:00 您的cookie选择的是用&隔开
Jun 14 22:13:00 
Jun 14 22:13:00 
Jun 14 22:13:00 ====================共有2个京东账号Cookie=========
Jun 14 22:13:00 
Jun 14 22:13:00 您的cookie选择的是用&隔开
Jun 14 22:13:00 
Jun 14 22:13:00 
Jun 14 22:13:00 ====================共有2个京东账号Cookie=========
Jun 14 22:13:00 
Jun 14 22:13:00 ==================脚本执行- 北京时间(UTC+8)：6/14/2021, 10:13:00 PM=====================
Jun 14 22:13:00 
Jun 14 22:13:00 ==================脚本执行- 北京时间(UTC+8)：6/14/2021, 10:13:00 PM=====================
Jun 14 22:13:00 
Jun 14 22:13:00 
Jun 14 22:13:00 *****开始【京东账号1】lman87*****
Jun 14 22:13:00 
Jun 14 22:13:00 
Jun 14 22:13:00 *****开始【京东账号1】lman87*****
Jun 14 22:13:00 
Jun 14 22:13:00 初始化
Jun 14 22:13:00 开始执行任务
Jun 14 22:13:00 初始化
Jun 14 22:13:00 开始执行任务
Jun 14 22:13:01 {"code":-130,"success":false}
Jun 14 22:13:01 浏览会场，任务执行失败
Jun 14 22:13:06 {"error_response":{"en_desc":"backend  service timeout","zh_desc":"后端服务响应超时","code":65}}
Jun 14 22:13:06 浏览会场，任务执行失败
Jun 14 22:13:07 {"code":2,"errorMsg":"系统错误","msg":"系统错误","success":false}
Jun 14 22:13:07 浏览会场，任务执行失败
Jun 14 22:13:08 {"error_response":{"en_desc":"backend  service timeout","zh_desc":"后端服务响应超时","code":65}}
Jun 14 22:13:08 浏览会场，任务执行失败
Jun 14 22:13:08 开始领任务奖励
Jun 14 22:13:08 {"code":2,"errorMsg":"系统错误","msg":"系统错误","success":false}
Jun 14 22:13:08 每日签到，领取任务执行失败
Jun 14 22:13:09 开始领任务奖励
Jun 14 22:13:09 {"code":-130,"success":false}
Jun 14 22:13:09 每日签到，领取任务执行失败
Jun 14 22:13:09 {"code":2,"errorMsg":"系统错误","msg":"系统错误","success":false}
Jun 14 22:13:09 每日分享好友，领取任务执行失败
Jun 14 22:13:10 {"code":-130,"success":false}
Jun 14 22:13:10 每日分享好友，领取任务执行失败
Jun 14 22:13:12 共有0次抽奖机会
Jun 14 22:13:12 
Jun 14 22:13:12 *****开始【京东账号2】变速箱2019*****
Jun 14 22:13:12 
Jun 14 22:13:12 初始化
Jun 14 22:13:12 jd_rkylFaEIkvBL获取任务列表失败
Jun 14 22:13:12 
Jun 14 22:13:12 ?小鸽有礼-每日抽奖, 结束! ? 12.206 秒
Jun 14 22:13:12 
Jun 14 22:13:12 共有0次抽奖机会
Jun 14 22:13:12 
Jun 14 22:13:12 *****开始【京东账号2】变速箱2019*****
Jun 14 22:13:12 
Jun 14 22:13:12 初始化
Jun 14 22:13:12 jd_rkylFaEIkvBL获取任务列表失败
Jun 14 22:13:12 
Jun 14 22:13:12 ?小鸽有礼-每日抽奖, 结束! ? 12.573 秒
Jun 14 22:13:12 
Jun 14 23:13:00 
Jun 14 23:13:00 ?小鸽有礼-每日抽奖, 开始!
Jun 14 23:13:00 
Jun 14 23:13:00 ?小鸽有礼-每日抽奖, 开始!
Jun 14 23:13:00 您的cookie选择的是用&隔开
Jun 14 23:13:00 
Jun 14 23:13:00 
Jun 14 23:13:00 ====================共有2个京东账号Cookie=========
Jun 14 23:13:00 
Jun 14 23:13:00 您的cookie选择的是用&隔开
Jun 14 23:13:00 
Jun 14 23:13:00 
Jun 14 23:13:00 ====================共有2个京东账号Cookie=========
Jun 14 23:13:00 
Jun 14 23:13:00 ==================脚本执行- 北京时间(UTC+8)：6/14/2021, 11:13:00 PM=====================
Jun 14 23:13:00 
Jun 14 23:13:00 ==================脚本执行- 北京时间(UTC+8)：6/14/2021, 11:13:00 PM=====================
Jun 14 23:13:00 
Jun 14 23:13:00 
Jun 14 23:13:00 *****开始【京东账号1】lman87*****
Jun 14 23:13:00 
Jun 14 23:13:00 
Jun 14 23:13:00 *****开始【京东账号1】lman87*****
Jun 14 23:13:00 
Jun 14 23:13:00 初始化
Jun 14 23:13:00 开始执行任务
Jun 14 23:13:00 初始化
Jun 14 23:13:00 开始执行任务
Jun 14 23:13:01 {"code":-130,"success":false}
Jun 14 23:13:01 浏览会场，任务执行失败
Jun 14 23:13:02 {"code":2,"errorMsg":"系统错误","msg":"系统错误","success":false}
Jun 14 23:13:02 浏览会场，任务执行失败
Jun 14 23:13:04 开始领任务奖励
Jun 14 23:13:04 {"code":2,"errorMsg":"系统错误","msg":"系统错误","success":false}
Jun 14 23:13:04 每日签到，领取任务执行失败
Jun 14 23:13:05 {"code":2,"errorMsg":"系统错误","msg":"系统错误","success":false}
Jun 14 23:13:05 每日分享好友，领取任务执行失败
Jun 14 23:13:06 {"error_response":{"en_desc":"backend  service timeout","zh_desc":"后端服务响应超时","code":65}}
Jun 14 23:13:06 浏览会场，任务执行失败
Jun 14 23:13:07 共有0次抽奖机会
Jun 14 23:13:07 
Jun 14 23:13:07 *****开始【京东账号2】变速箱2019*****
Jun 14 23:13:07 
Jun 14 23:13:07 初始化
Jun 14 23:13:07 jd_rkylFaEIkvBL获取任务列表失败
Jun 14 23:13:07 
Jun 14 23:13:07 ?小鸽有礼-每日抽奖, 结束! ? 7.349 秒
Jun 14 23:13:07 
Jun 14 23:13:07 {"code":2,"errorMsg":"系统错误","msg":"系统错误","success":false}
Jun 14 23:13:07 浏览会场，任务执行失败
Jun 14 23:13:08 开始领任务奖励
Jun 14 23:13:09 {"code":2,"errorMsg":"系统错误","msg":"系统错误","success":false}
Jun 14 23:13:09 每日签到，领取任务执行失败
Jun 14 23:13:10 {"code":2,"errorMsg":"系统错误","msg":"系统错误","success":false}
Jun 14 23:13:10 每日分享好友，领取任务执行失败
Jun 14 23:13:13 共有0次抽奖机会
Jun 14 23:13:13 
Jun 14 23:13:13 *****开始【京东账号2】变速箱2019*****
Jun 14 23:13:13 
Jun 14 23:13:18 初始化
Jun 14 23:13:18 jd_rkylFaEIkvBL获取任务列表失败
Jun 14 23:13:18 
Jun 14 23:13:18 ?小鸽有礼-每日抽奖, 结束! ? 18.295 秒
Jun 14 23:13:18 
Jun 15 01:13:00 
Jun 15 01:13:00 ?小鸽有礼-每日抽奖, 开始!
Jun 15 01:13:00 
Jun 15 01:13:00 ?小鸽有礼-每日抽奖, 开始!
Jun 15 01:13:00 您的cookie选择的是用&隔开
Jun 15 01:13:00 
Jun 15 01:13:00 
Jun 15 01:13:00 ====================共有2个京东账号Cookie=========
Jun 15 01:13:00 
Jun 15 01:13:00 您的cookie选择的是用&隔开
Jun 15 01:13:00 
Jun 15 01:13:00 
Jun 15 01:13:00 ====================共有2个京东账号Cookie=========
Jun 15 01:13:00 
Jun 15 01:13:00 ==================脚本执行- 北京时间(UTC+8)：6/15/2021, 1:13:00 AM=====================
Jun 15 01:13:00 
Jun 15 01:13:00 ==================脚本执行- 北京时间(UTC+8)：6/15/2021, 1:13:00 AM=====================
Jun 15 01:13:00 
Jun 15 01:13:00 
Jun 15 01:13:00 *****开始【京东账号1】lman87*****
Jun 15 01:13:00 
Jun 15 01:13:01 
Jun 15 01:13:01 *****开始【京东账号1】lman87*****
Jun 15 01:13:01 
Jun 15 01:13:06 初始化
Jun 15 01:13:06 lman87获取任务列表失败
Jun 15 01:13:06 初始化
Jun 15 01:13:06 lman87获取任务列表失败
Jun 15 01:13:06 
Jun 15 01:13:06 *****开始【京东账号2】变速箱2019*****
Jun 15 01:13:06 
Jun 15 01:13:06 
Jun 15 01:13:06 *****开始【京东账号2】变速箱2019*****
Jun 15 01:13:06 
Jun 15 01:13:06 初始化
Jun 15 01:13:06 jd_rkylFaEIkvBL获取任务列表失败
Jun 15 01:13:06 
Jun 15 01:13:06 ?小鸽有礼-每日抽奖, 结束! ? 5.467 秒
Jun 15 01:13:06 
Jun 15 01:13:06 初始化
Jun 15 01:13:06 jd_rkylFaEIkvBL获取任务列表失败
Jun 15 01:13:06 
Jun 15 01:13:06 ?小鸽有礼-每日抽奖, 结束! ? 5.488 秒
Jun 15 01:13:06 
