Jun 14 06:10:00 
Jun 14 06:10:00 🔔京东家庭号, 开始!
Jun 14 06:10:00 您的cookie选择的是用&隔开
Jun 14 06:10:00 
Jun 14 06:10:00 
Jun 14 06:10:00 ====================共有2个京东账号Cookie=========
Jun 14 06:10:00 
Jun 14 06:10:00 
Jun 14 06:10:00 🔔京东家庭号, 开始!
Jun 14 06:10:00 您的cookie选择的是用&隔开
Jun 14 06:10:00 
Jun 14 06:10:00 
Jun 14 06:10:00 ====================共有2个京东账号Cookie=========
Jun 14 06:10:00 
Jun 14 06:10:00 ==================脚本执行- 北京时间(UTC+8)：6/14/2021, 6:10:00 AM=====================
Jun 14 06:10:00 
Jun 14 06:10:00 ==================脚本执行- 北京时间(UTC+8)：6/14/2021, 6:10:00 AM=====================
Jun 14 06:10:00 
Jun 14 06:10:00 
Jun 14 06:10:00 ******开始【京东账号1】lman87*********
Jun 14 06:10:00 
Jun 14 06:10:00 
Jun 14 06:10:00 ******开始【京东账号1】lman87*********
Jun 14 06:10:00 
Jun 14 06:10:00 当前幸福值：10482
Jun 14 06:10:00 去做任务5fed97ce5da81a8c069810df
Jun 14 06:10:00 当前幸福值：10482
Jun 14 06:10:00 去做任务5fed97ce5da81a8c069810df
Jun 14 06:10:00 任务完成成功
Jun 14 06:10:00 任务完成成功
Jun 14 06:10:01 去做任务600e29f6986178004811bdb0
Jun 14 06:10:01 去做任务600e29f6986178004811bdb0
Jun 14 06:10:01 任务完成失败，原因未知
Jun 14 06:10:01 任务完成失败，原因未知
Jun 14 06:10:02 去做任务5fed97ce5da81a8c069810de
Jun 14 06:10:02 去做任务5fed97ce5da81a8c069810de
Jun 14 06:10:03 任务完成失败，原因未知
Jun 14 06:10:03 任务完成失败，原因未知
Jun 14 06:10:04 去做任务5fed97ce5da81a8c069810dd
Jun 14 06:10:04 去做任务5fed97ce5da81a8c069810dd
Jun 14 06:10:04 任务完成成功
Jun 14 06:10:04 任务完成失败，原因未知
Jun 14 06:10:05 去做任务5fed97ce5da81a8c069810da
Jun 14 06:10:05 去做任务5fed97ce5da81a8c069810da
Jun 14 06:10:05 任务完成失败，原因未知
Jun 14 06:10:05 任务完成失败，原因未知
Jun 14 06:10:06 去做任务5fed97ce5da81a8c069810d9
Jun 14 06:10:06 去做任务5fed97ce5da81a8c069810d9
Jun 14 06:10:06 任务完成失败，原因未知
Jun 14 06:10:06 任务完成成功
Jun 14 06:10:07 去做任务5fed97ce5da81a8c069810d8
Jun 14 06:10:07 去做任务5fed97ce5da81a8c069810d8
Jun 14 06:10:07 任务完成失败，原因未知
Jun 14 06:10:07 任务完成成功
Jun 14 06:10:08 去做任务5fed97ce5da81a8c069810d7
Jun 14 06:10:08 去做任务5fed97ce5da81a8c069810d7
Jun 14 06:10:08 任务完成失败，原因未知
Jun 14 06:10:08 任务完成成功
Jun 14 06:10:09 去做任务5fed97ce5da81a8c069810d6
Jun 14 06:10:09 去做任务5fed97ce5da81a8c069810d6
Jun 14 06:10:09 任务完成成功
Jun 14 06:10:09 任务完成失败，原因未知
Jun 14 06:10:10 去做任务5fed97ce5da81a8c069810d5
Jun 14 06:10:10 去做任务5fed97ce5da81a8c069810d5
Jun 14 06:10:10 任务完成失败，原因未知
Jun 14 06:10:10 任务完成成功
Jun 14 06:10:11 去做任务5fed97ce5da81a8c069810d4
Jun 14 06:10:11 去做任务5fed97ce5da81a8c069810d4
Jun 14 06:10:11 任务完成失败，原因未知
Jun 14 06:10:11 任务完成成功
Jun 14 06:10:12 当前幸福值：10646
Jun 14 06:10:12 京东家庭号
Jun 14 06:10:12 
Jun 14 06:10:12 京东账号1lman87
Jun 14 06:10:12 当前幸福值：10646
Jun 14 06:10:12 当前幸福值：10646
Jun 14 06:10:12 京东家庭号
Jun 14 06:10:12 
Jun 14 06:10:12 京东账号1lman87
Jun 14 06:10:12 当前幸福值：10646
Jun 14 06:10:12 
Jun 14 06:10:12 ******开始【京东账号2】jd_rkylFaEIkvBL*********
Jun 14 06:10:12 
Jun 14 06:10:12 
Jun 14 06:10:12 ******开始【京东账号2】jd_rkylFaEIkvBL*********
Jun 14 06:10:12 
Jun 14 06:10:12 当前幸福值：10476
Jun 14 06:10:12 去做任务5fed97ce5da81a8c069810df
Jun 14 06:10:12 当前幸福值：10476
Jun 14 06:10:12 去做任务5fed97ce5da81a8c069810df
Jun 14 06:10:12 任务完成失败，原因未知
Jun 14 06:10:12 任务完成成功
Jun 14 06:10:13 去做任务600e29f6986178004811bdb0
Jun 14 06:10:13 去做任务600e29f6986178004811bdb0
Jun 14 06:10:14 任务完成失败，原因未知
Jun 14 06:10:14 任务完成失败，原因未知
Jun 14 06:10:15 去做任务5fed97ce5da81a8c069810de
Jun 14 06:10:15 去做任务5fed97ce5da81a8c069810de
Jun 14 06:10:15 任务完成失败，原因未知
Jun 14 06:10:15 任务完成失败，原因未知
Jun 14 06:10:16 去做任务5fed97ce5da81a8c069810dd
Jun 14 06:10:16 去做任务5fed97ce5da81a8c069810dd
Jun 14 06:10:16 任务完成失败，原因未知
Jun 14 06:10:16 任务完成成功
Jun 14 06:10:17 去做任务5fed97ce5da81a8c069810da
Jun 14 06:10:17 去做任务5fed97ce5da81a8c069810da
Jun 14 06:10:17 任务完成失败，原因未知
Jun 14 06:10:17 任务完成成功
Jun 14 06:10:18 去做任务5fed97ce5da81a8c069810d9
Jun 14 06:10:18 去做任务5fed97ce5da81a8c069810d9
Jun 14 06:10:18 任务完成成功
Jun 14 06:10:18 任务完成失败，原因未知
Jun 14 06:10:19 去做任务5fed97ce5da81a8c069810d8
Jun 14 06:10:19 去做任务5fed97ce5da81a8c069810d8
Jun 14 06:10:19 任务完成失败，原因未知
Jun 14 06:10:19 任务完成失败，原因未知
Jun 14 06:10:20 去做任务5fed97ce5da81a8c069810d7
Jun 14 06:10:20 去做任务5fed97ce5da81a8c069810d7
Jun 14 06:10:20 任务完成失败，原因未知
Jun 14 06:10:20 任务完成成功
Jun 14 06:10:21 去做任务5fed97ce5da81a8c069810d6
Jun 14 06:10:21 去做任务5fed97ce5da81a8c069810d6
Jun 14 06:10:21 任务完成失败，原因未知
Jun 14 06:10:21 任务完成成功
Jun 14 06:10:22 去做任务5fed97ce5da81a8c069810d5
Jun 14 06:10:22 去做任务5fed97ce5da81a8c069810d5
Jun 14 06:10:22 任务完成失败，原因未知
Jun 14 06:10:22 任务完成成功
Jun 14 06:10:23 去做任务5fed97ce5da81a8c069810d4
Jun 14 06:10:23 去做任务5fed97ce5da81a8c069810d4
Jun 14 06:10:23 任务完成失败，原因未知
Jun 14 06:10:23 任务完成成功
Jun 14 06:10:24 当前幸福值：10638
Jun 14 06:10:24 京东家庭号
Jun 14 06:10:24 
Jun 14 06:10:24 京东账号2jd_rkylFaEIkvBL
Jun 14 06:10:24 当前幸福值：10638
Jun 14 06:10:24 
Jun 14 06:10:24 🔔京东家庭号, 结束! 🕛 24.442 秒
Jun 14 06:10:24 
Jun 14 06:10:24 当前幸福值：10638
Jun 14 06:10:24 京东家庭号
Jun 14 06:10:24 
Jun 14 06:10:24 京东账号2jd_rkylFaEIkvBL
Jun 14 06:10:24 当前幸福值：10638
Jun 14 06:10:24 
Jun 14 06:10:24 🔔京东家庭号, 结束! 🕛 24.453 秒
Jun 14 06:10:24 
Jun 14 07:10:00 
Jun 14 07:10:00 🔔京东家庭号, 开始!
Jun 14 07:10:00 您的cookie选择的是用&隔开
Jun 14 07:10:00 
Jun 14 07:10:00 
Jun 14 07:10:00 ====================共有2个京东账号Cookie=========
Jun 14 07:10:00 
Jun 14 07:10:00 
Jun 14 07:10:00 🔔京东家庭号, 开始!
Jun 14 07:10:00 您的cookie选择的是用&隔开
Jun 14 07:10:00 
Jun 14 07:10:00 
Jun 14 07:10:00 ====================共有2个京东账号Cookie=========
Jun 14 07:10:00 
Jun 14 07:10:00 ==================脚本执行- 北京时间(UTC+8)：6/14/2021, 7:10:00 AM=====================
Jun 14 07:10:00 
Jun 14 07:10:00 ==================脚本执行- 北京时间(UTC+8)：6/14/2021, 7:10:00 AM=====================
Jun 14 07:10:00 
Jun 14 07:10:00 
Jun 14 07:10:00 ******开始【京东账号1】lman87*********
Jun 14 07:10:00 
Jun 14 07:10:00 
Jun 14 07:10:00 ******开始【京东账号1】lman87*********
Jun 14 07:10:00 
Jun 14 07:10:00 当前幸福值：10646
Jun 14 07:10:00 去做任务5fed97ce5da81a8c069810df
Jun 14 07:10:00 当前幸福值：10646
Jun 14 07:10:00 去做任务5fed97ce5da81a8c069810df
Jun 14 07:10:00 任务完成成功
Jun 14 07:10:00 任务完成成功
Jun 14 07:10:01 去做任务600e29f6986178004811bdb0
Jun 14 07:10:01 去做任务600e29f6986178004811bdb0
Jun 14 07:10:02 任务完成失败，原因未知
Jun 14 07:10:02 任务完成失败，原因未知
Jun 14 07:10:03 去做任务5fed97ce5da81a8c069810de
Jun 14 07:10:03 去做任务5fed97ce5da81a8c069810de
Jun 14 07:10:03 任务完成失败，原因未知
Jun 14 07:10:03 任务完成失败，原因未知
Jun 14 07:10:04 180分钟可后做任务5fed97ce5da81a8c069810dd
Jun 14 07:10:04 去做任务5fed97ce5da81a8c069810da
Jun 14 07:10:04 180分钟可后做任务5fed97ce5da81a8c069810dd
Jun 14 07:10:04 去做任务5fed97ce5da81a8c069810da
Jun 14 07:10:04 任务完成成功
Jun 14 07:10:04 任务完成失败，原因未知
Jun 14 07:10:05 当前幸福值：10670
Jun 14 07:10:05 京东家庭号
Jun 14 07:10:05 
Jun 14 07:10:05 京东账号1lman87
Jun 14 07:10:05 当前幸福值：10670
Jun 14 07:10:05 当前幸福值：10670
Jun 14 07:10:05 京东家庭号
Jun 14 07:10:05 
Jun 14 07:10:05 京东账号1lman87
Jun 14 07:10:05 当前幸福值：10670
Jun 14 07:10:05 
Jun 14 07:10:05 ******开始【京东账号2】jd_rkylFaEIkvBL*********
Jun 14 07:10:05 
Jun 14 07:10:05 
Jun 14 07:10:05 ******开始【京东账号2】jd_rkylFaEIkvBL*********
Jun 14 07:10:05 
Jun 14 07:10:05 当前幸福值：10638
Jun 14 07:10:05 去做任务5fed97ce5da81a8c069810df
Jun 14 07:10:05 当前幸福值：10638
Jun 14 07:10:05 去做任务5fed97ce5da81a8c069810df
Jun 14 07:10:05 任务完成失败，原因未知
Jun 14 07:10:05 任务完成成功
Jun 14 07:10:06 去做任务600e29f6986178004811bdb0
Jun 14 07:10:06 去做任务600e29f6986178004811bdb0
Jun 14 07:10:06 任务完成失败，原因未知
Jun 14 07:10:06 任务完成失败，原因未知
Jun 14 07:10:07 去做任务5fed97ce5da81a8c069810de
Jun 14 07:10:07 去做任务5fed97ce5da81a8c069810de
Jun 14 07:10:07 任务完成失败，原因未知
Jun 14 07:10:07 任务完成失败，原因未知
Jun 14 07:10:08 180分钟可后做任务5fed97ce5da81a8c069810dd
Jun 14 07:10:08 去做任务5fed97ce5da81a8c069810d8
Jun 14 07:10:08 180分钟可后做任务5fed97ce5da81a8c069810dd
Jun 14 07:10:08 去做任务5fed97ce5da81a8c069810d8
Jun 14 07:10:08 任务完成成功
Jun 14 07:10:08 任务完成失败，原因未知
Jun 14 07:10:09 当前幸福值：10660
Jun 14 07:10:09 京东家庭号
Jun 14 07:10:09 
Jun 14 07:10:09 京东账号2jd_rkylFaEIkvBL
Jun 14 07:10:09 当前幸福值：10660
Jun 14 07:10:09 
Jun 14 07:10:09 🔔京东家庭号, 结束! 🕛 9.357 秒
Jun 14 07:10:09 
Jun 14 07:10:09 当前幸福值：10660
Jun 14 07:10:09 京东家庭号
Jun 14 07:10:09 
Jun 14 07:10:09 京东账号2jd_rkylFaEIkvBL
Jun 14 07:10:09 当前幸福值：10660
Jun 14 07:10:09 
Jun 14 07:10:09 🔔京东家庭号, 结束! 🕛 9.377 秒
Jun 14 07:10:09 
Jun 15 06:10:00 
Jun 15 06:10:00 🔔京东家庭号, 开始!
Jun 15 06:10:00 您的cookie选择的是用&隔开
Jun 15 06:10:00 
Jun 15 06:10:00 
Jun 15 06:10:00 ====================共有2个京东账号Cookie=========
Jun 15 06:10:00 
Jun 15 06:10:00 
Jun 15 06:10:00 🔔京东家庭号, 开始!
Jun 15 06:10:00 您的cookie选择的是用&隔开
Jun 15 06:10:00 
Jun 15 06:10:00 
Jun 15 06:10:00 ====================共有2个京东账号Cookie=========
Jun 15 06:10:00 
Jun 15 06:10:00 ==================脚本执行- 北京时间(UTC+8)：6/15/2021, 6:10:00 AM=====================
Jun 15 06:10:00 
Jun 15 06:10:00 ==================脚本执行- 北京时间(UTC+8)：6/15/2021, 6:10:00 AM=====================
Jun 15 06:10:00 
Jun 15 06:10:00 
Jun 15 06:10:00 ******开始【京东账号1】lman87*********
Jun 15 06:10:00 
Jun 15 06:10:00 
Jun 15 06:10:00 ******开始【京东账号1】lman87*********
Jun 15 06:10:00 
Jun 15 06:10:00 当前幸福值：10670
Jun 15 06:10:00 去做任务5fed97ce5da81a8c069810df
Jun 15 06:10:00 当前幸福值：10670
Jun 15 06:10:00 去做任务5fed97ce5da81a8c069810df
Jun 15 06:10:00 任务完成成功
Jun 15 06:10:00 任务完成成功
Jun 15 06:10:01 去做任务600e29f6986178004811bdb0
Jun 15 06:10:01 去做任务600e29f6986178004811bdb0
Jun 15 06:10:01 任务完成失败，原因未知
Jun 15 06:10:01 任务完成失败，原因未知
Jun 15 06:10:02 去做任务5fed97ce5da81a8c069810de
Jun 15 06:10:02 去做任务5fed97ce5da81a8c069810de
Jun 15 06:10:02 任务完成失败，原因未知
Jun 15 06:10:02 任务完成失败，原因未知
Jun 15 06:10:03 去做任务5fed97ce5da81a8c069810dd
Jun 15 06:10:03 去做任务5fed97ce5da81a8c069810dd
Jun 15 06:10:03 任务完成成功
Jun 15 06:10:03 任务完成失败，原因未知
Jun 15 06:10:04 去做任务5fed97ce5da81a8c069810da
Jun 15 06:10:04 去做任务5fed97ce5da81a8c069810da
Jun 15 06:10:04 任务完成失败，原因未知
Jun 15 06:10:05 任务完成失败，原因未知
Jun 15 06:10:05 去做任务5fed97ce5da81a8c069810d9
Jun 15 06:10:06 去做任务5fed97ce5da81a8c069810d9
Jun 15 06:10:06 任务完成成功
Jun 15 06:10:06 任务完成失败，原因未知
Jun 15 06:10:07 去做任务5fed97ce5da81a8c069810d8
Jun 15 06:10:07 去做任务5fed97ce5da81a8c069810d8
Jun 15 06:10:07 任务完成失败，原因未知
Jun 15 06:10:07 任务完成失败，原因未知
Jun 15 06:10:08 去做任务5fed97ce5da81a8c069810d7
Jun 15 06:10:08 去做任务5fed97ce5da81a8c069810d7
Jun 15 06:10:08 任务完成失败，原因未知
Jun 15 06:10:08 任务完成成功
Jun 15 06:10:09 去做任务5fed97ce5da81a8c069810d6
Jun 15 06:10:09 去做任务5fed97ce5da81a8c069810d6
Jun 15 06:10:09 任务完成失败，原因未知
Jun 15 06:10:09 任务完成成功
Jun 15 06:10:10 去做任务5fed97ce5da81a8c069810d5
Jun 15 06:10:10 去做任务5fed97ce5da81a8c069810d5
Jun 15 06:10:10 任务完成成功
Jun 15 06:10:10 任务完成失败，原因未知
Jun 15 06:10:11 去做任务5fed97ce5da81a8c069810d4
Jun 15 06:10:11 去做任务5fed97ce5da81a8c069810d4
Jun 15 06:10:11 任务完成失败，原因未知
Jun 15 06:10:11 任务完成失败，原因未知
Jun 15 06:10:12 当前幸福值：10794
Jun 15 06:10:12 京东家庭号
Jun 15 06:10:12 
Jun 15 06:10:12 京东账号1lman87
Jun 15 06:10:12 当前幸福值：10794
Jun 15 06:10:12 当前幸福值：10794
Jun 15 06:10:12 京东家庭号
Jun 15 06:10:12 
Jun 15 06:10:12 京东账号1lman87
Jun 15 06:10:12 当前幸福值：10794
Jun 15 06:10:12 
Jun 15 06:10:12 ******开始【京东账号2】jd_rkylFaEIkvBL*********
Jun 15 06:10:12 
Jun 15 06:10:12 
Jun 15 06:10:12 ******开始【京东账号2】jd_rkylFaEIkvBL*********
Jun 15 06:10:12 
Jun 15 06:10:12 当前幸福值：10660
Jun 15 06:10:12 去做任务5fed97ce5da81a8c069810df
Jun 15 06:10:12 当前幸福值：10660
Jun 15 06:10:12 去做任务5fed97ce5da81a8c069810df
Jun 15 06:10:12 任务完成失败，原因未知
Jun 15 06:10:12 任务完成成功
Jun 15 06:10:13 去做任务600e29f6986178004811bdb0
Jun 15 06:10:13 去做任务600e29f6986178004811bdb0
Jun 15 06:10:13 任务完成失败，原因未知
Jun 15 06:10:13 任务完成失败，原因未知
Jun 15 06:10:14 去做任务5fed97ce5da81a8c069810de
Jun 15 06:10:14 去做任务5fed97ce5da81a8c069810de
Jun 15 06:10:14 任务完成失败，原因未知
Jun 15 06:10:14 任务完成失败，原因未知
Jun 15 06:10:15 去做任务5fed97ce5da81a8c069810dd
Jun 15 06:10:15 去做任务5fed97ce5da81a8c069810dd
Jun 15 06:10:16 任务完成失败，原因未知
Jun 15 06:10:16 任务完成成功
Jun 15 06:10:17 去做任务5fed97ce5da81a8c069810da
Jun 15 06:10:17 去做任务5fed97ce5da81a8c069810da
Jun 15 06:10:17 任务完成成功
Jun 15 06:10:17 任务完成失败，原因未知
Jun 15 06:10:18 去做任务5fed97ce5da81a8c069810d9
Jun 15 06:10:18 去做任务5fed97ce5da81a8c069810d9
Jun 15 06:10:18 任务完成失败，原因未知
Jun 15 06:10:18 任务完成失败，原因未知
Jun 15 06:10:19 去做任务5fed97ce5da81a8c069810d8
Jun 15 06:10:19 去做任务5fed97ce5da81a8c069810d8
Jun 15 06:10:19 任务完成失败，原因未知
Jun 15 06:10:19 任务完成成功
Jun 15 06:10:20 去做任务5fed97ce5da81a8c069810d7
Jun 15 06:10:20 去做任务5fed97ce5da81a8c069810d7
Jun 15 06:10:20 任务完成成功
Jun 15 06:10:20 任务完成失败，原因未知
Jun 15 06:10:21 去做任务5fed97ce5da81a8c069810d6
Jun 15 06:10:21 去做任务5fed97ce5da81a8c069810d6
Jun 15 06:10:21 任务完成失败，原因未知
Jun 15 06:10:21 任务完成失败，原因未知
Jun 15 06:10:22 去做任务5fed97ce5da81a8c069810d5
Jun 15 06:10:22 去做任务5fed97ce5da81a8c069810d5
Jun 15 06:10:22 任务完成失败，原因未知
Jun 15 06:10:22 任务完成成功
Jun 15 06:10:23 去做任务5fed97ce5da81a8c069810d4
Jun 15 06:10:23 去做任务5fed97ce5da81a8c069810d4
Jun 15 06:10:23 任务完成失败，原因未知
Jun 15 06:10:23 任务完成成功
Jun 15 06:10:24 当前幸福值：10802
Jun 15 06:10:24 京东家庭号
Jun 15 06:10:24 
Jun 15 06:10:24 京东账号2jd_rkylFaEIkvBL
Jun 15 06:10:24 当前幸福值：10802
Jun 15 06:10:24 
Jun 15 06:10:24 🔔京东家庭号, 结束! 🕛 24.453 秒
Jun 15 06:10:24 
Jun 15 06:10:24 当前幸福值：10802
Jun 15 06:10:24 京东家庭号
Jun 15 06:10:24 
Jun 15 06:10:24 京东账号2jd_rkylFaEIkvBL
Jun 15 06:10:24 当前幸福值：10802
Jun 15 06:10:24 
Jun 15 06:10:24 🔔京东家庭号, 结束! 🕛 24.435 秒
Jun 15 06:10:24 
Jun 15 07:10:00 
Jun 15 07:10:00 🔔京东家庭号, 开始!
Jun 15 07:10:00 您的cookie选择的是用&隔开
Jun 15 07:10:00 
Jun 15 07:10:00 
Jun 15 07:10:00 ====================共有2个京东账号Cookie=========
Jun 15 07:10:00 
Jun 15 07:10:00 ==================脚本执行- 北京时间(UTC+8)：6/15/2021, 7:10:00 AM=====================
Jun 15 07:10:00 
Jun 15 07:10:00 
Jun 15 07:10:00 🔔京东家庭号, 开始!
Jun 15 07:10:00 您的cookie选择的是用&隔开
Jun 15 07:10:00 
Jun 15 07:10:00 
Jun 15 07:10:00 ====================共有2个京东账号Cookie=========
Jun 15 07:10:00 
Jun 15 07:10:00 ==================脚本执行- 北京时间(UTC+8)：6/15/2021, 7:10:00 AM=====================
Jun 15 07:10:00 
Jun 15 07:10:00 
Jun 15 07:10:00 ******开始【京东账号1】lman87*********
Jun 15 07:10:00 
Jun 15 07:10:00 
Jun 15 07:10:00 ******开始【京东账号1】lman87*********
Jun 15 07:10:00 
Jun 15 07:10:00 当前幸福值：10794
Jun 15 07:10:00 去做任务5fed97ce5da81a8c069810df
Jun 15 07:10:00 当前幸福值：10794
Jun 15 07:10:00 去做任务5fed97ce5da81a8c069810df
Jun 15 07:10:00 任务完成失败，原因未知
Jun 15 07:10:00 任务完成成功
Jun 15 07:10:01 去做任务600e29f6986178004811bdb0
Jun 15 07:10:01 去做任务600e29f6986178004811bdb0
Jun 15 07:10:01 任务完成失败，原因未知
Jun 15 07:10:01 任务完成失败，原因未知
Jun 15 07:10:02 去做任务5fed97ce5da81a8c069810de
Jun 15 07:10:02 去做任务5fed97ce5da81a8c069810de
Jun 15 07:10:02 任务完成失败，原因未知
Jun 15 07:10:02 任务完成失败，原因未知
Jun 15 07:10:03 180分钟可后做任务5fed97ce5da81a8c069810dd
Jun 15 07:10:03 去做任务5fed97ce5da81a8c069810da
Jun 15 07:10:03 180分钟可后做任务5fed97ce5da81a8c069810dd
Jun 15 07:10:03 去做任务5fed97ce5da81a8c069810da
Jun 15 07:10:03 任务完成失败，原因未知
Jun 15 07:10:03 任务完成成功
Jun 15 07:10:04 去做任务5fed97ce5da81a8c069810d8
Jun 15 07:10:04 去做任务5fed97ce5da81a8c069810d8
Jun 15 07:10:05 任务完成成功
Jun 15 07:10:05 任务完成失败，原因未知
Jun 15 07:10:06 去做任务5fed97ce5da81a8c069810d4
Jun 15 07:10:06 去做任务5fed97ce5da81a8c069810d4
Jun 15 07:10:06 任务完成失败，原因未知
Jun 15 07:10:06 任务完成失败，原因未知
Jun 15 07:10:07 当前幸福值：10836
Jun 15 07:10:07 京东家庭号
Jun 15 07:10:07 
Jun 15 07:10:07 京东账号1lman87
Jun 15 07:10:07 当前幸福值：10836
Jun 15 07:10:07 当前幸福值：10836
Jun 15 07:10:07 京东家庭号
Jun 15 07:10:07 
Jun 15 07:10:07 京东账号1lman87
Jun 15 07:10:07 当前幸福值：10836
Jun 15 07:10:07 
Jun 15 07:10:07 ******开始【京东账号2】jd_rkylFaEIkvBL*********
Jun 15 07:10:07 
Jun 15 07:10:07 
Jun 15 07:10:07 ******开始【京东账号2】jd_rkylFaEIkvBL*********
Jun 15 07:10:07 
Jun 15 07:10:07 当前幸福值：10802
Jun 15 07:10:07 去做任务5fed97ce5da81a8c069810df
Jun 15 07:10:07 当前幸福值：10802
Jun 15 07:10:07 去做任务5fed97ce5da81a8c069810df
Jun 15 07:10:07 任务完成成功
Jun 15 07:10:07 任务完成成功
Jun 15 07:10:08 去做任务600e29f6986178004811bdb0
Jun 15 07:10:08 去做任务600e29f6986178004811bdb0
Jun 15 07:10:08 任务完成失败，原因未知
Jun 15 07:10:08 任务完成失败，原因未知
Jun 15 07:10:09 去做任务5fed97ce5da81a8c069810de
Jun 15 07:10:09 去做任务5fed97ce5da81a8c069810de
Jun 15 07:10:09 任务完成失败，原因未知
Jun 15 07:10:09 任务完成失败，原因未知
Jun 15 07:10:10 180分钟可后做任务5fed97ce5da81a8c069810dd
Jun 15 07:10:10 去做任务5fed97ce5da81a8c069810d9
Jun 15 07:10:10 180分钟可后做任务5fed97ce5da81a8c069810dd
Jun 15 07:10:10 去做任务5fed97ce5da81a8c069810d9
Jun 15 07:10:10 任务完成失败，原因未知
Jun 15 07:10:10 任务完成成功
Jun 15 07:10:11 去做任务5fed97ce5da81a8c069810d6
Jun 15 07:10:11 去做任务5fed97ce5da81a8c069810d6
Jun 15 07:10:11 任务完成失败，原因未知
Jun 15 07:10:11 任务完成成功
Jun 15 07:10:12 当前幸福值：10846
Jun 15 07:10:12 京东家庭号
Jun 15 07:10:12 
Jun 15 07:10:12 京东账号2jd_rkylFaEIkvBL
Jun 15 07:10:12 当前幸福值：10846
Jun 15 07:10:12 
Jun 15 07:10:12 🔔京东家庭号, 结束! 🕛 12.541 秒
Jun 15 07:10:12 
Jun 15 07:10:12 当前幸福值：10846
Jun 15 07:10:12 京东家庭号
Jun 15 07:10:12 
Jun 15 07:10:12 京东账号2jd_rkylFaEIkvBL
Jun 15 07:10:12 当前幸福值：10846
Jun 15 07:10:12 
Jun 15 07:10:12 🔔京东家庭号, 结束! 🕛 12.514 秒
Jun 15 07:10:12 
