
🔔获取互助码, 开始!
您的cookie选择的是用&隔开


====================共有2个京东账号Cookie=========

==================脚本执行- 北京时间(UTC+8)：6/15/2021, 7:23:00 AM=====================


注：临时活动的互助码不添加到此处，如有需要请手动运行对应临时活动脚本

======账号1开始======
【京东账号1（lman87）京东农场】5252199465ce4cbc8d1b8637fb1d5df1
【京东账号1（lman87）京东萌宠】MTAxODc2NTEzOTAwMDAwMDAyMTgwOTY2OQ==
【京东账号1（lman87）种豆得豆】bmiqsfq6pjgaux6emvmykdxamy
【京东账号1（lman87）东东工厂】T0084qAiHhYeCjVWnYaS5kRrbA
【京东账号1（lman87）京喜工厂】0vdPdVKsaqfyq87GKvM3gg==
注意：京喜农场 种植种子发生变化的时候，互助码也会变！！
【京东账号1（lman87）京喜农场】{"smp":"1b081e839eb8b5240d9991bdbf66d31d","active":"jdnc_1_3yuangancuimian210422_2","joinnum":1}
【京东账号1（lman87）闪购盲盒】T0084qAiH【京东账号1【京东账号1（lman87）财富岛】undefined
【京东账号1（lman87）签到领现金】f0ZmMu【京东账号1（lman87）======账号2开始======
【京东账号2（jd_rkylFaEIkvBL）京东农场】【京东账号2（jd_rkylFaEIkvB【京东账号2（jd_rkylFaEIkvBL）京东萌宠】【京东账号2（jd_rkylFaEIkvB【京东账号2（jd_rkylFaEIkvBL）种豆得豆】【京东账号2（jd_rkylFaEIkvBL）种【京东账号2（jd_rkylFaEIkvBL）京喜工厂】【京东账号2（jd_rky注意：京喜农场 种植种子发生变化的时注意：京喜农场 种植种子发生变化的时候，互助码也会变！！
【京东账号2（jd_rkylFaEIkvBL）京喜农场】{"smp":"efd4878e63f925b74eaa568bd9【京东账号2（jd_rkylFaEIkvBL）crazyJoy】Auhd【京东账号2（jd_rkylFaEIkvBL）闪购盲盒】T0205KkcAkVQqSKGVWOv0oV2CjVQmoaT5kRrbA
【京东账号2（jd_rkylFaEIkvBL）财富岛】undefined
【京东账号2（jd_rkylFaEIkvBL）签到领现金】eU9YLrf7Oop3hBeOjQFv
======账号2结束======


🔔获取互助码, 结束! 🕛 1.536 秒

束! 🕛 1.525 秒

