Jun 14 00:01:00 
Jun 14 00:01:00 🔔京小兑, 开始!
Jun 14 00:01:00 
Jun 14 00:01:00 🔔京小兑, 开始!
Jun 14 00:01:00 您的cookie选择的是用&隔开
Jun 14 00:01:00 
Jun 14 00:01:00 
Jun 14 00:01:00 ====================共有2个京东账号Cookie=========
Jun 14 00:01:00 
Jun 14 00:01:00 您的cookie选择的是用&隔开
Jun 14 00:01:00 
Jun 14 00:01:00 
Jun 14 00:01:00 ====================共有2个京东账号Cookie=========
Jun 14 00:01:00 
Jun 14 00:01:00 ==================脚本执行- 北京时间(UTC+8)：6/14/2021, 12:01:00 AM=====================
Jun 14 00:01:00 
Jun 14 00:01:00 ==================脚本执行- 北京时间(UTC+8)：6/14/2021, 12:01:00 AM=====================
Jun 14 00:01:00 
Jun 14 00:01:00 脚本自动把抽奖卷兑换为兑币
Jun 14 00:01:00 脚本自动把抽奖卷兑换为兑币
Jun 14 00:01:00 
Jun 14 00:01:00 ******开始【京东账号1】lman87*********
Jun 14 00:01:00 
Jun 14 00:01:00 
Jun 14 00:01:00 ******开始【京东账号1】lman87*********
Jun 14 00:01:00 
Jun 14 00:01:00 签到成功，获得 20 兑币
Jun 14 00:01:00 签到失败，操作太频繁，稍后再试
Jun 14 00:01:01 当前兑币：6047
Jun 14 00:01:01 当前兑币：6047
Jun 14 00:01:01 去查看【抽30人，每人送100京豆】的中奖情况
Jun 14 00:01:01 去查看【抽30人，每人送100京豆】的中奖情况
Jun 14 00:01:01 未中奖，去领取安慰兑币
Jun 14 00:01:01 未中奖，去领取安慰兑币
Jun 14 00:01:01 成功
Jun 14 00:01:01 操作太频繁，稍后再试
Jun 14 00:01:02 去查看【抽3人，每人送10元京东卡】的中奖情况
Jun 14 00:01:02 去查看【抽3人，每人送10元京东卡】的中奖情况
Jun 14 00:01:02 未中奖，去领取安慰兑币
Jun 14 00:01:02 未中奖，去领取安慰兑币
Jun 14 00:01:02 成功
Jun 14 00:01:02 操作太频繁，稍后再试
Jun 14 00:01:03 去查看【每天抽30人，每人送10京豆】的中奖情况
Jun 14 00:01:03 去查看【每天抽30人，每人送10京豆】的中奖情况
Jun 14 00:01:03 未中奖，去领取安慰兑币
Jun 14 00:01:03 未中奖，去领取安慰兑币
Jun 14 00:01:03 操作太频繁，稍后再试
Jun 14 00:01:03 成功
Jun 14 00:01:04 去查看【抽30人，每人送100京豆】的中奖情况
Jun 14 00:01:04 去查看【抽30人，每人送100京豆】的中奖情况
Jun 14 00:01:04 未中奖，去领取安慰兑币
Jun 14 00:01:04 未中奖，去领取安慰兑币
Jun 14 00:01:04 成功
Jun 14 00:01:04 操作太频繁，稍后再试
Jun 14 00:01:05 去查看【抽3人，每人送10元京东卡】的中奖情况
Jun 14 00:01:05 去查看【抽3人，每人送10元京东卡】的中奖情况
Jun 14 00:01:05 安慰兑币已领过
Jun 14 00:01:06 安慰兑币已领过
Jun 14 00:01:06 去查看【抽30人，每人送100京豆】的中奖情况
Jun 14 00:01:07 去查看【抽30人，每人送100京豆】的中奖情况
Jun 14 00:01:07 安慰兑币已领过
Jun 14 00:01:07 安慰兑币已领过
Jun 14 00:01:08 去查看【抽30人，每人送10京豆】的中奖情况
Jun 14 00:01:08 去查看【抽30人，每人送10京豆】的中奖情况
Jun 14 00:01:08 未中奖，去领取安慰兑币
Jun 14 00:01:08 已超过领取时间，下次请提前领取
Jun 14 00:01:08 未中奖，去领取安慰兑币
Jun 14 00:01:08 操作太频繁，稍后再试
Jun 14 00:01:09 去查看【每天抽30人，每人送10京豆】的中奖情况
Jun 14 00:01:09 未中奖，去领取安慰兑币
Jun 14 00:01:09 去查看【每天抽30人，每人送10京豆】的中奖情况
Jun 14 00:01:09 已超过领取时间，下次请提前领取
Jun 14 00:01:09 未中奖，去领取安慰兑币
Jun 14 00:01:09 操作太频繁，稍后再试
Jun 14 00:01:10 去查看【抽3人，每人送10元京东卡】的中奖情况
Jun 14 00:01:10 未中奖，去领取安慰兑币
Jun 14 00:01:10 已超过领取时间，下次请提前领取
Jun 14 00:01:10 去查看【抽3人，每人送10元京东卡】的中奖情况
Jun 14 00:01:10 未中奖，去领取安慰兑币
Jun 14 00:01:10 操作太频繁，稍后再试
Jun 14 00:01:11 去查看【每天抽30人，每人送10京豆】的中奖情况
Jun 14 00:01:11 安慰兑币已领过
Jun 14 00:01:11 去查看【每天抽30人，每人送10京豆】的中奖情况
Jun 14 00:01:11 安慰兑币已领过
Jun 14 00:01:12 去查看【每天抽30人，每人送10京豆】的中奖情况
Jun 14 00:01:12 安慰兑币已领过
Jun 14 00:01:12 去查看【每天抽30人，每人送10京豆】的中奖情况
Jun 14 00:01:13 安慰兑币已领过
Jun 14 00:01:13 去查看【抽30人，每人送100京豆】的中奖情况
Jun 14 00:01:14 安慰兑币已领过
Jun 14 00:01:14 去查看【抽30人，每人送100京豆】的中奖情况
Jun 14 00:01:14 安慰兑币已领过
Jun 14 00:01:15 去查看【抽30人，每人送100京豆】的中奖情况
Jun 14 00:01:15 安慰兑币已领过
Jun 14 00:01:15 去查看【抽30人，每人送100京豆】的中奖情况
Jun 14 00:01:15 安慰兑币已领过
Jun 14 00:01:16 去查看【抽30人，每人送100京豆】的中奖情况
Jun 14 00:01:16 未中奖，去领取安慰兑币
Jun 14 00:01:16 去查看【抽30人，每人送100京豆】的中奖情况
Jun 14 00:01:16 已超过领取时间，下次请提前领取
Jun 14 00:01:16 未中奖，去领取安慰兑币
Jun 14 00:01:16 操作太频繁，稍后再试
Jun 14 00:01:17 去查看【每天抽30人，每人送10京豆】的中奖情况
Jun 14 00:01:17 安慰兑币已领过
Jun 14 00:01:17 去查看【每天抽30人，每人送10京豆】的中奖情况
Jun 14 00:01:17 安慰兑币已领过
Jun 14 00:01:18 去查看【抽3人，每人送10元京东卡】的中奖情况
Jun 14 00:01:18 未中奖，去领取安慰兑币
Jun 14 00:01:18 已超过领取时间，下次请提前领取
Jun 14 00:01:18 去查看【抽3人，每人送10元京东卡】的中奖情况
Jun 14 00:01:18 未中奖，去领取安慰兑币
Jun 14 00:01:18 操作太频繁，稍后再试
Jun 14 00:01:19 去查看【抽30人，每人送100京豆】的中奖情况
Jun 14 00:01:19 未中奖，去领取安慰兑币
Jun 14 00:01:19 去查看【抽30人，每人送100京豆】的中奖情况
Jun 14 00:01:19 已超过领取时间，下次请提前领取
Jun 14 00:01:19 未中奖，去领取安慰兑币
Jun 14 00:01:19 操作太频繁，稍后再试
Jun 14 00:01:20 去查看【抽3人，每人送10元京东卡】的中奖情况
Jun 14 00:01:20 安慰兑币已领过
Jun 14 00:01:20 去查看【抽3人，每人送10元京东卡】的中奖情况
Jun 14 00:01:20 安慰兑币已领过
Jun 14 00:01:21 去查看【每天抽30人，每人送10京豆】的中奖情况
Jun 14 00:01:21 安慰兑币已领过
Jun 14 00:01:21 去查看【每天抽30人，每人送10京豆】的中奖情况
Jun 14 00:01:22 安慰兑币已领过
Jun 14 00:01:22 去查看【抽30人，每人送100京豆】的中奖情况
Jun 14 00:01:23 安慰兑币已领过
Jun 14 00:01:23 去查看【抽30人，每人送100京豆】的中奖情况
Jun 14 00:01:23 安慰兑币已领过
Jun 14 00:01:25 【抽30人，每人送100京豆】未参与，去参与
Jun 14 00:01:25 成功
Jun 14 00:01:25 【抽30人，每人送100京豆】已参与，去检查任务列表
Jun 14 00:01:26 观看视频广告任务未完成，去完成
Jun 14 00:01:26 观看视频广告任务未完成，去完成
Jun 14 00:01:27 成功
Jun 14 00:01:27 操作太频繁，稍后再试
Jun 14 00:01:28 【每天抽30人，每人送10京豆】未参与，去参与
Jun 14 00:01:28 成功
Jun 14 00:01:28 【每天抽30人，每人送10京豆】未参与，去参与
Jun 14 00:01:28 操作太频繁，稍后再试
Jun 14 00:01:29 观看视频广告任务未完成，去完成
Jun 14 00:01:29 【每天抽3人，每人送10元京东卡】未参与，去参与
Jun 14 00:01:29 成功
Jun 14 00:01:30 成功
Jun 14 00:01:30 观看视频广告任务未完成，去完成
Jun 14 00:01:31 【每天抽3人，每人送10元京东卡】未参与，去参与
Jun 14 00:01:31 操作太频繁，稍后再试
Jun 14 00:01:31 成功
Jun 14 00:01:33 去领奖
Jun 14 00:01:33 任务领奖成功，获得 null 兑币
Jun 14 00:01:34 京东账号1lman87
Jun 14 00:01:34 本次运行获得 20 兑币
Jun 14 00:01:35 
Jun 14 00:01:35 ******开始【京东账号2】变速箱2019*********
Jun 14 00:01:35 
Jun 14 00:01:35 签到成功，获得 20 兑币
Jun 14 00:01:35 当前兑币：6038
Jun 14 00:01:35 去查看【抽30人，每人送100京豆】的中奖情况
Jun 14 00:01:36 未中奖，去领取安慰兑币
Jun 14 00:01:36 成功
Jun 14 00:01:36 京东账号1lman87
Jun 14 00:01:36 本次运行获得 0 兑币
Jun 14 00:01:37 去查看【抽3人，每人送10元京东卡】的中奖情况
Jun 14 00:01:37 未中奖，去领取安慰兑币
Jun 14 00:01:37 成功
Jun 14 00:01:37 
Jun 14 00:01:37 ******开始【京东账号2】变速箱2019*********
Jun 14 00:01:37 
Jun 14 00:01:37 签到失败，操作太频繁，稍后再试
Jun 14 00:01:37 当前兑币：6238
Jun 14 00:01:37 去查看【抽30人，每人送100京豆】的中奖情况
Jun 14 00:01:38 安慰兑币已领过
Jun 14 00:01:38 去查看【每天抽30人，每人送10京豆】的中奖情况
Jun 14 00:01:38 未中奖，去领取安慰兑币
Jun 14 00:01:38 成功
Jun 14 00:01:39 去查看【抽3人，每人送10元京东卡】的中奖情况
Jun 14 00:01:39 安慰兑币已领过
Jun 14 00:01:39 去查看【抽30人，每人送100京豆】的中奖情况
Jun 14 00:01:39 未中奖，去领取安慰兑币
Jun 14 00:01:39 成功
Jun 14 00:01:40 去查看【每天抽30人，每人送10京豆】的中奖情况
Jun 14 00:01:40 安慰兑币已领过
Jun 14 00:01:40 去查看【抽3人，每人送10元京东卡】的中奖情况
Jun 14 00:01:40 安慰兑币已领过
Jun 14 00:01:41 去查看【抽30人，每人送100京豆】的中奖情况
Jun 14 00:01:41 安慰兑币已领过
Jun 14 00:01:41 去查看【抽30人，每人送100京豆】的中奖情况
Jun 14 00:01:41 安慰兑币已领过
Jun 14 00:01:42 去查看【抽3人，每人送10元京东卡】的中奖情况
Jun 14 00:01:42 安慰兑币已领过
Jun 14 00:01:42 去查看【抽30人，每人送10京豆】的中奖情况
Jun 14 00:01:43 未中奖，去领取安慰兑币
Jun 14 00:01:43 已超过领取时间，下次请提前领取
Jun 14 00:01:43 去查看【抽30人，每人送100京豆】的中奖情况
Jun 14 00:01:43 安慰兑币已领过
Jun 14 00:01:44 去查看【每天抽30人，每人送10京豆】的中奖情况
Jun 14 00:01:44 未中奖，去领取安慰兑币
Jun 14 00:01:44 已超过领取时间，下次请提前领取
Jun 14 00:01:44 去查看【抽30人，每人送10京豆】的中奖情况
Jun 14 00:01:44 未中奖，去领取安慰兑币
Jun 14 00:01:44 操作太频繁，稍后再试
Jun 14 00:01:45 去查看【抽3人，每人送10元京东卡】的中奖情况
Jun 14 00:01:45 未中奖，去领取安慰兑币
Jun 14 00:01:45 已超过领取时间，下次请提前领取
Jun 14 00:01:45 去查看【每天抽30人，每人送10京豆】的中奖情况
Jun 14 00:01:45 未中奖，去领取安慰兑币
Jun 14 00:01:45 操作太频繁，稍后再试
Jun 14 00:01:46 去查看【每天抽30人，每人送10京豆】的中奖情况
Jun 14 00:01:46 安慰兑币已领过
Jun 14 00:01:46 去查看【抽3人，每人送10元京东卡】的中奖情况
Jun 14 00:01:46 未中奖，去领取安慰兑币
Jun 14 00:01:47 操作太频繁，稍后再试
Jun 14 00:01:47 去查看【每天抽30人，每人送10京豆】的中奖情况
Jun 14 00:01:47 安慰兑币已领过
Jun 14 00:01:48 去查看【每天抽30人，每人送10京豆】的中奖情况
Jun 14 00:01:48 安慰兑币已领过
Jun 14 00:01:48 去查看【抽30人，每人送100京豆】的中奖情况
Jun 14 00:01:48 安慰兑币已领过
Jun 14 00:01:49 去查看【每天抽30人，每人送10京豆】的中奖情况
Jun 14 00:01:49 安慰兑币已领过
Jun 14 00:01:49 去查看【抽30人，每人送100京豆】的中奖情况
Jun 14 00:01:49 安慰兑币已领过
Jun 14 00:01:50 去查看【抽30人，每人送100京豆】的中奖情况
Jun 14 00:01:50 安慰兑币已领过
Jun 14 00:01:50 去查看【抽30人，每人送100京豆】的中奖情况
Jun 14 00:01:51 未中奖，去领取安慰兑币
Jun 14 00:01:51 已超过领取时间，下次请提前领取
Jun 14 00:01:51 去查看【抽30人，每人送100京豆】的中奖情况
Jun 14 00:01:51 安慰兑币已领过
Jun 14 00:01:52 去查看【每天抽30人，每人送10京豆】的中奖情况
Jun 14 00:01:52 安慰兑币已领过
Jun 14 00:01:52 去查看【抽30人，每人送100京豆】的中奖情况
Jun 14 00:01:52 未中奖，去领取安慰兑币
Jun 14 00:01:52 操作太频繁，稍后再试
Jun 14 00:01:53 去查看【抽3人，每人送10元京东卡】的中奖情况
Jun 14 00:01:53 未中奖，去领取安慰兑币
Jun 14 00:01:53 已超过领取时间，下次请提前领取
Jun 14 00:01:53 去查看【每天抽30人，每人送10京豆】的中奖情况
Jun 14 00:01:53 安慰兑币已领过
Jun 14 00:01:54 去查看【抽30人，每人送100京豆】的中奖情况
Jun 14 00:01:54 未中奖，去领取安慰兑币
Jun 14 00:01:54 已超过领取时间，下次请提前领取
Jun 14 00:01:54 去查看【抽3人，每人送10元京东卡】的中奖情况
Jun 14 00:01:54 未中奖，去领取安慰兑币
Jun 14 00:01:55 操作太频繁，稍后再试
Jun 14 00:01:55 去查看【抽3人，每人送10元京东卡】的中奖情况
Jun 14 00:01:55 安慰兑币已领过
Jun 14 00:01:56 去查看【抽30人，每人送100京豆】的中奖情况
Jun 14 00:01:56 未中奖，去领取安慰兑币
Jun 14 00:01:56 操作太频繁，稍后再试
Jun 14 00:01:56 去查看【每天抽30人，每人送10京豆】的中奖情况
Jun 14 00:01:56 安慰兑币已领过
Jun 14 00:01:57 去查看【抽3人，每人送10元京东卡】的中奖情况
Jun 14 00:01:57 安慰兑币已领过
Jun 14 00:01:57 去查看【抽30人，每人送100京豆】的中奖情况
Jun 14 00:01:57 安慰兑币已领过
Jun 14 00:01:58 去查看【每天抽30人，每人送10京豆】的中奖情况
Jun 14 00:01:58 安慰兑币已领过
Jun 14 00:01:59 去查看【抽30人，每人送100京豆】的中奖情况
Jun 14 00:01:59 安慰兑币已领过
Jun 14 00:01:59 【抽30人，每人送100京豆】未参与，去参与
Jun 14 00:02:00 成功
Jun 14 00:02:01 观看视频广告任务未完成，去完成
Jun 14 00:02:01 【抽30人，每人送100京豆】已参与，去检查任务列表
Jun 14 00:02:02 成功
Jun 14 00:02:03 【每天抽30人，每人送10京豆】未参与，去参与
Jun 14 00:02:03 成功
Jun 14 00:02:03 【每天抽30人，每人送10京豆】未参与，去参与
Jun 14 00:02:03 操作太频繁，稍后再试
Jun 14 00:02:04 观看视频广告任务未完成，去完成
Jun 14 00:02:04 【每天抽3人，每人送10元京东卡】未参与，去参与
Jun 14 00:02:04 成功
Jun 14 00:02:05 成功
Jun 14 00:02:05 观看视频广告任务未完成，去完成
Jun 14 00:02:06 【每天抽3人，每人送10元京东卡】未参与，去参与
Jun 14 00:02:06 操作太频繁，稍后再试
Jun 14 00:02:06 成功
Jun 14 00:02:08 去领奖
Jun 14 00:02:08 任务领奖成功，获得 null 兑币
Jun 14 00:02:09 京东账号2变速箱2019
Jun 14 00:02:09 本次运行获得 0 兑币
Jun 14 00:02:10 
Jun 14 00:02:10 ******开始【京东账号1】的循环互助*********
Jun 14 00:02:10 
Jun 14 00:02:10 
Jun 14 00:02:10 开始助力活动id：【CY_10839】
Jun 14 00:02:10 成功
Jun 14 00:02:11 京东账号2变速箱2019
Jun 14 00:02:11 本次运行获得 20 兑币
Jun 14 00:02:11 好友今日抽奖码已达上限，请明日再来
Jun 14 00:02:12 
Jun 14 00:02:12 ******开始【京东账号1】的循环互助*********
Jun 14 00:02:12 
Jun 14 00:02:12 
Jun 14 00:02:12 开始助力活动id：【CY_10839】
Jun 14 00:02:12 操作太频繁，稍后再试
Jun 14 00:02:13 好友今日抽奖码已达上限，请明日再来
Jun 14 00:02:13 好友今日抽奖码已达上限，请明日再来
Jun 14 00:02:14 操作太频繁，稍后再试
Jun 14 00:02:14 好友今日抽奖码已达上限，请明日再来
Jun 14 00:02:15 您还没有参与这场抽奖活动
Jun 14 00:02:15 操作太频繁，稍后再试
Jun 14 00:02:16 好友今日抽奖码已达上限，请明日再来
Jun 14 00:02:16 您还没有参与这场抽奖活动
Jun 14 00:02:17 成功
Jun 14 00:02:17 好友今日抽奖码已达上限，请明日再来
Jun 14 00:02:18 您还没有参与这场抽奖活动
Jun 14 00:02:18 操作太频繁，稍后再试
Jun 14 00:02:19 您还没有参与这场抽奖活动
Jun 14 00:02:19 您还没有参与这场抽奖活动
Jun 14 00:02:20 您还没有参与这场抽奖活动
Jun 14 00:02:25 
Jun 14 00:02:25 开始助力活动id：【CY_10928】
Jun 14 00:02:25 成功
Jun 14 00:02:26 好友今日抽奖码已达上限，请明日再来
Jun 14 00:02:26 
Jun 14 00:02:26 开始助力活动id：【CY_10928】
Jun 14 00:02:26 操作太频繁，稍后再试
Jun 14 00:02:27 好友今日抽奖码已达上限，请明日再来
Jun 14 00:02:27 好友今日抽奖码已达上限，请明日再来
Jun 14 00:02:28 操作太频繁，稍后再试
Jun 14 00:02:28 好友今日抽奖码已达上限，请明日再来
Jun 14 00:02:29 您还没有参与这场抽奖活动
Jun 14 00:02:29 操作太频繁，稍后再试
Jun 14 00:02:30 好友今日抽奖码已达上限，请明日再来
Jun 14 00:02:30 您还没有参与这场抽奖活动
Jun 14 00:02:31 成功
Jun 14 00:02:32 好友今日抽奖码已达上限，请明日再来
Jun 14 00:02:32 您还没有参与这场抽奖活动
Jun 14 00:02:33 操作太频繁，稍后再试
Jun 14 00:02:33 您还没有参与这场抽奖活动
Jun 14 00:02:34 您还没有参与这场抽奖活动
Jun 14 00:02:35 您还没有参与这场抽奖活动
Jun 14 00:02:39 
Jun 14 00:02:39 开始助力活动id：【CY_10929】
Jun 14 00:02:39 成功
Jun 14 00:02:40 好友今日抽奖码已达上限，请明日再来
Jun 14 00:02:41 
Jun 14 00:02:41 开始助力活动id：【CY_10929】
Jun 14 00:02:41 操作太频繁，稍后再试
Jun 14 00:02:41 好友今日抽奖码已达上限，请明日再来
Jun 14 00:02:42 好友今日抽奖码已达上限，请明日再来
Jun 14 00:02:42 操作太频繁，稍后再试
Jun 14 00:02:43 好友今日抽奖码已达上限，请明日再来
Jun 14 00:02:43 操作太频繁，稍后再试
Jun 14 00:02:44 成功
Jun 14 00:02:44 好友今日抽奖码已达上限，请明日再来
Jun 14 00:02:45 操作太频繁，稍后再试
Jun 14 00:02:45 好友今日抽奖码已达上限，请明日再来
Jun 14 00:02:46 好友今日抽奖码已达上限，请明日再来
Jun 14 00:02:47 您还没有参与这场抽奖活动
Jun 14 00:02:47 好友今日抽奖码已达上限，请明日再来
Jun 14 00:02:48 您还没有参与这场抽奖活动
Jun 14 00:02:48 您还没有参与这场抽奖活动
Jun 14 00:02:49 您还没有参与这场抽奖活动
Jun 14 00:02:54 
Jun 14 00:02:54 ******开始【京东账号2】的循环互助*********
Jun 14 00:02:54 
Jun 14 00:02:54 
Jun 14 00:02:54 开始助力活动id：【CY_10839】
Jun 14 00:02:54 成功
Jun 14 00:02:55 好友今日抽奖码已达上限，请明日再来
Jun 14 00:02:55 
Jun 14 00:02:55 ******开始【京东账号2】的循环互助*********
Jun 14 00:02:55 
Jun 14 00:02:55 
Jun 14 00:02:55 开始助力活动id：【CY_10839】
Jun 14 00:02:55 操作太频繁，稍后再试
Jun 14 00:02:56 好友今日抽奖码已达上限，请明日再来
Jun 14 00:02:56 好友今日抽奖码已达上限，请明日再来
Jun 14 00:02:57 好友今日抽奖码已达上限，请明日再来
Jun 14 00:02:57 好友今日抽奖码已达上限，请明日再来
Jun 14 00:02:58 您还没有参与这场抽奖活动
Jun 14 00:02:58 好友今日抽奖码已达上限，请明日再来
Jun 14 00:02:59 好友今日抽奖码已达上限，请明日再来
Jun 14 00:02:59 您还没有参与这场抽奖活动
Jun 14 00:03:00 好友今日抽奖码已达上限，请明日再来
Jun 14 00:03:00 好友今日抽奖码已达上限，请明日再来
Jun 14 00:03:01 您还没有参与这场抽奖活动
Jun 14 00:03:01 好友今日抽奖码已达上限，请明日再来
Jun 14 00:03:02 您还没有参与这场抽奖活动
Jun 14 00:03:02 您还没有参与这场抽奖活动
Jun 14 00:03:03 您还没有参与这场抽奖活动
Jun 14 00:03:08 
Jun 14 00:03:08 开始助力活动id：【CY_10928】
Jun 14 00:03:08 成功
Jun 14 00:03:09 好友今日抽奖码已达上限，请明日再来
Jun 14 00:03:09 
Jun 14 00:03:09 开始助力活动id：【CY_10928】
Jun 14 00:03:09 操作太频繁，稍后再试
Jun 14 00:03:10 好友今日抽奖码已达上限，请明日再来
Jun 14 00:03:10 好友今日抽奖码已达上限，请明日再来
Jun 14 00:03:11 好友今日抽奖码已达上限，请明日再来
Jun 14 00:03:12 好友今日抽奖码已达上限，请明日再来
Jun 14 00:03:12 您还没有参与这场抽奖活动
Jun 14 00:03:13 好友今日抽奖码已达上限，请明日再来
Jun 14 00:03:13 好友今日抽奖码已达上限，请明日再来
Jun 14 00:03:14 您还没有参与这场抽奖活动
Jun 14 00:03:14 好友今日抽奖码已达上限，请明日再来
Jun 14 00:03:15 好友今日抽奖码已达上限，请明日再来
Jun 14 00:03:15 您还没有参与这场抽奖活动
Jun 14 00:03:16 好友今日抽奖码已达上限，请明日再来
Jun 14 00:03:16 您还没有参与这场抽奖活动
Jun 14 00:03:17 您还没有参与这场抽奖活动
Jun 14 00:03:18 您还没有参与这场抽奖活动
Jun 14 00:03:22 
Jun 14 00:03:22 开始助力活动id：【CY_10929】
Jun 14 00:03:22 成功
Jun 14 00:03:23 好友今日抽奖码已达上限，请明日再来
Jun 14 00:03:24 
Jun 14 00:03:24 开始助力活动id：【CY_10929】
Jun 14 00:03:24 操作太频繁，稍后再试
Jun 14 00:03:24 好友今日抽奖码已达上限，请明日再来
Jun 14 00:03:25 好友今日抽奖码已达上限，请明日再来
Jun 14 00:03:25 好友今日抽奖码已达上限，请明日再来
Jun 14 00:03:26 好友今日抽奖码已达上限，请明日再来
Jun 14 00:03:26 操作太频繁，稍后再试
Jun 14 00:03:27 好友今日抽奖码已达上限，请明日再来
Jun 14 00:03:28 好友今日抽奖码已达上限，请明日再来
Jun 14 00:03:28 操作太频繁，稍后再试
Jun 14 00:03:29 好友今日抽奖码已达上限，请明日再来
Jun 14 00:03:29 好友今日抽奖码已达上限，请明日再来
Jun 14 00:03:30 您还没有参与这场抽奖活动
Jun 14 00:03:30 好友今日抽奖码已达上限，请明日再来
Jun 14 00:03:31 您还没有参与这场抽奖活动
Jun 14 00:03:31 您还没有参与这场抽奖活动
Jun 14 00:03:32 您还没有参与这场抽奖活动
Jun 14 00:03:37 
Jun 14 00:03:37 🔔京小兑, 结束! 🕛 156.48 秒
Jun 14 00:03:37 
Jun 14 00:03:38 
Jun 14 00:03:38 🔔京小兑, 结束! 🕛 157.929 秒
Jun 14 00:03:38 
Jun 15 00:01:00 
Jun 15 00:01:00 🔔京小兑, 开始!
Jun 15 00:01:00 您的cookie选择的是用&隔开
Jun 15 00:01:00 
Jun 15 00:01:00 
Jun 15 00:01:00 ====================共有2个京东账号Cookie=========
Jun 15 00:01:00 
Jun 15 00:01:00 
Jun 15 00:01:00 🔔京小兑, 开始!
Jun 15 00:01:00 您的cookie选择的是用&隔开
Jun 15 00:01:00 
Jun 15 00:01:00 
Jun 15 00:01:00 ====================共有2个京东账号Cookie=========
Jun 15 00:01:00 
Jun 15 00:01:00 ==================脚本执行- 北京时间(UTC+8)：6/15/2021, 12:01:00 AM=====================
Jun 15 00:01:00 
Jun 15 00:01:00 ==================脚本执行- 北京时间(UTC+8)：6/15/2021, 12:01:00 AM=====================
Jun 15 00:01:00 
Jun 15 00:01:00 脚本自动把抽奖卷兑换为兑币
Jun 15 00:01:00 脚本自动把抽奖卷兑换为兑币
Jun 15 00:01:01 
Jun 15 00:01:01 ******开始【京东账号1】lman87*********
Jun 15 00:01:01 
Jun 15 00:01:01 
Jun 15 00:01:01 ******开始【京东账号1】lman87*********
Jun 15 00:01:01 
Jun 15 00:01:01 签到成功，获得 20 兑币
Jun 15 00:01:01 签到失败，操作太频繁，稍后再试
Jun 15 00:01:01 当前兑币：6467
Jun 15 00:01:01 当前兑币：6467
Jun 15 00:01:01 去查看【每天抽30人，每人送10京豆】的中奖情况
Jun 15 00:01:01 去查看【每天抽30人，每人送10京豆】的中奖情况
Jun 15 00:01:01 未中奖，去领取安慰兑币
Jun 15 00:01:01 未中奖，去领取安慰兑币
Jun 15 00:01:01 成功
Jun 15 00:01:01 操作太频繁，稍后再试
Jun 15 00:01:02 去查看【抽30人，每人送100京豆】的中奖情况
Jun 15 00:01:02 去查看【抽30人，每人送100京豆】的中奖情况
Jun 15 00:01:02 未中奖，去领取安慰兑币
Jun 15 00:01:02 未中奖，去领取安慰兑币
Jun 15 00:01:02 操作太频繁，稍后再试
Jun 15 00:01:02 成功
Jun 15 00:01:03 去查看【抽30人，每人送100京豆】的中奖情况
Jun 15 00:01:03 去查看【抽30人，每人送100京豆】的中奖情况
Jun 15 00:01:04 安慰兑币已领过
Jun 15 00:01:04 安慰兑币已领过
Jun 15 00:01:05 去查看【抽3人，每人送10元京东卡】的中奖情况
Jun 15 00:01:05 去查看【抽3人，每人送10元京东卡】的中奖情况
Jun 15 00:01:05 安慰兑币已领过
Jun 15 00:01:05 安慰兑币已领过
Jun 15 00:01:06 去查看【每天抽30人，每人送10京豆】的中奖情况
Jun 15 00:01:06 去查看【每天抽30人，每人送10京豆】的中奖情况
Jun 15 00:01:06 安慰兑币已领过
Jun 15 00:01:06 安慰兑币已领过
Jun 15 00:01:07 去查看【抽30人，每人送100京豆】的中奖情况
Jun 15 00:01:07 去查看【抽30人，每人送100京豆】的中奖情况
Jun 15 00:01:07 安慰兑币已领过
Jun 15 00:01:07 安慰兑币已领过
Jun 15 00:01:08 去查看【抽3人，每人送10元京东卡】的中奖情况
Jun 15 00:01:08 去查看【抽3人，每人送10元京东卡】的中奖情况
Jun 15 00:01:08 安慰兑币已领过
Jun 15 00:01:08 安慰兑币已领过
Jun 15 00:01:09 去查看【抽30人，每人送100京豆】的中奖情况
Jun 15 00:01:09 去查看【抽30人，每人送100京豆】的中奖情况
Jun 15 00:01:09 安慰兑币已领过
Jun 15 00:01:09 安慰兑币已领过
Jun 15 00:01:10 去查看【抽30人，每人送10京豆】的中奖情况
Jun 15 00:01:10 去查看【抽30人，每人送10京豆】的中奖情况
Jun 15 00:01:10 未中奖，去领取安慰兑币
Jun 15 00:01:10 未中奖，去领取安慰兑币
Jun 15 00:01:10 已超过领取时间，下次请提前领取
Jun 15 00:01:10 操作太频繁，稍后再试
Jun 15 00:01:11 去查看【每天抽30人，每人送10京豆】的中奖情况
Jun 15 00:01:11 去查看【每天抽30人，每人送10京豆】的中奖情况
Jun 15 00:01:11 未中奖，去领取安慰兑币
Jun 15 00:01:11 未中奖，去领取安慰兑币
Jun 15 00:01:11 已超过领取时间，下次请提前领取
Jun 15 00:01:11 操作太频繁，稍后再试
Jun 15 00:01:12 去查看【抽3人，每人送10元京东卡】的中奖情况
Jun 15 00:01:12 去查看【抽3人，每人送10元京东卡】的中奖情况
Jun 15 00:01:13 未中奖，去领取安慰兑币
Jun 15 00:01:13 未中奖，去领取安慰兑币
Jun 15 00:01:13 操作太频繁，稍后再试
Jun 15 00:01:13 已超过领取时间，下次请提前领取
Jun 15 00:01:14 去查看【每天抽30人，每人送10京豆】的中奖情况
Jun 15 00:01:14 去查看【每天抽30人，每人送10京豆】的中奖情况
Jun 15 00:01:14 安慰兑币已领过
Jun 15 00:01:14 安慰兑币已领过
Jun 15 00:01:15 去查看【每天抽30人，每人送10京豆】的中奖情况
Jun 15 00:01:15 去查看【每天抽30人，每人送10京豆】的中奖情况
Jun 15 00:01:15 安慰兑币已领过
Jun 15 00:01:15 安慰兑币已领过
Jun 15 00:01:16 去查看【抽30人，每人送100京豆】的中奖情况
Jun 15 00:01:16 去查看【抽30人，每人送100京豆】的中奖情况
Jun 15 00:01:16 安慰兑币已领过
Jun 15 00:01:16 安慰兑币已领过
Jun 15 00:01:17 去查看【抽30人，每人送100京豆】的中奖情况
Jun 15 00:01:17 去查看【抽30人，每人送100京豆】的中奖情况
Jun 15 00:01:17 安慰兑币已领过
Jun 15 00:01:17 安慰兑币已领过
Jun 15 00:01:18 去查看【抽30人，每人送100京豆】的中奖情况
Jun 15 00:01:18 去查看【抽30人，每人送100京豆】的中奖情况
Jun 15 00:01:18 未中奖，去领取安慰兑币
Jun 15 00:01:18 未中奖，去领取安慰兑币
Jun 15 00:01:18 已超过领取时间，下次请提前领取
Jun 15 00:01:18 操作太频繁，稍后再试
Jun 15 00:01:19 去查看【每天抽30人，每人送10京豆】的中奖情况
Jun 15 00:01:19 去查看【每天抽30人，每人送10京豆】的中奖情况
Jun 15 00:01:19 安慰兑币已领过
Jun 15 00:01:19 安慰兑币已领过
Jun 15 00:01:20 去查看【抽3人，每人送10元京东卡】的中奖情况
Jun 15 00:01:20 去查看【抽3人，每人送10元京东卡】的中奖情况
Jun 15 00:01:20 未中奖，去领取安慰兑币
Jun 15 00:01:21 未中奖，去领取安慰兑币
Jun 15 00:01:21 已超过领取时间，下次请提前领取
Jun 15 00:01:21 操作太频繁，稍后再试
Jun 15 00:01:22 去查看【抽30人，每人送100京豆】的中奖情况
Jun 15 00:01:22 去查看【抽30人，每人送100京豆】的中奖情况
Jun 15 00:01:22 未中奖，去领取安慰兑币
Jun 15 00:01:22 已超过领取时间，下次请提前领取
Jun 15 00:01:22 未中奖，去领取安慰兑币
Jun 15 00:01:22 操作太频繁，稍后再试
Jun 15 00:01:24 【每天抽30人，每人送10京豆】未参与，去参与
Jun 15 00:01:24 【每天抽30人，每人送10京豆】未参与，去参与
Jun 15 00:01:24 成功
Jun 15 00:01:24 操作太频繁，稍后再试
Jun 15 00:01:25 【每天抽3人，每人送10元京东卡】已参与，去检查任务列表
Jun 15 00:01:25 观看视频广告任务未完成，去完成
Jun 15 00:01:26 成功
Jun 15 00:01:27 【抽30人，每人送100京豆】未参与，去参与
Jun 15 00:01:27 【每天抽3人，每人送10元京东卡】已参与，去检查任务列表
Jun 15 00:01:27 成功
Jun 15 00:01:28 观看视频广告任务未完成，去完成
Jun 15 00:01:29 【抽30人，每人送100京豆】未参与，去参与
Jun 15 00:01:29 操作太频繁，稍后再试
Jun 15 00:01:29 成功
Jun 15 00:01:30 【抽3人，每人送10元京东卡】未参与，去参与
Jun 15 00:01:30 【抽3人，每人送10元京东卡】未参与，去参与
Jun 15 00:01:30 成功
Jun 15 00:01:30 操作太频繁，稍后再试
Jun 15 00:01:31 观看视频广告任务未完成，去完成
Jun 15 00:01:32 去领奖
Jun 15 00:01:32 成功
Jun 15 00:01:32 任务领奖成功，获得 null 兑币
Jun 15 00:01:35Jun 15 00:01:35 京东账号1lman87
 京东账号1lman87
Jun 15 00:01:35 本次运行获得 20 兑币
Jun 15 00:01:35 本次运行获得 0 兑币
Jun 15 00:01:36 
Jun 15 00:01:36 ******开始【京东账号2】jd_rkylFaEIkvBL*********
Jun 15 00:01:36 
Jun 15 00:01:36 
Jun 15 00:01:36 ******开始【京东账号2】jd_rkylFaEIkvBL*********
Jun 15 00:01:36 
Jun 15 00:01:36 签到失败，操作太频繁，稍后再试
Jun 15 00:01:36 签到成功，获得 20 兑币
Jun 15 00:01:36 当前兑币：6458
Jun 15 00:01:36 当前兑币：6458
Jun 15 00:01:36 去查看【每天抽30人，每人送10京豆】的中奖情况
Jun 15 00:01:36 去查看【每天抽30人，每人送10京豆】的中奖情况
Jun 15 00:01:37 未中奖，去领取安慰兑币
Jun 15 00:01:37 未中奖，去领取安慰兑币
Jun 15 00:01:37 成功
Jun 15 00:01:37 操作太频繁，稍后再试
Jun 15 00:01:38 去查看【抽30人，每人送100京豆】的中奖情况
Jun 15 00:01:38 去查看【抽30人，每人送100京豆】的中奖情况
Jun 15 00:01:38 未中奖，去领取安慰兑币
Jun 15 00:01:38 未中奖，去领取安慰兑币
Jun 15 00:01:38 成功
Jun 15 00:01:38 操作太频繁，稍后再试
Jun 15 00:01:39 去查看【抽30人，每人送100京豆】的中奖情况
Jun 15 00:01:39 去查看【抽30人，每人送100京豆】的中奖情况
Jun 15 00:01:39 安慰兑币已领过
Jun 15 00:01:39 安慰兑币已领过
Jun 15 00:01:40 去查看【抽3人，每人送10元京东卡】的中奖情况
Jun 15 00:01:40 去查看【抽3人，每人送10元京东卡】的中奖情况
Jun 15 00:01:40 安慰兑币已领过
Jun 15 00:01:40 安慰兑币已领过
Jun 15 00:01:41 去查看【每天抽30人，每人送10京豆】的中奖情况
Jun 15 00:01:41 去查看【每天抽30人，每人送10京豆】的中奖情况
Jun 15 00:01:41 安慰兑币已领过
Jun 15 00:01:41 安慰兑币已领过
Jun 15 00:01:42 去查看【抽30人，每人送100京豆】的中奖情况
Jun 15 00:01:42 去查看【抽30人，每人送100京豆】的中奖情况
Jun 15 00:01:42 安慰兑币已领过
Jun 15 00:01:42 安慰兑币已领过
Jun 15 00:01:43 去查看【抽3人，每人送10元京东卡】的中奖情况
Jun 15 00:01:43 去查看【抽3人，每人送10元京东卡】的中奖情况
Jun 15 00:01:43 安慰兑币已领过
Jun 15 00:01:43 安慰兑币已领过
Jun 15 00:01:44 去查看【抽30人，每人送100京豆】的中奖情况
Jun 15 00:01:44 去查看【抽30人，每人送100京豆】的中奖情况
Jun 15 00:01:45 安慰兑币已领过
Jun 15 00:01:45 安慰兑币已领过
Jun 15 00:01:46 去查看【抽30人，每人送10京豆】的中奖情况
Jun 15 00:01:46 去查看【抽30人，每人送10京豆】的中奖情况
Jun 15 00:01:46 未中奖，去领取安慰兑币
Jun 15 00:01:46 未中奖，去领取安慰兑币
Jun 15 00:01:46 已超过领取时间，下次请提前领取
Jun 15 00:01:46 操作太频繁，稍后再试
Jun 15 00:01:47 去查看【每天抽30人，每人送10京豆】的中奖情况
Jun 15 00:01:47 去查看【每天抽30人，每人送10京豆】的中奖情况
Jun 15 00:01:47 未中奖，去领取安慰兑币
Jun 15 00:01:47 未中奖，去领取安慰兑币
Jun 15 00:01:47 已超过领取时间，下次请提前领取
Jun 15 00:01:47 操作太频繁，稍后再试
Jun 15 00:01:48 去查看【抽3人，每人送10元京东卡】的中奖情况
Jun 15 00:01:48 去查看【抽3人，每人送10元京东卡】的中奖情况
Jun 15 00:01:48 未中奖，去领取安慰兑币
Jun 15 00:01:48 未中奖，去领取安慰兑币
Jun 15 00:01:48 已超过领取时间，下次请提前领取
Jun 15 00:01:48 操作太频繁，稍后再试
Jun 15 00:01:49 去查看【每天抽30人，每人送10京豆】的中奖情况
Jun 15 00:01:49 去查看【每天抽30人，每人送10京豆】的中奖情况
Jun 15 00:01:49 安慰兑币已领过
Jun 15 00:01:49 安慰兑币已领过
Jun 15 00:01:50 去查看【每天抽30人，每人送10京豆】的中奖情况
Jun 15 00:01:50 去查看【每天抽30人，每人送10京豆】的中奖情况
Jun 15 00:01:50 安慰兑币已领过
Jun 15 00:01:50 安慰兑币已领过
Jun 15 00:01:51 去查看【抽30人，每人送100京豆】的中奖情况
Jun 15 00:01:51 去查看【抽30人，每人送100京豆】的中奖情况
Jun 15 00:01:51 安慰兑币已领过
Jun 15 00:01:51 安慰兑币已领过
Jun 15 00:01:52 去查看【抽30人，每人送100京豆】的中奖情况
Jun 15 00:01:52 去查看【抽30人，每人送100京豆】的中奖情况
Jun 15 00:01:53 安慰兑币已领过
Jun 15 00:01:53 安慰兑币已领过
Jun 15 00:01:54 去查看【抽30人，每人送100京豆】的中奖情况
Jun 15 00:01:54 去查看【抽30人，每人送100京豆】的中奖情况
Jun 15 00:01:54 未中奖，去领取安慰兑币
Jun 15 00:01:54 未中奖，去领取安慰兑币
Jun 15 00:01:54 操作太频繁，稍后再试
Jun 15 00:01:54 已超过领取时间，下次请提前领取
Jun 15 00:01:55 去查看【每天抽30人，每人送10京豆】的中奖情况
Jun 15 00:01:55 去查看【每天抽30人，每人送10京豆】的中奖情况
Jun 15 00:01:55 安慰兑币已领过
Jun 15 00:01:55 安慰兑币已领过
Jun 15 00:01:56 去查看【抽3人，每人送10元京东卡】的中奖情况
Jun 15 00:01:56 去查看【抽3人，每人送10元京东卡】的中奖情况
Jun 15 00:01:56 未中奖，去领取安慰兑币
Jun 15 00:01:56 未中奖，去领取安慰兑币
Jun 15 00:01:56 已超过领取时间，下次请提前领取
Jun 15 00:01:56 操作太频繁，稍后再试
Jun 15 00:01:57 去查看【抽30人，每人送100京豆】的中奖情况
Jun 15 00:01:57 去查看【抽30人，每人送100京豆】的中奖情况
Jun 15 00:01:57 未中奖，去领取安慰兑币
Jun 15 00:01:57 未中奖，去领取安慰兑币
Jun 15 00:01:57 已超过领取时间，下次请提前领取
Jun 15 00:01:57 操作太频繁，稍后再试
Jun 15 00:01:59 【每天抽30人，每人送10京豆】未参与，去参与
Jun 15 00:01:59 【每天抽30人，每人送10京豆】未参与，去参与
Jun 15 00:01:59 成功
Jun 15 00:01:59 操作太频繁，稍后再试
Jun 15 00:02:00 【每天抽3人，每人送10元京东卡】已参与，去检查任务列表
Jun 15 00:02:00 观看视频广告任务未完成，去完成
Jun 15 00:02:01 成功
Jun 15 00:02:02 【抽30人，每人送100京豆】未参与，去参与
Jun 15 00:02:02 【每天抽3人，每人送10元京东卡】已参与，去检查任务列表
Jun 15 00:02:02 成功
Jun 15 00:02:03 观看视频广告任务未完成，去完成
Jun 15 00:02:04 【抽30人，每人送100京豆】未参与，去参与
Jun 15 00:02:04 操作太频繁，稍后再试
Jun 15 00:02:04 成功
Jun 15 00:02:05 【抽3人，每人送10元京东卡】未参与，去参与
Jun 15 00:02:05 【抽3人，每人送10元京东卡】未参与，去参与
Jun 15 00:02:05 成功
Jun 15 00:02:05 操作太频繁，稍后再试
Jun 15 00:02:06 观看视频广告任务未完成，去完成
Jun 15 00:02:07 去领奖
Jun 15 00:02:08 任务领奖成功，获得 null 兑币
Jun 15 00:02:08 成功
Jun 15 00:02:11 京东账号2jd_rkylFaEIkvBL
Jun 15 00:02:11 本次运行获得 0 兑币
Jun 15 00:02:11 京东账号2jd_rkylFaEIkvBL
Jun 15 00:02:11 本次运行获得 20 兑币
Jun 15 00:02:12 
Jun 15 00:02:12 ******开始【京东账号1】的循环互助*********
Jun 15 00:02:12 
Jun 15 00:02:12 
Jun 15 00:02:12 开始助力活动id：【CY_10931】
Jun 15 00:02:12 
Jun 15 00:02:12 ******开始【京东账号1】的循环互助*********
Jun 15 00:02:12 
Jun 15 00:02:12 
Jun 15 00:02:12 开始助力活动id：【CY_10931】
Jun 15 00:02:12 成功
Jun 15 00:02:12 操作太频繁，稍后再试
Jun 15 00:02:13 好友今日抽奖码已达上限，请明日再来
Jun 15 00:02:13 好友今日抽奖码已达上限，请明日再来
Jun 15 00:02:14 好友今日抽奖码已达上限，请明日再来
Jun 15 00:02:14 好友今日抽奖码已达上限，请明日再来
Jun 15 00:02:15 好友今日抽奖码已达上限，请明日再来
Jun 15 00:02:15 好友今日抽奖码已达上限，请明日再来
Jun 15 00:02:16 您还没有参与这场抽奖活动
Jun 15 00:02:16 您还没有参与这场抽奖活动
Jun 15 00:02:17 好友今日抽奖码已达上限，请明日再来
Jun 15 00:02:17 好友今日抽奖码已达上限，请明日再来
Jun 15 00:02:18 操作太频繁，稍后再试
Jun 15 00:02:18 操作太频繁，稍后再试
Jun 15 00:02:19 您还没有参与这场抽奖活动
Jun 15 00:02:19 您还没有参与这场抽奖活动
Jun 15 00:02:20 您还没有参与这场抽奖活动
Jun 15 00:02:20 您还没有参与这场抽奖活动
Jun 15 00:02:26 
Jun 15 00:02:26 开始助力活动id：【CY_10929】
Jun 15 00:02:26 
Jun 15 00:02:26 开始助力活动id：【CY_10929】
Jun 15 00:02:26 已经助力过了
Jun 15 00:02:26 操作太频繁，稍后再试
Jun 15 00:02:27 好友今日抽奖码已达上限，请明日再来
Jun 15 00:02:27 好友今日抽奖码已达上限，请明日再来
Jun 15 00:02:28 好友今日抽奖码已达上限，请明日再来
Jun 15 00:02:28 好友今日抽奖码已达上限，请明日再来
Jun 15 00:02:29 好友今日抽奖码已达上限，请明日再来
Jun 15 00:02:29 好友今日抽奖码已达上限，请明日再来
Jun 15 00:02:30 操作太频繁，稍后再试
Jun 15 00:02:30 操作太频繁，稍后再试
Jun 15 00:02:31 好友今日抽奖码已达上限，请明日再来
Jun 15 00:02:31 好友今日抽奖码已达上限，请明日再来
Jun 15 00:02:32 好友今日抽奖码已达上限，请明日再来
Jun 15 00:02:32 好友今日抽奖码已达上限，请明日再来
Jun 15 00:02:33 您还没有参与这场抽奖活动
Jun 15 00:02:33 您还没有参与这场抽奖活动
Jun 15 00:02:34 您还没有参与这场抽奖活动
Jun 15 00:02:34 您还没有参与这场抽奖活动
Jun 15 00:02:40 
Jun 15 00:02:40 开始助力活动id：【CY_10840】
Jun 15 00:02:40 
Jun 15 00:02:40 开始助力活动id：【CY_10840】
Jun 15 00:02:40 成功
Jun 15 00:02:40 操作太频繁，稍后再试
Jun 15 00:02:41 好友今日抽奖码已达上限，请明日再来
Jun 15 00:02:41 好友今日抽奖码已达上限，请明日再来
Jun 15 00:02:42 好友今日抽奖码已达上限，请明日再来
Jun 15 00:02:43 好友今日抽奖码已达上限，请明日再来
Jun 15 00:02:44 好友今日抽奖码已达上限，请明日再来
Jun 15 00:02:44 好友今日抽奖码已达上限，请明日再来
Jun 15 00:02:45 您还没有参与这场抽奖活动
Jun 15 00:02:45 您还没有参与这场抽奖活动
Jun 15 00:02:46 好友今日抽奖码已达上限，请明日再来
Jun 15 00:02:46 好友今日抽奖码已达上限，请明日再来
Jun 15 00:02:47 好友今日抽奖码已达上限，请明日再来
Jun 15 00:02:47 好友今日抽奖码已达上限，请明日再来
Jun 15 00:02:48 您还没有参与这场抽奖活动
Jun 15 00:02:48 您还没有参与这场抽奖活动
Jun 15 00:02:49 您还没有参与这场抽奖活动
Jun 15 00:02:49 您还没有参与这场抽奖活动
Jun 15 00:02:55 
Jun 15 00:02:55 开始助力活动id：【CY_10932】
Jun 15 00:02:55 
Jun 15 00:02:55 开始助力活动id：【CY_10932】
Jun 15 00:02:55 操作太频繁，稍后再试
Jun 15 00:02:55 成功
Jun 15 00:02:56 好友今日抽奖码已达上限，请明日再来
Jun 15 00:02:56 好友今日抽奖码已达上限，请明日再来
Jun 15 00:02:57 好友今日抽奖码已达上限，请明日再来
Jun 15 00:02:57 好友今日抽奖码已达上限，请明日再来
Jun 15 00:02:58 好友今日抽奖码已达上限，请明日再来
Jun 15 00:02:58 好友今日抽奖码已达上限，请明日再来
Jun 15 00:02:59 操作太频繁，稍后再试
Jun 15 00:02:59 操作太频繁，稍后再试
Jun 15 00:03:00 好友今日抽奖码已达上限，请明日再来
Jun 15 00:03:00 好友今日抽奖码已达上限，请明日再来
Jun 15 00:03:01 好友今日抽奖码已达上限，请明日再来
Jun 15 00:03:01 好友今日抽奖码已达上限，请明日再来
Jun 15 00:03:02 您还没有参与这场抽奖活动
Jun 15 00:03:02 您还没有参与这场抽奖活动
Jun 15 00:03:03 您还没有参与这场抽奖活动
Jun 15 00:03:03 您还没有参与这场抽奖活动
Jun 15 00:03:09 
Jun 15 00:03:09 ******开始【京东账号2】的循环互助*********
Jun 15 00:03:09 
Jun 15 00:03:09 
Jun 15 00:03:09 开始助力活动id：【CY_10931】
Jun 15 00:03:09 
Jun 15 00:03:09 ******开始【京东账号2】的循环互助*********
Jun 15 00:03:09 
Jun 15 00:03:09 
Jun 15 00:03:09 开始助力活动id：【CY_10931】
Jun 15 00:03:09 操作太频繁，稍后再试
Jun 15 00:03:09 成功
Jun 15 00:03:10 好友今日抽奖码已达上限，请明日再来
Jun 15 00:03:10 好友今日抽奖码已达上限，请明日再来
Jun 15 00:03:11 好友今日抽奖码已达上限，请明日再来
Jun 15 00:03:11 好友今日抽奖码已达上限，请明日再来
Jun 15 00:03:12 好友今日抽奖码已达上限，请明日再来
Jun 15 00:03:12 好友今日抽奖码已达上限，请明日再来
Jun 15 00:03:13 您还没有参与这场抽奖活动
Jun 15 00:03:13 您还没有参与这场抽奖活动
Jun 15 00:03:14 好友今日抽奖码已达上限，请明日再来
Jun 15 00:03:14 好友今日抽奖码已达上限，请明日再来
Jun 15 00:03:15 好友今日抽奖码已达上限，请明日再来
Jun 15 00:03:15 好友今日抽奖码已达上限，请明日再来
Jun 15 00:03:16 您还没有参与这场抽奖活动
Jun 15 00:03:16 您还没有参与这场抽奖活动
Jun 15 00:03:17 您还没有参与这场抽奖活动
Jun 15 00:03:17 您还没有参与这场抽奖活动
Jun 15 00:03:23 
Jun 15 00:03:23 开始助力活动id：【CY_10929】
Jun 15 00:03:23 
Jun 15 00:03:23 开始助力活动id：【CY_10929】
Jun 15 00:03:23 已经助力过了
Jun 15 00:03:23 操作太频繁，稍后再试
Jun 15 00:03:25 好友今日抽奖码已达上限，请明日再来
Jun 15 00:03:25 好友今日抽奖码已达上限，请明日再来
Jun 15 00:03:26 好友今日抽奖码已达上限，请明日再来
Jun 15 00:03:26 好友今日抽奖码已达上限，请明日再来
Jun 15 00:03:27 好友今日抽奖码已达上限，请明日再来
Jun 15 00:03:27 好友今日抽奖码已达上限，请明日再来
Jun 15 00:03:28 操作太频繁，稍后再试
Jun 15 00:03:28 操作太频繁，稍后再试
Jun 15 00:03:29 好友今日抽奖码已达上限，请明日再来
Jun 15 00:03:29 好友今日抽奖码已达上限，请明日再来
Jun 15 00:03:30 好友今日抽奖码已达上限，请明日再来
Jun 15 00:03:30 好友今日抽奖码已达上限，请明日再来
Jun 15 00:03:31 您还没有参与这场抽奖活动
Jun 15 00:03:31 您还没有参与这场抽奖活动
Jun 15 00:03:32 您还没有参与这场抽奖活动
Jun 15 00:03:32 您还没有参与这场抽奖活动
Jun 15 00:03:38 
Jun 15 00:03:38 开始助力活动id：【CY_10840】
Jun 15 00:03:38 
Jun 15 00:03:38 开始助力活动id：【CY_10840】
Jun 15 00:03:38 操作太频繁，稍后再试
Jun 15 00:03:38 成功
Jun 15 00:03:39 好友今日抽奖码已达上限，请明日再来
Jun 15 00:03:39 好友今日抽奖码已达上限，请明日再来
Jun 15 00:03:40 好友今日抽奖码已达上限，请明日再来
Jun 15 00:03:40 好友今日抽奖码已达上限，请明日再来
Jun 15 00:03:41 好友今日抽奖码已达上限，请明日再来
Jun 15 00:03:41 好友今日抽奖码已达上限，请明日再来
Jun 15 00:03:42 您还没有参与这场抽奖活动
Jun 15 00:03:42 您还没有参与这场抽奖活动
Jun 15 00:03:43 好友今日抽奖码已达上限，请明日再来
Jun 15 00:03:43 好友今日抽奖码已达上限，请明日再来
Jun 15 00:03:44 好友今日抽奖码已达上限，请明日再来
Jun 15 00:03:44 好友今日抽奖码已达上限，请明日再来
Jun 15 00:03:45 您还没有参与这场抽奖活动
Jun 15 00:03:45 您还没有参与这场抽奖活动
Jun 15 00:03:46 您还没有参与这场抽奖活动
Jun 15 00:03:46 您还没有参与这场抽奖活动
Jun 15 00:03:52 
Jun 15 00:03:52 开始助力活动id：【CY_10932】
Jun 15 00:03:52 成功
Jun 15 00:03:52 
Jun 15 00:03:52 开始助力活动id：【CY_10932】
Jun 15 00:03:52 操作太频繁，稍后再试
Jun 15 00:03:53 好友今日抽奖码已达上限，请明日再来
Jun 15 00:03:53 好友今日抽奖码已达上限，请明日再来
Jun 15 00:03:54 好友今日抽奖码已达上限，请明日再来
Jun 15 00:03:54 好友今日抽奖码已达上限，请明日再来
Jun 15 00:03:55 好友今日抽奖码已达上限，请明日再来
Jun 15 00:03:55 好友今日抽奖码已达上限，请明日再来
Jun 15 00:03:56 操作太频繁，稍后再试
Jun 15 00:03:56 操作太频繁，稍后再试
Jun 15 00:03:57 好友今日抽奖码已达上限，请明日再来
Jun 15 00:03:57 好友今日抽奖码已达上限，请明日再来
Jun 15 00:03:58 好友今日抽奖码已达上限，请明日再来
Jun 15 00:03:58 好友今日抽奖码已达上限，请明日再来
Jun 15 00:03:59 您还没有参与这场抽奖活动
Jun 15 00:04:00 您还没有参与这场抽奖活动
Jun 15 00:04:01 您还没有参与这场抽奖活动
Jun 15 00:04:01 您还没有参与这场抽奖活动
Jun 15 00:04:07 
Jun 15 00:04:07 🔔京小兑, 结束! 🕛 186.362 秒
Jun 15 00:04:07 
Jun 15 00:04:07 
Jun 15 00:04:07 🔔京小兑, 结束! 🕛 186.442 秒
Jun 15 00:04:07 
