Jun 14 00:00:00 
Jun 14 00:00:00 🔔宠汪汪积分兑换奖品, 开始!
Jun 14 00:00:00 您的cookie选择的是用&隔开
Jun 14 00:00:00 
Jun 14 00:00:00 
Jun 14 00:00:00 ====================共有2个京东账号Cookie=========
Jun 14 00:00:00 
Jun 14 00:00:01 ==================脚本执行- 北京时间(UTC+8)：6/14/2021, 12:00:00 AM=====================
Jun 14 00:00:01 
Jun 14 00:00:01 
Jun 14 00:00:01 🔔宠汪汪积分兑换奖品, 开始!
Jun 14 00:00:01 您的cookie选择的是用&隔开
Jun 14 00:00:01 
Jun 14 00:00:01 
Jun 14 00:00:01 ====================共有2个京东账号Cookie=========
Jun 14 00:00:01 
Jun 14 00:00:01 ==================脚本执行- 北京时间(UTC+8)：6/14/2021, 12:00:01 AM=====================
Jun 14 00:00:01 
Jun 14 00:00:02 
Jun 14 00:00:02 *****开始【京东账号1】lman87****
Jun 14 00:00:02 
Jun 14 00:00:02 脚本开始请求时间 2021-06-14 00:00:02 | 430
Jun 14 00:00:02 
Jun 14 00:00:02 debug场次:beanConfigs0
Jun 14 00:00:02 
Jun 14 00:00:02 20京豆当前库存:19261，id：342
Jun 14 00:00:02 500京豆当前库存:0，id：343
Jun 14 00:00:02 
Jun 14 00:00:02 您设置了不兑换京豆,如需兑换京豆，请去BoxJs处设置或修改joyRewardName代码或设置环境变量 JD_JOY_REWARD_NAME
Jun 14 00:00:02 
Jun 14 00:00:02 *****开始【京东账号2】jd_rkylFaEIkvBL****
Jun 14 00:00:02 
Jun 14 00:00:02 脚本开始请求时间 2021-06-14 00:00:02 | 969
Jun 14 00:00:03 
Jun 14 00:00:03 *****开始【京东账号1】lman87****
Jun 14 00:00:03 
Jun 14 00:00:03 脚本开始请求时间 2021-06-14 00:00:03 | 124
Jun 14 00:00:03 
Jun 14 00:00:03 debug场次:beanConfigs0
Jun 14 00:00:03 
Jun 14 00:00:03 20京豆当前库存:19041，id：342
Jun 14 00:00:03 500京豆当前库存:0，id：343
Jun 14 00:00:03 
Jun 14 00:00:03 您设置了不兑换京豆,如需兑换京豆，请去BoxJs处设置或修改joyRewardName代码或设置环境变量 JD_JOY_REWARD_NAME
Jun 14 00:00:03 
Jun 14 00:00:03 *****开始【京东账号2】jd_rkylFaEIkvBL****
Jun 14 00:00:03 
Jun 14 00:00:03 脚本开始请求时间 2021-06-14 00:00:03 | 490
Jun 14 00:00:03 
Jun 14 00:00:03 debug场次:beanConfigs0
Jun 14 00:00:03 
Jun 14 00:00:03 20京豆当前库存:9155，id：338
Jun 14 00:00:03 500京豆当前库存:0，id：339
Jun 14 00:00:03 
Jun 14 00:00:03 您设置了不兑换京豆,如需兑换京豆，请去BoxJs处设置或修改joyRewardName代码或设置环境变量 JD_JOY_REWARD_NAME
Jun 14 00:00:03 
Jun 14 00:00:03 🔔宠汪汪积分兑换奖品, 结束! 🕛 2.247 秒
Jun 14 00:00:03 
Jun 14 00:00:06 
Jun 14 00:00:06 debug场次:beanConfigs0
Jun 14 00:00:06 
Jun 14 00:00:06 20京豆当前库存:7357，id：338
Jun 14 00:00:06 500京豆当前库存:0，id：339
Jun 14 00:00:06 
Jun 14 00:00:06 您设置了不兑换京豆,如需兑换京豆，请去BoxJs处设置或修改joyRewardName代码或设置环境变量 JD_JOY_REWARD_NAME
Jun 14 00:00:06 
Jun 14 00:00:06 🔔宠汪汪积分兑换奖品, 结束! 🕛 5.479 秒
Jun 14 00:00:06 
Jun 14 08:00:00 
Jun 14 08:00:00 🔔宠汪汪积分兑换奖品, 开始!
Jun 14 08:00:00 您的cookie选择的是用&隔开
Jun 14 08:00:00 
Jun 14 08:00:00 
Jun 14 08:00:00 ====================共有2个京东账号Cookie=========
Jun 14 08:00:00 
Jun 14 08:00:00 
Jun 14 08:00:00 🔔宠汪汪积分兑换奖品, 开始!
Jun 14 08:00:00 您的cookie选择的是用&隔开
Jun 14 08:00:00 
Jun 14 08:00:00 
Jun 14 08:00:00 ====================共有2个京东账号Cookie=========
Jun 14 08:00:00 
Jun 14 08:00:00 ==================脚本执行- 北京时间(UTC+8)：6/14/2021, 8:00:00 AM=====================
Jun 14 08:00:00 
Jun 14 08:00:00 ==================脚本执行- 北京时间(UTC+8)：6/14/2021, 8:00:00 AM=====================
Jun 14 08:00:00 
Jun 14 08:00:00 
Jun 14 08:00:00 *****开始【京东账号1】lman87****
Jun 14 08:00:00 
Jun 14 08:00:00 脚本开始请求时间 2021-06-14 08:00:00 | 923
Jun 14 08:00:00 
Jun 14 08:00:00 *****开始【京东账号1】lman87****
Jun 14 08:00:00 
Jun 14 08:00:00 脚本开始请求时间 2021-06-14 08:00:00 | 976
Jun 14 08:00:01 
Jun 14 08:00:01 debug场次:beanConfigs8
Jun 14 08:00:01 
Jun 14 08:00:01 20京豆当前库存:0，id：342
Jun 14 08:00:01 500京豆当前库存:0，id：343
Jun 14 08:00:01 
Jun 14 08:00:01 您设置了不兑换京豆,如需兑换京豆，请去BoxJs处设置或修改joyRewardName代码或设置环境变量 JD_JOY_REWARD_NAME
Jun 14 08:00:01 
Jun 14 08:00:01 debug场次:beanConfigs8
Jun 14 08:00:01 
Jun 14 08:00:01 20京豆当前库存:0，id：342
Jun 14 08:00:01 500京豆当前库存:0，id：343
Jun 14 08:00:01 
Jun 14 08:00:01 您设置了不兑换京豆,如需兑换京豆，请去BoxJs处设置或修改joyRewardName代码或设置环境变量 JD_JOY_REWARD_NAME
Jun 14 08:00:01 
Jun 14 08:00:01 *****开始【京东账号2】jd_rkylFaEIkvBL****
Jun 14 08:00:01 
Jun 14 08:00:01 脚本开始请求时间 2021-06-14 08:00:01 | 258
Jun 14 08:00:01 
Jun 14 08:00:01 *****开始【京东账号2】jd_rkylFaEIkvBL****
Jun 14 08:00:01 
Jun 14 08:00:01 脚本开始请求时间 2021-06-14 08:00:01 | 285
Jun 14 08:00:01 
Jun 14 08:00:01 debug场次:beanConfigs8
Jun 14 08:00:01 
Jun 14 08:00:01 20京豆当前库存:0，id：338
Jun 14 08:00:01 500京豆当前库存:0，id：339
Jun 14 08:00:01 
Jun 14 08:00:01 您设置了不兑换京豆,如需兑换京豆，请去BoxJs处设置或修改joyRewardName代码或设置环境变量 JD_JOY_REWARD_NAME
Jun 14 08:00:01 
Jun 14 08:00:01 🔔宠汪汪积分兑换奖品, 结束! 🕛 0.788 秒
Jun 14 08:00:01 
Jun 14 08:00:01 
Jun 14 08:00:01 debug场次:beanConfigs8
Jun 14 08:00:01 
Jun 14 08:00:01 20京豆当前库存:0，id：338
Jun 14 08:00:01 500京豆当前库存:0，id：339
Jun 14 08:00:01 
Jun 14 08:00:01 您设置了不兑换京豆,如需兑换京豆，请去BoxJs处设置或修改joyRewardName代码或设置环境变量 JD_JOY_REWARD_NAME
Jun 14 08:00:01 
Jun 14 08:00:01 🔔宠汪汪积分兑换奖品, 结束! 🕛 0.771 秒
Jun 14 08:00:01 
Jun 14 16:00:00 
Jun 14 16:00:00 🔔宠汪汪积分兑换奖品, 开始!
Jun 14 16:00:00 您的cookie选择的是用&隔开
Jun 14 16:00:00 
Jun 14 16:00:00 
Jun 14 16:00:00 ====================共有2个京东账号Cookie=========
Jun 14 16:00:00 
Jun 14 16:00:00 
Jun 14 16:00:00 🔔宠汪汪积分兑换奖品, 开始!
Jun 14 16:00:00 您的cookie选择的是用&隔开
Jun 14 16:00:00 
Jun 14 16:00:00 
Jun 14 16:00:00 ====================共有2个京东账号Cookie=========
Jun 14 16:00:00 
Jun 14 16:00:00 ==================脚本执行- 北京时间(UTC+8)：6/14/2021, 4:00:00 PM=====================
Jun 14 16:00:00 
Jun 14 16:00:00 ==================脚本执行- 北京时间(UTC+8)：6/14/2021, 4:00:00 PM=====================
Jun 14 16:00:00 
Jun 14 16:00:01 
Jun 14 16:00:01 *****开始【京东账号1】lman87****
Jun 14 16:00:01 
Jun 14 16:00:01 脚本开始请求时间 2021-06-14 16:00:01 | 606
Jun 14 16:00:01 
Jun 14 16:00:01 *****开始【京东账号1】lman87****
Jun 14 16:00:01 
Jun 14 16:00:01 脚本开始请求时间 2021-06-14 16:00:01 | 657
Jun 14 16:00:01 
Jun 14 16:00:01 debug场次:beanConfigs16
Jun 14 16:00:01 
Jun 14 16:00:01 20京豆当前库存:0，id：342
Jun 14 16:00:01 500京豆当前库存:0，id：343
Jun 14 16:00:01 
Jun 14 16:00:01 您设置了不兑换京豆,如需兑换京豆，请去BoxJs处设置或修改joyRewardName代码或设置环境变量 JD_JOY_REWARD_NAME
Jun 14 16:00:01 
Jun 14 16:00:01 debug场次:beanConfigs16
Jun 14 16:00:01 
Jun 14 16:00:01 20京豆当前库存:0，id：342
Jun 14 16:00:01 500京豆当前库存:0，id：343
Jun 14 16:00:01 
Jun 14 16:00:01 您设置了不兑换京豆,如需兑换京豆，请去BoxJs处设置或修改joyRewardName代码或设置环境变量 JD_JOY_REWARD_NAME
Jun 14 16:00:01 
Jun 14 16:00:01 *****开始【京东账号2】jd_rkylFaEIkvBL****
Jun 14 16:00:01 
Jun 14 16:00:01 脚本开始请求时间 2021-06-14 16:00:01 | 948
Jun 14 16:00:01 
Jun 14 16:00:01 *****开始【京东账号2】jd_rkylFaEIkvBL****
Jun 14 16:00:01 
Jun 14 16:00:01 脚本开始请求时间 2021-06-14 16:00:01 | 988
Jun 14 16:00:02 
Jun 14 16:00:02 debug场次:beanConfigs16
Jun 14 16:00:02 
Jun 14 16:00:02 20京豆当前库存:0，id：338
Jun 14 16:00:02 500京豆当前库存:0，id：339
Jun 14 16:00:02 
Jun 14 16:00:02 您设置了不兑换京豆,如需兑换京豆，请去BoxJs处设置或修改joyRewardName代码或设置环境变量 JD_JOY_REWARD_NAME
Jun 14 16:00:02 
Jun 14 16:00:02 🔔宠汪汪积分兑换奖品, 结束! 🕛 1.25 秒
Jun 14 16:00:02 
Jun 14 16:00:02 
Jun 14 16:00:02 debug场次:beanConfigs16
Jun 14 16:00:02 
Jun 14 16:00:02 20京豆当前库存:0，id：338
Jun 14 16:00:02 500京豆当前库存:0，id：339
Jun 14 16:00:02 
Jun 14 16:00:02 您设置了不兑换京豆,如需兑换京豆，请去BoxJs处设置或修改joyRewardName代码或设置环境变量 JD_JOY_REWARD_NAME
Jun 14 16:00:02 
Jun 14 16:00:02 🔔宠汪汪积分兑换奖品, 结束! 🕛 1.222 秒
Jun 14 16:00:02 
Jun 15 00:00:00 
Jun 15 00:00:00 🔔宠汪汪积分兑换奖品, 开始!
Jun 15 00:00:00 您的cookie选择的是用&隔开
Jun 15 00:00:00 
Jun 15 00:00:00 
Jun 15 00:00:00 ====================共有2个京东账号Cookie=========
Jun 15 00:00:00 
Jun 15 00:00:00 ==================脚本执行- 北京时间(UTC+8)：6/15/2021, 12:00:00 AM=====================
Jun 15 00:00:00 
Jun 15 00:00:00 
Jun 15 00:00:00 🔔宠汪汪积分兑换奖品, 开始!
Jun 15 00:00:00 您的cookie选择的是用&隔开
Jun 15 00:00:00 
Jun 15 00:00:00 
Jun 15 00:00:00 ====================共有2个京东账号Cookie=========
Jun 15 00:00:00 
Jun 15 00:00:00 ==================脚本执行- 北京时间(UTC+8)：6/15/2021, 12:00:00 AM=====================
Jun 15 00:00:00 
Jun 15 00:00:01 
Jun 15 00:00:01 *****开始【京东账号1】lman87****
Jun 15 00:00:01 
Jun 15 00:00:01 脚本开始请求时间 2021-06-15 00:00:01 | 874
Jun 15 00:00:02 
Jun 15 00:00:02 *****开始【京东账号1】lman87****
Jun 15 00:00:02 
Jun 15 00:00:02 脚本开始请求时间 2021-06-15 00:00:02 | 234
Jun 15 00:00:02 
Jun 15 00:00:02 debug场次:beanConfigs0
Jun 15 00:00:02 
Jun 15 00:00:02 20京豆当前库存:19357，id：342
Jun 15 00:00:02 500京豆当前库存:0，id：343
Jun 15 00:00:02 
Jun 15 00:00:02 按您设置的兑换500京豆失败，原因：京豆库存不足，已抢完，请下一场再兑换
Jun 15 00:00:02 
Jun 15 00:00:02 
Jun 15 00:00:02 *****开始【京东账号2】jd_rkylFaEIkvBL****
Jun 15 00:00:02 
Jun 15 00:00:02 脚本开始请求时间 2021-06-15 00:00:02 | 587
Jun 15 00:00:02 
Jun 15 00:00:02 debug场次:beanConfigs0
Jun 15 00:00:02 
Jun 15 00:00:02 20京豆当前库存:9461，id：338
Jun 15 00:00:02 500京豆当前库存:0，id：339
Jun 15 00:00:02 
Jun 15 00:00:02 按您设置的兑换500京豆失败，原因：京豆库存不足，已抢完，请下一场再兑换
Jun 15 00:00:02 
Jun 15 00:00:02 
Jun 15 00:00:02 🔔宠汪汪积分兑换奖品, 结束! 🕛 1.911 秒
Jun 15 00:00:02 
Jun 15 00:00:03 
Jun 15 00:00:03 debug场次:beanConfigs0
Jun 15 00:00:03 
Jun 15 00:00:03 20京豆当前库存:19013，id：342
Jun 15 00:00:03 500京豆当前库存:0，id：343
Jun 15 00:00:03 
Jun 15 00:00:03 按您设置的兑换500京豆失败，原因：京豆库存不足，已抢完，请下一场再兑换
Jun 15 00:00:03 
Jun 15 00:00:03 
Jun 15 00:00:03 *****开始【京东账号2】jd_rkylFaEIkvBL****
Jun 15 00:00:03 
Jun 15 00:00:03 脚本开始请求时间 2021-06-15 00:00:03 | 311
Jun 15 00:00:03 
Jun 15 00:00:03 debug场次:beanConfigs0
Jun 15 00:00:03 
Jun 15 00:00:03 20京豆当前库存:9162，id：338
Jun 15 00:00:03 500京豆当前库存:0，id：339
Jun 15 00:00:03 
Jun 15 00:00:03 按您设置的兑换500京豆失败，原因：京豆库存不足，已抢完，请下一场再兑换
Jun 15 00:00:03 
Jun 15 00:00:03 
Jun 15 00:00:03 🔔宠汪汪积分兑换奖品, 结束! 🕛 2.981 秒
Jun 15 00:00:03 
Jun 15 08:00:00 
Jun 15 08:00:00 🔔宠汪汪积分兑换奖品, 开始!
Jun 15 08:00:00 您的cookie选择的是用&隔开
Jun 15 08:00:00 
Jun 15 08:00:00 
Jun 15 08:00:00 ====================共有2个京东账号Cookie=========
Jun 15 08:00:00 
Jun 15 08:00:00 ==================脚本执行- 北京时间(UTC+8)：6/15/2021, 8:00:00 AM=====================
Jun 15 08:00:00 
Jun 15 08:00:00 
Jun 15 08:00:00 🔔宠汪汪积分兑换奖品, 开始!
Jun 15 08:00:00 您的cookie选择的是用&隔开
Jun 15 08:00:00 
Jun 15 08:00:00 
Jun 15 08:00:00 ====================共有2个京东账号Cookie=========
Jun 15 08:00:00 
Jun 15 08:00:00 ==================脚本执行- 北京时间(UTC+8)：6/15/2021, 8:00:00 AM=====================
Jun 15 08:00:00 
Jun 15 08:00:00 
Jun 15 08:00:00 *****开始【京东账号1】lman87****
Jun 15 08:00:00 
Jun 15 08:00:00 脚本开始请求时间 2021-06-15 08:00:00 | 699
Jun 15 08:00:00 
Jun 15 08:00:00 *****开始【京东账号1】lman87****
Jun 15 08:00:00 
Jun 15 08:00:00 脚本开始请求时间 2021-06-15 08:00:00 | 752
Jun 15 08:00:00 
Jun 15 08:00:00 debug场次:beanConfigs8
Jun 15 08:00:00 
Jun 15 08:00:00 20京豆当前库存:0，id：342
Jun 15 08:00:00 500京豆当前库存:0，id：343
Jun 15 08:00:00 
Jun 15 08:00:00 按您设置的兑换500京豆失败，原因：京豆库存不足，已抢完，请下一场再兑换
Jun 15 08:00:00 
Jun 15 08:00:00 
Jun 15 08:00:00 *****开始【京东账号2】jd_rkylFaEIkvBL****
Jun 15 08:00:00 
Jun 15 08:00:00 脚本开始请求时间 2021-06-15 08:00:00 | 864
Jun 15 08:00:00 
Jun 15 08:00:00 debug场次:beanConfigs8
Jun 15 08:00:00 
Jun 15 08:00:00 20京豆当前库存:0，id：342
Jun 15 08:00:00 500京豆当前库存:0，id：343
Jun 15 08:00:00 
Jun 15 08:00:00 按您设置的兑换500京豆失败，原因：京豆库存不足，已抢完，请下一场再兑换
Jun 15 08:00:00 
Jun 15 08:00:00 
Jun 15 08:00:00 debug场次:beanConfigs8
Jun 15 08:00:00 
Jun 15 08:00:00 20京豆当前库存:0，id：338
Jun 15 08:00:00 500京豆当前库存:0，id：339
Jun 15 08:00:00 
Jun 15 08:00:00 按您设置的兑换500京豆失败，原因：京豆库存不足，已抢完，请下一场再兑换
Jun 15 08:00:00 
Jun 15 08:00:00 
Jun 15 08:00:00 🔔宠汪汪积分兑换奖品, 结束! 🕛 0.474 秒
Jun 15 08:00:00 
Jun 15 08:00:00 
Jun 15 08:00:00 *****开始【京东账号2】jd_rkylFaEIkvBL****
Jun 15 08:00:00 
Jun 15 08:00:00 脚本开始请求时间 2021-06-15 08:00:00 | 938
Jun 15 08:00:01 
Jun 15 08:00:01 debug场次:beanConfigs8
Jun 15 08:00:01 
Jun 15 08:00:01 20京豆当前库存:0，id：338
Jun 15 08:00:01 500京豆当前库存:0，id：339
Jun 15 08:00:01 
Jun 15 08:00:01 按您设置的兑换500京豆失败，原因：京豆库存不足，已抢完，请下一场再兑换
Jun 15 08:00:01 
Jun 15 08:00:01 
Jun 15 08:00:01 🔔宠汪汪积分兑换奖品, 结束! 🕛 0.52 秒
Jun 15 08:00:01 
Jun 15 16:00:01 
Jun 15 16:00:01 🔔宠汪汪积分兑换奖品, 开始!
Jun 15 16:00:01 您的cookie选择的是用&隔开
Jun 15 16:00:01 
Jun 15 16:00:01 
Jun 15 16:00:01 ====================共有2个京东账号Cookie=========
Jun 15 16:00:01 
Jun 15 16:00:01 ==================脚本执行- 北京时间(UTC+8)：6/15/2021, 4:00:01 PM=====================
Jun 15 16:00:01 
Jun 15 16:00:01 
Jun 15 16:00:01 🔔宠汪汪积分兑换奖品, 开始!
Jun 15 16:00:01 您的cookie选择的是用&隔开
Jun 15 16:00:01 
Jun 15 16:00:01 
Jun 15 16:00:01 ====================共有2个京东账号Cookie=========
Jun 15 16:00:01 
Jun 15 16:00:01 ==================脚本执行- 北京时间(UTC+8)：6/15/2021, 4:00:01 PM=====================
Jun 15 16:00:01 
Jun 15 16:00:01 
Jun 15 16:00:01 *****开始【京东账号1】lman87****
Jun 15 16:00:01 
Jun 15 16:00:01 脚本开始请求时间 2021-06-15 16:00:01 | 753
Jun 15 16:00:01 
Jun 15 16:00:01 *****开始【京东账号1】lman87****
Jun 15 16:00:01 
Jun 15 16:00:01 脚本开始请求时间 2021-06-15 16:00:01 | 765
Jun 15 16:00:01 
Jun 15 16:00:01 debug场次:beanConfigs16
Jun 15 16:00:01 
Jun 15 16:00:01 20京豆当前库存:20000，id：342
Jun 15 16:00:01 500京豆当前库存:0，id：343
Jun 15 16:00:01 
Jun 15 16:00:01 按您设置的兑换500京豆失败，原因：京豆库存不足，已抢完，请下一场再兑换
Jun 15 16:00:01 
Jun 15 16:00:01 
Jun 15 16:00:01 debug场次:beanConfigs16
Jun 15 16:00:01 
Jun 15 16:00:01 20京豆当前库存:20000，id：342
Jun 15 16:00:01 500京豆当前库存:0，id：343
Jun 15 16:00:01 
Jun 15 16:00:01 按您设置的兑换500京豆失败，原因：京豆库存不足，已抢完，请下一场再兑换
Jun 15 16:00:01 
Jun 15 16:00:01 
Jun 15 16:00:01 *****开始【京东账号2】jd_rkylFaEIkvBL****
Jun 15 16:00:01 
Jun 15 16:00:01 脚本开始请求时间 2021-06-15 16:00:01 | 929
Jun 15 16:00:01 
Jun 15 16:00:01 *****开始【京东账号2】jd_rkylFaEIkvBL****
Jun 15 16:00:01 
Jun 15 16:00:01 脚本开始请求时间 2021-06-15 16:00:01 | 934
Jun 15 16:00:02 
Jun 15 16:00:02 debug场次:beanConfigs16
Jun 15 16:00:02 
Jun 15 16:00:02 20京豆当前库存:9962，id：338
Jun 15 16:00:02 500京豆当前库存:79，id：339
Jun 15 16:00:02 
Jun 15 16:00:02 您设置的兑换500京豆库存充足,开始为您兑换500京豆
Jun 15 16:00:02 
Jun 15 16:00:02 脚本开始兑换500京豆时间 2021-06-15 16:00:02 | 41
Jun 15 16:00:02 兑换结果:{"errorCode":"buy_success","errorMessage":null,"currentTime":1623744002116,"data":null,"success":true}
Jun 15 16:00:02 请求兑换API后时间 2021-06-15 16:00:02 | 251
Jun 15 16:00:02 
Jun 15 16:00:02 兑换500成功,【消耗积分】8000个
Jun 15 16:00:02 
Jun 15 16:00:02 
Jun 15 16:00:02 ==============📣系统通知📣==============
Jun 15 16:00:02 宠汪汪积分兑换奖品
Jun 15 16:00:02 【京东账号2】jd_rkylFaEIkvBL
Jun 15 16:00:02 【500京豆】兑换成功🎉
Jun 15 16:00:02 【积分详情】消耗积分 8000
Jun 15 16:00:02 
Jun 15 16:00:02 
Jun 15 16:00:02 您未提供server酱的SCKEY，取消微信推送消息通知🚫
Jun 15 16:00:02 
Jun 15 16:00:02 您未提供push+推送所需的PUSH_PLUS_TOKEN，取消push+推送消息通知🚫
Jun 15 16:00:02 
Jun 15 16:00:02 您未提供Bark的APP推送BARK_PUSH，取消Bark推送消息通知🚫
Jun 15 16:00:02 
Jun 15 16:00:02 您未提供telegram机器人推送所需的TG_BOT_TOKEN和TG_USER_ID，取消telegram推送消息通知🚫
Jun 15 16:00:02 
Jun 15 16:00:02 您未提供企业微信机器人推送所需的QYWX_KEY，取消企业微信推送消息通知🚫
Jun 15 16:00:02 
Jun 15 16:00:02 您未提供企业微信应用消息推送所需的QYWX_AM，取消企业微信应用消息推送消息通知🚫
Jun 15 16:00:02 
Jun 15 16:00:02 您未提供iGot的推送IGOT_PUSH_KEY，取消iGot推送消息通知🚫
Jun 15 16:00:02 
Jun 15 16:00:02 钉钉发送通知消息成功🎉。
Jun 15 16:00:02 
Jun 15 16:00:02 
Jun 15 16:00:02 🔔宠汪汪积分兑换奖品, 结束! 🕛 0.982 秒
Jun 15 16:00:02 
Jun 15 16:00:03 
Jun 15 16:00:03 debug场次:beanConfigs16
Jun 15 16:00:03 
Jun 15 16:00:03 20京豆当前库存:9832，id：338
Jun 15 16:00:03 500京豆当前库存:0，id：339
Jun 15 16:00:03 
Jun 15 16:00:03 按您设置的兑换500京豆失败，原因：京豆库存不足，已抢完，请下一场再兑换
Jun 15 16:00:03 
Jun 15 16:00:03 
Jun 15 16:00:03 🔔宠汪汪积分兑换奖品, 结束! 🕛 1.865 秒
Jun 15 16:00:03 
