Jun 14 00:10:00 
Jun 14 00:10:00 🔔宠汪汪偷好友积分与狗粮, 开始!
Jun 14 00:10:00 您的cookie选择的是用&隔开
Jun 14 00:10:00 
Jun 14 00:10:00 
Jun 14 00:10:00 ====================共有2个京东账号Cookie=========
Jun 14 00:10:00 
Jun 14 00:10:00 
Jun 14 00:10:00 🔔宠汪汪偷好友积分与狗粮, 开始!
Jun 14 00:10:00 您的cookie选择的是用&隔开
Jun 14 00:10:00 
Jun 14 00:10:00 
Jun 14 00:10:00 ====================共有2个京东账号Cookie=========
Jun 14 00:10:00 
Jun 14 00:10:00 ==================脚本执行- 北京时间(UTC+8)：6/14/2021, 12:10:00 AM=====================
Jun 14 00:10:00 
Jun 14 00:10:00 ==================脚本执行- 北京时间(UTC+8)：6/14/2021, 12:10:00 AM=====================
Jun 14 00:10:00 
Jun 14 00:10:00 
Jun 14 00:10:00 开始【京东账号1】lman87
Jun 14 00:10:00 
Jun 14 00:10:01 
Jun 14 00:10:01 开始【京东账号1】lman87
Jun 14 00:10:01 
Jun 14 00:10:01 
Jun 14 00:10:01 京东返回宠汪汪好友列表数据为空
Jun 14 00:10:01 
Jun 14 00:10:01 
Jun 14 00:10:01 ==============📣系统通知📣==============
Jun 14 00:10:01 宠汪汪偷好友积分与狗粮
Jun 14 00:10:01 【京东账号1】lman87
Jun 14 00:10:01 【领取好友积分】获得0个
Jun 14 00:10:01 【偷好友狗粮】获取0g狗粮
Jun 14 00:10:01 【给好友喂食】消耗0g狗粮,获得积分0个
Jun 14 00:10:01 
Jun 14 00:10:01 
Jun 14 00:10:01 京东返回宠汪汪好友列表数据为空
Jun 14 00:10:01 
Jun 14 00:10:01 
Jun 14 00:10:01 ==============📣系统通知📣==============
Jun 14 00:10:01 宠汪汪偷好友积分与狗粮
Jun 14 00:10:01 【京东账号1】lman87
Jun 14 00:10:01 【领取好友积分】获得0个
Jun 14 00:10:01 【偷好友狗粮】获取0g狗粮
Jun 14 00:10:01 【给好友喂食】消耗0g狗粮,获得积分0个
Jun 14 00:10:01 
Jun 14 00:10:01 
Jun 14 00:10:01 开始【京东账号2】jd_rkylFaEIkvBL
Jun 14 00:10:01 
Jun 14 00:10:01 
Jun 14 00:10:01 开始【京东账号2】jd_rkylFaEIkvBL
Jun 14 00:10:01 
Jun 14 00:10:01 
Jun 14 00:10:01 京东返回宠汪汪好友列表数据为空
Jun 14 00:10:01 
Jun 14 00:10:01 
Jun 14 00:10:01 ==============📣系统通知📣==============
Jun 14 00:10:01 宠汪汪偷好友积分与狗粮
Jun 14 00:10:01 【京东账号2】jd_rkylFaEIkvBL
Jun 14 00:10:01 【领取好友积分】获得0个
Jun 14 00:10:01 【偷好友狗粮】获取0g狗粮
Jun 14 00:10:01 【给好友喂食】消耗0g狗粮,获得积分0个
Jun 14 00:10:01 
Jun 14 00:10:01 
Jun 14 00:10:01 🔔宠汪汪偷好友积分与狗粮, 结束! 🕛 0.499 秒
Jun 14 00:10:01 
Jun 14 00:10:01 
Jun 14 00:10:01 京东返回宠汪汪好友列表数据为空
Jun 14 00:10:01 
Jun 14 00:10:01 
Jun 14 00:10:01 ==============📣系统通知📣==============
Jun 14 00:10:01 宠汪汪偷好友积分与狗粮
Jun 14 00:10:01 【京东账号2】jd_rkylFaEIkvBL
Jun 14 00:10:01 【领取好友积分】获得0个
Jun 14 00:10:01 【偷好友狗粮】获取0g狗粮
Jun 14 00:10:01 【给好友喂食】消耗0g狗粮,获得积分0个
Jun 14 00:10:01 
Jun 14 00:10:01 
Jun 14 00:10:01 🔔宠汪汪偷好友积分与狗粮, 结束! 🕛 0.636 秒
Jun 14 00:10:01 
Jun 14 03:10:00 
Jun 14 03:10:00 🔔宠汪汪偷好友积分与狗粮, 开始!
Jun 14 03:10:00 您的cookie选择的是用&隔开
Jun 14 03:10:00 
Jun 14 03:10:00 
Jun 14 03:10:00 ====================共有2个京东账号Cookie=========
Jun 14 03:10:00 
Jun 14 03:10:00 
Jun 14 03:10:00 🔔宠汪汪偷好友积分与狗粮, 开始!
Jun 14 03:10:00 您的cookie选择的是用&隔开
Jun 14 03:10:00 
Jun 14 03:10:00 
Jun 14 03:10:00 ====================共有2个京东账号Cookie=========
Jun 14 03:10:00 
Jun 14 03:10:00 ==================脚本执行- 北京时间(UTC+8)：6/14/2021, 3:10:00 AM=====================
Jun 14 03:10:00 
Jun 14 03:10:00 ==================脚本执行- 北京时间(UTC+8)：6/14/2021, 3:10:00 AM=====================
Jun 14 03:10:00 
Jun 14 03:10:00 
Jun 14 03:10:00 开始【京东账号1】lman87
Jun 14 03:10:00 
Jun 14 03:10:00 
Jun 14 03:10:00 开始【京东账号1】lman87
Jun 14 03:10:00 
Jun 14 03:10:00 $.help_feed给好友喂食获得积分：0
Jun 14 03:10:00 $.visit_friend领取好友积分：0
Jun 14 03:10:00 
Jun 14 03:10:00 京东返回宠汪汪好友列表数据为空
Jun 14 03:10:00 
Jun 14 03:10:00 
Jun 14 03:10:00 ==============📣系统通知📣==============
Jun 14 03:10:00 宠汪汪偷好友积分与狗粮
Jun 14 03:10:00 【京东账号1】lman87
Jun 14 03:10:00 【领取好友积分】获得0个
Jun 14 03:10:00 【偷好友狗粮】获取0g狗粮
Jun 14 03:10:00 【给好友喂食】消耗0g狗粮,获得积分0个
Jun 14 03:10:00 
Jun 14 03:10:00 $.help_feed给好友喂食获得积分：0
Jun 14 03:10:00 $.visit_friend领取好友积分：0
Jun 14 03:10:00 
Jun 14 03:10:00 京东返回宠汪汪好友列表数据为空
Jun 14 03:10:00 
Jun 14 03:10:00 
Jun 14 03:10:00 ==============📣系统通知📣==============
Jun 14 03:10:00 宠汪汪偷好友积分与狗粮
Jun 14 03:10:00 【京东账号1】lman87
Jun 14 03:10:00 【领取好友积分】获得0个
Jun 14 03:10:00 【偷好友狗粮】获取0g狗粮
Jun 14 03:10:00 【给好友喂食】消耗0g狗粮,获得积分0个
Jun 14 03:10:00 
Jun 14 03:10:00 
Jun 14 03:10:00 开始【京东账号2】jd_rkylFaEIkvBL
Jun 14 03:10:00 
Jun 14 03:10:00 
Jun 14 03:10:00 开始【京东账号2】jd_rkylFaEIkvBL
Jun 14 03:10:00 
Jun 14 03:10:00 $.help_feed给好友喂食获得积分：0
Jun 14 03:10:00 $.visit_friend领取好友积分：0
Jun 14 03:10:00 
Jun 14 03:10:00 京东返回宠汪汪好友列表数据为空
Jun 14 03:10:00 
Jun 14 03:10:00 
Jun 14 03:10:00 ==============📣系统通知📣==============
Jun 14 03:10:00 宠汪汪偷好友积分与狗粮
Jun 14 03:10:00 【京东账号2】jd_rkylFaEIkvBL
Jun 14 03:10:00 【领取好友积分】获得0个
Jun 14 03:10:00 【偷好友狗粮】获取0g狗粮
Jun 14 03:10:00 【给好友喂食】消耗0g狗粮,获得积分0个
Jun 14 03:10:00 
Jun 14 03:10:00 
Jun 14 03:10:00 🔔宠汪汪偷好友积分与狗粮, 结束! 🕛 0.749 秒
Jun 14 03:10:00 
Jun 14 03:10:07 $.help_feed给好友喂食获得积分：0
Jun 14 03:10:07 $.visit_friend领取好友积分：0
Jun 14 03:10:07 
Jun 14 03:10:07 京东返回宠汪汪好友列表数据为空
Jun 14 03:10:07 
Jun 14 03:10:07 
Jun 14 03:10:07 ==============📣系统通知📣==============
Jun 14 03:10:07 宠汪汪偷好友积分与狗粮
Jun 14 03:10:07 【京东账号2】jd_rkylFaEIkvBL
Jun 14 03:10:07 【领取好友积分】获得0个
Jun 14 03:10:07 【偷好友狗粮】获取0g狗粮
Jun 14 03:10:07 【给好友喂食】消耗0g狗粮,获得积分0个
Jun 14 03:10:07 
Jun 14 03:10:07 
Jun 14 03:10:07 🔔宠汪汪偷好友积分与狗粮, 结束! 🕛 7.322 秒
Jun 14 03:10:07 
Jun 14 06:10:00 
Jun 14 06:10:00 🔔宠汪汪偷好友积分与狗粮, 开始!
Jun 14 06:10:00 您的cookie选择的是用&隔开
Jun 14 06:10:00 
Jun 14 06:10:00 
Jun 14 06:10:00 ====================共有2个京东账号Cookie=========
Jun 14 06:10:00 
Jun 14 06:10:00 
Jun 14 06:10:00 🔔宠汪汪偷好友积分与狗粮, 开始!
Jun 14 06:10:00 您的cookie选择的是用&隔开
Jun 14 06:10:00 
Jun 14 06:10:00 
Jun 14 06:10:00 ====================共有2个京东账号Cookie=========
Jun 14 06:10:00 
Jun 14 06:10:00 ==================脚本执行- 北京时间(UTC+8)：6/14/2021, 6:10:00 AM=====================
Jun 14 06:10:00 
Jun 14 06:10:00 ==================脚本执行- 北京时间(UTC+8)：6/14/2021, 6:10:00 AM=====================
Jun 14 06:10:00 
Jun 14 06:10:00 
Jun 14 06:10:00 开始【京东账号1】lman87
Jun 14 06:10:00 
Jun 14 06:10:00 
Jun 14 06:10:00 开始【京东账号1】lman87
Jun 14 06:10:00 
Jun 14 06:10:00 
Jun 14 06:10:00 京东返回宠汪汪好友列表数据为空
Jun 14 06:10:00 
Jun 14 06:10:00 
Jun 14 06:10:00 ==============📣系统通知📣==============
Jun 14 06:10:00 宠汪汪偷好友积分与狗粮
Jun 14 06:10:00 【京东账号1】lman87
Jun 14 06:10:00 【领取好友积分】获得0个
Jun 14 06:10:00 【偷好友狗粮】获取0g狗粮
Jun 14 06:10:00 【给好友喂食】消耗0g狗粮,获得积分0个
Jun 14 06:10:00 
Jun 14 06:10:00 
Jun 14 06:10:00 开始【京东账号2】jd_rkylFaEIkvBL
Jun 14 06:10:00 
Jun 14 06:10:00 
Jun 14 06:10:00 京东返回宠汪汪好友列表数据为空
Jun 14 06:10:00 
Jun 14 06:10:00 
Jun 14 06:10:00 ==============📣系统通知📣==============
Jun 14 06:10:00 宠汪汪偷好友积分与狗粮
Jun 14 06:10:00 【京东账号1】lman87
Jun 14 06:10:00 【领取好友积分】获得0个
Jun 14 06:10:00 【偷好友狗粮】获取0g狗粮
Jun 14 06:10:00 【给好友喂食】消耗0g狗粮,获得积分0个
Jun 14 06:10:00 
Jun 14 06:10:00 
Jun 14 06:10:00 开始【京东账号2】jd_rkylFaEIkvBL
Jun 14 06:10:00 
Jun 14 06:10:00 
Jun 14 06:10:00 京东返回宠汪汪好友列表数据为空
Jun 14 06:10:00 
Jun 14 06:10:00 
Jun 14 06:10:00 ==============📣系统通知📣==============
Jun 14 06:10:00 宠汪汪偷好友积分与狗粮
Jun 14 06:10:00 【京东账号2】jd_rkylFaEIkvBL
Jun 14 06:10:00 【领取好友积分】获得0个
Jun 14 06:10:00 【偷好友狗粮】获取0g狗粮
Jun 14 06:10:00 【给好友喂食】消耗0g狗粮,获得积分0个
Jun 14 06:10:00 
Jun 14 06:10:00 
Jun 14 06:10:00 🔔宠汪汪偷好友积分与狗粮, 结束! 🕛 0.613 秒
Jun 14 06:10:00 
Jun 14 06:10:01 
Jun 14 06:10:01 京东返回宠汪汪好友列表数据为空
Jun 14 06:10:01 
Jun 14 06:10:01 
Jun 14 06:10:01 ==============📣系统通知📣==============
Jun 14 06:10:01 宠汪汪偷好友积分与狗粮
Jun 14 06:10:01 【京东账号2】jd_rkylFaEIkvBL
Jun 14 06:10:01 【领取好友积分】获得0个
Jun 14 06:10:01 【偷好友狗粮】获取0g狗粮
Jun 14 06:10:01 【给好友喂食】消耗0g狗粮,获得积分0个
Jun 14 06:10:01 
Jun 14 06:10:01 
Jun 14 06:10:01 🔔宠汪汪偷好友积分与狗粮, 结束! 🕛 0.715 秒
Jun 14 06:10:01 
Jun 14 09:10:00 
Jun 14 09:10:00 🔔宠汪汪偷好友积分与狗粮, 开始!
Jun 14 09:10:00 您的cookie选择的是用&隔开
Jun 14 09:10:00 
Jun 14 09:10:00 
Jun 14 09:10:00 ====================共有2个京东账号Cookie=========
Jun 14 09:10:00 
Jun 14 09:10:00 
Jun 14 09:10:00 🔔宠汪汪偷好友积分与狗粮, 开始!
Jun 14 09:10:00 您的cookie选择的是用&隔开
Jun 14 09:10:00 
Jun 14 09:10:00 
Jun 14 09:10:00 ====================共有2个京东账号Cookie=========
Jun 14 09:10:00 
Jun 14 09:10:00 ==================脚本执行- 北京时间(UTC+8)：6/14/2021, 9:10:00 AM=====================
Jun 14 09:10:00 
Jun 14 09:10:00 ==================脚本执行- 北京时间(UTC+8)：6/14/2021, 9:10:00 AM=====================
Jun 14 09:10:00 
Jun 14 09:10:00 
Jun 14 09:10:00 开始【京东账号1】lman87
Jun 14 09:10:00 
Jun 14 09:10:00 
Jun 14 09:10:00 开始【京东账号1】lman87
Jun 14 09:10:00 
Jun 14 09:10:04 $.help_feed给好友喂食获得积分：0
Jun 14 09:10:04 $.visit_friend领取好友积分：0
Jun 14 09:10:04 
Jun 14 09:10:04 京东返回宠汪汪好友列表数据为空
Jun 14 09:10:04 
Jun 14 09:10:04 
Jun 14 09:10:04 ==============📣系统通知📣==============
Jun 14 09:10:04 宠汪汪偷好友积分与狗粮
Jun 14 09:10:04 【京东账号1】lman87
Jun 14 09:10:04 【领取好友积分】获得0个
Jun 14 09:10:04 【偷好友狗粮】获取0g狗粮
Jun 14 09:10:04 【给好友喂食】消耗0g狗粮,获得积分0个
Jun 14 09:10:04 
Jun 14 09:10:04 
Jun 14 09:10:04 开始【京东账号2】jd_rkylFaEIkvBL
Jun 14 09:10:04 
Jun 14 09:10:10 $.help_feed给好友喂食获得积分：0
Jun 14 09:10:10 $.visit_friend领取好友积分：0
Jun 14 09:10:10 
Jun 14 09:10:10 京东返回宠汪汪好友列表数据为空
Jun 14 09:10:10 
Jun 14 09:10:10 
Jun 14 09:10:10 ==============📣系统通知📣==============
Jun 14 09:10:10 宠汪汪偷好友积分与狗粮
Jun 14 09:10:10 【京东账号1】lman87
Jun 14 09:10:10 【领取好友积分】获得0个
Jun 14 09:10:10 【偷好友狗粮】获取0g狗粮
Jun 14 09:10:10 【给好友喂食】消耗0g狗粮,获得积分0个
Jun 14 09:10:10 
Jun 14 09:10:10 
Jun 14 09:10:10 开始【京东账号2】jd_rkylFaEIkvBL
Jun 14 09:10:10 
Jun 14 09:10:12 $.help_feed给好友喂食获得积分：0
Jun 14 09:10:12 $.visit_friend领取好友积分：0
Jun 14 09:10:12 
Jun 14 09:10:12 京东返回宠汪汪好友列表数据为空
Jun 14 09:10:12 
Jun 14 09:10:12 
Jun 14 09:10:12 ==============📣系统通知📣==============
Jun 14 09:10:12 宠汪汪偷好友积分与狗粮
Jun 14 09:10:12 【京东账号2】jd_rkylFaEIkvBL
Jun 14 09:10:12 【领取好友积分】获得0个
Jun 14 09:10:12 【偷好友狗粮】获取0g狗粮
Jun 14 09:10:12 【给好友喂食】消耗0g狗粮,获得积分0个
Jun 14 09:10:12 
Jun 14 09:10:12 
Jun 14 09:10:12 🔔宠汪汪偷好友积分与狗粮, 结束! 🕛 12.193 秒
Jun 14 09:10:12 
Jun 14 09:10:17 $.help_feed给好友喂食获得积分：0
Jun 14 09:10:17 $.visit_friend领取好友积分：0
Jun 14 09:10:17 
Jun 14 09:10:17 京东返回宠汪汪好友列表数据为空
Jun 14 09:10:17 
Jun 14 09:10:17 
Jun 14 09:10:17 ==============📣系统通知📣==============
Jun 14 09:10:17 宠汪汪偷好友积分与狗粮
Jun 14 09:10:17 【京东账号2】jd_rkylFaEIkvBL
Jun 14 09:10:17 【领取好友积分】获得0个
Jun 14 09:10:17 【偷好友狗粮】获取0g狗粮
Jun 14 09:10:17 【给好友喂食】消耗0g狗粮,获得积分0个
Jun 14 09:10:17 
Jun 14 09:10:17 
Jun 14 09:10:17 🔔宠汪汪偷好友积分与狗粮, 结束! 🕛 16.674 秒
Jun 14 09:10:17 
Jun 14 12:10:00 
Jun 14 12:10:00 🔔宠汪汪偷好友积分与狗粮, 开始!
Jun 14 12:10:00 您的cookie选择的是用&隔开
Jun 14 12:10:00 
Jun 14 12:10:00 
Jun 14 12:10:00 ====================共有2个京东账号Cookie=========
Jun 14 12:10:00 
Jun 14 12:10:00 
Jun 14 12:10:00 🔔宠汪汪偷好友积分与狗粮, 开始!
Jun 14 12:10:00 您的cookie选择的是用&隔开
Jun 14 12:10:00 
Jun 14 12:10:00 
Jun 14 12:10:00 ====================共有2个京东账号Cookie=========
Jun 14 12:10:00 
Jun 14 12:10:00 ==================脚本执行- 北京时间(UTC+8)：6/14/2021, 12:10:00 PM=====================
Jun 14 12:10:00 
Jun 14 12:10:00 ==================脚本执行- 北京时间(UTC+8)：6/14/2021, 12:10:00 PM=====================
Jun 14 12:10:00 
Jun 14 12:10:00 
Jun 14 12:10:00 开始【京东账号1】lman87
Jun 14 12:10:00 
Jun 14 12:10:00 
Jun 14 12:10:00 开始【京东账号1】lman87
Jun 14 12:10:00 
Jun 14 12:10:00 
Jun 14 12:10:00 京东返回宠汪汪好友列表数据为空
Jun 14 12:10:00 
Jun 14 12:10:00 
Jun 14 12:10:00 ==============📣系统通知📣==============
Jun 14 12:10:00 宠汪汪偷好友积分与狗粮
Jun 14 12:10:00 【京东账号1】lman87
Jun 14 12:10:00 【领取好友积分】获得0个
Jun 14 12:10:00 【偷好友狗粮】获取0g狗粮
Jun 14 12:10:00 【给好友喂食】消耗0g狗粮,获得积分0个
Jun 14 12:10:00 
Jun 14 12:10:00 
Jun 14 12:10:00 开始【京东账号2】jd_rkylFaEIkvBL
Jun 14 12:10:00 
Jun 14 12:10:00 
Jun 14 12:10:00 京东返回宠汪汪好友列表数据为空
Jun 14 12:10:00 
Jun 14 12:10:00 
Jun 14 12:10:00 ==============📣系统通知📣==============
Jun 14 12:10:00 宠汪汪偷好友积分与狗粮
Jun 14 12:10:00 【京东账号2】jd_rkylFaEIkvBL
Jun 14 12:10:00 【领取好友积分】获得0个
Jun 14 12:10:00 【偷好友狗粮】获取0g狗粮
Jun 14 12:10:00 【给好友喂食】消耗0g狗粮,获得积分0个
Jun 14 12:10:00 
Jun 14 12:10:00 
Jun 14 12:10:00 🔔宠汪汪偷好友积分与狗粮, 结束! 🕛 0.739 秒
Jun 14 12:10:00 
Jun 14 12:10:01 
Jun 14 12:10:01 京东返回宠汪汪好友列表数据为空
Jun 14 12:10:01 
Jun 14 12:10:01 
Jun 14 12:10:01 ==============📣系统通知📣==============
Jun 14 12:10:01 宠汪汪偷好友积分与狗粮
Jun 14 12:10:01 【京东账号1】lman87
Jun 14 12:10:01 【领取好友积分】获得0个
Jun 14 12:10:01 【偷好友狗粮】获取0g狗粮
Jun 14 12:10:01 【给好友喂食】消耗0g狗粮,获得积分0个
Jun 14 12:10:01 
Jun 14 12:10:01 
Jun 14 12:10:01 开始【京东账号2】jd_rkylFaEIkvBL
Jun 14 12:10:01 
Jun 14 12:10:02 
Jun 14 12:10:02 京东返回宠汪汪好友列表数据为空
Jun 14 12:10:02 
Jun 14 12:10:02 
Jun 14 12:10:02 ==============📣系统通知📣==============
Jun 14 12:10:02 宠汪汪偷好友积分与狗粮
Jun 14 12:10:02 【京东账号2】jd_rkylFaEIkvBL
Jun 14 12:10:02 【领取好友积分】获得0个
Jun 14 12:10:02 【偷好友狗粮】获取0g狗粮
Jun 14 12:10:02 【给好友喂食】消耗0g狗粮,获得积分0个
Jun 14 12:10:02 
Jun 14 12:10:02 
Jun 14 12:10:02 🔔宠汪汪偷好友积分与狗粮, 结束! 🕛 2.572 秒
Jun 14 12:10:02 
Jun 14 15:10:00 
Jun 14 15:10:00 🔔宠汪汪偷好友积分与狗粮, 开始!
Jun 14 15:10:00 您的cookie选择的是用&隔开
Jun 14 15:10:00 
Jun 14 15:10:00 
Jun 14 15:10:00 ====================共有2个京东账号Cookie=========
Jun 14 15:10:00 
Jun 14 15:10:00 ==================脚本执行- 北京时间(UTC+8)：6/14/2021, 3:10:00 PM=====================
Jun 14 15:10:00 
Jun 14 15:10:00 
Jun 14 15:10:00 🔔宠汪汪偷好友积分与狗粮, 开始!
Jun 14 15:10:00 您的cookie选择的是用&隔开
Jun 14 15:10:00 
Jun 14 15:10:00 
Jun 14 15:10:00 ====================共有2个京东账号Cookie=========
Jun 14 15:10:00 
Jun 14 15:10:00 ==================脚本执行- 北京时间(UTC+8)：6/14/2021, 3:10:00 PM=====================
Jun 14 15:10:00 
Jun 14 15:10:01 
Jun 14 15:10:01 开始【京东账号1】lman87
Jun 14 15:10:01 
Jun 14 15:10:01 
Jun 14 15:10:01 开始【京东账号1】lman87
Jun 14 15:10:01 
Jun 14 15:10:02 $.help_feed给好友喂食获得积分：0
Jun 14 15:10:02 $.visit_friend领取好友积分：0
Jun 14 15:10:02 
Jun 14 15:10:02 京东返回宠汪汪好友列表数据为空
Jun 14 15:10:02 
Jun 14 15:10:02 
Jun 14 15:10:02 ==============📣系统通知📣==============
Jun 14 15:10:02 宠汪汪偷好友积分与狗粮
Jun 14 15:10:02 【京东账号1】lman87
Jun 14 15:10:02 【领取好友积分】获得0个
Jun 14 15:10:02 【偷好友狗粮】获取0g狗粮
Jun 14 15:10:02 【给好友喂食】消耗0g狗粮,获得积分0个
Jun 14 15:10:02 
Jun 14 15:10:02 
Jun 14 15:10:02 开始【京东账号2】jd_rkylFaEIkvBL
Jun 14 15:10:02 
Jun 14 15:10:04 $.help_feed给好友喂食获得积分：0
Jun 14 15:10:04 $.visit_friend领取好友积分：0
Jun 14 15:10:04 
Jun 14 15:10:04 京东返回宠汪汪好友列表数据为空
Jun 14 15:10:04 
Jun 14 15:10:04 
Jun 14 15:10:04 ==============📣系统通知📣==============
Jun 14 15:10:04 宠汪汪偷好友积分与狗粮
Jun 14 15:10:04 【京东账号1】lman87
Jun 14 15:10:04 【领取好友积分】获得0个
Jun 14 15:10:04 【偷好友狗粮】获取0g狗粮
Jun 14 15:10:04 【给好友喂食】消耗0g狗粮,获得积分0个
Jun 14 15:10:04 
Jun 14 15:10:04 
Jun 14 15:10:04 开始【京东账号2】jd_rkylFaEIkvBL
Jun 14 15:10:04 
Jun 14 15:10:06 $.help_feed给好友喂食获得积分：0
Jun 14 15:10:06 $.visit_friend领取好友积分：0
Jun 14 15:10:06 
Jun 14 15:10:06 京东返回宠汪汪好友列表数据为空
Jun 14 15:10:06 
Jun 14 15:10:06 
Jun 14 15:10:06 ==============📣系统通知📣==============
Jun 14 15:10:06 宠汪汪偷好友积分与狗粮
Jun 14 15:10:06 【京东账号2】jd_rkylFaEIkvBL
Jun 14 15:10:06 【领取好友积分】获得0个
Jun 14 15:10:06 【偷好友狗粮】获取0g狗粮
Jun 14 15:10:06 【给好友喂食】消耗0g狗粮,获得积分0个
Jun 14 15:10:06 
Jun 14 15:10:06 
Jun 14 15:10:06 🔔宠汪汪偷好友积分与狗粮, 结束! 🕛 5.994 秒
Jun 14 15:10:06 
Jun 14 15:10:08 $.help_feed给好友喂食获得积分：0
Jun 14 15:10:08 $.visit_friend领取好友积分：0
Jun 14 15:10:08 
Jun 14 15:10:08 京东返回宠汪汪好友列表数据为空
Jun 14 15:10:08 
Jun 14 15:10:08 
Jun 14 15:10:08 ==============📣系统通知📣==============
Jun 14 15:10:08 宠汪汪偷好友积分与狗粮
Jun 14 15:10:08 【京东账号2】jd_rkylFaEIkvBL
Jun 14 15:10:08 【领取好友积分】获得0个
Jun 14 15:10:08 【偷好友狗粮】获取0g狗粮
Jun 14 15:10:08 【给好友喂食】消耗0g狗粮,获得积分0个
Jun 14 15:10:08 
Jun 14 15:10:08 
Jun 14 15:10:08 🔔宠汪汪偷好友积分与狗粮, 结束! 🕛 8.041 秒
Jun 14 15:10:08 
Jun 14 18:10:01 
Jun 14 18:10:01 🔔宠汪汪偷好友积分与狗粮, 开始!
Jun 14 18:10:01 您的cookie选择的是用&隔开
Jun 14 18:10:01 
Jun 14 18:10:01 
Jun 14 18:10:01 ====================共有2个京东账号Cookie=========
Jun 14 18:10:01 
Jun 14 18:10:01 ==================脚本执行- 北京时间(UTC+8)：6/14/2021, 6:10:01 PM=====================
Jun 14 18:10:01 
Jun 14 18:10:01 
Jun 14 18:10:01 🔔宠汪汪偷好友积分与狗粮, 开始!
Jun 14 18:10:01 您的cookie选择的是用&隔开
Jun 14 18:10:01 
Jun 14 18:10:01 
Jun 14 18:10:01 ====================共有2个京东账号Cookie=========
Jun 14 18:10:01 
Jun 14 18:10:01 ==================脚本执行- 北京时间(UTC+8)：6/14/2021, 6:10:01 PM=====================
Jun 14 18:10:01 
Jun 14 18:10:01 
Jun 14 18:10:01 开始【京东账号1】lman87
Jun 14 18:10:01 
Jun 14 18:10:01 
Jun 14 18:10:01 开始【京东账号1】lman87
Jun 14 18:10:01 
Jun 14 18:10:01 
Jun 14 18:10:01 京东返回宠汪汪好友列表数据为空
Jun 14 18:10:01 
Jun 14 18:10:01 
Jun 14 18:10:01 ==============📣系统通知📣==============
Jun 14 18:10:01 宠汪汪偷好友积分与狗粮
Jun 14 18:10:01 【京东账号1】lman87
Jun 14 18:10:01 【领取好友积分】获得0个
Jun 14 18:10:01 【偷好友狗粮】获取0g狗粮
Jun 14 18:10:01 【给好友喂食】消耗0g狗粮,获得积分0个
Jun 14 18:10:01 
Jun 14 18:10:01 
Jun 14 18:10:01 京东返回宠汪汪好友列表数据为空
Jun 14 18:10:01 
Jun 14 18:10:01 
Jun 14 18:10:01 ==============📣系统通知📣==============
Jun 14 18:10:01 宠汪汪偷好友积分与狗粮
Jun 14 18:10:01 【京东账号1】lman87
Jun 14 18:10:01 【领取好友积分】获得0个
Jun 14 18:10:01 【偷好友狗粮】获取0g狗粮
Jun 14 18:10:01 【给好友喂食】消耗0g狗粮,获得积分0个
Jun 14 18:10:01 
Jun 14 18:10:01 
Jun 14 18:10:01 开始【京东账号2】jd_rkylFaEIkvBL
Jun 14 18:10:01 
Jun 14 18:10:01 
Jun 14 18:10:01 开始【京东账号2】jd_rkylFaEIkvBL
Jun 14 18:10:01 
Jun 14 18:10:01 
Jun 14 18:10:01 京东返回宠汪汪好友列表数据为空
Jun 14 18:10:01 
Jun 14 18:10:01 
Jun 14 18:10:01 ==============📣系统通知📣==============
Jun 14 18:10:01 宠汪汪偷好友积分与狗粮
Jun 14 18:10:01 【京东账号2】jd_rkylFaEIkvBL
Jun 14 18:10:01 【领取好友积分】获得0个
Jun 14 18:10:01 【偷好友狗粮】获取0g狗粮
Jun 14 18:10:01 【给好友喂食】消耗0g狗粮,获得积分0个
Jun 14 18:10:01 
Jun 14 18:10:01 
Jun 14 18:10:01 🔔宠汪汪偷好友积分与狗粮, 结束! 🕛 0.719 秒
Jun 14 18:10:01 
Jun 14 18:10:01 
Jun 14 18:10:01 京东返回宠汪汪好友列表数据为空
Jun 14 18:10:01 
Jun 14 18:10:01 
Jun 14 18:10:01 ==============📣系统通知📣==============
Jun 14 18:10:01 宠汪汪偷好友积分与狗粮
Jun 14 18:10:01 【京东账号2】jd_rkylFaEIkvBL
Jun 14 18:10:01 【领取好友积分】获得0个
Jun 14 18:10:01 【偷好友狗粮】获取0g狗粮
Jun 14 18:10:01 【给好友喂食】消耗0g狗粮,获得积分0个
Jun 14 18:10:01 
Jun 14 18:10:01 
Jun 14 18:10:01 🔔宠汪汪偷好友积分与狗粮, 结束! 🕛 0.708 秒
Jun 14 18:10:01 
Jun 14 21:10:00 
Jun 14 21:10:00 🔔宠汪汪偷好友积分与狗粮, 开始!
Jun 14 21:10:00 您的cookie选择的是用&隔开
Jun 14 21:10:00 
Jun 14 21:10:00 
Jun 14 21:10:00 ====================共有2个京东账号Cookie=========
Jun 14 21:10:00 
Jun 14 21:10:00 
Jun 14 21:10:00 🔔宠汪汪偷好友积分与狗粮, 开始!
Jun 14 21:10:00 您的cookie选择的是用&隔开
Jun 14 21:10:00 
Jun 14 21:10:00 
Jun 14 21:10:00 ====================共有2个京东账号Cookie=========
Jun 14 21:10:00 
Jun 14 21:10:00 ==================脚本执行- 北京时间(UTC+8)：6/14/2021, 9:10:00 PM=====================
Jun 14 21:10:00 
Jun 14 21:10:00 ==================脚本执行- 北京时间(UTC+8)：6/14/2021, 9:10:00 PM=====================
Jun 14 21:10:00 
Jun 14 21:10:00 
Jun 14 21:10:00 开始【京东账号1】lman87
Jun 14 21:10:00 
Jun 14 21:10:00 
Jun 14 21:10:00 开始【京东账号1】lman87
Jun 14 21:10:00 
Jun 14 21:10:03 $.help_feed给好友喂食获得积分：0
Jun 14 21:10:03 $.visit_friend领取好友积分：0
Jun 14 21:10:03 
Jun 14 21:10:03 京东返回宠汪汪好友列表数据为空
Jun 14 21:10:03 
Jun 14 21:10:03 
Jun 14 21:10:03 ==============📣系统通知📣==============
Jun 14 21:10:03 宠汪汪偷好友积分与狗粮
Jun 14 21:10:03 【京东账号1】lman87
Jun 14 21:10:03 【领取好友积分】获得0个
Jun 14 21:10:03 【偷好友狗粮】获取0g狗粮
Jun 14 21:10:03 【给好友喂食】消耗0g狗粮,获得积分0个
Jun 14 21:10:03 
Jun 14 21:10:03 
Jun 14 21:10:03 开始【京东账号2】jd_rkylFaEIkvBL
Jun 14 21:10:03 
Jun 14 21:10:08 $.help_feed给好友喂食获得积分：0
Jun 14 21:10:08 $.visit_friend领取好友积分：0
Jun 14 21:10:08 
Jun 14 21:10:08 京东返回宠汪汪好友列表数据为空
Jun 14 21:10:08 
Jun 14 21:10:08 
Jun 14 21:10:08 ==============📣系统通知📣==============
Jun 14 21:10:08 宠汪汪偷好友积分与狗粮
Jun 14 21:10:08 【京东账号1】lman87
Jun 14 21:10:08 【领取好友积分】获得0个
Jun 14 21:10:08 【偷好友狗粮】获取0g狗粮
Jun 14 21:10:08 【给好友喂食】消耗0g狗粮,获得积分0个
Jun 14 21:10:08 
Jun 14 21:10:08 
Jun 14 21:10:08 开始【京东账号2】jd_rkylFaEIkvBL
Jun 14 21:10:08 
Jun 14 21:10:13 $.help_feed给好友喂食获得积分：0
Jun 14 21:10:13 $.visit_friend领取好友积分：0
Jun 14 21:10:13 
Jun 14 21:10:13 京东返回宠汪汪好友列表数据为空
Jun 14 21:10:13 
Jun 14 21:10:13 
Jun 14 21:10:13 ==============📣系统通知📣==============
Jun 14 21:10:13 宠汪汪偷好友积分与狗粮
Jun 14 21:10:13 【京东账号2】jd_rkylFaEIkvBL
Jun 14 21:10:13 【领取好友积分】获得0个
Jun 14 21:10:13 【偷好友狗粮】获取0g狗粮
Jun 14 21:10:13 【给好友喂食】消耗0g狗粮,获得积分0个
Jun 14 21:10:13 
Jun 14 21:10:13 
Jun 14 21:10:13 🔔宠汪汪偷好友积分与狗粮, 结束! 🕛 12.816 秒
Jun 14 21:10:13 
Jun 14 21:10:20 $.help_feed给好友喂食获得积分：0
Jun 14 21:10:20 $.visit_friend领取好友积分：0
Jun 14 21:10:20 
Jun 14 21:10:20 京东返回宠汪汪好友列表数据为空
Jun 14 21:10:20 
Jun 14 21:10:20 
Jun 14 21:10:20 ==============📣系统通知📣==============
Jun 14 21:10:20 宠汪汪偷好友积分与狗粮
Jun 14 21:10:20 【京东账号2】jd_rkylFaEIkvBL
Jun 14 21:10:20 【领取好友积分】获得0个
Jun 14 21:10:20 【偷好友狗粮】获取0g狗粮
Jun 14 21:10:20 【给好友喂食】消耗0g狗粮,获得积分0个
Jun 14 21:10:20 
Jun 14 21:10:20 
Jun 14 21:10:20 🔔宠汪汪偷好友积分与狗粮, 结束! 🕛 19.878 秒
Jun 14 21:10:20 
Jun 15 00:10:00 
Jun 15 00:10:00 🔔宠汪汪偷好友积分与狗粮, 开始!
Jun 15 00:10:00 您的cookie选择的是用&隔开
Jun 15 00:10:00 
Jun 15 00:10:00 
Jun 15 00:10:00 ====================共有2个京东账号Cookie=========
Jun 15 00:10:00 
Jun 15 00:10:00 
Jun 15 00:10:00 🔔宠汪汪偷好友积分与狗粮, 开始!
Jun 15 00:10:00 您的cookie选择的是用&隔开
Jun 15 00:10:00 
Jun 15 00:10:00 
Jun 15 00:10:00 ====================共有2个京东账号Cookie=========
Jun 15 00:10:00 
Jun 15 00:10:00 ==================脚本执行- 北京时间(UTC+8)：6/15/2021, 12:10:00 AM=====================
Jun 15 00:10:00 
Jun 15 00:10:00 ==================脚本执行- 北京时间(UTC+8)：6/15/2021, 12:10:00 AM=====================
Jun 15 00:10:00 
Jun 15 00:10:00 
Jun 15 00:10:00 开始【京东账号1】lman87
Jun 15 00:10:00 
Jun 15 00:10:00 
Jun 15 00:10:00 开始【京东账号1】lman87
Jun 15 00:10:00 
Jun 15 00:10:01 $.help_feed给好友喂食获得积分：0
Jun 15 00:10:01 $.visit_friend领取好友积分：0
Jun 15 00:10:01 
Jun 15 00:10:01 京东返回宠汪汪好友列表数据为空
Jun 15 00:10:01 
Jun 15 00:10:01 
Jun 15 00:10:01 ==============📣系统通知📣==============
Jun 15 00:10:01 宠汪汪偷好友积分与狗粮
Jun 15 00:10:01 【京东账号1】lman87
Jun 15 00:10:01 【领取好友积分】获得0个
Jun 15 00:10:01 【偷好友狗粮】获取0g狗粮
Jun 15 00:10:01 【给好友喂食】消耗0g狗粮,获得积分0个
Jun 15 00:10:01 
Jun 15 00:10:01 $.help_feed给好友喂食获得积分：0
Jun 15 00:10:01 $.visit_friend领取好友积分：0
Jun 15 00:10:01 
Jun 15 00:10:01 京东返回宠汪汪好友列表数据为空
Jun 15 00:10:01 
Jun 15 00:10:01 
Jun 15 00:10:01 ==============📣系统通知📣==============
Jun 15 00:10:01 宠汪汪偷好友积分与狗粮
Jun 15 00:10:01 【京东账号1】lman87
Jun 15 00:10:01 【领取好友积分】获得0个
Jun 15 00:10:01 【偷好友狗粮】获取0g狗粮
Jun 15 00:10:01 【给好友喂食】消耗0g狗粮,获得积分0个
Jun 15 00:10:01 
Jun 15 00:10:01 
Jun 15 00:10:01 开始【京东账号2】jd_rkylFaEIkvBL
Jun 15 00:10:01 
Jun 15 00:10:01 
Jun 15 00:10:01 开始【京东账号2】jd_rkylFaEIkvBL
Jun 15 00:10:01 
Jun 15 00:10:01 $.help_feed给好友喂食获得积分：0
Jun 15 00:10:01 $.visit_friend领取好友积分：0
Jun 15 00:10:01 
Jun 15 00:10:01 京东返回宠汪汪好友列表数据为空
Jun 15 00:10:01 
Jun 15 00:10:01 
Jun 15 00:10:01 ==============📣系统通知📣==============
Jun 15 00:10:01 宠汪汪偷好友积分与狗粮
Jun 15 00:10:01 【京东账号2】jd_rkylFaEIkvBL
Jun 15 00:10:01 【领取好友积分】获得0个
Jun 15 00:10:01 【偷好友狗粮】获取0g狗粮
Jun 15 00:10:01 【给好友喂食】消耗0g狗粮,获得积分0个
Jun 15 00:10:01 
Jun 15 00:10:01 
Jun 15 00:10:01 🔔宠汪汪偷好友积分与狗粮, 结束! 🕛 0.95 秒
Jun 15 00:10:01 
Jun 15 00:10:01 $.help_feed给好友喂食获得积分：0
Jun 15 00:10:01 $.visit_friend领取好友积分：0
Jun 15 00:10:01 
Jun 15 00:10:01 京东返回宠汪汪好友列表数据为空
Jun 15 00:10:01 
Jun 15 00:10:01 
Jun 15 00:10:01 ==============📣系统通知📣==============
Jun 15 00:10:01 宠汪汪偷好友积分与狗粮
Jun 15 00:10:01 【京东账号2】jd_rkylFaEIkvBL
Jun 15 00:10:01 【领取好友积分】获得0个
Jun 15 00:10:01 【偷好友狗粮】获取0g狗粮
Jun 15 00:10:01 【给好友喂食】消耗0g狗粮,获得积分0个
Jun 15 00:10:01 
Jun 15 00:10:01 
Jun 15 00:10:01 🔔宠汪汪偷好友积分与狗粮, 结束! 🕛 1.102 秒
Jun 15 00:10:01 
Jun 15 03:10:00 
Jun 15 03:10:00 🔔宠汪汪偷好友积分与狗粮, 开始!
Jun 15 03:10:00 您的cookie选择的是用&隔开
Jun 15 03:10:00 
Jun 15 03:10:00 
Jun 15 03:10:00 ====================共有2个京东账号Cookie=========
Jun 15 03:10:00 
Jun 15 03:10:00 ==================脚本执行- 北京时间(UTC+8)：6/15/2021, 3:10:00 AM=====================
Jun 15 03:10:00 
Jun 15 03:10:00 
Jun 15 03:10:00 🔔宠汪汪偷好友积分与狗粮, 开始!
Jun 15 03:10:00 您的cookie选择的是用&隔开
Jun 15 03:10:00 
Jun 15 03:10:00 
Jun 15 03:10:00 ====================共有2个京东账号Cookie=========
Jun 15 03:10:00 
Jun 15 03:10:01 ==================脚本执行- 北京时间(UTC+8)：6/15/2021, 3:10:00 AM=====================
Jun 15 03:10:01 
Jun 15 03:10:01 
Jun 15 03:10:01 开始【京东账号1】lman87
Jun 15 03:10:01 
Jun 15 03:10:01 
Jun 15 03:10:01 开始【京东账号1】lman87
Jun 15 03:10:01 
Jun 15 03:10:05 $.help_feed给好友喂食获得积分：0
Jun 15 03:10:05 $.visit_friend领取好友积分：0
Jun 15 03:10:05 
Jun 15 03:10:05 京东返回宠汪汪好友列表数据为空
Jun 15 03:10:05 
Jun 15 03:10:05 
Jun 15 03:10:05 ==============📣系统通知📣==============
Jun 15 03:10:05 宠汪汪偷好友积分与狗粮
Jun 15 03:10:05 【京东账号1】lman87
Jun 15 03:10:05 【领取好友积分】获得0个
Jun 15 03:10:05 【偷好友狗粮】获取0g狗粮
Jun 15 03:10:05 【给好友喂食】消耗0g狗粮,获得积分0个
Jun 15 03:10:05 
Jun 15 03:10:05 
Jun 15 03:10:05 开始【京东账号2】jd_rkylFaEIkvBL
Jun 15 03:10:05 
Jun 15 03:10:07 $.help_feed给好友喂食获得积分：0
Jun 15 03:10:07 $.visit_friend领取好友积分：0
Jun 15 03:10:07 
Jun 15 03:10:07 京东返回宠汪汪好友列表数据为空
Jun 15 03:10:07 
Jun 15 03:10:07 
Jun 15 03:10:07 ==============📣系统通知📣==============
Jun 15 03:10:07 宠汪汪偷好友积分与狗粮
Jun 15 03:10:07 【京东账号1】lman87
Jun 15 03:10:07 【领取好友积分】获得0个
Jun 15 03:10:07 【偷好友狗粮】获取0g狗粮
Jun 15 03:10:07 【给好友喂食】消耗0g狗粮,获得积分0个
Jun 15 03:10:07 
Jun 15 03:10:07 
Jun 15 03:10:07 开始【京东账号2】jd_rkylFaEIkvBL
Jun 15 03:10:07 
Jun 15 03:10:08 $.help_feed给好友喂食获得积分：0
Jun 15 03:10:08 $.visit_friend领取好友积分：0
Jun 15 03:10:08 
Jun 15 03:10:08 京东返回宠汪汪好友列表数据为空
Jun 15 03:10:08 
Jun 15 03:10:08 
Jun 15 03:10:08 ==============📣系统通知📣==============
Jun 15 03:10:08 宠汪汪偷好友积分与狗粮
Jun 15 03:10:08 【京东账号2】jd_rkylFaEIkvBL
Jun 15 03:10:08 【领取好友积分】获得0个
Jun 15 03:10:08 【偷好友狗粮】获取0g狗粮
Jun 15 03:10:08 【给好友喂食】消耗0g狗粮,获得积分0个
Jun 15 03:10:08 
Jun 15 03:10:08 
Jun 15 03:10:08 🔔宠汪汪偷好友积分与狗粮, 结束! 🕛 7.109 秒
Jun 15 03:10:08 
Jun 15 03:10:11 $.help_feed给好友喂食获得积分：0
Jun 15 03:10:11 $.visit_friend领取好友积分：0
Jun 15 03:10:11 
Jun 15 03:10:11 京东返回宠汪汪好友列表数据为空
Jun 15 03:10:11 
Jun 15 03:10:11 
Jun 15 03:10:11 ==============📣系统通知📣==============
Jun 15 03:10:11 宠汪汪偷好友积分与狗粮
Jun 15 03:10:11 【京东账号2】jd_rkylFaEIkvBL
Jun 15 03:10:11 【领取好友积分】获得0个
Jun 15 03:10:11 【偷好友狗粮】获取0g狗粮
Jun 15 03:10:11 【给好友喂食】消耗0g狗粮,获得积分0个
Jun 15 03:10:11 
Jun 15 03:10:11 
Jun 15 03:10:11 🔔宠汪汪偷好友积分与狗粮, 结束! 🕛 10.703 秒
Jun 15 03:10:11 
Jun 15 06:10:00 
Jun 15 06:10:00 🔔宠汪汪偷好友积分与狗粮, 开始!
Jun 15 06:10:00 您的cookie选择的是用&隔开
Jun 15 06:10:00 
Jun 15 06:10:00 
Jun 15 06:10:00 ====================共有2个京东账号Cookie=========
Jun 15 06:10:00 
Jun 15 06:10:00 
Jun 15 06:10:00 🔔宠汪汪偷好友积分与狗粮, 开始!
Jun 15 06:10:00 您的cookie选择的是用&隔开
Jun 15 06:10:00 
Jun 15 06:10:00 
Jun 15 06:10:00 ====================共有2个京东账号Cookie=========
Jun 15 06:10:00 
Jun 15 06:10:00 ==================脚本执行- 北京时间(UTC+8)：6/15/2021, 6:10:00 AM=====================
Jun 15 06:10:00 
Jun 15 06:10:00 ==================脚本执行- 北京时间(UTC+8)：6/15/2021, 6:10:00 AM=====================
Jun 15 06:10:00 
Jun 15 06:10:00 
Jun 15 06:10:00 开始【京东账号1】lman87
Jun 15 06:10:00 
Jun 15 06:10:00 
Jun 15 06:10:00 开始【京东账号1】lman87
Jun 15 06:10:00 
Jun 15 06:10:00 
Jun 15 06:10:00 京东返回宠汪汪好友列表数据为空
Jun 15 06:10:00 
Jun 15 06:10:00 
Jun 15 06:10:00 ==============📣系统通知📣==============
Jun 15 06:10:00 宠汪汪偷好友积分与狗粮
Jun 15 06:10:00 【京东账号1】lman87
Jun 15 06:10:00 【领取好友积分】获得0个
Jun 15 06:10:00 【偷好友狗粮】获取0g狗粮
Jun 15 06:10:00 【给好友喂食】消耗0g狗粮,获得积分0个
Jun 15 06:10:00 
Jun 15 06:10:00 
Jun 15 06:10:00 开始【京东账号2】jd_rkylFaEIkvBL
Jun 15 06:10:00 
Jun 15 06:10:01 
Jun 15 06:10:01 京东返回宠汪汪好友列表数据为空
Jun 15 06:10:01 
Jun 15 06:10:01 
Jun 15 06:10:01 ==============📣系统通知📣==============
Jun 15 06:10:01 宠汪汪偷好友积分与狗粮
Jun 15 06:10:01 【京东账号1】lman87
Jun 15 06:10:01 【领取好友积分】获得0个
Jun 15 06:10:01 【偷好友狗粮】获取0g狗粮
Jun 15 06:10:01 【给好友喂食】消耗0g狗粮,获得积分0个
Jun 15 06:10:01 
Jun 15 06:10:01 
Jun 15 06:10:01 开始【京东账号2】jd_rkylFaEIkvBL
Jun 15 06:10:01 
Jun 15 06:10:01 
Jun 15 06:10:01 京东返回宠汪汪好友列表数据为空
Jun 15 06:10:01 
Jun 15 06:10:01 
Jun 15 06:10:01 ==============📣系统通知📣==============
Jun 15 06:10:01 宠汪汪偷好友积分与狗粮
Jun 15 06:10:01 【京东账号2】jd_rkylFaEIkvBL
Jun 15 06:10:01 【领取好友积分】获得0个
Jun 15 06:10:01 【偷好友狗粮】获取0g狗粮
Jun 15 06:10:01 【给好友喂食】消耗0g狗粮,获得积分0个
Jun 15 06:10:01 
Jun 15 06:10:01 
Jun 15 06:10:01 🔔宠汪汪偷好友积分与狗粮, 结束! 🕛 1.4 秒
Jun 15 06:10:01 
Jun 15 06:10:01 
Jun 15 06:10:01 京东返回宠汪汪好友列表数据为空
Jun 15 06:10:01 
Jun 15 06:10:01 
Jun 15 06:10:01 ==============📣系统通知📣==============
Jun 15 06:10:01 宠汪汪偷好友积分与狗粮
Jun 15 06:10:01 【京东账号2】jd_rkylFaEIkvBL
Jun 15 06:10:01 【领取好友积分】获得0个
Jun 15 06:10:01 【偷好友狗粮】获取0g狗粮
Jun 15 06:10:01 【给好友喂食】消耗0g狗粮,获得积分0个
Jun 15 06:10:01 
Jun 15 06:10:01 
Jun 15 06:10:01 🔔宠汪汪偷好友积分与狗粮, 结束! 🕛 1.428 秒
Jun 15 06:10:01 
Jun 15 09:10:00 
Jun 15 09:10:00 🔔宠汪汪偷好友积分与狗粮, 开始!
Jun 15 09:10:00 您的cookie选择的是用&隔开
Jun 15 09:10:00 
Jun 15 09:10:00 
Jun 15 09:10:00 ====================共有2个京东账号Cookie=========
Jun 15 09:10:00 
Jun 15 09:10:00 
Jun 15 09:10:00 🔔宠汪汪偷好友积分与狗粮, 开始!
Jun 15 09:10:00 您的cookie选择的是用&隔开
Jun 15 09:10:00 
Jun 15 09:10:00 
Jun 15 09:10:00 ====================共有2个京东账号Cookie=========
Jun 15 09:10:00 
Jun 15 09:10:00 ==================脚本执行- 北京时间(UTC+8)：6/15/2021, 9:10:00 AM=====================
Jun 15 09:10:00 
Jun 15 09:10:00 ==================脚本执行- 北京时间(UTC+8)：6/15/2021, 9:10:00 AM=====================
Jun 15 09:10:00 
Jun 15 09:10:00 
Jun 15 09:10:00 开始【京东账号1】lman87
Jun 15 09:10:00 
Jun 15 09:10:00 
Jun 15 09:10:00 开始【京东账号1】lman87
Jun 15 09:10:00 
Jun 15 09:10:01 $.help_feed给好友喂食获得积分：0
Jun 15 09:10:01 $.visit_friend领取好友积分：0
Jun 15 09:10:01 
Jun 15 09:10:01 京东返回宠汪汪好友列表数据为空
Jun 15 09:10:01 
Jun 15 09:10:01 
Jun 15 09:10:01 ==============📣系统通知📣==============
Jun 15 09:10:01 宠汪汪偷好友积分与狗粮
Jun 15 09:10:01 【京东账号1】lman87
Jun 15 09:10:01 【领取好友积分】获得0个
Jun 15 09:10:01 【偷好友狗粮】获取0g狗粮
Jun 15 09:10:01 【给好友喂食】消耗0g狗粮,获得积分0个
Jun 15 09:10:01 
Jun 15 09:10:01 $.help_feed给好友喂食获得积分：0
Jun 15 09:10:01 $.visit_friend领取好友积分：0
Jun 15 09:10:01 
Jun 15 09:10:01 京东返回宠汪汪好友列表数据为空
Jun 15 09:10:01 
Jun 15 09:10:01 
Jun 15 09:10:01 ==============📣系统通知📣==============
Jun 15 09:10:01 宠汪汪偷好友积分与狗粮
Jun 15 09:10:01 【京东账号1】lman87
Jun 15 09:10:01 【领取好友积分】获得0个
Jun 15 09:10:01 【偷好友狗粮】获取0g狗粮
Jun 15 09:10:01 【给好友喂食】消耗0g狗粮,获得积分0个
Jun 15 09:10:01 
Jun 15 09:10:01 
Jun 15 09:10:01 开始【京东账号2】jd_rkylFaEIkvBL
Jun 15 09:10:01 
Jun 15 09:10:01 
Jun 15 09:10:01 开始【京东账号2】jd_rkylFaEIkvBL
Jun 15 09:10:01 
Jun 15 09:10:06 $.help_feed给好友喂食获得积分：0
Jun 15 09:10:06 $.visit_friend领取好友积分：0
Jun 15 09:10:06 
Jun 15 09:10:06 京东返回宠汪汪好友列表数据为空
Jun 15 09:10:06 
Jun 15 09:10:06 
Jun 15 09:10:06 ==============📣系统通知📣==============
Jun 15 09:10:06 宠汪汪偷好友积分与狗粮
Jun 15 09:10:06 【京东账号2】jd_rkylFaEIkvBL
Jun 15 09:10:06 【领取好友积分】获得0个
Jun 15 09:10:06 【偷好友狗粮】获取0g狗粮
Jun 15 09:10:06 【给好友喂食】消耗0g狗粮,获得积分0个
Jun 15 09:10:06 
Jun 15 09:10:06 
Jun 15 09:10:06 🔔宠汪汪偷好友积分与狗粮, 结束! 🕛 5.703 秒
Jun 15 09:10:06 
Jun 15 09:10:09 $.help_feed给好友喂食获得积分：0
Jun 15 09:10:09 $.visit_friend领取好友积分：0
Jun 15 09:10:09 
Jun 15 09:10:09 京东返回宠汪汪好友列表数据为空
Jun 15 09:10:09 
Jun 15 09:10:09 
Jun 15 09:10:09 ==============📣系统通知📣==============
Jun 15 09:10:09 宠汪汪偷好友积分与狗粮
Jun 15 09:10:09 【京东账号2】jd_rkylFaEIkvBL
Jun 15 09:10:09 【领取好友积分】获得0个
Jun 15 09:10:09 【偷好友狗粮】获取0g狗粮
Jun 15 09:10:09 【给好友喂食】消耗0g狗粮,获得积分0个
Jun 15 09:10:09 
Jun 15 09:10:09 
Jun 15 09:10:09 🔔宠汪汪偷好友积分与狗粮, 结束! 🕛 9.334 秒
Jun 15 09:10:09 
Jun 15 12:10:00 
Jun 15 12:10:00 🔔宠汪汪偷好友积分与狗粮, 开始!
Jun 15 12:10:00 您的cookie选择的是用&隔开
Jun 15 12:10:00 
Jun 15 12:10:00 
Jun 15 12:10:00 ====================共有2个京东账号Cookie=========
Jun 15 12:10:00 
Jun 15 12:10:00 
Jun 15 12:10:00 🔔宠汪汪偷好友积分与狗粮, 开始!
Jun 15 12:10:00 您的cookie选择的是用&隔开
Jun 15 12:10:00 
Jun 15 12:10:00 
Jun 15 12:10:00 ====================共有2个京东账号Cookie=========
Jun 15 12:10:00 
Jun 15 12:10:00 ==================脚本执行- 北京时间(UTC+8)：6/15/2021, 12:10:00 PM=====================
Jun 15 12:10:00 
Jun 15 12:10:00 ==================脚本执行- 北京时间(UTC+8)：6/15/2021, 12:10:00 PM=====================
Jun 15 12:10:00 
Jun 15 12:10:00 
Jun 15 12:10:00 开始【京东账号1】lman87
Jun 15 12:10:00 
Jun 15 12:10:00 
Jun 15 12:10:00 开始【京东账号1】lman87
Jun 15 12:10:00 
Jun 15 12:10:01 
Jun 15 12:10:01 京东返回宠汪汪好友列表数据为空
Jun 15 12:10:01 
Jun 15 12:10:01 
Jun 15 12:10:01 ==============📣系统通知📣==============
Jun 15 12:10:01 宠汪汪偷好友积分与狗粮
Jun 15 12:10:01 【京东账号1】lman87
Jun 15 12:10:01 【领取好友积分】获得0个
Jun 15 12:10:01 【偷好友狗粮】获取0g狗粮
Jun 15 12:10:01 【给好友喂食】消耗0g狗粮,获得积分0个
Jun 15 12:10:01 
Jun 15 12:10:01 
Jun 15 12:10:01 开始【京东账号2】jd_rkylFaEIkvBL
Jun 15 12:10:01 
Jun 15 12:10:01 
Jun 15 12:10:01 京东返回宠汪汪好友列表数据为空
Jun 15 12:10:01 
Jun 15 12:10:01 
Jun 15 12:10:01 ==============📣系统通知📣==============
Jun 15 12:10:01 宠汪汪偷好友积分与狗粮
Jun 15 12:10:01 【京东账号2】jd_rkylFaEIkvBL
Jun 15 12:10:01 【领取好友积分】获得0个
Jun 15 12:10:01 【偷好友狗粮】获取0g狗粮
Jun 15 12:10:01 【给好友喂食】消耗0g狗粮,获得积分0个
Jun 15 12:10:01 
Jun 15 12:10:01 
Jun 15 12:10:01 🔔宠汪汪偷好友积分与狗粮, 结束! 🕛 0.766 秒
Jun 15 12:10:01 
Jun 15 12:10:01 
Jun 15 12:10:01 京东返回宠汪汪好友列表数据为空
Jun 15 12:10:01 
Jun 15 12:10:01 
Jun 15 12:10:01 ==============📣系统通知📣==============
Jun 15 12:10:01 宠汪汪偷好友积分与狗粮
Jun 15 12:10:01 【京东账号1】lman87
Jun 15 12:10:01 【领取好友积分】获得0个
Jun 15 12:10:01 【偷好友狗粮】获取0g狗粮
Jun 15 12:10:01 【给好友喂食】消耗0g狗粮,获得积分0个
Jun 15 12:10:01 
Jun 15 12:10:01 
Jun 15 12:10:01 开始【京东账号2】jd_rkylFaEIkvBL
Jun 15 12:10:01 
Jun 15 12:10:01 
Jun 15 12:10:01 京东返回宠汪汪好友列表数据为空
Jun 15 12:10:01 
Jun 15 12:10:01 
Jun 15 12:10:01 ==============📣系统通知📣==============
Jun 15 12:10:01 宠汪汪偷好友积分与狗粮
Jun 15 12:10:01 【京东账号2】jd_rkylFaEIkvBL
Jun 15 12:10:01 【领取好友积分】获得0个
Jun 15 12:10:01 【偷好友狗粮】获取0g狗粮
Jun 15 12:10:01 【给好友喂食】消耗0g狗粮,获得积分0个
Jun 15 12:10:01 
Jun 15 12:10:01 
Jun 15 12:10:01 🔔宠汪汪偷好友积分与狗粮, 结束! 🕛 1.084 秒
Jun 15 12:10:01 
Jun 15 15:10:01 
Jun 15 15:10:01 🔔宠汪汪偷好友积分与狗粮, 开始!
Jun 15 15:10:01 您的cookie选择的是用&隔开
Jun 15 15:10:01 
Jun 15 15:10:01 
Jun 15 15:10:01 ====================共有2个京东账号Cookie=========
Jun 15 15:10:01 
Jun 15 15:10:01 ==================脚本执行- 北京时间(UTC+8)：6/15/2021, 3:10:01 PM=====================
Jun 15 15:10:01 
Jun 15 15:10:01 
Jun 15 15:10:01 🔔宠汪汪偷好友积分与狗粮, 开始!
Jun 15 15:10:01 您的cookie选择的是用&隔开
Jun 15 15:10:01 
Jun 15 15:10:01 
Jun 15 15:10:01 ====================共有2个京东账号Cookie=========
Jun 15 15:10:01 
Jun 15 15:10:01 ==================脚本执行- 北京时间(UTC+8)：6/15/2021, 3:10:01 PM=====================
Jun 15 15:10:01 
Jun 15 15:10:01 
Jun 15 15:10:01 开始【京东账号1】lman87
Jun 15 15:10:01 
Jun 15 15:10:01 
Jun 15 15:10:01 开始【京东账号1】lman87
Jun 15 15:10:01 
Jun 15 15:10:04 $.help_feed给好友喂食获得积分：0
Jun 15 15:10:04 $.visit_friend领取好友积分：0
Jun 15 15:10:04 
Jun 15 15:10:04 京东返回宠汪汪好友列表数据为空
Jun 15 15:10:04 
Jun 15 15:10:04 
Jun 15 15:10:04 ==============📣系统通知📣==============
Jun 15 15:10:04 宠汪汪偷好友积分与狗粮
Jun 15 15:10:04 【京东账号1】lman87
Jun 15 15:10:04 【领取好友积分】获得0个
Jun 15 15:10:04 【偷好友狗粮】获取0g狗粮
Jun 15 15:10:04 【给好友喂食】消耗0g狗粮,获得积分0个
Jun 15 15:10:04 
Jun 15 15:10:04 
Jun 15 15:10:04 开始【京东账号2】jd_rkylFaEIkvBL
Jun 15 15:10:04 
Jun 15 15:10:11 $.help_feed给好友喂食获得积分：0
Jun 15 15:10:11 $.visit_friend领取好友积分：0
Jun 15 15:10:11 
Jun 15 15:10:11 京东返回宠汪汪好友列表数据为空
Jun 15 15:10:11 
Jun 15 15:10:11 
Jun 15 15:10:11 ==============📣系统通知📣==============
Jun 15 15:10:11 宠汪汪偷好友积分与狗粮
Jun 15 15:10:11 【京东账号1】lman87
Jun 15 15:10:11 【领取好友积分】获得0个
Jun 15 15:10:11 【偷好友狗粮】获取0g狗粮
Jun 15 15:10:11 【给好友喂食】消耗0g狗粮,获得积分0个
Jun 15 15:10:11 
Jun 15 15:10:11 
Jun 15 15:10:11 开始【京东账号2】jd_rkylFaEIkvBL
Jun 15 15:10:11 
Jun 15 15:10:11 $.help_feed给好友喂食获得积分：0
Jun 15 15:10:11 $.visit_friend领取好友积分：0
Jun 15 15:10:11 
Jun 15 15:10:11 京东返回宠汪汪好友列表数据为空
Jun 15 15:10:11 
Jun 15 15:10:11 
Jun 15 15:10:11 ==============📣系统通知📣==============
Jun 15 15:10:11 宠汪汪偷好友积分与狗粮
Jun 15 15:10:11 【京东账号2】jd_rkylFaEIkvBL
Jun 15 15:10:11 【领取好友积分】获得0个
Jun 15 15:10:11 【偷好友狗粮】获取0g狗粮
Jun 15 15:10:11 【给好友喂食】消耗0g狗粮,获得积分0个
Jun 15 15:10:11 
Jun 15 15:10:11 
Jun 15 15:10:11 🔔宠汪汪偷好友积分与狗粮, 结束! 🕛 10.305 秒
Jun 15 15:10:11 
Jun 15 15:10:15 $.help_feed给好友喂食获得积分：0
Jun 15 15:10:15 $.visit_friend领取好友积分：0
Jun 15 15:10:15 
Jun 15 15:10:15 京东返回宠汪汪好友列表数据为空
Jun 15 15:10:15 
Jun 15 15:10:15 
Jun 15 15:10:15 ==============📣系统通知📣==============
Jun 15 15:10:15 宠汪汪偷好友积分与狗粮
Jun 15 15:10:15 【京东账号2】jd_rkylFaEIkvBL
Jun 15 15:10:15 【领取好友积分】获得0个
Jun 15 15:10:15 【偷好友狗粮】获取0g狗粮
Jun 15 15:10:15 【给好友喂食】消耗0g狗粮,获得积分0个
Jun 15 15:10:15 
Jun 15 15:10:15 
Jun 15 15:10:15 🔔宠汪汪偷好友积分与狗粮, 结束! 🕛 14.128 秒
Jun 15 15:10:15 
