Jun 14 00:05:00 
Jun 14 00:05:00 🔔领金贴, 开始!
Jun 14 00:05:00 您的cookie选择的是用&隔开
Jun 14 00:05:00 
Jun 14 00:05:00 
Jun 14 00:05:00 ====================共有2个京东账号Cookie=========
Jun 14 00:05:00 
Jun 14 00:05:00 
Jun 14 00:05:00 🔔领金贴, 开始!
Jun 14 00:05:00 您的cookie选择的是用&隔开
Jun 14 00:05:00 
Jun 14 00:05:00 
Jun 14 00:05:00 ====================共有2个京东账号Cookie=========
Jun 14 00:05:00 
Jun 14 00:05:00 ==================脚本执行- 北京时间(UTC+8)：6/14/2021, 12:05:00 AM=====================
Jun 14 00:05:00 
Jun 14 00:05:00 ==================脚本执行- 北京时间(UTC+8)：6/14/2021, 12:05:00 AM=====================
Jun 14 00:05:00 
Jun 14 00:05:00 
Jun 14 00:05:00 ******开始【京东账号1】lman87*********
Jun 14 00:05:00 
Jun 14 00:05:00 
Jun 14 00:05:00 ******开始【京东账号1】lman87*********
Jun 14 00:05:00 
Jun 14 00:05:01 获取签到状态成功 今日未签到 连续签到 34 天
Jun 14 00:05:01 
Jun 14 00:05:01 获取签到状态成功 今日未签到 连续签到 34 天
Jun 14 00:05:01 
Jun 14 00:05:01 签到成功 0
Jun 14 00:05:01 互动任务获取成功
Jun 14 00:05:01 
Jun 14 00:05:01 剩余未接取任务：7
Jun 14 00:05:01 已完成任务：0
Jun 14 00:05:01 
Jun 14 00:05:01 
Jun 14 00:05:01 开始领取 【学知识，领金贴】任务
Jun 14 00:05:01 任务接取成功
Jun 14 00:05:01 完成任务失败 状态不正确
Jun 14 00:05:01 
Jun 14 00:05:01 开始领取 【立即去抢白条24期免息券】任务
Jun 14 00:05:01 任务接取成功
Jun 14 00:05:01 完成任务失败 状态不正确
Jun 14 00:05:01 签到失败 失败
Jun 14 00:05:02 互动任务获取成功
Jun 14 00:05:02 
Jun 14 00:05:02 剩余未接取任务：5
Jun 14 00:05:02 已完成任务：0
Jun 14 00:05:02 
Jun 14 00:05:02 
Jun 14 00:05:02 开始领取 【去看看京东电器频道】任务
Jun 14 00:05:02 任务接取成功
Jun 14 00:05:02 
Jun 14 00:05:02 开始领取 【去看看京东电器频道】任务
Jun 14 00:05:02 任务接取失败 操作频繁
Jun 14 00:05:02 完成任务失败 状态不正确
Jun 14 00:05:02 完成任务失败 操作频繁
Jun 14 00:05:02 
Jun 14 00:05:02 开始领取 【参与全民开红包活动】任务
Jun 14 00:05:02 
Jun 14 00:05:02 开始领取 【参与全民开红包活动】任务
Jun 14 00:05:02 任务接取成功
Jun 14 00:05:02 任务接取失败 操作频繁
Jun 14 00:05:02 完成任务失败 状态不正确
Jun 14 00:05:02 完成任务失败 操作频繁
Jun 14 00:05:02 
Jun 14 00:05:02 开始领取 【参与摇京豆活动】任务
Jun 14 00:05:02 
Jun 14 00:05:02 开始领取 【参与摇京豆活动】任务
Jun 14 00:05:02 任务接取成功
Jun 14 00:05:02 任务接取失败 操作频繁
Jun 14 00:05:03 
Jun 14 00:05:03 开始领取 【参与一次签到】任务
Jun 14 00:05:03 
Jun 14 00:05:03 开始领取 【参与一次签到】任务
Jun 14 00:05:03 任务接取失败 操作频繁
Jun 14 00:05:03 任务接取成功
Jun 14 00:05:03 
Jun 14 00:05:03 开始领取 【浏览任务中心15秒】任务
Jun 14 00:05:03 
Jun 14 00:05:03 开始领取 【浏览任务中心15秒】任务
Jun 14 00:05:03 任务接取失败 操作频繁
Jun 14 00:05:03 任务接取成功
Jun 14 00:05:03 完成任务失败 状态不正确
Jun 14 00:05:03 完成任务失败 操作频繁
Jun 14 00:05:03 获取当前总金贴成功
Jun 14 00:05:03 
Jun 14 00:05:03 京东账号1 lman87 当前总金贴：3.53元
Jun 14 00:05:03 获取当前总金贴成功
Jun 14 00:05:03 
Jun 14 00:05:03 京东账号1 lman87 当前总金贴：3.53元
Jun 14 00:05:03 
Jun 14 00:05:03 ******开始【京东账号2】变速箱2019*********
Jun 14 00:05:03 
Jun 14 00:05:03 
Jun 14 00:05:03 ******开始【京东账号2】变速箱2019*********
Jun 14 00:05:03 
Jun 14 00:05:03 获取签到状态成功 今日未签到 连续签到 34 天
Jun 14 00:05:03 
Jun 14 00:05:04 获取签到状态成功 今日未签到 连续签到 34 天
Jun 14 00:05:04 
Jun 14 00:05:04 签到成功 0
Jun 14 00:05:04 互动任务获取成功
Jun 14 00:05:04 
Jun 14 00:05:04 剩余未接取任务：6
Jun 14 00:05:04 已完成任务：0
Jun 14 00:05:04 
Jun 14 00:05:04 
Jun 14 00:05:04 开始领取 【立即去抢白条24期免息券】任务
Jun 14 00:05:04 任务接取成功
Jun 14 00:05:04 完成任务失败 状态不正确
Jun 14 00:05:04 签到成功 0.03
Jun 14 00:05:04 互动任务获取成功
Jun 14 00:05:04 
Jun 14 00:05:04 剩余未接取任务：5
Jun 14 00:05:04 已完成任务：0
Jun 14 00:05:04 
Jun 14 00:05:04 
Jun 14 00:05:04 开始领取 【去看看京东电器频道】任务
Jun 14 00:05:04 
Jun 14 00:05:04 开始领取 【去看看京东电器频道】任务
Jun 14 00:05:04 任务接取成功
Jun 14 00:05:04 任务接取失败 操作频繁
Jun 14 00:05:04 完成任务失败 状态不正确
Jun 14 00:05:04 完成任务失败 操作频繁
Jun 14 00:05:05 
Jun 14 00:05:05 开始领取 【参与全民开红包活动】任务
Jun 14 00:05:05 
Jun 14 00:05:05 开始领取 【参与全民开红包活动】任务
Jun 14 00:05:05 任务接取成功
Jun 14 00:05:05 任务接取失败 操作频繁
Jun 14 00:05:05 完成任务失败 状态不正确
Jun 14 00:05:05 完成任务失败 操作频繁
Jun 14 00:05:05 
Jun 14 00:05:05 开始领取 【参与摇京豆活动】任务
Jun 14 00:05:05 
Jun 14 00:05:05 开始领取 【参与摇京豆活动】任务
Jun 14 00:05:05 任务接取失败 操作频繁
Jun 14 00:05:05 任务接取成功
Jun 14 00:05:05 
Jun 14 00:05:05 开始领取 【参与一次签到】任务
Jun 14 00:05:05 
Jun 14 00:05:05 开始领取 【参与一次签到】任务
Jun 14 00:05:05 任务接取失败 操作频繁
Jun 14 00:05:05 任务接取成功
Jun 14 00:05:05 
Jun 14 00:05:05 开始领取 【浏览任务中心15秒】任务
Jun 14 00:05:05 
Jun 14 00:05:05 开始领取 【浏览任务中心15秒】任务
Jun 14 00:05:05 任务接取成功
Jun 14 00:05:05 任务接取失败 操作频繁
Jun 14 00:05:05 完成任务失败 操作频繁
Jun 14 00:05:05 完成任务失败 状态不正确
Jun 14 00:05:06 获取当前总金贴成功
Jun 14 00:05:06 
Jun 14 00:05:06 京东账号2 变速箱2019 当前总金贴：3.25元
Jun 14 00:05:06 
Jun 14 00:05:06 🔔领金贴, 结束! 🕛 5.651 秒
Jun 14 00:05:06 
Jun 14 00:05:06 获取当前总金贴成功
Jun 14 00:05:06 
Jun 14 00:05:06 京东账号2 变速箱2019 当前总金贴：3.25元
Jun 14 00:05:06 
Jun 14 00:05:06 🔔领金贴, 结束! 🕛 5.651 秒
Jun 14 00:05:06 
Jun 15 00:05:00 
Jun 15 00:05:00 🔔领金贴, 开始!
Jun 15 00:05:00 您的cookie选择的是用&隔开
Jun 15 00:05:00 
Jun 15 00:05:00 
Jun 15 00:05:00 ====================共有2个京东账号Cookie=========
Jun 15 00:05:00 
Jun 15 00:05:00 
Jun 15 00:05:00 🔔领金贴, 开始!
Jun 15 00:05:00 您的cookie选择的是用&隔开
Jun 15 00:05:00 
Jun 15 00:05:00 
Jun 15 00:05:00 ====================共有2个京东账号Cookie=========
Jun 15 00:05:00 
Jun 15 00:05:00 ==================脚本执行- 北京时间(UTC+8)：6/15/2021, 12:05:00 AM=====================
Jun 15 00:05:00 
Jun 15 00:05:00 ==================脚本执行- 北京时间(UTC+8)：6/15/2021, 12:05:00 AM=====================
Jun 15 00:05:00 
Jun 15 00:05:00 
Jun 15 00:05:00 ******开始【京东账号1】lman87*********
Jun 15 00:05:00 
Jun 15 00:05:00 
Jun 15 00:05:00 ******开始【京东账号1】lman87*********
Jun 15 00:05:00 
Jun 15 00:05:00 获取签到状态成功 今日未签到 连续签到 35 天
Jun 15 00:05:00 
Jun 15 00:05:01 获取签到状态成功 今日未签到 连续签到 35 天
Jun 15 00:05:01 
Jun 15 00:05:01 签到成功 0
Jun 15 00:05:01 互动任务获取成功
Jun 15 00:05:01 
Jun 15 00:05:01 剩余未接取任务：8
Jun 15 00:05:01 已完成任务：0
Jun 15 00:05:01 
Jun 15 00:05:01 
Jun 15 00:05:01 开始领取 【学知识，领金贴】任务
Jun 15 00:05:01 任务接取成功
Jun 15 00:05:01 完成任务失败 状态不正确
Jun 15 00:05:01 
Jun 15 00:05:01 开始领取 【立即去抢白条24期免息券】任务
Jun 15 00:05:01 任务接取成功
Jun 15 00:05:01 签到失败 失败
Jun 15 00:05:01 完成任务失败 状态不正确
Jun 15 00:05:01 互动任务获取成功
Jun 15 00:05:01 
Jun 15 00:05:01 剩余未接取任务：6
Jun 15 00:05:01 已完成任务：0
Jun 15 00:05:01 
Jun 15 00:05:01 
Jun 15 00:05:01 开始领取 【浏览健康呼吸馆，抢半价呼吸机】任务
Jun 15 00:05:01 任务接取成功
Jun 15 00:05:02 
Jun 15 00:05:02 开始领取 【浏览健康呼吸馆，抢半价呼吸机】任务
Jun 15 00:05:02 完成任务失败 状态不正确
Jun 15 00:05:02 任务接取失败 操作频繁
Jun 15 00:05:02 完成任务失败 操作频繁
Jun 15 00:05:02 
Jun 15 00:05:02 开始领取 【去看看京东电器频道】任务
Jun 15 00:05:02 任务接取成功
Jun 15 00:05:02 
Jun 15 00:05:02 开始领取 【去看看京东电器频道】任务
Jun 15 00:05:02 任务接取失败 操作频繁
Jun 15 00:05:02 完成任务失败 状态不正确
Jun 15 00:05:02 完成任务失败 操作频繁
Jun 15 00:05:02 
Jun 15 00:05:02 开始领取 【参与全民开红包活动】任务
Jun 15 00:05:02 任务接取成功
Jun 15 00:05:02 
Jun 15 00:05:02 开始领取 【参与全民开红包活动】任务
Jun 15 00:05:02 任务接取失败 操作频繁
Jun 15 00:05:02 完成任务失败 状态不正确
Jun 15 00:05:03 完成任务失败 操作频繁
Jun 15 00:05:03 
Jun 15 00:05:03 开始领取 【参与摇京豆活动】任务
Jun 15 00:05:03 任务接取成功
Jun 15 00:05:03 
Jun 15 00:05:03 开始领取 【参与摇京豆活动】任务
Jun 15 00:05:03 任务接取失败 操作频繁
Jun 15 00:05:03 
Jun 15 00:05:03 开始领取 【参与一次签到】任务
Jun 15 00:05:03 任务接取成功
Jun 15 00:05:03 
Jun 15 00:05:03 开始领取 【参与一次签到】任务
Jun 15 00:05:03 任务接取失败 操作频繁
Jun 15 00:05:03 
Jun 15 00:05:03 开始领取 【浏览任务中心15秒】任务
Jun 15 00:05:03 
Jun 15 00:05:03 开始领取 【浏览任务中心15秒】任务
Jun 15 00:05:03 任务接取成功
Jun 15 00:05:03 任务接取失败 操作频繁
Jun 15 00:05:03 完成任务失败 状态不正确
Jun 15 00:05:03 完成任务失败 操作频繁
Jun 15 00:05:04 获取当前总金贴成功
Jun 15 00:05:04 
Jun 15 00:05:04 京东账号1 lman87 当前总金贴：1.95元
Jun 15 00:05:04 获取当前总金贴成功
Jun 15 00:05:04 
Jun 15 00:05:04 京东账号1 lman87 当前总金贴：1.95元
Jun 15 00:05:04 
Jun 15 00:05:04 ******开始【京东账号2】变速箱2019*********
Jun 15 00:05:04 
Jun 15 00:05:04 
Jun 15 00:05:04 ******开始【京东账号2】变速箱2019*********
Jun 15 00:05:04 
Jun 15 00:05:04 获取签到状态成功 今日未签到 连续签到 35 天
Jun 15 00:05:04 
Jun 15 00:05:04 获取签到状态成功 今日未签到 连续签到 35 天
Jun 15 00:05:04 
Jun 15 00:05:04 签到成功 0
Jun 15 00:05:04 签到成功 0.01
Jun 15 00:05:04 互动任务获取成功
Jun 15 00:05:04 
Jun 15 00:05:04 剩余未接取任务：7
Jun 15 00:05:04 已完成任务：0
Jun 15 00:05:04 
Jun 15 00:05:04 
Jun 15 00:05:04 开始领取 【立即去抢白条24期免息券】任务
Jun 15 00:05:04 任务接取成功
Jun 15 00:05:05 完成任务失败 状态不正确
Jun 15 00:05:05 
Jun 15 00:05:05 开始领取 【浏览健康呼吸馆，抢半价呼吸机】任务
Jun 15 00:05:05 任务接取成功
Jun 15 00:05:05 完成任务失败 状态不正确
Jun 15 00:05:05 互动任务获取成功
Jun 15 00:05:05 
Jun 15 00:05:05 剩余未接取任务：5
Jun 15 00:05:05 已完成任务：0
Jun 15 00:05:05 
Jun 15 00:05:05 
Jun 15 00:05:05 开始领取 【去看看京东电器频道】任务
Jun 15 00:05:05 任务接取成功
Jun 15 00:05:05 
Jun 15 00:05:05 开始领取 【去看看京东电器频道】任务
Jun 15 00:05:05 任务接取失败 操作频繁
Jun 15 00:05:05 完成任务失败 状态不正确
Jun 15 00:05:05 完成任务失败 操作频繁
Jun 15 00:05:06 
Jun 15 00:05:06 开始领取 【参与全民开红包活动】任务
Jun 15 00:05:06 任务接取成功
Jun 15 00:05:06 
Jun 15 00:05:06 开始领取 【参与全民开红包活动】任务
Jun 15 00:05:06 任务接取失败 操作频繁
Jun 15 00:05:06 完成任务失败 状态不正确
Jun 15 00:05:06 完成任务失败 操作频繁
Jun 15 00:05:06 
Jun 15 00:05:06 开始领取 【参与摇京豆活动】任务
Jun 15 00:05:06 任务接取成功
Jun 15 00:05:06 
Jun 15 00:05:06 开始领取 【参与摇京豆活动】任务
Jun 15 00:05:06 任务接取失败 操作频繁
Jun 15 00:05:06 
Jun 15 00:05:06 开始领取 【参与一次签到】任务
Jun 15 00:05:06 
Jun 15 00:05:06 开始领取 【参与一次签到】任务
Jun 15 00:05:06 任务接取成功
Jun 15 00:05:06 任务接取失败 操作频繁
Jun 15 00:05:06 
Jun 15 00:05:06 开始领取 【浏览任务中心15秒】任务
Jun 15 00:05:06 
Jun 15 00:05:06 开始领取 【浏览任务中心15秒】任务
Jun 15 00:05:06 任务接取失败 操作频繁
Jun 15 00:05:06 任务接取成功
Jun 15 00:05:06 完成任务失败 操作频繁
Jun 15 00:05:07 完成任务失败 状态不正确
Jun 15 00:05:07 获取当前总金贴成功
Jun 15 00:05:07 
Jun 15 00:05:07 京东账号2 变速箱2019 当前总金贴：1.8元
Jun 15 00:05:07 
Jun 15 00:05:07 🔔领金贴, 结束! 🕛 6.765 秒
Jun 15 00:05:07 
Jun 15 00:05:07 获取当前总金贴成功
Jun 15 00:05:07 
Jun 15 00:05:07 京东账号2 变速箱2019 当前总金贴：1.8元
Jun 15 00:05:07 
Jun 15 00:05:07 🔔领金贴, 结束! 🕛 6.773 秒
Jun 15 00:05:07 
