Jun 14 00:00:00 
Jun 14 00:00:00 🔔有机牧场, 开始!
Jun 14 00:00:00 您的cookie选择的是用&隔开
Jun 14 00:00:00 
Jun 14 00:00:00 
Jun 14 00:00:00 ====================共有2个京东账号Cookie=========
Jun 14 00:00:00 
Jun 14 00:00:00 ==================脚本执行- 北京时间(UTC+8)：6/14/2021, 12:00:00 AM=====================
Jun 14 00:00:00 
Jun 14 00:00:00 
Jun 14 00:00:00 🔔有机牧场, 开始!
Jun 14 00:00:00 您的cookie选择的是用&隔开
Jun 14 00:00:00 
Jun 14 00:00:00 
Jun 14 00:00:00 ====================共有2个京东账号Cookie=========
Jun 14 00:00:00 
Jun 14 00:00:01 
Jun 14 00:00:01 *******开始【京东账号1】lman87********
Jun 14 00:00:01 
Jun 14 00:00:01 ==================脚本执行- 北京时间(UTC+8)：6/14/2021, 12:00:00 AM=====================
Jun 14 00:00:01 
Jun 14 00:00:01 
Jun 14 00:00:01 *******开始【京东账号1】lman87********
Jun 14 00:00:01 
Jun 14 00:00:02 成功获取到token
Jun 14 00:00:03 成功获取到access_token
Jun 14 00:00:03 成功获取到token
Jun 14 00:00:03 成功获取到access_token
Jun 14 00:00:03 京东返回了一段空数据
Jun 14 00:00:03 未设置兑奖关键字，暂时不兑换奖品
Jun 14 00:00:04 京东返回了一段空数据
Jun 14 00:00:04 未设置兑奖关键字，暂时不兑换奖品
Jun 14 00:01:41 connect ETIMEDOUT 34.92.123.4:443
Jun 14 00:01:41 执行开卡任务
Jun 14 00:01:41     └ 发生错误： 邀请人不存在
Jun 14 00:01:41 为助力池用户助力
Jun 14 00:01:41     └ 发生错误： 邀请人不存在
Jun 14 00:01:41 为尽可能公平的助力，只提交ck列表中前半部分ck的助力码。
Jun 14 00:01:41 214980
Jun 14 00:01:41 获取任务列表请成功
Jun 14 00:01:41 执行日常签到任务
Jun 14 00:01:41     └ 完成任务，获得 1100个金币
Jun 14 00:01:41 已完成所有浏览店铺任务
Jun 14 00:01:41 已完成所有加购任务
Jun 14 00:01:41 开始生产牛奶
Jun 14 00:01:41     └ 开始生产牛奶，完成生产需要6000秒
Jun 14 00:01:41 上架牛奶
Jun 14 00:01:42     └ 成功上架了1200箱牛奶
Jun 14 00:01:42 当前游戏金币：883200
Jun 14 00:01:42 当前农场等级：10
Jun 14 00:01:42 
Jun 14 00:01:42 *******开始【京东账号2】jd_rkylFaEIkvBL********
Jun 14 00:01:42 
Jun 14 00:01:42 connect ETIMEDOUT 34.92.123.4:443
Jun 14 00:01:42 214980
Jun 14 00:01:42 成功获取到token
Jun 14 00:01:42 获取任务列表请成功
Jun 14 00:01:42 已完成日常签到任务
Jun 14 00:01:42 已完成所有浏览店铺任务
Jun 14 00:01:42 已完成所有加购任务
Jun 14 00:01:42 成功获取到access_token
Jun 14 00:01:42 上架牛奶
Jun 14 00:01:42     └ 发生错误： 暂无牛奶可上架
Jun 14 00:01:42 当前游戏金币：883200
Jun 14 00:01:42 当前农场等级：10
Jun 14 00:01:42 
Jun 14 00:01:42 *******开始【京东账号2】jd_rkylFaEIkvBL********
Jun 14 00:01:42 
Jun 14 00:01:42 京东返回了一段空数据
Jun 14 00:01:42 未设置兑奖关键字，暂时不兑换奖品
Jun 14 00:01:42 成功获取到token
Jun 14 00:01:42 成功获取到access_token
Jun 14 00:01:42 京东返回了一段空数据
Jun 14 00:01:42 未设置兑奖关键字，暂时不兑换奖品
Jun 14 00:03:19 connect ETIMEDOUT 34.92.123.4:443
Jun 14 00:03:19 执行开卡任务
Jun 14 00:03:20     └ 发生错误： 邀请人不存在
Jun 14 00:03:20 为助力池用户助力
Jun 14 00:03:20     └ 发生错误： 邀请人不存在
Jun 14 00:03:20 为尽可能公平的助力，只提交ck列表中前半部分ck的助力码。
Jun 14 00:03:20 214981
Jun 14 00:03:20 获取任务列表请成功
Jun 14 00:03:20 执行日常签到任务
Jun 14 00:03:20     └ 完成任务，获得 1100个金币
Jun 14 00:03:20 已完成所有浏览店铺任务
Jun 14 00:03:20 已完成所有加购任务
Jun 14 00:03:20 开始生产牛奶
Jun 14 00:03:20     └ 开始生产牛奶，完成生产需要6000秒
Jun 14 00:03:20 上架牛奶
Jun 14 00:03:20 connect ETIMEDOUT 34.92.123.4:443
Jun 14 00:03:20 214981
Jun 14 00:03:20     └ 成功上架了1200箱牛奶
Jun 14 00:03:20 当前游戏金币：883300
Jun 14 00:03:20 当前农场等级：10
Jun 14 00:03:20 
Jun 14 00:03:20 🔔有机牧场, 结束! 🕛 200.061 秒
Jun 14 00:03:20 
Jun 14 00:03:20 获取任务列表请成功
Jun 14 00:03:20 已完成日常签到任务
Jun 14 00:03:20 已完成所有浏览店铺任务
Jun 14 00:03:20 已完成所有加购任务
Jun 14 00:03:20 上架牛奶
Jun 14 00:03:20     └ 发生错误： 暂无牛奶可上架
Jun 14 00:03:20 当前游戏金币：883300
Jun 14 00:03:20 当前农场等级：10
Jun 14 00:03:20 
Jun 14 00:03:20 🔔有机牧场, 结束! 🕛 199.868 秒
Jun 14 00:03:20 
Jun 14 01:00:01 
Jun 14 01:00:01 🔔有机牧场, 开始!
Jun 14 01:00:01 您的cookie选择的是用&隔开
Jun 14 01:00:01 
Jun 14 01:00:01 
Jun 14 01:00:01 ====================共有2个京东账号Cookie=========
Jun 14 01:00:01 
Jun 14 01:00:01 
Jun 14 01:00:01 🔔有机牧场, 开始!
Jun 14 01:00:01 您的cookie选择的是用&隔开
Jun 14 01:00:01 
Jun 14 01:00:01 
Jun 14 01:00:01 ====================共有2个京东账号Cookie=========
Jun 14 01:00:01 
Jun 14 01:00:01 ==================脚本执行- 北京时间(UTC+8)：6/14/2021, 1:00:01 AM=====================
Jun 14 01:00:01 
Jun 14 01:00:01 
Jun 14 01:00:01 *******开始【京东账号1】lman87********
Jun 14 01:00:01 
Jun 14 01:00:01 ==================脚本执行- 北京时间(UTC+8)：6/14/2021, 1:00:01 AM=====================
Jun 14 01:00:01 
Jun 14 01:00:01 
Jun 14 01:00:01 *******开始【京东账号1】lman87********
Jun 14 01:00:01 
Jun 14 01:00:01 成功获取到token
Jun 14 01:00:01 成功获取到token
Jun 14 01:00:02 成功获取到access_token
Jun 14 01:00:02 成功获取到access_token
Jun 14 01:00:02 京东返回了一段空数据
Jun 14 01:00:02 未设置兑奖关键字，暂时不兑换奖品
Jun 14 01:00:03 京东返回了一段空数据
Jun 14 01:00:03 未设置兑奖关键字，暂时不兑换奖品
Jun 14 01:01:40 connect ETIMEDOUT 34.92.123.4:443
Jun 14 01:01:40 connect ETIMEDOUT 34.92.123.4:443
Jun 14 01:01:40 214980
Jun 14 01:01:40 214980
Jun 14 01:01:40 获取任务列表请成功
Jun 14 01:01:40 已完成日常签到任务
Jun 14 01:01:40 已完成所有浏览店铺任务
Jun 14 01:01:40 已完成所有加购任务
Jun 14 01:01:40 获取任务列表请成功
Jun 14 01:01:40 已完成日常签到任务
Jun 14 01:01:40 已完成所有浏览店铺任务
Jun 14 01:01:40 已完成所有加购任务
Jun 14 01:01:40 上架牛奶
Jun 14 01:01:40 上架牛奶
Jun 14 01:01:41     └ 发生错误： 牛奶正在上架中
Jun 14 01:01:41 当前游戏金币：1003200
Jun 14 01:01:41 当前农场等级：10
Jun 14 01:01:41 
Jun 14 01:01:41 *******开始【京东账号2】jd_rkylFaEIkvBL********
Jun 14 01:01:41 
Jun 14 01:01:41     └ 成功上架了719箱牛奶
Jun 14 01:01:41 当前游戏金币：1003200
Jun 14 01:01:41 当前农场等级：10
Jun 14 01:01:41 
Jun 14 01:01:41 *******开始【京东账号2】jd_rkylFaEIkvBL********
Jun 14 01:01:41 
Jun 14 01:01:41 成功获取到token
Jun 14 01:01:41 成功获取到token
Jun 14 01:01:41 成功获取到access_token
Jun 14 01:01:41 成功获取到access_token
Jun 14 01:01:41 京东返回了一段空数据
Jun 14 01:01:41 未设置兑奖关键字，暂时不兑换奖品
Jun 14 01:01:41 京东返回了一段空数据
Jun 14 01:01:41 未设置兑奖关键字，暂时不兑换奖品
Jun 14 01:03:18 connect ETIMEDOUT 34.92.123.4:443
Jun 14 01:03:18 214981
Jun 14 01:03:18 获取任务列表请成功
Jun 14 01:03:18 已完成日常签到任务
Jun 14 01:03:18 已完成所有浏览店铺任务
Jun 14 01:03:18 已完成所有加购任务
Jun 14 01:03:18 上架牛奶
Jun 14 01:03:19     └ 成功上架了719箱牛奶
Jun 14 01:03:19 当前游戏金币：1003300
Jun 14 01:03:19 当前农场等级：10
Jun 14 01:03:19 
Jun 14 01:03:19 🔔有机牧场, 结束! 🕛 197.928 秒
Jun 14 01:03:19 
Jun 14 01:03:19 connect ETIMEDOUT 34.92.123.4:443
Jun 14 01:03:19 214981
Jun 14 01:03:19 获取任务列表请成功
Jun 14 01:03:19 已完成日常签到任务
Jun 14 01:03:19 已完成所有浏览店铺任务
Jun 14 01:03:19 已完成所有加购任务
Jun 14 01:03:19 上架牛奶
Jun 14 01:03:19     └ 发生错误： 暂无牛奶可上架
Jun 14 01:03:19 当前游戏金币：1003400
Jun 14 01:03:19 当前农场等级：10
Jun 14 01:03:19 
Jun 14 01:03:19 🔔有机牧场, 结束! 🕛 198.165 秒
Jun 14 01:03:19 
Jun 14 03:00:00 
Jun 14 03:00:00 🔔有机牧场, 开始!
Jun 14 03:00:00 您的cookie选择的是用&隔开
Jun 14 03:00:00 
Jun 14 03:00:00 
Jun 14 03:00:00 ====================共有2个京东账号Cookie=========
Jun 14 03:00:00 
Jun 14 03:00:00 
Jun 14 03:00:00 🔔有机牧场, 开始!
Jun 14 03:00:00 您的cookie选择的是用&隔开
Jun 14 03:00:00 
Jun 14 03:00:00 
Jun 14 03:00:00 ====================共有2个京东账号Cookie=========
Jun 14 03:00:00 
Jun 14 03:00:00 ==================脚本执行- 北京时间(UTC+8)：6/14/2021, 3:00:00 AM=====================
Jun 14 03:00:00 
Jun 14 03:00:00 ==================脚本执行- 北京时间(UTC+8)：6/14/2021, 3:00:00 AM=====================
Jun 14 03:00:00 
Jun 14 03:00:00 
Jun 14 03:00:00 *******开始【京东账号1】lman87********
Jun 14 03:00:00 
Jun 14 03:00:00 
Jun 14 03:00:00 *******开始【京东账号1】lman87********
Jun 14 03:00:00 
Jun 14 03:00:00 成功获取到token
Jun 14 03:00:00 成功获取到token
Jun 14 03:00:00 成功获取到access_token
Jun 14 03:00:00 成功获取到access_token
Jun 14 03:00:00 京东返回了一段空数据
Jun 14 03:00:00 未设置兑奖关键字，暂时不兑换奖品
Jun 14 03:00:00 京东返回了一段空数据
Jun 14 03:00:00 未设置兑奖关键字，暂时不兑换奖品
Jun 14 03:01:38Jun 14 03:01:38 connect ETIMEDOUT 34.92.123.4:443
 connect ETIMEDOUT 34.92.123.4:443
Jun 14 03:01:38 214980
Jun 14 03:01:38 214980
Jun 14 03:01:38 获取任务列表请成功
Jun 14 03:01:38 已完成日常签到任务
Jun 14 03:01:38 已完成所有浏览店铺任务
Jun 14 03:01:38 已完成所有加购任务
Jun 14 03:01:38 获取任务列表请成功
Jun 14 03:01:38 已完成日常签到任务
Jun 14 03:01:38 已完成所有浏览店铺任务
Jun 14 03:01:38 已完成所有加购任务
Jun 14 03:01:38 开始生产牛奶
Jun 14 03:01:38 开始生产牛奶
Jun 14 03:01:38     └ 发生错误： 请勿频繁操作
Jun 14 03:01:38 上架牛奶
Jun 14 03:01:38     └ 开始生产牛奶，完成生产需要6000秒
Jun 14 03:01:38 上架牛奶
Jun 14 03:01:38     └ 成功上架了481箱牛奶
Jun 14 03:01:38 当前游戏金币：1075100
Jun 14 03:01:38 当前农场等级：10
Jun 14 03:01:38 
Jun 14 03:01:38 *******开始【京东账号2】jd_rkylFaEIkvBL********
Jun 14 03:01:38 
Jun 14 03:01:38     └ 发生错误： 暂无牛奶可上架
Jun 14 03:01:38 当前游戏金币：1075100
Jun 14 03:01:38 当前农场等级：10
Jun 14 03:01:38 
Jun 14 03:01:38 *******开始【京东账号2】jd_rkylFaEIkvBL********
Jun 14 03:01:38 
Jun 14 03:01:38 成功获取到token
Jun 14 03:01:38 成功获取到token
Jun 14 03:01:38 成功获取到access_token
Jun 14 03:01:39 成功获取到access_token
Jun 14 03:01:39 京东返回了一段空数据
Jun 14 03:01:39 未设置兑奖关键字，暂时不兑换奖品
Jun 14 03:01:39 京东返回了一段空数据
Jun 14 03:01:39 未设置兑奖关键字，暂时不兑换奖品
Jun 14 03:03:16Jun 14 03:03:16 connect ETIMEDOUT 34.92.123.4:443
 connect ETIMEDOUT 34.92.123.4:443
Jun 14 03:03:16Jun 14 03:03:16 214981
 214981
Jun 14 03:03:16 获取任务列表请成功
Jun 14 03:03:16 已完成日常签到任务
Jun 14 03:03:16 已完成所有浏览店铺任务
Jun 14 03:03:16 已完成所有加购任务
Jun 14 03:03:16 获取任务列表请成功
Jun 14 03:03:16 已完成日常签到任务
Jun 14 03:03:16 已完成所有浏览店铺任务
Jun 14 03:03:16 已完成所有加购任务
Jun 14 03:03:16 开始生产牛奶
Jun 14 03:03:16 开始生产牛奶
Jun 14 03:03:17     └ 开始生产牛奶，完成生产需要6000秒
Jun 14 03:03:17 上架牛奶
Jun 14 03:03:17     └ 发生错误： 已有牛奶正在生产中
Jun 14 03:03:17 上架牛奶
Jun 14 03:03:17     └ 成功上架了481箱牛奶
Jun 14 03:03:17 当前游戏金币：1075200
Jun 14 03:03:17 当前农场等级：10
Jun 14 03:03:17 
Jun 14 03:03:17 🔔有机牧场, 结束! 🕛 196.898 秒
Jun 14 03:03:17 
Jun 14 03:03:17     └ 发生错误： 暂无牛奶可上架
Jun 14 03:03:17 当前游戏金币：1075200
Jun 14 03:03:17 当前农场等级：10
Jun 14 03:03:17 
Jun 14 03:03:17 🔔有机牧场, 结束! 🕛 196.941 秒
Jun 14 03:03:17 
Jun 14 05:00:00 
Jun 14 05:00:00 🔔有机牧场, 开始!
Jun 14 05:00:00 您的cookie选择的是用&隔开
Jun 14 05:00:00 
Jun 14 05:00:00 
Jun 14 05:00:00 ====================共有2个京东账号Cookie=========
Jun 14 05:00:00 
Jun 14 05:00:00 
Jun 14 05:00:00 🔔有机牧场, 开始!
Jun 14 05:00:00 您的cookie选择的是用&隔开
Jun 14 05:00:00 
Jun 14 05:00:00 
Jun 14 05:00:00 ====================共有2个京东账号Cookie=========
Jun 14 05:00:00 
Jun 14 05:00:00 ==================脚本执行- 北京时间(UTC+8)：6/14/2021, 5:00:00 AM=====================
Jun 14 05:00:00 
Jun 14 05:00:00 
Jun 14 05:00:00 *******开始【京东账号1】lman87********
Jun 14 05:00:00 
Jun 14 05:00:00 ==================脚本执行- 北京时间(UTC+8)：6/14/2021, 5:00:00 AM=====================
Jun 14 05:00:00 
Jun 14 05:00:00 
Jun 14 05:00:00 *******开始【京东账号1】lman87********
Jun 14 05:00:00 
Jun 14 05:00:00 成功获取到token
Jun 14 05:00:00 成功获取到token
Jun 14 05:00:00 成功获取到access_token
Jun 14 05:00:00 成功获取到access_token
Jun 14 05:00:00 京东返回了一段空数据
Jun 14 05:00:00 未设置兑奖关键字，暂时不兑换奖品
Jun 14 05:00:00 京东返回了一段空数据
Jun 14 05:00:00 未设置兑奖关键字，暂时不兑换奖品
Jun 14 05:01:38Jun 14 05:01:38 connect ETIMEDOUT 34.92.123.4:443
 connect ETIMEDOUT 34.92.123.4:443
Jun 14 05:01:38 214980
Jun 14 05:01:38 214980
Jun 14 05:01:38 获取任务列表请成功
Jun 14 05:01:38 已完成日常签到任务
Jun 14 05:01:38 已完成所有浏览店铺任务
Jun 14 05:01:38 已完成所有加购任务
Jun 14 05:01:38 获取任务列表请成功
Jun 14 05:01:38 已完成日常签到任务
Jun 14 05:01:38 已完成所有浏览店铺任务
Jun 14 05:01:38 已完成所有加购任务
Jun 14 05:01:38 开始生产牛奶
Jun 14 05:01:38 开始生产牛奶
Jun 14 05:01:38     └ 开始生产牛奶，完成生产需要6000秒
Jun 14 05:01:38 上架牛奶
Jun 14 05:01:38     └ 发生错误： 已有牛奶正在生产中
Jun 14 05:01:38 上架牛奶
Jun 14 05:01:38     └ 发生错误： 牛奶正在上架中
Jun 14 05:01:38 当前游戏金币：1123200
Jun 14 05:01:38 当前农场等级：10
Jun 14 05:01:38 
Jun 14 05:01:38 *******开始【京东账号2】jd_rkylFaEIkvBL********
Jun 14 05:01:38 
Jun 14 05:01:38     └ 成功上架了1200箱牛奶
Jun 14 05:01:38 当前游戏金币：1123200
Jun 14 05:01:38 当前农场等级：10
Jun 14 05:01:38 
Jun 14 05:01:38 *******开始【京东账号2】jd_rkylFaEIkvBL********
Jun 14 05:01:38 
Jun 14 05:01:38 成功获取到token
Jun 14 05:01:38 成功获取到token
Jun 14 05:01:39 成功获取到access_token
Jun 14 05:01:39 成功获取到access_token
Jun 14 05:01:39 京东返回了一段空数据
Jun 14 05:01:39 未设置兑奖关键字，暂时不兑换奖品
Jun 14 05:01:39 京东返回了一段空数据
Jun 14 05:01:39 未设置兑奖关键字，暂时不兑换奖品
Jun 14 05:03:16Jun 14 05:03:16 connect ETIMEDOUT 34.92.123.4:443
 connect ETIMEDOUT 34.92.123.4:443
Jun 14 05:03:16 214981
Jun 14 05:03:16 214981
Jun 14 05:03:16 获取任务列表请成功
Jun 14 05:03:16 已完成日常签到任务
Jun 14 05:03:16 已完成所有浏览店铺任务
Jun 14 05:03:16 已完成所有加购任务
Jun 14 05:03:16 获取任务列表请成功
Jun 14 05:03:16 已完成日常签到任务
Jun 14 05:03:16 已完成所有浏览店铺任务
Jun 14 05:03:16 已完成所有加购任务
Jun 14 05:03:16 开始生产牛奶
Jun 14 05:03:16 开始生产牛奶
Jun 14 05:03:16     └ 发生错误： 请勿频繁操作
Jun 14 05:03:16 上架牛奶
Jun 14 05:03:17     └ 开始生产牛奶，完成生产需要5999秒
Jun 14 05:03:17 上架牛奶
Jun 14 05:03:17     └ 发生错误： 牛奶正在上架中
Jun 14 05:03:17 当前游戏金币：1123300
Jun 14 05:03:17 当前农场等级：10
Jun 14 05:03:17 
Jun 14 05:03:17 🔔有机牧场, 结束! 🕛 196.822 秒
Jun 14 05:03:17 
Jun 14 05:03:17     └ 成功上架了1200箱牛奶
Jun 14 05:03:17 当前游戏金币：1123300
Jun 14 05:03:17 当前农场等级：10
Jun 14 05:03:17 
Jun 14 05:03:17 🔔有机牧场, 结束! 🕛 196.836 秒
Jun 14 05:03:17 
Jun 14 07:00:00 
Jun 14 07:00:00 🔔有机牧场, 开始!
Jun 14 07:00:00 您的cookie选择的是用&隔开
Jun 14 07:00:00 
Jun 14 07:00:00 
Jun 14 07:00:00 ====================共有2个京东账号Cookie=========
Jun 14 07:00:00 
Jun 14 07:00:00 
Jun 14 07:00:00 🔔有机牧场, 开始!
Jun 14 07:00:00 您的cookie选择的是用&隔开
Jun 14 07:00:00 
Jun 14 07:00:00 
Jun 14 07:00:00 ====================共有2个京东账号Cookie=========
Jun 14 07:00:00 
Jun 14 07:00:00 ==================脚本执行- 北京时间(UTC+8)：6/14/2021, 7:00:00 AM=====================
Jun 14 07:00:00 
Jun 14 07:00:00 ==================脚本执行- 北京时间(UTC+8)：6/14/2021, 7:00:00 AM=====================
Jun 14 07:00:00 
Jun 14 07:00:00 
Jun 14 07:00:00 *******开始【京东账号1】lman87********
Jun 14 07:00:00 
Jun 14 07:00:00 
Jun 14 07:00:00 *******开始【京东账号1】lman87********
Jun 14 07:00:00 
Jun 14 07:00:00 成功获取到token
Jun 14 07:00:00 成功获取到token
Jun 14 07:00:00 成功获取到access_token
Jun 14 07:00:00 成功获取到access_token
Jun 14 07:00:01 京东返回了一段空数据
Jun 14 07:00:01 未设置兑奖关键字，暂时不兑换奖品
Jun 14 07:00:01 京东返回了一段空数据
Jun 14 07:00:01 未设置兑奖关键字，暂时不兑换奖品
Jun 14 07:01:38Jun 14 07:01:38 connect ETIMEDOUT 34.92.123.4:443
 connect ETIMEDOUT 34.92.123.4:443
Jun 14 07:01:38Jun 14 07:01:38 214980
 214980
Jun 14 07:01:38 获取任务列表请成功
Jun 14 07:01:38 已完成日常签到任务
Jun 14 07:01:38 已完成所有浏览店铺任务
Jun 14 07:01:38 已完成所有加购任务
Jun 14 07:01:38 获取任务列表请成功
Jun 14 07:01:38 已完成日常签到任务
Jun 14 07:01:38 已完成所有浏览店铺任务
Jun 14 07:01:38 已完成所有加购任务
Jun 14 07:01:38 开始生产牛奶
Jun 14 07:01:38 开始生产牛奶
Jun 14 07:01:38     └ 开始生产牛奶，完成生产需要6000秒
Jun 14 07:01:38 上架牛奶
Jun 14 07:01:38     └ 发生错误： 已有牛奶正在生产中
Jun 14 07:01:38 上架牛奶
Jun 14 07:01:39     └ 成功上架了1200箱牛奶
Jun 14 07:01:39 当前游戏金币：1243200
Jun 14 07:01:39 当前农场等级：10
Jun 14 07:01:39 
Jun 14 07:01:39 *******开始【京东账号2】jd_rkylFaEIkvBL********
Jun 14 07:01:39 
Jun 14 07:01:39     └ 发生错误： 暂无牛奶可上架
Jun 14 07:01:39 当前游戏金币：1243200
Jun 14 07:01:39 当前农场等级：10
Jun 14 07:01:39 
Jun 14 07:01:39 *******开始【京东账号2】jd_rkylFaEIkvBL********
Jun 14 07:01:39 
Jun 14 07:01:39 成功获取到token
Jun 14 07:01:39 成功获取到token
Jun 14 07:01:39 成功获取到access_token
Jun 14 07:01:39 成功获取到access_token
Jun 14 07:01:39 京东返回了一段空数据
Jun 14 07:01:39 未设置兑奖关键字，暂时不兑换奖品
Jun 14 07:01:39 京东返回了一段空数据
Jun 14 07:01:39 未设置兑奖关键字，暂时不兑换奖品
Jun 14 07:03:17 connect ETIMEDOUT 34.92.123.4:443
Jun 14 07:03:17 214981
Jun 14 07:03:17 获取任务列表请成功
Jun 14 07:03:17 已完成日常签到任务
Jun 14 07:03:17 已完成所有浏览店铺任务
Jun 14 07:03:17 已完成所有加购任务
Jun 14 07:03:17 开始生产牛奶
Jun 14 07:03:17 connect ETIMEDOUT 34.92.123.4:443
Jun 14 07:03:17 214981
Jun 14 07:03:17     └ 开始生产牛奶，完成生产需要6000秒
Jun 14 07:03:17 上架牛奶
Jun 14 07:03:17 获取任务列表请成功
Jun 14 07:03:17 已完成日常签到任务
Jun 14 07:03:17 已完成所有浏览店铺任务
Jun 14 07:03:17 已完成所有加购任务
Jun 14 07:03:17 上架牛奶
Jun 14 07:03:17     └ 成功上架了1200箱牛奶
Jun 14 07:03:17 当前游戏金币：1243300
Jun 14 07:03:17 当前农场等级：10
Jun 14 07:03:17 
Jun 14 07:03:17 🔔有机牧场, 结束! 🕛 196.991 秒
Jun 14 07:03:17 
Jun 14 07:03:17     └ 发生错误： 暂无牛奶可上架
Jun 14 07:03:17 当前游戏金币：1243300
Jun 14 07:03:17 当前农场等级：10
Jun 14 07:03:17 
Jun 14 07:03:17 🔔有机牧场, 结束! 🕛 197.051 秒
Jun 14 07:03:17 
Jun 14 09:00:00 
Jun 14 09:00:00 🔔有机牧场, 开始!
Jun 14 09:00:00 您的cookie选择的是用&隔开
Jun 14 09:00:00 
Jun 14 09:00:00 
Jun 14 09:00:00 ====================共有2个京东账号Cookie=========
Jun 14 09:00:00 
Jun 14 09:00:00 
Jun 14 09:00:00 🔔有机牧场, 开始!
Jun 14 09:00:00 您的cookie选择的是用&隔开
Jun 14 09:00:00 
Jun 14 09:00:00 
Jun 14 09:00:00 ====================共有2个京东账号Cookie=========
Jun 14 09:00:00 
Jun 14 09:00:00 ==================脚本执行- 北京时间(UTC+8)：6/14/2021, 9:00:00 AM=====================
Jun 14 09:00:00 
Jun 14 09:00:00 ==================脚本执行- 北京时间(UTC+8)：6/14/2021, 9:00:00 AM=====================
Jun 14 09:00:00 
Jun 14 09:00:00 
Jun 14 09:00:00 *******开始【京东账号1】lman87********
Jun 14 09:00:00 
Jun 14 09:00:00 
Jun 14 09:00:00 *******开始【京东账号1】lman87********
Jun 14 09:00:00 
Jun 14 09:00:01 成功获取到token
Jun 14 09:00:01 成功获取到token
Jun 14 09:00:01 成功获取到access_token
Jun 14 09:00:01 成功获取到access_token
Jun 14 09:00:01 京东返回了一段空数据
Jun 14 09:00:01 未设置兑奖关键字，暂时不兑换奖品
Jun 14 09:00:01 京东返回了一段空数据
Jun 14 09:00:01 未设置兑奖关键字，暂时不兑换奖品
Jun 14 09:01:38 connect ETIMEDOUT 34.92.123.4:443
Jun 14 09:01:38 214980
Jun 14 09:01:39 获取任务列表请成功
Jun 14 09:01:39 已完成日常签到任务
Jun 14 09:01:39 已完成所有浏览店铺任务
Jun 14 09:01:39 已完成所有加购任务
Jun 14 09:01:39 开始生产牛奶
Jun 14 09:01:39 connect ETIMEDOUT 34.92.123.4:443
Jun 14 09:01:39 214980
Jun 14 09:01:39     └ 开始生产牛奶，完成生产需要6000秒
Jun 14 09:01:39 上架牛奶
Jun 14 09:01:39 获取任务列表请成功
Jun 14 09:01:39 已完成日常签到任务
Jun 14 09:01:39 已完成所有浏览店铺任务
Jun 14 09:01:39 已完成所有加购任务
Jun 14 09:01:39     └ 成功上架了1200箱牛奶
Jun 14 09:01:39 当前游戏金币：1363200
Jun 14 09:01:39 当前农场等级：10
Jun 14 09:01:39 
Jun 14 09:01:39 *******开始【京东账号2】jd_rkylFaEIkvBL********
Jun 14 09:01:39 
Jun 14 09:01:39 上架牛奶
Jun 14 09:01:39 成功获取到token
Jun 14 09:01:39     └ 发生错误： 暂无牛奶可上架
Jun 14 09:01:39 当前游戏金币：1363200
Jun 14 09:01:39 当前农场等级：10
Jun 14 09:01:39 
Jun 14 09:01:39 *******开始【京东账号2】jd_rkylFaEIkvBL********
Jun 14 09:01:39 
Jun 14 09:01:39 成功获取到access_token
Jun 14 09:01:39 成功获取到token
Jun 14 09:01:39 成功获取到access_token
Jun 14 09:01:39 京东返回了一段空数据
Jun 14 09:01:39 未设置兑奖关键字，暂时不兑换奖品
Jun 14 09:01:39 京东返回了一段空数据
Jun 14 09:01:39 未设置兑奖关键字，暂时不兑换奖品
Jun 14 09:03:17 connect ETIMEDOUT 34.92.123.4:443
Jun 14 09:03:17 214981
Jun 14 09:03:17 获取任务列表请成功
Jun 14 09:03:17 已完成日常签到任务
Jun 14 09:03:17 已完成所有浏览店铺任务
Jun 14 09:03:17 已完成所有加购任务
Jun 14 09:03:17 开始生产牛奶
Jun 14 09:03:17     └ 开始生产牛奶，完成生产需要6000秒
Jun 14 09:03:17 上架牛奶
Jun 14 09:03:17 connect ETIMEDOUT 34.92.123.4:443
Jun 14 09:03:17 214981
Jun 14 09:03:17     └ 成功上架了1200箱牛奶
Jun 14 09:03:17 当前游戏金币：1363300
Jun 14 09:03:17 当前农场等级：10
Jun 14 09:03:17 
Jun 14 09:03:17 🔔有机牧场, 结束! 🕛 196.944 秒
Jun 14 09:03:17 
Jun 14 09:03:17 获取任务列表请成功
Jun 14 09:03:17 已完成日常签到任务
Jun 14 09:03:17 已完成所有浏览店铺任务
Jun 14 09:03:17 已完成所有加购任务
Jun 14 09:03:17 上架牛奶
Jun 14 09:03:17     └ 发生错误： 暂无牛奶可上架
Jun 14 09:03:17 当前游戏金币：1363300
Jun 14 09:03:17 当前农场等级：10
Jun 14 09:03:17 
Jun 14 09:03:17 🔔有机牧场, 结束! 🕛 197.15 秒
Jun 14 09:03:17 
Jun 14 11:00:00 
Jun 14 11:00:00 🔔有机牧场, 开始!
Jun 14 11:00:00 您的cookie选择的是用&隔开
Jun 14 11:00:00 
Jun 14 11:00:00 
Jun 14 11:00:00 ====================共有2个京东账号Cookie=========
Jun 14 11:00:00 
Jun 14 11:00:00 
Jun 14 11:00:00 🔔有机牧场, 开始!
Jun 14 11:00:00 您的cookie选择的是用&隔开
Jun 14 11:00:00 
Jun 14 11:00:00 
Jun 14 11:00:00 ====================共有2个京东账号Cookie=========
Jun 14 11:00:00 
Jun 14 11:00:00 ==================脚本执行- 北京时间(UTC+8)：6/14/2021, 11:00:00 AM=====================
Jun 14 11:00:00 
Jun 14 11:00:00 ==================脚本执行- 北京时间(UTC+8)：6/14/2021, 11:00:00 AM=====================
Jun 14 11:00:00 
Jun 14 11:00:00 
Jun 14 11:00:00 *******开始【京东账号1】lman87********
Jun 14 11:00:00 
Jun 14 11:00:00 
Jun 14 11:00:00 *******开始【京东账号1】lman87********
Jun 14 11:00:00 
Jun 14 11:00:01 成功获取到token
Jun 14 11:00:01 成功获取到token
Jun 14 11:00:01 成功获取到access_token
Jun 14 11:00:01 成功获取到access_token
Jun 14 11:00:01 京东返回了一段空数据
Jun 14 11:00:01 未设置兑奖关键字，暂时不兑换奖品
Jun 14 11:00:01 京东返回了一段空数据
Jun 14 11:00:01 未设置兑奖关键字，暂时不兑换奖品
Jun 14 11:01:39 connect ETIMEDOUT 34.92.123.4:443
Jun 14 11:01:39 214980
Jun 14 11:01:39 获取任务列表请成功
Jun 14 11:01:39 已完成日常签到任务
Jun 14 11:01:39 已完成所有浏览店铺任务
Jun 14 11:01:39 已完成所有加购任务
Jun 14 11:01:39 开始生产牛奶
Jun 14 11:01:39     └ 开始生产牛奶，完成生产需要6000秒
Jun 14 11:01:39 上架牛奶
Jun 14 11:01:39 connect ETIMEDOUT 34.92.123.4:443
Jun 14 11:01:39 214980
Jun 14 11:01:39     └ 成功上架了1200箱牛奶
Jun 14 11:01:39 当前游戏金币：1483200
Jun 14 11:01:39 当前农场等级：10
Jun 14 11:01:39 
Jun 14 11:01:39 *******开始【京东账号2】jd_rkylFaEIkvBL********
Jun 14 11:01:39 
Jun 14 11:01:39 获取任务列表请成功
Jun 14 11:01:39 已完成日常签到任务
Jun 14 11:01:39 已完成所有浏览店铺任务
Jun 14 11:01:39 已完成所有加购任务
Jun 14 11:01:39 上架牛奶
Jun 14 11:01:39     └ 发生错误： 暂无牛奶可上架
Jun 14 11:01:39 当前游戏金币：1483200
Jun 14 11:01:39 当前农场等级：10
Jun 14 11:01:39 
Jun 14 11:01:39 *******开始【京东账号2】jd_rkylFaEIkvBL********
Jun 14 11:01:39 
Jun 14 11:01:40 成功获取到token
Jun 14 11:01:40 成功获取到token
Jun 14 11:01:40 成功获取到access_token
Jun 14 11:01:40 成功获取到access_token
Jun 14 11:01:40 京东返回了一段空数据
Jun 14 11:01:40 未设置兑奖关键字，暂时不兑换奖品
Jun 14 11:01:40 京东返回了一段空数据
Jun 14 11:01:40 未设置兑奖关键字，暂时不兑换奖品
Jun 14 11:03:17 connect ETIMEDOUT 34.92.123.4:443
Jun 14 11:03:17 214981
Jun 14 11:03:17 connect ETIMEDOUT 34.92.123.4:443
Jun 14 11:03:17 214981
Jun 14 11:03:17 获取任务列表请成功
Jun 14 11:03:17 已完成日常签到任务
Jun 14 11:03:17 已完成所有浏览店铺任务
Jun 14 11:03:17 已完成所有加购任务
Jun 14 11:03:17 获取任务列表请成功
Jun 14 11:03:17 已完成日常签到任务
Jun 14 11:03:17 已完成所有浏览店铺任务
Jun 14 11:03:17 已完成所有加购任务
Jun 14 11:03:17 开始生产牛奶
Jun 14 11:03:17 开始生产牛奶
Jun 14 11:03:17     └ 开始生产牛奶，完成生产需要6000秒
Jun 14 11:03:17 上架牛奶
Jun 14 11:03:17     └ 发生错误： 已有牛奶正在生产中
Jun 14 11:03:17 上架牛奶
Jun 14 11:03:18     └ 发生错误： 牛奶正在上架中
Jun 14 11:03:18 当前游戏金币：1483300
Jun 14 11:03:18 当前农场等级：10
Jun 14 11:03:18 
Jun 14 11:03:18 🔔有机牧场, 结束! 🕛 197.14 秒
Jun 14 11:03:18 
Jun 14 11:03:18     └ 成功上架了1200箱牛奶
Jun 14 11:03:18 当前游戏金币：1483300
Jun 14 11:03:18 当前农场等级：10
Jun 14 11:03:18 
Jun 14 11:03:18 🔔有机牧场, 结束! 🕛 197.202 秒
Jun 14 11:03:18 
Jun 14 13:00:00 
Jun 14 13:00:00 🔔有机牧场, 开始!
Jun 14 13:00:00 
Jun 14 13:00:00 🔔有机牧场, 开始!
Jun 14 13:00:00 您的cookie选择的是用&隔开
Jun 14 13:00:00 
Jun 14 13:00:00 
Jun 14 13:00:00 ====================共有2个京东账号Cookie=========
Jun 14 13:00:00 
Jun 14 13:00:00 您的cookie选择的是用&隔开
Jun 14 13:00:00 
Jun 14 13:00:00 
Jun 14 13:00:00 ====================共有2个京东账号Cookie=========
Jun 14 13:00:00 
Jun 14 13:00:00 ==================脚本执行- 北京时间(UTC+8)：6/14/2021, 1:00:00 PM=====================
Jun 14 13:00:00 
Jun 14 13:00:00 ==================脚本执行- 北京时间(UTC+8)：6/14/2021, 1:00:00 PM=====================
Jun 14 13:00:00 
Jun 14 13:00:00 
Jun 14 13:00:00 *******开始【京东账号1】lman87********
Jun 14 13:00:00 
Jun 14 13:00:00 
Jun 14 13:00:00 *******开始【京东账号1】lman87********
Jun 14 13:00:00 
Jun 14 13:00:00 成功获取到token
Jun 14 13:00:00 成功获取到token
Jun 14 13:00:00 成功获取到access_token
Jun 14 13:00:00 成功获取到access_token
Jun 14 13:00:01 京东返回了一段空数据
Jun 14 13:00:01 未设置兑奖关键字，暂时不兑换奖品
Jun 14 13:00:01 京东返回了一段空数据
Jun 14 13:00:01 未设置兑奖关键字，暂时不兑换奖品
Jun 14 13:01:38 connect ETIMEDOUT 34.92.123.4:443
Jun 14 13:01:38 214980
Jun 14 13:01:38 获取任务列表请成功
Jun 14 13:01:38 已完成日常签到任务
Jun 14 13:01:38 已完成所有浏览店铺任务
Jun 14 13:01:38 已完成所有加购任务
Jun 14 13:01:38 开始生产牛奶
Jun 14 13:01:38     └ 开始生产牛奶，完成生产需要6000秒
Jun 14 13:01:38 上架牛奶
Jun 14 13:01:39     └ 成功上架了1200箱牛奶
Jun 14 13:01:39 当前游戏金币：1603200
Jun 14 13:01:39 当前农场等级：10
Jun 14 13:01:39 
Jun 14 13:01:39 *******开始【京东账号2】jd_rkylFaEIkvBL********
Jun 14 13:01:39 
Jun 14 13:01:39 成功获取到token
Jun 14 13:01:39 成功获取到access_token
Jun 14 13:01:39 京东返回了一段空数据
Jun 14 13:01:39 未设置兑奖关键字，暂时不兑换奖品
Jun 14 13:01:39 connect ETIMEDOUT 34.92.123.4:443
Jun 14 13:01:39 214980
Jun 14 13:01:39 获取任务列表请成功
Jun 14 13:01:39 已完成日常签到任务
Jun 14 13:01:39 已完成所有浏览店铺任务
Jun 14 13:01:39 已完成所有加购任务
Jun 14 13:01:39 上架牛奶
Jun 14 13:01:39     └ 发生错误： 暂无牛奶可上架
Jun 14 13:01:39 当前游戏金币：1603300
Jun 14 13:01:39 当前农场等级：10
Jun 14 13:01:39 
Jun 14 13:01:39 *******开始【京东账号2】jd_rkylFaEIkvBL********
Jun 14 13:01:39 
Jun 14 13:01:39 成功获取到token
Jun 14 13:01:39 成功获取到access_token
Jun 14 13:01:40 京东返回了一段空数据
Jun 14 13:01:40 未设置兑奖关键字，暂时不兑换奖品
Jun 14 13:03:17 connect ETIMEDOUT 34.92.123.4:443
Jun 14 13:03:17 214981
Jun 14 13:03:17 获取任务列表请成功
Jun 14 13:03:17 已完成日常签到任务
Jun 14 13:03:17 已完成所有浏览店铺任务
Jun 14 13:03:17 已完成所有加购任务
Jun 14 13:03:17 开始生产牛奶
Jun 14 13:03:17     └ 开始生产牛奶，完成生产需要6000秒
Jun 14 13:03:17 上架牛奶
Jun 14 13:03:17     └ 成功上架了1200箱牛奶
Jun 14 13:03:17 当前游戏金币：1603300
Jun 14 13:03:17 当前农场等级：10
Jun 14 13:03:17 
Jun 14 13:03:17 🔔有机牧场, 结束! 🕛 197.182 秒
Jun 14 13:03:17 
Jun 14 13:03:17 connect ETIMEDOUT 34.92.123.4:443
Jun 14 13:03:17 214981
Jun 14 13:03:17 获取任务列表请成功
Jun 14 13:03:17 已完成日常签到任务
Jun 14 13:03:17 已完成所有浏览店铺任务
Jun 14 13:03:17 已完成所有加购任务
Jun 14 13:03:17 上架牛奶
Jun 14 13:03:18     └ 发生错误： 暂无牛奶可上架
Jun 14 13:03:18 当前游戏金币：1603300
Jun 14 13:03:18 当前农场等级：10
Jun 14 13:03:18 
Jun 14 13:03:18 🔔有机牧场, 结束! 🕛 197.801 秒
Jun 14 13:03:18 
Jun 14 15:00:00 
Jun 14 15:00:00 🔔有机牧场, 开始!
Jun 14 15:00:00 您的cookie选择的是用&隔开
Jun 14 15:00:00 
Jun 14 15:00:00 
Jun 14 15:00:00 ====================共有2个京东账号Cookie=========
Jun 14 15:00:00 
Jun 14 15:00:00 
Jun 14 15:00:00 🔔有机牧场, 开始!
Jun 14 15:00:00 您的cookie选择的是用&隔开
Jun 14 15:00:00 
Jun 14 15:00:00 
Jun 14 15:00:00 ====================共有2个京东账号Cookie=========
Jun 14 15:00:00 
Jun 14 15:00:00 ==================脚本执行- 北京时间(UTC+8)：6/14/2021, 3:00:00 PM=====================
Jun 14 15:00:00 
Jun 14 15:00:00 ==================脚本执行- 北京时间(UTC+8)：6/14/2021, 3:00:00 PM=====================
Jun 14 15:00:00 
Jun 14 15:00:00 
Jun 14 15:00:00 *******开始【京东账号1】lman87********
Jun 14 15:00:00 
Jun 14 15:00:00 
Jun 14 15:00:00 *******开始【京东账号1】lman87********
Jun 14 15:00:00 
Jun 14 15:00:00 成功获取到token
Jun 14 15:00:00 成功获取到token
Jun 14 15:00:00 成功获取到access_token
Jun 14 15:00:00 成功获取到access_token
Jun 14 15:00:01 京东返回了一段空数据
Jun 14 15:00:01 未设置兑奖关键字，暂时不兑换奖品
Jun 14 15:00:01 京东返回了一段空数据
Jun 14 15:00:01 未设置兑奖关键字，暂时不兑换奖品
Jun 14 15:01:38 connect ETIMEDOUT 34.92.123.4:443
Jun 14 15:01:38 connect ETIMEDOUT 34.92.123.4:443
Jun 14 15:01:38 214980
Jun 14 15:01:38 214980
Jun 14 15:01:38 获取任务列表请成功
Jun 14 15:01:38 已完成日常签到任务
Jun 14 15:01:38 已完成所有浏览店铺任务
Jun 14 15:01:38 已完成所有加购任务
Jun 14 15:01:38 获取任务列表请成功
Jun 14 15:01:38 已完成日常签到任务
Jun 14 15:01:38 已完成所有浏览店铺任务
Jun 14 15:01:38 已完成所有加购任务
Jun 14 15:01:38 开始生产牛奶
Jun 14 15:01:38 开始生产牛奶
Jun 14 15:01:38     └ 开始生产牛奶，完成生产需要6000秒
Jun 14 15:01:38 上架牛奶
Jun 14 15:01:39     └ 发生错误： 已有牛奶正在生产中
Jun 14 15:01:39 上架牛奶
Jun 14 15:01:39     └ 发生错误： 活动火爆，请稍后再试
Jun 14 15:01:39 当前游戏金币：1723200
Jun 14 15:01:39 当前农场等级：10
Jun 14 15:01:39 升级农场
Jun 14 15:01:39     └ 成功上架了1200箱牛奶
Jun 14 15:01:39 当前游戏金币：1723200
Jun 14 15:01:39 当前农场等级：10
Jun 14 15:01:39 升级农场
Jun 14 15:01:39     └ 升级成功，当前农场等级: 10级
Jun 14 15:01:39     └ 开始生产牛奶，完成生产需要6600秒
Jun 14 15:01:39 
Jun 14 15:01:39 *******开始【京东账号2】jd_rkylFaEIkvBL********
Jun 14 15:01:39 
Jun 14 15:01:39     └ 发生错误： 金币不足
Jun 14 15:01:39     └ 发生错误： 已有牛奶正在生产中
Jun 14 15:01:39 
Jun 14 15:01:39 *******开始【京东账号2】jd_rkylFaEIkvBL********
Jun 14 15:01:39 
Jun 14 15:01:39 成功获取到token
Jun 14 15:01:39 成功获取到token
Jun 14 15:01:39 成功获取到access_token
Jun 14 15:01:39 成功获取到access_token
Jun 14 15:01:39 京东返回了一段空数据
Jun 14 15:01:39 未设置兑奖关键字，暂时不兑换奖品
Jun 14 15:01:39 京东返回了一段空数据
Jun 14 15:01:39 未设置兑奖关键字，暂时不兑换奖品
Jun 14 15:03:17 connect ETIMEDOUT 34.92.123.4:443
Jun 14 15:03:17 214981
Jun 14 15:03:17 获取任务列表请成功
Jun 14 15:03:17 已完成日常签到任务
Jun 14 15:03:17 已完成所有浏览店铺任务
Jun 14 15:03:17 已完成所有加购任务
Jun 14 15:03:17 开始生产牛奶
Jun 14 15:03:17     └ 开始生产牛奶，完成生产需要6000秒
Jun 14 15:03:17 上架牛奶
Jun 14 15:03:17 connect ETIMEDOUT 34.92.123.4:443
Jun 14 15:03:17 214981
Jun 14 15:03:17     └ 成功上架了1200箱牛奶
Jun 14 15:03:17 当前游戏金币：1723300
Jun 14 15:03:17 当前农场等级：10
Jun 14 15:03:17 升级农场
Jun 14 15:03:17 获取任务列表请成功
Jun 14 15:03:17 已完成日常签到任务
Jun 14 15:03:17 已完成所有浏览店铺任务
Jun 14 15:03:17 已完成所有加购任务
Jun 14 15:03:17 上架牛奶
Jun 14 15:03:17     └ 发生错误： 活动火爆，请稍后再试
Jun 14 15:03:17     └ 发生错误： 暂无牛奶可上架
Jun 14 15:03:17 当前游戏金币：1723300
Jun 14 15:03:17 当前农场等级：10
Jun 14 15:03:17 升级农场
Jun 14 15:03:17     └ 发生错误： 已有牛奶正在生产中
Jun 14 15:03:17 
Jun 14 15:03:17 🔔有机牧场, 结束! 🕛 197.16 秒
Jun 14 15:03:17 
Jun 14 15:03:17     └ 升级成功，当前农场等级: 10级
Jun 14 15:03:17     └ 开始生产牛奶，完成生产需要6600秒
Jun 14 15:03:17 
Jun 14 15:03:17 🔔有机牧场, 结束! 🕛 197.268 秒
Jun 14 15:03:17 
Jun 14 17:00:00 
Jun 14 17:00:00 🔔有机牧场, 开始!
Jun 14 17:00:00 您的cookie选择的是用&隔开
Jun 14 17:00:00 
Jun 14 17:00:00 
Jun 14 17:00:00 ====================共有2个京东账号Cookie=========
Jun 14 17:00:00 
Jun 14 17:00:00 
Jun 14 17:00:00 🔔有机牧场, 开始!
Jun 14 17:00:00 您的cookie选择的是用&隔开
Jun 14 17:00:00 
Jun 14 17:00:00 
Jun 14 17:00:00 ====================共有2个京东账号Cookie=========
Jun 14 17:00:00 
Jun 14 17:00:00 ==================脚本执行- 北京时间(UTC+8)：6/14/2021, 5:00:00 PM=====================
Jun 14 17:00:00 
Jun 14 17:00:00 
Jun 14 17:00:00 *******开始【京东账号1】lman87********
Jun 14 17:00:00 
Jun 14 17:00:00 ==================脚本执行- 北京时间(UTC+8)：6/14/2021, 5:00:00 PM=====================
Jun 14 17:00:00 
Jun 14 17:00:00 
Jun 14 17:00:00 *******开始【京东账号1】lman87********
Jun 14 17:00:00 
Jun 14 17:00:01 成功获取到token
Jun 14 17:00:01 成功获取到token
Jun 14 17:00:01 成功获取到access_token
Jun 14 17:00:01 成功获取到access_token
Jun 14 17:00:01 京东返回了一段空数据
Jun 14 17:00:01 未设置兑奖关键字，暂时不兑换奖品
Jun 14 17:00:01 京东返回了一段空数据
Jun 14 17:00:01 未设置兑奖关键字，暂时不兑换奖品
Jun 14 17:01:39 connect ETIMEDOUT 34.92.123.4:443
Jun 14 17:01:39 connect ETIMEDOUT 34.92.123.4:443
Jun 14 17:01:39 214980
Jun 14 17:01:39 214980
Jun 14 17:01:39 获取任务列表请成功
Jun 14 17:01:39 已完成日常签到任务
Jun 14 17:01:39 已完成所有浏览店铺任务
Jun 14 17:01:39 已完成所有加购任务
Jun 14 17:01:39 获取任务列表请成功
Jun 14 17:01:39 已完成日常签到任务
Jun 14 17:01:39 已完成所有浏览店铺任务
Jun 14 17:01:39 已完成所有加购任务
Jun 14 17:01:39 开始生产牛奶
Jun 14 17:01:39 开始生产牛奶
Jun 14 17:01:39     └ 开始生产牛奶，完成生产需要6600秒
Jun 14 17:01:39 上架牛奶
Jun 14 17:01:39     └ 发生错误： 已有牛奶正在生产中
Jun 14 17:01:39 上架牛奶
Jun 14 17:01:39     └ 成功上架了1650箱牛奶
Jun 14 17:01:39 当前游戏金币：149200
Jun 14 17:01:39 当前农场等级：11
Jun 14 17:01:39 
Jun 14 17:01:39 *******开始【京东账号2】jd_rkylFaEIkvBL********
Jun 14 17:01:39 
Jun 14 17:01:39     └ 发生错误： 暂无牛奶可上架
Jun 14 17:01:39 当前游戏金币：149200
Jun 14 17:01:39 当前农场等级：11
Jun 14 17:01:39 
Jun 14 17:01:39 *******开始【京东账号2】jd_rkylFaEIkvBL********
Jun 14 17:01:39 
Jun 14 17:01:39 成功获取到token
Jun 14 17:01:39 成功获取到token
Jun 14 17:01:39 成功获取到access_token
Jun 14 17:01:39 成功获取到access_token
Jun 14 17:01:39 京东返回了一段空数据
Jun 14 17:01:39 未设置兑奖关键字，暂时不兑换奖品
Jun 14 17:01:39 京东返回了一段空数据
Jun 14 17:01:39 未设置兑奖关键字，暂时不兑换奖品
Jun 14 17:03:17 connect ETIMEDOUT 34.92.123.4:443
Jun 14 17:03:17Jun 14 17:03:17 214981
 connect ETIMEDOUT 34.92.123.4:443
Jun 14 17:03:17 214981
Jun 14 17:03:17 获取任务列表请成功
Jun 14 17:03:17 已完成日常签到任务
Jun 14 17:03:17 已完成所有浏览店铺任务
Jun 14 17:03:17 已完成所有加购任务
Jun 14 17:03:17 获取任务列表请成功
Jun 14 17:03:17 已完成日常签到任务
Jun 14 17:03:17 已完成所有浏览店铺任务
Jun 14 17:03:17 已完成所有加购任务
Jun 14 17:03:17 开始生产牛奶
Jun 14 17:03:17 开始生产牛奶
Jun 14 17:03:17     └ 发生错误： 请勿频繁操作
Jun 14 17:03:17 上架牛奶
Jun 14 17:03:17     └ 开始生产牛奶，完成生产需要6600秒
Jun 14 17:03:17 上架牛奶
Jun 14 17:03:17     └ 成功上架了1650箱牛奶
Jun 14 17:03:17 当前游戏金币：149300
Jun 14 17:03:17 当前农场等级：11
Jun 14 17:03:17 
Jun 14 17:03:17 🔔有机牧场, 结束! 🕛 196.954 秒
Jun 14 17:03:17 
Jun 14 17:03:17     └ 发生错误： 暂无牛奶可上架
Jun 14 17:03:17 当前游戏金币：149300
Jun 14 17:03:17 当前农场等级：11
Jun 14 17:03:17 
Jun 14 17:03:17 🔔有机牧场, 结束! 🕛 196.972 秒
Jun 14 17:03:17 
Jun 14 19:00:00 
Jun 14 19:00:00 🔔有机牧场, 开始!
Jun 14 19:00:00 
Jun 14 19:00:00 🔔有机牧场, 开始!
Jun 14 19:00:00 您的cookie选择的是用&隔开
Jun 14 19:00:00 
Jun 14 19:00:00 
Jun 14 19:00:00 ====================共有2个京东账号Cookie=========
Jun 14 19:00:00 
Jun 14 19:00:00 您的cookie选择的是用&隔开
Jun 14 19:00:00 
Jun 14 19:00:00 
Jun 14 19:00:00 ====================共有2个京东账号Cookie=========
Jun 14 19:00:00 
Jun 14 19:00:00 ==================脚本执行- 北京时间(UTC+8)：6/14/2021, 7:00:00 PM=====================
Jun 14 19:00:00 
Jun 14 19:00:00 ==================脚本执行- 北京时间(UTC+8)：6/14/2021, 7:00:00 PM=====================
Jun 14 19:00:00 
Jun 14 19:00:00 
Jun 14 19:00:00 *******开始【京东账号1】lman87********
Jun 14 19:00:00 
Jun 14 19:00:00 
Jun 14 19:00:00 *******开始【京东账号1】lman87********
Jun 14 19:00:00 
Jun 14 19:00:00 成功获取到token
Jun 14 19:00:00 成功获取到token
Jun 14 19:00:00 成功获取到access_token
Jun 14 19:00:00 成功获取到access_token
Jun 14 19:00:00 京东返回了一段空数据
Jun 14 19:00:00 未设置兑奖关键字，暂时不兑换奖品
Jun 14 19:00:00 京东返回了一段空数据
Jun 14 19:00:00 未设置兑奖关键字，暂时不兑换奖品
Jun 14 19:01:38Jun 14 19:01:38 connect ETIMEDOUT 34.92.123.4:443
 connect ETIMEDOUT 34.92.123.4:443
Jun 14 19:01:38 214980
Jun 14 19:01:38 214980
Jun 14 19:01:38 获取任务列表请成功
Jun 14 19:01:38 已完成日常签到任务
Jun 14 19:01:38 已完成所有浏览店铺任务
Jun 14 19:01:38 已完成所有加购任务
Jun 14 19:01:38 获取任务列表请成功
Jun 14 19:01:38 已完成日常签到任务
Jun 14 19:01:38 已完成所有浏览店铺任务
Jun 14 19:01:38 已完成所有加购任务
Jun 14 19:01:38 开始生产牛奶
Jun 14 19:01:38 开始生产牛奶
Jun 14 19:01:38     └ 开始生产牛奶，完成生产需要6600秒
Jun 14 19:01:38 上架牛奶
Jun 14 19:01:38     └ 发生错误： 已有牛奶正在生产中
Jun 14 19:01:38 上架牛奶
Jun 14 19:01:38     └ 成功上架了1650箱牛奶
Jun 14 19:01:38 当前游戏金币：314200
Jun 14 19:01:38 当前农场等级：11
Jun 14 19:01:38 
Jun 14 19:01:38 *******开始【京东账号2】jd_rkylFaEIkvBL********
Jun 14 19:01:38 
Jun 14 19:01:38     └ 发生错误： 暂无牛奶可上架
Jun 14 19:01:38 当前游戏金币：314200
Jun 14 19:01:38 当前农场等级：11
Jun 14 19:01:38 
Jun 14 19:01:38 *******开始【京东账号2】jd_rkylFaEIkvBL********
Jun 14 19:01:38 
Jun 14 19:01:38 成功获取到token
Jun 14 19:01:38 成功获取到token
Jun 14 19:01:38 成功获取到access_token
Jun 14 19:01:39 成功获取到access_token
Jun 14 19:01:39 京东返回了一段空数据
Jun 14 19:01:39 未设置兑奖关键字，暂时不兑换奖品
Jun 14 19:01:39 京东返回了一段空数据
Jun 14 19:01:39 未设置兑奖关键字，暂时不兑换奖品
Jun 14 19:03:16 connect ETIMEDOUT 34.92.123.4:443
Jun 14 19:03:16 214981
Jun 14 19:03:16 获取任务列表请成功
Jun 14 19:03:16 已完成日常签到任务
Jun 14 19:03:16 已完成所有浏览店铺任务
Jun 14 19:03:16 已完成所有加购任务
Jun 14 19:03:16 开始生产牛奶
Jun 14 19:03:16 connect ETIMEDOUT 34.92.123.4:443
Jun 14 19:03:16 214981
Jun 14 19:03:16     └ 开始生产牛奶，完成生产需要6600秒
Jun 14 19:03:16 上架牛奶
Jun 14 19:03:16 获取任务列表请成功
Jun 14 19:03:16 已完成日常签到任务
Jun 14 19:03:16 已完成所有浏览店铺任务
Jun 14 19:03:16 已完成所有加购任务
Jun 14 19:03:16     └ 成功上架了1650箱牛奶
Jun 14 19:03:16 当前游戏金币：314300
Jun 14 19:03:16 当前农场等级：11
Jun 14 19:03:16 
Jun 14 19:03:16 🔔有机牧场, 结束! 🕛 196.776 秒
Jun 14 19:03:16 
Jun 14 19:03:16 上架牛奶
Jun 14 19:03:17     └ 发生错误： 暂无牛奶可上架
Jun 14 19:03:17 当前游戏金币：314300
Jun 14 19:03:17 当前农场等级：11
Jun 14 19:03:17 
Jun 14 19:03:17 🔔有机牧场, 结束! 🕛 196.965 秒
Jun 14 19:03:17 
Jun 14 21:00:00 
Jun 14 21:00:00 🔔有机牧场, 开始!
Jun 14 21:00:00 
Jun 14 21:00:00 🔔有机牧场, 开始!
Jun 14 21:00:00 您的cookie选择的是用&隔开
Jun 14 21:00:00 
Jun 14 21:00:00 
Jun 14 21:00:00 ====================共有2个京东账号Cookie=========
Jun 14 21:00:00 
Jun 14 21:00:00 您的cookie选择的是用&隔开
Jun 14 21:00:00 
Jun 14 21:00:00 
Jun 14 21:00:00 ====================共有2个京东账号Cookie=========
Jun 14 21:00:00 
Jun 14 21:00:00 ==================脚本执行- 北京时间(UTC+8)：6/14/2021, 9:00:00 PM=====================
Jun 14 21:00:00 
Jun 14 21:00:00 ==================脚本执行- 北京时间(UTC+8)：6/14/2021, 9:00:00 PM=====================
Jun 14 21:00:00 
Jun 14 21:00:00 
Jun 14 21:00:00 *******开始【京东账号1】lman87********
Jun 14 21:00:00 
Jun 14 21:00:00 
Jun 14 21:00:00 *******开始【京东账号1】lman87********
Jun 14 21:00:00 
Jun 14 21:00:00 成功获取到token
Jun 14 21:00:00 成功获取到token
Jun 14 21:00:00 成功获取到access_token
Jun 14 21:00:00 成功获取到access_token
Jun 14 21:00:00 京东返回了一段空数据
Jun 14 21:00:00 未设置兑奖关键字，暂时不兑换奖品
Jun 14 21:00:00 京东返回了一段空数据
Jun 14 21:00:00 未设置兑奖关键字，暂时不兑换奖品
Jun 14 21:01:38 connect ETIMEDOUT 34.92.123.4:443
Jun 14 21:01:38 214980
Jun 14 21:01:38 获取任务列表请成功
Jun 14 21:01:38 已完成日常签到任务
Jun 14 21:01:38 已完成所有浏览店铺任务
Jun 14 21:01:38 已完成所有加购任务
Jun 14 21:01:38 开始生产牛奶
Jun 14 21:01:38 connect ETIMEDOUT 34.92.123.4:443
Jun 14 21:01:38 214980
Jun 14 21:01:38     └ 开始生产牛奶，完成生产需要6600秒
Jun 14 21:01:38 上架牛奶
Jun 14 21:01:38 获取任务列表请成功
Jun 14 21:01:38 已完成日常签到任务
Jun 14 21:01:38 已完成所有浏览店铺任务
Jun 14 21:01:38 已完成所有加购任务
Jun 14 21:01:38     └ 成功上架了1650箱牛奶
Jun 14 21:01:38 当前游戏金币：479200
Jun 14 21:01:38 当前农场等级：11
Jun 14 21:01:38 
Jun 14 21:01:38 *******开始【京东账号2】jd_rkylFaEIkvBL********
Jun 14 21:01:38 
Jun 14 21:01:38 上架牛奶
Jun 14 21:01:38 成功获取到token
Jun 14 21:01:38     └ 发生错误： 暂无牛奶可上架
Jun 14 21:01:38 当前游戏金币：479200
Jun 14 21:01:38 当前农场等级：11
Jun 14 21:01:38 
Jun 14 21:01:38 *******开始【京东账号2】jd_rkylFaEIkvBL********
Jun 14 21:01:38 
Jun 14 21:01:39 成功获取到access_token
Jun 14 21:01:39 成功获取到token
Jun 14 21:01:39 京东返回了一段空数据
Jun 14 21:01:39 未设置兑奖关键字，暂时不兑换奖品
Jun 14 21:01:39 成功获取到access_token
Jun 14 21:01:39 京东返回了一段空数据
Jun 14 21:01:39 未设置兑奖关键字，暂时不兑换奖品
Jun 14 21:03:16Jun 14 21:03:16 connect ETIMEDOUT 34.92.123.4:443
 connect ETIMEDOUT 34.92.123.4:443
Jun 14 21:03:16 214981
Jun 14 21:03:16 214981
Jun 14 21:03:16 获取任务列表请成功
Jun 14 21:03:16 已完成日常签到任务
Jun 14 21:03:16 已完成所有浏览店铺任务
Jun 14 21:03:16 已完成所有加购任务
Jun 14 21:03:16 开始生产牛奶
Jun 14 21:03:16 获取任务列表请成功
Jun 14 21:03:16 已完成日常签到任务
Jun 14 21:03:16 已完成所有浏览店铺任务
Jun 14 21:03:16 已完成所有加购任务
Jun 14 21:03:16     └ 开始生产牛奶，完成生产需要6600秒
Jun 14 21:03:16 上架牛奶
Jun 14 21:03:17 上架牛奶
Jun 14 21:03:17     └ 成功上架了1650箱牛奶
Jun 14 21:03:17 当前游戏金币：479300
Jun 14 21:03:17 当前农场等级：11
Jun 14 21:03:17 
Jun 14 21:03:17 🔔有机牧场, 结束! 🕛 196.747 秒
Jun 14 21:03:17 
Jun 14 21:03:17     └ 发生错误： 暂无牛奶可上架
Jun 14 21:03:17 当前游戏金币：479300
Jun 14 21:03:17 当前农场等级：11
Jun 14 21:03:17 
Jun 14 21:03:17 🔔有机牧场, 结束! 🕛 196.783 秒
Jun 14 21:03:17 
Jun 15 00:00:00 
Jun 15 00:00:00 🔔有机牧场, 开始!
Jun 15 00:00:00 您的cookie选择的是用&隔开
Jun 15 00:00:00 
Jun 15 00:00:00 
Jun 15 00:00:00 ====================共有2个京东账号Cookie=========
Jun 15 00:00:00 
Jun 15 00:00:00 ==================脚本执行- 北京时间(UTC+8)：6/15/2021, 12:00:00 AM=====================
Jun 15 00:00:00 
Jun 15 00:00:00 
Jun 15 00:00:00 🔔有机牧场, 开始!
Jun 15 00:00:00 您的cookie选择的是用&隔开
Jun 15 00:00:00 
Jun 15 00:00:00 
Jun 15 00:00:00 ====================共有2个京东账号Cookie=========
Jun 15 00:00:00 
Jun 15 00:00:00 
Jun 15 00:00:00 *******开始【京东账号1】lman87********
Jun 15 00:00:00 
Jun 15 00:00:00 ==================脚本执行- 北京时间(UTC+8)：6/15/2021, 12:00:00 AM=====================
Jun 15 00:00:00 
Jun 15 00:00:00 
Jun 15 00:00:00 *******开始【京东账号1】lman87********
Jun 15 00:00:00 
Jun 15 00:00:01 成功获取到token
Jun 15 00:00:01 成功获取到access_token
Jun 15 00:00:02 成功获取到token
Jun 15 00:00:02 成功获取到access_token
Jun 15 00:00:02 京东返回了一段空数据
Jun 15 00:00:02 未设置兑奖关键字，暂时不兑换奖品
Jun 15 00:00:02 京东返回了一段空数据
Jun 15 00:00:02 未设置兑奖关键字，暂时不兑换奖品
Jun 15 00:01:40 connect ETIMEDOUT 34.92.123.4:443
Jun 15 00:01:40 执行开卡任务
Jun 15 00:01:40     └ 发生错误： 邀请人不存在
Jun 15 00:01:40 为助力池用户助力
Jun 15 00:01:40     └ 发生错误： 邀请人不存在
Jun 15 00:01:40 为尽可能公平的助力，只提交ck列表中前半部分ck的助力码。
Jun 15 00:01:40 214980
Jun 15 00:01:40 获取任务列表请成功
Jun 15 00:01:40 执行日常签到任务
Jun 15 00:01:40     └ 完成任务，获得 1200个金币
Jun 15 00:01:40 已完成所有浏览店铺任务
Jun 15 00:01:40 已完成所有加购任务
Jun 15 00:01:40 开始生产牛奶
Jun 15 00:01:40     └ 开始生产牛奶，完成生产需要6600秒
Jun 15 00:01:40 上架牛奶
Jun 15 00:01:40     └ 成功上架了1650箱牛奶
Jun 15 00:01:40 当前游戏金币：645400
Jun 15 00:01:40 当前农场等级：11
Jun 15 00:01:40 
Jun 15 00:01:40 *******开始【京东账号2】jd_rkylFaEIkvBL********
Jun 15 00:01:40 
Jun 15 00:01:40 成功获取到token
Jun 15 00:01:40 connect ETIMEDOUT 34.92.123.4:443
Jun 15 00:01:40 214980
Jun 15 00:01:40 成功获取到access_token
Jun 15 00:01:40 获取任务列表请成功
Jun 15 00:01:40 已完成日常签到任务
Jun 15 00:01:40 已完成所有浏览店铺任务
Jun 15 00:01:40 已完成所有加购任务
Jun 15 00:01:41 上架牛奶
Jun 15 00:01:41 京东返回了一段空数据
Jun 15 00:01:41 未设置兑奖关键字，暂时不兑换奖品
Jun 15 00:01:41     └ 发生错误： 暂无牛奶可上架
Jun 15 00:01:41 当前游戏金币：645500
Jun 15 00:01:41 当前农场等级：11
Jun 15 00:01:41 
Jun 15 00:01:41 *******开始【京东账号2】jd_rkylFaEIkvBL********
Jun 15 00:01:41 
Jun 15 00:01:41 成功获取到token
Jun 15 00:01:41 成功获取到access_token
Jun 15 00:01:41 京东返回了一段空数据
Jun 15 00:01:41 未设置兑奖关键字，暂时不兑换奖品
Jun 15 00:03:18 connect ETIMEDOUT 34.92.123.4:443
Jun 15 00:03:18 执行开卡任务
Jun 15 00:03:18     └ 发生错误： 邀请人不存在
Jun 15 00:03:18 为助力池用户助力
Jun 15 00:03:18     └ 发生错误： 邀请人不存在
Jun 15 00:03:18 为尽可能公平的助力，只提交ck列表中前半部分ck的助力码。
Jun 15 00:03:18 214981
Jun 15 00:03:18 获取任务列表请成功
Jun 15 00:03:18 执行日常签到任务
Jun 15 00:03:19     └ 完成任务，获得 1200个金币
Jun 15 00:03:19 已完成所有浏览店铺任务
Jun 15 00:03:19 已完成所有加购任务
Jun 15 00:03:19 开始生产牛奶
Jun 15 00:03:19 connect ETIMEDOUT 34.92.123.4:443
Jun 15 00:03:19 214981
Jun 15 00:03:19     └ 开始生产牛奶，完成生产需要6600秒
Jun 15 00:03:19 上架牛奶
Jun 15 00:03:19     └ 成功上架了1650箱牛奶
Jun 15 00:03:19 当前游戏金币：645500
Jun 15 00:03:19 当前农场等级：11
Jun 15 00:03:19 
Jun 15 00:03:19 🔔有机牧场, 结束! 🕛 198.952 秒
Jun 15 00:03:19 
Jun 15 00:03:19 获取任务列表请成功
Jun 15 00:03:19 已完成日常签到任务
Jun 15 00:03:19 已完成所有浏览店铺任务
Jun 15 00:03:19 已完成所有加购任务
Jun 15 00:03:19 上架牛奶
Jun 15 00:03:19     └ 发生错误： 暂无牛奶可上架
Jun 15 00:03:19 当前游戏金币：645500
Jun 15 00:03:19 当前农场等级：11
Jun 15 00:03:19 
Jun 15 00:03:19 🔔有机牧场, 结束! 🕛 199.074 秒
Jun 15 00:03:19 
Jun 15 01:00:00 
Jun 15 01:00:00 🔔有机牧场, 开始!
Jun 15 01:00:00 您的cookie选择的是用&隔开
Jun 15 01:00:00 
Jun 15 01:00:00 
Jun 15 01:00:00 ====================共有2个京东账号Cookie=========
Jun 15 01:00:00 
Jun 15 01:00:00 ==================脚本执行- 北京时间(UTC+8)：6/15/2021, 1:00:00 AM=====================
Jun 15 01:00:00 
Jun 15 01:00:00 
Jun 15 01:00:00 🔔有机牧场, 开始!
Jun 15 01:00:00 您的cookie选择的是用&隔开
Jun 15 01:00:00 
Jun 15 01:00:00 
Jun 15 01:00:00 ====================共有2个京东账号Cookie=========
Jun 15 01:00:00 
Jun 15 01:00:00 
Jun 15 01:00:00 *******开始【京东账号1】lman87********
Jun 15 01:00:00 
Jun 15 01:00:00 ==================脚本执行- 北京时间(UTC+8)：6/15/2021, 1:00:00 AM=====================
Jun 15 01:00:00 
Jun 15 01:00:00 
Jun 15 01:00:00 *******开始【京东账号1】lman87********
Jun 15 01:00:00 
Jun 15 01:00:01 成功获取到token
Jun 15 01:00:01 成功获取到token
Jun 15 01:00:01 成功获取到access_token
Jun 15 01:00:01 成功获取到access_token
Jun 15 01:00:01 京东返回了一段空数据
Jun 15 01:00:01 未设置兑奖关键字，暂时不兑换奖品
Jun 15 01:00:01 京东返回了一段空数据
Jun 15 01:00:01 未设置兑奖关键字，暂时不兑换奖品
Jun 15 01:01:09 connect ETIMEDOUT 34.92.123.4:443
Jun 15 01:01:09 214980
Jun 15 01:01:09 获取任务列表请成功
Jun 15 01:01:09 已完成日常签到任务
Jun 15 01:01:09 已完成所有浏览店铺任务
Jun 15 01:01:09 已完成所有加购任务
Jun 15 01:01:10 上架牛奶
Jun 15 01:01:10     └ 成功上架了892箱牛奶
Jun 15 01:01:10 当前游戏金币：810400
Jun 15 01:01:10 当前农场等级：11
Jun 15 01:01:10 
Jun 15 01:01:10 *******开始【京东账号2】jd_rkylFaEIkvBL********
Jun 15 01:01:10 
Jun 15 01:01:10 成功获取到token
Jun 15 01:01:10 成功获取到access_token
Jun 15 01:01:10 京东返回了一段空数据
Jun 15 01:01:10 未设置兑奖关键字，暂时不兑换奖品
Jun 15 01:01:39 connect ETIMEDOUT 34.92.123.4:443
Jun 15 01:01:39 214980
Jun 15 01:01:39 获取任务列表请成功
Jun 15 01:01:39 已完成日常签到任务
Jun 15 01:01:39 已完成所有浏览店铺任务
Jun 15 01:01:39 已完成所有加购任务
Jun 15 01:01:39 上架牛奶
Jun 15 01:01:39     └ 成功上架了7箱牛奶
Jun 15 01:01:39 当前游戏金币：813300
Jun 15 01:01:39 当前农场等级：11
Jun 15 01:01:39 
Jun 15 01:01:39 *******开始【京东账号2】jd_rkylFaEIkvBL********
Jun 15 01:01:39 
Jun 15 01:01:39 成功获取到token
Jun 15 01:01:39 成功获取到access_token
Jun 15 01:01:39 京东返回了一段空数据
Jun 15 01:01:39 未设置兑奖关键字，暂时不兑换奖品
Jun 15 01:02:48 connect ETIMEDOUT 34.92.123.4:443
Jun 15 01:02:48 214981
Jun 15 01:02:48 获取任务列表请成功
Jun 15 01:02:48 已完成日常签到任务
Jun 15 01:02:48 已完成所有浏览店铺任务
Jun 15 01:02:48 已完成所有加购任务
Jun 15 01:02:48 上架牛奶
Jun 15 01:02:48     └ 成功上架了892箱牛奶
Jun 15 01:02:48 当前游戏金币：810500
Jun 15 01:02:48 当前农场等级：11
Jun 15 01:02:48 
Jun 15 01:02:48 🔔有机牧场, 结束! 🕛 167.633 秒
Jun 15 01:02:48 
Jun 15 01:03:17 connect ETIMEDOUT 34.92.123.4:443
Jun 15 01:03:17 214981
Jun 15 01:03:17 获取任务列表请成功
Jun 15 01:03:17 已完成日常签到任务
Jun 15 01:03:17 已完成所有浏览店铺任务
Jun 15 01:03:17 已完成所有加购任务
Jun 15 01:03:17 上架牛奶
Jun 15 01:03:17     └ 成功上架了7箱牛奶
Jun 15 01:03:17 当前游戏金币：813400
Jun 15 01:03:17 当前农场等级：11
Jun 15 01:03:17 
Jun 15 01:03:17 🔔有机牧场, 结束! 🕛 197.161 秒
Jun 15 01:03:17 
Jun 15 03:00:00 
Jun 15 03:00:00 🔔有机牧场, 开始!
Jun 15 03:00:00 您的cookie选择的是用&隔开
Jun 15 03:00:00 
Jun 15 03:00:00 
Jun 15 03:00:00 🔔有机牧场, 开始!
Jun 15 03:00:00 
Jun 15 03:00:00 ====================共有2个京东账号Cookie=========
Jun 15 03:00:00 
Jun 15 03:00:00 您的cookie选择的是用&隔开
Jun 15 03:00:00 
Jun 15 03:00:00 
Jun 15 03:00:00 ====================共有2个京东账号Cookie=========
Jun 15 03:00:00 
Jun 15 03:00:00 ==================脚本执行- 北京时间(UTC+8)：6/15/2021, 3:00:00 AM=====================
Jun 15 03:00:00 
Jun 15 03:00:00 ==================脚本执行- 北京时间(UTC+8)：6/15/2021, 3:00:00 AM=====================
Jun 15 03:00:00 
Jun 15 03:00:00 
Jun 15 03:00:00 *******开始【京东账号1】lman87********
Jun 15 03:00:00 
Jun 15 03:00:00 
Jun 15 03:00:00 *******开始【京东账号1】lman87********
Jun 15 03:00:00 
Jun 15 03:00:01 成功获取到token
Jun 15 03:00:01 成功获取到token
Jun 15 03:00:01 成功获取到access_token
Jun 15 03:00:01 成功获取到access_token
Jun 15 03:00:01 京东返回了一段空数据
Jun 15 03:00:01 未设置兑奖关键字，暂时不兑换奖品
Jun 15 03:00:01 京东返回了一段空数据
Jun 15 03:00:01 未设置兑奖关键字，暂时不兑换奖品
Jun 15 03:01:39 connect ETIMEDOUT 34.92.123.4:443
Jun 15 03:01:39 214980
Jun 15 03:01:39 获取任务列表请成功
Jun 15 03:01:39 已完成日常签到任务
Jun 15 03:01:39 已完成所有浏览店铺任务
Jun 15 03:01:39 已完成所有加购任务
Jun 15 03:01:39 开始生产牛奶
Jun 15 03:01:39     └ 开始生产牛奶，完成生产需要6600秒
Jun 15 03:01:39 上架牛奶
Jun 15 03:01:39 connect ETIMEDOUT 34.92.123.4:443
Jun 15 03:01:39 214980
Jun 15 03:01:39 获取任务列表请成功
Jun 15 03:01:39 已完成日常签到任务
Jun 15 03:01:39 已完成所有浏览店铺任务
Jun 15 03:01:39 已完成所有加购任务
Jun 15 03:01:39     └ 成功上架了751箱牛奶
Jun 15 03:01:39 当前游戏金币：900300
Jun 15 03:01:39 当前农场等级：11
Jun 15 03:01:39 
Jun 15 03:01:39 *******开始【京东账号2】jd_rkylFaEIkvBL********
Jun 15 03:01:39 
Jun 15 03:01:39 上架牛奶
Jun 15 03:01:39 成功获取到token
Jun 15 03:01:39     └ 发生错误： 暂无牛奶可上架
Jun 15 03:01:39 当前游戏金币：900300
Jun 15 03:01:39 当前农场等级：11
Jun 15 03:01:39 
Jun 15 03:01:39 *******开始【京东账号2】jd_rkylFaEIkvBL********
Jun 15 03:01:39 
Jun 15 03:01:39 成功获取到access_token
Jun 15 03:01:39 成功获取到token
Jun 15 03:01:39 成功获取到access_token
Jun 15 03:01:39 京东返回了一段空数据
Jun 15 03:01:39 未设置兑奖关键字，暂时不兑换奖品
Jun 15 03:01:40 京东返回了一段空数据
Jun 15 03:01:40 未设置兑奖关键字，暂时不兑换奖品
Jun 15 03:03:17 connect ETIMEDOUT 34.92.123.4:443
Jun 15 03:03:17 214981
Jun 15 03:03:17 获取任务列表请成功
Jun 15 03:03:17 已完成日常签到任务
Jun 15 03:03:17 已完成所有浏览店铺任务
Jun 15 03:03:17 已完成所有加购任务
Jun 15 03:03:17 开始生产牛奶
Jun 15 03:03:17     └ 开始生产牛奶，完成生产需要6600秒
Jun 15 03:03:17 上架牛奶
Jun 15 03:03:17 connect ETIMEDOUT 34.92.123.4:443
Jun 15 03:03:17 214981
Jun 15 03:03:17 获取任务列表请成功
Jun 15 03:03:17 已完成日常签到任务
Jun 15 03:03:17 已完成所有浏览店铺任务
Jun 15 03:03:17 已完成所有加购任务
Jun 15 03:03:17     └ 成功上架了751箱牛奶
Jun 15 03:03:17 当前游戏金币：900400
Jun 15 03:03:17 当前农场等级：11
Jun 15 03:03:17 
Jun 15 03:03:17 🔔有机牧场, 结束! 🕛 197.005 秒
Jun 15 03:03:17 
Jun 15 03:03:17 上架牛奶
Jun 15 03:03:18     └ 发生错误： 暂无牛奶可上架
Jun 15 03:03:18 当前游戏金币：900400
Jun 15 03:03:18 当前农场等级：11
Jun 15 03:03:18 
Jun 15 03:03:18 🔔有机牧场, 结束! 🕛 197.121 秒
Jun 15 03:03:18 
Jun 15 05:00:00 
Jun 15 05:00:00 🔔有机牧场, 开始!
Jun 15 05:00:00 您的cookie选择的是用&隔开
Jun 15 05:00:00 
Jun 15 05:00:00 
Jun 15 05:00:00 ====================共有2个京东账号Cookie=========
Jun 15 05:00:00 
Jun 15 05:00:00 
Jun 15 05:00:00 🔔有机牧场, 开始!
Jun 15 05:00:00 您的cookie选择的是用&隔开
Jun 15 05:00:00 
Jun 15 05:00:00 
Jun 15 05:00:00 ====================共有2个京东账号Cookie=========
Jun 15 05:00:00 
Jun 15 05:00:00 ==================脚本执行- 北京时间(UTC+8)：6/15/2021, 5:00:00 AM=====================
Jun 15 05:00:00 
Jun 15 05:00:00 ==================脚本执行- 北京时间(UTC+8)：6/15/2021, 5:00:00 AM=====================
Jun 15 05:00:00 
Jun 15 05:00:00 
Jun 15 05:00:00 *******开始【京东账号1】lman87********
Jun 15 05:00:00 
Jun 15 05:00:00 
Jun 15 05:00:00 *******开始【京东账号1】lman87********
Jun 15 05:00:00 
Jun 15 05:00:00 成功获取到token
Jun 15 05:00:00 成功获取到token
Jun 15 05:00:00 成功获取到access_token
Jun 15 05:00:00 成功获取到access_token
Jun 15 05:00:00 京东返回了一段空数据
Jun 15 05:00:00 未设置兑奖关键字，暂时不兑换奖品
Jun 15 05:00:00 京东返回了一段空数据
Jun 15 05:00:00 未设置兑奖关键字，暂时不兑换奖品
Jun 15 05:01:38 connect ETIMEDOUT 34.92.123.4:443
Jun 15 05:01:38 214980
Jun 15 05:01:38 获取任务列表请成功
Jun 15 05:01:38 已完成日常签到任务
Jun 15 05:01:38 已完成所有浏览店铺任务
Jun 15 05:01:38 已完成所有加购任务
Jun 15 05:01:38 开始生产牛奶
Jun 15 05:01:38     └ 开始生产牛奶，完成生产需要6600秒
Jun 15 05:01:38 上架牛奶
Jun 15 05:01:38     └ 成功上架了1650箱牛奶
Jun 15 05:01:38 当前游戏金币：975400
Jun 15 05:01:38 当前农场等级：11
Jun 15 05:01:38 
Jun 15 05:01:38 *******开始【京东账号2】jd_rkylFaEIkvBL********
Jun 15 05:01:38 
Jun 15 05:01:38 成功获取到token
Jun 15 05:01:38 成功获取到access_token
Jun 15 05:01:38 connect ETIMEDOUT 34.92.123.4:443
Jun 15 05:01:38 214980
Jun 15 05:01:38 京东返回了一段空数据
Jun 15 05:01:38 未设置兑奖关键字，暂时不兑换奖品
Jun 15 05:01:39 获取任务列表请成功
Jun 15 05:01:39 已完成日常签到任务
Jun 15 05:01:39 已完成所有浏览店铺任务
Jun 15 05:01:39 已完成所有加购任务
Jun 15 05:01:39 上架牛奶
Jun 15 05:01:39     └ 发生错误： 暂无牛奶可上架
Jun 15 05:01:39 当前游戏金币：975500
Jun 15 05:01:39 当前农场等级：11
Jun 15 05:01:39 
Jun 15 05:01:39 *******开始【京东账号2】jd_rkylFaEIkvBL********
Jun 15 05:01:39 
Jun 15 05:01:39 成功获取到token
Jun 15 05:01:39 成功获取到access_token
Jun 15 05:01:39 京东返回了一段空数据
Jun 15 05:01:39 未设置兑奖关键字，暂时不兑换奖品
Jun 15 05:03:16 connect ETIMEDOUT 34.92.123.4:443
Jun 15 05:03:16 214981
Jun 15 05:03:16 获取任务列表请成功
Jun 15 05:03:16 已完成日常签到任务
Jun 15 05:03:16 已完成所有浏览店铺任务
Jun 15 05:03:16 已完成所有加购任务
Jun 15 05:03:16 开始生产牛奶
Jun 15 05:03:16     └ 开始生产牛奶，完成生产需要6600秒
Jun 15 05:03:16 上架牛奶
Jun 15 05:03:16     └ 成功上架了1650箱牛奶
Jun 15 05:03:16 当前游戏金币：975500
Jun 15 05:03:16 当前农场等级：11
Jun 15 05:03:16 
Jun 15 05:03:16 🔔有机牧场, 结束! 🕛 196.736 秒
Jun 15 05:03:16 
Jun 15 05:03:17 connect ETIMEDOUT 34.92.123.4:443
Jun 15 05:03:17 214981
Jun 15 05:03:17 获取任务列表请成功
Jun 15 05:03:17 已完成日常签到任务
Jun 15 05:03:17 已完成所有浏览店铺任务
Jun 15 05:03:17 已完成所有加购任务
Jun 15 05:03:17 上架牛奶
Jun 15 05:03:17     └ 发生错误： 暂无牛奶可上架
Jun 15 05:03:17 当前游戏金币：975600
Jun 15 05:03:17 当前农场等级：11
Jun 15 05:03:17 
Jun 15 05:03:17 🔔有机牧场, 结束! 🕛 197.178 秒
Jun 15 05:03:17 
Jun 15 07:00:00 
Jun 15 07:00:00 🔔有机牧场, 开始!
Jun 15 07:00:00 您的cookie选择的是用&隔开
Jun 15 07:00:00 
Jun 15 07:00:00 
Jun 15 07:00:00 ====================共有2个京东账号Cookie=========
Jun 15 07:00:00 
Jun 15 07:00:00 ==================脚本执行- 北京时间(UTC+8)：6/15/2021, 7:00:00 AM=====================
Jun 15 07:00:00 
Jun 15 07:00:00 
Jun 15 07:00:00 🔔有机牧场, 开始!
Jun 15 07:00:00 您的cookie选择的是用&隔开
Jun 15 07:00:00 
Jun 15 07:00:00 
Jun 15 07:00:00 ====================共有2个京东账号Cookie=========
Jun 15 07:00:00 
Jun 15 07:00:00 
Jun 15 07:00:00 *******开始【京东账号1】lman87********
Jun 15 07:00:00 
Jun 15 07:00:00 ==================脚本执行- 北京时间(UTC+8)：6/15/2021, 7:00:00 AM=====================
Jun 15 07:00:00 
Jun 15 07:00:00 
Jun 15 07:00:00 *******开始【京东账号1】lman87********
Jun 15 07:00:00 
Jun 15 07:00:00 成功获取到token
Jun 15 07:00:00 成功获取到token
Jun 15 07:00:00 成功获取到access_token
Jun 15 07:00:00 成功获取到access_token
Jun 15 07:00:00 京东返回了一段空数据
Jun 15 07:00:00 未设置兑奖关键字，暂时不兑换奖品
Jun 15 07:00:00 京东返回了一段空数据
Jun 15 07:00:00 未设置兑奖关键字，暂时不兑换奖品
Jun 15 07:01:38 connect ETIMEDOUT 34.92.123.4:443
Jun 15 07:01:38 214980
Jun 15 07:01:38 获取任务列表请成功
Jun 15 07:01:38 已完成日常签到任务
Jun 15 07:01:38 已完成所有浏览店铺任务
Jun 15 07:01:38 已完成所有加购任务
Jun 15 07:01:38 开始生产牛奶
Jun 15 07:01:38     └ 开始生产牛奶，完成生产需要6600秒
Jun 15 07:01:38 上架牛奶
Jun 15 07:01:38 connect ETIMEDOUT 34.92.123.4:443
Jun 15 07:01:38 214980
Jun 15 07:01:38     └ 成功上架了1650箱牛奶
Jun 15 07:01:38 当前游戏金币：1140400
Jun 15 07:01:38 当前农场等级：11
Jun 15 07:01:38 
Jun 15 07:01:38 *******开始【京东账号2】jd_rkylFaEIkvBL********
Jun 15 07:01:38 
Jun 15 07:01:38 获取任务列表请成功
Jun 15 07:01:38 已完成日常签到任务
Jun 15 07:01:38 已完成所有浏览店铺任务
Jun 15 07:01:38 已完成所有加购任务
Jun 15 07:01:38 成功获取到token
Jun 15 07:01:38 上架牛奶
Jun 15 07:01:38     └ 发生错误： 暂无牛奶可上架
Jun 15 07:01:38 当前游戏金币：1140400
Jun 15 07:01:38 当前农场等级：11
Jun 15 07:01:38 
Jun 15 07:01:38 *******开始【京东账号2】jd_rkylFaEIkvBL********
Jun 15 07:01:38 
Jun 15 07:01:39 成功获取到token
Jun 15 07:01:39 成功获取到access_token
Jun 15 07:01:39 成功获取到access_token
Jun 15 07:01:39 京东返回了一段空数据
Jun 15 07:01:39 未设置兑奖关键字，暂时不兑换奖品
Jun 15 07:01:39 京东返回了一段空数据
Jun 15 07:01:39 未设置兑奖关键字，暂时不兑换奖品
Jun 15 07:03:16 connect ETIMEDOUT 34.92.123.4:443
Jun 15 07:03:16 214981
Jun 15 07:03:16 connect ETIMEDOUT 34.92.123.4:443
Jun 15 07:03:16 214981
Jun 15 07:03:16 获取任务列表请成功
Jun 15 07:03:16 已完成日常签到任务
Jun 15 07:03:16 已完成所有浏览店铺任务
Jun 15 07:03:16 已完成所有加购任务
Jun 15 07:03:16 获取任务列表请成功
Jun 15 07:03:16 已完成日常签到任务
Jun 15 07:03:16 已完成所有浏览店铺任务
Jun 15 07:03:16 已完成所有加购任务
Jun 15 07:03:16 开始生产牛奶
Jun 15 07:03:16 开始生产牛奶
Jun 15 07:03:17     └ 开始生产牛奶，完成生产需要6600秒
Jun 15 07:03:17 上架牛奶
Jun 15 07:03:17     └ 发生错误： 已有牛奶正在生产中
Jun 15 07:03:17 上架牛奶
Jun 15 07:03:17     └ 发生错误： 牛奶正在上架中
Jun 15 07:03:17 当前游戏金币：1140500
Jun 15 07:03:17 当前农场等级：11
Jun 15 07:03:17 
Jun 15 07:03:17 🔔有机牧场, 结束! 🕛 196.81 秒
Jun 15 07:03:17 
Jun 15 07:03:17     └ 成功上架了1650箱牛奶
Jun 15 07:03:17 当前游戏金币：1140500
Jun 15 07:03:17 当前农场等级：11
Jun 15 07:03:17 
Jun 15 07:03:17 🔔有机牧场, 结束! 🕛 196.844 秒
Jun 15 07:03:17 
Jun 15 09:00:00 
Jun 15 09:00:00 🔔有机牧场, 开始!
Jun 15 09:00:00 您的cookie选择的是用&隔开
Jun 15 09:00:00 
Jun 15 09:00:00 
Jun 15 09:00:00 ====================共有2个京东账号Cookie=========
Jun 15 09:00:00 
Jun 15 09:00:00 
Jun 15 09:00:00 🔔有机牧场, 开始!
Jun 15 09:00:00 您的cookie选择的是用&隔开
Jun 15 09:00:00 
Jun 15 09:00:00 
Jun 15 09:00:00 ====================共有2个京东账号Cookie=========
Jun 15 09:00:00 
Jun 15 09:00:00 ==================脚本执行- 北京时间(UTC+8)：6/15/2021, 9:00:00 AM=====================
Jun 15 09:00:00 
Jun 15 09:00:00 
Jun 15 09:00:00 *******开始【京东账号1】lman87********
Jun 15 09:00:00 
Jun 15 09:00:00 ==================脚本执行- 北京时间(UTC+8)：6/15/2021, 9:00:00 AM=====================
Jun 15 09:00:00 
Jun 15 09:00:00 
Jun 15 09:00:00 *******开始【京东账号1】lman87********
Jun 15 09:00:00 
Jun 15 09:00:00 成功获取到token
Jun 15 09:00:00 成功获取到token
Jun 15 09:00:00 成功获取到access_token
Jun 15 09:00:00 成功获取到access_token
Jun 15 09:00:01 京东返回了一段空数据
Jun 15 09:00:01 未设置兑奖关键字，暂时不兑换奖品
Jun 15 09:00:01 京东返回了一段空数据
Jun 15 09:00:01 未设置兑奖关键字，暂时不兑换奖品
Jun 15 09:01:39 connect ETIMEDOUT 34.92.123.4:443
Jun 15 09:01:39 214980
Jun 15 09:01:39 获取任务列表请成功
Jun 15 09:01:39 已完成日常签到任务
Jun 15 09:01:39 已完成所有浏览店铺任务
Jun 15 09:01:39 已完成所有加购任务
Jun 15 09:01:39 开始生产牛奶
Jun 15 09:01:39 connect ETIMEDOUT 34.92.123.4:443
Jun 15 09:01:39 214980
Jun 15 09:01:39     └ 开始生产牛奶，完成生产需要6600秒
Jun 15 09:01:39 上架牛奶
Jun 15 09:01:39 获取任务列表请成功
Jun 15 09:01:39 已完成日常签到任务
Jun 15 09:01:39 已完成所有浏览店铺任务
Jun 15 09:01:39 已完成所有加购任务
Jun 15 09:01:39     └ 成功上架了1650箱牛奶
Jun 15 09:01:39 当前游戏金币：1305400
Jun 15 09:01:39 当前农场等级：11
Jun 15 09:01:39 
Jun 15 09:01:39 *******开始【京东账号2】jd_rkylFaEIkvBL********
Jun 15 09:01:39 
Jun 15 09:01:39 上架牛奶
Jun 15 09:01:39 成功获取到token
Jun 15 09:01:39     └ 发生错误： 暂无牛奶可上架
Jun 15 09:01:39 当前游戏金币：1305400
Jun 15 09:01:39 当前农场等级：11
Jun 15 09:01:39 
Jun 15 09:01:39 *******开始【京东账号2】jd_rkylFaEIkvBL********
Jun 15 09:01:39 
Jun 15 09:01:39 成功获取到access_token
Jun 15 09:01:39 成功获取到token
Jun 15 09:01:39 京东返回了一段空数据
Jun 15 09:01:39 未设置兑奖关键字，暂时不兑换奖品
Jun 15 09:01:39 成功获取到access_token
Jun 15 09:01:40 京东返回了一段空数据
Jun 15 09:01:40 未设置兑奖关键字，暂时不兑换奖品
Jun 15 09:03:17 connect ETIMEDOUT 34.92.123.4:443
Jun 15 09:03:17 214981
Jun 15 09:03:17 获取任务列表请成功
Jun 15 09:03:17 已完成日常签到任务
Jun 15 09:03:17 已完成所有浏览店铺任务
Jun 15 09:03:17 已完成所有加购任务
Jun 15 09:03:17 开始生产牛奶
Jun 15 09:03:17     └ 开始生产牛奶，完成生产需要6600秒
Jun 15 09:03:17 上架牛奶
Jun 15 09:03:17     └ 成功上架了1650箱牛奶
Jun 15 09:03:17 当前游戏金币：1305500
Jun 15 09:03:17 当前农场等级：11
Jun 15 09:03:17 
Jun 15 09:03:17 🔔有机牧场, 结束! 🕛 197.399 秒
Jun 15 09:03:17 
Jun 15 09:03:18 connect ETIMEDOUT 34.92.123.4:443
Jun 15 09:03:18 214981
Jun 15 09:03:18 获取任务列表请成功
Jun 15 09:03:18 已完成日常签到任务
Jun 15 09:03:18 已完成所有浏览店铺任务
Jun 15 09:03:18 已完成所有加购任务
Jun 15 09:03:18 上架牛奶
Jun 15 09:03:18     └ 发生错误： 暂无牛奶可上架
Jun 15 09:03:18 当前游戏金币：1305600
Jun 15 09:03:18 当前农场等级：11
Jun 15 09:03:18 
Jun 15 09:03:18 🔔有机牧场, 结束! 🕛 198.115 秒
Jun 15 09:03:18 
Jun 15 11:00:00 
Jun 15 11:00:00 🔔有机牧场, 开始!
Jun 15 11:00:00 您的cookie选择的是用&隔开
Jun 15 11:00:00 
Jun 15 11:00:00 
Jun 15 11:00:00 ====================共有2个京东账号Cookie=========
Jun 15 11:00:00 
Jun 15 11:00:00 
Jun 15 11:00:00 🔔有机牧场, 开始!
Jun 15 11:00:00 您的cookie选择的是用&隔开
Jun 15 11:00:00 
Jun 15 11:00:00 
Jun 15 11:00:00 ====================共有2个京东账号Cookie=========
Jun 15 11:00:00 
Jun 15 11:00:00 ==================脚本执行- 北京时间(UTC+8)：6/15/2021, 11:00:00 AM=====================
Jun 15 11:00:00 
Jun 15 11:00:00 ==================脚本执行- 北京时间(UTC+8)：6/15/2021, 11:00:00 AM=====================
Jun 15 11:00:00 
Jun 15 11:00:00 
Jun 15 11:00:00 *******开始【京东账号1】lman87********
Jun 15 11:00:00 
Jun 15 11:00:00 
Jun 15 11:00:00 *******开始【京东账号1】lman87********
Jun 15 11:00:00 
Jun 15 11:00:00 成功获取到token
Jun 15 11:00:00 成功获取到token
Jun 15 11:00:00 成功获取到access_token
Jun 15 11:00:00 成功获取到access_token
Jun 15 11:00:01 京东返回了一段空数据
Jun 15 11:00:01 未设置兑奖关键字，暂时不兑换奖品
Jun 15 11:00:01 京东返回了一段空数据
Jun 15 11:00:01 未设置兑奖关键字，暂时不兑换奖品
Jun 15 11:01:38Jun 15 11:01:38 connect ETIMEDOUT 34.92.123.4:443
 connect ETIMEDOUT 34.92.123.4:443
Jun 15 11:01:38 214980
Jun 15 11:01:38 214980
Jun 15 11:01:39 获取任务列表请成功
Jun 15 11:01:39 已完成日常签到任务
Jun 15 11:01:39 已完成所有浏览店铺任务
Jun 15 11:01:39 已完成所有加购任务
Jun 15 11:01:39 获取任务列表请成功
Jun 15 11:01:39 已完成日常签到任务
Jun 15 11:01:39 已完成所有浏览店铺任务
Jun 15 11:01:39 已完成所有加购任务
Jun 15 11:01:39 开始生产牛奶
Jun 15 11:01:39 开始生产牛奶
Jun 15 11:01:39     └ 发生错误： 请勿频繁操作
Jun 15 11:01:39 上架牛奶
Jun 15 11:01:39     └ 开始生产牛奶，完成生产需要6600秒
Jun 15 11:01:39 上架牛奶
Jun 15 11:01:39     └ 成功上架了1650箱牛奶
Jun 15 11:01:39 当前游戏金币：1470400
Jun 15 11:01:39 当前农场等级：11
Jun 15 11:01:39 
Jun 15 11:01:39 *******开始【京东账号2】jd_rkylFaEIkvBL********
Jun 15 11:01:39 
Jun 15 11:01:39     └ 发生错误： 暂无牛奶可上架
Jun 15 11:01:39 当前游戏金币：1470400
Jun 15 11:01:39 当前农场等级：11
Jun 15 11:01:39 
Jun 15 11:01:39 *******开始【京东账号2】jd_rkylFaEIkvBL********
Jun 15 11:01:39 
Jun 15 11:01:39 成功获取到token
Jun 15 11:01:39 成功获取到token
Jun 15 11:01:39 成功获取到access_token
Jun 15 11:01:39 成功获取到access_token
Jun 15 11:01:39 京东返回了一段空数据
Jun 15 11:01:39 未设置兑奖关键字，暂时不兑换奖品
Jun 15 11:01:39 京东返回了一段空数据
Jun 15 11:01:39 未设置兑奖关键字，暂时不兑换奖品
Jun 15 11:03:17 connect ETIMEDOUT 34.92.123.4:443
Jun 15 11:03:17 214981
Jun 15 11:03:17 获取任务列表请成功
Jun 15 11:03:17 已完成日常签到任务
Jun 15 11:03:17 已完成所有浏览店铺任务
Jun 15 11:03:17 已完成所有加购任务
Jun 15 11:03:17 开始生产牛奶
Jun 15 11:03:17     └ 开始生产牛奶，完成生产需要6600秒
Jun 15 11:03:17 上架牛奶
Jun 15 11:03:17     └ 成功上架了1650箱牛奶
Jun 15 11:03:17 当前游戏金币：1470500
Jun 15 11:03:17 当前农场等级：11
Jun 15 11:03:17 
Jun 15 11:03:17 🔔有机牧场, 结束! 🕛 197.113 秒
Jun 15 11:03:17 
Jun 15 11:03:18 connect ETIMEDOUT 34.92.123.4:443
Jun 15 11:03:18 214981
Jun 15 11:03:18 获取任务列表请成功
Jun 15 11:03:18 已完成日常签到任务
Jun 15 11:03:18 已完成所有浏览店铺任务
Jun 15 11:03:18 已完成所有加购任务
Jun 15 11:03:18 上架牛奶
Jun 15 11:03:18     └ 发生错误： 暂无牛奶可上架
Jun 15 11:03:18 当前游戏金币：1470600
Jun 15 11:03:18 当前农场等级：11
Jun 15 11:03:18 
Jun 15 11:03:18 🔔有机牧场, 结束! 🕛 197.817 秒
Jun 15 11:03:18 
Jun 15 13:00:00 
Jun 15 13:00:00 🔔有机牧场, 开始!
Jun 15 13:00:00 您的cookie选择的是用&隔开
Jun 15 13:00:00 
Jun 15 13:00:00 
Jun 15 13:00:00 ====================共有2个京东账号Cookie=========
Jun 15 13:00:00 
Jun 15 13:00:00 
Jun 15 13:00:00 🔔有机牧场, 开始!
Jun 15 13:00:00 您的cookie选择的是用&隔开
Jun 15 13:00:00 
Jun 15 13:00:00 
Jun 15 13:00:00 ====================共有2个京东账号Cookie=========
Jun 15 13:00:00 
Jun 15 13:00:00 ==================脚本执行- 北京时间(UTC+8)：6/15/2021, 1:00:00 PM=====================
Jun 15 13:00:00 
Jun 15 13:00:00 
Jun 15 13:00:00 *******开始【京东账号1】lman87********
Jun 15 13:00:00 
Jun 15 13:00:00 ==================脚本执行- 北京时间(UTC+8)：6/15/2021, 1:00:00 PM=====================
Jun 15 13:00:00 
Jun 15 13:00:00 
Jun 15 13:00:00 *******开始【京东账号1】lman87********
Jun 15 13:00:00 
Jun 15 13:00:01 成功获取到token
Jun 15 13:00:01 成功获取到token
Jun 15 13:00:01 成功获取到access_token
Jun 15 13:00:01 成功获取到access_token
Jun 15 13:00:01 京东返回了一段空数据
Jun 15 13:00:01 未设置兑奖关键字，暂时不兑换奖品
Jun 15 13:00:01 京东返回了一段空数据
Jun 15 13:00:01 未设置兑奖关键字，暂时不兑换奖品
Jun 15 13:01:38 connect ETIMEDOUT 34.92.123.4:443
Jun 15 13:01:38 214980
Jun 15 13:01:39 获取任务列表请成功
Jun 15 13:01:39 已完成日常签到任务
Jun 15 13:01:39 已完成所有浏览店铺任务
Jun 15 13:01:39 已完成所有加购任务
Jun 15 13:01:39 开始生产牛奶
Jun 15 13:01:39     └ 开始生产牛奶，完成生产需要6600秒
Jun 15 13:01:39 上架牛奶
Jun 15 13:01:39     └ 成功上架了1650箱牛奶
Jun 15 13:01:39 当前游戏金币：1635400
Jun 15 13:01:39 当前农场等级：11
Jun 15 13:01:39 
Jun 15 13:01:39 *******开始【京东账号2】jd_rkylFaEIkvBL********
Jun 15 13:01:39 
Jun 15 13:01:39 成功获取到token
Jun 15 13:01:39 成功获取到access_token
Jun 15 13:01:39 connect ETIMEDOUT 34.92.123.4:443
Jun 15 13:01:39 214980
Jun 15 13:01:39 获取任务列表请成功
Jun 15 13:01:39 已完成日常签到任务
Jun 15 13:01:39 已完成所有浏览店铺任务
Jun 15 13:01:39 已完成所有加购任务
Jun 15 13:01:39 上架牛奶
Jun 15 13:01:39 京东返回了一段空数据
Jun 15 13:01:39 未设置兑奖关键字，暂时不兑换奖品
Jun 15 13:01:39     └ 发生错误： 暂无牛奶可上架
Jun 15 13:01:39 当前游戏金币：1635400
Jun 15 13:01:39 当前农场等级：11
Jun 15 13:01:39 
Jun 15 13:01:39 *******开始【京东账号2】jd_rkylFaEIkvBL********
Jun 15 13:01:39 
Jun 15 13:01:39 成功获取到token
Jun 15 13:01:39 成功获取到access_token
Jun 15 13:01:40 京东返回了一段空数据
Jun 15 13:01:40 未设置兑奖关键字，暂时不兑换奖品
Jun 15 13:03:17 connect ETIMEDOUT 34.92.123.4:443
Jun 15 13:03:17 214981
Jun 15 13:03:17 获取任务列表请成功
Jun 15 13:03:17 已完成日常签到任务
Jun 15 13:03:17 已完成所有浏览店铺任务
Jun 15 13:03:17 已完成所有加购任务
Jun 15 13:03:17 开始生产牛奶
Jun 15 13:03:17     └ 开始生产牛奶，完成生产需要6600秒
Jun 15 13:03:17 上架牛奶
Jun 15 13:03:17 connect ETIMEDOUT 34.92.123.4:443
Jun 15 13:03:17 214981
Jun 15 13:03:17 获取任务列表请成功
Jun 15 13:03:17 已完成日常签到任务
Jun 15 13:03:17 已完成所有浏览店铺任务
Jun 15 13:03:17 已完成所有加购任务
Jun 15 13:03:17     └ 成功上架了1650箱牛奶
Jun 15 13:03:17 当前游戏金币：1635500
Jun 15 13:03:17 当前农场等级：11
Jun 15 13:03:17 
Jun 15 13:03:17 🔔有机牧场, 结束! 🕛 196.808 秒
Jun 15 13:03:17 
Jun 15 13:03:17 上架牛奶
Jun 15 13:03:17     └ 发生错误： 暂无牛奶可上架
Jun 15 13:03:17 当前游戏金币：1635500
Jun 15 13:03:17 当前农场等级：11
Jun 15 13:03:17 
Jun 15 13:03:17 🔔有机牧场, 结束! 🕛 196.931 秒
Jun 15 13:03:17 
Jun 15 15:00:00 
Jun 15 15:00:00 🔔有机牧场, 开始!
Jun 15 15:00:00 您的cookie选择的是用&隔开
Jun 15 15:00:00 
Jun 15 15:00:00 
Jun 15 15:00:00 ====================共有2个京东账号Cookie=========
Jun 15 15:00:00 
Jun 15 15:00:00 
Jun 15 15:00:00 🔔有机牧场, 开始!
Jun 15 15:00:00 您的cookie选择的是用&隔开
Jun 15 15:00:00 
Jun 15 15:00:00 
Jun 15 15:00:00 ====================共有2个京东账号Cookie=========
Jun 15 15:00:00 
Jun 15 15:00:00 ==================脚本执行- 北京时间(UTC+8)：6/15/2021, 3:00:00 PM=====================
Jun 15 15:00:00 
Jun 15 15:00:00 ==================脚本执行- 北京时间(UTC+8)：6/15/2021, 3:00:00 PM=====================
Jun 15 15:00:00 
Jun 15 15:00:00 
Jun 15 15:00:00 *******开始【京东账号1】lman87********
Jun 15 15:00:00 
Jun 15 15:00:00 
Jun 15 15:00:00 *******开始【京东账号1】lman87********
Jun 15 15:00:00 
Jun 15 15:00:01 成功获取到token
Jun 15 15:00:01 成功获取到token
Jun 15 15:00:01 成功获取到access_token
Jun 15 15:00:01 成功获取到access_token
Jun 15 15:00:01 京东返回了一段空数据
Jun 15 15:00:01 未设置兑奖关键字，暂时不兑换奖品
Jun 15 15:00:01 京东返回了一段空数据
Jun 15 15:00:01 未设置兑奖关键字，暂时不兑换奖品
Jun 15 15:01:40 connect ETIMEDOUT 34.92.123.4:443
Jun 15 15:01:40 214980
Jun 15 15:01:40 获取任务列表请成功
Jun 15 15:01:40 已完成日常签到任务
Jun 15 15:01:40 已完成所有浏览店铺任务
Jun 15 15:01:40 已完成所有加购任务
Jun 15 15:01:40 开始生产牛奶
Jun 15 15:01:40     └ 开始生产牛奶，完成生产需要6600秒
Jun 15 15:01:40 上架牛奶
Jun 15 15:01:40     └ 成功上架了1650箱牛奶
Jun 15 15:01:40 当前游戏金币：1800400
Jun 15 15:01:40 当前农场等级：11
Jun 15 15:01:40 
Jun 15 15:01:40 *******开始【京东账号2】jd_rkylFaEIkvBL********
Jun 15 15:01:40 
Jun 15 15:01:40 成功获取到token
Jun 15 15:01:40 成功获取到access_token
Jun 15 15:01:40 京东返回了一段空数据
Jun 15 15:01:40 未设置兑奖关键字，暂时不兑换奖品
Jun 15 15:01:41 connect ETIMEDOUT 34.92.123.4:443
Jun 15 15:01:41 214980
Jun 15 15:01:41 获取任务列表请成功
Jun 15 15:01:41 已完成日常签到任务
Jun 15 15:01:41 已完成所有浏览店铺任务
Jun 15 15:01:41 已完成所有加购任务
Jun 15 15:01:41 上架牛奶
Jun 15 15:01:41     └ 发生错误： 暂无牛奶可上架
Jun 15 15:01:41 当前游戏金币：1800500
Jun 15 15:01:41 当前农场等级：11
Jun 15 15:01:41 
Jun 15 15:01:41 *******开始【京东账号2】jd_rkylFaEIkvBL********
Jun 15 15:01:41 
Jun 15 15:01:41 成功获取到token
Jun 15 15:01:41 成功获取到access_token
Jun 15 15:01:42 京东返回了一段空数据
Jun 15 15:01:42 未设置兑奖关键字，暂时不兑换奖品
Jun 15 15:03:19 connect ETIMEDOUT 34.92.123.4:443
Jun 15 15:03:19 214981
Jun 15 15:03:19 获取任务列表请成功
Jun 15 15:03:19 已完成日常签到任务
Jun 15 15:03:19 已完成所有浏览店铺任务
Jun 15 15:03:19 已完成所有加购任务
Jun 15 15:03:19 开始生产牛奶
Jun 15 15:03:19     └ 开始生产牛奶，完成生产需要6600秒
Jun 15 15:03:19 上架牛奶
Jun 15 15:03:19     └ 成功上架了1650箱牛奶
Jun 15 15:03:19 当前游戏金币：1800500
Jun 15 15:03:19 当前农场等级：11
Jun 15 15:03:19 
Jun 15 15:03:19 🔔有机牧场, 结束! 🕛 198.794 秒
Jun 15 15:03:19 
Jun 15 15:03:20 connect ETIMEDOUT 34.92.123.4:443
Jun 15 15:03:20 214981
Jun 15 15:03:20 获取任务列表请成功
Jun 15 15:03:20 已完成日常签到任务
Jun 15 15:03:20 已完成所有浏览店铺任务
Jun 15 15:03:20 已完成所有加购任务
Jun 15 15:03:20 上架牛奶
Jun 15 15:03:20     └ 发生错误： 暂无牛奶可上架
Jun 15 15:03:20 当前游戏金币：1800600
Jun 15 15:03:20 当前农场等级：11
Jun 15 15:03:20 
Jun 15 15:03:20 🔔有机牧场, 结束! 🕛 199.703 秒
Jun 15 15:03:20 
Jun 15 17:00:00 
Jun 15 17:00:00 🔔有机牧场, 开始!
Jun 15 17:00:00 您的cookie选择的是用&隔开
Jun 15 17:00:00 
Jun 15 17:00:00 
Jun 15 17:00:00 ====================共有2个京东账号Cookie=========
Jun 15 17:00:00 
Jun 15 17:00:00 
Jun 15 17:00:00 🔔有机牧场, 开始!
Jun 15 17:00:00 您的cookie选择的是用&隔开
Jun 15 17:00:00 
Jun 15 17:00:00 
Jun 15 17:00:00 ====================共有2个京东账号Cookie=========
Jun 15 17:00:00 
Jun 15 17:00:00 ==================脚本执行- 北京时间(UTC+8)：6/15/2021, 5:00:00 PM=====================
Jun 15 17:00:00 
Jun 15 17:00:00 ==================脚本执行- 北京时间(UTC+8)：6/15/2021, 5:00:00 PM=====================
Jun 15 17:00:00 
Jun 15 17:00:00 
Jun 15 17:00:00 *******开始【京东账号1】lman87********
Jun 15 17:00:00 
Jun 15 17:00:00 
Jun 15 17:00:00 *******开始【京东账号1】lman87********
Jun 15 17:00:00 
Jun 15 17:00:00 成功获取到token
Jun 15 17:00:00 成功获取到token
Jun 15 17:00:00 成功获取到access_token
Jun 15 17:00:00 成功获取到access_token
Jun 15 17:00:01 京东返回了一段空数据
Jun 15 17:00:01 未设置兑奖关键字，暂时不兑换奖品
Jun 15 17:00:01 京东返回了一段空数据
Jun 15 17:00:01 未设置兑奖关键字，暂时不兑换奖品
Jun 15 17:01:38 connect ETIMEDOUT 34.92.123.4:443
Jun 15 17:01:38 214980
Jun 15 17:01:38 connect ETIMEDOUT 34.92.123.4:443
Jun 15 17:01:38 214980
Jun 15 17:01:39 获取任务列表请成功
Jun 15 17:01:39 已完成日常签到任务
Jun 15 17:01:39 已完成所有浏览店铺任务
Jun 15 17:01:39 已完成所有加购任务
Jun 15 17:01:39 获取任务列表请成功
Jun 15 17:01:39 已完成日常签到任务
Jun 15 17:01:39 已完成所有浏览店铺任务
Jun 15 17:01:39 已完成所有加购任务
Jun 15 17:01:39 开始生产牛奶
Jun 15 17:01:39 开始生产牛奶
Jun 15 17:01:39     └ 发生错误： 请勿频繁操作
Jun 15 17:01:39 上架牛奶
Jun 15 17:01:39     └ 开始生产牛奶，完成生产需要6600秒
Jun 15 17:01:39 上架牛奶
Jun 15 17:01:39     └ 成功上架了1650箱牛奶
Jun 15 17:01:39 当前游戏金币：1965400
Jun 15 17:01:39 当前农场等级：11
Jun 15 17:01:39 
Jun 15 17:01:39 *******开始【京东账号2】jd_rkylFaEIkvBL********
Jun 15 17:01:39 
Jun 15 17:01:39     └ 发生错误： 暂无牛奶可上架
Jun 15 17:01:39 当前游戏金币：1965400
Jun 15 17:01:39 当前农场等级：11
Jun 15 17:01:39 
Jun 15 17:01:39 *******开始【京东账号2】jd_rkylFaEIkvBL********
Jun 15 17:01:39 
Jun 15 17:01:39 成功获取到token
Jun 15 17:01:39 成功获取到token
Jun 15 17:01:39 成功获取到access_token
Jun 15 17:01:39 成功获取到access_token
Jun 15 17:01:39 京东返回了一段空数据
Jun 15 17:01:39 未设置兑奖关键字，暂时不兑换奖品
Jun 15 17:01:39 京东返回了一段空数据
Jun 15 17:01:39 未设置兑奖关键字，暂时不兑换奖品
Jun 15 17:03:17 connect ETIMEDOUT 34.92.123.4:443
Jun 15 17:03:17 214981
Jun 15 17:03:17 connect ETIMEDOUT 34.92.123.4:443
Jun 15 17:03:17 214981
Jun 15 17:03:17 获取任务列表请成功
Jun 15 17:03:17 已完成日常签到任务
Jun 15 17:03:17 已完成所有浏览店铺任务
Jun 15 17:03:17 已完成所有加购任务
Jun 15 17:03:17 获取任务列表请成功
Jun 15 17:03:17 已完成日常签到任务
Jun 15 17:03:17 已完成所有浏览店铺任务
Jun 15 17:03:17 已完成所有加购任务
Jun 15 17:03:17 开始生产牛奶
Jun 15 17:03:17 开始生产牛奶
Jun 15 17:03:17     └ 发生错误： 请勿频繁操作
Jun 15 17:03:17 上架牛奶
Jun 15 17:03:17     └ 开始生产牛奶，完成生产需要6600秒
Jun 15 17:03:17 上架牛奶
Jun 15 17:03:17     └ 发生错误： 牛奶正在上架中
Jun 15 17:03:17 当前游戏金币：1965500
Jun 15 17:03:17 当前农场等级：11
Jun 15 17:03:17 
Jun 15 17:03:17 🔔有机牧场, 结束! 🕛 197.245 秒
Jun 15 17:03:17 
Jun 15 17:03:17     └ 成功上架了1650箱牛奶
Jun 15 17:03:17 当前游戏金币：1965500
Jun 15 17:03:17 当前农场等级：11
Jun 15 17:03:17 
Jun 15 17:03:17 🔔有机牧场, 结束! 🕛 197.253 秒
Jun 15 17:03:17 
