Jun 14 10:10:00 
Jun 14 10:10:00 🔔幸运大转盘, 开始!
Jun 14 10:10:00 您的cookie选择的是用&隔开
Jun 14 10:10:00 
Jun 14 10:10:00 
Jun 14 10:10:00 ====================共有2个京东账号Cookie=========
Jun 14 10:10:00Jun 14 10:10:00 
 
Jun 14 10:10:00 🔔幸运大转盘, 开始!
Jun 14 10:10:00 您的cookie选择的是用&隔开
Jun 14 10:10:00 
Jun 14 10:10:00 
Jun 14 10:10:00 ====================共有2个京东账号Cookie=========
Jun 14 10:10:00 
Jun 14 10:10:00 ==================脚本执行- 北京时间(UTC+8)：6/14/2021, 10:10:00 AM=====================
Jun 14 10:10:00 
Jun 14 10:10:00 如果出现提示 ?.data. 错误，请升级nodejs版本(进入容器后，apk add nodejs-current)
Jun 14 10:10:00 
Jun 14 10:10:00 ******开始【京东账号1】lman87*********
Jun 14 10:10:00 
Jun 14 10:10:00 ==================脚本执行- 北京时间(UTC+8)：6/14/2021, 10:10:00 AM=====================
Jun 14 10:10:00 
Jun 14 10:10:00 如果出现提示 ?.data. 错误，请升级nodejs版本(进入容器后，apk add nodejs-current)
Jun 14 10:10:00 
Jun 14 10:10:00 ******开始【京东账号1】lman87*********
Jun 14 10:10:00 
Jun 14 10:10:01 抽奖需要80，当前2120分，去抽奖
Jun 14 10:10:01 去完成逛店铺任务，第2次
Jun 14 10:10:01 只差一丢丢哦~
Jun 14 10:10:01 完成任务，获得10分
Jun 14 10:10:01 去完成逛店铺任务，第1次
Jun 14 10:10:01 完成任务，获得10分
Jun 14 10:10:01 去完成领补贴任务，第1次
Jun 14 10:10:01 完成任务，获得20分
Jun 14 10:10:01 去完成逛店铺任务，第2次
Jun 14 10:10:01 您已经完成任务，看看其他任务吧～
Jun 14 10:10:02 去完成赢现金任务，第1次
Jun 14 10:10:02 完成任务，获得20分
Jun 14 10:10:02 去完成领补贴任务，第1次
Jun 14 10:10:02 您已经完成任务，看看其他任务吧～
Jun 14 10:10:02 抽奖需要80，当前2120分，去抽奖
Jun 14 10:10:02 只差一丢丢哦~
Jun 14 10:10:02 去完成逛店铺任务，第2次
Jun 14 10:10:02 去完成赢现金任务，第1次
Jun 14 10:10:02 您已经完成任务，看看其他任务吧～
Jun 14 10:10:03 您已经完成任务，看看其他任务吧～
Jun 14 10:10:03 去完成领补贴任务，第1次
Jun 14 10:10:03 您已经完成任务，看看其他任务吧～
Jun 14 10:10:03 抽奖需要80，当前2130分，去抽奖
Jun 14 10:10:03 只差一丢丢哦~
Jun 14 10:10:03 
Jun 14 10:10:03 ******开始【京东账号2】jd_rkylFaEIkvBL*********
Jun 14 10:10:03 
Jun 14 10:10:03 抽奖需要80，当前2200分，去抽奖
Jun 14 10:10:03 只差一丢丢哦~
Jun 14 10:10:03 抽奖需要80，当前2200分，去抽奖
Jun 14 10:10:03 只差一丢丢哦~
Jun 14 10:10:03 
Jun 14 10:10:03 ==============📣系统通知📣==============
Jun 14 10:10:03 幸运大转盘
Jun 14 10:10:03 【京东账号1】lman87：只差一丢丢哦~
Jun 14 10:10:03 【京东账号1】lman87：只差一丢丢哦~
Jun 14 10:10:03 【京东账号2】jd_rkylFaEIkvBL：只差一丢丢哦~
Jun 14 10:10:03 【京东账号2】jd_rkylFaEIkvBL：只差一丢丢哦~
Jun 14 10:10:03 
Jun 14 10:10:03 
Jun 14 10:10:03 🔔幸运大转盘, 结束! 🕛 3.021 秒
Jun 14 10:10:03 
Jun 14 10:10:03 去完成赢现金任务，第1次
Jun 14 10:10:04 您已经完成任务，看看其他任务吧～
Jun 14 10:10:04 抽奖需要80，当前2180分，去抽奖
Jun 14 10:10:04 只差一丢丢哦~
Jun 14 10:10:04 
Jun 14 10:10:04 ******开始【京东账号2】jd_rkylFaEIkvBL*********
Jun 14 10:10:04 
Jun 14 10:10:04 去完成逛店铺任务，第1次
Jun 14 10:10:04 完成任务，获得10分
Jun 14 10:10:05 去完成逛店铺任务，第2次
Jun 14 10:10:05 完成任务，获得10分
Jun 14 10:10:05 抽奖需要80，当前2200分，去抽奖
Jun 14 10:10:05 只差一丢丢哦~
Jun 14 10:10:05 抽奖需要80，当前2220分，去抽奖
Jun 14 10:10:05 只差一丢丢哦~
Jun 14 10:10:05 
Jun 14 10:10:05 ==============📣系统通知📣==============
Jun 14 10:10:05 幸运大转盘
Jun 14 10:10:05 【京东账号1】lman87：只差一丢丢哦~
Jun 14 10:10:05 【京东账号1】lman87：只差一丢丢哦~
Jun 14 10:10:05 【京东账号2】jd_rkylFaEIkvBL：只差一丢丢哦~
Jun 14 10:10:05 【京东账号2】jd_rkylFaEIkvBL：只差一丢丢哦~
Jun 14 10:10:05 
Jun 14 10:10:05 
Jun 14 10:10:05 🔔幸运大转盘, 结束! 🕛 5.058 秒
Jun 14 10:10:05 
Jun 14 23:10:00 
Jun 14 23:10:00 🔔幸运大转盘, 开始!
Jun 14 23:10:00 您的cookie选择的是用&隔开
Jun 14 23:10:00 
Jun 14 23:10:00 
Jun 14 23:10:00 ====================共有2个京东账号Cookie=========
Jun 14 23:10:00 
Jun 14 23:10:00 
Jun 14 23:10:00 🔔幸运大转盘, 开始!
Jun 14 23:10:00 您的cookie选择的是用&隔开
Jun 14 23:10:00 
Jun 14 23:10:00 
Jun 14 23:10:00 ====================共有2个京东账号Cookie=========
Jun 14 23:10:00 
Jun 14 23:10:00 ==================脚本执行- 北京时间(UTC+8)：6/14/2021, 11:10:00 PM=====================
Jun 14 23:10:00 
Jun 14 23:10:00 如果出现提示 ?.data. 错误，请升级nodejs版本(进入容器后，apk add nodejs-current)
Jun 14 23:10:00 
Jun 14 23:10:00 ******开始【京东账号1】lman87*********
Jun 14 23:10:00 
Jun 14 23:10:00 ==================脚本执行- 北京时间(UTC+8)：6/14/2021, 11:10:00 PM=====================
Jun 14 23:10:00 
Jun 14 23:10:00 如果出现提示 ?.data. 错误，请升级nodejs版本(进入容器后，apk add nodejs-current)
Jun 14 23:10:00 
Jun 14 23:10:00 ******开始【京东账号1】lman87*********
Jun 14 23:10:00 
Jun 14 23:10:00 抽奖需要80，当前2180分，去抽奖
Jun 14 23:10:00 去完成领补贴任务，第1次
Jun 14 23:10:00 只差一丢丢哦~
Jun 14 23:10:00 您已经完成任务，看看其他任务吧～
Jun 14 23:10:00 抽奖需要80，当前2180分，去抽奖
Jun 14 23:10:00 只差一丢丢哦~
Jun 14 23:10:00 
Jun 14 23:10:00 ******开始【京东账号2】jd_rkylFaEIkvBL*********
Jun 14 23:10:00 
Jun 14 23:10:00 去完成逛店铺任务，第1次
Jun 14 23:10:00 您已经完成任务，看看其他任务吧～
Jun 14 23:10:00 去完成赢现金任务，第1次
Jun 14 23:10:01 您已经完成任务，看看其他任务吧～
Jun 14 23:10:01 去完成逛店铺任务，第2次
Jun 14 23:10:01 您已经完成任务，看看其他任务吧～
Jun 14 23:10:01 抽奖需要80，当前2180分，去抽奖
Jun 14 23:10:01 只差一丢丢哦~
Jun 14 23:10:01 抽奖需要80，当前2180分，去抽奖
Jun 14 23:10:01 只差一丢丢哦~
Jun 14 23:10:01 
Jun 14 23:10:01 ******开始【京东账号2】jd_rkylFaEIkvBL*********
Jun 14 23:10:01 
Jun 14 23:10:01 去完成领补贴任务，第1次
Jun 14 23:10:01 抽奖需要80，当前2220分，去抽奖
Jun 14 23:10:01 完成任务，获得20分
Jun 14 23:10:01 只差一丢丢哦~
Jun 14 23:10:01 去完成逛店铺任务，第2次
Jun 14 23:10:01 您已经完成任务，看看其他任务吧～
Jun 14 23:10:02 去完成赢现金任务，第1次
Jun 14 23:10:02 完成任务，获得20分
Jun 14 23:10:02 去完成领补贴任务，第1次
Jun 14 23:10:02 您已经完成任务，看看其他任务吧～
Jun 14 23:10:02 抽奖需要80，当前2220分，去抽奖
Jun 14 23:10:02 只差一丢丢哦~
Jun 14 23:10:02 去完成逛店铺任务，第1次
Jun 14 23:10:02 去完成赢现金任务，第1次
Jun 14 23:10:03 您已经完成任务，看看其他任务吧～
Jun 14 23:10:03 您已经完成任务，看看其他任务吧～
Jun 14 23:10:03 去完成逛店铺任务，第2次
Jun 14 23:10:03 抽奖需要80，当前2240分，去抽奖
Jun 14 23:10:03 您已经完成任务，看看其他任务吧～
Jun 14 23:10:03 只差一丢丢哦~
Jun 14 23:10:03 
Jun 14 23:10:03 ==============📣系统通知📣==============
Jun 14 23:10:03 幸运大转盘
Jun 14 23:10:03 【京东账号1】lman87：只差一丢丢哦~
Jun 14 23:10:03 【京东账号1】lman87：只差一丢丢哦~
Jun 14 23:10:03 【京东账号2】jd_rkylFaEIkvBL：只差一丢丢哦~
Jun 14 23:10:03 【京东账号2】jd_rkylFaEIkvBL：只差一丢丢哦~
Jun 14 23:10:03 
Jun 14 23:10:03 
Jun 14 23:10:03 🔔幸运大转盘, 结束! 🕛 3.416 秒
Jun 14 23:10:03 
Jun 14 23:10:04 去完成领补贴任务，第1次
Jun 14 23:10:04 您已经完成任务，看看其他任务吧～
Jun 14 23:10:04 去完成赢现金任务，第1次
Jun 14 23:10:04 您已经完成任务，看看其他任务吧～
Jun 14 23:10:05 抽奖需要80，当前2260分，去抽奖
Jun 14 23:10:05 只差一丢丢哦~
Jun 14 23:10:05 
Jun 14 23:10:05 ==============📣系统通知📣==============
Jun 14 23:10:05 幸运大转盘
Jun 14 23:10:05 【京东账号1】lman87：只差一丢丢哦~
Jun 14 23:10:05 【京东账号1】lman87：只差一丢丢哦~
Jun 14 23:10:05 【京东账号2】jd_rkylFaEIkvBL：只差一丢丢哦~
Jun 14 23:10:05 【京东账号2】jd_rkylFaEIkvBL：只差一丢丢哦~
Jun 14 23:10:05 
Jun 14 23:10:05 
Jun 14 23:10:05 🔔幸运大转盘, 结束! 🕛 5.05 秒
Jun 14 23:10:05 
Jun 15 10:10:00 
Jun 15 10:10:00 🔔幸运大转盘, 开始!
Jun 15 10:10:00 您的cookie选择的是用&隔开
Jun 15 10:10:00 
Jun 15 10:10:00 
Jun 15 10:10:00 ====================共有2个京东账号Cookie=========
Jun 15 10:10:00 
Jun 15 10:10:00 ==================脚本执行- 北京时间(UTC+8)：6/15/2021, 10:10:00 AM=====================
Jun 15 10:10:00 
Jun 15 10:10:00 如果出现提示 ?.data. 错误，请升级nodejs版本(进入容器后，apk add nodejs-current)
Jun 15 10:10:00 
Jun 15 10:10:00 ******开始【京东账号1】lman87*********
Jun 15 10:10:00 
Jun 15 10:10:00 
Jun 15 10:10:00 🔔幸运大转盘, 开始!
Jun 15 10:10:00 您的cookie选择的是用&隔开
Jun 15 10:10:00 
Jun 15 10:10:00 
Jun 15 10:10:00 ====================共有2个京东账号Cookie=========
Jun 15 10:10:00 
Jun 15 10:10:00 ==================脚本执行- 北京时间(UTC+8)：6/15/2021, 10:10:00 AM=====================
Jun 15 10:10:00 
Jun 15 10:10:00 如果出现提示 ?.data. 错误，请升级nodejs版本(进入容器后，apk add nodejs-current)
Jun 15 10:10:00 
Jun 15 10:10:00 ******开始【京东账号1】lman87*********
Jun 15 10:10:00 
Jun 15 10:10:00 去完成逛店铺任务，第1次
Jun 15 10:10:00 去完成逛店铺任务，第1次
Jun 15 10:10:00 完成任务，获得10分
Jun 15 10:10:00 完成任务，获得10分
Jun 15 10:10:01 去完成逛店铺任务，第2次
Jun 15 10:10:01 您已经完成任务，看看其他任务吧～
Jun 15 10:10:01 去完成逛店铺任务，第2次
Jun 15 10:10:01 您已经完成任务，看看其他任务吧～
Jun 15 10:10:01 抽奖需要80，当前2180分，去抽奖
Jun 15 10:10:01 只差一丢丢哦~
Jun 15 10:10:01 去完成领补贴任务，第1次
Jun 15 10:10:02 完成任务，获得20分
Jun 15 10:10:02 去完成逛店铺任务，第1次
Jun 15 10:10:02 您已经完成任务，看看其他任务吧～
Jun 15 10:10:02 去完成赢现金任务，第1次
Jun 15 10:10:02 完成任务，获得20分
Jun 15 10:10:02 去完成逛店铺任务，第2次
Jun 15 10:10:02 您已经完成任务，看看其他任务吧～
Jun 15 10:10:03 抽奖需要80，当前2180分，去抽奖
Jun 15 10:10:03 只差一丢丢哦~
Jun 15 10:10:03 去完成领补贴任务，第1次
Jun 15 10:10:03 您已经完成任务，看看其他任务吧～
Jun 15 10:10:03 去完成逛店铺任务，第2次
Jun 15 10:10:03 您已经完成任务，看看其他任务吧～
Jun 15 10:10:03 去完成赢现金任务，第1次
Jun 15 10:10:03 您已经完成任务，看看其他任务吧～
Jun 15 10:10:03 抽奖需要80，当前2240分，去抽奖
Jun 15 10:10:03 只差一丢丢哦~
Jun 15 10:10:03 
Jun 15 10:10:03 ******开始【京东账号2】jd_rkylFaEIkvBL*********
Jun 15 10:10:03 
Jun 15 10:10:03 去完成逛店铺任务，第1次
Jun 15 10:10:03 完成任务，获得10分
Jun 15 10:10:04 抽奖需要80，当前2200分，去抽奖
Jun 15 10:10:04 只差一丢丢哦~
Jun 15 10:10:04 
Jun 15 10:10:04 ******开始【京东账号2】jd_rkylFaEIkvBL*********
Jun 15 10:10:04 
Jun 15 10:10:04 抽奖需要80，当前2270分，去抽奖
Jun 15 10:10:04 只差一丢丢哦~
Jun 15 10:10:04 去完成逛店铺任务，第2次
Jun 15 10:10:04 抽奖需要80，当前2270分，去抽奖
Jun 15 10:10:04 完成任务，获得10分
Jun 15 10:10:04 只差一丢丢哦~
Jun 15 10:10:04 
Jun 15 10:10:04 ==============📣系统通知📣==============
Jun 15 10:10:04 幸运大转盘
Jun 15 10:10:04 【京东账号1】lman87：只差一丢丢哦~
Jun 15 10:10:04 【京东账号1】lman87：只差一丢丢哦~
Jun 15 10:10:04 【京东账号2】jd_rkylFaEIkvBL：只差一丢丢哦~
Jun 15 10:10:04 【京东账号2】jd_rkylFaEIkvBL：只差一丢丢哦~
Jun 15 10:10:04 
Jun 15 10:10:04 
Jun 15 10:10:04 🔔幸运大转盘, 结束! 🕛 4.066 秒
Jun 15 10:10:04 
Jun 15 10:10:04 去完成领补贴任务，第1次
Jun 15 10:10:04 完成任务，获得20分
Jun 15 10:10:05 抽奖需要80，当前2260分，去抽奖
Jun 15 10:10:05 只差一丢丢哦~
Jun 15 10:10:05 抽奖需要80，当前2300分，去抽奖
Jun 15 10:10:05 只差一丢丢哦~
Jun 15 10:10:05 
Jun 15 10:10:05 ==============📣系统通知📣==============
Jun 15 10:10:05 幸运大转盘
Jun 15 10:10:05 【京东账号1】lman87：只差一丢丢哦~
Jun 15 10:10:05 【京东账号1】lman87：只差一丢丢哦~
Jun 15 10:10:05 【京东账号2】jd_rkylFaEIkvBL：只差一丢丢哦~
Jun 15 10:10:05 【京东账号2】jd_rkylFaEIkvBL：只差一丢丢哦~
Jun 15 10:10:05 
Jun 15 10:10:05 
Jun 15 10:10:05 🔔幸运大转盘, 结束! 🕛 5.176 秒
Jun 15 10:10:05 
