Jun 14 06:10:00 
Jun 14 06:10:00 🔔京东秒秒币, 开始!
Jun 14 06:10:00 您的cookie选择的是用&隔开
Jun 14 06:10:00 
Jun 14 06:10:00 
Jun 14 06:10:00 ====================共有2个京东账号Cookie=========
Jun 14 06:10:00 
Jun 14 06:10:00 ==================脚本执行- 北京时间(UTC+8)：6/14/2021, 6:10:00 AM=====================
Jun 14 06:10:00 
Jun 14 06:10:00 
Jun 14 06:10:00 🔔京东秒秒币, 开始!
Jun 14 06:10:00 您的cookie选择的是用&隔开
Jun 14 06:10:00 
Jun 14 06:10:00 
Jun 14 06:10:00 ====================共有2个京东账号Cookie=========
Jun 14 06:10:00 
Jun 14 06:10:00 ==================脚本执行- 北京时间(UTC+8)：6/14/2021, 6:10:00 AM=====================
Jun 14 06:10:00 
Jun 14 06:10:00 
Jun 14 06:10:00 ******开始【京东账号1】lman87*********
Jun 14 06:10:00 
Jun 14 06:10:00 
Jun 14 06:10:00 ******开始【京东账号1】lman87*********
Jun 14 06:10:00 
Jun 14 06:10:01 活动名称：秒杀红包二期正式
Jun 14 06:10:01 活动名称：秒杀红包二期正式
Jun 14 06:10:01 去做浏览秒杀优选店铺任务：1/2
Jun 14 06:10:01 任务领取成功
Jun 14 06:10:01 去做浏览秒杀优选店铺任务：1/2
Jun 14 06:10:01 任务领取成功
Jun 14 06:10:17 任务完成
Jun 14 06:10:17 去做浏览秒杀优选店铺任务：2/2
Jun 14 06:10:17 任务领取成功
Jun 14 06:10:17 你已经做过这个任务了
Jun 14 06:10:17 去做浏览秒杀优选店铺任务：2/2
Jun 14 06:10:17 任务领取成功
Jun 14 06:10:32 任务完成
Jun 14 06:10:32 去做浏览秒杀超值好物任务：1/2
Jun 14 06:10:32 任务已完成
Jun 14 06:10:32 去做浏览秒杀超值好物任务：1/2
Jun 14 06:10:32 任务完成
Jun 14 06:10:32 任务已完成
Jun 14 06:10:33 任务已完成
Jun 14 06:10:33 去做浏览秒杀超值好物任务：2/2
Jun 14 06:10:33 任务已完成
Jun 14 06:10:33 去做浏览秒杀超值好物任务：2/2
Jun 14 06:10:33 任务完成
Jun 14 06:10:33 任务已完成
Jun 14 06:10:33 任务已完成
Jun 14 06:10:33 去做关注秒杀优选店铺任务：1/3
Jun 14 06:10:33 任务已完成
Jun 14 06:10:33 去做关注秒杀优选店铺任务：1/3
Jun 14 06:10:33 任务组件接口返回失败
Jun 14 06:10:33 任务完成
Jun 14 06:10:34 去做关注秒杀优选店铺任务：2/3
Jun 14 06:10:34 去做关注秒杀优选店铺任务：2/3
Jun 14 06:10:35 任务组件接口返回失败
Jun 14 06:10:35 任务完成
Jun 14 06:10:36 去做关注秒杀优选店铺任务：3/3
Jun 14 06:10:36 去做关注秒杀优选店铺任务：3/3
Jun 14 06:10:36 任务完成
Jun 14 06:10:36 任务已完成
Jun 14 06:10:37 去做特价5折馆任务：1/1
Jun 14 06:10:37 去做特价5折馆任务：1/1
Jun 14 06:10:37 任务领取成功
Jun 14 06:10:37 任务领取成功
Jun 14 06:10:52 任务已完成
Jun 14 06:10:52 去做京品好物会场任务：1/1
Jun 14 06:10:52 任务完成
Jun 14 06:10:52 去做京品好物会场任务：1/1
Jun 14 06:10:52 任务领取成功
Jun 14 06:10:52 任务领取成功
Jun 14 06:11:08 任务组件接口返回失败
Jun 14 06:11:08 去做分享秒杀领红包活动任务：1/6
Jun 14 06:11:08 任务完成
Jun 14 06:11:08 去做分享秒杀领红包活动任务：1/6
Jun 14 06:11:08 success
Jun 14 06:11:08 success
Jun 14 06:11:09 去做分享秒杀领红包活动任务：2/6
Jun 14 06:11:09 去做分享秒杀领红包活动任务：2/6
Jun 14 06:11:09 success
Jun 14 06:11:09 success
Jun 14 06:11:10 去做分享秒杀领红包活动任务：3/6
Jun 14 06:11:10 去做分享秒杀领红包活动任务：3/6
Jun 14 06:11:10 success
Jun 14 06:11:10 success
Jun 14 06:11:11 去做分享秒杀领红包活动任务：4/6
Jun 14 06:11:11 去做分享秒杀领红包活动任务：4/6
Jun 14 06:11:11 任务已完成
Jun 14 06:11:11 任务已完成
Jun 14 06:11:12 去做分享秒杀领红包活动任务：5/6
Jun 14 06:11:12 去做分享秒杀领红包活动任务：5/6
Jun 14 06:11:12 任务已完成
Jun 14 06:11:12 任务已完成
Jun 14 06:11:13 去做分享秒杀领红包活动任务：6/6
Jun 14 06:11:13 去做分享秒杀领红包活动任务：6/6
Jun 14 06:11:13 任务已完成
Jun 14 06:11:13 任务已完成
Jun 14 06:11:14 去做签到红包任务：1/1
Jun 14 06:11:14 去做签到红包任务：1/1
Jun 14 06:11:14 任务已结束
Jun 14 06:11:14 任务已结束
Jun 14 06:11:15 去做签到红包任务：1/1
Jun 14 06:11:15 去做签到红包任务：1/1
Jun 14 06:11:15 任务已完成
Jun 14 06:11:15 success
Jun 14 06:11:16 去做签到红包任务：1/1
Jun 14 06:11:16 去做签到红包任务：1/1
Jun 14 06:11:16 success
Jun 14 06:11:16 任务已完成
Jun 14 06:11:17 
Jun 14 06:11:17 ==============📣系统通知📣==============
Jun 14 06:11:17 京东秒秒币
Jun 14 06:11:17 京东账号1lman87
Jun 14 06:11:17 本次运行获得秒秒币3850枚，共3850枚
Jun 14 06:11:17 
Jun 14 06:11:17 ==============📣系统通知📣==============
Jun 14 06:11:17 京东秒秒币
Jun 14 06:11:17 京东账号1lman87
Jun 14 06:11:17 本次运行获得秒秒币3850枚，共3850枚
Jun 14 06:11:17 
Jun 14 06:11:17 ******开始【京东账号2】jd_rkylFaEIkvBL*********
Jun 14 06:11:17 
Jun 14 06:11:17 
Jun 14 06:11:17 ******开始【京东账号2】jd_rkylFaEIkvBL*********
Jun 14 06:11:17 
Jun 14 06:11:18 去做浏览秒杀优选店铺任务：1/2
Jun 14 06:11:18 风险等级未通过
Jun 14 06:11:18 去做浏览秒杀优选店铺任务：1/2
Jun 14 06:11:18 风险等级未通过
Jun 14 06:11:34 风险等级未通过
Jun 14 06:11:34 去做浏览秒杀优选店铺任务：2/2
Jun 14 06:11:34 风险等级未通过
Jun 14 06:11:34 风险等级未通过
Jun 14 06:11:34 去做浏览秒杀优选店铺任务：2/2
Jun 14 06:11:34 风险等级未通过
Jun 14 06:11:49 风险等级未通过
Jun 14 06:11:49 
Jun 14 06:11:49 ==============📣系统通知📣==============
Jun 14 06:11:49 京东秒秒币
Jun 14 06:11:49 京东账号2jd_rkylFaEIkvBL
Jun 14 06:11:49 本次运行获得秒秒币0枚，共0枚
Jun 14 06:11:49 
Jun 14 06:11:49 🔔京东秒秒币, 结束! 🕛 109.613 秒
Jun 14 06:11:49 
Jun 14 06:11:49 风险等级未通过
Jun 14 06:11:50 
Jun 14 06:11:50 ==============📣系统通知📣==============
Jun 14 06:11:50 京东秒秒币
Jun 14 06:11:50 京东账号2jd_rkylFaEIkvBL
Jun 14 06:11:50 本次运行获得秒秒币0枚，共0枚
Jun 14 06:11:50 
Jun 14 06:11:50 🔔京东秒秒币, 结束! 🕛 109.789 秒
Jun 14 06:11:50 
Jun 14 21:10:00 
Jun 14 21:10:00 🔔京东秒秒币, 开始!
Jun 14 21:10:00 您的cookie选择的是用&隔开
Jun 14 21:10:00 
Jun 14 21:10:00 
Jun 14 21:10:00 ====================共有2个京东账号Cookie=========
Jun 14 21:10:00 
Jun 14 21:10:00 ==================脚本执行- 北京时间(UTC+8)：6/14/2021, 9:10:00 PM=====================
Jun 14 21:10:00 
Jun 14 21:10:00 
Jun 14 21:10:00 🔔京东秒秒币, 开始!
Jun 14 21:10:00 您的cookie选择的是用&隔开
Jun 14 21:10:00 
Jun 14 21:10:00 
Jun 14 21:10:00 ====================共有2个京东账号Cookie=========
Jun 14 21:10:00 
Jun 14 21:10:00 ==================脚本执行- 北京时间(UTC+8)：6/14/2021, 9:10:00 PM=====================
Jun 14 21:10:00 
Jun 14 21:10:00 
Jun 14 21:10:00 ******开始【京东账号1】lman87*********
Jun 14 21:10:00 
Jun 14 21:10:00 
Jun 14 21:10:00 ******开始【京东账号1】lman87*********
Jun 14 21:10:00 
Jun 14 21:10:01 活动名称：秒杀红包二期正式
Jun 14 21:10:01 活动名称：秒杀红包二期正式
Jun 14 21:10:01 当前秒秒币3850
Jun 14 21:10:01 去做签到红包任务：1/1
Jun 14 21:10:01 当前秒秒币3850
Jun 14 21:10:01 任务已结束
Jun 14 21:10:01 去做签到红包任务：1/1
Jun 14 21:10:01 任务已结束
Jun 14 21:10:02 
Jun 14 21:10:02 ==============📣系统通知📣==============
Jun 14 21:10:02 京东秒秒币
Jun 14 21:10:02 京东账号1lman87
Jun 14 21:10:02 本次运行获得秒秒币0枚，共3850枚
Jun 14 21:10:02 
Jun 14 21:10:02 ==============📣系统通知📣==============
Jun 14 21:10:02 京东秒秒币
Jun 14 21:10:02 京东账号1lman87
Jun 14 21:10:02 本次运行获得秒秒币0枚，共3850枚
Jun 14 21:10:02 
Jun 14 21:10:02 ******开始【京东账号2】jd_rkylFaEIkvBL*********
Jun 14 21:10:02 
Jun 14 21:10:02 
Jun 14 21:10:02 ******开始【京东账号2】jd_rkylFaEIkvBL*********
Jun 14 21:10:02 
Jun 14 21:10:03 去做浏览秒杀优选店铺任务：1/2
Jun 14 21:10:03 去做浏览秒杀优选店铺任务：1/2
Jun 14 21:10:03 风险等级未通过
Jun 14 21:10:03 风险等级未通过
Jun 14 21:10:19 风险等级未通过
Jun 14 21:10:19 去做浏览秒杀优选店铺任务：2/2
Jun 14 21:10:19 风险等级未通过
Jun 14 21:10:19 去做浏览秒杀优选店铺任务：2/2
Jun 14 21:10:19 风险等级未通过
Jun 14 21:10:19 风险等级未通过
Jun 14 21:10:34 风险等级未通过
Jun 14 21:10:34 风险等级未通过
Jun 14 21:10:34 
Jun 14 21:10:34 ==============📣系统通知📣==============
Jun 14 21:10:34 京东秒秒币
Jun 14 21:10:34 京东账号2jd_rkylFaEIkvBL
Jun 14 21:10:34 本次运行获得秒秒币0枚，共0枚
Jun 14 21:10:34 
Jun 14 21:10:34 🔔京东秒秒币, 结束! 🕛 34.487 秒
Jun 14 21:10:34 
Jun 14 21:10:34 
Jun 14 21:10:34 ==============📣系统通知📣==============
Jun 14 21:10:34 京东秒秒币
Jun 14 21:10:34 京东账号2jd_rkylFaEIkvBL
Jun 14 21:10:34 本次运行获得秒秒币0枚，共0枚
Jun 14 21:10:34 
Jun 14 21:10:34 🔔京东秒秒币, 结束! 🕛 34.554 秒
Jun 14 21:10:34 
Jun 15 06:10:00 
Jun 15 06:10:00 🔔京东秒秒币, 开始!
Jun 15 06:10:00 您的cookie选择的是用&隔开
Jun 15 06:10:00 
Jun 15 06:10:00 
Jun 15 06:10:00 ====================共有2个京东账号Cookie=========
Jun 15 06:10:00 
Jun 15 06:10:00 
Jun 15 06:10:00 🔔京东秒秒币, 开始!
Jun 15 06:10:00 您的cookie选择的是用&隔开
Jun 15 06:10:00 
Jun 15 06:10:00 
Jun 15 06:10:00 ====================共有2个京东账号Cookie=========
Jun 15 06:10:00 
Jun 15 06:10:00 ==================脚本执行- 北京时间(UTC+8)：6/15/2021, 6:10:00 AM=====================
Jun 15 06:10:00 
Jun 15 06:10:00 ==================脚本执行- 北京时间(UTC+8)：6/15/2021, 6:10:00 AM=====================
Jun 15 06:10:00 
Jun 15 06:10:00 
Jun 15 06:10:00 ******开始【京东账号1】lman87*********
Jun 15 06:10:00 
Jun 15 06:10:00 
Jun 15 06:10:00 ******开始【京东账号1】lman87*********
Jun 15 06:10:00 
Jun 15 06:10:01 活动名称：秒杀红包二期正式
Jun 15 06:10:01 活动名称：秒杀红包二期正式
Jun 15 06:10:01 去做浏览秒杀优选店铺任务：1/2
Jun 15 06:10:01 任务领取成功
Jun 15 06:10:01 去做浏览秒杀优选店铺任务：1/2
Jun 15 06:10:01 任务领取成功
Jun 15 06:10:16 任务完成
Jun 15 06:10:16 去做浏览秒杀优选店铺任务：2/2
Jun 15 06:10:16 任务领取成功
Jun 15 06:10:17 你已经做过这个任务了
Jun 15 06:10:17 去做浏览秒杀优选店铺任务：2/2
Jun 15 06:10:17 任务领取成功
Jun 15 06:10:32 任务完成
Jun 15 06:10:32 去做浏览秒杀超值好物任务：1/2
Jun 15 06:10:32 任务完成
Jun 15 06:10:32 任务已完成
Jun 15 06:10:32 去做浏览秒杀超值好物任务：1/2
Jun 15 06:10:32 任务已完成
Jun 15 06:10:33 任务已完成
Jun 15 06:10:33 去做浏览秒杀超值好物任务：2/2
Jun 15 06:10:33 任务完成
Jun 15 06:10:33 任务已完成
Jun 15 06:10:33 去做浏览秒杀超值好物任务：2/2
Jun 15 06:10:33 任务已完成
Jun 15 06:10:33 任务已完成
Jun 15 06:10:33 去做关注秒杀优选店铺任务：1/3
Jun 15 06:10:33 任务组件接口返回失败
Jun 15 06:10:33 去做关注秒杀优选店铺任务：1/3
Jun 15 06:10:33 任务完成
Jun 15 06:10:33 任务已完成
Jun 15 06:10:34 去做关注秒杀优选店铺任务：2/3
Jun 15 06:10:34 去做关注秒杀优选店铺任务：2/3
Jun 15 06:10:34 任务完成
Jun 15 06:10:34 任务已完成
Jun 15 06:10:35 去做关注秒杀优选店铺任务：3/3
Jun 15 06:10:35 去做关注秒杀优选店铺任务：3/3
Jun 15 06:10:35 任务完成
Jun 15 06:10:35 任务已完成
Jun 15 06:10:36 去做特价5折馆任务：1/1
Jun 15 06:10:36 去做特价5折馆任务：1/1
Jun 15 06:10:36 任务领取成功
Jun 15 06:10:36 任务领取成功
Jun 15 06:10:52 任务完成
Jun 15 06:10:52 去做京品好物会场任务：1/1
Jun 15 06:10:52 任务已完成
Jun 15 06:10:52 去做京品好物会场任务：1/1
Jun 15 06:10:52 任务领取成功
Jun 15 06:10:52 任务领取成功
Jun 15 06:11:08 任务完成
Jun 15 06:11:08 去做分享秒杀领红包活动任务：1/6
Jun 15 06:11:08 任务已完成
Jun 15 06:11:08 去做分享秒杀领红包活动任务：1/6
Jun 15 06:11:08 success
Jun 15 06:11:08 success
Jun 15 06:11:09 去做分享秒杀领红包活动任务：2/6
Jun 15 06:11:09 去做分享秒杀领红包活动任务：2/6
Jun 15 06:11:09 success
Jun 15 06:11:09 success
Jun 15 06:11:10 去做分享秒杀领红包活动任务：3/6
Jun 15 06:11:10 去做分享秒杀领红包活动任务：3/6
Jun 15 06:11:10 success
Jun 15 06:11:10 success
Jun 15 06:11:11 去做分享秒杀领红包活动任务：4/6
Jun 15 06:11:11 任务已完成
Jun 15 06:11:11 去做分享秒杀领红包活动任务：4/6
Jun 15 06:11:11 任务已完成
Jun 15 06:11:12 去做分享秒杀领红包活动任务：5/6
Jun 15 06:11:12 任务已完成
Jun 15 06:11:12 去做分享秒杀领红包活动任务：5/6
Jun 15 06:11:12 任务已完成
Jun 15 06:11:13 去做分享秒杀领红包活动任务：6/6
Jun 15 06:11:13 任务已完成
Jun 15 06:11:13 去做分享秒杀领红包活动任务：6/6
Jun 15 06:11:13 任务已完成
Jun 15 06:11:14 去做签到红包任务：1/1
Jun 15 06:11:14 任务已结束
Jun 15 06:11:14 去做签到红包任务：1/1
Jun 15 06:11:14 任务已结束
Jun 15 06:11:15 去做签到红包任务：1/1
Jun 15 06:11:15 success
Jun 15 06:11:15 去做签到红包任务：1/1
Jun 15 06:11:15 任务已完成
Jun 15 06:11:16 去做签到红包任务：1/1
Jun 15 06:11:16 success
Jun 15 06:11:16 去做签到红包任务：1/1
Jun 15 06:11:16 任务已完成
Jun 15 06:11:17 
Jun 15 06:11:17 ==============📣系统通知📣==============
Jun 15 06:11:17 京东秒秒币
Jun 15 06:11:17 京东账号1lman87
Jun 15 06:11:17 本次运行获得秒秒币4010枚，共4010枚
Jun 15 06:11:17 
Jun 15 06:11:17 ******开始【京东账号2】jd_rkylFaEIkvBL*********
Jun 15 06:11:17 
Jun 15 06:11:17 
Jun 15 06:11:17 ==============📣系统通知📣==============
Jun 15 06:11:17 京东秒秒币
Jun 15 06:11:17 京东账号1lman87
Jun 15 06:11:17 本次运行获得秒秒币4010枚，共4010枚
Jun 15 06:11:17 
Jun 15 06:11:17 ******开始【京东账号2】jd_rkylFaEIkvBL*********
Jun 15 06:11:17 
Jun 15 06:11:18 去做浏览秒杀优选店铺任务：1/2
Jun 15 06:11:18 风险等级未通过
Jun 15 06:11:18 去做浏览秒杀优选店铺任务：1/2
Jun 15 06:11:18 风险等级未通过
Jun 15 06:11:34 风险等级未通过
Jun 15 06:11:34 去做浏览秒杀优选店铺任务：2/2
Jun 15 06:11:34 风险等级未通过
Jun 15 06:11:34 风险等级未通过
Jun 15 06:11:34 去做浏览秒杀优选店铺任务：2/2
Jun 15 06:11:34 风险等级未通过
Jun 15 06:11:49 风险等级未通过
Jun 15 06:11:49 风险等级未通过
Jun 15 06:11:49 
Jun 15 06:11:49 ==============📣系统通知📣==============
Jun 15 06:11:49 京东秒秒币
Jun 15 06:11:49 京东账号2jd_rkylFaEIkvBL
Jun 15 06:11:49 本次运行获得秒秒币0枚，共0枚
Jun 15 06:11:49 
Jun 15 06:11:49 🔔京东秒秒币, 结束! 🕛 109.733 秒
Jun 15 06:11:49 
Jun 15 06:11:49 
Jun 15 06:11:49 ==============📣系统通知📣==============
Jun 15 06:11:49 京东秒秒币
Jun 15 06:11:49 京东账号2jd_rkylFaEIkvBL
Jun 15 06:11:49 本次运行获得秒秒币0枚，共0枚
Jun 15 06:11:49 
Jun 15 06:11:49 🔔京东秒秒币, 结束! 🕛 109.821 秒
Jun 15 06:11:49 
