Jun 15 00:01:00 
Jun 15 00:01:00 🔔金口碑奖投票, 开始!
Jun 15 00:01:00 您的cookie选择的是用&隔开
Jun 15 00:01:00 
Jun 15 00:01:00 
Jun 15 00:01:00 ====================共有2个京东账号Cookie=========
Jun 15 00:01:00 
Jun 15 00:01:00 
Jun 15 00:01:00 🔔金口碑奖投票, 开始!
Jun 15 00:01:00 您的cookie选择的是用&隔开
Jun 15 00:01:00 
Jun 15 00:01:00 
Jun 15 00:01:00 ====================共有2个京东账号Cookie=========
Jun 15 00:01:00 
Jun 15 00:01:00 ==================脚本执行- 北京时间(UTC+8)：6/15/2021, 12:01:00 AM=====================
Jun 15 00:01:00 
Jun 15 00:01:00 ==================脚本执行- 北京时间(UTC+8)：6/15/2021, 12:01:00 AM=====================
Jun 15 00:01:00 
Jun 15 00:01:01 
Jun 15 00:01:01 ******开始【京东账号1】lman87*********
Jun 15 00:01:01 
Jun 15 00:01:01 
Jun 15 00:01:01 ******开始【京东账号1】lman87*********
Jun 15 00:01:01 
Jun 15 00:01:01 获取参选商品列表成功
Jun 15 00:01:01 去给创维SKYWORTH S81 Pro投票
Jun 15 00:01:01 获取参选商品列表成功
Jun 15 00:01:01 去给创维小湃盒子P3 Pro投票
Jun 15 00:01:01 "活动已结束"
Jun 15 00:01:01 "活动已结束"
Jun 15 00:01:03 去给松下L系高级护理洗衣机投票
Jun 15 00:01:03 "活动已结束"
Jun 15 00:01:03 去给美诺热泵干衣机 TWV680 WP C投票
Jun 15 00:01:03 "活动已结束"
Jun 15 00:01:05 去给万和潜吸烟机投票
Jun 15 00:01:05 "活动已结束"
Jun 15 00:01:05 去给格力洗碗机投票
Jun 15 00:01:05 "活动已结束"
Jun 15 00:01:07 去给小狗无线手持吸尘器投票
Jun 15 00:01:07 "活动已结束"
Jun 15 00:01:07 去给小狗无线手持吸尘器投票
Jun 15 00:01:07 "活动已结束"
Jun 15 00:01:09 去给艾尔达即热式便携饮水机投票
Jun 15 00:01:09 去给bewinch碧云泉茶艺机投票
Jun 15 00:01:09 "活动已结束"
Jun 15 00:01:09 "活动已结束"
Jun 15 00:01:11 去给麦喆智能变频声波电动牙刷投票
Jun 15 00:01:11 去给飞科电动牙刷投票
Jun 15 00:01:11 "活动已结束"
Jun 15 00:01:11 "活动已结束"
Jun 15 00:01:13 
Jun 15 00:01:13 ******开始【京东账号2】变速箱2019*********
Jun 15 00:01:13 
Jun 15 00:01:13 
Jun 15 00:01:13 ******开始【京东账号2】变速箱2019*********
Jun 15 00:01:13 
Jun 15 00:01:13 获取参选商品列表成功
Jun 15 00:01:13 去给创维小湃智能摄像机2K版投票
Jun 15 00:01:13 获取参选商品列表成功
Jun 15 00:01:13 去给海信璀璨社交电视C1投票
Jun 15 00:01:13 "活动已结束"
Jun 15 00:01:13 "活动已结束"
Jun 15 00:01:15 去给康佳XQB100-N81智慧0污洗衣机投票
Jun 15 00:01:15 去给美诺热泵干衣机 TWV680 WP C投票
Jun 15 00:01:15 "活动已结束"
Jun 15 00:01:15 "活动已结束"
Jun 15 00:01:17 去给万家乐CXW-300-L7C投票
Jun 15 00:01:17 去给方太水槽洗碗机投票
Jun 15 00:01:17 "活动已结束"
Jun 15 00:01:17 "活动已结束"
Jun 15 00:01:19 去给可宝VB100硬地吸拖一体套装投票
Jun 15 00:01:19 去给可宝VB100硬地吸拖一体套装投票
Jun 15 00:01:19 "活动已结束"
Jun 15 00:01:19 "活动已结束"
Jun 15 00:01:21 去给西屋反渗透家用净饮加热一体机投票
Jun 15 00:01:21 去给bewinch碧云泉茶艺机投票
Jun 15 00:01:21 "活动已结束"
Jun 15 00:01:21 "活动已结束"
Jun 15 00:01:23 去给Lena自动卷发器投票
Jun 15 00:01:23 去给西屋电动牙刷投票
Jun 15 00:01:23 "活动已结束"
Jun 15 00:01:23 "活动已结束"
Jun 15 00:01:25 
Jun 15 00:01:25 🔔金口碑奖投票, 结束! 🕛 25.258 秒
Jun 15 00:01:25 
Jun 15 00:01:25 
Jun 15 00:01:25 🔔金口碑奖投票, 结束! 🕛 25.284 秒
Jun 15 00:01:25 
Jun 15 08:01:00 
Jun 15 08:01:00 🔔金口碑奖投票, 开始!
Jun 15 08:01:00 您的cookie选择的是用&隔开
Jun 15 08:01:00 
Jun 15 08:01:00 
Jun 15 08:01:00 ====================共有2个京东账号Cookie=========
Jun 15 08:01:00 
Jun 15 08:01:00 
Jun 15 08:01:00 🔔金口碑奖投票, 开始!
Jun 15 08:01:00 您的cookie选择的是用&隔开
Jun 15 08:01:00 
Jun 15 08:01:00 
Jun 15 08:01:00 ====================共有2个京东账号Cookie=========
Jun 15 08:01:00 
Jun 15 08:01:00 ==================脚本执行- 北京时间(UTC+8)：6/15/2021, 8:01:00 AM=====================
Jun 15 08:01:00 
Jun 15 08:01:00 ==================脚本执行- 北京时间(UTC+8)：6/15/2021, 8:01:00 AM=====================
Jun 15 08:01:00 
Jun 15 08:01:00 
Jun 15 08:01:00 ******开始【京东账号1】lman87*********
Jun 15 08:01:00 
Jun 15 08:01:00 
Jun 15 08:01:00 ******开始【京东账号1】lman87*********
Jun 15 08:01:00 
Jun 15 08:01:00 获取参选商品列表成功
Jun 15 08:01:00 去给TCL XESS旋转智屏投票
Jun 15 08:01:00 获取参选商品列表成功
Jun 15 08:01:00 去给创维小湃智能摄像机2K版投票
Jun 15 08:01:00 "活动已结束"
Jun 15 08:01:00 "活动已结束"
Jun 15 08:01:02 去给康佳XQB100-N81智慧0污洗衣机投票
Jun 15 08:01:02 去给海信璀璨蒸烫洗洗衣机C1投票
Jun 15 08:01:02 "活动已结束"
Jun 15 08:01:02 "活动已结束"
Jun 15 08:01:04 去给万和潜吸烟机投票
Jun 15 08:01:04 去给惠而浦欧诺娜系列洗碗机投票
Jun 15 08:01:04 "活动已结束"
Jun 15 08:01:04 "活动已结束"
Jun 15 08:01:06 去给美诺C3 曜石黑吸尘器投票
Jun 15 08:01:06 去给360扫地机器人 X100 MAX投票
Jun 15 08:01:06 "活动已结束"
Jun 15 08:01:06 "活动已结束"
Jun 15 08:01:08 去给艾尔达即热式便携饮水机投票
Jun 15 08:01:08 去给方太水氧离子净化器投票
Jun 15 08:01:08 "活动已结束"
Jun 15 08:01:08 "活动已结束"
Jun 15 08:01:10 去给飞科电动牙刷投票
Jun 15 08:01:10 去给海尔电吹风投票
Jun 15 08:01:10 "活动已结束"
Jun 15 08:01:10 "活动已结束"
Jun 15 08:01:12 
Jun 15 08:01:12 ******开始【京东账号2】变速箱2019*********
Jun 15 08:01:12 
Jun 15 08:01:12 
Jun 15 08:01:12 ******开始【京东账号2】变速箱2019*********
Jun 15 08:01:12 
Jun 15 08:01:12 获取参选商品列表成功
Jun 15 08:01:12 去给TCL XESS旋转智屏投票
Jun 15 08:01:13 获取参选商品列表成功
Jun 15 08:01:13 去给乐橙室内云台摄像机投票
Jun 15 08:01:13 "活动已结束"
Jun 15 08:01:13 "活动已结束"
Jun 15 08:01:15 去给海信璀璨蒸烫洗洗衣机C1投票
Jun 15 08:01:15 去给美诺热泵干衣机 TWV680 WP C投票
Jun 15 08:01:15 "活动已结束"
Jun 15 08:01:15 "活动已结束"
Jun 15 08:01:17 去给美大集成水槽洗碗机投票
Jun 15 08:01:17 去给格力洗碗机投票
Jun 15 08:01:17 "活动已结束"
Jun 15 08:01:17 "活动已结束"
Jun 15 08:01:19 去给可宝VB100硬地吸拖一体套装投票
Jun 15 08:01:19 去给YDLIDAR扫地机专用激光雷达投票
Jun 15 08:01:19 "活动已结束"
Jun 15 08:01:19 "活动已结束"
Jun 15 08:01:21 去给水轻轻一芯RO净水器投票
Jun 15 08:01:21 去给飞利浦净水加热一体机投票
Jun 15 08:01:21 "活动已结束"
Jun 15 08:01:21 "活动已结束"
Jun 15 08:01:23 去给须眉负离子护发梳投票
Jun 15 08:01:23 去给海尔电吹风投票
Jun 15 08:01:23 "活动已结束"
Jun 15 08:01:23 "活动已结束"
Jun 15 08:01:25 
Jun 15 08:01:25 🔔金口碑奖投票, 结束! 🕛 24.788 秒
Jun 15 08:01:25 
Jun 15 08:01:25 
Jun 15 08:01:25 🔔金口碑奖投票, 结束! 🕛 24.815 秒
Jun 15 08:01:25 
