Jun 14 00:41:00 
Jun 14 00:41:00 🔔京东保价, 开始!
Jun 14 00:41:00 您的cookie选择的是用&隔开
Jun 14 00:41:00 
Jun 14 00:41:00 
Jun 14 00:41:00 ====================共有2个京东账号Cookie=========
Jun 14 00:41:00 
Jun 14 00:41:00 
Jun 14 00:41:00 🔔京东保价, 开始!
Jun 14 00:41:00 您的cookie选择的是用&隔开
Jun 14 00:41:00 
Jun 14 00:41:00 
Jun 14 00:41:00 ====================共有2个京东账号Cookie=========
Jun 14 00:41:00 
Jun 14 00:41:00 ==================脚本执行- 北京时间(UTC+8)：6/14/2021, 12:41:00 AM=====================
Jun 14 00:41:00 
Jun 14 00:41:00 ==================脚本执行- 北京时间(UTC+8)：6/14/2021, 12:41:00 AM=====================
Jun 14 00:41:00 
Jun 14 00:41:01 
Jun 14 00:41:01 ***********开始【账号1】lman87********
Jun 14 00:41:01 
Jun 14 00:41:01 💥 获得首页面，解析超参数
Jun 14 00:41:01 
Jun 14 00:41:01 ***********开始【账号1】lman87********
Jun 14 00:41:01 
Jun 14 00:41:01 💥 获得首页面，解析超参数
Jun 14 00:41:01 ----------
Jun 14 00:41:01 🧾 获取所有价格保护列表，排除附件商品
Jun 14 00:41:01 ----------
Jun 14 00:41:01 🧾 获取所有价格保护列表，排除附件商品
Jun 14 00:41:01 ----------
Jun 14 00:41:01 🗑 删除不符合订单
Jun 14 00:41:01 ----------
Jun 14 00:41:01 ----------
Jun 14 00:41:01 🗑 删除不符合订单
Jun 14 00:41:01 ----------
Jun 14 00:41:01 🚫 删除商品：🛒波司登春季新款2021女式轻薄🛒
Jun 14 00:41:01 🚫 删除商品：🛒悦心可正品保障 正品保障🛒
Jun 14 00:41:01 🚫 删除商品：🛒科迪旗舰店原生牧场枕科迪纯牛奶🛒
Jun 14 00:41:01 🚫 删除商品：🛒【京喜工厂】悦心可双层镂空沥水🛒
Jun 14 00:41:01 🚫 删除商品：🛒轻松学编程 马敏 田钰 中国科🛒
Jun 14 00:41:01 🚫 删除商品：🛒豫志 特精粉面粉2.5kg 通🛒
Jun 14 00:41:01 🚫 删除商品：🛒悦心可 可擦手围裙女罩衣防水防🛒
Jun 14 00:41:01 🚫 删除商品：🛒SAKURA ST日本进口护肤🛒
Jun 14 00:41:01 🚫 删除商品：🛒【京喜工厂】舒客成人防蛀固齿健🛒
Jun 14 00:41:01 🚫 删除商品：🛒港莎2条装女士内裤抗菌内裤女中🛒
Jun 14 00:41:01 🚫 删除商品：🛒科迪旗舰店原生牧场枕科迪纯牛奶🛒
Jun 14 00:41:01 🚫 删除商品：🛒港莎2条装女士内裤抗菌内裤女中🛒
Jun 14 00:41:01 🚫 删除商品：🛒SAKURA ST日本进口护肤🛒
Jun 14 00:41:01 🚫 删除商品：🛒波司登春季新款2021女式轻薄🛒
Jun 14 00:41:01 🚫 删除商品：🛒【京喜工厂】舒客成人防蛀固齿健🛒
Jun 14 00:41:01 🚫 删除商品：🛒三元（SAN YUAN）小方白🛒
Jun 14 00:41:01 ----------
Jun 14 00:41:01 📊 1个商品即将申请价格保护！
Jun 14 00:41:01 ----------
Jun 14 00:41:01 🚫 删除商品：🛒豫志 特精粉面粉2.5kg 通🛒
Jun 14 00:41:01 🈸 🛒全12册宝宝启蒙认知贴纸书可反🛒
Jun 14 00:41:01 🚫 删除商品：🛒悦心可 可擦手围裙女罩衣防水防🛒
Jun 14 00:41:01 🚫 删除商品：🛒悦心可正品保障 正品保障🛒
Jun 14 00:41:01 🚫 删除商品：🛒轻松学编程 马敏 田钰 中国科🛒
Jun 14 00:41:01 🚫 删除商品：🛒三元（SAN YUAN）小方白🛒
Jun 14 00:41:01 🚫 删除商品：🛒科迪旗舰店原生牧场枕科迪纯牛奶🛒
Jun 14 00:41:01 🚫 删除商品：🛒【京喜工厂】悦心可双层镂空沥水🛒
Jun 14 00:41:01 🚫 删除商品：🛒科迪旗舰店原生牧场枕科迪纯牛奶🛒
Jun 14 00:41:01 ----------
Jun 14 00:41:01 📊 1个商品即将申请价格保护！
Jun 14 00:41:01 ----------
Jun 14 00:41:01 🈸 🛒全12册宝宝启蒙认知贴纸书可反🛒
Jun 14 00:41:01 🚫 🛒全12册宝宝启蒙认知贴纸书可反🛒 申请失败：尊敬的顾客您好，商品价保1分钟内只可申请一次!
Jun 14 00:41:01 ----------
Jun 14 00:41:01 ⏳ 等待申请价格保护结果...
Jun 14 00:41:01 ----------
Jun 14 00:41:01 🧮 本次价格保护金额：0💰
Jun 14 00:41:01 ----------
Jun 14 00:41:01 ⏳ 等待申请价格保护结果...
Jun 14 00:41:01 ----------
Jun 14 00:41:01 
Jun 14 00:41:01 ***********开始【账号2】jd_rkylFaEIkvBL********
Jun 14 00:41:01 
Jun 14 00:41:01 💥 获得首页面，解析超参数
Jun 14 00:41:01 ----------
Jun 14 00:41:01 🧾 获取所有价格保护列表，排除附件商品
Jun 14 00:41:02 ----------
Jun 14 00:41:02 🗑 删除不符合订单
Jun 14 00:41:02 ----------
Jun 14 00:41:02 🚫 删除商品：🛒卡姿兰口红礼盒不易掉色 金致胶🛒
Jun 14 00:41:02 🚫 删除商品：🛒集南鲜 坏果包赔服务 坏果包赔🛒
Jun 14 00:41:02 🚫 删除商品：🛒【京喜工厂】黑人牙膏双重薄荷清🛒
Jun 14 00:41:02 🚫 删除商品：🛒【售后无忧服务】本店所有产品均🛒
Jun 14 00:41:02 🚫 删除商品：🛒第二件特惠 集南鲜 金煌芒青皮🛒
Jun 14 00:41:02 🚫 删除商品：🛒狼道+人性的弱点+鬼谷子+墨菲🛒
Jun 14 00:41:02 🚫 删除商品：🛒【京喜工厂】拉蒜器迷你家用捣姜🛒
Jun 14 00:41:02 🚫 删除商品：🛒【官方自营】正版现货 斗罗大陆🛒
Jun 14 00:41:02 🚫 删除商品：🛒【京喜农场】金冠 黑糖话梅糖 🛒
Jun 14 00:41:02 🚫 删除商品：🛒【顺丰快递】山东烟台栖霞红富士🛒
Jun 14 00:41:02 🚫 删除商品：🛒7天无理由退换货，本店所有产品🛒
Jun 14 00:41:02 ----------
Jun 14 00:41:02 📊 3个商品即将申请价格保护！
Jun 14 00:41:02 ----------
Jun 14 00:41:02 🈸 🛒薇诺娜（WINONA）熊果苷莹🛒
Jun 14 00:41:02 🈸 🛒奥多金 高速充电数据线 适用于🛒
Jun 14 00:41:02 🈸 🛒LIKEVAM【5双装】男士袜🛒
Jun 14 00:41:03 ----------
Jun 14 00:41:03 ⏳ 等待申请价格保护结果...
Jun 14 00:41:03 ----------
Jun 14 00:41:06 📋 🛒全12册宝宝启蒙认知贴纸书可反🛒 
Jun 14 00:41:06 🔴 申请失败：您好，此商品未发生降价。 
Jun 14 00:41:06 🔴 失败类型:mon1
Jun 14 00:41:06 -----
Jun 14 00:41:06 🧮 本次价格保护金额：0💰
Jun 14 00:41:06 
Jun 14 00:41:06 ***********开始【账号2】jd_rkylFaEIkvBL********
Jun 14 00:41:06 
Jun 14 00:41:06 💥 获得首页面，解析超参数
Jun 14 00:41:06 ----------
Jun 14 00:41:06 🧾 获取所有价格保护列表，排除附件商品
Jun 14 00:41:07 ----------
Jun 14 00:41:07 🗑 删除不符合订单
Jun 14 00:41:07 ----------
Jun 14 00:41:07 🚫 删除商品：🛒薇诺娜（WINONA）熊果苷莹🛒
Jun 14 00:41:07 🚫 删除商品：🛒狼道+人性的弱点+鬼谷子+墨菲🛒
Jun 14 00:41:07 🚫 删除商品：🛒【顺丰快递】山东烟台栖霞红富士🛒
Jun 14 00:41:07 🚫 删除商品：🛒【京喜工厂】拉蒜器迷你家用捣姜🛒
Jun 14 00:41:07 🚫 删除商品：🛒【官方自营】正版现货 斗罗大陆🛒
Jun 14 00:41:07 🚫 删除商品：🛒集南鲜 坏果包赔服务 坏果包赔🛒
Jun 14 00:41:07 🚫 删除商品：🛒【京喜农场】金冠 黑糖话梅糖 🛒
Jun 14 00:41:07 🚫 删除商品：🛒7天无理由退换货，本店所有产品🛒
Jun 14 00:41:07 🚫 删除商品：🛒卡姿兰口红礼盒不易掉色 金致胶🛒
Jun 14 00:41:07 🚫 删除商品：🛒【京喜工厂】黑人牙膏双重薄荷清🛒
Jun 14 00:41:07 🚫 删除商品：🛒第二件特惠 集南鲜 金煌芒青皮🛒
Jun 14 00:41:07 🚫 删除商品：🛒【售后无忧服务】本店所有产品均🛒
Jun 14 00:41:07 ----------
Jun 14 00:41:07 📊 2个商品即将申请价格保护！
Jun 14 00:41:07 ----------
Jun 14 00:41:07 🈸 🛒奥多金 高速充电数据线 适用于🛒
Jun 14 00:41:07 🚫 🛒奥多金 高速充电数据线 适用于🛒 申请失败：1分钟内只能申请一次
Jun 14 00:41:07 🈸 🛒LIKEVAM【5双装】男士袜🛒
Jun 14 00:41:07 🚫 🛒LIKEVAM【5双装】男士袜🛒 申请失败：1分钟内只能申请一次
Jun 14 00:41:07 ----------
Jun 14 00:41:07 ⏳ 等待申请价格保护结果...
Jun 14 00:41:07 ----------
Jun 14 00:41:07 🧮 本次价格保护金额：0💰
Jun 14 00:41:07 
Jun 14 00:41:07 🔔京东保价, 结束! 🕛 6.932 秒
Jun 14 00:41:07 
Jun 14 00:41:08 📋 🛒薇诺娜（WINONA）熊果苷莹🛒 
Jun 14 00:41:08 🔴 申请失败：您好，此商品卖家尚未开通价保服务，暂无法申请价保，谢谢！ 
Jun 14 00:41:08 🔴 失败类型:sku4
Jun 14 00:41:08 -----
Jun 14 00:41:08 📋 🛒奥多金 高速充电数据线 适用于🛒 
Jun 14 00:41:08 🔴 申请失败：您好，此商品未发生降价。 
Jun 14 00:41:08 🔴 失败类型:mon1
Jun 14 00:41:08 -----
Jun 14 00:41:08 📋 🛒LIKEVAM【5双装】男士袜🛒 
Jun 14 00:41:08 🔴 申请失败：您好，此商品未发生降价。 
Jun 14 00:41:08 🔴 失败类型:mon1
Jun 14 00:41:08 -----
Jun 14 00:41:08 🧮 本次价格保护金额：0💰
Jun 14 00:41:08 
Jun 14 00:41:08 🔔京东保价, 结束! 🕛 7.45 秒
Jun 14 00:41:08 
Jun 14 11:41:00 
Jun 14 11:41:00 🔔京东保价, 开始!
Jun 14 11:41:00 
Jun 14 11:41:00 🔔京东保价, 开始!
Jun 14 11:41:00 您的cookie选择的是用&隔开
Jun 14 11:41:00 
Jun 14 11:41:00 
Jun 14 11:41:00 ====================共有2个京东账号Cookie=========
Jun 14 11:41:00 
Jun 14 11:41:00 您的cookie选择的是用&隔开
Jun 14 11:41:00 
Jun 14 11:41:00 
Jun 14 11:41:00 ====================共有2个京东账号Cookie=========
Jun 14 11:41:00 
Jun 14 11:41:00 ==================脚本执行- 北京时间(UTC+8)：6/14/2021, 11:41:00 AM=====================
Jun 14 11:41:00 
Jun 14 11:41:00 ==================脚本执行- 北京时间(UTC+8)：6/14/2021, 11:41:00 AM=====================
Jun 14 11:41:00 
Jun 14 11:41:01 
Jun 14 11:41:01 ***********开始【账号1】lman87********
Jun 14 11:41:01 
Jun 14 11:41:01 💥 获得首页面，解析超参数
Jun 14 11:41:01 
Jun 14 11:41:01 ***********开始【账号1】lman87********
Jun 14 11:41:01 
Jun 14 11:41:01 💥 获得首页面，解析超参数
Jun 14 11:41:01 ----------
Jun 14 11:41:01 🧾 获取所有价格保护列表，排除附件商品
Jun 14 11:41:01 ----------
Jun 14 11:41:01 🧾 获取所有价格保护列表，排除附件商品
Jun 14 11:41:01 ----------
Jun 14 11:41:01 🗑 删除不符合订单
Jun 14 11:41:01 ----------
Jun 14 11:41:01 ----------
Jun 14 11:41:01 🗑 删除不符合订单
Jun 14 11:41:01 ----------
Jun 14 11:41:01 🚫 删除商品：🛒悦心可 可擦手围裙女罩衣防水防🛒
Jun 14 11:41:01 🚫 删除商品：🛒波司登春季新款2021女式轻薄🛒
Jun 14 11:41:01 🚫 删除商品：🛒科迪旗舰店原生牧场枕科迪纯牛奶🛒
Jun 14 11:41:01 🚫 删除商品：🛒【京喜工厂】舒客成人防蛀固齿健🛒
Jun 14 11:41:01 🚫 删除商品：🛒科迪旗舰店原生牧场枕科迪纯牛奶🛒
Jun 14 11:41:01 🚫 删除商品：🛒SAKURA ST日本进口护肤🛒
Jun 14 11:41:01 🚫 删除商品：🛒悦心可正品保障 正品保障🛒
Jun 14 11:41:01 🚫 删除商品：🛒三元（SAN YUAN）小方白🛒
Jun 14 11:41:01 🚫 删除商品：🛒港莎2条装女士内裤抗菌内裤女中🛒
Jun 14 11:41:01 🚫 删除商品：🛒【京喜工厂】悦心可双层镂空沥水🛒
Jun 14 11:41:01 🚫 删除商品：🛒轻松学编程 马敏 田钰 中国科🛒
Jun 14 11:41:01 🚫 删除商品：🛒港莎2条装女士内裤抗菌内裤女中🛒
Jun 14 11:41:01 🚫 删除商品：🛒SAKURA ST日本进口护肤🛒
Jun 14 11:41:01 🚫 删除商品：🛒豫志 特精粉面粉2.5kg 通🛒
Jun 14 11:41:01 ----------
Jun 14 11:41:01 📊 1个商品即将申请价格保护！
Jun 14 11:41:01 ----------
Jun 14 11:41:01 🈸 🛒全12册宝宝启蒙认知贴纸书可反🛒
Jun 14 11:41:01 🚫 删除商品：🛒悦心可正品保障 正品保障🛒
Jun 14 11:41:01 🚫 删除商品：🛒波司登春季新款2021女式轻薄🛒
Jun 14 11:41:01 🚫 删除商品：🛒【京喜工厂】悦心可双层镂空沥水🛒
Jun 14 11:41:01 🚫 删除商品：🛒三元（SAN YUAN）小方白🛒
Jun 14 11:41:01 🚫 删除商品：🛒轻松学编程 马敏 田钰 中国科🛒
Jun 14 11:41:01 🚫 删除商品：🛒【京喜工厂】舒客成人防蛀固齿健🛒
Jun 14 11:41:01 🚫 删除商品：🛒科迪旗舰店原生牧场枕科迪纯牛奶🛒
Jun 14 11:41:01 🚫 删除商品：🛒悦心可 可擦手围裙女罩衣防水防🛒
Jun 14 11:41:01 🚫 删除商品：🛒科迪旗舰店原生牧场枕科迪纯牛奶🛒
Jun 14 11:41:01 🚫 删除商品：🛒豫志 特精粉面粉2.5kg 通🛒
Jun 14 11:41:01 ----------
Jun 14 11:41:01 📊 1个商品即将申请价格保护！
Jun 14 11:41:01 ----------
Jun 14 11:41:01 🈸 🛒全12册宝宝启蒙认知贴纸书可反🛒
Jun 14 11:41:01 🚫 🛒全12册宝宝启蒙认知贴纸书可反🛒 申请失败：1分钟内只能申请一次
Jun 14 11:41:01 ----------
Jun 14 11:41:01 ⏳ 等待申请价格保护结果...
Jun 14 11:41:01 ----------
Jun 14 11:41:01 ----------
Jun 14 11:41:01 ⏳ 等待申请价格保护结果...
Jun 14 11:41:01 ----------
Jun 14 11:41:01 🧮 本次价格保护金额：0💰
Jun 14 11:41:01 
Jun 14 11:41:01 ***********开始【账号2】jd_rkylFaEIkvBL********
Jun 14 11:41:01 
Jun 14 11:41:01 💥 获得首页面，解析超参数
Jun 14 11:41:01 ----------
Jun 14 11:41:01 🧾 获取所有价格保护列表，排除附件商品
Jun 14 11:41:02 ----------
Jun 14 11:41:02 🗑 删除不符合订单
Jun 14 11:41:02 ----------
Jun 14 11:41:02 🚫 删除商品：🛒薇诺娜（WINONA）熊果苷莹🛒
Jun 14 11:41:02 🚫 删除商品：🛒7天无理由退换货，本店所有产品🛒
Jun 14 11:41:02 🚫 删除商品：🛒【京喜工厂】拉蒜器迷你家用捣姜🛒
Jun 14 11:41:02 🚫 删除商品：🛒【京喜工厂】黑人牙膏双重薄荷清🛒
Jun 14 11:41:02 🚫 删除商品：🛒【京喜农场】金冠 黑糖话梅糖 🛒
Jun 14 11:41:02 🚫 删除商品：🛒卡姿兰口红礼盒不易掉色 金致胶🛒
Jun 14 11:41:02 🚫 删除商品：🛒狼道+人性的弱点+鬼谷子+墨菲🛒
Jun 14 11:41:02 🚫 删除商品：🛒集南鲜 坏果包赔服务 坏果包赔🛒
Jun 14 11:41:02 🚫 删除商品：🛒【官方自营】正版现货 斗罗大陆🛒
Jun 14 11:41:02 🚫 删除商品：🛒【售后无忧服务】本店所有产品均🛒
Jun 14 11:41:02 🚫 删除商品：🛒第2件4.9 集南鲜 金煌芒青🛒
Jun 14 11:41:02 🚫 删除商品：🛒【顺丰快递】山东烟台栖霞红富士🛒
Jun 14 11:41:02 ----------
Jun 14 11:41:02 📊 2个商品即将申请价格保护！
Jun 14 11:41:02 ----------
Jun 14 11:41:02 🈸 🛒奥多金 高速充电数据线 适用于🛒
Jun 14 11:41:02 🈸 🛒LIKEVAM【5双装】男士袜🛒
Jun 14 11:41:02 ----------
Jun 14 11:41:02 ⏳ 等待申请价格保护结果...
Jun 14 11:41:02 ----------
Jun 14 11:41:06 📋 🛒全12册宝宝启蒙认知贴纸书可反🛒 
Jun 14 11:41:06 🔴 申请失败：您好，此商品未发生降价。 
Jun 14 11:41:06 🔴 失败类型:mon1
Jun 14 11:41:06 -----
Jun 14 11:41:06 🧮 本次价格保护金额：0💰
Jun 14 11:41:06 
Jun 14 11:41:06 ***********开始【账号2】jd_rkylFaEIkvBL********
Jun 14 11:41:06 
Jun 14 11:41:06 💥 获得首页面，解析超参数
Jun 14 11:41:06 ----------
Jun 14 11:41:06 🧾 获取所有价格保护列表，排除附件商品
Jun 14 11:41:07 ----------
Jun 14 11:41:07 🗑 删除不符合订单
Jun 14 11:41:07 ----------
Jun 14 11:41:07 🚫 删除商品：🛒卡姿兰口红礼盒不易掉色 金致胶🛒
Jun 14 11:41:07 🚫 删除商品：🛒7天无理由退换货，本店所有产品🛒
Jun 14 11:41:07 🚫 删除商品：🛒【售后无忧服务】本店所有产品均🛒
Jun 14 11:41:07 🚫 删除商品：🛒薇诺娜（WINONA）熊果苷莹🛒
Jun 14 11:41:07 🚫 删除商品：🛒【顺丰快递】山东烟台栖霞红富士🛒
Jun 14 11:41:07 🚫 删除商品：🛒【京喜工厂】拉蒜器迷你家用捣姜🛒
Jun 14 11:41:07 🚫 删除商品：🛒【京喜工厂】黑人牙膏双重薄荷清🛒
Jun 14 11:41:07 🚫 删除商品：🛒狼道+人性的弱点+鬼谷子+墨菲🛒
Jun 14 11:41:07 🚫 删除商品：🛒【京喜农场】金冠 黑糖话梅糖 🛒
Jun 14 11:41:07 🚫 删除商品：🛒第2件4.9 集南鲜 金煌芒青🛒
Jun 14 11:41:07 🚫 删除商品：🛒【官方自营】正版现货 斗罗大陆🛒
Jun 14 11:41:07 🚫 删除商品：🛒集南鲜 坏果包赔服务 坏果包赔🛒
Jun 14 11:41:07 ----------
Jun 14 11:41:07 📊 2个商品即将申请价格保护！
Jun 14 11:41:07 ----------
Jun 14 11:41:07 🈸 🛒奥多金 高速充电数据线 适用于🛒
Jun 14 11:41:07 🚫 🛒奥多金 高速充电数据线 适用于🛒 申请失败：1分钟内只能申请一次
Jun 14 11:41:07 🈸 🛒LIKEVAM【5双装】男士袜🛒
Jun 14 11:41:07 🚫 🛒LIKEVAM【5双装】男士袜🛒 申请失败：1分钟内只能申请一次
Jun 14 11:41:07 ----------
Jun 14 11:41:07 ⏳ 等待申请价格保护结果...
Jun 14 11:41:07 ----------
Jun 14 11:41:07 🧮 本次价格保护金额：0💰
Jun 14 11:41:07 
Jun 14 11:41:07 🔔京东保价, 结束! 🕛 6.91 秒
Jun 14 11:41:07 
Jun 14 11:41:07 📋 🛒奥多金 高速充电数据线 适用于🛒 
Jun 14 11:41:07 🔴 申请失败：您好，此商品未发生降价。 
Jun 14 11:41:07 🔴 失败类型:mon1
Jun 14 11:41:07 -----
Jun 14 11:41:07 📋 🛒LIKEVAM【5双装】男士袜🛒 
Jun 14 11:41:07 🔴 申请失败：您好，此商品未发生降价。 
Jun 14 11:41:07 🔴 失败类型:mon1
Jun 14 11:41:07 -----
Jun 14 11:41:07 🧮 本次价格保护金额：0💰
Jun 14 11:41:07 
Jun 14 11:41:07 🔔京东保价, 结束! 🕛 7.066 秒
Jun 14 11:41:07 
Jun 15 00:41:00 
Jun 15 00:41:00 🔔京东保价, 开始!
Jun 15 00:41:00 
Jun 15 00:41:00 🔔京东保价, 开始!
Jun 15 00:41:00 您的cookie选择的是用&隔开
Jun 15 00:41:00 
Jun 15 00:41:00 
Jun 15 00:41:00 ====================共有2个京东账号Cookie=========
Jun 15 00:41:00 
Jun 15 00:41:00 您的cookie选择的是用&隔开
Jun 15 00:41:00 
Jun 15 00:41:00 
Jun 15 00:41:00 ====================共有2个京东账号Cookie=========
Jun 15 00:41:00 
Jun 15 00:41:00 ==================脚本执行- 北京时间(UTC+8)：6/15/2021, 12:41:00 AM=====================
Jun 15 00:41:00 
Jun 15 00:41:00 ==================脚本执行- 北京时间(UTC+8)：6/15/2021, 12:41:00 AM=====================
Jun 15 00:41:00 
Jun 15 00:41:00 
Jun 15 00:41:00 ***********开始【账号1】lman87********
Jun 15 00:41:00 
Jun 15 00:41:00 💥 获得首页面，解析超参数
Jun 15 00:41:00 
Jun 15 00:41:00 ***********开始【账号1】lman87********
Jun 15 00:41:00 
Jun 15 00:41:00 💥 获得首页面，解析超参数
Jun 15 00:41:00 ----------
Jun 15 00:41:00 🧾 获取所有价格保护列表，排除附件商品
Jun 15 00:41:00 ----------
Jun 15 00:41:00 🧾 获取所有价格保护列表，排除附件商品
Jun 15 00:41:01 ----------
Jun 15 00:41:01 🗑 删除不符合订单
Jun 15 00:41:01 ----------
Jun 15 00:41:01 ----------
Jun 15 00:41:01 🗑 删除不符合订单
Jun 15 00:41:01 ----------
Jun 15 00:41:01 🚫 删除商品：🛒港莎2条装女士内裤抗菌内裤女中🛒
Jun 15 00:41:01 🚫 删除商品：🛒豫志 特精粉面粉2.5kg 通🛒
Jun 15 00:41:01 🚫 删除商品：🛒SAKURA ST日本进口护肤🛒
Jun 15 00:41:01 🚫 删除商品：🛒科迪旗舰店原生牧场枕科迪纯牛奶🛒
Jun 15 00:41:01 🚫 删除商品：🛒SAKURA ST日本进口护肤🛒
Jun 15 00:41:01 🚫 删除商品：🛒科迪旗舰店原生牧场枕科迪纯牛奶🛒
Jun 15 00:41:01 🚫 删除商品：🛒悦心可正品保障 正品保障🛒
Jun 15 00:41:01 🚫 删除商品：🛒【京喜工厂】舒客成人防蛀固齿健🛒
Jun 15 00:41:01 🚫 删除商品：🛒波司登春季新款2021女式轻薄🛒
Jun 15 00:41:01 🚫 删除商品：🛒悦心可 可擦手围裙女罩衣防水防🛒
Jun 15 00:41:01 🚫 删除商品：🛒轻松学编程 马敏 田钰 中国科🛒
Jun 15 00:41:01 🚫 删除商品：🛒【京喜工厂】悦心可双层镂空沥水🛒
Jun 15 00:41:01 🚫 删除商品：🛒三元（SAN YUAN）小方白🛒
Jun 15 00:41:01 ----------
Jun 15 00:41:01 📊 1个商品即将申请价格保护！
Jun 15 00:41:01 ----------
Jun 15 00:41:01 🈸 🛒全12册宝宝启蒙认知贴纸书可反🛒
Jun 15 00:41:01 🚫 删除商品：🛒波司登春季新款2021女式轻薄🛒
Jun 15 00:41:01 🚫 删除商品：🛒轻松学编程 马敏 田钰 中国科🛒
Jun 15 00:41:01 🚫 删除商品：🛒港莎2条装女士内裤抗菌内裤女中🛒
Jun 15 00:41:01 🚫 删除商品：🛒悦心可正品保障 正品保障🛒
Jun 15 00:41:01 🚫 删除商品：🛒科迪旗舰店原生牧场枕科迪纯牛奶🛒
Jun 15 00:41:01 🚫 删除商品：🛒豫志 特精粉面粉2.5kg 通🛒
Jun 15 00:41:01 🚫 删除商品：🛒悦心可 可擦手围裙女罩衣防水防🛒
Jun 15 00:41:01 🚫 删除商品：🛒【京喜工厂】悦心可双层镂空沥水🛒
Jun 15 00:41:01 🚫 删除商品：🛒科迪旗舰店原生牧场枕科迪纯牛奶🛒
Jun 15 00:41:01 🚫 删除商品：🛒【京喜工厂】舒客成人防蛀固齿健🛒
Jun 15 00:41:01 🚫 删除商品：🛒三元（SAN YUAN）小方白🛒
Jun 15 00:41:01 ----------
Jun 15 00:41:01 📊 1个商品即将申请价格保护！
Jun 15 00:41:01 ----------
Jun 15 00:41:01 🈸 🛒全12册宝宝启蒙认知贴纸书可反🛒
Jun 15 00:41:01 🚫 🛒全12册宝宝启蒙认知贴纸书可反🛒 申请失败：尊敬的顾客您好，商品价保1分钟内只可申请一次!
Jun 15 00:41:01 ----------
Jun 15 00:41:01 ⏳ 等待申请价格保护结果...
Jun 15 00:41:01 ----------
Jun 15 00:41:01 🧮 本次价格保护金额：0💰
Jun 15 00:41:01 ----------
Jun 15 00:41:01 ⏳ 等待申请价格保护结果...
Jun 15 00:41:01 ----------
Jun 15 00:41:01 
Jun 15 00:41:01 ***********开始【账号2】jd_rkylFaEIkvBL********
Jun 15 00:41:01 
Jun 15 00:41:01 💥 获得首页面，解析超参数
Jun 15 00:41:01 ----------
Jun 15 00:41:01 🧾 获取所有价格保护列表，排除附件商品
Jun 15 00:41:01 ----------
Jun 15 00:41:01 🗑 删除不符合订单
Jun 15 00:41:01 ----------
Jun 15 00:41:01 🚫 删除商品：🛒第2件4.9 集南鲜 金煌芒青🛒
Jun 15 00:41:01 🚫 删除商品：🛒【京喜农场】金冠 黑糖话梅糖 🛒
Jun 15 00:41:01 🚫 删除商品：🛒狼道+人性的弱点+鬼谷子+墨菲🛒
Jun 15 00:41:01 🚫 删除商品：🛒卡姿兰口红礼盒不易掉色 金致胶🛒
Jun 15 00:41:01 🚫 删除商品：🛒【京喜工厂】黑人牙膏双重薄荷清🛒
Jun 15 00:41:01 🚫 删除商品：🛒7天无理由退换货，本店所有产品🛒
Jun 15 00:41:01 🚫 删除商品：🛒【官方自营】正版现货 斗罗大陆🛒
Jun 15 00:41:01 🚫 删除商品：🛒【京喜工厂】拉蒜器迷你家用捣姜🛒
Jun 15 00:41:01 🚫 删除商品：🛒【顺丰快递】山东烟台栖霞红富士🛒
Jun 15 00:41:01 🚫 删除商品：🛒薇诺娜（WINONA）熊果苷莹🛒
Jun 15 00:41:01 🚫 删除商品：🛒集南鲜 坏果包赔服务 坏果包赔🛒
Jun 15 00:41:01 🚫 删除商品：🛒【售后无忧服务】本店所有产品均🛒
Jun 15 00:41:01 ----------
Jun 15 00:41:01 📊 2个商品即将申请价格保护！
Jun 15 00:41:01 ----------
Jun 15 00:41:01 🈸 🛒奥多金 高速充电数据线 适用于🛒
Jun 15 00:41:02 🈸 🛒LIKEVAM【5双装】男士袜🛒
Jun 15 00:41:02 ----------
Jun 15 00:41:02 ⏳ 等待申请价格保护结果...
Jun 15 00:41:02 ----------
Jun 15 00:41:06 📋 🛒全12册宝宝启蒙认知贴纸书可反🛒 
Jun 15 00:41:06 🔴 申请失败：您好，此商品未发生降价。 
Jun 15 00:41:06 🔴 失败类型:mon1
Jun 15 00:41:06 -----
Jun 15 00:41:06 🧮 本次价格保护金额：0💰
Jun 15 00:41:06 
Jun 15 00:41:06 ***********开始【账号2】jd_rkylFaEIkvBL********
Jun 15 00:41:06 
Jun 15 00:41:06 💥 获得首页面，解析超参数
Jun 15 00:41:06 ----------
Jun 15 00:41:06 🧾 获取所有价格保护列表，排除附件商品
Jun 15 00:41:06 ----------
Jun 15 00:41:06 🗑 删除不符合订单
Jun 15 00:41:06 ----------
Jun 15 00:41:06 🚫 删除商品：🛒薇诺娜（WINONA）熊果苷莹🛒
Jun 15 00:41:06 🚫 删除商品：🛒【官方自营】正版现货 斗罗大陆🛒
Jun 15 00:41:06 🚫 删除商品：🛒【京喜工厂】黑人牙膏双重薄荷清🛒
Jun 15 00:41:06 🚫 删除商品：🛒奥多金 高速充电数据线 适用于🛒
Jun 15 00:41:06 🚫 删除商品：🛒【顺丰快递】山东烟台栖霞红富士🛒
Jun 15 00:41:06 🚫 删除商品：🛒7天无理由退换货，本店所有产品🛒
Jun 15 00:41:06 🚫 删除商品：🛒卡姿兰口红礼盒不易掉色 金致胶🛒
Jun 15 00:41:06 🚫 删除商品：🛒集南鲜 坏果包赔服务 坏果包赔🛒
Jun 15 00:41:06 🚫 删除商品：🛒【京喜农场】金冠 黑糖话梅糖 🛒
Jun 15 00:41:06 🚫 删除商品：🛒【京喜工厂】拉蒜器迷你家用捣姜🛒
Jun 15 00:41:06 🚫 删除商品：🛒第2件4.9 集南鲜 金煌芒青🛒
Jun 15 00:41:06 🚫 删除商品：🛒狼道+人性的弱点+鬼谷子+墨菲🛒
Jun 15 00:41:06 🚫 删除商品：🛒【售后无忧服务】本店所有产品均🛒
Jun 15 00:41:06 ----------
Jun 15 00:41:06 📊 1个商品即将申请价格保护！
Jun 15 00:41:06 ----------
Jun 15 00:41:06 🈸 🛒LIKEVAM【5双装】男士袜🛒
Jun 15 00:41:06 🚫 🛒LIKEVAM【5双装】男士袜🛒 申请失败：1分钟内只能申请一次
Jun 15 00:41:07 ----------
Jun 15 00:41:07 ⏳ 等待申请价格保护结果...
Jun 15 00:41:07 ----------
Jun 15 00:41:07 🧮 本次价格保护金额：0💰
Jun 15 00:41:07 
Jun 15 00:41:07 🔔京东保价, 结束! 🕛 6.59 秒
Jun 15 00:41:07 
Jun 15 00:41:07 📋 🛒奥多金 高速充电数据线 适用于🛒 
Jun 15 00:41:07 🔴 申请失败：该商品为热销商品，已无货，不支持价保。 
Jun 15 00:41:07 🔴 失败类型:sku3
Jun 15 00:41:07 -----
Jun 15 00:41:07 📋 🛒LIKEVAM【5双装】男士袜🛒 
Jun 15 00:41:07 🔴 申请失败：您好，此商品未发生降价。 
Jun 15 00:41:07 🔴 失败类型:mon1
Jun 15 00:41:07 -----
Jun 15 00:41:07 🧮 本次价格保护金额：0💰
Jun 15 00:41:07 
Jun 15 00:41:07 🔔京东保价, 结束! 🕛 6.998 秒
Jun 15 00:41:07 
Jun 15 11:41:00 
Jun 15 11:41:00 🔔京东保价, 开始!
Jun 15 11:41:00 
Jun 15 11:41:00 🔔京东保价, 开始!
Jun 15 11:41:00 您的cookie选择的是用&隔开
Jun 15 11:41:00 
Jun 15 11:41:00 
Jun 15 11:41:00 ====================共有2个京东账号Cookie=========
Jun 15 11:41:00 
Jun 15 11:41:00 您的cookie选择的是用&隔开
Jun 15 11:41:00 
Jun 15 11:41:00 
Jun 15 11:41:00 ====================共有2个京东账号Cookie=========
Jun 15 11:41:00 
Jun 15 11:41:00 ==================脚本执行- 北京时间(UTC+8)：6/15/2021, 11:41:00 AM=====================
Jun 15 11:41:00 
Jun 15 11:41:00 ==================脚本执行- 北京时间(UTC+8)：6/15/2021, 11:41:00 AM=====================
Jun 15 11:41:00 
Jun 15 11:41:00 
Jun 15 11:41:00 ***********开始【账号1】lman87********
Jun 15 11:41:00 
Jun 15 11:41:00 💥 获得首页面，解析超参数
Jun 15 11:41:00 
Jun 15 11:41:00 ***********开始【账号1】lman87********
Jun 15 11:41:00 
Jun 15 11:41:00 💥 获得首页面，解析超参数
Jun 15 11:41:00 ----------
Jun 15 11:41:00 🧾 获取所有价格保护列表，排除附件商品
Jun 15 11:41:00 ----------
Jun 15 11:41:00 🧾 获取所有价格保护列表，排除附件商品
Jun 15 11:41:00 ----------
Jun 15 11:41:00 🗑 删除不符合订单
Jun 15 11:41:00 ----------
Jun 15 11:41:00 ----------
Jun 15 11:41:00 🗑 删除不符合订单
Jun 15 11:41:00 ----------
Jun 15 11:41:00 🚫 删除商品：🛒【京喜工厂】舒客成人防蛀固齿健🛒
Jun 15 11:41:00 🚫 删除商品：🛒悦心可正品保障 正品保障🛒
Jun 15 11:41:00 🚫 删除商品：🛒【京喜工厂】悦心可双层镂空沥水🛒
Jun 15 11:41:00 🚫 删除商品：🛒科迪旗舰店原生牧场枕科迪纯牛奶🛒
Jun 15 11:41:00 🚫 删除商品：🛒豫志 特精粉面粉2.5kg 通🛒
Jun 15 11:41:00 🚫 删除商品：🛒波司登春季新款2021女式轻薄🛒
Jun 15 11:41:00 🚫 删除商品：🛒轻松学编程 马敏 田钰 中国科🛒
Jun 15 11:41:00 🚫 删除商品：🛒港莎2条装女士内裤抗菌内裤女中🛒
Jun 15 11:41:00 🚫 删除商品：🛒SAKURA ST日本进口护肤🛒
Jun 15 11:41:00 🚫 删除商品：🛒科迪旗舰店原生牧场枕科迪纯牛奶🛒
Jun 15 11:41:00 🚫 删除商品：🛒悦心可 可擦手围裙女罩衣防水防🛒
Jun 15 11:41:00 🚫 删除商品：🛒三元（SAN YUAN）小方白🛒
Jun 15 11:41:00 ----------
Jun 15 11:41:00 📊 1个商品即将申请价格保护！
Jun 15 11:41:00 ----------
Jun 15 11:41:00 🈸 🛒全12册宝宝启蒙认知贴纸书可反🛒
Jun 15 11:41:00 🚫 删除商品：🛒SAKURA ST日本进口护肤🛒
Jun 15 11:41:00 🚫 删除商品：🛒悦心可正品保障 正品保障🛒
Jun 15 11:41:00 🚫 删除商品：🛒三元（SAN YUAN）小方白🛒
Jun 15 11:41:00 🚫 删除商品：🛒港莎2条装女士内裤抗菌内裤女中🛒
Jun 15 11:41:00 🚫 删除商品：🛒豫志 特精粉面粉2.5kg 通🛒
Jun 15 11:41:00 🚫 删除商品：🛒科迪旗舰店原生牧场枕科迪纯牛奶🛒
Jun 15 11:41:00 🚫 删除商品：🛒【京喜工厂】悦心可双层镂空沥水🛒
Jun 15 11:41:00 🚫 删除商品：🛒科迪旗舰店原生牧场枕科迪纯牛奶🛒
Jun 15 11:41:01 🚫 删除商品：🛒轻松学编程 马敏 田钰 中国科🛒
Jun 15 11:41:01 🚫 删除商品：🛒波司登春季新款2021女式轻薄🛒
Jun 15 11:41:01 🚫 删除商品：🛒悦心可 可擦手围裙女罩衣防水防🛒
Jun 15 11:41:01 🚫 删除商品：🛒【京喜工厂】舒客成人防蛀固齿健🛒
Jun 15 11:41:01 ----------
Jun 15 11:41:01 📊 1个商品即将申请价格保护！
Jun 15 11:41:01 ----------
Jun 15 11:41:01 🈸 🛒全12册宝宝启蒙认知贴纸书可反🛒
Jun 15 11:41:01 🚫 🛒全12册宝宝启蒙认知贴纸书可反🛒 申请失败：1分钟内只能申请一次
Jun 15 11:41:01 ----------
Jun 15 11:41:01 ⏳ 等待申请价格保护结果...
Jun 15 11:41:01 ----------
Jun 15 11:41:01 ----------
Jun 15 11:41:01 ⏳ 等待申请价格保护结果...
Jun 15 11:41:01 ----------
Jun 15 11:41:01 🧮 本次价格保护金额：0💰
Jun 15 11:41:01 
Jun 15 11:41:01 ***********开始【账号2】jd_rkylFaEIkvBL********
Jun 15 11:41:01 
Jun 15 11:41:01 💥 获得首页面，解析超参数
Jun 15 11:41:01 ----------
Jun 15 11:41:01 🧾 获取所有价格保护列表，排除附件商品
Jun 15 11:41:01 ----------
Jun 15 11:41:01 🗑 删除不符合订单
Jun 15 11:41:01 ----------
Jun 15 11:41:01 🚫 删除商品：🛒卡姿兰口红礼盒不易掉色 金致胶🛒
Jun 15 11:41:01 🚫 删除商品：🛒薇诺娜（WINONA）熊果苷莹🛒
Jun 15 11:41:01 🚫 删除商品：🛒【京喜工厂】黑人牙膏双重薄荷清🛒
Jun 15 11:41:01 🚫 删除商品：🛒【京喜工厂】拉蒜器迷你家用捣姜🛒
Jun 15 11:41:01 🚫 删除商品：🛒【京喜农场】金冠 黑糖话梅糖 🛒
Jun 15 11:41:01 🚫 删除商品：🛒奥多金 高速充电数据线 适用于🛒
Jun 15 11:41:01 🚫 删除商品：🛒【官方自营】正版现货 斗罗大陆🛒
Jun 15 11:41:01 🚫 删除商品：🛒第2件4.9 集南鲜 金煌芒青🛒
Jun 15 11:41:01 🚫 删除商品：🛒【售后无忧服务】本店所有产品均🛒
Jun 15 11:41:01 🚫 删除商品：🛒7天无理由退换货，本店所有产品🛒
Jun 15 11:41:01 🚫 删除商品：🛒狼道+人性的弱点+鬼谷子+墨菲🛒
Jun 15 11:41:01 🚫 删除商品：🛒集南鲜 坏果包赔服务 坏果包赔🛒
Jun 15 11:41:01 🚫 删除商品：🛒【顺丰快递】山东烟台栖霞红富士🛒
Jun 15 11:41:01 ----------
Jun 15 11:41:01 📊 1个商品即将申请价格保护！
Jun 15 11:41:01 ----------
Jun 15 11:41:01 🈸 🛒LIKEVAM【5双装】男士袜🛒
Jun 15 11:41:02 ----------
Jun 15 11:41:02 ⏳ 等待申请价格保护结果...
Jun 15 11:41:02 ----------
Jun 15 11:41:06 📋 🛒全12册宝宝启蒙认知贴纸书可反🛒 
Jun 15 11:41:06 🔴 申请失败：您好，此商品未发生降价。 
Jun 15 11:41:06 🔴 失败类型:mon1
Jun 15 11:41:06 -----
Jun 15 11:41:06 🧮 本次价格保护金额：0💰
Jun 15 11:41:06 
Jun 15 11:41:06 ***********开始【账号2】jd_rkylFaEIkvBL********
Jun 15 11:41:06 
Jun 15 11:41:06 💥 获得首页面，解析超参数
Jun 15 11:41:06 ----------
Jun 15 11:41:06 🧾 获取所有价格保护列表，排除附件商品
Jun 15 11:41:06 ----------
Jun 15 11:41:06 🗑 删除不符合订单
Jun 15 11:41:06 ----------
Jun 15 11:41:06 🚫 删除商品：🛒卡姿兰口红礼盒不易掉色 金致胶🛒
Jun 15 11:41:06 🚫 删除商品：🛒【官方自营】正版现货 斗罗大陆🛒
Jun 15 11:41:06 🚫 删除商品：🛒狼道+人性的弱点+鬼谷子+墨菲🛒
Jun 15 11:41:06 🚫 删除商品：🛒【顺丰快递】山东烟台栖霞红富士🛒
Jun 15 11:41:06 🚫 删除商品：🛒7天无理由退换货，本店所有产品🛒
Jun 15 11:41:06 🚫 删除商品：🛒【京喜农场】金冠 黑糖话梅糖 🛒
Jun 15 11:41:06 🚫 删除商品：🛒【售后无忧服务】本店所有产品均🛒
Jun 15 11:41:06 🚫 删除商品：🛒集南鲜 坏果包赔服务 坏果包赔🛒
Jun 15 11:41:06 🚫 删除商品：🛒【京喜工厂】黑人牙膏双重薄荷清🛒
Jun 15 11:41:06 🚫 删除商品：🛒【京喜工厂】拉蒜器迷你家用捣姜🛒
Jun 15 11:41:06 🚫 删除商品：🛒奥多金 高速充电数据线 适用于🛒
Jun 15 11:41:06 🚫 删除商品：🛒第2件4.9 集南鲜 金煌芒青🛒
Jun 15 11:41:06 🚫 删除商品：🛒薇诺娜（WINONA）熊果苷莹🛒
Jun 15 11:41:06 ----------
Jun 15 11:41:06 📊 1个商品即将申请价格保护！
Jun 15 11:41:06 ----------
Jun 15 11:41:06 🈸 🛒LIKEVAM【5双装】男士袜🛒
Jun 15 11:41:06 🚫 🛒LIKEVAM【5双装】男士袜🛒 申请失败：1分钟内只能申请一次
Jun 15 11:41:07 📋 🛒LIKEVAM【5双装】男士袜🛒 
Jun 15 11:41:07 🔴 申请失败：您好，此商品未发生降价。 
Jun 15 11:41:07 🔴 失败类型:mon1
Jun 15 11:41:07 -----
Jun 15 11:41:07 🧮 本次价格保护金额：0💰
Jun 15 11:41:07 
Jun 15 11:41:07 🔔京东保价, 结束! 🕛 6.618 秒
Jun 15 11:41:07 
Jun 15 11:41:07 ----------
Jun 15 11:41:07 ⏳ 等待申请价格保护结果...
Jun 15 11:41:07 ----------
Jun 15 11:41:07 🧮 本次价格保护金额：0💰
Jun 15 11:41:07 
Jun 15 11:41:07 🔔京东保价, 结束! 🕛 6.643 秒
Jun 15 11:41:07 
