Jun 14 01:21:00 
Jun 14 01:21:00 🔔京东极速版, 开始!
Jun 14 01:21:00 
Jun 14 01:21:00 🔔京东极速版, 开始!
Jun 14 01:21:00 您的cookie选择的是用&隔开
Jun 14 01:21:00 
Jun 14 01:21:00 
Jun 14 01:21:00 ====================共有2个京东账号Cookie=========
Jun 14 01:21:00 
Jun 14 01:21:00 您的cookie选择的是用&隔开
Jun 14 01:21:00 
Jun 14 01:21:00 
Jun 14 01:21:00 ====================共有2个京东账号Cookie=========
Jun 14 01:21:00 
Jun 14 01:21:00 ==================脚本执行- 北京时间(UTC+8)：6/14/2021, 1:21:00 AM=====================
Jun 14 01:21:00 
Jun 14 01:21:00 ==================脚本执行- 北京时间(UTC+8)：6/14/2021, 1:21:00 AM=====================
Jun 14 01:21:00 
Jun 14 01:21:00 
Jun 14 01:21:00 ******开始【京东账号1】lman87*********
Jun 14 01:21:00 
Jun 14 01:21:00 
Jun 14 01:21:00 ******开始【京东账号1】lman87*********
Jun 14 01:21:00 
Jun 14 01:21:00 京东极速版 API请求失败，请检查网路重试
Jun 14 01:21:00 京东极速版 API请求失败，请检查网路重试
Jun 14 01:21:00 【幸运大转盘】剩余抽奖机会：2
Jun 14 01:21:00 【幸运大转盘】剩余抽奖机会：2
Jun 14 01:21:00 幸运大转盘抽奖获得：空气
Jun 14 01:21:00 幸运大转盘抽奖获得：【19-10福利神券-老人】
Jun 14 01:21:00 
Jun 14 01:21:01 幸运大转盘抽奖获得：空气
Jun 14 01:21:01 幸运大转盘抽奖获得：【28-10福利神券-老人】
Jun 14 01:21:01 
Jun 14 01:21:01 去做任务转盘抽奖逛会场
Jun 14 01:21:01 去做任务转盘抽奖逛会场
Jun 14 01:21:01 {"success":false,"code":1002,"errMsg":"获取锁失败","data":null}
Jun 14 01:21:01 任务完成成功
Jun 14 01:21:01 【幸运大转盘】剩余抽奖机会：1
Jun 14 01:21:01 【幸运大转盘】剩余抽奖机会：1
Jun 14 01:21:01 幸运大转盘抽奖获得：空气
Jun 14 01:21:02 幸运大转盘抽奖获得：【undefined-0.50undefined】
Jun 14 01:21:02 
Jun 14 01:21:02 签到失败，频繁点击
Jun 14 01:21:02 签到获得0.10现金，共计获得7.98
Jun 14 01:21:02 逛商品赚金币已完成
Jun 14 01:21:02 逛活动赚金币已完成
Jun 14 01:21:02 看视频赚金币已完成
Jun 14 01:21:02 逛商品赚金币已完成
Jun 14 01:21:02 逛活动赚金币已完成
Jun 14 01:21:02 看视频赚金币已完成
Jun 14 01:21:02 邀好友赚金币任务完成成功，预计获得60金币
Jun 14 01:21:02 任务完成失败，系统繁忙
Jun 14 01:21:03 拆红包得现金任务完成成功，预计获得60金币
Jun 14 01:21:03 任务完成失败，系统繁忙
Jun 14 01:21:04 任务完成失败，系统繁忙
Jun 14 01:21:04 省钱大赢家任务完成成功，预计获得60金币
Jun 14 01:21:05 签到提现任务完成成功，预计获得60金币
Jun 14 01:21:05 任务完成失败，系统繁忙
Jun 14 01:21:06Jun 14 01:21:06 东东爱消除任务完成成功，预计获得60金币
 任务完成失败，系统繁忙
Jun 14 01:21:07 购券抽大奖任务完成成功，预计获得60金币
Jun 14 01:21:07 任务完成失败，系统繁忙
Jun 14 01:21:08 任务完成失败，系统繁忙
Jun 14 01:21:08 幸运转盘任务完成成功，预计获得60金币
Jun 14 01:21:10 现金签到任务完成成功，预计获得60金币
Jun 14 01:21:10 任务完成失败，系统繁忙
Jun 14 01:21:11 任务完成失败，系统繁忙
Jun 14 01:21:11 推推赚大钱任务完成成功，预计获得60金币
Jun 14 01:21:12 天天抽奖任务完成成功，预计获得60金币
Jun 14 01:21:12 任务完成失败，当前任务已完成
Jun 14 01:21:13 任务完成失败，系统繁忙
Jun 14 01:21:13 水果免费领任务完成成功，预计获得60金币
Jun 14 01:21:14 砍价免费拿任务完成成功，预计获得60金币
Jun 14 01:21:14 任务完成失败，当前任务已完成
Jun 14 01:21:15 气泡收取失败，活动太火爆，请稍后再试
Jun 14 01:21:15 气泡收取成功，获得60金币
Jun 14 01:21:15 气泡收取失败，该笔金币已领取，请刷新页面
Jun 14 01:21:15 气泡收取成功，获得60金币
Jun 14 01:21:16 气泡收取失败，活动太火爆，请稍后再试
Jun 14 01:21:16 气泡收取成功，获得60金币
Jun 14 01:21:16 气泡收取失败，活动太火爆，请稍后再试
Jun 14 01:21:16 气泡收取成功，获得60金币
Jun 14 01:21:17 气泡收取失败，活动太火爆，请稍后再试
Jun 14 01:21:17 气泡收取成功，获得60金币
Jun 14 01:21:18 气泡收取失败，活动太火爆，请稍后再试
Jun 14 01:21:18 气泡收取成功，获得60金币
Jun 14 01:21:18 气泡收取失败，活动太火爆，请稍后再试
Jun 14 01:21:18 气泡收取成功，获得60金币
Jun 14 01:21:19 气泡收取失败，活动太火爆，请稍后再试
Jun 14 01:21:19 气泡收取成功，获得60金币
Jun 14 01:21:19 气泡收取失败，该笔金币已领取，请刷新页面
Jun 14 01:21:19 气泡收取成功，获得60金币
Jun 14 01:21:20 气泡收取成功，获得60金币
Jun 14 01:21:20 气泡收取失败，该笔金币已领取，请刷新页面
Jun 14 01:21:20 气泡收取失败，活动太火爆，请稍后再试
Jun 14 01:21:20 气泡收取成功，获得60金币
Jun 14 01:21:21 气泡收取失败，活动太火爆，请稍后再试
Jun 14 01:21:21 气泡收取成功，获得60金币
Jun 14 01:21:22 
Jun 14 01:21:22 ==============📣系统通知📣==============
Jun 14 01:21:22 京东极速版
Jun 14 01:21:22 京东账号1lman87
Jun 14 01:21:22 幸运大转盘抽奖获得：【28-10福利神券-老人】
Jun 14 01:21:22 幸运大转盘抽奖获得：【undefined-0.50undefined】
Jun 14 01:21:22 本次运行获得360金币，共计183949金币
Jun 14 01:21:22 
Jun 14 01:21:22 ==============📣系统通知📣==============
Jun 14 01:21:22 京东极速版
Jun 14 01:21:22 京东账号1lman87
Jun 14 01:21:22 幸运大转盘抽奖获得：【19-10福利神券-老人】
Jun 14 01:21:22 本次运行获得360金币，共计183949金币
Jun 14 01:21:24 
Jun 14 01:21:24 ******开始【京东账号2】jd_rkylFaEIkvBL*********
Jun 14 01:21:24 
Jun 14 01:21:24 
Jun 14 01:21:24 ******开始【京东账号2】jd_rkylFaEIkvBL*********
Jun 14 01:21:24 
Jun 14 01:21:24 京东极速版 API请求失败，请检查网路重试
Jun 14 01:21:24 【幸运大转盘】剩余抽奖机会：2
Jun 14 01:21:24 京东极速版 API请求失败，请检查网路重试
Jun 14 01:21:24 幸运大转盘抽奖获得：【29-20福利神券-老人】
Jun 14 01:21:24 
Jun 14 01:21:24 【幸运大转盘】剩余抽奖机会：1
Jun 14 01:21:24 幸运大转盘抽奖获得：【19-10福利神券-老人】
Jun 14 01:21:24 
Jun 14 01:21:25 幸运大转盘抽奖获得：空气
Jun 14 01:21:25 去做任务转盘抽奖逛会场
Jun 14 01:21:25 {"success":false,"code":1001,"errMsg":"限流","data":null}
Jun 14 01:21:25 【幸运大转盘】剩余抽奖机会：0
Jun 14 01:21:25 签到获得0.10现金，共计获得7.90
Jun 14 01:21:25 逛商品赚金币已完成
Jun 14 01:21:25 逛活动赚金币已完成
Jun 14 01:21:25 看视频赚金币已完成
Jun 14 01:21:25 邀好友赚金币任务完成成功，预计获得60金币
Jun 14 01:21:25 去做任务转盘抽奖逛会场
Jun 14 01:21:25 任务完成成功
Jun 14 01:21:25 【幸运大转盘】剩余抽奖机会：1
Jun 14 01:21:25 幸运大转盘抽奖获得：【39-30福利神券-老人】
Jun 14 01:21:25 
Jun 14 01:21:26 签到失败，用户已签到
Jun 14 01:21:26 逛商品赚金币已完成
Jun 14 01:21:26 逛活动赚金币已完成
Jun 14 01:21:26 看视频赚金币已完成
Jun 14 01:21:26 邀好友赚金币已完成
Jun 14 01:21:26 任务完成失败，系统繁忙
Jun 14 01:21:26 拆红包得现金任务完成成功，预计获得60金币
Jun 14 01:21:27 任务完成失败，系统繁忙
Jun 14 01:21:27 省钱大赢家任务完成成功，预计获得60金币
Jun 14 01:21:28 任务完成失败，系统繁忙
Jun 14 01:21:28 签到提现任务完成成功，预计获得60金币
Jun 14 01:21:29 任务完成失败，系统繁忙
Jun 14 01:21:29 东东爱消除任务完成成功，预计获得60金币
Jun 14 01:21:30 购券抽大奖任务完成成功，预计获得60金币
Jun 14 01:21:30 任务完成失败，当前任务已完成
Jun 14 01:21:31 幸运转盘任务完成成功，预计获得60金币
Jun 14 01:21:31 任务完成失败，当前任务已完成
Jun 14 01:21:32 任务完成失败，系统繁忙
Jun 14 01:21:32 现金签到任务完成成功，预计获得60金币
Jun 14 01:21:33 任务完成失败，系统繁忙
Jun 14 01:21:33 推推赚大钱任务完成成功，预计获得60金币
Jun 14 01:21:34 天天抽奖任务完成成功，预计获得60金币
Jun 14 01:21:34 任务完成失败，系统繁忙
Jun 14 01:21:35 任务完成失败，系统繁忙
Jun 14 01:21:35 水果免费领任务完成成功，预计获得60金币
Jun 14 01:21:36 任务完成失败，系统繁忙
Jun 14 01:21:36 砍价免费拿任务完成成功，预计获得60金币
Jun 14 01:21:38 气泡收取失败，活动太火爆，请稍后再试
Jun 14 01:21:38 气泡收取成功，获得60金币
Jun 14 01:21:38 气泡收取成功，获得60金币
Jun 14 01:21:38 气泡收取失败，该笔金币已领取，请刷新页面
Jun 14 01:21:39 气泡收取失败，活动太火爆，请稍后再试
Jun 14 01:21:39 气泡收取成功，获得60金币
Jun 14 01:21:39 气泡收取失败，活动太火爆，请稍后再试
Jun 14 01:21:39 气泡收取成功，获得60金币
Jun 14 01:21:40 气泡收取失败，活动太火爆，请稍后再试
Jun 14 01:21:40 气泡收取成功，获得60金币
Jun 14 01:21:40 气泡收取失败，活动太火爆，请稍后再试
Jun 14 01:21:40 气泡收取成功，获得60金币
Jun 14 01:21:41 气泡收取失败，活动太火爆，请稍后再试
Jun 14 01:21:41 气泡收取成功，获得60金币
Jun 14 01:21:41 气泡收取失败，活动太火爆，请稍后再试
Jun 14 01:21:41 气泡收取成功，获得60金币
Jun 14 01:21:42 气泡收取失败，活动太火爆，请稍后再试
Jun 14 01:21:42 气泡收取成功，获得60金币
Jun 14 01:21:43 气泡收取失败，活动太火爆，请稍后再试
Jun 14 01:21:43 气泡收取成功，获得60金币
Jun 14 01:21:43 气泡收取失败，活动太火爆，请稍后再试
Jun 14 01:21:43 气泡收取成功，获得60金币
Jun 14 01:21:44 气泡收取失败，活动太火爆，请稍后再试
Jun 14 01:21:44 气泡收取成功，获得60金币
Jun 14 01:21:44 
Jun 14 01:21:44 ==============📣系统通知📣==============
Jun 14 01:21:44 京东极速版
Jun 14 01:21:44 京东账号2jd_rkylFaEIkvBL
Jun 14 01:21:44 幸运大转盘抽奖获得：【29-20福利神券-老人】
Jun 14 01:21:44 幸运大转盘抽奖获得：【39-30福利神券-老人】
Jun 14 01:21:44 本次运行获得360金币，共计202879金币
Jun 14 01:21:45 
Jun 14 01:21:45 ==============📣系统通知📣==============
Jun 14 01:21:45 京东极速版
Jun 14 01:21:45 京东账号2jd_rkylFaEIkvBL
Jun 14 01:21:45 幸运大转盘抽奖获得：【19-10福利神券-老人】
Jun 14 01:21:45 本次运行获得360金币，共计202879金币
Jun 14 01:21:46 
Jun 14 01:21:46 🔔京东极速版, 结束! 🕛 46.739 秒
Jun 14 01:21:46 
Jun 14 01:21:47 
Jun 14 01:21:47 🔔京东极速版, 结束! 🕛 47.732 秒
Jun 14 01:21:47 
Jun 14 06:21:00 
Jun 14 06:21:00 🔔京东极速版, 开始!
Jun 14 06:21:00 您的cookie选择的是用&隔开
Jun 14 06:21:00 
Jun 14 06:21:00 
Jun 14 06:21:00 ====================共有2个京东账号Cookie=========
Jun 14 06:21:00 
Jun 14 06:21:00 
Jun 14 06:21:00 🔔京东极速版, 开始!
Jun 14 06:21:00 您的cookie选择的是用&隔开
Jun 14 06:21:00 
Jun 14 06:21:00 
Jun 14 06:21:00 ====================共有2个京东账号Cookie=========
Jun 14 06:21:00 
Jun 14 06:21:00 ==================脚本执行- 北京时间(UTC+8)：6/14/2021, 6:21:00 AM=====================
Jun 14 06:21:00 
Jun 14 06:21:00 ==================脚本执行- 北京时间(UTC+8)：6/14/2021, 6:21:00 AM=====================
Jun 14 06:21:00 
Jun 14 06:21:00 
Jun 14 06:21:00 ******开始【京东账号1】lman87*********
Jun 14 06:21:00 
Jun 14 06:21:00 
Jun 14 06:21:00 ******开始【京东账号1】lman87*********
Jun 14 06:21:00 
Jun 14 06:21:00 京东极速版 API请求失败，请检查网路重试
Jun 14 06:21:00 京东极速版 API请求失败，请检查网路重试
Jun 14 06:21:00 【幸运大转盘】剩余抽奖机会：0
Jun 14 06:21:00 【幸运大转盘】剩余抽奖机会：0
Jun 14 06:21:00 【幸运大转盘】剩余抽奖机会：0
Jun 14 06:21:00 【幸运大转盘】剩余抽奖机会：0
Jun 14 06:21:01 签到失败，用户已签到
Jun 14 06:21:01 【1/55】浏览商品任务记录成功，等待5秒
Jun 14 06:21:01 签到失败，用户已签到
Jun 14 06:21:01 【1/55】浏览商品任务记录成功，等待5秒
Jun 14 06:21:06 逛商品赚金币任务完成，获得46金币
Jun 14 06:21:06 【2/55】浏览商品任务记录成功，等待5秒
Jun 14 06:21:06 逛商品赚金币任务结束失败，当前任务已完成
Jun 14 06:21:06 【2/55】浏览商品任务记录成功，等待5秒
Jun 14 06:21:11 逛商品赚金币任务完成，获得34金币
Jun 14 06:21:11 【3/55】浏览商品任务记录成功，等待5秒
Jun 14 06:21:11 逛商品赚金币任务结束失败，当前任务已完成
Jun 14 06:21:12 【3/55】浏览商品任务记录成功，等待5秒
Jun 14 06:21:16 逛商品赚金币任务完成，获得44金币
Jun 14 06:21:16 【4/55】浏览商品任务记录成功，等待5秒
Jun 14 06:21:17 逛商品赚金币任务结束失败，当前任务已完成
Jun 14 06:21:17 【4/55】浏览商品任务记录成功，等待5秒
Jun 14 06:21:21 逛商品赚金币任务完成，获得36金币
Jun 14 06:21:21 【5/55】浏览商品任务记录成功，等待5秒
Jun 14 06:21:22 逛商品赚金币任务结束失败，当前任务已完成
Jun 14 06:21:22 【5/55】浏览商品任务记录成功，等待5秒
Jun 14 06:21:26 逛商品赚金币任务完成，获得70金币
Jun 14 06:21:27 【6/55】浏览商品任务记录成功，等待5秒
Jun 14 06:21:27 逛商品赚金币任务完成，获得35金币
Jun 14 06:21:27 【7/55】浏览商品任务记录成功，等待5秒
Jun 14 06:21:32 逛商品赚金币任务完成，获得46金币
Jun 14 06:21:32 【8/55】浏览商品任务记录成功，等待5秒
Jun 14 06:21:32 逛商品赚金币任务完成，获得34金币
Jun 14 06:21:32 【9/55】浏览商品任务记录成功，等待5秒
Jun 14 06:21:37 逛商品赚金币任务完成，获得46金币
Jun 14 06:21:37 【10/55】浏览商品任务记录成功，等待5秒
Jun 14 06:21:37 逛商品赚金币任务完成，获得75金币
Jun 14 06:21:37 【11/55】浏览商品任务记录成功，等待5秒
Jun 14 06:21:42 逛商品赚金币任务完成，获得46金币
Jun 14 06:21:42 【12/55】浏览商品任务记录成功，等待5秒
Jun 14 06:21:42 逛商品赚金币任务完成，获得34金币
Jun 14 06:21:42 【13/55】浏览商品任务记录成功，等待5秒
Jun 14 06:21:47 逛商品赚金币任务完成，获得44金币
Jun 14 06:21:47 【14/55】浏览商品任务记录成功，等待5秒
Jun 14 06:21:48 逛商品赚金币任务完成，获得36金币
Jun 14 06:21:48 【15/55】浏览商品任务记录成功，等待5秒
Jun 14 06:21:52 逛商品赚金币任务完成，获得73金币
Jun 14 06:21:52 【16/55】浏览商品任务记录成功，等待5秒
Jun 14 06:21:53 逛商品赚金币任务完成，获得27金币
Jun 14 06:21:53 【17/55】浏览商品任务记录成功，等待5秒
Jun 14 06:21:57 逛商品赚金币任务完成，获得34金币
Jun 14 06:21:58 【18/55】浏览商品任务记录成功，等待5秒
Jun 14 06:21:58 逛商品赚金币任务完成，获得26金币
Jun 14 06:21:58 【19/55】浏览商品任务记录成功，等待5秒
Jun 14 06:22:03 逛商品赚金币任务完成，获得34金币
Jun 14 06:22:03 【20/55】浏览商品任务记录成功，等待5秒
Jun 14 06:22:03 逛商品赚金币任务完成，获得69金币
Jun 14 06:22:03 【21/55】浏览商品任务记录成功，等待5秒
Jun 14 06:22:08 逛商品赚金币任务完成，获得34金币
Jun 14 06:22:08 【22/55】浏览商品任务记录成功，等待5秒
Jun 14 06:22:08 逛商品赚金币任务完成，获得26金币
Jun 14 06:22:08 【23/55】浏览商品任务记录成功，等待5秒
Jun 14 06:22:13 逛商品赚金币任务完成，获得35金币
Jun 14 06:22:13 【24/55】浏览商品任务记录成功，等待5秒
Jun 14 06:22:13 逛商品赚金币任务完成，获得25金币
Jun 14 06:22:13 【25/55】浏览商品任务记录成功，等待5秒
Jun 14 06:22:18 逛商品赚金币任务完成，获得64金币
Jun 14 06:22:18 【26/55】浏览商品任务记录成功，等待5秒
Jun 14 06:22:19 逛商品赚金币任务完成，获得27金币
Jun 14 06:22:19 【27/55】浏览商品任务记录成功，等待5秒
Jun 14 06:22:23 逛商品赚金币任务完成，获得33金币
Jun 14 06:22:23 【28/55】浏览商品任务记录成功，等待5秒
Jun 14 06:22:24 逛商品赚金币任务完成，获得27金币
Jun 14 06:22:24 【29/55】浏览商品任务记录成功，等待5秒
Jun 14 06:22:28 逛商品赚金币任务完成，获得22金币
Jun 14 06:22:28 【30/55】浏览商品任务记录成功，等待5秒
Jun 14 06:22:29 逛商品赚金币任务完成，获得75金币
Jun 14 06:22:29 【31/55】浏览商品任务记录成功，等待5秒
Jun 14 06:22:34 逛商品赚金币任务完成，获得22金币
Jun 14 06:22:34 【32/55】浏览商品任务记录成功，等待5秒
Jun 14 06:22:34 逛商品赚金币任务完成，获得18金币
Jun 14 06:22:34 【33/55】浏览商品任务记录成功，等待5秒
Jun 14 06:22:39 逛商品赚金币任务完成，获得22金币
Jun 14 06:22:39 【34/55】浏览商品任务记录成功，等待5秒
Jun 14 06:22:39 逛商品赚金币任务完成，获得18金币
Jun 14 06:22:39 【35/55】浏览商品任务记录成功，等待5秒
Jun 14 06:22:44 逛商品赚金币任务完成，获得72金币
Jun 14 06:22:44 【36/55】浏览商品任务记录成功，等待5秒
Jun 14 06:22:44 逛商品赚金币任务完成，获得17金币
Jun 14 06:22:44 【37/55】浏览商品任务记录成功，等待5秒
Jun 14 06:22:49 逛商品赚金币任务完成，获得22金币
Jun 14 06:22:49 【38/55】浏览商品任务记录成功，等待5秒
Jun 14 06:22:50 逛商品赚金币任务完成，获得18金币
Jun 14 06:22:50 【39/55】浏览商品任务记录成功，等待5秒
Jun 14 06:22:54 逛商品赚金币任务完成，获得24金币
Jun 14 06:22:54 【40/55】浏览商品任务记录成功，等待5秒
Jun 14 06:22:55 逛商品赚金币任务完成，获得76金币
Jun 14 06:22:55 【41/55】浏览商品任务记录成功，等待5秒
Jun 14 06:22:59 逛商品赚金币任务完成，获得12金币
Jun 14 06:22:59 【42/55】浏览商品任务记录成功，等待5秒
Jun 14 06:23:00 逛商品赚金币任务完成，获得8金币
Jun 14 06:23:00 【43/55】浏览商品任务记录成功，等待5秒
Jun 14 06:23:05 逛商品赚金币任务完成，获得11金币
Jun 14 06:23:05 【44/55】浏览商品任务记录成功，等待5秒
Jun 14 06:23:05 逛商品赚金币任务完成，获得9金币
Jun 14 06:23:05 【45/55】浏览商品任务记录成功，等待5秒
Jun 14 06:23:10 逛商品赚金币任务完成，获得72金币
Jun 14 06:23:10 【46/55】浏览商品任务记录成功，等待5秒
Jun 14 06:23:10 逛商品赚金币任务完成，获得9金币
Jun 14 06:23:10 【47/55】浏览商品任务记录成功，等待5秒
Jun 14 06:23:15 逛商品赚金币任务完成，获得11金币
Jun 14 06:23:15 【48/55】浏览商品任务记录成功，等待5秒
Jun 14 06:23:15 逛商品赚金币任务完成，获得9金币
Jun 14 06:23:16 【49/55】浏览商品任务记录成功，等待5秒
Jun 14 06:23:20 逛商品赚金币任务完成，获得11金币
Jun 14 06:23:20 【50/55】浏览商品任务记录成功，等待5秒
Jun 14 06:23:21 逛商品赚金币任务完成，获得77金币
Jun 14 06:23:21 【51/55】浏览商品任务记录成功，等待5秒
Jun 14 06:23:25 逛商品赚金币任务完成，获得12金币
Jun 14 06:23:25 【52/55】浏览商品任务记录成功，等待5秒
Jun 14 06:23:26 逛商品赚金币任务完成，获得8金币
Jun 14 06:23:26 【53/55】浏览商品任务记录成功，等待5秒
Jun 14 06:23:30 逛商品赚金币任务完成，获得11金币
Jun 14 06:23:30 【54/55】浏览商品任务记录成功，等待5秒
Jun 14 06:23:31 逛商品赚金币任务完成，获得9金币
Jun 14 06:23:31 【55/55】浏览商品任务记录成功，等待5秒
Jun 14 06:23:36 逛商品赚金币任务完成，获得63金币
Jun 14 06:23:36 逛商品赚金币任务开启失败，任务已达上限
Jun 14 06:23:36 【1/10】浏览商品任务记录成功，等待10秒
Jun 14 06:23:36 逛商品赚金币任务结束失败，任务已达上限
Jun 14 06:23:36 逛商品赚金币任务开启失败，任务已达上限
Jun 14 06:23:36 【1/10】浏览商品任务记录成功，等待10秒
Jun 14 06:23:46 逛活动赚金币任务完成，获得60金币
Jun 14 06:23:46 【2/10】浏览商品任务记录成功，等待10秒
Jun 14 06:23:46 逛活动赚金币任务结束失败，当前任务已完成
Jun 14 06:23:46 【2/10】浏览商品任务记录成功，等待10秒
Jun 14 06:23:56 逛活动赚金币任务完成，获得120金币
Jun 14 06:23:56 【3/10】浏览商品任务记录成功，等待10秒
Jun 14 06:23:56 逛活动赚金币任务结束失败，当前任务已完成
Jun 14 06:23:57 【3/10】浏览商品任务记录成功，等待10秒
Jun 14 06:24:06 逛活动赚金币任务完成，获得60金币
Jun 14 06:24:06 【4/10】浏览商品任务记录成功，等待10秒
Jun 14 06:24:07 逛活动赚金币任务完成，获得120金币
Jun 14 06:24:07 【5/10】浏览商品任务记录成功，等待10秒
Jun 14 06:24:16 逛活动赚金币任务完成，获得60金币
Jun 14 06:24:16 【6/10】浏览商品任务记录成功，等待10秒
Jun 14 06:24:17 逛活动赚金币任务完成，获得120金币
Jun 14 06:24:17 【7/10】浏览商品任务记录成功，等待10秒
Jun 14 06:24:27 逛活动赚金币任务完成，获得60金币
Jun 14 06:24:27 【8/10】浏览商品任务记录成功，等待10秒
Jun 14 06:24:27 逛活动赚金币任务完成，获得120金币
Jun 14 06:24:27 【9/10】浏览商品任务记录成功，等待10秒
Jun 14 06:24:37 逛活动赚金币任务完成，获得60金币
Jun 14 06:24:37 【10/10】浏览商品任务记录成功，等待10秒
Jun 14 06:24:37 逛活动赚金币任务完成，获得120金币
Jun 14 06:24:37 逛活动赚金币任务开启失败，任务已达上限
Jun 14 06:24:37 【1/85】浏览商品任务记录成功，等待15秒
Jun 14 06:24:47 逛活动赚金币任务结束失败，任务已达上限
Jun 14 06:24:47 逛活动赚金币任务开启失败，任务已达上限
Jun 14 06:24:47 【1/85】浏览商品任务记录成功，等待15秒
Jun 14 06:24:52 看视频赚金币任务完成，获得30金币
Jun 14 06:24:52 【2/85】浏览商品任务记录成功，等待15秒
Jun 14 06:25:02 看视频赚金币任务完成，获得30金币
Jun 14 06:25:02 【3/85】浏览商品任务记录成功，等待15秒
Jun 14 06:25:07 看视频赚金币任务完成，获得30金币
Jun 14 06:25:08 【4/85】浏览商品任务记录成功，等待15秒
Jun 14 06:25:17 看视频赚金币任务完成，获得30金币
Jun 14 06:25:17 【5/85】浏览商品任务记录成功，等待15秒
Jun 14 06:25:23 看视频赚金币任务完成，获得120金币
Jun 14 06:25:23 【6/85】浏览商品任务记录成功，等待15秒
Jun 14 06:25:32 看视频赚金币任务完成，获得30金币
Jun 14 06:25:32 【7/85】浏览商品任务记录成功，等待15秒
Jun 14 06:25:38 看视频赚金币任务完成，获得30金币
Jun 14 06:25:38 【8/85】浏览商品任务记录成功，等待15秒
Jun 14 06:25:47 看视频赚金币任务完成，获得30金币
Jun 14 06:25:48 【9/85】浏览商品任务记录成功，等待15秒
Jun 14 06:25:53 看视频赚金币任务完成，获得30金币
Jun 14 06:25:53 【10/85】浏览商品任务记录成功，等待15秒
Jun 14 06:26:03 看视频赚金币任务完成，获得120金币
Jun 14 06:26:03 【11/85】浏览商品任务记录成功，等待15秒
Jun 14 06:26:08 看视频赚金币任务完成，获得30金币
Jun 14 06:26:08 【12/85】浏览商品任务记录成功，等待15秒
Jun 14 06:26:18 看视频赚金币任务完成，获得30金币
Jun 14 06:26:18 【13/85】浏览商品任务记录成功，等待15秒
Jun 14 06:26:23 看视频赚金币任务完成，获得30金币
Jun 14 06:26:23 【14/85】浏览商品任务记录成功，等待15秒
Jun 14 06:26:33 看视频赚金币任务完成，获得30金币
Jun 14 06:26:33 【15/85】浏览商品任务记录成功，等待15秒
Jun 14 06:26:38 看视频赚金币任务完成，获得120金币
Jun 14 06:26:38 【16/85】浏览商品任务记录成功，等待15秒
Jun 14 06:26:48 看视频赚金币任务完成，获得30金币
Jun 14 06:26:48 【17/85】浏览商品任务记录成功，等待15秒
Jun 14 06:26:53 看视频赚金币任务完成，获得30金币
Jun 14 06:26:53 【18/85】浏览商品任务记录成功，等待15秒
Jun 14 06:27:03 看视频赚金币任务完成，获得30金币
Jun 14 06:27:03 【19/85】浏览商品任务记录成功，等待15秒
Jun 14 06:27:09 看视频赚金币任务完成，获得30金币
Jun 14 06:27:09 【20/85】浏览商品任务记录成功，等待15秒
Jun 14 06:27:18 看视频赚金币任务完成，获得120金币
Jun 14 06:27:18 【21/85】浏览商品任务记录成功，等待15秒
Jun 14 06:27:24 看视频赚金币任务完成，获得30金币
Jun 14 06:27:24 【22/85】浏览商品任务记录成功，等待15秒
Jun 14 06:27:33 看视频赚金币任务完成，获得30金币
Jun 14 06:27:33 【23/85】浏览商品任务记录成功，等待15秒
Jun 14 06:27:39 看视频赚金币任务完成，获得30金币
Jun 14 06:27:39 【24/85】浏览商品任务记录成功，等待15秒
Jun 14 06:27:49 看视频赚金币任务完成，获得30金币
Jun 14 06:27:49 【25/85】浏览商品任务记录成功，等待15秒
Jun 14 06:27:54 看视频赚金币任务完成，获得120金币
Jun 14 06:27:54 【26/85】浏览商品任务记录成功，等待15秒
Jun 14 06:28:04 看视频赚金币任务完成，获得30金币
Jun 14 06:28:04 【27/85】浏览商品任务记录成功，等待15秒
Jun 14 06:28:09 看视频赚金币任务完成，获得30金币
Jun 14 06:28:09 【28/85】浏览商品任务记录成功，等待15秒
Jun 14 06:28:19 看视频赚金币任务完成，获得30金币
Jun 14 06:28:19 【29/85】浏览商品任务记录成功，等待15秒
Jun 14 06:28:24 看视频赚金币任务完成，获得30金币
Jun 14 06:28:24 【30/85】浏览商品任务记录成功，等待15秒
Jun 14 06:28:34 看视频赚金币任务完成，获得120金币
Jun 14 06:28:34 【31/85】浏览商品任务记录成功，等待15秒
Jun 14 06:28:39 看视频赚金币任务完成，获得30金币
Jun 14 06:28:39 【32/85】浏览商品任务记录成功，等待15秒
Jun 14 06:28:49 看视频赚金币任务完成，获得30金币
Jun 14 06:28:49 【33/85】浏览商品任务记录成功，等待15秒
Jun 14 06:28:55 看视频赚金币任务完成，获得30金币
Jun 14 06:28:55 【34/85】浏览商品任务记录成功，等待15秒
Jun 14 06:29:04 看视频赚金币任务完成，获得30金币
Jun 14 06:29:04 【35/85】浏览商品任务记录成功，等待15秒
Jun 14 06:29:10 看视频赚金币任务完成，获得120金币
Jun 14 06:29:10 【36/85】浏览商品任务记录成功，等待18秒
Jun 14 06:29:19 看视频赚金币任务完成，获得1金币
Jun 14 06:29:19 【37/85】浏览商品任务记录成功，等待18秒
Jun 14 06:29:28 看视频赚金币任务完成，获得25金币
Jun 14 06:29:28 【38/85】浏览商品任务记录成功，等待18秒
Jun 14 06:29:38 看视频赚金币任务完成，获得25金币
Jun 14 06:29:38 【39/85】浏览商品任务记录成功，等待18秒
Jun 14 06:29:46 看视频赚金币任务完成，获得25金币
Jun 14 06:29:46 【40/85】浏览商品任务记录成功，等待18秒
Jun 14 06:29:56 看视频赚金币任务完成，获得120金币
Jun 14 06:29:56 【41/85】浏览商品任务记录成功，等待18秒
Jun 14 06:30:04 看视频赚金币任务完成，获得25金币
Jun 14 06:30:04 【42/85】浏览商品任务记录成功，等待18秒
Jun 14 06:30:14 看视频赚金币任务完成，获得25金币
Jun 14 06:30:14 【43/85】浏览商品任务记录成功，等待18秒
Jun 14 06:30:22 看视频赚金币任务完成，获得25金币
Jun 14 06:30:22 【44/85】浏览商品任务记录成功，等待18秒
Jun 14 06:30:32 看视频赚金币任务完成，获得25金币
Jun 14 06:30:32 【45/85】浏览商品任务记录成功，等待18秒
Jun 14 06:30:40 看视频赚金币任务完成，获得120金币
Jun 14 06:30:40 【46/85】浏览商品任务记录成功，等待18秒
Jun 14 06:30:50 看视频赚金币任务完成，获得25金币
Jun 14 06:30:50 【47/85】浏览商品任务记录成功，等待18秒
Jun 14 06:30:59 看视频赚金币任务完成，获得25金币
Jun 14 06:30:59 【48/85】浏览商品任务记录成功，等待18秒
Jun 14 06:31:08 看视频赚金币任务完成，获得25金币
Jun 14 06:31:08 【49/85】浏览商品任务记录成功，等待18秒
Jun 14 06:31:17 看视频赚金币任务完成，获得25金币
Jun 14 06:31:17 【50/85】浏览商品任务记录成功，等待18秒
Jun 14 06:31:26 看视频赚金币任务完成，获得120金币
Jun 14 06:31:26 【51/85】浏览商品任务记录成功，等待18秒
Jun 14 06:31:35 看视频赚金币任务完成，获得25金币
Jun 14 06:31:35 【52/85】浏览商品任务记录成功，等待18秒
Jun 14 06:31:45 看视频赚金币任务完成，获得25金币
Jun 14 06:31:45 【53/85】浏览商品任务记录成功，等待18秒
Jun 14 06:31:53 看视频赚金币任务完成，获得25金币
Jun 14 06:31:53 【54/85】浏览商品任务记录成功，等待18秒
Jun 14 06:32:03 看视频赚金币任务完成，获得25金币
Jun 14 06:32:03 【55/85】浏览商品任务记录成功，等待18秒
Jun 14 06:32:11 看视频赚金币任务完成，获得120金币
Jun 14 06:32:11 【56/85】浏览商品任务记录成功，等待18秒
Jun 14 06:32:21 看视频赚金币任务完成，获得25金币
Jun 14 06:32:21 【57/85】浏览商品任务记录成功，等待18秒
Jun 14 06:32:29 看视频赚金币任务完成，获得25金币
Jun 14 06:32:29 【58/85】浏览商品任务记录成功，等待18秒
Jun 14 06:32:39 看视频赚金币任务完成，获得25金币
Jun 14 06:32:39 【59/85】浏览商品任务记录成功，等待18秒
Jun 14 06:32:47 看视频赚金币任务完成，获得25金币
Jun 14 06:32:48 【60/85】浏览商品任务记录成功，等待18秒
Jun 14 06:32:57 看视频赚金币任务完成，获得120金币
Jun 14 06:32:57 【61/85】浏览商品任务记录成功，等待20秒
Jun 14 06:33:06 看视频赚金币任务完成，获得1金币
Jun 14 06:33:06 【62/85】浏览商品任务记录成功，等待20秒
Jun 14 06:33:17 看视频赚金币任务完成，获得10金币
Jun 14 06:33:17 【63/85】浏览商品任务记录成功，等待20秒
Jun 14 06:33:26 看视频赚金币任务完成，获得10金币
Jun 14 06:33:26 【64/85】浏览商品任务记录成功，等待20秒
Jun 14 06:33:37 看视频赚金币任务完成，获得10金币
Jun 14 06:33:37 【65/85】浏览商品任务记录成功，等待20秒
Jun 14 06:33:46 看视频赚金币任务完成，获得60金币
Jun 14 06:33:46 【66/85】浏览商品任务记录成功，等待20秒
Jun 14 06:33:58 看视频赚金币任务完成，获得10金币
Jun 14 06:33:58 【67/85】浏览商品任务记录成功，等待20秒
Jun 14 06:34:06 看视频赚金币任务完成，获得10金币
Jun 14 06:34:06 【68/85】浏览商品任务记录成功，等待20秒
Jun 14 06:34:18 看视频赚金币任务完成，获得10金币
Jun 14 06:34:18 【69/85】浏览商品任务记录成功，等待20秒
Jun 14 06:34:26 看视频赚金币任务完成，获得10金币
Jun 14 06:34:26 【70/85】浏览商品任务记录成功，等待20秒
Jun 14 06:34:38 看视频赚金币任务完成，获得60金币
Jun 14 06:34:38 【71/85】浏览商品任务记录成功，等待20秒
Jun 14 06:34:46 看视频赚金币任务完成，获得10金币
Jun 14 06:34:46 【72/85】浏览商品任务记录成功，等待20秒
Jun 14 06:34:58 看视频赚金币任务完成，获得10金币
Jun 14 06:34:58 【73/85】浏览商品任务记录成功，等待20秒
Jun 14 06:35:06 看视频赚金币任务完成，获得10金币
Jun 14 06:35:06 【74/85】浏览商品任务记录成功，等待20秒
Jun 14 06:35:18 看视频赚金币任务完成，获得10金币
Jun 14 06:35:18 【75/85】浏览商品任务记录成功，等待20秒
Jun 14 06:35:27 看视频赚金币任务完成，获得60金币
Jun 14 06:35:27 【76/85】浏览商品任务记录成功，等待30秒
Jun 14 06:35:38 看视频赚金币任务完成，获得1金币
Jun 14 06:35:38 【77/85】浏览商品任务记录成功，等待30秒
Jun 14 06:35:57 看视频赚金币任务完成，获得5金币
Jun 14 06:35:57 【78/85】浏览商品任务记录成功，等待30秒
Jun 14 06:36:08 看视频赚金币任务完成，获得5金币
Jun 14 06:36:08 【79/85】浏览商品任务记录成功，等待30秒
Jun 14 06:36:27 看视频赚金币任务完成，获得5金币
Jun 14 06:36:27 【80/85】浏览商品任务记录成功，等待30秒
Jun 14 06:36:38 看视频赚金币任务完成，获得40金币
Jun 14 06:36:38 【81/85】浏览商品任务记录成功，等待30秒
Jun 14 06:36:57 看视频赚金币任务完成，获得5金币
Jun 14 06:36:57 【82/85】浏览商品任务记录成功，等待30秒
Jun 14 06:37:09 看视频赚金币任务完成，获得5金币
Jun 14 06:37:09 【83/85】浏览商品任务记录成功，等待30秒
Jun 14 06:37:27 看视频赚金币任务完成，获得5金币
Jun 14 06:37:27 【84/85】浏览商品任务记录成功，等待30秒
Jun 14 06:37:39 看视频赚金币任务完成，获得5金币
Jun 14 06:37:39 【85/85】浏览商品任务记录成功，等待30秒
Jun 14 06:37:57 看视频赚金币任务完成，获得40金币
Jun 14 06:37:57 看视频赚金币任务已达上限
Jun 14 06:37:57 邀好友赚金币已完成
Jun 14 06:37:57 拆红包得现金已完成
Jun 14 06:37:57 省钱大赢家已完成
Jun 14 06:37:57 签到提现已完成
Jun 14 06:37:57 东东爱消除已完成
Jun 14 06:37:57 购券抽大奖已完成
Jun 14 06:37:57 幸运转盘已完成
Jun 14 06:37:57 现金签到已完成
Jun 14 06:37:57 推推赚大钱已完成
Jun 14 06:37:57 天天抽奖已完成
Jun 14 06:37:57 水果免费领已完成
Jun 14 06:37:57 砍价免费拿已完成
Jun 14 06:37:57 
Jun 14 06:37:57 ==============📣系统通知📣==============
Jun 14 06:37:57 京东极速版
Jun 14 06:37:57 京东账号1lman87
Jun 14 06:37:57 本次运行获得2893金币，共计189910金币
Jun 14 06:37:59 
Jun 14 06:37:59 ******开始【京东账号2】jd_rkylFaEIkvBL*********
Jun 14 06:37:59 
Jun 14 06:38:00 京东极速版 API请求失败，请检查网路重试
Jun 14 06:38:00 【幸运大转盘】剩余抽奖机会：0
Jun 14 06:38:00 【幸运大转盘】剩余抽奖机会：0
Jun 14 06:38:00 签到失败，用户已签到
Jun 14 06:38:00 【1/55】浏览商品任务记录成功，等待5秒
Jun 14 06:38:05 逛商品赚金币任务完成，获得46金币
Jun 14 06:38:05 【2/55】浏览商品任务记录成功，等待5秒
Jun 14 06:38:09 看视频赚金币任务结束失败，任务已达上限
Jun 14 06:38:09 看视频赚金币任务已达上限
Jun 14 06:38:09 邀好友赚金币已完成
Jun 14 06:38:09 拆红包得现金已完成
Jun 14 06:38:09 省钱大赢家已完成
Jun 14 06:38:09 签到提现已完成
Jun 14 06:38:09 东东爱消除已完成
Jun 14 06:38:09 购券抽大奖已完成
Jun 14 06:38:09 幸运转盘已完成
Jun 14 06:38:09 现金签到已完成
Jun 14 06:38:09 推推赚大钱已完成
Jun 14 06:38:09 天天抽奖已完成
Jun 14 06:38:09 水果免费领已完成
Jun 14 06:38:09 砍价免费拿已完成
Jun 14 06:38:09 
Jun 14 06:38:09 ==============📣系统通知📣==============
Jun 14 06:38:09 京东极速版
Jun 14 06:38:09 京东账号1lman87
Jun 14 06:38:09 本次运行获得3068金币，共计189910金币
Jun 14 06:38:10 逛商品赚金币任务完成，获得34金币
Jun 14 06:38:10 【3/55】浏览商品任务记录成功，等待5秒
Jun 14 06:38:11 
Jun 14 06:38:11 ******开始【京东账号2】jd_rkylFaEIkvBL*********
Jun 14 06:38:11 
Jun 14 06:38:11 京东极速版 API请求失败，请检查网路重试
Jun 14 06:38:11 【幸运大转盘】剩余抽奖机会：0
Jun 14 06:38:11 【幸运大转盘】剩余抽奖机会：0
Jun 14 06:38:12 签到失败，用户已签到
Jun 14 06:38:12 【3/55】浏览商品任务记录成功，等待5秒
Jun 14 06:38:15 逛商品赚金币任务完成，获得44金币
Jun 14 06:38:16 【4/55】浏览商品任务记录成功，等待5秒
Jun 14 06:38:17 逛商品赚金币任务结束失败，当前任务已完成
Jun 14 06:38:17 【4/55】浏览商品任务记录成功，等待5秒
Jun 14 06:38:21 逛商品赚金币任务完成，获得36金币
Jun 14 06:38:21 【5/55】浏览商品任务记录成功，等待5秒
Jun 14 06:38:22 逛商品赚金币任务结束失败，当前任务已完成
Jun 14 06:38:22 【5/55】浏览商品任务记录成功，等待5秒
Jun 14 06:38:26 逛商品赚金币任务完成，获得68金币
Jun 14 06:38:26 【6/55】浏览商品任务记录成功，等待5秒
Jun 14 06:38:27 逛商品赚金币任务完成，获得35金币
Jun 14 06:38:27 【7/55】浏览商品任务记录成功，等待5秒
Jun 14 06:38:31 逛商品赚金币任务完成，获得46金币
Jun 14 06:38:31 【8/55】浏览商品任务记录成功，等待5秒
Jun 14 06:38:32 逛商品赚金币任务完成，获得34金币
Jun 14 06:38:32 【9/55】浏览商品任务记录成功，等待5秒
Jun 14 06:38:36 逛商品赚金币任务完成，获得46金币
Jun 14 06:38:36 【10/55】浏览商品任务记录成功，等待5秒
Jun 14 06:38:37 逛商品赚金币任务完成，获得61金币
Jun 14 06:38:38 【11/55】浏览商品任务记录成功，等待5秒
Jun 14 06:38:41 逛商品赚金币任务完成，获得46金币
Jun 14 06:38:41 【12/55】浏览商品任务记录成功，等待5秒
Jun 14 06:38:43 逛商品赚金币任务完成，获得34金币
Jun 14 06:38:43 【13/55】浏览商品任务记录成功，等待5秒
Jun 14 06:38:47 逛商品赚金币任务完成，获得44金币
Jun 14 06:38:47 【14/55】浏览商品任务记录成功，等待5秒
Jun 14 06:38:48 逛商品赚金币任务完成，获得36金币
Jun 14 06:38:48 【15/55】浏览商品任务记录成功，等待5秒
Jun 14 06:38:52 逛商品赚金币任务完成，获得72金币
Jun 14 06:38:52 【16/55】浏览商品任务记录成功，等待5秒
Jun 14 06:38:53 逛商品赚金币任务完成，获得27金币
Jun 14 06:38:53 【17/55】浏览商品任务记录成功，等待5秒
Jun 14 06:38:57 逛商品赚金币任务完成，获得34金币
Jun 14 06:38:57 【18/55】浏览商品任务记录成功，等待5秒
Jun 14 06:38:58 逛商品赚金币任务完成，获得26金币
Jun 14 06:38:58 【19/55】浏览商品任务记录成功，等待5秒
Jun 14 06:39:02 逛商品赚金币任务完成，获得34金币
Jun 14 06:39:02 【20/55】浏览商品任务记录成功，等待5秒
Jun 14 06:39:03 逛商品赚金币任务完成，获得79金币
Jun 14 06:39:03 【21/55】浏览商品任务记录成功，等待5秒
Jun 14 06:39:07 逛商品赚金币任务完成，获得34金币
Jun 14 06:39:07 【22/55】浏览商品任务记录成功，等待5秒
Jun 14 06:39:08 逛商品赚金币任务完成，获得26金币
Jun 14 06:39:08 【23/55】浏览商品任务记录成功，等待5秒
Jun 14 06:39:12 逛商品赚金币任务完成，获得35金币
Jun 14 06:39:12 【24/55】浏览商品任务记录成功，等待5秒
Jun 14 06:39:14 逛商品赚金币任务完成，获得25金币
Jun 14 06:39:14 【25/55】浏览商品任务记录成功，等待5秒
Jun 14 06:39:17 逛商品赚金币任务结束失败，当前任务已完成
Jun 14 06:39:18 【25/55】浏览商品任务记录成功，等待5秒
Jun 14 06:39:19 逛商品赚金币任务完成，获得73金币
Jun 14 06:39:19 【26/55】浏览商品任务记录成功，等待5秒
Jun 14 06:39:23 逛商品赚金币任务完成，获得27金币
Jun 14 06:39:23 【27/55】浏览商品任务记录成功，等待5秒
Jun 14 06:39:24 逛商品赚金币任务完成，获得33金币
Jun 14 06:39:24 【28/55】浏览商品任务记录成功，等待5秒
Jun 14 06:39:28 逛商品赚金币任务完成，获得27金币
Jun 14 06:39:28 【29/55】浏览商品任务记录成功，等待5秒
Jun 14 06:39:29 逛商品赚金币任务完成，获得22金币
Jun 14 06:39:29 【30/55】浏览商品任务记录成功，等待5秒
Jun 14 06:39:33 逛商品赚金币任务完成，获得73金币
Jun 14 06:39:33 【31/55】浏览商品任务记录成功，等待5秒
Jun 14 06:39:34 逛商品赚金币任务完成，获得22金币
Jun 14 06:39:34 【32/55】浏览商品任务记录成功，等待5秒
Jun 14 06:39:38 逛商品赚金币任务完成，获得18金币
Jun 14 06:39:38 【33/55】浏览商品任务记录成功，等待5秒
Jun 14 06:39:39 逛商品赚金币任务完成，获得22金币
Jun 14 06:39:40 【34/55】浏览商品任务记录成功，等待5秒
Jun 14 06:39:43 逛商品赚金币任务完成，获得18金币
Jun 14 06:39:43 【35/55】浏览商品任务记录成功，等待5秒
Jun 14 06:39:45 逛商品赚金币任务完成，获得76金币
Jun 14 06:39:45 【36/55】浏览商品任务记录成功，等待5秒
Jun 14 06:39:48 逛商品赚金币任务完成，获得17金币
Jun 14 06:39:49 【37/55】浏览商品任务记录成功，等待5秒
Jun 14 06:39:50 逛商品赚金币任务完成，获得22金币
Jun 14 06:39:50 【38/55】浏览商品任务记录成功，等待5秒
Jun 14 06:39:54 逛商品赚金币任务完成，获得18金币
Jun 14 06:39:54 【39/55】浏览商品任务记录成功，等待5秒
Jun 14 06:39:55 逛商品赚金币任务完成，获得24金币
Jun 14 06:39:55 【40/55】浏览商品任务记录成功，等待5秒
Jun 14 06:39:59 逛商品赚金币任务完成，获得79金币
Jun 14 06:39:59 【41/55】浏览商品任务记录成功，等待5秒
Jun 14 06:40:00 逛商品赚金币任务完成，获得12金币
Jun 14 06:40:00 【42/55】浏览商品任务记录成功，等待5秒
Jun 14 06:40:04 逛商品赚金币任务完成，获得8金币
Jun 14 06:40:04 【43/55】浏览商品任务记录成功，等待5秒
Jun 14 06:40:05 逛商品赚金币任务完成，获得11金币
Jun 14 06:40:05 【44/55】浏览商品任务记录成功，等待5秒
Jun 14 06:40:09 逛商品赚金币任务完成，获得9金币
Jun 14 06:40:09 【45/55】浏览商品任务记录成功，等待5秒
Jun 14 06:40:10 逛商品赚金币任务完成，获得68金币
Jun 14 06:40:11 【46/55】浏览商品任务记录成功，等待5秒
Jun 14 06:40:14 逛商品赚金币任务完成，获得9金币
Jun 14 06:40:14 【47/55】浏览商品任务记录成功，等待5秒
Jun 14 06:40:16 逛商品赚金币任务完成，获得11金币
Jun 14 06:40:16 【48/55】浏览商品任务记录成功，等待5秒
Jun 14 06:40:19 逛商品赚金币任务完成，获得9金币
Jun 14 06:40:20 【49/55】浏览商品任务记录成功，等待5秒
Jun 14 06:40:21 逛商品赚金币任务完成，获得11金币
Jun 14 06:40:21 【50/55】浏览商品任务记录成功，等待5秒
Jun 14 06:40:25 逛商品赚金币任务完成，获得75金币
Jun 14 06:40:25 【51/55】浏览商品任务记录成功，等待5秒
Jun 14 06:40:26 逛商品赚金币任务完成，获得12金币
Jun 14 06:40:26 【52/55】浏览商品任务记录成功，等待5秒
Jun 14 06:40:30 逛商品赚金币任务完成，获得8金币
Jun 14 06:40:30 【53/55】浏览商品任务记录成功，等待5秒
Jun 14 06:40:31 逛商品赚金币任务完成，获得11金币
Jun 14 06:40:31 【54/55】浏览商品任务记录成功，等待5秒
Jun 14 06:40:35 逛商品赚金币任务完成，获得9金币
Jun 14 06:40:35 【55/55】浏览商品任务记录成功，等待5秒
Jun 14 06:40:36 逛商品赚金币任务完成，获得67金币
Jun 14 06:40:36 逛商品赚金币任务开启失败，任务已达上限
Jun 14 06:40:36 【1/10】浏览商品任务记录成功，等待10秒
Jun 14 06:40:40 逛商品赚金币任务结束失败，任务已达上限
Jun 14 06:40:40 逛商品赚金币任务开启失败，任务已达上限
Jun 14 06:40:40 【1/10】浏览商品任务记录成功，等待10秒
Jun 14 06:40:47 逛活动赚金币任务完成，获得60金币
Jun 14 06:40:47 【2/10】浏览商品任务记录成功，等待10秒
Jun 14 06:40:50 逛活动赚金币任务结束失败，当前任务已完成
Jun 14 06:40:50 【2/10】浏览商品任务记录成功，等待10秒
Jun 14 06:40:57 逛活动赚金币任务完成，获得120金币
Jun 14 06:40:57 【3/10】浏览商品任务记录成功，等待10秒
Jun 14 06:41:00 逛活动赚金币任务结束失败，当前任务已完成
Jun 14 06:41:00 【3/10】浏览商品任务记录成功，等待10秒
Jun 14 06:41:07 逛活动赚金币任务完成，获得60金币
Jun 14 06:41:07 【4/10】浏览商品任务记录成功，等待10秒
Jun 14 06:41:11 逛活动赚金币任务完成，获得120金币
Jun 14 06:41:11 【5/10】浏览商品任务记录成功，等待10秒
Jun 14 06:41:17 逛活动赚金币任务完成，获得60金币
Jun 14 06:41:17 【6/10】浏览商品任务记录成功，等待10秒
Jun 14 06:41:21 逛活动赚金币任务完成，获得120金币
Jun 14 06:41:21 【7/10】浏览商品任务记录成功，等待10秒
Jun 14 06:41:27 逛活动赚金币任务完成，获得60金币
Jun 14 06:41:27 【8/10】浏览商品任务记录成功，等待10秒
Jun 14 06:41:31 逛活动赚金币任务完成，获得120金币
Jun 14 06:41:31 【9/10】浏览商品任务记录成功，等待10秒
Jun 14 06:41:37 逛活动赚金币任务完成，获得60金币
Jun 14 06:41:37 【10/10】浏览商品任务记录成功，等待10秒
Jun 14 06:41:41 逛活动赚金币任务完成，获得120金币
Jun 14 06:41:41 逛活动赚金币任务开启失败，任务已达上限
Jun 14 06:41:41 【1/85】浏览商品任务记录成功，等待15秒
Jun 14 06:41:48 逛活动赚金币任务结束失败，任务已达上限
Jun 14 06:41:48 逛活动赚金币任务开启失败，任务已达上限
Jun 14 06:41:48 【1/85】浏览商品任务记录成功，等待15秒
Jun 14 06:41:56 看视频赚金币任务完成，获得30金币
Jun 14 06:41:56 【2/85】浏览商品任务记录成功，等待15秒
Jun 14 06:42:03 看视频赚金币任务完成，获得30金币
Jun 14 06:42:03 【3/85】浏览商品任务记录成功，等待15秒
Jun 14 06:42:11 看视频赚金币任务完成，获得30金币
Jun 14 06:42:12 【4/85】浏览商品任务记录成功，等待15秒
Jun 14 06:42:18 看视频赚金币任务完成，获得30金币
Jun 14 06:42:18 【5/85】浏览商品任务记录成功，等待15秒
Jun 14 06:42:27 看视频赚金币任务完成，获得120金币
Jun 14 06:42:27 【6/85】浏览商品任务记录成功，等待15秒
Jun 14 06:42:33 看视频赚金币任务完成，获得30金币
Jun 14 06:42:33 【7/85】浏览商品任务记录成功，等待15秒
Jun 14 06:42:42 看视频赚金币任务完成，获得30金币
Jun 14 06:42:42 【8/85】浏览商品任务记录成功，等待15秒
Jun 14 06:42:48 看视频赚金币任务完成，获得30金币
Jun 14 06:42:48 【9/85】浏览商品任务记录成功，等待15秒
Jun 14 06:42:57 看视频赚金币任务完成，获得30金币
Jun 14 06:42:57 【10/85】浏览商品任务记录成功，等待15秒
Jun 14 06:43:03 看视频赚金币任务完成，获得120金币
Jun 14 06:43:03 【11/85】浏览商品任务记录成功，等待15秒
Jun 14 06:43:12 看视频赚金币任务完成，获得30金币
Jun 14 06:43:12 【12/85】浏览商品任务记录成功，等待15秒
Jun 14 06:43:18 看视频赚金币任务完成，获得30金币
Jun 14 06:43:18 【13/85】浏览商品任务记录成功，等待15秒
Jun 14 06:43:27 看视频赚金币任务完成，获得30金币
Jun 14 06:43:27 【14/85】浏览商品任务记录成功，等待15秒
Jun 14 06:43:34 看视频赚金币任务完成，获得30金币
Jun 14 06:43:34 【15/85】浏览商品任务记录成功，等待15秒
Jun 14 06:43:42 看视频赚金币任务完成，获得120金币
Jun 14 06:43:42 【16/85】浏览商品任务记录成功，等待15秒
Jun 14 06:43:49 看视频赚金币任务完成，获得30金币
Jun 14 06:43:49 【17/85】浏览商品任务记录成功，等待15秒
Jun 14 06:43:57 看视频赚金币任务完成，获得30金币
Jun 14 06:43:57 【18/85】浏览商品任务记录成功，等待15秒
Jun 14 06:44:04 看视频赚金币任务完成，获得30金币
Jun 14 06:44:04 【19/85】浏览商品任务记录成功，等待15秒
Jun 14 06:44:13 看视频赚金币任务完成，获得30金币
Jun 14 06:44:13 【20/85】浏览商品任务记录成功，等待15秒
Jun 14 06:44:19 看视频赚金币任务完成，获得120金币
Jun 14 06:44:19 【21/85】浏览商品任务记录成功，等待15秒
Jun 14 06:44:28 看视频赚金币任务完成，获得30金币
Jun 14 06:44:28 【22/85】浏览商品任务记录成功，等待15秒
Jun 14 06:44:34 看视频赚金币任务完成，获得30金币
Jun 14 06:44:34 【23/85】浏览商品任务记录成功，等待15秒
Jun 14 06:44:43 看视频赚金币任务完成，获得30金币
Jun 14 06:44:43 【24/85】浏览商品任务记录成功，等待15秒
Jun 14 06:44:49 看视频赚金币任务完成，获得30金币
Jun 14 06:44:49 【25/85】浏览商品任务记录成功，等待15秒
Jun 14 06:44:58 看视频赚金币任务完成，获得120金币
Jun 14 06:44:58 【26/85】浏览商品任务记录成功，等待15秒
Jun 14 06:45:04 看视频赚金币任务完成，获得30金币
Jun 14 06:45:04 【27/85】浏览商品任务记录成功，等待15秒
Jun 14 06:45:13 看视频赚金币任务完成，获得30金币
Jun 14 06:45:13 【28/85】浏览商品任务记录成功，等待15秒
Jun 14 06:45:20 看视频赚金币任务完成，获得30金币
Jun 14 06:45:20 【29/85】浏览商品任务记录成功，等待15秒
Jun 14 06:45:28 看视频赚金币任务完成，获得30金币
Jun 14 06:45:28 【30/85】浏览商品任务记录成功，等待15秒
Jun 14 06:45:35 看视频赚金币任务完成，获得120金币
Jun 14 06:45:35 【31/85】浏览商品任务记录成功，等待15秒
Jun 14 06:45:43 看视频赚金币任务完成，获得30金币
Jun 14 06:45:43 【32/85】浏览商品任务记录成功，等待15秒
Jun 14 06:45:50 看视频赚金币任务完成，获得30金币
Jun 14 06:45:50 【33/85】浏览商品任务记录成功，等待15秒
Jun 14 06:45:59 看视频赚金币任务完成，获得30金币
Jun 14 06:45:59 【34/85】浏览商品任务记录成功，等待15秒
Jun 14 06:46:05 看视频赚金币任务完成，获得30金币
Jun 14 06:46:05 【35/85】浏览商品任务记录成功，等待15秒
Jun 14 06:46:14 看视频赚金币任务完成，获得120金币
Jun 14 06:46:14 【36/85】浏览商品任务记录成功，等待18秒
Jun 14 06:46:20 看视频赚金币任务完成，获得1金币
Jun 14 06:46:20 【37/85】浏览商品任务记录成功，等待18秒
Jun 14 06:46:32 看视频赚金币任务完成，获得25金币
Jun 14 06:46:32 【38/85】浏览商品任务记录成功，等待18秒
Jun 14 06:46:38 看视频赚金币任务完成，获得25金币
Jun 14 06:46:38 【39/85】浏览商品任务记录成功，等待18秒
Jun 14 06:46:50 看视频赚金币任务完成，获得25金币
Jun 14 06:46:50 【40/85】浏览商品任务记录成功，等待18秒
Jun 14 06:46:56 看视频赚金币任务完成，获得120金币
Jun 14 06:46:56 【41/85】浏览商品任务记录成功，等待18秒
Jun 14 06:47:08 看视频赚金币任务完成，获得25金币
Jun 14 06:47:08 【42/85】浏览商品任务记录成功，等待18秒
Jun 14 06:47:14 看视频赚金币任务完成，获得25金币
Jun 14 06:47:15 【43/85】浏览商品任务记录成功，等待18秒
Jun 14 06:47:26 看视频赚金币任务完成，获得25金币
Jun 14 06:47:26 【44/85】浏览商品任务记录成功，等待18秒
Jun 14 06:47:33 看视频赚金币任务完成，获得25金币
Jun 14 06:47:33 【45/85】浏览商品任务记录成功，等待18秒
Jun 14 06:47:44 看视频赚金币任务完成，获得120金币
Jun 14 06:47:45 【46/85】浏览商品任务记录成功，等待18秒
Jun 14 06:47:51 看视频赚金币任务完成，获得25金币
Jun 14 06:47:51 【47/85】浏览商品任务记录成功，等待18秒
Jun 14 06:48:03 看视频赚金币任务完成，获得25金币
Jun 14 06:48:03 【48/85】浏览商品任务记录成功，等待18秒
Jun 14 06:48:09 看视频赚金币任务完成，获得25金币
Jun 14 06:48:09 【49/85】浏览商品任务记录成功，等待18秒
Jun 14 06:48:21 看视频赚金币任务完成，获得25金币
Jun 14 06:48:21 【50/85】浏览商品任务记录成功，等待18秒
Jun 14 06:48:27 看视频赚金币任务完成，获得120金币
Jun 14 06:48:27 【51/85】浏览商品任务记录成功，等待18秒
Jun 14 06:48:39 看视频赚金币任务完成，获得25金币
Jun 14 06:48:39 【52/85】浏览商品任务记录成功，等待18秒
Jun 14 06:48:45 看视频赚金币任务完成，获得25金币
Jun 14 06:48:45 【53/85】浏览商品任务记录成功，等待18秒
Jun 14 06:48:57 看视频赚金币任务完成，获得25金币
Jun 14 06:48:57 【54/85】浏览商品任务记录成功，等待18秒
Jun 14 06:49:03 看视频赚金币任务完成，获得25金币
Jun 14 06:49:03 【55/85】浏览商品任务记录成功，等待18秒
Jun 14 06:49:15 看视频赚金币任务完成，获得120金币
Jun 14 06:49:15 【56/85】浏览商品任务记录成功，等待18秒
Jun 14 06:49:21 看视频赚金币任务完成，获得25金币
Jun 14 06:49:21 【57/85】浏览商品任务记录成功，等待18秒
Jun 14 06:49:33 看视频赚金币任务完成，获得25金币
Jun 14 06:49:33 【58/85】浏览商品任务记录成功，等待18秒
Jun 14 06:49:40 看视频赚金币任务完成，获得25金币
Jun 14 06:49:40 【59/85】浏览商品任务记录成功，等待18秒
Jun 14 06:49:51 看视频赚金币任务完成，获得25金币
Jun 14 06:49:51 【60/85】浏览商品任务记录成功，等待18秒
Jun 14 06:49:58 看视频赚金币任务完成，获得120金币
Jun 14 06:49:58 【61/85】浏览商品任务记录成功，等待20秒
Jun 14 06:50:10 看视频赚金币任务完成，获得1金币
Jun 14 06:50:10 【62/85】浏览商品任务记录成功，等待20秒
Jun 14 06:50:18 看视频赚金币任务完成，获得10金币
Jun 14 06:50:18 【63/85】浏览商品任务记录成功，等待20秒
Jun 14 06:50:30 看视频赚金币任务完成，获得10金币
Jun 14 06:50:30 【64/85】浏览商品任务记录成功，等待20秒
Jun 14 06:50:38 看视频赚金币任务完成，获得10金币
Jun 14 06:50:38 【65/85】浏览商品任务记录成功，等待20秒
Jun 14 06:50:50 看视频赚金币任务完成，获得60金币
Jun 14 06:50:50 【66/85】浏览商品任务记录成功，等待20秒
Jun 14 06:50:58 看视频赚金币任务完成，获得10金币
Jun 14 06:50:58 【67/85】浏览商品任务记录成功，等待20秒
Jun 14 06:51:10 看视频赚金币任务完成，获得10金币
Jun 14 06:51:10 【68/85】浏览商品任务记录成功，等待20秒
Jun 14 06:51:18 看视频赚金币任务完成，获得10金币
Jun 14 06:51:18 【69/85】浏览商品任务记录成功，等待20秒
Jun 14 06:51:30 看视频赚金币任务完成，获得10金币
Jun 14 06:51:30 【70/85】浏览商品任务记录成功，等待20秒
Jun 14 06:51:38 看视频赚金币任务完成，获得60金币
Jun 14 06:51:39 【71/85】浏览商品任务记录成功，等待20秒
Jun 14 06:51:50 看视频赚金币任务完成，获得10金币
Jun 14 06:51:50 【72/85】浏览商品任务记录成功，等待20秒
Jun 14 06:51:59 看视频赚金币任务完成，获得10金币
Jun 14 06:51:59 【73/85】浏览商品任务记录成功，等待20秒
Jun 14 06:52:10 看视频赚金币任务完成，获得10金币
Jun 14 06:52:10 【74/85】浏览商品任务记录成功，等待20秒
Jun 14 06:52:19 看视频赚金币任务完成，获得10金币
Jun 14 06:52:19 【75/85】浏览商品任务记录成功，等待20秒
Jun 14 06:52:31 看视频赚金币任务完成，获得60金币
Jun 14 06:52:31 【76/85】浏览商品任务记录成功，等待30秒
Jun 14 06:52:39 看视频赚金币任务完成，获得1金币
Jun 14 06:52:39 【77/85】浏览商品任务记录成功，等待30秒
Jun 14 06:53:01 看视频赚金币任务完成，获得5金币
Jun 14 06:53:01 【78/85】浏览商品任务记录成功，等待30秒
Jun 14 06:53:09 看视频赚金币任务完成，获得5金币
Jun 14 06:53:09 【79/85】浏览商品任务记录成功，等待30秒
Jun 14 06:53:31 看视频赚金币任务完成，获得5金币
Jun 14 06:53:31 【80/85】浏览商品任务记录成功，等待30秒
Jun 14 06:53:39 看视频赚金币任务完成，获得40金币
Jun 14 06:53:39 【81/85】浏览商品任务记录成功，等待30秒
Jun 14 06:54:01 看视频赚金币任务完成，获得5金币
Jun 14 06:54:01 【82/85】浏览商品任务记录成功，等待30秒
Jun 14 06:54:09 看视频赚金币任务完成，获得5金币
Jun 14 06:54:09 【83/85】浏览商品任务记录成功，等待30秒
Jun 14 06:54:31 看视频赚金币任务完成，获得5金币
Jun 14 06:54:31 【84/85】浏览商品任务记录成功，等待30秒
Jun 14 06:54:39 看视频赚金币任务完成，获得5金币
Jun 14 06:54:40 【85/85】浏览商品任务记录成功，等待30秒
Jun 14 06:55:01 看视频赚金币任务完成，获得40金币
Jun 14 06:55:01 看视频赚金币任务已达上限
Jun 14 06:55:01 邀好友赚金币已完成
Jun 14 06:55:01 拆红包得现金已完成
Jun 14 06:55:01 省钱大赢家已完成
Jun 14 06:55:01 签到提现已完成
Jun 14 06:55:01 东东爱消除已完成
Jun 14 06:55:01 购券抽大奖已完成
Jun 14 06:55:01 幸运转盘已完成
Jun 14 06:55:01 现金签到已完成
Jun 14 06:55:01 推推赚大钱已完成
Jun 14 06:55:01 天天抽奖已完成
Jun 14 06:55:01 水果免费领已完成
Jun 14 06:55:01 砍价免费拿已完成
Jun 14 06:55:01 
Jun 14 06:55:01 ==============📣系统通知📣==============
Jun 14 06:55:01 京东极速版
Jun 14 06:55:01 京东账号2jd_rkylFaEIkvBL
Jun 14 06:55:01 本次运行获得3124金币，共计208845金币
Jun 14 06:55:03 
Jun 14 06:55:03 🔔京东极速版, 结束! 🕛 2043.63 秒
Jun 14 06:55:03 
Jun 14 06:55:10 看视频赚金币任务结束失败，任务已达上限
Jun 14 06:55:10 看视频赚金币任务已达上限
Jun 14 06:55:10 邀好友赚金币已完成
Jun 14 06:55:10 拆红包得现金已完成
Jun 14 06:55:10 省钱大赢家已完成
Jun 14 06:55:10 签到提现已完成
Jun 14 06:55:10 东东爱消除已完成
Jun 14 06:55:10 购券抽大奖已完成
Jun 14 06:55:10 幸运转盘已完成
Jun 14 06:55:10 现金签到已完成
Jun 14 06:55:10 推推赚大钱已完成
Jun 14 06:55:10 天天抽奖已完成
Jun 14 06:55:10 水果免费领已完成
Jun 14 06:55:10 砍价免费拿已完成
Jun 14 06:55:10 
Jun 14 06:55:10 ==============📣系统通知📣==============
Jun 14 06:55:10 京东极速版
Jun 14 06:55:10 京东账号2jd_rkylFaEIkvBL
Jun 14 06:55:10 本次运行获得2842金币，共计208845金币
Jun 14 06:55:12 
Jun 14 06:55:12 🔔京东极速版, 结束! 🕛 2051.921 秒
Jun 14 06:55:12 
Jun 15 01:21:00 
Jun 15 01:21:00 🔔京东极速版, 开始!
Jun 15 01:21:00 
Jun 15 01:21:00 🔔京东极速版, 开始!
Jun 15 01:21:00 您的cookie选择的是用&隔开
Jun 15 01:21:00 
Jun 15 01:21:00 
Jun 15 01:21:00 ====================共有2个京东账号Cookie=========
Jun 15 01:21:00 
Jun 15 01:21:00 您的cookie选择的是用&隔开
Jun 15 01:21:00 
Jun 15 01:21:00 
Jun 15 01:21:00 ====================共有2个京东账号Cookie=========
Jun 15 01:21:00 
Jun 15 01:21:00 ==================脚本执行- 北京时间(UTC+8)：6/15/2021, 1:21:00 AM=====================
Jun 15 01:21:00 
Jun 15 01:21:00 ==================脚本执行- 北京时间(UTC+8)：6/15/2021, 1:21:00 AM=====================
Jun 15 01:21:00 
Jun 15 01:21:00 
Jun 15 01:21:00 ******开始【京东账号1】lman87*********
Jun 15 01:21:00 
Jun 15 01:21:00 
Jun 15 01:21:00 ******开始【京东账号1】lman87*********
Jun 15 01:21:00 
Jun 15 01:21:01 京东极速版 API请求失败，请检查网路重试
Jun 15 01:21:01 京东极速版 API请求失败，请检查网路重试
Jun 15 01:21:01 【幸运大转盘】剩余抽奖机会：2
Jun 15 01:21:01 【幸运大转盘】剩余抽奖机会：1
Jun 15 01:21:01 幸运大转盘抽奖获得：【19-10福利神券-老人】
Jun 15 01:21:01 
Jun 15 01:21:01 幸运大转盘抽奖获得：【undefined-500undefined】
Jun 15 01:21:01 
Jun 15 01:21:01 幸运大转盘抽奖获得：空气
Jun 15 01:21:02 去做任务转盘抽奖逛会场
Jun 15 01:21:02 任务完成成功
Jun 15 01:21:02 【幸运大转盘】剩余抽奖机会：1
Jun 15 01:21:02 幸运大转盘抽奖获得：【39-30福利神券-老人】
Jun 15 01:21:02 
Jun 15 01:21:02 【幸运大转盘】剩余抽奖机会：0
Jun 15 01:21:02 签到获得0.12现金，共计获得8.20
Jun 15 01:21:02 逛商品赚金币已完成
Jun 15 01:21:02 逛活动赚金币已完成
Jun 15 01:21:02 看视频赚金币已完成
Jun 15 01:21:02 邀好友赚金币任务完成成功，预计获得60金币
Jun 15 01:21:03 签到失败，用户已签到
Jun 15 01:21:03 逛商品赚金币已完成
Jun 15 01:21:03 逛活动赚金币已完成
Jun 15 01:21:03 看视频赚金币已完成
Jun 15 01:21:03 邀好友赚金币已完成
Jun 15 01:21:03 省钱大赢家任务完成成功，预计获得60金币
Jun 15 01:21:03 任务完成失败，当前任务已完成
Jun 15 01:21:04 签到提现任务完成成功，预计获得60金币
Jun 15 01:21:04 任务完成失败，当前任务已完成
Jun 15 01:21:05 东东爱消除任务完成成功，预计获得60金币
Jun 15 01:21:05 任务完成失败，当前任务已完成
Jun 15 01:21:06 购券抽大奖任务完成成功，预计获得60金币
Jun 15 01:21:06 任务完成失败，当前任务已完成
Jun 15 01:21:07 幸运转盘任务完成成功，预计获得60金币
Jun 15 01:21:08 任务完成失败，当前任务已完成
Jun 15 01:21:08 现金签到任务完成成功，预计获得60金币
Jun 15 01:21:09 任务完成失败，当前任务已完成
Jun 15 01:21:09 推推赚大钱任务完成成功，预计获得60金币
Jun 15 01:21:10 任务完成失败，当前任务已完成
Jun 15 01:21:10 天天抽奖任务完成成功，预计获得60金币
Jun 15 01:21:11 任务完成失败，当前任务已完成
Jun 15 01:21:11 水果免费领任务完成成功，预计获得60金币
Jun 15 01:21:12 任务完成失败，当前任务已完成
Jun 15 01:21:12 砍价免费拿任务完成成功，预计获得60金币
Jun 15 01:21:13 任务完成失败，当前任务已完成
Jun 15 01:21:13 气泡收取成功，获得60金币
Jun 15 01:21:14 气泡收取成功，获得60金币
Jun 15 01:21:14 气泡收取失败，该笔金币已领取，请刷新页面
Jun 15 01:21:14 气泡收取成功，获得60金币
Jun 15 01:21:14 气泡收取失败，该笔金币已领取，请刷新页面
Jun 15 01:21:15 气泡收取成功，获得60金币
Jun 15 01:21:15 气泡收取失败，该笔金币已领取，请刷新页面
Jun 15 01:21:16 气泡收取失败，该笔金币已领取，请刷新页面
Jun 15 01:21:16 气泡收取成功，获得60金币
Jun 15 01:21:16 气泡收取成功，获得60金币
Jun 15 01:21:16 气泡收取失败，该笔金币已领取，请刷新页面
Jun 15 01:21:17 气泡收取成功，获得60金币
Jun 15 01:21:17 气泡收取失败，活动太火爆，请稍后再试
Jun 15 01:21:17 气泡收取失败，活动太火爆，请稍后再试
Jun 15 01:21:17 气泡收取成功，获得60金币
Jun 15 01:21:18 气泡收取失败，活动太火爆，请稍后再试
Jun 15 01:21:18 气泡收取成功，获得60金币
Jun 15 01:21:18 气泡收取失败，活动太火爆，请稍后再试
Jun 15 01:21:18 气泡收取成功，获得60金币
Jun 15 01:21:19 气泡收取成功，获得60金币
Jun 15 01:21:19 气泡收取失败，该笔金币已领取，请刷新页面
Jun 15 01:21:20 
Jun 15 01:21:20 ==============📣系统通知📣==============
Jun 15 01:21:20 京东极速版
Jun 15 01:21:20 京东账号1lman87
Jun 15 01:21:20 幸运大转盘抽奖获得：【undefined-500undefined】
Jun 15 01:21:20 幸运大转盘抽奖获得：【39-30福利神券-老人】
Jun 15 01:21:20 本次运行获得480金币，共计191070金币
Jun 15 01:21:20 
Jun 15 01:21:20 ==============📣系统通知📣==============
Jun 15 01:21:20 京东极速版
Jun 15 01:21:20 京东账号1lman87
Jun 15 01:21:20 幸运大转盘抽奖获得：【19-10福利神券-老人】
Jun 15 01:21:20 本次运行获得180金币，共计191070金币
Jun 15 01:21:22 
Jun 15 01:21:22 ******开始【京东账号2】jd_rkylFaEIkvBL*********
Jun 15 01:21:22 
Jun 15 01:21:22 
Jun 15 01:21:22 ******开始【京东账号2】jd_rkylFaEIkvBL*********
Jun 15 01:21:22 
Jun 15 01:21:22 京东极速版 API请求失败，请检查网路重试
Jun 15 01:21:22 京东极速版 API请求失败，请检查网路重试
Jun 15 01:21:22 【幸运大转盘】剩余抽奖机会：2
Jun 15 01:21:22 【幸运大转盘】剩余抽奖机会：2
Jun 15 01:21:22 幸运大转盘抽奖获得：空气
Jun 15 01:21:22 幸运大转盘抽奖获得：【undefined-0.50undefined】
Jun 15 01:21:22 
Jun 15 01:21:22 幸运大转盘抽奖获得：空气
Jun 15 01:21:22 幸运大转盘抽奖获得：【undefined-500undefined】
Jun 15 01:21:22 
Jun 15 01:21:23 去做任务转盘抽奖逛会场
Jun 15 01:21:23 去做任务转盘抽奖逛会场
Jun 15 01:21:23 任务完成成功
Jun 15 01:21:23 {"success":false,"code":2005,"errMsg":"任务已完成","data":{"finished":true,"alreadyGranted":null,"userFinishedTimes":1,"finishNeed":1,"awardInfo":null,"canDrawAwardNum":null,"activityCode":null,"activityMsg":null}}
Jun 15 01:21:23 【幸运大转盘】剩余抽奖机会：1
Jun 15 01:21:23 【幸运大转盘】剩余抽奖机会：1
Jun 15 01:21:23 幸运大转盘抽奖获得：空气
Jun 15 01:21:23 幸运大转盘抽奖获得：【29-20福利神券-老人】
Jun 15 01:21:23 
Jun 15 01:21:24 签到获得0.12现金，共计获得8.12
Jun 15 01:21:24 签到失败，频繁点击
Jun 15 01:21:24 逛商品赚金币已完成
Jun 15 01:21:24 逛活动赚金币已完成
Jun 15 01:21:24 看视频赚金币已完成
Jun 15 01:21:24 逛商品赚金币已完成
Jun 15 01:21:24 逛活动赚金币已完成
Jun 15 01:21:24 看视频赚金币已完成
Jun 15 01:21:24 邀好友赚金币任务完成成功，预计获得60金币
Jun 15 01:21:24 任务完成失败，当前任务已完成
Jun 15 01:21:25 省钱大赢家任务完成成功，预计获得60金币
Jun 15 01:21:25 任务完成失败，当前任务已完成
Jun 15 01:21:26 签到提现任务完成成功，预计获得60金币
Jun 15 01:21:26 任务完成失败，当前任务已完成
Jun 15 01:21:27 东东爱消除任务完成成功，预计获得60金币
Jun 15 01:21:27 任务完成失败，当前任务已完成
Jun 15 01:21:28 购券抽大奖任务完成成功，预计获得60金币
Jun 15 01:21:28 任务完成失败，当前任务已完成
Jun 15 01:21:29 任务完成失败，系统繁忙
Jun 15 01:21:29 幸运转盘任务完成成功，预计获得60金币
Jun 15 01:21:30 任务完成失败，系统繁忙
Jun 15 01:21:30 现金签到任务完成成功，预计获得60金币
Jun 15 01:21:31 推推赚大钱任务完成成功，预计获得60金币
Jun 15 01:21:31 任务完成失败，当前任务已完成
Jun 15 01:21:32 任务完成失败，系统繁忙
Jun 15 01:21:32 天天抽奖任务完成成功，预计获得60金币
Jun 15 01:21:33 任务完成失败，系统繁忙
Jun 15 01:21:33 水果免费领任务完成成功，预计获得60金币
Jun 15 01:21:34 砍价免费拿任务完成成功，预计获得60金币
Jun 15 01:21:34 任务完成失败，当前任务已完成
Jun 15 01:21:35 气泡收取失败，活动太火爆，请稍后再试
Jun 15 01:21:35 气泡收取成功，获得60金币
Jun 15 01:21:36 气泡收取成功，获得60金币
Jun 15 01:21:36 气泡收取失败，该笔金币已领取，请刷新页面
Jun 15 01:21:37 气泡收取失败，活动太火爆，请稍后再试
Jun 15 01:21:37 气泡收取成功，获得60金币
Jun 15 01:21:37 气泡收取失败，活动太火爆，请稍后再试
Jun 15 01:21:37 气泡收取成功，获得60金币
Jun 15 01:21:38 气泡收取失败，活动太火爆，请稍后再试
Jun 15 01:21:38 气泡收取成功，获得60金币
Jun 15 01:21:38 气泡收取失败，活动太火爆，请稍后再试
Jun 15 01:21:38 气泡收取成功，获得60金币
Jun 15 01:21:39 气泡收取失败，活动太火爆，请稍后再试
Jun 15 01:21:39 气泡收取成功，获得60金币
Jun 15 01:21:39 气泡收取成功，获得60金币
Jun 15 01:21:39 气泡收取失败，该笔金币已领取，请刷新页面
Jun 15 01:21:40 气泡收取成功，获得60金币
Jun 15 01:21:40 气泡收取失败，该笔金币已领取，请刷新页面
Jun 15 01:21:40 气泡收取失败，活动太火爆，请稍后再试
Jun 15 01:21:40 气泡收取成功，获得60金币
Jun 15 01:21:41 气泡收取失败，活动太火爆，请稍后再试
Jun 15 01:21:41 气泡收取成功，获得60金币
Jun 15 01:21:42 
Jun 15 01:21:42 ==============📣系统通知📣==============
Jun 15 01:21:42 京东极速版
Jun 15 01:21:42 京东账号2jd_rkylFaEIkvBL
Jun 15 01:21:42 幸运大转盘抽奖获得：【undefined-500undefined】
Jun 15 01:21:42 本次运行获得360金币，共计210005金币
Jun 15 01:21:42 
Jun 15 01:21:42 ==============📣系统通知📣==============
Jun 15 01:21:42 京东极速版
Jun 15 01:21:42 京东账号2jd_rkylFaEIkvBL
Jun 15 01:21:42 幸运大转盘抽奖获得：【undefined-0.50undefined】
Jun 15 01:21:42 幸运大转盘抽奖获得：【29-20福利神券-老人】
Jun 15 01:21:42 本次运行获得300金币，共计210005金币
Jun 15 01:21:44 
Jun 15 01:21:44 🔔京东极速版, 结束! 🕛 43.314 秒
Jun 15 01:21:44 
Jun 15 01:21:44 
Jun 15 01:21:44 🔔京东极速版, 结束! 🕛 43.316 秒
Jun 15 01:21:44 
Jun 15 06:21:00 
Jun 15 06:21:00 🔔京东极速版, 开始!
Jun 15 06:21:00 
Jun 15 06:21:00 🔔京东极速版, 开始!
Jun 15 06:21:00 您的cookie选择的是用&隔开
Jun 15 06:21:00 
Jun 15 06:21:00 
Jun 15 06:21:00 ====================共有2个京东账号Cookie=========
Jun 15 06:21:00 
Jun 15 06:21:00 您的cookie选择的是用&隔开
Jun 15 06:21:00 
Jun 15 06:21:00 
Jun 15 06:21:00 ====================共有2个京东账号Cookie=========
Jun 15 06:21:00 
Jun 15 06:21:00 ==================脚本执行- 北京时间(UTC+8)：6/15/2021, 6:21:00 AM=====================
Jun 15 06:21:00 
Jun 15 06:21:00 ==================脚本执行- 北京时间(UTC+8)：6/15/2021, 6:21:00 AM=====================
Jun 15 06:21:00 
Jun 15 06:21:00 
Jun 15 06:21:00 ******开始【京东账号1】lman87*********
Jun 15 06:21:00 
Jun 15 06:21:00 
Jun 15 06:21:00 ******开始【京东账号1】lman87*********
Jun 15 06:21:00 
Jun 15 06:21:00 京东极速版 API请求失败，请检查网路重试
Jun 15 06:21:00 京东极速版 API请求失败，请检查网路重试
Jun 15 06:21:00 【幸运大转盘】剩余抽奖机会：0
Jun 15 06:21:00 【幸运大转盘】剩余抽奖机会：0
Jun 15 06:21:00 【幸运大转盘】剩余抽奖机会：0
Jun 15 06:21:00 【幸运大转盘】剩余抽奖机会：0
Jun 15 06:21:00 签到失败，频繁点击
Jun 15 06:21:00 签到失败，用户已签到
Jun 15 06:21:00 【1/55】浏览商品任务记录成功，等待5秒
Jun 15 06:21:00 【1/55】浏览商品任务记录成功，等待5秒
Jun 15 06:21:06 逛商品赚金币任务完成，获得46金币
Jun 15 06:21:06 逛商品赚金币任务失败，当前任务已完成
Jun 15 06:21:06 【2/55】浏览商品任务记录成功，等待5秒
Jun 15 06:21:06 【2/55】浏览商品任务记录成功，等待5秒
Jun 15 06:21:11 逛商品赚金币任务完成，获得34金币
Jun 15 06:21:11 【3/55】浏览商品任务记录成功，等待5秒
Jun 15 06:21:11 逛商品赚金币任务失败，当前任务已完成
Jun 15 06:21:11 【3/55】浏览商品任务记录成功，等待5秒
Jun 15 06:21:16 逛商品赚金币任务完成，获得45金币
Jun 15 06:21:16 逛商品赚金币任务结束失败，当前任务已完成
Jun 15 06:21:16 【4/55】浏览商品任务记录成功，等待5秒
Jun 15 06:21:16 【4/55】浏览商品任务记录成功，等待5秒
Jun 15 06:21:21 逛商品赚金币任务完成，获得35金币
Jun 15 06:21:21 逛商品赚金币任务失败，当前任务已完成
Jun 15 06:21:21 【5/55】浏览商品任务记录成功，等待5秒
Jun 15 06:21:21 【5/55】浏览商品任务记录成功，等待5秒
Jun 15 06:21:26 逛商品赚金币任务完成，获得75金币
Jun 15 06:21:26 逛商品赚金币任务完成，获得34金币
Jun 15 06:21:26 【7/55】浏览商品任务记录成功，等待5秒
Jun 15 06:21:26 【7/55】浏览商品任务记录成功，等待5秒
Jun 15 06:21:31 逛商品赚金币任务完成，获得45金币
Jun 15 06:21:31 逛商品赚金币任务完成，获得35金币
Jun 15 06:21:31 【9/55】浏览商品任务记录成功，等待5秒
Jun 15 06:21:32 【9/55】浏览商品任务记录成功，等待5秒
Jun 15 06:21:37 逛商品赚金币任务完成，获得46金币
Jun 15 06:21:37 逛商品赚金币任务完成，获得62金币
Jun 15 06:21:37 【11/55】浏览商品任务记录成功，等待5秒
Jun 15 06:21:37 【11/55】浏览商品任务记录成功，等待5秒
Jun 15 06:21:42 逛商品赚金币任务完成，获得46金币
Jun 15 06:21:42 【12/55】浏览商品任务记录成功，等待5秒
Jun 15 06:21:42 逛商品赚金币任务完成，获得34金币
Jun 15 06:21:42 【13/55】浏览商品任务记录成功，等待5秒
Jun 15 06:21:47 逛商品赚金币任务完成，获得44金币
Jun 15 06:21:47 【14/55】浏览商品任务记录成功，等待5秒
Jun 15 06:21:47 逛商品赚金币任务完成，获得36金币
Jun 15 06:21:47 【15/55】浏览商品任务记录成功，等待5秒
Jun 15 06:21:52 逛商品赚金币任务完成，获得76金币
Jun 15 06:21:52 【16/55】浏览商品任务记录成功，等待5秒
Jun 15 06:21:52 逛商品赚金币任务完成，获得27金币
Jun 15 06:21:52 【17/55】浏览商品任务记录成功，等待5秒
Jun 15 06:21:57 逛商品赚金币任务完成，获得33金币
Jun 15 06:21:57 【18/55】浏览商品任务记录成功，等待5秒
Jun 15 06:21:58 逛商品赚金币任务完成，获得27金币
Jun 15 06:21:58 【19/55】浏览商品任务记录成功，等待5秒
Jun 15 06:22:02 逛商品赚金币任务完成，获得33金币
Jun 15 06:22:03 【20/55】浏览商品任务记录成功，等待5秒
Jun 15 06:22:03 逛商品赚金币任务完成，获得71金币
Jun 15 06:22:03 【21/55】浏览商品任务记录成功，等待5秒
Jun 15 06:22:08 逛商品赚金币任务完成，获得36金币
Jun 15 06:22:08 【22/55】浏览商品任务记录成功，等待5秒
Jun 15 06:22:08 逛商品赚金币任务完成，获得24金币
Jun 15 06:22:08 【23/55】浏览商品任务记录成功，等待5秒
Jun 15 06:22:13 逛商品赚金币任务完成，获得33金币
Jun 15 06:22:13 【24/55】浏览商品任务记录成功，等待5秒
Jun 15 06:22:13 逛商品赚金币任务完成，获得27金币
Jun 15 06:22:13 【25/55】浏览商品任务记录成功，等待5秒
Jun 15 06:22:18 逛商品赚金币任务完成，获得65金币
Jun 15 06:22:18 【26/55】浏览商品任务记录成功，等待5秒
Jun 15 06:22:18 逛商品赚金币任务完成，获得27金币
Jun 15 06:22:18 【27/55】浏览商品任务记录成功，等待5秒
Jun 15 06:22:23 逛商品赚金币任务完成，获得34金币
Jun 15 06:22:23 【28/55】浏览商品任务记录成功，等待5秒
Jun 15 06:22:23 逛商品赚金币任务完成，获得26金币
Jun 15 06:22:23 【29/55】浏览商品任务记录成功，等待5秒
Jun 15 06:22:28 逛商品赚金币任务完成，获得23金币
Jun 15 06:22:28 【30/55】浏览商品任务记录成功，等待5秒
Jun 15 06:22:29 逛商品赚金币任务完成，获得72金币
Jun 15 06:22:29 【31/55】浏览商品任务记录成功，等待5秒
Jun 15 06:22:34 逛商品赚金币任务完成，获得23金币
Jun 15 06:22:34 【32/55】浏览商品任务记录成功，等待5秒
Jun 15 06:22:34 逛商品赚金币任务完成，获得17金币
Jun 15 06:22:34 【33/55】浏览商品任务记录成功，等待5秒
Jun 15 06:22:39 逛商品赚金币任务完成，获得22金币
Jun 15 06:22:39 【34/55】浏览商品任务记录成功，等待5秒
Jun 15 06:22:39 逛商品赚金币任务完成，获得18金币
Jun 15 06:22:39 【35/55】浏览商品任务记录成功，等待5秒
Jun 15 06:22:44 逛商品赚金币任务完成，获得72金币
Jun 15 06:22:44 【36/55】浏览商品任务记录成功，等待5秒
Jun 15 06:22:44 逛商品赚金币任务完成，获得18金币
Jun 15 06:22:44 【37/55】浏览商品任务记录成功，等待5秒
Jun 15 06:22:49 逛商品赚金币任务完成，获得22金币
Jun 15 06:22:49 【38/55】浏览商品任务记录成功，等待5秒
Jun 15 06:22:49 逛商品赚金币任务完成，获得18金币
Jun 15 06:22:49 【39/55】浏览商品任务记录成功，等待5秒
Jun 15 06:22:54 逛商品赚金币任务完成，获得22金币
Jun 15 06:22:54 【40/55】浏览商品任务记录成功，等待5秒
Jun 15 06:22:54 逛商品赚金币任务完成，获得62金币
Jun 15 06:22:54 【41/55】浏览商品任务记录成功，等待5秒
Jun 15 06:22:59 逛商品赚金币任务完成，获得11金币
Jun 15 06:22:59 【42/55】浏览商品任务记录成功，等待5秒
Jun 15 06:23:00 逛商品赚金币任务完成，获得9金币
Jun 15 06:23:00 【43/55】浏览商品任务记录成功，等待5秒
Jun 15 06:23:05 逛商品赚金币任务完成，获得11金币
Jun 15 06:23:05 【44/55】浏览商品任务记录成功，等待5秒
Jun 15 06:23:05 逛商品赚金币任务完成，获得9金币
Jun 15 06:23:05 【45/55】浏览商品任务记录成功，等待5秒
Jun 15 06:23:10 逛商品赚金币任务完成，获得66金币
Jun 15 06:23:10 【46/55】浏览商品任务记录成功，等待5秒
Jun 15 06:23:10 逛商品赚金币任务完成，获得8金币
Jun 15 06:23:10 【47/55】浏览商品任务记录成功，等待5秒
Jun 15 06:23:15 逛商品赚金币任务完成，获得11金币
Jun 15 06:23:15 【48/55】浏览商品任务记录成功，等待5秒
Jun 15 06:23:15 逛商品赚金币任务完成，获得9金币
Jun 15 06:23:15 【49/55】浏览商品任务记录成功，等待5秒
Jun 15 06:23:20 逛商品赚金币任务完成，获得11金币
Jun 15 06:23:20 【50/55】浏览商品任务记录成功，等待5秒
Jun 15 06:23:20 逛商品赚金币任务完成，获得66金币
Jun 15 06:23:20 【51/55】浏览商品任务记录成功，等待5秒
Jun 15 06:23:25 逛商品赚金币任务完成，获得11金币
Jun 15 06:23:25 【52/55】浏览商品任务记录成功，等待5秒
Jun 15 06:23:25 逛商品赚金币任务完成，获得9金币
Jun 15 06:23:26 【53/55】浏览商品任务记录成功，等待5秒
Jun 15 06:23:30 逛商品赚金币任务完成，获得11金币
Jun 15 06:23:30 【54/55】浏览商品任务记录成功，等待5秒
Jun 15 06:23:31 逛商品赚金币任务完成，获得9金币
Jun 15 06:23:31 【55/55】浏览商品任务记录成功，等待5秒
Jun 15 06:23:36 逛商品赚金币任务完成，获得64金币
Jun 15 06:23:36 逛商品赚金币任务开启失败，任务已达上限
Jun 15 06:23:36 逛商品赚金币任务结束失败，任务已达上限
Jun 15 06:23:36 逛商品赚金币任务开启失败，任务已达上限
Jun 15 06:23:36 【1/10】浏览商品任务记录成功，等待10秒
Jun 15 06:23:36 【1/10】浏览商品任务记录成功，等待10秒
Jun 15 06:23:46 逛活动赚金币任务完成，获得60金币
Jun 15 06:23:46 逛活动赚金币任务结束失败，当前任务已完成
Jun 15 06:23:46 【2/10】浏览商品任务记录成功，等待10秒
Jun 15 06:23:46 【2/10】浏览商品任务记录成功，等待10秒
Jun 15 06:23:56 逛活动赚金币任务完成，获得120金币
Jun 15 06:23:56 【3/10】浏览商品任务记录成功，等待10秒
Jun 15 06:23:56 逛活动赚金币任务失败，当前任务已完成
Jun 15 06:23:56 【3/10】浏览商品任务记录成功，等待10秒
Jun 15 06:24:06 逛活动赚金币任务完成，获得60金币
Jun 15 06:24:06 【4/10】浏览商品任务记录成功，等待10秒
Jun 15 06:24:06 逛活动赚金币任务完成，获得120金币
Jun 15 06:24:07 【5/10】浏览商品任务记录成功，等待10秒
Jun 15 06:24:16 逛活动赚金币任务完成，获得60金币
Jun 15 06:24:17 【6/10】浏览商品任务记录成功，等待10秒
Jun 15 06:24:17 逛活动赚金币任务完成，获得120金币
Jun 15 06:24:17 【7/10】浏览商品任务记录成功，等待10秒
Jun 15 06:24:27 逛活动赚金币任务完成，获得60金币
Jun 15 06:24:27 【8/10】浏览商品任务记录成功，等待10秒
Jun 15 06:24:27 逛活动赚金币任务完成，获得120金币
Jun 15 06:24:27 【9/10】浏览商品任务记录成功，等待10秒
Jun 15 06:24:37 逛活动赚金币任务完成，获得60金币
Jun 15 06:24:37 【10/10】浏览商品任务记录成功，等待10秒
Jun 15 06:24:37 逛活动赚金币任务完成，获得120金币
Jun 15 06:24:37 逛活动赚金币任务开启失败，任务已达上限
Jun 15 06:24:37 【1/85】浏览商品任务记录成功，等待15秒
Jun 15 06:24:47 逛活动赚金币任务结束失败，任务已达上限
Jun 15 06:24:47 逛活动赚金币任务开启失败，任务已达上限
Jun 15 06:24:47 【1/85】浏览商品任务记录成功，等待15秒
Jun 15 06:24:52 看视频赚金币任务完成，获得30金币
Jun 15 06:24:52 【2/85】浏览商品任务记录成功，等待15秒
Jun 15 06:25:02 看视频赚金币任务完成，获得30金币
Jun 15 06:25:02 【3/85】浏览商品任务记录成功，等待15秒
Jun 15 06:25:07 看视频赚金币任务完成，获得30金币
Jun 15 06:25:07 【4/85】浏览商品任务记录成功，等待15秒
Jun 15 06:25:17 看视频赚金币任务完成，获得30金币
Jun 15 06:25:17 【5/85】浏览商品任务记录成功，等待15秒
Jun 15 06:25:22 看视频赚金币任务完成，获得120金币
Jun 15 06:25:22 【6/85】浏览商品任务记录成功，等待15秒
Jun 15 06:25:32 看视频赚金币任务完成，获得30金币
Jun 15 06:25:32 【7/85】浏览商品任务记录成功，等待15秒
Jun 15 06:25:38 看视频赚金币任务完成，获得30金币
Jun 15 06:25:38 【8/85】浏览商品任务记录成功，等待15秒
Jun 15 06:25:48 看视频赚金币任务完成，获得30金币
Jun 15 06:25:48 【9/85】浏览商品任务记录成功，等待15秒
Jun 15 06:25:53 看视频赚金币任务完成，获得30金币
Jun 15 06:25:53 【10/85】浏览商品任务记录成功，等待15秒
Jun 15 06:26:03 看视频赚金币任务完成，获得120金币
Jun 15 06:26:03 【11/85】浏览商品任务记录成功，等待15秒
Jun 15 06:26:08 看视频赚金币任务完成，获得30金币
Jun 15 06:26:08 【12/85】浏览商品任务记录成功，等待15秒
Jun 15 06:26:18 看视频赚金币任务完成，获得30金币
Jun 15 06:26:18 【13/85】浏览商品任务记录成功，等待15秒
Jun 15 06:26:23 看视频赚金币任务完成，获得30金币
Jun 15 06:26:23 【14/85】浏览商品任务记录成功，等待15秒
Jun 15 06:26:33 看视频赚金币任务完成，获得30金币
Jun 15 06:26:33 【15/85】浏览商品任务记录成功，等待15秒
Jun 15 06:26:38 看视频赚金币任务完成，获得120金币
Jun 15 06:26:38 【16/85】浏览商品任务记录成功，等待15秒
Jun 15 06:26:48 看视频赚金币任务完成，获得30金币
Jun 15 06:26:48 【17/85】浏览商品任务记录成功，等待15秒
Jun 15 06:26:53 看视频赚金币任务完成，获得30金币
Jun 15 06:26:53 【18/85】浏览商品任务记录成功，等待15秒
Jun 15 06:27:03 看视频赚金币任务完成，获得30金币
Jun 15 06:27:03 【19/85】浏览商品任务记录成功，等待15秒
Jun 15 06:27:08 看视频赚金币任务完成，获得30金币
Jun 15 06:27:08 【20/85】浏览商品任务记录成功，等待15秒
Jun 15 06:27:18 看视频赚金币任务完成，获得120金币
Jun 15 06:27:18 【21/85】浏览商品任务记录成功，等待15秒
Jun 15 06:27:24 看视频赚金币任务完成，获得30金币
Jun 15 06:27:24 【22/85】浏览商品任务记录成功，等待15秒
Jun 15 06:27:33 看视频赚金币任务完成，获得30金币
Jun 15 06:27:33 【23/85】浏览商品任务记录成功，等待15秒
Jun 15 06:27:39 看视频赚金币任务完成，获得30金币
Jun 15 06:27:39 【24/85】浏览商品任务记录成功，等待15秒
Jun 15 06:27:49 看视频赚金币任务完成，获得30金币
Jun 15 06:27:49 【25/85】浏览商品任务记录成功，等待15秒
Jun 15 06:27:54 看视频赚金币任务完成，获得120金币
Jun 15 06:27:54 【26/85】浏览商品任务记录成功，等待15秒
Jun 15 06:28:04 看视频赚金币任务完成，获得30金币
Jun 15 06:28:04 【27/85】浏览商品任务记录成功，等待15秒
Jun 15 06:28:09 看视频赚金币任务完成，获得30金币
Jun 15 06:28:09 【28/85】浏览商品任务记录成功，等待15秒
Jun 15 06:28:19 看视频赚金币任务完成，获得30金币
Jun 15 06:28:19 【29/85】浏览商品任务记录成功，等待15秒
Jun 15 06:28:24 看视频赚金币任务完成，获得30金币
Jun 15 06:28:24 【30/85】浏览商品任务记录成功，等待15秒
Jun 15 06:28:34 看视频赚金币任务完成，获得120金币
Jun 15 06:28:34 【31/85】浏览商品任务记录成功，等待15秒
Jun 15 06:28:39 看视频赚金币任务完成，获得30金币
Jun 15 06:28:39 【32/85】浏览商品任务记录成功，等待15秒
Jun 15 06:28:49 看视频赚金币任务完成，获得30金币
Jun 15 06:28:49 【33/85】浏览商品任务记录成功，等待15秒
Jun 15 06:28:54 看视频赚金币任务完成，获得30金币
Jun 15 06:28:54 【34/85】浏览商品任务记录成功，等待15秒
Jun 15 06:29:04 看视频赚金币任务完成，获得30金币
Jun 15 06:29:04 【35/85】浏览商品任务记录成功，等待15秒
Jun 15 06:29:10 看视频赚金币任务完成，获得120金币
Jun 15 06:29:10 【36/85】浏览商品任务记录成功，等待18秒
Jun 15 06:29:19 看视频赚金币任务完成，获得1金币
Jun 15 06:29:19 【37/85】浏览商品任务记录成功，等待18秒
Jun 15 06:29:28 看视频赚金币任务完成，获得25金币
Jun 15 06:29:28 【38/85】浏览商品任务记录成功，等待18秒
Jun 15 06:29:38 看视频赚金币任务完成，获得25金币
Jun 15 06:29:38 【39/85】浏览商品任务记录成功，等待18秒
Jun 15 06:29:46 看视频赚金币任务完成，获得25金币
Jun 15 06:29:46 【40/85】浏览商品任务记录成功，等待18秒
Jun 15 06:29:56 看视频赚金币任务完成，获得120金币
Jun 15 06:29:56 【41/85】浏览商品任务记录成功，等待18秒
Jun 15 06:30:04 看视频赚金币任务完成，获得25金币
Jun 15 06:30:04 【42/85】浏览商品任务记录成功，等待18秒
Jun 15 06:30:14 看视频赚金币任务完成，获得25金币
Jun 15 06:30:14 【43/85】浏览商品任务记录成功，等待18秒
Jun 15 06:30:22 看视频赚金币任务完成，获得25金币
Jun 15 06:30:22 【44/85】浏览商品任务记录成功，等待18秒
Jun 15 06:30:32 看视频赚金币任务完成，获得25金币
Jun 15 06:30:32 【45/85】浏览商品任务记录成功，等待18秒
Jun 15 06:30:40 看视频赚金币任务完成，获得120金币
Jun 15 06:30:40 【46/85】浏览商品任务记录成功，等待18秒
Jun 15 06:30:50 看视频赚金币任务完成，获得25金币
Jun 15 06:30:50 【47/85】浏览商品任务记录成功，等待18秒
Jun 15 06:30:59 看视频赚金币任务完成，获得25金币
Jun 15 06:30:59 【48/85】浏览商品任务记录成功，等待18秒
Jun 15 06:31:08 看视频赚金币任务完成，获得25金币
Jun 15 06:31:08 【49/85】浏览商品任务记录成功，等待18秒
Jun 15 06:31:17 看视频赚金币任务完成，获得25金币
Jun 15 06:31:17 【50/85】浏览商品任务记录成功，等待18秒
Jun 15 06:31:26 看视频赚金币任务完成，获得120金币
Jun 15 06:31:26 【51/85】浏览商品任务记录成功，等待18秒
Jun 15 06:31:35 看视频赚金币任务完成，获得25金币
Jun 15 06:31:35 【52/85】浏览商品任务记录成功，等待18秒
Jun 15 06:31:44 看视频赚金币任务完成，获得25金币
Jun 15 06:31:45 【53/85】浏览商品任务记录成功，等待18秒
Jun 15 06:31:53 看视频赚金币任务完成，获得25金币
Jun 15 06:31:53 【54/85】浏览商品任务记录成功，等待18秒
Jun 15 06:32:03 看视频赚金币任务完成，获得25金币
Jun 15 06:32:03 【55/85】浏览商品任务记录成功，等待18秒
Jun 15 06:32:11 看视频赚金币任务完成，获得120金币
Jun 15 06:32:11 【56/85】浏览商品任务记录成功，等待18秒
Jun 15 06:32:21 看视频赚金币任务完成，获得25金币
Jun 15 06:32:21 【57/85】浏览商品任务记录成功，等待18秒
Jun 15 06:32:29 看视频赚金币任务完成，获得25金币
Jun 15 06:32:29 【58/85】浏览商品任务记录成功，等待18秒
Jun 15 06:32:39 看视频赚金币任务完成，获得25金币
Jun 15 06:32:39 【59/85】浏览商品任务记录成功，等待18秒
Jun 15 06:32:47 看视频赚金币任务完成，获得25金币
Jun 15 06:32:47 【60/85】浏览商品任务记录成功，等待18秒
Jun 15 06:32:57 看视频赚金币任务完成，获得120金币
Jun 15 06:32:57 【61/85】浏览商品任务记录成功，等待20秒
Jun 15 06:33:06 看视频赚金币任务完成，获得1金币
Jun 15 06:33:06 【62/85】浏览商品任务记录成功，等待20秒
Jun 15 06:33:17 看视频赚金币任务完成，获得10金币
Jun 15 06:33:17 【63/85】浏览商品任务记录成功，等待20秒
Jun 15 06:33:26 看视频赚金币任务完成，获得10金币
Jun 15 06:33:26 【64/85】浏览商品任务记录成功，等待20秒
Jun 15 06:33:37 看视频赚金币任务完成，获得10金币
Jun 15 06:33:37 【65/85】浏览商品任务记录成功，等待20秒
Jun 15 06:33:46 看视频赚金币任务完成，获得60金币
Jun 15 06:33:46 【66/85】浏览商品任务记录成功，等待20秒
Jun 15 06:33:57 看视频赚金币任务完成，获得10金币
Jun 15 06:33:58 【67/85】浏览商品任务记录成功，等待20秒
Jun 15 06:34:06 看视频赚金币任务完成，获得10金币
Jun 15 06:34:06 【68/85】浏览商品任务记录成功，等待20秒
Jun 15 06:34:18 看视频赚金币任务完成，获得10金币
Jun 15 06:34:18 【69/85】浏览商品任务记录成功，等待20秒
Jun 15 06:34:26 看视频赚金币任务完成，获得10金币
Jun 15 06:34:26 【70/85】浏览商品任务记录成功，等待20秒
Jun 15 06:34:38 看视频赚金币任务完成，获得60金币
Jun 15 06:34:38 【71/85】浏览商品任务记录成功，等待20秒
Jun 15 06:34:46 看视频赚金币任务完成，获得10金币
Jun 15 06:34:46 【72/85】浏览商品任务记录成功，等待20秒
Jun 15 06:34:58 看视频赚金币任务完成，获得10金币
Jun 15 06:34:58 【73/85】浏览商品任务记录成功，等待20秒
Jun 15 06:35:06 看视频赚金币任务完成，获得10金币
Jun 15 06:35:06 【74/85】浏览商品任务记录成功，等待20秒
Jun 15 06:35:18 看视频赚金币任务完成，获得10金币
Jun 15 06:35:18 【75/85】浏览商品任务记录成功，等待20秒
Jun 15 06:35:27 看视频赚金币任务完成，获得60金币
Jun 15 06:35:27 【76/85】浏览商品任务记录成功，等待30秒
Jun 15 06:35:38 看视频赚金币任务完成，获得1金币
Jun 15 06:35:38 【77/85】浏览商品任务记录成功，等待30秒
Jun 15 06:35:57 看视频赚金币任务完成，获得5金币
Jun 15 06:35:57 【78/85】浏览商品任务记录成功，等待30秒
Jun 15 06:36:08 看视频赚金币任务完成，获得5金币
Jun 15 06:36:08 【79/85】浏览商品任务记录成功，等待30秒
Jun 15 06:36:27 看视频赚金币任务完成，获得5金币
Jun 15 06:36:27 【80/85】浏览商品任务记录成功，等待30秒
Jun 15 06:36:38 看视频赚金币任务完成，获得40金币
Jun 15 06:36:38 【81/85】浏览商品任务记录成功，等待30秒
Jun 15 06:36:57 看视频赚金币任务完成，获得5金币
Jun 15 06:36:57 【82/85】浏览商品任务记录成功，等待30秒
Jun 15 06:37:09 看视频赚金币任务完成，获得5金币
Jun 15 06:37:09 【83/85】浏览商品任务记录成功，等待30秒
Jun 15 06:37:27 看视频赚金币任务完成，获得5金币
Jun 15 06:37:27 【84/85】浏览商品任务记录成功，等待30秒
Jun 15 06:37:39 看视频赚金币任务完成，获得5金币
Jun 15 06:37:39 【85/85】浏览商品任务记录成功，等待30秒
Jun 15 06:37:57 看视频赚金币任务完成，获得40金币
Jun 15 06:37:57 看视频赚金币任务已达上限
Jun 15 06:37:57 邀好友赚金币已完成
Jun 15 06:37:57 省钱大赢家已完成
Jun 15 06:37:57 签到提现已完成
Jun 15 06:37:57 东东爱消除已完成
Jun 15 06:37:57 购券抽大奖已完成
Jun 15 06:37:57 幸运转盘已完成
Jun 15 06:37:57 现金签到已完成
Jun 15 06:37:57 推推赚大钱已完成
Jun 15 06:37:57 天天抽奖已完成
Jun 15 06:37:57 水果免费领已完成
Jun 15 06:37:57 砍价免费拿已完成
Jun 15 06:37:57 
Jun 15 06:37:57 ==============📣系统通知📣==============
Jun 15 06:37:57 京东极速版
Jun 15 06:37:57 京东账号1lman87
Jun 15 06:37:57 本次运行获得2901金币，共计196993金币
Jun 15 06:37:59 
Jun 15 06:37:59 ******开始【京东账号2】jd_rkylFaEIkvBL*********
Jun 15 06:37:59 
Jun 15 06:38:00 京东极速版 API请求失败，请检查网路重试
Jun 15 06:38:00 【幸运大转盘】剩余抽奖机会：0
Jun 15 06:38:00 【幸运大转盘】剩余抽奖机会：0
Jun 15 06:38:00 签到失败，用户已签到
Jun 15 06:38:00 【1/55】浏览商品任务记录成功，等待5秒
Jun 15 06:38:05 逛商品赚金币任务完成，获得46金币
Jun 15 06:38:05 【2/55】浏览商品任务记录成功，等待5秒
Jun 15 06:38:09 看视频赚金币任务结束失败，任务已达上限
Jun 15 06:38:09 看视频赚金币任务已达上限
Jun 15 06:38:09 邀好友赚金币已完成
Jun 15 06:38:09 省钱大赢家已完成
Jun 15 06:38:09 签到提现已完成
Jun 15 06:38:09 东东爱消除已完成
Jun 15 06:38:09 购券抽大奖已完成
Jun 15 06:38:09 幸运转盘已完成
Jun 15 06:38:09 现金签到已完成
Jun 15 06:38:09 推推赚大钱已完成
Jun 15 06:38:09 天天抽奖已完成
Jun 15 06:38:09 水果免费领已完成
Jun 15 06:38:09 砍价免费拿已完成
Jun 15 06:38:09 
Jun 15 06:38:09 ==============📣系统通知📣==============
Jun 15 06:38:09 京东极速版
Jun 15 06:38:09 京东账号1lman87
Jun 15 06:38:09 本次运行获得3022金币，共计196993金币
Jun 15 06:38:10 逛商品赚金币任务完成，获得34金币
Jun 15 06:38:10 【3/55】浏览商品任务记录成功，等待5秒
Jun 15 06:38:11 
Jun 15 06:38:11 ******开始【京东账号2】jd_rkylFaEIkvBL*********
Jun 15 06:38:11 
Jun 15 06:38:11 京东极速版 API请求失败，请检查网路重试
Jun 15 06:38:11 【幸运大转盘】剩余抽奖机会：0
Jun 15 06:38:11 【幸运大转盘】剩余抽奖机会：0
Jun 15 06:38:12 签到失败，用户已签到
Jun 15 06:38:12 【3/55】浏览商品任务记录成功，等待5秒
Jun 15 06:38:15 逛商品赚金币任务完成，获得45金币
Jun 15 06:38:16 【4/55】浏览商品任务记录成功，等待5秒
Jun 15 06:38:17 逛商品赚金币任务结束失败，当前任务已完成
Jun 15 06:38:17 【4/55】浏览商品任务记录成功，等待5秒
Jun 15 06:38:21 逛商品赚金币任务完成，获得35金币
Jun 15 06:38:21 【5/55】浏览商品任务记录成功，等待5秒
Jun 15 06:38:22 逛商品赚金币任务结束失败，当前任务已完成
Jun 15 06:38:22 【5/55】浏览商品任务记录成功，等待5秒
Jun 15 06:38:26 逛商品赚金币任务完成，获得68金币
Jun 15 06:38:26 【6/55】浏览商品任务记录成功，等待5秒
Jun 15 06:38:27 逛商品赚金币任务完成，获得34金币
Jun 15 06:38:27 【7/55】浏览商品任务记录成功，等待5秒
Jun 15 06:38:31 逛商品赚金币任务完成，获得45金币
Jun 15 06:38:31 【8/55】浏览商品任务记录成功，等待5秒
Jun 15 06:38:32 逛商品赚金币任务完成，获得35金币
Jun 15 06:38:32 【9/55】浏览商品任务记录成功，等待5秒
Jun 15 06:38:36 逛商品赚金币任务完成，获得46金币
Jun 15 06:38:36 【10/55】浏览商品任务记录成功，等待5秒
Jun 15 06:38:37 逛商品赚金币任务完成，获得75金币
Jun 15 06:38:37 【11/55】浏览商品任务记录成功，等待5秒
Jun 15 06:38:41 逛商品赚金币任务完成，获得46金币
Jun 15 06:38:41 【12/55】浏览商品任务记录成功，等待5秒
Jun 15 06:38:42 逛商品赚金币任务完成，获得34金币
Jun 15 06:38:43 【13/55】浏览商品任务记录成功，等待5秒
Jun 15 06:38:46 逛商品赚金币任务完成，获得44金币
Jun 15 06:38:47 【14/55】浏览商品任务记录成功，等待5秒
Jun 15 06:38:48 逛商品赚金币任务完成，获得36金币
Jun 15 06:38:48 【15/55】浏览商品任务记录成功，等待5秒
Jun 15 06:38:52 逛商品赚金币任务完成，获得69金币
Jun 15 06:38:52 【16/55】浏览商品任务记录成功，等待5秒
Jun 15 06:38:53 逛商品赚金币任务完成，获得27金币
Jun 15 06:38:53 【17/55】浏览商品任务记录成功，等待5秒
Jun 15 06:38:57 逛商品赚金币任务完成，获得33金币
Jun 15 06:38:57 【18/55】浏览商品任务记录成功，等待5秒
Jun 15 06:38:58 逛商品赚金币任务完成，获得27金币
Jun 15 06:38:58 【19/55】浏览商品任务记录成功，等待5秒
Jun 15 06:39:02 逛商品赚金币任务完成，获得33金币
Jun 15 06:39:02 【20/55】浏览商品任务记录成功，等待5秒
Jun 15 06:39:03 逛商品赚金币任务完成，获得63金币
Jun 15 06:39:03 【21/55】浏览商品任务记录成功，等待5秒
Jun 15 06:39:07 逛商品赚金币任务完成，获得36金币
Jun 15 06:39:07 【22/55】浏览商品任务记录成功，等待5秒
Jun 15 06:39:08 逛商品赚金币任务完成，获得24金币
Jun 15 06:39:08 【23/55】浏览商品任务记录成功，等待5秒
Jun 15 06:39:12 逛商品赚金币任务完成，获得33金币
Jun 15 06:39:12 【24/55】浏览商品任务记录成功，等待5秒
Jun 15 06:39:13 逛商品赚金币任务完成，获得27金币
Jun 15 06:39:14 【25/55】浏览商品任务记录成功，等待5秒
Jun 15 06:39:17 逛商品赚金币任务完成，获得74金币
Jun 15 06:39:18 【26/55】浏览商品任务记录成功，等待5秒
Jun 15 06:39:19 逛商品赚金币任务完成，获得27金币
Jun 15 06:39:19 【27/55】浏览商品任务记录成功，等待5秒
Jun 15 06:39:23 逛商品赚金币任务完成，获得34金币
Jun 15 06:39:23 【28/55】浏览商品任务记录成功，等待5秒
Jun 15 06:39:24 逛商品赚金币任务完成，获得26金币
Jun 15 06:39:24 【29/55】浏览商品任务记录成功，等待5秒
Jun 15 06:39:28 逛商品赚金币任务完成，获得23金币
Jun 15 06:39:28 【30/55】浏览商品任务记录成功，等待5秒
Jun 15 06:39:29 逛商品赚金币任务完成，获得63金币
Jun 15 06:39:29 【31/55】浏览商品任务记录成功，等待5秒
Jun 15 06:39:33 逛商品赚金币任务完成，获得23金币
Jun 15 06:39:33 【32/55】浏览商品任务记录成功，等待5秒
Jun 15 06:39:34 逛商品赚金币任务完成，获得17金币
Jun 15 06:39:34 【33/55】浏览商品任务记录成功，等待5秒
Jun 15 06:39:38 逛商品赚金币任务完成，获得22金币
Jun 15 06:39:38 【34/55】浏览商品任务记录成功，等待5秒
Jun 15 06:39:39 逛商品赚金币任务完成，获得18金币
Jun 15 06:39:39 【35/55】浏览商品任务记录成功，等待5秒
Jun 15 06:39:43 逛商品赚金币任务完成，获得63金币
Jun 15 06:39:43 【36/55】浏览商品任务记录成功，等待5秒
Jun 15 06:39:44 逛商品赚金币任务完成，获得18金币
Jun 15 06:39:45 【37/55】浏览商品任务记录成功，等待5秒
Jun 15 06:39:48 逛商品赚金币任务完成，获得22金币
Jun 15 06:39:49 【38/55】浏览商品任务记录成功，等待5秒
Jun 15 06:39:50 逛商品赚金币任务完成，获得18金币
Jun 15 06:39:50 【39/55】浏览商品任务记录成功，等待5秒
Jun 15 06:39:54 逛商品赚金币任务完成，获得22金币
Jun 15 06:39:54 【40/55】浏览商品任务记录成功，等待5秒
Jun 15 06:39:55 逛商品赚金币任务完成，获得66金币
Jun 15 06:39:55 【41/55】浏览商品任务记录成功，等待5秒
Jun 15 06:39:59 逛商品赚金币任务完成，获得11金币
Jun 15 06:39:59 【42/55】浏览商品任务记录成功，等待5秒
Jun 15 06:40:00 逛商品赚金币任务完成，获得9金币
Jun 15 06:40:00 【43/55】浏览商品任务记录成功，等待5秒
Jun 15 06:40:04 逛商品赚金币任务完成，获得11金币
Jun 15 06:40:04 【44/55】浏览商品任务记录成功，等待5秒
Jun 15 06:40:05 逛商品赚金币任务完成，获得9金币
Jun 15 06:40:05 【45/55】浏览商品任务记录成功，等待5秒
Jun 15 06:40:09 逛商品赚金币任务完成，获得66金币
Jun 15 06:40:09 【46/55】浏览商品任务记录成功，等待5秒
Jun 15 06:40:10 逛商品赚金币任务完成，获得8金币
Jun 15 06:40:11 【47/55】浏览商品任务记录成功，等待5秒
Jun 15 06:40:14 逛商品赚金币任务完成，获得11金币
Jun 15 06:40:14 【48/55】浏览商品任务记录成功，等待5秒
Jun 15 06:40:16 逛商品赚金币任务完成，获得9金币
Jun 15 06:40:16 【49/55】浏览商品任务记录成功，等待5秒
Jun 15 06:40:19 逛商品赚金币任务完成，获得11金币
Jun 15 06:40:20 【50/55】浏览商品任务记录成功，等待5秒
Jun 15 06:40:21 逛商品赚金币任务完成，获得60金币
Jun 15 06:40:21 【51/55】浏览商品任务记录成功，等待5秒
Jun 15 06:40:25 逛商品赚金币任务完成，获得11金币
Jun 15 06:40:25 【52/55】浏览商品任务记录成功，等待5秒
Jun 15 06:40:26 逛商品赚金币任务完成，获得9金币
Jun 15 06:40:26 【53/55】浏览商品任务记录成功，等待5秒
Jun 15 06:40:30 逛商品赚金币任务完成，获得11金币
Jun 15 06:40:30 【54/55】浏览商品任务记录成功，等待5秒
Jun 15 06:40:31 逛商品赚金币任务完成，获得9金币
Jun 15 06:40:31 【55/55】浏览商品任务记录成功，等待5秒
Jun 15 06:40:35 逛商品赚金币任务完成，获得63金币
Jun 15 06:40:35 逛商品赚金币任务开启失败，任务已达上限
Jun 15 06:40:35 【1/10】浏览商品任务记录成功，等待10秒
Jun 15 06:40:36 逛商品赚金币任务结束失败，任务已达上限
Jun 15 06:40:36 逛商品赚金币任务开启失败，任务已达上限
Jun 15 06:40:36 【1/10】浏览商品任务记录成功，等待10秒
Jun 15 06:40:45 逛活动赚金币任务完成，获得60金币
Jun 15 06:40:45 【2/10】浏览商品任务记录成功，等待10秒
Jun 15 06:40:46 逛活动赚金币任务结束失败，当前任务已完成
Jun 15 06:40:47 【2/10】浏览商品任务记录成功，等待10秒
Jun 15 06:40:55 逛活动赚金币任务完成，获得120金币
Jun 15 06:40:55 【3/10】浏览商品任务记录成功，等待10秒
Jun 15 06:40:57 逛活动赚金币任务结束失败，当前任务已完成
Jun 15 06:40:57 【3/10】浏览商品任务记录成功，等待10秒
Jun 15 06:41:06 逛活动赚金币任务完成，获得60金币
Jun 15 06:41:06 【4/10】浏览商品任务记录成功，等待10秒
Jun 15 06:41:07 逛活动赚金币任务完成，获得120金币
Jun 15 06:41:07 【5/10】浏览商品任务记录成功，等待10秒
Jun 15 06:41:16 逛活动赚金币任务完成，获得60金币
Jun 15 06:41:16 【6/10】浏览商品任务记录成功，等待10秒
Jun 15 06:41:17 逛活动赚金币任务完成，获得120金币
Jun 15 06:41:17 【7/10】浏览商品任务记录成功，等待10秒
Jun 15 06:41:26 逛活动赚金币任务完成，获得60金币
Jun 15 06:41:26 【8/10】浏览商品任务记录成功，等待10秒
Jun 15 06:41:27 逛活动赚金币任务完成，获得120金币
Jun 15 06:41:27 【9/10】浏览商品任务记录成功，等待10秒
Jun 15 06:41:36 逛活动赚金币任务完成，获得60金币
Jun 15 06:41:36 【10/10】浏览商品任务记录成功，等待10秒
Jun 15 06:41:37 逛活动赚金币任务完成，获得120金币
Jun 15 06:41:37 逛活动赚金币任务开启失败，任务已达上限
Jun 15 06:41:37 【1/85】浏览商品任务记录成功，等待15秒
Jun 15 06:41:46 逛活动赚金币任务结束失败，任务已达上限
Jun 15 06:41:46 逛活动赚金币任务开启失败，任务已达上限
Jun 15 06:41:46 【1/85】浏览商品任务记录成功，等待15秒
Jun 15 06:41:53 看视频赚金币任务完成，获得30金币
Jun 15 06:41:53 【2/85】浏览商品任务记录成功，等待15秒
Jun 15 06:42:01 看视频赚金币任务完成，获得30金币
Jun 15 06:42:01 【3/85】浏览商品任务记录成功，等待15秒
Jun 15 06:42:08 看视频赚金币任务完成，获得30金币
Jun 15 06:42:08 【4/85】浏览商品任务记录成功，等待15秒
Jun 15 06:42:16 看视频赚金币任务完成，获得30金币
Jun 15 06:42:17 【5/85】浏览商品任务记录成功，等待15秒
Jun 15 06:42:23 看视频赚金币任务完成，获得120金币
Jun 15 06:42:23 【6/85】浏览商品任务记录成功，等待15秒
Jun 15 06:42:32 看视频赚金币任务完成，获得30金币
Jun 15 06:42:32 【7/85】浏览商品任务记录成功，等待15秒
Jun 15 06:42:38 看视频赚金币任务完成，获得30金币
Jun 15 06:42:38 【8/85】浏览商品任务记录成功，等待15秒
Jun 15 06:42:47 看视频赚金币任务完成，获得30金币
Jun 15 06:42:47 【9/85】浏览商品任务记录成功，等待15秒
Jun 15 06:42:53 看视频赚金币任务完成，获得30金币
Jun 15 06:42:53 【10/85】浏览商品任务记录成功，等待15秒
Jun 15 06:43:02 看视频赚金币任务完成，获得120金币
Jun 15 06:43:02 【11/85】浏览商品任务记录成功，等待15秒
Jun 15 06:43:08 看视频赚金币任务完成，获得30金币
Jun 15 06:43:08 【12/85】浏览商品任务记录成功，等待15秒
Jun 15 06:43:17 看视频赚金币任务完成，获得30金币
Jun 15 06:43:17 【13/85】浏览商品任务记录成功，等待15秒
Jun 15 06:43:23 看视频赚金币任务完成，获得30金币
Jun 15 06:43:23 【14/85】浏览商品任务记录成功，等待15秒
Jun 15 06:43:32 看视频赚金币任务完成，获得30金币
Jun 15 06:43:32 【15/85】浏览商品任务记录成功，等待15秒
Jun 15 06:43:38 看视频赚金币任务完成，获得120金币
Jun 15 06:43:38 【16/85】浏览商品任务记录成功，等待15秒
Jun 15 06:43:47 看视频赚金币任务完成，获得30金币
Jun 15 06:43:47 【17/85】浏览商品任务记录成功，等待15秒
Jun 15 06:43:54 看视频赚金币任务完成，获得30金币
Jun 15 06:43:54 【18/85】浏览商品任务记录成功，等待15秒
Jun 15 06:44:02 看视频赚金币任务完成，获得30金币
Jun 15 06:44:02 【19/85】浏览商品任务记录成功，等待15秒
Jun 15 06:44:09 看视频赚金币任务完成，获得30金币
Jun 15 06:44:09 【20/85】浏览商品任务记录成功，等待15秒
Jun 15 06:44:18 看视频赚金币任务完成，获得120金币
Jun 15 06:44:18 【21/85】浏览商品任务记录成功，等待15秒
Jun 15 06:44:24 看视频赚金币任务完成，获得30金币
Jun 15 06:44:24 【22/85】浏览商品任务记录成功，等待15秒
Jun 15 06:44:33 看视频赚金币任务完成，获得30金币
Jun 15 06:44:33 【23/85】浏览商品任务记录成功，等待15秒
Jun 15 06:44:39 看视频赚金币任务完成，获得30金币
Jun 15 06:44:39 【24/85】浏览商品任务记录成功，等待15秒
Jun 15 06:44:48 看视频赚金币任务完成，获得30金币
Jun 15 06:44:48 【25/85】浏览商品任务记录成功，等待15秒
Jun 15 06:44:54 看视频赚金币任务完成，获得120金币
Jun 15 06:44:54 【26/85】浏览商品任务记录成功，等待15秒
Jun 15 06:45:03 看视频赚金币任务完成，获得30金币
Jun 15 06:45:03 【27/85】浏览商品任务记录成功，等待15秒
Jun 15 06:45:09 看视频赚金币任务完成，获得30金币
Jun 15 06:45:09 【28/85】浏览商品任务记录成功，等待15秒
Jun 15 06:45:18 看视频赚金币任务完成，获得30金币
Jun 15 06:45:18 【29/85】浏览商品任务记录成功，等待15秒
Jun 15 06:45:24 看视频赚金币任务完成，获得30金币
Jun 15 06:45:24 【30/85】浏览商品任务记录成功，等待15秒
Jun 15 06:45:33 看视频赚金币任务完成，获得120金币
Jun 15 06:45:33 【31/85】浏览商品任务记录成功，等待15秒
Jun 15 06:45:40 看视频赚金币任务完成，获得30金币
Jun 15 06:45:40 【32/85】浏览商品任务记录成功，等待15秒
Jun 15 06:45:48 看视频赚金币任务完成，获得30金币
Jun 15 06:45:48 【33/85】浏览商品任务记录成功，等待15秒
Jun 15 06:45:55 看视频赚金币任务完成，获得30金币
Jun 15 06:45:55 【34/85】浏览商品任务记录成功，等待15秒
Jun 15 06:46:04 看视频赚金币任务完成，获得30金币
Jun 15 06:46:04 【35/85】浏览商品任务记录成功，等待15秒
Jun 15 06:46:10 看视频赚金币任务完成，获得120金币
Jun 15 06:46:10 【36/85】浏览商品任务记录成功，等待18秒
Jun 15 06:46:19 看视频赚金币任务完成，获得1金币
Jun 15 06:46:19 【37/85】浏览商品任务记录成功，等待18秒
Jun 15 06:46:28 看视频赚金币任务完成，获得25金币
Jun 15 06:46:28 【38/85】浏览商品任务记录成功，等待18秒
Jun 15 06:46:37 看视频赚金币任务完成，获得25金币
Jun 15 06:46:37 【39/85】浏览商品任务记录成功，等待18秒
Jun 15 06:46:46 看视频赚金币任务完成，获得25金币
Jun 15 06:46:46 【40/85】浏览商品任务记录成功，等待18秒
Jun 15 06:46:55 看视频赚金币任务完成，获得120金币
Jun 15 06:46:55 【41/85】浏览商品任务记录成功，等待18秒
Jun 15 06:47:04 看视频赚金币任务完成，获得25金币
Jun 15 06:47:04 【42/85】浏览商品任务记录成功，等待18秒
Jun 15 06:47:13 看视频赚金币任务完成，获得25金币
Jun 15 06:47:13 【43/85】浏览商品任务记录成功，等待18秒
Jun 15 06:47:22 看视频赚金币任务完成，获得25金币
Jun 15 06:47:22 【44/85】浏览商品任务记录成功，等待18秒
Jun 15 06:47:31 看视频赚金币任务完成，获得25金币
Jun 15 06:47:31 【45/85】浏览商品任务记录成功，等待18秒
Jun 15 06:47:40 看视频赚金币任务完成，获得120金币
Jun 15 06:47:40 【46/85】浏览商品任务记录成功，等待18秒
Jun 15 06:47:49 看视频赚金币任务完成，获得25金币
Jun 15 06:47:49 【47/85】浏览商品任务记录成功，等待18秒
Jun 15 06:47:59 看视频赚金币任务完成，获得25金币
Jun 15 06:47:59 【48/85】浏览商品任务记录成功，等待18秒
Jun 15 06:48:07 看视频赚金币任务完成，获得25金币
Jun 15 06:48:08 【49/85】浏览商品任务记录成功，等待18秒
Jun 15 06:48:17 看视频赚金币任务完成，获得25金币
Jun 15 06:48:17 【50/85】浏览商品任务记录成功，等待18秒
Jun 15 06:48:26 看视频赚金币任务完成，获得120金币
Jun 15 06:48:26 【51/85】浏览商品任务记录成功，等待18秒
Jun 15 06:48:35 看视频赚金币任务完成，获得25金币
Jun 15 06:48:35 【52/85】浏览商品任务记录成功，等待18秒
Jun 15 06:48:44 看视频赚金币任务完成，获得25金币
Jun 15 06:48:44 【53/85】浏览商品任务记录成功，等待18秒
Jun 15 06:48:53 看视频赚金币任务完成，获得25金币
Jun 15 06:48:53 【54/85】浏览商品任务记录成功，等待18秒
Jun 15 06:49:02 看视频赚金币任务完成，获得25金币
Jun 15 06:49:02 【55/85】浏览商品任务记录成功，等待18秒
Jun 15 06:49:11 看视频赚金币任务完成，获得120金币
Jun 15 06:49:11 【56/85】浏览商品任务记录成功，等待18秒
Jun 15 06:49:20 看视频赚金币任务完成，获得25金币
Jun 15 06:49:20 【57/85】浏览商品任务记录成功，等待18秒
Jun 15 06:49:29 看视频赚金币任务完成，获得25金币
Jun 15 06:49:29 【58/85】浏览商品任务记录成功，等待18秒
Jun 15 06:49:38 看视频赚金币任务完成，获得25金币
Jun 15 06:49:38 【59/85】浏览商品任务记录成功，等待18秒
Jun 15 06:49:47 看视频赚金币任务完成，获得25金币
Jun 15 06:49:47 【60/85】浏览商品任务记录成功，等待18秒
Jun 15 06:49:56 看视频赚金币任务完成，获得120金币
Jun 15 06:49:56 【61/85】浏览商品任务记录成功，等待20秒
Jun 15 06:50:06 看视频赚金币任务完成，获得1金币
Jun 15 06:50:06 【62/85】浏览商品任务记录成功，等待20秒
Jun 15 06:50:16 看视频赚金币任务完成，获得10金币
Jun 15 06:50:16 【63/85】浏览商品任务记录成功，等待20秒
Jun 15 06:50:26 看视频赚金币任务完成，获得10金币
Jun 15 06:50:26 【64/85】浏览商品任务记录成功，等待20秒
Jun 15 06:50:37 看视频赚金币任务完成，获得10金币
Jun 15 06:50:37 【65/85】浏览商品任务记录成功，等待20秒
Jun 15 06:50:46 看视频赚金币任务完成，获得60金币
Jun 15 06:50:46 【66/85】浏览商品任务记录成功，等待20秒
Jun 15 06:50:57 看视频赚金币任务完成，获得10金币
Jun 15 06:50:57 【67/85】浏览商品任务记录成功，等待20秒
Jun 15 06:51:06 看视频赚金币任务完成，获得10金币
Jun 15 06:51:06 【68/85】浏览商品任务记录成功，等待20秒
Jun 15 06:51:17 看视频赚金币任务完成，获得10金币
Jun 15 06:51:17 【69/85】浏览商品任务记录成功，等待20秒
Jun 15 06:51:26 看视频赚金币任务完成，获得10金币
Jun 15 06:51:26 【70/85】浏览商品任务记录成功，等待20秒
Jun 15 06:51:37 看视频赚金币任务完成，获得60金币
Jun 15 06:51:37 【71/85】浏览商品任务记录成功，等待20秒
Jun 15 06:51:46 看视频赚金币任务完成，获得10金币
Jun 15 06:51:46 【72/85】浏览商品任务记录成功，等待20秒
Jun 15 06:51:57 看视频赚金币任务完成，获得10金币
Jun 15 06:51:57 【73/85】浏览商品任务记录成功，等待20秒
Jun 15 06:52:06 看视频赚金币任务完成，获得10金币
Jun 15 06:52:06 【74/85】浏览商品任务记录成功，等待20秒
Jun 15 06:52:17 看视频赚金币任务完成，获得10金币
Jun 15 06:52:17 【75/85】浏览商品任务记录成功，等待20秒
Jun 15 06:52:27 看视频赚金币任务完成，获得60金币
Jun 15 06:52:27 【76/85】浏览商品任务记录成功，等待30秒
Jun 15 06:52:37 看视频赚金币任务完成，获得1金币
Jun 15 06:52:37 【77/85】浏览商品任务记录成功，等待30秒
Jun 15 06:52:57 看视频赚金币任务完成，获得5金币
Jun 15 06:52:57 【78/85】浏览商品任务记录成功，等待30秒
Jun 15 06:53:08 看视频赚金币任务完成，获得5金币
Jun 15 06:53:08 【79/85】浏览商品任务记录成功，等待30秒
Jun 15 06:53:27 看视频赚金币任务完成，获得5金币
Jun 15 06:53:27 【80/85】浏览商品任务记录成功，等待30秒
Jun 15 06:53:38 看视频赚金币任务完成，获得40金币
Jun 15 06:53:38 【81/85】浏览商品任务记录成功，等待30秒
Jun 15 06:53:57 看视频赚金币任务完成，获得5金币
Jun 15 06:53:57 【82/85】浏览商品任务记录成功，等待30秒
Jun 15 06:54:08 看视频赚金币任务完成，获得5金币
Jun 15 06:54:08 【83/85】浏览商品任务记录成功，等待30秒
Jun 15 06:54:27 看视频赚金币任务完成，获得5金币
Jun 15 06:54:27 【84/85】浏览商品任务记录成功，等待30秒
Jun 15 06:54:38 看视频赚金币任务完成，获得5金币
Jun 15 06:54:38 【85/85】浏览商品任务记录成功，等待30秒
Jun 15 06:54:57 看视频赚金币任务完成，获得40金币
Jun 15 06:54:57 看视频赚金币任务已达上限
Jun 15 06:54:57 邀好友赚金币已完成
Jun 15 06:54:57 省钱大赢家已完成
Jun 15 06:54:57 签到提现已完成
Jun 15 06:54:57 东东爱消除已完成
Jun 15 06:54:57 购券抽大奖已完成
Jun 15 06:54:57 幸运转盘已完成
Jun 15 06:54:57 现金签到已完成
Jun 15 06:54:57 推推赚大钱已完成
Jun 15 06:54:57 天天抽奖已完成
Jun 15 06:54:57 水果免费领已完成
Jun 15 06:54:57 砍价免费拿已完成
Jun 15 06:54:57 
Jun 15 06:54:57 ==============📣系统通知📣==============
Jun 15 06:54:57 京东极速版
Jun 15 06:54:57 京东账号2jd_rkylFaEIkvBL
Jun 15 06:54:57 本次运行获得2849金币，共计215907金币
Jun 15 06:54:59 
Jun 15 06:54:59 🔔京东极速版, 结束! 🕛 2039.767 秒
Jun 15 06:54:59 
Jun 15 06:55:08 看视频赚金币任务结束失败，任务已达上限
Jun 15 06:55:08 看视频赚金币任务已达上限
Jun 15 06:55:08 邀好友赚金币已完成
Jun 15 06:55:08 省钱大赢家已完成
Jun 15 06:55:08 签到提现已完成
Jun 15 06:55:08 东东爱消除已完成
Jun 15 06:55:08 购券抽大奖已完成
Jun 15 06:55:08 幸运转盘已完成
Jun 15 06:55:08 现金签到已完成
Jun 15 06:55:08 推推赚大钱已完成
Jun 15 06:55:08 天天抽奖已完成
Jun 15 06:55:08 水果免费领已完成
Jun 15 06:55:08 砍价免费拿已完成
Jun 15 06:55:08 
Jun 15 06:55:08 ==============📣系统通知📣==============
Jun 15 06:55:08 京东极速版
Jun 15 06:55:08 京东账号2jd_rkylFaEIkvBL
Jun 15 06:55:08 本次运行获得3053金币，共计215907金币
Jun 15 06:55:10 
Jun 15 06:55:10 🔔京东极速版, 结束! 🕛 2050.646 秒
Jun 15 06:55:10 
