Jun 14 22:01:00 
Jun 14 22:01:00 🔔整点京豆雨, 开始!
Jun 14 22:01:00 
Jun 14 22:01:00 🔔整点京豆雨, 开始!
Jun 14 22:01:00 您的cookie选择的是用&隔开
Jun 14 22:01:00 
Jun 14 22:01:00 
Jun 14 22:01:00 ====================共有2个京东账号Cookie=========
Jun 14 22:01:00 
Jun 14 22:01:00 您的cookie选择的是用&隔开
Jun 14 22:01:00 
Jun 14 22:01:00 
Jun 14 22:01:00 ====================共有2个京东账号Cookie=========
Jun 14 22:01:00 
Jun 14 22:01:00 ==================脚本执行- 北京时间(UTC+8)：6/14/2021, 10:01:00 PM=====================
Jun 14 22:01:00 
Jun 14 22:01:00 ==================脚本执行- 北京时间(UTC+8)：6/14/2021, 10:01:00 PM=====================
Jun 14 22:01:00 
Jun 14 22:01:00 
Jun 14 22:01:00 
Jun 14 22:01:00 
Jun 14 22:01:00 
Jun 14 22:01:00 召唤龙王~
Jun 14 22:01:00 召唤龙王~
Jun 14 22:01:00 召唤完成
Jun 14 22:01:00 今日龙王🐲休假，晴空万里☀️，改日再来～
Jun 14 22:01:00 前往龙王庙祈福求雨: https://t.me/longzhuzhu
Jun 14 22:01:00 
Jun 14 22:01:00 🔔整点京豆雨, 结束! 🕛 0.304 秒
Jun 14 22:01:00 
Jun 14 22:01:00 召唤完成
Jun 14 22:01:00 今日龙王🐲休假，晴空万里☀️，改日再来～
Jun 14 22:01:00 前往龙王庙祈福求雨: https://t.me/longzhuzhu
Jun 14 22:01:00 
Jun 14 22:01:00 🔔整点京豆雨, 结束! 🕛 0.38 秒
Jun 14 22:01:00 
Jun 14 23:01:00 
Jun 14 23:01:00 🔔整点京豆雨, 开始!
Jun 14 23:01:00 您的cookie选择的是用&隔开
Jun 14 23:01:00 
Jun 14 23:01:00 
Jun 14 23:01:00 ====================共有2个京东账号Cookie=========
Jun 14 23:01:00 
Jun 14 23:01:00 
Jun 14 23:01:00 🔔整点京豆雨, 开始!
Jun 14 23:01:00 您的cookie选择的是用&隔开
Jun 14 23:01:00 
Jun 14 23:01:00 
Jun 14 23:01:00 ====================共有2个京东账号Cookie=========
Jun 14 23:01:00 
Jun 14 23:01:00 ==================脚本执行- 北京时间(UTC+8)：6/14/2021, 11:01:00 PM=====================
Jun 14 23:01:00 
Jun 14 23:01:00 
Jun 14 23:01:00 
Jun 14 23:01:00 召唤龙王~
Jun 14 23:01:00 ==================脚本执行- 北京时间(UTC+8)：6/14/2021, 11:01:00 PM=====================
Jun 14 23:01:00 
Jun 14 23:01:00 
Jun 14 23:01:00 
Jun 14 23:01:00 召唤龙王~
Jun 14 23:01:00 召唤完成
Jun 14 23:01:00 今日龙王🐲休假，晴空万里☀️，改日再来～
Jun 14 23:01:00 前往龙王庙祈福求雨: https://t.me/longzhuzhu
Jun 14 23:01:00 
Jun 14 23:01:00 🔔整点京豆雨, 结束! 🕛 0.304 秒
Jun 14 23:01:00Jun 14 23:01:00 召唤完成
 
Jun 14 23:01:00 今日龙王🐲休假，晴空万里☀️，改日再来～
Jun 14 23:01:00 前往龙王庙祈福求雨: https://t.me/longzhuzhu
Jun 14 23:01:00 
Jun 14 23:01:00 🔔整点京豆雨, 结束! 🕛 0.295 秒
Jun 14 23:01:00 
Jun 15 00:01:00 
Jun 15 00:01:00 🔔整点京豆雨, 开始!
Jun 15 00:01:00 您的cookie选择的是用&隔开
Jun 15 00:01:00 
Jun 15 00:01:00 
Jun 15 00:01:00 ====================共有2个京东账号Cookie=========
Jun 15 00:01:00 
Jun 15 00:01:00 ==================脚本执行- 北京时间(UTC+8)：6/15/2021, 12:01:00 AM=====================
Jun 15 00:01:00 
Jun 15 00:01:00 
Jun 15 00:01:00 
Jun 15 00:01:00 召唤龙王~
Jun 15 00:01:00 
Jun 15 00:01:00 🔔整点京豆雨, 开始!
Jun 15 00:01:00 您的cookie选择的是用&隔开
Jun 15 00:01:00 
Jun 15 00:01:00 
Jun 15 00:01:00 ====================共有2个京东账号Cookie=========
Jun 15 00:01:00 
Jun 15 00:01:00 ==================脚本执行- 北京时间(UTC+8)：6/15/2021, 12:01:00 AM=====================
Jun 15 00:01:00 
Jun 15 00:01:00 
Jun 15 00:01:00 
Jun 15 00:01:00 召唤龙王~
Jun 15 00:01:01 召唤完成
Jun 15 00:01:01 今日龙王🐲休假，晴空万里☀️，改日再来～
Jun 15 00:01:01 前往龙王庙祈福求雨: https://t.me/longzhuzhu
Jun 15 00:01:01 
Jun 15 00:01:01 🔔整点京豆雨, 结束! 🕛 0.75 秒
Jun 15 00:01:01 
Jun 15 00:01:01 召唤完成
Jun 15 00:01:01 今日龙王🐲休假，晴空万里☀️，改日再来～
Jun 15 00:01:01 前往龙王庙祈福求雨: https://t.me/longzhuzhu
Jun 15 00:01:01 
Jun 15 00:01:01 🔔整点京豆雨, 结束! 🕛 0.821 秒
Jun 15 00:01:01 
Jun 15 01:01:00 
Jun 15 01:01:00 🔔整点京豆雨, 开始!
Jun 15 01:01:00 
Jun 15 01:01:00 🔔整点京豆雨, 开始!
Jun 15 01:01:00 您的cookie选择的是用&隔开
Jun 15 01:01:00 
Jun 15 01:01:00 
Jun 15 01:01:00 ====================共有2个京东账号Cookie=========
Jun 15 01:01:00 
Jun 15 01:01:00 您的cookie选择的是用&隔开
Jun 15 01:01:00 
Jun 15 01:01:00 
Jun 15 01:01:00 ====================共有2个京东账号Cookie=========
Jun 15 01:01:00 
Jun 15 01:01:00 ==================脚本执行- 北京时间(UTC+8)：6/15/2021, 1:01:00 AM=====================
Jun 15 01:01:00 
Jun 15 01:01:00 ==================脚本执行- 北京时间(UTC+8)：6/15/2021, 1:01:00 AM=====================
Jun 15 01:01:00 
Jun 15 01:01:00 
Jun 15 01:01:00 
Jun 15 01:01:00 
Jun 15 01:01:00 
Jun 15 01:01:00 召唤龙王~
Jun 15 01:01:00 召唤龙王~
Jun 15 01:01:00 召唤完成
Jun 15 01:01:00 今日龙王🐲休假，晴空万里☀️，改日再来～
Jun 15 01:01:00 前往龙王庙祈福求雨: https://t.me/longzhuzhu
Jun 15 01:01:00 
Jun 15 01:01:00 🔔整点京豆雨, 结束! 🕛 0.246 秒
Jun 15 01:01:00 
Jun 15 01:01:01 召唤完成
Jun 15 01:01:01 今日龙王🐲休假，晴空万里☀️，改日再来～
Jun 15 01:01:01 前往龙王庙祈福求雨: https://t.me/longzhuzhu
Jun 15 01:01:01 
Jun 15 01:01:01 🔔整点京豆雨, 结束! 🕛 0.295 秒
Jun 15 01:01:01 
Jun 15 02:01:00 
Jun 15 02:01:00 🔔整点京豆雨, 开始!
Jun 15 02:01:00 您的cookie选择的是用&隔开
Jun 15 02:01:00 
Jun 15 02:01:00 
Jun 15 02:01:00 ====================共有2个京东账号Cookie=========
Jun 15 02:01:00 
Jun 15 02:01:00 
Jun 15 02:01:00 🔔整点京豆雨, 开始!
Jun 15 02:01:00 您的cookie选择的是用&隔开
Jun 15 02:01:00 
Jun 15 02:01:00 
Jun 15 02:01:00 ====================共有2个京东账号Cookie=========
Jun 15 02:01:00 
Jun 15 02:01:00 ==================脚本执行- 北京时间(UTC+8)：6/15/2021, 2:01:00 AM=====================
Jun 15 02:01:00 
Jun 15 02:01:00 
Jun 15 02:01:00 
Jun 15 02:01:00 召唤龙王~
Jun 15 02:01:00 ==================脚本执行- 北京时间(UTC+8)：6/15/2021, 2:01:00 AM=====================
Jun 15 02:01:00 
Jun 15 02:01:00 
Jun 15 02:01:00 
Jun 15 02:01:00 召唤龙王~
Jun 15 02:01:01 召唤完成
Jun 15 02:01:01 今日龙王🐲休假，晴空万里☀️，改日再来～
Jun 15 02:01:01 前往龙王庙祈福求雨: https://t.me/longzhuzhu
Jun 15 02:01:01 
Jun 15 02:01:01 🔔整点京豆雨, 结束! 🕛 0.345 秒
Jun 15 02:01:01 
Jun 15 02:01:01 召唤完成
Jun 15 02:01:01 今日龙王🐲休假，晴空万里☀️，改日再来～
Jun 15 02:01:01 前往龙王庙祈福求雨: https://t.me/longzhuzhu
Jun 15 02:01:01 
Jun 15 02:01:01 🔔整点京豆雨, 结束! 🕛 0.373 秒
Jun 15 02:01:01 
Jun 15 03:01:00 
Jun 15 03:01:00 🔔整点京豆雨, 开始!
Jun 15 03:01:00 
Jun 15 03:01:00 🔔整点京豆雨, 开始!
Jun 15 03:01:00 您的cookie选择的是用&隔开
Jun 15 03:01:00 
Jun 15 03:01:00 
Jun 15 03:01:00 ====================共有2个京东账号Cookie=========
Jun 15 03:01:00 
Jun 15 03:01:00 您的cookie选择的是用&隔开
Jun 15 03:01:00 
Jun 15 03:01:00 
Jun 15 03:01:00 ====================共有2个京东账号Cookie=========
Jun 15 03:01:00 
Jun 15 03:01:00 ==================脚本执行- 北京时间(UTC+8)：6/15/2021, 3:01:00 AM=====================
Jun 15 03:01:00 
Jun 15 03:01:00 ==================脚本执行- 北京时间(UTC+8)：6/15/2021, 3:01:00 AM=====================
Jun 15 03:01:00 
Jun 15 03:01:00 
Jun 15 03:01:00 
Jun 15 03:01:00 
Jun 15 03:01:00 
Jun 15 03:01:00 召唤龙王~
Jun 15 03:01:00 召唤龙王~
Jun 15 03:01:01 庙里挤不进去, 请稍后重试~
Jun 15 03:01:01 召唤完成
Jun 15 03:01:01 今日龙王🐲休假，晴空万里☀️，改日再来～
Jun 15 03:01:01 前往龙王庙祈福求雨: https://t.me/longzhuzhu
Jun 15 03:01:01 
Jun 15 03:01:01 🔔整点京豆雨, 结束! 🕛 0.239 秒
Jun 15 03:01:01 
Jun 15 03:01:01 召唤完成
Jun 15 03:01:01 今日龙王🐲休假，晴空万里☀️，改日再来～
Jun 15 03:01:01 前往龙王庙祈福求雨: https://t.me/longzhuzhu
Jun 15 03:01:01 
Jun 15 03:01:01 🔔整点京豆雨, 结束! 🕛 0.393 秒
Jun 15 03:01:01 
Jun 15 04:01:01 
Jun 15 04:01:01 🔔整点京豆雨, 开始!
Jun 15 04:01:01 
Jun 15 04:01:01 🔔整点京豆雨, 开始!
Jun 15 04:01:01 您的cookie选择的是用&隔开
Jun 15 04:01:01 
Jun 15 04:01:01 
Jun 15 04:01:01 ====================共有2个京东账号Cookie=========
Jun 15 04:01:01 
Jun 15 04:01:01 您的cookie选择的是用&隔开
Jun 15 04:01:01 
Jun 15 04:01:01 
Jun 15 04:01:01 ====================共有2个京东账号Cookie=========
Jun 15 04:01:01 
Jun 15 04:01:01 ==================脚本执行- 北京时间(UTC+8)：6/15/2021, 4:01:01 AM=====================
Jun 15 04:01:01 
Jun 15 04:01:01 ==================脚本执行- 北京时间(UTC+8)：6/15/2021, 4:01:01 AM=====================
Jun 15 04:01:01 
Jun 15 04:01:01 
Jun 15 04:01:01 
Jun 15 04:01:01 
Jun 15 04:01:01 
Jun 15 04:01:01 召唤龙王~
Jun 15 04:01:01 召唤龙王~
Jun 15 04:01:01 召唤完成
Jun 15 04:01:01 今日龙王🐲休假，晴空万里☀️，改日再来～
Jun 15 04:01:01 前往龙王庙祈福求雨: https://t.me/longzhuzhu
Jun 15 04:01:01 
Jun 15 04:01:01 🔔整点京豆雨, 结束! 🕛 0.239 秒
Jun 15 04:01:01 
Jun 15 04:01:01 召唤完成
Jun 15 04:01:01 今日龙王🐲休假，晴空万里☀️，改日再来～
Jun 15 04:01:01 前往龙王庙祈福求雨: https://t.me/longzhuzhu
Jun 15 04:01:01 
Jun 15 04:01:01 🔔整点京豆雨, 结束! 🕛 0.347 秒
Jun 15 04:01:01 
Jun 15 05:01:00 
Jun 15 05:01:00 🔔整点京豆雨, 开始!
Jun 15 05:01:00 您的cookie选择的是用&隔开
Jun 15 05:01:00 
Jun 15 05:01:00 
Jun 15 05:01:00 ====================共有2个京东账号Cookie=========
Jun 15 05:01:00 
Jun 15 05:01:00 
Jun 15 05:01:00 🔔整点京豆雨, 开始!
Jun 15 05:01:00 您的cookie选择的是用&隔开
Jun 15 05:01:00 
Jun 15 05:01:00 
Jun 15 05:01:00 ====================共有2个京东账号Cookie=========
Jun 15 05:01:00 
Jun 15 05:01:00 ==================脚本执行- 北京时间(UTC+8)：6/15/2021, 5:01:00 AM=====================
Jun 15 05:01:00 
Jun 15 05:01:00 
Jun 15 05:01:00 
Jun 15 05:01:00 召唤龙王~
Jun 15 05:01:00 ==================脚本执行- 北京时间(UTC+8)：6/15/2021, 5:01:00 AM=====================
Jun 15 05:01:00 
Jun 15 05:01:00 
Jun 15 05:01:00 
Jun 15 05:01:00 召唤龙王~
Jun 15 05:01:00 召唤完成
Jun 15 05:01:00 今日龙王🐲休假，晴空万里☀️，改日再来～
Jun 15 05:01:00 前往龙王庙祈福求雨: https://t.me/longzhuzhu
Jun 15 05:01:00 
Jun 15 05:01:00 🔔整点京豆雨, 结束! 🕛 0.292 秒
Jun 15 05:01:00 
Jun 15 05:01:00 召唤完成
Jun 15 05:01:00 今日龙王🐲休假，晴空万里☀️，改日再来～
Jun 15 05:01:00 前往龙王庙祈福求雨: https://t.me/longzhuzhu
Jun 15 05:01:00 
Jun 15 05:01:00 🔔整点京豆雨, 结束! 🕛 0.299 秒
Jun 15 05:01:00 
Jun 15 06:01:00 
Jun 15 06:01:00 🔔整点京豆雨, 开始!
Jun 15 06:01:00 您的cookie选择的是用&隔开
Jun 15 06:01:00 
Jun 15 06:01:00 
Jun 15 06:01:00 ====================共有2个京东账号Cookie=========
Jun 15 06:01:00 
Jun 15 06:01:00 
Jun 15 06:01:00 🔔整点京豆雨, 开始!
Jun 15 06:01:00 您的cookie选择的是用&隔开
Jun 15 06:01:00 
Jun 15 06:01:00 
Jun 15 06:01:00 ====================共有2个京东账号Cookie=========
Jun 15 06:01:00 
Jun 15 06:01:00 ==================脚本执行- 北京时间(UTC+8)：6/15/2021, 6:01:00 AM=====================
Jun 15 06:01:00 
Jun 15 06:01:00 
Jun 15 06:01:00 
Jun 15 06:01:00 召唤龙王~
Jun 15 06:01:00 ==================脚本执行- 北京时间(UTC+8)：6/15/2021, 6:01:00 AM=====================
Jun 15 06:01:00 
Jun 15 06:01:00 
Jun 15 06:01:00 
Jun 15 06:01:00 召唤龙王~
Jun 15 06:01:00 召唤完成
Jun 15 06:01:00 今日龙王🐲休假，晴空万里☀️，改日再来～
Jun 15 06:01:00 前往龙王庙祈福求雨: https://t.me/longzhuzhu
Jun 15 06:01:00 
Jun 15 06:01:00 🔔整点京豆雨, 结束! 🕛 0.367 秒
Jun 15 06:01:00 
Jun 15 06:01:00 召唤完成
Jun 15 06:01:00 今日龙王🐲休假，晴空万里☀️，改日再来～
Jun 15 06:01:00 前往龙王庙祈福求雨: https://t.me/longzhuzhu
Jun 15 06:01:00 
Jun 15 06:01:00 🔔整点京豆雨, 结束! 🕛 0.37 秒
Jun 15 06:01:00 
Jun 15 07:01:00 
Jun 15 07:01:00 🔔整点京豆雨, 开始!
Jun 15 07:01:00 
Jun 15 07:01:00 🔔整点京豆雨, 开始!
Jun 15 07:01:00 您的cookie选择的是用&隔开
Jun 15 07:01:00 
Jun 15 07:01:00 
Jun 15 07:01:00 ====================共有2个京东账号Cookie=========
Jun 15 07:01:00 
Jun 15 07:01:00 您的cookie选择的是用&隔开
Jun 15 07:01:00 
Jun 15 07:01:00 
Jun 15 07:01:00 ====================共有2个京东账号Cookie=========
Jun 15 07:01:00 
Jun 15 07:01:00 ==================脚本执行- 北京时间(UTC+8)：6/15/2021, 7:01:00 AM=====================
Jun 15 07:01:00 
Jun 15 07:01:00 ==================脚本执行- 北京时间(UTC+8)：6/15/2021, 7:01:00 AM=====================
Jun 15 07:01:00 
Jun 15 07:01:00 
Jun 15 07:01:00 
Jun 15 07:01:00 
Jun 15 07:01:00 
Jun 15 07:01:00 召唤龙王~
Jun 15 07:01:00 召唤龙王~
Jun 15 07:01:00 召唤完成
Jun 15 07:01:00 今日龙王🐲休假，晴空万里☀️，改日再来～
Jun 15 07:01:00 前往龙王庙祈福求雨: https://t.me/longzhuzhu
Jun 15 07:01:00 
Jun 15 07:01:00 🔔整点京豆雨, 结束! 🕛 0.238 秒
Jun 15 07:01:00 
Jun 15 07:01:00 召唤完成
Jun 15 07:01:00 今日龙王🐲休假，晴空万里☀️，改日再来～
Jun 15 07:01:00 前往龙王庙祈福求雨: https://t.me/longzhuzhu
Jun 15 07:01:00 
Jun 15 07:01:00 🔔整点京豆雨, 结束! 🕛 0.334 秒
Jun 15 07:01:00 
Jun 15 08:01:00 
Jun 15 08:01:00 🔔整点京豆雨, 开始!
Jun 15 08:01:00 
Jun 15 08:01:00 🔔整点京豆雨, 开始!
Jun 15 08:01:00 您的cookie选择的是用&隔开
Jun 15 08:01:00 
Jun 15 08:01:00 
Jun 15 08:01:00 ====================共有2个京东账号Cookie=========
Jun 15 08:01:00 
Jun 15 08:01:00 您的cookie选择的是用&隔开
Jun 15 08:01:00 
Jun 15 08:01:00 
Jun 15 08:01:00 ====================共有2个京东账号Cookie=========
Jun 15 08:01:00 
Jun 15 08:01:00 ==================脚本执行- 北京时间(UTC+8)：6/15/2021, 8:01:00 AM=====================
Jun 15 08:01:00 
Jun 15 08:01:00 
Jun 15 08:01:00 
Jun 15 08:01:00 召唤龙王~
Jun 15 08:01:00 ==================脚本执行- 北京时间(UTC+8)：6/15/2021, 8:01:00 AM=====================
Jun 15 08:01:00 
Jun 15 08:01:00 
Jun 15 08:01:00 
Jun 15 08:01:00 召唤龙王~
Jun 15 08:01:00 召唤完成
Jun 15 08:01:00 今日龙王🐲休假，晴空万里☀️，改日再来～
Jun 15 08:01:00 前往龙王庙祈福求雨: https://t.me/longzhuzhu
Jun 15 08:01:00 
Jun 15 08:01:00 🔔整点京豆雨, 结束! 🕛 0.332 秒
Jun 15 08:01:00 
Jun 15 08:01:00 召唤完成
Jun 15 08:01:00 今日龙王🐲休假，晴空万里☀️，改日再来～
Jun 15 08:01:00 前往龙王庙祈福求雨: https://t.me/longzhuzhu
Jun 15 08:01:00 
Jun 15 08:01:00 🔔整点京豆雨, 结束! 🕛 0.44 秒
Jun 15 08:01:00 
Jun 15 09:01:00 
Jun 15 09:01:00 🔔整点京豆雨, 开始!
Jun 15 09:01:00 
Jun 15 09:01:00 🔔整点京豆雨, 开始!
Jun 15 09:01:00 您的cookie选择的是用&隔开
Jun 15 09:01:00 
Jun 15 09:01:00 
Jun 15 09:01:00 ====================共有2个京东账号Cookie=========
Jun 15 09:01:00 
Jun 15 09:01:00 您的cookie选择的是用&隔开
Jun 15 09:01:00 
Jun 15 09:01:00 
Jun 15 09:01:00 ====================共有2个京东账号Cookie=========
Jun 15 09:01:00 
Jun 15 09:01:00 ==================脚本执行- 北京时间(UTC+8)：6/15/2021, 9:01:00 AM=====================
Jun 15 09:01:00 
Jun 15 09:01:00 ==================脚本执行- 北京时间(UTC+8)：6/15/2021, 9:01:00 AM=====================
Jun 15 09:01:00 
Jun 15 09:01:00 
Jun 15 09:01:00 
Jun 15 09:01:00 
Jun 15 09:01:00 
Jun 15 09:01:00 召唤龙王~
Jun 15 09:01:00 召唤龙王~
Jun 15 09:01:00 召唤完成
Jun 15 09:01:00 今日龙王🐲休假，晴空万里☀️，改日再来～
Jun 15 09:01:00 前往龙王庙祈福求雨: https://t.me/longzhuzhu
Jun 15 09:01:00 
Jun 15 09:01:00 🔔整点京豆雨, 结束! 🕛 0.373 秒
Jun 15 09:01:00 
Jun 15 09:01:00 召唤完成
Jun 15 09:01:00 今日龙王🐲休假，晴空万里☀️，改日再来～
Jun 15 09:01:00 前往龙王庙祈福求雨: https://t.me/longzhuzhu
Jun 15 09:01:00 
Jun 15 09:01:00 🔔整点京豆雨, 结束! 🕛 0.383 秒
Jun 15 09:01:00 
Jun 15 10:01:00 
Jun 15 10:01:00 🔔整点京豆雨, 开始!
Jun 15 10:01:00 
Jun 15 10:01:00 🔔整点京豆雨, 开始!
Jun 15 10:01:00 您的cookie选择的是用&隔开
Jun 15 10:01:00 
Jun 15 10:01:00 
Jun 15 10:01:00 ====================共有2个京东账号Cookie=========
Jun 15 10:01:00 
Jun 15 10:01:00 您的cookie选择的是用&隔开
Jun 15 10:01:00 
Jun 15 10:01:00 
Jun 15 10:01:00 ====================共有2个京东账号Cookie=========
Jun 15 10:01:00 
Jun 15 10:01:00 ==================脚本执行- 北京时间(UTC+8)：6/15/2021, 10:01:00 AM=====================
Jun 15 10:01:00 
Jun 15 10:01:00 
Jun 15 10:01:00 
Jun 15 10:01:00 召唤龙王~
Jun 15 10:01:00 ==================脚本执行- 北京时间(UTC+8)：6/15/2021, 10:01:00 AM=====================
Jun 15 10:01:00 
Jun 15 10:01:00 
Jun 15 10:01:00 
Jun 15 10:01:00 召唤龙王~
Jun 15 10:01:00 召唤完成
Jun 15 10:01:00 今日龙王🐲休假，晴空万里☀️，改日再来～
Jun 15 10:01:00 前往龙王庙祈福求雨: https://t.me/longzhuzhu
Jun 15 10:01:00 
Jun 15 10:01:00 🔔整点京豆雨, 结束! 🕛 0.255 秒
Jun 15 10:01:00 
Jun 15 10:01:00 召唤完成
Jun 15 10:01:00 今日龙王🐲休假，晴空万里☀️，改日再来～
Jun 15 10:01:00 前往龙王庙祈福求雨: https://t.me/longzhuzhu
Jun 15 10:01:00 
Jun 15 10:01:00 🔔整点京豆雨, 结束! 🕛 0.356 秒
Jun 15 10:01:00 
Jun 15 11:01:00 
Jun 15 11:01:00 🔔整点京豆雨, 开始!
Jun 15 11:01:00 
Jun 15 11:01:00 🔔整点京豆雨, 开始!
Jun 15 11:01:00Jun 15 11:01:00 您的cookie选择的是用&隔开
 您的cookie选择的是用&隔开
Jun 15 11:01:00Jun 15 11:01:00 
 
Jun 15 11:01:00Jun 15 11:01:00 
 
Jun 15 11:01:00Jun 15 11:01:00 ====================共有2个京东账号Cookie=========
 ====================共有2个京东账号Cookie=========
Jun 15 11:01:00Jun 15 11:01:00 
 
Jun 15 11:01:00 ==================脚本执行- 北京时间(UTC+8)：6/15/2021, 11:01:00 AM=====================
Jun 15 11:01:00 
Jun 15 11:01:00 ==================脚本执行- 北京时间(UTC+8)：6/15/2021, 11:01:00 AM=====================
Jun 15 11:01:00 
Jun 15 11:01:00 
Jun 15 11:01:00 
Jun 15 11:01:00 召唤龙王~
Jun 15 11:01:00 
Jun 15 11:01:00 
Jun 15 11:01:00 召唤龙王~
Jun 15 11:01:00 召唤完成
Jun 15 11:01:00 今日龙王🐲休假，晴空万里☀️，改日再来～
Jun 15 11:01:00 前往龙王庙祈福求雨: https://t.me/longzhuzhu
Jun 15 11:01:00 
Jun 15 11:01:00 🔔整点京豆雨, 结束! 🕛 0.419 秒
Jun 15 11:01:00 
Jun 15 11:01:00 召唤完成
Jun 15 11:01:00 今日龙王🐲休假，晴空万里☀️，改日再来～
Jun 15 11:01:00 前往龙王庙祈福求雨: https://t.me/longzhuzhu
Jun 15 11:01:00 
Jun 15 11:01:00 🔔整点京豆雨, 结束! 🕛 0.421 秒
Jun 15 11:01:00 
Jun 15 12:01:00 
Jun 15 12:01:00 🔔整点京豆雨, 开始!
Jun 15 12:01:00 
Jun 15 12:01:00 🔔整点京豆雨, 开始!
Jun 15 12:01:00 您的cookie选择的是用&隔开
Jun 15 12:01:00 
Jun 15 12:01:00 
Jun 15 12:01:00 ====================共有2个京东账号Cookie=========
Jun 15 12:01:00 
Jun 15 12:01:00 您的cookie选择的是用&隔开
Jun 15 12:01:00 
Jun 15 12:01:00 
Jun 15 12:01:00 ====================共有2个京东账号Cookie=========
Jun 15 12:01:00 
Jun 15 12:01:00 ==================脚本执行- 北京时间(UTC+8)：6/15/2021, 12:01:00 PM=====================
Jun 15 12:01:00 
Jun 15 12:01:00 ==================脚本执行- 北京时间(UTC+8)：6/15/2021, 12:01:00 PM=====================
Jun 15 12:01:00 
Jun 15 12:01:00 
Jun 15 12:01:00 
Jun 15 12:01:00 
Jun 15 12:01:00 
Jun 15 12:01:00 召唤龙王~
Jun 15 12:01:00 召唤龙王~
Jun 15 12:01:00 召唤完成
Jun 15 12:01:00 今日龙王🐲休假，晴空万里☀️，改日再来～
Jun 15 12:01:00 前往龙王庙祈福求雨: https://t.me/longzhuzhu
Jun 15 12:01:00 
Jun 15 12:01:00 🔔整点京豆雨, 结束! 🕛 0.257 秒
Jun 15 12:01:00 
Jun 15 12:01:00 召唤完成
Jun 15 12:01:00 今日龙王🐲休假，晴空万里☀️，改日再来～
Jun 15 12:01:00 前往龙王庙祈福求雨: https://t.me/longzhuzhu
Jun 15 12:01:00 
Jun 15 12:01:00 🔔整点京豆雨, 结束! 🕛 0.295 秒
Jun 15 12:01:00 
Jun 15 13:01:00 
Jun 15 13:01:00 🔔整点京豆雨, 开始!
Jun 15 13:01:00 
Jun 15 13:01:00 🔔整点京豆雨, 开始!
Jun 15 13:01:00Jun 15 13:01:00 您的cookie选择的是用&隔开
 您的cookie选择的是用&隔开
Jun 15 13:01:00Jun 15 13:01:00 
 
Jun 15 13:01:00Jun 15 13:01:00 
 
Jun 15 13:01:00Jun 15 13:01:00 ====================共有2个京东账号Cookie=========
 ====================共有2个京东账号Cookie=========
Jun 15 13:01:00Jun 15 13:01:00 
 
Jun 15 13:01:00Jun 15 13:01:00 ==================脚本执行- 北京时间(UTC+8)：6/15/2021, 1:01:00 PM=====================
 ==================脚本执行- 北京时间(UTC+8)：6/15/2021, 1:01:00 PM=====================
Jun 15 13:01:00Jun 15 13:01:00 
 
Jun 15 13:01:00 
Jun 15 13:01:00 
Jun 15 13:01:00 
Jun 15 13:01:00 
Jun 15 13:01:00 召唤龙王~
Jun 15 13:01:00 召唤龙王~
Jun 15 13:01:01 召唤完成
Jun 15 13:01:01 今日龙王🐲休假，晴空万里☀️，改日再来～
Jun 15 13:01:01 前往龙王庙祈福求雨: https://t.me/longzhuzhu
Jun 15 13:01:01 
Jun 15 13:01:01 🔔整点京豆雨, 结束! 🕛 0.244 秒
Jun 15 13:01:01 
Jun 15 13:01:01 召唤完成
Jun 15 13:01:01 今日龙王🐲休假，晴空万里☀️，改日再来～
Jun 15 13:01:01 前往龙王庙祈福求雨: https://t.me/longzhuzhu
Jun 15 13:01:01 
Jun 15 13:01:01 🔔整点京豆雨, 结束! 🕛 0.405 秒
Jun 15 13:01:01 
Jun 15 14:01:00Jun 15 14:01:00 
 
Jun 15 14:01:00Jun 15 14:01:00 🔔整点京豆雨, 开始!
 🔔整点京豆雨, 开始!
Jun 15 14:01:00 您的cookie选择的是用&隔开
Jun 15 14:01:00 
Jun 15 14:01:00 
Jun 15 14:01:00 ====================共有2个京东账号Cookie=========
Jun 15 14:01:00 
Jun 15 14:01:00 您的cookie选择的是用&隔开
Jun 15 14:01:00 
Jun 15 14:01:00 
Jun 15 14:01:00 ====================共有2个京东账号Cookie=========
Jun 15 14:01:00 
Jun 15 14:01:00Jun 15 14:01:00 ==================脚本执行- 北京时间(UTC+8)：6/15/2021, 2:01:00 PM=====================
 ==================脚本执行- 北京时间(UTC+8)：6/15/2021, 2:01:00 PM=====================
Jun 15 14:01:00Jun 15 14:01:00 
 
Jun 15 14:01:00Jun 15 14:01:00 
 
Jun 15 14:01:00Jun 15 14:01:00 
 
Jun 15 14:01:00 召唤龙王~
Jun 15 14:01:00 召唤龙王~
Jun 15 14:01:01 庙里挤不进去, 请稍后重试~
Jun 15 14:01:01 召唤完成
Jun 15 14:01:01 今日龙王🐲休假，晴空万里☀️，改日再来～
Jun 15 14:01:01 前往龙王庙祈福求雨: https://t.me/longzhuzhu
Jun 15 14:01:01 
Jun 15 14:01:01 🔔整点京豆雨, 结束! 🕛 0.245 秒
Jun 15 14:01:01 
Jun 15 14:01:01 召唤完成
Jun 15 14:01:01 今日龙王🐲休假，晴空万里☀️，改日再来～
Jun 15 14:01:01 前往龙王庙祈福求雨: https://t.me/longzhuzhu
Jun 15 14:01:01 
Jun 15 14:01:01 🔔整点京豆雨, 结束! 🕛 0.25 秒
Jun 15 14:01:01 
Jun 15 15:01:00 
Jun 15 15:01:00 🔔整点京豆雨, 开始!
Jun 15 15:01:00 您的cookie选择的是用&隔开
Jun 15 15:01:00 
Jun 15 15:01:00 
Jun 15 15:01:00 ====================共有2个京东账号Cookie=========
Jun 15 15:01:00 
Jun 15 15:01:00 
Jun 15 15:01:00 🔔整点京豆雨, 开始!
Jun 15 15:01:00 您的cookie选择的是用&隔开
Jun 15 15:01:00 
Jun 15 15:01:00 
Jun 15 15:01:00 ====================共有2个京东账号Cookie=========
Jun 15 15:01:00 
Jun 15 15:01:00 ==================脚本执行- 北京时间(UTC+8)：6/15/2021, 3:01:00 PM=====================
Jun 15 15:01:00 
Jun 15 15:01:00 
Jun 15 15:01:00 
Jun 15 15:01:00 召唤龙王~
Jun 15 15:01:00 ==================脚本执行- 北京时间(UTC+8)：6/15/2021, 3:01:00 PM=====================
Jun 15 15:01:00 
Jun 15 15:01:00 
Jun 15 15:01:00 
Jun 15 15:01:00 召唤龙王~
Jun 15 15:01:01 召唤完成
Jun 15 15:01:01 今日龙王🐲休假，晴空万里☀️，改日再来～
Jun 15 15:01:01 前往龙王庙祈福求雨: https://t.me/longzhuzhu
Jun 15 15:01:01 
Jun 15 15:01:01 🔔整点京豆雨, 结束! 🕛 0.244 秒
Jun 15 15:01:01 
Jun 15 15:01:01 召唤完成
Jun 15 15:01:01 今日龙王🐲休假，晴空万里☀️，改日再来～
Jun 15 15:01:01 前往龙王庙祈福求雨: https://t.me/longzhuzhu
Jun 15 15:01:01 
Jun 15 15:01:01 🔔整点京豆雨, 结束! 🕛 0.242 秒
Jun 15 15:01:01 
Jun 15 16:01:00 
Jun 15 16:01:00 🔔整点京豆雨, 开始!
Jun 15 16:01:00 
Jun 15 16:01:00 🔔整点京豆雨, 开始!
Jun 15 16:01:00 您的cookie选择的是用&隔开
Jun 15 16:01:00 
Jun 15 16:01:00 
Jun 15 16:01:00 ====================共有2个京东账号Cookie=========
Jun 15 16:01:00 
Jun 15 16:01:00 您的cookie选择的是用&隔开
Jun 15 16:01:00 
Jun 15 16:01:00 
Jun 15 16:01:00 ====================共有2个京东账号Cookie=========
Jun 15 16:01:00 
Jun 15 16:01:00 ==================脚本执行- 北京时间(UTC+8)：6/15/2021, 4:01:00 PM=====================
Jun 15 16:01:00 
Jun 15 16:01:00 ==================脚本执行- 北京时间(UTC+8)：6/15/2021, 4:01:00 PM=====================
Jun 15 16:01:00 
Jun 15 16:01:00 
Jun 15 16:01:00 
Jun 15 16:01:00 召唤龙王~
Jun 15 16:01:00 
Jun 15 16:01:00 
Jun 15 16:01:00 召唤龙王~
Jun 15 16:01:00 召唤完成
Jun 15 16:01:00 今日龙王🐲休假，晴空万里☀️，改日再来～
Jun 15 16:01:00 前往龙王庙祈福求雨: https://t.me/longzhuzhu
Jun 15 16:01:00 
Jun 15 16:01:00 🔔整点京豆雨, 结束! 🕛 0.363 秒
Jun 15 16:01:00 
Jun 15 16:01:00 召唤完成
Jun 15 16:01:00 今日龙王🐲休假，晴空万里☀️，改日再来～
Jun 15 16:01:00 前往龙王庙祈福求雨: https://t.me/longzhuzhu
Jun 15 16:01:00 
Jun 15 16:01:00 🔔整点京豆雨, 结束! 🕛 0.412 秒
Jun 15 16:01:00 
Jun 15 17:01:00 
Jun 15 17:01:00 🔔整点京豆雨, 开始!
Jun 15 17:01:00 您的cookie选择的是用&隔开
Jun 15 17:01:00 
Jun 15 17:01:00 
Jun 15 17:01:00 ====================共有2个京东账号Cookie=========
Jun 15 17:01:00 
Jun 15 17:01:00 
Jun 15 17:01:00 🔔整点京豆雨, 开始!
Jun 15 17:01:00 您的cookie选择的是用&隔开
Jun 15 17:01:00 
Jun 15 17:01:00 
Jun 15 17:01:00 ====================共有2个京东账号Cookie=========
Jun 15 17:01:00 
Jun 15 17:01:00 ==================脚本执行- 北京时间(UTC+8)：6/15/2021, 5:01:00 PM=====================
Jun 15 17:01:00 
Jun 15 17:01:00 
Jun 15 17:01:00 
Jun 15 17:01:00 召唤龙王~
Jun 15 17:01:00 ==================脚本执行- 北京时间(UTC+8)：6/15/2021, 5:01:00 PM=====================
Jun 15 17:01:00 
Jun 15 17:01:00 
Jun 15 17:01:00 
Jun 15 17:01:00 召唤龙王~
Jun 15 17:01:00 召唤完成
Jun 15 17:01:00 今日龙王🐲休假，晴空万里☀️，改日再来～
Jun 15 17:01:00 前往龙王庙祈福求雨: https://t.me/longzhuzhu
Jun 15 17:01:00 
Jun 15 17:01:00 🔔整点京豆雨, 结束! 🕛 0.268 秒
Jun 15 17:01:00 
Jun 15 17:01:00 召唤完成
Jun 15 17:01:00 今日龙王🐲休假，晴空万里☀️，改日再来～
Jun 15 17:01:00 前往龙王庙祈福求雨: https://t.me/longzhuzhu
Jun 15 17:01:00 
Jun 15 17:01:00 🔔整点京豆雨, 结束! 🕛 0.258 秒
Jun 15 17:01:00 
