
🔔明星小店, 开始!
您的cookie选择的是用&隔开


====================共有2个京东账号Cookie=========

==================脚本执行- 北京时间(UTC+8)：6/15/2021, 1:00:00 AM=====================

明星小店(星店长)
助力逻辑：每个ck随机获取一个明星，然后会先内部助力，然后再助力内置助力码
抽奖：是否中奖没判断，需自行查看
更新时间：2021-06-06

==================开始执行明星小店任务==================

*****开始【京东账号1】lman87*****

现共查询到42个明星小店

开始第1个明星小店，ID：LW4LCK,明星：田鸿杰
田鸿杰X潘婷 邀你来京东星店长抽取好礼！
去做任务：明星应援签到
去做任务：明星应援浏览
浏览：潘婷-3
浏览：潘婷-4
成功浏览：浏览浏去做任务：任务：明星应援关注店铺，已完成
互助码：AvmFlg5eAiG8kNQDg互助码：AvmFlg5eAiG8kNQDgdTFMg


开始第2个明星小店，ID：K6DARX,明星：龚俊
龚俊X博朗 邀你来去做任务：明星应援去去做任务：明星应援去做任务：明星浏览：P1+TH26B
浏览：预售页
浏览：聚合页
任务：明星浏览：11
任务：明星应援关注店铺，已完成


开始第3个明星小店，ID：5RFCD9,明星：王菲菲
王霏霏X伊利 邀你来京东星店长抽取好礼！
去做任务：明星应援签到
去做任务：明星应援浏览
浏览浏览：1
成功
浏览：4
任务：明星应援关注店铺，已完浏览：新西兰全脂1kg
浏览：全家系列-王霏霏
任务：明星应援关注店铺，已完成


开始第4个明星小店，ID：UK2SUY,明星：虞书欣
THE9-虞书欣X欧莱雅 邀你来京东星店长抽浏览：1
浏览：6
浏览：7
浏览：2
任务：明星应援关注店铺，已完成


开始第5个明星小店，ID：FBFN48,明星浏览：3
浏览：超级盒子会场
任务：明星应援关注店铺，已完成


开始第5个明星小店，ID：2PFR4L,明星：张云龙
张云龙X心相浏览：多芬dogmax页面
成功
浏览：多芬沐浴
成功
浏览：明星小店-李宇春-多芬
浏览：夏日甄选 呵宠美芬
任务：明星应援关注店铺，已完成


开始第6个浏览：心相印-张云龙-星店长
浏览：心相印-张云龙-星店长
成功
任务：明星应援关注店铺，已完成


开始第6个明星小店，ID：YCDXNN,明星：蔡徐坤
蔡徐坤X汤臣倍健 邀你来京东星店浏览：老板电去做任务：明星应援签去做任务：明星应援浏览
浏览：汤臣倍健yep浏览浏览：奶昔
成功
浏览：胶原蛋白口服液
浏览：益生菌
任务：明星应援关注店铺，已完成


开始第7个明星小店，ID：8K7JM3,明星：止庵
止庵给你送好礼啦，快来完成任务抽取专属好礼吧~
任务：明星应援签到，已完成
去做任务：明浏览：商品2
浏览：商品1
浏览：5
任务：明浏览：2
任务：明星应援关注店铺，已完成


开始第8个明星小店，ID：AVDKNT,明星：张嘉倪
张嘉倪X美素佳儿 邀你来京东星店长抽取好礼！
去做任务：明星应援签到
去做任务：明星应援浏览
浏览：美素佳儿礼盒
浏览：美素佳儿会员主场
浏览：皇家美素佳儿礼盒
浏览：美素佳儿主会场
浏览：美素佳儿二级页
任务：明星应援关注店铺，已完成


开始第9个明星小店，ID：XLDYRJ,明星：白宇
白宇X吉列 邀你来京东星店长抽取好礼！
去做任务：明星应援签到
去做任务：明星应援浏览
浏览：2
成功
浏览：吉列
浏览：1
浏览：3
任务：明星应援关注店铺，已完成


开始第10个明星小店，ID：YTDXNL,明星：宫殿君
只露声音的宫殿君给你送好礼啦，快来完成任务抽取专属好礼吧~
去做任务：明星应援签到
去做任务：明星应援浏览
浏览：5
浏览：7
浏览：2
浏览：4
浏览：6
任务：明星应援关注店铺，已完成


开始第11个明星小店，ID：LW4LCK,明星：田鸿杰
田鸿杰X潘婷 邀你来京东星店长抽取好礼！
去做任务：明星应援签到
去做任务：明星应援浏览
浏览：潘婷-3
成功
浏览：潘婷-2
浏览：潘婷-5
成功
任务：明星应援关注店铺，已完成


开始第12个明星小店，ID：2SFR44,明星：白茶
白茶给你送好礼啦，快来完成任务抽取专属好礼吧~
去做任务：明星应援签到
去做任务：明星应援浏览
浏览：3
成功
浏览：2
浏览：4
任务：明星应援关注店铺，已完成


开始第13个明星小店，ID：E55F2M,明星：雷米
作家雷米给你送好礼，快来完成任务抽取专属好礼吧~
去做任务：明星应援签到
去做任务：明星应援浏览
浏览：7
浏览：4
浏览：6
浏览：1
浏览：2
任务：明星应援关注店铺，已完成


开始第14个明星小店，ID：4C2M75,明星：张馨予
张馨予X护舒宝 邀你来京东星店长抽取好礼！
去做任务：明星应援签到
去做任务：明星应援浏览
浏览：5
浏览：3
成功
浏览：2
浏览：4
任务：明星应援关注店铺，已完成


开始第15个明星小店，ID：ZQ7TQR,明星：马家辉
马家辉X人头马 邀你来京东星店长抽取好礼！
去做任务：明星应援签到
签到成功
去做任务：明星应援浏览
浏览：限量新品
成功
任务：明星应援关注店铺，已完成


开始第16个明星小店，ID：HY4HCW,明星：陈坤
陈坤X方太 邀你来京东星店长抽取好礼！
去做任务：明星应援签到
去做任务：明星应援浏览
浏览：特权
浏览：P1+TH26B
浏览：预售页
浏览：聚合页
任务：明星应援关注店铺，已完成


开始第17个明星小店，ID：5JFCD6,明星：李纹翰
李汶翰X巧乐兹 邀你来京东星店长抽取好礼！
去做任务：明星应援签到
去做任务：明星应援浏览
浏览：巧榛橘
浏览：联名绮炫
浏览：巧乐兹专题页
浏览：姜撞奶
任务：明星应援关注店铺，已完成


开始第18个明星小店，ID：P94VEU,明星：林志玲
林志玲X松下 邀你来京东星店长抽取好礼！
去做任务：明星应援签到
去做任务：明星应援浏览
浏览：sku 花洒
成功
浏览：松下卫浴618狂欢购
成功
浏览：松下高端智能坐便器2367
成功
浏览：松下卫浴品牌狂欢
浏览：松下全功能智能马桶盖国潮IP款
任务：明星应援关注店铺，已完成


开始第19个明星小店，ID：TXU6GB,明星：刘雨欣
THE9-刘雨昕X哈根达斯 邀你来京东星店长抽取好礼！
去做任务：明星应援签到
去做任务：明星应援浏览
浏览：哈根达斯 草莓口味 冰淇淋 100ml
浏览：明星小店
浏览：哈根达斯 比利时巧克力口味 冰淇淋 100ml
浏览：哈根达斯 夏威夷果仁口味 冰淇淋 100ml
浏览：哈根达斯自营
任务：明星应援关注店铺，已完成


开始第20个明星小店，ID：VS4PEM,明星：热依扎
热依扎X合生元 邀你来京东星店长抽取好礼！
去做任务：明星应援签到
去做任务：明星应援浏览
浏览：活动页面沃蓝
浏览：益生菌新客
浏览：活动页面migv
浏览：活动页面MKT
任务：明星应援关注店铺，已完成


开始第21个明星小店，ID：ZH7TQ6,明星：李一桐
李一桐 X DW 邀你来京东星店长抽取好礼！
去做任务：明星应援签到
去做任务：明星应援浏览
浏览：2
浏览：超级盒子会场
浏览：3
浏览：1
任务：明星应援关注店铺，已完成


开始第22个明星小店，ID：762GUB,明星：刘昊然
刘昊然Xvivo 邀你来京东星店长抽取好礼！
去做任务：明星应援签到
去做任务：明星应援浏览
浏览：官方活动页
浏览：第四档-vivo X60手机
浏览：第二档-vivo活动页
浏览：第三档-Y70t 6+128
浏览：第一档-vivo S9手机商详
任务：明星应援关注店铺，已完成


开始第23个明星小店，ID：J8UWSP,明星：戚薇
戚薇X德龙 邀你来京东星店长抽取好礼！
去做任务：明星应援签到
去做任务：明星应援浏览
浏览：德龙全自动咖啡机ECAM350.75.S
浏览：德龙-戚薇活动页
浏览：德龙全自动咖啡机D9 T
浏览：德龙（Delonghi）京东自营旗舰店
浏览： 德龙全自动咖啡机ECAM23.260.SB
成功
任务：明星应援关注店铺，已完成


开始第24个明星小店，ID：KDDAR9,明星：徐凯
许凯X老板电器 邀你来京东星店长抽取好礼！
任务：明星应援签到，已完成
去做任务：明星应援浏览
浏览：老板内腔免拆洗油烟机大火力灶具套装
任务：明星应援关注店铺，已完成


开始第25个明星小店，ID：WG73ME,明星：李光洁
李光洁X金领冠 邀你来京东星店长抽取好礼！
去做任务：明星应援签到
去做任务：明星应援浏览
浏览：伊利金领冠星店长任务1
浏览：伊利金领冠星店长任务3
浏览：伊利金领冠星店长任务4
浏览：伊利金领冠星店长任务5
浏览：伊利金领冠星店长任务2
任务：明星应援关注店铺，已完成


开始第26个明星小店，ID：FBFN48,明星：李宇春
李宇春X多芬 邀你来京东星店长抽取好礼！
去做任务：明星应援签到
去做任务：明星应援浏览
浏览：多芬hair页面
浏览：明星小店-李宇春-多芬
浏览：夏日甄选 呵宠美芬
任务：明星应援关注店铺，已完成


开始第27个明星小店，ID：ET5F23,明星：吴尊
吴尊X沁园X布鲁雅尔 邀你来京东星店长抽取好礼！
去做任务：明星应援签到
去做任务：明星应援浏览
浏览：布鲁雅尔商品
浏览：沁园店铺
浏览：布鲁雅尔店铺
浏览：沁园产品
成功
任务：明星应援关注店铺，已完成


开始第28个明星小店，ID：877JM4,明星：张哲瀚
张哲瀚X徐福记 邀你来京东星店长抽取好礼！
去做任务：明星应援签到
去做任务：明星应援浏览
浏览：徐福记综合会场页
浏览：徐福记儿童零食页
成功
浏览：徐福记会员页
浏览：徐福记（巧克力）页
浏览：徐福记上新啦
任务：明星应援关注店铺，已完成


开始第29个明星小店，ID：637BQA,明星：成毅
成毅X蒙牛 邀你来京东星店长抽取好礼！
去做任务：明星应援签到
去做任务：明星应援浏览
浏览：超值套装16斤
浏览：汰渍品牌活动专场
浏览：深层洁净12斤
浏览：大宝洁会员页面
浏览：超值套装24斤
去做任务：明星应援关注店铺


开始第30个明星小店，ID：UN2SU2,明星：赵雷
快来抽取山海音乐节门票吧！
去做任务：明星应援签到
去做任务：明星应援浏览
浏览：6
浏览：5
浏览：4
成功
浏览：7
成功
任务：明星应援关注店铺，已完成


开始第31个明星小店，ID：GN949D,明星：刘宇宁
摩登兄弟刘宇宁X蒙牛 邀你来京东星店长抽取好礼！
去做任务：明星应援签到
去做任务：明星应援浏览
浏览：星店长承接页
浏览：自营会员开卡
浏览：芒芒西柚
浏览：樱花青梅
任务：明星应援关注店铺，已完成


开始第32个明星小店，ID：4A2M7K,明星：张伯芝
张柏芝X美赞臣 邀你来京东星店长抽取好礼！
去做任务：明星应援签到
去做任务：明星应援浏览
浏览：A2
浏览：美赞臣
浏览：sku2
浏览：星店长
浏览：全跃
任务：明星应援关注店铺，已完成


开始第33个明星小店，ID：CX522V,明星：邓伦
邓伦X清扬 邀你来京东星店长抽取好礼！
去做任务：明星应援签到
去做任务：明星应援浏览
浏览：清扬头皮劲能瓶
成功
浏览：清扬-女士专场
浏览：明星小店-邓伦-清扬6.1-6.30
任务：明星应援关注店铺，已完成


开始第34个明星小店，ID：LQ4LCS,明星：倪妮
倪妮XOLAY 邀你来京东星店长抽取好礼！
去做任务：明星应援签到
签到成功
去做任务：明星应援浏览
浏览：舒肤佳身体护理
浏览：红石榴沐浴露
浏览：舒肤佳沐浴露套装纯白+芦荟
浏览：主推品-pack
浏览：OLAY身体护理
任务：明星应援关注店铺，已完成


开始第35个明星小店，ID：D22Q7C,明星：孟美岐
孟美岐X雀巢冰淇淋 邀你来京东星店长抽取好礼！
去做任务：明星应援签到
去做任务：明星应援浏览
浏览：冰淇淋活动页
浏览：呈真冰品活动-星店长任务
浏览：雀巢冰淇淋 冰爽一夏
浏览：香蕉先生活动-星店长任务
浏览：哈瓦那活动-星店长任务
任务：明星应援关注店铺，已完成


开始第36个明星小店，ID：3PU8SZ,明星：阿云嘎
阿云嘎X华硕 邀你来京东星店长抽取好礼！
去做任务：明星应援签到
去做任务：明星应援浏览
浏览：灵耀14S
浏览：灵耀X双屏
成功
浏览：华硕618
浏览：华硕轻薄会场
成功
任务：明星应援关注店铺，已完成


开始第37个明星小店，ID：3FU8S5,明星：周柯宇
INTO1周柯宇X飘柔 邀你来京东星店长抽取好礼！
去做任务：明星应援签到
去做任务：明星应援浏览
浏览：飘柔-4
浏览：飘柔
浏览：飘柔-3
浏览：飘柔-2
任务：明星应援关注店铺，已完成


开始第38个明星小店，ID：S99D9G,明星：刘浩存
刘浩存X奥利奥 邀你来京东星店长抽取好礼！
去做任务：明星应援签到
去做任务：明星应援浏览
浏览：店铺2
浏览：店铺1
浏览：商品2
浏览：商品1
浏览：5
任务：明星应援关注店铺，已完成


开始第39个明星小店，ID：QE9757,明星：黄弈
黄奕X雅培 邀你来京东星店长抽取好礼！
去抽奖，奖品为：小熊浴巾
未抽中
{"success":true,"code":0,"errMsg":"success","data":{"prizeId":null,"prizeType":0,"prizeValue":null,"prizeUsedValue":null,"prizeDesc":null,"prizeBeginTime":null,"prizeEndTime":null,"sendResult":true,"resCode":null,"resMsg":null,"couponExtInfo":null,"drawResultExtendInfo":null,"prizeBaseId":null,"prizeGiveOutTime":null,"cashWithDrawStatus":null,"cashWithDrawMessage":null}}
任务：明星应援签到，已完成
去做任务：明星应援浏览
浏览：3
浏览：4
成功
任务：明星应援关注店铺，已完成


开始第40个明星小店，ID：94FEDQ,明星：任嘉伦
任嘉伦X佳洁士 邀你来京东星店长抽取好礼！
去做任务：明星应援签到
去做任务：明星应援浏览
浏览：618星品预启狂欢
浏览：超级盒子会场
浏览：佳洁士
浏览：11
浏览：自营旗舰店
任务：明星应援关注店铺，已完成


开始第41个明星小店，ID：M79U5N,明星：无穷小亮
无穷小亮给你送好礼啦，快来完成任务抽取专属好礼吧~
去做任务：明星应援签到
去做任务：明星应援浏览
浏览：5
浏览：2
浏览：7
浏览：6
浏览：4
任务：明星应援关注店铺，已完成


开始第42个明星小店，ID：VZ4PEY,明星：翟潇闻
R1SE翟潇闻X碧欧泉 邀你来京东星店长抽取好礼！
去做任务：明星应援签到
去做任务：明星应援浏览
浏览：亮肤
成功
浏览：水动力
成功
浏览：蓝钻
浏览：净肤
浏览：店铺
任务：明星应援关注店铺，已完成


=============lman87：星店长奖励汇总================
获得明星照片或者视频
获得优惠券
获得优惠券
获得优惠券
获得优惠券
获得优惠券
获得明星照片或者视频
获得优惠券
获得明星照片或者视频
获得明星照片或者视频
获得优惠券
获得明星照片或者视频
获得优惠券
获得明星照片或者视频

*****开始【京东账号2】lman87*****

现共查询到42个明星小店

开始第1个明星小店，ID：P94VEU,明星：林志玲
林志玲X松下 邀你来京东星店长抽取好礼！
去做任务：明星应援签到
去做任务：明星应援浏览
浏览：sku 花洒
浏览：松下卫浴618狂欢购
浏览：松下高端智能坐便器2367
浏览：松下卫浴品牌狂欢
浏览：松下全功能智能马桶盖国潮IP款
任务：明星应援关注店铺，已完成
互助码：oAB7-aVxlFnl9NIHbAJgOQ


开始第2个明星小店，ID：2PFR4L,明星：张云龙
张云龙X心相印 邀你来京东星店长抽取好礼！
去做任务：明星应援签到
去做任务：明星应援浏览
浏览：心相印-星店长
浏览：心相印-星店长
浏览：心相印-星店长
成功
浏览：心相印-张云龙-星店长
浏览：心相印-张云龙-星店长
任务：明星应援关注店铺，已完成


开始第3个明星小店，ID：VS4PEM,明星：热依扎
热依扎X合生元 邀你来京东星店长抽取好礼！
去做任务：明星应援签到
去做任务：明星应援浏览
浏览：活动页面沃蓝
浏览：益生菌新客
浏览：活动页面migv
成功
浏览：活动页面MKT
任务：明星应援关注店铺，已完成


开始第4个明星小店，ID：8K7JM3,明星：止庵
止庵给你送好礼啦，快来完成任务抽取专属好礼吧~
去做任务：明星应援签到
去做任务：明星应援浏览
浏览：5
浏览：1
浏览：6
浏览：7
浏览：2
任务：明星应援关注店铺，已完成


开始第5个明星小店，ID：637BQA,明星：成毅
成毅X蒙牛 邀你来京东星店长抽取好礼！
去做任务：明星应援签到
去做任务：明星应援浏览
浏览：超值套装16斤
浏览：汰渍品牌活动专场
浏览：深层洁净12斤
浏览：大宝洁会员页面
浏览：超值套装24斤
任务：明星应援关注店铺，已完成


开始第6个明星小店，ID：D22Q7C,明星：孟美岐
孟美岐X雀巢冰淇淋 邀你来京东星店长抽取好礼！
去做任务：明星应援签到
去做任务：明星应援浏览
浏览：冰淇淋活动页
成功
浏览：呈真冰品活动-星店长任务
成功
浏览：雀巢冰淇淋 冰爽一夏
浏览：香蕉先生活动-星店长任务
浏览：哈瓦那活动-星店长任务
任务：明星应援关注店铺，已完成


开始第7个明星小店，ID：ZH7TQ6,明星：李一桐
李一桐 X DW 邀你来京东星店长抽取好礼！
去做任务：明星应援签到
去做任务：明星应援浏览
浏览：2
浏览：3
浏览：1
任务：明星应援关注店铺，已完成


开始第8个明星小店，ID：HY4HCW,明星：陈坤
陈坤X方太 邀你来京东星店长抽取好礼！
去做任务：明星应援签到
签到成功
去做任务：明星应援浏览
浏览：特权
成功
浏览：P1+TH26B
浏览：预售页
成功
浏览：聚合页
成功
任务：明星应援关注店铺，已完成


开始第9个明星小店，ID：XLDYRJ,明星：白宇
白宇X吉列 邀你来京东星店长抽取好礼！
去做任务：明星应援签到
去做任务：明星应援浏览
浏览：4
成功
浏览：2
浏览：吉列
浏览：1
浏览：3
任务：明星应援关注店铺，已完成


开始第10个明星小店，ID：S99D9G,明星：刘浩存
刘浩存X奥利奥 邀你来京东星店长抽取好礼！
去做任务：明星应援签到
去做任务：明星应援浏览
浏览：店铺2
浏览：店铺1
浏览：商品2
浏览：商品1
浏览：5
成功
任务：明星应援关注店铺，已完成


开始第11个明星小店，ID：VZ4PEY,明星：翟潇闻
R1SE翟潇闻X碧欧泉 邀你来京东星店长抽取好礼！
去抽奖，奖品为：洁面啫喱
未抽中
{"success":true,"code":0,"errMsg":"success","data":{"prizeId":null,"prizeType":0,"prizeValue":null,"prizeUsedValue":null,"prizeDesc":null,"prizeBeginTime":null,"prizeEndTime":null,"sendResult":true,"resCode":null,"resMsg":null,"couponExtInfo":null,"drawResultExtendInfo":null,"prizeBaseId":null,"prizeGiveOutTime":null,"cashWithDrawStatus":null,"cashWithDrawMessage":null}}
去做任务：明星应援签到
签到成功
去做任务：明星应援浏览
浏览：亮肤
浏览：水动力
浏览：蓝钻
浏览：净肤
成功
浏览：店铺
成功
任务：明星应援关注店铺，已完成


开始第12个明星小店，ID：LW4LCK,明星：田鸿杰
田鸿杰X潘婷 邀你来京东星店长抽取好礼！
去做任务：明星应援签到
去做任务：明星应援浏览
浏览：潘婷-3
浏览：潘婷-4
浏览：潘婷-2
浏览：潘婷-5
任务：明星应援关注店铺，已完成


开始第13个明星小店，ID：877JM4,明星：张哲瀚
张哲瀚X徐福记 邀你来京东星店长抽取好礼！
去做任务：明星应援签到
去做任务：明星应援浏览
浏览：徐福记综合会场页
浏览：徐福记儿童零食页
浏览：徐福记会员页
浏览：徐福记上新啦
成功
浏览：徐福记（巧克力）页
任务：明星应援关注店铺，已完成


开始第14个明星小店，ID：4C2M75,明星：张馨予
张馨予X护舒宝 邀你来京东星店长抽取好礼！
去做任务：明星应援签到
去做任务：明星应援浏览
浏览：5
浏览：3
浏览：2
浏览：4
去做任务：明星应援关注店铺


开始第15个明星小店，ID：FBFN48,明星：李宇春
李宇春X多芬 邀你来京东星店长抽取好礼！
去做任务：明星应援签到
去做任务：明星应援浏览
浏览：多芬hair页面
浏览：多芬dogmax页面
浏览：多芬沐浴
浏览：明星小店-李宇春-多芬
浏览：夏日甄选 呵宠美芬
任务：明星应援关注店铺，已完成


开始第16个明星小店，ID：KDDAR9,明星：徐凯
许凯X老板电器 邀你来京东星店长抽取好礼！
去做任务：明星应援签到
去做任务：明星应援浏览
浏览：老板大吸力油烟机灶具套装
浏览：老板电器京东自营旗舰店
成功
浏览：老板内腔免拆洗油烟机大火力灶具套装
浏览：老板大吸力油烟机
任务：明星应援关注店铺，已完成


开始第17个明星小店，ID：2SFR44,明星：白茶
白茶给你送好礼啦，快来完成任务抽取专属好礼吧~
去做任务：明星应援签到
签到成功
去做任务：明星应援浏览
浏览：1
浏览：3
成功
浏览：2
浏览：4
成功
任务：明星应援关注店铺，已完成


开始第18个明星小店，ID：3PU8SZ,明星：阿云嘎
阿云嘎X华硕 邀你来京东星店长抽取好礼！
去做任务：明星应援签到
去做任务：明星应援浏览
浏览：灵耀14S
浏览：华硕618
浏览：华硕轻薄会场
任务：明星应援关注店铺，已完成


开始第19个明星小店，ID：GN949D,明星：刘宇宁
摩登兄弟刘宇宁X蒙牛 邀你来京东星店长抽取好礼！
去做任务：明星应援签到
去做任务：明星应援浏览
浏览：芒芒西柚
任务：明星应援关注店铺，已完成


开始第20个明星小店，ID：ET5F23,明星：吴尊
吴尊X沁园X布鲁雅尔 邀你来京东星店长抽取好礼！
去抽奖，奖品为：优惠券
未抽中
{"success":true,"code":0,"errMsg":"success","data":{"prizeId":null,"prizeType":0,"prizeValue":null,"prizeUsedValue":null,"prizeDesc":null,"prizeBeginTime":null,"prizeEndTime":null,"sendResult":true,"resCode":null,"resMsg":null,"couponExtInfo":null,"drawResultExtendInfo":null,"prizeBaseId":null,"prizeGiveOutTime":null,"cashWithDrawStatus":null,"cashWithDrawMessage":null}}
去做任务：明星应援签到
去做任务：明星应援浏览
浏览：布鲁雅尔商品
成功
浏览：沁园店铺
成功
浏览：布鲁雅尔店铺
成功
浏览：沁园产品
成功
任务：明星应援关注店铺，已完成


开始第21个明星小店，ID：CX522V,明星：邓伦
邓伦X清扬 邀你来京东星店长抽取好礼！
去做任务：明星应援签到
去做任务：明星应援浏览
浏览：清扬头皮劲能瓶
浏览：清扬银龙装无畏战巅峰
浏览：清扬专场
浏览：清扬-女士专场
浏览：明星小店-邓伦-清扬6.1-6.30
任务：明星应援关注店铺，已完成


开始第22个明星小店，ID：QE9757,明星：黄弈
黄奕X雅培 邀你来京东星店长抽取好礼！
去做任务：明星应援签到
去做任务：明星应援浏览
浏览：3
浏览：2
浏览：1
浏览：4
成功
任务：明星应援关注店铺，已完成


开始第23个明星小店，ID：94FEDQ,明星：任嘉伦
任嘉伦X佳洁士 邀你来京东星店长抽取好礼！
去做任务：明星应援签到
签到成功
去做任务：明星应援浏览
浏览：618星品预启狂欢
成功
浏览：超级盒子会场
成功
浏览：佳洁士
浏览：11
成功
浏览：自营旗舰店
任务：明星应援关注店铺，已完成


开始第24个明星小店，ID：WG73ME,明星：李光洁
李光洁X金领冠 邀你来京东星店长抽取好礼！
去做任务：明星应援签到
去做任务：明星应援浏览
浏览：伊利金领冠星店长任务1
浏览：伊利金领冠星店长任务3
浏览：伊利金领冠星店长任务4
浏览：伊利金领冠星店长任务5
浏览：伊利金领冠星店长任务2
任务：明星应援关注店铺，已完成


开始第25个明星小店，ID：E55F2M,明星：雷米
作家雷米给你送好礼，快来完成任务抽取专属好礼吧~
任务：明星应援签到，已完成
去做任务：明星应援浏览
浏览：7
浏览：4
浏览：6
成功
浏览：1
浏览：2
任务：明星应援关注店铺，已完成


开始第26个明星小店，ID：M79U5N,明星：无穷小亮
无穷小亮给你送好礼啦，快来完成任务抽取专属好礼吧~
任务：明星应援签到，已完成
去做任务：明星应援浏览
浏览：1
浏览：5
浏览：8
浏览：3
成功
浏览：2
任务：明星应援关注店铺，已完成


开始第27个明星小店，ID：ZQ7TQR,明星：马家辉
马家辉X人头马 邀你来京东星店长抽取好礼！
去做任务：明星应援签到
去做任务：明星应援浏览
浏览：限量新品
任务：明星应援关注店铺，已完成


开始第28个明星小店，ID：UN2SU2,明星：赵雷
快来抽取山海音乐节门票吧！
去做任务：明星应援签到
去做任务：明星应援浏览
浏览：1
浏览：6
浏览：5
浏览：3
任务：明星应援关注店铺，已完成


开始第29个明星小店，ID：5RFCD9,明星：王菲菲
王霏霏X伊利 邀你来京东星店长抽取好礼！
去做任务：明星应援签到
签到成功
去做任务：明星应援浏览
浏览：明星小店-王霏霏
成功
浏览：店铺会员页
浏览：618店铺页
成功
浏览：新西兰全脂1kg
浏览：全家系列-王霏霏
成功
任务：明星应援关注店铺，已完成


开始第30个明星小店，ID：762GUB,明星：刘昊然
刘昊然Xvivo 邀你来京东星店长抽取好礼！
去做任务：明星应援签到
去做任务：明星应援浏览
浏览：官方活动页
成功
浏览：第四档-vivo X60手机
浏览：第二档-vivo活动页
浏览：第三档-Y70t 6+128
浏览：第一档-vivo S9手机商详
任务：明星应援关注店铺，已完成


开始第31个明星小店，ID：MW9U5Z,明星：吴宇恒
吴宇恒X沙宣 邀你来京东星店长抽取好礼！
去做任务：明星应援签到
去做任务：明星应援浏览
浏览：2
浏览：4
浏览：3
成功
浏览：5
成功
任务：明星应援关注店铺，已完成


开始第32个明星小店，ID：4A2M7K,明星：张伯芝
张柏芝X美赞臣 邀你来京东星店长抽取好礼！
去抽奖，奖品为：睡眠面膜
未抽中
{"success":true,"code":0,"errMsg":"success","data":{"prizeId":null,"prizeType":0,"prizeValue":null,"prizeUsedValue":null,"prizeDesc":null,"prizeBeginTime":null,"prizeEndTime":null,"sendResult":true,"resCode":null,"resMsg":null,"couponExtInfo":null,"drawResultExtendInfo":null,"prizeBaseId":null,"prizeGiveOutTime":null,"cashWithDrawStatus":null,"cashWithDrawMessage":null}}
去做任务：明星应援签到
去做任务：明星应援浏览
浏览：A2
成功
浏览：美赞臣
浏览：sku2
浏览：星店长
成功
浏览：全跃
任务：明星应援关注店铺，已完成


开始第33个明星小店，ID：YTDXNL,明星：宫殿君
只露声音的宫殿君给你送好礼啦，快来完成任务抽取专属好礼吧~
去做任务：明星应援签到
去做任务：明星应援浏览
浏览：5
浏览：7
浏览：2
浏览：4
浏览：6
任务：明星应援关注店铺，已完成


开始第34个明星小店，ID：3FU8S5,明星：周柯宇
INTO1周柯宇X飘柔 邀你来京东星店长抽取好礼！
去做任务：明星应援签到
去做任务：明星应援浏览
浏览：飘柔-4
浏览：飘柔
浏览：飘柔-3
成功
浏览：飘柔-2
任务：明星应援关注店铺，已完成


开始第35个明星小店，ID：J8UWSP,明星：戚薇
戚薇X德龙 邀你来京东星店长抽取好礼！
去做任务：明星应援签到
签到成功
去做任务：明星应援浏览
浏览：德龙全自动咖啡机ECAM350.75.S
浏览：德龙-戚薇活动页
任务：明星应援关注店铺，已完成


开始第36个明星小店，ID：K6DARX,明星：龚俊
龚俊X博朗 邀你来京东星店长抽取好礼！
去做任务：明星应援签到
去做任务：明星应援浏览
浏览：品牌链接
浏览：44
浏览：55
浏览：sku1
浏览：11
任务：明星应援关注店铺，已完成


开始第37个明星小店，ID：5JFCD6,明星：李纹翰
李汶翰X巧乐兹 邀你来京东星店长抽取好礼！
去做任务：明星应援签到
去做任务：明星应援浏览
浏览：巧榛橘
浏览：联名绮炫
成功
浏览：巧乐兹专题页
成功
任务：明星应援关注店铺，已完成


开始第38个明星小店，ID：UK2SUY,明星：虞书欣
THE9-虞书欣X欧莱雅 邀你来京东星店长抽取好礼！
去做任务：明星应援签到
去做任务：明星应援浏览
浏览：2
成功
浏览：星店长会场
浏览：1
成功
浏览：3
成功
浏览：超级盒子会场
任务：明星应援关注店铺，已完成


开始第39个明星小店，ID：AVDKNT,明星：张嘉倪
张嘉倪X美素佳儿 邀你来京东星店长抽取好礼！
去做任务：明星应援签到
去做任务：明星应援浏览
浏览：美素佳儿会员主场
浏览：皇家美素佳儿礼盒
浏览：美素佳儿主会场
浏览：美素佳儿二级页
任务：明星应援关注店铺，已完成


开始第40个明星小店，ID：LQ4LCS,明星：倪妮
倪妮XOLAY 邀你来京东星店长抽取好礼！
去做任务：明星应援签到
去做任务：明星应援浏览
浏览：舒肤佳身体护理
浏览：红石榴沐浴露
浏览：舒肤佳沐浴露套装纯白+芦荟
浏览：主推品-pack
成功
浏览：OLAY身体护理
成功
任务：明星应援关注店铺，已完成


开始第41个明星小店，ID：TXU6GB,明星：刘雨欣
THE9-刘雨昕X哈根达斯 邀你来京东星店长抽取好礼！
去做任务：明星应援签到
去做任务：明星应援浏览
浏览：明星小店
成功
浏览：哈根达斯自营
任务：明星应援关注店铺，已完成


开始第42个明星小店，ID：YCDXNN,明星：蔡徐坤
蔡徐坤X汤臣倍健 邀你来京东星店长抽取好礼！
去做任务：明星应援签到
去做任务：明星应援浏览
浏览：汤臣倍健yep专区
浏览：奶昔
浏览：胶原蛋白口服液
浏览：益生菌
任务：明星应援关注店铺，已完成


=============jd_rkylFaEIkvBL：星店长奖励汇总================
获得明星照片或者视频
获得优惠券
获得明星照片或者视频
获得优惠券
获得明星照片或者视频
获得明星照片或者视频
获得优惠券
获得明星照片或者视频
获得优惠券
获得明星照片或者视频
获得明星照片或者视频
获得优惠券
获得优惠券
获得优惠券
lman87去助力：3PU8SZ 活动，助力码：AvmFlg5eAiG8kNQDgdTFMg
助力结果：{"success":true,"code":0,"errMsg":"success","data":{"backValue":420,"prize":{"1":{"id":283,"url":"https://img14.360buyimg.com/imagetools/jfs/t1/178328/40/6724/6574/60b33928Efaef5ddc/b0ce02bf6de5cb69.png","state":2,"pos":1,"backValue":100,"name":"华硕好物"},"2":{"id":284,"url":"https://img14.360buyimg.com/imagetools/jfs/t1/190709/34/5686/5503/60b339abEce6af95b/9ef74672ad343187.png","state":2,"pos":2,"backValue":400,"name":"明星签名照"},"3":{"id":285,"url":"https://img11.360buyimg.com/imagetools/jfs/t1/6437/9/10089/7139/60b33811Ee16f2147/a9f3b75456685132.png","state":0,"pos":3,"backValue":700,"name":"明星同款"},"4":{"id":286,"url":"https://img14.360buyimg.com/imagetools/jfs/t1/178328/40/6724/6574/60b33928Efaef5ddc/b0ce02bf6de5cb69.png","state":0,"pos":4,"backValue":1000,"name":"京东E卡"}},"encryptPin":"AvmFlg5eAiG8kNQDgdTFMg","shareText":"阿云嘎X华硕 邀你来京东星店长抽取好礼！","shareUrl":"https://img11.360buyimg.com/imagetools/jfs/t1/190640/24/5032/101757/60ae5c7dE1d4a4cc9/a8d5fd7dff8a2985.png"}}
lman87去助力：3PU8SZ 活动，助力码：oAB7-aVxlFnl9NIHbAJgOQ
助力结果：{"success":true,"code":0,"errMsg":"success","data":{"backValue":420,"prize":{"1":{"id":283,"url":"https://img14.360buyimg.com/imagetools/jfs/t1/178328/40/6724/6574/60b33928Efaef5ddc/b0ce02bf6de5cb69.png","state":2,"pos":1,"backValue":100,"name":"华硕好物"},"2":{"id":284,"url":"https://img14.360buyimg.com/imagetools/jfs/t1/190709/34/5686/5503/60b339abEce6af95b/9ef74672ad343187.png","state":2,"pos":2,"backValue":400,"name":"明星签名照"},"3":{"id":285,"url":"https://img11.360buyimg.com/imagetools/jfs/t1/6437/9/10089/7139/60b33811Ee16f2147/a9f3b75456685132.png","state":0,"pos":3,"backValue":700,"name":"明星同款"},"4":{"id":286,"url":"https://img14.360buyimg.com/imagetools/jfs/t1/178328/40/6724/6574/60b33928Efaef5ddc/b0ce02bf6de5cb69.png","state":0,"pos":4,"backValue":1000,"name":"京东E卡"}},"encryptPin":"AvmFlg5eAiG8kNQDgdTFMg","shareText":"阿云嘎X华硕 邀你来京东星店长抽取好礼！","shareUrl":"https://img11.360buyimg.com/imagetools/jfs/t1/190640/24/5032/101757/60ae5c7dE1d4a4cc9/a8d5fd7dff8a2985.png"}}
lman87去助力：3PU8SZ 活动，助力码：undefined
助力结果：{"success":true,"code":0,"errMsg":"success","data":{"backValue":420,"prize":{"1":{"id":283,"url":"https://img14.360buyimg.com/imagetools/jfs/t1/178328/40/6724/6574/60b33928Efaef5ddc/b0ce02bf6de5cb69.png","state":2,"pos":1,"backValue":100,"name":"华硕好物"},"2":{"id":284,"url":"https://img14.360buyimg.com/imagetools/jfs/t1/190709/34/5686/5503/60b339abEce6af95b/9ef74672ad343187.png","state":2,"pos":2,"backValue":400,"name":"明星签名照"},"3":{"id":285,"url":"https://img11.360buyimg.com/imagetools/jfs/t1/6437/9/10089/7139/60b33811Ee16f2147/a9f3b75456685132.png","state":0,"pos":3,"backValue":700,"name":"明星同款"},"4":{"id":286,"url":"https://img14.360buyimg.com/imagetools/jfs/t1/178328/40/6724/6574/60b33928Efaef5ddc/b0ce02bf6de5cb69.png","state":0,"pos":4,"backValue":1000,"name":"京东E卡"}},"encryptPin":"AvmFlg5eAiG8kNQDgdTFMg","shareText":"阿云嘎X华硕 邀你来京东星店长抽取好礼！","shareUrl":"https://img11.360buyimg.com/imagetools/jfs/t1/190640/24/5032/101757/60ae5c7dE1d4a4cc9/a8d5fd7dff8a2985.png"}}
jd_rkylFaEIkvBL去助力：VZ4PEY 活动，助力码：AvmFlg5eAiG8kNQDgdTFMg
助力结果：{"success":true,"code":0,"errMsg":"success","data":{"backValue":460,"prize":{"1":{"id":352,"url":"https://img14.360buyimg.com/imagetools/jfs/t1/178328/40/6724/6574/60b33928Efaef5ddc/b0ce02bf6de5cb69.png","state":2,"pos":1,"backValue":100,"name":"京东E卡"},"2":{"id":353,"url":"https://img11.360buyimg.com/imagetools/jfs/t1/6437/9/10089/7139/60b33811Ee16f2147/a9f3b75456685132.png","state":2,"pos":2,"backValue":400,"name":"洁面啫喱"},"3":{"id":354,"url":"https://img11.360buyimg.com/imagetools/jfs/t1/6437/9/10089/7139/60b33811Ee16f2147/a9f3b75456685132.png","state":0,"pos":3,"backValue":700,"name":"乳液"},"4":{"id":355,"url":"https://img11.360buyimg.com/imagetools/jfs/t1/6437/9/10089/7139/60b33811Ee16f2147/a9f3b75456685132.png","state":0,"pos":4,"backValue":1000,"name":"碧欧泉礼包"}},"encryptPin":"oAB7-aVxlFnl9NIHbAJgOQ","shareText":"R1SE翟潇闻X碧欧泉 邀你来京东星店长抽取好礼！","shareUrl":"https://img11.360buyimg.com/imagetools/jfs/t1/190640/24/5032/101757/60ae5c7dE1d4a4cc9/a8d5fd7dff8a2985.png"}}
jd_rkylFaEIkvBL去助力：VZ4PEY 活动，助力码：oAB7-aVxlFnl9NIHbAJgOQ
助力结果：{"success":true,"code":0,"errMsg":"success","data":{"backValue":460,"prize":{"1":{"id":352,"url":"https://img14.360buyimg.com/imagetools/jfs/t1/178328/40/6724/6574/60b33928Efaef5ddc/b0ce02bf6de5cb69.png","state":2,"pos":1,"backValue":100,"name":"京东E卡"},"2":{"id":353,"url":"https://img11.360buyimg.com/imagetools/jfs/t1/6437/9/10089/7139/60b33811Ee16f2147/a9f3b75456685132.png","state":2,"pos":2,"backValue":400,"name":"洁面啫喱"},"3":{"id":354,"url":"https://img11.360buyimg.com/imagetools/jfs/t1/6437/9/10089/7139/60b33811Ee16f2147/a9f3b75456685132.png","state":0,"pos":3,"backValue":700,"name":"乳液"},"4":{"id":355,"url":"https://img11.360buyimg.com/imagetools/jfs/t1/6437/9/10089/7139/60b33811Ee16f2147/a9f3b75456685132.png","state":0,"pos":4,"backValue":1000,"name":"碧欧泉礼包"}},"encryptPin":"oAB7-aVxlFnl9NIHbAJgOQ","shareText":"R1SE翟潇闻X碧欧泉 邀你来京东星店长抽取好礼！","shareUrl":"https://img11.360buyimg.com/imagetools/jfs/t1/190640/24/5032/101757/60ae5c7dE1d4a4cc9/a8d5fd7dff8a2985.png"}}
jd_rkylFaEIkvBL去助力：VZ4PEY 活动，助力码：undefined
助力结果：{"success":true,"code":0,"errMsg":"success","data":{"backValue":460,"prize":{"1":{"id":352,"url":"https://img14.360buyimg.com/imagetools/jfs/t1/178328/40/6724/6574/60b33928Efaef5ddc/b0ce02bf6de5cb69.png","state":2,"pos":1,"backValue":100,"name":"京东E卡"},"2":{"id":353,"url":"https://img11.360buyimg.com/imagetools/jfs/t1/6437/9/10089/7139/60b33811Ee16f2147/a9f3b75456685132.png","state":2,"pos":2,"backValue":400,"name":"洁面啫喱"},"3":{"id":354,"url":"https://img11.360buyimg.com/imagetools/jfs/t1/6437/9/10089/7139/60b33811Ee16f2147/a9f3b75456685132.png","state":0,"pos":3,"backValue":700,"name":"乳液"},"4":{"id":355,"url":"https://img11.360buyimg.com/imagetools/jfs/t1/6437/9/10089/7139/60b33811Ee16f2147/a9f3b75456685132.png","state":0,"pos":4,"backValue":1000,"name":"碧欧泉礼包"}},"encryptPin":"oAB7-aVxlFnl9NIHbAJgOQ","shareText":"R1SE翟潇闻X碧欧泉 邀你来京东星店长抽取好礼！","shareUrl":"https://img11.360buyimg.com/imagetools/jfs/t1/190640/24/5032/101757/60ae5c7dE1d4a4cc9/a8d5fd7dff8a2985.png"}}

🔔明星小店, 结束! 🕛 1175.665 秒

":"oAB7-aVxlFnl9NIHbAJgOQ","shareText":"李汶翰X巧乐兹 邀你来京东星店长抽取好礼！","shareUrl":"https://img11.360buyimg.com/imagetools/jfs/t1/190640/24/5032/101757/60ae5c7dE1d4a4cc9/a8d5fd7dff8a2985.png"}}
jd_rkylFaEIkvBL去助力：5JFCD6 活动，助力码：undefined
助力结果：{"success":true,"code":0,"errMsg":"success","data":{"backValue":435,"prize":{"1":{"id":204,"url":"https://img11.360buyimg.com/imagetools/jfs/t1/6437/9/10089/7139/60b33811Ee16f2147/a9f3b75456685132.png","state":2,"pos":1,"backValue":100,"name":"钥匙扣 "},"2":{"id":205,"url":"https://img11.360buyimg.com/imagetools/jfs/t1/6437/9/10089/7139/60b33811Ee16f2147/a9f3b75456685132.png","state":2,"pos":2,"backValue":400,"name":"巧乐兹脆筒"},"3":{"id":206,"url":"https://img11.360buyimg.com/imagetools/jfs/t1/6437/9/10089/7139/60b33811Ee16f2147/a9f3b75456685132.png","state":0,"pos":3,"backValue":700,"name":" 巧乐兹绮炫"},"4":{"id":207,"url":"https://img11.360buyimg.com/imagetools/jfs/t1/6437/9/10089/7139/60b33811Ee16f2147/a9f3b75456685132.png","state":0,"pos":4,"backValue":1000,"name":"明星签名照"}},"encryptPin":"oAB7-aVxlFnl9NIHbAJgOQ","shareText":"李汶翰X巧乐兹 邀你来京东星店长抽取好礼！","shareUrl":"https://img11.360buyimg.com/imagetools/jfs/t1/190640/24/5032/101757/60ae5c7dE1d4a4cc9/a8d5fd7dff8a2985.png"}}

🔔明星小店, 结束! 🕛 1155.78 秒

