Jun 14 00:08:00 
Jun 14 00:08:00 🔔✈️天天加速, 开始!
Jun 14 00:08:00 
Jun 14 00:08:00 🔔✈️天天加速, 开始!
Jun 14 00:08:00 您的cookie选择的是用&隔开
Jun 14 00:08:00 
Jun 14 00:08:00 
Jun 14 00:08:00 ====================共有2个京东账号Cookie=========
Jun 14 00:08:00 
Jun 14 00:08:00 您的cookie选择的是用&隔开
Jun 14 00:08:00 
Jun 14 00:08:00 
Jun 14 00:08:00 ====================共有2个京东账号Cookie=========
Jun 14 00:08:00 
Jun 14 00:08:00 ==================脚本执行- 北京时间(UTC+8)：6/14/2021, 12:08:00 AM=====================
Jun 14 00:08:00 
Jun 14 00:08:00 ==================脚本执行- 北京时间(UTC+8)：6/14/2021, 12:08:00 AM=====================
Jun 14 00:08:00 
Jun 14 00:08:00 
Jun 14 00:08:00 开始【京东账号1】lman87
Jun 14 00:08:00 
Jun 14 00:08:00 
Jun 14 00:08:00 开始【京东账号1】lman87
Jun 14 00:08:00 
Jun 14 00:08:00 
Jun 14 00:08:00 天天加速任务进行中
Jun 14 00:08:00 
Jun 14 00:08:00 天天加速任务进行中
Jun 14 00:08:01 
Jun 14 00:08:01 检查是否可领虫洞京豆奖励
Jun 14 00:08:01 暂无可领取的虫洞京豆奖励
Jun 14 00:08:01 
Jun 14 00:08:01 
Jun 14 00:08:01 
Jun 14 00:08:01 
Jun 14 00:08:01 检查是否可领虫洞京豆奖励
Jun 14 00:08:01 暂无可领取的虫洞京豆奖励
Jun 14 00:08:01 
Jun 14 00:08:01 
Jun 14 00:08:01 
Jun 14 00:08:01 
Jun 14 00:08:01 开始【京东账号2】jd_rkylFaEIkvBL
Jun 14 00:08:01 
Jun 14 00:08:01 
Jun 14 00:08:01 开始【京东账号2】jd_rkylFaEIkvBL
Jun 14 00:08:01 
Jun 14 00:08:01 
Jun 14 00:08:01 天天加速任务进行中
Jun 14 00:08:01 
Jun 14 00:08:01 天天加速任务进行中
Jun 14 00:08:02 
Jun 14 00:08:02 检查是否可领虫洞京豆奖励
Jun 14 00:08:02 暂无可领取的虫洞京豆奖励
Jun 14 00:08:02 
Jun 14 00:08:02 
Jun 14 00:08:02 
Jun 14 00:08:02 
Jun 14 00:08:02 🔔✈️天天加速, 结束! 🕛 2.073 秒
Jun 14 00:08:02 
Jun 14 00:08:02 
Jun 14 00:08:02 检查是否可领虫洞京豆奖励
Jun 14 00:08:02 暂无可领取的虫洞京豆奖励
Jun 14 00:08:02 
Jun 14 00:08:02 
Jun 14 00:08:02 
Jun 14 00:08:02 
Jun 14 00:08:02 🔔✈️天天加速, 结束! 🕛 2.178 秒
Jun 14 00:08:02 
Jun 14 03:08:00 
Jun 14 03:08:00 🔔✈️天天加速, 开始!
Jun 14 03:08:00 您的cookie选择的是用&隔开
Jun 14 03:08:00 
Jun 14 03:08:00 
Jun 14 03:08:00 ====================共有2个京东账号Cookie=========
Jun 14 03:08:00 
Jun 14 03:08:00 
Jun 14 03:08:00 🔔✈️天天加速, 开始!
Jun 14 03:08:00 您的cookie选择的是用&隔开
Jun 14 03:08:00 
Jun 14 03:08:00 
Jun 14 03:08:00 ====================共有2个京东账号Cookie=========
Jun 14 03:08:00 
Jun 14 03:08:00 ==================脚本执行- 北京时间(UTC+8)：6/14/2021, 3:08:00 AM=====================
Jun 14 03:08:00 
Jun 14 03:08:00 ==================脚本执行- 北京时间(UTC+8)：6/14/2021, 3:08:00 AM=====================
Jun 14 03:08:00 
Jun 14 03:08:00 
Jun 14 03:08:00 开始【京东账号1】lman87
Jun 14 03:08:00 
Jun 14 03:08:00 
Jun 14 03:08:00 开始【京东账号1】lman87
Jun 14 03:08:00 
Jun 14 03:08:00 
Jun 14 03:08:00 天天加速任务进行中
Jun 14 03:08:00 
Jun 14 03:08:00 天天加速任务进行中
Jun 14 03:08:00 
Jun 14 03:08:00 检查是否可领虫洞京豆奖励
Jun 14 03:08:00 暂无可领取的虫洞京豆奖励
Jun 14 03:08:00 
Jun 14 03:08:00 
Jun 14 03:08:00 
Jun 14 03:08:00 
Jun 14 03:08:00 检查是否可领虫洞京豆奖励
Jun 14 03:08:00 暂无可领取的虫洞京豆奖励
Jun 14 03:08:00 
Jun 14 03:08:00 
Jun 14 03:08:00 
Jun 14 03:08:00 
Jun 14 03:08:00 开始【京东账号2】jd_rkylFaEIkvBL
Jun 14 03:08:00 
Jun 14 03:08:00 
Jun 14 03:08:00 天天加速任务进行中
Jun 14 03:08:00 
Jun 14 03:08:00 开始【京东账号2】jd_rkylFaEIkvBL
Jun 14 03:08:00 
Jun 14 03:08:00 
Jun 14 03:08:00 天天加速任务进行中
Jun 14 03:08:00 
Jun 14 03:08:00 检查是否可领虫洞京豆奖励
Jun 14 03:08:00 暂无可领取的虫洞京豆奖励
Jun 14 03:08:00 
Jun 14 03:08:00 
Jun 14 03:08:00 
Jun 14 03:08:00 
Jun 14 03:08:00 🔔✈️天天加速, 结束! 🕛 0.495 秒
Jun 14 03:08:00 
Jun 14 03:08:00 
Jun 14 03:08:00 检查是否可领虫洞京豆奖励
Jun 14 03:08:00 暂无可领取的虫洞京豆奖励
Jun 14 03:08:00 
Jun 14 03:08:00 
Jun 14 03:08:00 
Jun 14 03:08:00 
Jun 14 03:08:00 🔔✈️天天加速, 结束! 🕛 0.554 秒
Jun 14 03:08:00 
Jun 14 06:08:00 
Jun 14 06:08:00 🔔✈️天天加速, 开始!
Jun 14 06:08:00 
Jun 14 06:08:00 🔔✈️天天加速, 开始!
Jun 14 06:08:00 您的cookie选择的是用&隔开
Jun 14 06:08:00 
Jun 14 06:08:00 
Jun 14 06:08:00 ====================共有2个京东账号Cookie=========
Jun 14 06:08:00 
Jun 14 06:08:00 您的cookie选择的是用&隔开
Jun 14 06:08:00 
Jun 14 06:08:00 
Jun 14 06:08:00 ====================共有2个京东账号Cookie=========
Jun 14 06:08:00 
Jun 14 06:08:00 ==================脚本执行- 北京时间(UTC+8)：6/14/2021, 6:08:00 AM=====================
Jun 14 06:08:00 
Jun 14 06:08:00 ==================脚本执行- 北京时间(UTC+8)：6/14/2021, 6:08:00 AM=====================
Jun 14 06:08:00 
Jun 14 06:08:00 
Jun 14 06:08:00 开始【京东账号1】lman87
Jun 14 06:08:00 
Jun 14 06:08:00 
Jun 14 06:08:00 开始【京东账号1】lman87
Jun 14 06:08:00 
Jun 14 06:08:00 
Jun 14 06:08:00 天天加速任务进行中
Jun 14 06:08:00 
Jun 14 06:08:00 天天加速任务进行中
Jun 14 06:08:00 
Jun 14 06:08:00 检查是否可领虫洞京豆奖励
Jun 14 06:08:00 暂无可领取的虫洞京豆奖励
Jun 14 06:08:00 
Jun 14 06:08:00 
Jun 14 06:08:00 
Jun 14 06:08:00 
Jun 14 06:08:00 开始【京东账号2】jd_rkylFaEIkvBL
Jun 14 06:08:00 
Jun 14 06:08:00 
Jun 14 06:08:00 检查是否可领虫洞京豆奖励
Jun 14 06:08:00 暂无可领取的虫洞京豆奖励
Jun 14 06:08:00 
Jun 14 06:08:00 
Jun 14 06:08:00 
Jun 14 06:08:00 
Jun 14 06:08:00 天天加速任务进行中
Jun 14 06:08:00 
Jun 14 06:08:00 开始【京东账号2】jd_rkylFaEIkvBL
Jun 14 06:08:00 
Jun 14 06:08:00 
Jun 14 06:08:00 天天加速任务进行中
Jun 14 06:08:00 
Jun 14 06:08:00 检查是否可领虫洞京豆奖励
Jun 14 06:08:00 暂无可领取的虫洞京豆奖励
Jun 14 06:08:00 
Jun 14 06:08:00 
Jun 14 06:08:00 
Jun 14 06:08:00 
Jun 14 06:08:00 🔔✈️天天加速, 结束! 🕛 0.527 秒
Jun 14 06:08:00 
Jun 14 06:08:00 
Jun 14 06:08:00 检查是否可领虫洞京豆奖励
Jun 14 06:08:00 暂无可领取的虫洞京豆奖励
Jun 14 06:08:00 
Jun 14 06:08:00 
Jun 14 06:08:00 
Jun 14 06:08:00 
Jun 14 06:08:00 🔔✈️天天加速, 结束! 🕛 0.563 秒
Jun 14 06:08:00 
Jun 14 09:08:00 
Jun 14 09:08:00 🔔✈️天天加速, 开始!
Jun 14 09:08:00 
Jun 14 09:08:00 🔔✈️天天加速, 开始!
Jun 14 09:08:00 您的cookie选择的是用&隔开
Jun 14 09:08:00 
Jun 14 09:08:00 
Jun 14 09:08:00 ====================共有2个京东账号Cookie=========
Jun 14 09:08:00 
Jun 14 09:08:00 您的cookie选择的是用&隔开
Jun 14 09:08:00 
Jun 14 09:08:00 
Jun 14 09:08:00 ====================共有2个京东账号Cookie=========
Jun 14 09:08:00 
Jun 14 09:08:00 ==================脚本执行- 北京时间(UTC+8)：6/14/2021, 9:08:00 AM=====================
Jun 14 09:08:00 
Jun 14 09:08:00 ==================脚本执行- 北京时间(UTC+8)：6/14/2021, 9:08:00 AM=====================
Jun 14 09:08:00 
Jun 14 09:08:00 
Jun 14 09:08:00 开始【京东账号1】lman87
Jun 14 09:08:00 
Jun 14 09:08:00 
Jun 14 09:08:00 开始【京东账号1】lman87
Jun 14 09:08:00 
Jun 14 09:08:00 
Jun 14 09:08:00 天天加速任务进行中
Jun 14 09:08:00 
Jun 14 09:08:00 天天加速任务进行中
Jun 14 09:08:01 
Jun 14 09:08:01 检查是否可领虫洞京豆奖励
Jun 14 09:08:01 暂无可领取的虫洞京豆奖励
Jun 14 09:08:01 
Jun 14 09:08:01 
Jun 14 09:08:01 
Jun 14 09:08:01 
Jun 14 09:08:01 开始【京东账号2】jd_rkylFaEIkvBL
Jun 14 09:08:01 
Jun 14 09:08:01 
Jun 14 09:08:01 天天加速任务进行中
Jun 14 09:08:01 
Jun 14 09:08:01 检查是否可领虫洞京豆奖励
Jun 14 09:08:01 暂无可领取的虫洞京豆奖励
Jun 14 09:08:01 
Jun 14 09:08:01 
Jun 14 09:08:01 
Jun 14 09:08:01 
Jun 14 09:08:01 开始【京东账号2】jd_rkylFaEIkvBL
Jun 14 09:08:01 
Jun 14 09:08:02 
Jun 14 09:08:02 天天加速任务进行中
Jun 14 09:08:03 
Jun 14 09:08:03 检查是否可领虫洞京豆奖励
Jun 14 09:08:03 暂无可领取的虫洞京豆奖励
Jun 14 09:08:03 
Jun 14 09:08:03 
Jun 14 09:08:03 
Jun 14 09:08:03 
Jun 14 09:08:03 🔔✈️天天加速, 结束! 🕛 2.505 秒
Jun 14 09:08:03 
Jun 14 09:08:04 
Jun 14 09:08:04 检查是否可领虫洞京豆奖励
Jun 14 09:08:04 暂无可领取的虫洞京豆奖励
Jun 14 09:08:04 
Jun 14 09:08:04 
Jun 14 09:08:04 
Jun 14 09:08:04 
Jun 14 09:08:04 🔔✈️天天加速, 结束! 🕛 4.039 秒
Jun 14 09:08:04 
Jun 14 12:08:00 
Jun 14 12:08:00 🔔✈️天天加速, 开始!
Jun 14 12:08:00 
Jun 14 12:08:00 🔔✈️天天加速, 开始!
Jun 14 12:08:00 您的cookie选择的是用&隔开
Jun 14 12:08:00 
Jun 14 12:08:00 
Jun 14 12:08:00 ====================共有2个京东账号Cookie=========
Jun 14 12:08:00 
Jun 14 12:08:00 您的cookie选择的是用&隔开
Jun 14 12:08:00 
Jun 14 12:08:00 
Jun 14 12:08:00 ====================共有2个京东账号Cookie=========
Jun 14 12:08:00 
Jun 14 12:08:00 ==================脚本执行- 北京时间(UTC+8)：6/14/2021, 12:08:00 PM=====================
Jun 14 12:08:00 
Jun 14 12:08:00 ==================脚本执行- 北京时间(UTC+8)：6/14/2021, 12:08:00 PM=====================
Jun 14 12:08:00 
Jun 14 12:08:00 
Jun 14 12:08:00 开始【京东账号1】lman87
Jun 14 12:08:00 
Jun 14 12:08:00 
Jun 14 12:08:00 开始【京东账号1】lman87
Jun 14 12:08:00 
Jun 14 12:08:00 
Jun 14 12:08:00 天天加速任务进行中
Jun 14 12:08:00 
Jun 14 12:08:00 天天加速任务进行中
Jun 14 12:08:00 
Jun 14 12:08:00 检查是否可领虫洞京豆奖励
Jun 14 12:08:00 暂无可领取的虫洞京豆奖励
Jun 14 12:08:00 
Jun 14 12:08:00 检查是否可领虫洞京豆奖励
Jun 14 12:08:00Jun 14 12:08:00 暂无可领取的虫洞京豆奖励
 
Jun 14 12:08:00 
Jun 14 12:08:00 
Jun 14 12:08:00 
Jun 14 12:08:00 
Jun 14 12:08:00 
Jun 14 12:08:00 
Jun 14 12:08:00 开始【京东账号2】jd_rkylFaEIkvBL
Jun 14 12:08:00 
Jun 14 12:08:00 
Jun 14 12:08:00 开始【京东账号2】jd_rkylFaEIkvBL
Jun 14 12:08:00 
Jun 14 12:08:00 
Jun 14 12:08:00 天天加速任务进行中
Jun 14 12:08:00 
Jun 14 12:08:00 天天加速任务进行中
Jun 14 12:08:00 
Jun 14 12:08:00 检查是否可领虫洞京豆奖励
Jun 14 12:08:00 暂无可领取的虫洞京豆奖励
Jun 14 12:08:00 
Jun 14 12:08:00 
Jun 14 12:08:00 
Jun 14 12:08:00 
Jun 14 12:08:00 🔔✈️天天加速, 结束! 🕛 0.5 秒
Jun 14 12:08:00 
Jun 14 12:08:00 
Jun 14 12:08:00 检查是否可领虫洞京豆奖励
Jun 14 12:08:00 暂无可领取的虫洞京豆奖励
Jun 14 12:08:00 
Jun 14 12:08:00 
Jun 14 12:08:00 
Jun 14 12:08:00 
Jun 14 12:08:00 🔔✈️天天加速, 结束! 🕛 0.514 秒
Jun 14 12:08:00 
Jun 14 15:08:00 
Jun 14 15:08:00 🔔✈️天天加速, 开始!
Jun 14 15:08:00 
Jun 14 15:08:00 🔔✈️天天加速, 开始!
Jun 14 15:08:00 您的cookie选择的是用&隔开
Jun 14 15:08:00 
Jun 14 15:08:00 
Jun 14 15:08:00 ====================共有2个京东账号Cookie=========
Jun 14 15:08:00 
Jun 14 15:08:00 您的cookie选择的是用&隔开
Jun 14 15:08:00 
Jun 14 15:08:00 
Jun 14 15:08:00 ====================共有2个京东账号Cookie=========
Jun 14 15:08:00 
Jun 14 15:08:00 ==================脚本执行- 北京时间(UTC+8)：6/14/2021, 3:08:00 PM=====================
Jun 14 15:08:00 
Jun 14 15:08:00 ==================脚本执行- 北京时间(UTC+8)：6/14/2021, 3:08:00 PM=====================
Jun 14 15:08:00 
Jun 14 15:08:00 
Jun 14 15:08:00 开始【京东账号1】lman87
Jun 14 15:08:00 
Jun 14 15:08:00 
Jun 14 15:08:00 开始【京东账号1】lman87
Jun 14 15:08:00 
Jun 14 15:08:00 
Jun 14 15:08:00 天天加速任务进行中
Jun 14 15:08:00 
Jun 14 15:08:00 天天加速任务进行中
Jun 14 15:08:00 
Jun 14 15:08:00 检查是否可领虫洞京豆奖励
Jun 14 15:08:00 暂无可领取的虫洞京豆奖励
Jun 14 15:08:00 
Jun 14 15:08:00 
Jun 14 15:08:00 
Jun 14 15:08:00 
Jun 14 15:08:00 检查是否可领虫洞京豆奖励
Jun 14 15:08:00 暂无可领取的虫洞京豆奖励
Jun 14 15:08:00 
Jun 14 15:08:00 
Jun 14 15:08:00 
Jun 14 15:08:00 
Jun 14 15:08:00 开始【京东账号2】jd_rkylFaEIkvBL
Jun 14 15:08:00 
Jun 14 15:08:00 
Jun 14 15:08:00 开始【京东账号2】jd_rkylFaEIkvBL
Jun 14 15:08:00 
Jun 14 15:08:00 
Jun 14 15:08:00 天天加速任务进行中
Jun 14 15:08:00 
Jun 14 15:08:00 天天加速任务进行中
Jun 14 15:08:00 
Jun 14 15:08:00 检查是否可领虫洞京豆奖励
Jun 14 15:08:00 暂无可领取的虫洞京豆奖励
Jun 14 15:08:00 
Jun 14 15:08:00 
Jun 14 15:08:00 
Jun 14 15:08:00 
Jun 14 15:08:00 🔔✈️天天加速, 结束! 🕛 0.545 秒
Jun 14 15:08:00 
Jun 14 15:08:00 
Jun 14 15:08:00 检查是否可领虫洞京豆奖励
Jun 14 15:08:00 暂无可领取的虫洞京豆奖励
Jun 14 15:08:00 
Jun 14 15:08:00 
Jun 14 15:08:00 
Jun 14 15:08:00 
Jun 14 15:08:00 🔔✈️天天加速, 结束! 🕛 0.554 秒
Jun 14 15:08:00 
Jun 14 18:08:00 
Jun 14 18:08:00 🔔✈️天天加速, 开始!
Jun 14 18:08:00 
Jun 14 18:08:00 🔔✈️天天加速, 开始!
Jun 14 18:08:00 您的cookie选择的是用&隔开
Jun 14 18:08:00 
Jun 14 18:08:00 
Jun 14 18:08:00 ====================共有2个京东账号Cookie=========
Jun 14 18:08:00 
Jun 14 18:08:00 您的cookie选择的是用&隔开
Jun 14 18:08:00 
Jun 14 18:08:00 
Jun 14 18:08:00 ====================共有2个京东账号Cookie=========
Jun 14 18:08:00 
Jun 14 18:08:01 ==================脚本执行- 北京时间(UTC+8)：6/14/2021, 6:08:00 PM=====================
Jun 14 18:08:01 
Jun 14 18:08:01 ==================脚本执行- 北京时间(UTC+8)：6/14/2021, 6:08:00 PM=====================
Jun 14 18:08:01 
Jun 14 18:08:01 
Jun 14 18:08:01 开始【京东账号1】lman87
Jun 14 18:08:01 
Jun 14 18:08:01 
Jun 14 18:08:01 开始【京东账号1】lman87
Jun 14 18:08:01 
Jun 14 18:08:01 
Jun 14 18:08:01 天天加速任务进行中
Jun 14 18:08:01 
Jun 14 18:08:01 天天加速任务进行中
Jun 14 18:08:03 
Jun 14 18:08:03 检查是否可领虫洞京豆奖励
Jun 14 18:08:03 暂无可领取的虫洞京豆奖励
Jun 14 18:08:03 
Jun 14 18:08:03 
Jun 14 18:08:03 
Jun 14 18:08:03 
Jun 14 18:08:03 开始【京东账号2】jd_rkylFaEIkvBL
Jun 14 18:08:03 
Jun 14 18:08:03 
Jun 14 18:08:03 天天加速任务进行中
Jun 14 18:08:03 
Jun 14 18:08:03 检查是否可领虫洞京豆奖励
Jun 14 18:08:03 暂无可领取的虫洞京豆奖励
Jun 14 18:08:03 
Jun 14 18:08:03 
Jun 14 18:08:03 
Jun 14 18:08:03 
Jun 14 18:08:03 开始【京东账号2】jd_rkylFaEIkvBL
Jun 14 18:08:03 
Jun 14 18:08:03 
Jun 14 18:08:03 天天加速任务进行中
Jun 14 18:08:04 
Jun 14 18:08:04 检查是否可领虫洞京豆奖励
Jun 14 18:08:04 暂无可领取的虫洞京豆奖励
Jun 14 18:08:04 
Jun 14 18:08:04 
Jun 14 18:08:04 
Jun 14 18:08:04 
Jun 14 18:08:04 🔔✈️天天加速, 结束! 🕛 3.471 秒
Jun 14 18:08:04 
Jun 14 18:08:04 
Jun 14 18:08:04 检查是否可领虫洞京豆奖励
Jun 14 18:08:04 暂无可领取的虫洞京豆奖励
Jun 14 18:08:04 
Jun 14 18:08:04 
Jun 14 18:08:04 
Jun 14 18:08:04 
Jun 14 18:08:04 🔔✈️天天加速, 结束! 🕛 3.949 秒
Jun 14 18:08:04 
Jun 14 21:08:00Jun 14 21:08:00 
 
Jun 14 21:08:00Jun 14 21:08:00 🔔✈️天天加速, 开始!
 🔔✈️天天加速, 开始!
Jun 14 21:08:00 您的cookie选择的是用&隔开
Jun 14 21:08:00 
Jun 14 21:08:00 
Jun 14 21:08:00 ====================共有2个京东账号Cookie=========
Jun 14 21:08:00 
Jun 14 21:08:00 您的cookie选择的是用&隔开
Jun 14 21:08:00 
Jun 14 21:08:00 
Jun 14 21:08:00 ====================共有2个京东账号Cookie=========
Jun 14 21:08:00 
Jun 14 21:08:00 ==================脚本执行- 北京时间(UTC+8)：6/14/2021, 9:08:00 PM=====================
Jun 14 21:08:00 
Jun 14 21:08:00 ==================脚本执行- 北京时间(UTC+8)：6/14/2021, 9:08:00 PM=====================
Jun 14 21:08:00 
Jun 14 21:08:00 
Jun 14 21:08:00 开始【京东账号1】lman87
Jun 14 21:08:00 
Jun 14 21:08:00 
Jun 14 21:08:00 开始【京东账号1】lman87
Jun 14 21:08:00 
Jun 14 21:08:00 
Jun 14 21:08:00 天天加速任务进行中
Jun 14 21:08:00 
Jun 14 21:08:00 天天加速任务进行中
Jun 14 21:08:00 
Jun 14 21:08:00 检查是否可领虫洞京豆奖励
Jun 14 21:08:00 暂无可领取的虫洞京豆奖励
Jun 14 21:08:00 
Jun 14 21:08:00 
Jun 14 21:08:00 
Jun 14 21:08:00 
Jun 14 21:08:00 检查是否可领虫洞京豆奖励
Jun 14 21:08:00 暂无可领取的虫洞京豆奖励
Jun 14 21:08:00 
Jun 14 21:08:00 
Jun 14 21:08:00 
Jun 14 21:08:00 
Jun 14 21:08:00 开始【京东账号2】jd_rkylFaEIkvBL
Jun 14 21:08:00 
Jun 14 21:08:00 
Jun 14 21:08:00 开始【京东账号2】jd_rkylFaEIkvBL
Jun 14 21:08:00 
Jun 14 21:08:00 
Jun 14 21:08:00 天天加速任务进行中
Jun 14 21:08:00 
Jun 14 21:08:00 天天加速任务进行中
Jun 14 21:08:00 
Jun 14 21:08:00 检查是否可领虫洞京豆奖励
Jun 14 21:08:00 暂无可领取的虫洞京豆奖励
Jun 14 21:08:00 
Jun 14 21:08:00 
Jun 14 21:08:00 
Jun 14 21:08:00 
Jun 14 21:08:00 🔔✈️天天加速, 结束! 🕛 0.593 秒
Jun 14 21:08:00 
Jun 14 21:08:00 
Jun 14 21:08:00 检查是否可领虫洞京豆奖励
Jun 14 21:08:00 暂无可领取的虫洞京豆奖励
Jun 14 21:08:00 
Jun 14 21:08:00 
Jun 14 21:08:00 
Jun 14 21:08:00 
Jun 14 21:08:00 🔔✈️天天加速, 结束! 🕛 0.655 秒
Jun 14 21:08:00 
Jun 15 00:08:00 
Jun 15 00:08:00 🔔✈️天天加速, 开始!
Jun 15 00:08:00 您的cookie选择的是用&隔开
Jun 15 00:08:00 
Jun 15 00:08:00 
Jun 15 00:08:00 ====================共有2个京东账号Cookie=========
Jun 15 00:08:00 
Jun 15 00:08:00 
Jun 15 00:08:00 🔔✈️天天加速, 开始!
Jun 15 00:08:00 您的cookie选择的是用&隔开
Jun 15 00:08:00 
Jun 15 00:08:00 
Jun 15 00:08:00 ====================共有2个京东账号Cookie=========
Jun 15 00:08:00 
Jun 15 00:08:00 ==================脚本执行- 北京时间(UTC+8)：6/15/2021, 12:08:00 AM=====================
Jun 15 00:08:00 
Jun 15 00:08:00 ==================脚本执行- 北京时间(UTC+8)：6/15/2021, 12:08:00 AM=====================
Jun 15 00:08:00 
Jun 15 00:08:00 
Jun 15 00:08:00 开始【京东账号1】lman87
Jun 15 00:08:00 
Jun 15 00:08:00 
Jun 15 00:08:00 开始【京东账号1】lman87
Jun 15 00:08:00 
Jun 15 00:08:00 
Jun 15 00:08:00 天天加速任务进行中
Jun 15 00:08:00 
Jun 15 00:08:00 天天加速任务进行中
Jun 15 00:08:00 
Jun 15 00:08:00 检查是否可领虫洞京豆奖励
Jun 15 00:08:00 暂无可领取的虫洞京豆奖励
Jun 15 00:08:00 
Jun 15 00:08:00 
Jun 15 00:08:00 
Jun 15 00:08:00 
Jun 15 00:08:00 开始【京东账号2】jd_rkylFaEIkvBL
Jun 15 00:08:00 
Jun 15 00:08:01 
Jun 15 00:08:01 天天加速任务进行中
Jun 15 00:08:02 
Jun 15 00:08:02 检查是否可领虫洞京豆奖励
Jun 15 00:08:02 暂无可领取的虫洞京豆奖励
Jun 15 00:08:02 
Jun 15 00:08:02 
Jun 15 00:08:02 
Jun 15 00:08:02 
Jun 15 00:08:02 开始【京东账号2】jd_rkylFaEIkvBL
Jun 15 00:08:02 
Jun 15 00:08:02 
Jun 15 00:08:02 天天加速任务进行中
Jun 15 00:08:02 
Jun 15 00:08:02 检查是否可领虫洞京豆奖励
Jun 15 00:08:02 暂无可领取的虫洞京豆奖励
Jun 15 00:08:02 
Jun 15 00:08:02 
Jun 15 00:08:02 
Jun 15 00:08:02 
Jun 15 00:08:02 🔔✈️天天加速, 结束! 🕛 1.954 秒
Jun 15 00:08:02 
Jun 15 00:08:03 
Jun 15 00:08:03 检查是否可领虫洞京豆奖励
Jun 15 00:08:03 暂无可领取的虫洞京豆奖励
Jun 15 00:08:03 
Jun 15 00:08:03 
Jun 15 00:08:03 
Jun 15 00:08:03 
Jun 15 00:08:03 🔔✈️天天加速, 结束! 🕛 3.057 秒
Jun 15 00:08:03 
Jun 15 03:08:00 
Jun 15 03:08:00 🔔✈️天天加速, 开始!
Jun 15 03:08:00 
Jun 15 03:08:00 🔔✈️天天加速, 开始!
Jun 15 03:08:00 您的cookie选择的是用&隔开
Jun 15 03:08:00 
Jun 15 03:08:00 
Jun 15 03:08:00 ====================共有2个京东账号Cookie=========
Jun 15 03:08:00 
Jun 15 03:08:00 您的cookie选择的是用&隔开
Jun 15 03:08:00 
Jun 15 03:08:00 
Jun 15 03:08:00 ====================共有2个京东账号Cookie=========
Jun 15 03:08:00 
Jun 15 03:08:00 ==================脚本执行- 北京时间(UTC+8)：6/15/2021, 3:08:00 AM=====================
Jun 15 03:08:00Jun 15 03:08:00 ==================脚本执行- 北京时间(UTC+8)：6/15/2021, 3:08:00 AM=====================
 
Jun 15 03:08:00 
Jun 15 03:08:01 
Jun 15 03:08:01 开始【京东账号1】lman87
Jun 15 03:08:01 
Jun 15 03:08:01 
Jun 15 03:08:01 开始【京东账号1】lman87
Jun 15 03:08:01 
Jun 15 03:08:01 
Jun 15 03:08:01 天天加速任务进行中
Jun 15 03:08:01 
Jun 15 03:08:01 天天加速任务进行中
Jun 15 03:08:03 
Jun 15 03:08:03 检查是否可领虫洞京豆奖励
Jun 15 03:08:03 暂无可领取的虫洞京豆奖励
Jun 15 03:08:03 
Jun 15 03:08:03 
Jun 15 03:08:03 
Jun 15 03:08:03 
Jun 15 03:08:03 开始【京东账号2】jd_rkylFaEIkvBL
Jun 15 03:08:03 
Jun 15 03:08:03 
Jun 15 03:08:03 天天加速任务进行中
Jun 15 03:08:03 
Jun 15 03:08:03 检查是否可领虫洞京豆奖励
Jun 15 03:08:03 暂无可领取的虫洞京豆奖励
Jun 15 03:08:03 
Jun 15 03:08:03 
Jun 15 03:08:03 
Jun 15 03:08:03 
Jun 15 03:08:03 开始【京东账号2】jd_rkylFaEIkvBL
Jun 15 03:08:03 
Jun 15 03:08:04 
Jun 15 03:08:04 天天加速任务进行中
Jun 15 03:08:05 
Jun 15 03:08:05 检查是否可领虫洞京豆奖励
Jun 15 03:08:05 暂无可领取的虫洞京豆奖励
Jun 15 03:08:05 
Jun 15 03:08:05 
Jun 15 03:08:05 
Jun 15 03:08:05 
Jun 15 03:08:05 🔔✈️天天加速, 结束! 🕛 4.347 秒
Jun 15 03:08:05 
Jun 15 03:08:05 
Jun 15 03:08:05 检查是否可领虫洞京豆奖励
Jun 15 03:08:05 暂无可领取的虫洞京豆奖励
Jun 15 03:08:05 
Jun 15 03:08:05 
Jun 15 03:08:05 
Jun 15 03:08:05 
Jun 15 03:08:05 🔔✈️天天加速, 结束! 🕛 4.453 秒
Jun 15 03:08:05 
Jun 15 06:08:00 
Jun 15 06:08:00 🔔✈️天天加速, 开始!
Jun 15 06:08:00 
Jun 15 06:08:00 🔔✈️天天加速, 开始!
Jun 15 06:08:00 您的cookie选择的是用&隔开
Jun 15 06:08:00 
Jun 15 06:08:00 
Jun 15 06:08:00 ====================共有2个京东账号Cookie=========
Jun 15 06:08:00 
Jun 15 06:08:00 您的cookie选择的是用&隔开
Jun 15 06:08:00 
Jun 15 06:08:00 
Jun 15 06:08:00 ====================共有2个京东账号Cookie=========
Jun 15 06:08:00 
Jun 15 06:08:00 ==================脚本执行- 北京时间(UTC+8)：6/15/2021, 6:08:00 AM=====================
Jun 15 06:08:00 
Jun 15 06:08:00 ==================脚本执行- 北京时间(UTC+8)：6/15/2021, 6:08:00 AM=====================
Jun 15 06:08:00 
Jun 15 06:08:00 
Jun 15 06:08:00 开始【京东账号1】lman87
Jun 15 06:08:00 
Jun 15 06:08:00 
Jun 15 06:08:00 开始【京东账号1】lman87
Jun 15 06:08:00 
Jun 15 06:08:00 
Jun 15 06:08:00 天天加速任务进行中
Jun 15 06:08:00 
Jun 15 06:08:00 天天加速任务进行中
Jun 15 06:08:00 
Jun 15 06:08:00 检查是否可领虫洞京豆奖励
Jun 15 06:08:00 暂无可领取的虫洞京豆奖励
Jun 15 06:08:00 
Jun 15 06:08:00 检查是否可领虫洞京豆奖励
Jun 15 06:08:00 暂无可领取的虫洞京豆奖励
Jun 15 06:08:00 
Jun 15 06:08:00 
Jun 15 06:08:00 
Jun 15 06:08:00 
Jun 15 06:08:00 
Jun 15 06:08:00 
Jun 15 06:08:00 
Jun 15 06:08:00 开始【京东账号2】jd_rkylFaEIkvBL
Jun 15 06:08:00 
Jun 15 06:08:00 
Jun 15 06:08:00 开始【京东账号2】jd_rkylFaEIkvBL
Jun 15 06:08:00 
Jun 15 06:08:00 
Jun 15 06:08:00 天天加速任务进行中
Jun 15 06:08:00 
Jun 15 06:08:00 天天加速任务进行中
Jun 15 06:08:00 
Jun 15 06:08:00 检查是否可领虫洞京豆奖励
Jun 15 06:08:00 暂无可领取的虫洞京豆奖励
Jun 15 06:08:00 
Jun 15 06:08:00 
Jun 15 06:08:00 
Jun 15 06:08:00 
Jun 15 06:08:00 🔔✈️天天加速, 结束! 🕛 0.49 秒
Jun 15 06:08:00 
Jun 15 06:08:00 
Jun 15 06:08:00 检查是否可领虫洞京豆奖励
Jun 15 06:08:00 暂无可领取的虫洞京豆奖励
Jun 15 06:08:00 
Jun 15 06:08:00 
Jun 15 06:08:00 
Jun 15 06:08:00 
Jun 15 06:08:00 🔔✈️天天加速, 结束! 🕛 0.503 秒
Jun 15 06:08:00 
Jun 15 09:08:00 
Jun 15 09:08:00 🔔✈️天天加速, 开始!
Jun 15 09:08:00 
Jun 15 09:08:00 🔔✈️天天加速, 开始!
Jun 15 09:08:00 您的cookie选择的是用&隔开
Jun 15 09:08:00 
Jun 15 09:08:00 
Jun 15 09:08:00 ====================共有2个京东账号Cookie=========
Jun 15 09:08:00 
Jun 15 09:08:00 您的cookie选择的是用&隔开
Jun 15 09:08:00 
Jun 15 09:08:00 
Jun 15 09:08:00 ====================共有2个京东账号Cookie=========
Jun 15 09:08:00 
Jun 15 09:08:00 ==================脚本执行- 北京时间(UTC+8)：6/15/2021, 9:08:00 AM=====================
Jun 15 09:08:00 
Jun 15 09:08:00 ==================脚本执行- 北京时间(UTC+8)：6/15/2021, 9:08:00 AM=====================
Jun 15 09:08:00 
Jun 15 09:08:00 
Jun 15 09:08:00 开始【京东账号1】lman87
Jun 15 09:08:00 
Jun 15 09:08:00 
Jun 15 09:08:00 开始【京东账号1】lman87
Jun 15 09:08:00 
Jun 15 09:08:00 
Jun 15 09:08:00 天天加速任务进行中
Jun 15 09:08:00 
Jun 15 09:08:00 天天加速任务进行中
Jun 15 09:08:00 
Jun 15 09:08:00 检查是否可领虫洞京豆奖励
Jun 15 09:08:00 暂无可领取的虫洞京豆奖励
Jun 15 09:08:00 
Jun 15 09:08:00 
Jun 15 09:08:00 
Jun 15 09:08:00 
Jun 15 09:08:00 开始【京东账号2】jd_rkylFaEIkvBL
Jun 15 09:08:00 
Jun 15 09:08:00 
Jun 15 09:08:00 检查是否可领虫洞京豆奖励
Jun 15 09:08:00 暂无可领取的虫洞京豆奖励
Jun 15 09:08:00 
Jun 15 09:08:00 
Jun 15 09:08:00 
Jun 15 09:08:00 
Jun 15 09:08:00 天天加速任务进行中
Jun 15 09:08:00 
Jun 15 09:08:00 开始【京东账号2】jd_rkylFaEIkvBL
Jun 15 09:08:00 
Jun 15 09:08:00 
Jun 15 09:08:00 天天加速任务进行中
Jun 15 09:08:00 
Jun 15 09:08:00 检查是否可领虫洞京豆奖励
Jun 15 09:08:00 暂无可领取的虫洞京豆奖励
Jun 15 09:08:00 
Jun 15 09:08:00 
Jun 15 09:08:00 
Jun 15 09:08:00 
Jun 15 09:08:00 🔔✈️天天加速, 结束! 🕛 0.531 秒
Jun 15 09:08:00 
Jun 15 09:08:00 
Jun 15 09:08:00 检查是否可领虫洞京豆奖励
Jun 15 09:08:00 暂无可领取的虫洞京豆奖励
Jun 15 09:08:00 
Jun 15 09:08:00 
Jun 15 09:08:00 
Jun 15 09:08:00 
Jun 15 09:08:00 🔔✈️天天加速, 结束! 🕛 0.565 秒
Jun 15 09:08:00 
Jun 15 12:08:00 
Jun 15 12:08:00 🔔✈️天天加速, 开始!
Jun 15 12:08:00 
Jun 15 12:08:00 🔔✈️天天加速, 开始!
Jun 15 12:08:00 您的cookie选择的是用&隔开
Jun 15 12:08:00 
Jun 15 12:08:00 
Jun 15 12:08:00 ====================共有2个京东账号Cookie=========
Jun 15 12:08:00 
Jun 15 12:08:00 您的cookie选择的是用&隔开
Jun 15 12:08:00 
Jun 15 12:08:00 
Jun 15 12:08:00 ====================共有2个京东账号Cookie=========
Jun 15 12:08:00 
Jun 15 12:08:00Jun 15 12:08:00 ==================脚本执行- 北京时间(UTC+8)：6/15/2021, 12:08:00 PM=====================
 ==================脚本执行- 北京时间(UTC+8)：6/15/2021, 12:08:00 PM=====================
Jun 15 12:08:00Jun 15 12:08:00 
 
Jun 15 12:08:00 
Jun 15 12:08:00 开始【京东账号1】lman87
Jun 15 12:08:00 
Jun 15 12:08:00 
Jun 15 12:08:00 开始【京东账号1】lman87
Jun 15 12:08:00 
Jun 15 12:08:00 
Jun 15 12:08:00 天天加速任务进行中
Jun 15 12:08:00 
Jun 15 12:08:00 天天加速任务进行中
Jun 15 12:08:01 
Jun 15 12:08:01 检查是否可领虫洞京豆奖励
Jun 15 12:08:01 暂无可领取的虫洞京豆奖励
Jun 15 12:08:01 
Jun 15 12:08:01 
Jun 15 12:08:01 
Jun 15 12:08:01 
Jun 15 12:08:01 检查是否可领虫洞京豆奖励
Jun 15 12:08:01 暂无可领取的虫洞京豆奖励
Jun 15 12:08:01 
Jun 15 12:08:01 
Jun 15 12:08:01 
Jun 15 12:08:01 
Jun 15 12:08:01 开始【京东账号2】jd_rkylFaEIkvBL
Jun 15 12:08:01 
Jun 15 12:08:01 
Jun 15 12:08:01 开始【京东账号2】jd_rkylFaEIkvBL
Jun 15 12:08:01 
Jun 15 12:08:01 
Jun 15 12:08:01 天天加速任务进行中
Jun 15 12:08:01 
Jun 15 12:08:01 天天加速任务进行中
Jun 15 12:08:02 
Jun 15 12:08:02 检查是否可领虫洞京豆奖励
Jun 15 12:08:02 暂无可领取的虫洞京豆奖励
Jun 15 12:08:02 
Jun 15 12:08:02 
Jun 15 12:08:02 
Jun 15 12:08:02 
Jun 15 12:08:02 🔔✈️天天加速, 结束! 🕛 2.301 秒
Jun 15 12:08:02 
Jun 15 12:08:03 
Jun 15 12:08:03 检查是否可领虫洞京豆奖励
Jun 15 12:08:03 暂无可领取的虫洞京豆奖励
Jun 15 12:08:03 
Jun 15 12:08:03 
Jun 15 12:08:03 
Jun 15 12:08:03 
Jun 15 12:08:03 🔔✈️天天加速, 结束! 🕛 3.359 秒
Jun 15 12:08:03 
Jun 15 15:08:00 
Jun 15 15:08:00 🔔✈️天天加速, 开始!
Jun 15 15:08:00 
Jun 15 15:08:00 🔔✈️天天加速, 开始!
Jun 15 15:08:00 您的cookie选择的是用&隔开
Jun 15 15:08:00 
Jun 15 15:08:00 
Jun 15 15:08:00Jun 15 15:08:00 您的cookie选择的是用&隔开
 ====================共有2个京东账号Cookie=========
Jun 15 15:08:00Jun 15 15:08:00 
 
Jun 15 15:08:00 
Jun 15 15:08:00 ====================共有2个京东账号Cookie=========
Jun 15 15:08:00 
Jun 15 15:08:00Jun 15 15:08:00 ==================脚本执行- 北京时间(UTC+8)：6/15/2021, 3:08:00 PM=====================
 ==================脚本执行- 北京时间(UTC+8)：6/15/2021, 3:08:00 PM=====================
Jun 15 15:08:00Jun 15 15:08:00 
 
Jun 15 15:08:01 
Jun 15 15:08:01 开始【京东账号1】lman87
Jun 15 15:08:01 
Jun 15 15:08:01 
Jun 15 15:08:01 开始【京东账号1】lman87
Jun 15 15:08:01 
Jun 15 15:08:01 
Jun 15 15:08:01 天天加速任务进行中
Jun 15 15:08:01 
Jun 15 15:08:01 天天加速任务进行中
Jun 15 15:08:03 
Jun 15 15:08:03 检查是否可领虫洞京豆奖励
Jun 15 15:08:03 暂无可领取的虫洞京豆奖励
Jun 15 15:08:03 
Jun 15 15:08:03 
Jun 15 15:08:03 
Jun 15 15:08:03 
Jun 15 15:08:03 检查是否可领虫洞京豆奖励
Jun 15 15:08:03 暂无可领取的虫洞京豆奖励
Jun 15 15:08:03 
Jun 15 15:08:03 
Jun 15 15:08:03 
Jun 15 15:08:03 
Jun 15 15:08:03 开始【京东账号2】jd_rkylFaEIkvBL
Jun 15 15:08:03 
Jun 15 15:08:03 
Jun 15 15:08:03 开始【京东账号2】jd_rkylFaEIkvBL
Jun 15 15:08:03 
Jun 15 15:08:03 
Jun 15 15:08:03 天天加速任务进行中
Jun 15 15:08:03 
Jun 15 15:08:03 天天加速任务进行中
Jun 15 15:08:04 
Jun 15 15:08:04 检查是否可领虫洞京豆奖励
Jun 15 15:08:04 暂无可领取的虫洞京豆奖励
Jun 15 15:08:04 
Jun 15 15:08:04 
Jun 15 15:08:04 
Jun 15 15:08:04 
Jun 15 15:08:04 🔔✈️天天加速, 结束! 🕛 3.478 秒
Jun 15 15:08:04 
Jun 15 15:08:04 
Jun 15 15:08:04 检查是否可领虫洞京豆奖励
Jun 15 15:08:04 暂无可领取的虫洞京豆奖励
Jun 15 15:08:04 
Jun 15 15:08:04 
Jun 15 15:08:04 
Jun 15 15:08:04 
Jun 15 15:08:04 🔔✈️天天加速, 结束! 🕛 3.905 秒
Jun 15 15:08:04 
