Jun 14 08:47:00 
Jun 14 08:47:00 🔔闪购盲盒, 开始!
Jun 14 08:47:00 您的cookie选择的是用&隔开
Jun 14 08:47:00 
Jun 14 08:47:00 
Jun 14 08:47:00 ====================共有2个京东账号Cookie=========
Jun 14 08:47:00 
Jun 14 08:47:00 
Jun 14 08:47:00 🔔闪购盲盒, 开始!
Jun 14 08:47:00 您的cookie选择的是用&隔开
Jun 14 08:47:00 
Jun 14 08:47:00 
Jun 14 08:47:00 ====================共有2个京东账号Cookie=========
Jun 14 08:47:00 
Jun 14 08:47:00 ==================脚本执行- 北京时间(UTC+8)：6/14/2021, 8:47:00 AM=====================
Jun 14 08:47:00 
Jun 14 08:47:00 开始获取闪购盲盒配置文件
Jun 14 08:47:00 
Jun 14 08:47:00 共2个京东账号
Jun 14 08:47:00 
Jun 14 08:47:00 您提供了1个账号的闪购盲盒助力码
Jun 14 08:47:00 
Jun 14 08:47:00 ==================脚本执行- 北京时间(UTC+8)：6/14/2021, 8:47:00 AM=====================
Jun 14 08:47:00 
Jun 14 08:47:00 开始获取闪购盲盒配置文件
Jun 14 08:47:00 
Jun 14 08:47:00 共2个京东账号
Jun 14 08:47:00 
Jun 14 08:47:00 您提供了1个账号的闪购盲盒助力码
Jun 14 08:47:00 
Jun 14 08:47:00 开始
Jun 14 08:47:00 开始
Jun 14 08:47:02 第1个京东账号将要助力的好友["T0205KkcIkxckBO_WGiKyo1oCjVQmoaT5kRrbA","T024uvh2SRkQ9VHXPRvwlv8NcNb9CjVQmoaT5kRrbA","T0084qAiHhYeCjVQmoaT5kRrbA","T0205KkcAkVQqSKGVWOv0oV2CjVQmoaT5kRrbA","T0225KkcR08R8QCCIhrxkPRfJgCjVQmoaT5kRrbA","T0205KkcFmN7ozyEWmKu9ohuCjVQmoaT5kRrbA"]
Jun 14 08:47:02 
Jun 14 08:47:02 ******开始【京东账号1】lman87*********
Jun 14 08:47:02 
Jun 14 08:47:02 第1个京东账号将要助力的好友["T0205KkcIkxckBO_WGiKyo1oCjVQmoaT5kRrbA","T024uvh2SRkQ9VHXPRvwlv8NcNb9CjVQmoaT5kRrbA","T0084qAiHhYeCjVQmoaT5kRrbA","T0205KkcAkVQqSKGVWOv0oV2CjVQmoaT5kRrbA","T0225KkcR08R8QCCIhrxkPRfJgCjVQmoaT5kRrbA","T0205KkcFmN7ozyEWmKu9ohuCjVQmoaT5kRrbA"]
Jun 14 08:47:02 
Jun 14 08:47:02 ******开始【京东账号1】lman87*********
Jun 14 08:47:02 
Jun 14 08:47:02 
Jun 14 08:47:02 14-邀请好友助力-已完成1-未完成10
Jun 14 08:47:02 您的好友助力码为:T0084qAiHhYeCjVQmoaT5kRrbA
Jun 14 08:47:02 
Jun 14 08:47:02 14-邀请好友助力-已完成1-未完成10
Jun 14 08:47:02 您的好友助力码为:T0084qAiHhYeCjVQmoaT5kRrbA
Jun 14 08:47:02 success
Jun 14 08:47:02 您今日已为好友助力过了哦~
Jun 14 08:47:03 "getaddrinfo ENOTFOUND jd.turinglabs.net"
Jun 14 08:47:03 闪购盲盒 API请求失败，请检查网路重试
Jun 14 08:47:04 "getaddrinfo ENOTFOUND jd.turinglabs.net"
Jun 14 08:47:04 闪购盲盒 API请求失败，请检查网路重试
Jun 14 08:47:04 success
Jun 14 08:47:05 您今日已为好友助力过了哦~
Jun 14 08:47:07 不能自己给自己助力
Jun 14 08:47:07 不能自己给自己助力
Jun 14 08:47:09 您今日已为好友助力过了哦~
Jun 14 08:47:09 您今日已为好友助力过了哦~
Jun 14 08:47:11 success
Jun 14 08:47:11 您今日已为好友助力过了哦~
Jun 14 08:47:13 success
Jun 14 08:47:13 您今日已为好友助力过了哦~
Jun 14 08:47:15 
Jun 14 08:47:15 8-浏览商品任务-全部已完成
Jun 14 08:47:15 
Jun 14 08:47:15 7-浏览并关注店铺-全部已完成
Jun 14 08:47:15 
Jun 14 08:47:15 26-浏览并关注频道-全部已完成
Jun 14 08:47:15 
Jun 14 08:47:15 9-浏览会场任务-全部已完成
Jun 14 08:47:15 
Jun 14 08:47:15 8-浏览商品任务-全部已完成
Jun 14 08:47:15 
Jun 14 08:47:15 7-浏览并关注店铺-全部已完成
Jun 14 08:47:15 
Jun 14 08:47:15 26-浏览并关注频道-全部已完成
Jun 14 08:47:15 
Jun 14 08:47:15 9-浏览会场任务-全部已完成
Jun 14 08:47:15 
Jun 14 08:47:15 开始抽奖
Jun 14 08:47:15 【京东账号1】lman87
Jun 14 08:47:15 任务已完成，本次运行获得京豆0
Jun 14 08:47:15 
Jun 14 08:47:15 开始抽奖
Jun 14 08:47:15 由于您第2个京东账号未提供shareCode,将采纳本脚本自带的助力码
Jun 14 08:47:15 
Jun 14 08:47:15 开始
Jun 14 08:47:15 
Jun 14 08:47:15 开始抽奖
Jun 14 08:47:15 【京东账号1】lman87
Jun 14 08:47:15 任务已完成，本次运行获得京豆0
Jun 14 08:47:15 由于您第2个京东账号未提供shareCode,将采纳本脚本自带的助力码
Jun 14 08:47:15 
Jun 14 08:47:15 开始
Jun 14 08:47:17 第2个京东账号将要助力的好友["T024uvh2SRkQ9VHXPRvwlv8NcNb9CjVQmoaT5kRrbA"]
Jun 14 08:47:17 
Jun 14 08:47:17 ******开始【京东账号2】jd_rkylFaEIkvBL*********
Jun 14 08:47:17 
Jun 14 08:47:17 
Jun 14 08:47:17 14-邀请好友助力-已完成3-未完成10
Jun 14 08:47:17 您的好友助力码为:T0205KkcAkVQqSKGVWOv0oV2CjVQmoaT5kRrbA
Jun 14 08:47:17 success
Jun 14 08:47:17 第2个京东账号将要助力的好友["T024uvh2SRkQ9VHXPRvwlv8NcNb9CjVQmoaT5kRrbA"]
Jun 14 08:47:17 
Jun 14 08:47:17 ******开始【京东账号2】jd_rkylFaEIkvBL*********
Jun 14 08:47:17 
Jun 14 08:47:17 
Jun 14 08:47:17 14-邀请好友助力-已完成3-未完成10
Jun 14 08:47:17 您的好友助力码为:T0205KkcAkVQqSKGVWOv0oV2CjVQmoaT5kRrbA
Jun 14 08:47:17 您今日已为好友助力过了哦~
Jun 14 08:47:18 "getaddrinfo ENOTFOUND jd.turinglabs.net"
Jun 14 08:47:18 闪购盲盒 API请求失败，请检查网路重试
Jun 14 08:47:18 "getaddrinfo ENOTFOUND jd.turinglabs.net"
Jun 14 08:47:18 闪购盲盒 API请求失败，请检查网路重试
Jun 14 08:47:19 
Jun 14 08:47:19 8-浏览商品任务-全部已完成
Jun 14 08:47:19 
Jun 14 08:47:19 7-浏览并关注店铺-全部已完成
Jun 14 08:47:19 
Jun 14 08:47:19 26-浏览并关注频道-全部已完成
Jun 14 08:47:19 
Jun 14 08:47:19 9-浏览会场任务-全部已完成
Jun 14 08:47:19 
Jun 14 08:47:19 开始抽奖
Jun 14 08:47:19 
Jun 14 08:47:19 8-浏览商品任务-全部已完成
Jun 14 08:47:19 
Jun 14 08:47:19 7-浏览并关注店铺-全部已完成
Jun 14 08:47:19 
Jun 14 08:47:19 26-浏览并关注频道-全部已完成
Jun 14 08:47:19 
Jun 14 08:47:19 9-浏览会场任务-全部已完成
Jun 14 08:47:19 
Jun 14 08:47:19 开始抽奖
Jun 14 08:47:19 【京东账号2】jd_rkylFaEIkvBL
Jun 14 08:47:19 任务已完成，本次运行获得京豆0
Jun 14 08:47:19 
Jun 14 08:47:19 🔔闪购盲盒, 结束! 🕛 18.831 秒
Jun 14 08:47:19 
Jun 14 08:47:19 
Jun 14 08:47:19 开始抽奖
Jun 14 08:47:19 【京东账号2】jd_rkylFaEIkvBL
Jun 14 08:47:19 任务已完成，本次运行获得京豆0
Jun 14 08:47:19 
Jun 14 08:47:19 🔔闪购盲盒, 结束! 🕛 18.831 秒
Jun 14 08:47:19 
Jun 14 22:47:00 
Jun 14 22:47:00 🔔闪购盲盒, 开始!
Jun 14 22:47:00 
Jun 14 22:47:00 🔔闪购盲盒, 开始!
Jun 14 22:47:00 您的cookie选择的是用&隔开
Jun 14 22:47:00 
Jun 14 22:47:00 
Jun 14 22:47:00 ====================共有2个京东账号Cookie=========
Jun 14 22:47:00 
Jun 14 22:47:00 您的cookie选择的是用&隔开
Jun 14 22:47:00 
Jun 14 22:47:00 
Jun 14 22:47:00 ====================共有2个京东账号Cookie=========
Jun 14 22:47:00 
Jun 14 22:47:00 ==================脚本执行- 北京时间(UTC+8)：6/14/2021, 10:47:00 PM=====================
Jun 14 22:47:00 
Jun 14 22:47:00 ==================脚本执行- 北京时间(UTC+8)：6/14/2021, 10:47:00 PM=====================
Jun 14 22:47:00 
Jun 14 22:47:00 开始获取闪购盲盒配置文件
Jun 14 22:47:00 
Jun 14 22:47:00 共2个京东账号
Jun 14 22:47:00 
Jun 14 22:47:00 您提供了1个账号的闪购盲盒助力码
Jun 14 22:47:00 
Jun 14 22:47:00 开始获取闪购盲盒配置文件
Jun 14 22:47:00 
Jun 14 22:47:00 共2个京东账号
Jun 14 22:47:00 
Jun 14 22:47:00 您提供了1个账号的闪购盲盒助力码
Jun 14 22:47:00 
Jun 14 22:47:00 开始
Jun 14 22:47:00 开始
Jun 14 22:47:02 第1个京东账号将要助力的好友["T0205KkcIkxckBO_WGiKyo1oCjVQmoaT5kRrbA","T024uvh2SRkQ9VHXPRvwlv8NcNb9CjVQmoaT5kRrbA","T0084qAiHhYeCjVQmoaT5kRrbA","T0205KkcAkVQqSKGVWOv0oV2CjVQmoaT5kRrbA","T0225KkcR08R8QCCIhrxkPRfJgCjVQmoaT5kRrbA","T0205KkcFmN7ozyEWmKu9ohuCjVQmoaT5kRrbA"]
Jun 14 22:47:02 
Jun 14 22:47:02 ******开始【京东账号1】lman87*********
Jun 14 22:47:02 
Jun 14 22:47:02 第1个京东账号将要助力的好友["T0205KkcIkxckBO_WGiKyo1oCjVQmoaT5kRrbA","T024uvh2SRkQ9VHXPRvwlv8NcNb9CjVQmoaT5kRrbA","T0084qAiHhYeCjVQmoaT5kRrbA","T0205KkcAkVQqSKGVWOv0oV2CjVQmoaT5kRrbA","T0225KkcR08R8QCCIhrxkPRfJgCjVQmoaT5kRrbA","T0205KkcFmN7ozyEWmKu9ohuCjVQmoaT5kRrbA"]
Jun 14 22:47:02 
Jun 14 22:47:02 ******开始【京东账号1】lman87*********
Jun 14 22:47:02 
Jun 14 22:47:02 
Jun 14 22:47:02 14-邀请好友助力-已完成3-未完成10
Jun 14 22:47:02 您的好友助力码为:T0084qAiHhYeCjVQmoaT5kRrbA
Jun 14 22:47:02 
Jun 14 22:47:02 14-邀请好友助力-已完成3-未完成10
Jun 14 22:47:02 您的好友助力码为:T0084qAiHhYeCjVQmoaT5kRrbA
Jun 14 22:47:02 您今日已为好友助力过了哦~
Jun 14 22:47:02 您今日已为好友助力过了哦~
Jun 14 22:47:03 "getaddrinfo ENOTFOUND jd.turinglabs.net"
Jun 14 22:47:03 闪购盲盒 API请求失败，请检查网路重试
Jun 14 22:47:03 "getaddrinfo ENOTFOUND jd.turinglabs.net"
Jun 14 22:47:03 闪购盲盒 API请求失败，请检查网路重试
Jun 14 22:47:04 你点击的太快啦
Jun 14 22:47:04 请稍后尝试~
Jun 14 22:47:04 您今日已为好友助力过了哦~
Jun 14 22:47:06 不能自己给自己助力
Jun 14 22:47:06 不能自己给自己助力
Jun 14 22:47:08 您今日已为好友助力过了哦~
Jun 14 22:47:08 您今日已为好友助力过了哦~
Jun 14 22:47:10 您今日已为好友助力过了哦~
Jun 14 22:47:10 您今日已为好友助力过了哦~
Jun 14 22:47:12 您今日已为好友助力过了哦~
Jun 14 22:47:12 您今日已为好友助力过了哦~
Jun 14 22:47:14 
Jun 14 22:47:14 8-浏览商品任务-全部已完成
Jun 14 22:47:14 
Jun 14 22:47:14 7-浏览并关注店铺-全部已完成
Jun 14 22:47:14 
Jun 14 22:47:14 26-浏览并关注频道-全部已完成
Jun 14 22:47:14 
Jun 14 22:47:14 9-浏览会场任务-全部已完成
Jun 14 22:47:14 
Jun 14 22:47:14 8-浏览商品任务-全部已完成
Jun 14 22:47:14 
Jun 14 22:47:14 7-浏览并关注店铺-全部已完成
Jun 14 22:47:14 
Jun 14 22:47:14 26-浏览并关注频道-全部已完成
Jun 14 22:47:14 
Jun 14 22:47:14 9-浏览会场任务-全部已完成
Jun 14 22:47:14 
Jun 14 22:47:14 开始抽奖
Jun 14 22:47:14 【京东账号1】lman87
Jun 14 22:47:14 任务已完成，本次运行获得京豆0
Jun 14 22:47:14 
Jun 14 22:47:14 开始抽奖
Jun 14 22:47:14 【京东账号1】lman87
Jun 14 22:47:14 任务已完成，本次运行获得京豆0
Jun 14 22:47:14 由于您第2个京东账号未提供shareCode,将采纳本脚本自带的助力码
Jun 14 22:47:14 
Jun 14 22:47:14 开始
Jun 14 22:47:14 由于您第2个京东账号未提供shareCode,将采纳本脚本自带的助力码
Jun 14 22:47:14 
Jun 14 22:47:14 开始
Jun 14 22:47:16 第2个京东账号将要助力的好友["T024uvh2SRkQ9VHXPRvwlv8NcNb9CjVQmoaT5kRrbA"]
Jun 14 22:47:16 
Jun 14 22:47:16 ******开始【京东账号2】jd_rkylFaEIkvBL*********
Jun 14 22:47:16 
Jun 14 22:47:16 第2个京东账号将要助力的好友["T024uvh2SRkQ9VHXPRvwlv8NcNb9CjVQmoaT5kRrbA"]
Jun 14 22:47:16 
Jun 14 22:47:16 ******开始【京东账号2】jd_rkylFaEIkvBL*********
Jun 14 22:47:16 
Jun 14 22:47:16 
Jun 14 22:47:16 14-邀请好友助力-已完成3-未完成10
Jun 14 22:47:16 您的好友助力码为:T0205KkcAkVQqSKGVWOv0oV2CjVQmoaT5kRrbA
Jun 14 22:47:16 
Jun 14 22:47:16 14-邀请好友助力-已完成3-未完成10
Jun 14 22:47:16 您的好友助力码为:T0205KkcAkVQqSKGVWOv0oV2CjVQmoaT5kRrbA
Jun 14 22:47:16 您今日已为好友助力过了哦~
Jun 14 22:47:16 您今日已为好友助力过了哦~
Jun 14 22:47:17 "getaddrinfo ENOTFOUND jd.turinglabs.net"
Jun 14 22:47:17 闪购盲盒 API请求失败，请检查网路重试
Jun 14 22:47:17 "getaddrinfo ENOTFOUND jd.turinglabs.net"
Jun 14 22:47:17 闪购盲盒 API请求失败，请检查网路重试
Jun 14 22:47:18 
Jun 14 22:47:18 8-浏览商品任务-全部已完成
Jun 14 22:47:18 
Jun 14 22:47:18 7-浏览并关注店铺-全部已完成
Jun 14 22:47:18 
Jun 14 22:47:18 26-浏览并关注频道-全部已完成
Jun 14 22:47:18 
Jun 14 22:47:18 9-浏览会场任务-全部已完成
Jun 14 22:47:18 
Jun 14 22:47:18 8-浏览商品任务-全部已完成
Jun 14 22:47:18 
Jun 14 22:47:18 7-浏览并关注店铺-全部已完成
Jun 14 22:47:18 
Jun 14 22:47:18 26-浏览并关注频道-全部已完成
Jun 14 22:47:18 
Jun 14 22:47:18 9-浏览会场任务-全部已完成
Jun 14 22:47:18 
Jun 14 22:47:18 开始抽奖
Jun 14 22:47:18 【京东账号2】jd_rkylFaEIkvBL
Jun 14 22:47:18 任务已完成，本次运行获得京豆0
Jun 14 22:47:18 
Jun 14 22:47:18 🔔闪购盲盒, 结束! 🕛 18.728 秒
Jun 14 22:47:18 
Jun 14 22:47:18 
Jun 14 22:47:18 开始抽奖
Jun 14 22:47:18 【京东账号2】jd_rkylFaEIkvBL
Jun 14 22:47:18 任务已完成，本次运行获得京豆0
Jun 14 22:47:18 
Jun 14 22:47:18 🔔闪购盲盒, 结束! 🕛 18.737 秒
Jun 14 22:47:18 
Jun 15 08:47:00 
Jun 15 08:47:00 🔔闪购盲盒, 开始!
Jun 15 08:47:00 您的cookie选择的是用&隔开
Jun 15 08:47:00 
Jun 15 08:47:00 
Jun 15 08:47:00 ====================共有2个京东账号Cookie=========
Jun 15 08:47:00 
Jun 15 08:47:00 
Jun 15 08:47:00 🔔闪购盲盒, 开始!
Jun 15 08:47:00 您的cookie选择的是用&隔开
Jun 15 08:47:00 
Jun 15 08:47:00 
Jun 15 08:47:00 ====================共有2个京东账号Cookie=========
Jun 15 08:47:00 
Jun 15 08:47:00 ==================脚本执行- 北京时间(UTC+8)：6/15/2021, 8:47:00 AM=====================
Jun 15 08:47:00 
Jun 15 08:47:00 开始获取闪购盲盒配置文件
Jun 15 08:47:00 
Jun 15 08:47:00 共2个京东账号
Jun 15 08:47:00 
Jun 15 08:47:00 ==================脚本执行- 北京时间(UTC+8)：6/15/2021, 8:47:00 AM=====================
Jun 15 08:47:00Jun 15 08:47:00 
 您提供了1个账号的闪购盲盒助力码
Jun 15 08:47:00 
Jun 15 08:47:00 开始获取闪购盲盒配置文件
Jun 15 08:47:00 
Jun 15 08:47:00 共2个京东账号
Jun 15 08:47:00 
Jun 15 08:47:00 您提供了1个账号的闪购盲盒助力码
Jun 15 08:47:00 
Jun 15 08:47:00 开始
Jun 15 08:47:00 开始
Jun 15 08:47:02 第1个京东账号将要助力的好友["T0205KkcIkxckBO_WGiKyo1oCjVQmoaT5kRrbA","T024uvh2SRkQ9VHXPRvwlv8NcNb9CjVQmoaT5kRrbA","T0084qAiHhYeCjVQmoaT5kRrbA","T0205KkcAkVQqSKGVWOv0oV2CjVQmoaT5kRrbA","T0225KkcR08R8QCCIhrxkPRfJgCjVQmoaT5kRrbA","T0205KkcFmN7ozyEWmKu9ohuCjVQmoaT5kRrbA"]
Jun 15 08:47:02 
Jun 15 08:47:02 ******开始【京东账号1】lman87*********
Jun 15 08:47:02 
Jun 15 08:47:02 第1个京东账号将要助力的好友["T0205KkcIkxckBO_WGiKyo1oCjVQmoaT5kRrbA","T024uvh2SRkQ9VHXPRvwlv8NcNb9CjVQmoaT5kRrbA","T0084qAiHhYeCjVQmoaT5kRrbA","T0205KkcAkVQqSKGVWOv0oV2CjVQmoaT5kRrbA","T0225KkcR08R8QCCIhrxkPRfJgCjVQmoaT5kRrbA","T0205KkcFmN7ozyEWmKu9ohuCjVQmoaT5kRrbA"]
Jun 15 08:47:02 
Jun 15 08:47:02 ******开始【京东账号1】lman87*********
Jun 15 08:47:02 
Jun 15 08:47:02 
Jun 15 08:47:02 14-邀请好友助力-已完成1-未完成10
Jun 15 08:47:02 您的好友助力码为:T0084qAiHhYeCjVQmoaT5kRrbA
Jun 15 08:47:02 
Jun 15 08:47:02 14-邀请好友助力-已完成1-未完成10
Jun 15 08:47:02 您的好友助力码为:T0084qAiHhYeCjVQmoaT5kRrbA
Jun 15 08:47:02 你点击的太快啦
Jun 15 08:47:02 请稍后尝试~
Jun 15 08:47:02 success
Jun 15 08:47:03 "getaddrinfo ENOTFOUND jd.turinglabs.net"
Jun 15 08:47:03 闪购盲盒 API请求失败，请检查网路重试
Jun 15 08:47:03 "getaddrinfo ENOTFOUND jd.turinglabs.net"
Jun 15 08:47:03 闪购盲盒 API请求失败，请检查网路重试
Jun 15 08:47:04 你点击的太快啦
Jun 15 08:47:04 请稍后尝试~
Jun 15 08:47:04 success
Jun 15 08:47:06 不能自己给自己助力
Jun 15 08:47:06 不能自己给自己助力
Jun 15 08:47:08 你点击的太快啦
Jun 15 08:47:08 请稍后尝试~
Jun 15 08:47:08 success
Jun 15 08:47:10 你点击的太快啦
Jun 15 08:47:10 请稍后尝试~
Jun 15 08:47:10 success
Jun 15 08:47:12 success
Jun 15 08:47:12 您今日已为好友助力过了哦~
Jun 15 08:47:14 
Jun 15 08:47:14 8-浏览商品任务-全部已完成
Jun 15 08:47:14 
Jun 15 08:47:14 7-浏览并关注店铺-全部已完成
Jun 15 08:47:14 
Jun 15 08:47:14 26-浏览并关注频道-全部已完成
Jun 15 08:47:14 
Jun 15 08:47:14 9-浏览会场任务-全部已完成
Jun 15 08:47:15 
Jun 15 08:47:15 8-浏览商品任务-全部已完成
Jun 15 08:47:15 
Jun 15 08:47:15 7-浏览并关注店铺-全部已完成
Jun 15 08:47:15 
Jun 15 08:47:15 26-浏览并关注频道-全部已完成
Jun 15 08:47:15 
Jun 15 08:47:15 9-浏览会场任务-全部已完成
Jun 15 08:47:15 
Jun 15 08:47:15 开始抽奖
Jun 15 08:47:15 【京东账号1】lman87
Jun 15 08:47:15 任务已完成，本次运行获得京豆0
Jun 15 08:47:15 
Jun 15 08:47:15 开始抽奖
Jun 15 08:47:15 由于您第2个京东账号未提供shareCode,将采纳本脚本自带的助力码
Jun 15 08:47:15 
Jun 15 08:47:15 开始
Jun 15 08:47:15 
Jun 15 08:47:15 开始抽奖
Jun 15 08:47:15 京豆:1
Jun 15 08:47:15 
Jun 15 08:47:15 开始抽奖
Jun 15 08:47:15 
Jun 15 08:47:15 ==============📣系统通知📣==============
Jun 15 08:47:15 闪购盲盒
Jun 15 08:47:15 【京东账号1】lman87
Jun 15 08:47:15 任务已完成，本次运行获得京豆1
Jun 15 08:47:15 【京东账号1】lman87
Jun 15 08:47:15 任务已完成，本次运行获得京豆1
Jun 15 08:47:15 由于您第2个京东账号未提供shareCode,将采纳本脚本自带的助力码
Jun 15 08:47:15 
Jun 15 08:47:15 开始
Jun 15 08:47:17 第2个京东账号将要助力的好友["T024uvh2SRkQ9VHXPRvwlv8NcNb9CjVQmoaT5kRrbA"]
Jun 15 08:47:17 
Jun 15 08:47:17 ******开始【京东账号2】jd_rkylFaEIkvBL*********
Jun 15 08:47:17 
Jun 15 08:47:17 
Jun 15 08:47:17 14-邀请好友助力-已完成3-未完成10
Jun 15 08:47:17 您的好友助力码为:T0205KkcAkVQqSKGVWOv0oV2CjVQmoaT5kRrbA
Jun 15 08:47:17 success
Jun 15 08:47:17 第2个京东账号将要助力的好友["T024uvh2SRkQ9VHXPRvwlv8NcNb9CjVQmoaT5kRrbA"]
Jun 15 08:47:17 
Jun 15 08:47:17 ******开始【京东账号2】jd_rkylFaEIkvBL*********
Jun 15 08:47:17 
Jun 15 08:47:17 
Jun 15 08:47:17 14-邀请好友助力-已完成3-未完成10
Jun 15 08:47:17 您的好友助力码为:T0205KkcAkVQqSKGVWOv0oV2CjVQmoaT5kRrbA
Jun 15 08:47:17 您今日已为好友助力过了哦~
Jun 15 08:47:18 "getaddrinfo ENOTFOUND jd.turinglabs.net"
Jun 15 08:47:18 闪购盲盒 API请求失败，请检查网路重试
Jun 15 08:47:18 "getaddrinfo ENOTFOUND jd.turinglabs.net"
Jun 15 08:47:18 闪购盲盒 API请求失败，请检查网路重试
Jun 15 08:47:19 
Jun 15 08:47:19 8-浏览商品任务-全部已完成
Jun 15 08:47:19 
Jun 15 08:47:19 7-浏览并关注店铺-全部已完成
Jun 15 08:47:19 
Jun 15 08:47:19 26-浏览并关注频道-全部已完成
Jun 15 08:47:19 
Jun 15 08:47:19 9-浏览会场任务-全部已完成
Jun 15 08:47:19 
Jun 15 08:47:19 开始抽奖
Jun 15 08:47:19 
Jun 15 08:47:19 8-浏览商品任务-全部已完成
Jun 15 08:47:19 
Jun 15 08:47:19 7-浏览并关注店铺-全部已完成
Jun 15 08:47:19 
Jun 15 08:47:19 26-浏览并关注频道-全部已完成
Jun 15 08:47:19 
Jun 15 08:47:19 9-浏览会场任务-全部已完成
Jun 15 08:47:19 
Jun 15 08:47:19 开始抽奖
Jun 15 08:47:19 京豆:1
Jun 15 08:47:19 
Jun 15 08:47:19 开始抽奖
Jun 15 08:47:19 
Jun 15 08:47:19 ==============📣系统通知📣==============
Jun 15 08:47:19 闪购盲盒
Jun 15 08:47:19 【京东账号2】jd_rkylFaEIkvBL
Jun 15 08:47:19 任务已完成，本次运行获得京豆1
Jun 15 08:47:19 【京东账号2】jd_rkylFaEIkvBL
Jun 15 08:47:19 任务已完成，本次运行获得京豆1
Jun 15 08:47:19 
Jun 15 08:47:19 🔔闪购盲盒, 结束! 🕛 18.889 秒
Jun 15 08:47:19 
Jun 15 08:47:19 
Jun 15 08:47:19 开始抽奖
Jun 15 08:47:19 【京东账号2】jd_rkylFaEIkvBL
Jun 15 08:47:19 任务已完成，本次运行获得京豆0
Jun 15 08:47:19 
Jun 15 08:47:19 🔔闪购盲盒, 结束! 🕛 18.913 秒
Jun 15 08:47:19 
