Jun 14 06:46:00 
Jun 14 06:46:00 🔔东东小窝, 开始!
Jun 14 06:46:00 
Jun 14 06:46:00 🔔东东小窝, 开始!
Jun 14 06:46:00 您的cookie选择的是用&隔开
Jun 14 06:46:00 
Jun 14 06:46:00 
Jun 14 06:46:00 ====================共有2个京东账号Cookie=========
Jun 14 06:46:00 
Jun 14 06:46:00 您的cookie选择的是用&隔开
Jun 14 06:46:00 
Jun 14 06:46:00 
Jun 14 06:46:00 ====================共有2个京东账号Cookie=========
Jun 14 06:46:00 
Jun 14 06:46:00Jun 14 06:46:00 ==================脚本执行- 北京时间(UTC+8)：6/14/2021, 6:46:00 AM=====================
 ==================脚本执行- 北京时间(UTC+8)：6/14/2021, 6:46:00 AM=====================
Jun 14 06:46:00 
Jun 14 06:46:00 
Jun 14 06:46:00 
Jun 14 06:46:00 *******开始【京东账号1】lman87********
Jun 14 06:46:00 
Jun 14 06:46:00 
Jun 14 06:46:00 *******开始【京东账号1】lman87********
Jun 14 06:46:00 
Jun 14 06:46:00 
Jun 14 06:46:00 您的东东小窝shareCode(每天都是变化的):【1404208461975261185】
Jun 14 06:46:00 
Jun 14 06:46:05 
Jun 14 06:46:05 您的东东小窝shareCode(每天都是变化的):【1404208461975261185】
Jun 14 06:46:05 
Jun 14 06:46:45  任务名称   完成进度 
Jun 14 06:46:45 邀请任务      0/4
Jun 14 06:46:45 每日打卡      0/1
Jun 14 06:46:45 限时连连看      0/2
Jun 14 06:46:45 关注店铺      19/10
Jun 14 06:46:45 浏览店铺      0/10
Jun 14 06:46:45 关注频道      0/3
Jun 14 06:46:45 浏览频道      0/3
Jun 14 06:46:45 加购商品      0/12
Jun 14 06:46:45 浏览商品      0/5
Jun 14 06:46:45 浏览会场      0/10
Jun 14 06:46:45 createAssistUserID:1318106976846299138
Jun 14 06:46:45 
Jun 14 06:46:45 
Jun 14 06:46:45 助力您的好友:0人
Jun 14 06:46:52  任务名称   完成进度 
Jun 14 06:46:52 邀请任务      0/4
Jun 14 06:46:52 每日打卡      1/1
Jun 14 06:46:52 限时连连看      2/2
Jun 14 06:46:52 关注店铺      19/10
Jun 14 06:46:52 浏览店铺      0/10
Jun 14 06:46:52 关注频道      0/3
Jun 14 06:46:52 浏览频道      0/3
Jun 14 06:46:52 加购商品      0/12
Jun 14 06:46:52 浏览商品      0/5
Jun 14 06:46:52 浏览会场      0/10
Jun 14 06:46:52 createAssistUserID:1318106976846299138
Jun 14 06:46:52 
Jun 14 06:46:52 
Jun 14 06:46:52 助力您的好友:0人
Jun 14 06:46:52 每日打卡已完成（1/1）
Jun 14 06:46:52 限时连连看已完成[2/2]
Jun 14 06:47:18 浏览店铺 {"head":{"code":200,"msg":"浏览成功"}}
Jun 14 06:47:18 浏览店铺 {"head":{"code":200,"msg":"浏览成功"}}
Jun 14 06:47:20 浏览店铺 {"head":{"code":200,"msg":"浏览成功"}}
Jun 14 06:47:21 浏览店铺 {"head":{"code":200,"msg":"浏览成功"}}
Jun 14 06:47:22 浏览店铺 {"head":{"code":200,"msg":"浏览成功"}}
Jun 14 06:47:23 浏览店铺 {"head":{"code":200,"msg":"浏览成功"}}
Jun 14 06:47:23 浏览店铺 {"head":{"code":200,"msg":"浏览成功"}}
Jun 14 06:47:24 浏览店铺 {"head":{"code":200,"msg":"浏览成功"}}
Jun 14 06:47:24 浏览店铺 {"head":{"code":200,"msg":"浏览成功"}}
Jun 14 06:47:25 浏览店铺 {"head":{"code":200,"msg":"浏览成功"}}
Jun 14 06:47:33 浏览店铺 {"head":{"code":400,"msg":"今日浏览次数已达上限"}}
Jun 14 06:47:33 浏览店铺 {"head":{"code":400,"msg":"今日浏览次数已达上限"}}
Jun 14 06:47:33 浏览店铺 {"head":{"code":400,"msg":"今日浏览次数已达上限"}}
Jun 14 06:47:34 浏览店铺 {"head":{"code":400,"msg":"今日浏览次数已达上限"}}
Jun 14 06:47:36 浏览店铺 {"head":{"code":400,"msg":"今日浏览次数已达上限"}}
Jun 14 06:47:39 浏览店铺 {"head":{"code":400,"msg":"今日浏览次数已达上限"}}
Jun 14 06:47:39 浏览店铺 {"head":{"code":400,"msg":"今日浏览次数已达上限"}}
Jun 14 06:47:40 浏览店铺 {"head":{"code":400,"msg":"今日浏览次数已达上限"}}
Jun 14 06:47:40 浏览店铺 {"head":{"code":400,"msg":"今日浏览次数已达上限"}}
Jun 14 06:47:41 浏览店铺 {"head":{"code":400,"msg":"今日浏览次数已达上限"}}
Jun 14 06:47:50 浏览频道 {"head":{"code":200,"msg":"浏览频道成功"}}
Jun 14 06:47:51 浏览频道 {"head":{"code":200,"msg":"浏览频道成功"}}
Jun 14 06:47:52 浏览频道 {"head":{"code":200,"msg":"浏览频道成功"}}
Jun 14 06:47:52 浏览频道 {"head":{"code":400,"msg":"今日浏览次数已达上限"}}
Jun 14 06:47:53 浏览频道 {"head":{"code":400,"msg":"今日浏览次数已达上限"}}
Jun 14 06:47:56 浏览商品 {"head":{"code":200,"msg":"浏览商品成功"}}
Jun 14 06:47:57 浏览频道 {"head":{"code":400,"msg":"今日浏览次数已达上限"}}
Jun 14 06:47:59 浏览商品 {"head":{"code":200,"msg":"浏览商品成功"}}
Jun 14 06:48:00 浏览商品 {"head":{"code":200,"msg":"浏览商品成功"}}
Jun 14 06:48:00 浏览商品 {"head":{"code":200,"msg":"浏览商品成功"}}
Jun 14 06:48:00 浏览商品 {"head":{"code":200,"msg":"浏览商品成功"}}
Jun 14 06:48:01 浏览商品 {"head":{"code":400,"msg":"今日浏览次数已达上限"}}
Jun 14 06:48:01 浏览商品 {"head":{"code":400,"msg":"今日浏览次数已达上限"}}
Jun 14 06:48:01 浏览商品 {"head":{"code":400,"msg":"今日浏览次数已达上限"}}
Jun 14 06:48:02 浏览商品 {"head":{"code":400,"msg":"今日浏览次数已达上限"}}
Jun 14 06:48:02 浏览商品 {"head":{"code":400,"msg":"今日浏览次数已达上限"}}
Jun 14 06:48:02 浏览会场 {"head":{"code":200,"msg":"浏览成功"}}
Jun 14 06:48:10 浏览会场 {"head":{"code":200,"msg":"浏览成功"}}
Jun 14 06:48:10 浏览会场 {"head":{"code":200,"msg":"浏览成功"}}
Jun 14 06:48:11 浏览会场 {"head":{"code":200,"msg":"浏览成功"}}
Jun 14 06:48:13 浏览会场 {"head":{"code":200,"msg":"浏览成功"}}
Jun 14 06:48:17 浏览会场 {"head":{"code":200,"msg":"浏览成功"}}
Jun 14 06:48:18 浏览会场 {"head":{"code":200,"msg":"浏览成功"}}
Jun 14 06:48:18 浏览会场 {"head":{"code":200,"msg":"浏览成功"}}
Jun 14 06:48:20 浏览会场 {"head":{"code":200,"msg":"浏览成功"}}
Jun 14 06:48:20 浏览会场 {"head":{"code":200,"msg":"浏览成功"}}
Jun 14 06:48:21 浏览会场 {"head":{"code":400,"msg":"今日浏览次数已达上限"}}
Jun 14 06:48:21 浏览会场 {"head":{"code":400,"msg":"今日浏览次数已达上限"}}
Jun 14 06:48:23 浏览会场 {"head":{"code":400,"msg":"今日浏览次数已达上限"}}
Jun 14 06:48:23 浏览会场 {"head":{"code":400,"msg":"今日浏览次数已达上限"}}
Jun 14 06:48:24 浏览会场 {"head":{"code":400,"msg":"今日浏览次数已达上限"}}
Jun 14 06:48:26 浏览会场 {"head":{"code":400,"msg":"今日浏览次数已达上限"}}
Jun 14 06:48:27 浏览会场 {"head":{"code":400,"msg":"今日浏览次数已达上限"}}
Jun 14 06:48:27 浏览会场 {"head":{"code":400,"msg":"今日浏览次数已达上限"}}
Jun 14 06:48:27 浏览会场 {"head":{"code":400,"msg":"今日浏览次数已达上限"}}
Jun 14 06:48:29 浏览会场 {"head":{"code":400,"msg":"今日浏览次数已达上限"}}
Jun 14 06:48:29 
Jun 14 06:48:29 兑换150京豆失败:当前wo币62264不够兑换所需的1699999WO币
Jun 14 06:48:29 
Jun 14 06:48:29 ==============📣系统通知📣==============
Jun 14 06:48:29 东东小窝
Jun 14 06:48:29 【京东账号1】lman87
Jun 14 06:48:29 【免费抽奖】未中奖
Jun 14 06:48:29 【小窝名】苗苗的小窝
Jun 14 06:48:29 【当前WO币】62264
Jun 14 06:48:29 【装饰领京豆】兑换150京豆失败,原因:WO币不够
Jun 14 06:48:29 
Jun 14 06:48:29 
Jun 14 06:48:29 *******开始【京东账号2】jd_rkylFaEIkvBL********
Jun 14 06:48:29 
Jun 14 06:48:30 
Jun 14 06:48:30 兑换150京豆失败:当前wo币62264不够兑换所需的1699999WO币
Jun 14 06:48:30 
Jun 14 06:48:30 ==============📣系统通知📣==============
Jun 14 06:48:30 东东小窝
Jun 14 06:48:30 【京东账号1】lman87
Jun 14 06:48:30 【免费抽奖】未中奖
Jun 14 06:48:30 【小窝名】苗苗的小窝
Jun 14 06:48:30 【当前WO币】62264
Jun 14 06:48:30 【装饰领京豆】兑换150京豆失败,原因:WO币不够
Jun 14 06:48:30 
Jun 14 06:48:30 
Jun 14 06:48:30 *******开始【京东账号2】jd_rkylFaEIkvBL********
Jun 14 06:48:30 
Jun 14 06:48:34 
Jun 14 06:48:34 您的东东小窝shareCode(每天都是变化的):【1404209105489305602】
Jun 14 06:48:34 
Jun 14 06:48:47 
Jun 14 06:48:47 您的东东小窝shareCode(每天都是变化的):【1404209105489305602】
Jun 14 06:48:47 
Jun 14 06:48:51  任务名称   完成进度 
Jun 14 06:48:51 邀请任务      0/4
Jun 14 06:48:51 每日打卡      0/1
Jun 14 06:48:51 限时连连看      0/2
Jun 14 06:48:51 关注店铺      19/10
Jun 14 06:48:51 浏览店铺      0/10
Jun 14 06:48:51 关注频道      1/3
Jun 14 06:48:51 浏览频道      0/3
Jun 14 06:48:51 加购商品      0/12
Jun 14 06:48:51 浏览商品      0/5
Jun 14 06:48:51 浏览会场      0/10
Jun 14 06:48:51 createAssistUserID:1318106976846299138
Jun 14 06:48:51 
Jun 14 06:48:51 
Jun 14 06:48:51 助力您的好友:0人
Jun 14 06:48:52  任务名称   完成进度 
Jun 14 06:48:52 邀请任务      0/4
Jun 14 06:48:52 每日打卡      0/1
Jun 14 06:48:52 限时连连看      0/2
Jun 14 06:48:52 关注店铺      19/10
Jun 14 06:48:52 浏览店铺      0/10
Jun 14 06:48:52 关注频道      1/3
Jun 14 06:48:52 浏览频道      0/3
Jun 14 06:48:52 加购商品      0/12
Jun 14 06:48:52 浏览商品      0/5
Jun 14 06:48:52 浏览会场      0/10
Jun 14 06:48:52 createAssistUserID:1318106976846299138
Jun 14 06:48:52 
Jun 14 06:48:52 
Jun 14 06:48:52 助力您的好友:0人
Jun 14 06:49:18 浏览店铺 {"head":{"code":200,"msg":"浏览成功"}}
Jun 14 06:49:20 浏览店铺 {"head":{"code":200,"msg":"浏览成功"}}
Jun 14 06:49:24 浏览店铺 {"head":{"code":200,"msg":"浏览成功"}}
Jun 14 06:49:24 浏览店铺 {"head":{"code":200,"msg":"浏览成功"}}
Jun 14 06:49:25 浏览店铺 {"head":{"code":200,"msg":"浏览成功"}}
Jun 14 06:49:25 浏览店铺 {"head":{"code":200,"msg":"浏览成功"}}
Jun 14 06:49:41 浏览店铺 {"head":{"code":200,"msg":"浏览成功"}}
Jun 14 06:49:42 浏览店铺 {"head":{"code":200,"msg":"浏览成功"}}
Jun 14 06:49:43 浏览店铺 {"head":{"code":200,"msg":"浏览成功"}}
Jun 14 06:49:43 浏览店铺 {"head":{"code":200,"msg":"浏览成功"}}
Jun 14 06:49:45 浏览店铺 {"head":{"code":400,"msg":"今日浏览次数已达上限"}}
Jun 14 06:49:46 浏览店铺 {"head":{"code":200,"msg":"浏览成功"}}
Jun 14 06:49:46 浏览店铺 {"head":{"code":400,"msg":"今日浏览次数已达上限"}}
Jun 14 06:49:46 浏览店铺 {"head":{"code":400,"msg":"今日浏览次数已达上限"}}
Jun 14 06:49:47 浏览店铺 {"head":{"code":400,"msg":"今日浏览次数已达上限"}}
Jun 14 06:49:48 浏览店铺 {"head":{"code":400,"msg":"今日浏览次数已达上限"}}
Jun 14 06:49:49 浏览店铺 {"head":{"code":400,"msg":"今日浏览次数已达上限"}}
Jun 14 06:49:49 浏览店铺 {"head":{"code":400,"msg":"今日浏览次数已达上限"}}
Jun 14 06:49:59 浏览频道 {"head":{"code":200,"msg":"浏览频道成功"}}
Jun 14 06:49:59 浏览频道 {"head":{"code":200,"msg":"浏览频道成功"}}
Jun 14 06:50:00 浏览频道 {"head":{"code":200,"msg":"浏览频道成功"}}
Jun 14 06:50:00 浏览商品 {"head":{"code":200,"msg":"浏览商品成功"}}
Jun 14 06:50:01 浏览商品 {"head":{"code":200,"msg":"浏览商品成功"}}
Jun 14 06:50:04 浏览商品 {"head":{"code":200,"msg":"浏览商品成功"}}
Jun 14 06:50:06 浏览商品 {"head":{"code":200,"msg":"浏览商品成功"}}
Jun 14 06:50:07 浏览商品 {"head":{"code":200,"msg":"浏览商品成功"}}
Jun 14 06:50:07 浏览会场 {"head":{"code":200,"msg":"浏览成功"}}
Jun 14 06:50:08 浏览会场 {"head":{"code":200,"msg":"浏览成功"}}
Jun 14 06:50:09 浏览会场 {"head":{"code":200,"msg":"浏览成功"}}
Jun 14 06:50:09 浏览会场 {"head":{"code":200,"msg":"浏览成功"}}
Jun 14 06:50:11 浏览会场 {"head":{"code":200,"msg":"浏览成功"}}
Jun 14 06:50:12 浏览会场 {"head":{"code":200,"msg":"浏览成功"}}
Jun 14 06:50:13 浏览会场 {"head":{"code":200,"msg":"浏览成功"}}
Jun 14 06:50:13 浏览会场 {"head":{"code":200,"msg":"浏览成功"}}
Jun 14 06:50:13 浏览会场 {"head":{"code":200,"msg":"浏览成功"}}
Jun 14 06:50:14 浏览会场 {"head":{"code":200,"msg":"浏览成功"}}
Jun 14 06:50:16 
Jun 14 06:50:16 兑换150京豆失败:当前wo币27780不够兑换所需的1699999WO币
Jun 14 06:50:16 
Jun 14 06:50:16 ==============📣系统通知📣==============
Jun 14 06:50:16 东东小窝
Jun 14 06:50:16 【京东账号2】jd_rkylFaEIkvBL
Jun 14 06:50:16 【免费抽奖】获得：300个wo币
Jun 14 06:50:16 【小窝名】小马的小窝
Jun 14 06:50:16 【当前WO币】27780
Jun 14 06:50:16 【装饰领京豆】兑换150京豆失败,原因:WO币不够
Jun 14 06:50:16 
Jun 14 06:50:16 
Jun 14 06:50:16 lman87去给自己的下一账号jd_rkylFaEIkvBL助力
Jun 14 06:50:16 
Jun 14 06:50:16 自己的下一账号jd_rkylFaEIkvBL，助力码为 1404209105489305602
Jun 14 06:50:16 1404209105489305602, 1318106976846299138 pt_key=AAJgwgDrADBgX92SDkWjWkqYuqPMmdzkhmsAL1eFdQZtu0BzcMT21lqH0raPEjEIdRCD4OUNo8A; pt_pin=lman87;
Jun 14 06:50:17 
Jun 14 06:50:17 给好友1404209105489305602:【助力成功~】
Jun 14 06:50:17 
Jun 14 06:50:17 
Jun 14 06:50:17 去帮助作者:lxk0301
Jun 14 06:50:17 
Jun 14 06:50:21 浏览店铺 {"head":{"code":400,"msg":"今日浏览次数已达上限"}}
Jun 14 06:50:22 浏览店铺 {"head":{"code":400,"msg":"今日浏览次数已达上限"}}
Jun 14 06:50:30 浏览频道 {"head":{"code":400,"msg":"今日浏览次数已达上限"}}
Jun 14 06:50:32 浏览频道 {"head":{"code":400,"msg":"今日浏览次数已达上限"}}
Jun 14 06:50:37 浏览频道 {"head":{"code":400,"msg":"今日浏览次数已达上限"}}
Jun 14 06:50:45 浏览商品 {"head":{"code":400,"msg":"今日浏览次数已达上限"}}
Jun 14 06:50:45 浏览商品 {"head":{"code":400,"msg":"今日浏览次数已达上限"}}
Jun 14 06:50:46 浏览商品 {"head":{"code":400,"msg":"今日浏览次数已达上限"}}
Jun 14 06:50:48 浏览商品 {"head":{"code":400,"msg":"今日浏览次数已达上限"}}
Jun 14 06:50:49 浏览商品 {"head":{"code":400,"msg":"今日浏览次数已达上限"}}
Jun 14 06:50:50 "Response code 404 (Not Found)"
Jun 14 06:50:50 浏览会场 {"head":{"code":400,"msg":"今日浏览次数已达上限"}}
Jun 14 06:50:50 浏览会场 {"head":{"code":400,"msg":"今日浏览次数已达上限"}}
Jun 14 06:50:50 "Response code 404 (Not Found)"
Jun 14 06:50:50 东东小窝 API请求失败，请检查网路重试
Jun 14 06:50:50 浏览会场 {"head":{"code":400,"msg":"今日浏览次数已达上限"}}
Jun 14 06:50:51 "Response code 403 (Forbidden)"
Jun 14 06:50:51 东东小窝 API请求失败，请检查网路重试
Jun 14 06:50:51 
Jun 14 06:50:51 ❌ 东东小窝, 失败! 原因: TypeError: Cannot read property 'inviteCode' of undefined!
Jun 14 06:50:51 
Jun 14 06:50:51 
Jun 14 06:50:51 🔔东东小窝, 结束! 🕛 290.626 秒
Jun 14 06:50:51 
Jun 14 06:50:51 浏览会场 {"head":{"code":400,"msg":"今日浏览次数已达上限"}}
Jun 14 06:50:51 浏览会场 {"head":{"code":400,"msg":"今日浏览次数已达上限"}}
Jun 14 06:50:51 浏览会场 {"head":{"code":400,"msg":"今日浏览次数已达上限"}}
Jun 14 06:50:52 浏览会场 {"head":{"code":400,"msg":"今日浏览次数已达上限"}}
Jun 14 06:51:03 浏览会场 {"head":{"code":400,"msg":"今日浏览次数已达上限"}}
Jun 14 06:51:03 浏览会场 {"head":{"code":400,"msg":"今日浏览次数已达上限"}}
Jun 14 06:51:03 浏览会场 {"head":{"code":400,"msg":"今日浏览次数已达上限"}}
Jun 14 06:51:05 
Jun 14 06:51:05 兑换150京豆失败:当前wo币28668不够兑换所需的1699999WO币
Jun 14 06:51:05 
Jun 14 06:51:05 ==============📣系统通知📣==============
Jun 14 06:51:05 东东小窝
Jun 14 06:51:05 【京东账号2】jd_rkylFaEIkvBL
Jun 14 06:51:05 【免费抽奖】未中奖
Jun 14 06:51:05 【小窝名】小马的小窝
Jun 14 06:51:05 【当前WO币】28668
Jun 14 06:51:05 【装饰领京豆】兑换150京豆失败,原因:WO币不够
Jun 14 06:51:05 
Jun 14 06:51:05 
Jun 14 06:51:05 lman87去给自己的下一账号jd_rkylFaEIkvBL助力
Jun 14 06:51:05 
Jun 14 06:51:05 自己的下一账号jd_rkylFaEIkvBL，助力码为 1404209105489305602
Jun 14 06:51:05 1404209105489305602, 1318106976846299138 pt_key=AAJgwgDrADBgX92SDkWjWkqYuqPMmdzkhmsAL1eFdQZtu0BzcMT21lqH0raPEjEIdRCD4OUNo8A; pt_pin=lman87;
Jun 14 06:51:08 助力失败{"head":{"code":400,"msg":""}}}
Jun 14 06:51:08 
Jun 14 06:51:08 去帮助作者:lxk0301
Jun 14 06:51:08 
Jun 14 06:51:09 "Response code 404 (Not Found)"
Jun 14 06:51:09 "Response code 404 (Not Found)"
Jun 14 06:51:09 东东小窝 API请求失败，请检查网路重试
Jun 14 06:51:09 "Response code 403 (Forbidden)"
Jun 14 06:51:09 东东小窝 API请求失败，请检查网路重试
Jun 14 06:51:09 
Jun 14 06:51:09 ❌ 东东小窝, 失败! 原因: TypeError: Cannot read property 'inviteCode' of undefined!
Jun 14 06:51:09 
Jun 14 06:51:09 
Jun 14 06:51:09 🔔东东小窝, 结束! 🕛 309.184 秒
Jun 14 06:51:09 
Jun 14 23:46:00 
Jun 14 23:46:00 🔔东东小窝, 开始!
Jun 14 23:46:00 您的cookie选择的是用&隔开
Jun 14 23:46:00 
Jun 14 23:46:00 
Jun 14 23:46:00 ====================共有2个京东账号Cookie=========
Jun 14 23:46:00 
Jun 14 23:46:00 
Jun 14 23:46:00 🔔东东小窝, 开始!
Jun 14 23:46:00 您的cookie选择的是用&隔开
Jun 14 23:46:00 
Jun 14 23:46:00 
Jun 14 23:46:00 ====================共有2个京东账号Cookie=========
Jun 14 23:46:00 
Jun 14 23:46:00 ==================脚本执行- 北京时间(UTC+8)：6/14/2021, 11:46:00 PM=====================
Jun 14 23:46:00 
Jun 14 23:46:00 ==================脚本执行- 北京时间(UTC+8)：6/14/2021, 11:46:00 PM=====================
Jun 14 23:46:00 
Jun 14 23:46:00 
Jun 14 23:46:00 *******开始【京东账号1】lman87********
Jun 14 23:46:00 
Jun 14 23:46:00 
Jun 14 23:46:00 *******开始【京东账号1】lman87********
Jun 14 23:46:00 
Jun 14 23:46:00 
Jun 14 23:46:00 您的东东小窝shareCode(每天都是变化的):【1404208461975261185】
Jun 14 23:46:00 
Jun 14 23:46:00 
Jun 14 23:46:00 您的东东小窝shareCode(每天都是变化的):【1404208461975261185】
Jun 14 23:46:00 
Jun 14 23:46:00 免费抽奖机会今日已使用
Jun 14 23:46:00 
Jun 14 23:46:01 免费抽奖机会今日已使用
Jun 14 23:46:01 
Jun 14 23:46:02  任务名称   完成进度 
Jun 14 23:46:02 邀请任务      0/4
Jun 14 23:46:02 每日打卡      1/1
Jun 14 23:46:02 限时连连看      2/2
Jun 14 23:46:02 关注店铺      19/10
Jun 14 23:46:02 浏览店铺      10/10
Jun 14 23:46:02 关注频道      0/3
Jun 14 23:46:02 浏览频道      3/3
Jun 14 23:46:02 加购商品      0/12
Jun 14 23:46:02 浏览商品      5/5
Jun 14 23:46:02 浏览会场      10/10
Jun 14 23:46:02 createAssistUserID:1318106976846299138
Jun 14 23:46:02 
Jun 14 23:46:02 
Jun 14 23:46:02 助力您的好友:0人
Jun 14 23:46:02 每日打卡已完成（1/1）
Jun 14 23:46:02 限时连连看已完成[2/2]
Jun 14 23:46:03  任务名称   完成进度 
Jun 14 23:46:03 邀请任务      0/4
Jun 14 23:46:03 每日打卡      1/1
Jun 14 23:46:03 限时连连看      2/2
Jun 14 23:46:03 关注店铺      19/10
Jun 14 23:46:03 浏览店铺      10/10
Jun 14 23:46:03 关注频道      0/3
Jun 14 23:46:03 浏览频道      3/3
Jun 14 23:46:03 加购商品      0/12
Jun 14 23:46:03 浏览商品      5/5
Jun 14 23:46:03 浏览会场      10/10
Jun 14 23:46:03 createAssistUserID:1318106976846299138
Jun 14 23:46:03 
Jun 14 23:46:03 
Jun 14 23:46:03 助力您的好友:0人
Jun 14 23:46:03 每日打卡已完成（1/1）
Jun 14 23:46:03 限时连连看已完成[2/2]
Jun 14 23:48:10 浏览店铺已完成[10/10]
Jun 14 23:48:20 浏览店铺已完成[10/10]
Jun 14 23:48:22 浏览频道已完成[3/3]
Jun 14 23:48:22 浏览商品已完成[5/5]
Jun 14 23:48:22 浏览会场已完成[10/10]
Jun 14 23:48:24 浏览频道已完成[3/3]
Jun 14 23:48:24 浏览商品已完成[5/5]
Jun 14 23:48:24 浏览会场已完成[10/10]
Jun 14 23:48:25 
Jun 14 23:48:25 兑换150京豆失败:当前wo币62264不够兑换所需的1699999WO币
Jun 14 23:48:25 
Jun 14 23:48:25 ==============📣系统通知📣==============
Jun 14 23:48:25 东东小窝
Jun 14 23:48:25 【京东账号1】lman87
Jun 14 23:48:25 【小窝名】苗苗的小窝
Jun 14 23:48:25 【当前WO币】62264
Jun 14 23:48:25 【装饰领京豆】兑换150京豆失败,原因:WO币不够
Jun 14 23:48:25 
Jun 14 23:48:25 
Jun 14 23:48:25 *******开始【京东账号2】jd_rkylFaEIkvBL********
Jun 14 23:48:25 
Jun 14 23:48:25 
Jun 14 23:48:25 兑换150京豆失败:当前wo币62264不够兑换所需的1699999WO币
Jun 14 23:48:25 
Jun 14 23:48:25 ==============📣系统通知📣==============
Jun 14 23:48:25 东东小窝
Jun 14 23:48:25 【京东账号1】lman87
Jun 14 23:48:25 【小窝名】苗苗的小窝
Jun 14 23:48:25 【当前WO币】62264
Jun 14 23:48:25 【装饰领京豆】兑换150京豆失败,原因:WO币不够
Jun 14 23:48:25 
Jun 14 23:48:26 
Jun 14 23:48:26 *******开始【京东账号2】jd_rkylFaEIkvBL********
Jun 14 23:48:26 
Jun 14 23:48:27 
Jun 14 23:48:27 您的东东小窝shareCode(每天都是变化的):【1404209105489305602】
Jun 14 23:48:27 
Jun 14 23:48:28 免费抽奖机会今日已使用
Jun 14 23:48:28 
Jun 14 23:48:31  任务名称   完成进度 
Jun 14 23:48:31 邀请任务      1/4
Jun 14 23:48:31 每日打卡      1/1
Jun 14 23:48:31 限时连连看      2/2
Jun 14 23:48:31 关注店铺      19/10
Jun 14 23:48:31 浏览店铺      10/10
Jun 14 23:48:31 关注频道      1/3
Jun 14 23:48:31 浏览频道      3/3
Jun 14 23:48:31 加购商品      0/12
Jun 14 23:48:31 浏览商品      5/5
Jun 14 23:48:31 浏览会场      10/10
Jun 14 23:48:31 createAssistUserID:1318106976846299138
Jun 14 23:48:31 
Jun 14 23:48:31 
Jun 14 23:48:31 助力您的好友:1人
Jun 14 23:48:31 每日打卡已完成（1/1）
Jun 14 23:48:31 限时连连看已完成[2/2]
Jun 14 23:48:40 
Jun 14 23:48:40 您的东东小窝shareCode(每天都是变化的):【1404209105489305602】
Jun 14 23:48:40 
Jun 14 23:48:40 免费抽奖机会今日已使用
Jun 14 23:48:40 
Jun 14 23:48:42  任务名称   完成进度 
Jun 14 23:48:42 邀请任务      1/4
Jun 14 23:48:42 每日打卡      1/1
Jun 14 23:48:42 限时连连看      2/2
Jun 14 23:48:42 关注店铺      19/10
Jun 14 23:48:42 浏览店铺      10/10
Jun 14 23:48:42 关注频道      1/3
Jun 14 23:48:42 浏览频道      3/3
Jun 14 23:48:42 加购商品      0/12
Jun 14 23:48:42 浏览商品      5/5
Jun 14 23:48:42 浏览会场      10/10
Jun 14 23:48:42 createAssistUserID:1318106976846299138
Jun 14 23:48:42 
Jun 14 23:48:42 
Jun 14 23:48:42 助力您的好友:1人
Jun 14 23:48:42 每日打卡已完成（1/1）
Jun 14 23:48:42 限时连连看已完成[2/2]
Jun 14 23:48:45 浏览店铺已完成[10/10]
Jun 14 23:48:46 浏览频道已完成[3/3]
Jun 14 23:48:46 浏览商品已完成[5/5]
Jun 14 23:48:46 浏览会场已完成[10/10]
Jun 14 23:48:53 
Jun 14 23:48:53 兑换150京豆失败:当前wo币28668不够兑换所需的1699999WO币
Jun 14 23:48:53 
Jun 14 23:48:53 ==============📣系统通知📣==============
Jun 14 23:48:53 东东小窝
Jun 14 23:48:53 【京东账号2】jd_rkylFaEIkvBL
Jun 14 23:48:53 【小窝名】小马的小窝
Jun 14 23:48:53 【当前WO币】28668
Jun 14 23:48:53 【装饰领京豆】兑换150京豆失败,原因:WO币不够
Jun 14 23:48:53 
Jun 14 23:48:53 
Jun 14 23:48:53 lman87去给自己的下一账号jd_rkylFaEIkvBL助力
Jun 14 23:48:53 
Jun 14 23:48:53 自己的下一账号jd_rkylFaEIkvBL，助力码为 1404209105489305602
Jun 14 23:48:53 1404209105489305602, 1318106976846299138 pt_key=AAJgwgDrADBgX92SDkWjWkqYuqPMmdzkhmsAL1eFdQZtu0BzcMT21lqH0raPEjEIdRCD4OUNo8A; pt_pin=lman87;
Jun 14 23:48:54 助力失败{"head":{"code":400,"msg":""}}}
Jun 14 23:48:54 
Jun 14 23:48:54 去帮助作者:lxk0301
Jun 14 23:48:54 
Jun 14 23:49:20 浏览店铺已完成[10/10]
Jun 14 23:49:24 浏览频道已完成[3/3]
Jun 14 23:49:24 浏览商品已完成[5/5]
Jun 14 23:49:24 浏览会场已完成[10/10]
Jun 14 23:49:27 
Jun 14 23:49:27 兑换150京豆失败:当前wo币28668不够兑换所需的1699999WO币
Jun 14 23:49:27 
Jun 14 23:49:27 ==============📣系统通知📣==============
Jun 14 23:49:27 东东小窝
Jun 14 23:49:27 【京东账号2】jd_rkylFaEIkvBL
Jun 14 23:49:27 【小窝名】小马的小窝
Jun 14 23:49:27 【当前WO币】28668
Jun 14 23:49:27 【装饰领京豆】兑换150京豆失败,原因:WO币不够
Jun 14 23:49:27 
Jun 14 23:49:27 
Jun 14 23:49:27 lman87去给自己的下一账号jd_rkylFaEIkvBL助力
Jun 14 23:49:27 
Jun 14 23:49:27 自己的下一账号jd_rkylFaEIkvBL，助力码为 1404209105489305602
Jun 14 23:49:27 1404209105489305602, 1318106976846299138 pt_key=AAJgwgDrADBgX92SDkWjWkqYuqPMmdzkhmsAL1eFdQZtu0BzcMT21lqH0raPEjEIdRCD4OUNo8A; pt_pin=lman87;
Jun 14 23:49:34 助力失败{"head":{"code":400,"msg":""}}}
Jun 14 23:49:34 
Jun 14 23:49:34 去帮助作者:lxk0301
Jun 14 23:49:34 
Jun 14 23:49:35 "Response code 404 (Not Found)"
Jun 14 23:49:36 "Response code 404 (Not Found)"
Jun 14 23:49:36 东东小窝 API请求失败，请检查网路重试
Jun 14 23:49:37 "Response code 403 (Forbidden)"
Jun 14 23:49:37 东东小窝 API请求失败，请检查网路重试
Jun 14 23:49:37 
Jun 14 23:49:37 ❌ 东东小窝, 失败! 原因: TypeError: Cannot read property 'inviteCode' of undefined!
Jun 14 23:49:37 
Jun 14 23:49:37 
Jun 14 23:49:37 🔔东东小窝, 结束! 🕛 216.957 秒
Jun 14 23:49:37 
Jun 14 23:57:35 "Response code 404 (Not Found)"
Jun 14 23:57:38 "Response code 404 (Not Found)"
Jun 14 23:57:38 东东小窝 API请求失败，请检查网路重试
Jun 14 23:57:38 "Response code 403 (Forbidden)"
Jun 14 23:57:38 东东小窝 API请求失败，请检查网路重试
Jun 14 23:57:38 
Jun 14 23:57:38 ❌ 东东小窝, 失败! 原因: TypeError: Cannot read property 'inviteCode' of undefined!
Jun 14 23:57:38 
Jun 14 23:57:38 
Jun 14 23:57:38 🔔东东小窝, 结束! 🕛 698.623 秒
Jun 14 23:57:38 
Jun 15 06:46:00 
Jun 15 06:46:00 🔔东东小窝, 开始!
Jun 15 06:46:00 
Jun 15 06:46:00 🔔东东小窝, 开始!
Jun 15 06:46:00 您的cookie选择的是用&隔开
Jun 15 06:46:00 
Jun 15 06:46:00 
Jun 15 06:46:00 ====================共有2个京东账号Cookie=========
Jun 15 06:46:00 
Jun 15 06:46:00 您的cookie选择的是用&隔开
Jun 15 06:46:00 
Jun 15 06:46:00 
Jun 15 06:46:00 ====================共有2个京东账号Cookie=========
Jun 15 06:46:00 
Jun 15 06:46:00 ==================脚本执行- 北京时间(UTC+8)：6/15/2021, 6:46:00 AM=====================
Jun 15 06:46:00 
Jun 15 06:46:00 ==================脚本执行- 北京时间(UTC+8)：6/15/2021, 6:46:00 AM=====================
Jun 15 06:46:00 
Jun 15 06:46:00 
Jun 15 06:46:00 *******开始【京东账号1】lman87********
Jun 15 06:46:00 
Jun 15 06:46:00 
Jun 15 06:46:00 *******开始【京东账号1】lman87********
Jun 15 06:46:00 
Jun 15 06:46:00 
Jun 15 06:46:00 您的东东小窝shareCode(每天都是变化的):【1404570848711352322】
Jun 15 06:46:00 
Jun 15 06:46:00 
Jun 15 06:46:00 您的东东小窝shareCode(每天都是变化的):【1404570848711352322】
Jun 15 06:46:00 
Jun 15 06:46:01  任务名称   完成进度 
Jun 15 06:46:01 邀请任务      0/4
Jun 15 06:46:01 每日打卡      0/1
Jun 15 06:46:01 限时连连看      0/2
Jun 15 06:46:01 关注店铺      19/10
Jun 15 06:46:01 浏览店铺      0/10
Jun 15 06:46:01 关注频道      0/3
Jun 15 06:46:01 浏览频道      0/3
Jun 15 06:46:01 加购商品      0/12
Jun 15 06:46:01 浏览商品      0/5
Jun 15 06:46:01 浏览会场      0/10
Jun 15 06:46:01 createAssistUserID:1318106976846299138
Jun 15 06:46:01 
Jun 15 06:46:01 
Jun 15 06:46:01 助力您的好友:0人
Jun 15 06:46:03  任务名称   完成进度 
Jun 15 06:46:03 邀请任务      0/4
Jun 15 06:46:03 每日打卡      0/1
Jun 15 06:46:03 限时连连看      0/2
Jun 15 06:46:03 关注店铺      19/10
Jun 15 06:46:03 浏览店铺      0/10
Jun 15 06:46:03 关注频道      0/3
Jun 15 06:46:03 浏览频道      0/3
Jun 15 06:46:03 加购商品      0/12
Jun 15 06:46:03 浏览商品      0/5
Jun 15 06:46:03 浏览会场      0/10
Jun 15 06:46:03 createAssistUserID:1318106976846299138
Jun 15 06:46:03 
Jun 15 06:46:03 
Jun 15 06:46:03 助力您的好友:0人
Jun 15 06:46:58 浏览店铺 {"head":{"code":200,"msg":"浏览成功"}}
Jun 15 06:46:58 浏览店铺 {"head":{"code":200,"msg":"浏览成功"}}
Jun 15 06:46:59 浏览店铺 {"head":{"code":200,"msg":"浏览成功"}}
Jun 15 06:47:01 浏览店铺 {"head":{"code":200,"msg":"浏览成功"}}
Jun 15 06:47:02 浏览店铺 {"head":{"code":200,"msg":"浏览成功"}}
Jun 15 06:47:02 浏览店铺 {"head":{"code":200,"msg":"浏览成功"}}
Jun 15 06:47:02 浏览店铺 {"head":{"code":200,"msg":"浏览成功"}}
Jun 15 06:47:05 浏览店铺 {"head":{"code":200,"msg":"浏览成功"}}
Jun 15 06:47:05 浏览店铺 {"head":{"code":200,"msg":"浏览成功"}}
Jun 15 06:47:05 浏览店铺 {"head":{"code":200,"msg":"浏览成功"}}
Jun 15 06:47:06 浏览店铺 {"head":{"code":400,"msg":"今日浏览次数已达上限"}}
Jun 15 06:47:07 浏览店铺 {"head":{"code":400,"msg":"今日浏览次数已达上限"}}
Jun 15 06:47:07 浏览店铺 {"head":{"code":400,"msg":"今日浏览次数已达上限"}}
Jun 15 06:47:07 浏览店铺 {"head":{"code":400,"msg":"今日浏览次数已达上限"}}
Jun 15 06:47:07 浏览店铺 {"head":{"code":400,"msg":"今日浏览次数已达上限"}}
Jun 15 06:47:07 浏览店铺 {"head":{"code":400,"msg":"今日浏览次数已达上限"}}
Jun 15 06:47:07 浏览店铺 {"head":{"code":400,"msg":"今日浏览次数已达上限"}}
Jun 15 06:47:07 浏览店铺 {"head":{"code":400,"msg":"今日浏览次数已达上限"}}
Jun 15 06:47:07 浏览店铺 {"head":{"code":400,"msg":"今日浏览次数已达上限"}}
Jun 15 06:47:15 浏览店铺 {"head":{"code":400,"msg":"今日浏览次数已达上限"}}
Jun 15 06:47:16 浏览频道 {"head":{"code":200,"msg":"浏览频道成功"}}
Jun 15 06:47:18 浏览频道 {"head":{"code":200,"msg":"浏览频道成功"}}
Jun 15 06:47:18 浏览频道 {"head":{"code":200,"msg":"浏览频道成功"}}
Jun 15 06:47:19 浏览频道 {"head":{"code":400,"msg":"今日浏览次数已达上限"}}
Jun 15 06:47:20 浏览频道 {"head":{"code":400,"msg":"今日浏览次数已达上限"}}
Jun 15 06:47:21 浏览商品 {"head":{"code":200,"msg":"浏览商品成功"}}
Jun 15 06:47:24 浏览商品 {"head":{"code":200,"msg":"浏览商品成功"}}
Jun 15 06:47:26 浏览商品 {"head":{"code":200,"msg":"浏览商品成功"}}
Jun 15 06:47:26 浏览频道 {"head":{"code":400,"msg":"今日浏览次数已达上限"}}
Jun 15 06:47:28 浏览商品 {"head":{"code":200,"msg":"浏览商品成功"}}
Jun 15 06:47:28 浏览商品 {"head":{"code":200,"msg":"浏览商品成功"}}
Jun 15 06:47:29 浏览商品 {"head":{"code":400,"msg":"今日浏览次数已达上限"}}
Jun 15 06:47:30 浏览商品 {"head":{"code":400,"msg":"今日浏览次数已达上限"}}
Jun 15 06:47:30 浏览商品 {"head":{"code":400,"msg":"今日浏览次数已达上限"}}
Jun 15 06:47:30 浏览会场 {"head":{"code":200,"msg":"浏览成功"}}
Jun 15 06:47:30 浏览会场 {"head":{"code":200,"msg":"浏览成功"}}
Jun 15 06:47:31 浏览会场 {"head":{"code":200,"msg":"浏览成功"}}
Jun 15 06:47:31 浏览商品 {"head":{"code":400,"msg":"今日浏览次数已达上限"}}
Jun 15 06:47:31 浏览商品 {"head":{"code":400,"msg":"今日浏览次数已达上限"}}
Jun 15 06:47:32 浏览会场 {"head":{"code":200,"msg":"浏览成功"}}
Jun 15 06:47:32 浏览会场 {"head":{"code":200,"msg":"浏览成功"}}
Jun 15 06:47:32 浏览会场 {"head":{"code":200,"msg":"浏览成功"}}
Jun 15 06:47:32 浏览会场 {"head":{"code":200,"msg":"浏览成功"}}
Jun 15 06:47:39 浏览会场 {"head":{"code":200,"msg":"浏览成功"}}
Jun 15 06:47:40 浏览会场 {"head":{"code":200,"msg":"浏览成功"}}
Jun 15 06:47:40 浏览会场 {"head":{"code":200,"msg":"浏览成功"}}
Jun 15 06:47:40 浏览会场 {"head":{"code":400,"msg":"今日浏览次数已达上限"}}
Jun 15 06:47:40 浏览会场 {"head":{"code":400,"msg":"今日浏览次数已达上限"}}
Jun 15 06:47:40 浏览会场 {"head":{"code":400,"msg":"今日浏览次数已达上限"}}
Jun 15 06:47:41 浏览会场 {"head":{"code":400,"msg":"今日浏览次数已达上限"}}
Jun 15 06:47:41 浏览会场 {"head":{"code":400,"msg":"今日浏览次数已达上限"}}
Jun 15 06:47:41 浏览会场 {"head":{"code":400,"msg":"今日浏览次数已达上限"}}
Jun 15 06:47:42 浏览会场 {"head":{"code":400,"msg":"今日浏览次数已达上限"}}
Jun 15 06:47:42 浏览会场 {"head":{"code":400,"msg":"今日浏览次数已达上限"}}
Jun 15 06:47:44 浏览会场 {"head":{"code":400,"msg":"今日浏览次数已达上限"}}
Jun 15 06:47:49 
Jun 15 06:47:49 兑换150京豆失败:当前wo币63514不够兑换所需的1699999WO币
Jun 15 06:47:49 
Jun 15 06:47:49 ==============📣系统通知📣==============
Jun 15 06:47:49 东东小窝
Jun 15 06:47:49 【京东账号1】lman87
Jun 15 06:47:49 【免费抽奖】未中奖
Jun 15 06:47:49 【小窝名】苗苗的小窝
Jun 15 06:47:49 【当前WO币】63514
Jun 15 06:47:49 【装饰领京豆】兑换150京豆失败,原因:WO币不够
Jun 15 06:47:49 
Jun 15 06:47:49 
Jun 15 06:47:49 *******开始【京东账号2】jd_rkylFaEIkvBL********
Jun 15 06:47:49 
Jun 15 06:48:08 
Jun 15 06:48:08 您的东东小窝shareCode(每天都是变化的):【1404571380855279617】
Jun 15 06:48:08 
Jun 15 06:48:12  任务名称   完成进度 
Jun 15 06:48:12 邀请任务      0/4
Jun 15 06:48:12 每日打卡      0/1
Jun 15 06:48:12 限时连连看      0/2
Jun 15 06:48:12 关注店铺      19/10
Jun 15 06:48:12 浏览店铺      0/10
Jun 15 06:48:12 关注频道      1/3
Jun 15 06:48:12 浏览频道      0/3
Jun 15 06:48:12 加购商品      0/12
Jun 15 06:48:12 浏览商品      0/5
Jun 15 06:48:12 浏览会场      0/10
Jun 15 06:48:12 createAssistUserID:1318106976846299138
Jun 15 06:48:12 
Jun 15 06:48:12 
Jun 15 06:48:12 助力您的好友:0人
Jun 15 06:48:13 浏览会场 {"head":{"code":400,"msg":"今日浏览次数已达上限"}}
Jun 15 06:48:26 
Jun 15 06:48:26 兑换150京豆失败:当前wo币63514不够兑换所需的1699999WO币
Jun 15 06:48:26 
Jun 15 06:48:26 ==============📣系统通知📣==============
Jun 15 06:48:26 东东小窝
Jun 15 06:48:26 【京东账号1】lman87
Jun 15 06:48:26 【免费抽奖】获得：50个wo币
Jun 15 06:48:26 【小窝名】苗苗的小窝
Jun 15 06:48:26 【当前WO币】63514
Jun 15 06:48:26 【装饰领京豆】兑换150京豆失败,原因:WO币不够
Jun 15 06:48:26 
Jun 15 06:48:26 
Jun 15 06:48:26 *******开始【京东账号2】jd_rkylFaEIkvBL********
Jun 15 06:48:26 
Jun 15 06:48:33 
Jun 15 06:48:33 您的东东小窝shareCode(每天都是变化的):【1404571380855279617】
Jun 15 06:48:33 
Jun 15 06:48:33 免费抽奖机会今日已使用
Jun 15 06:48:33 
Jun 15 06:48:34  任务名称   完成进度 
Jun 15 06:48:34 邀请任务      0/4
Jun 15 06:48:34 每日打卡      1/1
Jun 15 06:48:34 限时连连看      2/2
Jun 15 06:48:34 关注店铺      19/10
Jun 15 06:48:34 浏览店铺      0/10
Jun 15 06:48:34 关注频道      1/3
Jun 15 06:48:34 浏览频道      0/3
Jun 15 06:48:34 加购商品      0/12
Jun 15 06:48:34 浏览商品      0/5
Jun 15 06:48:34 浏览会场      0/10
Jun 15 06:48:34 createAssistUserID:1318106976846299138
Jun 15 06:48:34 
Jun 15 06:48:34 
Jun 15 06:48:34 助力您的好友:0人
Jun 15 06:48:34 每日打卡已完成（1/1）
Jun 15 06:48:34 限时连连看已完成[2/2]
Jun 15 06:48:44 浏览店铺 {"head":{"code":200,"msg":"浏览成功"}}
Jun 15 06:48:45 浏览店铺 {"head":{"code":200,"msg":"浏览成功"}}
Jun 15 06:48:47 浏览店铺 {"head":{"code":200,"msg":"浏览成功"}}
Jun 15 06:48:48 浏览店铺 {"head":{"code":200,"msg":"浏览成功"}}
Jun 15 06:48:50 浏览店铺 {"head":{"code":200,"msg":"浏览成功"}}
Jun 15 06:48:50 浏览店铺 {"head":{"code":200,"msg":"浏览成功"}}
Jun 15 06:48:50 浏览店铺 {"head":{"code":200,"msg":"浏览成功"}}
Jun 15 06:48:51 浏览店铺 {"head":{"code":200,"msg":"浏览成功"}}
Jun 15 06:48:52 浏览店铺 {"head":{"code":200,"msg":"浏览成功"}}
Jun 15 06:48:52 浏览店铺 {"head":{"code":200,"msg":"浏览成功"}}
Jun 15 06:48:53 浏览店铺 {"head":{"code":400,"msg":"今日浏览次数已达上限"}}
Jun 15 06:48:53 浏览店铺 {"head":{"code":400,"msg":"今日浏览次数已达上限"}}
Jun 15 06:48:53 浏览店铺 {"head":{"code":400,"msg":"今日浏览次数已达上限"}}
Jun 15 06:48:54 浏览店铺 {"head":{"code":400,"msg":"今日浏览次数已达上限"}}
Jun 15 06:48:55 浏览店铺 {"head":{"code":400,"msg":"今日浏览次数已达上限"}}
Jun 15 06:48:56 浏览店铺 {"head":{"code":400,"msg":"今日浏览次数已达上限"}}
Jun 15 06:48:56 浏览店铺 {"head":{"code":400,"msg":"今日浏览次数已达上限"}}
Jun 15 06:48:58 浏览频道 {"head":{"code":200,"msg":"浏览频道成功"}}
Jun 15 06:48:58 浏览频道 {"head":{"code":200,"msg":"浏览频道成功"}}
Jun 15 06:48:59 浏览频道 {"head":{"code":200,"msg":"浏览频道成功"}}
Jun 15 06:49:00 浏览商品 {"head":{"code":200,"msg":"浏览商品成功"}}
Jun 15 06:49:00 浏览店铺 {"head":{"code":400,"msg":"今日浏览次数已达上限"}}
Jun 15 06:49:01 浏览店铺 {"head":{"code":400,"msg":"今日浏览次数已达上限"}}
Jun 15 06:49:02 浏览商品 {"head":{"code":200,"msg":"浏览商品成功"}}
Jun 15 06:49:03 浏览店铺 {"head":{"code":400,"msg":"今日浏览次数已达上限"}}
Jun 15 06:49:05 浏览商品 {"head":{"code":200,"msg":"浏览商品成功"}}
Jun 15 06:49:05 浏览商品 {"head":{"code":200,"msg":"浏览商品成功"}}
Jun 15 06:49:06 浏览商品 {"head":{"code":200,"msg":"浏览商品成功"}}
Jun 15 06:49:06 浏览会场 {"head":{"code":200,"msg":"浏览成功"}}
Jun 15 06:49:06 浏览会场 {"head":{"code":200,"msg":"浏览成功"}}
Jun 15 06:49:06 浏览会场 {"head":{"code":200,"msg":"浏览成功"}}
Jun 15 06:49:07 浏览会场 {"head":{"code":200,"msg":"浏览成功"}}
Jun 15 06:49:07 浏览会场 {"head":{"code":200,"msg":"浏览成功"}}
Jun 15 06:49:08 浏览会场 {"head":{"code":200,"msg":"浏览成功"}}
Jun 15 06:49:10 浏览会场 {"head":{"code":200,"msg":"浏览成功"}}
Jun 15 06:49:10 浏览会场 {"head":{"code":200,"msg":"浏览成功"}}
Jun 15 06:49:10 浏览会场 {"head":{"code":200,"msg":"浏览成功"}}
Jun 15 06:49:11 浏览会场 {"head":{"code":200,"msg":"浏览成功"}}
Jun 15 06:49:16 
Jun 15 06:49:16 兑换150京豆失败:当前wo币30068不够兑换所需的1699999WO币
Jun 15 06:49:16 
Jun 15 06:49:16 ==============📣系统通知📣==============
Jun 15 06:49:16 东东小窝
Jun 15 06:49:16 【京东账号2】jd_rkylFaEIkvBL
Jun 15 06:49:16 【免费抽奖】未中奖
Jun 15 06:49:16 【小窝名】小马的小窝
Jun 15 06:49:16 【当前WO币】30068
Jun 15 06:49:16 【装饰领京豆】兑换150京豆失败,原因:WO币不够
Jun 15 06:49:16 
Jun 15 06:49:16 
Jun 15 06:49:16 lman87去给自己的下一账号jd_rkylFaEIkvBL助力
Jun 15 06:49:16 
Jun 15 06:49:16 自己的下一账号jd_rkylFaEIkvBL，助力码为 1404571380855279617
Jun 15 06:49:16 1404571380855279617, 1318106976846299138 pt_key=AAJgwgDrADBgX92SDkWjWkqYuqPMmdzkhmsAL1eFdQZtu0BzcMT21lqH0raPEjEIdRCD4OUNo8A; pt_pin=lman87;
Jun 15 06:49:17 
Jun 15 06:49:17 给好友1404571380855279617:【助力成功~】
Jun 15 06:49:17 
Jun 15 06:49:17 
Jun 15 06:49:17 去帮助作者:lxk0301
Jun 15 06:49:17 
Jun 15 06:49:17 "Response code 404 (Not Found)"
Jun 15 06:49:18 "Response code 404 (Not Found)"
Jun 15 06:49:18 东东小窝 API请求失败，请检查网路重试
Jun 15 06:49:18 "Response code 403 (Forbidden)"
Jun 15 06:49:18 东东小窝 API请求失败，请检查网路重试
Jun 15 06:49:18 
Jun 15 06:49:18 ❌ 东东小窝, 失败! 原因: TypeError: Cannot read property 'inviteCode' of undefined!
Jun 15 06:49:18 
Jun 15 06:49:18 
Jun 15 06:49:18 🔔东东小窝, 结束! 🕛 198.003 秒
Jun 15 06:49:18 
Jun 15 06:49:24 浏览频道 {"head":{"code":400,"msg":"今日浏览次数已达上限"}}
Jun 15 06:49:24 浏览频道 {"head":{"code":400,"msg":"今日浏览次数已达上限"}}
Jun 15 06:49:31 浏览频道 {"head":{"code":400,"msg":"今日浏览次数已达上限"}}
Jun 15 06:49:31 浏览商品 {"head":{"code":400,"msg":"今日浏览次数已达上限"}}
Jun 15 06:49:32 浏览商品 {"head":{"code":400,"msg":"今日浏览次数已达上限"}}
Jun 15 06:49:33 浏览商品 {"head":{"code":400,"msg":"今日浏览次数已达上限"}}
Jun 15 06:49:33 浏览商品 {"head":{"code":400,"msg":"今日浏览次数已达上限"}}
Jun 15 06:49:35 浏览商品 {"head":{"code":400,"msg":"今日浏览次数已达上限"}}
Jun 15 06:49:35 浏览会场 {"head":{"code":400,"msg":"今日浏览次数已达上限"}}
Jun 15 06:49:36 浏览会场 {"head":{"code":400,"msg":"今日浏览次数已达上限"}}
Jun 15 06:49:36 浏览会场 {"head":{"code":400,"msg":"今日浏览次数已达上限"}}
Jun 15 06:49:36 浏览会场 {"head":{"code":400,"msg":"今日浏览次数已达上限"}}
Jun 15 06:49:36 浏览会场 {"head":{"code":400,"msg":"今日浏览次数已达上限"}}
Jun 15 06:49:36 浏览会场 {"head":{"code":400,"msg":"今日浏览次数已达上限"}}
Jun 15 06:49:36 浏览会场 {"head":{"code":400,"msg":"今日浏览次数已达上限"}}
Jun 15 06:49:37 浏览会场 {"head":{"code":400,"msg":"今日浏览次数已达上限"}}
Jun 15 06:49:38 浏览会场 {"head":{"code":400,"msg":"今日浏览次数已达上限"}}
Jun 15 06:49:38 浏览会场 {"head":{"code":400,"msg":"今日浏览次数已达上限"}}
Jun 15 06:49:39 
Jun 15 06:49:39 兑换150京豆失败:当前wo币30956不够兑换所需的1699999WO币
Jun 15 06:49:39 
Jun 15 06:49:39 ==============📣系统通知📣==============
Jun 15 06:49:39 东东小窝
Jun 15 06:49:39 【京东账号2】jd_rkylFaEIkvBL
Jun 15 06:49:39 【小窝名】小马的小窝
Jun 15 06:49:39 【当前WO币】30956
Jun 15 06:49:39 【装饰领京豆】兑换150京豆失败,原因:WO币不够
Jun 15 06:49:39 
Jun 15 06:49:39 
Jun 15 06:49:39 lman87去给自己的下一账号jd_rkylFaEIkvBL助力
Jun 15 06:49:39 
Jun 15 06:49:39 自己的下一账号jd_rkylFaEIkvBL，助力码为 1404571380855279617
Jun 15 06:49:39 1404571380855279617, 1318106976846299138 pt_key=AAJgwgDrADBgX92SDkWjWkqYuqPMmdzkhmsAL1eFdQZtu0BzcMT21lqH0raPEjEIdRCD4OUNo8A; pt_pin=lman87;
Jun 15 06:49:39 助力失败{"head":{"code":400,"msg":""}}}
Jun 15 06:49:39 
Jun 15 06:49:39 去帮助作者:lxk0301
Jun 15 06:49:39 
Jun 15 06:49:39 "Response code 404 (Not Found)"
Jun 15 06:49:40 "Response code 404 (Not Found)"
Jun 15 06:49:40 东东小窝 API请求失败，请检查网路重试
Jun 15 06:49:40 "Response code 403 (Forbidden)"
Jun 15 06:49:40 东东小窝 API请求失败，请检查网路重试
Jun 15 06:49:40 
Jun 15 06:49:40 ❌ 东东小窝, 失败! 原因: TypeError: Cannot read property 'inviteCode' of undefined!
Jun 15 06:49:40 
Jun 15 06:49:40 
Jun 15 06:49:40 🔔东东小窝, 结束! 🕛 220.032 秒
Jun 15 06:49:40 
