
рџ””618еЉЁз‰©иЃ”иђЊ, ејЂе§‹!
ж‚Ёзљ„cookieйЂ‰ж‹©зљ„жЇз”Ё&йљ”ејЂ


====================е…±жњ‰2дёЄдє¬дёњиґ¦еЏ·Cookie=========

==================и„љжњ¬ж‰§иЎЊ- еЊ—дє¬ж—¶й—ґ(UTC+8)пјљ6/15/2021, 5:10:00 PM=====================

жґ»еЉЁе…ҐеЏЈпјљдє¬дёњAPP-гЂ‹жђњзґў зЋ©дёЂзЋ©-гЂ‹з“ње€†20дєї
й‚ЂиЇ·еҐЅеЏ‹еЉ©еЉ›пјље†…йѓЁиґ¦еЏ·и‡ЄиЎЊдє’еЉ©(жЋ’еђЌйќ е‰Ќиґ¦еЏ·еѕ—е€°зљ„жњєдјље¤љ)
PKдє’еЉ©пјље†…йѓЁиґ¦еЏ·и‡ЄиЎЊдє’еЉ©(жЋ’еђЌйќ е‰Ќиґ¦еЏ·еѕ—е€°зљ„жњєдјље¤љ),е¤љдЅ™зљ„еЉ©еЉ›ж¬Ўж•°дјљй»и®¤еЉ©еЉ›дЅњиЂ…е†…зЅ®еЉ©еЉ›з Ѓ
жґ»еЉЁж—¶й—ґпјљ2021-05-24и‡і2021-06-20
ж›ґж–°ж—¶й—ґпјљ6.15 11:00


*****ејЂе§‹гЂђдє¬дёњиґ¦еЏ·1гЂ‘lman87*****


е¦‚жњ‰жњЄе®Њж€ђзљ„д»»еЉЎпјЊиЇ·е¤љж‰§иЎЊе‡ ж¬Ў


иЋ·еЏ–жґ»еЉЁдїЎжЃЇ


еЅ“е‰Ќе€†зєўпјљ38д»ЅпјЊеЅ“е‰Ќз­‰зє§:21
еЅ“е‰Ќй‡‘еёЃ136300пјЊдё‹дёЂе…ійњЂи¦Ѓ700000


е·Із­ѕе€°
{"code":0,"data":{"bizCode":дє’еЉ©з ЃпјљZXTKT0084qAiHhYeFjRWn6-7zx55awQ
еЃљд»»еЉЎпјљеЋ»йЂ›ж€ґжЈ®и‡ЄиђҐж——и€°еє—;з­‰еѕ…е®Њж€ђ
д»»еЉЎе·Іе®Њж€ђпјЊиЋ·еѕ—10000й‡‘еёЃ
еЃљд»»еЉЎпјљеЋ»йЂ›йЂ›е®‰иёЏе®ж–№ж——и€°еє—;з­‰еѕ…е®Њж€ђ
д»»еЉЎе·Іе®Њж€ђпјЊиЋ·еѕ—10000й‡‘еёЃ
еЃљд»»еЉЎпјљеЋ»йЂ›еЌЋзЎ•е¤©йЂ‰е§¬з­‰дЅ жќҐж’©;з­‰еѕ…е®Њж€ђ
д»»еЉЎе·Іе®Њж€ђпјЊиЋ·еѕ—10000й‡‘еёЃ
еЃљд»»еЉЎпјљеЋ»йЂ›ж¬§иЋ±й›…з”·еЈ«еҐЅз¤јж”ѕйЂЃ;з­‰еѕ…е®Њж€ђ
д»»еЉЎе·Іе®Њж€ђпјЊиЋ·еѕ—10000й‡‘еёЃ
еЃљд»»еЉЎпјљеЋ»йЂ›зњ‰е°Џе·ћ зІѕи‡ґз”џжґ»;з­‰еѕ…е®Њж€ђ
д»»еЉЎе·Іе®Њж€ђпјЊиЋ·еѕ—10000й‡‘еёЃ
еЃљд»»еЉЎпјљеЋ»йЂ›йЂ›её®е®ќйЂ‚еє—й“є#ж»Ў499е‡Џ120;з­‰еѕ…е®Њж€ђ
{
  code: 0,
  data: { bizCode: 103, bizMsg: 'иї™дёЄд»»еЉЎеЃље®Ње•¦~пјЃ', success: false },
  msg: 'и°ѓз”Ёж€ђеЉџ'
}
д»»еЉЎе¤±иґҐ
еЃљд»»еЉЎпјљеЋ»йЂ›зњџж€‘и‡ЄиђҐеє—й“є#з™ЅжќЎ24жњџе…ЌжЃЇ;з­‰еѕ…е®Њж€ђ
{
  code: 0,
  data: { bizCode: 103, bizMsg: 'иї™дёЄд»»еЉЎеЃље®Ње•¦~пјЃ', success: false },
  msg: 'и°ѓ{
  code: 0,
  data: { bizеЃљд»»еЉЎпјљеЋ»йЂ›и’™з‰›дє¬дёњи‡ЄиђҐж——и€°еє—#жЉў199е‡Џ198;з­‰еѕ…е®Њж€ђ
{
  code: 0,
  data: { bizCode: 103, bizMsg: 'иї™дёЄд»»еЉЎеЃље®Ње•¦~пјЃ', success: false },
{
  code: 0,
  data: { bizCode: 103, еЃљд»»еЉЎпјљеЋ»йЂ›е®ќжґЃеє—й“є#ж»Ў199е‡Џ100#15486952;з­‰еѕ…е®Њж€ђ
{
  code: 0,
  data: { bizCode: 103, bizMsg: 'иї™дёЄд»»еЉЎеЃље®Ње•¦~пјЃ', succe{
  code: 0,
  data: { bizCode: 103, bizMsg: 'иї™деЃљд»»еЉЎпјљеЋ»йЂ›иЂђе…‹еє—й“єз€†ж¬ѕдёЌж­ў5жЉ;з­‰еѕ…е®Њж€ђ
{
  code: 0,
  data: { bizCode: 103, bizMsg: 'иї™дёЄд»»еЉЎеЃље®Ње•{
  code: 0,
  data: { bizCode: 103, bizMsg: 'иї™дёЄд»»еЉЎеЃље®еЃљд»»еЉЎпјљйЂ›зѕЋзљ„еЉІзњЃй«иѕѕеЌѓе…ѓ;з­‰еѕ…е®Њж€ђ
{
  code: 0,
  data: { bizCode: 103, bizMsg: 'иї™дёЄд»»еЉЎеЃље®Ње•¦~пјЃ', {
  code: 0,
  data: { bizCode: 103, bizMsg: 'иї™дёЄд»»еЃљд»»еЉЎпјљйЂ›иЃ”жѓіеє—й“є;з­‰еѕ…е®Њж€ђ
{
  code: 0,
  data: { bizCode: 103, bizMsg: 'иї™дёЄд»»еЉЎеЃље®Ње•¦~пјЃ', success: false {
  code: 0,
  data: { bizCode: 103, bizеЃљд»»еЉЎпјљеЋ»йЂ›е®‰еѕ·зЋ›ж——и€°еє—#дёЌж­ў5жЉ;з­‰еѕ…е®Њж€ђ
{
  code: 0,
  data: { bizCode: 103, bizMsg: 'иї™дёЄд»»еЉЎеЃље®Ње•¦~пјЃ', success: fals{
  code: 0,
  data: { bizCode: 103, bizMsеЃљд»»еЉЎпјљйЂ›дє¬дёњж±ЅиЅ¦жЉў9.9е…ѓз€†е“Ѓ;з­‰еѕ…е®Њж€ђ
д»»еЉЎе·Іе®Њж€ђпјЊиЋ·еѕ—8000й‡‘еёЃ
еЃљд»»еЉЎпјљйЂ›з”„йЂ‰зѕЋе¦† и‡ій«д№°1иµ 1;з­‰еѕд»»еЉЎе·д»»еЉЎе·Іе®Њж€ђпјЊиЋ·еѕ—8000й‡‘еёЃ
еЃљд»»еЉЎпјљйЂ›зЏ е®ќйҐ°е“Ѓе¤§з‰ЊдЅЋи‡і5жЉ;зд»»еЉЎе·Іе®Њд»»еЉЎе·Іе®Њж€ђпјЊиЋ·еѕ—8000й‡‘еёЃ
еЃљд»»еЉЎпјљеЋ»йў†30е…ѓж— й—Ёж§›зєўеЊ…;з­‰еѕ…д»»еЉЎежґ»еЉЁеј‚еёёе•¦пјЊиЇ·зЁЌеђЋе†ЌиЇ•~
еЃљд»»еЉЎпјљеЋ»йЂ›зѕЋе¦†дјљењєдє«дјжѓ ;з­‰еѕ…е®д»»еЉжґ»еЉЁеј‚еёёе•¦пјЊиЇ·зЁЌеђЋе†ЌиЇ•~
еЃљд»»еЉЎпјљеЋ»йЂ›дє¬дёњз”µи„‘ж•°з Ѓдјљењє ;з­‰еѕ…е®д»»еЉжґ»еЉЁеј‚еёёе•¦пјЊиЇ·зЁЌеђЋе†ЌиЇ•~
еЃљд»»еЉЎпјљйЂ›е°Џе“ҐдјйЂ‰еҐЅз‰©дЅЋи‡і9.9е…ѓ;з­‰еѕ…е®Њж€ђ
д»»еЉЎе·Іе®Њж€ђпјЊиЋ·еѕ—8000й‡‘еёЃ
еЃљд»»еЉЎпјљйЂ›дјље‘йў‘йЃ“йў†дє¬дє«з‰№жќѓ;з­‰еѕ…е®Њж€ђ
д»»еЉЎе·Іе®Њж€ђпјЊиЋ·еѕ—8000й‡‘еёЃ
еЃљд»»еЉЎпјљеЋ»йЂ›й‡‘ићЌзҐће€ёдјљењє;з­‰еѕ…е®Њж€ђ
{
  code: 0,
  data: { bizCode: 103, bizMsg: 'иї™дёЄд»»еЉЎжґ»еЉЁеј‚еёёе•¦пјЊиЇ·зЁЌеђЋе†ЌиЇ•~
еЃљд»»еЉЎпјљеЋ»йЂ›е® з‰©дјљењє ;з­‰еѕ…е®Њж€ђ
{
  code: 0,
  data: { bizCode: 103, bizMsg: 'иї™дёЄд»»еЉЎеЃље®Ње•¦~пјЃ', success: false },
  msg: 'и°ѓз”Ёж€ђеЉџ'
}
д»»еЉЎе¤±иґҐ
еЃљд»»еЉЎпјљеЋ»йЂ›е…»з”џеҐЅз‰©5жЉжЉў;з­‰еѕ…е®Њж€ђ
{
  code: 0,
  data: { bizCode: 103, bizMsg: 'иї™дёЄд»»еЉЎеЃље®Ње•¦~пјЃ', success: false },
  msg: 'и°ѓз”Ёж€ђеЉџ'
}
д»»еЉЎе¤±иґҐ
еЃљд»»еЉЎпјљеЋ»йЂ›е®ќжґЃдє«ж›ґе¤љз¦Џе€©;з­‰еѕ…е®Њж€ђ
{
  code: 0,
  data: { bizCode: 103, bizMsg: 'иї™дёЄд»»еЉЎеЃље®Ње•¦~пјЃ', success: false },
  msg: 'и°ѓз”Ёж€ђеЉџ'
}
д»»еЉЎе¤±иґҐ
еЃљд»»еЉЎпјљйЂ›е°Џе“ҐдјйЂ‰еҐЅз‰©дЅЋи‡і9.9е…ѓ;з­‰еѕ…е®Њж€ђ
{
  code: 0,
  data: { bizCode: 103, bizMsg: 'иї™дёЄд»»еЉЎеЃље®Ње•¦~пјЃ', success: false },
  msg: 'и°ѓз”Ёж€ђеЉџ'
}
д»»еЉЎе¤±иґҐ
еЃљд»»еЉЎпјљйЂ›дјље‘йў‘йЃ“йў†дє¬дє«з‰№жќѓ;з­‰еѕ…е®Њж€ђ
{
  code: 0,
  data: { bizCode: 103, bizMsg: 'иї™дёЄд»»еЉЎеЃље®Ње•¦~пјЃ', success: false },
  msg: 'и°ѓз”Ёж€ђеЉџ'
}
д»»еЉЎе¤±иґҐ
еЃљд»»еЉЎпјљеЋ»йЂ›й‡‘ићЌзҐће€ёдјљењє;з­‰еѕ…е®Њж€ђ
{
  code: 0,
  data: { bizCode: 103, bizMsg: 'иї™дёЄд»»еЉЎеЃље®Ње•¦~пјЃ', success: false },
  msg: 'и°ѓз”Ёж€ђеЉџ'
}
д»»еЉЎе¤±иґҐ
еЃљд»»еЉЎпјљжµЏи§€New Balance NBе®ж–№е¤Џе­Јз”·йћ‹еҐійћ‹510зі»е€—MT510WR4з®Ђзє¦з»Џе…ёз™ѕжђ­ж—¶е°љиїђеЉЁи€’йЂ‚иЂЃз€№йћ‹ з±іи‰І/з™Ѕи‰ІMT510WR4 37пј€и„љй•ї22.5cm);з­‰еѕ…е®Њж€ђ
д»»еЉЎе®Њж€ђ
еЃљд»»еЉЎпјљжµЏи§€POPMARTжіЎжіЎзЋ›з‰№  dimooж°ґж—Џй¦†зі»е€—з›Із›’ж‰‹еЉћжЅ®зЋ©зЋ©е…·жЎЊйќўж‘†д»¶з”џж—Ґз¤јз‰© DIMOOж°ґж—Џй¦†-еЌ•з›’пј€йљЏжњєеЏ‘ж‹Ќ12дёЄйќћж•ґз›’пј‰;з­‰еѕ…е®Њж€ђ
д»»еЉЎе®Њж€ђ
еЃљд»»еЉЎпјљжµЏи§€SK-IIе¤§зєўз“¶йќўйњњ50g(ж»‹ж¶¦ећ‹)жЉ¤и‚¤е“ЃеҐ—иЈ…еЊ–е¦†е“Ѓз¤јз›’(з¤јз›’е†…иµ зҐћд»™ж°ґ)skiisk2 зґ§и‡ґ иЎҐж°ґдїќж№ї;з­‰еѕ…е®Њж€ђ
д»»еЉЎе®Њж€ђ
еЃљд»»еЉЎпјљжµЏи§€SK-IIе°ЏзЃЇжіЎ30mlжЉ¤и‚¤е“ЃеҐ—иЈ…еЊ–е¦†е“Ѓз¤јз›’пј€з¤јз›’е†…иµ зҐћд»™ж°ґпј‰skiisk2иЎҐж°ґдїќж№ї зѕЋз™ЅзІѕеЌЋж¶І;з­‰еѕ…е®Њж€ђ
д»»еЉЎе®Њж€ђ
еЃљд»»еЉЎпјљжµЏи§€е…°и”»Y21жЋжџдє§е“Ѓе°ќйІњз¤јз›’пј€зІ‰ж°ґ50ml+е°Џй»‘з“¶7ml+жћЃе…‰жґЃйќў50mlпј‰;з­‰еѕ…е®Њж€ђ
д»»еЉЎе®Њж€ђ
еЃљд»»еЉЎпјљжµЏи§€е…°и”»Y21дєєж°”жџе“ЃдЅ“йЄЊз¤јпј€е°Џй»‘з“¶1ml+еЏ‘е…‰зњјйњњ1ml+еЎ‘йўњйњњ1.5ml+е°Џз™Ѕз®Ў1ml+жЊЃе¦†зІ‰еє•1mlпј‰;з­‰еѕ…е®Њж€ђ
д»»еЉЎе®Њж€ђ
еЃљд»»еЉЎпјљжµЏи§€дјЉе€© дјй…ёд№ід№іж±Ѕи‹Џж‰“ж°”жіЎд№іжџ жЄ¬йЈЋе‘і320ml*6зЅђ;з­‰еѕ…е®Њж€ђ
д»»еЉЎе®Њж€ђ
еЃљд»»еЉЎпјљжµЏи§€дјЉе€© ж¤ЌйЂ‰й«и›‹з™Ѕ0и”—зі–0еЏЌејЏи„‚и‚Єж¤Ќз‰©и›‹з™ЅйҐ®315ml*10з“¶пј€жќЋе®‡жҐеђЊж¬ѕпј‰;з­‰еѕ…е®Њж€ђ
д»»еЉЎе®Њж€ђ
еЃљд»»еЉЎпјљжµЏи§€еї…е€©еЉІ   з›ђй…ёиѕѕжіЉиҐїж±Ђз‰‡ 30mg*3з‰‡   жІ»з–—ж—©жі„ з”·з”ЁеЏЈжњЌж—©жі„иЌЇ;з­‰еѕ…е®Њж€ђ
д»»еЉЎе®Њж€ђ
еЃљд»»еЉЎпјљжµЏи§€ж±‡д»Ѓ и‚ѕе®ќз‰‡ 126з‰‡ и°ѓе’Њйґйіжё©йіиЎҐи‚ѕж‰¶ж­Је›єжњ¬з”ЁдєЋи…°и…їй…ёз—›зІѕзҐћдёЌжЊЇе¤ње°їйў‘е¤љз•ЏеЇ’жЂ•е†·е¦‡еҐіз™Ѕеё¦жё…зЁЂ;з­‰еѕ…е®Њж€ђ
д»»еЉЎе®Њж€ђ
еЃљд»»еЉЎпјљжµЏи§€е°Џе…”е­ђе­¦иЉ±й’±з»жњ¬пј€е…Ё3е†Њпј‰е­¦иЉ±й’±гЂЃе­¦иµљй’±гЂЃе­¦е­й’±пјЊеЇ№дєЋе­©е­ђзђ†иґўеЏЇиѓЅе¤ЄйЃҐиїњпјЊдЅ†и¦Ѓе…€еЇ№вЂњй’±вЂќжњ‰ж¦‚еїµ;з­‰еѕ…е®Њж€ђ
д»»еЉЎе®Њж€ђ
еЃљд»»еЉЎпјљжµЏи§€зЋЇзђѓе›Ѕе®¶ењ°зђ†з™ѕз§‘е…Ёд№¦пј€еҐ—иЈ…е…±10е†Њпј‰;з­‰еѕ…е®Њж€ђ
д»»еЉЎе®Њж€ђ
еЃљд»»еЉЎпјљжµЏи§€и›¤иџ†е…€з”џеЋ»зњ‹еїѓзђ†еЊ»з”џпј€зѓ­й”Ђ23е№ґпјЊи‹±е›Ѕз»Џе…ёеїѓзђ†е’ЁиЇўе…Ґй—Ёд№¦пјЊзџҐеђЌеїѓзђ†е­¦е®¶жќЋжќѕи”љжЋЁиЌђ пј‰;з­‰еѕ…е®Њж€ђ
д»»еЉЎе®Њж€ђ
еЃљд»»еЉЎпјљжµЏи§€е°ЏзЊЄдЅ©еҐ‡ж€‘дјљдє¤жњ‹еЏ‹пјљдєєй™…дє¤еѕЂжѓ…еўѓи‹±иЇ­еђЇи’™з»жњ¬пј€еҐ—иЈ…10е†Њпј‰жµ“зј©10дёЄе№је„їз¤ѕдє¤дё»йўж•…дє‹;з­‰еѕ…е®Њж€ђ
д»»еЉЎе®Њж€ђ
еЃљд»»еЉЎпјљжµЏи§€AJ1 з”·е­ђ AIR JORDAN 1 LOW иїђеЉЁйћ‹ 553558 553558-034 44;з­‰еѕ…е®Њж€ђ
д»»еЉЎе®Њж€ђ
еЃљд»»еЉЎпјљжµЏи§€жЉ¤и€’е®ќAlwaysж¬§зѕЋиї›еЏЈж¶ІдЅ“еЌ«з”џе·ѕж—Ґз”Ёз»„еђ€30з‰‡(10з‰‡x3еЊ…)жњЄжќҐж„џжћЃжЉ¤;з­‰еѕ…е®Њж€ђ
д»»еЉЎе®Њж€ђ
еЃљд»»еЉЎпјљжµЏи§€жіўеЏёз™»жҐе­Јж–°ж¬ѕ2021еҐіејЏиЅ»и–„зѕЅз»’жњЌеҐіз«‹йў†дј‘й—Із™ѕжђ­дї®иє«зџ­ж¬ѕB10131006 й»‘и‰ІжёђеЏ9C87 165/88A;з­‰еѕ…е®Њж€ђ
д»»еЉЎе®Њж€ђ
еЃљд»»еЉЎпјљжµЏи§€е…°и”»пј€LANCOMEпј‰е°Џй»‘з“¶е…Ёж–°и‚Њеє•зІѕеЌЋж¶І50ml еЊ–е¦†е“ЃеҐ—иЈ…жЉ¤и‚¤ йќўйѓЁзІѕеЌЋ дїќж№їиЎҐж°ґдї®жЉ¤з»ґзЁі з¤јз›’ 618з€†ж¬ѕ;з­‰еѕ…е®Њж€ђ
д»»еЉЎе®Њж€ђ
еЃљд»»еЉЎпјљжµЏи§€еЌљжњ—пј€Braunпј‰з”·еЈ«з”µеЉЁе‰ѓйЎ»е€ЂеѕЂе¤ЌејЏе€®иѓЎе€Ђе°ЏзЊЋи±№5зі»1000sпј€з™Ѕи‰І)пј€ж–°иЂЃеЊ…иЈ…йљЏжњєеЏ‘иґ§пј‰йѕљдїЉеђЊж¬ѕ  з€¶дєІиЉ‚з¤јз‰©;з­‰еѕ…е®Њж€ђ
д»»еЉЎе®Њж€ђ
еЃљд»»еЉЎпјљжµЏи§€з§‘е‹’еЈЃжЊ‚ејЏй©¬жЎ¶жЊ‚еў™еќђдѕїе™Ёйљђи—ЏејЏж°ґз®±еµЊе…ҐејЏеў™жЋ’з›ґе†Ій©¬жЎ¶й©¬жЎ¶еє§дѕїе™ЁK-25255 жµ·еѕ·дёЅж°”еЉЁж°ґз®±+зјёдЅ“+ж°”еЉЁйќўжќї+зј“й™Ќз›–жќї;з­‰еѕ…е®Њж€ђ
д»»еЉЎе®Њж€ђ
еЃљд»»еЉЎпјљеЋ»йў†дёЂз®±е…Ќиґ№ж°ґжћњ;з­‰еѕ…е®Њж€ђ
д»»еЉЎе®Њж€ђ
еЃљд»»еЉЎпјљеЋ»з­ѕе€°йў†дє¬и±†;з­‰еѕ…е®Њж€ђ
д»»еЉЎе®Њж€ђ
еЃљд»»еЉЎпјљеЋ»е°ЏзЁ‹еєЏзЋ©дє’еЉЁи§Јй”Ѓж–°з¦Џе€©;з­‰еѕ…е®Њж€ђ
д»»еЉЎе®Њж€ђ
еЃљд»»еЉЎпјљеЋ»з“ње€†1.8дєїдє¬и±†;з­‰еѕ…е®Њж€ђ
д»»еЉЎе®Њж€ђ
еЃљд»»еЉЎпјљеЋ»йЂ›з€†ж¬ѕ1е…ѓз–ЇжЉўеЊ…й‚®;з­‰еѕ…е®Њж€ђ
д»»еЉЎе®Њж€ђ
еЃљд»»еЉЎпјљй™ђж—¶жЉў9.9е…ѓз€†е“ЃеҐЅиґ§;з­‰еѕ…е®Њж€ђ
д»»еЉЎе®Њж€ђ
еЃљд»»еЉЎпјљеЋ»жЉўз‰№д»‘и‹Џз«‹е‡Џ30е…ѓ;з­‰еѕ…е®Њж€ђ
д»»еЉЎе®Њж€ђ
еЃљд»»еЉЎпјљеЋ»е…Ґдјљз“ње€†1дєїдє¬и±†;з­‰еѕ…е®Њж€ђ
д»»еЉЎе®Њж€ђ
еЋ»еЃљеє—й“єд»»еЉЎ
иЋ·еЏ–е€°44дёЄеє—й“є
ж‰§иЎЊз¬¬1дёЄеє—й“єд»»еЉЎпјљ ID:24299
еє—й“єз­ѕе€°
еЃљд»»еЉЎпјљеЋ»йЂ›жќҐдјЉд»Ѕж——и€°еє—;з­‰еѕ…е®Њж€ђ
жґ»еЉЁеј‚еёёе•¦пјЊиЇ·зЁЌеђЋе†ЌиЇ•~
еЃљд»»еЉЎпјљйЂ›йЂ›жќҐдјЉд»ЅзҐће€ёдјљењє;з­‰еѕ…е®Њж€ђ
жґ»еЉЁеј‚еёёе•¦пјЊиЇ·зЁЌеђЋе†ЌиЇ•~
еЃљд»»еЉЎпјљйЂ›жќҐдјЉд»Ѕ9.9е†…иґ­з§’жќЂдјљењє;з­‰еѕ…е®Њж€ђ
д»»еЉЎе®Њж€ђ
ж‰§иЎЊз¬¬2дёЄеє—й“єд»»еЉЎпјљ ID:1000096602
еє—й“єз­ѕе€°
еЃљд»»еЉЎпјљеЋ»йЂ›дє¬дёњдє¬йЂ йў†зєўеЊ…;з­‰еѕ…е®Њж€ђ
жґ»еЉЁеј‚еёёе•¦пјЊиЇ·зЁЌеђЋе†ЌиЇ•~
еЃљд»»еЉЎпјљз‚№е‡»жџҐзњ‹жЇЏж—Ґй™ђй‡Џз§’жќЂж¬ѕ;з­‰еѕ…е®Њж€ђ
жґ»еЉЁеј‚еёёе•¦пјЊиЇ·зЁЌеђЋе†ЌиЇ•~
еЃљд»»еЉЎпјље…Ёењє1е…ѓеЉ д»·иґ­ ж€іж€‘йў†е€ё;з­‰еѕ…е®Њж€ђ
д»»еЉЎе®Њж€ђ
ж‰§иЎЊз¬¬3дёЄеє—й“єд»»еЉЎпјљеё®е®ќйЂ‚дє¬дёњи‡ЄиђҐе®ж–№ж——и€°еє— ID:1000001933
еє—й“єз­ѕе€°
еЃљд»»еЉЎпјљеЋ»йЂ›её®е®ќйЂ‚ж——и€°еє—;з­‰еѕ…е®Њж€ђ
жґ»еЉЁеј‚еёёе•¦пјЊиЇ·зЁЌеђЋе†ЌиЇ•~
еЃљд»»еЉЎпјљеЋ»йЂ›её®е®ќйЂ‚жґ»еЉЁйЎµ;з­‰еѕ…е®Њж€ђ
жґ»еЉЁеј‚еёёе•¦пјЊиЇ·зЁЌеђЋе†ЌиЇ•~
еЃљд»»еЉЎпјљжµЏи§€её®е®ќйЂ‚з€†ж¬ѕ;з­‰еѕ…е®Њж€ђ
д»»еЉЎе®Њж€ђ
ж‰§иЎЊз¬¬4дёЄеє—й“єд»»еЉЎпјљ ID:39348
еє—й“єз­ѕе€°
еЃљд»»еЉЎпјљеЋ»йЂ›еҐҐз‰№иЋ±ж–Їеє—й“є;з­‰еѕ…е®Њж€ђ
жґ»еЉЁеј‚еёёе•¦пјЊиЇ·зЁЌеђЋе†ЌиЇ•~
еЃљд»»еЉЎпјљйЂ›йЂ›еҐҐз‰№иЋ±ж–Їдјље‘йЎµ;з­‰еѕ…е®Њж€ђ
жґ»еЉЁеј‚еёёе•¦пјЊиЇ·зЁЌеђЋе†ЌиЇ•~
ж‰§иЎЊз¬¬5дёЄеє—й“єд»»еЉЎпјљ ID:1000014988
еє—й“єз­ѕе€°
еЃљд»»еЉЎпјљеЋ»йЂ›з¦§зѕЋжµ·дє§и‡ЄиђҐж——и€°еє—;з­‰еѕ…е®Њж€ђ
жґ»еЉЁеј‚еёёе•¦пјЊиЇ·зЁЌеђЋе†ЌиЇ•~
еЃљд»»еЉЎпјљйЂ›йЂ›з¦§зѕЋжµ·дє§жґ»еЉЁйЎµ;з­‰еѕ…е®Њж€ђ
жґ»еЉЁеј‚еёёе•¦пјЊиЇ·зЁЌеђЋе†ЌиЇ•~
еЃљд»»еЉЎпјљеЉ е…Ґз¦§зѕЋзѕ¤иЃЉйў†еҐЅз¤ј;з­‰еѕ…е®Њж€ђ
д»»еЉЎе®Њж€ђ
ж‰§иЎЊз¬¬6дёЄеє—й“єд»»еЉЎпјљ ID:1000003263
еє—й“єз­ѕе€°
еЃљд»»еЉЎпјљеЋ»йЂ›ж€ґжЈ®и‡ЄиђҐж——и€°еє—;з­‰еѕ…е®Њж€ђ
жґ»еЉЁеј‚еёёе•¦пјЊиЇ·зЁЌеђЋе†ЌиЇ•~
еЃљд»»еЉЎпјљеЋ»йЂ›ж€ґжЈ®жґ»еЉЁдјљењє;з­‰еѕ…е®Њж€ђ
жґ»еЉЁеј‚еёёе•¦пјЊиЇ·зЁЌеђЋе†ЌиЇ•~
еЃљд»»еЉЎпјљйЂ›ж€ґжЈ®еє—й“єиµўеҐЅз¤ј;з­‰еѕ…е®Њж€ђ
д»»еЉЎе®Њж€ђ
ж‰§иЎЊз¬¬7дёЄеє—й“єд»»еЉЎпјљ ID:1000007482
еє—й“єз­ѕе€°
еЃљд»»еЉЎпјљеЋ»йЂ›йЂ›и‹±з‰№е°”еє—й“є;з­‰еѕ…е®Њж€ђ
жґ»еЉЁеј‚еёёе•¦пјЊиЇ·зЁЌеђЋе†ЌиЇ•~
еЃљд»»еЉЎпјљеЋ»йЂ›йЂ›и‹±з‰№е°”еє—й“є;з­‰еѕ…е®Њж€ђ
жґ»еЉЁеј‚еёёе•¦пјЊиЇ·зЁЌеђЋе†ЌиЇ•~
еЃљд»»еЉЎпјљеЋ»йЂ›и‹±з‰№е°”618дјљењє;з­‰еѕ…е®Њж€ђ
д»»еЉЎе®Њж€ђ
ж‰§иЎЊз¬¬8дёЄеє—й“єд»»еЉЎпјљrealmeзњџж€‘дє¬дёњи‡ЄиђҐж——и€°еє— ID:1000164941
еє—й“єз­ѕе€°
еЃљд»»еЉЎпјљеЋ»йЂ›зњџж€‘и‡ЄиђҐж——и€°еє—;з­‰еѕ…е®Њж€ђ
жґ»еЉЁеј‚еёёе•¦пјЊиЇ·зЁЌеђЋе†ЌиЇ•~
еЃљд»»еЉЎпјљеЋ»йЂ›зњџж€‘дјље‘йЎµ;з­‰еѕ…е®Њж€ђ
жґ»еЉЁеј‚еёёе•¦пјЊиЇ·зЁЌеђЋе†ЌиЇ•~
ж‰§иЎЊз¬¬9дёЄеє—й“єд»»еЉЎпјљUnder Armourе®ж–№ж——и€°еє— ID:182588
еє—й“єз­ѕе€°
еЃљд»»еЉЎпјљеЋ»йЂ›е®‰еѕ·зЋ›е®ж–№ж——и€°еє—;з­‰еѕ…е®Њж€ђ
жґ»еЉЁеј‚еёёе•¦пјЊиЇ·зЁЌеђЋе†ЌиЇ•~
еЃљд»»еЉЎпјљжµЏи§€е®‰еѕ·зЋ›й¦–йЎµ;з­‰еѕ…е®Њж€ђ
жґ»еЉЁеј‚еёёе•¦пјЊиЇ·зЁЌеђЋе†ЌиЇ•~
ж‰§иЎЊз¬¬10дёЄеє—й“єд»»еЉЎпјљ ID:1000115184
еє—й“єз­ѕе€°
еЃљд»»еЉЎпјљеЋ»йЂ›HFPи‡ЄиђҐж——и€°еє—;з­‰еѕ…е®Њж€ђ
жґ»еЉЁеј‚еёёе•¦пјЊиЇ·зЁЌеђЋе†ЌиЇ•~
еЃљд»»еЉЎпјљеЋ»йЂ›HFPи‡ЄиђҐж——и€°еє—;з­‰еѕ…е®Њж€ђ
д»»еЉЎе®Њж€ђ
еЃљд»»еЉЎпјљеЋ»йЂ›HFPйў„е”®йЎµ;з­‰еѕ…е®Њж€ђ
жґ»еЉЁеј‚еёёе•¦пјЊиЇ·зЁЌеђЋе†ЌиЇ•~
еЃљд»»еЉЎпјљжµЏи§€HFPеє—й“єе•†е“ЃиµўеҐЅз¤ј;з­‰еѕ…е®Њж€ђ
д»»еЉЎе®Њж€ђ
ж‰§иЎЊз¬¬11дёЄеє—й“єд»»еЉЎпјљиЌЈиЂЂдє¬дёњи‡ЄиђҐж——и€°еє— ID:1000000904
еє—й“єз­ѕе€°
еЃљд»»еЉЎпјљеЋ»йЂ›иЌЈиЂЂеє—й“є;з­‰еѕ…е®Њж€ђ
жґ»еЉЁеј‚еёёе•¦пјЊиЇ·зЁЌеђЋе†ЌиЇ•~
еЃљд»»еЉЎпјљйЂ›йЂ›иЌЈиЂЂжЊ‡е®љйЎµйќў;з­‰еѕ…е®Њж€ђ
жґ»еЉЁеј‚еёёе•¦пјЊиЇ·зЁЌеђЋе†ЌиЇ•~
еЃљд»»еЉЎпјљиЌЈиЂЂX10зЃ«зѓ­жЉўиґ­;з­‰еѕ…е®Њж€ђ
д»»еЉЎе®Њж€ђ
ж‰§иЎЊз¬¬12дёЄеє—й“єд»»еЉЎпјљ ID:10370169
еє—й“єз­ѕе€°
еЃљд»»еЉЎпјљеЋ»йЂ›з‰№д»‘и‹Џж——и€°еє—;з­‰еѕ…е®Њж€ђ
жґ»еЉЁеј‚еёёе•¦пјЊиЇ·зЁЌеђЋе†ЌиЇ•~
еЃљд»»еЉЎпјљеЋ»йЂ›з‰№д»‘и‹Џе“Ѓз‰Њдјљењє;з­‰еѕ…е®Њж€ђ
жґ»еЉЁеј‚еёёе•¦пјЊиЇ·зЁЌеђЋе†ЌиЇ•~
еЃљд»»еЉЎпјљеЋ»жµЏи§€з‰№д»‘и‹Џз‰›еҐ¶дјљењє;з­‰еѕ…е®Њж€ђ
д»»еЉЎе®Њж€ђ
ж‰§иЎЊз¬¬13дёЄеє—й“єд»»еЉЎпјљиїЄеҐҐпј€Diorпј‰зѕЋе¦†дє¬дёњи‡ЄиђҐдё“еЊє ID:1000081945
еє—й“єз­ѕе€°
еЃљд»»еЉЎпјљеЋ»йЂ›иїЄеҐҐеє—й“єдє«жѓЉе–њд»·;з­‰еѕ…е®Њж€ђ
жґ»еЉЁеј‚еёёе•¦пјЊиЇ·зЁЌеђЋе†ЌиЇ•~
еЃљд»»еЉЎпјљеЋ»йЂ›зѕЋе¦†618дё»дјљењє;з­‰еѕ…е®Њж€ђ
жґ»еЉЁеј‚еёёе•¦пјЊиЇ·зЁЌеђЋе†ЌиЇ•~
еЃљд»»еЉЎпјљеЋ»йЂ›еҐҐиїЄдє¬дёњи‡ЄиђҐеє—;з­‰еѕ…е®Њж€ђ
д»»еЉЎе®Њж€ђ
ж‰§иЎЊз¬¬14дёЄеє—й“єд»»еЉЎпјље…°и”»дє¬дёњи‡ЄиђҐе®ж–№дЅ“йЄЊй›¶е”®еє— ID:1000306683
еє—й“єз­ѕе€°
еЃљд»»еЉЎпјљеЋ»йЂ›е…°и”»жЉўз€†е“Ѓ;з­‰еѕ…е®Њж€ђ
жґ»еЉЁеј‚еёёе•¦пјЊиЇ·зЁЌеђЋе†ЌиЇ•~
еЃљд»»еЉЎпјљеЋ»йЂ›е…°и”»жЉўзІ‰ж°ґй™ђе®љз‰€;з­‰еѕ…е®Њж€ђ
жґ»еЉЁеј‚еёёе•¦пјЊиЇ·зЁЌеђЋе†ЌиЇ•~
еЃљд»»еЉЎпјљеЋ»йЂ›йЂ›е…°и”»дјље‘жќѓз›ЉйЎµ;з­‰еѕ…е®Њж€ђ
д»»еЉЎе®Њж€ђ
ж‰§иЎЊз¬¬15дёЄеє—й“єд»»еЉЎпјљеЌЋзЎ•дє¬дёњи‡ЄиђҐе®ж–№ж——и€°еє— ID:1000000182
еє—й“єз­ѕе€°
еЃљд»»еЉЎпјљйЂ›йЂ›иЃ”жѓіжґ»еЉЁйЎµ;з­‰еѕ…е®Њж€ђ
жґ»еЉЁеј‚еёёе•¦пјЊиЇ·зЁЌеђЋе†ЌиЇ•~
еЃљд»»еЉЎпјљеЋ»йЂ›дє¬дёњз”µи„‘;з­‰еѕ…е®Њж€ђ
жґ»еЉЁеј‚еёёе•¦пјЊиЇ·зЁЌеђЋе†ЌиЇ•~
еЃљд»»еЉЎпјљйЂ›йЂ›еЌЋзЎ•зѓ­й”Ђдє§е“Ѓ;з­‰еѕ…е®Њж€ђ
д»»еЉЎе®Њж€ђ
ж‰§иЎЊз¬¬16дёЄеє—й“єд»»еЉЎпјљPUMAе®ж–№ж——и€°еє— ID:34239
еє—й“єз­ѕе€°
еЃљд»»еЉЎпјљеЋ»йЂ›PUMAе®ж–№ж——и€°еє—;з­‰еѕ…е®Њж€ђ
жґ»еЉЁеј‚еёёе•¦пјЊиЇ·зЁЌеђЋе†ЌиЇ•~
еЃљд»»еЉЎпјљеЋ»йЂ›PUMAз€†ж¬ѕе•†е“Ѓ;з­‰еѕ…е®Њж€ђ
жґ»еЉЁеј‚еёёе•¦пјЊиЇ·зЁЌеђЋе†ЌиЇ•~
еЃљд»»еЉЎпјље…іжіЁеє—й“є йў†з§Їе€†;з­‰еѕ…е®Њж€ђ
д»»еЉЎе®Њж€ђ
ж‰§иЎЊз¬¬17дёЄеє—й“єд»»еЉЎпјљзѕЋзљ„дє¬дёњи‡ЄиђҐе®ж–№ж——и€°еє— ID:1000282702
еє—й“єз­ѕе€°
еЃљд»»еЉЎпјљеЋ»йЂ›зѕЋзљ„еЉІзњЃй«иѕѕеЌѓе…ѓ;з­‰еѕ…е®Њж€ђ
жґ»еЉЁеј‚еёёе•¦пјЊиЇ·зЁЌеђЋе†ЌиЇ•~
еЃљд»»еЉЎпјљеЋ»йЂ›зѕЋзљ„йў„е”®йЎµ;з­‰еѕ…е®Њж€ђ
жґ»еЉЁеј‚еёёе•¦пјЊиЇ·зЁЌеђЋе†ЌиЇ•~
еЃљд»»еЉЎпјљеЋ»зњЃй’±ж”»з•ҐйЎµ;з­‰еѕ…е®Њж€ђ
д»»еЉЎе®Њж€ђ
ж‰§иЎЊз¬¬18дёЄеє—й“єд»»еЉЎпјљеЏЇеЏЈеЏЇд№ђдє¬дёњи‡ЄиђҐж——и€°еє— ID:1000014286
еє—й“єз­ѕе€°
еЃљд»»еЉЎпјљеЋ»йЂ›еЏЇеЏЈеЏЇд№ђеє—й“є;з­‰д»»еЉЎе·Іежґ»еЉЁеј‚еёёе•¦пјЊиЇ·зЁЌеђЋе†ЌиЇ•~
еЃљд»»еЉЎпјљеЋ»йЂ›еЏЇеЏЈеЏЇд№ђдјље‘йЎµ;з­д»»еЉЎе·Іе®жґ»еЉЁеј‚еёёе•¦пјЊиЇ·зЁж‰§иЎЊз¬¬19дж‰§иЎЊз¬¬19дёЄеє—й“єд»»еЉЎпјљд№ђй«дє¬дёњи‡ЄиђҐж——и€°еє— ID:1000001521
еє—й“єз­ѕе€°
еЃљд»»еЉЎпјљеЋ»йЂ›д№ђй«и‡Єид»»еЉЎе·Іе®Њж€ђпјЊиЋ·еѕ—5жґ»еЉЁеј‚еёёе•¦пјЊиЇ·зЁЌеђЋе†ЌиЇ•~
еЃљд»»еЉЎпјљеЋ»йЂ›д№ђд»»еЉЎе·Іе®Њж€ђпјЊиЋ·еѕ—50жґ»еЉЁеј‚еёёе•¦пјЊиЇ·зЁЌеђЋе†ЌиЇ•~
еЃљд»»еЉЎпјљжµЏи§€иґ№й›Єпј†зѕЋд№ђе“Ѓз‰Њжґ»еЉЁйЎµж‰§иЎЊз¬¬20дёЄеє—й“єд»»еЉЎпж‰§иЎЊз¬¬20дёЄеє—й“єд»»еЉЎпјљECCOз€±ж­Ґз”·йћ‹ж——и€°еє— ID:59809
еє—й“єз­ѕе€°
еЃљд»»еЉЎпјљд»»еЉЎе·Іе®Њж€ђпјЊиЋ·еѕ—500й‡‘еёЃ
еЃљд»»жґ»еЉЁеј‚еёёе•¦пјЊиЇ·зЁЌеђЋе†ЌиЇ•~
еЃљд»»еЉЎд»»еЉЎе·Іе®Њж€ђпјЊиЋ·еѕ—500й‡‘еёЃ
еЃљд»»ежґ»еЉЁеј‚еёёе•¦пјЊиЇ·зЁЌеђЋе†ЌиЇ•~
еЃљд»»еЉЎпјљжµЏи§€дє¬дёњжњЌйҐ°дё»дјљењє;з­‰еѕ…е®Њж€ђ
д»»еЉЎе®Њж€ђ
еЃљд»»еЉЎпјљеЋ»йЂ›жћњй…±е…¬дё»ж‰§иЎЊз¬¬21дёЄеє—й“єд»»еЉЎпјљиЃ”жѓідє¬дёњиж‰§иЎЊз¬¬21дёЄеє—й“єд»»еЉЎпјљиЃ”жѓідє¬дёњи‡ЄиђҐж——и€°еє— ID:1000000157
еє—й“д»»еЉЎе·Іе®Њж€ђпјЊиЋ·еѕ—500й‡‘еёЃ
еЃљд»»еЉЎпјљеЋ»йЂ›иЃ”жґ»еЉЁеј‚еёёе•¦пјЊиЇ·зЁЌеђЋе†ЌиЇ•~
еЃљд»»еЉЎпјљеЋ»йЂ›иЃ”жѓіеє—й“є;з­‰еѕ…е®Њж€ђ
дд»»еЉЎе·Іе®Њж€ђпјЊиЋ·еѕ—500й‡‘еёЃ
еЃљд»»еЉЎпјљеЋ»йЂ›иЃ”жжґ»еЉЁеј‚еёёе•¦пјЊиЇ·зЁЌеђЋе†ЌиЇ•~
еЃљд»»ж‰§иЎЊз¬¬22дёЄеє—й“єд»»еЉЎпјљж¬§иЋ±й›…дє¬дёњи‡ЄиђҐе®ж–№жж‰§иЎЊз¬¬22дёЄеє—й“єд»»еЉЎпјљж¬§иЋ±й›…дє¬дёњи‡ЄиђҐе®ж–№ж——и€°еє— ID:1000002662д»»еЉЎе·Іе®Њж€ђпјЊиЋ·еѕ—500й‡‘еёЃ
еЃљд»»еЉЎпјљеЋ»йЂ›е·ґй»Ћж¬§иЋ±й›…йў„жґ»еЉЁеј‚еёёе•¦пјЊиЇд»»еЉЎе·Іе®Њж€ђпјЊиЋ·еѕ—500й‡‘еёЃ
еЃљд»»еЉЎпјљйЂ›еє—й“єйў†е€ё469е‡Џ20;зжґ»еЉЁеј‚еёёе•¦пјЊиЇ·зЁЌеж‰§иЎЊз¬¬23дёЄеє—й“єд»»еЉЎпјљи’™з‰›дє¬дёњи‡ЄиђҐж——и€°еє— ID:1000014803
еж‰§иЎЊз¬¬23дёЄеє—й“єд»»еЉЎпјљи’™з‰›дє¬дёњи‡Єиђд»»еЉЎе·Іе®Њж€ђпјЊиЋ·еѕ—500й‡‘еёЃ
еЃљд»»еЉЎпјљеЋ»жµЏи§€и’™з‰›дјље‘дјљењє;з­‰еѕ…е®Њж€жґд»»еЉЎе·Іе®Њж€ђпјЊиЋ·еѕ—500й‡‘еёЃ
еЃљд»»еЉЎпјљеЋ»жµЏи§€и’™з‰›з‰›еҐ¶дјљењє;з­‰еѕ…е®Њж€ђжґ»еЉЁеј‚еёёе•ж‰§иЎЊз¬¬24дёЄеє—й“єд»»еЉЎпјљ ID:1000100813
еЃљд»»еЉЎпјљеЋ»Zдё–д»Јж–°зђѓжЋўж–°;з­‰еѕ…е®ж‰§иЎЊз¬¬24дёЄеє—й“єд»»еЉЎпјљ ID:1000100813
еє—й“єз­ѕе€°
еЃљд»»еЉЎпјљзњ‹д»»еЉЎе·Іе®Њж€ђпјЊиЋ·еѕ—500й‡‘еёЃ
еЃљд»жґ»еЉЁеј‚еёёе•¦пјЊиЇ·зЁЌеђЋе†ЌиЇ•~
еЃљд»»ед»»еЉЎе·Іе®Њж€ђпјЊиЋ·еѕ—500й‡‘еёЃ
ж‰§иЎЊз¬¬25дёЄеє—й“єд»»еЉЎпјљдё№е°је°”жѓ ж‰§иЎЊз¬¬25дёЄеє—й“єд»»еЉЎпјљдё№е°је°”жѓ зЃµйЎїдє¬дёњи‡ЄиђҐж——и€°еє— ID:1000013972
еє—й“д»»еЉЎе·Іе®Њж€ђпјЊиЋ·еѕ—500й‡‘еёЃ
еЃљд»»еЉЎпјљеЋ»йЂ›DWжґ»еЉЁеј‚еёёе•¦пјЊиЇ·зЁд»»еЉЎе·Іе®Њж€ђпјЊиЋ·еѕ—500й‡‘еёЃ
еЃљд»»еЉЎпјљжµЏи§€DWжжґ»еЉЁеј‚еёёе•¦пјЊид»»еЉЎе®Њж€ђ
ж‰§иЎЊз¬¬26дёЄеє—й“єд»»еЉЎпјљLordeдє¬дёњи‡ЄиђҐж——и€°еє— ж‰§иЎЊз¬¬26дёЄеє—й“єд»»еЉЎпјљLordeдє¬дёњи‡ЄиђҐж——и€°еє— IDд»»еЉЎе·Іе®Њж€ђпјЊиЋ·еѕ—500й‡‘еёЃ
еЃљд»»еЉЎпјљжµЏи§€е® з‰©й¦†;з­‰еѕ…ежґ»еЉЁд»»еЉЎе®Њж€ђ
ж‰§иЎЊз¬¬27дёЄеє—й“єд»»еЉЎпјљеѕ®иЅЇдє¬дёњи‡ЄиђҐе®ж–№ж——и€°еє— ID:1000ж‰§иЎЊз¬¬27дёЄеє—й“єд»»еЉЎпјљеѕ®иЅЇдє¬дёњи‡ЄиђҐе®ж–№жд»»еЉЎе·Іе®Њж€ђпјЊиЋ·еѕ—500й‡‘еёЃ
еЃљд»»еЉЎпјљйЂ›еѕ®иЅЇе‡єж‰‹е¤єжЅ®иЂЂеЋџе€›;з­‰еѕ…жґ»еЉЁед»»еЉЎе·Іе®Њж€ђпјЊиЋ·еѕ—500й‡‘еёЃ
ж‰§иЎЊз¬¬28дёЄеє—й“єд»»еЉЎпјљи’™з‰›дЅЋжё©д№іе“Ѓдє¬дёњи‡ЄиђҐж——и€°еє— ID:1000078305
еЃж‰§иЎЊз¬¬28дёЄеє—й“єд»»еЉЎпјљи’™з‰›дЅЋжё©д№іед»»еЉЎе·Іе®Њж€ђпјЊиЋ·еѕ—500й‡‘еёЃ
еЃљд»»еЉЎпјљжµЏи§€ж№ѕд»”з Ѓе¤ґдјље‘йЎµ;з­‰еѕ…е®Њж€ђ
д»»еЉЎе·Іе®Њж€ђпјЊиЋ·еѕ—500й‡‘еёЃ
еЃљд»»еЉЎпјљйЂ›ж­Је¤§йЈџе“Ѓдє¬дёњи‡ЄиђҐж——и€°еє—;з­‰еѕ…е®Њж€ђ
д»»еЉЎе®Њж€ђ
ж‰§иЎЊз¬¬29дёЄеє—й“єд»»еЉЎпјљ ID:1000332823
еЃљд»»еЉЎпјљеЋ»еЉћй“¶иЎЊеЌЎйЂЃPLUSдјље‘;з­‰еѕ…е®Њж€ђ
д»»еЉЎе·Іе®Њж€ђпјЊиЋ·еѕ—500й‡‘еёЃ
еЃљд»»еЉЎпјљеЋ»йў†PLUSи¶…зє§иґ­з‰©еЌЎ;з­‰еѕ…е®Њж€ђ
д»»еЉЎе·Іе®Њж€ђпјЊиЋ·еѕ—500й‡‘еёЃ
еЃљд»»еЉЎпјљеЋ»йЂ›и¶…зє§з™ѕдєїиЎҐиґґдјљењє;з­‰еѕ…е®Њж€ђ
д»»еЉЎе®Њж€ђ
ж‰§иЎЊз¬¬30дёЄеє—й“єд»»еЉЎпјљдјЉе€©з‰›еҐ¶дє¬дёњи‡ЄиђҐж——и€°еє— ID:1000013402
еЃљд»»еЉЎпјљйЂ›дјЉе€©еҐЅеє—;з­‰еѕ…е®Њжж‰§д»»еЉЎе·Іе®Њж€ђпјЊиЋ·еѕ—500й‡‘еёЃ
еЃљд»»еЉЎпјљйЂ›дјЉе€©з‰›еҐ¶и‡ЄиђҐеє—з«‹жЉўеҐЅеҐ¶;з­‰еѕ…е®Њж€ђ
д»»еЉЎе®Њж€ђ
еЃљд»»еЉЎпјљеЋ»йЂ›ж¤ЌйЂ‰дє¬дёњи‡ЄиђҐж——и€°еє—;з­‰еѕ…е®Њж€ђ
д»»еЉЎе·Іе®Њж€ђпјЊиЋ·еѕ—500й‡‘еёЃ
еЃљд»»еЉЎпјљеЋ»йЂ›дјЉе€©з‰›еҐ¶жґ»еЉЁдјљењє;з­‰еѕ…е®Њж€ђ
д»»еЉЎе®Њж€ђ
ж‰§иЎЊз¬¬31дёЄеє—й“єд»»еЉЎпјљ ID:1000004064
еЃљд»»еЉЎпјљеЋ»йЂ›е®ќжґЃеє—й“є;з­‰еѕ…е®Њж€ђ
д»»еЉЎе·Іе®Њж€ђпјЊиЋ·еѕ—500й‡‘еёЃ
еЃљд»»еЉЎпјљеЋ»йЂ›е®ќжґЃе®ж–№ж——и€°еє—;з­‰еѕ…е®Њж€ђ
д»»еЉЎе®Њж€ђ
еЃљд»»еЉЎпјљйЂ›е¤§з‰Њжґ—жЉ¤дјљењє;з­‰еѕ…е®Њж€ђ
д»»еЉЎе·Іе®Њж€ђпјЊиЋ·еѕ—500й‡‘еёЃ
еЃљд»»еЉЎпјљеЋ»йў†е®ќжґЃдјље‘з¦Џе€©е€ёеЊ…;з­‰еѕ…е®Њж€ђ
д»»еЉЎе®Њж€ђ
ж‰§иЎЊз¬¬32дёЄеє—й“єд»»еЉЎпјљOPPOдє¬дёњи‡ЄиђҐе®ж–№ж——и€°еє— ID:1000004065
еЃљд»»еЉЎпјљеЋ»йЂ›йЂ›OPPOи‡ЄиђҐж——и€°еє—;з­‰еѕ…е®Њж€ђ
д»»еЉЎе·Іе®Њж€ђпјЊиЋ·еѕ—500й‡‘еёЃ
еЃљд»»еЉЎпјљжµЏи§€OPPOзњЃй’±ж”»з•ҐйЎµ;з­‰еѕ…е®Њж€ђ
д»»еЉЎе·Іе®Њж€ђпјЊиЋ·еѕ—500й‡‘еёЃ
еЃљд»»еЉЎпјљжµЏи§€е­¦з”џжќѓз›Љжґ»еЉЁйЎµ;з­‰еѕ…е®Њж€ђ
д»»еЉЎе®Њж€ђ
ж‰§иЎЊз¬¬33дёЄеє—й“єд»»еЉЎпјљжќЋе®Ѓе®ж–№ж——и€°еє— ID:58366
еЃљд»»еЉЎпјљеЋ»йЂ›йЂ›жќЋе®Ѓе®ж–№ж——и€°еє—;з­‰еѕ…е®Њж€ђ
д»»еЉЎе·Іе®Њж€ђпјЊиЋ·еѕ—500й‡‘еёЃ
еЃљд»»еЉЎпјљжµЏи§€жќЋе®Ѓжґ»еЉЁдјљењєдє«еҐЅз¤ј;з­‰еѕ…е®Њж€ђ
д»»еЉЎе·Іе®Њж€ђпјЊиЋ·еѕ—500й‡‘еёЃ
еЃљд»»еЉЎпјљеЋ»йЂ›йЂ›жќЋе®Ѓйў„е”®й¦–з§Ђ;з­‰еѕ…е®Њж€ђ
д»»еЉЎе®Њж€ђ
ж‰§иЎЊз¬¬34дёЄеє—й“єд»»еЉЎпјљжµ·е°”дє¬дёњи‡ЄиђҐж——и€°еє— ID:1000001782
еЃљд»»еЉЎпјљйЂ›жµ·е°”и‡ЄиђҐж——и€°еє—;з­‰еѕ…е®Њж€ђ
д»»еЉЎе·Іе®Њж€ђпјЊиЋ·еѕ—500й‡‘еёЃ
ж‰§иЎЊз¬¬35дёЄеє—й“єд»»еЉЎпјљиЂђе…‹пј€NIKEпј‰дє¬дёњи‡ЄиђҐдё“еЊє ID:1000001927
еЃљд»»еЉЎпјљеЋ»йЂ›иЂђе…‹и‡ЄиђҐдё“еЊє;з­‰еѕ…е®Њж€ђ
д»»еЉЎе·Іе®Њж€ђпјЊиЋ·еѕ—500й‡‘еёЃ
еЃљд»»еЉЎпјљеЋ»йЂ›иЂђе…‹е¤Џе­Је“Ѓдјљењє;з­‰еѕ…е®Њж€ђ
д»»еЉЎе·Іе®Њж€ђпјЊиЋ·еѕ—500й‡‘еёЃ
еЃљд»»еЉЎпјљжµЏи§€иЂђе…‹ж–°е“Ѓдјљењє;з­‰еѕ…е®Њж€ђ
д»»еЉЎе®Њж€ђ
ж‰§иЎЊз¬¬36дёЄеє—й“єд»»еЉЎпјљ ID:874707
еЃљд»»еЉЎпјљеЋ»йЂ›з®­з‰ЊеЌ«жµґдє«5жЉдјжѓ ;з­‰еѕ…е®Њж€ђ
д»»еЉЎе·Іе®Њж€ђпјЊиЋ·еѕ—500й‡‘еёЃ
еЃљд»»еЉЎпјљеЋ»йЂ›йЂ›е®¶иЈ…е»єжќђ;з­‰еѕ…е®Њж€ђ
з­‰еѕ…е®Њж€ђ
д»»еЉЎе®Њж€ђ
ж‰§иЎЊз¬¬36дёЄеє—й“єд»»еЉЎпјљ ID:874707
еє—й“єз­ѕе€°
еЃљд»»еЉЎпјљеЋ»йЂ›з®­з‰ЊеЌ«жµґдє«5жЉдјжѓ ;з­‰еѕ…е®Њж€ђ
