Jun 14 00:34:00 
Jun 14 00:34:00 
Jun 14 00:34:00 
Jun 14 00:34:00 
Jun 14 00:34:00 您的cookie选择的是用&隔开
Jun 14 00:34:00 
Jun 14 00:34:00 您的cookie选择的是用&隔开
Jun 14 00:34:00 
Jun 14 00:34:01 {"resultCode":0,"resultMsg":"操作成功","resultData":{"code":"0004","success":true,"info":"不存在的"},"channelEncrypt":0}
Jun 14 00:34:01 {"resultCode":0,"resultMsg":"操作成功","resultData":{"code":"0004","success":true,"info":"不存在的"},"channelEncrypt":0}
Jun 14 00:34:01 {"resultCode":0,"resultMsg":"操作成功","channelEncrypt":0}
Jun 14 00:34:01 正在获取taskID
Jun 14 00:34:01 TypeError: Cannot read property 'taskList' of undefined
Jun 14 00:34:01 [object Object]
Jun 14 00:34:01 正在逐个处理任务
Jun 14 00:34:01 {"resultCode":0,"resultMsg":"操作成功","channelEncrypt":0}
Jun 14 00:34:01 正在获取taskID
Jun 14 00:34:01 TypeError: Cannot read property 'taskList' of undefined
Jun 14 00:34:01 [object Object]
Jun 14 00:34:01 正在逐个处理任务
Jun 14 00:34:01 
Jun 14 00:34:01 
Jun 14 00:34:01 
Jun 14 00:34:01 
Jun 14 00:34:01 {"resultCode":0,"resultMsg":"操作成功","resultData":{"result":{"code":"0000","success":true,"info":"成功"},"ecologicUserInfo":{"scoreLevel":1,"ecologicScore":3578,"scoreType":1,"ecologicType":1,"pin":"lman87","imageUrl":"","studentStatus":4,"userType":2}},"channelEncrypt":0}
Jun 14 00:34:01 
Jun 14 00:34:01 0.425 秒
Jun 14 00:34:01 
Jun 14 00:34:01 {"resultCode":0,"resultMsg":"操作成功","resultData":{"result":{"code":"0000","success":true,"info":"成功"},"ecologicUserInfo":{"scoreLevel":1,"ecologicScore":3578,"scoreType":1,"ecologicType":1,"pin":"lman87","imageUrl":"","studentStatus":4,"userType":2}},"channelEncrypt":0}
Jun 14 00:34:01 
Jun 14 00:34:01 0.445 秒
Jun 14 00:34:01 
Jun 15 00:34:00 
Jun 15 00:34:00 
Jun 15 00:34:00 您的cookie选择的是用&隔开
Jun 15 00:34:00 
Jun 15 00:34:00 
Jun 15 00:34:00 
Jun 15 00:34:00 您的cookie选择的是用&隔开
Jun 15 00:34:00 
Jun 15 00:34:00 {"resultCode":0,"resultMsg":"操作成功","resultData":{"code":"0004","success":true,"info":"不存在的"},"channelEncrypt":0}
Jun 15 00:34:00 {"resultCode":0,"resultMsg":"操作成功","resultData":{"code":"0004","success":true,"info":"不存在的"},"channelEncrypt":0}
Jun 15 00:34:00 {"resultCode":0,"resultMsg":"操作成功","channelEncrypt":0}
Jun 15 00:34:00 正在获取taskID
Jun 15 00:34:00 TypeError: Cannot read property 'taskList' of undefined
Jun 15 00:34:00 [object Object]
Jun 15 00:34:00 正在逐个处理任务
Jun 15 00:34:00 {"resultCode":0,"resultMsg":"操作成功","channelEncrypt":0}
Jun 15 00:34:00 正在获取taskID
Jun 15 00:34:00 TypeError: Cannot read property 'taskList' of undefined
Jun 15 00:34:00 [object Object]
Jun 15 00:34:00 正在逐个处理任务
Jun 15 00:34:00 
Jun 15 00:34:00 
Jun 15 00:34:00 
Jun 15 00:34:00 
Jun 15 00:34:01 {"resultCode":0,"resultMsg":"操作成功","resultData":{"result":{"code":"0000","success":true,"info":"成功"},"ecologicUserInfo":{"scoreLevel":1,"ecologicScore":3578,"scoreType":1,"ecologicType":1,"pin":"lman87","imageUrl":"","studentStatus":4,"userType":2}},"channelEncrypt":0}
Jun 15 00:34:01 
Jun 15 00:34:01 0.428 秒
Jun 15 00:34:01 
Jun 15 00:34:01 {"resultCode":0,"resultMsg":"操作成功","resultData":{"result":{"code":"0000","success":true,"info":"成功"},"ecologicUserInfo":{"scoreLevel":1,"ecologicScore":3578,"scoreType":1,"ecologicType":1,"pin":"lman87","imageUrl":"","studentStatus":4,"userType":2}},"channelEncrypt":0}
Jun 15 00:34:01 
Jun 15 00:34:01 0.445 秒
Jun 15 00:34:01 
