Jun 14 11:50:00 
Jun 14 11:50:00 🔔618主会场红包雨, 开始!
Jun 14 11:50:00 您的cookie选择的是用&隔开
Jun 14 11:50:00 
Jun 14 11:50:00 
Jun 14 11:50:00 ====================共有2个京东账号Cookie=========
Jun 14 11:50:00 
Jun 14 11:50:00 
Jun 14 11:50:00 🔔618主会场红包雨, 开始!
Jun 14 11:50:00 您的cookie选择的是用&隔开
Jun 14 11:50:00 
Jun 14 11:50:00 
Jun 14 11:50:00 ====================共有2个京东账号Cookie=========
Jun 14 11:50:00 
Jun 14 11:50:01 ==================脚本执行- 北京时间(UTC+8)：6/14/2021, 11:50:00 AM=====================
Jun 14 11:50:01 
Jun 14 11:50:01 
Jun 14 11:50:01 ==============📣系统通知📣==============
Jun 14 11:50:01 618主会场红包雨
Jun 14 11:50:01 不在活动时间范围内(20点-21点)
Jun 14 11:50:01 不在活动时间范围内(20点-21点)
Jun 14 11:50:01 ==================脚本执行- 北京时间(UTC+8)：6/14/2021, 11:50:00 AM=====================
Jun 14 11:50:01 
Jun 14 11:50:01 
Jun 14 11:50:01 ==============📣系统通知📣==============
Jun 14 11:50:01 618主会场红包雨
Jun 14 11:50:01 不在活动时间范围内(20点-21点)
Jun 14 11:50:01 不在活动时间范围内(20点-21点)
Jun 14 11:50:01 
Jun 14 11:50:01 ******开始【京东账号1】lman87*********
Jun 14 11:50:01 
Jun 14 11:50:01 
Jun 14 11:50:01 ******开始【京东账号1】lman87*********
Jun 14 11:50:01 
Jun 14 11:50:01 异常：{"bizCode":-1004,"bizMsg":"不在活动时间范围内","success":false}
Jun 14 11:50:01 异常：{"bizCode":-1004,"bizMsg":"不在活动时间范围内","success":false}
Jun 14 11:50:01 
Jun 14 11:50:01 ******开始【京东账号2】jd_rkylFaEIkvBL*********
Jun 14 11:50:01 
Jun 14 11:50:01 
Jun 14 11:50:01 ******开始【京东账号2】jd_rkylFaEIkvBL*********
Jun 14 11:50:01 
Jun 14 11:50:01 异常：{"bizCode":-1004,"bizMsg":"不在活动时间范围内","success":false}
Jun 14 11:50:01 
Jun 14 11:50:01 🔔618主会场红包雨, 结束! 🕛 0.385 秒
Jun 14 11:50:01 
Jun 14 11:50:01 异常：{"bizCode":-1004,"bizMsg":"不在活动时间范围内","success":false}
Jun 14 11:50:01 
Jun 14 11:50:01 🔔618主会场红包雨, 结束! 🕛 0.384 秒
Jun 14 11:50:01 
Jun 15 11:50:00 
Jun 15 11:50:00 🔔618主会场红包雨, 开始!
Jun 15 11:50:00 
Jun 15 11:50:00 🔔618主会场红包雨, 开始!
Jun 15 11:50:00 您的cookie选择的是用&隔开
Jun 15 11:50:00 
Jun 15 11:50:00 
Jun 15 11:50:00 ====================共有2个京东账号Cookie=========
Jun 15 11:50:00 
Jun 15 11:50:00 您的cookie选择的是用&隔开
Jun 15 11:50:00 
Jun 15 11:50:00 
Jun 15 11:50:00 ====================共有2个京东账号Cookie=========
Jun 15 11:50:00 
Jun 15 11:50:00 ==================脚本执行- 北京时间(UTC+8)：6/15/2021, 11:50:00 AM=====================
Jun 15 11:50:00 
Jun 15 11:50:00 
Jun 15 11:50:00 ==============📣系统通知📣==============
Jun 15 11:50:00 618主会场红包雨
Jun 15 11:50:00 不在活动时间范围内(20点-21点)
Jun 15 11:50:00 不在活动时间范围内(20点-21点)
Jun 15 11:50:00 ==================脚本执行- 北京时间(UTC+8)：6/15/2021, 11:50:00 AM=====================
Jun 15 11:50:00 
Jun 15 11:50:00 
Jun 15 11:50:00 ==============📣系统通知📣==============
Jun 15 11:50:00 618主会场红包雨
Jun 15 11:50:00 不在活动时间范围内(20点-21点)
Jun 15 11:50:00 不在活动时间范围内(20点-21点)
Jun 15 11:50:00 
Jun 15 11:50:00 ******开始【京东账号1】lman87*********
Jun 15 11:50:00 
Jun 15 11:50:00 
Jun 15 11:50:00 ******开始【京东账号1】lman87*********
Jun 15 11:50:00 
Jun 15 11:50:00 异常：{"bizCode":-1004,"bizMsg":"不在活动时间范围内","success":false}
Jun 15 11:50:00 异常：{"bizCode":-1004,"bizMsg":"不在活动时间范围内","success":false}
Jun 15 11:50:00 
Jun 15 11:50:00 ******开始【京东账号2】jd_rkylFaEIkvBL*********
Jun 15 11:50:00 
Jun 15 11:50:00 
Jun 15 11:50:00 ******开始【京东账号2】jd_rkylFaEIkvBL*********
Jun 15 11:50:00 
Jun 15 11:50:00 异常：{"bizCode":-1004,"bizMsg":"不在活动时间范围内","success":false}
Jun 15 11:50:00 
Jun 15 11:50:00 🔔618主会场红包雨, 结束! 🕛 0.37 秒
Jun 15 11:50:00 
Jun 15 11:50:00 异常：{"bizCode":-1004,"bizMsg":"不在活动时间范围内","success":false}
Jun 15 11:50:00 
Jun 15 11:50:00 🔔618主会场红包雨, 结束! 🕛 0.403 秒
Jun 15 11:50:00 
