Jun 14 01:25:00 
Jun 14 01:25:00 🔔赢一加新品手机, 开始!
Jun 14 01:25:00 您的cookie选择的是用&隔开
Jun 14 01:25:00 
Jun 14 01:25:00 
Jun 14 01:25:00 ====================共有2个京东账号Cookie=========
Jun 14 01:25:00 
Jun 14 01:25:00 
Jun 14 01:25:00 🔔赢一加新品手机, 开始!
Jun 14 01:25:00 您的cookie选择的是用&隔开
Jun 14 01:25:00 
Jun 14 01:25:00 
Jun 14 01:25:00 ====================共有2个京东账号Cookie=========
Jun 14 01:25:00 
Jun 14 01:25:00Jun 14 01:25:00 ==================脚本执行- 北京时间(UTC+8)：6/14/2021, 1:25:00 AM=====================
 ==================脚本执行- 北京时间(UTC+8)：6/14/2021, 1:25:00 AM=====================
Jun 14 01:25:00Jun 14 01:25:00 
 
Jun 14 01:25:00 
Jun 14 01:25:00 ******开始【京东账号1】诺咪兔*********
Jun 14 01:25:00 
Jun 14 01:25:00 
Jun 14 01:25:00 ******开始【京东账号1】诺咪兔*********
Jun 14 01:25:00 
Jun 14 01:25:01 你好，诺咪兔
Jun 14 01:25:01 上报访问信息，常规回复显示‘未能成功获取到数据’
Jun 14 01:25:01 未能成功获取到数据
Jun 14 01:25:01 你好，诺咪兔
Jun 14 01:25:01 上报访问信息，常规回复显示‘未能成功获取到数据’
Jun 14 01:25:01 未能成功获取到数据
Jun 14 01:25:01 f611209e8f7c4e1ca2bf51306601d258
Jun 14 01:25:01 
Jun 14 01:25:01 开启活动：赢一加新品手机
Jun 14 01:25:01 -------------------------
Jun 14 01:25:01 
Jun 14 01:25:01  -当前账户总加油值：2320
Jun 14 01:25:01  -当前账户可用加油值：170
Jun 14 01:25:01  -活动总加油值：134744790
Jun 14 01:25:01 
Jun 14 01:25:01 f611209e8f7c4e1ca2bf51306601d258
Jun 14 01:25:01 
Jun 14 01:25:01 开启活动：赢一加新品手机
Jun 14 01:25:01 -------------------------
Jun 14 01:25:01 
Jun 14 01:25:01  -当前账户总加油值：2320
Jun 14 01:25:01  -当前账户可用加油值：170
Jun 14 01:25:01  -活动总加油值：134744790
Jun 14 01:25:01 
Jun 14 01:25:03 已完成今日关注店铺任务
Jun 14 01:25:03 已完成今日关注店铺任务
Jun 14 01:25:05 
Jun 14 01:25:05 去浏览 ->> 一加 9手机
Jun 14 01:25:05 
Jun 14 01:25:05 去浏览 ->> 一加 9手机
Jun 14 01:25:05  -完成任务，获得10加油值
Jun 14 01:25:05 {"result":false,"data":"","count":0,"errorMessage":"任务已完成！"}
Jun 14 01:25:07 
Jun 14 01:25:07 去浏览 ->> 一加 9 Pro手机
Jun 14 01:25:07 
Jun 14 01:25:07 去浏览 ->> 一加 9 Pro手机
Jun 14 01:25:08  -完成任务，获得10加油值
Jun 14 01:25:08 {"result":false,"data":"","count":0,"errorMessage":"任务已完成！"}
Jun 14 01:25:10 
Jun 14 01:25:10 去浏览 ->> 一加 9R手机
Jun 14 01:25:10 
Jun 14 01:25:10 去浏览 ->> 一加 9R手机
Jun 14 01:25:10  -完成任务，获得10加油值
Jun 14 01:25:10 {"result":false,"data":"","count":0,"errorMessage":"任务已完成！"}
Jun 14 01:25:12 
Jun 14 01:25:12 去浏览 ->> 一加手表
Jun 14 01:25:12 
Jun 14 01:25:12 去浏览 ->> 一加手表
Jun 14 01:25:12  -完成任务，获得10加油值
Jun 14 01:25:12 {"result":false,"data":"","count":0,"errorMessage":"任务已完成！"}
Jun 14 01:25:14 
Jun 14 01:25:14 去浏览 ->> 一加 8T手机
Jun 14 01:25:14 
Jun 14 01:25:14 去浏览 ->> 一加 8T手机
Jun 14 01:25:14  -完成任务，获得10加油值
Jun 14 01:25:14 {"result":false,"data":"","count":0,"errorMessage":"任务已完成！"}
Jun 14 01:25:16 
Jun 14 01:25:16 去浏览 ->> 一加 8手机
Jun 14 01:25:16 
Jun 14 01:25:16 去浏览 ->> 一加 8手机
Jun 14 01:25:16  -完成任务，获得10加油值
Jun 14 01:25:16 {"result":false,"data":"","count":0,"errorMessage":"任务已完成！"}
Jun 14 01:25:18 
Jun 14 01:25:18 去浏览 ->> 一加 8 Pro手机
Jun 14 01:25:18 
Jun 14 01:25:18 去浏览 ->> 一加 8 Pro手机
Jun 14 01:25:18  -完成任务，获得10加油值
Jun 14 01:25:19 {"result":false,"data":"","count":0,"errorMessage":"任务已完成！"}
Jun 14 01:25:21 
Jun 14 01:25:21 去浏览 ->> 一加9R攻略页
Jun 14 01:25:21 
Jun 14 01:25:21 去浏览 ->> 一加9R攻略页
Jun 14 01:25:21  -完成任务，获得20加油值
Jun 14 01:25:21 {"result":false,"data":"","count":0,"errorMessage":"任务已完成！"}
Jun 14 01:25:23 
Jun 14 01:25:23 去浏览 ->> 一加9攻略页
Jun 14 01:25:23 
Jun 14 01:25:23 去浏览 ->> 一加9攻略页
Jun 14 01:25:23  -完成任务，获得20加油值
Jun 14 01:25:23 {"result":false,"data":"","count":0,"errorMessage":"任务已完成！"}
Jun 14 01:25:25 
Jun 14 01:25:25 去浏览 ->> 一加会员页
Jun 14 01:25:25 
Jun 14 01:25:25 去浏览 ->> 一加会员页
Jun 14 01:25:25  -完成任务，获得20加油值
Jun 14 01:25:25 {"result":false,"data":"","count":0,"errorMessage":"任务已完成！"}
Jun 14 01:25:27 
Jun 14 01:25:27 去浏览 ->> 一加主活动页
Jun 14 01:25:27 
Jun 14 01:25:27 去浏览 ->> 一加主活动页
Jun 14 01:25:27  -完成任务，获得20加油值
Jun 14 01:25:27 {"result":false,"data":"","count":0,"errorMessage":"任务已完成！"}
Jun 14 01:25:29 根据用户设定，不执行加购任务
Jun 14 01:25:29 上报访问信息，常规回复显示‘未能成功获取到数据’
Jun 14 01:25:29 根据用户设定，不执行加购任务
Jun 14 01:25:29 上报访问信息，常规回复显示‘未能成功获取到数据’
Jun 14 01:25:30 未能成功获取到数据
Jun 14 01:25:30 未能成功获取到数据
Jun 14 01:25:30 
Jun 14 01:25:30  -当前账户总加油值：2470
Jun 14 01:25:30  -当前账户可用加油值：320
Jun 14 01:25:30  -活动总加油值：134746190
Jun 14 01:25:30 
Jun 14 01:25:30 当前可抽奖次数:6
Jun 14 01:25:30 去抽奖
Jun 14 01:25:30 
Jun 14 01:25:30  -当前账户总加油值：2470
Jun 14 01:25:30  -当前账户可用加油值：320
Jun 14 01:25:30  -活动总加油值：134746190
Jun 14 01:25:30 
Jun 14 01:25:30 当前可抽奖次数:6
Jun 14 01:25:30 去抽奖
Jun 14 01:25:30   -啥都没抽到
Jun 14 01:25:30   -啥都没抽到
Jun 14 01:25:32 去抽奖
Jun 14 01:25:32 去抽奖
Jun 14 01:25:32   -啥都没抽到
Jun 14 01:25:32   -啥都没抽到
Jun 14 01:25:34 去抽奖
Jun 14 01:25:34 去抽奖
Jun 14 01:25:34   -啥都没抽到
Jun 14 01:25:35   -啥都没抽到
Jun 14 01:25:36 去抽奖
Jun 14 01:25:36 {"result":false,"data":"","count":0,"errorMessage":"积极做任务，获得加油值哦~"}
Jun 14 01:25:37 去抽奖
Jun 14 01:25:37 {"result":false,"data":"","count":0,"errorMessage":"积极做任务，获得加油值哦~"}
Jun 14 01:25:38 去抽奖
Jun 14 01:25:39 {"result":false,"data":"","count":0,"errorMessage":"积极做任务，获得加油值哦~"}
Jun 14 01:25:39 去抽奖
Jun 14 01:25:39 {"result":false,"data":"","count":0,"errorMessage":"积极做任务，获得加油值哦~"}
Jun 14 01:25:41 去抽奖
Jun 14 01:25:41 {"result":false,"data":"","count":0,"errorMessage":"积极做任务，获得加油值哦~"}
Jun 14 01:25:41 去抽奖
Jun 14 01:25:41 {"result":false,"data":"","count":0,"errorMessage":"积极做任务，获得加油值哦~"}
Jun 14 01:25:43 
Jun 14 01:25:43 ******开始【京东账号2】jd_152055zny*********
Jun 14 01:25:43 
Jun 14 01:25:43 
Jun 14 01:25:43 ******开始【京东账号2】jd_152055zny*********
Jun 14 01:25:43 
Jun 14 01:25:43 你好，jd_152055zny
Jun 14 01:25:43 上报访问信息，常规回复显示‘未能成功获取到数据’
Jun 14 01:25:43 未能成功获取到数据
Jun 14 01:25:43 你好，jd_152055zny
Jun 14 01:25:43 上报访问信息，常规回复显示‘未能成功获取到数据’
Jun 14 01:25:43 未能成功获取到数据
Jun 14 01:25:43 eee2b967b01445f58f9836f0d314ac62
Jun 14 01:25:43 
Jun 14 01:25:43 开启活动：赢一加新品手机
Jun 14 01:25:43 -------------------------
Jun 14 01:25:43 
Jun 14 01:25:43  -当前账户总加油值：2470
Jun 14 01:25:43  -当前账户可用加油值：20
Jun 14 01:25:43  -活动总加油值：134746520
Jun 14 01:25:43 
Jun 14 01:25:44 eee2b967b01445f58f9836f0d314ac62
Jun 14 01:25:44 
Jun 14 01:25:44 开启活动：赢一加新品手机
Jun 14 01:25:44 -------------------------
Jun 14 01:25:44 
Jun 14 01:25:44  -当前账户总加油值：2470
Jun 14 01:25:44  -当前账户可用加油值：20
Jun 14 01:25:44  -活动总加油值：134746570
Jun 14 01:25:44 
Jun 14 01:25:45 已完成今日关注店铺任务
Jun 14 01:25:46 已完成今日关注店铺任务
Jun 14 01:25:48 
Jun 14 01:25:48 去浏览 ->> 一加 9手机
Jun 14 01:25:48  -完成任务，获得10加油值
Jun 14 01:25:48 
Jun 14 01:25:48 去浏览 ->> 一加 9手机
Jun 14 01:25:48 {"result":false,"data":"","count":0,"errorMessage":"任务已完成！"}
Jun 14 01:25:50 
Jun 14 01:25:50 去浏览 ->> 一加 9 Pro手机
Jun 14 01:25:50  -完成任务，获得10加油值
Jun 14 01:25:50 
Jun 14 01:25:50 去浏览 ->> 一加 9 Pro手机
Jun 14 01:25:50 {"result":false,"data":"","count":0,"errorMessage":"任务已完成！"}
Jun 14 01:25:52 
Jun 14 01:25:52 去浏览 ->> 一加 9R手机
Jun 14 01:25:52  -完成任务，获得10加油值
Jun 14 01:25:52 
Jun 14 01:25:52 去浏览 ->> 一加 9R手机
Jun 14 01:25:52 {"result":false,"data":"","count":0,"errorMessage":"任务已完成！"}
Jun 14 01:25:54 
Jun 14 01:25:54 去浏览 ->> 一加手表
Jun 14 01:25:54  -完成任务，获得10加油值
Jun 14 01:25:54 
Jun 14 01:25:54 去浏览 ->> 一加手表
Jun 14 01:25:54 {"result":false,"data":"","count":0,"errorMessage":"任务已完成！"}
Jun 14 01:25:56 
Jun 14 01:25:56 去浏览 ->> 一加 8T手机
Jun 14 01:25:56 
Jun 14 01:25:56 去浏览 ->> 一加 8T手机
Jun 14 01:25:56  -完成任务，获得10加油值
Jun 14 01:25:56 {"result":false,"data":"","count":0,"errorMessage":"任务已完成！"}
Jun 14 01:25:58 
Jun 14 01:25:58 去浏览 ->> 一加 8手机
Jun 14 01:25:59 
Jun 14 01:25:59 去浏览 ->> 一加 8手机
Jun 14 01:25:59  -完成任务，获得10加油值
Jun 14 01:25:59 {"result":false,"data":"","count":0,"errorMessage":"任务已完成！"}
Jun 14 01:26:01 
Jun 14 01:26:01 去浏览 ->> 一加 8 Pro手机
Jun 14 01:26:01 
Jun 14 01:26:01 去浏览 ->> 一加 8 Pro手机
Jun 14 01:26:01  -完成任务，获得10加油值
Jun 14 01:26:01 {"result":false,"data":"","count":0,"errorMessage":"任务已完成！"}
Jun 14 01:26:03 
Jun 14 01:26:03 去浏览 ->> 一加9R攻略页
Jun 14 01:26:03 
Jun 14 01:26:03 去浏览 ->> 一加9R攻略页
Jun 14 01:26:03  -完成任务，获得20加油值
Jun 14 01:26:03 {"result":false,"data":"","count":0,"errorMessage":"任务已完成！"}
Jun 14 01:26:05 
Jun 14 01:26:05 去浏览 ->> 一加9攻略页
Jun 14 01:26:05 
Jun 14 01:26:05 去浏览 ->> 一加9攻略页
Jun 14 01:26:05  -完成任务，获得20加油值
Jun 14 01:26:05 {"result":false,"data":"","count":0,"errorMessage":"任务已完成！"}
Jun 14 01:26:07 
Jun 14 01:26:07 去浏览 ->> 一加会员页
Jun 14 01:26:07 
Jun 14 01:26:07 去浏览 ->> 一加会员页
Jun 14 01:26:07  -完成任务，获得20加油值
Jun 14 01:26:07 {"result":false,"data":"","count":0,"errorMessage":"任务已完成！"}
Jun 14 01:26:09 
Jun 14 01:26:09 去浏览 ->> 一加主活动页
Jun 14 01:26:09  -完成任务，获得20加油值
Jun 14 01:26:09 
Jun 14 01:26:09 去浏览 ->> 一加主活动页
Jun 14 01:26:09 {"result":false,"data":"","count":0,"errorMessage":"任务已完成！"}
Jun 14 01:26:11 根据用户设定，不执行加购任务
Jun 14 01:26:11 上报访问信息，常规回复显示‘未能成功获取到数据’
Jun 14 01:26:11 根据用户设定，不执行加购任务
Jun 14 01:26:11 上报访问信息，常规回复显示‘未能成功获取到数据’
Jun 14 01:26:12 未能成功获取到数据
Jun 14 01:26:12 未能成功获取到数据
Jun 14 01:26:12 
Jun 14 01:26:12  -当前账户总加油值：2620
Jun 14 01:26:12  -当前账户可用加油值：170
Jun 14 01:26:12  -活动总加油值：134748100
Jun 14 01:26:12 
Jun 14 01:26:12 当前可抽奖次数:3
Jun 14 01:26:12 去抽奖
Jun 14 01:26:12 
Jun 14 01:26:12  -当前账户总加油值：2620
Jun 14 01:26:12  -当前账户可用加油值：170
Jun 14 01:26:12  -活动总加油值：134748100
Jun 14 01:26:12 
Jun 14 01:26:12 当前可抽奖次数:3
Jun 14 01:26:12 去抽奖
Jun 14 01:26:12   -啥都没抽到
Jun 14 01:26:12   -啥都没抽到
Jun 14 01:26:14 去抽奖
Jun 14 01:26:14 去抽奖
Jun 14 01:26:15   -啥都没抽到
Jun 14 01:26:15 {"result":false,"data":"","count":0,"errorMessage":"积极做任务，获得加油值哦~"}
Jun 14 01:26:17 去抽奖
Jun 14 01:26:17 去抽奖
Jun 14 01:26:17 {"result":false,"data":"","count":0,"errorMessage":"积极做任务，获得加油值哦~"}
Jun 14 01:26:17 {"result":false,"data":"","count":0,"errorMessage":"积极做任务，获得加油值哦~"}
Jun 14 01:26:19 
Jun 14 01:26:19 🔔赢一加新品手机, 结束! 🕛 78.454 秒
Jun 14 01:26:19 
Jun 14 01:26:19 
Jun 14 01:26:19 🔔赢一加新品手机, 结束! 🕛 78.482 秒
Jun 14 01:26:19 
Jun 15 01:25:00 
Jun 15 01:25:00 🔔赢一加新品手机, 开始!
Jun 15 01:25:00 您的cookie选择的是用&隔开
Jun 15 01:25:00 
Jun 15 01:25:00 
Jun 15 01:25:00 ====================共有2个京东账号Cookie=========
Jun 15 01:25:00 
Jun 15 01:25:00 
Jun 15 01:25:00 🔔赢一加新品手机, 开始!
Jun 15 01:25:00 您的cookie选择的是用&隔开
Jun 15 01:25:00 
Jun 15 01:25:00 
Jun 15 01:25:00 ====================共有2个京东账号Cookie=========
Jun 15 01:25:00 
Jun 15 01:25:00 ==================脚本执行- 北京时间(UTC+8)：6/15/2021, 1:25:00 AM=====================
Jun 15 01:25:00 
Jun 15 01:25:00 ==================脚本执行- 北京时间(UTC+8)：6/15/2021, 1:25:00 AM=====================
Jun 15 01:25:00 
Jun 15 01:25:00 
Jun 15 01:25:00 ******开始【京东账号1】诺咪兔*********
Jun 15 01:25:00 
Jun 15 01:25:00 
Jun 15 01:25:00 ******开始【京东账号1】诺咪兔*********
Jun 15 01:25:00 
Jun 15 01:25:01 你好，诺咪兔
Jun 15 01:25:01 上报访问信息，常规回复显示‘未能成功获取到数据’
Jun 15 01:25:01 你好，诺咪兔
Jun 15 01:25:01 上报访问信息，常规回复显示‘未能成功获取到数据’
Jun 15 01:25:01 未能成功获取到数据
Jun 15 01:25:01 未能成功获取到数据
Jun 15 01:25:01 f611209e8f7c4e1ca2bf51306601d258
Jun 15 01:25:01 
Jun 15 01:25:01 开启活动：赢一加新品手机
Jun 15 01:25:01 -------------------------
Jun 15 01:25:01 
Jun 15 01:25:01  -当前账户总加油值：2470
Jun 15 01:25:01  -当前账户可用加油值：20
Jun 15 01:25:01  -活动总加油值：139791900
Jun 15 01:25:01 
Jun 15 01:25:01 f611209e8f7c4e1ca2bf51306601d258
Jun 15 01:25:01 
Jun 15 01:25:01 开启活动：赢一加新品手机
Jun 15 01:25:01 -------------------------
Jun 15 01:25:01 
Jun 15 01:25:01  -当前账户总加油值：2470
Jun 15 01:25:01  -当前账户可用加油值：20
Jun 15 01:25:01  -活动总加油值：139791900
Jun 15 01:25:01 
Jun 15 01:25:03 已完成今日关注店铺任务
Jun 15 01:25:03 已完成今日关注店铺任务
Jun 15 01:25:05 
Jun 15 01:25:05 去浏览 ->> 一加 9手机
Jun 15 01:25:05 
Jun 15 01:25:05 去浏览 ->> 一加 9手机
Jun 15 01:25:05  -完成任务，获得10加油值
Jun 15 01:25:05 {"result":false,"data":"","count":0,"errorMessage":"任务已完成！"}
Jun 15 01:25:07 
Jun 15 01:25:07 去浏览 ->> 一加 9 Pro手机
Jun 15 01:25:07  -完成任务，获得10加油值
Jun 15 01:25:07 
Jun 15 01:25:07 去浏览 ->> 一加 9 Pro手机
Jun 15 01:25:07 {"result":false,"data":"","count":0,"errorMessage":"任务已完成！"}
Jun 15 01:25:09 
Jun 15 01:25:09 去浏览 ->> 一加 9R手机
Jun 15 01:25:09  -完成任务，获得10加油值
Jun 15 01:25:09 
Jun 15 01:25:09 去浏览 ->> 一加 9R手机
Jun 15 01:25:09 {"result":false,"data":"","count":0,"errorMessage":"任务已完成！"}
Jun 15 01:25:11 
Jun 15 01:25:11 去浏览 ->> 一加手表
Jun 15 01:25:11  -完成任务，获得10加油值
Jun 15 01:25:12 
Jun 15 01:25:12 去浏览 ->> 一加手表
Jun 15 01:25:12 {"result":false,"data":"","count":0,"errorMessage":"任务已完成！"}
Jun 15 01:25:14 
Jun 15 01:25:14 去浏览 ->> 一加 8T手机
Jun 15 01:25:14 
Jun 15 01:25:14 去浏览 ->> 一加 8T手机
Jun 15 01:25:14  -完成任务，获得10加油值
Jun 15 01:25:14 {"result":false,"data":"","count":0,"errorMessage":"任务已完成！"}
Jun 15 01:25:16 
Jun 15 01:25:16 去浏览 ->> 一加 8手机
Jun 15 01:25:16 
Jun 15 01:25:16 去浏览 ->> 一加 8手机
Jun 15 01:25:16  -完成任务，获得10加油值
Jun 15 01:25:16 {"result":false,"data":"","count":0,"errorMessage":"任务已完成！"}
Jun 15 01:25:18 
Jun 15 01:25:18 去浏览 ->> 一加 8 Pro手机
Jun 15 01:25:18 
Jun 15 01:25:18 去浏览 ->> 一加 8 Pro手机
Jun 15 01:25:18  -完成任务，获得10加油值
Jun 15 01:25:18 {"result":false,"data":"","count":0,"errorMessage":"任务已完成！"}
Jun 15 01:25:20 
Jun 15 01:25:20 去浏览 ->> 一加9R攻略页
Jun 15 01:25:20 
Jun 15 01:25:20 去浏览 ->> 一加9R攻略页
Jun 15 01:25:20  -完成任务，获得20加油值
Jun 15 01:25:20 {"result":false,"data":"","count":0,"errorMessage":"任务已完成！"}
Jun 15 01:25:22 
Jun 15 01:25:22 去浏览 ->> 一加9攻略页
Jun 15 01:25:22 
Jun 15 01:25:22 去浏览 ->> 一加9攻略页
Jun 15 01:25:22  -完成任务，获得20加油值
Jun 15 01:25:22 {"result":false,"data":"","count":0,"errorMessage":"任务已完成！"}
Jun 15 01:25:24 
Jun 15 01:25:24 去浏览 ->> 一加会员页
Jun 15 01:25:24  -完成任务，获得20加油值
Jun 15 01:25:24 
Jun 15 01:25:24 去浏览 ->> 一加会员页
Jun 15 01:25:25 {"result":false,"data":"","count":0,"errorMessage":"任务已完成！"}
Jun 15 01:25:26 
Jun 15 01:25:26 去浏览 ->> 一加主活动页
Jun 15 01:25:27 
Jun 15 01:25:27 去浏览 ->> 一加主活动页
Jun 15 01:25:27  -完成任务，获得20加油值
Jun 15 01:25:27 {"result":false,"data":"","count":0,"errorMessage":"任务已完成！"}
Jun 15 01:25:29 根据用户设定，不执行加购任务
Jun 15 01:25:29 上报访问信息，常规回复显示‘未能成功获取到数据’
Jun 15 01:25:29 根据用户设定，不执行加购任务
Jun 15 01:25:29 上报访问信息，常规回复显示‘未能成功获取到数据’
Jun 15 01:25:29 未能成功获取到数据
Jun 15 01:25:29 未能成功获取到数据
Jun 15 01:25:29 
Jun 15 01:25:29  -当前账户总加油值：2620
Jun 15 01:25:29  -当前账户可用加油值：170
Jun 15 01:25:29  -活动总加油值：139793110
Jun 15 01:25:29 
Jun 15 01:25:29 当前可抽奖次数:3
Jun 15 01:25:29 去抽奖
Jun 15 01:25:29   -啥都没抽到
Jun 15 01:25:29 
Jun 15 01:25:29  -当前账户总加油值：2620
Jun 15 01:25:29  -当前账户可用加油值：170
Jun 15 01:25:29  -活动总加油值：139793110
Jun 15 01:25:29 
Jun 15 01:25:29 当前可抽奖次数:3
Jun 15 01:25:29 去抽奖
Jun 15 01:25:30   -啥都没抽到
Jun 15 01:25:31 去抽奖
Jun 15 01:25:32 去抽奖
Jun 15 01:25:32   -啥都没抽到
Jun 15 01:25:32 {"result":false,"data":"","count":0,"errorMessage":"积极做任务，获得加油值哦~"}
Jun 15 01:25:34 去抽奖
Jun 15 01:25:34 去抽奖
Jun 15 01:25:34 {"result":false,"data":"","count":0,"errorMessage":"积极做任务，获得加油值哦~"}
Jun 15 01:25:34 {"result":false,"data":"","count":0,"errorMessage":"积极做任务，获得加油值哦~"}
Jun 15 01:25:36 
Jun 15 01:25:36 ******开始【京东账号2】jd_152055zny*********
Jun 15 01:25:36 
Jun 15 01:25:36 
Jun 15 01:25:36 ******开始【京东账号2】jd_152055zny*********
Jun 15 01:25:36 
Jun 15 01:25:36 你好，jd_152055zny
Jun 15 01:25:36 上报访问信息，常规回复显示‘未能成功获取到数据’
Jun 15 01:25:36 未能成功获取到数据
Jun 15 01:25:36 你好，jd_152055zny
Jun 15 01:25:36 上报访问信息，常规回复显示‘未能成功获取到数据’
Jun 15 01:25:36 未能成功获取到数据
Jun 15 01:25:36 eee2b967b01445f58f9836f0d314ac62
Jun 15 01:25:36 
Jun 15 01:25:36 开启活动：赢一加新品手机
Jun 15 01:25:36 -------------------------
Jun 15 01:25:36 
Jun 15 01:25:36  -当前账户总加油值：2620
Jun 15 01:25:36  -当前账户可用加油值：20
Jun 15 01:25:36  -活动总加油值：139793420
Jun 15 01:25:36 
Jun 15 01:25:36 eee2b967b01445f58f9836f0d314ac62
Jun 15 01:25:36 
Jun 15 01:25:36 开启活动：赢一加新品手机
Jun 15 01:25:36 -------------------------
Jun 15 01:25:36 
Jun 15 01:25:36  -当前账户总加油值：2620
Jun 15 01:25:36  -当前账户可用加油值：20
Jun 15 01:25:36  -活动总加油值：139793420
Jun 15 01:25:36 
Jun 15 01:25:38 已完成今日关注店铺任务
Jun 15 01:25:38 已完成今日关注店铺任务
Jun 15 01:25:40 
Jun 15 01:25:40 去浏览 ->> 一加 9手机
Jun 15 01:25:40 
Jun 15 01:25:40 去浏览 ->> 一加 9手机
Jun 15 01:25:41  -完成任务，获得10加油值
Jun 15 01:25:41 {"result":false,"data":"","count":0,"errorMessage":"任务已完成！"}
Jun 15 01:25:43 
Jun 15 01:25:43 去浏览 ->> 一加 9 Pro手机
Jun 15 01:25:43 
Jun 15 01:25:43 去浏览 ->> 一加 9 Pro手机
Jun 15 01:25:43  -完成任务，获得10加油值
Jun 15 01:25:43 {"result":false,"data":"","count":0,"errorMessage":"任务已完成！"}
Jun 15 01:25:45 
Jun 15 01:25:45 去浏览 ->> 一加 9R手机
Jun 15 01:25:45 
Jun 15 01:25:45 去浏览 ->> 一加 9R手机
Jun 15 01:25:45  -完成任务，获得10加油值
Jun 15 01:25:45 {"result":false,"data":"","count":0,"errorMessage":"任务已完成！"}
Jun 15 01:25:47 
Jun 15 01:25:47 去浏览 ->> 一加手表
Jun 15 01:25:47 
Jun 15 01:25:47 去浏览 ->> 一加手表
Jun 15 01:25:47  -完成任务，获得10加油值
Jun 15 01:25:47 {"result":false,"data":"","count":0,"errorMessage":"任务已完成！"}
Jun 15 01:25:49 
Jun 15 01:25:49 去浏览 ->> 一加 8T手机
Jun 15 01:25:49 
Jun 15 01:25:49 去浏览 ->> 一加 8T手机
Jun 15 01:25:49  -完成任务，获得10加油值
Jun 15 01:25:49 {"result":false,"data":"","count":0,"errorMessage":"任务已完成！"}
Jun 15 01:25:51 
Jun 15 01:25:51 去浏览 ->> 一加 8手机
Jun 15 01:25:51 
Jun 15 01:25:51 去浏览 ->> 一加 8手机
Jun 15 01:25:51  -完成任务，获得10加油值
Jun 15 01:25:51 {"result":false,"data":"","count":0,"errorMessage":"任务已完成！"}
Jun 15 01:25:53 
Jun 15 01:25:53 去浏览 ->> 一加 8 Pro手机
Jun 15 01:25:53 
Jun 15 01:25:53 去浏览 ->> 一加 8 Pro手机
Jun 15 01:25:54  -完成任务，获得10加油值
Jun 15 01:25:54 {"result":false,"data":"","count":0,"errorMessage":"任务已完成！"}
Jun 15 01:25:56 
Jun 15 01:25:56 去浏览 ->> 一加9R攻略页
Jun 15 01:25:56 
Jun 15 01:25:56 去浏览 ->> 一加9R攻略页
Jun 15 01:25:56  -完成任务，获得20加油值
Jun 15 01:25:56 {"result":false,"data":"","count":0,"errorMessage":"任务已完成！"}
Jun 15 01:25:58 
Jun 15 01:25:58 去浏览 ->> 一加9攻略页
Jun 15 01:25:58 
Jun 15 01:25:58 去浏览 ->> 一加9攻略页
Jun 15 01:25:58  -完成任务，获得20加油值
Jun 15 01:25:58 {"result":false,"data":"","count":0,"errorMessage":"任务已完成！"}
Jun 15 01:26:00 
Jun 15 01:26:00 去浏览 ->> 一加会员页
Jun 15 01:26:00 
Jun 15 01:26:00 去浏览 ->> 一加会员页
Jun 15 01:26:00  -完成任务，获得20加油值
Jun 15 01:26:00 {"result":false,"data":"","count":0,"errorMessage":"任务已完成！"}
Jun 15 01:26:02 
Jun 15 01:26:02 去浏览 ->> 一加主活动页
Jun 15 01:26:02 
Jun 15 01:26:02 去浏览 ->> 一加主活动页
Jun 15 01:26:02  -完成任务，获得20加油值
Jun 15 01:26:02 {"result":false,"data":"","count":0,"errorMessage":"任务已完成！"}
Jun 15 01:26:04 根据用户设定，不执行加购任务
Jun 15 01:26:04 上报访问信息，常规回复显示‘未能成功获取到数据’
Jun 15 01:26:04 根据用户设定，不执行加购任务
Jun 15 01:26:04 上报访问信息，常规回复显示‘未能成功获取到数据’
Jun 15 01:26:05 未能成功获取到数据
Jun 15 01:26:05 未能成功获取到数据
Jun 15 01:26:05 
Jun 15 01:26:05  -当前账户总加油值：2770
Jun 15 01:26:05  -当前账户可用加油值：170
Jun 15 01:26:05  -活动总加油值：139794480
Jun 15 01:26:05 
Jun 15 01:26:05 当前可抽奖次数:3
Jun 15 01:26:05 去抽奖
Jun 15 01:26:05 
Jun 15 01:26:05  -当前账户总加油值：2770
Jun 15 01:26:05  -当前账户可用加油值：170
Jun 15 01:26:05  -活动总加油值：139794480
Jun 15 01:26:05 
Jun 15 01:26:05 当前可抽奖次数:3
Jun 15 01:26:05 去抽奖
Jun 15 01:26:05   -啥都没抽到
Jun 15 01:26:05   -啥都没抽到
Jun 15 01:26:07 去抽奖
Jun 15 01:26:07 去抽奖
Jun 15 01:26:07   -啥都没抽到
Jun 15 01:26:07 {"result":false,"data":"","count":0,"errorMessage":"积极做任务，获得加油值哦~"}
Jun 15 01:26:09 去抽奖
Jun 15 01:26:09 去抽奖
Jun 15 01:26:09 {"result":false,"data":"","count":0,"errorMessage":"积极做任务，获得加油值哦~"}
Jun 15 01:26:09 {"result":false,"data":"","count":0,"errorMessage":"积极做任务，获得加油值哦~"}
Jun 15 01:26:11 
Jun 15 01:26:11 🔔赢一加新品手机, 结束! 🕛 71.25 秒
Jun 15 01:26:11 
Jun 15 01:26:11 
Jun 15 01:26:11 🔔赢一加新品手机, 结束! 🕛 71.322 秒
Jun 15 01:26:11 
