Jun 14 01:15:00 
Jun 14 01:15:00 🔔618大势新品赏, 开始!
Jun 14 01:15:00 您的cookie选择的是用&隔开
Jun 14 01:15:00 
Jun 14 01:15:00 
Jun 14 01:15:00 ====================共有2个京东账号Cookie=========
Jun 14 01:15:00 
Jun 14 01:15:00 
Jun 14 01:15:00 🔔618大势新品赏, 开始!
Jun 14 01:15:00 您的cookie选择的是用&隔开
Jun 14 01:15:00 
Jun 14 01:15:00 
Jun 14 01:15:00 ====================共有2个京东账号Cookie=========
Jun 14 01:15:00 
Jun 14 01:15:00 ==================脚本执行- 北京时间(UTC+8)：6/14/2021, 1:15:00 AM=====================
Jun 14 01:15:00 
Jun 14 01:15:00 ==================脚本执行- 北京时间(UTC+8)：6/14/2021, 1:15:00 AM=====================
Jun 14 01:15:00 
Jun 14 01:15:01 
Jun 14 01:15:01 ******开始【京东账号1】诺咪兔*********
Jun 14 01:15:01 
Jun 14 01:15:01 
Jun 14 01:15:01 ******开始【京东账号1】诺咪兔*********
Jun 14 01:15:01 
Jun 14 01:15:01 获取活动信息成功
Jun 14 01:15:01 获取活动信息成功
Jun 14 01:15:01 
Jun 14 01:15:01 ******开始【京东账号2】jd_152055zny*********
Jun 14 01:15:01 
Jun 14 01:15:01 
Jun 14 01:15:01 ******开始【京东账号2】jd_152055zny*********
Jun 14 01:15:01 
Jun 14 01:15:01 获取活动信息成功
Jun 14 01:15:01 
Jun 14 01:15:01 🔔618大势新品赏, 结束! 🕛 0.453 秒
Jun 14 01:15:01 
Jun 14 01:15:01 获取活动信息成功
Jun 14 01:15:01 
Jun 14 01:15:01 🔔618大势新品赏, 结束! 🕛 0.428 秒
Jun 14 01:15:01 
Jun 14 12:15:00 
Jun 14 12:15:00 🔔618大势新品赏, 开始!
Jun 14 12:15:00 您的cookie选择的是用&隔开
Jun 14 12:15:00 
Jun 14 12:15:00 
Jun 14 12:15:00 ====================共有2个京东账号Cookie=========
Jun 14 12:15:00 
Jun 14 12:15:00 
Jun 14 12:15:00 🔔618大势新品赏, 开始!
Jun 14 12:15:00 您的cookie选择的是用&隔开
Jun 14 12:15:00 
Jun 14 12:15:00 
Jun 14 12:15:00 ====================共有2个京东账号Cookie=========
Jun 14 12:15:00 
Jun 14 12:15:00 ==================脚本执行- 北京时间(UTC+8)：6/14/2021, 12:15:00 PM=====================
Jun 14 12:15:00 
Jun 14 12:15:00 ==================脚本执行- 北京时间(UTC+8)：6/14/2021, 12:15:00 PM=====================
Jun 14 12:15:00 
Jun 14 12:15:01 
Jun 14 12:15:01 ******开始【京东账号1】诺咪兔*********
Jun 14 12:15:01 
Jun 14 12:15:01 
Jun 14 12:15:01 ******开始【京东账号1】诺咪兔*********
Jun 14 12:15:01 
Jun 14 12:15:01 获取活动信息成功
Jun 14 12:15:01 获取活动信息成功
Jun 14 12:15:01 
Jun 14 12:15:01 ******开始【京东账号2】jd_152055zny*********
Jun 14 12:15:01 
Jun 14 12:15:01 
Jun 14 12:15:01 ******开始【京东账号2】jd_152055zny*********
Jun 14 12:15:01 
Jun 14 12:15:01 获取活动信息成功
Jun 14 12:15:01 
Jun 14 12:15:01 🔔618大势新品赏, 结束! 🕛 0.475 秒
Jun 14 12:15:01 
Jun 14 12:15:01 获取活动信息成功
Jun 14 12:15:01 
Jun 14 12:15:01 🔔618大势新品赏, 结束! 🕛 0.5 秒
Jun 14 12:15:01 
Jun 15 01:15:00 
Jun 15 01:15:00 🔔618大势新品赏, 开始!
Jun 15 01:15:00 您的cookie选择的是用&隔开
Jun 15 01:15:00 
Jun 15 01:15:00 
Jun 15 01:15:00 ====================共有2个京东账号Cookie=========
Jun 15 01:15:00 
Jun 15 01:15:00 ==================脚本执行- 北京时间(UTC+8)：6/15/2021, 1:15:00 AM=====================
Jun 15 01:15:00 
Jun 15 01:15:00 
Jun 15 01:15:00 🔔618大势新品赏, 开始!
Jun 15 01:15:00 您的cookie选择的是用&隔开
Jun 15 01:15:00 
Jun 15 01:15:00 
Jun 15 01:15:00 ====================共有2个京东账号Cookie=========
Jun 15 01:15:00 
Jun 15 01:15:00 ==================脚本执行- 北京时间(UTC+8)：6/15/2021, 1:15:00 AM=====================
Jun 15 01:15:00 
Jun 15 01:15:00 
Jun 15 01:15:00 ******开始【京东账号1】诺咪兔*********
Jun 15 01:15:00 
Jun 15 01:15:00 获取活动信息成功
Jun 15 01:15:00 
Jun 15 01:15:00 ******开始【京东账号1】诺咪兔*********
Jun 15 01:15:00 
Jun 15 01:15:00 获取活动信息成功
Jun 15 01:15:00 
Jun 15 01:15:00 ******开始【京东账号2】jd_152055zny*********
Jun 15 01:15:00 
Jun 15 01:15:00 获取活动信息成功
Jun 15 01:15:00 
Jun 15 01:15:00 🔔618大势新品赏, 结束! 🕛 0.528 秒
Jun 15 01:15:00 
Jun 15 01:15:00 
Jun 15 01:15:00 ******开始【京东账号2】jd_152055zny*********
Jun 15 01:15:00 
Jun 15 01:15:00 获取活动信息成功
Jun 15 01:15:00 
Jun 15 01:15:00 🔔618大势新品赏, 结束! 🕛 0.493 秒
Jun 15 01:15:00 
Jun 15 12:15:00 
Jun 15 12:15:00 🔔618大势新品赏, 开始!
Jun 15 12:15:00 您的cookie选择的是用&隔开
Jun 15 12:15:00 
Jun 15 12:15:00 
Jun 15 12:15:00 ====================共有2个京东账号Cookie=========
Jun 15 12:15:00 
Jun 15 12:15:00 ==================脚本执行- 北京时间(UTC+8)：6/15/2021, 12:15:00 PM=====================
Jun 15 12:15:00 
Jun 15 12:15:00 
Jun 15 12:15:00 🔔618大势新品赏, 开始!
Jun 15 12:15:00 您的cookie选择的是用&隔开
Jun 15 12:15:00 
Jun 15 12:15:00 
Jun 15 12:15:00 ====================共有2个京东账号Cookie=========
Jun 15 12:15:00 
Jun 15 12:15:00 ==================脚本执行- 北京时间(UTC+8)：6/15/2021, 12:15:00 PM=====================
Jun 15 12:15:00 
Jun 15 12:15:00 
Jun 15 12:15:00 ******开始【京东账号1】诺咪兔*********
Jun 15 12:15:00 
Jun 15 12:15:00 获取活动信息成功
Jun 15 12:15:00 
Jun 15 12:15:00 ******开始【京东账号1】诺咪兔*********
Jun 15 12:15:00 
Jun 15 12:15:00 获取活动信息成功
Jun 15 12:15:00 
Jun 15 12:15:00 ******开始【京东账号2】jd_152055zny*********
Jun 15 12:15:00 
Jun 15 12:15:00 获取活动信息成功
Jun 15 12:15:00 
Jun 15 12:15:00 🔔618大势新品赏, 结束! 🕛 0.433 秒
Jun 15 12:15:00 
Jun 15 12:15:00 
Jun 15 12:15:00 ******开始【京东账号2】jd_152055zny*********
Jun 15 12:15:00 
Jun 15 12:15:00 获取活动信息成功
Jun 15 12:15:00 
Jun 15 12:15:00 🔔618大势新品赏, 结束! 🕛 0.447 秒
Jun 15 12:15:00 
