Jun 14 01:15:00 
Jun 14 01:15:00 🔔京东超级盒子, 开始!
Jun 14 01:15:00 您的cookie选择的是用&隔开
Jun 14 01:15:00 
Jun 14 01:15:00 
Jun 14 01:15:00 ====================共有2个京东账号Cookie=========
Jun 14 01:15:00 
Jun 14 01:15:00 
Jun 14 01:15:00 🔔京东超级盒子, 开始!
Jun 14 01:15:00 您的cookie选择的是用&隔开
Jun 14 01:15:00 
Jun 14 01:15:00 
Jun 14 01:15:00 ====================共有2个京东账号Cookie=========
Jun 14 01:15:00 
Jun 14 01:15:00 ==================脚本执行- 北京时间(UTC+8)：6/14/2021, 1:15:00 AM=====================
Jun 14 01:15:00 
Jun 14 01:15:00 ==================脚本执行- 北京时间(UTC+8)：6/14/2021, 1:15:00 AM=====================
Jun 14 01:15:00 
Jun 14 01:15:01 
Jun 14 01:15:01 ******开始【京东账号1】诺咪兔*********
Jun 14 01:15:01 
Jun 14 01:15:01 
Jun 14 01:15:01 ******开始【京东账号1】诺咪兔*********
Jun 14 01:15:01 
Jun 14 01:15:01 当前可抽奖次数：1
Jun 14 01:15:01 去抽奖->
Jun 14 01:15:01 当前可抽奖次数：1
Jun 14 01:15:01 去抽奖->
Jun 14 01:15:01 获取锁失败
Jun 14 01:15:01  -啥都没有～
Jun 14 01:15:01 
Jun 14 01:15:01 获取任务列表成功
Jun 14 01:15:01 
Jun 14 01:15:01 浏览超级大牌店铺 -> 0/5
Jun 14 01:15:01 
Jun 14 01:15:01 获取任务列表成功
Jun 14 01:15:01 
Jun 14 01:15:01 浏览超级大牌店铺 -> 0/5
Jun 14 01:15:01 限流
Jun 14 01:15:01 限流
Jun 14 01:15:03 获取锁失败
Jun 14 01:15:03   -完成任务
Jun 14 01:15:05 限流
Jun 14 01:15:05   -完成任务
Jun 14 01:15:07 限流
Jun 14 01:15:07 限流
Jun 14 01:15:09 限流
Jun 14 01:15:09 限流
Jun 14 01:15:15 浏览超级重磅店铺 -> 0/5
Jun 14 01:15:15 浏览超级重磅店铺 -> 0/5
Jun 14 01:15:16 限流
Jun 14 01:15:16   -完成任务
Jun 14 01:15:18 限流
Jun 14 01:15:18 限流
Jun 14 01:15:20 限流
Jun 14 01:15:20   -完成任务
Jun 14 01:15:22 限流
Jun 14 01:15:22   -完成任务
Jun 14 01:15:24 限流
Jun 14 01:15:24 限流
Jun 14 01:15:30 浏览超级福利店铺 -> 0/5
Jun 14 01:15:30 浏览超级福利店铺 -> 0/5
Jun 14 01:15:30 限流
Jun 14 01:15:30 限流
Jun 14 01:15:32 获取锁失败
Jun 14 01:15:32   -完成任务
Jun 14 01:15:34 限流
Jun 14 01:15:34   -完成任务
Jun 14 01:15:36 限流
Jun 14 01:15:36   -完成任务
Jun 14 01:15:38 获取锁失败
Jun 14 01:15:38   -完成任务
Jun 14 01:15:44 邀请好友 -> 0/2
Jun 14 01:15:44 邀请好友 -> 0/2
Jun 14 01:15:45 
Jun 14 01:15:45 ******开始【京东账号2】jd_152055zny*********
Jun 14 01:15:45 
Jun 14 01:15:45 
Jun 14 01:15:45 ******开始【京东账号2】jd_152055zny*********
Jun 14 01:15:45 
Jun 14 01:15:45 当前可抽奖次数：1
Jun 14 01:15:45 去抽奖->
Jun 14 01:15:45 当前可抽奖次数：1
Jun 14 01:15:45 去抽奖->
Jun 14 01:15:45 获取锁失败
Jun 14 01:15:45  -领取到优惠券 400减100 有效期截止：2021-06-20 23:59:59
Jun 14 01:15:46 
Jun 14 01:15:46 获取任务列表成功
Jun 14 01:15:46 
Jun 14 01:15:46 浏览超级大牌店铺 -> 0/5
Jun 14 01:15:46 
Jun 14 01:15:46 获取任务列表成功
Jun 14 01:15:46 
Jun 14 01:15:46 浏览超级大牌店铺 -> 0/5
Jun 14 01:15:46 限流
Jun 14 01:15:46 限流
Jun 14 01:15:48   -完成任务
Jun 14 01:15:48 限流
Jun 14 01:15:50 限流
Jun 14 01:15:50 限流
Jun 14 01:15:52 限流
Jun 14 01:15:52   -完成任务
Jun 14 01:15:54 限流
Jun 14 01:15:54   -完成任务
Jun 14 01:16:00 浏览超级重磅店铺 -> 0/5
Jun 14 01:16:00 浏览超级重磅店铺 -> 0/5
Jun 14 01:16:00 限流
Jun 14 01:16:00 限流
Jun 14 01:16:02 限流
Jun 14 01:16:02   -完成任务
Jun 14 01:16:04 限流
Jun 14 01:16:04   -完成任务
Jun 14 01:16:06 限流
Jun 14 01:16:06 限流
Jun 14 01:16:08 限流
Jun 14 01:16:08 限流
Jun 14 01:16:14 浏览超级福利店铺 -> 0/5
Jun 14 01:16:14 浏览超级福利店铺 -> 0/5
Jun 14 01:16:14 限流
Jun 14 01:16:14 限流
Jun 14 01:16:16 限流
Jun 14 01:16:16 限流
Jun 14 01:16:18 限流
Jun 14 01:16:18   -完成任务
Jun 14 01:16:20 限流
Jun 14 01:16:20   -完成任务
Jun 14 01:16:22 限流
Jun 14 01:16:23 限流
Jun 14 01:16:28 邀请好友 -> 0/2
Jun 14 01:16:29 邀请好友 -> 0/2
Jun 14 01:16:29 
Jun 14 01:16:29 ******开始【京东账号1】诺咪兔*********
Jun 14 01:16:29 
Jun 14 01:16:29 去助力【sQTLUSciooNzTB7f_L8Yz9O1O5dWeqiWGhFpdCh5SG8】
Jun 14 01:16:30 
Jun 14 01:16:30 ******开始【京东账号1】诺咪兔*********
Jun 14 01:16:30 
Jun 14 01:16:30 去助力【sQTLUSciooNzTB7f_L8Yz9O1O5dWeqiWGhFpdCh5SG8】
Jun 14 01:16:31 去助力【T10yvXPEYY5KRP_IdjEsQydvVTeFDa6HCQtE_5QCnjI】
Jun 14 01:16:31 去助力【T10yvXPEYY5KRP_IdjEsQydvVTeFDa6HCQtE_5QCnjI】
Jun 14 01:16:32 
Jun 14 01:16:32 ******开始【京东账号2】jd_152055zny*********
Jun 14 01:16:32 
Jun 14 01:16:32 去助力【sQTLUSciooNzTB7f_L8Yz9O1O5dWeqiWGhFpdCh5SG8】
Jun 14 01:16:32 当前可抽奖次数：1
Jun 14 01:16:32 去抽奖->
Jun 14 01:16:32 
Jun 14 01:16:32 ******开始【京东账号2】jd_152055zny*********
Jun 14 01:16:32 
Jun 14 01:16:32 去助力【sQTLUSciooNzTB7f_L8Yz9O1O5dWeqiWGhFpdCh5SG8】
Jun 14 01:16:32  -啥都没有～
Jun 14 01:16:33 去助力【T10yvXPEYY5KRP_IdjEsQydvVTeFDa6HCQtE_5QCnjI】
Jun 14 01:16:33 去助力【T10yvXPEYY5KRP_IdjEsQydvVTeFDa6HCQtE_5QCnjI】
Jun 14 01:16:34 
Jun 14 01:16:34 🔔京东超级盒子, 结束! 🕛 93.65 秒
Jun 14 01:16:34 
Jun 14 01:16:34 
Jun 14 01:16:34 🔔京东超级盒子, 结束! 🕛 94.166 秒
Jun 14 01:16:34 
Jun 14 12:15:00 
Jun 14 12:15:00 🔔京东超级盒子, 开始!
Jun 14 12:15:00 您的cookie选择的是用&隔开
Jun 14 12:15:00 
Jun 14 12:15:00 
Jun 14 12:15:00 ====================共有2个京东账号Cookie=========
Jun 14 12:15:00 
Jun 14 12:15:00 
Jun 14 12:15:00 🔔京东超级盒子, 开始!
Jun 14 12:15:00 您的cookie选择的是用&隔开
Jun 14 12:15:00 
Jun 14 12:15:00 
Jun 14 12:15:00 ====================共有2个京东账号Cookie=========
Jun 14 12:15:00 
Jun 14 12:15:00 ==================脚本执行- 北京时间(UTC+8)：6/14/2021, 12:15:00 PM=====================
Jun 14 12:15:00 
Jun 14 12:15:00 ==================脚本执行- 北京时间(UTC+8)：6/14/2021, 12:15:00 PM=====================
Jun 14 12:15:00 
Jun 14 12:15:01 
Jun 14 12:15:01 ******开始【京东账号1】诺咪兔*********
Jun 14 12:15:01 
Jun 14 12:15:01 
Jun 14 12:15:01 ******开始【京东账号1】诺咪兔*********
Jun 14 12:15:01 
Jun 14 12:15:01 当前可抽奖次数：1
Jun 14 12:15:01 去抽奖->
Jun 14 12:15:01 当前可抽奖次数：1
Jun 14 12:15:01 去抽奖->
Jun 14 12:15:01 获取锁失败
Jun 14 12:15:01  -领取到优惠券 400减100 有效期截止：2021-06-20 23:59:59
Jun 14 12:15:01 
Jun 14 12:15:01 获取任务列表成功
Jun 14 12:15:01 
Jun 14 12:15:01 浏览超级大牌店铺 -> 2/5
Jun 14 12:15:01 
Jun 14 12:15:01 获取任务列表成功
Jun 14 12:15:01 
Jun 14 12:15:01 浏览超级大牌店铺 -> 2/5
Jun 14 12:15:01   -完成任务
Jun 14 12:15:01   -完成任务
Jun 14 12:15:03   -完成任务
Jun 14 12:15:04 任务已完成
Jun 14 12:15:06 任务已完成
Jun 14 12:15:10 浏览超级重磅店铺 -> 3/5
Jun 14 12:15:10   -完成任务
Jun 14 12:15:12 浏览超级重磅店铺 -> 3/5
Jun 14 12:15:12 获取锁失败
Jun 14 12:15:12   -完成任务
Jun 14 12:15:18 浏览超级福利店铺 -> 4/5
Jun 14 12:15:18 浏览超级福利店铺 -> 4/5
Jun 14 12:15:18   -完成任务
Jun 14 12:15:18 任务已完成
Jun 14 12:15:24 邀请好友 -> 1/2
Jun 14 12:15:24 邀请好友 -> 1/2
Jun 14 12:15:25 
Jun 14 12:15:25 ******开始【京东账号2】jd_152055zny*********
Jun 14 12:15:25 
Jun 14 12:15:25 
Jun 14 12:15:25 ******开始【京东账号2】jd_152055zny*********
Jun 14 12:15:25 
Jun 14 12:15:25 
Jun 14 12:15:25 获取任务列表成功
Jun 14 12:15:25 
Jun 14 12:15:25 浏览超级大牌店铺 -> 3/5
Jun 14 12:15:25 
Jun 14 12:15:25 获取任务列表成功
Jun 14 12:15:25 
Jun 14 12:15:25 浏览超级大牌店铺 -> 3/5
Jun 14 12:15:25 获取锁失败
Jun 14 12:15:25   -完成任务
Jun 14 12:15:27 获取锁失败
Jun 14 12:15:27   -完成任务
Jun 14 12:15:33 浏览超级重磅店铺 -> 2/5
Jun 14 12:15:33 浏览超级重磅店铺 -> 2/5
Jun 14 12:15:33   -完成任务
Jun 14 12:15:33   -完成任务
Jun 14 12:15:35   -完成任务
Jun 14 12:15:35 任务已完成
Jun 14 12:15:37 任务已完成
Jun 14 12:15:41 浏览超级福利店铺 -> 2/5
Jun 14 12:15:41   -完成任务
Jun 14 12:15:43 浏览超级福利店铺 -> 2/5
Jun 14 12:15:43   -完成任务
Jun 14 12:15:43   -完成任务
Jun 14 12:15:45 任务已完成
Jun 14 12:15:45 任务已完成
Jun 14 12:15:51 邀请好友 -> 1/2
Jun 14 12:15:51 邀请好友 -> 1/2
Jun 14 12:15:52 
Jun 14 12:15:52 ******开始【京东账号1】诺咪兔*********
Jun 14 12:15:52 
Jun 14 12:15:52 去助力【sQTLUSciooNzTB7f_L8Yz9O1O5dWeqiWGhFpdCh5SG8】
Jun 14 12:15:52 
Jun 14 12:15:52 ******开始【京东账号1】诺咪兔*********
Jun 14 12:15:52 
Jun 14 12:15:52 去助力【sQTLUSciooNzTB7f_L8Yz9O1O5dWeqiWGhFpdCh5SG8】
Jun 14 12:15:53 当前可抽奖次数：3
Jun 14 12:15:53 去抽奖->
Jun 14 12:15:53 当前可抽奖次数：3
Jun 14 12:15:53 去抽奖->
Jun 14 12:15:53 获取锁失败
Jun 14 12:15:53  -领取到优惠券 400减100 有效期截止：2021-06-20 23:59:59
Jun 14 12:15:53  -啥都没有～
Jun 14 12:15:53  -啥都没有～
Jun 14 12:15:54 没有抽奖次数
Jun 14 12:15:54 没有抽奖次数
Jun 14 12:15:54  -啥都没有～
Jun 14 12:15:54 当日实物大奖已抽取
Jun 14 12:15:55 去助力【T10yvXPEYY5KRP_IdjEsQydvVTeFDa6HCQtE_5QCnjI】
Jun 14 12:15:55 去助力【T10yvXPEYY5KRP_IdjEsQydvVTeFDa6HCQtE_5QCnjI】
Jun 14 12:15:56 
Jun 14 12:15:56 ******开始【京东账号2】jd_152055zny*********
Jun 14 12:15:56 
Jun 14 12:15:56 去助力【sQTLUSciooNzTB7f_L8Yz9O1O5dWeqiWGhFpdCh5SG8】
Jun 14 12:15:56 
Jun 14 12:15:56 ******开始【京东账号2】jd_152055zny*********
Jun 14 12:15:56 
Jun 14 12:15:56 去助力【sQTLUSciooNzTB7f_L8Yz9O1O5dWeqiWGhFpdCh5SG8】
Jun 14 12:15:56 当前可抽奖次数：3
Jun 14 12:15:56 去抽奖->
Jun 14 12:15:56 当前可抽奖次数：3
Jun 14 12:15:56 去抽奖->
Jun 14 12:15:56 获取锁失败
Jun 14 12:15:57  -领取到优惠券 400减100 有效期截止：2021-06-20 23:59:59
Jun 14 12:15:57 获取锁失败
Jun 14 12:15:57  -领取到优惠券 400减100 有效期截止：2021-06-20 23:59:59
Jun 14 12:15:58 获取锁失败
Jun 14 12:15:58  -啥都没有～
Jun 14 12:15:58 获取锁失败
Jun 14 12:15:58  -啥都没有～
Jun 14 12:15:59 去助力【T10yvXPEYY5KRP_IdjEsQydvVTeFDa6HCQtE_5QCnjI】
Jun 14 12:15:59 去助力【T10yvXPEYY5KRP_IdjEsQydvVTeFDa6HCQtE_5QCnjI】
Jun 14 12:16:00 
Jun 14 12:16:00 🔔京东超级盒子, 结束! 🕛 59.925 秒
Jun 14 12:16:00 
Jun 14 12:16:00 
Jun 14 12:16:00 🔔京东超级盒子, 结束! 🕛 59.994 秒
Jun 14 12:16:00 
Jun 15 01:15:00 
Jun 15 01:15:00 🔔京东超级盒子, 开始!
Jun 15 01:15:00 您的cookie选择的是用&隔开
Jun 15 01:15:00 
Jun 15 01:15:00 
Jun 15 01:15:00 ====================共有2个京东账号Cookie=========
Jun 15 01:15:00 
Jun 15 01:15:00 ==================脚本执行- 北京时间(UTC+8)：6/15/2021, 1:15:00 AM=====================
Jun 15 01:15:00 
Jun 15 01:15:00 
Jun 15 01:15:00 🔔京东超级盒子, 开始!
Jun 15 01:15:00 您的cookie选择的是用&隔开
Jun 15 01:15:00 
Jun 15 01:15:00 
Jun 15 01:15:00 ====================共有2个京东账号Cookie=========
Jun 15 01:15:00 
Jun 15 01:15:00 ==================脚本执行- 北京时间(UTC+8)：6/15/2021, 1:15:00 AM=====================
Jun 15 01:15:00 
Jun 15 01:15:00 
Jun 15 01:15:00 ******开始【京东账号1】诺咪兔*********
Jun 15 01:15:00 
Jun 15 01:15:00 
Jun 15 01:15:00 ******开始【京东账号1】诺咪兔*********
Jun 15 01:15:00 
Jun 15 01:15:00 当前可抽奖次数：1
Jun 15 01:15:00 去抽奖->
Jun 15 01:15:00 当前可抽奖次数：1
Jun 15 01:15:00 去抽奖->
Jun 15 01:15:00 获取锁失败
Jun 15 01:15:00  -啥都没有～
Jun 15 01:15:01 
Jun 15 01:15:01 获取任务列表成功
Jun 15 01:15:01 
Jun 15 01:15:01 浏览超级大牌店铺 -> 0/5
Jun 15 01:15:01 
Jun 15 01:15:01 获取任务列表成功
Jun 15 01:15:01 
Jun 15 01:15:01 浏览超级大牌店铺 -> 0/5
Jun 15 01:15:01 限流
Jun 15 01:15:01 限流
Jun 15 01:15:03 限流
Jun 15 01:15:03   -完成任务
Jun 15 01:15:05   -完成任务
Jun 15 01:15:05   -完成任务
Jun 15 01:15:07 限流
Jun 15 01:15:07   -完成任务
Jun 15 01:15:09   -完成任务
Jun 15 01:15:09 限流
Jun 15 01:15:15 浏览超级重磅店铺 -> 0/5
Jun 15 01:15:15 浏览超级重磅店铺 -> 0/5
Jun 15 01:15:15   -完成任务
Jun 15 01:15:15 限流
Jun 15 01:15:17 限流
Jun 15 01:15:17   -完成任务
Jun 15 01:15:19 限流
Jun 15 01:15:19   -完成任务
Jun 15 01:15:21 限流
Jun 15 01:15:21   -完成任务
Jun 15 01:15:23 限流
Jun 15 01:15:27 浏览超级福利店铺 -> 0/5
Jun 15 01:15:28   -完成任务
Jun 15 01:15:29 浏览超级福利店铺 -> 0/5
Jun 15 01:15:30   -完成任务
Jun 15 01:15:30   -完成任务
Jun 15 01:15:32 限流
Jun 15 01:15:32 限流
Jun 15 01:15:34 限流
Jun 15 01:15:34   -完成任务
Jun 15 01:15:36   -完成任务
Jun 15 01:15:36 限流
Jun 15 01:15:42 邀请好友 -> 0/2
Jun 15 01:15:42 邀请好友 -> 0/2
Jun 15 01:15:43 
Jun 15 01:15:43 ******开始【京东账号2】jd_152055zny*********
Jun 15 01:15:43 
Jun 15 01:15:43 当前可抽奖次数：1
Jun 15 01:15:43 去抽奖->
Jun 15 01:15:43 
Jun 15 01:15:43 ******开始【京东账号2】jd_152055zny*********
Jun 15 01:15:43 
Jun 15 01:15:43 
Jun 15 01:15:43 获取任务列表成功
Jun 15 01:15:43 
Jun 15 01:15:43 浏览超级大牌店铺 -> 0/5
Jun 15 01:15:43  -领取到优惠券 400减100 有效期截止：2021-06-20 23:59:59
Jun 15 01:15:43   -完成任务
Jun 15 01:15:43 
Jun 15 01:15:43 获取任务列表成功
Jun 15 01:15:43 
Jun 15 01:15:43 浏览超级大牌店铺 -> 1/5
Jun 15 01:15:44   -完成任务
Jun 15 01:15:45   -完成任务
Jun 15 01:15:46   -完成任务
Jun 15 01:15:47   -完成任务
Jun 15 01:15:48 任务已完成
Jun 15 01:15:49 限流
Jun 15 01:15:50 任务已完成
Jun 15 01:15:51 任务已完成
Jun 15 01:15:56 浏览超级重磅店铺 -> 0/5
Jun 15 01:15:56 限流
Jun 15 01:15:57 浏览超级重磅店铺 -> 0/5
Jun 15 01:15:57   -完成任务
Jun 15 01:15:58 限流
Jun 15 01:15:59   -完成任务
Jun 15 01:16:00   -完成任务
Jun 15 01:16:01 限流
Jun 15 01:16:02 限流
Jun 15 01:16:03   -完成任务
Jun 15 01:16:04   -完成任务
Jun 15 01:16:05 限流
Jun 15 01:16:10 浏览超级福利店铺 -> 0/5
Jun 15 01:16:10   -完成任务
Jun 15 01:16:11 浏览超级福利店铺 -> 0/5
Jun 15 01:16:12 限流
Jun 15 01:16:12 限流
Jun 15 01:16:14 限流
Jun 15 01:16:14 限流
Jun 15 01:16:16   -完成任务
Jun 15 01:16:16 限流
Jun 15 01:16:18   -完成任务
Jun 15 01:16:18   -完成任务
Jun 15 01:16:24 邀请好友 -> 0/2
Jun 15 01:16:24 邀请好友 -> 0/2
Jun 15 01:16:25 
Jun 15 01:16:25 ******开始【京东账号1】诺咪兔*********
Jun 15 01:16:25 
Jun 15 01:16:25 去助力【sQTLUSciooNzTB7f_L8Yz9O1O5dWeqiWGhFpdCh5SG8】
Jun 15 01:16:25 当前可抽奖次数：2
Jun 15 01:16:25 去抽奖->
Jun 15 01:16:25  -啥都没有～
Jun 15 01:16:25 
Jun 15 01:16:25 ******开始【京东账号1】诺咪兔*********
Jun 15 01:16:25 
Jun 15 01:16:25 去助力【sQTLUSciooNzTB7f_L8Yz9O1O5dWeqiWGhFpdCh5SG8】
Jun 15 01:16:25 当前可抽奖次数：1
Jun 15 01:16:25 去抽奖->
Jun 15 01:16:25  -啥都没有～
Jun 15 01:16:25 没有抽奖次数
Jun 15 01:16:27 去助力【T10yvXPEYY5KRP_IdjEsQydvVTeFDa6HCQtE_5QCnjI】
Jun 15 01:16:27 去助力【T10yvXPEYY5KRP_IdjEsQydvVTeFDa6HCQtE_5QCnjI】
Jun 15 01:16:28 
Jun 15 01:16:28 ******开始【京东账号2】jd_152055zny*********
Jun 15 01:16:28 
Jun 15 01:16:28 去助力【sQTLUSciooNzTB7f_L8Yz9O1O5dWeqiWGhFpdCh5SG8】
Jun 15 01:16:28 
Jun 15 01:16:28 ******开始【京东账号2】jd_152055zny*********
Jun 15 01:16:28 
Jun 15 01:16:28 去助力【sQTLUSciooNzTB7f_L8Yz9O1O5dWeqiWGhFpdCh5SG8】
Jun 15 01:16:28 当前可抽奖次数：3
Jun 15 01:16:28 去抽奖->
Jun 15 01:16:28 当前可抽奖次数：3
Jun 15 01:16:28 去抽奖->
Jun 15 01:16:28 获取锁失败
Jun 15 01:16:28  -领取到优惠券 400减100 有效期截止：2021-06-20 23:59:59
Jun 15 01:16:29  -啥都没有～
Jun 15 01:16:29  -领取到优惠券 400减100 有效期截止：2021-06-20 23:59:59
Jun 15 01:16:29 没有抽奖次数
Jun 15 01:16:29 没有抽奖次数
Jun 15 01:16:31 去助力【T10yvXPEYY5KRP_IdjEsQydvVTeFDa6HCQtE_5QCnjI】
Jun 15 01:16:31 去助力【T10yvXPEYY5KRP_IdjEsQydvVTeFDa6HCQtE_5QCnjI】
Jun 15 01:16:32 
Jun 15 01:16:32 🔔京东超级盒子, 结束! 🕛 91.889 秒
Jun 15 01:16:32 
Jun 15 01:16:32 
Jun 15 01:16:32 🔔京东超级盒子, 结束! 🕛 91.879 秒
Jun 15 01:16:32 
Jun 15 12:15:00 
Jun 15 12:15:00 🔔京东超级盒子, 开始!
Jun 15 12:15:00 您的cookie选择的是用&隔开
Jun 15 12:15:00 
Jun 15 12:15:00 
Jun 15 12:15:00 ====================共有2个京东账号Cookie=========
Jun 15 12:15:00 
Jun 15 12:15:00 
Jun 15 12:15:00 🔔京东超级盒子, 开始!
Jun 15 12:15:00 您的cookie选择的是用&隔开
Jun 15 12:15:00 
Jun 15 12:15:00 
Jun 15 12:15:00 ====================共有2个京东账号Cookie=========
Jun 15 12:15:00 
Jun 15 12:15:00 ==================脚本执行- 北京时间(UTC+8)：6/15/2021, 12:15:00 PM=====================
Jun 15 12:15:00 
Jun 15 12:15:00 ==================脚本执行- 北京时间(UTC+8)：6/15/2021, 12:15:00 PM=====================
Jun 15 12:15:00 
Jun 15 12:15:00 
Jun 15 12:15:00 ******开始【京东账号1】诺咪兔*********
Jun 15 12:15:00 
Jun 15 12:15:00 
Jun 15 12:15:00 ******开始【京东账号1】诺咪兔*********
Jun 15 12:15:00 
Jun 15 12:15:00 当前可抽奖次数：1
Jun 15 12:15:00 去抽奖->
Jun 15 12:15:00 当前可抽奖次数：1
Jun 15 12:15:00 去抽奖->
Jun 15 12:15:00 获取锁失败
Jun 15 12:15:00  -啥都没有～
Jun 15 12:15:01 
Jun 15 12:15:01 获取任务列表成功
Jun 15 12:15:01 
Jun 15 12:15:01 浏览超级大牌店铺 -> 已完成
Jun 15 12:15:01 
Jun 15 12:15:01 获取任务列表成功
Jun 15 12:15:01 
Jun 15 12:15:01 浏览超级大牌店铺 -> 已完成
Jun 15 12:15:02 浏览超级重磅店铺 -> 4/5
Jun 15 12:15:02 浏览超级重磅店铺 -> 4/5
Jun 15 12:15:02   -完成任务
Jun 15 12:15:02 任务已完成
Jun 15 12:15:08 浏览超级福利店铺 -> 已完成
Jun 15 12:15:08 浏览超级福利店铺 -> 已完成
Jun 15 12:15:09 邀请好友 -> 1/2
Jun 15 12:15:09 邀请好友 -> 1/2
Jun 15 12:15:10 
Jun 15 12:15:10 ******开始【京东账号2】jd_152055zny*********
Jun 15 12:15:10 
Jun 15 12:15:10 
Jun 15 12:15:10 ******开始【京东账号2】jd_152055zny*********
Jun 15 12:15:10 
Jun 15 12:15:10 
Jun 15 12:15:10 获取任务列表成功
Jun 15 12:15:10 
Jun 15 12:15:10 浏览超级大牌店铺 -> 已完成
Jun 15 12:15:10 
Jun 15 12:15:10 获取任务列表成功
Jun 15 12:15:10 
Jun 15 12:15:10 浏览超级大牌店铺 -> 已完成
Jun 15 12:15:11 浏览超级重磅店铺 -> 已完成
Jun 15 12:15:11 浏览超级重磅店铺 -> 已完成
Jun 15 12:15:12 浏览超级福利店铺 -> 4/5
Jun 15 12:15:12 浏览超级福利店铺 -> 4/5
Jun 15 12:15:12 获取锁失败
Jun 15 12:15:12   -完成任务
Jun 15 12:15:18 邀请好友 -> 1/2
Jun 15 12:15:18 邀请好友 -> 1/2
Jun 15 12:15:19 
Jun 15 12:15:19 ******开始【京东账号1】诺咪兔*********
Jun 15 12:15:19 
Jun 15 12:15:19 去助力【sQTLUSciooNzTB7f_L8Yz9O1O5dWeqiWGhFpdCh5SG8】
Jun 15 12:15:19 
Jun 15 12:15:19 ******开始【京东账号1】诺咪兔*********
Jun 15 12:15:19 
Jun 15 12:15:19 去助力【sQTLUSciooNzTB7f_L8Yz9O1O5dWeqiWGhFpdCh5SG8】
Jun 15 12:15:19 当前可抽奖次数：1
Jun 15 12:15:19 去抽奖->
Jun 15 12:15:19 当前可抽奖次数：1
Jun 15 12:15:19 去抽奖->
Jun 15 12:15:19 获取锁失败
Jun 15 12:15:19  -啥都没有～
Jun 15 12:15:20  -啥都没有～
Jun 15 12:15:20 当日实物大奖已抽取
Jun 15 12:15:21 去助力【T10yvXPEYY5KRP_IdjEsQydvVTeFDa6HCQtE_5QCnjI】
Jun 15 12:15:21 去助力【T10yvXPEYY5KRP_IdjEsQydvVTeFDa6HCQtE_5QCnjI】
Jun 15 12:15:22 
Jun 15 12:15:22 ******开始【京东账号2】jd_152055zny*********
Jun 15 12:15:22 
Jun 15 12:15:22 去助力【sQTLUSciooNzTB7f_L8Yz9O1O5dWeqiWGhFpdCh5SG8】
Jun 15 12:15:22 
Jun 15 12:15:22 ******开始【京东账号2】jd_152055zny*********
Jun 15 12:15:22 
Jun 15 12:15:22 去助力【sQTLUSciooNzTB7f_L8Yz9O1O5dWeqiWGhFpdCh5SG8】
Jun 15 12:15:22 当前可抽奖次数：1
Jun 15 12:15:22 去抽奖->
Jun 15 12:15:22 当前可抽奖次数：1
Jun 15 12:15:22 去抽奖->
Jun 15 12:15:22 获取锁失败
Jun 15 12:15:22  -啥都没有～
Jun 15 12:15:22  -啥都没有～
Jun 15 12:15:22 当日实物大奖已抽取
Jun 15 12:15:23 去助力【T10yvXPEYY5KRP_IdjEsQydvVTeFDa6HCQtE_5QCnjI】
Jun 15 12:15:23 去助力【T10yvXPEYY5KRP_IdjEsQydvVTeFDa6HCQtE_5QCnjI】
Jun 15 12:15:25 
Jun 15 12:15:25 🔔京东超级盒子, 结束! 🕛 24.862 秒
Jun 15 12:15:25 
Jun 15 12:15:25 
Jun 15 12:15:25 🔔京东超级盒子, 结束! 🕛 24.902 秒
Jun 15 12:15:25 
