Jun 14 07:41:00 
Jun 14 07:41:00 🔔美丽研究院, 开始!
Jun 14 07:41:00 
Jun 14 07:41:00 🔔美丽研究院, 开始!
Jun 14 07:41:00 您的cookie选择的是用&隔开
Jun 14 07:41:00 
Jun 14 07:41:00 
Jun 14 07:41:00 ====================共有2个京东账号Cookie=========
Jun 14 07:41:00 
Jun 14 07:41:00 您的cookie选择的是用&隔开
Jun 14 07:41:00 
Jun 14 07:41:00 
Jun 14 07:41:00 ====================共有2个京东账号Cookie=========
Jun 14 07:41:00 
Jun 14 07:41:00 ==================脚本执行- 北京时间(UTC+8)：6/14/2021, 7:41:00 AM=====================
Jun 14 07:41:00 
Jun 14 07:41:00 ==================脚本执行- 北京时间(UTC+8)：6/14/2021, 7:41:00 AM=====================
Jun 14 07:41:00 
Jun 14 07:41:00 
Jun 14 07:41:00 ******开始【京东账号1】455979050-14287437*********
Jun 14 07:41:00 
Jun 14 07:41:00 
Jun 14 07:41:00 ******开始【京东账号1】455979050-14287437*********
Jun 14 07:41:00 
Jun 14 07:41:00 AAEAIOZsn94O9OHjYJdESVYaK0b5bdFnbdQwCXdskCK-LoNd0
Jun 14 07:41:00 AAEAIL04FnkvYMCOVtIzFYRF5FTJ35Jk5cVmripDWsy2m_wa0
Jun 14 07:41:00 AAFgxpeMAED6tSq9XT0VtBC99rgMBhJwi8TztzYnlLCxKNT5oYMVr_Hp5TzTeMJyko8qhedcgodgJ8WZ4EdDM4rB_sWaIiU_
Jun 14 07:41:00 AAFgxpeMAEANJOwID3X-B0rGtBBxO7oqaJHV7--9s0sKZ6GbrwTO-eBg67rpo6YAzlAYbpF_HzbDfzbQYRSGypDzhIGSLzJj
Jun 14 07:41:00 "Response code 403 (Forbidden)"
Jun 14 07:41:00 美丽研究院 API请求失败，请检查网路重试
Jun 14 07:41:00 
Jun 14 07:41:00 
Jun 14 07:41:00 提示：请尝试换服务器ip或者设置"xinruimz-isv.isvjcloud.com"域名直连，或者自定义UA再次尝试(环境变量JD_USER_AGENT)
Jun 14 07:41:00 
Jun 14 07:41:00 
Jun 14 07:41:00 "Response code 406 (Not Acceptable)"
Jun 14 07:41:00 美丽研究院 API请求失败，请检查网路重试
Jun 14 07:41:00 
Jun 14 07:41:00 
Jun 14 07:41:00 提示：请尝试换服务器ip或者设置"xinruimz-isv.isvjcloud.com"域名直连，或者自定义UA再次尝试(环境变量JD_USER_AGENT)
Jun 14 07:41:00 
Jun 14 07:41:00 
Jun 14 07:41:00 
Jun 14 07:41:00 ******开始【京东账号2】jd_7a84de20543eb*********
Jun 14 07:41:00 
Jun 14 07:41:00 
Jun 14 07:41:00 ******开始【京东账号2】jd_7a84de20543eb*********
Jun 14 07:41:00 
Jun 14 07:41:00 AAEAIMo3lKUqlrqP_Joweu3Yvgq2jK9HzDZlnhPPt8vPrBA90
Jun 14 07:41:00 AAEAIPnRLtknOwcy1G0AHN9oEgzoSsDtFuSxLMJX03TJc9kY0
Jun 14 07:41:00 AAFgxpeMADD83709F5LF-Eek8GRwERyN241rbB83VKXh16tpZbpJCo84EIsLYMnW6FNlNaNa6BU
Jun 14 07:41:00 AAFgxpeMADCptWvwMU5IqUqvEUTxWkMPiIdCGyDh9gCvZDC-F1BJf2msBf9opVpH0sqeWjlMNvY
Jun 14 07:41:00 "Response code 403 (Forbidden)"
Jun 14 07:41:00 美丽研究院 API请求失败，请检查网路重试
Jun 14 07:41:00 
Jun 14 07:41:00 
Jun 14 07:41:00 提示：请尝试换服务器ip或者设置"xinruimz-isv.isvjcloud.com"域名直连，或者自定义UA再次尝试(环境变量JD_USER_AGENT)
Jun 14 07:41:00 
Jun 14 07:41:00 
Jun 14 07:41:00 
Jun 14 07:41:00 🔔美丽研究院, 结束! 🕛 0.508 秒
Jun 14 07:41:00 
Jun 14 07:41:00 $.token eyJ0eXAiOiJKV1QiLCJhbGciOiJIUzI1NiJ9.eyJpc3MiOiJodHRwOlwvXC8xMjcuMC4wLjE6OTUwMlwvYXBpXC9hdXRoIiwiaWF0IjoxNjIzNjI3NjYwLCJleHAiOjE2MjM2NzA4NjAsIm5iZiI6MTYyMzYyNzY2MCwianRpIjoiaXRacmFUY2hxcDd0VmtPeCIsInN1YiI6MjkwNTM0MCwicHJ2IjoiMjNiZDVjODk0OWY2MDBhZGIzOWU3MDFjNDAwODcyZGI3YTU5NzZmNyJ9.hCo-HJL2vRZVi2zazmuka8PN5Fu8JxanB-631mQMgvI
Jun 14 07:41:00 wss://xinruimz-isv.isvjcloud.com/wss/?token=eyJ0eXAiOiJKV1QiLCJhbGciOiJIUzI1NiJ9.eyJpc3MiOiJodHRwOlwvXC8xMjcuMC4wLjE6OTUwMlwvYXBpXC9hdXRoIiwiaWF0IjoxNjIzNjI3NjYwLCJleHAiOjE2MjM2NzA4NjAsIm5iZiI6MTYyMzYyNzY2MCwianRpIjoiaXRacmFUY2hxcDd0VmtPeCIsInN1YiI6MjkwNTM0MCwicHJ2IjoiMjNiZDVjODk0OWY2MDBhZGIzOWU3MDFjNDAwODcyZGI3YTU5NzZmNyJ9.hCo-HJL2vRZVi2zazmuka8PN5Fu8JxanB-631mQMgvI
Jun 14 07:41:00 美容研究院服务器连接成功
Jun 14 07:41:00 去领取第1次签到奖励
Jun 14 07:41:00 当前美妆币1300，用户等级1
Jun 14 07:41:00 当期活动：瓜分万瓶正装
Jun 14 07:41:00 去做签到任务
Jun 14 07:41:00 仓库信息:
Jun 14 07:41:00 任务完成成功，获得100美妆币
Jun 14 07:42:00 本次运行获得美妆币100
Jun 14 07:42:00 服务器连接关闭
Jun 14 07:42:00 
Jun 14 07:42:00 ==============📣系统通知📣==============
Jun 14 07:42:00 美丽研究院
Jun 14 07:42:00 京东账号2jd_7a84de20543eb
Jun 14 07:42:00 本次运行获得美妆币100枚
Jun 14 07:42:00 当前美妆币1400
Jun 14 07:42:00 
Jun 14 07:42:00 🔔美丽研究院, 结束! 🕛 60.653 秒
Jun 14 07:42:00 
Jun 14 12:41:00 
Jun 14 12:41:00 🔔美丽研究院, 开始!
Jun 14 12:41:00 您的cookie选择的是用&隔开
Jun 14 12:41:00 
Jun 14 12:41:00 
Jun 14 12:41:00 ====================共有2个京东账号Cookie=========
Jun 14 12:41:00 
Jun 14 12:41:00 
Jun 14 12:41:00 🔔美丽研究院, 开始!
Jun 14 12:41:00 您的cookie选择的是用&隔开
Jun 14 12:41:00 
Jun 14 12:41:00 
Jun 14 12:41:00 ====================共有2个京东账号Cookie=========
Jun 14 12:41:00 
Jun 14 12:41:00 ==================脚本执行- 北京时间(UTC+8)：6/14/2021, 12:41:00 PM=====================
Jun 14 12:41:00 
Jun 14 12:41:00 ==================脚本执行- 北京时间(UTC+8)：6/14/2021, 12:41:00 PM=====================
Jun 14 12:41:00 
Jun 14 12:41:01 
Jun 14 12:41:01 ******开始【京东账号1】455979050-14287437*********
Jun 14 12:41:01 
Jun 14 12:41:01 
Jun 14 12:41:01 ******开始【京东账号1】455979050-14287437*********
Jun 14 12:41:01 
Jun 14 12:41:01 AAEAICpcSIPCm-mXzMhwfY3jVLaVv9V-z3Aw7rX5fK1Daj160
Jun 14 12:41:01 AAEAICij5QXGVUm7jTEuxEJr8Dtd27Or3Tiuq1O_n4q3wrgD0
Jun 14 12:41:01 AAFgxt3dAEDR3gik49CiX0eT_y56QlDTMrGdaXCnXuBQ3J8R5g_ctPTmQYq0YdgxRn_28aC7d0TglYjOO9qp4Y8EiSyBfH84
Jun 14 12:41:01 AAFgxt3dAEDikJpSzSIGICAg5DuV5LTYdN8TbaOxYFhhPMXZO71FadsHXvLjA9YKC0cxwqXydNzm0wMuQiamfgWoSq70-Ig1
Jun 14 12:41:01 "Response code 403 (Forbidden)"
Jun 14 12:41:01 美丽研究院 API请求失败，请检查网路重试
Jun 14 12:41:01 
Jun 14 12:41:01 
Jun 14 12:41:01 提示：请尝试换服务器ip或者设置"xinruimz-isv.isvjcloud.com"域名直连，或者自定义UA再次尝试(环境变量JD_USER_AGENT)
Jun 14 12:41:01 
Jun 14 12:41:01 
Jun 14 12:41:01 "Response code 403 (Forbidden)"
Jun 14 12:41:01 美丽研究院 API请求失败，请检查网路重试
Jun 14 12:41:01 
Jun 14 12:41:01 
Jun 14 12:41:01 提示：请尝试换服务器ip或者设置"xinruimz-isv.isvjcloud.com"域名直连，或者自定义UA再次尝试(环境变量JD_USER_AGENT)
Jun 14 12:41:01 
Jun 14 12:41:01 
Jun 14 12:41:01 
Jun 14 12:41:01 ******开始【京东账号2】jd_7a84de20543eb*********
Jun 14 12:41:01 
Jun 14 12:41:01 
Jun 14 12:41:01 ******开始【京东账号2】jd_7a84de20543eb*********
Jun 14 12:41:01 
Jun 14 12:41:01 AAEAIEysarkizZJLUKl3PQ6c4txVzZfOPTL-E3PFjMgAQX5L0
Jun 14 12:41:01 AAEAIGlf1O48i-j_dJ9yOPjCA0cLjBrw9D7zzzIQlit9Gsb60
Jun 14 12:41:01 AAFgxt3dADBaqJrj1LlRiS29bbuOLk9cA2fmp-RTdPvzxbiklSpATRyLKv2vSXLFd8QvumzwfjE
Jun 14 12:41:01 AAFgxt3dADDDZj5szMve87F1-fBD4wTvJetvoIF3M8Wi65ettCAU0Z9EJoMez_Z3jAaMM00WQcA
Jun 14 12:41:01 "Response code 403 (Forbidden)"
Jun 14 12:41:01 美丽研究院 API请求失败，请检查网路重试
Jun 14 12:41:01 
Jun 14 12:41:01 
Jun 14 12:41:01 提示：请尝试换服务器ip或者设置"xinruimz-isv.isvjcloud.com"域名直连，或者自定义UA再次尝试(环境变量JD_USER_AGENT)
Jun 14 12:41:01 
Jun 14 12:41:01 
Jun 14 12:41:01 
Jun 14 12:41:01 🔔美丽研究院, 结束! 🕛 0.449 秒
Jun 14 12:41:01 
Jun 14 12:41:01 $.token eyJ0eXAiOiJKV1QiLCJhbGciOiJIUzI1NiJ9.eyJpc3MiOiJodHRwOlwvXC8xMjcuMC4wLjE6OTUwMlwvYXBpXC9hdXRoIiwiaWF0IjoxNjIzNjQ1NjYxLCJleHAiOjE2MjM2ODg4NjEsIm5iZiI6MTYyMzY0NTY2MSwianRpIjoiRmRMR2xCOENOSU1OSHdDbiIsInN1YiI6MjkwNTM0MCwicHJ2IjoiMjNiZDVjODk0OWY2MDBhZGIzOWU3MDFjNDAwODcyZGI3YTU5NzZmNyJ9.FjcYfUH7zUvTch9FDZ53QHQXiV59xeqyynfTXceFDsc
Jun 14 12:41:01 wss://xinruimz-isv.isvjcloud.com/wss/?token=eyJ0eXAiOiJKV1QiLCJhbGciOiJIUzI1NiJ9.eyJpc3MiOiJodHRwOlwvXC8xMjcuMC4wLjE6OTUwMlwvYXBpXC9hdXRoIiwiaWF0IjoxNjIzNjQ1NjYxLCJleHAiOjE2MjM2ODg4NjEsIm5iZiI6MTYyMzY0NTY2MSwianRpIjoiRmRMR2xCOENOSU1OSHdDbiIsInN1YiI6MjkwNTM0MCwicHJ2IjoiMjNiZDVjODk0OWY2MDBhZGIzOWU3MDFjNDAwODcyZGI3YTU5NzZmNyJ9.FjcYfUH7zUvTch9FDZ53QHQXiV59xeqyynfTXceFDsc
Jun 14 19:41:00 
Jun 14 19:41:00 🔔美丽研究院, 开始!
Jun 14 19:41:00 您的cookie选择的是用&隔开
Jun 14 19:41:00 
Jun 14 19:41:00 
Jun 14 19:41:00 ====================共有2个京东账号Cookie=========
Jun 14 19:41:00 
Jun 14 19:41:00 
Jun 14 19:41:00 🔔美丽研究院, 开始!
Jun 14 19:41:00 您的cookie选择的是用&隔开
Jun 14 19:41:00 
Jun 14 19:41:00 
Jun 14 19:41:00 ====================共有2个京东账号Cookie=========
Jun 14 19:41:00 
Jun 14 19:41:00 ==================脚本执行- 北京时间(UTC+8)：6/14/2021, 7:41:00 PM=====================
Jun 14 19:41:00 
Jun 14 19:41:00 ==================脚本执行- 北京时间(UTC+8)：6/14/2021, 7:41:00 PM=====================
Jun 14 19:41:00 
Jun 14 19:41:00 
Jun 14 19:41:00 ******开始【京东账号1】455979050-14287437*********
Jun 14 19:41:00 
Jun 14 19:41:00 
Jun 14 19:41:00 ******开始【京东账号1】455979050-14287437*********
Jun 14 19:41:00 
Jun 14 19:41:00 AAEAIEQt5vcAg_hw8fZPtyZnhKtOTfb31-H8580JLMoQmSTP0
Jun 14 19:41:01 AAEAIEPkwhWQ-CZR7g0n4nhwM31NVepsm5P1ctzNFyMc4Y400
Jun 14 19:41:01 AAFgx0BNAEAJcIfdXslPFitNLcGojyVFY38xv25P1icHYIlR0S6AwCLLrQznKny5UY8LGYoKSXVWvabTjRKspL6fjK2B3E_c
Jun 14 19:41:01 AAFgx0BNAEBxrpCvpupjDflWHAg2sAywom916WHsUrUCnlajpKPVCMF6rWogtDoJBPYMkc-RcQQFJyEYolELS5E0feXJL3XV
Jun 14 19:41:01 "Response code 406 (Not Acceptable)"
Jun 14 19:41:01 美丽研究院 API请求失败，请检查网路重试
Jun 14 19:41:01 
Jun 14 19:41:01 
Jun 14 19:41:01 提示：请尝试换服务器ip或者设置"xinruimz-isv.isvjcloud.com"域名直连，或者自定义UA再次尝试(环境变量JD_USER_AGENT)
Jun 14 19:41:01 
Jun 14 19:41:01 
Jun 14 19:41:01 "Response code 406 (Not Acceptable)"
Jun 14 19:41:01 美丽研究院 API请求失败，请检查网路重试
Jun 14 19:41:01 
Jun 14 19:41:01 
Jun 14 19:41:01 提示：请尝试换服务器ip或者设置"xinruimz-isv.isvjcloud.com"域名直连，或者自定义UA再次尝试(环境变量JD_USER_AGENT)
Jun 14 19:41:01 
Jun 14 19:41:01 
Jun 14 19:41:01 
Jun 14 19:41:01 ******开始【京东账号2】jd_7a84de20543eb*********
Jun 14 19:41:01 
Jun 14 19:41:01 
Jun 14 19:41:01 ******开始【京东账号2】jd_7a84de20543eb*********
Jun 14 19:41:01 
Jun 14 19:41:01 AAEAIN_GOxn3ocvkuZiOaW8ijjmgnE36mgn94Mm8H3PiMdLN0
Jun 14 19:41:01 AAEAINwYLLBYkbz7d1T8ssl4wlNm9Up7-evUvfEKnIgOdNVA0
Jun 14 19:41:01 AAFgx0BNADCdL0VAZg0uvqC0JpIzDsvMAlhw1nx_7WuVoGpFU2qPeeVmnyXoq2Xd-n4KmBg2KDc
Jun 14 19:41:01 AAFgx0BNADDoTbSzxIdF0XlO1qjTorGNg4VGwWp1UZvr0rUCb2FoMJLSVPLUm-XOA0PuS0_p8m4
Jun 14 19:41:01 "Response code 403 (Forbidden)"
Jun 14 19:41:01 美丽研究院 API请求失败，请检查网路重试
Jun 14 19:41:01 
Jun 14 19:41:01 
Jun 14 19:41:01 提示：请尝试换服务器ip或者设置"xinruimz-isv.isvjcloud.com"域名直连，或者自定义UA再次尝试(环境变量JD_USER_AGENT)
Jun 14 19:41:01 
Jun 14 19:41:01 
Jun 14 19:41:01 
Jun 14 19:41:01 🔔美丽研究院, 结束! 🕛 0.488 秒
Jun 14 19:41:01 
Jun 14 19:41:01 "Response code 403 (Forbidden)"
Jun 14 19:41:01 美丽研究院 API请求失败，请检查网路重试
Jun 14 19:41:01 
Jun 14 19:41:01 
Jun 14 19:41:01 提示：请尝试换服务器ip或者设置"xinruimz-isv.isvjcloud.com"域名直连，或者自定义UA再次尝试(环境变量JD_USER_AGENT)
Jun 14 19:41:01 
Jun 14 19:41:01 
Jun 14 19:41:01 
Jun 14 19:41:01 🔔美丽研究院, 结束! 🕛 0.479 秒
Jun 14 19:41:01 
Jun 15 07:41:00Jun 15 07:41:00 
 
Jun 15 07:41:00Jun 15 07:41:00 🔔美丽研究院, 开始!
 🔔美丽研究院, 开始!
Jun 15 07:41:00 您的cookie选择的是用&隔开
Jun 15 07:41:00 
Jun 15 07:41:00 
Jun 15 07:41:00 ====================共有2个京东账号Cookie=========
Jun 15 07:41:00 
Jun 15 07:41:00 您的cookie选择的是用&隔开
Jun 15 07:41:00 
Jun 15 07:41:00 
Jun 15 07:41:00 ====================共有2个京东账号Cookie=========
Jun 15 07:41:00 
Jun 15 07:41:00 ==================脚本执行- 北京时间(UTC+8)：6/15/2021, 7:41:00 AM=====================
Jun 15 07:41:00Jun 15 07:41:00 ==================脚本执行- 北京时间(UTC+8)：6/15/2021, 7:41:00 AM=====================
 
Jun 15 07:41:00 
Jun 15 07:41:00 
Jun 15 07:41:00 ******开始【京东账号1】455979050-14287437*********
Jun 15 07:41:00 
Jun 15 07:41:00 
Jun 15 07:41:00 ******开始【京东账号1】455979050-14287437*********
Jun 15 07:41:00 
Jun 15 07:41:00 AAEAIOpHXpWsb3QZcQ3nTx1sCTJXU3-U_II4SZo1osrYYXpv0
Jun 15 07:41:00 AAEAIH36HZcr_7nZSv7xVG573jH6ACmWiij0SW4RmMRbgo9M0
Jun 15 07:41:00 AAFgx-kMAEBFFAcliwAbDtEaF-QVNJhgFaRTec6RnDB3GXXP2jtKFpDXHhnnDRkPmzeQH8Sk8rQMys2LgI3btKXYdNX8ptVf
Jun 15 07:41:00 AAFgx-kMAEBJ1_bgI_zE1gv4bdac4mgtcs0BSlc6dgAx-CTOAbaiADXkwZYx8CfAhy1S5lhkYR3jk1xZjfSDBmJJHw9zRRJ_
Jun 15 07:41:00 "Response code 403 (Forbidden)"
Jun 15 07:41:00 美丽研究院 API请求失败，请检查网路重试
Jun 15 07:41:00 
Jun 15 07:41:00 
Jun 15 07:41:00 提示：请尝试换服务器ip或者设置"xinruimz-isv.isvjcloud.com"域名直连，或者自定义UA再次尝试(环境变量JD_USER_AGENT)
Jun 15 07:41:00 
Jun 15 07:41:00 
Jun 15 07:41:00 "Response code 403 (Forbidden)"
Jun 15 07:41:00 美丽研究院 API请求失败，请检查网路重试
Jun 15 07:41:00 
Jun 15 07:41:00 
Jun 15 07:41:00 提示：请尝试换服务器ip或者设置"xinruimz-isv.isvjcloud.com"域名直连，或者自定义UA再次尝试(环境变量JD_USER_AGENT)
Jun 15 07:41:00 
Jun 15 07:41:00 
Jun 15 07:41:00 
Jun 15 07:41:00 ******开始【京东账号2】jd_7a84de20543eb*********
Jun 15 07:41:00 
Jun 15 07:41:00 
Jun 15 07:41:00 ******开始【京东账号2】jd_7a84de20543eb*********
Jun 15 07:41:00 
Jun 15 07:41:00 AAEAINww1waBghnLbJ4ORcKiVb7gnmt-k3RwaBpdjWtr9Rzs0
Jun 15 07:41:00 AAEAIEM5XBV09og5OstBl5xiP-61b6kbNKa28JkukMCHaJOm0
Jun 15 07:41:00 AAFgx-kMADBBGkoGMyf8DLyJS6Jqof1HD6XaWcW8yvuc042ufKWl1K0CtECE_W9mcle-LC5pork
Jun 15 07:41:00 AAFgx-kMADAC5POKF2w0h7ICAwCnTUPysuh7iVPQE3bSwivC7B3GCo7A7aI0zhCnvt5kK8es3M0
Jun 15 07:41:00 "Response code 403 (Forbidden)"
Jun 15 07:41:00 美丽研究院 API请求失败，请检查网路重试
Jun 15 07:41:00 
Jun 15 07:41:00 
Jun 15 07:41:00 提示：请尝试换服务器ip或者设置"xinruimz-isv.isvjcloud.com"域名直连，或者自定义UA再次尝试(环境变量JD_USER_AGENT)
Jun 15 07:41:00 
Jun 15 07:41:00 
Jun 15 07:41:00 
Jun 15 07:41:00 🔔美丽研究院, 结束! 🕛 0.518 秒
Jun 15 07:41:00 
Jun 15 07:41:00 $.token eyJ0eXAiOiJKV1QiLCJhbGciOiJIUzI1NiJ9.eyJpc3MiOiJodHRwOlwvXC8xMjcuMC4wLjE6OTUwMlwvYXBpXC9hdXRoIiwiaWF0IjoxNjIzNzE0MDYwLCJleHAiOjE2MjM3NTcyNjAsIm5iZiI6MTYyMzcxNDA2MCwianRpIjoieTRsNVZHdEdvVjN5a2w4aSIsInN1YiI6MjkwNTM0MCwicHJ2IjoiMjNiZDVjODk0OWY2MDBhZGIzOWU3MDFjNDAwODcyZGI3YTU5NzZmNyJ9.pF3Xa8nkuTLWDr3Uttj6LQyF12JkKnQbLLI0g-GoB7s
Jun 15 07:41:00 wss://xinruimz-isv.isvjcloud.com/wss/?token=eyJ0eXAiOiJKV1QiLCJhbGciOiJIUzI1NiJ9.eyJpc3MiOiJodHRwOlwvXC8xMjcuMC4wLjE6OTUwMlwvYXBpXC9hdXRoIiwiaWF0IjoxNjIzNzE0MDYwLCJleHAiOjE2MjM3NTcyNjAsIm5iZiI6MTYyMzcxNDA2MCwianRpIjoieTRsNVZHdEdvVjN5a2w4aSIsInN1YiI6MjkwNTM0MCwicHJ2IjoiMjNiZDVjODk0OWY2MDBhZGIzOWU3MDFjNDAwODcyZGI3YTU5NzZmNyJ9.pF3Xa8nkuTLWDr3Uttj6LQyF12JkKnQbLLI0g-GoB7s
Jun 15 12:41:00 
Jun 15 12:41:00 🔔美丽研究院, 开始!
Jun 15 12:41:00 您的cookie选择的是用&隔开
Jun 15 12:41:00 
Jun 15 12:41:00 
Jun 15 12:41:00 ====================共有2个京东账号Cookie=========
Jun 15 12:41:00 
Jun 15 12:41:00 
Jun 15 12:41:00 🔔美丽研究院, 开始!
Jun 15 12:41:00 您的cookie选择的是用&隔开
Jun 15 12:41:00 
Jun 15 12:41:00 
Jun 15 12:41:00 ====================共有2个京东账号Cookie=========
Jun 15 12:41:00 
Jun 15 12:41:00 ==================脚本执行- 北京时间(UTC+8)：6/15/2021, 12:41:00 PM=====================
Jun 15 12:41:00 
Jun 15 12:41:00 ==================脚本执行- 北京时间(UTC+8)：6/15/2021, 12:41:00 PM=====================
Jun 15 12:41:00 
Jun 15 12:41:00 
Jun 15 12:41:00 ******开始【京东账号1】455979050-14287437*********
Jun 15 12:41:00 
Jun 15 12:41:00 
Jun 15 12:41:00 ******开始【京东账号1】455979050-14287437*********
Jun 15 12:41:00 
Jun 15 12:41:00 AAEAIA06voaFjHP44-s1TqCergADnlPKfE6I_9Cn2oTv4aVt0
Jun 15 12:41:00 AAEAIEj34_tWcjsZbfcfMyNWfrAkc5lgqQ7S-7jTWDlNPvCc0
Jun 15 12:41:00 AAFgyC9cAECNZkmtDcd7z4Pa4pX7BVEC0vxkxTZ_BM6FUOMPkdFLroAXPWc3eIcaErJrzj5-Sw7ijRVPec0UjtE5koBaHa_h
Jun 15 12:41:00 AAFgyC9cAEBvrIfFLBscAjxXfTqVCESW94zKRB5lx2M3l-ss7A00gBkIGD2cSdlYuAkI6GrhJ2D5DttUWmwsCkqj5JnmvEQZ
Jun 15 12:41:00 "Response code 406 (Not Acceptable)"
Jun 15 12:41:00 美丽研究院 API请求失败，请检查网路重试
Jun 15 12:41:00 
Jun 15 12:41:00 
Jun 15 12:41:00 提示：请尝试换服务器ip或者设置"xinruimz-isv.isvjcloud.com"域名直连，或者自定义UA再次尝试(环境变量JD_USER_AGENT)
Jun 15 12:41:00 
Jun 15 12:41:00 
Jun 15 12:41:00 "Response code 406 (Not Acceptable)"
Jun 15 12:41:00 美丽研究院 API请求失败，请检查网路重试
Jun 15 12:41:00 
Jun 15 12:41:00 
Jun 15 12:41:00 提示：请尝试换服务器ip或者设置"xinruimz-isv.isvjcloud.com"域名直连，或者自定义UA再次尝试(环境变量JD_USER_AGENT)
Jun 15 12:41:00 
Jun 15 12:41:00 
Jun 15 12:41:00 
Jun 15 12:41:00 ******开始【京东账号2】jd_7a84de20543eb*********
Jun 15 12:41:00 
Jun 15 12:41:00 
Jun 15 12:41:00 ******开始【京东账号2】jd_7a84de20543eb*********
Jun 15 12:41:00 
Jun 15 12:41:00 AAEAILo_wgasbix7BvhnuuiJXIQ-SmzXqZ9a8lzuN6GhllD60
Jun 15 12:41:00 AAEAIIHIV34JDvDTl4PMR2RTjzly97zApyyG0fqnkFtX0w3i0
Jun 15 12:41:00 AAFgyC9cADBI7B2DIKyDpizNDDs3C_rq-LtqNj0GmyxN1c5jVJ1hZo1rysFBrX5Tg471sPkQhOY
Jun 15 12:41:00 AAFgyC9cADDTpdKO_SZSC6DcX4lIheJ9xibBZ4RXN9p5_DOsReUpBFDS1TaPwZw5txCow7xT8gY
Jun 15 12:41:00 "Response code 403 (Forbidden)"
Jun 15 12:41:00 美丽研究院 API请求失败，请检查网路重试
Jun 15 12:41:00 
Jun 15 12:41:00 
Jun 15 12:41:00 提示：请尝试换服务器ip或者设置"xinruimz-isv.isvjcloud.com"域名直连，或者自定义UA再次尝试(环境变量JD_USER_AGENT)
Jun 15 12:41:00 
Jun 15 12:41:00 
Jun 15 12:41:00 
Jun 15 12:41:00 🔔美丽研究院, 结束! 🕛 0.485 秒
Jun 15 12:41:00 
Jun 15 12:41:00 $.token eyJ0eXAiOiJKV1QiLCJhbGciOiJIUzI1NiJ9.eyJpc3MiOiJodHRwOlwvXC8xMjcuMC4wLjE6OTUwMlwvYXBpXC9hdXRoIiwiaWF0IjoxNjIzNzMyMDYwLCJleHAiOjE2MjM3NzUyNjAsIm5iZiI6MTYyMzczMjA2MCwianRpIjoicm54Y1pQNkZHaGFqWkVkYSIsInN1YiI6MjkwNTM0MCwicHJ2IjoiMjNiZDVjODk0OWY2MDBhZGIzOWU3MDFjNDAwODcyZGI3YTU5NzZmNyJ9.-E30QpL7Q0Ou3XEZwY8eqeLvFE79wDl0tpzchrCcKRc
Jun 15 12:41:00 wss://xinruimz-isv.isvjcloud.com/wss/?token=eyJ0eXAiOiJKV1QiLCJhbGciOiJIUzI1NiJ9.eyJpc3MiOiJodHRwOlwvXC8xMjcuMC4wLjE6OTUwMlwvYXBpXC9hdXRoIiwiaWF0IjoxNjIzNzMyMDYwLCJleHAiOjE2MjM3NzUyNjAsIm5iZiI6MTYyMzczMjA2MCwianRpIjoicm54Y1pQNkZHaGFqWkVkYSIsInN1YiI6MjkwNTM0MCwicHJ2IjoiMjNiZDVjODk0OWY2MDBhZGIzOWU3MDFjNDAwODcyZGI3YTU5NzZmNyJ9.-E30QpL7Q0Ou3XEZwY8eqeLvFE79wDl0tpzchrCcKRc
