Jun 14 10:20:00 
Jun 14 10:20:00 🔔京东资产变动通知, 开始!
Jun 14 10:20:00 您的cookie选择的是用&隔开
Jun 14 10:20:00 
Jun 14 10:20:00 
Jun 14 10:20:00 ====================共有2个京东账号Cookie=========
Jun 14 10:20:00 
Jun 14 10:20:00 
Jun 14 10:20:00 🔔京东资产变动通知, 开始!
Jun 14 10:20:00 您的cookie选择的是用&隔开
Jun 14 10:20:00 
Jun 14 10:20:00 
Jun 14 10:20:00 ====================共有2个京东账号Cookie=========
Jun 14 10:20:00 
Jun 14 10:20:00 ==================脚本执行- 北京时间(UTC+8)：6/14/2021, 10:20:00 AM=====================
Jun 14 10:20:00 
Jun 14 10:20:00 ==================脚本执行- 北京时间(UTC+8)：6/14/2021, 10:20:00 AM=====================
Jun 14 10:20:00 
Jun 14 10:20:00 
Jun 14 10:20:00 ********开始【京东账号1】诺咪兔******
Jun 14 10:20:00 
Jun 14 10:20:00 
Jun 14 10:20:00 ********开始【京东账号1】诺咪兔******
Jun 14 10:20:00 
Jun 14 10:20:01 2021-06-14日过期京豆：0
Jun 14 10:20:01 
Jun 14 10:20:01 2021-06-15日过期京豆：0
Jun 14 10:20:01 
Jun 14 10:20:01 2021-06-16日过期京豆：0
Jun 14 10:20:01 
Jun 14 10:20:01 2021-06-17日过期京豆：110
Jun 14 10:20:01 
Jun 14 10:20:01 2021-06-18日过期京豆：30
Jun 14 10:20:01 
Jun 14 10:20:01 2021-06-19日过期京豆：30
Jun 14 10:20:01 
Jun 14 10:20:01 2021-06-20日过期京豆：30
Jun 14 10:20:01 
Jun 14 10:20:01 2021-06-14日过期京豆：0
Jun 14 10:20:01 
Jun 14 10:20:01 2021-06-15日过期京豆：0
Jun 14 10:20:01 
Jun 14 10:20:01 2021-06-16日过期京豆：0
Jun 14 10:20:01 
Jun 14 10:20:01 2021-06-17日过期京豆：110
Jun 14 10:20:01 
Jun 14 10:20:01 2021-06-18日过期京豆：30
Jun 14 10:20:01 
Jun 14 10:20:01 2021-06-19日过期京豆：30
Jun 14 10:20:01 
Jun 14 10:20:01 2021-06-20日过期京豆：30
Jun 14 10:20:01 
Jun 14 10:20:01 
Jun 14 10:20:01 ==============📣系统通知📣==============
Jun 14 10:20:01 京东资产变动通知
Jun 14 10:20:01 账号1：诺咪兔
Jun 14 10:20:01 今日收入：277京豆 🐶
Jun 14 10:20:01 昨日收入：277京豆 🐶
Jun 14 10:20:01 昨日支出：0京豆 🐶
Jun 14 10:20:01 当前京豆：4472(今日将过期0)京豆🐶
Jun 14 10:20:01 当前总红包：11.34(今日总过期1.75)元 🧧
Jun 14 10:20:01 京喜红包：0.66(今日将过期0.35)元 🧧
Jun 14 10:20:01 极速红包：2.28(今日将过期1.00)元 🧧
Jun 14 10:20:01 京东红包：8.40(今日将过期0.40)元 🧧
Jun 14 10:20:01 健康红包：0.00(今日将过期0.00)元 🧧
Jun 14 10:20:01 
Jun 14 10:20:01 ==============📣系统通知📣==============
Jun 14 10:20:01 京东资产变动通知
Jun 14 10:20:01 账号1：诺咪兔
Jun 14 10:20:01 今日收入：277京豆 🐶
Jun 14 10:20:01 昨日收入：277京豆 🐶
Jun 14 10:20:01 昨日支出：0京豆 🐶
Jun 14 10:20:01 当前京豆：4472(今日将过期0)京豆🐶
Jun 14 10:20:01 当前总红包：11.34(今日总过期1.75)元 🧧
Jun 14 10:20:01 京喜红包：0.66(今日将过期0.35)元 🧧
Jun 14 10:20:01 极速红包：2.28(今日将过期1.00)元 🧧
Jun 14 10:20:01 京东红包：8.40(今日将过期0.40)元 🧧
Jun 14 10:20:01 健康红包：0.00(今日将过期0.00)元 🧧
Jun 14 10:20:01 
Jun 14 10:20:01 ********开始【京东账号2】jd_152055zny******
Jun 14 10:20:01 
Jun 14 10:20:01 
Jun 14 10:20:01 ********开始【京东账号2】jd_152055zny******
Jun 14 10:20:01 
Jun 14 10:20:01 2021-06-14日过期京豆：0
Jun 14 10:20:01 
Jun 14 10:20:01 2021-06-15日过期京豆：0
Jun 14 10:20:01 
Jun 14 10:20:01 2021-06-16日过期京豆：30
Jun 14 10:20:01 
Jun 14 10:20:01 2021-06-17日过期京豆：80
Jun 14 10:20:01 
Jun 14 10:20:01 2021-06-18日过期京豆：0
Jun 14 10:20:01 
Jun 14 10:20:01 2021-06-19日过期京豆：0
Jun 14 10:20:01 
Jun 14 10:20:01 2021-06-20日过期京豆：10
Jun 14 10:20:01 
Jun 14 10:20:01 2021-06-14日过期京豆：0
Jun 14 10:20:01 
Jun 14 10:20:01 2021-06-15日过期京豆：0
Jun 14 10:20:01 
Jun 14 10:20:01 2021-06-16日过期京豆：30
Jun 14 10:20:01 
Jun 14 10:20:01 2021-06-17日过期京豆：80
Jun 14 10:20:01 
Jun 14 10:20:01 2021-06-18日过期京豆：0
Jun 14 10:20:01 
Jun 14 10:20:01 2021-06-19日过期京豆：0
Jun 14 10:20:01 
Jun 14 10:20:01 2021-06-20日过期京豆：10
Jun 14 10:20:01 
Jun 14 10:20:01 
Jun 14 10:20:01 ==============📣系统通知📣==============
Jun 14 10:20:01 京东资产变动通知
Jun 14 10:20:01 账号2：jd_152055zny
Jun 14 10:20:01 今日收入：206京豆 🐶
Jun 14 10:20:01 昨日收入：126京豆 🐶
Jun 14 10:20:01 昨日支出：-10京豆 🐶
Jun 14 10:20:01 当前京豆：4479(今日将过期0)京豆🐶
Jun 14 10:20:01 当前总红包：1.41(今日总过期0.36)元 🧧
Jun 14 10:20:01 京喜红包：0.05(今日将过期0.05)元 🧧
Jun 14 10:20:01 极速红包：0.94(今日将过期0.31)元 🧧
Jun 14 10:20:01 京东红包：0.42(今日将过期0.00)元 🧧
Jun 14 10:20:01 健康红包：0.00(今日将过期0.00)元 🧧
Jun 14 10:20:01 
Jun 14 10:20:01 
Jun 14 10:20:01 您未提供server酱的SCKEY，取消微信推送消息通知🚫
Jun 14 10:20:01 
Jun 14 10:20:01 您未提供push+推送所需的PUSH_PLUS_TOKEN，取消push+推送消息通知🚫
Jun 14 10:20:01 
Jun 14 10:20:01 您未提供Bark的APP推送BARK_PUSH，取消Bark推送消息通知🚫
Jun 14 10:20:01 
Jun 14 10:20:01 您未提供telegram机器人推送所需的TG_BOT_TOKEN和TG_USER_ID，取消telegram推送消息通知🚫
Jun 14 10:20:01 
Jun 14 10:20:01 您未提供企业微信机器人推送所需的QYWX_KEY，取消企业微信推送消息通知🚫
Jun 14 10:20:01 
Jun 14 10:20:01 您未提供企业微信应用消息推送所需的QYWX_AM，取消企业微信应用消息推送消息通知🚫
Jun 14 10:20:01 
Jun 14 10:20:01 您未提供iGot的推送IGOT_PUSH_KEY，取消iGot推送消息通知🚫
Jun 14 10:20:01 
Jun 14 10:20:01 
Jun 14 10:20:01 ==============📣系统通知📣==============
Jun 14 10:20:01 京东资产变动通知
Jun 14 10:20:01 账号2：jd_152055zny
Jun 14 10:20:01 今日收入：206京豆 🐶
Jun 14 10:20:01 昨日收入：126京豆 🐶
Jun 14 10:20:01 昨日支出：-10京豆 🐶
Jun 14 10:20:01 当前京豆：4479(今日将过期0)京豆🐶
Jun 14 10:20:01 当前总红包：1.41(今日总过期0.36)元 🧧
Jun 14 10:20:01 京喜红包：0.05(今日将过期0.05)元 🧧
Jun 14 10:20:01 极速红包：0.94(今日将过期0.31)元 🧧
Jun 14 10:20:01 京东红包：0.42(今日将过期0.00)元 🧧
Jun 14 10:20:01 健康红包：0.00(今日将过期0.00)元 🧧
Jun 14 10:20:01 
Jun 14 10:20:01 
Jun 14 10:20:01 您未提供server酱的SCKEY，取消微信推送消息通知🚫
Jun 14 10:20:01 
Jun 14 10:20:01 您未提供push+推送所需的PUSH_PLUS_TOKEN，取消push+推送消息通知🚫
Jun 14 10:20:01 
Jun 14 10:20:01 您未提供Bark的APP推送BARK_PUSH，取消Bark推送消息通知🚫
Jun 14 10:20:01 
Jun 14 10:20:01 您未提供telegram机器人推送所需的TG_BOT_TOKEN和TG_USER_ID，取消telegram推送消息通知🚫
Jun 14 10:20:01 
Jun 14 10:20:01 您未提供企业微信机器人推送所需的QYWX_KEY，取消企业微信推送消息通知🚫
Jun 14 10:20:01 
Jun 14 10:20:01 您未提供企业微信应用消息推送所需的QYWX_AM，取消企业微信应用消息推送消息通知🚫
Jun 14 10:20:01 
Jun 14 10:20:01 您未提供iGot的推送IGOT_PUSH_KEY，取消iGot推送消息通知🚫
Jun 14 10:20:01 
Jun 14 10:20:01 钉钉发送通知消息成功🎉。
Jun 14 10:20:01 
Jun 14 10:20:01 
Jun 14 10:20:01 🔔京东资产变动通知, 结束! 🕛 1.051 秒
Jun 14 10:20:01 
Jun 14 10:20:01 钉钉发送通知消息成功🎉。
Jun 14 10:20:01 
Jun 14 10:20:01 
Jun 14 10:20:01 🔔京东资产变动通知, 结束! 🕛 1.077 秒
Jun 14 10:20:01 
Jun 15 10:20:00 
Jun 15 10:20:00 🔔京东资产变动通知, 开始!
Jun 15 10:20:00 
Jun 15 10:20:00 🔔京东资产变动通知, 开始!
Jun 15 10:20:00 您的cookie选择的是用&隔开
Jun 15 10:20:00 
Jun 15 10:20:00 
Jun 15 10:20:00 ====================共有2个京东账号Cookie=========
Jun 15 10:20:00 
Jun 15 10:20:00 您的cookie选择的是用&隔开
Jun 15 10:20:00 
Jun 15 10:20:00 
Jun 15 10:20:00 ====================共有2个京东账号Cookie=========
Jun 15 10:20:00 
Jun 15 10:20:00 ==================脚本执行- 北京时间(UTC+8)：6/15/2021, 10:20:00 AM=====================
Jun 15 10:20:00 
Jun 15 10:20:00 ==================脚本执行- 北京时间(UTC+8)：6/15/2021, 10:20:00 AM=====================
Jun 15 10:20:00 
Jun 15 10:20:01 
Jun 15 10:20:01 ********开始【京东账号1】诺咪兔******
Jun 15 10:20:01 
Jun 15 10:20:01 
Jun 15 10:20:01 ********开始【京东账号1】诺咪兔******
Jun 15 10:20:01 
Jun 15 10:20:01 2021-06-15日过期京豆：0
Jun 15 10:20:01 
Jun 15 10:20:01 2021-06-16日过期京豆：0
Jun 15 10:20:01 
Jun 15 10:20:01 2021-06-17日过期京豆：110
Jun 15 10:20:01 
Jun 15 10:20:01 2021-06-18日过期京豆：30
Jun 15 10:20:01 
Jun 15 10:20:01 2021-06-19日过期京豆：30
Jun 15 10:20:01 
Jun 15 10:20:01 2021-06-20日过期京豆：30
Jun 15 10:20:01 
Jun 15 10:20:01 2021-06-21日过期京豆：30
Jun 15 10:20:01 
Jun 15 10:20:01 2021-06-15日过期京豆：0
Jun 15 10:20:01 
Jun 15 10:20:01 2021-06-16日过期京豆：0
Jun 15 10:20:01 
Jun 15 10:20:01 2021-06-17日过期京豆：110
Jun 15 10:20:01 
Jun 15 10:20:01 2021-06-18日过期京豆：30
Jun 15 10:20:01 
Jun 15 10:20:01 2021-06-19日过期京豆：30
Jun 15 10:20:01 
Jun 15 10:20:01 2021-06-20日过期京豆：30
Jun 15 10:20:01 
Jun 15 10:20:01 2021-06-21日过期京豆：30
Jun 15 10:20:01 
Jun 15 10:20:01 
Jun 15 10:20:01 ==============📣系统通知📣==============
Jun 15 10:20:01 京东资产变动通知
Jun 15 10:20:01 账号1：诺咪兔
Jun 15 10:20:01 今日收入：131京豆 🐶
Jun 15 10:20:01 昨日收入：328京豆 🐶
Jun 15 10:20:01 昨日支出：0京豆 🐶
Jun 15 10:20:01 当前京豆：4654(今日将过期0)京豆🐶
Jun 15 10:20:01 当前总红包：11.29(今日总过期1.57)元 🧧
Jun 15 10:20:01 京喜红包：0.36(今日将过期0.01)元 🧧
Jun 15 10:20:01 极速红包：2.40(今日将过期1.28)元 🧧
Jun 15 10:20:01 京东红包：8.53(今日将过期0.28)元 🧧
Jun 15 10:20:01 健康红包：0.00(今日将过期0.00)元 🧧
Jun 15 10:20:01 
Jun 15 10:20:01 ==============📣系统通知📣==============
Jun 15 10:20:01 京东资产变动通知
Jun 15 10:20:01 账号1：诺咪兔
Jun 15 10:20:01 今日收入：131京豆 🐶
Jun 15 10:20:01 昨日收入：328京豆 🐶
Jun 15 10:20:01 昨日支出：0京豆 🐶
Jun 15 10:20:01 当前京豆：4654(今日将过期0)京豆🐶
Jun 15 10:20:01 当前总红包：11.29(今日总过期1.57)元 🧧
Jun 15 10:20:01 京喜红包：0.36(今日将过期0.01)元 🧧
Jun 15 10:20:01 极速红包：2.40(今日将过期1.28)元 🧧
Jun 15 10:20:01 京东红包：8.53(今日将过期0.28)元 🧧
Jun 15 10:20:01 健康红包：0.00(今日将过期0.00)元 🧧
Jun 15 10:20:01 
Jun 15 10:20:01 ********开始【京东账号2】jd_152055zny******
Jun 15 10:20:01 
Jun 15 10:20:01 
Jun 15 10:20:01 ********开始【京东账号2】jd_152055zny******
Jun 15 10:20:01 
Jun 15 10:20:01 2021-06-15日过期京豆：0
Jun 15 10:20:01 
Jun 15 10:20:01 2021-06-16日过期京豆：30
Jun 15 10:20:01 
Jun 15 10:20:01 2021-06-17日过期京豆：80
Jun 15 10:20:01 
Jun 15 10:20:01 2021-06-18日过期京豆：0
Jun 15 10:20:01 
Jun 15 10:20:01 2021-06-19日过期京豆：0
Jun 15 10:20:01 
Jun 15 10:20:01 2021-06-20日过期京豆：10
Jun 15 10:20:01 
Jun 15 10:20:01 2021-06-21日过期京豆：0
Jun 15 10:20:01 
Jun 15 10:20:01 2021-06-15日过期京豆：0
Jun 15 10:20:01 
Jun 15 10:20:01 2021-06-16日过期京豆：30
Jun 15 10:20:01 
Jun 15 10:20:01 2021-06-17日过期京豆：80
Jun 15 10:20:01 
Jun 15 10:20:01 2021-06-18日过期京豆：0
Jun 15 10:20:01 
Jun 15 10:20:01 2021-06-19日过期京豆：0
Jun 15 10:20:01 
Jun 15 10:20:01 2021-06-20日过期京豆：10
Jun 15 10:20:01 
Jun 15 10:20:01 2021-06-21日过期京豆：0
Jun 15 10:20:01 
Jun 15 10:20:01 
Jun 15 10:20:01 ==============📣系统通知📣==============
Jun 15 10:20:01 京东资产变动通知
Jun 15 10:20:01 账号2：jd_152055zny
Jun 15 10:20:01 今日收入：111京豆 🐶
Jun 15 10:20:01 昨日收入：259京豆 🐶
Jun 15 10:20:01 昨日支出：0京豆 🐶
Jun 15 10:20:01 当前京豆：4643(今日将过期0)京豆🐶
Jun 15 10:20:01 当前总红包：1.46(今日总过期0.99)元 🧧
Jun 15 10:20:01 京喜红包：0.00(今日将过期0.00)元 🧧
Jun 15 10:20:01 极速红包：0.63(今日将过期0.63)元 🧧
Jun 15 10:20:01 京东红包：0.83(今日将过期0.36)元 🧧
Jun 15 10:20:01 健康红包：0.00(今日将过期0.00)元 🧧
Jun 15 10:20:01 
Jun 15 10:20:01 
Jun 15 10:20:01 您未提供server酱的SCKEY，取消微信推送消息通知🚫
Jun 15 10:20:01 
Jun 15 10:20:01 您未提供push+推送所需的PUSH_PLUS_TOKEN，取消push+推送消息通知🚫
Jun 15 10:20:01 
Jun 15 10:20:01 您未提供Bark的APP推送BARK_PUSH，取消Bark推送消息通知🚫
Jun 15 10:20:01 
Jun 15 10:20:01 您未提供telegram机器人推送所需的TG_BOT_TOKEN和TG_USER_ID，取消telegram推送消息通知🚫
Jun 15 10:20:01 
Jun 15 10:20:01 您未提供企业微信机器人推送所需的QYWX_KEY，取消企业微信推送消息通知🚫
Jun 15 10:20:01 
Jun 15 10:20:01 您未提供企业微信应用消息推送所需的QYWX_AM，取消企业微信应用消息推送消息通知🚫
Jun 15 10:20:01 
Jun 15 10:20:01 您未提供iGot的推送IGOT_PUSH_KEY，取消iGot推送消息通知🚫
Jun 15 10:20:01 
Jun 15 10:20:01 
Jun 15 10:20:01 ==============📣系统通知📣==============
Jun 15 10:20:01 京东资产变动通知
Jun 15 10:20:01 账号2：jd_152055zny
Jun 15 10:20:01 今日收入：111京豆 🐶
Jun 15 10:20:01 昨日收入：259京豆 🐶
Jun 15 10:20:01 昨日支出：0京豆 🐶
Jun 15 10:20:01 当前京豆：4643(今日将过期0)京豆🐶
Jun 15 10:20:01 当前总红包：1.46(今日总过期0.99)元 🧧
Jun 15 10:20:01 京喜红包：0.00(今日将过期0.00)元 🧧
Jun 15 10:20:01 极速红包：0.63(今日将过期0.63)元 🧧
Jun 15 10:20:01 京东红包：0.83(今日将过期0.36)元 🧧
Jun 15 10:20:01 健康红包：0.00(今日将过期0.00)元 🧧
Jun 15 10:20:01 
Jun 15 10:20:01 
Jun 15 10:20:01 您未提供server酱的SCKEY，取消微信推送消息通知🚫
Jun 15 10:20:01 
Jun 15 10:20:01 您未提供push+推送所需的PUSH_PLUS_TOKEN，取消push+推送消息通知🚫
Jun 15 10:20:01 
Jun 15 10:20:01 您未提供Bark的APP推送BARK_PUSH，取消Bark推送消息通知🚫
Jun 15 10:20:01 
Jun 15 10:20:01 您未提供telegram机器人推送所需的TG_BOT_TOKEN和TG_USER_ID，取消telegram推送消息通知🚫
Jun 15 10:20:01 
Jun 15 10:20:01 您未提供企业微信机器人推送所需的QYWX_KEY，取消企业微信推送消息通知🚫
Jun 15 10:20:01 
Jun 15 10:20:01 您未提供企业微信应用消息推送所需的QYWX_AM，取消企业微信应用消息推送消息通知🚫
Jun 15 10:20:01 
Jun 15 10:20:01 您未提供iGot的推送IGOT_PUSH_KEY，取消iGot推送消息通知🚫
Jun 15 10:20:01 
Jun 15 10:20:01 钉钉发送通知消息成功🎉。
Jun 15 10:20:01 
Jun 15 10:20:01 
Jun 15 10:20:01 🔔京东资产变动通知, 结束! 🕛 1.009 秒
Jun 15 10:20:01 
Jun 15 10:20:01 钉钉发送通知消息成功🎉。
Jun 15 10:20:01 
Jun 15 10:20:01 
Jun 15 10:20:01 🔔京东资产变动通知, 结束! 🕛 1.025 秒
Jun 15 10:20:01 
