Jun 14 00:00:01 
Jun 14 00:00:01 🔔京东汽车, 开始!
Jun 14 00:00:01 您的cookie选择的是用&隔开
Jun 14 00:00:01 
Jun 14 00:00:01 
Jun 14 00:00:01 ====================共有2个京东账号Cookie=========
Jun 14 00:00:01 
Jun 14 00:00:01 
Jun 14 00:00:01 🔔京东汽车, 开始!
Jun 14 00:00:01 您的cookie选择的是用&隔开
Jun 14 00:00:01 
Jun 14 00:00:01 
Jun 14 00:00:01 ====================共有2个京东账号Cookie=========
Jun 14 00:00:01 
Jun 14 00:00:01 ==================脚本执行- 北京时间(UTC+8)：6/14/2021, 12:00:01 AM=====================
Jun 14 00:00:01 
Jun 14 00:00:01 ==================脚本执行- 北京时间(UTC+8)：6/14/2021, 12:00:01 AM=====================
Jun 14 00:00:01 
Jun 14 00:00:03 
Jun 14 00:00:03 ******开始【京东账号1】455979050-14287437*********
Jun 14 00:00:03 
Jun 14 00:00:03 
Jun 14 00:00:03 ******开始【京东账号1】455979050-14287437*********
Jun 14 00:00:03 
Jun 14 00:00:03 兑换结果：{"status":true,"data":{"result":1,"reason":null}}
Jun 14 00:00:04 兑换结果：{"status":true,"data":{"result":1,"reason":null}}
Jun 14 00:00:04 签到成功，获得10，已签到3天
Jun 14 00:00:05 您今天已签到，请明天再来
Jun 14 00:00:07 去做任务：参加京东汽车赛事
Jun 14 00:00:07 任务领取成功
Jun 14 00:00:08 任务完成成功
Jun 14 00:00:12 当前赛点：2135/500，可以兑换京豆，请打开APP兑换
Jun 14 00:00:12 
Jun 14 00:00:12 ==============📣系统通知📣==============
Jun 14 00:00:12 京东汽车
Jun 14 00:00:12 【京东账号1】455979050-14287437
Jun 14 00:00:12 签到成功，获得10，已签到3天
Jun 14 00:00:12 当前赛点：2135/500，可以兑换京豆，请打开APP兑换
Jun 14 00:00:12 
Jun 14 00:00:12 
Jun 14 00:00:12 ******开始【京东账号2】jd_7a84de20543eb*********
Jun 14 00:00:12 
Jun 14 00:00:22 兑换结果：{"status":true,"data":{"result":3,"reason":"可兑换京豆不足500"}}
Jun 14 00:00:22 签到成功，获得5，已签到5天
Jun 14 00:00:23 去做任务：参加京东汽车赛事
Jun 14 00:00:25 当前赛点：2135/500，可以兑换京豆，请打开APP兑换
Jun 14 00:00:25 
Jun 14 00:00:25 ==============📣系统通知📣==============
Jun 14 00:00:25 京东汽车
Jun 14 00:00:25 【京东账号1】455979050-14287437
Jun 14 00:00:25 签到失败，您今天已签到，请明天再来
Jun 14 00:00:25 当前赛点：2135/500，可以兑换京豆，请打开APP兑换
Jun 14 00:00:25 
Jun 14 00:00:25 
Jun 14 00:00:25 ******开始【京东账号2】jd_7a84de20543eb*********
Jun 14 00:00:25 
Jun 14 00:00:26 兑换结果：{"status":true,"data":{"result":3,"reason":"可兑换京豆不足500"}}
Jun 14 00:00:26 您今天已签到，请明天再来
Jun 14 00:00:29 任务领取成功
Jun 14 00:00:33 任务完成成功
Jun 14 00:00:47 当前赛点：430/500无法兑换京豆
Jun 14 00:00:47 
Jun 14 00:00:47 ==============📣系统通知📣==============
Jun 14 00:00:47 京东汽车
Jun 14 00:00:47 【京东账号2】jd_7a84de20543eb
Jun 14 00:00:47 签到成功，获得5，已签到5天
Jun 14 00:00:47 当前赛点：430/500，无法兑换京豆
Jun 14 00:00:47 
Jun 14 00:00:47 
Jun 14 00:00:47 🔔京东汽车, 结束! 🕛 45.876 秒
Jun 14 00:00:47 
Jun 14 00:01:07 当前赛点：430/500无法兑换京豆
Jun 14 00:01:07 
Jun 14 00:01:07 ==============📣系统通知📣==============
Jun 14 00:01:07 京东汽车
Jun 14 00:01:07 【京东账号2】jd_7a84de20543eb
Jun 14 00:01:07 签到失败，您今天已签到，请明天再来
Jun 14 00:01:07 当前赛点：430/500，无法兑换京豆
Jun 14 00:01:07 
Jun 14 00:01:07 
Jun 14 00:01:07 🔔京东汽车, 结束! 🕛 65.668 秒
Jun 14 00:01:07 
Jun 15 00:00:01 
Jun 15 00:00:01 🔔京东汽车, 开始!
Jun 15 00:00:01 您的cookie选择的是用&隔开
Jun 15 00:00:01 
Jun 15 00:00:01 
Jun 15 00:00:01 ====================共有2个京东账号Cookie=========
Jun 15 00:00:01 
Jun 15 00:00:01 ==================脚本执行- 北京时间(UTC+8)：6/15/2021, 12:00:01 AM=====================
Jun 15 00:00:01 
Jun 15 00:00:01 
Jun 15 00:00:01 🔔京东汽车, 开始!
Jun 15 00:00:01 您的cookie选择的是用&隔开
Jun 15 00:00:01 
Jun 15 00:00:01 
Jun 15 00:00:01 ====================共有2个京东账号Cookie=========
Jun 15 00:00:01 
Jun 15 00:00:02 ==================脚本执行- 北京时间(UTC+8)：6/15/2021, 12:00:01 AM=====================
Jun 15 00:00:02 
Jun 15 00:00:02 
Jun 15 00:00:02 ******开始【京东账号1】455979050-14287437*********
Jun 15 00:00:02 
Jun 15 00:00:02 
Jun 15 00:00:02 ******开始【京东账号1】455979050-14287437*********
Jun 15 00:00:02 
Jun 15 00:00:04 兑换结果：{"status":true,"data":{"result":1,"reason":null}}
Jun 15 00:00:06 兑换结果：{"status":true,"data":{"result":1,"reason":null}}
Jun 15 00:00:06 签到成功，获得null，已签到null天
Jun 15 00:00:08 签到成功，获得5，已签到4天
Jun 15 00:00:14 去做任务：参加京东汽车赛事
Jun 15 00:00:15 任务领取成功
Jun 15 00:00:21 任务完成成功
Jun 15 00:00:23 去做任务：参加京东汽车赛事
Jun 15 00:00:28 任务重复完成
Jun 15 00:00:30 当前赛点：2150/500，可以兑换京豆，请打开APP兑换
Jun 15 00:00:30 
Jun 15 00:00:30 ==============📣系统通知📣==============
Jun 15 00:00:30 京东汽车
Jun 15 00:00:30 【京东账号1】455979050-14287437
Jun 15 00:00:30 签到成功，获得5，已签到4天
Jun 15 00:00:30 当前赛点：2150/500，可以兑换京豆，请打开APP兑换
Jun 15 00:00:30 
Jun 15 00:00:30 
Jun 15 00:00:30 ******开始【京东账号2】jd_7a84de20543eb*********
Jun 15 00:00:30 
Jun 15 00:00:38 兑换结果：{"status":true,"data":{"result":3,"reason":"可兑换京豆不足500"}}
Jun 15 00:00:40 当前赛点：2150/500，可以兑换京豆，请打开APP兑换
Jun 15 00:00:40 
Jun 15 00:00:40 ==============📣系统通知📣==============
Jun 15 00:00:40 京东汽车
Jun 15 00:00:40 【京东账号1】455979050-14287437
Jun 15 00:00:40 签到成功，获得null，已签到null天
Jun 15 00:00:40 当前赛点：2150/500，可以兑换京豆，请打开APP兑换
Jun 15 00:00:40 
Jun 15 00:00:40 
Jun 15 00:00:40 ******开始【京东账号2】jd_7a84de20543eb*********
Jun 15 00:00:40 
Jun 15 00:00:40 兑换结果：{"status":true,"data":{"result":3,"reason":"可兑换京豆不足500"}}
Jun 15 00:00:41 签到成功，获得5，已签到6天
Jun 15 00:00:41 您今天已签到，请明天再来
Jun 15 00:00:42 去做任务：参加京东汽车赛事
Jun 15 00:00:42 任务领取成功
Jun 15 00:00:42 任务完成成功
Jun 15 00:00:44 当前赛点：445/500无法兑换京豆
Jun 15 00:00:44 
Jun 15 00:00:44 ==============📣系统通知📣==============
Jun 15 00:00:44 京东汽车
Jun 15 00:00:44 【京东账号2】jd_7a84de20543eb
Jun 15 00:00:44 签到成功，获得5，已签到6天
Jun 15 00:00:44 当前赛点：445/500，无法兑换京豆
Jun 15 00:00:44 
Jun 15 00:00:44 
Jun 15 00:00:44 🔔京东汽车, 结束! 🕛 43.322 秒
Jun 15 00:00:44 
Jun 15 00:01:12 当前赛点：445/500无法兑换京豆
Jun 15 00:01:12 
Jun 15 00:01:12 ==============📣系统通知📣==============
Jun 15 00:01:12 京东汽车
Jun 15 00:01:12 【京东账号2】jd_7a84de20543eb
Jun 15 00:01:12 签到失败，您今天已签到，请明天再来
Jun 15 00:01:12 当前赛点：445/500，无法兑换京豆
Jun 15 00:01:12 
Jun 15 00:01:12 
Jun 15 00:01:12 🔔京东汽车, 结束! 🕛 70.44 秒
Jun 15 00:01:12 
