
Jun 15 16:52:02 
Jun 15 16:52:02 🔔crazyJoy挂机, 开始!
Jun 15 16:52:02 
Jun 15 16:52:02 ====================共2个京东账号Cookie=========
Jun 15 16:52:02 
Jun 15 16:52:02 ==================脚本执行- 北京时间(UTC+8)：6/15/2021, 4:52:02 PM=====================
Jun 15 16:52:02 
Jun 15 16:52:02 
Jun 15 16:52:02 挂机开始，自动8s收一次金币
Jun 15 16:52:02 ============开始第1次挂机=============
Jun 15 16:52:03 
Jun 15 16:52:03 开始【京东账号1】455979050-14287437
Jun 15 16:52:03 
Jun 15 16:52:04 当前JOY分布情况
Jun 15 16:52:04 
Jun 15 16:52:04 30 31 32 33
Jun 15 16:52:04 34 34 34 34
Jun 15 16:52:04 34 34 34 34
Jun 15 16:52:04 
Jun 15 16:52:08 当前金币:2118380556921720
Jun 15 16:52:08 
Jun 15 16:52:08 此次在线收益：获得 383862702085 金币
Jun 15 16:52:14 当前信息：1418 京豆，2118380556921720 金币
Jun 15 16:52:14 
Jun 15 16:52:14 开始【京东账号2】jd_7a84de20543eb
Jun 15 16:52:14 
Jun 15 16:52:15 当前JOY分布情况
Jun 15 16:52:15 
Jun 15 16:52:15 30 31 32 33
Jun 15 16:52:15 34 34 34 34
Jun 15 16:52:15 34 34 34 34
Jun 15 16:52:15 
Jun 15 16:52:17 当前金币:2432725660405057
Jun 15 16:52:17 
Jun 15 16:52:17 此次在线收益：获得 383862702085 金币
Jun 15 16:52:24 当前信息：4 京豆，2432725660405057 金币
Jun 15 16:52:24 
Jun 15 16:52:24 
Jun 15 16:52:24 
Jun 15 16:52:24 ============开始第2次挂机=============
Jun 15 16:52:24 
Jun 15 16:52:24 开始【京东账号1】455979050-14287437
Jun 15 16:52:24 
Jun 15 16:52:25 当前JOY分布情况
Jun 15 16:52:25 
Jun 15 16:52:25 30 31 32 33
Jun 15 16:52:25 34 34 34 34
Jun 15 16:52:25 34 34 34 34
Jun 15 16:52:25 
Jun 15 16:52:29 此次在线收益：获得 0 金币
Jun 15 16:52:35 当前信息：1418 京豆，获取当前金币数量失败 金币
Jun 15 16:52:35 
Jun 15 16:52:35 开始【京东账号2】jd_7a84de20543eb
Jun 15 16:52:35 
Jun 15 16:52:36 当前JOY分布情况
Jun 15 16:52:36 
Jun 15 16:52:36 30 31 32 33
Jun 15 16:52:36 34 34 34 34
Jun 15 16:52:36 34 34 34 34
Jun 15 16:52:36 
Jun 15 16:52:39 当前金币:2433877248511312
Jun 15 16:52:39 
Jun 15 16:52:39 此次在线收益：获得 383862702085 金币
Jun 15 16:52:45 当前信息：4 京豆，2433877248511312 金币
Jun 15 16:52:45 
Jun 15 16:52:45 
Jun 15 16:52:45 
Jun 15 16:52:45 ============开始第3次挂机=============
Jun 15 16:52:45 
Jun 15 16:52:45 开始【京东账号1】455979050-14287437
Jun 15 16:52:45 
Jun 15 16:52:46 当前JOY分布情况
Jun 15 16:52:46 
Jun 15 16:52:46 30 31 32 33
Jun 15 16:52:46 34 34 34 34
Jun 15 16:52:46 34 34 34 34
Jun 15 16:52:46 
Jun 15 16:52:48 当前金币:2120299870432145
Jun 15 16:52:48 
Jun 15 16:52:48 此次在线收益：获得 383862702085 金币
Jun 15 16:52:54 当前信息：1418 京豆，2120299870432145 金币
Jun 15 16:52:54 
Jun 15 16:52:54 开始【京东账号2】jd_7a84de20543eb
Jun 15 16:52:54 
Jun 15 16:52:55 当前JOY分布情况
Jun 15 16:52:55 
Jun 15 16:52:55 30 31 32 33
Jun 15 16:52:55 34 34 34 34
Jun 15 16:52:55 34 34 34 34
Jun 15 16:52:55 
Jun 15 16:52:58 当前金币:2435028836617567
Jun 15 16:52:58 
Jun 15 16:52:58 此次在线收益：获得 383862702085 金币
Jun 15 16:53:04 当前信息：4 京豆，2435028836617567 金币
Jun 15 16:53:04 
Jun 15 16:53:04 
Jun 15 16:53:04 
Jun 15 16:53:04 ============开始第4次挂机=============
Jun 15 16:53:04 
Jun 15 16:53:04 开始【京东账号1】455979050-14287437
Jun 15 16:53:04 
Jun 15 16:53:05 当前JOY分布情况
Jun 15 16:53:05 
Jun 15 16:53:05 30 31 32 33
Jun 15 16:53:05 34 34 34 34
Jun 15 16:53:05 34 34 34 34
Jun 15 16:53:05 
Jun 15 16:53:08 此次在线收益：获得 0 金币
Jun 15 16:53:14 当前信息：1418 京豆，获取当前金币数量失败 金币
Jun 15 16:53:14 
Jun 15 16:53:14 开始【京东账号2】jd_7a84de20543eb
Jun 15 16:53:14 
Jun 15 16:53:15 当前JOY分布情况
Jun 15 16:53:15 
Jun 15 16:53:15 30 31 32 33
Jun 15 16:53:15 34 34 34 34
Jun 15 16:53:15 34 34 34 34
Jun 15 16:53:15 
Jun 15 16:53:27 当前信息：4 京豆，获取当前金币数量失败 金币
Jun 15 16:53:27 
Jun 15 16:53:27 
Jun 15 16:53:27 
Jun 15 16:53:27 ============开始第5次挂机=============
Jun 15 16:53:27 
Jun 15 16:53:27 开始【京东账号1】455979050-14287437
Jun 15 16:53:27 
Jun 15 16:53:28 当前JOY分布情况
Jun 15 16:53:28 
Jun 15 16:53:28 30 31 32 33
Jun 15 16:53:28 34 34 34 34
Jun 15 16:53:28 34 34 34 34
Jun 15 16:53:28 
Jun 15 16:53:30 当前金币:2122219183942570
Jun 15 16:53:30 
Jun 15 16:53:30 此次在线收益：获得 383862702085 金币
Jun 15 16:53:36 当前信息：1418 京豆，2122219183942570 金币
Jun 15 16:53:36 
Jun 15 16:53:36 开始【京东账号2】jd_7a84de20543eb
Jun 15 16:53:36 
Jun 15 16:53:37 当前JOY分布情况
Jun 15 16:53:37 
Jun 15 16:53:37 30 31 32 33
Jun 15 16:53:37 34 34 34 34
Jun 15 16:53:37 34 34 34 34
Jun 15 16:53:37 
Jun 15 16:53:39 此次在线收益：获得 0 金币
Jun 15 16:53:45 当前信息：4 京豆，获取当前金币数量失败 金币
Jun 15 16:53:45 
Jun 15 16:53:45 
Jun 15 16:53:45 
Jun 15 16:53:45 ============开始第6次挂机=============
Jun 15 16:53:45 
Jun 15 16:53:45 开始【京东账号1】455979050-14287437
Jun 15 16:53:45 
Jun 15 16:53:46 当前JOY分布情况
Jun 15 16:53:46 
Jun 15 16:53:46 30 31 32 33
Jun 15 16:53:46 34 34 34 34
Jun 15 16:53:46 34 34 34 34
Jun 15 16:53:46 
Jun 15 16:53:48 此次在线收益：获得 0 金币
Jun 15 16:53:55 当前信息：1418 京豆，获取当前金币数量失败 金币
Jun 15 16:53:55 
Jun 15 16:53:55 开始【京东账号2】jd_7a84de20543eb
Jun 15 16:53:55 
Jun 15 16:53:56 当前JOY分布情况
Jun 15 16:53:56 
Jun 15 16:53:56 30 31 32 33
Jun 15 16:53:56 34 34 34 34
Jun 15 16:53:56 34 34 34 34
Jun 15 16:53:56 
Jun 15 16:53:58 此次在线收益：获得 0 金币
Jun 15 16:54:04 当前信息：4 京豆，获取当前金币数量失败 金币
Jun 15 16:54:04 
Jun 15 16:54:04 
Jun 15 16:54:04 
Jun 15 16:54:04 ============开始第7次挂机=============
Jun 15 16:54:04 
Jun 15 16:54:04 开始【京东账号1】455979050-14287437
Jun 15 16:54:04 
Jun 15 16:54:05 当前JOY分布情况
Jun 15 16:54:05 
Jun 15 16:54:05 30 31 32 33
Jun 15 16:54:05 34 34 34 34
Jun 15 16:54:05 34 34 34 34
Jun 15 16:54:05 
Jun 15 16:54:07 当前金币:2124138497452995
Jun 15 16:54:07 
Jun 15 16:54:07 此次在线收益：获得 383862702085 金币
Jun 15 16:54:13 当前信息：1418 京豆，2124138497452995 金币
Jun 15 16:54:13 
Jun 15 16:54:13 开始【京东账号2】jd_7a84de20543eb
Jun 15 16:54:13 
Jun 15 16:54:14 当前JOY分布情况
Jun 15 16:54:14 
Jun 15 16:54:14 30 31 32 33
Jun 15 16:54:14 34 34 34 34
Jun 15 16:54:14 34 34 34 34
Jun 15 16:54:14 
Jun 15 16:54:17 当前金币:2438867463638417
Jun 15 16:54:17 
Jun 15 16:54:17 此次在线收益：获得 383862702085 金币
Jun 15 16:54:23 当前信息：4 京豆，2438867463638417 金币
Jun 15 16:54:23 
Jun 15 16:54:23 
Jun 15 16:54:23 
Jun 15 16:54:23 ============开始第8次挂机=============
Jun 15 16:54:23 
Jun 15 16:54:23 开始【京东账号1】455979050-14287437
Jun 15 16:54:23 
Jun 15 16:54:24 当前JOY分布情况
Jun 15 16:54:24 
Jun 15 16:54:24 30 31 32 33
Jun 15 16:54:24 34 34 34 34
Jun 15 16:54:24 34 34 34 34
Jun 15 16:54:24 
Jun 15 16:54:26 当前金币:2124906222857165
Jun 15 16:54:26 
Jun 15 16:54:26 此次在线收益：获得 383862702085 金币
Jun 15 16:54:32 当前信息：1418 京豆，2124906222857165 金币
Jun 15 16:54:32 
Jun 15 16:54:32 开始【京东账号2】jd_7a84de20543eb
Jun 15 16:54:32 
Jun 15 16:54:33 当前JOY分布情况
Jun 15 16:54:33 
Jun 15 16:54:33 30 31 32 33
Jun 15 16:54:33 34 34 34 34
Jun 15 16:54:33 34 34 34 34
Jun 15 16:54:33 
Jun 15 16:54:38 此次在线收益：获得 0 金币
Jun 15 16:54:44 当前信息：4 京豆，获取当前金币数量失败 金币
Jun 15 16:54:44 
Jun 15 16:54:44 
Jun 15 16:54:44 
Jun 15 16:54:44 ============开始第9次挂机=============
Jun 15 16:54:44 
Jun 15 16:54:44 开始【京东账号1】455979050-14287437
Jun 15 16:54:44 
Jun 15 16:54:45 当前JOY分布情况
Jun 15 16:54:45 
Jun 15 16:54:45 30 31 32 33
Jun 15 16:54:45 34 34 34 34
Jun 15 16:54:45 34 34 34 34
Jun 15 16:54:45 
Jun 15 16:54:47 当前金币:2126057810963420
Jun 15 16:54:47 
Jun 15 16:54:47 此次在线收益：获得 383862702085 金币
Jun 15 16:54:53 当前信息：1418 京豆，2126057810963420 金币
Jun 15 16:54:53 
Jun 15 16:54:53 开始【京东账号2】jd_7a84de20543eb
Jun 15 16:54:53 
Jun 15 16:54:54 当前JOY分布情况
Jun 15 16:54:54 
Jun 15 16:54:54 30 31 32 33
Jun 15 16:54:54 34 34 34 34
Jun 15 16:54:54 34 34 34 34
Jun 15 16:54:54 
Jun 15 16:54:56 当前金币:2440786777148842
Jun 15 16:54:56 
Jun 15 16:54:56 此次在线收益：获得 383862702085 金币
Jun 15 16:55:02 当前信息：4 京豆，2440786777148842 金币
Jun 15 16:55:02 
Jun 15 16:55:02 
Jun 15 16:55:02 
Jun 15 16:55:02 ============开始第10次挂机=============
Jun 15 16:55:02 
Jun 15 16:55:02 开始【京东账号1】455979050-14287437
Jun 15 16:55:02 
Jun 15 16:55:03 当前JOY分布情况
Jun 15 16:55:03 
Jun 15 16:55:03 30 31 32 33
Jun 15 16:55:03 34 34 34 34
Jun 15 16:55:03 34 34 34 34
Jun 15 16:55:03 
Jun 15 16:55:06 当前金币:2126825536367590
Jun 15 16:55:06 
Jun 15 16:55:06 此次在线收益：获得 383862702085 金币
Jun 15 16:55:12 当前信息：1418 京豆，2126825536367590 金币
Jun 15 16:55:12 
Jun 15 16:55:12 开始【京东账号2】jd_7a84de20543eb
Jun 15 16:55:12 
Jun 15 16:55:13 当前JOY分布情况
Jun 15 16:55:13 
Jun 15 16:55:13 30 31 32 33
Jun 15 16:55:13 34 34 34 34
Jun 15 16:55:13 34 34 34 34
Jun 15 16:55:13 
Jun 15 16:55:15 此次在线收益：获得 0 金币
Jun 15 16:55:21 当前信息：4 京豆，获取当前金币数量失败 金币
Jun 15 16:55:21 
Jun 15 16:55:21 
Jun 15 16:55:21 
Jun 15 16:55:21 ============开始第11次挂机=============
Jun 15 16:55:21 
Jun 15 16:55:21 开始【京东账号1】455979050-14287437
Jun 15 16:55:21 
Jun 15 16:55:22 当前JOY分布情况
Jun 15 16:55:22 
Jun 15 16:55:22 30 31 32 33
Jun 15 16:55:22 34 34 34 34
Jun 15 16:55:22 34 34 34 34
Jun 15 16:55:22 
Jun 15 16:55:33 当前信息：1418 京豆，获取当前金币数量失败 金币
Jun 15 16:55:33 
Jun 15 16:55:33 开始【京东账号2】jd_7a84de20543eb
Jun 15 16:55:33 
Jun 15 16:55:34 当前JOY分布情况
Jun 15 16:55:34 
Jun 15 16:55:34 30 31 32 33
Jun 15 16:55:34 34 34 34 34
Jun 15 16:55:34 34 34 34 34
Jun 15 16:55:34 
Jun 15 16:55:36 当前金币:2442706090659267
Jun 15 16:55:36 
Jun 15 16:55:36 此次在线收益：获得 383862702085 金币
Jun 15 16:55:42 当前信息：4 京豆，2442706090659267 金币
Jun 15 16:55:42 
Jun 15 16:55:42 
Jun 15 16:55:42 
Jun 15 16:55:42 ============开始第12次挂机=============
Jun 15 16:55:42 
Jun 15 16:55:42 开始【京东账号1】455979050-14287437
Jun 15 16:55:42 
Jun 15 16:55:43 当前JOY分布情况
Jun 15 16:55:43 
Jun 15 16:55:43 30 31 32 33
Jun 15 16:55:43 34 34 34 34
Jun 15 16:55:43 34 34 34 34
Jun 15 16:55:43 
Jun 15 16:55:45 当前金币:2128744849878015
Jun 15 16:55:45 
Jun 15 16:55:45 此次在线收益：获得 383862702085 金币
Jun 15 16:55:51 当前信息：1418 京豆，2128744849878015 金币
Jun 15 16:55:51 
Jun 15 16:55:51 开始【京东账号2】jd_7a84de20543eb
Jun 15 16:55:51 
Jun 15 16:55:52 当前JOY分布情况
Jun 15 16:55:52 
Jun 15 16:55:52 30 31 32 33
Jun 15 16:55:52 34 34 34 34
Jun 15 16:55:52 34 34 34 34
Jun 15 16:55:52 
Jun 15 16:55:55 当前金币:2443473816063437
Jun 15 16:55:55 
Jun 15 16:55:55 此次在线收益：获得 383862702085 金币
Jun 15 16:56:01 当前信息：4 京豆，2443473816063437 金币
Jun 15 16:56:01 
Jun 15 16:56:01 
Jun 15 16:56:01 
Jun 15 16:56:01 ============开始第13次挂机=============
Jun 15 16:56:01 
Jun 15 16:56:01 开始【京东账号1】455979050-14287437
Jun 15 16:56:01 
Jun 15 16:56:02 当前JOY分布情况
Jun 15 16:56:02 
Jun 15 16:56:02 30 31 32 33
Jun 15 16:56:02 34 34 34 34
Jun 15 16:56:02 34 34 34 34
Jun 15 16:56:02 
Jun 15 16:56:04 此次在线收益：获得 0 金币
Jun 15 16:56:10 当前信息：1418 京豆，获取当前金币数量失败 金币
Jun 15 16:56:10 
Jun 15 16:56:10 开始【京东账号2】jd_7a84de20543eb
Jun 15 16:56:10 
Jun 15 16:56:11 当前JOY分布情况
Jun 15 16:56:11 
Jun 15 16:56:11 30 31 32 33
Jun 15 16:56:11 34 34 34 34
Jun 15 16:56:11 34 34 34 34
Jun 15 16:56:11 
Jun 15 16:56:13 此次在线收益：获得 0 金币
Jun 15 16:56:19 当前信息：4 京豆，获取当前金币数量失败 金币
Jun 15 16:56:19 
Jun 15 16:56:19 
Jun 15 16:56:19 
Jun 15 16:56:19 ============开始第14次挂机=============
Jun 15 16:56:19 
Jun 15 16:56:19 开始【京东账号1】455979050-14287437
Jun 15 16:56:19 
Jun 15 16:56:20 当前JOY分布情况
Jun 15 16:56:20 
Jun 15 16:56:20 30 31 32 33
Jun 15 16:56:20 34 34 34 34
Jun 15 16:56:20 34 34 34 34
Jun 15 16:56:20 
Jun 15 16:56:23 当前金币:2130664163388440
Jun 15 16:56:23 
Jun 15 16:56:23 此次在线收益：获得 383862702085 金币
Jun 15 16:56:29 当前信息：1418 京豆，2130664163388440 金币
Jun 15 16:56:29 
Jun 15 16:56:29 开始【京东账号2】jd_7a84de20543eb
Jun 15 16:56:29 
Jun 15 16:56:30 当前JOY分布情况
Jun 15 16:56:30 
Jun 15 16:56:30 30 31 32 33
Jun 15 16:56:30 34 34 34 34
Jun 15 16:56:30 34 34 34 34
Jun 15 16:56:30 
Jun 15 16:56:32 当前金币:2445393129573862
Jun 15 16:56:32 
Jun 15 16:56:32 此次在线收益：获得 383862702085 金币
Jun 15 16:56:38 当前信息：4 京豆，2445393129573862 金币
Jun 15 16:56:38 
Jun 15 16:56:38 
Jun 15 16:56:38 
Jun 15 16:56:38 ============开始第15次挂机=============
Jun 15 16:56:38 
Jun 15 16:56:38 开始【京东账号1】455979050-14287437
Jun 15 16:56:38 
Jun 15 16:56:39 当前JOY分布情况
Jun 15 16:56:39 
Jun 15 16:56:39 30 31 32 33
Jun 15 16:56:39 34 34 34 34
Jun 15 16:56:39 34 34 34 34
Jun 15 16:56:39 
Jun 15 16:56:50 当前信息：1418 京豆，获取当前金币数量失败 金币
Jun 15 16:56:50 
Jun 15 16:56:50 开始【京东账号2】jd_7a84de20543eb
Jun 15 16:56:50 
Jun 15 16:56:51 当前JOY分布情况
Jun 15 16:56:51 
Jun 15 16:56:51 30 31 32 33
Jun 15 16:56:51 34 34 34 34
Jun 15 16:56:51 34 34 34 34
Jun 15 16:56:51 
Jun 15 16:56:53 此次在线收益：获得 0 金币
Jun 15 16:56:59 当前信息：4 京豆，获取当前金币数量失败 金币
Jun 15 16:56:59 
Jun 15 16:56:59 
Jun 15 16:56:59 
Jun 15 16:56:59 ============开始第16次挂机=============
Jun 15 16:56:59 
Jun 15 16:56:59 开始【京东账号1】455979050-14287437
Jun 15 16:56:59 
Jun 15 16:57:00 当前JOY分布情况
Jun 15 16:57:00 
Jun 15 16:57:00 30 31 32 33
Jun 15 16:57:00 34 34 34 34
Jun 15 16:57:00 34 34 34 34
Jun 15 16:57:00 
Jun 15 16:57:02 此次在线收益：获得 0 金币
Jun 15 16:57:09 当前信息：1418 京豆，获取当前金币数量失败 金币
Jun 15 16:57:09 
Jun 15 16:57:09 开始【京东账号2】jd_7a84de20543eb
Jun 15 16:57:09 
Jun 15 16:57:10 当前JOY分布情况
Jun 15 16:57:10 
Jun 15 16:57:10 30 31 32 33
Jun 15 16:57:10 34 34 34 34
Jun 15 16:57:10 34 34 34 34
Jun 15 16:57:10 
Jun 15 16:57:20 当前信息：4 京豆，获取当前金币数量失败 金币
Jun 15 16:57:20 
Jun 15 16:57:20 
Jun 15 16:57:20 
Jun 15 16:57:20 ============开始第17次挂机=============
Jun 15 16:57:20 
Jun 15 16:57:20 开始【京东账号1】455979050-14287437
Jun 15 16:57:20 
Jun 15 16:57:23 joy信息获取信息失败
Jun 15 16:57:26 此次在线收益：获得 0 金币
Jun 15 16:57:32 当前信息：1418 京豆，获取当前金币数量失败 金币
Jun 15 16:57:32 
Jun 15 16:57:32 开始【京东账号2】jd_7a84de20543eb
Jun 15 16:57:32 
Jun 15 16:57:33 当前JOY分布情况
Jun 15 16:57:33 
Jun 15 16:57:33 30 31 32 33
Jun 15 16:57:33 34 34 34 34
Jun 15 16:57:33 34 34 34 34
Jun 15 16:57:33 
Jun 15 16:57:36 当前金币:2448464031190542
Jun 15 16:57:36 
Jun 15 16:57:36 此次在线收益：获得 383862702085 金币
Jun 15 16:57:42 当前信息：4 京豆，2448464031190542 金币
Jun 15 16:57:42 
Jun 15 16:57:42 
Jun 15 16:57:42 
Jun 15 16:57:42 ============开始第18次挂机=============
Jun 15 16:57:42 
Jun 15 16:57:42 开始【京东账号1】455979050-14287437
Jun 15 16:57:42 
Jun 15 16:57:43 当前JOY分布情况
Jun 15 16:57:43 
Jun 15 16:57:43 30 31 32 33
Jun 15 16:57:43 34 34 34 34
Jun 15 16:57:43 34 34 34 34
Jun 15 16:57:43 
Jun 15 16:57:45 当前金币:2134118927707205
Jun 15 16:57:45 
Jun 15 16:57:45 此次在线收益：获得 383862702085 金币
Jun 15 16:57:51 当前信息：1418 京豆，2134118927707205 金币
Jun 15 16:57:51 
Jun 15 16:57:51 开始【京东账号2】jd_7a84de20543eb
Jun 15 16:57:51 
Jun 15 16:57:52 当前JOY分布情况
Jun 15 16:57:52 
Jun 15 16:57:52 30 31 32 33
Jun 15 16:57:52 34 34 34 34
Jun 15 16:57:52 34 34 34 34
Jun 15 16:57:52 
Jun 15 16:57:54 当前金币:2449231756594712
Jun 15 16:57:54 
Jun 15 16:57:54 此次在线收益：获得 383862702085 金币
Jun 15 16:58:00 当前信息：4 京豆，2449231756594712 金币
Jun 15 16:58:00 
Jun 15 16:58:00 
Jun 15 16:58:00 
Jun 15 16:58:00 ============开始第19次挂机=============
Jun 15 16:58:00 
Jun 15 16:58:00 开始【京东账号1】455979050-14287437
Jun 15 16:58:00 
Jun 15 16:58:01 当前JOY分布情况
Jun 15 16:58:01 
Jun 15 16:58:01 30 31 32 33
Jun 15 16:58:01 34 34 34 34
Jun 15 16:58:01 34 34 34 34
Jun 15 16:58:01 
Jun 15 16:58:03 此次在线收益：获得 0 金币
Jun 15 16:58:10 当前信息：1418 京豆，获取当前金币数量失败 金币
Jun 15 16:58:10 
Jun 15 16:58:10 开始【京东账号2】jd_7a84de20543eb
Jun 15 16:58:10 
Jun 15 16:58:11 当前JOY分布情况
Jun 15 16:58:11 
Jun 15 16:58:11 30 31 32 33
Jun 15 16:58:11 34 34 34 34
Jun 15 16:58:11 34 34 34 34
Jun 15 16:58:11 
Jun 15 16:58:13 当前金币:2449999481998882
Jun 15 16:58:13 
Jun 15 16:58:13 此次在线收益：获得 383862702085 金币
Jun 15 16:58:19 当前信息：4 京豆，2449999481998882 金币
Jun 15 16:58:19 
Jun 15 16:58:19 
Jun 15 16:58:19 
Jun 15 16:58:19 ============开始第20次挂机=============
Jun 15 16:58:19 
Jun 15 16:58:19 开始【京东账号1】455979050-14287437
Jun 15 16:58:19 
Jun 15 16:58:20 当前JOY分布情况
Jun 15 16:58:20 
Jun 15 16:58:20 30 31 32 33
Jun 15 16:58:20 34 34 34 34
Jun 15 16:58:20 34 34 34 34
Jun 15 16:58:20 
Jun 15 16:58:22 此次在线收益：获得 0 金币
Jun 15 16:58:28 当前信息：1418 京豆，获取当前金币数量失败 金币
Jun 15 16:58:28 
Jun 15 16:58:28 开始【京东账号2】jd_7a84de20543eb
Jun 15 16:58:28 
Jun 15 16:58:29 当前JOY分布情况
Jun 15 16:58:29 
Jun 15 16:58:29 30 31 32 33
Jun 15 16:58:29 34 34 34 34
Jun 15 16:58:29 34 34 34 34
Jun 15 16:58:29 
Jun 15 16:58:31 当前金币:2451151070105137
Jun 15 16:58:31 
Jun 15 16:58:31 此次在线收益：获得 383862702085 金币
Jun 15 16:58:38 当前信息：4 京豆，2451151070105137 金币
Jun 15 16:58:38 
Jun 15 16:58:38 
Jun 15 16:58:38 
Jun 15 16:58:38 ============开始第21次挂机=============
Jun 15 16:58:38 
Jun 15 16:58:38 开始【京东账号1】455979050-14287437
Jun 15 16:58:38 
Jun 15 16:58:39 当前JOY分布情况
Jun 15 16:58:39 
Jun 15 16:58:39 30 31 32 33
Jun 15 16:58:39 34 34 34 34
Jun 15 16:58:39 34 34 34 34
Jun 15 16:58:39 
Jun 15 16:58:41 当前金币:2136805966621800
Jun 15 16:58:41 
Jun 15 16:58:41 此次在线收益：获得 383862702085 金币
Jun 15 16:58:47 当前信息：1418 京豆，2136805966621800 金币
Jun 15 16:58:47 
Jun 15 16:58:47 开始【京东账号2】jd_7a84de20543eb
Jun 15 16:58:47 
Jun 15 16:58:48 当前JOY分布情况
Jun 15 16:58:48 
Jun 15 16:58:48 30 31 32 33
Jun 15 16:58:48 34 34 34 34
Jun 15 16:58:48 34 34 34 34
Jun 15 16:58:48 
Jun 15 16:58:49 金币补给领取成功，获得276381145501200金币
Jun 15 16:58:50 当前金币:3004681086511707
Jun 15 16:58:50 
Jun 15 16:58:50 此次在线收益：获得 383862702085 金币
Jun 15 16:58:56 当前信息：4 京豆，3004681086511707 金币
Jun 15 16:58:56 
Jun 15 16:58:56 
Jun 15 16:58:56 
Jun 15 16:58:56 ============开始第22次挂机=============
Jun 15 16:58:56 
Jun 15 16:58:56 开始【京东账号1】455979050-14287437
Jun 15 16:58:56 
Jun 15 16:58:57 当前JOY分布情况
Jun 15 16:58:57 
Jun 15 16:58:57 30 31 32 33
Jun 15 16:58:57 34 34 34 34
Jun 15 16:58:57 34 34 34 34
Jun 15 16:58:57 
Jun 15 16:58:58 金币补给领取成功，获得276381145501200金币
Jun 15 16:58:59 此次在线收益：获得 0 金币
Jun 15 16:59:05 当前信息：1418 京豆，获取当前金币数量失败 金币
Jun 15 16:59:05 
Jun 15 16:59:05 开始【京东账号2】jd_7a84de20543eb
Jun 15 16:59:05 
Jun 15 16:59:07 当前JOY分布情况
Jun 15 16:59:07 
Jun 15 16:59:07 30 31 32 33
Jun 15 16:59:07 34 34 34 34
Jun 15 16:59:07 34 34 34 34
Jun 15 16:59:07 
Jun 15 16:59:09 此次在线收益：获得 0 金币
Jun 15 16:59:15 当前信息：4 京豆，获取当前金币数量失败 金币
Jun 15 16:59:15 
Jun 15 16:59:15 
Jun 15 16:59:15 
Jun 15 16:59:15 ============开始第23次挂机=============
Jun 15 16:59:15 
Jun 15 16:59:15 开始【京东账号1】455979050-14287437
Jun 15 16:59:15 
Jun 15 16:59:16 当前JOY分布情况
Jun 15 16:59:16 
Jun 15 16:59:16 30 31 32 33
Jun 15 16:59:16 34 34 34 34
Jun 15 16:59:16 34 34 34 34
Jun 15 16:59:16 
Jun 15 16:59:18 此次在线收益：获得 0 金币
Jun 15 16:59:24 当前信息：1418 京豆，获取当前金币数量失败 金币
Jun 15 16:59:24 
Jun 15 16:59:24 开始【京东账号2】jd_7a84de20543eb
Jun 15 16:59:24 
Jun 15 16:59:25 当前JOY分布情况
Jun 15 16:59:25 
Jun 15 16:59:25 30 31 32 33
Jun 15 16:59:25 34 34 34 34
Jun 15 16:59:25 34 34 34 34
Jun 15 16:59:25 
Jun 15 16:59:27 此次在线收益：获得 0 金币
Jun 15 16:59:31 京豆信息获取信息失败
Jun 15 16:59:36 当前信息：0 京豆，获取当前金币数量失败 金币
Jun 15 16:59:36 
Jun 15 16:59:36 
Jun 15 16:59:36 
Jun 15 16:59:36 ============开始第24次挂机=============
Jun 15 16:59:36 
Jun 15 16:59:36 开始【京东账号1】455979050-14287437
Jun 15 16:59:36 
Jun 15 16:59:37 当前JOY分布情况
Jun 15 16:59:37 
Jun 15 16:59:37 30 31 32 33
Jun 15 16:59:37 34 34 34 34
Jun 15 16:59:37 34 34 34 34
Jun 15 16:59:37 
Jun 15 16:59:39 此次在线收益：获得 0 金币
Jun 15 16:59:45 当前信息：1418 京豆，获取当前金币数量失败 金币
Jun 15 16:59:45 
Jun 15 16:59:45 开始【京东账号2】jd_7a84de20543eb
Jun 15 16:59:45 
Jun 15 16:59:46 当前JOY分布情况
Jun 15 16:59:46 
Jun 15 16:59:46 30 31 32 33
Jun 15 16:59:46 34 34 34 34
Jun 15 16:59:46 34 34 34 34
Jun 15 16:59:46 
Jun 15 16:59:48 此次在线收益：获得 0 金币
Jun 15 16:59:55 当前信息：4 京豆，获取当前金币数量失败 金币
Jun 15 16:59:55 
Jun 15 16:59:55 
Jun 15 16:59:55 
Jun 15 16:59:55 ============开始第25次挂机=============
Jun 15 16:59:55 
Jun 15 16:59:55 开始【京东账号1】455979050-14287437
Jun 15 16:59:55 
Jun 15 16:59:56 当前JOY分布情况
Jun 15 16:59:56 
Jun 15 16:59:56 30 31 32 33
Jun 15 16:59:56 34 34 34 34
Jun 15 16:59:56 34 34 34 34
Jun 15 16:59:56 
Jun 15 16:59:59 当前金币:2693023021942965
Jun 15 16:59:59 
Jun 15 16:59:59 此次在线收益：获得 383862702085 金币
Jun 15 17:00:05 当前信息：1418 京豆，2693023021942965 金币
Jun 15 17:00:05 
Jun 15 17:00:05 开始【京东账号2】jd_7a84de20543eb
Jun 15 17:00:05 
Jun 15 17:00:06 当前JOY分布情况
Jun 15 17:00:06 
Jun 15 17:00:06 30 31 32 33
Jun 15 17:00:06 34 34 34 34
Jun 15 17:00:06 34 34 34 34
Jun 15 17:00:06 
Jun 15 17:00:10 当前金币:3008135850830472
Jun 15 17:00:10 
Jun 15 17:00:10 此次在线收益：获得 383862702085 金币
Jun 15 17:00:16 当前信息：4 京豆，3008135850830472 金币
Jun 15 17:00:16 
Jun 15 17:00:16 
Jun 15 17:00:16 
Jun 15 17:00:16 ============开始第26次挂机=============
Jun 15 17:00:16 
Jun 15 17:00:16 开始【京东账号1】455979050-14287437
Jun 15 17:00:16 
Jun 15 17:00:17 当前JOY分布情况
Jun 15 17:00:17 
Jun 15 17:00:17 30 31 32 33
Jun 15 17:00:17 34 34 34 34
Jun 15 17:00:17 34 34 34 34
Jun 15 17:00:17 
Jun 15 17:00:20 此次在线收益：获得 0 金币
Jun 15 17:00:26 当前信息：1418 京豆，获取当前金币数量失败 金币
Jun 15 17:00:26 
Jun 15 17:00:26 开始【京东账号2】jd_7a84de20543eb
Jun 15 17:00:26 
Jun 15 17:00:27 当前JOY分布情况
Jun 15 17:00:27 
Jun 15 17:00:27 30 31 32 33
Jun 15 17:00:27 34 34 34 34
Jun 15 17:00:27 34 34 34 34
Jun 15 17:00:27 
Jun 15 17:00:29 此次在线收益：获得 0 金币
Jun 15 17:00:35 当前信息：4 京豆，获取当前金币数量失败 金币
Jun 15 17:00:35 
Jun 15 17:00:35 
Jun 15 17:00:35 
Jun 15 17:00:35 ============开始第27次挂机=============
Jun 15 17:00:35 
Jun 15 17:00:35 开始【京东账号1】455979050-14287437
Jun 15 17:00:35 
Jun 15 17:00:36 当前JOY分布情况
Jun 15 17:00:36 
Jun 15 17:00:36 30 31 32 33
Jun 15 17:00:36 34 34 34 34
Jun 15 17:00:36 34 34 34 34
Jun 15 17:00:36 
Jun 15 17:00:38 此次在线收益：获得 0 金币
Jun 15 17:00:44 当前信息：1418 京豆，获取当前金币数量失败 金币
Jun 15 17:00:44 
Jun 15 17:00:44 开始【京东账号2】jd_7a84de20543eb
Jun 15 17:00:44 
Jun 15 17:00:46 当前JOY分布情况
Jun 15 17:00:46 
Jun 15 17:00:46 30 31 32 33
Jun 15 17:00:46 34 34 34 34
Jun 15 17:00:46 34 34 34 34
Jun 15 17:00:46 
Jun 15 17:00:48 当前金币:3010055164340897
Jun 15 17:00:48 
Jun 15 17:00:48 此次在线收益：获得 383862702085 金币
Jun 15 17:00:54 当前信息：4 京豆，3010055164340897 金币
Jun 15 17:00:54 
Jun 15 17:00:54 
Jun 15 17:00:54 
Jun 15 17:00:54 ============开始第28次挂机=============
Jun 15 17:00:55 
Jun 15 17:00:55 开始【京东账号1】455979050-14287437
Jun 15 17:00:55 
Jun 15 17:00:56 当前JOY分布情况
Jun 15 17:00:56 
Jun 15 17:00:56 30 31 32 33
Jun 15 17:00:56 34 34 34 34
Jun 15 17:00:56 34 34 34 34
Jun 15 17:00:56 
Jun 15 17:00:58 当前金币:2695710060857560
Jun 15 17:00:58 
Jun 15 17:00:58 此次在线收益：获得 383862702085 金币
Jun 15 17:01:04 当前信息：1418 京豆，2695710060857560 金币
Jun 15 17:01:04 
Jun 15 17:01:04 开始【京东账号2】jd_7a84de20543eb
Jun 15 17:01:04 
Jun 15 17:01:05 当前JOY分布情况
Jun 15 17:01:05 
Jun 15 17:01:05 30 31 32 33
Jun 15 17:01:05 34 34 34 34
Jun 15 17:01:05 34 34 34 34
Jun 15 17:01:05 
Jun 15 17:01:07 此次在线收益：获得 0 金币
Jun 15 17:01:13 当前信息：4 京豆，获取当前金币数量失败 金币
Jun 15 17:01:13 
Jun 15 17:01:13 
Jun 15 17:01:13 
Jun 15 17:01:13 ============开始第29次挂机=============
Jun 15 17:01:13 
Jun 15 17:01:13 开始【京东账号1】455979050-14287437
Jun 15 17:01:13 
Jun 15 17:01:14 当前JOY分布情况
Jun 15 17:01:14 
Jun 15 17:01:14 30 31 32 33
Jun 15 17:01:14 34 34 34 34
Jun 15 17:01:14 34 34 34 34
Jun 15 17:01:14 
Jun 15 17:01:16 此次在线收益：获得 0 金币
Jun 15 17:01:22 当前信息：1418 京豆，获取当前金币数量失败 金币
Jun 15 17:01:22 
Jun 15 17:01:22 开始【京东账号2】jd_7a84de20543eb
Jun 15 17:01:22 
Jun 15 17:01:23 当前JOY分布情况
Jun 15 17:01:23 
Jun 15 17:01:23 30 31 32 33
Jun 15 17:01:23 34 34 34 34
Jun 15 17:01:23 34 34 34 34
Jun 15 17:01:23 
Jun 15 17:01:26 当前金币:3011590615149237
Jun 15 17:01:26 
Jun 15 17:01:26 此次在线收益：获得 383862702085 金币
Jun 15 17:01:32 当前信息：4 京豆，3011590615149237 金币
Jun 15 17:01:32 
Jun 15 17:01:32 
Jun 15 17:01:32 
Jun 15 17:01:32 ============开始第30次挂机=============
Jun 15 17:01:32 
Jun 15 17:01:32 开始【京东账号1】455979050-14287437
Jun 15 17:01:32 
Jun 15 17:01:33 当前JOY分布情况
Jun 15 17:01:33 
Jun 15 17:01:33 30 31 32 33
Jun 15 17:01:33 34 34 34 34
Jun 15 17:01:33 34 34 34 34
Jun 15 17:01:33 
Jun 15 17:01:36 当前金币:2697629374367985
Jun 15 17:01:36 
Jun 15 17:01:36 此次在线收益：获得 383862702085 金币
Jun 15 17:01:42 当前信息：1418 京豆，2697629374367985 金币
Jun 15 17:01:42 
Jun 15 17:01:42 开始【京东账号2】jd_7a84de20543eb
Jun 15 17:01:42 
Jun 15 17:01:43 当前JOY分布情况
Jun 15 17:01:43 
Jun 15 17:01:43 30 31 32 33
Jun 15 17:01:43 34 34 34 34
Jun 15 17:01:43 34 34 34 34
Jun 15 17:01:43 
Jun 15 17:01:45 当前金币:3012742203255492
Jun 15 17:01:45 
Jun 15 17:01:45 此次在线收益：获得 383862702085 金币
Jun 15 17:01:51 当前信息：4 京豆，3012742203255492 金币
Jun 15 17:01:51 
Jun 15 17:01:51 
Jun 15 17:01:51 
Jun 15 17:01:51 ============开始第31次挂机=============
Jun 15 17:01:51 
Jun 15 17:01:51 开始【京东账号1】455979050-14287437
Jun 15 17:01:51 
Jun 15 17:01:52 当前JOY分布情况
Jun 15 17:01:52 
Jun 15 17:01:52 30 31 32 33
Jun 15 17:01:52 34 34 34 34
Jun 15 17:01:52 34 34 34 34
Jun 15 17:01:52 
Jun 15 17:02:08 当前信息：1418 京豆，获取当前金币数量失败 金币
Jun 15 17:02:08 
Jun 15 17:02:08 开始【京东账号2】jd_7a84de20543eb
Jun 15 17:02:08 
Jun 15 17:02:09 当前JOY分布情况
Jun 15 17:02:09 
Jun 15 17:02:09 30 31 32 33
Jun 15 17:02:09 34 34 34 34
Jun 15 17:02:09 34 34 34 34
Jun 15 17:02:09 
Jun 15 17:02:11 此次在线收益：获得 0 金币
Jun 15 17:02:17 当前信息：4 京豆，获取当前金币数量失败 金币
Jun 15 17:02:17 
Jun 15 17:02:17 
Jun 15 17:02:17 
Jun 15 17:02:17 ============开始第32次挂机=============
Jun 15 17:02:17 
Jun 15 17:02:17 开始【京东账号1】455979050-14287437
Jun 15 17:02:17 
Jun 15 17:02:18 当前JOY分布情况
Jun 15 17:02:18 
Jun 15 17:02:18 30 31 32 33
Jun 15 17:02:18 34 34 34 34
Jun 15 17:02:18 34 34 34 34
Jun 15 17:02:18 
Jun 15 17:02:20 此次在线收益：获得 0 金币
Jun 15 17:02:26 当前信息：1418 京豆，获取当前金币数量失败 金币
Jun 15 17:02:26 
Jun 15 17:02:26 开始【京东账号2】jd_7a84de20543eb
Jun 15 17:02:26 
Jun 15 17:02:27 当前JOY分布情况
Jun 15 17:02:27 
Jun 15 17:02:27 30 31 32 33
Jun 15 17:02:27 34 34 34 34
Jun 15 17:02:27 34 34 34 34
Jun 15 17:02:27 
Jun 15 17:02:30 此次在线收益：获得 0 金币
Jun 15 17:02:36 当前信息：4 京豆，获取当前金币数量失败 金币
Jun 15 17:02:36 
Jun 15 17:02:36 
Jun 15 17:02:36 
Jun 15 17:02:36 ============开始第33次挂机=============
Jun 15 17:02:36 
Jun 15 17:02:36 开始【京东账号1】455979050-14287437
Jun 15 17:02:36 
Jun 15 17:02:38 joy信息获取信息失败
Jun 15 17:02:41 当前金币:2700700275984665
Jun 15 17:02:41 
Jun 15 17:02:41 此次在线收益：获得 383862702085 金币
Jun 15 17:02:47 当前信息：1418 京豆，2700700275984665 金币
Jun 15 17:02:48 
Jun 15 17:02:48 开始【京东账号2】jd_7a84de20543eb
Jun 15 17:02:48 
Jun 15 17:02:49 当前JOY分布情况
Jun 15 17:02:49 
Jun 15 17:02:49 30 31 32 33
Jun 15 17:02:49 34 34 34 34
Jun 15 17:02:49 34 34 34 34
Jun 15 17:02:49 
Jun 15 17:02:51 此次在线收益：获得 0 金币
Jun 15 17:02:57 当前信息：4 京豆，获取当前金币数量失败 金币
Jun 15 17:02:57 
Jun 15 17:02:57 
Jun 15 17:02:57 
Jun 15 17:02:57 ============开始第34次挂机=============
Jun 15 17:02:57 
Jun 15 17:02:57 开始【京东账号1】455979050-14287437
Jun 15 17:02:57 
Jun 15 17:02:58 当前JOY分布情况
Jun 15 17:02:58 
Jun 15 17:02:58 30 31 32 33
Jun 15 17:02:58 34 34 34 34
Jun 15 17:02:58 34 34 34 34
Jun 15 17:02:58 
Jun 15 17:03:00 此次在线收益：获得 0 金币
Jun 15 17:03:06 当前信息：1418 京豆，获取当前金币数量失败 金币
Jun 15 17:03:06 
Jun 15 17:03:06 开始【京东账号2】jd_7a84de20543eb
Jun 15 17:03:06 
Jun 15 17:03:07 当前JOY分布情况
Jun 15 17:03:07 
Jun 15 17:03:07 30 31 32 33
Jun 15 17:03:07 34 34 34 34
Jun 15 17:03:07 34 34 34 34
Jun 15 17:03:07 
Jun 15 17:03:10 此次在线收益：获得 0 金币
Jun 15 17:03:16 当前信息：4 京豆，获取当前金币数量失败 金币
Jun 15 17:03:16 
Jun 15 17:03:16 
Jun 15 17:03:16 
Jun 15 17:03:16 ============开始第35次挂机=============
Jun 15 17:03:16 
Jun 15 17:03:16 开始【京东账号1】455979050-14287437
Jun 15 17:03:16 
Jun 15 17:03:17 当前JOY分布情况
Jun 15 17:03:17 
Jun 15 17:03:17 30 31 32 33
Jun 15 17:03:17 34 34 34 34
Jun 15 17:03:17 34 34 34 34
Jun 15 17:03:17 
Jun 15 17:03:19 当前金币:2702619589495090
Jun 15 17:03:19 
Jun 15 17:03:19 此次在线收益：获得 383862702085 金币
Jun 15 17:03:25 当前信息：1418 京豆，2702619589495090 金币
Jun 15 17:03:25 
Jun 15 17:03:25 开始【京东账号2】jd_7a84de20543eb
Jun 15 17:03:25 
Jun 15 17:03:26 当前JOY分布情况
Jun 15 17:03:26 
Jun 15 17:03:26 30 31 32 33
Jun 15 17:03:26 34 34 34 34
Jun 15 17:03:26 34 34 34 34
Jun 15 17:03:26 
Jun 15 17:03:28 当前金币:3017732418382597
Jun 15 17:03:28 
Jun 15 17:03:28 此次在线收益：获得 383862702085 金币
Jun 15 17:03:34 当前信息：4 京豆，3017732418382597 金币
Jun 15 17:03:34 
Jun 15 17:03:34 
Jun 15 17:03:34 
Jun 15 17:03:34 ============开始第36次挂机=============
Jun 15 17:03:34 
Jun 15 17:03:34 开始【京东账号1】455979050-14287437
Jun 15 17:03:34 
Jun 15 17:03:36 当前JOY分布情况
Jun 15 17:03:36 
Jun 15 17:03:36 30 31 32 33
Jun 15 17:03:36 34 34 34 34
Jun 15 17:03:36 34 34 34 34
Jun 15 17:03:36 
Jun 15 17:03:38 当前金币:2703387314899260
Jun 15 17:03:38 
Jun 15 17:03:38 此次在线收益：获得 383862702085 金币
Jun 15 17:03:44 当前信息：1418 京豆，2703387314899260 金币
Jun 15 17:03:44 
Jun 15 17:03:44 开始【京东账号2】jd_7a84de20543eb
Jun 15 17:03:44 
Jun 15 17:03:45 当前JOY分布情况
Jun 15 17:03:45 
Jun 15 17:03:45 30 31 32 33
Jun 15 17:03:45 34 34 34 34
Jun 15 17:03:45 34 34 34 34
Jun 15 17:03:45 
Jun 15 17:03:47 此次在线收益：获得 0 金币
Jun 15 17:03:53 当前信息：4 京豆，获取当前金币数量失败 金币
Jun 15 17:03:53 
Jun 15 17:03:53 
Jun 15 17:03:53 
Jun 15 17:03:53 ============开始第37次挂机=============
Jun 15 17:03:53 
Jun 15 17:03:53 开始【京东账号1】455979050-14287437
Jun 15 17:03:53 
Jun 15 17:03:54 当前JOY分布情况
Jun 15 17:03:54 
Jun 15 17:03:54 30 31 32 33
Jun 15 17:03:54 34 34 34 34
Jun 15 17:03:54 34 34 34 34
Jun 15 17:03:54 
Jun 15 17:03:56 此次在线收益：获得 0 金币
Jun 15 17:04:02 当前信息：1418 京豆，获取当前金币数量失败 金币
Jun 15 17:04:02 
Jun 15 17:04:02 开始【京东账号2】jd_7a84de20543eb
Jun 15 17:04:02 
Jun 15 17:04:03 当前JOY分布情况
Jun 15 17:04:03 
Jun 15 17:04:03 30 31 32 33
Jun 15 17:04:03 34 34 34 34
Jun 15 17:04:03 34 34 34 34
Jun 15 17:04:03 
Jun 15 17:04:06 此次在线收益：获得 0 金币
Jun 15 17:04:12 当前信息：4 京豆，获取当前金币数量失败 金币
Jun 15 17:04:12 
Jun 15 17:04:12 
Jun 15 17:04:12 
Jun 15 17:04:12 ============开始第38次挂机=============
Jun 15 17:04:12 
Jun 15 17:04:12 开始【京东账号1】455979050-14287437
Jun 15 17:04:12 
Jun 15 17:04:13 当前JOY分布情况
Jun 15 17:04:13 
Jun 15 17:04:13 30 31 32 33
Jun 15 17:04:13 34 34 34 34
Jun 15 17:04:13 34 34 34 34
Jun 15 17:04:13 
Jun 15 17:04:23 当前信息：1418 京豆，获取当前金币数量失败 金币
Jun 15 17:04:23 
Jun 15 17:04:23 开始【京东账号2】jd_7a84de20543eb
Jun 15 17:04:23 
Jun 15 17:04:25 当前JOY分布情况
Jun 15 17:04:25 
Jun 15 17:04:25 30 31 32 33
Jun 15 17:04:25 34 34 34 34
Jun 15 17:04:25 34 34 34 34
Jun 15 17:04:25 
Jun 15 17:04:27 此次在线收益：获得 0 金币
Jun 15 17:04:33 当前信息：4 京豆，获取当前金币数量失败 金币
Jun 15 17:04:33 
Jun 15 17:04:33 
Jun 15 17:04:33 
Jun 15 17:04:33 ============开始第39次挂机=============
Jun 15 17:04:33 
Jun 15 17:04:33 开始【京东账号1】455979050-14287437
Jun 15 17:04:33 
Jun 15 17:04:34 当前JOY分布情况
Jun 15 17:04:34 
Jun 15 17:04:34 30 31 32 33
Jun 15 17:04:34 34 34 34 34
Jun 15 17:04:34 34 34 34 34
Jun 15 17:04:34 
Jun 15 17:04:37 此次在线收益：获得 0 金币
Jun 15 17:04:43 当前信息：1418 京豆，获取当前金币数量失败 金币
Jun 15 17:04:43 
Jun 15 17:04:43 开始【京东账号2】jd_7a84de20543eb
Jun 15 17:04:43 
Jun 15 17:04:44 当前JOY分布情况
Jun 15 17:04:44 
Jun 15 17:04:44 30 31 32 33
Jun 15 17:04:44 34 34 34 34
Jun 15 17:04:44 34 34 34 34
Jun 15 17:04:44 
Jun 15 17:04:47 此次在线收益：获得 0 金币
Jun 15 17:04:53 当前信息：4 京豆，获取当前金币数量失败 金币
Jun 15 17:04:53 
Jun 15 17:04:53 
Jun 15 17:04:53 
Jun 15 17:04:53 ============开始第40次挂机=============
Jun 15 17:04:53 
Jun 15 17:04:53 开始【京东账号1】455979050-14287437
Jun 15 17:04:53 
Jun 15 17:04:54 当前JOY分布情况
Jun 15 17:04:54 
Jun 15 17:04:54 30 31 32 33
Jun 15 17:04:54 34 34 34 34
Jun 15 17:04:54 34 34 34 34
Jun 15 17:04:54 
Jun 15 17:04:56 当前金币:2706842079218025
Jun 15 17:04:56 
Jun 15 17:04:56 此次在线收益：获得 383862702085 金币
Jun 15 17:05:02 当前信息：1418 京豆，2706842079218025 金币
Jun 15 17:05:02 
Jun 15 17:05:02 开始【京东账号2】jd_7a84de20543eb
Jun 15 17:05:02 
Jun 15 17:05:03 当前JOY分布情况
Jun 15 17:05:03 
Jun 15 17:05:03 30 31 32 33
Jun 15 17:05:03 34 34 34 34
Jun 15 17:05:03 34 34 34 34
Jun 15 17:05:03 
Jun 15 17:05:07 当前金币:3021954908105532
Jun 15 17:05:07 
Jun 15 17:05:07 此次在线收益：获得 383862702085 金币
Jun 15 17:05:13 当前信息：4 京豆，3021954908105532 金币
Jun 15 17:05:13 
Jun 15 17:05:13 
Jun 15 17:05:13 
Jun 15 17:05:13 ============开始第41次挂机=============
Jun 15 17:05:13 
Jun 15 17:05:13 开始【京东账号1】455979050-14287437
Jun 15 17:05:13 
Jun 15 17:05:14 当前JOY分布情况
Jun 15 17:05:14 
Jun 15 17:05:14 30 31 32 33
Jun 15 17:05:14 34 34 34 34
Jun 15 17:05:14 34 34 34 34
Jun 15 17:05:14 
Jun 15 17:05:17 此次在线收益：获得 0 金币
Jun 15 17:05:23 当前信息：1418 京豆，获取当前金币数量失败 金币
Jun 15 17:05:23 
Jun 15 17:05:23 开始【京东账号2】jd_7a84de20543eb
Jun 15 17:05:23 
Jun 15 17:05:24 当前JOY分布情况
Jun 15 17:05:24 
Jun 15 17:05:24 30 31 32 33
Jun 15 17:05:24 34 34 34 34
Jun 15 17:05:24 34 34 34 34
Jun 15 17:05:24 
Jun 15 17:05:26 当前金币:3022722633509702
Jun 15 17:05:26 
Jun 15 17:05:26 此次在线收益：获得 383862702085 金币
Jun 15 17:05:32 当前信息：4 京豆，3022722633509702 金币
Jun 15 17:05:32 
Jun 15 17:05:32 
Jun 15 17:05:32 
Jun 15 17:05:32 ============开始第42次挂机=============
Jun 15 17:05:32 
Jun 15 17:05:32 开始【京东账号1】455979050-14287437
Jun 15 17:05:32 
Jun 15 17:05:33 当前JOY分布情况
Jun 15 17:05:33 
Jun 15 17:05:33 30 31 32 33
Jun 15 17:05:33 34 34 34 34
Jun 15 17:05:33 34 34 34 34
Jun 15 17:05:33 
Jun 15 17:05:35 当前金币:2708761392728450
Jun 15 17:05:35 
Jun 15 17:05:35 此次在线收益：获得 383862702085 金币
Jun 15 17:05:41 当前信息：1418 京豆，2708761392728450 金币
Jun 15 17:05:41 
Jun 15 17:05:41 开始【京东账号2】jd_7a84de20543eb
Jun 15 17:05:41 
Jun 15 17:05:42 当前JOY分布情况
Jun 15 17:05:42 
Jun 15 17:05:42 30 31 32 33
Jun 15 17:05:42 34 34 34 34
Jun 15 17:05:42 34 34 34 34
Jun 15 17:05:42 
Jun 15 17:05:45 当前金币:3023874221615957
Jun 15 17:05:45 
Jun 15 17:05:45 此次在线收益：获得 383862702085 金币
Jun 15 17:05:51 当前信息：4 京豆，3023874221615957 金币
Jun 15 17:05:51 
Jun 15 17:05:51 
Jun 15 17:05:51 
Jun 15 17:05:51 ============开始第43次挂机=============
Jun 15 17:05:51 
Jun 15 17:05:51 开始【京东账号1】455979050-14287437
Jun 15 17:05:51 
Jun 15 17:05:52 当前JOY分布情况
Jun 15 17:05:52 
Jun 15 17:05:52 30 31 32 33
Jun 15 17:05:52 34 34 34 34
Jun 15 17:05:52 34 34 34 34
Jun 15 17:05:52 
Jun 15 17:05:54 当前金币:2709529118132620
Jun 15 17:05:54 
Jun 15 17:05:54 此次在线收益：获得 383862702085 金币
Jun 15 17:06:00 当前信息：1418 京豆，2709529118132620 金币
Jun 15 17:06:00 
Jun 15 17:06:00 开始【京东账号2】jd_7a84de20543eb
Jun 15 17:06:00 
Jun 15 17:06:01 当前JOY分布情况
Jun 15 17:06:01 
Jun 15 17:06:01 30 31 32 33
Jun 15 17:06:01 34 34 34 34
Jun 15 17:06:01 34 34 34 34
Jun 15 17:06:01 
Jun 15 17:06:03 此次在线收益：获得 0 金币
Jun 15 17:06:10 当前信息：4 京豆，获取当前金币数量失败 金币
Jun 15 17:06:10 
Jun 15 17:06:10 
Jun 15 17:06:10 
Jun 15 17:06:10 ============开始第44次挂机=============
Jun 15 17:06:10 
Jun 15 17:06:10 开始【京东账号1】455979050-14287437
Jun 15 17:06:10 
Jun 15 17:06:11 当前JOY分布情况
Jun 15 17:06:11 
Jun 15 17:06:11 30 31 32 33
Jun 15 17:06:11 34 34 34 34
Jun 15 17:06:11 34 34 34 34
Jun 15 17:06:11 
Jun 15 17:06:13 此次在线收益：获得 0 金币
Jun 15 17:06:19 当前信息：1418 京豆，获取当前金币数量失败 金币
Jun 15 17:06:19 
Jun 15 17:06:19 开始【京东账号2】jd_7a84de20543eb
Jun 15 17:06:19 
Jun 15 17:06:20 当前JOY分布情况
Jun 15 17:06:20 
Jun 15 17:06:20 30 31 32 33
Jun 15 17:06:20 34 34 34 34
Jun 15 17:06:20 34 34 34 34
Jun 15 17:06:20 
Jun 15 17:06:22 此次在线收益：获得 0 金币
Jun 15 17:06:28 当前信息：4 京豆，获取当前金币数量失败 金币
Jun 15 17:06:28 
Jun 15 17:06:28 
Jun 15 17:06:28 
Jun 15 17:06:28 ============开始第45次挂机=============
Jun 15 17:06:28 
Jun 15 17:06:28 开始【京东账号1】455979050-14287437
Jun 15 17:06:28 
Jun 15 17:06:29 当前JOY分布情况
Jun 15 17:06:29 
Jun 15 17:06:29 30 31 32 33
Jun 15 17:06:29 34 34 34 34
Jun 15 17:06:29 34 34 34 34
Jun 15 17:06:29 
Jun 15 17:06:40 当前信息：1418 京豆，获取当前金币数量失败 金币
Jun 15 17:06:40 
Jun 15 17:06:40 开始【京东账号2】jd_7a84de20543eb
Jun 15 17:06:40 
Jun 15 17:06:41 当前JOY分布情况
Jun 15 17:06:41 
Jun 15 17:06:41 30 31 32 33
Jun 15 17:06:41 34 34 34 34
Jun 15 17:06:41 34 34 34 34
Jun 15 17:06:41 
Jun 15 17:06:44 此次在线收益：获得 0 金币
Jun 15 17:06:50 当前信息：4 京豆，获取当前金币数量失败 金币
Jun 15 17:06:50 
Jun 15 17:06:50 
Jun 15 17:06:50 
Jun 15 17:06:50 ============开始第46次挂机=============
Jun 15 17:06:50 
Jun 15 17:06:50 开始【京东账号1】455979050-14287437
Jun 15 17:06:50 
Jun 15 17:06:51 当前JOY分布情况
Jun 15 17:06:51 
Jun 15 17:06:51 30 31 32 33
Jun 15 17:06:51 34 34 34 34
Jun 15 17:06:51 34 34 34 34
Jun 15 17:06:51 
Jun 15 17:06:53 此次在线收益：获得 0 金币
Jun 15 17:06:59 当前信息：1418 京豆，获取当前金币数量失败 金币
Jun 15 17:06:59 
Jun 15 17:06:59 开始【京东账号2】jd_7a84de20543eb
Jun 15 17:06:59 
Jun 15 17:07:00 当前JOY分布情况
Jun 15 17:07:00 
Jun 15 17:07:00 30 31 32 33
Jun 15 17:07:00 34 34 34 34
Jun 15 17:07:00 34 34 34 34
Jun 15 17:07:00 
Jun 15 17:07:02 此次在线收益：获得 0 金币
Jun 15 17:07:08 当前信息：4 京豆，获取当前金币数量失败 金币
Jun 15 17:07:08 
Jun 15 17:07:08 
Jun 15 17:07:08 
Jun 15 17:07:08 ============开始第47次挂机=============
Jun 15 17:07:08 
Jun 15 17:07:08 开始【京东账号1】455979050-14287437
Jun 15 17:07:08 
Jun 15 17:07:10 当前JOY分布情况
Jun 15 17:07:10 
Jun 15 17:07:10 30 31 32 33
Jun 15 17:07:10 34 34 34 34
Jun 15 17:07:10 34 34 34 34
Jun 15 17:07:10 
Jun 15 17:07:12 当前金币:2713367745153470
Jun 15 17:07:12 
Jun 15 17:07:12 此次在线收益：获得 383862702085 金币
Jun 15 17:07:18 当前信息：1418 京豆，2713367745153470 金币
Jun 15 17:07:18 
Jun 15 17:07:18 开始【京东账号2】jd_7a84de20543eb
Jun 15 17:07:18 
Jun 15 17:07:19 当前JOY分布情况
Jun 15 17:07:19 
Jun 15 17:07:19 30 31 32 33
Jun 15 17:07:19 34 34 34 34
Jun 15 17:07:19 34 34 34 34
Jun 15 17:07:19 
Jun 15 17:07:22 当前金币:3028480574040977
Jun 15 17:07:22 
Jun 15 17:07:22 此次在线收益：获得 383862702085 金币
Jun 15 17:07:28 当前信息：4 京豆，3028480574040977 金币
Jun 15 17:07:28 
Jun 15 17:07:28 
Jun 15 17:07:28 
Jun 15 17:07:28 ============开始第48次挂机=============
Jun 15 17:07:28 
Jun 15 17:07:28 开始【京东账号1】455979050-14287437
Jun 15 17:07:28 
Jun 15 17:07:29 当前JOY分布情况
Jun 15 17:07:29 
Jun 15 17:07:29 30 31 32 33
Jun 15 17:07:29 34 34 34 34
Jun 15 17:07:29 34 34 34 34
Jun 15 17:07:29 
Jun 15 17:07:31 此次在线收益：获得 0 金币
Jun 15 17:07:37 当前信息：1418 京豆，获取当前金币数量失败 金币
Jun 15 17:07:37 
Jun 15 17:07:37 开始【京东账号2】jd_7a84de20543eb
Jun 15 17:07:37 
Jun 15 17:07:39 当前JOY分布情况
Jun 15 17:07:39 
Jun 15 17:07:39 30 31 32 33
Jun 15 17:07:39 34 34 34 34
Jun 15 17:07:39 34 34 34 34
Jun 15 17:07:39 
Jun 15 17:07:41 此次在线收益：获得 0 金币
Jun 15 17:07:47 当前信息：4 京豆，获取当前金币数量失败 金币
Jun 15 17:07:47 
Jun 15 17:07:47 
Jun 15 17:07:47 
Jun 15 17:07:47 ============开始第49次挂机=============
Jun 15 17:07:47 
Jun 15 17:07:47 开始【京东账号1】455979050-14287437
Jun 15 17:07:47 
Jun 15 17:07:49 当前JOY分布情况
Jun 15 17:07:49 
Jun 15 17:07:49 30 31 32 33
Jun 15 17:07:49 34 34 34 34
Jun 15 17:07:49 34 34 34 34
Jun 15 17:07:49 
Jun 15 17:07:51 当前金币:2715287058663895
Jun 15 17:07:51 
Jun 15 17:07:51 此次在线收益：获得 383862702085 金币
Jun 15 17:07:57 当前信息：1418 京豆，2715287058663895 金币
Jun 15 17:07:57 
Jun 15 17:07:57 开始【京东账号2】jd_7a84de20543eb
Jun 15 17:07:57 
Jun 15 17:07:58 当前JOY分布情况
Jun 15 17:07:58 
Jun 15 17:07:58 30 31 32 33
Jun 15 17:07:58 34 34 34 34
Jun 15 17:07:58 34 34 34 34
Jun 15 17:07:58 
Jun 15 17:08:03 当前金币:3030399887551402
Jun 15 17:08:03 
Jun 15 17:08:03 此次在线收益：获得 383862702085 金币
Jun 15 17:08:09 当前信息：4 京豆，3030399887551402 金币
Jun 15 17:08:09 
Jun 15 17:08:09 
Jun 15 17:08:09 
Jun 15 17:08:09 ============开始第50次挂机=============
Jun 15 17:08:09 
Jun 15 17:08:09 开始【京东账号1】455979050-14287437
Jun 15 17:08:09 
Jun 15 17:08:10 当前JOY分布情况
Jun 15 17:08:10 
Jun 15 17:08:10 30 31 32 33
Jun 15 17:08:10 34 34 34 34
Jun 15 17:08:10 34 34 34 34
Jun 15 17:08:10 
Jun 15 17:08:12 此次在线收益：获得 0 金币
Jun 15 17:08:18 当前信息：1418 京豆，获取当前金币数量失败 金币
Jun 15 17:08:18 
Jun 15 17:08:18 开始【京东账号2】jd_7a84de20543eb
Jun 15 17:08:18 
Jun 15 17:08:19 当前JOY分布情况
Jun 15 17:08:19 
Jun 15 17:08:19 30 31 32 33
Jun 15 17:08:19 34 34 34 34
Jun 15 17:08:19 34 34 34 34
Jun 15 17:08:19 
Jun 15 17:08:30 当前信息：4 京豆，获取当前金币数量失败 金币
Jun 15 17:08:30 
Jun 15 17:08:30 
Jun 15 17:08:30 
Jun 15 17:08:30 ============开始第51次挂机=============
Jun 15 17:08:30 
Jun 15 17:08:30 开始【京东账号1】455979050-14287437
Jun 15 17:08:30 
Jun 15 17:08:31 当前JOY分布情况
Jun 15 17:08:31 
Jun 15 17:08:31 30 31 32 33
Jun 15 17:08:31 34 34 34 34
Jun 15 17:08:31 34 34 34 34
Jun 15 17:08:31 
Jun 15 17:08:34 当前金币:2717206372174320
Jun 15 17:08:34 
Jun 15 17:08:34 此次在线收益：获得 383862702085 金币
Jun 15 17:08:37 京豆信息获取信息失败
Jun 15 17:08:42 当前信息：0 京豆，2717206372174320 金币
Jun 15 17:08:42 
Jun 15 17:08:42 开始【京东账号2】jd_7a84de20543eb
Jun 15 17:08:42 
Jun 15 17:08:43 当前JOY分布情况
Jun 15 17:08:43 
Jun 15 17:08:43 30 31 32 33
Jun 15 17:08:43 34 34 34 34
Jun 15 17:08:43 34 34 34 34
Jun 15 17:08:43 
Jun 15 17:08:46 此次在线收益：获得 0 金币
Jun 15 17:08:52 当前信息：4 京豆，获取当前金币数量失败 金币
Jun 15 17:08:52 
Jun 15 17:08:52 
Jun 15 17:08:52 
Jun 15 17:08:52 ============开始第52次挂机=============
Jun 15 17:08:52 
Jun 15 17:08:52 开始【京东账号1】455979050-14287437
Jun 15 17:08:52 
Jun 15 17:08:53 当前JOY分布情况
Jun 15 17:08:53 
Jun 15 17:08:53 30 31 32 33
Jun 15 17:08:53 34 34 34 34
Jun 15 17:08:53 34 34 34 34
Jun 15 17:08:53 
Jun 15 17:08:55 当前金币:2718357960280575
Jun 15 17:08:55 
Jun 15 17:08:55 此次在线收益：获得 383862702085 金币
Jun 15 17:09:01 当前信息：1418 京豆，2718357960280575 金币
Jun 15 17:09:01 
Jun 15 17:09:01 开始【京东账号2】jd_7a84de20543eb
Jun 15 17:09:01 
Jun 15 17:09:02 当前JOY分布情况
Jun 15 17:09:02 
Jun 15 17:09:02 30 31 32 33
Jun 15 17:09:02 34 34 34 34
Jun 15 17:09:02 34 34 34 34
Jun 15 17:09:02 
Jun 15 17:09:13 当前信息：4 京豆，获取当前金币数量失败 金币
Jun 15 17:09:13 
Jun 15 17:09:13 
Jun 15 17:09:13 
Jun 15 17:09:13 ============开始第53次挂机=============
Jun 15 17:09:14 
Jun 15 17:09:14 开始【京东账号1】455979050-14287437
Jun 15 17:09:14 
Jun 15 17:09:15 当前JOY分布情况
Jun 15 17:09:15 
Jun 15 17:09:15 30 31 32 33
Jun 15 17:09:15 34 34 34 34
Jun 15 17:09:15 34 34 34 34
Jun 15 17:09:15 
Jun 15 17:09:17 此次在线收益：获得 0 金币
Jun 15 17:09:23 当前信息：1418 京豆，获取当前金币数量失败 金币
Jun 15 17:09:23 
Jun 15 17:09:23 开始【京东账号2】jd_7a84de20543eb
Jun 15 17:09:23 
Jun 15 17:09:24 当前JOY分布情况
Jun 15 17:09:24 
Jun 15 17:09:24 30 31 32 33
Jun 15 17:09:24 34 34 34 34
Jun 15 17:09:24 34 34 34 34
Jun 15 17:09:24 
Jun 15 17:09:26 此次在线收益：获得 0 金币
Jun 15 17:09:32 当前信息：4 京豆，获取当前金币数量失败 金币
Jun 15 17:09:32 
Jun 15 17:09:32 
Jun 15 17:09:32 
Jun 15 17:09:32 ============开始第54次挂机=============
Jun 15 17:09:32 
Jun 15 17:09:32 开始【京东账号1】455979050-14287437
Jun 15 17:09:32 
Jun 15 17:09:33 当前JOY分布情况
Jun 15 17:09:33 
Jun 15 17:09:33 30 31 32 33
Jun 15 17:09:33 34 34 34 34
Jun 15 17:09:33 34 34 34 34
Jun 15 17:09:33 
Jun 15 17:09:36 当前金币:2720277273791000
Jun 15 17:09:36 
Jun 15 17:09:36 此次在线收益：获得 383862702085 金币
Jun 15 17:09:42 当前信息：1418 京豆，2720277273791000 金币
Jun 15 17:09:42 
Jun 15 17:09:42 开始【京东账号2】jd_7a84de20543eb
Jun 15 17:09:42 
Jun 15 17:09:43 当前JOY分布情况
Jun 15 17:09:43 
Jun 15 17:09:43 30 31 32 33
Jun 15 17:09:43 34 34 34 34
Jun 15 17:09:43 34 34 34 34
Jun 15 17:09:43 
Jun 15 17:09:45 当前金币:3035390102678507
Jun 15 17:09:45 
Jun 15 17:09:45 此次在线收益：获得 383862702085 金币
Jun 15 17:09:51 当前信息：4 京豆，3035390102678507 金币
Jun 15 17:09:51 
Jun 15 17:09:51 
Jun 15 17:09:51 
Jun 15 17:09:51 ============开始第55次挂机=============
Jun 15 17:09:51 
Jun 15 17:09:51 开始【京东账号1】455979050-14287437
Jun 15 17:09:51 
Jun 15 17:09:52 当前JOY分布情况
Jun 15 17:09:52 
Jun 15 17:09:52 30 31 32 33
Jun 15 17:09:52 34 34 34 34
Jun 15 17:09:52 34 34 34 34
Jun 15 17:09:52 
Jun 15 17:09:54 当前金币:2721044999195170
Jun 15 17:09:54 
Jun 15 17:09:54 此次在线收益：获得 383862702085 金币
Jun 15 17:10:00 当前信息：1418 京豆，2721044999195170 金币
Jun 15 17:10:00 
Jun 15 17:10:00 开始【京东账号2】jd_7a84de20543eb
Jun 15 17:10:00 
Jun 15 17:10:01 当前JOY分布情况
Jun 15 17:10:01 
Jun 15 17:10:01 30 31 32 33
Jun 15 17:10:01 34 34 34 34
Jun 15 17:10:01 34 34 34 34
Jun 15 17:10:01 
Jun 15 17:10:03 此次在线收益：获得 0 金币
Jun 15 17:10:09 当前信息：4 京豆，获取当前金币数量失败 金币
Jun 15 17:10:09 
Jun 15 17:10:09 
Jun 15 17:10:09 
Jun 15 17:10:09 ============开始第56次挂机=============
Jun 15 17:10:09 
Jun 15 17:10:09 开始【京东账号1】455979050-14287437
Jun 15 17:10:09 
Jun 15 17:10:11 当前JOY分布情况
Jun 15 17:10:11 
Jun 15 17:10:11 30 31 32 33
Jun 15 17:10:11 34 34 34 34
Jun 15 17:10:11 34 34 34 34
Jun 15 17:10:11 
Jun 15 17:10:13 此次在线收益：获得 0 金币
Jun 15 17:10:19 当前信息：1418 京豆，获取当前金币数量失败 金币
Jun 15 17:10:19 
Jun 15 17:10:19 开始【京东账号2】jd_7a84de20543eb
Jun 15 17:10:19 
Jun 15 17:10:20 当前JOY分布情况
Jun 15 17:10:20 
Jun 15 17:10:20 30 31 32 33
Jun 15 17:10:20 34 34 34 34
Jun 15 17:10:20 34 34 34 34
Jun 15 17:10:20 
Jun 15 17:10:30 当前信息：4 京豆，获取当前金币数量失败 金币
Jun 15 17:10:30 
Jun 15 17:10:30 
Jun 15 17:10:30 
Jun 15 17:10:30 ============开始第57次挂机=============
Jun 15 17:10:30 
Jun 15 17:10:30 开始【京东账号1】455979050-14287437
Jun 15 17:10:30 
Jun 15 17:10:32 当前JOY分布情况
Jun 15 17:10:32 
Jun 15 17:10:32 30 31 32 33
Jun 15 17:10:32 34 34 34 34
Jun 15 17:10:32 34 34 34 34
Jun 15 17:10:32 
Jun 15 17:10:34 当前金币:2722580450003510
Jun 15 17:10:34 
Jun 15 17:10:34 此次在线收益：获得 383862702085 金币
Jun 15 17:10:40 当前信息：1418 京豆，2722580450003510 金币
Jun 15 17:10:40 
Jun 15 17:10:40 开始【京东账号2】jd_7a84de20543eb
Jun 15 17:10:40 
Jun 15 17:10:41 当前JOY分布情况
Jun 15 17:10:41 
Jun 15 17:10:41 30 31 32 33
Jun 15 17:10:41 34 34 34 34
Jun 15 17:10:41 34 34 34 34
Jun 15 17:10:41 
Jun 15 17:10:45 此次在线收益：获得 0 金币
Jun 15 17:10:51 当前信息：4 京豆，获取当前金币数量失败 金币
Jun 15 17:10:51 
Jun 15 17:10:51 
Jun 15 17:10:51 
Jun 15 17:10:51 ============开始第58次挂机=============
Jun 15 17:10:51 
Jun 15 17:10:51 开始【京东账号1】455979050-14287437
Jun 15 17:10:51 
Jun 15 17:10:54 joy信息获取信息失败
Jun 15 17:10:57 当前金币:2723732038109765
Jun 15 17:10:57 
Jun 15 17:10:57 此次在线收益：获得 383862702085 金币
Jun 15 17:11:03 当前信息：1418 京豆，2723732038109765 金币
Jun 15 17:11:03 
Jun 15 17:11:03 开始【京东账号2】jd_7a84de20543eb
Jun 15 17:11:03 
Jun 15 17:11:04 当前JOY分布情况
Jun 15 17:11:04 
Jun 15 17:11:04 30 31 32 33
Jun 15 17:11:04 34 34 34 34
Jun 15 17:11:04 34 34 34 34
Jun 15 17:11:04 
Jun 15 17:11:06 当前金币:3039228729699357
Jun 15 17:11:06 
Jun 15 17:11:06 此次在线收益：获得 383862702085 金币
Jun 15 17:11:13 当前信息：4 京豆，3039228729699357 金币
Jun 15 17:11:13 
Jun 15 17:11:13 
Jun 15 17:11:13 
Jun 15 17:11:13 ============开始第59次挂机=============
Jun 15 17:11:13 
Jun 15 17:11:13 开始【京东账号1】455979050-14287437
Jun 15 17:11:13 
Jun 15 17:11:14 当前JOY分布情况
Jun 15 17:11:14 
Jun 15 17:11:14 30 31 32 33
Jun 15 17:11:14 34 34 34 34
Jun 15 17:11:14 34 34 34 34
Jun 15 17:11:14 
Jun 15 17:11:17 此次在线收益：获得 0 金币
Jun 15 17:11:24 当前信息：1418 京豆，获取当前金币数量失败 金币
Jun 15 17:11:24 
Jun 15 17:11:24 开始【京东账号2】jd_7a84de20543eb
Jun 15 17:11:24 
Jun 15 17:11:25 当前JOY分布情况
Jun 15 17:11:25 
Jun 15 17:11:25 30 31 32 33
Jun 15 17:11:25 34 34 34 34
Jun 15 17:11:25 34 34 34 34
Jun 15 17:11:25 
Jun 15 17:11:27 当前金币:3039996455103527
Jun 15 17:11:27 
Jun 15 17:11:27 此次在线收益：获得 383862702085 金币
Jun 15 17:11:33 当前信息：4 京豆，3039996455103527 金币
Jun 15 17:11:33 
Jun 15 17:11:33 
Jun 15 17:11:33 
Jun 15 17:11:33 ============开始第60次挂机=============
Jun 15 17:11:33 
Jun 15 17:11:33 开始【京东账号1】455979050-14287437
Jun 15 17:11:33 
Jun 15 17:11:34 当前JOY分布情况
Jun 15 17:11:34 
Jun 15 17:11:34 30 31 32 33
Jun 15 17:11:34 34 34 34 34
Jun 15 17:11:34 34 34 34 34
Jun 15 17:11:34 
Jun 15 17:11:37 当前金币:2725651351620190
Jun 15 17:11:37 
Jun 15 17:11:37 此次在线收益：获得 383862702085 金币
Jun 15 17:11:43 当前信息：1418 京豆，2725651351620190 金币
Jun 15 17:11:43 
Jun 15 17:11:43 开始【京东账号2】jd_7a84de20543eb
Jun 15 17:11:43 
Jun 15 17:11:44 当前JOY分布情况
Jun 15 17:11:44 
Jun 15 17:11:44 30 31 32 33
Jun 15 17:11:44 34 34 34 34
Jun 15 17:11:44 34 34 34 34
Jun 15 17:11:44 
Jun 15 17:11:47 此次在线收益：获得 0 金币
Jun 15 17:11:54 当前信息：4 京豆，获取当前金币数量失败 金币
Jun 15 17:11:54 
Jun 15 17:11:54 
Jun 15 17:11:54 
Jun 15 17:11:54 ============开始第61次挂机=============
Jun 15 17:11:54 
Jun 15 17:11:54 开始【京东账号1】455979050-14287437
Jun 15 17:11:54 
Jun 15 17:11:55 当前JOY分布情况
Jun 15 17:11:55 
Jun 15 17:11:55 30 31 32 33
Jun 15 17:11:55 34 34 34 34
Jun 15 17:11:55 34 34 34 34
Jun 15 17:11:55 
Jun 15 17:11:57 此次在线收益：获得 0 金币
Jun 15 17:12:03 当前信息：1418 京豆，获取当前金币数量失败 金币
Jun 15 17:12:03 
Jun 15 17:12:03 开始【京东账号2】jd_7a84de20543eb
Jun 15 17:12:03 
Jun 15 17:12:04 当前JOY分布情况
Jun 15 17:12:04 
Jun 15 17:12:04 30 31 32 33
Jun 15 17:12:04 34 34 34 34
Jun 15 17:12:04 34 34 34 34
Jun 15 17:12:04 
Jun 15 17:12:06 此次在线收益：获得 0 金币
Jun 15 17:12:10 京豆信息获取信息失败
Jun 15 17:12:15 当前信息：0 京豆，获取当前金币数量失败 金币
Jun 15 17:12:15 
Jun 15 17:12:15 
Jun 15 17:12:15 
Jun 15 17:12:15 ============开始第62次挂机=============
Jun 15 17:12:15 
Jun 15 17:12:15 开始【京东账号1】455979050-14287437
Jun 15 17:12:15 
Jun 15 17:12:16 当前JOY分布情况
Jun 15 17:12:16 
Jun 15 17:12:16 30 31 32 33
Jun 15 17:12:16 34 34 34 34
Jun 15 17:12:16 34 34 34 34
Jun 15 17:12:16 
Jun 15 17:12:18 当前金币:2727570665130615
Jun 15 17:12:18 
Jun 15 17:12:18 此次在线收益：获得 383862702085 金币
Jun 15 17:12:22 京豆信息获取信息失败
Jun 15 17:12:27 当前信息：0 京豆，2727570665130615 金币
Jun 15 17:12:27 
Jun 15 17:12:27 开始【京东账号2】jd_7a84de20543eb
Jun 15 17:12:27 
Jun 15 17:12:28 当前JOY分布情况
Jun 15 17:12:28 
Jun 15 17:12:28 30 31 32 33
Jun 15 17:12:28 34 34 34 34
Jun 15 17:12:28 34 34 34 34
Jun 15 17:12:28 
Jun 15 17:12:33 当前金币:3043067356720207
Jun 15 17:12:33 
Jun 15 17:12:33 此次在线收益：获得 383862702085 金币
Jun 15 17:12:39 当前信息：4 京豆，3043067356720207 金币
Jun 15 17:12:39 
Jun 15 17:12:39 
Jun 15 17:12:39 
Jun 15 17:12:39 ============开始第63次挂机=============
Jun 15 17:12:39 
Jun 15 17:12:39 开始【京东账号1】455979050-14287437
Jun 15 17:12:39 
Jun 15 17:12:40 当前JOY分布情况
Jun 15 17:12:40 
Jun 15 17:12:40 30 31 32 33
Jun 15 17:12:40 34 34 34 34
Jun 15 17:12:40 34 34 34 34
Jun 15 17:12:40 
Jun 15 17:12:42 当前金币:2728722253236870
Jun 15 17:12:42 
Jun 15 17:12:42 此次在线收益：获得 383862702085 金币
Jun 15 17:12:49 当前信息：1418 京豆，2728722253236870 金币
Jun 15 17:12:49 
Jun 15 17:12:49 开始【京东账号2】jd_7a84de20543eb
Jun 15 17:12:49 
Jun 15 17:12:50 当前JOY分布情况
Jun 15 17:12:50 
Jun 15 17:12:50 30 31 32 33
Jun 15 17:12:50 34 34 34 34
Jun 15 17:12:50 34 34 34 34
Jun 15 17:12:50 
Jun 15 17:12:52 此次在线收益：获得 0 金币
Jun 15 17:12:58 当前信息：4 京豆，获取当前金币数量失败 金币
Jun 15 17:12:58 
Jun 15 17:12:58 
Jun 15 17:12:58 
Jun 15 17:12:58 ============开始第64次挂机=============
Jun 15 17:12:58 
Jun 15 17:12:58 开始【京东账号1】455979050-14287437
Jun 15 17:12:58 
Jun 15 17:12:59 当前JOY分布情况
Jun 15 17:12:59 
Jun 15 17:12:59 30 31 32 33
Jun 15 17:12:59 34 34 34 34
Jun 15 17:12:59 34 34 34 34
Jun 15 17:12:59 
Jun 15 17:13:03 当前金币:2729873841343125
Jun 15 17:13:03 
Jun 15 17:13:03 此次在线收益：获得 383862702085 金币
Jun 15 17:13:09 当前信息：1418 京豆，2729873841343125 金币
Jun 15 17:13:10 
Jun 15 17:13:10 开始【京东账号2】jd_7a84de20543eb
Jun 15 17:13:10 
Jun 15 17:13:11 当前JOY分布情况
Jun 15 17:13:11 
Jun 15 17:13:11 30 31 32 33
Jun 15 17:13:11 34 34 34 34
Jun 15 17:13:11 34 34 34 34
Jun 15 17:13:11 
Jun 15 17:13:15 此次在线收益：获得 0 金币
Jun 15 17:13:21 当前信息：4 京豆，获取当前金币数量失败 金币
Jun 15 17:13:21 
Jun 15 17:13:21 
Jun 15 17:13:21 
Jun 15 17:13:21 ============开始第65次挂机=============
Jun 15 17:13:21 
Jun 15 17:13:21 开始【京东账号1】455979050-14287437
Jun 15 17:13:21 
Jun 15 17:13:22 当前JOY分布情况
Jun 15 17:13:22 
Jun 15 17:13:22 30 31 32 33
Jun 15 17:13:22 34 34 34 34
Jun 15 17:13:22 34 34 34 34
Jun 15 17:13:22 
Jun 15 17:13:24 此次在线收益：获得 0 金币
Jun 15 17:13:27 京豆信息获取信息失败
Jun 15 17:13:32 当前信息：0 京豆，获取当前金币数量失败 金币
Jun 15 17:13:32 
Jun 15 17:13:32 开始【京东账号2】jd_7a84de20543eb
Jun 15 17:13:32 
Jun 15 17:13:34 当前JOY分布情况
Jun 15 17:13:34 
Jun 15 17:13:34 30 31 32 33
Jun 15 17:13:34 34 34 34 34
Jun 15 17:13:34 34 34 34 34
Jun 15 17:13:34 
Jun 15 17:13:36 当前金币:3045754395634802
Jun 15 17:13:36 
Jun 15 17:13:36 此次在线收益：获得 383862702085 金币
Jun 15 17:13:39 京豆信息获取信息失败
Jun 15 17:13:44 当前信息：0 京豆，3045754395634802 金币
Jun 15 17:13:44 
Jun 15 17:13:44 
Jun 15 17:13:44 
Jun 15 17:13:44 ============开始第66次挂机=============
Jun 15 17:13:44 
Jun 15 17:13:44 开始【京东账号1】455979050-14287437
Jun 15 17:13:44 
Jun 15 17:13:45 当前JOY分布情况
Jun 15 17:13:45 
Jun 15 17:13:45 30 31 32 33
Jun 15 17:13:45 34 34 34 34
Jun 15 17:13:45 34 34 34 34
Jun 15 17:13:45 
Jun 15 17:13:50 此次在线收益：获得 0 金币
Jun 15 17:13:56 当前信息：1418 京豆，获取当前金币数量失败 金币
Jun 15 17:13:56 
Jun 15 17:13:56 开始【京东账号2】jd_7a84de20543eb
Jun 15 17:13:56 
Jun 15 17:13:57 当前JOY分布情况
Jun 15 17:13:57 
Jun 15 17:13:57 30 31 32 33
Jun 15 17:13:57 34 34 34 34
Jun 15 17:13:57 34 34 34 34
Jun 15 17:13:57 
Jun 15 17:14:00 当前金币:3046905983741057
Jun 15 17:14:00 
Jun 15 17:14:00 此次在线收益：获得 383862702085 金币
Jun 15 17:14:06 当前信息：4 京豆，3046905983741057 金币
Jun 15 17:14:06 
Jun 15 17:14:06 
Jun 15 17:14:06 
Jun 15 17:14:06 ============开始第67次挂机=============
Jun 15 17:14:06 
Jun 15 17:14:06 开始【京东账号1】455979050-14287437
Jun 15 17:14:06 
Jun 15 17:14:07 当前JOY分布情况
Jun 15 17:14:07 
Jun 15 17:14:07 30 31 32 33
Jun 15 17:14:07 34 34 34 34
Jun 15 17:14:07 34 34 34 34
Jun 15 17:14:07 
Jun 15 17:14:09 当前金币:2732944742959805
Jun 15 17:14:09 
Jun 15 17:14:09 此次在线收益：获得 383862702085 金币
Jun 15 17:14:15 当前信息：1418 京豆，2732944742959805 金币
Jun 15 17:14:15 
Jun 15 17:14:15 开始【京东账号2】jd_7a84de20543eb
Jun 15 17:14:15 
Jun 15 17:14:17 当前JOY分布情况
Jun 15 17:14:17 
Jun 15 17:14:17 30 31 32 33
Jun 15 17:14:17 34 34 34 34
Jun 15 17:14:17 34 34 34 34
Jun 15 17:14:17 
Jun 15 17:14:19 当前金币:3047673709145227
Jun 15 17:14:19 
Jun 15 17:14:19 此次在线收益：获得 383862702085 金币
Jun 15 17:14:25 当前信息：4 京豆，3047673709145227 金币
Jun 15 17:14:25 
Jun 15 17:14:25 
Jun 15 17:14:25 
Jun 15 17:14:25 ============开始第68次挂机=============
Jun 15 17:14:25 
Jun 15 17:14:25 开始【京东账号1】455979050-14287437
Jun 15 17:14:25 
Jun 15 17:14:26 当前JOY分布情况
Jun 15 17:14:26 
Jun 15 17:14:26 30 31 32 33
Jun 15 17:14:26 34 34 34 34
Jun 15 17:14:26 34 34 34 34
Jun 15 17:14:26 
Jun 15 17:14:28 此次在线收益：获得 0 金币
Jun 15 17:14:34 当前信息：1418 京豆，获取当前金币数量失败 金币
Jun 15 17:14:34 
Jun 15 17:14:34 开始【京东账号2】jd_7a84de20543eb
Jun 15 17:14:34 
Jun 15 17:14:35 当前JOY分布情况
Jun 15 17:14:35 
Jun 15 17:14:35 30 31 32 33
Jun 15 17:14:35 34 34 34 34
Jun 15 17:14:35 34 34 34 34
Jun 15 17:14:35 
Jun 15 17:14:37 此次在线收益：获得 0 金币
Jun 15 17:14:43 当前信息：4 京豆，获取当前金币数量失败 金币
Jun 15 17:14:43 
Jun 15 17:14:43 
Jun 15 17:14:43 
Jun 15 17:14:43 ============开始第69次挂机=============
Jun 15 17:14:43 
Jun 15 17:14:43 开始【京东账号1】455979050-14287437
Jun 15 17:14:43 
Jun 15 17:14:45 当前JOY分布情况
Jun 15 17:14:45 
Jun 15 17:14:45 30 31 32 33
Jun 15 17:14:45 34 34 34 34
Jun 15 17:14:45 34 34 34 34
Jun 15 17:14:45 
Jun 15 17:14:47 此次在线收益：获得 0 金币
Jun 15 17:14:53 当前信息：1418 京豆，获取当前金币数量失败 金币
Jun 15 17:14:53 
Jun 15 17:14:53 开始【京东账号2】jd_7a84de20543eb
Jun 15 17:14:53 
Jun 15 17:14:54 当前JOY分布情况
Jun 15 17:14:54 
Jun 15 17:14:54 30 31 32 33
Jun 15 17:14:54 34 34 34 34
Jun 15 17:14:54 34 34 34 34
Jun 15 17:14:54 
Jun 15 17:14:56 当前金币:3049593022655652
Jun 15 17:14:56 
Jun 15 17:14:56 此次在线收益：获得 383862702085 金币
Jun 15 17:15:02 当前信息：4 京豆，3049593022655652 金币
Jun 15 17:15:02 
Jun 15 17:15:02 
Jun 15 17:15:02 
Jun 15 17:15:02 ============开始第70次挂机=============
Jun 15 17:15:02 
Jun 15 17:15:02 开始【京东账号1】455979050-14287437
Jun 15 17:15:02 
Jun 15 17:15:03 当前JOY分布情况
Jun 15 17:15:03 
Jun 15 17:15:03 30 31 32 33
Jun 15 17:15:03 34 34 34 34
Jun 15 17:15:03 34 34 34 34
Jun 15 17:15:03 
Jun 15 17:15:05 此次在线收益：获得 0 金币
Jun 15 17:15:11 当前信息：1418 京豆，获取当前金币数量失败 金币
Jun 15 17:15:11 
Jun 15 17:15:11 开始【京东账号2】jd_7a84de20543eb
Jun 15 17:15:11 
Jun 15 17:15:13 当前JOY分布情况
Jun 15 17:15:13 
Jun 15 17:15:13 30 31 32 33
Jun 15 17:15:13 34 34 34 34
Jun 15 17:15:13 34 34 34 34
Jun 15 17:15:13 
Jun 15 17:15:15 当前金币:3050360748059822
Jun 15 17:15:15 
Jun 15 17:15:15 此次在线收益：获得 383862702085 金币
Jun 15 17:15:21 当前信息：4 京豆，3050360748059822 金币
Jun 15 17:15:21 
Jun 15 17:15:21 
Jun 15 17:15:21 
Jun 15 17:15:21 ============开始第71次挂机=============
Jun 15 17:15:21 
Jun 15 17:15:21 开始【京东账号1】455979050-14287437
Jun 15 17:15:21 
Jun 15 17:15:22 当前JOY分布情况
Jun 15 17:15:22 
Jun 15 17:15:22 30 31 32 33
Jun 15 17:15:22 34 34 34 34
Jun 15 17:15:22 34 34 34 34
Jun 15 17:15:22 
Jun 15 17:15:24 此次在线收益：获得 0 金币
Jun 15 17:15:30 当前信息：1418 京豆，获取当前金币数量失败 金币
Jun 15 17:15:30 
Jun 15 17:15:30 开始【京东账号2】jd_7a84de20543eb
Jun 15 17:15:30 
Jun 15 17:15:31 当前JOY分布情况
Jun 15 17:15:31 
Jun 15 17:15:31 30 31 32 33
Jun 15 17:15:31 34 34 34 34
Jun 15 17:15:31 34 34 34 34
Jun 15 17:15:31 
Jun 15 17:15:33 此次在线收益：获得 0 金币
Jun 15 17:15:39 当前信息：4 京豆，获取当前金币数量失败 金币
Jun 15 17:15:39 
Jun 15 17:15:39 
Jun 15 17:15:39 
Jun 15 17:15:39 ============开始第72次挂机=============
Jun 15 17:15:40 
Jun 15 17:15:40 开始【京东账号1】455979050-14287437
Jun 15 17:15:40 
Jun 15 17:15:41 当前JOY分布情况
Jun 15 17:15:41 
Jun 15 17:15:41 30 31 32 33
Jun 15 17:15:41 34 34 34 34
Jun 15 17:15:41 34 34 34 34
Jun 15 17:15:41 
Jun 15 17:15:43 当前金币:2736783369980655
Jun 15 17:15:43 
Jun 15 17:15:43 此次在线收益：获得 383862702085 金币
Jun 15 17:15:49 当前信息：1418 京豆，2736783369980655 金币
Jun 15 17:15:49 
Jun 15 17:15:49 开始【京东账号2】jd_7a84de20543eb
Jun 15 17:15:49 
Jun 15 17:15:50 当前JOY分布情况
Jun 15 17:15:50 
Jun 15 17:15:50 30 31 32 33
Jun 15 17:15:50 34 34 34 34
Jun 15 17:15:50 34 34 34 34
Jun 15 17:15:50 
Jun 15 17:15:55 当前金币:3052280061570247
Jun 15 17:15:55 
Jun 15 17:15:55 此次在线收益：获得 383862702085 金币
Jun 15 17:16:01 当前信息：4 京豆，3052280061570247 金币
Jun 15 17:16:01 
Jun 15 17:16:01 
Jun 15 17:16:01 
Jun 15 17:16:01 ============开始第73次挂机=============
Jun 15 17:16:01 
Jun 15 17:16:01 开始【京东账号1】455979050-14287437
Jun 15 17:16:01 
Jun 15 17:16:02 当前JOY分布情况
Jun 15 17:16:02 
Jun 15 17:16:02 30 31 32 33
Jun 15 17:16:02 34 34 34 34
Jun 15 17:16:02 34 34 34 34
Jun 15 17:16:02 
Jun 15 17:16:04 此次在线收益：获得 0 金币
Jun 15 17:16:10 当前信息：1418 京豆，获取当前金币数量失败 金币
Jun 15 17:16:10 
Jun 15 17:16:10 开始【京东账号2】jd_7a84de20543eb
Jun 15 17:16:10 
Jun 15 17:16:11 当前JOY分布情况
Jun 15 17:16:11 
Jun 15 17:16:11 30 31 32 33
Jun 15 17:16:11 34 34 34 34
Jun 15 17:16:11 34 34 34 34
Jun 15 17:16:11 
Jun 15 17:16:23 当前信息：4 京豆，获取当前金币数量失败 金币
Jun 15 17:16:23 
Jun 15 17:16:23 
Jun 15 17:16:23 
Jun 15 17:16:23 ============开始第74次挂机=============
Jun 15 17:16:23 
Jun 15 17:16:23 开始【京东账号1】455979050-14287437
Jun 15 17:16:23 
Jun 15 17:16:24 当前JOY分布情况
Jun 15 17:16:24 
Jun 15 17:16:24 30 31 32 33
Jun 15 17:16:24 34 34 34 34
Jun 15 17:16:24 34 34 34 34
Jun 15 17:16:24 
Jun 15 17:16:27 当前金币:2739086546193165
Jun 15 17:16:27 
Jun 15 17:16:27 此次在线收益：获得 383862702085 金币
Jun 15 17:16:33 当前信息：1418 京豆，2739086546193165 金币
Jun 15 17:16:33 
Jun 15 17:16:33 开始【京东账号2】jd_7a84de20543eb
Jun 15 17:16:33 
Jun 15 17:16:34 当前JOY分布情况
Jun 15 17:16:34 
Jun 15 17:16:34 30 31 32 33
Jun 15 17:16:34 34 34 34 34
Jun 15 17:16:34 34 34 34 34
Jun 15 17:16:34 
Jun 15 17:16:36 此次在线收益：获得 0 金币
Jun 15 17:16:42 当前信息：4 京豆，获取当前金币数量失败 金币
Jun 15 17:16:42 
Jun 15 17:16:42 
Jun 15 17:16:42 
Jun 15 17:16:42 ============开始第75次挂机=============
Jun 15 17:16:42 
Jun 15 17:16:42 开始【京东账号1】455979050-14287437
Jun 15 17:16:42 
Jun 15 17:16:45 joy信息获取信息失败
Jun 15 17:16:48 当前金币:2740238134299420
Jun 15 17:16:48 
Jun 15 17:16:48 此次在线收益：获得 383862702085 金币
Jun 15 17:16:54 当前信息：1418 京豆，2740238134299420 金币
Jun 15 17:16:54 
Jun 15 17:16:54 开始【京东账号2】jd_7a84de20543eb
Jun 15 17:16:54 
Jun 15 17:16:55 当前JOY分布情况
Jun 15 17:16:55 
Jun 15 17:16:55 30 31 32 33
Jun 15 17:16:55 34 34 34 34
Jun 15 17:16:55 34 34 34 34
Jun 15 17:16:55 
Jun 15 17:16:58 当前金币:3055350963186927
Jun 15 17:16:58 
Jun 15 17:16:58 此次在线收益：获得 383862702085 金币
Jun 15 17:17:04 当前信息：4 京豆，3055350963186927 金币
Jun 15 17:17:04 
Jun 15 17:17:04 
Jun 15 17:17:04 
Jun 15 17:17:04 ============开始第76次挂机=============
Jun 15 17:17:04 
Jun 15 17:17:04 开始【京东账号1】455979050-14287437
Jun 15 17:17:04 
Jun 15 17:17:05 当前JOY分布情况
Jun 15 17:17:05 
Jun 15 17:17:05 30 31 32 33
Jun 15 17:17:05 34 34 34 34
Jun 15 17:17:05 34 34 34 34
Jun 15 17:17:05 
Jun 15 17:17:07 此次在线收益：获得 0 金币
Jun 15 17:17:13 当前信息：1418 京豆，获取当前金币数量失败 金币
Jun 15 17:17:13 
Jun 15 17:17:13 开始【京东账号2】jd_7a84de20543eb
Jun 15 17:17:13 
Jun 15 17:17:14 当前JOY分布情况
Jun 15 17:17:14 
Jun 15 17:17:14 30 31 32 33
Jun 15 17:17:14 34 34 34 34
Jun 15 17:17:14 34 34 34 34
Jun 15 17:17:14 
Jun 15 17:17:16 此次在线收益：获得 0 金币
Jun 15 17:17:23 当前信息：4 京豆，获取当前金币数量失败 金币
Jun 15 17:17:23 
Jun 15 17:17:23 
Jun 15 17:17:23 
Jun 15 17:17:23 ============开始第77次挂机=============
Jun 15 17:17:23 
Jun 15 17:17:23 开始【京东账号1】455979050-14287437
Jun 15 17:17:23 
Jun 15 17:17:24 当前JOY分布情况
Jun 15 17:17:24 
Jun 15 17:17:24 30 31 32 33
Jun 15 17:17:24 34 34 34 34
Jun 15 17:17:24 34 34 34 34
Jun 15 17:17:24 
Jun 15 17:17:26 此次在线收益：获得 0 金币
Jun 15 17:17:32 当前信息：1418 京豆，获取当前金币数量失败 金币
Jun 15 17:17:32 
Jun 15 17:17:32 开始【京东账号2】jd_7a84de20543eb
Jun 15 17:17:32 
Jun 15 17:17:33 当前JOY分布情况
Jun 15 17:17:33 
Jun 15 17:17:33 30 31 32 33
Jun 15 17:17:33 34 34 34 34
Jun 15 17:17:33 34 34 34 34
Jun 15 17:17:33 
Jun 15 17:17:35 当前金币:3056886413995267
Jun 15 17:17:35 
Jun 15 17:17:35 此次在线收益：获得 383862702085 金币
Jun 15 17:17:41 当前信息：4 京豆，3056886413995267 金币
Jun 15 17:17:41 
Jun 15 17:17:41 
Jun 15 17:17:41 
Jun 15 17:17:41 ============开始第78次挂机=============
Jun 15 17:17:41 
Jun 15 17:17:41 开始【京东账号1】455979050-14287437
Jun 15 17:17:41 
Jun 15 17:17:42 当前JOY分布情况
Jun 15 17:17:42 
Jun 15 17:17:42 30 31 32 33
Jun 15 17:17:42 34 34 34 34
Jun 15 17:17:42 34 34 34 34
Jun 15 17:17:42 
Jun 15 17:17:44 当前金币:2742925173214015
Jun 15 17:17:44 
Jun 15 17:17:44 此次在线收益：获得 383862702085 金币
Jun 15 17:17:50 当前信息：1418 京豆，2742925173214015 金币
Jun 15 17:17:50 
Jun 15 17:17:50 开始【京东账号2】jd_7a84de20543eb
Jun 15 17:17:50 
Jun 15 17:17:51 当前JOY分布情况
Jun 15 17:17:51 
Jun 15 17:17:51 30 31 32 33
Jun 15 17:17:51 34 34 34 34
Jun 15 17:17:51 34 34 34 34
Jun 15 17:17:51 
Jun 15 17:17:54 当前金币:3057654139399437
Jun 15 17:17:54 
Jun 15 17:17:54 此次在线收益：获得 383862702085 金币
Jun 15 17:18:01 当前信息：4 京豆，3057654139399437 金币
Jun 15 17:18:01 
Jun 15 17:18:01 
Jun 15 17:18:01 
Jun 15 17:18:01 ============开始第79次挂机=============
Jun 15 17:18:01 
Jun 15 17:18:01 开始【京东账号1】455979050-14287437
Jun 15 17:18:01 
Jun 15 17:18:02 当前JOY分布情况
Jun 15 17:18:02 
Jun 15 17:18:02 30 31 32 33
Jun 15 17:18:02 34 34 34 34
Jun 15 17:18:02 34 34 34 34
Jun 15 17:18:02 
Jun 15 17:18:04 此次在线收益：获得 0 金币
Jun 15 17:18:10 当前信息：1418 京豆，获取当前金币数量失败 金币
Jun 15 17:18:10 
Jun 15 17:18:10 开始【京东账号2】jd_7a84de20543eb
Jun 15 17:18:10 
Jun 15 17:18:11 当前JOY分布情况
Jun 15 17:18:11 
Jun 15 17:18:11 30 31 32 33
Jun 15 17:18:11 34 34 34 34
Jun 15 17:18:11 34 34 34 34
Jun 15 17:18:11 
Jun 15 17:18:13 此次在线收益：获得 0 金币
Jun 15 17:18:19 当前信息：4 京豆，获取当前金币数量失败 金币
Jun 15 17:18:19 
Jun 15 17:18:19 
Jun 15 17:18:19 
Jun 15 17:18:19 ============开始第80次挂机=============
Jun 15 17:18:19 
Jun 15 17:18:19 开始【京东账号1】455979050-14287437
Jun 15 17:18:19 
Jun 15 17:18:21 当前JOY分布情况
Jun 15 17:18:21 
Jun 15 17:18:21 30 31 32 33
Jun 15 17:18:21 34 34 34 34
Jun 15 17:18:21 34 34 34 34
Jun 15 17:18:21 
Jun 15 17:18:26 当前金币:2744460624022355
Jun 15 17:18:26 
Jun 15 17:18:26 此次在线收益：获得 383862702085 金币
Jun 15 17:18:32 当前信息：1418 京豆，2744460624022355 金币
Jun 15 17:18:32 
Jun 15 17:18:32 开始【京东账号2】jd_7a84de20543eb
Jun 15 17:18:32 
Jun 15 17:18:33 当前JOY分布情况
Jun 15 17:18:33 
Jun 15 17:18:33 30 31 32 33
Jun 15 17:18:33 34 34 34 34
Jun 15 17:18:33 34 34 34 34
Jun 15 17:18:33 
Jun 15 17:18:37 当前金币:3059573452909862
Jun 15 17:18:37 
Jun 15 17:18:37 此次在线收益：获得 383862702085 金币
Jun 15 17:18:43 当前信息：4 京豆，3059573452909862 金币
Jun 15 17:18:43 
Jun 15 17:18:43 
Jun 15 17:18:43 
Jun 15 17:18:43 ============开始第81次挂机=============
Jun 15 17:18:43 
Jun 15 17:18:43 开始【京东账号1】455979050-14287437
Jun 15 17:18:43 
Jun 15 17:18:44 当前JOY分布情况
Jun 15 17:18:44 
Jun 15 17:18:44 30 31 32 33
Jun 15 17:18:44 34 34 34 34
Jun 15 17:18:44 34 34 34 34
Jun 15 17:18:44 
Jun 15 17:18:47 此次在线收益：获得 0 金币
Jun 15 17:18:53 当前信息：1418 京豆，获取当前金币数量失败 金币
Jun 15 17:18:53 
Jun 15 17:18:53 开始【京东账号2】jd_7a84de20543eb
Jun 15 17:18:53 
Jun 15 17:18:54 当前JOY分布情况
Jun 15 17:18:54 
Jun 15 17:18:54 30 31 32 33
Jun 15 17:18:54 34 34 34 34
Jun 15 17:18:54 34 34 34 34
Jun 15 17:18:54 
Jun 15 17:19:07 当前信息：4 京豆，获取当前金币数量失败 金币
Jun 15 17:19:07 
Jun 15 17:19:07 
Jun 15 17:19:07 
Jun 15 17:19:07 ============开始第82次挂机=============
Jun 15 17:19:07 
Jun 15 17:19:07 开始【京东账号1】455979050-14287437
Jun 15 17:19:07 
Jun 15 17:19:08 当前JOY分布情况
Jun 15 17:19:08 
Jun 15 17:19:08 30 31 32 33
Jun 15 17:19:08 34 34 34 34
Jun 15 17:19:08 34 34 34 34
Jun 15 17:19:08 
Jun 15 17:19:10 此次在线收益：获得 0 金币
Jun 15 17:19:16 当前信息：1418 京豆，获取当前金币数量失败 金币
Jun 15 17:19:16 
Jun 15 17:19:16 开始【京东账号2】jd_7a84de20543eb
Jun 15 17:19:16 
Jun 15 17:19:17 当前JOY分布情况
Jun 15 17:19:17 
Jun 15 17:19:17 30 31 32 33
Jun 15 17:19:17 34 34 34 34
Jun 15 17:19:17 34 34 34 34
Jun 15 17:19:17 
Jun 15 17:19:29 当前信息：4 京豆，获取当前金币数量失败 金币
Jun 15 17:19:29 
Jun 15 17:19:29 
Jun 15 17:19:29 
Jun 15 17:19:29 ============开始第83次挂机=============
Jun 15 17:19:29 
Jun 15 17:19:29 开始【京东账号1】455979050-14287437
Jun 15 17:19:29 
Jun 15 17:19:30 当前JOY分布情况
Jun 15 17:19:30 
Jun 15 17:19:30 30 31 32 33
Jun 15 17:19:30 34 34 34 34
Jun 15 17:19:30 34 34 34 34
Jun 15 17:19:30 
Jun 15 17:19:43 当前信息：1418 京豆，获取当前金币数量失败 金币
Jun 15 17:19:43 
Jun 15 17:19:43 开始【京东账号2】jd_7a84de20543eb
Jun 15 17:19:43 
Jun 15 17:19:44 当前JOY分布情况
Jun 15 17:19:44 
Jun 15 17:19:44 30 31 32 33
Jun 15 17:19:44 34 34 34 34
Jun 15 17:19:44 34 34 34 34
Jun 15 17:19:44 
Jun 15 17:19:46 当前金币:3063028217228627
Jun 15 17:19:46 
Jun 15 17:19:46 此次在线收益：获得 383862702085 金币
Jun 15 17:19:52 当前信息：4 京豆，3063028217228627 金币
Jun 15 17:19:52 
Jun 15 17:19:52 
Jun 15 17:19:52 
Jun 15 17:19:52 ============开始第84次挂机=============
Jun 15 17:19:52 
Jun 15 17:19:52 开始【京东账号1】455979050-14287437
Jun 15 17:19:52 
Jun 15 17:19:53 当前JOY分布情况
Jun 15 17:19:53 
Jun 15 17:19:53 30 31 32 33
Jun 15 17:19:53 34 34 34 34
Jun 15 17:19:53 34 34 34 34
Jun 15 17:19:53 
Jun 15 17:19:55 当前金币:2748299251043205
Jun 15 17:19:55 
Jun 15 17:19:55 此次在线收益：获得 383862702085 金币
Jun 15 17:20:01 当前信息：1418 京豆，2748299251043205 金币
Jun 15 17:20:01 
Jun 15 17:20:01 开始【京东账号2】jd_7a84de20543eb
Jun 15 17:20:01 
Jun 15 17:20:03 当前JOY分布情况
Jun 15 17:20:03 
Jun 15 17:20:03 30 31 32 33
Jun 15 17:20:03 34 34 34 34
Jun 15 17:20:03 34 34 34 34
Jun 15 17:20:03 
Jun 15 17:20:05 此次在线收益：获得 0 金币
Jun 15 17:20:11 当前信息：4 京豆，获取当前金币数量失败 金币
Jun 15 17:20:11 
Jun 15 17:20:11 
Jun 15 17:20:11 
Jun 15 17:20:11 ============开始第85次挂机=============
Jun 15 17:20:11 
Jun 15 17:20:11 开始【京东账号1】455979050-14287437
Jun 15 17:20:11 
Jun 15 17:20:12 当前JOY分布情况
Jun 15 17:20:12 
Jun 15 17:20:12 30 31 32 33
Jun 15 17:20:12 34 34 34 34
Jun 15 17:20:12 34 34 34 34
Jun 15 17:20:12 
Jun 15 17:20:14 此次在线收益：获得 0 金币
Jun 15 17:20:20 当前信息：1418 京豆，获取当前金币数量失败 金币
Jun 15 17:20:20 
Jun 15 17:20:20 开始【京东账号2】jd_7a84de20543eb
Jun 15 17:20:20 
Jun 15 17:20:21 当前JOY分布情况
Jun 15 17:20:21 
Jun 15 17:20:21 30 31 32 33
Jun 15 17:20:21 34 34 34 34
Jun 15 17:20:21 34 34 34 34
Jun 15 17:20:21 
Jun 15 17:20:23 当前金币:3064947530739052
Jun 15 17:20:23 
Jun 15 17:20:23 此次在线收益：获得 383862702085 金币
Jun 15 17:20:27 京豆信息获取信息失败
Jun 15 17:20:32 当前信息：0 京豆，3064947530739052 金币
Jun 15 17:20:32 
Jun 15 17:20:32 
Jun 15 17:20:32 
Jun 15 17:20:32 ============开始第86次挂机=============
Jun 15 17:20:32 
Jun 15 17:20:32 开始【京东账号1】455979050-14287437
Jun 15 17:20:32 
Jun 15 17:20:33 当前JOY分布情况
Jun 15 17:20:33 
Jun 15 17:20:33 30 31 32 33
Jun 15 17:20:33 34 34 34 34
Jun 15 17:20:33 34 34 34 34
Jun 15 17:20:33 
Jun 15 17:20:35 当前金币:2750218564553630
Jun 15 17:20:35 
Jun 15 17:20:35 此次在线收益：获得 383862702085 金币
Jun 15 17:20:41 当前信息：1418 京豆，2750218564553630 金币
Jun 15 17:20:41 
Jun 15 17:20:41 开始【京东账号2】jd_7a84de20543eb
Jun 15 17:20:41 
Jun 15 17:20:42 当前JOY分布情况
Jun 15 17:20:42 
Jun 15 17:20:42 30 31 32 33
Jun 15 17:20:42 34 34 34 34
Jun 15 17:20:42 34 34 34 34
Jun 15 17:20:42 
Jun 15 17:20:46 此次在线收益：获得 0 金币
Jun 15 17:20:53 当前信息：4 京豆，获取当前金币数量失败 金币
Jun 15 17:20:53 
Jun 15 17:20:53 
Jun 15 17:20:53 
Jun 15 17:20:53 ============开始第87次挂机=============
Jun 15 17:20:53 
Jun 15 17:20:53 开始【京东账号1】455979050-14287437
Jun 15 17:20:53 
Jun 15 17:20:54 当前JOY分布情况
Jun 15 17:20:54 
Jun 15 17:20:54 30 31 32 33
Jun 15 17:20:54 34 34 34 34
Jun 15 17:20:54 34 34 34 34
Jun 15 17:20:54 
Jun 15 17:20:56 当前金币:2751370152659885
Jun 15 17:20:56 
Jun 15 17:20:56 此次在线收益：获得 383862702085 金币
Jun 15 17:21:02 当前信息：1418 京豆，2751370152659885 金币
Jun 15 17:21:02 
Jun 15 17:21:02 开始【京东账号2】jd_7a84de20543eb
Jun 15 17:21:02 
Jun 15 17:21:03 当前JOY分布情况
Jun 15 17:21:03 
Jun 15 17:21:03 30 31 32 33
Jun 15 17:21:03 34 34 34 34
Jun 15 17:21:03 34 34 34 34
Jun 15 17:21:03 
Jun 15 17:21:08 此次在线收益：获得 0 金币
Jun 15 17:21:14 当前信息：4 京豆，获取当前金币数量失败 金币
Jun 15 17:21:14 
Jun 15 17:21:14 
Jun 15 17:21:14 
Jun 15 17:21:14 ============开始第88次挂机=============
Jun 15 17:21:14 
Jun 15 17:21:14 开始【京东账号1】455979050-14287437
Jun 15 17:21:14 
Jun 15 17:21:15 当前JOY分布情况
Jun 15 17:21:15 
Jun 15 17:21:15 30 31 32 33
Jun 15 17:21:15 34 34 34 34
Jun 15 17:21:15 34 34 34 34
Jun 15 17:21:15 
Jun 15 17:21:17 此次在线收益：获得 0 金币
Jun 15 17:21:23 当前信息：1418 京豆，获取当前金币数量失败 金币
Jun 15 17:21:23 
Jun 15 17:21:23 开始【京东账号2】jd_7a84de20543eb
Jun 15 17:21:23 
Jun 15 17:21:24 当前JOY分布情况
Jun 15 17:21:24 
Jun 15 17:21:24 30 31 32 33
Jun 15 17:21:24 34 34 34 34
Jun 15 17:21:24 34 34 34 34
Jun 15 17:21:24 
Jun 15 17:21:27 此次在线收益：获得 0 金币
Jun 15 17:21:33 当前信息：4 京豆，获取当前金币数量失败 金币
Jun 15 17:21:33 
Jun 15 17:21:33 
Jun 15 17:21:33 
Jun 15 17:21:33 ============开始第89次挂机=============
Jun 15 17:21:33 
Jun 15 17:21:33 开始【京东账号1】455979050-14287437
Jun 15 17:21:33 
Jun 15 17:21:34 当前JOY分布情况
Jun 15 17:21:34 
Jun 15 17:21:34 30 31 32 33
Jun 15 17:21:34 34 34 34 34
Jun 15 17:21:34 34 34 34 34
Jun 15 17:21:34 
Jun 15 17:21:36 当前金币:2753289466170310
Jun 15 17:21:36 
Jun 15 17:21:36 此次在线收益：获得 383862702085 金币
Jun 15 17:21:42 当前信息：1418 京豆，2753289466170310 金币
Jun 15 17:21:42 
Jun 15 17:21:42 开始【京东账号2】jd_7a84de20543eb
Jun 15 17:21:42 
Jun 15 17:21:43 当前JOY分布情况
Jun 15 17:21:43 
Jun 15 17:21:43 30 31 32 33
Jun 15 17:21:43 34 34 34 34
Jun 15 17:21:43 34 34 34 34
Jun 15 17:21:43 
Jun 15 17:21:45 当前金币:3068786157759902
Jun 15 17:21:45 
Jun 15 17:21:45 此次在线收益：获得 383862702085 金币
Jun 15 17:21:51 当前信息：4 京豆，3068786157759902 金币
Jun 15 17:21:51 
Jun 15 17:21:51 
Jun 15 17:21:51 
Jun 15 17:21:51 ============开始第90次挂机=============
Jun 15 17:21:51 
Jun 15 17:21:51 开始【京东账号1】455979050-14287437
Jun 15 17:21:51 
Jun 15 17:21:53 当前JOY分布情况
Jun 15 17:21:53 
Jun 15 17:21:53 30 31 32 33
Jun 15 17:21:53 34 34 34 34
Jun 15 17:21:53 34 34 34 34
Jun 15 17:21:53 
Jun 15 17:21:55 当前金币:2754057191574480
Jun 15 17:21:55 
Jun 15 17:21:55 此次在线收益：获得 383862702085 金币
Jun 15 17:22:01 当前信息：1418 京豆，2754057191574480 金币
Jun 15 17:22:01 
Jun 15 17:22:01 开始【京东账号2】jd_7a84de20543eb
Jun 15 17:22:01 
Jun 15 17:22:03 joy信息获取信息失败
Jun 15 17:22:07 此次在线收益：获得 0 金币
Jun 15 17:22:13 当前信息：4 京豆，获取当前金币数量失败 金币
Jun 15 17:22:13 
Jun 15 17:22:13 
Jun 15 17:22:13 
Jun 15 17:22:13 ============开始第91次挂机=============
Jun 15 17:22:13 
Jun 15 17:22:13 开始【京东账号1】455979050-14287437
Jun 15 17:22:13 
Jun 15 17:22:14 当前JOY分布情况
Jun 15 17:22:14 
Jun 15 17:22:14 30 31 32 33
Jun 15 17:22:14 34 34 34 34
Jun 15 17:22:14 34 34 34 34
Jun 15 17:22:14 
Jun 15 17:22:16 当前金币:2755208779680735
Jun 15 17:22:16 
Jun 15 17:22:16 此次在线收益：获得 383862702085 金币
Jun 15 17:22:22 当前信息：1418 京豆，2755208779680735 金币
Jun 15 17:22:22 
Jun 15 17:22:22 开始【京东账号2】jd_7a84de20543eb
Jun 15 17:22:22 
Jun 15 17:22:23 当前JOY分布情况
Jun 15 17:22:23 
Jun 15 17:22:23 30 31 32 33
Jun 15 17:22:23 34 34 34 34
Jun 15 17:22:23 34 34 34 34
Jun 15 17:22:23 
Jun 15 17:22:25 当前金币:3070705471270327
Jun 15 17:22:25 
Jun 15 17:22:25 此次在线收益：获得 383862702085 金币
Jun 15 17:22:31 当前信息：4 京豆，3070705471270327 金币
Jun 15 17:22:31 
Jun 15 17:22:31 
Jun 15 17:22:31 
Jun 15 17:22:31 ============开始第92次挂机=============
Jun 15 17:22:31 
Jun 15 17:22:31 开始【京东账号1】455979050-14287437
Jun 15 17:22:31 
Jun 15 17:22:32 当前JOY分布情况
Jun 15 17:22:32 
Jun 15 17:22:32 30 31 32 33
Jun 15 17:22:32 34 34 34 34
Jun 15 17:22:32 34 34 34 34
Jun 15 17:22:32 
Jun 15 17:22:35 当前金币:2755976505084905
Jun 15 17:22:35 
Jun 15 17:22:35 此次在线收益：获得 383862702085 金币
Jun 15 17:22:41 当前信息：1418 京豆，2755976505084905 金币
Jun 15 17:22:41 
Jun 15 17:22:41 开始【京东账号2】jd_7a84de20543eb
Jun 15 17:22:41 
Jun 15 17:22:42 当前JOY分布情况
Jun 15 17:22:42 
Jun 15 17:22:42 30 31 32 33
Jun 15 17:22:42 34 34 34 34
Jun 15 17:22:42 34 34 34 34
Jun 15 17:22:42 
Jun 15 17:22:47 此次在线收益：获得 0 金币
Jun 15 17:22:53 当前信息：4 京豆，获取当前金币数量失败 金币
Jun 15 17:22:53 
Jun 15 17:22:53 
Jun 15 17:22:53 
Jun 15 17:22:53 ============开始第93次挂机=============
Jun 15 17:22:53 
Jun 15 17:22:53 开始【京东账号1】455979050-14287437
Jun 15 17:22:53 
Jun 15 17:22:54 当前JOY分布情况
Jun 15 17:22:54 
Jun 15 17:22:54 30 31 32 33
Jun 15 17:22:54 34 34 34 34
Jun 15 17:22:54 34 34 34 34
Jun 15 17:22:54 
Jun 15 17:22:57 当前金币:2757128093191160
Jun 15 17:22:57 
Jun 15 17:22:57 此次在线收益：获得 383862702085 金币
Jun 15 17:23:03 当前信息：1418 京豆，2757128093191160 金币
Jun 15 17:23:03 
Jun 15 17:23:03 开始【京东账号2】jd_7a84de20543eb
Jun 15 17:23:03 
Jun 15 17:23:06 joy信息获取信息失败
Jun 15 17:23:09 此次在线收益：获得 0 金币
Jun 15 17:23:15 当前信息：4 京豆，获取当前金币数量失败 金币
Jun 15 17:23:15 
Jun 15 17:23:15 
Jun 15 17:23:15 
Jun 15 17:23:15 ============开始第94次挂机=============
Jun 15 17:23:15 
Jun 15 17:23:15 开始【京东账号1】455979050-14287437
Jun 15 17:23:15 
Jun 15 17:23:16 当前JOY分布情况
Jun 15 17:23:16 
Jun 15 17:23:16 30 31 32 33
Jun 15 17:23:16 34 34 34 34
Jun 15 17:23:16 34 34 34 34
Jun 15 17:23:16 
Jun 15 17:23:19 此次在线收益：获得 0 金币
Jun 15 17:23:25 当前信息：1418 京豆，获取当前金币数量失败 金币
Jun 15 17:23:25 
Jun 15 17:23:25 开始【京东账号2】jd_7a84de20543eb
Jun 15 17:23:25 
Jun 15 17:23:26 当前JOY分布情况
Jun 15 17:23:26 
Jun 15 17:23:26 30 31 32 33
Jun 15 17:23:26 34 34 34 34
Jun 15 17:23:26 34 34 34 34
Jun 15 17:23:26 
Jun 15 17:23:28 当前金币:3073776372887007
Jun 15 17:23:28 
Jun 15 17:23:28 此次在线收益：获得 383862702085 金币
Jun 15 17:23:34 当前信息：4 京豆，3073776372887007 金币
Jun 15 17:23:34 
Jun 15 17:23:34 
Jun 15 17:23:34 
Jun 15 17:23:34 ============开始第95次挂机=============
Jun 15 17:23:34 
Jun 15 17:23:34 开始【京东账号1】455979050-14287437
Jun 15 17:23:34 
Jun 15 17:23:36 当前JOY分布情况
Jun 15 17:23:36 
Jun 15 17:23:36 30 31 32 33
Jun 15 17:23:36 34 34 34 34
Jun 15 17:23:36 34 34 34 34
Jun 15 17:23:36 
Jun 15 17:23:38 当前金币:2759047406701585
Jun 15 17:23:38 
Jun 15 17:23:38 此次在线收益：获得 383862702085 金币
Jun 15 17:23:44 当前信息：1418 京豆，2759047406701585 金币
Jun 15 17:23:44 
Jun 15 17:23:44 开始【京东账号2】jd_7a84de20543eb
Jun 15 17:23:44 
Jun 15 17:23:45 当前JOY分布情况
Jun 15 17:23:45 
Jun 15 17:23:45 30 31 32 33
Jun 15 17:23:45 34 34 34 34
Jun 15 17:23:45 34 34 34 34
Jun 15 17:23:45 
Jun 15 17:23:47 此次在线收益：获得 0 金币
Jun 15 17:23:53 当前信息：4 京豆，获取当前金币数量失败 金币
Jun 15 17:23:53 
Jun 15 17:23:53 
Jun 15 17:23:53 
Jun 15 17:23:53 ============开始第96次挂机=============
Jun 15 17:23:53 
Jun 15 17:23:53 开始【京东账号1】455979050-14287437
Jun 15 17:23:53 
Jun 15 17:23:56 joy信息获取信息失败
Jun 15 17:24:08 当前信息：1418 京豆，获取当前金币数量失败 金币
Jun 15 17:24:08 
Jun 15 17:24:08 开始【京东账号2】jd_7a84de20543eb
Jun 15 17:24:08 
Jun 15 17:24:11 joy信息获取信息失败
Jun 15 17:24:14 此次在线收益：获得 0 金币
Jun 15 17:24:18 京豆信息获取信息失败
Jun 15 17:24:23 当前信息：0 京豆，获取当前金币数量失败 金币
Jun 15 17:24:23 
Jun 15 17:24:23 
Jun 15 17:24:23 
Jun 15 17:24:23 ============开始第97次挂机=============
Jun 15 17:24:23 
Jun 15 17:24:23 开始【京东账号1】455979050-14287437
Jun 15 17:24:23 
Jun 15 17:24:24 当前JOY分布情况
Jun 15 17:24:24 
Jun 15 17:24:24 30 31 32 33
Jun 15 17:24:24 34 34 34 34
Jun 15 17:24:24 34 34 34 34
Jun 15 17:24:24 
Jun 15 17:24:29 此次在线收益：获得 0 金币
Jun 15 17:24:35 当前信息：1418 京豆，获取当前金币数量失败 金币
Jun 15 17:24:35 
Jun 15 17:24:35 开始【京东账号2】jd_7a84de20543eb
Jun 15 17:24:35 
Jun 15 17:24:36 当前JOY分布情况
Jun 15 17:24:36 
Jun 15 17:24:36 30 31 32 33
Jun 15 17:24:36 34 34 34 34
Jun 15 17:24:36 34 34 34 34
Jun 15 17:24:36 
Jun 15 17:24:38 此次在线收益：获得 0 金币
Jun 15 17:24:44 当前信息：4 京豆，获取当前金币数量失败 金币
Jun 15 17:24:44 
Jun 15 17:24:44 
Jun 15 17:24:44 
Jun 15 17:24:44 ============开始第98次挂机=============
Jun 15 17:24:44 
Jun 15 17:24:44 开始【京东账号1】455979050-14287437
Jun 15 17:24:44 
Jun 15 17:24:45 当前JOY分布情况
Jun 15 17:24:45 
Jun 15 17:24:45 30 31 32 33
Jun 15 17:24:45 34 34 34 34
Jun 15 17:24:45 34 34 34 34
Jun 15 17:24:45 
Jun 15 17:24:47 当前金币:2762118308318265
Jun 15 17:24:47 
Jun 15 17:24:47 此次在线收益：获得 383862702085 金币
Jun 15 17:24:53 当前信息：1418 京豆，2762118308318265 金币
Jun 15 17:24:53 
Jun 15 17:24:53 开始【京东账号2】jd_7a84de20543eb
Jun 15 17:24:53 
Jun 15 17:24:54 当前JOY分布情况
Jun 15 17:24:54 
Jun 15 17:24:54 30 31 32 33
Jun 15 17:24:54 34 34 34 34
Jun 15 17:24:54 34 34 34 34
Jun 15 17:24:54 
Jun 15 17:24:56 当前金币:3077614999907857
Jun 15 17:24:56 
Jun 15 17:24:56 此次在线收益：获得 383862702085 金币
Jun 15 17:25:02 当前信息：4 京豆，3077614999907857 金币
Jun 15 17:25:02 
Jun 15 17:25:02 
Jun 15 17:25:02 
Jun 15 17:25:02 ============开始第99次挂机=============
Jun 15 17:25:03 
Jun 15 17:25:03 开始【京东账号1】455979050-14287437
Jun 15 17:25:03 
Jun 15 17:25:04 当前JOY分布情况
Jun 15 17:25:04 
Jun 15 17:25:04 30 31 32 33
Jun 15 17:25:04 34 34 34 34
Jun 15 17:25:04 34 34 34 34
Jun 15 17:25:04 
Jun 15 17:25:06 当前金币:2762886033722435
Jun 15 17:25:06 
Jun 15 17:25:06 此次在线收益：获得 383862702085 金币
Jun 15 17:25:12 当前信息：1418 京豆，2762886033722435 金币
Jun 15 17:25:12 
Jun 15 17:25:12 开始【京东账号2】jd_7a84de20543eb
Jun 15 17:25:12 
Jun 15 17:25:13 当前JOY分布情况
Jun 15 17:25:13 
Jun 15 17:25:13 30 31 32 33
Jun 15 17:25:13 34 34 34 34
Jun 15 17:25:13 34 34 34 34
Jun 15 17:25:13 
Jun 15 17:25:15 此次在线收益：获得 0 金币
Jun 15 17:25:21 当前信息：4 京豆，获取当前金币数量失败 金币
Jun 15 17:25:21 
Jun 15 17:25:21 
Jun 15 17:25:21 
Jun 15 17:25:21 ============开始第100次挂机=============
Jun 15 17:25:21 
Jun 15 17:25:21 开始【京东账号1】455979050-14287437
Jun 15 17:25:21 
Jun 15 17:25:23 当前JOY分布情况
Jun 15 17:25:23 
Jun 15 17:25:23 30 31 32 33
Jun 15 17:25:23 34 34 34 34
Jun 15 17:25:23 34 34 34 34
Jun 15 17:25:23 
Jun 15 17:25:33 当前信息：1418 京豆，获取当前金币数量失败 金币
Jun 15 17:25:33 
Jun 15 17:25:33 开始【京东账号2】jd_7a84de20543eb
Jun 15 17:25:33 
Jun 15 17:25:34 当前JOY分布情况
Jun 15 17:25:34 
Jun 15 17:25:34 30 31 32 33
Jun 15 17:25:34 34 34 34 34
Jun 15 17:25:34 34 34 34 34
Jun 15 17:25:34 
Jun 15 17:25:45 当前信息：4 京豆，获取当前金币数量失败 金币
Jun 15 17:25:45 
Jun 15 17:25:45 
Jun 15 17:25:45 
Jun 15 17:25:45 ============开始第101次挂机=============
Jun 15 17:25:45 
Jun 15 17:25:45 开始【京东账号1】455979050-14287437
Jun 15 17:25:45 
Jun 15 17:25:46 当前JOY分布情况
Jun 15 17:25:46 
Jun 15 17:25:46 30 31 32 33
Jun 15 17:25:46 34 34 34 34
Jun 15 17:25:46 34 34 34 34
Jun 15 17:25:46 
Jun 15 17:25:50 此次在线收益：获得 0 金币
Jun 15 17:25:56 当前信息：1418 京豆，获取当前金币数量失败 金币
Jun 15 17:25:56 
Jun 15 17:25:56 开始【京东账号2】jd_7a84de20543eb
Jun 15 17:25:56 
Jun 15 17:25:58 joy信息获取信息失败
Jun 15 17:26:01 当前金币:3080685901524537
Jun 15 17:26:01 
Jun 15 17:26:01 此次在线收益：获得 383862702085 金币
Jun 15 17:26:07 当前信息：4 京豆，3080685901524537 金币
Jun 15 17:26:07 
Jun 15 17:26:07 
Jun 15 17:26:07 
Jun 15 17:26:07 ============开始第102次挂机=============
Jun 15 17:26:07 
Jun 15 17:26:07 开始【京东账号1】455979050-14287437
Jun 15 17:26:07 
Jun 15 17:26:08 当前JOY分布情况
Jun 15 17:26:08 
Jun 15 17:26:08 30 31 32 33
Jun 15 17:26:08 34 34 34 34
Jun 15 17:26:08 34 34 34 34
Jun 15 17:26:08 
Jun 15 17:26:11 当前金币:2765573072637030
Jun 15 17:26:11 
Jun 15 17:26:11 此次在线收益：获得 383862702085 金币
Jun 15 17:26:15 京豆信息获取信息失败
Jun 15 17:26:20 当前信息：0 京豆，2765573072637030 金币
Jun 15 17:26:20 
Jun 15 17:26:20 开始【京东账号2】jd_7a84de20543eb
Jun 15 17:26:20 
Jun 15 17:26:21 当前JOY分布情况
Jun 15 17:26:21 
Jun 15 17:26:21 30 31 32 33
Jun 15 17:26:21 34 34 34 34
Jun 15 17:26:21 34 34 34 34
Jun 15 17:26:21 
Jun 15 17:26:23 此次在线收益：获得 0 金币
Jun 15 17:26:29 当前信息：4 京豆，获取当前金币数量失败 金币
Jun 15 17:26:29 
Jun 15 17:26:29 
Jun 15 17:26:29 
Jun 15 17:26:29 ============开始第103次挂机=============
Jun 15 17:26:29 
Jun 15 17:26:29 开始【京东账号1】455979050-14287437
Jun 15 17:26:29 
Jun 15 17:26:33 joy信息获取信息失败
Jun 15 17:26:36 此次在线收益：获得 0 金币
Jun 15 17:26:42 当前信息：1418 京豆，获取当前金币数量失败 金币
Jun 15 17:26:42 
Jun 15 17:26:42 开始【京东账号2】jd_7a84de20543eb
Jun 15 17:26:42 
Jun 15 17:26:43 当前JOY分布情况
Jun 15 17:26:43 
Jun 15 17:26:43 30 31 32 33
Jun 15 17:26:43 34 34 34 34
Jun 15 17:26:43 34 34 34 34
Jun 15 17:26:43 
Jun 15 17:26:46 此次在线收益：获得 0 金币
Jun 15 17:26:52 当前信息：4 京豆，获取当前金币数量失败 金币
Jun 15 17:26:52 
Jun 15 17:26:52 
Jun 15 17:26:52 
Jun 15 17:26:52 ============开始第104次挂机=============
Jun 15 17:26:52 
Jun 15 17:26:52 开始【京东账号1】455979050-14287437
Jun 15 17:26:52 
Jun 15 17:26:53 当前JOY分布情况
Jun 15 17:26:53 
Jun 15 17:26:53 30 31 32 33
Jun 15 17:26:53 34 34 34 34
Jun 15 17:26:53 34 34 34 34
Jun 15 17:26:53 
Jun 15 17:26:55 当前金币:2767492386147455
Jun 15 17:26:55 
Jun 15 17:26:55 此次在线收益：获得 383862702085 金币
Jun 15 17:27:01 当前信息：1418 京豆，2767492386147455 金币
Jun 15 17:27:01 
Jun 15 17:27:01 开始【京东账号2】jd_7a84de20543eb
Jun 15 17:27:01 
Jun 15 17:27:03 当前JOY分布情况
Jun 15 17:27:03 
Jun 15 17:27:03 30 31 32 33
Jun 15 17:27:03 34 34 34 34
Jun 15 17:27:03 34 34 34 34
Jun 15 17:27:03 
Jun 15 17:27:05 当前金币:3083756803141217
Jun 15 17:27:05 
Jun 15 17:27:05 此次在线收益：获得 383862702085 金币
Jun 15 17:27:11 当前信息：4 京豆，3083756803141217 金币
Jun 15 17:27:11 
Jun 15 17:27:11 
Jun 15 17:27:11 
Jun 15 17:27:11 ============开始第105次挂机=============
Jun 15 17:27:11 
Jun 15 17:27:11 开始【京东账号1】455979050-14287437
Jun 15 17:27:11 
Jun 15 17:27:12 当前JOY分布情况
Jun 15 17:27:12 
Jun 15 17:27:12 30 31 32 33
Jun 15 17:27:12 34 34 34 34
Jun 15 17:27:12 34 34 34 34
Jun 15 17:27:12 
Jun 15 17:27:16 此次在线收益：获得 0 金币
Jun 15 17:27:22 当前信息：1418 京豆，获取当前金币数量失败 金币
Jun 15 17:27:22 
Jun 15 17:27:22 开始【京东账号2】jd_7a84de20543eb
Jun 15 17:27:22 
