Jun 14 01:13:00 
Jun 14 01:13:00 ?小鸽有礼-每日抽奖, 开始!
Jun 14 01:13:00 
Jun 14 01:13:00 ?小鸽有礼-每日抽奖, 开始!
Jun 14 01:13:00 您的cookie选择的是用&隔开
Jun 14 01:13:00 
Jun 14 01:13:00 
Jun 14 01:13:00 ====================共有2个京东账号Cookie=========
Jun 14 01:13:00 
Jun 14 01:13:00 您的cookie选择的是用&隔开
Jun 14 01:13:00 
Jun 14 01:13:00 
Jun 14 01:13:00 ====================共有2个京东账号Cookie=========
Jun 14 01:13:00 
Jun 14 01:13:00 ==================脚本执行- 北京时间(UTC+8)：6/14/2021, 1:13:00 AM=====================
Jun 14 01:13:00 
Jun 14 01:13:00 ==================脚本执行- 北京时间(UTC+8)：6/14/2021, 1:13:00 AM=====================
Jun 14 01:13:00 
Jun 14 01:13:00 
Jun 14 01:13:00 *****开始【京东账号1】诺咪兔*****
Jun 14 01:13:00 
Jun 14 01:13:00 
Jun 14 01:13:00 *****开始【京东账号1】诺咪兔*****
Jun 14 01:13:00 
Jun 14 01:13:05 初始化
Jun 14 01:13:05 455979050-14287437获取任务列表失败
Jun 14 01:13:05 初始化
Jun 14 01:13:05 455979050-14287437获取任务列表失败
Jun 14 01:13:05 
Jun 14 01:13:05 *****开始【京东账号2】jd_152055zny*****
Jun 14 01:13:05 
Jun 14 01:13:06 初始化
Jun 14 01:13:06 jd_7a84de20543eb获取任务列表失败
Jun 14 01:13:06 
Jun 14 01:13:06 ?小鸽有礼-每日抽奖, 结束! ? 5.492 秒
Jun 14 01:13:06 
Jun 14 01:13:06 
Jun 14 01:13:06 *****开始【京东账号2】jd_152055zny*****
Jun 14 01:13:06 
Jun 14 01:13:06 初始化
Jun 14 01:13:06 jd_7a84de20543eb获取任务列表失败
Jun 14 01:13:06 
Jun 14 01:13:06 ?小鸽有礼-每日抽奖, 结束! ? 5.651 秒
Jun 14 01:13:06 
Jun 14 22:13:00 
Jun 14 22:13:00 ?小鸽有礼-每日抽奖, 开始!
Jun 14 22:13:00 
Jun 14 22:13:00 ?小鸽有礼-每日抽奖, 开始!
Jun 14 22:13:00 您的cookie选择的是用&隔开
Jun 14 22:13:00 
Jun 14 22:13:00 
Jun 14 22:13:00 ====================共有2个京东账号Cookie=========
Jun 14 22:13:00 
Jun 14 22:13:00 您的cookie选择的是用&隔开
Jun 14 22:13:00 
Jun 14 22:13:00 
Jun 14 22:13:00 ====================共有2个京东账号Cookie=========
Jun 14 22:13:00 
Jun 14 22:13:00 ==================脚本执行- 北京时间(UTC+8)：6/14/2021, 10:13:00 PM=====================
Jun 14 22:13:00 
Jun 14 22:13:00 ==================脚本执行- 北京时间(UTC+8)：6/14/2021, 10:13:00 PM=====================
Jun 14 22:13:00 
Jun 14 22:13:00 
Jun 14 22:13:00 *****开始【京东账号1】诺咪兔*****
Jun 14 22:13:00 
Jun 14 22:13:00 
Jun 14 22:13:00 *****开始【京东账号1】诺咪兔*****
Jun 14 22:13:00 
Jun 14 22:13:05 初始化
Jun 14 22:13:05 455979050-14287437获取任务列表失败
Jun 14 22:13:05 初始化
Jun 14 22:13:05 455979050-14287437获取任务列表失败
Jun 14 22:13:05 
Jun 14 22:13:05 *****开始【京东账号2】jd_152055zny*****
Jun 14 22:13:05 
Jun 14 22:13:05 
Jun 14 22:13:05 *****开始【京东账号2】jd_152055zny*****
Jun 14 22:13:05 
Jun 14 22:13:05 初始化
Jun 14 22:13:05 jd_7a84de20543eb获取任务列表失败
Jun 14 22:13:05 
Jun 14 22:13:05 ?小鸽有礼-每日抽奖, 结束! ? 5.457 秒
Jun 14 22:13:05 
Jun 14 22:13:05 初始化
Jun 14 22:13:05 jd_7a84de20543eb获取任务列表失败
Jun 14 22:13:05 
Jun 14 22:13:05 ?小鸽有礼-每日抽奖, 结束! ? 5.515 秒
Jun 14 22:13:05 
Jun 14 23:13:00 
Jun 14 23:13:00 ?小鸽有礼-每日抽奖, 开始!
Jun 14 23:13:00 
Jun 14 23:13:00 ?小鸽有礼-每日抽奖, 开始!
Jun 14 23:13:00 您的cookie选择的是用&隔开
Jun 14 23:13:00 
Jun 14 23:13:00 
Jun 14 23:13:00 ====================共有2个京东账号Cookie=========
Jun 14 23:13:00 
Jun 14 23:13:00 您的cookie选择的是用&隔开
Jun 14 23:13:00 
Jun 14 23:13:00 
Jun 14 23:13:00 ====================共有2个京东账号Cookie=========
Jun 14 23:13:00 
Jun 14 23:13:00 ==================脚本执行- 北京时间(UTC+8)：6/14/2021, 11:13:00 PM=====================
Jun 14 23:13:00 
Jun 14 23:13:00 ==================脚本执行- 北京时间(UTC+8)：6/14/2021, 11:13:00 PM=====================
Jun 14 23:13:00 
Jun 14 23:13:00 
Jun 14 23:13:00 *****开始【京东账号1】诺咪兔*****
Jun 14 23:13:00 
Jun 14 23:13:00 
Jun 14 23:13:00 *****开始【京东账号1】诺咪兔*****
Jun 14 23:13:00 
Jun 14 23:13:05 初始化
Jun 14 23:13:05 455979050-14287437获取任务列表失败
Jun 14 23:13:05 初始化
Jun 14 23:13:05 455979050-14287437获取任务列表失败
Jun 14 23:13:05 
Jun 14 23:13:05 *****开始【京东账号2】jd_152055zny*****
Jun 14 23:13:05 
Jun 14 23:13:05 
Jun 14 23:13:05 *****开始【京东账号2】jd_152055zny*****
Jun 14 23:13:05 
Jun 14 23:13:05 初始化
Jun 14 23:13:05 jd_7a84de20543eb获取任务列表失败
Jun 14 23:13:05 
Jun 14 23:13:05 ?小鸽有礼-每日抽奖, 结束! ? 5.376 秒
Jun 14 23:13:05 
Jun 14 23:13:05 初始化
Jun 14 23:13:05 jd_7a84de20543eb获取任务列表失败
Jun 14 23:13:05 
Jun 14 23:13:05 ?小鸽有礼-每日抽奖, 结束! ? 5.449 秒
Jun 14 23:13:05 
Jun 15 01:13:00 
Jun 15 01:13:00 ?小鸽有礼-每日抽奖, 开始!
Jun 15 01:13:00 
Jun 15 01:13:00 ?小鸽有礼-每日抽奖, 开始!
Jun 15 01:13:00 您的cookie选择的是用&隔开
Jun 15 01:13:00 
Jun 15 01:13:00 
Jun 15 01:13:00 ====================共有2个京东账号Cookie=========
Jun 15 01:13:00 
Jun 15 01:13:00 您的cookie选择的是用&隔开
Jun 15 01:13:00 
Jun 15 01:13:00 
Jun 15 01:13:00 ====================共有2个京东账号Cookie=========
Jun 15 01:13:00 
Jun 15 01:13:00 ==================脚本执行- 北京时间(UTC+8)：6/15/2021, 1:13:00 AM=====================
Jun 15 01:13:00 
Jun 15 01:13:00 ==================脚本执行- 北京时间(UTC+8)：6/15/2021, 1:13:00 AM=====================
Jun 15 01:13:00 
Jun 15 01:13:00 
Jun 15 01:13:00 *****开始【京东账号1】诺咪兔*****
Jun 15 01:13:00 
Jun 15 01:13:00 
Jun 15 01:13:00 *****开始【京东账号1】诺咪兔*****
Jun 15 01:13:00 
Jun 15 01:13:05 初始化
Jun 15 01:13:05 455979050-14287437获取任务列表失败
Jun 15 01:13:05 初始化
Jun 15 01:13:05 455979050-14287437获取任务列表失败
Jun 15 01:13:05 
Jun 15 01:13:05 *****开始【京东账号2】jd_152055zny*****
Jun 15 01:13:05 
Jun 15 01:13:05 
Jun 15 01:13:05 *****开始【京东账号2】jd_152055zny*****
Jun 15 01:13:05 
Jun 15 01:13:05 初始化
Jun 15 01:13:05 jd_7a84de20543eb获取任务列表失败
Jun 15 01:13:05 
Jun 15 01:13:05 ?小鸽有礼-每日抽奖, 结束! ? 5.388 秒
Jun 15 01:13:05 
Jun 15 01:13:05 初始化
Jun 15 01:13:05 jd_7a84de20543eb获取任务列表失败
Jun 15 01:13:05 
Jun 15 01:13:05 ?小鸽有礼-每日抽奖, 结束! ? 5.4 秒
Jun 15 01:13:05 
