Jun 14 01:00:00 
Jun 14 01:00:00 🔔金榜创造营, 开始!
Jun 14 01:00:00 您的cookie选择的是用&隔开
Jun 14 01:00:00 
Jun 14 01:00:00 
Jun 14 01:00:00 ====================共有2个京东账号Cookie=========
Jun 14 01:00:00 
Jun 14 01:00:00 ==================脚本执行- 北京时间(UTC+8)：6/14/2021, 1:00:00 AM=====================
Jun 14 01:00:00 
Jun 14 01:00:00 
Jun 14 01:00:00 🔔金榜创造营, 开始!
Jun 14 01:00:00 您的cookie选择的是用&隔开
Jun 14 01:00:00 
Jun 14 01:00:00 
Jun 14 01:00:00 ====================共有2个京东账号Cookie=========
Jun 14 01:00:00 
Jun 14 01:00:00 ==================脚本执行- 北京时间(UTC+8)：6/14/2021, 1:00:00 AM=====================
Jun 14 01:00:00 
Jun 14 01:00:01 
Jun 14 01:00:01 ******开始【京东账号1】诺咪兔*********
Jun 14 01:00:01 
Jun 14 01:00:01 
Jun 14 01:00:01 ******开始【京东账号1】诺咪兔*********
Jun 14 01:00:01 
Jun 14 01:00:01 共有7个主题
Jun 14 01:00:01 共有7个主题
Jun 14 01:00:01 
Jun 14 01:00:01 做额外任务：金榜创造营-逛商品
Jun 14 01:00:01 
Jun 14 01:00:01 做额外任务：金榜创造营-关注店铺
Jun 14 01:00:01 成功，获得 0京豆
Jun 14 01:00:01 
Jun 14 01:00:01 失败：{"isSuccess":true,"code":"-3","msg":"调用频率太快"}
Jun 14 01:00:01 
Jun 14 01:00:03 
Jun 14 01:00:03 做额外任务：金榜创造营-关注店铺
Jun 14 01:00:03 
Jun 14 01:00:03 做额外任务：金榜创造营-逛会场
Jun 14 01:00:03 成功，获得 1京豆
Jun 14 01:00:03 
Jun 14 01:00:04 失败：{"isSuccess":true,"code":"-3","msg":"调用频率太快"}
Jun 14 01:00:04 
Jun 14 01:00:05 
Jun 14 01:00:05 做额外任务：金榜创造营-逛会场
Jun 14 01:00:06 已投票0主题
Jun 14 01:00:06 
Jun 14 01:00:06 
Jun 14 01:00:06 开始给【手机人文情怀趋势】主题下的商品进行投票
Jun 14 01:00:06 当前剩余投票次数：7
Jun 14 01:00:06 给 【vivo iQOO 7 】 商品投票
Jun 14 01:00:06 失败：{"isSuccess":true,"code":"-3","msg":"调用频率太快"}
Jun 14 01:00:06 
Jun 14 01:00:06 成功，获得 0京豆
Jun 14 01:00:06 
Jun 14 01:00:08 
Jun 14 01:00:08 开始给【家电智能生活趋势】主题下的商品进行投票
Jun 14 01:00:08 当前剩余投票次数：7
Jun 14 01:00:08 给 【海尔 对开门电冰箱】 商品投票
Jun 14 01:00:08 已投票0主题
Jun 14 01:00:08 
Jun 14 01:00:08 
Jun 14 01:00:08 开始给【数码极致体验趋势】主题下的商品进行投票
Jun 14 01:00:08 当前剩余投票次数：6
Jun 14 01:00:08 给 【华硕 路由器】 商品投票
Jun 14 01:00:08 失败：{"isSuccess":true,"code":"-3","msg":"调用频率太快"}
Jun 14 01:00:08 
Jun 14 01:00:08 成功，获得 1京豆
Jun 14 01:00:08 
Jun 14 01:00:10 
Jun 14 01:00:10 开始给【手机人文情怀趋势】主题下的商品进行投票
Jun 14 01:00:10 
Jun 14 01:00:10 开始给【数码极致体验趋势】主题下的商品进行投票
Jun 14 01:00:10 当前剩余投票次数：6
Jun 14 01:00:10 给 【一加OnePlus9 Pro 】 商品投票
Jun 14 01:00:10 当前剩余投票次数：6
Jun 14 01:00:10 给 【戴尔DELL 笔记本电脑】 商品投票
Jun 14 01:00:10 失败：{"isSuccess":true,"code":"-3","msg":"调用频率太快"}
Jun 14 01:00:10 
Jun 14 01:00:11 成功，获得 0京豆
Jun 14 01:00:11 
Jun 14 01:00:12 
Jun 14 01:00:12 开始给【饮食精细化式趋势】主题下的商品进行投票
Jun 14 01:00:13 当前剩余投票次数：5
Jun 14 01:00:13 给 【安慕希 常温希腊风味酸牛奶 】 商品投票
Jun 14 01:00:13 
Jun 14 01:00:13 开始给【居家个性多元趋势】主题下的商品进行投票
Jun 14 01:00:13 当前剩余投票次数：4
Jun 14 01:00:13 给 【科勒 独立式亚克力浴缸】 商品投票
Jun 14 01:00:13 失败：{"isSuccess":true,"code":"-3","msg":"调用频率太快"}
Jun 14 01:00:13 
Jun 14 01:00:14 成功，获得 1京豆
Jun 14 01:00:14 
Jun 14 01:00:15 
Jun 14 01:00:15 开始给【日用全域舒享趋势】主题下的商品进行投票
Jun 14 01:00:15 当前剩余投票次数：4
Jun 14 01:00:15 给 【护舒宝 超薄亲肤卫生巾套装】 商品投票
Jun 14 01:00:16 
Jun 14 01:00:16 开始给【居家个性多元趋势】主题下的商品进行投票
Jun 14 01:00:16 当前剩余投票次数：3
Jun 14 01:00:16 给 【科勒 独立式亚克力浴缸】 商品投票
Jun 14 01:00:16 失败：{"isSuccess":true,"code":"-3","msg":"调用频率太快"}
Jun 14 01:00:16 
Jun 14 01:00:16 成功，获得 1京豆
Jun 14 01:00:16 
Jun 14 01:00:18 
Jun 14 01:00:18 开始给【个护气味香氛趋势】主题下的商品进行投票
Jun 14 01:00:18 当前剩余投票次数：3
Jun 14 01:00:18 给 【发之食谱 去油洗发水】 商品投票
Jun 14 01:00:18 
Jun 14 01:00:18 开始给【饮食精细化式趋势】主题下的商品进行投票
Jun 14 01:00:19 当前剩余投票次数：2
Jun 14 01:00:19 给 【蒙牛 真果粒牛奶乳品】 商品投票
Jun 14 01:00:19 失败：{"isSuccess":true,"code":"-3","msg":"调用频率太快"}
Jun 14 01:00:19 
Jun 14 01:00:19 成功，获得 1京豆
Jun 14 01:00:19 
Jun 14 01:00:21 
Jun 14 01:00:21 开始给【个护气味香氛趋势】主题下的商品进行投票
Jun 14 01:00:21 当前剩余投票次数：2
Jun 14 01:00:21 给 【飘柔 人参滋养修护润发乳】 商品投票
Jun 14 01:00:21 
Jun 14 01:00:21 开始给【日用全域舒享趋势】主题下的商品进行投票
Jun 14 01:00:21 失败：任务已完成
Jun 14 01:00:21 
Jun 14 01:00:21 当前剩余投票次数：2
Jun 14 01:00:21 给 【碧浪 除菌抑菌洁净洗衣液】 商品投票
Jun 14 01:00:21 失败：{"isSuccess":true,"code":"-3","msg":"调用频率太快"}
Jun 14 01:00:21 
Jun 14 01:00:23 
Jun 14 01:00:23 开始给【家电智能生活趋势】主题下的商品进行投票
Jun 14 01:00:23 
Jun 14 01:00:23 ==============📣系统通知📣==============
Jun 14 01:00:23 金榜创造营
Jun 14 01:00:23 【京东账号1】455979050-14287437
Jun 14 01:00:23 本次运行获得3京豆
Jun 14 01:00:23 
Jun 14 01:00:23 ******开始【京东账号2】jd_152055zny*********
Jun 14 01:00:23 
Jun 14 01:00:23 共有7个主题
Jun 14 01:00:23 当前剩余投票次数：2
Jun 14 01:00:23 给 【美的 1.5匹壁挂式空调】 商品投票
Jun 14 01:00:23 
Jun 14 01:00:23 做额外任务：金榜创造营-逛商品
Jun 14 01:00:23 失败：任务已完成
Jun 14 01:00:23 
Jun 14 01:00:23 成功，获得 1京豆
Jun 14 01:00:23 
Jun 14 01:00:25 
Jun 14 01:00:25 ==============📣系统通知📣==============
Jun 14 01:00:25 金榜创造营
Jun 14 01:00:25 【京东账号1】455979050-14287437
Jun 14 01:00:25 本次运行获得2京豆
Jun 14 01:00:25 
Jun 14 01:00:25 做额外任务：金榜创造营-关注店铺
Jun 14 01:00:25 
Jun 14 01:00:25 ******开始【京东账号2】jd_152055zny*********
Jun 14 01:00:25 
Jun 14 01:00:25 共有7个主题
Jun 14 01:00:25 
Jun 14 01:00:25 做额外任务：金榜创造营-逛会场
Jun 14 01:00:26 失败：{"isSuccess":true,"code":"-3","msg":"调用频率太快"}
Jun 14 01:00:26 
Jun 14 01:00:26 成功，获得 0京豆
Jun 14 01:00:26 
Jun 14 01:00:28 已投票0主题
Jun 14 01:00:28 
Jun 14 01:00:28 
Jun 14 01:00:28 开始给【日用全域舒享趋势】主题下的商品进行投票
Jun 14 01:00:28 当前剩余投票次数：7
Jun 14 01:00:28 给 【好奇 心钻装小森林纸尿裤】 商品投票
Jun 14 01:00:28 
Jun 14 01:00:28 做额外任务：金榜创造营-逛会场
Jun 14 01:00:28 失败：{"isSuccess":true,"code":"-3","msg":"调用频率太快"}
Jun 14 01:00:28 
Jun 14 01:00:29 成功，获得 1京豆
Jun 14 01:00:29 
Jun 14 01:00:30 已投票0主题
Jun 14 01:00:30 
Jun 14 01:00:30 
Jun 14 01:00:30 开始给【日用全域舒享趋势】主题下的商品进行投票
Jun 14 01:00:30 当前剩余投票次数：6
Jun 14 01:00:30 给 【护舒宝 夜用考拉安睡裤】 商品投票
Jun 14 01:00:30 失败：任务已完成
Jun 14 01:00:30 
Jun 14 01:00:31 
Jun 14 01:00:31 开始给【饮食精细化式趋势】主题下的商品进行投票
Jun 14 01:00:31 当前剩余投票次数：6
Jun 14 01:00:31 给 【雅培 小安素配方奶粉】 商品投票
Jun 14 01:00:31 失败：{"isSuccess":true,"code":"-3","msg":"调用频率太快"}
Jun 14 01:00:31 
Jun 14 01:00:32 
Jun 14 01:00:32 开始给【个护气味香氛趋势】主题下的商品进行投票
Jun 14 01:00:32 当前剩余投票次数：6
Jun 14 01:00:32 给 【发之食谱 去油洗发水】 商品投票
Jun 14 01:00:33 
Jun 14 01:00:33 开始给【手机人文情怀趋势】主题下的商品进行投票
Jun 14 01:00:33 成功，获得 1京豆
Jun 14 01:00:33 
Jun 14 01:00:33 当前剩余投票次数：5
Jun 14 01:00:33 给 【科大讯飞 智能学习机】 商品投票
Jun 14 01:00:33 失败：{"isSuccess":true,"code":"-3","msg":"调用频率太快"}
Jun 14 01:00:33 
Jun 14 01:00:35 
Jun 14 01:00:35 开始给【手机人文情怀趋势】主题下的商品进行投票
Jun 14 01:00:35 
Jun 14 01:00:35 开始给【数码极致体验趋势】主题下的商品进行投票
Jun 14 01:00:35 当前剩余投票次数：5
Jun 14 01:00:35 给 【iRobot 智能拖地机器人】 商品投票
Jun 14 01:00:35 当前剩余投票次数：5
Jun 14 01:00:35 给 【联想 小新Pro14笔记本电脑】 商品投票
Jun 14 01:00:35 失败：{"isSuccess":true,"code":"-3","msg":"调用频率太快"}
Jun 14 01:00:35 
Jun 14 01:00:36 成功，获得 0京豆
Jun 14 01:00:36 
Jun 14 01:00:37 
Jun 14 01:00:37 开始给【居家个性多元趋势】主题下的商品进行投票
Jun 14 01:00:37 当前剩余投票次数：4
Jun 14 01:00:37 给 【百雀羚 帧颜护肤套装】 商品投票
Jun 14 01:00:38 
Jun 14 01:00:38 开始给【居家个性多元趋势】主题下的商品进行投票
Jun 14 01:00:38 当前剩余投票次数：3
Jun 14 01:00:38 给 【芝华仕  智能电动按摩椅】 商品投票
Jun 14 01:00:38 失败：{"isSuccess":true,"code":"-3","msg":"调用频率太快"}
Jun 14 01:00:38 
Jun 14 01:00:38 成功，获得 0京豆
Jun 14 01:00:38 
Jun 14 01:00:40 
Jun 14 01:00:40 开始给【家电智能生活趋势】主题下的商品进行投票
Jun 14 01:00:40 当前剩余投票次数：3
Jun 14 01:00:40 给 【卡萨帝 十字对开门冰箱】 商品投票
Jun 14 01:00:40 
Jun 14 01:00:40 开始给【家电智能生活趋势】主题下的商品进行投票
Jun 14 01:00:40 当前剩余投票次数：2
Jun 14 01:00:40 给 【云米 变频对开门冰箱】 商品投票
Jun 14 01:00:40 失败：{"isSuccess":true,"code":"-3","msg":"调用频率太快"}
Jun 14 01:00:40 
Jun 14 01:00:41 成功，获得 0京豆
Jun 14 01:00:41 
Jun 14 01:00:42 
Jun 14 01:00:42 开始给【个护气味香氛趋势】主题下的商品进行投票
Jun 14 01:00:42 当前剩余投票次数：2
Jun 14 01:00:42 给 【资生堂 透润美容液洗护套装】 商品投票
Jun 14 01:00:42 失败：任务已完成
Jun 14 01:00:42 
Jun 14 01:00:43 
Jun 14 01:00:43 开始给【饮食精细化式趋势】主题下的商品进行投票
Jun 14 01:00:43 当前剩余投票次数：2
Jun 14 01:00:43 给 【诺优能PRO 幼儿配方奶粉】 商品投票
Jun 14 01:00:43 失败：{"isSuccess":true,"code":"-3","msg":"调用频率太快"}
Jun 14 01:00:43 
Jun 14 01:00:44 
Jun 14 01:00:44 ==============📣系统通知📣==============
Jun 14 01:00:44 金榜创造营
Jun 14 01:00:44 【京东账号2】jd_7a84de20543eb
Jun 14 01:00:44 本次运行获得1京豆
Jun 14 01:00:44 
Jun 14 01:00:44 🔔金榜创造营, 结束! 🕛 44.47 秒
Jun 14 01:00:44 
Jun 14 01:00:45 
Jun 14 01:00:45 开始给【数码极致体验趋势】主题下的商品进行投票
Jun 14 01:00:45 当前剩余投票次数：2
Jun 14 01:00:45 给 【RedmiBook Pro15】 商品投票
Jun 14 01:00:46 成功，获得 1京豆
Jun 14 01:00:46 
Jun 14 01:00:48 
Jun 14 01:00:48 ==============📣系统通知📣==============
Jun 14 01:00:48 金榜创造营
Jun 14 01:00:48 【京东账号2】jd_7a84de20543eb
Jun 14 01:00:48 本次运行获得3京豆
Jun 14 01:00:48 
Jun 14 01:00:48 🔔金榜创造营, 结束! 🕛 47.609 秒
Jun 14 01:00:48 
Jun 14 22:00:00 
Jun 14 22:00:00 🔔金榜创造营, 开始!
Jun 14 22:00:00 您的cookie选择的是用&隔开
Jun 14 22:00:00 
Jun 14 22:00:00 
Jun 14 22:00:00 ====================共有2个京东账号Cookie=========
Jun 14 22:00:00 
Jun 14 22:00:00 ==================脚本执行- 北京时间(UTC+8)：6/14/2021, 10:00:00 PM=====================
Jun 14 22:00:00 
Jun 14 22:00:00 
Jun 14 22:00:00 🔔金榜创造营, 开始!
Jun 14 22:00:00 您的cookie选择的是用&隔开
Jun 14 22:00:00 
Jun 14 22:00:00 
Jun 14 22:00:00 ====================共有2个京东账号Cookie=========
Jun 14 22:00:00 
Jun 14 22:00:00 ==================脚本执行- 北京时间(UTC+8)：6/14/2021, 10:00:00 PM=====================
Jun 14 22:00:00 
Jun 14 22:00:00 
Jun 14 22:00:00 ******开始【京东账号1】诺咪兔*********
Jun 14 22:00:00 
Jun 14 22:00:00 
Jun 14 22:00:00 ******开始【京东账号1】诺咪兔*********
Jun 14 22:00:00 
Jun 14 22:00:00 共有7个主题
Jun 14 22:00:00 共有7个主题
Jun 14 22:00:00 已投票5主题
Jun 14 22:00:00 
Jun 14 22:00:00 
Jun 14 22:00:00 开始给【数码极致体验趋势】主题下的商品进行投票
Jun 14 22:00:00 已投票5主题
Jun 14 22:00:00 
Jun 14 22:00:00 
Jun 14 22:00:00 开始给【居家个性多元趋势】主题下的商品进行投票
Jun 14 22:00:00 当前剩余投票次数：2
Jun 14 22:00:00 给 【腾达 无线路由器】 商品投票
Jun 14 22:00:01 当前剩余投票次数：2
Jun 14 22:00:01 给 【OLAY 抗糖小白瓶精华液】 商品投票
Jun 14 22:00:01 成功，获得 1京豆
Jun 14 22:00:01 
Jun 14 22:00:01 失败：{"isSuccess":true,"code":"-3","msg":"调用频率太快"}
Jun 14 22:00:01 
Jun 14 22:00:03 
Jun 14 22:00:03 开始给【居家个性多元趋势】主题下的商品进行投票
Jun 14 22:00:03 
Jun 14 22:00:03 开始给【数码极致体验趋势】主题下的商品进行投票
Jun 14 22:00:03 当前剩余投票次数：1
Jun 14 22:00:03 给 【凯迪仕 全自动智能指纹锁】 商品投票
Jun 14 22:00:03 当前剩余投票次数：1
Jun 14 22:00:03 给 【RedmiBook Pro15】 商品投票
Jun 14 22:00:03 失败：{"isSuccess":true,"code":"-3","msg":"调用频率太快"}
Jun 14 22:00:03 
Jun 14 22:00:03 成功，获得 0京豆
Jun 14 22:00:03 
Jun 14 22:00:05 
Jun 14 22:00:05 ******开始【京东账号2】jd_152055zny*********
Jun 14 22:00:05 
Jun 14 22:00:05 
Jun 14 22:00:05 ==============📣系统通知📣==============
Jun 14 22:00:05 金榜创造营
Jun 14 22:00:05 【京东账号1】455979050-14287437
Jun 14 22:00:05 本次运行获得1京豆
Jun 14 22:00:05 共有7个主题
Jun 14 22:00:05 
Jun 14 22:00:05 ******开始【京东账号2】jd_152055zny*********
Jun 14 22:00:05 
Jun 14 22:00:05 
Jun 14 22:00:05 做额外任务：金榜创造营-逛会场
Jun 14 22:00:05 共有7个主题
Jun 14 22:00:05 已投票6主题
Jun 14 22:00:05 
Jun 14 22:00:05 
Jun 14 22:00:05 开始给【饮食精细化式趋势】主题下的商品进行投票
Jun 14 22:00:05 成功，获得 0京豆
Jun 14 22:00:05 
Jun 14 22:00:05 当前剩余投票次数：1
Jun 14 22:00:05 给 【汤臣倍健 Yep高光小粉瓶】 商品投票
Jun 14 22:00:05 失败：{"isSuccess":true,"code":"-3","msg":"调用频率太快"}
Jun 14 22:00:05 
Jun 14 22:00:07 已投票6主题
Jun 14 22:00:07 
Jun 14 22:00:07 
Jun 14 22:00:07 开始给【饮食精细化式趋势】主题下的商品进行投票
Jun 14 22:00:07 
Jun 14 22:00:07 🔔金榜创造营, 结束! 🕛 7.497 秒
Jun 14 22:00:07 
Jun 14 22:00:07 当前剩余投票次数：1
Jun 14 22:00:07 给 【雀巢 威化饼干】 商品投票
Jun 14 22:00:08 成功，获得 1京豆
Jun 14 22:00:08 
Jun 14 22:00:10 
Jun 14 22:00:10 ==============📣系统通知📣==============
Jun 14 22:00:10 金榜创造营
Jun 14 22:00:10 【京东账号2】jd_7a84de20543eb
Jun 14 22:00:10 本次运行获得1京豆
Jun 14 22:00:10 
Jun 14 22:00:10 🔔金榜创造营, 结束! 🕛 10.212 秒
Jun 14 22:00:10 
Jun 15 01:00:00 
Jun 15 01:00:00 🔔金榜创造营, 开始!
Jun 15 01:00:00 您的cookie选择的是用&隔开
Jun 15 01:00:00 
Jun 15 01:00:00 
Jun 15 01:00:00 ====================共有2个京东账号Cookie=========
Jun 15 01:00:00 
Jun 15 01:00:00 ==================脚本执行- 北京时间(UTC+8)：6/15/2021, 1:00:00 AM=====================
Jun 15 01:00:00 
Jun 15 01:00:00 
Jun 15 01:00:00 🔔金榜创造营, 开始!
Jun 15 01:00:00 您的cookie选择的是用&隔开
Jun 15 01:00:00 
Jun 15 01:00:00 
Jun 15 01:00:00 ====================共有2个京东账号Cookie=========
Jun 15 01:00:00 
Jun 15 01:00:00 ==================脚本执行- 北京时间(UTC+8)：6/15/2021, 1:00:00 AM=====================
Jun 15 01:00:00 
Jun 15 01:00:00 
Jun 15 01:00:00 ******开始【京东账号1】诺咪兔*********
Jun 15 01:00:00 
Jun 15 01:00:00 
Jun 15 01:00:00 ******开始【京东账号1】诺咪兔*********
Jun 15 01:00:00 
Jun 15 01:00:00 共有7个主题
Jun 15 01:00:00 共有7个主题
Jun 15 01:00:00 
Jun 15 01:00:00 做额外任务：金榜创造营-逛商品
Jun 15 01:00:00 
Jun 15 01:00:00 做额外任务：金榜创造营-逛商品
Jun 15 01:00:00 失败：{"isSuccess":true,"code":"-3","msg":"调用频率太快"}
Jun 15 01:00:00 
Jun 15 01:00:00 成功，获得 0京豆
Jun 15 01:00:00 
Jun 15 01:00:02 
Jun 15 01:00:02 做额外任务：金榜创造营-关注店铺
Jun 15 01:00:02 
Jun 15 01:00:02 做额外任务：金榜创造营-关注店铺
Jun 15 01:00:02 失败：{"isSuccess":true,"code":"-3","msg":"调用频率太快"}
Jun 15 01:00:02 
Jun 15 01:00:02 成功，获得 1京豆
Jun 15 01:00:02 
Jun 15 01:00:04 
Jun 15 01:00:04 做额外任务：金榜创造营-逛会场
Jun 15 01:00:04 
Jun 15 01:00:04 做额外任务：金榜创造营-逛会场
Jun 15 01:00:05 失败：{"isSuccess":true,"code":"-3","msg":"调用频率太快"}
Jun 15 01:00:05 
Jun 15 01:00:05 成功，获得 0京豆
Jun 15 01:00:05 
Jun 15 01:00:07 已投票0主题
Jun 15 01:00:07 
Jun 15 01:00:07 
Jun 15 01:00:07 开始给【个护气味香氛趋势】主题下的商品进行投票
Jun 15 01:00:07 当前剩余投票次数：7
Jun 15 01:00:07 给 【沙宣 锁色瓶固色护色洗发水】 商品投票
Jun 15 01:00:07 已投票0主题
Jun 15 01:00:07 
Jun 15 01:00:07 
Jun 15 01:00:07 开始给【居家个性多元趋势】主题下的商品进行投票
Jun 15 01:00:07 当前剩余投票次数：6
Jun 15 01:00:07 给 【凯迪仕 全自动智能指纹锁】 商品投票
Jun 15 01:00:07 失败：{"isSuccess":true,"code":"-3","msg":"调用频率太快"}
Jun 15 01:00:07 
Jun 15 01:00:07 成功，获得 0京豆
Jun 15 01:00:07 
Jun 15 01:00:09 
Jun 15 01:00:09 开始给【手机人文情怀趋势】主题下的商品进行投票
Jun 15 01:00:09 
Jun 15 01:00:09 开始给【日用全域舒享趋势】主题下的商品进行投票
Jun 15 01:00:09 当前剩余投票次数：6
Jun 15 01:00:09 给 【vivo S9 5G手机】 商品投票
Jun 15 01:00:09 当前剩余投票次数：6
Jun 15 01:00:09 给 【汰渍 洁净除菌洗衣液】 商品投票
Jun 15 01:00:09 失败：{"isSuccess":true,"code":"-3","msg":"调用频率太快"}
Jun 15 01:00:09 
Jun 15 01:00:10 成功，获得 0京豆
Jun 15 01:00:10 
Jun 15 01:00:11 
Jun 15 01:00:11 开始给【居家个性多元趋势】主题下的商品进行投票
Jun 15 01:00:11 当前剩余投票次数：5
Jun 15 01:00:11 给 【TUMI 男士时尚休闲单肩包】 商品投票
Jun 15 01:00:12 
Jun 15 01:00:12 开始给【数码极致体验趋势】主题下的商品进行投票
Jun 15 01:00:12 当前剩余投票次数：4
Jun 15 01:00:12 给 【联想 小新Pro14笔记本电脑】 商品投票
Jun 15 01:00:12 失败：{"isSuccess":true,"code":"-3","msg":"调用频率太快"}
Jun 15 01:00:12 
Jun 15 01:00:12 成功，获得 1京豆
Jun 15 01:00:12 
Jun 15 01:00:14 
Jun 15 01:00:14 开始给【饮食精细化式趋势】主题下的商品进行投票
Jun 15 01:00:14 当前剩余投票次数：4
Jun 15 01:00:14 给 【雅培 小安素配方奶粉】 商品投票
Jun 15 01:00:14 
Jun 15 01:00:14 开始给【饮食精细化式趋势】主题下的商品进行投票
Jun 15 01:00:14 当前剩余投票次数：3
Jun 15 01:00:14 给 【嘉宝 米粉婴儿辅食】 商品投票
Jun 15 01:00:14 失败：{"isSuccess":true,"code":"-3","msg":"调用频率太快"}
Jun 15 01:00:14 
Jun 15 01:00:15 成功，获得 1京豆
Jun 15 01:00:15 
Jun 15 01:00:16 
Jun 15 01:00:16 开始给【手机人文情怀趋势】主题下的商品进行投票
Jun 15 01:00:17 当前剩余投票次数：3
Jun 15 01:00:17 给 【OPPO K9双模5G】 商品投票
Jun 15 01:00:17 失败：任务已完成
Jun 15 01:00:17 
Jun 15 01:00:17 
Jun 15 01:00:17 开始给【个护气味香氛趋势】主题下的商品进行投票
Jun 15 01:00:17 当前剩余投票次数：3
Jun 15 01:00:17 给 【海飞丝  控油净澈洗发水】 商品投票
Jun 15 01:00:17 失败：{"isSuccess":true,"code":"-3","msg":"调用频率太快"}
Jun 15 01:00:17 
Jun 15 01:00:19 
Jun 15 01:00:19 开始给【家电智能生活趋势】主题下的商品进行投票
Jun 15 01:00:19 当前剩余投票次数：3
Jun 15 01:00:19 给 【美的 1.5匹壁挂式空调】 商品投票
Jun 15 01:00:19 
Jun 15 01:00:19 开始给【家电智能生活趋势】主题下的商品进行投票
Jun 15 01:00:19 当前剩余投票次数：2
Jun 15 01:00:19 给 【三星 QX2 超薄全面屏】 商品投票
Jun 15 01:00:20 失败：{"isSuccess":true,"code":"-3","msg":"调用频率太快"}
Jun 15 01:00:20 
Jun 15 01:00:20 成功，获得 0京豆
Jun 15 01:00:20 
Jun 15 01:00:22 
Jun 15 01:00:22 开始给【日用全域舒享趋势】主题下的商品进行投票
Jun 15 01:00:22 
Jun 15 01:00:22 开始给【数码极致体验趋势】主题下的商品进行投票
Jun 15 01:00:22 当前剩余投票次数：2
Jun 15 01:00:22 给 【奥美生活 儿童医用印花口罩】 商品投票
Jun 15 01:00:22 当前剩余投票次数：2
Jun 15 01:00:22 给 【联想 小新Pro14笔记本电脑】 商品投票
Jun 15 01:00:22 失败：{"isSuccess":true,"code":"-3","msg":"调用频率太快"}
Jun 15 01:00:22 
Jun 15 01:00:22 成功，获得 1京豆
Jun 15 01:00:22 
Jun 15 01:00:24 
Jun 15 01:00:24 ==============📣系统通知📣==============
Jun 15 01:00:24 金榜创造营
Jun 15 01:00:24 【京东账号1】455979050-14287437
Jun 15 01:00:24 本次运行获得2京豆
Jun 15 01:00:24 
Jun 15 01:00:24 ******开始【京东账号2】jd_152055zny*********
Jun 15 01:00:24 
Jun 15 01:00:24 共有7个主题
Jun 15 01:00:24 
Jun 15 01:00:24 做额外任务：金榜创造营-逛商品
Jun 15 01:00:24 
Jun 15 01:00:24 ==============📣系统通知📣==============
Jun 15 01:00:24 金榜创造营
Jun 15 01:00:24 【京东账号1】455979050-14287437
Jun 15 01:00:24 本次运行获得2京豆
Jun 15 01:00:25 
Jun 15 01:00:25 ******开始【京东账号2】jd_152055zny*********
Jun 15 01:00:25 
Jun 15 01:00:25 共有7个主题
Jun 15 01:00:25 
Jun 15 01:00:25 做额外任务：金榜创造营-关注店铺
Jun 15 01:00:25 失败：{"isSuccess":true,"code":"-3","msg":"调用频率太快"}
Jun 15 01:00:25 
Jun 15 01:00:25 成功，获得 0京豆
Jun 15 01:00:25 
Jun 15 01:00:27 
Jun 15 01:00:27 做额外任务：金榜创造营-逛会场
Jun 15 01:00:27 
Jun 15 01:00:27 做额外任务：金榜创造营-关注店铺
Jun 15 01:00:27 失败：{"isSuccess":true,"code":"-3","msg":"调用频率太快"}
Jun 15 01:00:27 
Jun 15 01:00:27 成功，获得 1京豆
Jun 15 01:00:27 
Jun 15 01:00:29 
Jun 15 01:00:29 做额外任务：金榜创造营-逛会场
Jun 15 01:00:29 已投票0主题
Jun 15 01:00:29 
Jun 15 01:00:29 
Jun 15 01:00:29 开始给【饮食精细化式趋势】主题下的商品进行投票
Jun 15 01:00:29 当前剩余投票次数：7
Jun 15 01:00:29 给 【雀巢 威化饼干】 商品投票
Jun 15 01:00:29 失败：{"isSuccess":true,"code":"-3","msg":"调用频率太快"}
Jun 15 01:00:29 
Jun 15 01:00:30 成功，获得 0京豆
Jun 15 01:00:30 
Jun 15 01:00:31 已投票0主题
Jun 15 01:00:31 
Jun 15 01:00:31 
Jun 15 01:00:31 开始给【饮食精细化式趋势】主题下的商品进行投票
Jun 15 01:00:31 当前剩余投票次数：6
Jun 15 01:00:31 给 【伊利 优酸乳乳汽苏打气泡乳】 商品投票
Jun 15 01:00:31 失败：任务已完成
Jun 15 01:00:31 
Jun 15 01:00:32 
Jun 15 01:00:32 开始给【居家个性多元趋势】主题下的商品进行投票
Jun 15 01:00:32 当前剩余投票次数：6
Jun 15 01:00:32 给 【凯迪仕 全自动智能指纹锁】 商品投票
Jun 15 01:00:32 失败：{"isSuccess":true,"code":"-3","msg":"调用频率太快"}
Jun 15 01:00:32 
Jun 15 01:00:33 
Jun 15 01:00:33 开始给【个护气味香氛趋势】主题下的商品进行投票
Jun 15 01:00:33 当前剩余投票次数：6
Jun 15 01:00:33 给 【潘婷 高保湿发膜】 商品投票
Jun 15 01:00:34 成功，获得 0京豆
Jun 15 01:00:34 
Jun 15 01:00:34 
Jun 15 01:00:34 开始给【个护气味香氛趋势】主题下的商品进行投票
Jun 15 01:00:34 当前剩余投票次数：5
Jun 15 01:00:34 给 【沙宣 锁色瓶固色护色洗发水】 商品投票
Jun 15 01:00:34 失败：{"isSuccess":true,"code":"-3","msg":"调用频率太快"}
Jun 15 01:00:34 
Jun 15 01:00:36 
Jun 15 01:00:36 开始给【日用全域舒享趋势】主题下的商品进行投票
Jun 15 01:00:36 当前剩余投票次数：5
Jun 15 01:00:36 给 【好奇 心钻装小森林纸尿裤】 商品投票
Jun 15 01:00:36 
Jun 15 01:00:36 开始给【手机人文情怀趋势】主题下的商品进行投票
Jun 15 01:00:36 当前剩余投票次数：4
Jun 15 01:00:36 给 【一加OnePlus9 Pro 】 商品投票
Jun 15 01:00:36 失败：{"isSuccess":true,"code":"-3","msg":"调用频率太快"}
Jun 15 01:00:36 
Jun 15 01:00:36 成功，获得 1京豆
Jun 15 01:00:36 
Jun 15 01:00:38 
Jun 15 01:00:38 开始给【日用全域舒享趋势】主题下的商品进行投票
Jun 15 01:00:38 
Jun 15 01:00:38 开始给【手机人文情怀趋势】主题下的商品进行投票
Jun 15 01:00:39 当前剩余投票次数：4
Jun 15 01:00:39 给 【奥美生活 儿童医用印花口罩】 商品投票
Jun 15 01:00:39 当前剩余投票次数：4
Jun 15 01:00:39 给 【Redmi Note10Pro】 商品投票
Jun 15 01:00:39 失败：{"isSuccess":true,"code":"-3","msg":"调用频率太快"}
Jun 15 01:00:39 
Jun 15 01:00:39 失败：任务已完成
Jun 15 01:00:39 
Jun 15 01:00:41 
Jun 15 01:00:41 开始给【家电智能生活趋势】主题下的商品进行投票
Jun 15 01:00:41 当前剩余投票次数：4
Jun 15 01:00:41 给 【卡萨帝 十字对开门冰箱】 商品投票
Jun 15 01:00:41 
Jun 15 01:00:41 开始给【家电智能生活趋势】主题下的商品进行投票
Jun 15 01:00:41 当前剩余投票次数：3
Jun 15 01:00:41 给 【科沃斯 拖地机器人】 商品投票
Jun 15 01:00:41 成功，获得 0京豆
Jun 15 01:00:41 
Jun 15 01:00:41 失败：{"isSuccess":true,"code":"-3","msg":"调用频率太快"}
Jun 15 01:00:41 
Jun 15 01:00:43 
Jun 15 01:00:43 开始给【居家个性多元趋势】主题下的商品进行投票
Jun 15 01:00:43 
Jun 15 01:00:43 开始给【数码极致体验趋势】主题下的商品进行投票
Jun 15 01:00:43 当前剩余投票次数：3
Jun 15 01:00:43 给 【TUMI 男士时尚休闲单肩包】 商品投票
Jun 15 01:00:43 当前剩余投票次数：3
Jun 15 01:00:43 给 【联想 小新Pro14笔记本电脑】 商品投票
Jun 15 01:00:43 失败：{"isSuccess":true,"code":"-3","msg":"调用频率太快"}
Jun 15 01:00:43 
Jun 15 01:00:44 成功，获得 1京豆
Jun 15 01:00:44 
Jun 15 01:00:45 
Jun 15 01:00:45 ==============📣系统通知📣==============
Jun 15 01:00:45 金榜创造营
Jun 15 01:00:45 【京东账号2】jd_7a84de20543eb
Jun 15 01:00:45 本次运行获得1京豆
Jun 15 01:00:45 
Jun 15 01:00:45 🔔金榜创造营, 结束! 🕛 45.466 秒
Jun 15 01:00:45 
Jun 15 01:00:46 
Jun 15 01:00:46 开始给【数码极致体验趋势】主题下的商品进行投票
Jun 15 01:00:46 当前剩余投票次数：2
Jun 15 01:00:46 给 【RedmiBook Pro15】 商品投票
Jun 15 01:00:46 成功，获得 0京豆
Jun 15 01:00:46 
Jun 15 01:00:48 
Jun 15 01:00:48 ==============📣系统通知📣==============
Jun 15 01:00:48 金榜创造营
Jun 15 01:00:48 【京东账号2】jd_7a84de20543eb
Jun 15 01:00:48 本次运行获得2京豆
Jun 15 01:00:48 
Jun 15 01:00:48 🔔金榜创造营, 结束! 🕛 48.716 秒
Jun 15 01:00:48 
