
🔔获取互助码, 开始!
您的cookie选择的是用&隔开


====================共有2个京东账号Cookie=========

==================脚本执行- 北京时间(UTC+8)：6/15/2021, 7:23:00 AM=====================


注：临时活动的互助码不添加到此处，如有需要请手动运行对应临时活动脚本

======账号1开始======
【京东账号1（455979050-14287437）京东农场】447c49d888ee4f339314b55b79de0c74
【京东账号1（455979050-14287437）京东萌宠】MTAxODc2NTEzOTAwMDAwMDAyMjUyNjQ5Nw==
【京东账号1（455979050-14287437）种豆得豆】tcu2fa5tmlgnp7kr6656lap2soxi6oepe573m4a
【京东账号1（455979050-14287437）东东工厂】T024uvh2SRkQ9VHXPRvwlv8NcNb9CjVWnYaS5kRrbA
【京东账号1（455979050-14287437）京喜工厂】dS_CQSaOBndRRB5UQ9DsolgaRjsyf1XgAC0mW-mK938=
注意：京喜农场 种植种子发生变化的时候，互助码也会变！！
【京东账号1（455979050-14287437）京喜农场】{"smp":"c0ce6d383f59b37751b35f3566070945","active":"jdnc_1_dami210601_2","joinnum":1}
【京东账号1（455979050-14287437）闪购盲盒】T024uvh2SRkQ9VHXPRvwlv8NcNb9CjVQmoaT5kRrbA
【京东账号1（455979050-14287437）财富岛】undefined
【京东账号1（455979050-14287437）签到领现金】Jx4yZeu7Zvkm7G_RyXsU0ot2
======账号1结束======

======账号2开始======
【京东账号2（jd_7a84de20543eb）京东农场】7035c5fc71424e74bc58e5f39b1505b2
【京东账号2（jd_7a84de20543eb）种豆得豆】4npkonnsy7xi2z3dkz5zl7dytucijlyfpo3mliq
【京东账号2（jd_7a84de20543eb）东东工厂】T0225KkcR08R8QCCIhrxkPRfJgCjVWnYaS5kRrbA
【京东账号2（jd_7a84de20543eb）京喜工厂】pJjYgZSb_6_YOZVw6neYig==
【京东账号2（jd_7a84de20543eb）闪购盲盒】T0225KkcR08R8QCCIhrxkPRfJgCjVQmoaT5kRrbA
【京东账号2（jd_7a84de20543eb）财富岛】undefined
【京东账号2（jd_7a84de20543eb【京东账号2（jd_7a84de20543eb）crazyJoy】t8lDEl3HBV6GOf3wjOgg9qt9zd5YaBeE
【京东账号2（jd_7a84de20543eb）闪购盲盒】T0225KkcR08R8QCCIhrxkPRfJgCjVQmoaT5kRrbA
【京东账号2（jd_7a84de20543eb）财富岛】undefined
【京东账号2（jd_7a84de20543eb）签到领现金】eU9Ya726Yqhz827Qz3BGhA
======账号2结束======


🔔获取互助码, 结束! 🕛 1.737 秒

