Jun 14 00:20:00 
Jun 14 00:20:00 🔔京喜牧场, 开始!
Jun 14 00:20:00 
Jun 14 00:20:00 🔔京喜牧场, 开始!
Jun 14 00:20:00 您的cookie选择的是用&隔开
Jun 14 00:20:00Jun 14 00:20:00 
 您的cookie选择的是用&隔开
Jun 14 00:20:00Jun 14 00:20:00 
 
Jun 14 00:20:00 ====================共有2个京东账号Cookie=========
Jun 14 00:20:00 
Jun 14 00:20:00 
Jun 14 00:20:00 ====================共有2个京东账号Cookie=========
Jun 14 00:20:00 
Jun 14 00:20:00 ==================脚本执行- 北京时间(UTC+8)：6/14/2021, 12:20:00 AM=====================
Jun 14 00:20:00 
Jun 14 00:20:00 ==================脚本执行- 北京时间(UTC+8)：6/14/2021, 12:20:00 AM=====================
Jun 14 00:20:00 
Jun 14 00:20:00 京喜牧场
Jun 14 00:20:00 更新时间：2021-6-8
Jun 14 00:20:00 活动入口：京喜APP-我的-京喜牧场
Jun 14 00:20:00 温馨提示：请先手动完成【新手指导任务】再运行脚本
Jun 14 00:20:00 京喜牧场
Jun 14 00:20:00 更新时间：2021-6-8
Jun 14 00:20:00 活动入口：京喜APP-我的-京喜牧场
Jun 14 00:20:00 温馨提示：请先手动完成【新手指导任务】再运行脚本
Jun 14 00:20:00 
Jun 14 00:20:00 *****开始【京东账号1】诺咪兔*****
Jun 14 00:20:00 
Jun 14 00:20:00 
Jun 14 00:20:00 *****开始【京东账号1】诺咪兔*****
Jun 14 00:20:00 
Jun 14 00:20:00 
Jun 14 00:20:00 温馨提示：455979050-14287437 请先手动完成【新手指导任务】再运行脚本再运行脚本
Jun 14 00:20:00 
Jun 14 00:20:00 
Jun 14 00:20:00 温馨提示：455979050-14287437 请先手动完成【新手指导任务】再运行脚本再运行脚本
Jun 14 00:20:00 
Jun 14 00:20:03 
Jun 14 00:20:03 *****开始【京东账号2】jd_152055zny*****
Jun 14 00:20:03 
Jun 14 00:20:03 
Jun 14 00:20:03 *****开始【京东账号2】jd_152055zny*****
Jun 14 00:20:03 
Jun 14 00:20:03 
Jun 14 00:20:03 温馨提示：jd_7a84de20543eb 请先手动完成【新手指导任务】再运行脚本再运行脚本
Jun 14 00:20:03 
Jun 14 00:20:03 
Jun 14 00:20:03 温馨提示：jd_7a84de20543eb 请先手动完成【新手指导任务】再运行脚本再运行脚本
Jun 14 00:20:03 
Jun 14 00:20:06 
Jun 14 00:20:06 🔔京喜牧场, 结束! 🕛 6.469 秒
Jun 14 00:20:06 
Jun 14 00:20:06 
Jun 14 00:20:06 🔔京喜牧场, 结束! 🕛 6.484 秒
Jun 14 00:20:06 
Jun 14 03:20:00 
Jun 14 03:20:00 🔔京喜牧场, 开始!
Jun 14 03:20:00 
Jun 14 03:20:00 🔔京喜牧场, 开始!
Jun 14 03:20:00 您的cookie选择的是用&隔开
Jun 14 03:20:00 
Jun 14 03:20:00 
Jun 14 03:20:00 ====================共有2个京东账号Cookie=========
Jun 14 03:20:00 
Jun 14 03:20:00 您的cookie选择的是用&隔开
Jun 14 03:20:00 
Jun 14 03:20:00 
Jun 14 03:20:00 ====================共有2个京东账号Cookie=========
Jun 14 03:20:00 
Jun 14 03:20:00 ==================脚本执行- 北京时间(UTC+8)：6/14/2021, 3:20:00 AM=====================
Jun 14 03:20:00 
Jun 14 03:20:00 ==================脚本执行- 北京时间(UTC+8)：6/14/2021, 3:20:00 AM=====================
Jun 14 03:20:00 
Jun 14 03:20:00 京喜牧场
Jun 14 03:20:00 更新时间：2021-6-8
Jun 14 03:20:00 活动入口：京喜APP-我的-京喜牧场
Jun 14 03:20:00 温馨提示：请先手动完成【新手指导任务】再运行脚本
Jun 14 03:20:00 京喜牧场
Jun 14 03:20:00 更新时间：2021-6-8
Jun 14 03:20:00 活动入口：京喜APP-我的-京喜牧场
Jun 14 03:20:00 温馨提示：请先手动完成【新手指导任务】再运行脚本
Jun 14 03:20:01 
Jun 14 03:20:01 *****开始【京东账号1】诺咪兔*****
Jun 14 03:20:01 
Jun 14 03:20:01 
Jun 14 03:20:01 *****开始【京东账号1】诺咪兔*****
Jun 14 03:20:01 
Jun 14 03:20:01 
Jun 14 03:20:01 温馨提示：455979050-14287437 请先手动完成【新手指导任务】再运行脚本再运行脚本
Jun 14 03:20:01 
Jun 14 03:20:01 
Jun 14 03:20:01 温馨提示：455979050-14287437 请先手动完成【新手指导任务】再运行脚本再运行脚本
Jun 14 03:20:01 
Jun 14 03:20:04 
Jun 14 03:20:04 *****开始【京东账号2】jd_152055zny*****
Jun 14 03:20:04 
Jun 14 03:20:04 
Jun 14 03:20:04 *****开始【京东账号2】jd_152055zny*****
Jun 14 03:20:04 
Jun 14 03:20:04 
Jun 14 03:20:04 温馨提示：jd_7a84de20543eb 请先手动完成【新手指导任务】再运行脚本再运行脚本
Jun 14 03:20:04 
Jun 14 03:20:04 
Jun 14 03:20:04 温馨提示：jd_7a84de20543eb 请先手动完成【新手指导任务】再运行脚本再运行脚本
Jun 14 03:20:04 
Jun 14 03:20:07 
Jun 14 03:20:07 🔔京喜牧场, 结束! 🕛 6.465 秒
Jun 14 03:20:07 
Jun 14 03:20:07 
Jun 14 03:20:07 🔔京喜牧场, 结束! 🕛 6.466 秒
Jun 14 03:20:07 
Jun 14 06:20:00 
Jun 14 06:20:00 🔔京喜牧场, 开始!
Jun 14 06:20:00 
Jun 14 06:20:00 🔔京喜牧场, 开始!
Jun 14 06:20:00 您的cookie选择的是用&隔开
Jun 14 06:20:00 
Jun 14 06:20:00 
Jun 14 06:20:00 ====================共有2个京东账号Cookie=========
Jun 14 06:20:00 
Jun 14 06:20:00 您的cookie选择的是用&隔开
Jun 14 06:20:00 
Jun 14 06:20:00 
Jun 14 06:20:00 ====================共有2个京东账号Cookie=========
Jun 14 06:20:00 
Jun 14 06:20:00 ==================脚本执行- 北京时间(UTC+8)：6/14/2021, 6:20:00 AM=====================
Jun 14 06:20:00 
Jun 14 06:20:00 ==================脚本执行- 北京时间(UTC+8)：6/14/2021, 6:20:00 AM=====================
Jun 14 06:20:00 
Jun 14 06:20:00 京喜牧场
Jun 14 06:20:00 更新时间：2021-6-8
Jun 14 06:20:00 活动入口：京喜APP-我的-京喜牧场
Jun 14 06:20:00 温馨提示：请先手动完成【新手指导任务】再运行脚本
Jun 14 06:20:00 京喜牧场
Jun 14 06:20:00 更新时间：2021-6-8
Jun 14 06:20:00 活动入口：京喜APP-我的-京喜牧场
Jun 14 06:20:00 温馨提示：请先手动完成【新手指导任务】再运行脚本
Jun 14 06:20:00 
Jun 14 06:20:00 *****开始【京东账号1】诺咪兔*****
Jun 14 06:20:00 
Jun 14 06:20:00 
Jun 14 06:20:00 *****开始【京东账号1】诺咪兔*****
Jun 14 06:20:00 
Jun 14 06:20:00 
Jun 14 06:20:00 温馨提示：455979050-14287437 请先手动完成【新手指导任务】再运行脚本再运行脚本
Jun 14 06:20:00 
Jun 14 06:20:00 
Jun 14 06:20:00 温馨提示：455979050-14287437 请先手动完成【新手指导任务】再运行脚本再运行脚本
Jun 14 06:20:00 
Jun 14 06:20:03 
Jun 14 06:20:03 *****开始【京东账号2】jd_152055zny*****
Jun 14 06:20:03 
Jun 14 06:20:03 
Jun 14 06:20:03 *****开始【京东账号2】jd_152055zny*****
Jun 14 06:20:03 
Jun 14 06:20:03 
Jun 14 06:20:03 温馨提示：jd_7a84de20543eb 请先手动完成【新手指导任务】再运行脚本再运行脚本
Jun 14 06:20:03 
Jun 14 06:20:03 
Jun 14 06:20:03 温馨提示：jd_7a84de20543eb 请先手动完成【新手指导任务】再运行脚本再运行脚本
Jun 14 06:20:03 
Jun 14 06:20:06 
Jun 14 06:20:06 🔔京喜牧场, 结束! 🕛 6.425 秒
Jun 14 06:20:06 
Jun 14 06:20:06 
Jun 14 06:20:06 🔔京喜牧场, 结束! 🕛 6.442 秒
Jun 14 06:20:06 
Jun 14 09:20:00 
Jun 14 09:20:00 🔔京喜牧场, 开始!
Jun 14 09:20:00 
Jun 14 09:20:00 🔔京喜牧场, 开始!
Jun 14 09:20:00 您的cookie选择的是用&隔开
Jun 14 09:20:00 
Jun 14 09:20:00 
Jun 14 09:20:00 ====================共有2个京东账号Cookie=========
Jun 14 09:20:00 
Jun 14 09:20:00 您的cookie选择的是用&隔开
Jun 14 09:20:00 
Jun 14 09:20:00 
Jun 14 09:20:00 ====================共有2个京东账号Cookie=========
Jun 14 09:20:00 
Jun 14 09:20:00 ==================脚本执行- 北京时间(UTC+8)：6/14/2021, 9:20:00 AM=====================
Jun 14 09:20:00 
Jun 14 09:20:00 ==================脚本执行- 北京时间(UTC+8)：6/14/2021, 9:20:00 AM=====================
Jun 14 09:20:00 
Jun 14 09:20:00 京喜牧场
Jun 14 09:20:00 更新时间：2021-6-8
Jun 14 09:20:00 活动入口：京喜APP-我的-京喜牧场
Jun 14 09:20:00 温馨提示：请先手动完成【新手指导任务】再运行脚本
Jun 14 09:20:00 京喜牧场
Jun 14 09:20:00 更新时间：2021-6-8
Jun 14 09:20:00 活动入口：京喜APP-我的-京喜牧场
Jun 14 09:20:00 温馨提示：请先手动完成【新手指导任务】再运行脚本
Jun 14 09:20:00 
Jun 14 09:20:00 *****开始【京东账号1】诺咪兔*****
Jun 14 09:20:00 
Jun 14 09:20:00 
Jun 14 09:20:00 *****开始【京东账号1】诺咪兔*****
Jun 14 09:20:00 
Jun 14 09:20:00 
Jun 14 09:20:00 温馨提示：455979050-14287437 请先手动完成【新手指导任务】再运行脚本再运行脚本
Jun 14 09:20:00 
Jun 14 09:20:00 
Jun 14 09:20:00 温馨提示：455979050-14287437 请先手动完成【新手指导任务】再运行脚本再运行脚本
Jun 14 09:20:00 
Jun 14 09:20:03 
Jun 14 09:20:03 *****开始【京东账号2】jd_152055zny*****
Jun 14 09:20:03 
Jun 14 09:20:03 
Jun 14 09:20:03 *****开始【京东账号2】jd_152055zny*****
Jun 14 09:20:03 
Jun 14 09:20:03 
Jun 14 09:20:03 温馨提示：jd_7a84de20543eb 请先手动完成【新手指导任务】再运行脚本再运行脚本
Jun 14 09:20:03 
Jun 14 09:20:03 
Jun 14 09:20:03 温馨提示：jd_7a84de20543eb 请先手动完成【新手指导任务】再运行脚本再运行脚本
Jun 14 09:20:03 
Jun 14 09:20:06 
Jun 14 09:20:06 🔔京喜牧场, 结束! 🕛 6.451 秒
Jun 14 09:20:06 
Jun 14 09:20:06 
Jun 14 09:20:06 🔔京喜牧场, 结束! 🕛 6.453 秒
Jun 14 09:20:06 
Jun 14 12:20:00 
Jun 14 12:20:00 🔔京喜牧场, 开始!
Jun 14 12:20:00 
Jun 14 12:20:00 🔔京喜牧场, 开始!
Jun 14 12:20:00 您的cookie选择的是用&隔开
Jun 14 12:20:00 
Jun 14 12:20:00 
Jun 14 12:20:00Jun 14 12:20:00 ====================共有2个京东账号Cookie=========
 您的cookie选择的是用&隔开
Jun 14 12:20:00Jun 14 12:20:00 
 
Jun 14 12:20:00 
Jun 14 12:20:00 ====================共有2个京东账号Cookie=========
Jun 14 12:20:00 
Jun 14 12:20:00Jun 14 12:20:00 ==================脚本执行- 北京时间(UTC+8)：6/14/2021, 12:20:00 PM=====================
 ==================脚本执行- 北京时间(UTC+8)：6/14/2021, 12:20:00 PM=====================
Jun 14 12:20:00Jun 14 12:20:00 
 
Jun 14 12:20:00 京喜牧场
Jun 14 12:20:00 更新时间：2021-6-8
Jun 14 12:20:00 活动入口：京喜APP-我的-京喜牧场
Jun 14 12:20:00 温馨提示：请先手动完成【新手指导任务】再运行脚本
Jun 14 12:20:00 京喜牧场
Jun 14 12:20:00 更新时间：2021-6-8
Jun 14 12:20:00 活动入口：京喜APP-我的-京喜牧场
Jun 14 12:20:00 温馨提示：请先手动完成【新手指导任务】再运行脚本
Jun 14 12:20:01 
Jun 14 12:20:01 *****开始【京东账号1】诺咪兔*****
Jun 14 12:20:01 
Jun 14 12:20:01 
Jun 14 12:20:01 *****开始【京东账号1】诺咪兔*****
Jun 14 12:20:01 
Jun 14 12:20:01 
Jun 14 12:20:01 温馨提示：455979050-14287437 请先手动完成【新手指导任务】再运行脚本再运行脚本
Jun 14 12:20:01 
Jun 14 12:20:01 
Jun 14 12:20:01 温馨提示：455979050-14287437 请先手动完成【新手指导任务】再运行脚本再运行脚本
Jun 14 12:20:01 
Jun 14 12:20:04 
Jun 14 12:20:04 *****开始【京东账号2】jd_152055zny*****
Jun 14 12:20:04 
Jun 14 12:20:04 
Jun 14 12:20:04 温馨提示：jd_7a84de20543eb 请先手动完成【新手指导任务】再运行脚本再运行脚本
Jun 14 12:20:04 
Jun 14 12:20:04 
Jun 14 12:20:04 *****开始【京东账号2】jd_152055zny*****
Jun 14 12:20:04 
Jun 14 12:20:04 
Jun 14 12:20:04 温馨提示：jd_7a84de20543eb 请先手动完成【新手指导任务】再运行脚本再运行脚本
Jun 14 12:20:04 
Jun 14 12:20:07 
Jun 14 12:20:07 🔔京喜牧场, 结束! 🕛 6.429 秒
Jun 14 12:20:07 
Jun 14 12:20:07 
Jun 14 12:20:07 🔔京喜牧场, 结束! 🕛 6.543 秒
Jun 14 12:20:07 
Jun 14 15:20:00 
Jun 14 15:20:00 🔔京喜牧场, 开始!
Jun 14 15:20:00 
Jun 14 15:20:00 🔔京喜牧场, 开始!
Jun 14 15:20:00 您的cookie选择的是用&隔开
Jun 14 15:20:00 
Jun 14 15:20:00 
Jun 14 15:20:00 ====================共有2个京东账号Cookie=========
Jun 14 15:20:00 
Jun 14 15:20:00 您的cookie选择的是用&隔开
Jun 14 15:20:00 
Jun 14 15:20:00 
Jun 14 15:20:00 ====================共有2个京东账号Cookie=========
Jun 14 15:20:00 
Jun 14 15:20:00Jun 14 15:20:00 ==================脚本执行- 北京时间(UTC+8)：6/14/2021, 3:20:00 PM=====================
 ==================脚本执行- 北京时间(UTC+8)：6/14/2021, 3:20:00 PM=====================
Jun 14 15:20:00Jun 14 15:20:00 
 
Jun 14 15:20:00 京喜牧场
Jun 14 15:20:00 更新时间：2021-6-8
Jun 14 15:20:00 活动入口：京喜APP-我的-京喜牧场
Jun 14 15:20:00 温馨提示：请先手动完成【新手指导任务】再运行脚本
Jun 14 15:20:00 京喜牧场
Jun 14 15:20:00 更新时间：2021-6-8
Jun 14 15:20:00 活动入口：京喜APP-我的-京喜牧场
Jun 14 15:20:00 温馨提示：请先手动完成【新手指导任务】再运行脚本
Jun 14 15:20:00 
Jun 14 15:20:00 *****开始【京东账号1】诺咪兔*****
Jun 14 15:20:00 
Jun 14 15:20:00 
Jun 14 15:20:00 *****开始【京东账号1】诺咪兔*****
Jun 14 15:20:00 
Jun 14 15:20:00 
Jun 14 15:20:00 温馨提示：455979050-14287437 请先手动完成【新手指导任务】再运行脚本再运行脚本
Jun 14 15:20:00 
Jun 14 15:20:00 
Jun 14 15:20:00 温馨提示：455979050-14287437 请先手动完成【新手指导任务】再运行脚本再运行脚本
Jun 14 15:20:00 
Jun 14 15:20:03 
Jun 14 15:20:03 *****开始【京东账号2】jd_152055zny*****
Jun 14 15:20:03 
Jun 14 15:20:03 
Jun 14 15:20:03 *****开始【京东账号2】jd_152055zny*****
Jun 14 15:20:03 
Jun 14 15:20:03 
Jun 14 15:20:03 温馨提示：jd_7a84de20543eb 请先手动完成【新手指导任务】再运行脚本再运行脚本
Jun 14 15:20:03 
Jun 14 15:20:03 
Jun 14 15:20:03 温馨提示：jd_7a84de20543eb 请先手动完成【新手指导任务】再运行脚本再运行脚本
Jun 14 15:20:03 
Jun 14 15:20:06 
Jun 14 15:20:06 🔔京喜牧场, 结束! 🕛 6.449 秒
Jun 14 15:20:06 
Jun 14 15:20:06 
Jun 14 15:20:06 🔔京喜牧场, 结束! 🕛 6.46 秒
Jun 14 15:20:06 
Jun 14 18:20:00 
Jun 14 18:20:00 🔔京喜牧场, 开始!
Jun 14 18:20:00 
Jun 14 18:20:00 🔔京喜牧场, 开始!
Jun 14 18:20:00 您的cookie选择的是用&隔开
Jun 14 18:20:00 
Jun 14 18:20:00 
Jun 14 18:20:00 ====================共有2个京东账号Cookie=========
Jun 14 18:20:00 
Jun 14 18:20:00 您的cookie选择的是用&隔开
Jun 14 18:20:00 
Jun 14 18:20:00 
Jun 14 18:20:00 ====================共有2个京东账号Cookie=========
Jun 14 18:20:00 
Jun 14 18:20:00 ==================脚本执行- 北京时间(UTC+8)：6/14/2021, 6:20:00 PM=====================
Jun 14 18:20:00 
Jun 14 18:20:00 ==================脚本执行- 北京时间(UTC+8)：6/14/2021, 6:20:00 PM=====================
Jun 14 18:20:00 
Jun 14 18:20:00 京喜牧场
Jun 14 18:20:00 更新时间：2021-6-8
Jun 14 18:20:00 活动入口：京喜APP-我的-京喜牧场
Jun 14 18:20:00 温馨提示：请先手动完成【新手指导任务】再运行脚本
Jun 14 18:20:00 京喜牧场
Jun 14 18:20:00 更新时间：2021-6-8
Jun 14 18:20:00 活动入口：京喜APP-我的-京喜牧场
Jun 14 18:20:00 温馨提示：请先手动完成【新手指导任务】再运行脚本
Jun 14 18:20:00 
Jun 14 18:20:00 *****开始【京东账号1】诺咪兔*****
Jun 14 18:20:00 
Jun 14 18:20:00 
Jun 14 18:20:00 *****开始【京东账号1】诺咪兔*****
Jun 14 18:20:00 
Jun 14 18:20:00 
Jun 14 18:20:00 温馨提示：455979050-14287437 请先手动完成【新手指导任务】再运行脚本再运行脚本
Jun 14 18:20:00 
Jun 14 18:20:00 
Jun 14 18:20:00 温馨提示：455979050-14287437 请先手动完成【新手指导任务】再运行脚本再运行脚本
Jun 14 18:20:00 
Jun 14 18:20:04 
Jun 14 18:20:04 *****开始【京东账号2】jd_152055zny*****
Jun 14 18:20:04 
Jun 14 18:20:04 
Jun 14 18:20:04 *****开始【京东账号2】jd_152055zny*****
Jun 14 18:20:04 
Jun 14 18:20:04 
Jun 14 18:20:04 温馨提示：jd_7a84de20543eb 请先手动完成【新手指导任务】再运行脚本再运行脚本
Jun 14 18:20:04 
Jun 14 18:20:04 
Jun 14 18:20:04 温馨提示：jd_7a84de20543eb 请先手动完成【新手指导任务】再运行脚本再运行脚本
Jun 14 18:20:04 
Jun 14 18:20:07 
Jun 14 18:20:07 🔔京喜牧场, 结束! 🕛 6.444 秒
Jun 14 18:20:07 
Jun 14 18:20:07 
Jun 14 18:20:07 🔔京喜牧场, 结束! 🕛 6.447 秒
Jun 14 18:20:07 
Jun 14 21:20:01 
Jun 14 21:20:01 🔔京喜牧场, 开始!
Jun 14 21:20:01 您的cookie选择的是用&隔开
Jun 14 21:20:01 
Jun 14 21:20:01 
Jun 14 21:20:01 ====================共有2个京东账号Cookie=========
Jun 14 21:20:01 
Jun 14 21:20:01 
Jun 14 21:20:01 🔔京喜牧场, 开始!
Jun 14 21:20:01 您的cookie选择的是用&隔开
Jun 14 21:20:01 
Jun 14 21:20:01 
Jun 14 21:20:01 ====================共有2个京东账号Cookie=========
Jun 14 21:20:01 
Jun 14 21:20:01 ==================脚本执行- 北京时间(UTC+8)：6/14/2021, 9:20:01 PM=====================
Jun 14 21:20:01 
Jun 14 21:20:01 ==================脚本执行- 北京时间(UTC+8)：6/14/2021, 9:20:01 PM=====================
Jun 14 21:20:01 
Jun 14 21:20:01 京喜牧场
Jun 14 21:20:01 更新时间：2021-6-8
Jun 14 21:20:01 活动入口：京喜APP-我的-京喜牧场
Jun 14 21:20:01 温馨提示：请先手动完成【新手指导任务】再运行脚本
Jun 14 21:20:01 京喜牧场
Jun 14 21:20:01 更新时间：2021-6-8
Jun 14 21:20:01 活动入口：京喜APP-我的-京喜牧场
Jun 14 21:20:01 温馨提示：请先手动完成【新手指导任务】再运行脚本
Jun 14 21:20:01 
Jun 14 21:20:01 *****开始【京东账号1】诺咪兔*****
Jun 14 21:20:01 
Jun 14 21:20:01 
Jun 14 21:20:01 *****开始【京东账号1】诺咪兔*****
Jun 14 21:20:01 
Jun 14 21:20:01 
Jun 14 21:20:01 温馨提示：455979050-14287437 请先手动完成【新手指导任务】再运行脚本再运行脚本
Jun 14 21:20:01 
Jun 14 21:20:01 
Jun 14 21:20:01 温馨提示：455979050-14287437 请先手动完成【新手指导任务】再运行脚本再运行脚本
Jun 14 21:20:01 
Jun 14 21:20:04 
Jun 14 21:20:04 *****开始【京东账号2】jd_152055zny*****
Jun 14 21:20:04 
Jun 14 21:20:04 
Jun 14 21:20:04 *****开始【京东账号2】jd_152055zny*****
Jun 14 21:20:04 
Jun 14 21:20:04 
Jun 14 21:20:04 温馨提示：jd_7a84de20543eb 请先手动完成【新手指导任务】再运行脚本再运行脚本
Jun 14 21:20:04 
Jun 14 21:20:04 
Jun 14 21:20:04 温馨提示：jd_7a84de20543eb 请先手动完成【新手指导任务】再运行脚本再运行脚本
Jun 14 21:20:04 
Jun 14 21:20:07 
Jun 14 21:20:07 🔔京喜牧场, 结束! 🕛 6.431 秒
Jun 14 21:20:07 
Jun 14 21:20:07 
Jun 14 21:20:07 🔔京喜牧场, 结束! 🕛 6.439 秒
Jun 14 21:20:07 
Jun 15 00:20:00 
Jun 15 00:20:00 🔔京喜牧场, 开始!
Jun 15 00:20:00 您的cookie选择的是用&隔开
Jun 15 00:20:00 
Jun 15 00:20:00 
Jun 15 00:20:00 ====================共有2个京东账号Cookie=========
Jun 15 00:20:00 
Jun 15 00:20:00 
Jun 15 00:20:00 🔔京喜牧场, 开始!
Jun 15 00:20:00 您的cookie选择的是用&隔开
Jun 15 00:20:00 
Jun 15 00:20:00 
Jun 15 00:20:00 ====================共有2个京东账号Cookie=========
Jun 15 00:20:00 
Jun 15 00:20:00 ==================脚本执行- 北京时间(UTC+8)：6/15/2021, 12:20:00 AM=====================
Jun 15 00:20:00 
Jun 15 00:20:00 ==================脚本执行- 北京时间(UTC+8)：6/15/2021, 12:20:00 AM=====================
Jun 15 00:20:00 
Jun 15 00:20:00 京喜牧场
Jun 15 00:20:00 更新时间：2021-6-8
Jun 15 00:20:00 活动入口：京喜APP-我的-京喜牧场
Jun 15 00:20:00 温馨提示：请先手动完成【新手指导任务】再运行脚本
Jun 15 00:20:00 京喜牧场
Jun 15 00:20:00 更新时间：2021-6-8
Jun 15 00:20:00 活动入口：京喜APP-我的-京喜牧场
Jun 15 00:20:00 温馨提示：请先手动完成【新手指导任务】再运行脚本
Jun 15 00:20:00 
Jun 15 00:20:00 *****开始【京东账号1】诺咪兔*****
Jun 15 00:20:00 
Jun 15 00:20:00 
Jun 15 00:20:00 *****开始【京东账号1】诺咪兔*****
Jun 15 00:20:00 
Jun 15 00:20:00 
Jun 15 00:20:00 温馨提示：455979050-14287437 请先手动完成【新手指导任务】再运行脚本再运行脚本
Jun 15 00:20:00 
Jun 15 00:20:00 
Jun 15 00:20:00 温馨提示：455979050-14287437 请先手动完成【新手指导任务】再运行脚本再运行脚本
Jun 15 00:20:00 
Jun 15 00:20:03 
Jun 15 00:20:03 *****开始【京东账号2】jd_152055zny*****
Jun 15 00:20:03 
Jun 15 00:20:03 
Jun 15 00:20:03 *****开始【京东账号2】jd_152055zny*****
Jun 15 00:20:03 
Jun 15 00:20:03 
Jun 15 00:20:03 温馨提示：jd_7a84de20543eb 请先手动完成【新手指导任务】再运行脚本再运行脚本
Jun 15 00:20:03 
Jun 15 00:20:03 
Jun 15 00:20:03 温馨提示：jd_7a84de20543eb 请先手动完成【新手指导任务】再运行脚本再运行脚本
Jun 15 00:20:03 
Jun 15 00:20:06 
Jun 15 00:20:06 🔔京喜牧场, 结束! 🕛 6.461 秒
Jun 15 00:20:06 
Jun 15 00:20:06 
Jun 15 00:20:06 🔔京喜牧场, 结束! 🕛 6.453 秒
Jun 15 00:20:06 
Jun 15 03:20:00 
Jun 15 03:20:00 🔔京喜牧场, 开始!
Jun 15 03:20:00 
Jun 15 03:20:00 🔔京喜牧场, 开始!
Jun 15 03:20:00 您的cookie选择的是用&隔开
Jun 15 03:20:00 
Jun 15 03:20:00 
Jun 15 03:20:00 ====================共有2个京东账号Cookie=========
Jun 15 03:20:00 
Jun 15 03:20:00 您的cookie选择的是用&隔开
Jun 15 03:20:00 
Jun 15 03:20:00 
Jun 15 03:20:00 ====================共有2个京东账号Cookie=========
Jun 15 03:20:00 
Jun 15 03:20:00 ==================脚本执行- 北京时间(UTC+8)：6/15/2021, 3:20:00 AM=====================
Jun 15 03:20:00 
Jun 15 03:20:00 ==================脚本执行- 北京时间(UTC+8)：6/15/2021, 3:20:00 AM=====================
Jun 15 03:20:00 
Jun 15 03:20:00 京喜牧场
Jun 15 03:20:00 更新时间：2021-6-8
Jun 15 03:20:00 活动入口：京喜APP-我的-京喜牧场
Jun 15 03:20:00 温馨提示：请先手动完成【新手指导任务】再运行脚本
Jun 15 03:20:00 京喜牧场
Jun 15 03:20:00 更新时间：2021-6-8
Jun 15 03:20:00 活动入口：京喜APP-我的-京喜牧场
Jun 15 03:20:00 温馨提示：请先手动完成【新手指导任务】再运行脚本
Jun 15 03:20:00 
Jun 15 03:20:00 *****开始【京东账号1】诺咪兔*****
Jun 15 03:20:00 
Jun 15 03:20:00 
Jun 15 03:20:00 *****开始【京东账号1】诺咪兔*****
Jun 15 03:20:00 
Jun 15 03:20:00 
Jun 15 03:20:00 温馨提示：455979050-14287437 请先手动完成【新手指导任务】再运行脚本再运行脚本
Jun 15 03:20:00 
Jun 15 03:20:00 
Jun 15 03:20:00 温馨提示：455979050-14287437 请先手动完成【新手指导任务】再运行脚本再运行脚本
Jun 15 03:20:00 
Jun 15 03:20:03 
Jun 15 03:20:03 *****开始【京东账号2】jd_152055zny*****
Jun 15 03:20:03 
Jun 15 03:20:04 
Jun 15 03:20:04 *****开始【京东账号2】jd_152055zny*****
Jun 15 03:20:04 
Jun 15 03:20:04 
Jun 15 03:20:04 温馨提示：jd_7a84de20543eb 请先手动完成【新手指导任务】再运行脚本再运行脚本
Jun 15 03:20:04 
Jun 15 03:20:04 
Jun 15 03:20:04 温馨提示：jd_7a84de20543eb 请先手动完成【新手指导任务】再运行脚本再运行脚本
Jun 15 03:20:04 
Jun 15 03:20:07 
Jun 15 03:20:07 🔔京喜牧场, 结束! 🕛 6.441 秒
Jun 15 03:20:07 
Jun 15 03:20:07 
Jun 15 03:20:07 🔔京喜牧场, 结束! 🕛 6.501 秒
Jun 15 03:20:07 
Jun 15 06:20:00 
Jun 15 06:20:00 🔔京喜牧场, 开始!
Jun 15 06:20:00 
Jun 15 06:20:00 🔔京喜牧场, 开始!
Jun 15 06:20:00 您的cookie选择的是用&隔开
Jun 15 06:20:00 
Jun 15 06:20:00 
Jun 15 06:20:00 ====================共有2个京东账号Cookie=========
Jun 15 06:20:00 
Jun 15 06:20:00 您的cookie选择的是用&隔开
Jun 15 06:20:00 
Jun 15 06:20:00 
Jun 15 06:20:00 ====================共有2个京东账号Cookie=========
Jun 15 06:20:00 
Jun 15 06:20:00Jun 15 06:20:00 ==================脚本执行- 北京时间(UTC+8)：6/15/2021, 6:20:00 AM=====================
 ==================脚本执行- 北京时间(UTC+8)：6/15/2021, 6:20:00 AM=====================
Jun 15 06:20:00Jun 15 06:20:00 
 
Jun 15 06:20:01 京喜牧场
Jun 15 06:20:01 更新时间：2021-6-8
Jun 15 06:20:01 活动入口：京喜APP-我的-京喜牧场
Jun 15 06:20:01 温馨提示：请先手动完成【新手指导任务】再运行脚本
Jun 15 06:20:01 京喜牧场
Jun 15 06:20:01 更新时间：2021-6-8
Jun 15 06:20:01 活动入口：京喜APP-我的-京喜牧场
Jun 15 06:20:01 温馨提示：请先手动完成【新手指导任务】再运行脚本
Jun 15 06:20:01 
Jun 15 06:20:01 *****开始【京东账号1】诺咪兔*****
Jun 15 06:20:01 
Jun 15 06:20:01 
Jun 15 06:20:01 *****开始【京东账号1】诺咪兔*****
Jun 15 06:20:01 
Jun 15 06:20:01 
Jun 15 06:20:01 温馨提示：455979050-14287437 请先手动完成【新手指导任务】再运行脚本再运行脚本
Jun 15 06:20:01 
Jun 15 06:20:01 
Jun 15 06:20:01 温馨提示：455979050-14287437 请先手动完成【新手指导任务】再运行脚本再运行脚本
Jun 15 06:20:01 
Jun 15 06:20:04 
Jun 15 06:20:04 *****开始【京东账号2】jd_152055zny*****
Jun 15 06:20:04 
Jun 15 06:20:04 
Jun 15 06:20:04 *****开始【京东账号2】jd_152055zny*****
Jun 15 06:20:04 
Jun 15 06:20:04 
Jun 15 06:20:04 温馨提示：jd_7a84de20543eb 请先手动完成【新手指导任务】再运行脚本再运行脚本
Jun 15 06:20:04 
Jun 15 06:20:04 
Jun 15 06:20:04 温馨提示：jd_7a84de20543eb 请先手动完成【新手指导任务】再运行脚本再运行脚本
Jun 15 06:20:04 
Jun 15 06:20:07 
Jun 15 06:20:07 🔔京喜牧场, 结束! 🕛 6.438 秒
Jun 15 06:20:07 
Jun 15 06:20:07 
Jun 15 06:20:07 🔔京喜牧场, 结束! 🕛 6.443 秒
Jun 15 06:20:07 
Jun 15 09:20:00 
Jun 15 09:20:00 🔔京喜牧场, 开始!
Jun 15 09:20:00 您的cookie选择的是用&隔开
Jun 15 09:20:00 
Jun 15 09:20:00 
Jun 15 09:20:00 ====================共有2个京东账号Cookie=========
Jun 15 09:20:00 
Jun 15 09:20:00 
Jun 15 09:20:00 🔔京喜牧场, 开始!
Jun 15 09:20:00 您的cookie选择的是用&隔开
Jun 15 09:20:00 
Jun 15 09:20:00 
Jun 15 09:20:00 ====================共有2个京东账号Cookie=========
Jun 15 09:20:00 
Jun 15 09:20:00 ==================脚本执行- 北京时间(UTC+8)：6/15/2021, 9:20:00 AM=====================
Jun 15 09:20:00 
Jun 15 09:20:00 ==================脚本执行- 北京时间(UTC+8)：6/15/2021, 9:20:00 AM=====================
Jun 15 09:20:00 
Jun 15 09:20:00 京喜牧场
Jun 15 09:20:00 更新时间：2021-6-8
Jun 15 09:20:00 活动入口：京喜APP-我的-京喜牧场
Jun 15 09:20:00 温馨提示：请先手动完成【新手指导任务】再运行脚本
Jun 15 09:20:00 京喜牧场
Jun 15 09:20:00 更新时间：2021-6-8
Jun 15 09:20:00 活动入口：京喜APP-我的-京喜牧场
Jun 15 09:20:00 温馨提示：请先手动完成【新手指导任务】再运行脚本
Jun 15 09:20:00 
Jun 15 09:20:00 *****开始【京东账号1】诺咪兔*****
Jun 15 09:20:00 
Jun 15 09:20:00 
Jun 15 09:20:00 *****开始【京东账号1】诺咪兔*****
Jun 15 09:20:00 
Jun 15 09:20:00 
Jun 15 09:20:00 温馨提示：455979050-14287437 请先手动完成【新手指导任务】再运行脚本再运行脚本
Jun 15 09:20:00 
Jun 15 09:20:00 
Jun 15 09:20:00 温馨提示：455979050-14287437 请先手动完成【新手指导任务】再运行脚本再运行脚本
Jun 15 09:20:00 
Jun 15 09:20:03 
Jun 15 09:20:03 *****开始【京东账号2】jd_152055zny*****
Jun 15 09:20:03 
Jun 15 09:20:03 
Jun 15 09:20:03 *****开始【京东账号2】jd_152055zny*****
Jun 15 09:20:03 
Jun 15 09:20:03 
Jun 15 09:20:03 温馨提示：jd_7a84de20543eb 请先手动完成【新手指导任务】再运行脚本再运行脚本
Jun 15 09:20:03 
Jun 15 09:20:03 
Jun 15 09:20:03 温馨提示：jd_7a84de20543eb 请先手动完成【新手指导任务】再运行脚本再运行脚本
Jun 15 09:20:03 
Jun 15 09:20:06 
Jun 15 09:20:06 🔔京喜牧场, 结束! 🕛 6.466 秒
Jun 15 09:20:06 
Jun 15 09:20:06 
Jun 15 09:20:06 🔔京喜牧场, 结束! 🕛 6.455 秒
Jun 15 09:20:06 
Jun 15 12:20:00Jun 15 12:20:00 
 
Jun 15 12:20:00Jun 15 12:20:00 🔔京喜牧场, 开始!
 🔔京喜牧场, 开始!
Jun 15 12:20:00 您的cookie选择的是用&隔开
Jun 15 12:20:00 
Jun 15 12:20:00 您的cookie选择的是用&隔开
Jun 15 12:20:00 
Jun 15 12:20:00 
Jun 15 12:20:00Jun 15 12:20:00 ====================共有2个京东账号Cookie=========
 
Jun 15 12:20:00Jun 15 12:20:00 
 ====================共有2个京东账号Cookie=========
Jun 15 12:20:00 
Jun 15 12:20:00Jun 15 12:20:00 ==================脚本执行- 北京时间(UTC+8)：6/15/2021, 12:20:00 PM=====================
 ==================脚本执行- 北京时间(UTC+8)：6/15/2021, 12:20:00 PM=====================
Jun 15 12:20:00Jun 15 12:20:00 
 
Jun 15 12:20:00 京喜牧场
Jun 15 12:20:00 更新时间：2021-6-8
Jun 15 12:20:00 活动入口：京喜APP-我的-京喜牧场
Jun 15 12:20:00 温馨提示：请先手动完成【新手指导任务】再运行脚本
Jun 15 12:20:00 京喜牧场
Jun 15 12:20:00 更新时间：2021-6-8
Jun 15 12:20:00 活动入口：京喜APP-我的-京喜牧场
Jun 15 12:20:00 温馨提示：请先手动完成【新手指导任务】再运行脚本
Jun 15 12:20:00 
Jun 15 12:20:00 *****开始【京东账号1】诺咪兔*****
Jun 15 12:20:00 
Jun 15 12:20:00 
Jun 15 12:20:00 *****开始【京东账号1】诺咪兔*****
Jun 15 12:20:00 
Jun 15 12:20:00 
Jun 15 12:20:00 温馨提示：455979050-14287437 请先手动完成【新手指导任务】再运行脚本再运行脚本
Jun 15 12:20:00 
Jun 15 12:20:00 
Jun 15 12:20:00 温馨提示：455979050-14287437 请先手动完成【新手指导任务】再运行脚本再运行脚本
Jun 15 12:20:00 
Jun 15 12:20:03 
Jun 15 12:20:03 *****开始【京东账号2】jd_152055zny*****
Jun 15 12:20:03 
Jun 15 12:20:03 
Jun 15 12:20:03 *****开始【京东账号2】jd_152055zny*****
Jun 15 12:20:03 
Jun 15 12:20:03 
Jun 15 12:20:03 温馨提示：jd_7a84de20543eb 请先手动完成【新手指导任务】再运行脚本再运行脚本
Jun 15 12:20:03 
Jun 15 12:20:03 
Jun 15 12:20:03 温馨提示：jd_7a84de20543eb 请先手动完成【新手指导任务】再运行脚本再运行脚本
Jun 15 12:20:03 
Jun 15 12:20:06 
Jun 15 12:20:06 🔔京喜牧场, 结束! 🕛 6.447 秒
Jun 15 12:20:06 
Jun 15 12:20:06 
Jun 15 12:20:06 🔔京喜牧场, 结束! 🕛 6.449 秒
Jun 15 12:20:06 
Jun 15 15:20:00 
Jun 15 15:20:00 🔔京喜牧场, 开始!
Jun 15 15:20:00 您的cookie选择的是用&隔开
Jun 15 15:20:00 
Jun 15 15:20:00 
Jun 15 15:20:00 ====================共有2个京东账号Cookie=========
Jun 15 15:20:00 
Jun 15 15:20:00 
Jun 15 15:20:00 🔔京喜牧场, 开始!
Jun 15 15:20:00 您的cookie选择的是用&隔开
Jun 15 15:20:00 
Jun 15 15:20:00 
Jun 15 15:20:00 ====================共有2个京东账号Cookie=========
Jun 15 15:20:00 
Jun 15 15:20:00 ==================脚本执行- 北京时间(UTC+8)：6/15/2021, 3:20:00 PM=====================
Jun 15 15:20:00 
Jun 15 15:20:00 ==================脚本执行- 北京时间(UTC+8)：6/15/2021, 3:20:00 PM=====================
Jun 15 15:20:00 
Jun 15 15:20:00 京喜牧场
Jun 15 15:20:00 更新时间：2021-6-8
Jun 15 15:20:00 活动入口：京喜APP-我的-京喜牧场
Jun 15 15:20:00 温馨提示：请先手动完成【新手指导任务】再运行脚本
Jun 15 15:20:00 京喜牧场
Jun 15 15:20:00 更新时间：2021-6-8
Jun 15 15:20:00 活动入口：京喜APP-我的-京喜牧场
Jun 15 15:20:00 温馨提示：请先手动完成【新手指导任务】再运行脚本
Jun 15 15:20:00 
Jun 15 15:20:00 *****开始【京东账号1】诺咪兔*****
Jun 15 15:20:00 
Jun 15 15:20:00 
Jun 15 15:20:00 温馨提示：455979050-14287437 请先手动完成【新手指导任务】再运行脚本再运行脚本
Jun 15 15:20:00 
Jun 15 15:20:01 
Jun 15 15:20:01 *****开始【京东账号1】诺咪兔*****
Jun 15 15:20:01 
Jun 15 15:20:01 
Jun 15 15:20:01 温馨提示：455979050-14287437 请先手动完成【新手指导任务】再运行脚本再运行脚本
Jun 15 15:20:01 
Jun 15 15:20:03 
Jun 15 15:20:03 *****开始【京东账号2】jd_152055zny*****
Jun 15 15:20:03 
Jun 15 15:20:03 
Jun 15 15:20:03 温馨提示：jd_7a84de20543eb 请先手动完成【新手指导任务】再运行脚本再运行脚本
Jun 15 15:20:03 
Jun 15 15:20:04 
Jun 15 15:20:04 *****开始【京东账号2】jd_152055zny*****
Jun 15 15:20:04 
Jun 15 15:20:04 
Jun 15 15:20:04 温馨提示：jd_7a84de20543eb 请先手动完成【新手指导任务】再运行脚本再运行脚本
Jun 15 15:20:04 
Jun 15 15:20:06 
Jun 15 15:20:06 🔔京喜牧场, 结束! 🕛 6.484 秒
Jun 15 15:20:06 
Jun 15 15:20:07 
Jun 15 15:20:07 🔔京喜牧场, 结束! 🕛 6.738 秒
Jun 15 15:20:07 
