Jun 14 00:10:00 
Jun 14 00:10:00 🔔宠汪汪偷好友积分与狗粮, 开始!
Jun 14 00:10:00 您的cookie选择的是用&隔开
Jun 14 00:10:00 
Jun 14 00:10:00 
Jun 14 00:10:00 ====================共有2个京东账号Cookie=========
Jun 14 00:10:00 
Jun 14 00:10:00 
Jun 14 00:10:00 🔔宠汪汪偷好友积分与狗粮, 开始!
Jun 14 00:10:00 您的cookie选择的是用&隔开
Jun 14 00:10:00 
Jun 14 00:10:00 
Jun 14 00:10:00 ====================共有2个京东账号Cookie=========
Jun 14 00:10:00 
Jun 14 00:10:00 ==================脚本执行- 北京时间(UTC+8)：6/14/2021, 12:10:00 AM=====================
Jun 14 00:10:00 
Jun 14 00:10:00 ==================脚本执行- 北京时间(UTC+8)：6/14/2021, 12:10:00 AM=====================
Jun 14 00:10:00 
Jun 14 00:10:00 
Jun 14 00:10:00 开始【京东账号1】455979050-14287437
Jun 14 00:10:00 
Jun 14 00:10:00 
Jun 14 00:10:00 开始【京东账号1】455979050-14287437
Jun 14 00:10:00 
Jun 14 00:10:00 
Jun 14 00:10:00 京东返回宠汪汪好友列表数据为空
Jun 14 00:10:00 
Jun 14 00:10:00 
Jun 14 00:10:00 ==============📣系统通知📣==============
Jun 14 00:10:00 宠汪汪偷好友积分与狗粮
Jun 14 00:10:00 【京东账号1】455979050-14287437
Jun 14 00:10:00 【领取好友积分】获得0个
Jun 14 00:10:00 【偷好友狗粮】获取0g狗粮
Jun 14 00:10:00 【给好友喂食】消耗0g狗粮,获得积分0个
Jun 14 00:10:00 
Jun 14 00:10:00 
Jun 14 00:10:00 京东返回宠汪汪好友列表数据为空
Jun 14 00:10:00 
Jun 14 00:10:00 
Jun 14 00:10:00 ==============📣系统通知📣==============
Jun 14 00:10:00 宠汪汪偷好友积分与狗粮
Jun 14 00:10:00 【京东账号1】455979050-14287437
Jun 14 00:10:00 【领取好友积分】获得0个
Jun 14 00:10:00 【偷好友狗粮】获取0g狗粮
Jun 14 00:10:00 【给好友喂食】消耗0g狗粮,获得积分0个
Jun 14 00:10:00 
Jun 14 00:10:00 
Jun 14 00:10:00 开始【京东账号2】jd_7a84de20543eb
Jun 14 00:10:00 
Jun 14 00:10:00 
Jun 14 00:10:00 开始【京东账号2】jd_152055zny
Jun 14 00:10:00 
Jun 14 00:10:01 
Jun 14 00:10:01 京东返回宠汪汪好友列表数据为空
Jun 14 00:10:01 
Jun 14 00:10:01 
Jun 14 00:10:01 ==============📣系统通知📣==============
Jun 14 00:10:01 宠汪汪偷好友积分与狗粮
Jun 14 00:10:01 【京东账号2】jd_7a84de20543eb
Jun 14 00:10:01 【领取好友积分】获得0个
Jun 14 00:10:01 【偷好友狗粮】获取0g狗粮
Jun 14 00:10:01 【给好友喂食】消耗0g狗粮,获得积分0个
Jun 14 00:10:01 
Jun 14 00:10:01 
Jun 14 00:10:01 🔔宠汪汪偷好友积分与狗粮, 结束! 🕛 0.646 秒
Jun 14 00:10:01 
Jun 14 00:10:01 
Jun 14 00:10:01 京东返回宠汪汪好友列表数据为空
Jun 14 00:10:01 
Jun 14 00:10:01 
Jun 14 00:10:01 ==============📣系统通知📣==============
Jun 14 00:10:01 宠汪汪偷好友积分与狗粮
Jun 14 00:10:01 【京东账号2】jd_152055zny
Jun 14 00:10:01 【领取好友积分】获得0个
Jun 14 00:10:01 【偷好友狗粮】获取0g狗粮
Jun 14 00:10:01 【给好友喂食】消耗0g狗粮,获得积分0个
Jun 14 00:10:01 
Jun 14 00:10:01 
Jun 14 00:10:01 🔔宠汪汪偷好友积分与狗粮, 结束! 🕛 0.669 秒
Jun 14 00:10:01 
Jun 14 03:10:00 
Jun 14 03:10:00 🔔宠汪汪偷好友积分与狗粮, 开始!
Jun 14 03:10:00 
Jun 14 03:10:00 🔔宠汪汪偷好友积分与狗粮, 开始!
Jun 14 03:10:00 您的cookie选择的是用&隔开
Jun 14 03:10:00 
Jun 14 03:10:00 
Jun 14 03:10:00 ====================共有2个京东账号Cookie=========
Jun 14 03:10:00 
Jun 14 03:10:00 您的cookie选择的是用&隔开
Jun 14 03:10:00 
Jun 14 03:10:00 
Jun 14 03:10:00 ====================共有2个京东账号Cookie=========
Jun 14 03:10:00 
Jun 14 03:10:00 ==================脚本执行- 北京时间(UTC+8)：6/14/2021, 3:10:00 AM=====================
Jun 14 03:10:00 
Jun 14 03:10:00 ==================脚本执行- 北京时间(UTC+8)：6/14/2021, 3:10:00 AM=====================
Jun 14 03:10:00 
Jun 14 03:10:01 
Jun 14 03:10:01 开始【京东账号1】455979050-14287437
Jun 14 03:10:01 
Jun 14 03:10:01 
Jun 14 03:10:01 开始【京东账号1】455979050-14287437
Jun 14 03:10:01 
Jun 14 03:10:03 $.help_feed给好友喂食获得积分：0
Jun 14 03:10:03 $.visit_friend领取好友积分：0
Jun 14 03:10:03 
Jun 14 03:10:03 京东返回宠汪汪好友列表数据为空
Jun 14 03:10:03 
Jun 14 03:10:03 
Jun 14 03:10:03 ==============📣系统通知📣==============
Jun 14 03:10:03 宠汪汪偷好友积分与狗粮
Jun 14 03:10:03 【京东账号1】455979050-14287437
Jun 14 03:10:03 【领取好友积分】获得0个
Jun 14 03:10:03 【偷好友狗粮】获取0g狗粮
Jun 14 03:10:03 【给好友喂食】消耗0g狗粮,获得积分0个
Jun 14 03:10:03 
Jun 14 03:10:04 
Jun 14 03:10:04 开始【京东账号2】jd_7a84de20543eb
Jun 14 03:10:04 
Jun 14 03:10:07 $.help_feed给好友喂食获得积分：0
Jun 14 03:10:07 $.visit_friend领取好友积分：0
Jun 14 03:10:07 
Jun 14 03:10:07 京东返回宠汪汪好友列表数据为空
Jun 14 03:10:07 
Jun 14 03:10:07 
Jun 14 03:10:07 ==============📣系统通知📣==============
Jun 14 03:10:07 宠汪汪偷好友积分与狗粮
Jun 14 03:10:07 【京东账号1】455979050-14287437
Jun 14 03:10:07 【领取好友积分】获得0个
Jun 14 03:10:07 【偷好友狗粮】获取0g狗粮
Jun 14 03:10:07 【给好友喂食】消耗0g狗粮,获得积分0个
Jun 14 03:10:07 
Jun 14 03:10:07 
Jun 14 03:10:07 开始【京东账号2】jd_7a84de20543eb
Jun 14 03:10:07 
Jun 14 03:10:10 $.help_feed给好友喂食获得积分：0
Jun 14 03:10:10 $.visit_friend领取好友积分：0
Jun 14 03:10:10 
Jun 14 03:10:10 京东返回宠汪汪好友列表数据为空
Jun 14 03:10:10 
Jun 14 03:10:10 
Jun 14 03:10:10 ==============📣系统通知📣==============
Jun 14 03:10:10 宠汪汪偷好友积分与狗粮
Jun 14 03:10:10 【京东账号2】jd_7a84de20543eb
Jun 14 03:10:10 【领取好友积分】获得0个
Jun 14 03:10:10 【偷好友狗粮】获取0g狗粮
Jun 14 03:10:10 【给好友喂食】消耗0g狗粮,获得积分0个
Jun 14 03:10:10 
Jun 14 03:10:10 
Jun 14 03:10:10 🔔宠汪汪偷好友积分与狗粮, 结束! 🕛 10.093 秒
Jun 14 03:10:10 
Jun 14 03:10:12 $.help_feed给好友喂食获得积分：0
Jun 14 03:10:12 $.visit_friend领取好友积分：0
Jun 14 03:10:12 
Jun 14 03:10:12 京东返回宠汪汪好友列表数据为空
Jun 14 03:10:12 
Jun 14 03:10:12 
Jun 14 03:10:12 ==============📣系统通知📣==============
Jun 14 03:10:12 宠汪汪偷好友积分与狗粮
Jun 14 03:10:12 【京东账号2】jd_7a84de20543eb
Jun 14 03:10:12 【领取好友积分】获得0个
Jun 14 03:10:12 【偷好友狗粮】获取0g狗粮
Jun 14 03:10:12 【给好友喂食】消耗0g狗粮,获得积分0个
Jun 14 03:10:12 
Jun 14 03:10:12 
Jun 14 03:10:12 🔔宠汪汪偷好友积分与狗粮, 结束! 🕛 11.735 秒
Jun 14 03:10:12 
Jun 14 06:10:01 
Jun 14 06:10:01 🔔宠汪汪偷好友积分与狗粮, 开始!
Jun 14 06:10:01 您的cookie选择的是用&隔开
Jun 14 06:10:01 
Jun 14 06:10:01 
Jun 14 06:10:01 ====================共有2个京东账号Cookie=========
Jun 14 06:10:01 
Jun 14 06:10:01 ==================脚本执行- 北京时间(UTC+8)：6/14/2021, 6:10:01 AM=====================
Jun 14 06:10:01 
Jun 14 06:10:01 
Jun 14 06:10:01 🔔宠汪汪偷好友积分与狗粮, 开始!
Jun 14 06:10:01 您的cookie选择的是用&隔开
Jun 14 06:10:01 
Jun 14 06:10:01 
Jun 14 06:10:01 ====================共有2个京东账号Cookie=========
Jun 14 06:10:01 
Jun 14 06:10:01 ==================脚本执行- 北京时间(UTC+8)：6/14/2021, 6:10:01 AM=====================
Jun 14 06:10:01 
Jun 14 06:10:01 
Jun 14 06:10:01 开始【京东账号1】455979050-14287437
Jun 14 06:10:01 
Jun 14 06:10:01 
Jun 14 06:10:01 开始【京东账号1】455979050-14287437
Jun 14 06:10:01 
Jun 14 06:10:01 
Jun 14 06:10:01 京东返回宠汪汪好友列表数据为空
Jun 14 06:10:01 
Jun 14 06:10:01 
Jun 14 06:10:01 ==============📣系统通知📣==============
Jun 14 06:10:01 宠汪汪偷好友积分与狗粮
Jun 14 06:10:01 【京东账号1】455979050-14287437
Jun 14 06:10:01 【领取好友积分】获得0个
Jun 14 06:10:01 【偷好友狗粮】获取0g狗粮
Jun 14 06:10:01 【给好友喂食】消耗0g狗粮,获得积分0个
Jun 14 06:10:01 
Jun 14 06:10:01 
Jun 14 06:10:01 开始【京东账号2】jd_7a84de20543eb
Jun 14 06:10:01 
Jun 14 06:10:01 
Jun 14 06:10:01 京东返回宠汪汪好友列表数据为空
Jun 14 06:10:01 
Jun 14 06:10:01 
Jun 14 06:10:01 ==============📣系统通知📣==============
Jun 14 06:10:01 宠汪汪偷好友积分与狗粮
Jun 14 06:10:01 【京东账号1】455979050-14287437
Jun 14 06:10:01 【领取好友积分】获得0个
Jun 14 06:10:01 【偷好友狗粮】获取0g狗粮
Jun 14 06:10:01 【给好友喂食】消耗0g狗粮,获得积分0个
Jun 14 06:10:01 
Jun 14 06:10:01 
Jun 14 06:10:01 开始【京东账号2】jd_7a84de20543eb
Jun 14 06:10:01 
Jun 14 06:10:01 
Jun 14 06:10:01 京东返回宠汪汪好友列表数据为空
Jun 14 06:10:01 
Jun 14 06:10:01 
Jun 14 06:10:01 ==============📣系统通知📣==============
Jun 14 06:10:01 宠汪汪偷好友积分与狗粮
Jun 14 06:10:01 【京东账号2】jd_7a84de20543eb
Jun 14 06:10:01 【领取好友积分】获得0个
Jun 14 06:10:01 【偷好友狗粮】获取0g狗粮
Jun 14 06:10:01 【给好友喂食】消耗0g狗粮,获得积分0个
Jun 14 06:10:01 
Jun 14 06:10:01 
Jun 14 06:10:01 🔔宠汪汪偷好友积分与狗粮, 结束! 🕛 0.532 秒
Jun 14 06:10:01 
Jun 14 06:10:01 
Jun 14 06:10:01 京东返回宠汪汪好友列表数据为空
Jun 14 06:10:01 
Jun 14 06:10:01 
Jun 14 06:10:01 ==============📣系统通知📣==============
Jun 14 06:10:01 宠汪汪偷好友积分与狗粮
Jun 14 06:10:01 【京东账号2】jd_7a84de20543eb
Jun 14 06:10:01 【领取好友积分】获得0个
Jun 14 06:10:01 【偷好友狗粮】获取0g狗粮
Jun 14 06:10:01 【给好友喂食】消耗0g狗粮,获得积分0个
Jun 14 06:10:01 
Jun 14 06:10:01 
Jun 14 06:10:01 🔔宠汪汪偷好友积分与狗粮, 结束! 🕛 0.555 秒
Jun 14 06:10:01 
Jun 14 09:10:00 
Jun 14 09:10:00 🔔宠汪汪偷好友积分与狗粮, 开始!
Jun 14 09:10:00 您的cookie选择的是用&隔开
Jun 14 09:10:00 
Jun 14 09:10:00 
Jun 14 09:10:00 ====================共有2个京东账号Cookie=========
Jun 14 09:10:00 
Jun 14 09:10:00 
Jun 14 09:10:00 🔔宠汪汪偷好友积分与狗粮, 开始!
Jun 14 09:10:00 您的cookie选择的是用&隔开
Jun 14 09:10:00 
Jun 14 09:10:00 
Jun 14 09:10:00 ====================共有2个京东账号Cookie=========
Jun 14 09:10:00 
Jun 14 09:10:00 ==================脚本执行- 北京时间(UTC+8)：6/14/2021, 9:10:00 AM=====================
Jun 14 09:10:00 
Jun 14 09:10:00 ==================脚本执行- 北京时间(UTC+8)：6/14/2021, 9:10:00 AM=====================
Jun 14 09:10:00 
Jun 14 09:10:00 
Jun 14 09:10:00 开始【京东账号1】455979050-14287437
Jun 14 09:10:00 
Jun 14 09:10:00 
Jun 14 09:10:00 开始【京东账号1】455979050-14287437
Jun 14 09:10:00 
Jun 14 09:10:00 $.help_feed给好友喂食获得积分：0
Jun 14 09:10:00 $.visit_friend领取好友积分：0
Jun 14 09:10:00 
Jun 14 09:10:00 京东返回宠汪汪好友列表数据为空
Jun 14 09:10:00 
Jun 14 09:10:00 
Jun 14 09:10:00 ==============📣系统通知📣==============
Jun 14 09:10:00 宠汪汪偷好友积分与狗粮
Jun 14 09:10:00 【京东账号1】455979050-14287437
Jun 14 09:10:00 【领取好友积分】获得0个
Jun 14 09:10:00 【偷好友狗粮】获取0g狗粮
Jun 14 09:10:00 【给好友喂食】消耗0g狗粮,获得积分0个
Jun 14 09:10:00 
Jun 14 09:10:00 
Jun 14 09:10:00 开始【京东账号2】jd_7a84de20543eb
Jun 14 09:10:00 
Jun 14 09:10:00 $.help_feed给好友喂食获得积分：0
Jun 14 09:10:00 $.visit_friend领取好友积分：0
Jun 14 09:10:00 
Jun 14 09:10:00 京东返回宠汪汪好友列表数据为空
Jun 14 09:10:00 
Jun 14 09:10:00 
Jun 14 09:10:00 ==============📣系统通知📣==============
Jun 14 09:10:00 宠汪汪偷好友积分与狗粮
Jun 14 09:10:00 【京东账号1】455979050-14287437
Jun 14 09:10:00 【领取好友积分】获得0个
Jun 14 09:10:00 【偷好友狗粮】获取0g狗粮
Jun 14 09:10:00 【给好友喂食】消耗0g狗粮,获得积分0个
Jun 14 09:10:00 
Jun 14 09:10:00 
Jun 14 09:10:00 开始【京东账号2】jd_7a84de20543eb
Jun 14 09:10:00 
Jun 14 09:10:00 $.help_feed给好友喂食获得积分：0
Jun 14 09:10:00 $.visit_friend领取好友积分：0
Jun 14 09:10:00 
Jun 14 09:10:00 京东返回宠汪汪好友列表数据为空
Jun 14 09:10:00 
Jun 14 09:10:00 
Jun 14 09:10:00 ==============📣系统通知📣==============
Jun 14 09:10:00 宠汪汪偷好友积分与狗粮
Jun 14 09:10:00 【京东账号2】jd_7a84de20543eb
Jun 14 09:10:00 【领取好友积分】获得0个
Jun 14 09:10:00 【偷好友狗粮】获取0g狗粮
Jun 14 09:10:00 【给好友喂食】消耗0g狗粮,获得积分0个
Jun 14 09:10:00 
Jun 14 09:10:00 
Jun 14 09:10:00 🔔宠汪汪偷好友积分与狗粮, 结束! 🕛 0.629 秒
Jun 14 09:10:00 
Jun 14 09:10:03 $.help_feed给好友喂食获得积分：0
Jun 14 09:10:03 $.visit_friend领取好友积分：0
Jun 14 09:10:03 
Jun 14 09:10:03 京东返回宠汪汪好友列表数据为空
Jun 14 09:10:03 
Jun 14 09:10:03 
Jun 14 09:10:03 ==============📣系统通知📣==============
Jun 14 09:10:03 宠汪汪偷好友积分与狗粮
Jun 14 09:10:03 【京东账号2】jd_7a84de20543eb
Jun 14 09:10:03 【领取好友积分】获得0个
Jun 14 09:10:03 【偷好友狗粮】获取0g狗粮
Jun 14 09:10:03 【给好友喂食】消耗0g狗粮,获得积分0个
Jun 14 09:10:03 
Jun 14 09:10:03 
Jun 14 09:10:03 🔔宠汪汪偷好友积分与狗粮, 结束! 🕛 3.295 秒
Jun 14 09:10:03 
Jun 14 12:10:00 
Jun 14 12:10:00 🔔宠汪汪偷好友积分与狗粮, 开始!
Jun 14 12:10:00 您的cookie选择的是用&隔开
Jun 14 12:10:00 
Jun 14 12:10:00 
Jun 14 12:10:00 ====================共有2个京东账号Cookie=========
Jun 14 12:10:00 
Jun 14 12:10:00 
Jun 14 12:10:00 🔔宠汪汪偷好友积分与狗粮, 开始!
Jun 14 12:10:00 您的cookie选择的是用&隔开
Jun 14 12:10:00 
Jun 14 12:10:00 
Jun 14 12:10:00 ====================共有2个京东账号Cookie=========
Jun 14 12:10:00 
Jun 14 12:10:00 ==================脚本执行- 北京时间(UTC+8)：6/14/2021, 12:10:00 PM=====================
Jun 14 12:10:00 
Jun 14 12:10:00 ==================脚本执行- 北京时间(UTC+8)：6/14/2021, 12:10:00 PM=====================
Jun 14 12:10:00 
Jun 14 12:10:01 
Jun 14 12:10:01 开始【京东账号1】455979050-14287437
Jun 14 12:10:01 
Jun 14 12:10:01 
Jun 14 12:10:01 开始【京东账号1】455979050-14287437
Jun 14 12:10:01 
Jun 14 12:10:01 
Jun 14 12:10:01 京东返回宠汪汪好友列表数据为空
Jun 14 12:10:01 
Jun 14 12:10:01 
Jun 14 12:10:01 ==============📣系统通知📣==============
Jun 14 12:10:01 宠汪汪偷好友积分与狗粮
Jun 14 12:10:01 【京东账号1】455979050-14287437
Jun 14 12:10:01 【领取好友积分】获得0个
Jun 14 12:10:01 【偷好友狗粮】获取0g狗粮
Jun 14 12:10:01 【给好友喂食】消耗0g狗粮,获得积分0个
Jun 14 12:10:01 
Jun 14 12:10:01 
Jun 14 12:10:01 开始【京东账号2】jd_7a84de20543eb
Jun 14 12:10:01 
Jun 14 12:10:01 
Jun 14 12:10:01 京东返回宠汪汪好友列表数据为空
Jun 14 12:10:01 
Jun 14 12:10:01 
Jun 14 12:10:01 ==============📣系统通知📣==============
Jun 14 12:10:01 宠汪汪偷好友积分与狗粮
Jun 14 12:10:01 【京东账号1】455979050-14287437
Jun 14 12:10:01 【领取好友积分】获得0个
Jun 14 12:10:01 【偷好友狗粮】获取0g狗粮
Jun 14 12:10:01 【给好友喂食】消耗0g狗粮,获得积分0个
Jun 14 12:10:01 
Jun 14 12:10:01 
Jun 14 12:10:01 开始【京东账号2】jd_7a84de20543eb
Jun 14 12:10:01 
Jun 14 12:10:01 
Jun 14 12:10:01 京东返回宠汪汪好友列表数据为空
Jun 14 12:10:01 
Jun 14 12:10:01 
Jun 14 12:10:01 ==============📣系统通知📣==============
Jun 14 12:10:01 宠汪汪偷好友积分与狗粮
Jun 14 12:10:01 【京东账号2】jd_7a84de20543eb
Jun 14 12:10:01 【领取好友积分】获得0个
Jun 14 12:10:01 【偷好友狗粮】获取0g狗粮
Jun 14 12:10:01 【给好友喂食】消耗0g狗粮,获得积分0个
Jun 14 12:10:01 
Jun 14 12:10:01 
Jun 14 12:10:01 🔔宠汪汪偷好友积分与狗粮, 结束! 🕛 0.598 秒
Jun 14 12:10:01 
Jun 14 12:10:01 
Jun 14 12:10:01 京东返回宠汪汪好友列表数据为空
Jun 14 12:10:01 
Jun 14 12:10:01 
Jun 14 12:10:01 ==============📣系统通知📣==============
Jun 14 12:10:01 宠汪汪偷好友积分与狗粮
Jun 14 12:10:01 【京东账号2】jd_7a84de20543eb
Jun 14 12:10:01 【领取好友积分】获得0个
Jun 14 12:10:01 【偷好友狗粮】获取0g狗粮
Jun 14 12:10:01 【给好友喂食】消耗0g狗粮,获得积分0个
Jun 14 12:10:01 
Jun 14 12:10:01 
Jun 14 12:10:01 🔔宠汪汪偷好友积分与狗粮, 结束! 🕛 0.58 秒
Jun 14 12:10:01 
Jun 14 15:10:00 
Jun 14 15:10:00 🔔宠汪汪偷好友积分与狗粮, 开始!
Jun 14 15:10:00 您的cookie选择的是用&隔开
Jun 14 15:10:00 
Jun 14 15:10:00 
Jun 14 15:10:00 ====================共有2个京东账号Cookie=========
Jun 14 15:10:00 
Jun 14 15:10:00 ==================脚本执行- 北京时间(UTC+8)：6/14/2021, 3:10:00 PM=====================
Jun 14 15:10:00 
Jun 14 15:10:00 
Jun 14 15:10:00 🔔宠汪汪偷好友积分与狗粮, 开始!
Jun 14 15:10:00 您的cookie选择的是用&隔开
Jun 14 15:10:00 
Jun 14 15:10:00 
Jun 14 15:10:00 ====================共有2个京东账号Cookie=========
Jun 14 15:10:00 
Jun 14 15:10:00 ==================脚本执行- 北京时间(UTC+8)：6/14/2021, 3:10:00 PM=====================
Jun 14 15:10:00 
Jun 14 15:10:00 
Jun 14 15:10:00 开始【京东账号1】455979050-14287437
Jun 14 15:10:00 
Jun 14 15:10:00 
Jun 14 15:10:00 开始【京东账号1】455979050-14287437
Jun 14 15:10:00 
Jun 14 15:10:00 $.help_feed给好友喂食获得积分：0
Jun 14 15:10:00 $.visit_friend领取好友积分：0
Jun 14 15:10:00 
Jun 14 15:10:00 京东返回宠汪汪好友列表数据为空
Jun 14 15:10:00 
Jun 14 15:10:00 
Jun 14 15:10:00 ==============📣系统通知📣==============
Jun 14 15:10:00 宠汪汪偷好友积分与狗粮
Jun 14 15:10:00 【京东账号1】455979050-14287437
Jun 14 15:10:00 【领取好友积分】获得0个
Jun 14 15:10:00 【偷好友狗粮】获取0g狗粮
Jun 14 15:10:00 【给好友喂食】消耗0g狗粮,获得积分0个
Jun 14 15:10:00 
Jun 14 15:10:00 
Jun 14 15:10:00 开始【京东账号2】jd_7a84de20543eb
Jun 14 15:10:00 
Jun 14 15:10:02 $.help_feed给好友喂食获得积分：0
Jun 14 15:10:02 $.visit_friend领取好友积分：0
Jun 14 15:10:02 
Jun 14 15:10:02 京东返回宠汪汪好友列表数据为空
Jun 14 15:10:02 
Jun 14 15:10:02 
Jun 14 15:10:02 ==============📣系统通知📣==============
Jun 14 15:10:02 宠汪汪偷好友积分与狗粮
Jun 14 15:10:02 【京东账号1】455979050-14287437
Jun 14 15:10:02 【领取好友积分】获得0个
Jun 14 15:10:02 【偷好友狗粮】获取0g狗粮
Jun 14 15:10:02 【给好友喂食】消耗0g狗粮,获得积分0个
Jun 14 15:10:02 
Jun 14 15:10:02 
Jun 14 15:10:02 开始【京东账号2】jd_7a84de20543eb
Jun 14 15:10:02 
Jun 14 15:10:06 $.help_feed给好友喂食获得积分：0
Jun 14 15:10:06 $.visit_friend领取好友积分：0
Jun 14 15:10:06 
Jun 14 15:10:06 京东返回宠汪汪好友列表数据为空
Jun 14 15:10:06 
Jun 14 15:10:06 
Jun 14 15:10:06 ==============📣系统通知📣==============
Jun 14 15:10:06 宠汪汪偷好友积分与狗粮
Jun 14 15:10:06 【京东账号2】jd_7a84de20543eb
Jun 14 15:10:06 【领取好友积分】获得0个
Jun 14 15:10:06 【偷好友狗粮】获取0g狗粮
Jun 14 15:10:06 【给好友喂食】消耗0g狗粮,获得积分0个
Jun 14 15:10:06 
Jun 14 15:10:06 
Jun 14 15:10:06 🔔宠汪汪偷好友积分与狗粮, 结束! 🕛 6.782 秒
Jun 14 15:10:06 
Jun 14 15:10:09 $.help_feed给好友喂食获得积分：0
Jun 14 15:10:09 $.visit_friend领取好友积分：0
Jun 14 15:10:09 
Jun 14 15:10:09 京东返回宠汪汪好友列表数据为空
Jun 14 15:10:09 
Jun 14 15:10:09 
Jun 14 15:10:09 ==============📣系统通知📣==============
Jun 14 15:10:09 宠汪汪偷好友积分与狗粮
Jun 14 15:10:09 【京东账号2】jd_7a84de20543eb
Jun 14 15:10:09 【领取好友积分】获得0个
Jun 14 15:10:09 【偷好友狗粮】获取0g狗粮
Jun 14 15:10:09 【给好友喂食】消耗0g狗粮,获得积分0个
Jun 14 15:10:09 
Jun 14 15:10:09 
Jun 14 15:10:09 🔔宠汪汪偷好友积分与狗粮, 结束! 🕛 8.86 秒
Jun 14 15:10:09 
Jun 14 18:10:00 
Jun 14 18:10:00 🔔宠汪汪偷好友积分与狗粮, 开始!
Jun 14 18:10:00 
Jun 14 18:10:00 🔔宠汪汪偷好友积分与狗粮, 开始!
Jun 14 18:10:00 您的cookie选择的是用&隔开
Jun 14 18:10:00 
Jun 14 18:10:00 
Jun 14 18:10:00 ====================共有2个京东账号Cookie=========
Jun 14 18:10:00 
Jun 14 18:10:00 您的cookie选择的是用&隔开
Jun 14 18:10:00 
Jun 14 18:10:00 
Jun 14 18:10:00 ====================共有2个京东账号Cookie=========
Jun 14 18:10:00 
Jun 14 18:10:00 ==================脚本执行- 北京时间(UTC+8)：6/14/2021, 6:10:00 PM=====================
Jun 14 18:10:00 
Jun 14 18:10:00 ==================脚本执行- 北京时间(UTC+8)：6/14/2021, 6:10:00 PM=====================
Jun 14 18:10:00 
Jun 14 18:10:00 
Jun 14 18:10:00 开始【京东账号1】455979050-14287437
Jun 14 18:10:00 
Jun 14 18:10:00 
Jun 14 18:10:00 开始【京东账号1】455979050-14287437
Jun 14 18:10:00 
Jun 14 18:10:01 
Jun 14 18:10:01 京东返回宠汪汪好友列表数据为空
Jun 14 18:10:01 
Jun 14 18:10:01 
Jun 14 18:10:01 ==============📣系统通知📣==============
Jun 14 18:10:01 宠汪汪偷好友积分与狗粮
Jun 14 18:10:01 【京东账号1】455979050-14287437
Jun 14 18:10:01 【领取好友积分】获得0个
Jun 14 18:10:01 【偷好友狗粮】获取0g狗粮
Jun 14 18:10:01 【给好友喂食】消耗0g狗粮,获得积分0个
Jun 14 18:10:01 
Jun 14 18:10:01 
Jun 14 18:10:01 京东返回宠汪汪好友列表数据为空
Jun 14 18:10:01 
Jun 14 18:10:01 
Jun 14 18:10:01 ==============📣系统通知📣==============
Jun 14 18:10:01 宠汪汪偷好友积分与狗粮
Jun 14 18:10:01 【京东账号1】455979050-14287437
Jun 14 18:10:01 【领取好友积分】获得0个
Jun 14 18:10:01 【偷好友狗粮】获取0g狗粮
Jun 14 18:10:01 【给好友喂食】消耗0g狗粮,获得积分0个
Jun 14 18:10:01 
Jun 14 18:10:01 
Jun 14 18:10:01 开始【京东账号2】jd_7a84de20543eb
Jun 14 18:10:01 
Jun 14 18:10:01 
Jun 14 18:10:01 开始【京东账号2】jd_7a84de20543eb
Jun 14 18:10:01 
Jun 14 18:10:01 
Jun 14 18:10:01 京东返回宠汪汪好友列表数据为空
Jun 14 18:10:01 
Jun 14 18:10:01 
Jun 14 18:10:01 ==============📣系统通知📣==============
Jun 14 18:10:01 宠汪汪偷好友积分与狗粮
Jun 14 18:10:01 【京东账号2】jd_7a84de20543eb
Jun 14 18:10:01 【领取好友积分】获得0个
Jun 14 18:10:01 【偷好友狗粮】获取0g狗粮
Jun 14 18:10:01 【给好友喂食】消耗0g狗粮,获得积分0个
Jun 14 18:10:01 
Jun 14 18:10:01Jun 14 18:10:01 
 
Jun 14 18:10:01 🔔宠汪汪偷好友积分与狗粮, 结束! 🕛 0.591 秒
Jun 14 18:10:01 京东返回宠汪汪好友列表数据为空
Jun 14 18:10:01 
Jun 14 18:10:01 
Jun 14 18:10:01 
Jun 14 18:10:01 ==============📣系统通知📣==============
Jun 14 18:10:01 宠汪汪偷好友积分与狗粮
Jun 14 18:10:01 【京东账号2】jd_7a84de20543eb
Jun 14 18:10:01 【领取好友积分】获得0个
Jun 14 18:10:01 【偷好友狗粮】获取0g狗粮
Jun 14 18:10:01 【给好友喂食】消耗0g狗粮,获得积分0个
Jun 14 18:10:01 
Jun 14 18:10:01 
Jun 14 18:10:01 🔔宠汪汪偷好友积分与狗粮, 结束! 🕛 0.589 秒
Jun 14 18:10:01 
Jun 14 21:10:01 
Jun 14 21:10:01 🔔宠汪汪偷好友积分与狗粮, 开始!
Jun 14 21:10:01 您的cookie选择的是用&隔开
Jun 14 21:10:01 
Jun 14 21:10:01 
Jun 14 21:10:01 ====================共有2个京东账号Cookie=========
Jun 14 21:10:01 
Jun 14 21:10:01 ==================脚本执行- 北京时间(UTC+8)：6/14/2021, 9:10:01 PM=====================
Jun 14 21:10:01 
Jun 14 21:10:01 
Jun 14 21:10:01 🔔宠汪汪偷好友积分与狗粮, 开始!
Jun 14 21:10:01 您的cookie选择的是用&隔开
Jun 14 21:10:01 
Jun 14 21:10:01 
Jun 14 21:10:01 ====================共有2个京东账号Cookie=========
Jun 14 21:10:01 
Jun 14 21:10:01 ==================脚本执行- 北京时间(UTC+8)：6/14/2021, 9:10:01 PM=====================
Jun 14 21:10:01 
Jun 14 21:10:01 
Jun 14 21:10:01 开始【京东账号1】455979050-14287437
Jun 14 21:10:01 
Jun 14 21:10:01 
Jun 14 21:10:01 开始【京东账号1】455979050-14287437
Jun 14 21:10:01 
Jun 14 21:10:13 $.help_feed给好友喂食获得积分：0
Jun 14 21:10:13 $.visit_friend领取好友积分：0
Jun 14 21:10:13 
Jun 14 21:10:13 京东返回宠汪汪好友列表数据为空
Jun 14 21:10:13 
Jun 14 21:10:13 
Jun 14 21:10:13 ==============📣系统通知📣==============
Jun 14 21:10:13 宠汪汪偷好友积分与狗粮
Jun 14 21:10:13 【京东账号1】455979050-14287437
Jun 14 21:10:13 【领取好友积分】获得0个
Jun 14 21:10:13 【偷好友狗粮】获取0g狗粮
Jun 14 21:10:13 【给好友喂食】消耗0g狗粮,获得积分0个
Jun 14 21:10:13 
Jun 14 21:10:13 
Jun 14 21:10:13 开始【京东账号2】jd_7a84de20543eb
Jun 14 21:10:13 
Jun 14 21:10:14 $.help_feed给好友喂食获得积分：0
Jun 14 21:10:14 $.visit_friend领取好友积分：0
Jun 14 21:10:14 
Jun 14 21:10:14 京东返回宠汪汪好友列表数据为空
Jun 14 21:10:14 
Jun 14 21:10:14 
Jun 14 21:10:14 ==============📣系统通知📣==============
Jun 14 21:10:14 宠汪汪偷好友积分与狗粮
Jun 14 21:10:14 【京东账号1】455979050-14287437
Jun 14 21:10:14 【领取好友积分】获得0个
Jun 14 21:10:14 【偷好友狗粮】获取0g狗粮
Jun 14 21:10:14 【给好友喂食】消耗0g狗粮,获得积分0个
Jun 14 21:10:14 
Jun 14 21:10:14 
Jun 14 21:10:14 开始【京东账号2】jd_7a84de20543eb
Jun 14 21:10:14 
Jun 14 21:10:17 $.help_feed给好友喂食获得积分：0
Jun 14 21:10:17 $.visit_friend领取好友积分：0
Jun 14 21:10:17 
Jun 14 21:10:17 京东返回宠汪汪好友列表数据为空
Jun 14 21:10:17 
Jun 14 21:10:17 
Jun 14 21:10:17 ==============📣系统通知📣==============
Jun 14 21:10:17 宠汪汪偷好友积分与狗粮
Jun 14 21:10:17 【京东账号2】jd_7a84de20543eb
Jun 14 21:10:17 【领取好友积分】获得0个
Jun 14 21:10:17 【偷好友狗粮】获取0g狗粮
Jun 14 21:10:17 【给好友喂食】消耗0g狗粮,获得积分0个
Jun 14 21:10:17 
Jun 14 21:10:17 
Jun 14 21:10:17 🔔宠汪汪偷好友积分与狗粮, 结束! 🕛 16.937 秒
Jun 14 21:10:17 
Jun 14 21:10:20 $.help_feed给好友喂食获得积分：0
Jun 14 21:10:20 $.visit_friend领取好友积分：0
Jun 14 21:10:20 
Jun 14 21:10:20 京东返回宠汪汪好友列表数据为空
Jun 14 21:10:20 
Jun 14 21:10:20 
Jun 14 21:10:20 ==============📣系统通知📣==============
Jun 14 21:10:20 宠汪汪偷好友积分与狗粮
Jun 14 21:10:20 【京东账号2】jd_7a84de20543eb
Jun 14 21:10:20 【领取好友积分】获得0个
Jun 14 21:10:20 【偷好友狗粮】获取0g狗粮
Jun 14 21:10:20 【给好友喂食】消耗0g狗粮,获得积分0个
Jun 14 21:10:20 
Jun 14 21:10:20 
Jun 14 21:10:20 🔔宠汪汪偷好友积分与狗粮, 结束! 🕛 19.907 秒
Jun 14 21:10:20 
Jun 15 00:10:00 
Jun 15 00:10:00 🔔宠汪汪偷好友积分与狗粮, 开始!
Jun 15 00:10:00 您的cookie选择的是用&隔开
Jun 15 00:10:00 
Jun 15 00:10:00 
Jun 15 00:10:00 ====================共有2个京东账号Cookie=========
Jun 15 00:10:00 
Jun 15 00:10:00 
Jun 15 00:10:00 🔔宠汪汪偷好友积分与狗粮, 开始!
Jun 15 00:10:00 您的cookie选择的是用&隔开
Jun 15 00:10:00 
Jun 15 00:10:00 
Jun 15 00:10:00 ====================共有2个京东账号Cookie=========
Jun 15 00:10:00 
Jun 15 00:10:00 ==================脚本执行- 北京时间(UTC+8)：6/15/2021, 12:10:00 AM=====================
Jun 15 00:10:00 
Jun 15 00:10:00 ==================脚本执行- 北京时间(UTC+8)：6/15/2021, 12:10:00 AM=====================
Jun 15 00:10:00 
Jun 15 00:10:00 
Jun 15 00:10:00 开始【京东账号1】455979050-14287437
Jun 15 00:10:00 
Jun 15 00:10:00 
Jun 15 00:10:00 开始【京东账号1】455979050-14287437
Jun 15 00:10:00 
Jun 15 00:10:00 $.help_feed给好友喂食获得积分：0
Jun 15 00:10:00 $.visit_friend领取好友积分：0
Jun 15 00:10:00 
Jun 15 00:10:00 京东返回宠汪汪好友列表数据为空
Jun 15 00:10:00 
Jun 15 00:10:00 
Jun 15 00:10:00 ==============📣系统通知📣==============
Jun 15 00:10:00 宠汪汪偷好友积分与狗粮
Jun 15 00:10:00 【京东账号1】455979050-14287437
Jun 15 00:10:00 【领取好友积分】获得0个
Jun 15 00:10:00 【偷好友狗粮】获取0g狗粮
Jun 15 00:10:00 【给好友喂食】消耗0g狗粮,获得积分0个
Jun 15 00:10:00 
Jun 15 00:10:00 $.help_feed给好友喂食获得积分：0
Jun 15 00:10:00 $.visit_friend领取好友积分：0
Jun 15 00:10:00 
Jun 15 00:10:00 京东返回宠汪汪好友列表数据为空
Jun 15 00:10:00 
Jun 15 00:10:00 
Jun 15 00:10:00 ==============📣系统通知📣==============
Jun 15 00:10:00 宠汪汪偷好友积分与狗粮
Jun 15 00:10:00 【京东账号1】455979050-14287437
Jun 15 00:10:00 【领取好友积分】获得0个
Jun 15 00:10:00 【偷好友狗粮】获取0g狗粮
Jun 15 00:10:00 【给好友喂食】消耗0g狗粮,获得积分0个
Jun 15 00:10:00 
Jun 15 00:10:00 
Jun 15 00:10:00 开始【京东账号2】jd_7a84de20543eb
Jun 15 00:10:00 
Jun 15 00:10:00 
Jun 15 00:10:00 开始【京东账号2】jd_7a84de20543eb
Jun 15 00:10:00 
Jun 15 00:10:00 $.help_feed给好友喂食获得积分：0
Jun 15 00:10:00 $.visit_friend领取好友积分：0
Jun 15 00:10:00 
Jun 15 00:10:00 京东返回宠汪汪好友列表数据为空
Jun 15 00:10:00 
Jun 15 00:10:00 
Jun 15 00:10:00 ==============📣系统通知📣==============
Jun 15 00:10:00 宠汪汪偷好友积分与狗粮
Jun 15 00:10:00 【京东账号2】jd_7a84de20543eb
Jun 15 00:10:00 【领取好友积分】获得0个
Jun 15 00:10:00 【偷好友狗粮】获取0g狗粮
Jun 15 00:10:00 【给好友喂食】消耗0g狗粮,获得积分0个
Jun 15 00:10:00 
Jun 15 00:10:00 
Jun 15 00:10:00 🔔宠汪汪偷好友积分与狗粮, 结束! 🕛 0.641 秒
Jun 15 00:10:00 
Jun 15 00:10:00 $.help_feed给好友喂食获得积分：0
Jun 15 00:10:00 $.visit_friend领取好友积分：0
Jun 15 00:10:00 
Jun 15 00:10:00 京东返回宠汪汪好友列表数据为空
Jun 15 00:10:00 
Jun 15 00:10:00 
Jun 15 00:10:00 ==============📣系统通知📣==============
Jun 15 00:10:00 宠汪汪偷好友积分与狗粮
Jun 15 00:10:00 【京东账号2】jd_7a84de20543eb
Jun 15 00:10:00 【领取好友积分】获得0个
Jun 15 00:10:00 【偷好友狗粮】获取0g狗粮
Jun 15 00:10:00 【给好友喂食】消耗0g狗粮,获得积分0个
Jun 15 00:10:00 
Jun 15 00:10:00 
Jun 15 00:10:00 🔔宠汪汪偷好友积分与狗粮, 结束! 🕛 0.643 秒
Jun 15 00:10:00 
Jun 15 03:10:00 
Jun 15 03:10:00 🔔宠汪汪偷好友积分与狗粮, 开始!
Jun 15 03:10:00 您的cookie选择的是用&隔开
Jun 15 03:10:00 
Jun 15 03:10:00 
Jun 15 03:10:00 ====================共有2个京东账号Cookie=========
Jun 15 03:10:00 
Jun 15 03:10:00 
Jun 15 03:10:00 🔔宠汪汪偷好友积分与狗粮, 开始!
Jun 15 03:10:00 您的cookie选择的是用&隔开
Jun 15 03:10:00 
Jun 15 03:10:00 
Jun 15 03:10:00 ====================共有2个京东账号Cookie=========
Jun 15 03:10:00 
Jun 15 03:10:00 ==================脚本执行- 北京时间(UTC+8)：6/15/2021, 3:10:00 AM=====================
Jun 15 03:10:00 
Jun 15 03:10:00 ==================脚本执行- 北京时间(UTC+8)：6/15/2021, 3:10:00 AM=====================
Jun 15 03:10:00 
Jun 15 03:10:00 
Jun 15 03:10:00 开始【京东账号1】455979050-14287437
Jun 15 03:10:00 
Jun 15 03:10:00 
Jun 15 03:10:00 开始【京东账号1】455979050-14287437
Jun 15 03:10:00 
Jun 15 03:10:02 $.help_feed给好友喂食获得积分：0
Jun 15 03:10:02 $.visit_friend领取好友积分：0
Jun 15 03:10:02 
Jun 15 03:10:02 京东返回宠汪汪好友列表数据为空
Jun 15 03:10:02 
Jun 15 03:10:02 
Jun 15 03:10:02 ==============📣系统通知📣==============
Jun 15 03:10:02 宠汪汪偷好友积分与狗粮
Jun 15 03:10:02 【京东账号1】455979050-14287437
Jun 15 03:10:02 【领取好友积分】获得0个
Jun 15 03:10:02 【偷好友狗粮】获取0g狗粮
Jun 15 03:10:02 【给好友喂食】消耗0g狗粮,获得积分0个
Jun 15 03:10:02 
Jun 15 03:10:02 
Jun 15 03:10:02 开始【京东账号2】jd_7a84de20543eb
Jun 15 03:10:02 
Jun 15 03:10:02 $.help_feed给好友喂食获得积分：0
Jun 15 03:10:02 $.visit_friend领取好友积分：0
Jun 15 03:10:02 
Jun 15 03:10:02 京东返回宠汪汪好友列表数据为空
Jun 15 03:10:02 
Jun 15 03:10:02 
Jun 15 03:10:02 ==============📣系统通知📣==============
Jun 15 03:10:02 宠汪汪偷好友积分与狗粮
Jun 15 03:10:02 【京东账号1】455979050-14287437
Jun 15 03:10:02 【领取好友积分】获得0个
Jun 15 03:10:02 【偷好友狗粮】获取0g狗粮
Jun 15 03:10:02 【给好友喂食】消耗0g狗粮,获得积分0个
Jun 15 03:10:02 
Jun 15 03:10:02 
Jun 15 03:10:02 开始【京东账号2】jd_7a84de20543eb
Jun 15 03:10:02 
Jun 15 03:10:04 $.help_feed给好友喂食获得积分：0
Jun 15 03:10:04 $.visit_friend领取好友积分：0
Jun 15 03:10:04 
Jun 15 03:10:04 京东返回宠汪汪好友列表数据为空
Jun 15 03:10:04 
Jun 15 03:10:04 
Jun 15 03:10:04 ==============📣系统通知📣==============
Jun 15 03:10:04 宠汪汪偷好友积分与狗粮
Jun 15 03:10:04 【京东账号2】jd_7a84de20543eb
Jun 15 03:10:04 【领取好友积分】获得0个
Jun 15 03:10:04 【偷好友狗粮】获取0g狗粮
Jun 15 03:10:04 【给好友喂食】消耗0g狗粮,获得积分0个
Jun 15 03:10:04 
Jun 15 03:10:04 
Jun 15 03:10:04 🔔宠汪汪偷好友积分与狗粮, 结束! 🕛 3.862 秒
Jun 15 03:10:04 
Jun 15 03:10:12 $.help_feed给好友喂食获得积分：0
Jun 15 03:10:12 $.visit_friend领取好友积分：0
Jun 15 03:10:12 
Jun 15 03:10:12 京东返回宠汪汪好友列表数据为空
Jun 15 03:10:12 
Jun 15 03:10:12 
Jun 15 03:10:12 ==============📣系统通知📣==============
Jun 15 03:10:12 宠汪汪偷好友积分与狗粮
Jun 15 03:10:12 【京东账号2】jd_7a84de20543eb
Jun 15 03:10:12 【领取好友积分】获得0个
Jun 15 03:10:12 【偷好友狗粮】获取0g狗粮
Jun 15 03:10:12 【给好友喂食】消耗0g狗粮,获得积分0个
Jun 15 03:10:12 
Jun 15 03:10:12 
Jun 15 03:10:12 🔔宠汪汪偷好友积分与狗粮, 结束! 🕛 12.192 秒
Jun 15 03:10:12 
Jun 15 06:10:01 
Jun 15 06:10:01 🔔宠汪汪偷好友积分与狗粮, 开始!
Jun 15 06:10:01 您的cookie选择的是用&隔开
Jun 15 06:10:01 
Jun 15 06:10:01 
Jun 15 06:10:01 ====================共有2个京东账号Cookie=========
Jun 15 06:10:01 
Jun 15 06:10:01 
Jun 15 06:10:01 🔔宠汪汪偷好友积分与狗粮, 开始!
Jun 15 06:10:01 ==================脚本执行- 北京时间(UTC+8)：6/15/2021, 6:10:01 AM=====================
Jun 15 06:10:01 
Jun 15 06:10:01 您的cookie选择的是用&隔开
Jun 15 06:10:01 
Jun 15 06:10:01 
Jun 15 06:10:01 ====================共有2个京东账号Cookie=========
Jun 15 06:10:01 
Jun 15 06:10:01 ==================脚本执行- 北京时间(UTC+8)：6/15/2021, 6:10:01 AM=====================
Jun 15 06:10:01 
Jun 15 06:10:01 
Jun 15 06:10:01 开始【京东账号1】455979050-14287437
Jun 15 06:10:01 
Jun 15 06:10:01 
Jun 15 06:10:01 开始【京东账号1】455979050-14287437
Jun 15 06:10:01 
Jun 15 06:10:01 
Jun 15 06:10:01 京东返回宠汪汪好友列表数据为空
Jun 15 06:10:01 
Jun 15 06:10:01 
Jun 15 06:10:01 ==============📣系统通知📣==============
Jun 15 06:10:01 宠汪汪偷好友积分与狗粮
Jun 15 06:10:01 【京东账号1】455979050-14287437
Jun 15 06:10:01 【领取好友积分】获得0个
Jun 15 06:10:01 【偷好友狗粮】获取0g狗粮
Jun 15 06:10:01 【给好友喂食】消耗0g狗粮,获得积分0个
Jun 15 06:10:01 
Jun 15 06:10:01 
Jun 15 06:10:01 开始【京东账号2】jd_7a84de20543eb
Jun 15 06:10:01 
Jun 15 06:10:01 
Jun 15 06:10:01 京东返回宠汪汪好友列表数据为空
Jun 15 06:10:01 
Jun 15 06:10:01 
Jun 15 06:10:01 ==============📣系统通知📣==============
Jun 15 06:10:01 宠汪汪偷好友积分与狗粮
Jun 15 06:10:01 【京东账号2】jd_7a84de20543eb
Jun 15 06:10:01 【领取好友积分】获得0个
Jun 15 06:10:01 【偷好友狗粮】获取0g狗粮
Jun 15 06:10:01 【给好友喂食】消耗0g狗粮,获得积分0个
Jun 15 06:10:01 
Jun 15 06:10:01 
Jun 15 06:10:01 🔔宠汪汪偷好友积分与狗粮, 结束! 🕛 0.535 秒
Jun 15 06:10:01 
Jun 15 06:10:02 
Jun 15 06:10:02 京东返回宠汪汪好友列表数据为空
Jun 15 06:10:02 
Jun 15 06:10:02 
Jun 15 06:10:02 ==============📣系统通知📣==============
Jun 15 06:10:02 宠汪汪偷好友积分与狗粮
Jun 15 06:10:02 【京东账号1】455979050-14287437
Jun 15 06:10:02 【领取好友积分】获得0个
Jun 15 06:10:02 【偷好友狗粮】获取0g狗粮
Jun 15 06:10:02 【给好友喂食】消耗0g狗粮,获得积分0个
Jun 15 06:10:02 
Jun 15 06:10:02 
Jun 15 06:10:02 开始【京东账号2】jd_7a84de20543eb
Jun 15 06:10:02 
Jun 15 06:10:02 
Jun 15 06:10:02 京东返回宠汪汪好友列表数据为空
Jun 15 06:10:02 
Jun 15 06:10:02 
Jun 15 06:10:02 ==============📣系统通知📣==============
Jun 15 06:10:02 宠汪汪偷好友积分与狗粮
Jun 15 06:10:02 【京东账号2】jd_7a84de20543eb
Jun 15 06:10:02 【领取好友积分】获得0个
Jun 15 06:10:02 【偷好友狗粮】获取0g狗粮
Jun 15 06:10:02 【给好友喂食】消耗0g狗粮,获得积分0个
Jun 15 06:10:02 
Jun 15 06:10:02 
Jun 15 06:10:02 🔔宠汪汪偷好友积分与狗粮, 结束! 🕛 1.255 秒
Jun 15 06:10:02 
Jun 15 09:10:00 
Jun 15 09:10:00 🔔宠汪汪偷好友积分与狗粮, 开始!
Jun 15 09:10:00 您的cookie选择的是用&隔开
Jun 15 09:10:00 
Jun 15 09:10:00 
Jun 15 09:10:00 ====================共有2个京东账号Cookie=========
Jun 15 09:10:00 
Jun 15 09:10:00 
Jun 15 09:10:00 🔔宠汪汪偷好友积分与狗粮, 开始!
Jun 15 09:10:00 您的cookie选择的是用&隔开
Jun 15 09:10:00 
Jun 15 09:10:00 
Jun 15 09:10:00 ====================共有2个京东账号Cookie=========
Jun 15 09:10:00 
Jun 15 09:10:00 ==================脚本执行- 北京时间(UTC+8)：6/15/2021, 9:10:00 AM=====================
Jun 15 09:10:00 
Jun 15 09:10:00 ==================脚本执行- 北京时间(UTC+8)：6/15/2021, 9:10:00 AM=====================
Jun 15 09:10:00 
Jun 15 09:10:00 
Jun 15 09:10:00 开始【京东账号1】455979050-14287437
Jun 15 09:10:00 
Jun 15 09:10:00 
Jun 15 09:10:00 开始【京东账号1】455979050-14287437
Jun 15 09:10:00 
Jun 15 09:10:00 $.help_feed给好友喂食获得积分：0
Jun 15 09:10:00 $.visit_friend领取好友积分：0
Jun 15 09:10:00 
Jun 15 09:10:00 京东返回宠汪汪好友列表数据为空
Jun 15 09:10:00 
Jun 15 09:10:00 
Jun 15 09:10:00 ==============📣系统通知📣==============
Jun 15 09:10:00 宠汪汪偷好友积分与狗粮
Jun 15 09:10:00 【京东账号1】455979050-14287437
Jun 15 09:10:00 【领取好友积分】获得0个
Jun 15 09:10:00 【偷好友狗粮】获取0g狗粮
Jun 15 09:10:00 【给好友喂食】消耗0g狗粮,获得积分0个
Jun 15 09:10:00 
Jun 15 09:10:00 
Jun 15 09:10:00 开始【京东账号2】jd_7a84de20543eb
Jun 15 09:10:00 
Jun 15 09:10:00 $.help_feed给好友喂食获得积分：0
Jun 15 09:10:00 $.visit_friend领取好友积分：0
Jun 15 09:10:00 
Jun 15 09:10:00 京东返回宠汪汪好友列表数据为空
Jun 15 09:10:00 
Jun 15 09:10:00 
Jun 15 09:10:00 ==============📣系统通知📣==============
Jun 15 09:10:00 宠汪汪偷好友积分与狗粮
Jun 15 09:10:00 【京东账号1】455979050-14287437
Jun 15 09:10:00 【领取好友积分】获得0个
Jun 15 09:10:00 【偷好友狗粮】获取0g狗粮
Jun 15 09:10:00 【给好友喂食】消耗0g狗粮,获得积分0个
Jun 15 09:10:00 
Jun 15 09:10:00 
Jun 15 09:10:00 开始【京东账号2】jd_7a84de20543eb
Jun 15 09:10:00 
Jun 15 09:10:01 $.help_feed给好友喂食获得积分：0
Jun 15 09:10:01 $.visit_friend领取好友积分：0
Jun 15 09:10:01 
Jun 15 09:10:01 京东返回宠汪汪好友列表数据为空
Jun 15 09:10:01 
Jun 15 09:10:01 
Jun 15 09:10:01 ==============📣系统通知📣==============
Jun 15 09:10:01 宠汪汪偷好友积分与狗粮
Jun 15 09:10:01 【京东账号2】jd_7a84de20543eb
Jun 15 09:10:01 【领取好友积分】获得0个
Jun 15 09:10:01 【偷好友狗粮】获取0g狗粮
Jun 15 09:10:01 【给好友喂食】消耗0g狗粮,获得积分0个
Jun 15 09:10:01 
Jun 15 09:10:01 
Jun 15 09:10:01 🔔宠汪汪偷好友积分与狗粮, 结束! 🕛 1.269 秒
Jun 15 09:10:01 
Jun 15 09:10:04 $.help_feed给好友喂食获得积分：0
Jun 15 09:10:04 $.visit_friend领取好友积分：0
Jun 15 09:10:04 
Jun 15 09:10:04 京东返回宠汪汪好友列表数据为空
Jun 15 09:10:04 
Jun 15 09:10:04 
Jun 15 09:10:04 ==============📣系统通知📣==============
Jun 15 09:10:04 宠汪汪偷好友积分与狗粮
Jun 15 09:10:04 【京东账号2】jd_7a84de20543eb
Jun 15 09:10:04 【领取好友积分】获得0个
Jun 15 09:10:04 【偷好友狗粮】获取0g狗粮
Jun 15 09:10:04 【给好友喂食】消耗0g狗粮,获得积分0个
Jun 15 09:10:04 
Jun 15 09:10:04 
Jun 15 09:10:04 🔔宠汪汪偷好友积分与狗粮, 结束! 🕛 4.303 秒
Jun 15 09:10:04 
Jun 15 12:10:00 
Jun 15 12:10:00 🔔宠汪汪偷好友积分与狗粮, 开始!
Jun 15 12:10:00 您的cookie选择的是用&隔开
Jun 15 12:10:00 
Jun 15 12:10:00 
Jun 15 12:10:00 ====================共有2个京东账号Cookie=========
Jun 15 12:10:00 
Jun 15 12:10:00 
Jun 15 12:10:00 🔔宠汪汪偷好友积分与狗粮, 开始!
Jun 15 12:10:00 ==================脚本执行- 北京时间(UTC+8)：6/15/2021, 12:10:00 PM=====================
Jun 15 12:10:00 
Jun 15 12:10:00 您的cookie选择的是用&隔开
Jun 15 12:10:00 
Jun 15 12:10:00 
Jun 15 12:10:00 ====================共有2个京东账号Cookie=========
Jun 15 12:10:00 
Jun 15 12:10:00 ==================脚本执行- 北京时间(UTC+8)：6/15/2021, 12:10:00 PM=====================
Jun 15 12:10:00 
Jun 15 12:10:00 
Jun 15 12:10:00 开始【京东账号1】455979050-14287437
Jun 15 12:10:00 
Jun 15 12:10:00 
Jun 15 12:10:00 开始【京东账号1】455979050-14287437
Jun 15 12:10:00 
Jun 15 12:10:00 
Jun 15 12:10:00 京东返回宠汪汪好友列表数据为空
Jun 15 12:10:00 
Jun 15 12:10:00 
Jun 15 12:10:00 ==============📣系统通知📣==============
Jun 15 12:10:00 宠汪汪偷好友积分与狗粮
Jun 15 12:10:00 【京东账号1】455979050-14287437
Jun 15 12:10:00 【领取好友积分】获得0个
Jun 15 12:10:00 【偷好友狗粮】获取0g狗粮
Jun 15 12:10:00 【给好友喂食】消耗0g狗粮,获得积分0个
Jun 15 12:10:00 
Jun 15 12:10:00 
Jun 15 12:10:00 京东返回宠汪汪好友列表数据为空
Jun 15 12:10:00 
Jun 15 12:10:00 
Jun 15 12:10:00 ==============📣系统通知📣==============
Jun 15 12:10:00 宠汪汪偷好友积分与狗粮
Jun 15 12:10:00 【京东账号1】455979050-14287437
Jun 15 12:10:00 【领取好友积分】获得0个
Jun 15 12:10:00 【偷好友狗粮】获取0g狗粮
Jun 15 12:10:00 【给好友喂食】消耗0g狗粮,获得积分0个
Jun 15 12:10:00 
Jun 15 12:10:00 
Jun 15 12:10:00 开始【京东账号2】jd_7a84de20543eb
Jun 15 12:10:00 
Jun 15 12:10:00 
Jun 15 12:10:00 开始【京东账号2】jd_7a84de20543eb
Jun 15 12:10:00 
Jun 15 12:10:00 
Jun 15 12:10:00 京东返回宠汪汪好友列表数据为空
Jun 15 12:10:00 
Jun 15 12:10:00 
Jun 15 12:10:00 ==============📣系统通知📣==============
Jun 15 12:10:00 宠汪汪偷好友积分与狗粮
Jun 15 12:10:00 【京东账号2】jd_7a84de20543eb
Jun 15 12:10:00 【领取好友积分】获得0个
Jun 15 12:10:00 【偷好友狗粮】获取0g狗粮
Jun 15 12:10:00 【给好友喂食】消耗0g狗粮,获得积分0个
Jun 15 12:10:00 
Jun 15 12:10:00 
Jun 15 12:10:00 🔔宠汪汪偷好友积分与狗粮, 结束! 🕛 0.576 秒
Jun 15 12:10:00 
Jun 15 12:10:01 
Jun 15 12:10:01 京东返回宠汪汪好友列表数据为空
Jun 15 12:10:01 
Jun 15 12:10:01 
Jun 15 12:10:01 ==============📣系统通知📣==============
Jun 15 12:10:01 宠汪汪偷好友积分与狗粮
Jun 15 12:10:01 【京东账号2】jd_7a84de20543eb
Jun 15 12:10:01 【领取好友积分】获得0个
Jun 15 12:10:01 【偷好友狗粮】获取0g狗粮
Jun 15 12:10:01 【给好友喂食】消耗0g狗粮,获得积分0个
Jun 15 12:10:01 
Jun 15 12:10:01 
Jun 15 12:10:01 🔔宠汪汪偷好友积分与狗粮, 结束! 🕛 1.117 秒
Jun 15 12:10:01 
Jun 15 15:10:00 
Jun 15 15:10:00 🔔宠汪汪偷好友积分与狗粮, 开始!
Jun 15 15:10:00 您的cookie选择的是用&隔开
Jun 15 15:10:00 
Jun 15 15:10:00 
Jun 15 15:10:00 ====================共有2个京东账号Cookie=========
Jun 15 15:10:00 
Jun 15 15:10:00 
Jun 15 15:10:00 🔔宠汪汪偷好友积分与狗粮, 开始!
Jun 15 15:10:00 您的cookie选择的是用&隔开
Jun 15 15:10:00 
Jun 15 15:10:00 
Jun 15 15:10:00 ====================共有2个京东账号Cookie=========
Jun 15 15:10:00 
Jun 15 15:10:00 ==================脚本执行- 北京时间(UTC+8)：6/15/2021, 3:10:00 PM=====================
Jun 15 15:10:00 
Jun 15 15:10:00 ==================脚本执行- 北京时间(UTC+8)：6/15/2021, 3:10:00 PM=====================
Jun 15 15:10:00 
Jun 15 15:10:00 
Jun 15 15:10:00 开始【京东账号1】455979050-14287437
Jun 15 15:10:00 
Jun 15 15:10:00 
Jun 15 15:10:00 开始【京东账号1】455979050-14287437
Jun 15 15:10:00 
Jun 15 15:10:02 $.help_feed给好友喂食获得积分：0
Jun 15 15:10:02 $.visit_friend领取好友积分：0
Jun 15 15:10:02 
Jun 15 15:10:02 京东返回宠汪汪好友列表数据为空
Jun 15 15:10:02 
Jun 15 15:10:02 
Jun 15 15:10:02 ==============📣系统通知📣==============
Jun 15 15:10:02 宠汪汪偷好友积分与狗粮
Jun 15 15:10:02 【京东账号1】455979050-14287437
Jun 15 15:10:02 【领取好友积分】获得0个
Jun 15 15:10:02 【偷好友狗粮】获取0g狗粮
Jun 15 15:10:02 【给好友喂食】消耗0g狗粮,获得积分0个
Jun 15 15:10:02 
Jun 15 15:10:02 
Jun 15 15:10:02 开始【京东账号2】jd_7a84de20543eb
Jun 15 15:10:02 
Jun 15 15:10:07 $.help_feed给好友喂食获得积分：0
Jun 15 15:10:07 $.visit_friend领取好友积分：0
Jun 15 15:10:07 
Jun 15 15:10:07 京东返回宠汪汪好友列表数据为空
Jun 15 15:10:07 
Jun 15 15:10:07 
Jun 15 15:10:07 ==============📣系统通知📣==============
Jun 15 15:10:07 宠汪汪偷好友积分与狗粮
Jun 15 15:10:07 【京东账号1】455979050-14287437
Jun 15 15:10:07 【领取好友积分】获得0个
Jun 15 15:10:07 【偷好友狗粮】获取0g狗粮
Jun 15 15:10:07 【给好友喂食】消耗0g狗粮,获得积分0个
Jun 15 15:10:07 
Jun 15 15:10:07 
Jun 15 15:10:07 开始【京东账号2】jd_7a84de20543eb
Jun 15 15:10:07 
Jun 15 15:10:07 $.help_feed给好友喂食获得积分：0
Jun 15 15:10:07 $.visit_friend领取好友积分：0
Jun 15 15:10:07 
Jun 15 15:10:07 京东返回宠汪汪好友列表数据为空
Jun 15 15:10:07 
Jun 15 15:10:07 
Jun 15 15:10:07 ==============📣系统通知📣==============
Jun 15 15:10:07 宠汪汪偷好友积分与狗粮
Jun 15 15:10:07 【京东账号2】jd_7a84de20543eb
Jun 15 15:10:07 【领取好友积分】获得0个
Jun 15 15:10:07 【偷好友狗粮】获取0g狗粮
Jun 15 15:10:07 【给好友喂食】消耗0g狗粮,获得积分0个
Jun 15 15:10:07 
Jun 15 15:10:07 
Jun 15 15:10:07 🔔宠汪汪偷好友积分与狗粮, 结束! 🕛 7.156 秒
Jun 15 15:10:07 
Jun 15 15:10:13 $.help_feed给好友喂食获得积分：0
Jun 15 15:10:13 $.visit_friend领取好友积分：0
Jun 15 15:10:13 
Jun 15 15:10:13 京东返回宠汪汪好友列表数据为空
Jun 15 15:10:13 
Jun 15 15:10:13 
Jun 15 15:10:13 ==============📣系统通知📣==============
Jun 15 15:10:13 宠汪汪偷好友积分与狗粮
Jun 15 15:10:13 【京东账号2】jd_7a84de20543eb
Jun 15 15:10:13 【领取好友积分】获得0个
Jun 15 15:10:13 【偷好友狗粮】获取0g狗粮
Jun 15 15:10:13 【给好友喂食】消耗0g狗粮,获得积分0个
Jun 15 15:10:13 
Jun 15 15:10:13 
Jun 15 15:10:13 🔔宠汪汪偷好友积分与狗粮, 结束! 🕛 12.741 秒
Jun 15 15:10:13 
