Jun 14 00:00:01 
Jun 14 00:00:01 🔔宠汪汪积分兑换奖品, 开始!
Jun 14 00:00:01 您的cookie选择的是用&隔开
Jun 14 00:00:01 
Jun 14 00:00:01 
Jun 14 00:00:01 ====================共有2个京东账号Cookie=========
Jun 14 00:00:01 
Jun 14 00:00:01 ==================脚本执行- 北京时间(UTC+8)：6/14/2021, 12:00:01 AM=====================
Jun 14 00:00:01 
Jun 14 00:00:02 
Jun 14 00:00:02 🔔宠汪汪积分兑换奖品, 开始!
Jun 14 00:00:02 您的cookie选择的是用&隔开
Jun 14 00:00:02 
Jun 14 00:00:02 
Jun 14 00:00:02 ====================共有2个京东账号Cookie=========
Jun 14 00:00:02 
Jun 14 00:00:02 ==================脚本执行- 北京时间(UTC+8)：6/14/2021, 12:00:02 AM=====================
Jun 14 00:00:02 
Jun 14 00:00:03 
Jun 14 00:00:03 *****开始【京东账号1】455979050-14287437****
Jun 14 00:00:03 
Jun 14 00:00:03 脚本开始请求时间 2021-06-14 00:00:03 | 45
Jun 14 00:00:03 
Jun 14 00:00:03 debug场次:beanConfigs0
Jun 14 00:00:03 
Jun 14 00:00:03 20京豆当前库存:19037，id：342
Jun 14 00:00:03 500京豆当前库存:0，id：343
Jun 14 00:00:03 
Jun 14 00:00:03 您设置了不兑换京豆,如需兑换京豆，请去BoxJs处设置或修改joyRewardName代码或设置环境变量 JD_JOY_REWARD_NAME
Jun 14 00:00:03 
Jun 14 00:00:03 *****开始【京东账号2】jd_7a84de20543eb****
Jun 14 00:00:03 
Jun 14 00:00:03 脚本开始请求时间 2021-06-14 00:00:03 | 494
Jun 14 00:00:03 
Jun 14 00:00:03 *****开始【京东账号1】455979050-14287437****
Jun 14 00:00:03 
Jun 14 00:00:03 脚本开始请求时间 2021-06-14 00:00:03 | 562
Jun 14 00:00:03 
Jun 14 00:00:03 debug场次:beanConfigs0
Jun 14 00:00:03 
Jun 14 00:00:03 20京豆当前库存:9640，id：336
Jun 14 00:00:03 500京豆当前库存:53，id：337
Jun 14 00:00:03 
Jun 14 00:00:03 您设置了不兑换京豆,如需兑换京豆，请去BoxJs处设置或修改joyRewardName代码或设置环境变量 JD_JOY_REWARD_NAME
Jun 14 00:00:03 
Jun 14 00:00:03 🔔宠汪汪积分兑换奖品, 结束! 🕛 2.237 秒
Jun 14 00:00:03 
Jun 14 00:00:03 
Jun 14 00:00:03 debug场次:beanConfigs0
Jun 14 00:00:03 
Jun 14 00:00:03 20京豆当前库存:18917，id：342
Jun 14 00:00:03 500京豆当前库存:0，id：343
Jun 14 00:00:03 
Jun 14 00:00:03 您设置了不兑换京豆,如需兑换京豆，请去BoxJs处设置或修改joyRewardName代码或设置环境变量 JD_JOY_REWARD_NAME
Jun 14 00:00:03 
Jun 14 00:00:03 *****开始【京东账号2】jd_7a84de20543eb****
Jun 14 00:00:03 
Jun 14 00:00:03 脚本开始请求时间 2021-06-14 00:00:03 | 769
Jun 14 00:00:03 
Jun 14 00:00:03 debug场次:beanConfigs0
Jun 14 00:00:03 
Jun 14 00:00:03 20京豆当前库存:9598，id：336
Jun 14 00:00:03 500京豆当前库存:41，id：337
Jun 14 00:00:03 
Jun 14 00:00:03 您设置了不兑换京豆,如需兑换京豆，请去BoxJs处设置或修改joyRewardName代码或设置环境变量 JD_JOY_REWARD_NAME
Jun 14 00:00:03 
Jun 14 00:00:03 🔔宠汪汪积分兑换奖品, 结束! 🕛 1.867 秒
Jun 14 00:00:03 
Jun 14 08:00:00 
Jun 14 08:00:00 🔔宠汪汪积分兑换奖品, 开始!
Jun 14 08:00:00 您的cookie选择的是用&隔开
Jun 14 08:00:00 
Jun 14 08:00:00 
Jun 14 08:00:00 ====================共有2个京东账号Cookie=========
Jun 14 08:00:00 
Jun 14 08:00:00 
Jun 14 08:00:00 🔔宠汪汪积分兑换奖品, 开始!
Jun 14 08:00:00 您的cookie选择的是用&隔开
Jun 14 08:00:00 
Jun 14 08:00:00 
Jun 14 08:00:00 ====================共有2个京东账号Cookie=========
Jun 14 08:00:00 
Jun 14 08:00:00 ==================脚本执行- 北京时间(UTC+8)：6/14/2021, 8:00:00 AM=====================
Jun 14 08:00:00 
Jun 14 08:00:00 ==================脚本执行- 北京时间(UTC+8)：6/14/2021, 8:00:00 AM=====================
Jun 14 08:00:00 
Jun 14 08:00:00 
Jun 14 08:00:00 *****开始【京东账号1】455979050-14287437****
Jun 14 08:00:00 
Jun 14 08:00:00 脚本开始请求时间 2021-06-14 08:00:00 | 511
Jun 14 08:00:00 
Jun 14 08:00:00 *****开始【京东账号1】455979050-14287437****
Jun 14 08:00:00 
Jun 14 08:00:00 脚本开始请求时间 2021-06-14 08:00:00 | 588
Jun 14 08:00:00 
Jun 14 08:00:00 debug场次:beanConfigs8
Jun 14 08:00:00 
Jun 14 08:00:00 20京豆当前库存:0，id：342
Jun 14 08:00:00 500京豆当前库存:0，id：343
Jun 14 08:00:00 
Jun 14 08:00:00 您设置了不兑换京豆,如需兑换京豆，请去BoxJs处设置或修改joyRewardName代码或设置环境变量 JD_JOY_REWARD_NAME
Jun 14 08:00:00 
Jun 14 08:00:00 debug场次:beanConfigs8
Jun 14 08:00:00 
Jun 14 08:00:00 20京豆当前库存:0，id：342
Jun 14 08:00:00 500京豆当前库存:0，id：343
Jun 14 08:00:00 
Jun 14 08:00:00 您设置了不兑换京豆,如需兑换京豆，请去BoxJs处设置或修改joyRewardName代码或设置环境变量 JD_JOY_REWARD_NAME
Jun 14 08:00:00 
Jun 14 08:00:00 *****开始【京东账号2】jd_7a84de20543eb****
Jun 14 08:00:00 
Jun 14 08:00:00 脚本开始请求时间 2021-06-14 08:00:00 | 806
Jun 14 08:00:00 
Jun 14 08:00:00 *****开始【京东账号2】jd_7a84de20543eb****
Jun 14 08:00:00 
Jun 14 08:00:00 脚本开始请求时间 2021-06-14 08:00:00 | 834
Jun 14 08:00:00 
Jun 14 08:00:00 debug场次:beanConfigs8
Jun 14 08:00:00 
Jun 14 08:00:00 20京豆当前库存:0，id：336
Jun 14 08:00:00 500京豆当前库存:0，id：337
Jun 14 08:00:00 
Jun 14 08:00:00 您设置了不兑换京豆,如需兑换京豆，请去BoxJs处设置或修改joyRewardName代码或设置环境变量 JD_JOY_REWARD_NAME
Jun 14 08:00:00 
Jun 14 08:00:00 🔔宠汪汪积分兑换奖品, 结束! 🕛 0.636 秒
Jun 14 08:00:00 
Jun 14 08:00:00 
Jun 14 08:00:00 debug场次:beanConfigs8
Jun 14 08:00:00 
Jun 14 08:00:00 20京豆当前库存:0，id：336
Jun 14 08:00:00 500京豆当前库存:0，id：337
Jun 14 08:00:00 
Jun 14 08:00:00 您设置了不兑换京豆,如需兑换京豆，请去BoxJs处设置或修改joyRewardName代码或设置环境变量 JD_JOY_REWARD_NAME
Jun 14 08:00:00 
Jun 14 08:00:00 🔔宠汪汪积分兑换奖品, 结束! 🕛 0.655 秒
Jun 14 08:00:00 
Jun 14 16:00:00 
Jun 14 16:00:00 🔔宠汪汪积分兑换奖品, 开始!
Jun 14 16:00:00 您的cookie选择的是用&隔开
Jun 14 16:00:00 
Jun 14 16:00:00 
Jun 14 16:00:00 ====================共有2个京东账号Cookie=========
Jun 14 16:00:00 
Jun 14 16:00:00 
Jun 14 16:00:00 🔔宠汪汪积分兑换奖品, 开始!
Jun 14 16:00:00 您的cookie选择的是用&隔开
Jun 14 16:00:00 
Jun 14 16:00:00 
Jun 14 16:00:00 ====================共有2个京东账号Cookie=========
Jun 14 16:00:00 
Jun 14 16:00:00 ==================脚本执行- 北京时间(UTC+8)：6/14/2021, 4:00:00 PM=====================
Jun 14 16:00:00 
Jun 14 16:00:00 ==================脚本执行- 北京时间(UTC+8)：6/14/2021, 4:00:00 PM=====================
Jun 14 16:00:00 
Jun 14 16:00:00 
Jun 14 16:00:00 *****开始【京东账号1】455979050-14287437****
Jun 14 16:00:00 
Jun 14 16:00:00 脚本开始请求时间 2021-06-14 16:00:00 | 932
Jun 14 16:00:00 
Jun 14 16:00:00 *****开始【京东账号1】455979050-14287437****
Jun 14 16:00:00 
Jun 14 16:00:00 脚本开始请求时间 2021-06-14 16:00:00 | 956
Jun 14 16:00:01 
Jun 14 16:00:01 debug场次:beanConfigs16
Jun 14 16:00:01 
Jun 14 16:00:01 20京豆当前库存:0，id：342
Jun 14 16:00:01 500京豆当前库存:0，id：343
Jun 14 16:00:01 
Jun 14 16:00:01 debug场次:beanConfigs16
Jun 14 16:00:01 
Jun 14 16:00:01 20京豆当前库存:0，id：342
Jun 14 16:00:01 500京豆当前库存:0，id：343
Jun 14 16:00:01 
Jun 14 16:00:01 您设置了不兑换京豆,如需兑换京豆，请去BoxJs处设置或修改joyRewardName代码或设置环境变量 JD_JOY_REWARD_NAME
Jun 14 16:00:01 
Jun 14 16:00:01 您设置了不兑换京豆,如需兑换京豆，请去BoxJs处设置或修改joyRewardName代码或设置环境变量 JD_JOY_REWARD_NAME
Jun 14 16:00:01 
Jun 14 16:00:01 *****开始【京东账号2】jd_7a84de20543eb****
Jun 14 16:00:01 
Jun 14 16:00:01 脚本开始请求时间 2021-06-14 16:00:01 | 326
Jun 14 16:00:01 
Jun 14 16:00:01 *****开始【京东账号2】jd_7a84de20543eb****
Jun 14 16:00:01 
Jun 14 16:00:01 脚本开始请求时间 2021-06-14 16:00:01 | 341
Jun 14 16:00:01 
Jun 14 16:00:01 debug场次:beanConfigs16
Jun 14 16:00:01 
Jun 14 16:00:01 20京豆当前库存:0，id：336
Jun 14 16:00:01 500京豆当前库存:0，id：337
Jun 14 16:00:01 
Jun 14 16:00:01 您设置了不兑换京豆,如需兑换京豆，请去BoxJs处设置或修改joyRewardName代码或设置环境变量 JD_JOY_REWARD_NAME
Jun 14 16:00:01 
Jun 14 16:00:01 🔔宠汪汪积分兑换奖品, 结束! 🕛 1.044 秒
Jun 14 16:00:01 
Jun 14 16:00:01 
Jun 14 16:00:01 debug场次:beanConfigs16
Jun 14 16:00:01 
Jun 14 16:00:01 20京豆当前库存:0，id：336
Jun 14 16:00:01 500京豆当前库存:0，id：337
Jun 14 16:00:01 
Jun 14 16:00:01 您设置了不兑换京豆,如需兑换京豆，请去BoxJs处设置或修改joyRewardName代码或设置环境变量 JD_JOY_REWARD_NAME
Jun 14 16:00:01 
Jun 14 16:00:01 🔔宠汪汪积分兑换奖品, 结束! 🕛 1.026 秒
Jun 14 16:00:01 
Jun 15 00:00:00 
Jun 15 00:00:00 🔔宠汪汪积分兑换奖品, 开始!
Jun 15 00:00:00 您的cookie选择的是用&隔开
Jun 15 00:00:00 
Jun 15 00:00:00 
Jun 15 00:00:00 ====================共有2个京东账号Cookie=========
Jun 15 00:00:00 
Jun 15 00:00:01 ==================脚本执行- 北京时间(UTC+8)：6/15/2021, 12:00:00 AM=====================
Jun 15 00:00:01 
Jun 15 00:00:01 
Jun 15 00:00:01 🔔宠汪汪积分兑换奖品, 开始!
Jun 15 00:00:01 您的cookie选择的是用&隔开
Jun 15 00:00:01 
Jun 15 00:00:01 
Jun 15 00:00:01 ====================共有2个京东账号Cookie=========
Jun 15 00:00:01 
Jun 15 00:00:02 ==================脚本执行- 北京时间(UTC+8)：6/15/2021, 12:00:01 AM=====================
Jun 15 00:00:02 
Jun 15 00:00:02 
Jun 15 00:00:02 *****开始【京东账号1】455979050-14287437****
Jun 15 00:00:02 
Jun 15 00:00:02 脚本开始请求时间 2021-06-15 00:00:02 | 530
Jun 15 00:00:03 
Jun 15 00:00:03 debug场次:beanConfigs0
Jun 15 00:00:03 
Jun 15 00:00:03 20京豆当前库存:19119，id：342
Jun 15 00:00:03 500京豆当前库存:0，id：343
Jun 15 00:00:03 
Jun 15 00:00:03 按您设置的兑换500京豆失败，原因：京豆库存不足，已抢完，请下一场再兑换
Jun 15 00:00:03 
Jun 15 00:00:03 
Jun 15 00:00:03 *****开始【京东账号1】455979050-14287437****
Jun 15 00:00:03 
Jun 15 00:00:03 脚本开始请求时间 2021-06-15 00:00:03 | 76
Jun 15 00:00:03 
Jun 15 00:00:03 *****开始【京东账号2】jd_7a84de20543eb****
Jun 15 00:00:03 
Jun 15 00:00:03 脚本开始请求时间 2021-06-15 00:00:03 | 140
Jun 15 00:00:03 
Jun 15 00:00:03 debug场次:beanConfigs0
Jun 15 00:00:03 
Jun 15 00:00:03 20京豆当前库存:9713，id：336
Jun 15 00:00:03 500京豆当前库存:68，id：337
Jun 15 00:00:03 
Jun 15 00:00:03 您设置的兑换500京豆库存充足,开始为您兑换500京豆
Jun 15 00:00:03 
Jun 15 00:00:03 脚本开始兑换500京豆时间 2021-06-15 00:00:03 | 268
Jun 15 00:00:03 兑换结果:{"errorCode":"insufficient","errorMessage":null,"currentTime":1623686403371,"data":null,"success":true}
Jun 15 00:00:03 请求兑换API后时间 2021-06-15 00:00:03 | 519
Jun 15 00:00:03 
Jun 15 00:00:03 兑换500京豆失败，原因：当前账号积分不足兑换500京豆所需的8500积分
Jun 15 00:00:03 
Jun 15 00:00:03 
Jun 15 00:00:03 🔔宠汪汪积分兑换奖品, 结束! 🕛 2.724 秒
Jun 15 00:00:03 
Jun 15 00:00:04 
Jun 15 00:00:04 debug场次:beanConfigs0
Jun 15 00:00:04 
Jun 15 00:00:04 20京豆当前库存:18531，id：342
Jun 15 00:00:04 500京豆当前库存:0，id：343
Jun 15 00:00:04 
Jun 15 00:00:04 按您设置的兑换500京豆失败，原因：京豆库存不足，已抢完，请下一场再兑换
Jun 15 00:00:04 
Jun 15 00:00:04 
Jun 15 00:00:04 *****开始【京东账号2】jd_7a84de20543eb****
Jun 15 00:00:04 
Jun 15 00:00:04 脚本开始请求时间 2021-06-15 00:00:04 | 345
Jun 15 00:00:04 
Jun 15 00:00:04 debug场次:beanConfigs0
Jun 15 00:00:04 
Jun 15 00:00:04 20京豆当前库存:9543，id：336
Jun 15 00:00:04 500京豆当前库存:22，id：337
Jun 15 00:00:04 
Jun 15 00:00:04 您设置的兑换500京豆库存充足,开始为您兑换500京豆
Jun 15 00:00:04 
Jun 15 00:00:04 脚本开始兑换500京豆时间 2021-06-15 00:00:04 | 431
Jun 15 00:00:07 兑换结果:{"errorCode":"stock_empty","errorMessage":null,"currentTime":1623686407521,"data":null,"success":true}
Jun 15 00:00:07 请求兑换API后时间 2021-06-15 00:00:07 | 551
Jun 15 00:00:07 
Jun 15 00:00:07 兑换500京豆失败，原因：当前京豆库存为空
Jun 15 00:00:07 
Jun 15 00:00:07 
Jun 15 00:00:07 🔔宠汪汪积分兑换奖品, 结束! 🕛 5.734 秒
Jun 15 00:00:07 
Jun 15 08:00:00 
Jun 15 08:00:00 🔔宠汪汪积分兑换奖品, 开始!
Jun 15 08:00:00 您的cookie选择的是用&隔开
Jun 15 08:00:00 
Jun 15 08:00:00 
Jun 15 08:00:00 ====================共有2个京东账号Cookie=========
Jun 15 08:00:00 
Jun 15 08:00:00 
Jun 15 08:00:00 🔔宠汪汪积分兑换奖品, 开始!
Jun 15 08:00:00 您的cookie选择的是用&隔开
Jun 15 08:00:00 
Jun 15 08:00:00 
Jun 15 08:00:00 ====================共有2个京东账号Cookie=========
Jun 15 08:00:00 
Jun 15 08:00:00 ==================脚本执行- 北京时间(UTC+8)：6/15/2021, 8:00:00 AM=====================
Jun 15 08:00:00 
Jun 15 08:00:00 ==================脚本执行- 北京时间(UTC+8)：6/15/2021, 8:00:00 AM=====================
Jun 15 08:00:00 
Jun 15 08:00:00 
Jun 15 08:00:00 *****开始【京东账号1】455979050-14287437****
Jun 15 08:00:00 
Jun 15 08:00:00 脚本开始请求时间 2021-06-15 08:00:00 | 459
Jun 15 08:00:00 
Jun 15 08:00:00 *****开始【京东账号1】455979050-14287437****
Jun 15 08:00:00 
Jun 15 08:00:00 脚本开始请求时间 2021-06-15 08:00:00 | 480
Jun 15 08:00:00 
Jun 15 08:00:00 debug场次:beanConfigs8
Jun 15 08:00:00 
Jun 15 08:00:00 20京豆当前库存:0，id：342
Jun 15 08:00:00 500京豆当前库存:0，id：343
Jun 15 08:00:00 
Jun 15 08:00:00 按您设置的兑换500京豆失败，原因：京豆库存不足，已抢完，请下一场再兑换
Jun 15 08:00:00 
Jun 15 08:00:00 
Jun 15 08:00:00 debug场次:beanConfigs8
Jun 15 08:00:00 
Jun 15 08:00:00 20京豆当前库存:0，id：342
Jun 15 08:00:00 500京豆当前库存:0，id：343
Jun 15 08:00:00 
Jun 15 08:00:00 按您设置的兑换500京豆失败，原因：京豆库存不足，已抢完，请下一场再兑换
Jun 15 08:00:00 
Jun 15 08:00:00 
Jun 15 08:00:00 *****开始【京东账号2】jd_7a84de20543eb****
Jun 15 08:00:00 
Jun 15 08:00:00 脚本开始请求时间 2021-06-15 08:00:00 | 672
Jun 15 08:00:00 
Jun 15 08:00:00 *****开始【京东账号2】jd_7a84de20543eb****
Jun 15 08:00:00 
Jun 15 08:00:00 脚本开始请求时间 2021-06-15 08:00:00 | 674
Jun 15 08:00:00 
Jun 15 08:00:00 debug场次:beanConfigs8
Jun 15 08:00:00 
Jun 15 08:00:00 20京豆当前库存:0，id：336
Jun 15 08:00:00 500京豆当前库存:0，id：337
Jun 15 08:00:00 
Jun 15 08:00:00 按您设置的兑换500京豆失败，原因：京豆库存不足，已抢完，请下一场再兑换
Jun 15 08:00:00 
Jun 15 08:00:00 
Jun 15 08:00:00 🔔宠汪汪积分兑换奖品, 结束! 🕛 0.54 秒
Jun 15 08:00:00 
Jun 15 08:00:00 
Jun 15 08:00:00 debug场次:beanConfigs8
Jun 15 08:00:00 
Jun 15 08:00:00 20京豆当前库存:0，id：336
Jun 15 08:00:00 500京豆当前库存:0，id：337
Jun 15 08:00:00 
Jun 15 08:00:00 按您设置的兑换500京豆失败，原因：京豆库存不足，已抢完，请下一场再兑换
Jun 15 08:00:00 
Jun 15 08:00:00 
Jun 15 08:00:00 🔔宠汪汪积分兑换奖品, 结束! 🕛 0.554 秒
Jun 15 08:00:00 
Jun 15 16:00:00 
Jun 15 16:00:00 🔔宠汪汪积分兑换奖品, 开始!
Jun 15 16:00:00 您的cookie选择的是用&隔开
Jun 15 16:00:00 
Jun 15 16:00:00 
Jun 15 16:00:00 ====================共有2个京东账号Cookie=========
Jun 15 16:00:00 
Jun 15 16:00:00 
Jun 15 16:00:00 🔔宠汪汪积分兑换奖品, 开始!
Jun 15 16:00:00 您的cookie选择的是用&隔开
Jun 15 16:00:00 
Jun 15 16:00:00 
Jun 15 16:00:00 ====================共有2个京东账号Cookie=========
Jun 15 16:00:00 
Jun 15 16:00:00 ==================脚本执行- 北京时间(UTC+8)：6/15/2021, 4:00:00 PM=====================
Jun 15 16:00:00 
Jun 15 16:00:00 ==================脚本执行- 北京时间(UTC+8)：6/15/2021, 4:00:00 PM=====================
Jun 15 16:00:00 
Jun 15 16:00:01 
Jun 15 16:00:01 *****开始【京东账号1】455979050-14287437****
Jun 15 16:00:01 
Jun 15 16:00:01 脚本开始请求时间 2021-06-15 16:00:01 | 340
Jun 15 16:00:01 
Jun 15 16:00:01 *****开始【京东账号1】455979050-14287437****
Jun 15 16:00:01 
Jun 15 16:00:01 脚本开始请求时间 2021-06-15 16:00:01 | 355
Jun 15 16:00:01 
Jun 15 16:00:01 debug场次:beanConfigs16
Jun 15 16:00:01 
Jun 15 16:00:01 20京豆当前库存:0，id：342
Jun 15 16:00:01 500京豆当前库存:0，id：343
Jun 15 16:00:01 
Jun 15 16:00:01 按您设置的兑换500京豆失败，原因：京豆库存不足，已抢完，请下一场再兑换
Jun 15 16:00:01 
Jun 15 16:00:01 
Jun 15 16:00:01 *****开始【京东账号2】jd_7a84de20543eb****
Jun 15 16:00:01 
Jun 15 16:00:01 脚本开始请求时间 2021-06-15 16:00:01 | 579
Jun 15 16:00:01 
Jun 15 16:00:01 debug场次:beanConfigs16
Jun 15 16:00:01 
Jun 15 16:00:01 20京豆当前库存:0，id：342
Jun 15 16:00:01 500京豆当前库存:0，id：343
Jun 15 16:00:01 
Jun 15 16:00:01 按您设置的兑换500京豆失败，原因：京豆库存不足，已抢完，请下一场再兑换
Jun 15 16:00:01 
Jun 15 16:00:01 
Jun 15 16:00:01 *****开始【京东账号2】jd_7a84de20543eb****
Jun 15 16:00:01 
Jun 15 16:00:01 脚本开始请求时间 2021-06-15 16:00:01 | 748
Jun 15 16:00:01 
Jun 15 16:00:01 debug场次:beanConfigs16
Jun 15 16:00:01 
Jun 15 16:00:01 20京豆当前库存:10000，id：336
Jun 15 16:00:01 500京豆当前库存:100，id：337
Jun 15 16:00:01 
Jun 15 16:00:01 您设置的兑换500京豆库存充足,开始为您兑换500京豆
Jun 15 16:00:01 
Jun 15 16:00:01 脚本开始兑换500京豆时间 2021-06-15 16:00:01 | 820
Jun 15 16:00:01 兑换结果:{"errorCode":"insufficient","errorMessage":null,"currentTime":1623744001879,"data":null,"success":true}
Jun 15 16:00:01 请求兑换API后时间 2021-06-15 16:00:01 | 964
Jun 15 16:00:01 
Jun 15 16:00:01 兑换500京豆失败，原因：当前账号积分不足兑换500京豆所需的8500积分
Jun 15 16:00:01 
Jun 15 16:00:01 
Jun 15 16:00:01 🔔宠汪汪积分兑换奖品, 结束! 🕛 1.094 秒
Jun 15 16:00:01 
Jun 15 16:00:08 
Jun 15 16:00:08 debug场次:beanConfigs16
Jun 15 16:00:08 
Jun 15 16:00:08 20京豆当前库存:9704，id：336
Jun 15 16:00:08 500京豆当前库存:0，id：337
Jun 15 16:00:08 
Jun 15 16:00:08 按您设置的兑换500京豆失败，原因：京豆库存不足，已抢完，请下一场再兑换
Jun 15 16:00:08 
Jun 15 16:00:08 
Jun 15 16:00:08 🔔宠汪汪积分兑换奖品, 结束! 🕛 7.877 秒
Jun 15 16:00:08 
