Jun 14 00:05:00 
Jun 14 00:05:00 🔔领金贴, 开始!
Jun 14 00:05:00 您的cookie选择的是用&隔开
Jun 14 00:05:00 
Jun 14 00:05:00 
Jun 14 00:05:00 ====================共有2个京东账号Cookie=========
Jun 14 00:05:00 
Jun 14 00:05:00 
Jun 14 00:05:00 🔔领金贴, 开始!
Jun 14 00:05:00 您的cookie选择的是用&隔开
Jun 14 00:05:00 
Jun 14 00:05:00 
Jun 14 00:05:00 ====================共有2个京东账号Cookie=========
Jun 14 00:05:00 
Jun 14 00:05:00 ==================脚本执行- 北京时间(UTC+8)：6/14/2021, 12:05:00 AM=====================
Jun 14 00:05:00 
Jun 14 00:05:00 ==================脚本执行- 北京时间(UTC+8)：6/14/2021, 12:05:00 AM=====================
Jun 14 00:05:00 
Jun 14 00:05:00 
Jun 14 00:05:00 ******开始【京东账号1】诺咪兔*********
Jun 14 00:05:00 
Jun 14 00:05:00 
Jun 14 00:05:00 ******开始【京东账号1】诺咪兔*********
Jun 14 00:05:00 
Jun 14 00:05:00 获取签到状态成功 今日未签到 连续签到 2 天
Jun 14 00:05:00 
Jun 14 00:05:00 获取签到状态成功 今日未签到 连续签到 2 天
Jun 14 00:05:00 
Jun 14 00:05:00 签到成功 0
Jun 14 00:05:00 互动任务获取成功
Jun 14 00:05:00 
Jun 14 00:05:00 剩余未接取任务：7
Jun 14 00:05:00 已完成任务：0
Jun 14 00:05:00 
Jun 14 00:05:00 
Jun 14 00:05:00 开始领取 【学知识，领金贴】任务
Jun 14 00:05:00 任务接取成功
Jun 14 00:05:00 签到成功 0.02
Jun 14 00:05:00 互动任务获取成功
Jun 14 00:05:00 
Jun 14 00:05:00 剩余未接取任务：6
Jun 14 00:05:00 已完成任务：0
Jun 14 00:05:00 
Jun 14 00:05:00 
Jun 14 00:05:00 开始领取 【立即去抢白条24期免息券】任务
Jun 14 00:05:01 任务接取成功
Jun 14 00:05:01 完成任务失败 状态不正确
Jun 14 00:05:01 完成任务失败 状态不正确
Jun 14 00:05:01 
Jun 14 00:05:01 开始领取 【立即去抢白条24期免息券】任务
Jun 14 00:05:01 任务接取失败 操作频繁
Jun 14 00:05:01 
Jun 14 00:05:01 开始领取 【去看看京东电器频道】任务
Jun 14 00:05:01 任务接取成功
Jun 14 00:05:01 完成任务失败 操作频繁
Jun 14 00:05:01 完成任务失败 状态不正确
Jun 14 00:05:01 
Jun 14 00:05:01 开始领取 【去看看京东电器频道】任务
Jun 14 00:05:01 任务接取失败 操作频繁
Jun 14 00:05:01 
Jun 14 00:05:01 开始领取 【参与全民开红包活动】任务
Jun 14 00:05:01 完成任务失败 操作频繁
Jun 14 00:05:01 任务接取成功
Jun 14 00:05:02 完成任务失败 状态不正确
Jun 14 00:05:02 
Jun 14 00:05:02 开始领取 【参与全民开红包活动】任务
Jun 14 00:05:02 任务接取失败 操作频繁
Jun 14 00:05:02 
Jun 14 00:05:02 开始领取 【参与摇京豆活动】任务
Jun 14 00:05:02 完成任务失败 操作频繁
Jun 14 00:05:02 任务接取成功
Jun 14 00:05:02 
Jun 14 00:05:02 开始领取 【参与一次签到】任务
Jun 14 00:05:02 任务接取成功
Jun 14 00:05:02 
Jun 14 00:05:02 开始领取 【参与摇京豆活动】任务
Jun 14 00:05:02 任务接取失败 操作频繁
Jun 14 00:05:02 
Jun 14 00:05:02 开始领取 【浏览任务中心15秒】任务
Jun 14 00:05:02 
Jun 14 00:05:02 开始领取 【参与一次签到】任务
Jun 14 00:05:02 任务接取成功
Jun 14 00:05:02 任务接取失败 操作频繁
Jun 14 00:05:02 
Jun 14 00:05:02 开始领取 【浏览任务中心15秒】任务
Jun 14 00:05:02 完成任务失败 状态不正确
Jun 14 00:05:02 任务接取失败 操作频繁
Jun 14 00:05:02 完成任务失败 操作频繁
Jun 14 00:05:03 获取当前总金贴成功
Jun 14 00:05:03 
Jun 14 00:05:03 京东账号1 诺咪兔 当前总金贴：3.57元
Jun 14 00:05:03 
Jun 14 00:05:03 ******开始【京东账号2】jd_152055zny*********
Jun 14 00:05:03 
Jun 14 00:05:03 获取当前总金贴成功
Jun 14 00:05:03 
Jun 14 00:05:03 京东账号1 诺咪兔 当前总金贴：3.57元
Jun 14 00:05:03 
Jun 14 00:05:03 ******开始【京东账号2】jd_152055zny*********
Jun 14 00:05:03 
Jun 14 00:05:03 获取签到状态失败 通用系统异常
Jun 14 00:05:03 互动任务获取成功
Jun 14 00:05:03 
Jun 14 00:05:03 剩余未接取任务：6
Jun 14 00:05:03 已完成任务：0
Jun 14 00:05:03 
Jun 14 00:05:03 
Jun 14 00:05:03 开始领取 【立即去抢白条24期免息券】任务
Jun 14 00:05:03 任务接取成功
Jun 14 00:05:03 获取签到状态失败 通用系统异常
Jun 14 00:05:03 互动任务获取成功
Jun 14 00:05:03 
Jun 14 00:05:03 剩余未接取任务：5
Jun 14 00:05:03 已完成任务：0
Jun 14 00:05:03 
Jun 14 00:05:03 
Jun 14 00:05:03 开始领取 【去看看京东电器频道】任务
Jun 14 00:05:03 完成任务失败 状态不正确
Jun 14 00:05:03 任务接取成功
Jun 14 00:05:03 完成任务失败 状态不正确
Jun 14 00:05:03 
Jun 14 00:05:03 开始领取 【去看看京东电器频道】任务
Jun 14 00:05:04 任务接取失败 操作频繁
Jun 14 00:05:04 
Jun 14 00:05:04 开始领取 【参与全民开红包活动】任务
Jun 14 00:05:04 完成任务失败 操作频繁
Jun 14 00:05:04 任务接取成功
Jun 14 00:05:04 完成任务失败 状态不正确
Jun 14 00:05:04 
Jun 14 00:05:04 开始领取 【参与全民开红包活动】任务
Jun 14 00:05:04 任务接取失败 操作频繁
Jun 14 00:05:04 
Jun 14 00:05:04 开始领取 【参与摇京豆活动】任务
Jun 14 00:05:04 完成任务失败 操作频繁
Jun 14 00:05:04 任务接取成功
Jun 14 00:05:04 
Jun 14 00:05:04 开始领取 【参与一次签到】任务
Jun 14 00:05:04 
Jun 14 00:05:04 开始领取 【参与摇京豆活动】任务
Jun 14 00:05:04 任务接取成功
Jun 14 00:05:04 任务接取失败 操作频繁
Jun 14 00:05:04 
Jun 14 00:05:04 开始领取 【浏览任务中心15秒】任务
Jun 14 00:05:04 
Jun 14 00:05:04 开始领取 【参与一次签到】任务
Jun 14 00:05:05 任务接取成功
Jun 14 00:05:05 任务接取失败 操作频繁
Jun 14 00:05:05 
Jun 14 00:05:05 开始领取 【浏览任务中心15秒】任务
Jun 14 00:05:05 完成任务失败 状态不正确
Jun 14 00:05:05 任务接取失败 操作频繁
Jun 14 00:05:05 完成任务失败 操作频繁
Jun 14 00:05:05 获取当前总金贴成功
Jun 14 00:05:05 
Jun 14 00:05:05 京东账号2 jd_152055zny 当前总金贴：0.03元
Jun 14 00:05:05 
Jun 14 00:05:05 🔔领金贴, 结束! 🕛 5.243 秒
Jun 14 00:05:05 
Jun 14 00:05:05 获取当前总金贴成功
Jun 14 00:05:05 
Jun 14 00:05:05 京东账号2 jd_152055zny 当前总金贴：0.03元
Jun 14 00:05:05 
Jun 14 00:05:05 🔔领金贴, 结束! 🕛 5.436 秒
Jun 14 00:05:05 
Jun 15 00:05:00 
Jun 15 00:05:00 🔔领金贴, 开始!
Jun 15 00:05:00 您的cookie选择的是用&隔开
Jun 15 00:05:00 
Jun 15 00:05:00 
Jun 15 00:05:00 ====================共有2个京东账号Cookie=========
Jun 15 00:05:00 
Jun 15 00:05:00 
Jun 15 00:05:00 🔔领金贴, 开始!
Jun 15 00:05:00 您的cookie选择的是用&隔开
Jun 15 00:05:00 
Jun 15 00:05:00 
Jun 15 00:05:00 ====================共有2个京东账号Cookie=========
Jun 15 00:05:00 
Jun 15 00:05:00 ==================脚本执行- 北京时间(UTC+8)：6/15/2021, 12:05:00 AM=====================
Jun 15 00:05:00 
Jun 15 00:05:00 ==================脚本执行- 北京时间(UTC+8)：6/15/2021, 12:05:00 AM=====================
Jun 15 00:05:00 
Jun 15 00:05:00 
Jun 15 00:05:00 ******开始【京东账号1】诺咪兔*********
Jun 15 00:05:00 
Jun 15 00:05:00 
Jun 15 00:05:00 ******开始【京东账号1】诺咪兔*********
Jun 15 00:05:00 
Jun 15 00:05:00 获取签到状态成功 今日未签到 连续签到 3 天
Jun 15 00:05:00 
Jun 15 00:05:00 获取签到状态成功 今日未签到 连续签到 3 天
Jun 15 00:05:00 
Jun 15 00:05:00 签到成功 0
Jun 15 00:05:00 互动任务获取成功
Jun 15 00:05:00 
Jun 15 00:05:00 剩余未接取任务：8
Jun 15 00:05:00 已完成任务：0
Jun 15 00:05:00 
Jun 15 00:05:00 
Jun 15 00:05:00 开始领取 【学知识，领金贴】任务
Jun 15 00:05:00 签到成功 0.01
Jun 15 00:05:00 任务接取成功
Jun 15 00:05:00 互动任务获取成功
Jun 15 00:05:00 
Jun 15 00:05:00 剩余未接取任务：7
Jun 15 00:05:00 已完成任务：0
Jun 15 00:05:00 
Jun 15 00:05:00 
Jun 15 00:05:00 开始领取 【立即去抢白条24期免息券】任务
Jun 15 00:05:00 任务接取成功
Jun 15 00:05:00 完成任务失败 状态不正确
Jun 15 00:05:01 完成任务失败 状态不正确
Jun 15 00:05:01 
Jun 15 00:05:01 开始领取 【立即去抢白条24期免息券】任务
Jun 15 00:05:01 任务接取失败 操作频繁
Jun 15 00:05:01 
Jun 15 00:05:01 开始领取 【浏览健康呼吸馆，抢半价呼吸机】任务
Jun 15 00:05:01 任务接取成功
Jun 15 00:05:01 完成任务失败 操作频繁
Jun 15 00:05:01 完成任务失败 状态不正确
Jun 15 00:05:01 
Jun 15 00:05:01 开始领取 【浏览健康呼吸馆，抢半价呼吸机】任务
Jun 15 00:05:01 任务接取失败 操作频繁
Jun 15 00:05:01 
Jun 15 00:05:01 开始领取 【去看看京东电器频道】任务
Jun 15 00:05:01 任务接取成功
Jun 15 00:05:01 完成任务失败 操作频繁
Jun 15 00:05:01 完成任务失败 状态不正确
Jun 15 00:05:01 
Jun 15 00:05:01 开始领取 【去看看京东电器频道】任务
Jun 15 00:05:02 任务接取失败 操作频繁
Jun 15 00:05:02 
Jun 15 00:05:02 开始领取 【参与全民开红包活动】任务
Jun 15 00:05:02 完成任务失败 操作频繁
Jun 15 00:05:02 任务接取成功
Jun 15 00:05:02 完成任务失败 状态不正确
Jun 15 00:05:02 
Jun 15 00:05:02 开始领取 【参与全民开红包活动】任务
Jun 15 00:05:02 任务接取失败 操作频繁
Jun 15 00:05:02 
Jun 15 00:05:02 开始领取 【参与摇京豆活动】任务
Jun 15 00:05:02 完成任务失败 操作频繁
Jun 15 00:05:02 任务接取成功
Jun 15 00:05:02 
Jun 15 00:05:02 开始领取 【参与一次签到】任务
Jun 15 00:05:02 任务接取成功
Jun 15 00:05:02 
Jun 15 00:05:02 开始领取 【参与摇京豆活动】任务
Jun 15 00:05:02 任务接取失败 操作频繁
Jun 15 00:05:02 
Jun 15 00:05:02 开始领取 【浏览任务中心15秒】任务
Jun 15 00:05:02 任务接取成功
Jun 15 00:05:02 
Jun 15 00:05:02 开始领取 【参与一次签到】任务
Jun 15 00:05:03 任务接取失败 操作频繁
Jun 15 00:05:03 完成任务失败 状态不正确
Jun 15 00:05:03 
Jun 15 00:05:03 开始领取 【浏览任务中心15秒】任务
Jun 15 00:05:03 任务接取失败 操作频繁
Jun 15 00:05:03 完成任务失败 操作频繁
Jun 15 00:05:03 获取当前总金贴成功
Jun 15 00:05:03 
Jun 15 00:05:03 京东账号1 诺咪兔 当前总金贴：1.9元
Jun 15 00:05:03 
Jun 15 00:05:03 ******开始【京东账号2】jd_152055zny*********
Jun 15 00:05:03 
Jun 15 00:05:03 获取当前总金贴成功
Jun 15 00:05:03 
Jun 15 00:05:03 京东账号1 诺咪兔 当前总金贴：1.9元
Jun 15 00:05:03 
Jun 15 00:05:03 ******开始【京东账号2】jd_152055zny*********
Jun 15 00:05:03 
Jun 15 00:05:03 获取签到状态失败 通用系统异常
Jun 15 00:05:03 互动任务获取成功
Jun 15 00:05:03 
Jun 15 00:05:03 剩余未接取任务：7
Jun 15 00:05:03 已完成任务：0
Jun 15 00:05:03 
Jun 15 00:05:03 
Jun 15 00:05:03 开始领取 【立即去抢白条24期免息券】任务
Jun 15 00:05:03 任务接取成功
Jun 15 00:05:04 获取签到状态失败 通用系统异常
Jun 15 00:05:04 互动任务获取成功
Jun 15 00:05:04 
Jun 15 00:05:04 剩余未接取任务：6
Jun 15 00:05:04 已完成任务：0
Jun 15 00:05:04 
Jun 15 00:05:04 
Jun 15 00:05:04 开始领取 【浏览健康呼吸馆，抢半价呼吸机】任务
Jun 15 00:05:04 完成任务失败 状态不正确
Jun 15 00:05:04 任务接取成功
Jun 15 00:05:04 完成任务失败 状态不正确
Jun 15 00:05:04 
Jun 15 00:05:04 开始领取 【浏览健康呼吸馆，抢半价呼吸机】任务
Jun 15 00:05:04 任务接取失败 操作频繁
Jun 15 00:05:04 
Jun 15 00:05:04 开始领取 【去看看京东电器频道】任务
Jun 15 00:05:04 完成任务失败 操作频繁
Jun 15 00:05:04 任务接取成功
Jun 15 00:05:04 
Jun 15 00:05:04 开始领取 【去看看京东电器频道】任务
Jun 15 00:05:04 任务接取失败 操作频繁
Jun 15 00:05:04 完成任务失败 状态不正确
Jun 15 00:05:04 完成任务失败 操作频繁
Jun 15 00:05:05 
Jun 15 00:05:05 开始领取 【参与全民开红包活动】任务
Jun 15 00:05:05 任务接取成功
Jun 15 00:05:05 
Jun 15 00:05:05 开始领取 【参与全民开红包活动】任务
Jun 15 00:05:05 任务接取失败 操作频繁
Jun 15 00:05:05 完成任务失败 状态不正确
Jun 15 00:05:05 完成任务失败 操作频繁
Jun 15 00:05:05 
Jun 15 00:05:05 开始领取 【参与摇京豆活动】任务
Jun 15 00:05:05 任务接取成功
Jun 15 00:05:05 
Jun 15 00:05:05 开始领取 【参与摇京豆活动】任务
Jun 15 00:05:05 任务接取失败 操作频繁
Jun 15 00:05:05 
Jun 15 00:05:05 开始领取 【参与一次签到】任务
Jun 15 00:05:05 
Jun 15 00:05:05 开始领取 【参与一次签到】任务
Jun 15 00:05:05 任务接取成功
Jun 15 00:05:05 任务接取失败 操作频繁
Jun 15 00:05:05 
Jun 15 00:05:05 开始领取 【浏览任务中心15秒】任务
Jun 15 00:05:05 
Jun 15 00:05:05 开始领取 【浏览任务中心15秒】任务
Jun 15 00:05:05 任务接取成功
Jun 15 00:05:05 任务接取失败 操作频繁
Jun 15 00:05:06 完成任务失败 状态不正确
Jun 15 00:05:06 完成任务失败 操作频繁
Jun 15 00:05:06 获取当前总金贴成功
Jun 15 00:05:06 
Jun 15 00:05:06 京东账号2 jd_152055zny 当前总金贴：0.24元
Jun 15 00:05:06 
Jun 15 00:05:06 🔔领金贴, 结束! 🕛 6.184 秒
Jun 15 00:05:06 
Jun 15 00:05:07 获取当前总金贴成功
Jun 15 00:05:07 
Jun 15 00:05:07 京东账号2 jd_152055zny 当前总金贴：0.24元
Jun 15 00:05:07 
Jun 15 00:05:07 🔔领金贴, 结束! 🕛 7.192 秒
Jun 15 00:05:07 
