Jun 14 12:30:01 
Jun 14 12:30:01 🔔京东直播, 开始!
Jun 14 12:30:01 
Jun 14 12:30:01Jun 14 12:30:01 您的cookie选择的是用&隔开
 🔔京东直播, 开始!
Jun 14 12:30:01 
Jun 14 12:30:01 
Jun 14 12:30:01 ====================共有2个京东账号Cookie=========
Jun 14 12:30:01 
Jun 14 12:30:01 您的cookie选择的是用&隔开
Jun 14 12:30:01 
Jun 14 12:30:01 
Jun 14 12:30:01 ====================共有2个京东账号Cookie=========
Jun 14 12:30:01 
Jun 14 12:30:01 ==================脚本执行- 北京时间(UTC+8)：6/14/2021, 12:30:01 PM=====================
Jun 14 12:30:01 
Jun 14 12:30:01 ==================脚本执行- 北京时间(UTC+8)：6/14/2021, 12:30:01 PM=====================
Jun 14 12:30:01 
Jun 14 12:30:01 
Jun 14 12:30:01 ******开始【京东账号1】455979050-14287437*********
Jun 14 12:30:01 
Jun 14 12:30:01 
Jun 14 12:30:01 ******开始【京东账号1】455979050-14287437*********
Jun 14 12:30:01 
Jun 14 12:30:01 任务领奖失败，京豆与你擦肩而过
Jun 14 12:30:01 去做分享直播间任务
Jun 14 12:30:01 任务领奖失败，京豆与你擦肩而过
Jun 14 12:30:01 去做分享直播间任务
Jun 14 12:30:01 任务领奖失败，京豆与你擦肩而过
Jun 14 12:30:01 去做浏览直播间任务
Jun 14 12:30:02 任务领奖成功，获得 1 京豆
Jun 14 12:30:02 去做浏览直播间任务
Jun 14 12:30:02 任务领奖失败，京豆与你擦肩而过
Jun 14 12:30:02 任务领奖成功，获得 1 京豆
Jun 14 12:30:02 任务领奖失败，京豆与你擦肩而过，马上进入精彩内容…
Jun 14 12:30:02 京东账号1455979050-14287437
Jun 14 12:30:02 任务领奖成功，获得 1 京豆
Jun 14 12:30:02 领奖完成，共计获得 1 京豆
Jun 14 12:30:02 
Jun 14 12:30:02 签到领奖成功，获得 1 京豆
Jun 14 12:30:02 京东账号1455979050-14287437
Jun 14 12:30:02 任务领奖成功，获得 1 京豆
Jun 14 12:30:02 任务领奖成功，获得 1 京豆
Jun 14 12:30:02 领奖完成，共计获得 2 京豆
Jun 14 12:30:02 
Jun 14 12:30:02 
Jun 14 12:30:02 ******开始【京东账号2】jd_7a84de20543eb*********
Jun 14 12:30:02 
Jun 14 12:30:02 
Jun 14 12:30:02 ******开始【京东账号2】jd_7a84de20543eb*********
Jun 14 12:30:02 
Jun 14 12:30:02 任务领奖失败，京豆与你擦肩而过
Jun 14 12:30:02 去做分享直播间任务
Jun 14 12:30:02 任务领奖失败，京豆与你擦肩而过
Jun 14 12:30:02 去做分享直播间任务
Jun 14 12:30:02 任务领奖失败，京豆与你擦肩而过
Jun 14 12:30:02 去做浏览直播间任务
Jun 14 12:30:02 任务领奖成功，获得 1 京豆
Jun 14 12:30:02 去做浏览直播间任务
Jun 14 12:30:02 任务领奖失败，京豆与你擦肩而过
Jun 14 12:30:02 任务领奖成功，获得 1 京豆
Jun 14 12:30:02 签到领奖成功，获得 1 京豆
Jun 14 12:30:02 京东账号2jd_7a84de20543eb
Jun 14 12:30:02 任务领奖成功，获得 1 京豆
Jun 14 12:30:02 任务领奖成功，获得 1 京豆
Jun 14 12:30:02 领奖完成，共计获得 2 京豆
Jun 14 12:30:02 
Jun 14 12:30:02 
Jun 14 12:30:02 🔔京东直播, 结束! 🕛 1.837 秒
Jun 14 12:30:02 
Jun 14 12:30:02 任务领奖失败，京豆与你擦肩而过，马上进入精彩内容…
Jun 14 12:30:02 京东账号2jd_7a84de20543eb
Jun 14 12:30:02 任务领奖成功，获得 1 京豆
Jun 14 12:30:02 领奖完成，共计获得 1 京豆
Jun 14 12:30:02 
Jun 14 12:30:02 
Jun 14 12:30:02 🔔京东直播, 结束! 🕛 1.854 秒
Jun 14 12:30:02 
Jun 14 12:35:00 
Jun 14 12:35:00 🔔京东直播, 开始!
Jun 14 12:35:00 您的cookie选择的是用&隔开
Jun 14 12:35:00 
Jun 14 12:35:00 
Jun 14 12:35:00 ====================共有2个京东账号Cookie=========
Jun 14 12:35:00 
Jun 14 12:35:00 
Jun 14 12:35:00 🔔京东直播, 开始!
Jun 14 12:35:00 您的cookie选择的是用&隔开
Jun 14 12:35:00 
Jun 14 12:35:00 
Jun 14 12:35:00 ====================共有2个京东账号Cookie=========
Jun 14 12:35:00 
Jun 14 12:35:00 ==================脚本执行- 北京时间(UTC+8)：6/14/2021, 12:35:00 PM=====================
Jun 14 12:35:00 
Jun 14 12:35:00 ==================脚本执行- 北京时间(UTC+8)：6/14/2021, 12:35:00 PM=====================
Jun 14 12:35:00 
Jun 14 12:35:01 
Jun 14 12:35:01 ******开始【京东账号1】455979050-14287437*********
Jun 14 12:35:01 
Jun 14 12:35:01 
Jun 14 12:35:01 ******开始【京东账号1】455979050-14287437*********
Jun 14 12:35:01 
Jun 14 12:35:01 任务领奖失败，京豆与你擦肩而过
Jun 14 12:35:01 去做分享直播间任务
Jun 14 12:35:01 任务领奖成功，获得 1 京豆
Jun 14 12:35:01 去做浏览直播间任务
Jun 14 12:35:01 任务领奖失败，京豆与你擦肩而过
Jun 14 12:35:01 去做分享直播间任务
Jun 14 12:35:01 任务领奖失败，京豆与你擦肩而过
Jun 14 12:35:01 去做浏览直播间任务
Jun 14 12:35:01 任务领奖成功，获得 1 京豆
Jun 14 12:35:01 任务领奖失败，京豆与你擦肩而过
Jun 14 12:35:01 任务领奖失败，京豆与你擦肩而过，马上进入精彩内容…
Jun 14 12:35:01 京东账号1455979050-14287437
Jun 14 12:35:01 任务领奖成功，获得 1 京豆
Jun 14 12:35:01 任务领奖成功，获得 1 京豆
Jun 14 12:35:01 领奖完成，共计获得 2 京豆
Jun 14 12:35:01 
Jun 14 12:35:01 
Jun 14 12:35:01 ******开始【京东账号2】jd_7a84de20543eb*********
Jun 14 12:35:01 
Jun 14 12:35:01 任务领奖失败，京豆与你擦肩而过，马上进入精彩内容…
Jun 14 12:35:01 京东账号1455979050-14287437
Jun 14 12:35:01 领奖完成，共计获得 0 京豆
Jun 14 12:35:01 
Jun 14 12:35:01 
Jun 14 12:35:01 ******开始【京东账号2】jd_7a84de20543eb*********
Jun 14 12:35:01 
Jun 14 12:35:02 任务领奖失败，京豆与你擦肩而过
Jun 14 12:35:02 去做分享直播间任务
Jun 14 12:35:02 任务领奖失败，京豆与你擦肩而过
Jun 14 12:35:02 去做分享直播间任务
Jun 14 12:35:02 任务领奖失败，京豆与你擦肩而过
Jun 14 12:35:02 去做浏览直播间任务
Jun 14 12:35:02 任务领奖成功，获得 1 京豆
Jun 14 12:35:02 去做浏览直播间任务
Jun 14 12:35:02 任务领奖失败，京豆与你擦肩而过
Jun 14 12:35:02 任务领奖成功，获得 1 京豆
Jun 14 12:35:02 任务领奖失败，京豆与你擦肩而过，马上进入精彩内容…
Jun 14 12:35:02 京东账号2jd_7a84de20543eb
Jun 14 12:35:02 任务领奖成功，获得 1 京豆
Jun 14 12:35:02 领奖完成，共计获得 1 京豆
Jun 14 12:35:02 
Jun 14 12:35:02 
Jun 14 12:35:02 🔔京东直播, 结束! 🕛 1.475 秒
Jun 14 12:35:02 
Jun 14 12:35:02 任务领奖失败，京豆与你擦肩而过，马上进入精彩内容…
Jun 14 12:35:02 京东账号2jd_7a84de20543eb
Jun 14 12:35:02 任务领奖成功，获得 1 京豆
Jun 14 12:35:02 领奖完成，共计获得 1 京豆
Jun 14 12:35:02 
Jun 14 12:35:02 
Jun 14 12:35:02 🔔京东直播, 结束! 🕛 1.489 秒
Jun 14 12:35:02 
Jun 14 12:40:00 
Jun 14 12:40:00 🔔京东直播, 开始!
Jun 14 12:40:00 您的cookie选择的是用&隔开
Jun 14 12:40:00 
Jun 14 12:40:00 
Jun 14 12:40:00 ====================共有2个京东账号Cookie=========
Jun 14 12:40:00 
Jun 14 12:40:00 
Jun 14 12:40:00 🔔京东直播, 开始!
Jun 14 12:40:00 您的cookie选择的是用&隔开
Jun 14 12:40:00 
Jun 14 12:40:00 
Jun 14 12:40:00 ====================共有2个京东账号Cookie=========
Jun 14 12:40:00 
Jun 14 12:40:00 ==================脚本执行- 北京时间(UTC+8)：6/14/2021, 12:40:00 PM=====================
Jun 14 12:40:00 
Jun 14 12:40:00 ==================脚本执行- 北京时间(UTC+8)：6/14/2021, 12:40:00 PM=====================
Jun 14 12:40:00 
Jun 14 12:40:01 
Jun 14 12:40:01 ******开始【京东账号1】455979050-14287437*********
Jun 14 12:40:01 
Jun 14 12:40:01 
Jun 14 12:40:01 ******开始【京东账号1】455979050-14287437*********
Jun 14 12:40:01 
Jun 14 12:40:01 任务领奖失败，京豆与你擦肩而过
Jun 14 12:40:01 去做分享直播间任务
Jun 14 12:40:01 任务领奖失败，京豆与你擦肩而过
Jun 14 12:40:01 去做分享直播间任务
Jun 14 12:40:01 任务领奖失败，京豆与你擦肩而过
Jun 14 12:40:01 去做浏览直播间任务
Jun 14 12:40:01 任务领奖失败，京豆与你擦肩而过
Jun 14 12:40:01 去做浏览直播间任务
Jun 14 12:40:01 任务领奖失败，京豆与你擦肩而过
Jun 14 12:40:01 任务领奖失败，京豆与你擦肩而过
Jun 14 12:40:01 任务领奖失败，京豆与你擦肩而过，马上进入精彩内容…
Jun 14 12:40:01 京东账号1455979050-14287437
Jun 14 12:40:01 领奖完成，共计获得 0 京豆
Jun 14 12:40:01 
Jun 14 12:40:01 
Jun 14 12:40:01 ******开始【京东账号2】jd_7a84de20543eb*********
Jun 14 12:40:01 
Jun 14 12:40:01 任务领奖失败，京豆与你擦肩而过，马上进入精彩内容…
Jun 14 12:40:01 京东账号1455979050-14287437
Jun 14 12:40:01 领奖完成，共计获得 0 京豆
Jun 14 12:40:01 
Jun 14 12:40:01 
Jun 14 12:40:01 ******开始【京东账号2】jd_7a84de20543eb*********
Jun 14 12:40:01 
Jun 14 12:40:02 任务领奖失败，京豆与你擦肩而过
Jun 14 12:40:02 去做分享直播间任务
Jun 14 12:40:02 任务领奖失败，京豆与你擦肩而过
Jun 14 12:40:02 去做分享直播间任务
Jun 14 12:40:02 任务领奖失败，京豆与你擦肩而过
Jun 14 12:40:02 去做浏览直播间任务
Jun 14 12:40:02 任务领奖失败，京豆与你擦肩而过
Jun 14 12:40:02 去做浏览直播间任务
Jun 14 12:40:02 任务领奖失败，京豆与你擦肩而过
Jun 14 12:40:02 任务领奖失败，京豆与你擦肩而过，马上进入精彩内容…
Jun 14 12:40:02 京东账号2jd_7a84de20543eb
Jun 14 12:40:02 领奖完成，共计获得 0 京豆
Jun 14 12:40:02 
Jun 14 12:40:02 
Jun 14 12:40:02 🔔京东直播, 结束! 🕛 1.397 秒
Jun 14 12:40:02 
Jun 14 12:40:02 任务领奖失败，京豆与你擦肩而过
Jun 14 12:40:02 任务领奖失败，京豆与你擦肩而过，马上进入精彩内容…
Jun 14 12:40:02 京东账号2jd_7a84de20543eb
Jun 14 12:40:02 领奖完成，共计获得 0 京豆
Jun 14 12:40:02 
Jun 14 12:40:02 
Jun 14 12:40:02 🔔京东直播, 结束! 🕛 1.43 秒
Jun 14 12:40:02 
Jun 14 12:45:00 
Jun 14 12:45:00 🔔京东直播, 开始!
Jun 14 12:45:00 您的cookie选择的是用&隔开
Jun 14 12:45:00 
Jun 14 12:45:00 
Jun 14 12:45:00 ====================共有2个京东账号Cookie=========
Jun 14 12:45:00 
Jun 14 12:45:00 
Jun 14 12:45:00 🔔京东直播, 开始!
Jun 14 12:45:01 您的cookie选择的是用&隔开
Jun 14 12:45:01 
Jun 14 12:45:01 
Jun 14 12:45:01 ====================共有2个京东账号Cookie=========
Jun 14 12:45:01 
Jun 14 12:45:01 ==================脚本执行- 北京时间(UTC+8)：6/14/2021, 12:45:00 PM=====================
Jun 14 12:45:01 
Jun 14 12:45:01 ==================脚本执行- 北京时间(UTC+8)：6/14/2021, 12:45:01 PM=====================
Jun 14 12:45:01 
Jun 14 12:45:01 
Jun 14 12:45:01 ******开始【京东账号1】455979050-14287437*********
Jun 14 12:45:01 
Jun 14 12:45:01 
Jun 14 12:45:01 ******开始【京东账号1】455979050-14287437*********
Jun 14 12:45:01 
Jun 14 12:45:01 任务领奖失败，京豆与你擦肩而过
Jun 14 12:45:01 去做分享直播间任务
Jun 14 12:45:01 任务领奖失败，京豆与你擦肩而过
Jun 14 12:45:01 去做分享直播间任务
Jun 14 12:45:01 任务领奖失败，京豆与你擦肩而过
Jun 14 12:45:01 去做浏览直播间任务
Jun 14 12:45:01 任务领奖失败，京豆与你擦肩而过
Jun 14 12:45:01 去做浏览直播间任务
Jun 14 12:45:01 任务领奖失败，京豆与你擦肩而过
Jun 14 12:45:01 任务领奖失败，京豆与你擦肩而过
Jun 14 12:45:01 任务领奖失败，京豆与你擦肩而过，马上进入精彩内容…
Jun 14 12:45:01 京东账号1455979050-14287437
Jun 14 12:45:01 领奖完成，共计获得 0 京豆
Jun 14 12:45:01 
Jun 14 12:45:01 
Jun 14 12:45:01 ******开始【京东账号2】jd_7a84de20543eb*********
Jun 14 12:45:01 
Jun 14 12:45:01 任务领奖失败，京豆与你擦肩而过，马上进入精彩内容…
Jun 14 12:45:01 京东账号1455979050-14287437
Jun 14 12:45:01 领奖完成，共计获得 0 京豆
Jun 14 12:45:01 
Jun 14 12:45:01 
Jun 14 12:45:01 ******开始【京东账号2】jd_7a84de20543eb*********
Jun 14 12:45:01 
Jun 14 12:45:02 任务领奖失败，京豆与你擦肩而过
Jun 14 12:45:02 去做分享直播间任务
Jun 14 12:45:02 任务领奖失败，京豆与你擦肩而过
Jun 14 12:45:02 去做浏览直播间任务
Jun 14 12:45:02 任务领奖失败，京豆与你擦肩而过
Jun 14 12:45:02 去做分享直播间任务
Jun 14 12:45:02 任务领奖失败，京豆与你擦肩而过
Jun 14 12:45:02 任务领奖失败，京豆与你擦肩而过，马上进入精彩内容…
Jun 14 12:45:02 京东账号2jd_7a84de20543eb
Jun 14 12:45:02 领奖完成，共计获得 0 京豆
Jun 14 12:45:02 
Jun 14 12:45:02 
Jun 14 12:45:02 🔔京东直播, 结束! 🕛 1.421 秒
Jun 14 12:45:02 
Jun 14 12:45:02 任务领奖失败，京豆与你擦肩而过
Jun 14 12:45:02 去做浏览直播间任务
Jun 14 12:45:02 任务领奖失败，京豆与你擦肩而过
Jun 14 12:45:02 任务领奖失败，京豆与你擦肩而过，马上进入精彩内容…
Jun 14 12:45:02 京东账号2jd_7a84de20543eb
Jun 14 12:45:02 领奖完成，共计获得 0 京豆
Jun 14 12:45:02 
Jun 14 12:45:02 
Jun 14 12:45:02 🔔京东直播, 结束! 🕛 1.573 秒
Jun 14 12:45:02 
Jun 14 12:50:00 
Jun 14 12:50:00 🔔京东直播, 开始!
Jun 14 12:50:00 
Jun 14 12:50:00 🔔京东直播, 开始!
Jun 14 12:50:00 您的cookie选择的是用&隔开
Jun 14 12:50:00 
Jun 14 12:50:00 
Jun 14 12:50:00 ====================共有2个京东账号Cookie=========
Jun 14 12:50:00 
Jun 14 12:50:00 您的cookie选择的是用&隔开
Jun 14 12:50:00 
Jun 14 12:50:00 
Jun 14 12:50:00 ====================共有2个京东账号Cookie=========
Jun 14 12:50:00 
Jun 14 12:50:01 ==================脚本执行- 北京时间(UTC+8)：6/14/2021, 12:50:00 PM=====================
Jun 14 12:50:01 
Jun 14 12:50:01 ==================脚本执行- 北京时间(UTC+8)：6/14/2021, 12:50:00 PM=====================
Jun 14 12:50:01 
Jun 14 12:50:01 
Jun 14 12:50:01 ******开始【京东账号1】455979050-14287437*********
Jun 14 12:50:01 
Jun 14 12:50:01 
Jun 14 12:50:01 ******开始【京东账号1】455979050-14287437*********
Jun 14 12:50:01 
Jun 14 12:50:01 任务领奖失败，京豆与你擦肩而过
Jun 14 12:50:01 去做分享直播间任务
Jun 14 12:50:01 任务领奖失败，京豆与你擦肩而过
Jun 14 12:50:01 去做分享直播间任务
Jun 14 12:50:01 任务领奖失败，京豆与你擦肩而过
Jun 14 12:50:01 去做浏览直播间任务
Jun 14 12:50:01 任务领奖失败，京豆与你擦肩而过
Jun 14 12:50:01 去做浏览直播间任务
Jun 14 12:50:01 任务领奖失败，京豆与你擦肩而过
Jun 14 12:50:01 任务领奖失败，京豆与你擦肩而过
Jun 14 12:50:01 任务领奖失败，京豆与你擦肩而过，马上进入精彩内容…
Jun 14 12:50:01 京东账号1455979050-14287437
Jun 14 12:50:01 领奖完成，共计获得 0 京豆
Jun 14 12:50:01 
Jun 14 12:50:01 任务领奖失败，京豆与你擦肩而过，马上进入精彩内容…
Jun 14 12:50:01 京东账号1455979050-14287437
Jun 14 12:50:01 领奖完成，共计获得 0 京豆
Jun 14 12:50:01 
Jun 14 12:50:01 
Jun 14 12:50:01 ******开始【京东账号2】jd_7a84de20543eb*********
Jun 14 12:50:01 
Jun 14 12:50:01 
Jun 14 12:50:01 ******开始【京东账号2】jd_7a84de20543eb*********
Jun 14 12:50:01 
Jun 14 12:50:02 任务领奖失败，京豆与你擦肩而过
Jun 14 12:50:02 去做分享直播间任务
Jun 14 12:50:02 任务领奖失败，京豆与你擦肩而过
Jun 14 12:50:02 去做分享直播间任务
Jun 14 12:50:02 任务领奖失败，京豆与你擦肩而过
Jun 14 12:50:02 去做浏览直播间任务
Jun 14 12:50:02 任务领奖失败，京豆与你擦肩而过
Jun 14 12:50:02 去做浏览直播间任务
Jun 14 12:50:02 任务领奖失败，京豆与你擦肩而过
Jun 14 12:50:02 任务领奖失败，京豆与你擦肩而过
Jun 14 12:50:02 任务领奖失败，京豆与你擦肩而过，马上进入精彩内容…
Jun 14 12:50:02 京东账号2jd_7a84de20543eb
Jun 14 12:50:02 领奖完成，共计获得 0 京豆
Jun 14 12:50:02 
Jun 14 12:50:02 
Jun 14 12:50:02 🔔京东直播, 结束! 🕛 1.534 秒
Jun 14 12:50:02 
Jun 14 12:50:02 任务领奖失败，京豆与你擦肩而过，马上进入精彩内容…
Jun 14 12:50:02 京东账号2jd_7a84de20543eb
Jun 14 12:50:02 领奖完成，共计获得 0 京豆
Jun 14 12:50:02 
Jun 14 12:50:02 
Jun 14 12:50:02 🔔京东直播, 结束! 🕛 1.551 秒
Jun 14 12:50:02 
Jun 14 23:30:00 
Jun 14 23:30:00 🔔京东直播, 开始!
Jun 14 23:30:00 您的cookie选择的是用&隔开
Jun 14 23:30:00 
Jun 14 23:30:00 
Jun 14 23:30:00 ====================共有2个京东账号Cookie=========
Jun 14 23:30:00 
Jun 14 23:30:00 
Jun 14 23:30:00 🔔京东直播, 开始!
Jun 14 23:30:00 您的cookie选择的是用&隔开
Jun 14 23:30:00 
Jun 14 23:30:00 
Jun 14 23:30:00 ====================共有2个京东账号Cookie=========
Jun 14 23:30:00 
Jun 14 23:30:00 ==================脚本执行- 北京时间(UTC+8)：6/14/2021, 11:30:00 PM=====================
Jun 14 23:30:00 
Jun 14 23:30:00 ==================脚本执行- 北京时间(UTC+8)：6/14/2021, 11:30:00 PM=====================
Jun 14 23:30:00 
Jun 14 23:30:00 
Jun 14 23:30:00 ******开始【京东账号1】455979050-14287437*********
Jun 14 23:30:00 
Jun 14 23:30:00 
Jun 14 23:30:00 ******开始【京东账号1】455979050-14287437*********
Jun 14 23:30:00 
Jun 14 23:30:01 任务领奖失败，京豆与你擦肩而过
Jun 14 23:30:01 去做分享直播间任务
Jun 14 23:30:01 任务领奖失败，京豆与你擦肩而过
Jun 14 23:30:01 去做分享直播间任务
Jun 14 23:30:01 任务领奖失败，京豆与你擦肩而过
Jun 14 23:30:01 去做浏览直播间任务
Jun 14 23:30:01 任务领奖失败，京豆与你擦肩而过
Jun 14 23:30:01 去做浏览直播间任务
Jun 14 23:30:01 任务领奖失败，京豆与你擦肩而过
Jun 14 23:30:01 任务领奖失败，京豆与你擦肩而过
Jun 14 23:30:01 任务领奖失败，京豆与你擦肩而过，马上进入精彩内容…
Jun 14 23:30:01 京东账号1455979050-14287437
Jun 14 23:30:01 领奖完成，共计获得 0 京豆
Jun 14 23:30:01 
Jun 14 23:30:01 任务领奖失败，京豆与你擦肩而过，马上进入精彩内容…
Jun 14 23:30:01 京东账号1455979050-14287437
Jun 14 23:30:01 领奖完成，共计获得 0 京豆
Jun 14 23:30:01 
Jun 14 23:30:01 
Jun 14 23:30:01 ******开始【京东账号2】jd_7a84de20543eb*********
Jun 14 23:30:01 
Jun 14 23:30:01 
Jun 14 23:30:01 ******开始【京东账号2】jd_7a84de20543eb*********
Jun 14 23:30:01 
Jun 14 23:30:01 任务领奖失败，京豆与你擦肩而过
Jun 14 23:30:01 去做分享直播间任务
Jun 14 23:30:01 任务领奖失败，京豆与你擦肩而过
Jun 14 23:30:01 去做分享直播间任务
Jun 14 23:30:01 任务领奖失败，京豆与你擦肩而过
Jun 14 23:30:01 去做浏览直播间任务
Jun 14 23:30:01 任务领奖失败，京豆与你擦肩而过
Jun 14 23:30:01 去做浏览直播间任务
Jun 14 23:30:01 任务领奖失败，京豆与你擦肩而过
Jun 14 23:30:01 任务领奖失败，京豆与你擦肩而过，马上进入精彩内容…
Jun 14 23:30:01 京东账号2jd_7a84de20543eb
Jun 14 23:30:01 领奖完成，共计获得 0 京豆
Jun 14 23:30:01 
Jun 14 23:30:01 
Jun 14 23:30:01 🔔京东直播, 结束! 🕛 1.414 秒
Jun 14 23:30:01 
Jun 14 23:30:01 任务领奖失败，京豆与你擦肩而过
Jun 14 23:30:01 任务领奖失败，京豆与你擦肩而过，马上进入精彩内容…
Jun 14 23:30:01 京东账号2jd_7a84de20543eb
Jun 14 23:30:01 领奖完成，共计获得 0 京豆
Jun 14 23:30:01 
Jun 14 23:30:01 
Jun 14 23:30:01 🔔京东直播, 结束! 🕛 1.494 秒
Jun 14 23:30:01 
Jun 14 23:35:00 
Jun 14 23:35:00 🔔京东直播, 开始!
Jun 14 23:35:00 
Jun 14 23:35:00 🔔京东直播, 开始!
Jun 14 23:35:00 您的cookie选择的是用&隔开
Jun 14 23:35:00 
Jun 14 23:35:00 
Jun 14 23:35:00 ====================共有2个京东账号Cookie=========
Jun 14 23:35:00 
Jun 14 23:35:00 您的cookie选择的是用&隔开
Jun 14 23:35:00 
Jun 14 23:35:00 
Jun 14 23:35:00 ====================共有2个京东账号Cookie=========
Jun 14 23:35:00 
Jun 14 23:35:00 ==================脚本执行- 北京时间(UTC+8)：6/14/2021, 11:35:00 PM=====================
Jun 14 23:35:00 
Jun 14 23:35:00 ==================脚本执行- 北京时间(UTC+8)：6/14/2021, 11:35:00 PM=====================
Jun 14 23:35:00 
Jun 14 23:35:00 
Jun 14 23:35:00 ******开始【京东账号1】455979050-14287437*********
Jun 14 23:35:00 
Jun 14 23:35:00 
Jun 14 23:35:00 ******开始【京东账号1】455979050-14287437*********
Jun 14 23:35:00 
Jun 14 23:35:01 任务领奖失败，京豆与你擦肩而过
Jun 14 23:35:01 去做分享直播间任务
Jun 14 23:35:01 任务领奖失败，京豆与你擦肩而过
Jun 14 23:35:01 去做分享直播间任务
Jun 14 23:35:01 任务领奖失败，京豆与你擦肩而过
Jun 14 23:35:01 去做浏览直播间任务
Jun 14 23:35:01 任务领奖失败，京豆与你擦肩而过
Jun 14 23:35:01 去做浏览直播间任务
Jun 14 23:35:01 任务领奖失败，京豆与你擦肩而过
Jun 14 23:35:01 任务领奖失败，京豆与你擦肩而过
Jun 14 23:35:01 任务领奖失败，京豆与你擦肩而过，马上进入精彩内容…
Jun 14 23:35:01 京东账号1455979050-14287437
Jun 14 23:35:01 领奖完成，共计获得 0 京豆
Jun 14 23:35:01 
Jun 14 23:35:01 任务领奖失败，京豆与你擦肩而过，马上进入精彩内容…
Jun 14 23:35:01 京东账号1455979050-14287437
Jun 14 23:35:01 领奖完成，共计获得 0 京豆
Jun 14 23:35:01 
Jun 14 23:35:01 
Jun 14 23:35:01 ******开始【京东账号2】jd_7a84de20543eb*********
Jun 14 23:35:01 
Jun 14 23:35:01 
Jun 14 23:35:01 ******开始【京东账号2】jd_7a84de20543eb*********
Jun 14 23:35:01 
Jun 14 23:35:01 任务领奖失败，京豆与你擦肩而过
Jun 14 23:35:01 去做分享直播间任务
Jun 14 23:35:01 任务领奖失败，京豆与你擦肩而过
Jun 14 23:35:01 去做分享直播间任务
Jun 14 23:35:01 任务领奖失败，京豆与你擦肩而过
Jun 14 23:35:01 去做浏览直播间任务
Jun 14 23:35:01 任务领奖失败，京豆与你擦肩而过
Jun 14 23:35:01 去做浏览直播间任务
Jun 14 23:35:01 任务领奖失败，京豆与你擦肩而过
Jun 14 23:35:01 任务领奖失败，京豆与你擦肩而过
Jun 14 23:35:01 任务领奖失败，京豆与你擦肩而过，马上进入精彩内容…
Jun 14 23:35:01 京东账号2jd_7a84de20543eb
Jun 14 23:35:01 领奖完成，共计获得 0 京豆
Jun 14 23:35:01 
Jun 14 23:35:01 
Jun 14 23:35:01 🔔京东直播, 结束! 🕛 1.399 秒
Jun 14 23:35:01 
Jun 14 23:35:01 任务领奖失败，京豆与你擦肩而过，马上进入精彩内容…
Jun 14 23:35:01 京东账号2jd_7a84de20543eb
Jun 14 23:35:01 领奖完成，共计获得 0 京豆
Jun 14 23:35:01 
Jun 14 23:35:01 
Jun 14 23:35:01 🔔京东直播, 结束! 🕛 1.439 秒
Jun 14 23:35:01 
Jun 14 23:40:00Jun 14 23:40:00 
 
Jun 14 23:40:00Jun 14 23:40:00 🔔京东直播, 开始!
 🔔京东直播, 开始!
Jun 14 23:40:00 您的cookie选择的是用&隔开
Jun 14 23:40:00 
Jun 14 23:40:00 
Jun 14 23:40:00 ====================共有2个京东账号Cookie=========
Jun 14 23:40:00 
Jun 14 23:40:00 您的cookie选择的是用&隔开
Jun 14 23:40:00 
Jun 14 23:40:00 
Jun 14 23:40:00 ====================共有2个京东账号Cookie=========
Jun 14 23:40:00 
Jun 14 23:40:00Jun 14 23:40:00 ==================脚本执行- 北京时间(UTC+8)：6/14/2021, 11:40:00 PM=====================
 ==================脚本执行- 北京时间(UTC+8)：6/14/2021, 11:40:00 PM=====================
Jun 14 23:40:00Jun 14 23:40:00 
 
Jun 14 23:40:00 
Jun 14 23:40:00 ******开始【京东账号1】455979050-14287437*********
Jun 14 23:40:00 
Jun 14 23:40:00 
Jun 14 23:40:00 ******开始【京东账号1】455979050-14287437*********
Jun 14 23:40:00 
Jun 14 23:40:00 任务领奖失败，京豆与你擦肩而过
Jun 14 23:40:00 去做分享直播间任务
Jun 14 23:40:01 任务领奖失败，京豆与你擦肩而过
Jun 14 23:40:01 去做浏览直播间任务
Jun 14 23:40:01 任务领奖失败，京豆与你擦肩而过
Jun 14 23:40:01 去做分享直播间任务
Jun 14 23:40:01 任务领奖失败，京豆与你擦肩而过
Jun 14 23:40:01 任务领奖失败，京豆与你擦肩而过
Jun 14 23:40:01 去做浏览直播间任务
Jun 14 23:40:01 任务领奖失败，京豆与你擦肩而过，马上进入精彩内容…
Jun 14 23:40:01 京东账号1455979050-14287437
Jun 14 23:40:01 领奖完成，共计获得 0 京豆
Jun 14 23:40:01 
Jun 14 23:40:01 
Jun 14 23:40:01 ******开始【京东账号2】jd_7a84de20543eb*********
Jun 14 23:40:01 
Jun 14 23:40:01 任务领奖失败，京豆与你擦肩而过
Jun 14 23:40:01 任务领奖失败，京豆与你擦肩而过，马上进入精彩内容…
Jun 14 23:40:01 京东账号1455979050-14287437
Jun 14 23:40:01 领奖完成，共计获得 0 京豆
Jun 14 23:40:01 
Jun 14 23:40:01 
Jun 14 23:40:01 ******开始【京东账号2】jd_7a84de20543eb*********
Jun 14 23:40:01 
Jun 14 23:40:01 任务领奖失败，京豆与你擦肩而过
Jun 14 23:40:01 去做分享直播间任务
Jun 14 23:40:01 任务领奖失败，京豆与你擦肩而过
Jun 14 23:40:01 去做浏览直播间任务
Jun 14 23:40:01 任务领奖失败，京豆与你擦肩而过
Jun 14 23:40:01 去做分享直播间任务
Jun 14 23:40:01 任务领奖失败，京豆与你擦肩而过
Jun 14 23:40:01 任务领奖失败，京豆与你擦肩而过
Jun 14 23:40:01 去做浏览直播间任务
Jun 14 23:40:01 任务领奖失败，京豆与你擦肩而过，马上进入精彩内容…
Jun 14 23:40:01 京东账号2jd_7a84de20543eb
Jun 14 23:40:01 领奖完成，共计获得 0 京豆
Jun 14 23:40:01 
Jun 14 23:40:01 
Jun 14 23:40:01 🔔京东直播, 结束! 🕛 1.218 秒
Jun 14 23:40:01 
Jun 14 23:40:01 任务领奖失败，京豆与你擦肩而过
Jun 14 23:40:01 任务领奖失败，京豆与你擦肩而过，马上进入精彩内容…
Jun 14 23:40:01 京东账号2jd_7a84de20543eb
Jun 14 23:40:01 领奖完成，共计获得 0 京豆
Jun 14 23:40:01 
Jun 14 23:40:01 
Jun 14 23:40:01 🔔京东直播, 结束! 🕛 1.305 秒
Jun 14 23:40:01 
Jun 14 23:45:00 
Jun 14 23:45:00 🔔京东直播, 开始!
Jun 14 23:45:00 
Jun 14 23:45:00 🔔京东直播, 开始!
Jun 14 23:45:00 您的cookie选择的是用&隔开
Jun 14 23:45:00 
Jun 14 23:45:00 
Jun 14 23:45:00 ====================共有2个京东账号Cookie=========
Jun 14 23:45:00 
Jun 14 23:45:00 您的cookie选择的是用&隔开
Jun 14 23:45:00 
Jun 14 23:45:00 
Jun 14 23:45:00 ====================共有2个京东账号Cookie=========
Jun 14 23:45:00 
Jun 14 23:45:00 ==================脚本执行- 北京时间(UTC+8)：6/14/2021, 11:45:00 PM=====================
Jun 14 23:45:00 
Jun 14 23:45:00 ==================脚本执行- 北京时间(UTC+8)：6/14/2021, 11:45:00 PM=====================
Jun 14 23:45:00 
Jun 14 23:45:00 
Jun 14 23:45:00 ******开始【京东账号1】455979050-14287437*********
Jun 14 23:45:00 
Jun 14 23:45:00 
Jun 14 23:45:00 ******开始【京东账号1】455979050-14287437*********
Jun 14 23:45:00 
Jun 14 23:45:01 任务领奖失败，京豆与你擦肩而过
Jun 14 23:45:01 去做分享直播间任务
Jun 14 23:45:01 任务领奖失败，京豆与你擦肩而过
Jun 14 23:45:01 去做分享直播间任务
Jun 14 23:45:01 任务领奖失败，京豆与你擦肩而过
Jun 14 23:45:01 去做浏览直播间任务
Jun 14 23:45:01 任务领奖失败，京豆与你擦肩而过
Jun 14 23:45:01 去做浏览直播间任务
Jun 14 23:45:01 任务领奖失败，京豆与你擦肩而过
Jun 14 23:45:01 任务领奖失败，京豆与你擦肩而过，马上进入精彩内容…
Jun 14 23:45:01 京东账号1455979050-14287437
Jun 14 23:45:01 领奖完成，共计获得 0 京豆
Jun 14 23:45:01 
Jun 14 23:45:01 任务领奖失败，京豆与你擦肩而过
Jun 14 23:45:01 
Jun 14 23:45:01 ******开始【京东账号2】jd_7a84de20543eb*********
Jun 14 23:45:01 
Jun 14 23:45:01 任务领奖失败，京豆与你擦肩而过，马上进入精彩内容…
Jun 14 23:45:01 京东账号1455979050-14287437
Jun 14 23:45:01 领奖完成，共计获得 0 京豆
Jun 14 23:45:01 
Jun 14 23:45:01 
Jun 14 23:45:01 ******开始【京东账号2】jd_7a84de20543eb*********
Jun 14 23:45:01 
Jun 14 23:45:01 任务领奖失败，京豆与你擦肩而过
Jun 14 23:45:01 去做分享直播间任务
Jun 14 23:45:01 任务领奖失败，京豆与你擦肩而过
Jun 14 23:45:01 去做浏览直播间任务
Jun 14 23:45:01 任务领奖失败，京豆与你擦肩而过
Jun 14 23:45:01 任务领奖失败，京豆与你擦肩而过
Jun 14 23:45:01 去做分享直播间任务
Jun 14 23:45:02 任务领奖失败，京豆与你擦肩而过，马上进入精彩内容…
Jun 14 23:45:02 京东账号2jd_7a84de20543eb
Jun 14 23:45:02 领奖完成，共计获得 0 京豆
Jun 14 23:45:02 
Jun 14 23:45:02 
Jun 14 23:45:02 🔔京东直播, 结束! 🕛 1.444 秒
Jun 14 23:45:02 
Jun 14 23:45:02 任务领奖失败，京豆与你擦肩而过
Jun 14 23:45:02 去做浏览直播间任务
Jun 14 23:45:02 任务领奖失败，京豆与你擦肩而过
Jun 14 23:45:02 任务领奖失败，京豆与你擦肩而过，马上进入精彩内容…
Jun 14 23:45:02 京东账号2jd_7a84de20543eb
Jun 14 23:45:02 领奖完成，共计获得 0 京豆
Jun 14 23:45:02 
Jun 14 23:45:02 
Jun 14 23:45:02 🔔京东直播, 结束! 🕛 1.586 秒
Jun 14 23:45:02 
Jun 14 23:50:00 
Jun 14 23:50:00 🔔京东直播, 开始!
Jun 14 23:50:00 
Jun 14 23:50:00 🔔京东直播, 开始!
Jun 14 23:50:00 您的cookie选择的是用&隔开
Jun 14 23:50:00 
Jun 14 23:50:00 
Jun 14 23:50:00 ====================共有2个京东账号Cookie=========
Jun 14 23:50:00 
Jun 14 23:50:00 您的cookie选择的是用&隔开
Jun 14 23:50:00 
Jun 14 23:50:00 
Jun 14 23:50:00 ====================共有2个京东账号Cookie=========
Jun 14 23:50:00 
Jun 14 23:50:00 ==================脚本执行- 北京时间(UTC+8)：6/14/2021, 11:50:00 PM=====================
Jun 14 23:50:00 
Jun 14 23:50:00 ==================脚本执行- 北京时间(UTC+8)：6/14/2021, 11:50:00 PM=====================
Jun 14 23:50:00 
Jun 14 23:50:00 
Jun 14 23:50:00 ******开始【京东账号1】455979050-14287437*********
Jun 14 23:50:00 
Jun 14 23:50:00 
Jun 14 23:50:00 ******开始【京东账号1】455979050-14287437*********
Jun 14 23:50:00 
Jun 14 23:50:01 任务领奖失败，京豆与你擦肩而过
Jun 14 23:50:01 去做分享直播间任务
Jun 14 23:50:01 任务领奖失败，京豆与你擦肩而过
Jun 14 23:50:01 去做分享直播间任务
Jun 14 23:50:01 任务领奖失败，京豆与你擦肩而过
Jun 14 23:50:01 去做浏览直播间任务
Jun 14 23:50:01 任务领奖失败，京豆与你擦肩而过
Jun 14 23:50:01 去做浏览直播间任务
Jun 14 23:50:01 任务领奖失败，京豆与你擦肩而过
Jun 14 23:50:01 任务领奖失败，京豆与你擦肩而过
Jun 14 23:50:01 任务领奖失败，京豆与你擦肩而过，马上进入精彩内容…
Jun 14 23:50:01 京东账号1455979050-14287437
Jun 14 23:50:01 领奖完成，共计获得 0 京豆
Jun 14 23:50:01 
Jun 14 23:50:01 任务领奖失败，京豆与你擦肩而过，马上进入精彩内容…
Jun 14 23:50:01 京东账号1455979050-14287437
Jun 14 23:50:01 领奖完成，共计获得 0 京豆
Jun 14 23:50:01 
Jun 14 23:50:01 
Jun 14 23:50:01 ******开始【京东账号2】jd_7a84de20543eb*********
Jun 14 23:50:01 
Jun 14 23:50:01 
Jun 14 23:50:01 ******开始【京东账号2】jd_7a84de20543eb*********
Jun 14 23:50:01 
Jun 14 23:50:01 任务领奖失败，京豆与你擦肩而过
Jun 14 23:50:01 去做分享直播间任务
Jun 14 23:50:01 任务领奖失败，京豆与你擦肩而过
Jun 14 23:50:01 去做分享直播间任务
Jun 14 23:50:01 任务领奖失败，京豆与你擦肩而过
Jun 14 23:50:01 去做浏览直播间任务
Jun 14 23:50:01 任务领奖失败，京豆与你擦肩而过
Jun 14 23:50:01 去做浏览直播间任务
Jun 14 23:50:01 任务领奖失败，京豆与你擦肩而过
Jun 14 23:50:02 任务领奖失败，京豆与你擦肩而过，马上进入精彩内容…
Jun 14 23:50:02 京东账号2jd_7a84de20543eb
Jun 14 23:50:02 领奖完成，共计获得 0 京豆
Jun 14 23:50:02 
Jun 14 23:50:02 
Jun 14 23:50:02 🔔京东直播, 结束! 🕛 1.504 秒
Jun 14 23:50:02 
Jun 14 23:50:02 任务领奖失败，京豆与你擦肩而过
Jun 14 23:50:02 任务领奖失败，京豆与你擦肩而过，马上进入精彩内容…
Jun 14 23:50:02 京东账号2jd_7a84de20543eb
Jun 14 23:50:02 领奖完成，共计获得 0 京豆
Jun 14 23:50:02 
Jun 14 23:50:02 
Jun 14 23:50:02 🔔京东直播, 结束! 🕛 1.569 秒
Jun 14 23:50:02 
Jun 15 12:30:00 
Jun 15 12:30:00 🔔京东直播, 开始!
Jun 15 12:30:00 您的cookie选择的是用&隔开
Jun 15 12:30:00 
Jun 15 12:30:00 
Jun 15 12:30:00 ====================共有2个京东账号Cookie=========
Jun 15 12:30:00 
Jun 15 12:30:00 ==================脚本执行- 北京时间(UTC+8)：6/15/2021, 12:30:00 PM=====================
Jun 15 12:30:00 
Jun 15 12:30:00 
Jun 15 12:30:00 🔔京东直播, 开始!
Jun 15 12:30:00 您的cookie选择的是用&隔开
Jun 15 12:30:00 
Jun 15 12:30:00 
Jun 15 12:30:00 ====================共有2个京东账号Cookie=========
Jun 15 12:30:00 
Jun 15 12:30:00 ==================脚本执行- 北京时间(UTC+8)：6/15/2021, 12:30:00 PM=====================
Jun 15 12:30:00 
Jun 15 12:30:00 
Jun 15 12:30:00 ******开始【京东账号1】455979050-14287437*********
Jun 15 12:30:00 
Jun 15 12:30:00 
Jun 15 12:30:00 ******开始【京东账号1】455979050-14287437*********
Jun 15 12:30:00 
Jun 15 12:30:00 任务领奖失败，京豆与你擦肩而过
Jun 15 12:30:00 去做分享直播间任务
Jun 15 12:30:00 任务领奖成功，获得 1 京豆
Jun 15 12:30:00 去做浏览直播间任务
Jun 15 12:30:00 任务领奖失败，京豆与你擦肩而过
Jun 15 12:30:00 去做分享直播间任务
Jun 15 12:30:01 任务领奖成功，获得 1 京豆
Jun 15 12:30:01 任务领奖成功，获得 1 京豆
Jun 15 12:30:01 去做浏览直播间任务
Jun 15 12:30:01 任务领奖成功，获得 1 京豆
Jun 15 12:30:01 签到领奖成功，获得 1 京豆
Jun 15 12:30:01 京东账号1455979050-14287437
Jun 15 12:30:01 任务领奖成功，获得 1 京豆
Jun 15 12:30:01 任务领奖成功，获得 1 京豆
Jun 15 12:30:01 任务领奖成功，获得 1 京豆
Jun 15 12:30:01 领奖完成，共计获得 3 京豆
Jun 15 12:30:01 
Jun 15 12:30:01 任务领奖失败，京豆与你擦肩而过，马上进入精彩内容…
Jun 15 12:30:01 京东账号1455979050-14287437
Jun 15 12:30:01 任务领奖成功，获得 1 京豆
Jun 15 12:30:01 任务领奖成功，获得 1 京豆
Jun 15 12:30:01 领奖完成，共计获得 2 京豆
Jun 15 12:30:01 
Jun 15 12:30:01 
Jun 15 12:30:01 ******开始【京东账号2】jd_7a84de20543eb*********
Jun 15 12:30:01 
Jun 15 12:30:01 
Jun 15 12:30:01 ******开始【京东账号2】jd_7a84de20543eb*********
Jun 15 12:30:01 
Jun 15 12:30:01 任务领奖失败，京豆与你擦肩而过
Jun 15 12:30:01 去做分享直播间任务
Jun 15 12:30:01 任务领奖失败，京豆与你擦肩而过
Jun 15 12:30:01 去做分享直播间任务
Jun 15 12:30:01 任务领奖成功，获得 1 京豆
Jun 15 12:30:01 去做浏览直播间任务
Jun 15 12:30:01 任务领奖成功，获得 1 京豆
Jun 15 12:30:01 去做浏览直播间任务
Jun 15 12:30:01 任务领奖失败，京豆与你擦肩而过
Jun 15 12:30:01 任务领奖成功，获得 1 京豆
Jun 15 12:30:01 签到领奖成功，获得 3 京豆
Jun 15 12:30:01 京东账号2jd_7a84de20543eb
Jun 15 12:30:01 任务领奖成功，获得 1 京豆
Jun 15 12:30:01 任务领奖成功，获得 3 京豆
Jun 15 12:30:01 领奖完成，共计获得 4 京豆
Jun 15 12:30:01 
Jun 15 12:30:01 
Jun 15 12:30:01 🔔京东直播, 结束! 🕛 1.662 秒
Jun 15 12:30:01 
Jun 15 12:30:01 任务领奖失败，京豆与你擦肩而过，马上进入精彩内容…
Jun 15 12:30:01 京东账号2jd_7a84de20543eb
Jun 15 12:30:01 任务领奖成功，获得 1 京豆
Jun 15 12:30:01 任务领奖成功，获得 1 京豆
Jun 15 12:30:01 领奖完成，共计获得 2 京豆
Jun 15 12:30:01 
Jun 15 12:30:01 
Jun 15 12:30:01 🔔京东直播, 结束! 🕛 1.751 秒
Jun 15 12:30:01 
Jun 15 12:35:00 
Jun 15 12:35:00 🔔京东直播, 开始!
Jun 15 12:35:00 您的cookie选择的是用&隔开
Jun 15 12:35:00 
Jun 15 12:35:00 
Jun 15 12:35:00 ====================共有2个京东账号Cookie=========
Jun 15 12:35:00 
Jun 15 12:35:00 
Jun 15 12:35:00 🔔京东直播, 开始!
Jun 15 12:35:00 您的cookie选择的是用&隔开
Jun 15 12:35:00 
Jun 15 12:35:00 
Jun 15 12:35:00 ====================共有2个京东账号Cookie=========
Jun 15 12:35:00 
Jun 15 12:35:00 ==================脚本执行- 北京时间(UTC+8)：6/15/2021, 12:35:00 PM=====================
Jun 15 12:35:00 
Jun 15 12:35:00 ==================脚本执行- 北京时间(UTC+8)：6/15/2021, 12:35:00 PM=====================
Jun 15 12:35:00 
Jun 15 12:35:00 
Jun 15 12:35:00 ******开始【京东账号1】455979050-14287437*********
Jun 15 12:35:00 
Jun 15 12:35:00 
Jun 15 12:35:00 ******开始【京东账号1】455979050-14287437*********
Jun 15 12:35:00 
Jun 15 12:35:00 任务领奖失败，京豆与你擦肩而过
Jun 15 12:35:00 去做分享直播间任务
Jun 15 12:35:00 任务领奖失败，京豆与你擦肩而过
Jun 15 12:35:00 去做浏览直播间任务
Jun 15 12:35:00 任务领奖失败，京豆与你擦肩而过
Jun 15 12:35:00 去做分享直播间任务
Jun 15 12:35:00 任务领奖失败，京豆与你擦肩而过
Jun 15 12:35:00 任务领奖失败，京豆与你擦肩而过
Jun 15 12:35:00 去做浏览直播间任务
Jun 15 12:35:01 任务领奖失败，京豆与你擦肩而过，马上进入精彩内容…
Jun 15 12:35:01 京东账号1455979050-14287437
Jun 15 12:35:01 领奖完成，共计获得 0 京豆
Jun 15 12:35:01 
Jun 15 12:35:01 
Jun 15 12:35:01 ******开始【京东账号2】jd_7a84de20543eb*********
Jun 15 12:35:01 
Jun 15 12:35:01 任务领奖失败，京豆与你擦肩而过
Jun 15 12:35:01 任务领奖失败，京豆与你擦肩而过，马上进入精彩内容…
Jun 15 12:35:01 京东账号1455979050-14287437
Jun 15 12:35:01 领奖完成，共计获得 0 京豆
Jun 15 12:35:01 
Jun 15 12:35:01 
Jun 15 12:35:01 ******开始【京东账号2】jd_7a84de20543eb*********
Jun 15 12:35:01 
Jun 15 12:35:01 任务领奖失败，京豆与你擦肩而过
Jun 15 12:35:01 去做分享直播间任务
Jun 15 12:35:01 任务领奖失败，京豆与你擦肩而过
Jun 15 12:35:01 去做浏览直播间任务
Jun 15 12:35:01 任务领奖成功，获得 1 京豆
Jun 15 12:35:01 任务领奖失败，京豆与你擦肩而过
Jun 15 12:35:01 去做分享直播间任务
Jun 15 12:35:01 任务领奖失败，京豆与你擦肩而过，马上进入精彩内容…
Jun 15 12:35:01 京东账号2jd_7a84de20543eb
Jun 15 12:35:01 任务领奖成功，获得 1 京豆
Jun 15 12:35:01 领奖完成，共计获得 1 京豆
Jun 15 12:35:01 
Jun 15 12:35:01 
Jun 15 12:35:01 🔔京东直播, 结束! 🕛 1.356 秒
Jun 15 12:35:01 
Jun 15 12:35:01 任务领奖失败，京豆与你擦肩而过
Jun 15 12:35:01 去做浏览直播间任务
Jun 15 12:35:01 任务领奖失败，京豆与你擦肩而过
Jun 15 12:35:01 任务领奖失败，京豆与你擦肩而过，马上进入精彩内容…
Jun 15 12:35:01 京东账号2jd_7a84de20543eb
Jun 15 12:35:01 领奖完成，共计获得 0 京豆
Jun 15 12:35:01 
Jun 15 12:35:01 
Jun 15 12:35:01 🔔京东直播, 结束! 🕛 1.541 秒
Jun 15 12:35:01 
Jun 15 12:40:00 
Jun 15 12:40:00 🔔京东直播, 开始!
Jun 15 12:40:00 
Jun 15 12:40:00 🔔京东直播, 开始!
Jun 15 12:40:00 您的cookie选择的是用&隔开
Jun 15 12:40:00 
Jun 15 12:40:00 
Jun 15 12:40:00 ====================共有2个京东账号Cookie=========
Jun 15 12:40:00 
Jun 15 12:40:00 您的cookie选择的是用&隔开
Jun 15 12:40:00 
Jun 15 12:40:00 
Jun 15 12:40:00 ====================共有2个京东账号Cookie=========
Jun 15 12:40:00 
Jun 15 12:40:00 ==================脚本执行- 北京时间(UTC+8)：6/15/2021, 12:40:00 PM=====================
Jun 15 12:40:00 
Jun 15 12:40:00 ==================脚本执行- 北京时间(UTC+8)：6/15/2021, 12:40:00 PM=====================
Jun 15 12:40:00 
Jun 15 12:40:00 
Jun 15 12:40:00 ******开始【京东账号1】455979050-14287437*********
Jun 15 12:40:00 
Jun 15 12:40:00 
Jun 15 12:40:00 ******开始【京东账号1】455979050-14287437*********
Jun 15 12:40:00 
Jun 15 12:40:00 任务领奖失败，京豆与你擦肩而过
Jun 15 12:40:00 去做分享直播间任务
Jun 15 12:40:00 任务领奖失败，京豆与你擦肩而过
Jun 15 12:40:00 去做分享直播间任务
Jun 15 12:40:00 任务领奖失败，京豆与你擦肩而过
Jun 15 12:40:00 去做浏览直播间任务
Jun 15 12:40:00 任务领奖失败，京豆与你擦肩而过
Jun 15 12:40:00 去做浏览直播间任务
Jun 15 12:40:00 任务领奖失败，京豆与你擦肩而过
Jun 15 12:40:00 任务领奖失败，京豆与你擦肩而过
Jun 15 12:40:01 任务领奖失败，京豆与你擦肩而过，马上进入精彩内容…
Jun 15 12:40:01 京东账号1455979050-14287437
Jun 15 12:40:01 领奖完成，共计获得 0 京豆
Jun 15 12:40:01 
Jun 15 12:40:01 任务领奖失败，京豆与你擦肩而过，马上进入精彩内容…
Jun 15 12:40:01 京东账号1455979050-14287437
Jun 15 12:40:01 领奖完成，共计获得 0 京豆
Jun 15 12:40:01 
Jun 15 12:40:01 
Jun 15 12:40:01 ******开始【京东账号2】jd_7a84de20543eb*********
Jun 15 12:40:01 
Jun 15 12:40:01 
Jun 15 12:40:01 ******开始【京东账号2】jd_7a84de20543eb*********
Jun 15 12:40:01 
Jun 15 12:40:01 任务领奖失败，京豆与你擦肩而过
Jun 15 12:40:01 去做分享直播间任务
Jun 15 12:40:01 任务领奖失败，京豆与你擦肩而过
Jun 15 12:40:01 去做分享直播间任务
Jun 15 12:40:01 任务领奖失败，京豆与你擦肩而过
Jun 15 12:40:01 去做浏览直播间任务
Jun 15 12:40:01 任务领奖失败，京豆与你擦肩而过
Jun 15 12:40:01 去做浏览直播间任务
Jun 15 12:40:01 任务领奖失败，京豆与你擦肩而过
Jun 15 12:40:01 任务领奖失败，京豆与你擦肩而过，马上进入精彩内容…
Jun 15 12:40:01 京东账号2jd_7a84de20543eb
Jun 15 12:40:01 领奖完成，共计获得 0 京豆
Jun 15 12:40:01 
Jun 15 12:40:01 
Jun 15 12:40:01 🔔京东直播, 结束! 🕛 1.428 秒
Jun 15 12:40:01 
Jun 15 12:40:01 任务领奖失败，京豆与你擦肩而过
Jun 15 12:40:01 任务领奖失败，京豆与你擦肩而过，马上进入精彩内容…
Jun 15 12:40:01 京东账号2jd_7a84de20543eb
Jun 15 12:40:01 领奖完成，共计获得 0 京豆
Jun 15 12:40:01 
Jun 15 12:40:01 
Jun 15 12:40:01 🔔京东直播, 结束! 🕛 1.489 秒
Jun 15 12:40:01 
Jun 15 12:45:00 
Jun 15 12:45:00 🔔京东直播, 开始!
Jun 15 12:45:00 您的cookie选择的是用&隔开
Jun 15 12:45:00 
Jun 15 12:45:00 
Jun 15 12:45:00 ====================共有2个京东账号Cookie=========
Jun 15 12:45:00 
Jun 15 12:45:00 
Jun 15 12:45:00 🔔京东直播, 开始!
Jun 15 12:45:00 您的cookie选择的是用&隔开
Jun 15 12:45:00 
Jun 15 12:45:00 
Jun 15 12:45:00 ====================共有2个京东账号Cookie=========
Jun 15 12:45:00 
Jun 15 12:45:00 ==================脚本执行- 北京时间(UTC+8)：6/15/2021, 12:45:00 PM=====================
Jun 15 12:45:00 
Jun 15 12:45:00 ==================脚本执行- 北京时间(UTC+8)：6/15/2021, 12:45:00 PM=====================
Jun 15 12:45:00 
Jun 15 12:45:00 
Jun 15 12:45:00 ******开始【京东账号1】455979050-14287437*********
Jun 15 12:45:00 
Jun 15 12:45:00 
Jun 15 12:45:00 ******开始【京东账号1】455979050-14287437*********
Jun 15 12:45:00 
Jun 15 12:45:00 任务领奖失败，京豆与你擦肩而过
Jun 15 12:45:00 去做分享直播间任务
Jun 15 12:45:00 任务领奖失败，京豆与你擦肩而过
Jun 15 12:45:00 去做浏览直播间任务
Jun 15 12:45:00 任务领奖失败，京豆与你擦肩而过
Jun 15 12:45:00 去做分享直播间任务
Jun 15 12:45:00 任务领奖失败，京豆与你擦肩而过
Jun 15 12:45:01 任务领奖失败，京豆与你擦肩而过，马上进入精彩内容…
Jun 15 12:45:01 京东账号1455979050-14287437
Jun 15 12:45:01 领奖完成，共计获得 0 京豆
Jun 15 12:45:01 
Jun 15 12:45:01 任务领奖失败，京豆与你擦肩而过
Jun 15 12:45:01 去做浏览直播间任务
Jun 15 12:45:01 
Jun 15 12:45:01 ******开始【京东账号2】jd_7a84de20543eb*********
Jun 15 12:45:01 
Jun 15 12:45:01 任务领奖失败，京豆与你擦肩而过
Jun 15 12:45:01 任务领奖失败，京豆与你擦肩而过，马上进入精彩内容…
Jun 15 12:45:01 京东账号1455979050-14287437
Jun 15 12:45:01 领奖完成，共计获得 0 京豆
Jun 15 12:45:01 
Jun 15 12:45:01 
Jun 15 12:45:01 ******开始【京东账号2】jd_7a84de20543eb*********
Jun 15 12:45:01 
Jun 15 12:45:01 任务领奖失败，京豆与你擦肩而过
Jun 15 12:45:01 去做分享直播间任务
Jun 15 12:45:01 任务领奖失败，京豆与你擦肩而过
Jun 15 12:45:01 去做浏览直播间任务
Jun 15 12:45:01 任务领奖失败，京豆与你擦肩而过
Jun 15 12:45:01 任务领奖失败，京豆与你擦肩而过
Jun 15 12:45:01 去做分享直播间任务
Jun 15 12:45:01 任务领奖失败，京豆与你擦肩而过，马上进入精彩内容…
Jun 15 12:45:01 京东账号2jd_7a84de20543eb
Jun 15 12:45:01 领奖完成，共计获得 0 京豆
Jun 15 12:45:01 
Jun 15 12:45:01 
Jun 15 12:45:01 🔔京东直播, 结束! 🕛 1.402 秒
Jun 15 12:45:01 
Jun 15 12:45:01 任务领奖失败，京豆与你擦肩而过
Jun 15 12:45:01 去做浏览直播间任务
Jun 15 12:45:01 任务领奖失败，京豆与你擦肩而过
Jun 15 12:45:01 任务领奖失败，京豆与你擦肩而过，马上进入精彩内容…
Jun 15 12:45:01 京东账号2jd_7a84de20543eb
Jun 15 12:45:01 领奖完成，共计获得 0 京豆
Jun 15 12:45:01 
Jun 15 12:45:01 
Jun 15 12:45:01 🔔京东直播, 结束! 🕛 1.562 秒
Jun 15 12:45:01 
Jun 15 12:50:00 
Jun 15 12:50:00 🔔京东直播, 开始!
Jun 15 12:50:00 
Jun 15 12:50:00 🔔京东直播, 开始!
Jun 15 12:50:00 您的cookie选择的是用&隔开
Jun 15 12:50:00 
Jun 15 12:50:00 
Jun 15 12:50:00 ====================共有2个京东账号Cookie=========
Jun 15 12:50:00 
Jun 15 12:50:00 您的cookie选择的是用&隔开
Jun 15 12:50:00 
Jun 15 12:50:00 
Jun 15 12:50:00 ====================共有2个京东账号Cookie=========
Jun 15 12:50:00 
Jun 15 12:50:00 ==================脚本执行- 北京时间(UTC+8)：6/15/2021, 12:50:00 PM=====================
Jun 15 12:50:00 
Jun 15 12:50:00 ==================脚本执行- 北京时间(UTC+8)：6/15/2021, 12:50:00 PM=====================
Jun 15 12:50:00 
Jun 15 12:50:00 
Jun 15 12:50:00 ******开始【京东账号1】455979050-14287437*********
Jun 15 12:50:00 
Jun 15 12:50:00 
Jun 15 12:50:00 ******开始【京东账号1】455979050-14287437*********
Jun 15 12:50:00 
Jun 15 12:50:00 任务领奖失败，京豆与你擦肩而过
Jun 15 12:50:00 去做分享直播间任务
Jun 15 12:50:00 任务领奖失败，京豆与你擦肩而过
Jun 15 12:50:00 去做分享直播间任务
Jun 15 12:50:00 任务领奖失败，京豆与你擦肩而过
Jun 15 12:50:00 去做浏览直播间任务
Jun 15 12:50:01 任务领奖失败，京豆与你擦肩而过
Jun 15 12:50:01 去做浏览直播间任务
Jun 15 12:50:01 任务领奖失败，京豆与你擦肩而过
Jun 15 12:50:01 任务领奖失败，京豆与你擦肩而过
Jun 15 12:50:01 任务领奖失败，京豆与你擦肩而过，马上进入精彩内容…
Jun 15 12:50:01 京东账号1455979050-14287437
Jun 15 12:50:01 领奖完成，共计获得 0 京豆
Jun 15 12:50:01 
Jun 15 12:50:01 任务领奖失败，京豆与你擦肩而过，马上进入精彩内容…
Jun 15 12:50:01 京东账号1455979050-14287437
Jun 15 12:50:01 领奖完成，共计获得 0 京豆
Jun 15 12:50:01 
Jun 15 12:50:01 
Jun 15 12:50:01 ******开始【京东账号2】jd_7a84de20543eb*********
Jun 15 12:50:01 
Jun 15 12:50:01 
Jun 15 12:50:01 ******开始【京东账号2】jd_7a84de20543eb*********
Jun 15 12:50:01 
Jun 15 12:50:01 任务领奖失败，京豆与你擦肩而过
Jun 15 12:50:01 去做分享直播间任务
Jun 15 12:50:01 任务领奖失败，京豆与你擦肩而过
Jun 15 12:50:01 去做分享直播间任务
Jun 15 12:50:01 任务领奖失败，京豆与你擦肩而过
Jun 15 12:50:01 去做浏览直播间任务
Jun 15 12:50:01 任务领奖失败，京豆与你擦肩而过
Jun 15 12:50:01 去做浏览直播间任务
Jun 15 12:50:01 任务领奖失败，京豆与你擦肩而过
Jun 15 12:50:01 任务领奖失败，京豆与你擦肩而过
Jun 15 12:50:01 任务领奖失败，京豆与你擦肩而过，马上进入精彩内容…
Jun 15 12:50:01 京东账号2jd_7a84de20543eb
Jun 15 12:50:01 领奖完成，共计获得 0 京豆
Jun 15 12:50:01 
Jun 15 12:50:01 
Jun 15 12:50:01 🔔京东直播, 结束! 🕛 1.575 秒
Jun 15 12:50:01 
Jun 15 12:50:01 任务领奖失败，京豆与你擦肩而过，马上进入精彩内容…
Jun 15 12:50:01 京东账号2jd_7a84de20543eb
Jun 15 12:50:01 领奖完成，共计获得 0 京豆
Jun 15 12:50:01 
Jun 15 12:50:01 
Jun 15 12:50:01 🔔京东直播, 结束! 🕛 1.613 秒
Jun 15 12:50:01 
