Jun 15 00:01:00 
Jun 15 00:01:00 🔔金口碑奖投票, 开始!
Jun 15 00:01:00 您的cookie选择的是用&隔开
Jun 15 00:01:00 
Jun 15 00:01:00 
Jun 15 00:01:00 ====================共有2个京东账号Cookie=========
Jun 15 00:01:00 
Jun 15 00:01:00 ==================脚本执行- 北京时间(UTC+8)：6/15/2021, 12:01:00 AM=====================
Jun 15 00:01:00 
Jun 15 00:01:00 
Jun 15 00:01:00 🔔金口碑奖投票, 开始!
Jun 15 00:01:00 您的cookie选择的是用&隔开
Jun 15 00:01:00 
Jun 15 00:01:00 
Jun 15 00:01:00 ====================共有2个京东账号Cookie=========
Jun 15 00:01:00 
Jun 15 00:01:00 ==================脚本执行- 北京时间(UTC+8)：6/15/2021, 12:01:00 AM=====================
Jun 15 00:01:00 
Jun 15 00:01:00 
Jun 15 00:01:00 ******开始【京东账号1】诺咪兔*********
Jun 15 00:01:00 
Jun 15 00:01:00Jun 15 00:01:00 获取参选商品列表成功
 
Jun 15 00:01:00Jun 15 00:01:00 去给索尼4K HDR液晶电视X9000H投票
 ******开始【京东账号1】诺咪兔*********
Jun 15 00:01:00 
Jun 15 00:01:00 "活动已结束"
Jun 15 00:01:00 获取参选商品列表成功
Jun 15 00:01:00 去给TCL XESS旋转智屏投票
Jun 15 00:01:00 "活动已结束"
Jun 15 00:01:02 去给TCL F12DD直驱变频洗衣机投票
Jun 15 00:01:02 "活动已结束"
Jun 15 00:01:02 去给笑脸科技觉飞心愿心愿仿手微洗机投票
Jun 15 00:01:02 "活动已结束"
Jun 15 00:01:04 去给惠而浦欧诺娜系列洗碗机投票
Jun 15 00:01:04 "活动已结束"
Jun 15 00:01:04 去给华帝天穹烟机投票
Jun 15 00:01:04 "活动已结束"
Jun 15 00:01:06 去给洒拖吸拖一体机投票
Jun 15 00:01:06 "活动已结束"
Jun 15 00:01:06 去给360扫地机器人 X100 MAX投票
Jun 15 00:01:06 "活动已结束"
Jun 15 00:01:08 去给格力空气净化器投票
Jun 15 00:01:08 "活动已结束"
Jun 15 00:01:08 去给格力空气净化器投票
Jun 15 00:01:08 "活动已结束"
Jun 15 00:01:10 去给麦喆智能变频声波电动牙刷投票
Jun 15 00:01:10 "活动已结束"
Jun 15 00:01:10 去给SID超人电吹风投票
Jun 15 00:01:10 "活动已结束"
Jun 15 00:01:12 
Jun 15 00:01:12 ******开始【京东账号2】jd_152055zny*********
Jun 15 00:01:12 
Jun 15 00:01:12 获取参选商品列表成功
Jun 15 00:01:12 去给TCL XESS旋转智屏投票
Jun 15 00:01:12 "活动已结束"
Jun 15 00:01:12 
Jun 15 00:01:12 ******开始【京东账号2】jd_152055zny*********
Jun 15 00:01:12 
Jun 15 00:01:12 获取参选商品列表成功
Jun 15 00:01:12 去给创维小湃盒子P3 Pro投票
Jun 15 00:01:13 "活动已结束"
Jun 15 00:01:14 去给TCL F12DD直驱变频洗衣机投票
Jun 15 00:01:14 "活动已结束"
Jun 15 00:01:15 去给博世 · 现代欧风双门冰箱投票
Jun 15 00:01:15 "活动已结束"
Jun 15 00:01:16 去给创维AI吸油烟机投票
Jun 15 00:01:16 "活动已结束"
Jun 15 00:01:17 去给万家乐CXW-300-L7C投票
Jun 15 00:01:17 "活动已结束"
Jun 15 00:01:18 去给德尔玛吸拖一体无线吸尘器投票
Jun 15 00:01:18 "活动已结束"
Jun 15 00:01:19 去给添可会思考的智能洗地机 芙万 FLOOR ONE投票
Jun 15 00:01:19 "活动已结束"
Jun 15 00:01:20 去给水轻轻一芯RO净水器投票
Jun 15 00:01:21 "活动已结束"
Jun 15 00:01:21 去给优口超滤净水机投票
Jun 15 00:01:21 "活动已结束"
Jun 15 00:01:23 去给SID超人电吹风投票
Jun 15 00:01:23 "活动已结束"
Jun 15 00:01:23 去给须眉负离子护发梳投票
Jun 15 00:01:23 "活动已结束"
Jun 15 00:01:25 
Jun 15 00:01:25 🔔金口碑奖投票, 结束! 🕛 24.923 秒
Jun 15 00:01:25 
Jun 15 00:01:25 
Jun 15 00:01:25 🔔金口碑奖投票, 结束! 🕛 24.977 秒
Jun 15 00:01:25 
Jun 15 08:01:00 
Jun 15 08:01:00 🔔金口碑奖投票, 开始!
Jun 15 08:01:00 您的cookie选择的是用&隔开
Jun 15 08:01:00 
Jun 15 08:01:00 
Jun 15 08:01:00 ====================共有2个京东账号Cookie=========
Jun 15 08:01:00 
Jun 15 08:01:00 
Jun 15 08:01:00 🔔金口碑奖投票, 开始!
Jun 15 08:01:00 您的cookie选择的是用&隔开
Jun 15 08:01:00 
Jun 15 08:01:00 
Jun 15 08:01:00 ====================共有2个京东账号Cookie=========
Jun 15 08:01:00 
Jun 15 08:01:00 ==================脚本执行- 北京时间(UTC+8)：6/15/2021, 8:01:00 AM=====================
Jun 15 08:01:00 
Jun 15 08:01:00 ==================脚本执行- 北京时间(UTC+8)：6/15/2021, 8:01:00 AM=====================
Jun 15 08:01:00 
Jun 15 08:01:00 
Jun 15 08:01:00 ******开始【京东账号1】诺咪兔*********
Jun 15 08:01:00 
Jun 15 08:01:00 
Jun 15 08:01:00 ******开始【京东账号1】诺咪兔*********
Jun 15 08:01:00 
Jun 15 08:01:00 获取参选商品列表成功
Jun 15 08:01:00 去给360可视门铃D819投票
Jun 15 08:01:00 获取参选商品列表成功
Jun 15 08:01:00 去给雷神911Pro晖金2代投票
Jun 15 08:01:00 "活动已结束"
Jun 15 08:01:00 "活动已结束"
Jun 15 08:01:02 去给康佳XQB100-N81智慧0污洗衣机投票
Jun 15 08:01:02 去给TCL F12DD直驱变频洗衣机投票
Jun 15 08:01:02 "活动已结束"
Jun 15 08:01:02 "活动已结束"
Jun 15 08:01:04 去给万和潜吸烟机投票
Jun 15 08:01:04 去给万家乐CXW-300-L7C投票
Jun 15 08:01:04 "活动已结束"
Jun 15 08:01:04 "活动已结束"
Jun 15 08:01:06 去给添可会思考的智能洗地机 芙万 FLOOR ONE投票
Jun 15 08:01:06 去给Dreame无线吸尘器V12投票
Jun 15 08:01:06 "活动已结束"
Jun 15 08:01:06 "活动已结束"
Jun 15 08:01:08 去给水轻轻一芯RO净水器投票
Jun 15 08:01:08 去给飞利浦净水加热一体机投票
Jun 15 08:01:08 "活动已结束"
Jun 15 08:01:08 "活动已结束"
Jun 15 08:01:10 去给西屋电动牙刷投票
Jun 15 08:01:10 去给素士负离子速干电吹风-梵高博物馆联名款投票
Jun 15 08:01:10 "活动已结束"
Jun 15 08:01:10 "活动已结束"
Jun 15 08:01:12 
Jun 15 08:01:12 ******开始【京东账号2】jd_152055zny*********
Jun 15 08:01:12 
Jun 15 08:01:12 
Jun 15 08:01:12 ******开始【京东账号2】jd_152055zny*********
Jun 15 08:01:12 
Jun 15 08:01:12 获取参选商品列表成功
Jun 15 08:01:12 去给创维小湃智能摄像机2K版投票
Jun 15 08:01:12 获取参选商品列表成功
Jun 15 08:01:12 去给索尼4K HDR液晶电视X9000H投票
Jun 15 08:01:12 "活动已结束"
Jun 15 08:01:12 "活动已结束"
Jun 15 08:01:14 去给松下L系高级护理洗衣机投票
Jun 15 08:01:14 去给TCL F12DD直驱变频洗衣机投票
Jun 15 08:01:14 "活动已结束"
Jun 15 08:01:14 "活动已结束"
Jun 15 08:01:16 去给华帝天穹烟机投票
Jun 15 08:01:16 去给老板吸油烟机投票
Jun 15 08:01:16 "活动已结束"
Jun 15 08:01:16 "活动已结束"
Jun 15 08:01:18 去给洒拖吸拖一体机投票
Jun 15 08:01:18 去给美诺C3 曜石黑吸尘器投票
Jun 15 08:01:18 "活动已结束"
Jun 15 08:01:18 "活动已结束"
Jun 15 08:01:20 去给优口超滤净水机投票
Jun 15 08:01:20 去给格力空气净化器投票
Jun 15 08:01:20 "活动已结束"
Jun 15 08:01:20 "活动已结束"
Jun 15 08:01:22 去给素士负离子速干电吹风-梵高博物馆联名款投票
Jun 15 08:01:22 去给飞科电动牙刷投票
Jun 15 08:01:22 "活动已结束"
Jun 15 08:01:23 "活动已结束"
Jun 15 08:01:24 
Jun 15 08:01:24 🔔金口碑奖投票, 结束! 🕛 24.847 秒
Jun 15 08:01:24 
Jun 15 08:01:25 
Jun 15 08:01:25 🔔金口碑奖投票, 结束! 🕛 24.852 秒
Jun 15 08:01:25 
