Jun 14 10:10:00 
Jun 14 10:10:00 🔔幸运大转盘, 开始!
Jun 14 10:10:00 您的cookie选择的是用&隔开
Jun 14 10:10:00 
Jun 14 10:10:00 
Jun 14 10:10:00 ====================共有2个京东账号Cookie=========
Jun 14 10:10:00 
Jun 14 10:10:00 
Jun 14 10:10:00 🔔幸运大转盘, 开始!
Jun 14 10:10:00 您的cookie选择的是用&隔开
Jun 14 10:10:00 
Jun 14 10:10:00 
Jun 14 10:10:00 ====================共有2个京东账号Cookie=========
Jun 14 10:10:00 
Jun 14 10:10:00 ==================脚本执行- 北京时间(UTC+8)：6/14/2021, 10:10:00 AM=====================
Jun 14 10:10:00 
Jun 14 10:10:00 如果出现提示 ?.data. 错误，请升级nodejs版本(进入容器后，apk add nodejs-current)
Jun 14 10:10:00 
Jun 14 10:10:00 ******开始【京东账号1】455979050-14287437*********
Jun 14 10:10:00 
Jun 14 10:10:00 ==================脚本执行- 北京时间(UTC+8)：6/14/2021, 10:10:00 AM=====================
Jun 14 10:10:00 
Jun 14 10:10:00 如果出现提示 ?.data. 错误，请升级nodejs版本(进入容器后，apk add nodejs-current)
Jun 14 10:10:00 
Jun 14 10:10:00 ******开始【京东账号1】455979050-14287437*********
Jun 14 10:10:00 
Jun 14 10:10:00 去完成逛店铺任务，第1次
Jun 14 10:10:00 抽奖需要80，当前2160分，去抽奖
Jun 14 10:10:00 完成任务，获得10分
Jun 14 10:10:00 只差一丢丢哦~
Jun 14 10:10:00 抽奖需要80，当前2170分，去抽奖
Jun 14 10:10:00 只差一丢丢哦~
Jun 14 10:10:00 
Jun 14 10:10:00 ******开始【京东账号2】jd_7a84de20543eb*********
Jun 14 10:10:00 
Jun 14 10:10:01 去完成逛店铺任务，第1次
Jun 14 10:10:01 完成任务，获得10分
Jun 14 10:10:01 去完成逛店铺任务，第2次
Jun 14 10:10:01 完成任务，获得10分
Jun 14 10:10:01 去完成逛店铺任务，第2次
Jun 14 10:10:01 完成任务，获得10分
Jun 14 10:10:01 去完成领补贴任务，第1次
Jun 14 10:10:01 完成任务，获得20分
Jun 14 10:10:02 去完成领补贴任务，第1次
Jun 14 10:10:02 完成任务，获得20分
Jun 14 10:10:02 去完成赢现金任务，第1次
Jun 14 10:10:02 完成任务，获得20分
Jun 14 10:10:02 去完成赢现金任务，第1次
Jun 14 10:10:02 完成任务，获得20分
Jun 14 10:10:02 抽奖需要80，当前2160分，去抽奖
Jun 14 10:10:02 只差一丢丢哦~
Jun 14 10:10:03 去完成赢现金任务，第1次
Jun 14 10:10:03 您已经完成任务，看看其他任务吧～
Jun 14 10:10:03 抽奖需要80，当前1360分，去抽奖
Jun 14 10:10:03 只差一丢丢哦~
Jun 14 10:10:03 去完成逛店铺任务，第1次
Jun 14 10:10:03 您已经完成任务，看看其他任务吧～
Jun 14 10:10:03 抽奖需要80，当前2220分，去抽奖
Jun 14 10:10:03 只差一丢丢哦~
Jun 14 10:10:03 
Jun 14 10:10:03 ******开始【京东账号2】jd_7a84de20543eb*********
Jun 14 10:10:03 
Jun 14 10:10:03 去完成赢现金任务，第1次
Jun 14 10:10:03 您已经完成任务，看看其他任务吧～
Jun 14 10:10:03 去完成逛店铺任务，第2次
Jun 14 10:10:03 您已经完成任务，看看其他任务吧～
Jun 14 10:10:04 抽奖需要80，当前1420分，去抽奖
Jun 14 10:10:04 只差一丢丢哦~
Jun 14 10:10:04 抽奖需要80，当前1420分，去抽奖
Jun 14 10:10:04 只差一丢丢哦~
Jun 14 10:10:04 
Jun 14 10:10:04 ==============📣系统通知📣==============
Jun 14 10:10:04 幸运大转盘
Jun 14 10:10:04 【京东账号1】455979050-14287437：只差一丢丢哦~
Jun 14 10:10:04 【京东账号1】455979050-14287437：只差一丢丢哦~
Jun 14 10:10:04 【京东账号2】jd_7a84de20543eb：只差一丢丢哦~
Jun 14 10:10:04 【京东账号2】jd_7a84de20543eb：只差一丢丢哦~
Jun 14 10:10:04 
Jun 14 10:10:04 
Jun 14 10:10:04 🔔幸运大转盘, 结束! 🕛 3.927 秒
Jun 14 10:10:04 
Jun 14 10:10:04 去完成赢现金任务，第1次
Jun 14 10:10:04 您已经完成任务，看看其他任务吧～
Jun 14 10:10:04 抽奖需要80，当前1420分，去抽奖
Jun 14 10:10:04 只差一丢丢哦~
Jun 14 10:10:04 
Jun 14 10:10:04 ==============📣系统通知📣==============
Jun 14 10:10:04 幸运大转盘
Jun 14 10:10:04 【京东账号1】455979050-14287437：只差一丢丢哦~
Jun 14 10:10:04 【京东账号1】455979050-14287437：只差一丢丢哦~
Jun 14 10:10:04 【京东账号2】jd_7a84de20543eb：只差一丢丢哦~
Jun 14 10:10:04 【京东账号2】jd_7a84de20543eb：只差一丢丢哦~
Jun 14 10:10:04 
Jun 14 10:10:04 
Jun 14 10:10:04 🔔幸运大转盘, 结束! 🕛 4.513 秒
Jun 14 10:10:04 
Jun 14 23:10:00 
Jun 14 23:10:00 🔔幸运大转盘, 开始!
Jun 14 23:10:00 您的cookie选择的是用&隔开
Jun 14 23:10:00 
Jun 14 23:10:00 
Jun 14 23:10:00 ====================共有2个京东账号Cookie=========
Jun 14 23:10:00 
Jun 14 23:10:00 
Jun 14 23:10:00 🔔幸运大转盘, 开始!
Jun 14 23:10:00 您的cookie选择的是用&隔开
Jun 14 23:10:00 
Jun 14 23:10:00 
Jun 14 23:10:00 ====================共有2个京东账号Cookie=========
Jun 14 23:10:00 
Jun 14 23:10:00 ==================脚本执行- 北京时间(UTC+8)：6/14/2021, 11:10:00 PM=====================
Jun 14 23:10:00 
Jun 14 23:10:00 如果出现提示 ?.data. 错误，请升级nodejs版本(进入容器后，apk add nodejs-current)
Jun 14 23:10:00 
Jun 14 23:10:00 ******开始【京东账号1】455979050-14287437*********
Jun 14 23:10:00 
Jun 14 23:10:00 ==================脚本执行- 北京时间(UTC+8)：6/14/2021, 11:10:00 PM=====================
Jun 14 23:10:00 
Jun 14 23:10:00 如果出现提示 ?.data. 错误，请升级nodejs版本(进入容器后，apk add nodejs-current)
Jun 14 23:10:00 
Jun 14 23:10:00 ******开始【京东账号1】455979050-14287437*********
Jun 14 23:10:00 
Jun 14 23:10:00 去完成逛店铺任务，第2次
Jun 14 23:10:00 抽奖需要80，当前2220分，去抽奖
Jun 14 23:10:00 只差一丢丢哦~
Jun 14 23:10:00 您已经完成任务，看看其他任务吧～
Jun 14 23:10:00 抽奖需要80，当前2220分，去抽奖
Jun 14 23:10:00 只差一丢丢哦~
Jun 14 23:10:00 
Jun 14 23:10:00 ******开始【京东账号2】jd_7a84de20543eb*********
Jun 14 23:10:00 
Jun 14 23:10:01 抽奖需要80，当前1420分，去抽奖
Jun 14 23:10:01 只差一丢丢哦~
Jun 14 23:10:01 去完成逛店铺任务，第1次
Jun 14 23:10:01 您已经完成任务，看看其他任务吧～
Jun 14 23:10:01 抽奖需要80，当前2220分，去抽奖
Jun 14 23:10:01 只差一丢丢哦~
Jun 14 23:10:01 抽奖需要80，当前2220分，去抽奖
Jun 14 23:10:01 只差一丢丢哦~
Jun 14 23:10:01 
Jun 14 23:10:01 ******开始【京东账号2】jd_7a84de20543eb*********
Jun 14 23:10:01 
Jun 14 23:10:01 抽奖需要80，当前1420分，去抽奖
Jun 14 23:10:01 只差一丢丢哦~
Jun 14 23:10:01 抽奖需要80，当前1420分，去抽奖
Jun 14 23:10:01 只差一丢丢哦~
Jun 14 23:10:01 
Jun 14 23:10:01 ==============📣系统通知📣==============
Jun 14 23:10:01 幸运大转盘
Jun 14 23:10:01 【京东账号1】455979050-14287437：只差一丢丢哦~
Jun 14 23:10:01 【京东账号1】455979050-14287437：只差一丢丢哦~
Jun 14 23:10:01 【京东账号2】jd_7a84de20543eb：只差一丢丢哦~
Jun 14 23:10:01 【京东账号2】jd_7a84de20543eb：只差一丢丢哦~
Jun 14 23:10:01 
Jun 14 23:10:01 
Jun 14 23:10:01 🔔幸运大转盘, 结束! 🕛 1.225 秒
Jun 14 23:10:01 
Jun 14 23:10:01 去完成逛店铺任务，第2次
Jun 14 23:10:01 您已经完成任务，看看其他任务吧～
Jun 14 23:10:02 去完成领补贴任务，第1次
Jun 14 23:10:02 您已经完成任务，看看其他任务吧～
Jun 14 23:10:02 抽奖需要80，当前1420分，去抽奖
Jun 14 23:10:02 只差一丢丢哦~
Jun 14 23:10:02 
Jun 14 23:10:02 ==============📣系统通知📣==============
Jun 14 23:10:02 幸运大转盘
Jun 14 23:10:02 【京东账号1】455979050-14287437：只差一丢丢哦~
Jun 14 23:10:02 【京东账号1】455979050-14287437：只差一丢丢哦~
Jun 14 23:10:02 【京东账号2】jd_7a84de20543eb：只差一丢丢哦~
Jun 14 23:10:02 【京东账号2】jd_7a84de20543eb：只差一丢丢哦~
Jun 14 23:10:02 
Jun 14 23:10:02 
Jun 14 23:10:02 🔔幸运大转盘, 结束! 🕛 2.339 秒
Jun 14 23:10:02 
Jun 15 10:10:00 
Jun 15 10:10:00 🔔幸运大转盘, 开始!
Jun 15 10:10:00 您的cookie选择的是用&隔开
Jun 15 10:10:00 
Jun 15 10:10:00 
Jun 15 10:10:00 ====================共有2个京东账号Cookie=========
Jun 15 10:10:00 
Jun 15 10:10:00 ==================脚本执行- 北京时间(UTC+8)：6/15/2021, 10:10:00 AM=====================
Jun 15 10:10:00 
Jun 15 10:10:00 如果出现提示 ?.data. 错误，请升级nodejs版本(进入容器后，apk add nodejs-current)
Jun 15 10:10:00 
Jun 15 10:10:00 ******开始【京东账号1】455979050-14287437*********
Jun 15 10:10:00 
Jun 15 10:10:00 
Jun 15 10:10:00 🔔幸运大转盘, 开始!
Jun 15 10:10:00 您的cookie选择的是用&隔开
Jun 15 10:10:00 
Jun 15 10:10:00 
Jun 15 10:10:00 ====================共有2个京东账号Cookie=========
Jun 15 10:10:00 
Jun 15 10:10:00 ==================脚本执行- 北京时间(UTC+8)：6/15/2021, 10:10:00 AM=====================
Jun 15 10:10:00 
Jun 15 10:10:00 如果出现提示 ?.data. 错误，请升级nodejs版本(进入容器后，apk add nodejs-current)
Jun 15 10:10:01 
Jun 15 10:10:01 ******开始【京东账号1】455979050-14287437*********
Jun 15 10:10:01 
Jun 15 10:10:01 抽奖需要80，当前2220分，去抽奖
Jun 15 10:10:01 只差一丢丢哦~
Jun 15 10:10:01 去完成逛店铺任务，第1次
Jun 15 10:10:01 去完成赢现金任务，第1次
Jun 15 10:10:01 完成任务，获得10分
Jun 15 10:10:01 完成任务，获得20分
Jun 15 10:10:01 去完成逛店铺任务，第2次
Jun 15 10:10:01 抽奖需要80，当前2220分，去抽奖
Jun 15 10:10:01 完成任务，获得10分
Jun 15 10:10:01 只差一丢丢哦~
Jun 15 10:10:01 
Jun 15 10:10:01 ******开始【京东账号2】jd_7a84de20543eb*********
Jun 15 10:10:01 
Jun 15 10:10:01 去完成逛店铺任务，第1次
Jun 15 10:10:02 完成任务，获得10分
Jun 15 10:10:02 去完成领补贴任务，第1次
Jun 15 10:10:02 完成任务，获得20分
Jun 15 10:10:02 去完成逛店铺任务，第2次
Jun 15 10:10:02 完成任务，获得10分
Jun 15 10:10:02 去完成赢现金任务，第1次
Jun 15 10:10:02 您已经完成任务，看看其他任务吧～
Jun 15 10:10:03 去完成领补贴任务，第1次
Jun 15 10:10:03 完成任务，获得20分
Jun 15 10:10:03 抽奖需要80，当前2220分，去抽奖
Jun 15 10:10:03 只差一丢丢哦~
Jun 15 10:10:03 去完成逛店铺任务，第2次
Jun 15 10:10:03 您已经完成任务，看看其他任务吧～
Jun 15 10:10:03 去完成赢现金任务，第1次
Jun 15 10:10:03 完成任务，获得20分
Jun 15 10:10:04 抽奖需要80，当前2280分，去抽奖
Jun 15 10:10:04 只差一丢丢哦~
Jun 15 10:10:04 
Jun 15 10:10:04 ******开始【京东账号2】jd_7a84de20543eb*********
Jun 15 10:10:04 
Jun 15 10:10:04 抽奖需要80，当前1420分，去抽奖
Jun 15 10:10:04 去完成赢现金任务，第1次
Jun 15 10:10:04 只差一丢丢哦~
Jun 15 10:10:04 您已经完成任务，看看其他任务吧～
Jun 15 10:10:04 抽奖需要80，当前1480分，去抽奖
Jun 15 10:10:04 只差一丢丢哦~
Jun 15 10:10:04 
Jun 15 10:10:04 ==============📣系统通知📣==============
Jun 15 10:10:04 幸运大转盘
Jun 15 10:10:04 【京东账号1】455979050-14287437：只差一丢丢哦~
Jun 15 10:10:04 【京东账号1】455979050-14287437：只差一丢丢哦~
Jun 15 10:10:04 【京东账号2】jd_7a84de20543eb：只差一丢丢哦~
Jun 15 10:10:04 【京东账号2】jd_7a84de20543eb：只差一丢丢哦~
Jun 15 10:10:04 
Jun 15 10:10:04 
Jun 15 10:10:04 🔔幸运大转盘, 结束! 🕛 3.441 秒
Jun 15 10:10:04 
Jun 15 10:10:04 抽奖需要80，当前1480分，去抽奖
Jun 15 10:10:04 只差一丢丢哦~
Jun 15 10:10:04 去完成逛店铺任务，第2次
Jun 15 10:10:04 您已经完成任务，看看其他任务吧～
Jun 15 10:10:05 抽奖需要80，当前1480分，去抽奖
Jun 15 10:10:05 只差一丢丢哦~
Jun 15 10:10:05 
Jun 15 10:10:05 ==============📣系统通知📣==============
Jun 15 10:10:05 幸运大转盘
Jun 15 10:10:05 【京东账号1】455979050-14287437：只差一丢丢哦~
Jun 15 10:10:05 【京东账号1】455979050-14287437：只差一丢丢哦~
Jun 15 10:10:05 【京东账号2】jd_7a84de20543eb：只差一丢丢哦~
Jun 15 10:10:05 【京东账号2】jd_7a84de20543eb：只差一丢丢哦~
Jun 15 10:10:05 
Jun 15 10:10:05 
Jun 15 10:10:05 🔔幸运大转盘, 结束! 🕛 4.521 秒
Jun 15 10:10:05 
