Jun 14 00:00:00 
Jun 14 00:00:00 🔔有机牧场, 开始!
Jun 14 00:00:00 您的cookie选择的是用&隔开
Jun 14 00:00:00 
Jun 14 00:00:00 
Jun 14 00:00:00 ====================共有2个京东账号Cookie=========
Jun 14 00:00:00 
Jun 14 00:00:01 ==================脚本执行- 北京时间(UTC+8)：6/14/2021, 12:00:00 AM=====================
Jun 14 00:00:01 
Jun 14 00:00:01 
Jun 14 00:00:01 *******开始【京东账号1】455979050-14287437********
Jun 14 00:00:01 
Jun 14 00:00:01 
Jun 14 00:00:01 🔔有机牧场, 开始!
Jun 14 00:00:01 您的cookie选择的是用&隔开
Jun 14 00:00:01 
Jun 14 00:00:01 
Jun 14 00:00:01 ====================共有2个京东账号Cookie=========
Jun 14 00:00:01 
Jun 14 00:00:01 ==================脚本执行- 北京时间(UTC+8)：6/14/2021, 12:00:01 AM=====================
Jun 14 00:00:01 
Jun 14 00:00:02 
Jun 14 00:00:02 *******开始【京东账号1】455979050-14287437********
Jun 14 00:00:02 
Jun 14 00:00:03 成功获取到token
Jun 14 00:00:03 成功获取到token
Jun 14 00:00:03 成功获取到access_token
Jun 14 00:00:03 成功获取到access_token
Jun 14 00:00:04 京东返回了一段空数据
Jun 14 00:00:04 未设置兑奖关键字，暂时不兑换奖品
Jun 14 00:00:04 京东返回了一段空数据
Jun 14 00:00:04 未设置兑奖关键字，暂时不兑换奖品
Jun 14 00:01:41 connect ETIMEDOUT 34.92.123.4:443
Jun 14 00:01:41 执行开卡任务
Jun 14 00:01:41     └ 发生错误： 邀请人不存在
Jun 14 00:01:41 为助力池用户助力
Jun 14 00:01:41     └ 发生错误： 邀请人不存在
Jun 14 00:01:41 为尽可能公平的助力，只提交ck列表中前半部分ck的助力码。
Jun 14 00:01:41 214978
Jun 14 00:01:41 获取任务列表请成功
Jun 14 00:01:41 执行日常签到任务
Jun 14 00:01:41 connect ETIMEDOUT 34.92.123.4:443
Jun 14 00:01:41 214978
Jun 14 00:01:41     └ 完成任务，获得 1100个金币
Jun 14 00:01:41 已完成所有浏览店铺任务
Jun 14 00:01:41 已完成所有加购任务
Jun 14 00:01:41 获取任务列表请成功
Jun 14 00:01:41 已完成日常签到任务
Jun 14 00:01:41 已完成所有浏览店铺任务
Jun 14 00:01:41 已完成所有加购任务
Jun 14 00:01:42 开始生产牛奶
Jun 14 00:01:42 开始生产牛奶
Jun 14 00:01:42     └ 开始生产牛奶，完成生产需要6000秒
Jun 14 00:01:42 上架牛奶
Jun 14 00:01:42     └ 发生错误： 已有牛奶正在生产中
Jun 14 00:01:42 上架牛奶
Jun 14 00:01:42     └ 发生错误： 牛奶正在上架中
Jun 14 00:01:42 当前游戏金币：193700
Jun 14 00:01:42 当前农场等级：10
Jun 14 00:01:42 
Jun 14 00:01:42 *******开始【京东账号2】jd_7a84de20543eb********
Jun 14 00:01:42 
Jun 14 00:01:42     └ 成功上架了1200箱牛奶
Jun 14 00:01:42 当前游戏金币：193700
Jun 14 00:01:42 当前农场等级：10
Jun 14 00:01:42 
Jun 14 00:01:42 *******开始【京东账号2】jd_7a84de20543eb********
Jun 14 00:01:42 
Jun 14 00:01:42 成功获取到token
Jun 14 00:01:42 成功获取到token
Jun 14 00:01:42 成功获取到access_token
Jun 14 00:01:42 成功获取到access_token
Jun 14 00:01:42 京东返回了一段空数据
Jun 14 00:01:42 未设置兑奖关键字，暂时不兑换奖品
Jun 14 00:01:42 京东返回了一段空数据
Jun 14 00:01:42 未设置兑奖关键字，暂时不兑换奖品
Jun 14 00:03:20Jun 14 00:03:20 connect ETIMEDOUT 34.92.123.4:443
 connect ETIMEDOUT 34.92.123.4:443
Jun 14 00:03:20 283302
Jun 14 00:03:20 执行开卡任务
Jun 14 00:03:20 获取任务列表请成功
Jun 14 00:03:20 执行日常签到任务
Jun 14 00:03:20     └ 发生错误： 邀请人不存在
Jun 14 00:03:20     └ 完成任务，获得 900个金币
Jun 14 00:03:20 已完成所有浏览店铺任务
Jun 14 00:03:20 已完成所有加购任务
Jun 14 00:03:20 为助力池用户助力
Jun 14 00:03:20     └ 发生错误： 邀请人不存在
Jun 14 00:03:20 为尽可能公平的助力，只提交ck列表中前半部分ck的助力码。
Jun 14 00:03:20 283302
Jun 14 00:03:20 开始生产牛奶
Jun 14 00:03:20 获取任务列表请成功
Jun 14 00:03:20 已完成日常签到任务
Jun 14 00:03:20 已完成所有浏览店铺任务
Jun 14 00:03:20 已完成所有加购任务
Jun 14 00:03:20     └ 开始生产牛奶，完成生产需要4800秒
Jun 14 00:03:20 上架牛奶
Jun 14 00:03:20 上架牛奶
Jun 14 00:03:20     └ 成功上架了600箱牛奶
Jun 14 00:03:20 当前游戏金币：680700
Jun 14 00:03:20 当前农场等级：8
Jun 14 00:03:20 
Jun 14 00:03:20 🔔有机牧场, 结束! 🕛 198.893 秒
Jun 14 00:03:20 
Jun 14 00:03:20     └ 发生错误： 暂无牛奶可上架
Jun 14 00:03:20 当前游戏金币：680700
Jun 14 00:03:20 当前农场等级：8
Jun 14 00:03:20 
Jun 14 00:03:20 🔔有机牧场, 结束! 🕛 199.826 秒
Jun 14 00:03:20 
Jun 14 01:00:00 
Jun 14 01:00:00 🔔有机牧场, 开始!
Jun 14 01:00:00 您的cookie选择的是用&隔开
Jun 14 01:00:00 
Jun 14 01:00:00 
Jun 14 01:00:00 ====================共有2个京东账号Cookie=========
Jun 14 01:00:00 
Jun 14 01:00:00 
Jun 14 01:00:00 🔔有机牧场, 开始!
Jun 14 01:00:00 您的cookie选择的是用&隔开
Jun 14 01:00:00 
Jun 14 01:00:00 
Jun 14 01:00:00 ====================共有2个京东账号Cookie=========
Jun 14 01:00:00 
Jun 14 01:00:00 ==================脚本执行- 北京时间(UTC+8)：6/14/2021, 1:00:00 AM=====================
Jun 14 01:00:00 
Jun 14 01:00:00 ==================脚本执行- 北京时间(UTC+8)：6/14/2021, 1:00:00 AM=====================
Jun 14 01:00:00 
Jun 14 01:00:00 
Jun 14 01:00:00 *******开始【京东账号1】455979050-14287437********
Jun 14 01:00:00 
Jun 14 01:00:00 
Jun 14 01:00:00 *******开始【京东账号1】455979050-14287437********
Jun 14 01:00:00 
Jun 14 01:00:01 成功获取到token
Jun 14 01:00:01 成功获取到token
Jun 14 01:00:01 成功获取到access_token
Jun 14 01:00:01 成功获取到access_token
Jun 14 01:00:01 京东返回了一段空数据
Jun 14 01:00:01 未设置兑奖关键字，暂时不兑换奖品
Jun 14 01:00:02 京东返回了一段空数据
Jun 14 01:00:02 未设置兑奖关键字，暂时不兑换奖品
Jun 14 01:01:39 connect ETIMEDOUT 34.92.123.4:443
Jun 14 01:01:39 214978
Jun 14 01:01:39 获取任务列表请成功
Jun 14 01:01:39 已完成日常签到任务
Jun 14 01:01:39 已完成所有浏览店铺任务
Jun 14 01:01:39 已完成所有加购任务
Jun 14 01:01:39 上架牛奶
Jun 14 01:01:39 connect ETIMEDOUT 34.92.123.4:443
Jun 14 01:01:39 214978
Jun 14 01:01:40 获取任务列表请成功
Jun 14 01:01:40 已完成日常签到任务
Jun 14 01:01:40 已完成所有浏览店铺任务
Jun 14 01:01:40 已完成所有加购任务
Jun 14 01:01:40     └ 成功上架了719箱牛奶
Jun 14 01:01:40 当前游戏金币：313700
Jun 14 01:01:40 当前农场等级：10
Jun 14 01:01:40 
Jun 14 01:01:40 *******开始【京东账号2】jd_7a84de20543eb********
Jun 14 01:01:40 
Jun 14 01:01:40 上架牛奶
Jun 14 01:01:40     └ 发生错误： 暂无牛奶可上架
Jun 14 01:01:40 当前游戏金币：313700
Jun 14 01:01:40 当前农场等级：10
Jun 14 01:01:40 
Jun 14 01:01:40 *******开始【京东账号2】jd_7a84de20543eb********
Jun 14 01:01:40 
Jun 14 01:01:40 成功获取到token
Jun 14 01:01:40 成功获取到token
Jun 14 01:01:40 成功获取到access_token
Jun 14 01:01:40 成功获取到access_token
Jun 14 01:01:40 京东返回了一段空数据
Jun 14 01:01:40 未设置兑奖关键字，暂时不兑换奖品
Jun 14 01:01:40 京东返回了一段空数据
Jun 14 01:01:40 未设置兑奖关键字，暂时不兑换奖品
Jun 14 01:03:18Jun 14 01:03:18 connect ETIMEDOUT 34.92.123.4:443
 connect ETIMEDOUT 34.92.123.4:443
Jun 14 01:03:18 283302
Jun 14 01:03:18 283302
Jun 14 01:03:18 获取任务列表请成功
Jun 14 01:03:18 已完成日常签到任务
Jun 14 01:03:18 已完成所有浏览店铺任务
Jun 14 01:03:18 已完成所有加购任务
Jun 14 01:03:18 获取任务列表请成功
Jun 14 01:03:18 已完成日常签到任务
Jun 14 01:03:18 已完成所有浏览店铺任务
Jun 14 01:03:18 已完成所有加购任务
Jun 14 01:03:18 上架牛奶
Jun 14 01:03:18 上架牛奶
Jun 14 01:03:18     └ 成功上架了449箱牛奶
Jun 14 01:03:18 当前游戏金币：740700
Jun 14 01:03:18 当前农场等级：8
Jun 14 01:03:18 
Jun 14 01:03:18 🔔有机牧场, 结束! 🕛 197.622 秒
Jun 14 01:03:18 
Jun 14 01:03:18     └ 发生错误： 暂无牛奶可上架
Jun 14 01:03:18 当前游戏金币：740700
Jun 14 01:03:18 当前农场等级：8
Jun 14 01:03:18 
Jun 14 01:03:18 🔔有机牧场, 结束! 🕛 197.636 秒
Jun 14 01:03:18 
Jun 14 03:00:00 
Jun 14 03:00:00 🔔有机牧场, 开始!
Jun 14 03:00:00 您的cookie选择的是用&隔开
Jun 14 03:00:00 
Jun 14 03:00:00 
Jun 14 03:00:00 ====================共有2个京东账号Cookie=========
Jun 14 03:00:00 
Jun 14 03:00:00 ==================脚本执行- 北京时间(UTC+8)：6/14/2021, 3:00:00 AM=====================
Jun 14 03:00:00 
Jun 14 03:00:00 
Jun 14 03:00:00 *******开始【京东账号1】455979050-14287437********
Jun 14 03:00:00 
Jun 14 03:00:00 
Jun 14 03:00:00 🔔有机牧场, 开始!
Jun 14 03:00:00 您的cookie选择的是用&隔开
Jun 14 03:00:00 
Jun 14 03:00:00 
Jun 14 03:00:00 ====================共有2个京东账号Cookie=========
Jun 14 03:00:00 
Jun 14 03:00:00 ==================脚本执行- 北京时间(UTC+8)：6/14/2021, 3:00:00 AM=====================
Jun 14 03:00:00 
Jun 14 03:00:00 
Jun 14 03:00:00 *******开始【京东账号1】455979050-14287437********
Jun 14 03:00:00 
Jun 14 03:00:01 成功获取到token
Jun 14 03:00:01 成功获取到token
Jun 14 03:00:01 成功获取到access_token
Jun 14 03:00:01 成功获取到access_token
Jun 14 03:00:01 京东返回了一段空数据
Jun 14 03:00:01 未设置兑奖关键字，暂时不兑换奖品
Jun 14 03:00:01 京东返回了一段空数据
Jun 14 03:00:01 未设置兑奖关键字，暂时不兑换奖品
Jun 14 03:01:39 connect ETIMEDOUT 34.92.123.4:443
Jun 14 03:01:39 214978
Jun 14 03:01:39 获取任务列表请成功
Jun 14 03:01:39 已完成日常签到任务
Jun 14 03:01:39 已完成所有浏览店铺任务
Jun 14 03:01:39 已完成所有加购任务
Jun 14 03:01:39 开始生产牛奶
Jun 14 03:01:39     └ 开始生产牛奶，完成生产需要6000秒
Jun 14 03:01:39 上架牛奶
Jun 14 03:01:39 connect ETIMEDOUT 34.92.123.4:443
Jun 14 03:01:39 214978
Jun 14 03:01:39     └ 成功上架了481箱牛奶
Jun 14 03:01:39 当前游戏金币：385600
Jun 14 03:01:39 当前农场等级：10
Jun 14 03:01:39 
Jun 14 03:01:39 *******开始【京东账号2】jd_7a84de20543eb********
Jun 14 03:01:39 
Jun 14 03:01:39 获取任务列表请成功
Jun 14 03:01:39 已完成日常签到任务
Jun 14 03:01:39 已完成所有浏览店铺任务
Jun 14 03:01:39 已完成所有加购任务
Jun 14 03:01:39 上架牛奶
Jun 14 03:01:39 成功获取到token
Jun 14 03:01:39     └ 发生错误： 暂无牛奶可上架
Jun 14 03:01:39 当前游戏金币：385600
Jun 14 03:01:39 当前农场等级：10
Jun 14 03:01:39 
Jun 14 03:01:39 *******开始【京东账号2】jd_7a84de20543eb********
Jun 14 03:01:39 
Jun 14 03:01:39 成功获取到access_token
Jun 14 03:01:39 成功获取到token
Jun 14 03:01:39 成功获取到access_token
Jun 14 03:01:39 京东返回了一段空数据
Jun 14 03:01:39 未设置兑奖关键字，暂时不兑换奖品
Jun 14 03:01:40 京东返回了一段空数据
Jun 14 03:01:40 未设置兑奖关键字，暂时不兑换奖品
Jun 14 03:03:17 connect ETIMEDOUT 34.92.123.4:443
Jun 14 03:03:17 283302
Jun 14 03:03:17 connect ETIMEDOUT 34.92.123.4:443
Jun 14 03:03:17 283302
Jun 14 03:03:17 获取任务列表请成功
Jun 14 03:03:17 已完成日常签到任务
Jun 14 03:03:17 已完成所有浏览店铺任务
Jun 14 03:03:17 已完成所有加购任务
Jun 14 03:03:17 获取任务列表请成功
Jun 14 03:03:17 已完成日常签到任务
Jun 14 03:03:17 已完成所有浏览店铺任务
Jun 14 03:03:17 已完成所有加购任务
Jun 14 03:03:17 开始生产牛奶
Jun 14 03:03:17 开始生产牛奶
Jun 14 03:03:17     └ 开始生产牛奶，完成生产需要4800秒
Jun 14 03:03:17 上架牛奶
Jun 14 03:03:17     └ 发生错误： 活动火爆，请稍后再试
Jun 14 03:03:17 上架牛奶
Jun 14 03:03:17     └ 成功上架了151箱牛奶
Jun 14 03:03:17 当前游戏金币：785600
Jun 14 03:03:17 当前农场等级：8
Jun 14 03:03:17 
Jun 14 03:03:17 🔔有机牧场, 结束! 🕛 197.014 秒
Jun 14 03:03:17 
Jun 14 03:03:17     └ 发生错误： 暂无牛奶可上架
Jun 14 03:03:17 当前游戏金币：785600
Jun 14 03:03:17 当前农场等级：8
Jun 14 03:03:17 
Jun 14 03:03:17 🔔有机牧场, 结束! 🕛 196.949 秒
Jun 14 03:03:17 
Jun 14 05:00:01 
Jun 14 05:00:01 🔔有机牧场, 开始!
Jun 14 05:00:01 您的cookie选择的是用&隔开
Jun 14 05:00:01 
Jun 14 05:00:01 
Jun 14 05:00:01 ====================共有2个京东账号Cookie=========
Jun 14 05:00:01 
Jun 14 05:00:01 ==================脚本执行- 北京时间(UTC+8)：6/14/2021, 5:00:01 AM=====================
Jun 14 05:00:01 
Jun 14 05:00:01 
Jun 14 05:00:01 🔔有机牧场, 开始!
Jun 14 05:00:01 您的cookie选择的是用&隔开
Jun 14 05:00:01 
Jun 14 05:00:01 
Jun 14 05:00:01 ====================共有2个京东账号Cookie=========
Jun 14 05:00:01 
Jun 14 05:00:01 
Jun 14 05:00:01 *******开始【京东账号1】455979050-14287437********
Jun 14 05:00:01 
Jun 14 05:00:01 ==================脚本执行- 北京时间(UTC+8)：6/14/2021, 5:00:01 AM=====================
Jun 14 05:00:01 
Jun 14 05:00:01 
Jun 14 05:00:01 *******开始【京东账号1】455979050-14287437********
Jun 14 05:00:01 
Jun 14 05:00:01 成功获取到token
Jun 14 05:00:01 成功获取到token
Jun 14 05:00:01 成功获取到access_token
Jun 14 05:00:01 成功获取到access_token
Jun 14 05:00:01 京东返回了一段空数据
Jun 14 05:00:01 未设置兑奖关键字，暂时不兑换奖品
Jun 14 05:00:01 京东返回了一段空数据
Jun 14 05:00:01 未设置兑奖关键字，暂时不兑换奖品
Jun 14 05:01:39 connect ETIMEDOUT 34.92.123.4:443
Jun 14 05:01:39 214978
Jun 14 05:01:39 connect ETIMEDOUT 34.92.123.4:443
Jun 14 05:01:39 214978
Jun 14 05:01:39 获取任务列表请成功
Jun 14 05:01:39 已完成日常签到任务
Jun 14 05:01:39 已完成所有浏览店铺任务
Jun 14 05:01:39 已完成所有加购任务
Jun 14 05:01:39 获取任务列表请成功
Jun 14 05:01:39 已完成日常签到任务
Jun 14 05:01:39 已完成所有浏览店铺任务
Jun 14 05:01:39 已完成所有加购任务
Jun 14 05:01:39 开始生产牛奶
Jun 14 05:01:39     └ 发生错误： 活动火爆，请稍后再试
Jun 14 05:01:39 上架牛奶
Jun 14 05:01:39 开始生产牛奶
Jun 14 05:01:39     └ 开始生产牛奶，完成生产需要6000秒
Jun 14 05:01:39 上架牛奶
Jun 14 05:01:39     └ 成功上架了1200箱牛奶
Jun 14 05:01:39 当前游戏金币：433700
Jun 14 05:01:39 当前农场等级：10
Jun 14 05:01:39 
Jun 14 05:01:39 *******开始【京东账号2】jd_7a84de20543eb********
Jun 14 05:01:39 
Jun 14 05:01:39     └ 发生错误： 暂无牛奶可上架
Jun 14 05:01:39 当前游戏金币：433700
Jun 14 05:01:39 当前农场等级：10
Jun 14 05:01:39 
Jun 14 05:01:39 *******开始【京东账号2】jd_7a84de20543eb********
Jun 14 05:01:39 
Jun 14 05:01:39 成功获取到token
Jun 14 05:01:39 成功获取到token
Jun 14 05:01:39 成功获取到access_token
Jun 14 05:01:40 成功获取到access_token
Jun 14 05:01:40 京东返回了一段空数据
Jun 14 05:01:40 未设置兑奖关键字，暂时不兑换奖品
Jun 14 05:01:40 京东返回了一段空数据
Jun 14 05:01:40 未设置兑奖关键字，暂时不兑换奖品
Jun 14 05:03:17 connect ETIMEDOUT 34.92.123.4:443
Jun 14 05:03:17 283302
Jun 14 05:03:17 connect ETIMEDOUT 34.92.123.4:443
Jun 14 05:03:17 283302
Jun 14 05:03:17 获取任务列表请成功
Jun 14 05:03:17 已完成日常签到任务
Jun 14 05:03:17 已完成所有浏览店铺任务
Jun 14 05:03:17 已完成所有加购任务
Jun 14 05:03:17 获取任务列表请成功
Jun 14 05:03:17 已完成日常签到任务
Jun 14 05:03:17 已完成所有浏览店铺任务
Jun 14 05:03:17 已完成所有加购任务
Jun 14 05:03:17 开始生产牛奶
Jun 14 05:03:17 开始生产牛奶
Jun 14 05:03:17     └ 开始生产牛奶，完成生产需要4800秒
Jun 14 05:03:17 上架牛奶
Jun 14 05:03:18     └ 发生错误： 已有牛奶正在生产中
Jun 14 05:03:18 上架牛奶
Jun 14 05:03:18     └ 成功上架了600箱牛奶
Jun 14 05:03:18 当前游戏金币：800700
Jun 14 05:03:18 当前农场等级：8
Jun 14 05:03:18 
Jun 14 05:03:18 🔔有机牧场, 结束! 🕛 196.995 秒
Jun 14 05:03:18 
Jun 14 05:03:18     └ 发生错误： 暂无牛奶可上架
Jun 14 05:03:18 当前游戏金币：800700
Jun 14 05:03:18 当前农场等级：8
Jun 14 05:03:18 
Jun 14 05:03:18 🔔有机牧场, 结束! 🕛 197.096 秒
Jun 14 05:03:18 
Jun 14 07:00:00 
Jun 14 07:00:00 🔔有机牧场, 开始!
Jun 14 07:00:00 您的cookie选择的是用&隔开
Jun 14 07:00:00 
Jun 14 07:00:00 
Jun 14 07:00:00 ====================共有2个京东账号Cookie=========
Jun 14 07:00:00 
Jun 14 07:00:00 
Jun 14 07:00:00 🔔有机牧场, 开始!
Jun 14 07:00:00 您的cookie选择的是用&隔开
Jun 14 07:00:00 
Jun 14 07:00:00 
Jun 14 07:00:00 ====================共有2个京东账号Cookie=========
Jun 14 07:00:00 
Jun 14 07:00:00 ==================脚本执行- 北京时间(UTC+8)：6/14/2021, 7:00:00 AM=====================
Jun 14 07:00:00 
Jun 14 07:00:00 ==================脚本执行- 北京时间(UTC+8)：6/14/2021, 7:00:00 AM=====================
Jun 14 07:00:00 
Jun 14 07:00:00 
Jun 14 07:00:00 *******开始【京东账号1】455979050-14287437********
Jun 14 07:00:00 
Jun 14 07:00:00 
Jun 14 07:00:00 *******开始【京东账号1】455979050-14287437********
Jun 14 07:00:00 
Jun 14 07:00:00 成功获取到token
Jun 14 07:00:00 成功获取到token
Jun 14 07:00:00 成功获取到access_token
Jun 14 07:00:00 成功获取到access_token
Jun 14 07:00:00 京东返回了一段空数据
Jun 14 07:00:00 未设置兑奖关键字，暂时不兑换奖品
Jun 14 07:00:00 京东返回了一段空数据
Jun 14 07:00:00 未设置兑奖关键字，暂时不兑换奖品
Jun 14 07:01:38 connect ETIMEDOUT 34.92.123.4:443
Jun 14 07:01:38 214978
Jun 14 07:01:38 获取任务列表请成功
Jun 14 07:01:38 已完成日常签到任务
Jun 14 07:01:38 已完成所有浏览店铺任务
Jun 14 07:01:38 已完成所有加购任务
Jun 14 07:01:38 开始生产牛奶
Jun 14 07:01:38 connect ETIMEDOUT 34.92.123.4:443
Jun 14 07:01:38 214978
Jun 14 07:01:38     └ 开始生产牛奶，完成生产需要6000秒
Jun 14 07:01:38 上架牛奶
Jun 14 07:01:38 获取任务列表请成功
Jun 14 07:01:38 已完成日常签到任务
Jun 14 07:01:38 已完成所有浏览店铺任务
Jun 14 07:01:38 已完成所有加购任务
Jun 14 07:01:38     └ 成功上架了1200箱牛奶
Jun 14 07:01:38 当前游戏金币：553700
Jun 14 07:01:38 当前农场等级：10
Jun 14 07:01:38 
Jun 14 07:01:38 *******开始【京东账号2】jd_7a84de20543eb********
Jun 14 07:01:38 
Jun 14 07:01:38 上架牛奶
Jun 14 07:01:38     └ 发生错误： 暂无牛奶可上架
Jun 14 07:01:38 当前游戏金币：553700
Jun 14 07:01:38 当前农场等级：10
Jun 14 07:01:38 
Jun 14 07:01:38 *******开始【京东账号2】jd_7a84de20543eb********
Jun 14 07:01:38 
Jun 14 07:01:38 成功获取到token
Jun 14 07:01:39 成功获取到token
Jun 14 07:01:39 成功获取到access_token
Jun 14 07:01:39 成功获取到access_token
Jun 14 07:01:39 京东返回了一段空数据
Jun 14 07:01:39 未设置兑奖关键字，暂时不兑换奖品
Jun 14 07:01:39 京东返回了一段空数据
Jun 14 07:01:39 未设置兑奖关键字，暂时不兑换奖品
Jun 14 07:03:16 connect ETIMEDOUT 34.92.123.4:443
Jun 14 07:03:16 283302
Jun 14 07:03:16 获取任务列表请成功
Jun 14 07:03:16 已完成日常签到任务
Jun 14 07:03:16 已完成所有浏览店铺任务
Jun 14 07:03:16 已完成所有加购任务
Jun 14 07:03:16 开始生产牛奶
Jun 14 07:03:17 connect ETIMEDOUT 34.92.123.4:443
Jun 14 07:03:17 283302
Jun 14 07:03:17     └ 开始生产牛奶，完成生产需要4800秒
Jun 14 07:03:17 上架牛奶
Jun 14 07:03:17 获取任务列表请成功
Jun 14 07:03:17 已完成日常签到任务
Jun 14 07:03:17 已完成所有浏览店铺任务
Jun 14 07:03:17 已完成所有加购任务
Jun 14 07:03:17     └ 成功上架了600箱牛奶
Jun 14 07:03:17 当前游戏金币：860700
Jun 14 07:03:17 当前农场等级：8
Jun 14 07:03:17 
Jun 14 07:03:17 🔔有机牧场, 结束! 🕛 196.946 秒
Jun 14 07:03:17 
Jun 14 07:03:17 上架牛奶
Jun 14 07:03:17     └ 发生错误： 暂无牛奶可上架
Jun 14 07:03:17 当前游戏金币：860700
Jun 14 07:03:17 当前农场等级：8
Jun 14 07:03:17 
Jun 14 07:03:17 🔔有机牧场, 结束! 🕛 197.106 秒
Jun 14 07:03:17 
Jun 14 09:00:00 
Jun 14 09:00:00 🔔有机牧场, 开始!
Jun 14 09:00:00 您的cookie选择的是用&隔开
Jun 14 09:00:00 
Jun 14 09:00:00 
Jun 14 09:00:00 ====================共有2个京东账号Cookie=========
Jun 14 09:00:00 
Jun 14 09:00:00 
Jun 14 09:00:00 🔔有机牧场, 开始!
Jun 14 09:00:00 您的cookie选择的是用&隔开
Jun 14 09:00:00 
Jun 14 09:00:00 
Jun 14 09:00:00 ====================共有2个京东账号Cookie=========
Jun 14 09:00:00 
Jun 14 09:00:00 ==================脚本执行- 北京时间(UTC+8)：6/14/2021, 9:00:00 AM=====================
Jun 14 09:00:00 
Jun 14 09:00:00 ==================脚本执行- 北京时间(UTC+8)：6/14/2021, 9:00:00 AM=====================
Jun 14 09:00:00 
Jun 14 09:00:00 
Jun 14 09:00:00 *******开始【京东账号1】455979050-14287437********
Jun 14 09:00:00 
Jun 14 09:00:00 
Jun 14 09:00:00 *******开始【京东账号1】455979050-14287437********
Jun 14 09:00:00 
Jun 14 09:00:00 成功获取到token
Jun 14 09:00:00 成功获取到token
Jun 14 09:00:00 成功获取到access_token
Jun 14 09:00:00 成功获取到access_token
Jun 14 09:00:00 京东返回了一段空数据
Jun 14 09:00:00 未设置兑奖关键字，暂时不兑换奖品
Jun 14 09:00:00 京东返回了一段空数据
Jun 14 09:00:00 未设置兑奖关键字，暂时不兑换奖品
Jun 14 09:01:38Jun 14 09:01:38 connect ETIMEDOUT 34.92.123.4:443
 connect ETIMEDOUT 34.92.123.4:443
Jun 14 09:01:38 214978
Jun 14 09:01:38 214978
Jun 14 09:01:38 获取任务列表请成功
Jun 14 09:01:38 已完成日常签到任务
Jun 14 09:01:38 已完成所有浏览店铺任务
Jun 14 09:01:38 已完成所有加购任务
Jun 14 09:01:38 获取任务列表请成功
Jun 14 09:01:38 已完成日常签到任务
Jun 14 09:01:38 已完成所有浏览店铺任务
Jun 14 09:01:38 已完成所有加购任务
Jun 14 09:01:38 开始生产牛奶
Jun 14 09:01:38 开始生产牛奶
Jun 14 09:01:38     └ 发生错误： 请勿频繁操作
Jun 14 09:01:38 上架牛奶
Jun 14 09:01:38     └ 开始生产牛奶，完成生产需要6000秒
Jun 14 09:01:38 上架牛奶
Jun 14 09:01:38     └ 成功上架了1200箱牛奶
Jun 14 09:01:38 当前游戏金币：673700
Jun 14 09:01:38 当前农场等级：10
Jun 14 09:01:38 
Jun 14 09:01:38 *******开始【京东账号2】jd_7a84de20543eb********
Jun 14 09:01:38 
Jun 14 09:01:39     └ 发生错误： 暂无牛奶可上架
Jun 14 09:01:39 当前游戏金币：673700
Jun 14 09:01:39 当前农场等级：10
Jun 14 09:01:39 
Jun 14 09:01:39 *******开始【京东账号2】jd_7a84de20543eb********
Jun 14 09:01:39 
Jun 14 09:01:39 成功获取到token
Jun 14 09:01:39 成功获取到token
Jun 14 09:01:39 成功获取到access_token
Jun 14 09:01:39 成功获取到access_token
Jun 14 09:01:39 京东返回了一段空数据
Jun 14 09:01:39 未设置兑奖关键字，暂时不兑换奖品
Jun 14 09:01:39 京东返回了一段空数据
Jun 14 09:01:39 未设置兑奖关键字，暂时不兑换奖品
Jun 14 09:03:17 connect ETIMEDOUT 34.92.123.4:443
Jun 14 09:03:17 283302
Jun 14 09:03:17 获取任务列表请成功
Jun 14 09:03:17 已完成日常签到任务
Jun 14 09:03:17 已完成所有浏览店铺任务
Jun 14 09:03:17 已完成所有加购任务
Jun 14 09:03:17 开始生产牛奶
Jun 14 09:03:17     └ 开始生产牛奶，完成生产需要4800秒
Jun 14 09:03:17 上架牛奶
Jun 14 09:03:17     └ 成功上架了600箱牛奶
Jun 14 09:03:17 当前游戏金币：920700
Jun 14 09:03:17 当前农场等级：8
Jun 14 09:03:17 
Jun 14 09:03:17 🔔有机牧场, 结束! 🕛 197.099 秒
Jun 14 09:03:17 
Jun 14 09:03:18 connect ETIMEDOUT 34.92.123.4:443
Jun 14 09:03:18 283302
Jun 14 09:03:18 获取任务列表请成功
Jun 14 09:03:18 已完成日常签到任务
Jun 14 09:03:18 已完成所有浏览店铺任务
Jun 14 09:03:18 已完成所有加购任务
Jun 14 09:03:18 上架牛奶
Jun 14 09:03:18     └ 发生错误： 暂无牛奶可上架
Jun 14 09:03:18 当前游戏金币：920800
Jun 14 09:03:18 当前农场等级：8
Jun 14 09:03:18 
Jun 14 09:03:18 🔔有机牧场, 结束! 🕛 198.196 秒
Jun 14 09:03:18 
Jun 14 11:00:00 
Jun 14 11:00:00 🔔有机牧场, 开始!
Jun 14 11:00:00 您的cookie选择的是用&隔开
Jun 14 11:00:00 
Jun 14 11:00:00 
Jun 14 11:00:00 ====================共有2个京东账号Cookie=========
Jun 14 11:00:00 
Jun 14 11:00:00 
Jun 14 11:00:00 🔔有机牧场, 开始!
Jun 14 11:00:00 您的cookie选择的是用&隔开
Jun 14 11:00:00 
Jun 14 11:00:00 
Jun 14 11:00:00 ====================共有2个京东账号Cookie=========
Jun 14 11:00:00 
Jun 14 11:00:00 ==================脚本执行- 北京时间(UTC+8)：6/14/2021, 11:00:00 AM=====================
Jun 14 11:00:00 
Jun 14 11:00:00 ==================脚本执行- 北京时间(UTC+8)：6/14/2021, 11:00:00 AM=====================
Jun 14 11:00:00 
Jun 14 11:00:00 
Jun 14 11:00:00 *******开始【京东账号1】455979050-14287437********
Jun 14 11:00:00 
Jun 14 11:00:00 
Jun 14 11:00:00 *******开始【京东账号1】455979050-14287437********
Jun 14 11:00:00 
Jun 14 11:00:00 成功获取到token
Jun 14 11:00:00 成功获取到token
Jun 14 11:00:01 成功获取到access_token
Jun 14 11:00:01 成功获取到access_token
Jun 14 11:00:01 京东返回了一段空数据
Jun 14 11:00:01 未设置兑奖关键字，暂时不兑换奖品
Jun 14 11:00:01 京东返回了一段空数据
Jun 14 11:00:01 未设置兑奖关键字，暂时不兑换奖品
Jun 14 11:01:38 connect ETIMEDOUT 34.92.123.4:443
Jun 14 11:01:38 214978
Jun 14 11:01:38 获取任务列表请成功
Jun 14 11:01:38 已完成日常签到任务
Jun 14 11:01:38 已完成所有浏览店铺任务
Jun 14 11:01:38 已完成所有加购任务
Jun 14 11:01:38 开始生产牛奶
Jun 14 11:01:38     └ 开始生产牛奶，完成生产需要6000秒
Jun 14 11:01:38 上架牛奶
Jun 14 11:01:38 connect ETIMEDOUT 34.92.123.4:443
Jun 14 11:01:38 214978
Jun 14 11:01:39 获取任务列表请成功
Jun 14 11:01:39 已完成日常签到任务
Jun 14 11:01:39 已完成所有浏览店铺任务
Jun 14 11:01:39 已完成所有加购任务
Jun 14 11:01:39     └ 成功上架了1200箱牛奶
Jun 14 11:01:39 当前游戏金币：793700
Jun 14 11:01:39 当前农场等级：10
Jun 14 11:01:39 
Jun 14 11:01:39 *******开始【京东账号2】jd_7a84de20543eb********
Jun 14 11:01:39 
Jun 14 11:01:39 上架牛奶
Jun 14 11:01:39 成功获取到token
Jun 14 11:01:39     └ 发生错误： 暂无牛奶可上架
Jun 14 11:01:39 当前游戏金币：793700
Jun 14 11:01:39 当前农场等级：10
Jun 14 11:01:39 
Jun 14 11:01:39 *******开始【京东账号2】jd_7a84de20543eb********
Jun 14 11:01:39 
Jun 14 11:01:39 成功获取到access_token
Jun 14 11:01:39 成功获取到token
Jun 14 11:01:39 成功获取到access_token
Jun 14 11:01:39 京东返回了一段空数据
Jun 14 11:01:39 未设置兑奖关键字，暂时不兑换奖品
Jun 14 11:01:39 京东返回了一段空数据
Jun 14 11:01:39 未设置兑奖关键字，暂时不兑换奖品
Jun 14 11:03:17 connect ETIMEDOUT 34.92.123.4:443
Jun 14 11:03:17 283302
Jun 14 11:03:17 获取任务列表请成功
Jun 14 11:03:17 已完成日常签到任务
Jun 14 11:03:17 已完成所有浏览店铺任务
Jun 14 11:03:17 已完成所有加购任务
Jun 14 11:03:17 开始生产牛奶
Jun 14 11:03:17 connect ETIMEDOUT 34.92.123.4:443
Jun 14 11:03:17 283302
Jun 14 11:03:17     └ 开始生产牛奶，完成生产需要4800秒
Jun 14 11:03:17 上架牛奶
Jun 14 11:03:17 获取任务列表请成功
Jun 14 11:03:17 已完成日常签到任务
Jun 14 11:03:17 已完成所有浏览店铺任务
Jun 14 11:03:17 已完成所有加购任务
Jun 14 11:03:17 上架牛奶
Jun 14 11:03:17     └ 成功上架了600箱牛奶
Jun 14 11:03:17 当前游戏金币：980700
Jun 14 11:03:17 当前农场等级：8
Jun 14 11:03:17 
Jun 14 11:03:17 🔔有机牧场, 结束! 🕛 196.887 秒
Jun 14 11:03:17 
Jun 14 11:03:17     └ 发生错误： 暂无牛奶可上架
Jun 14 11:03:17 当前游戏金币：980700
Jun 14 11:03:17 当前农场等级：8
Jun 14 11:03:17 
Jun 14 11:03:17 🔔有机牧场, 结束! 🕛 196.916 秒
Jun 14 11:03:17 
Jun 14 13:00:00 
Jun 14 13:00:00 🔔有机牧场, 开始!
Jun 14 13:00:00 您的cookie选择的是用&隔开
Jun 14 13:00:00 
Jun 14 13:00:00 
Jun 14 13:00:00 ====================共有2个京东账号Cookie=========
Jun 14 13:00:00 
Jun 14 13:00:00 
Jun 14 13:00:00 🔔有机牧场, 开始!
Jun 14 13:00:00 您的cookie选择的是用&隔开
Jun 14 13:00:00 
Jun 14 13:00:00 
Jun 14 13:00:00 ====================共有2个京东账号Cookie=========
Jun 14 13:00:00 
Jun 14 13:00:01 ==================脚本执行- 北京时间(UTC+8)：6/14/2021, 1:00:00 PM=====================
Jun 14 13:00:01 
Jun 14 13:00:01 ==================脚本执行- 北京时间(UTC+8)：6/14/2021, 1:00:00 PM=====================
Jun 14 13:00:01 
Jun 14 13:00:01 
Jun 14 13:00:01 *******开始【京东账号1】455979050-14287437********
Jun 14 13:00:01 
Jun 14 13:00:01 
Jun 14 13:00:01 *******开始【京东账号1】455979050-14287437********
Jun 14 13:00:01 
Jun 14 13:00:01 成功获取到token
Jun 14 13:00:01 成功获取到token
Jun 14 13:00:01 成功获取到access_token
Jun 14 13:00:01 成功获取到access_token
Jun 14 13:00:02 京东返回了一段空数据
Jun 14 13:00:02 未设置兑奖关键字，暂时不兑换奖品
Jun 14 13:00:02 京东返回了一段空数据
Jun 14 13:00:02 未设置兑奖关键字，暂时不兑换奖品
Jun 14 13:01:39 connect ETIMEDOUT 34.92.123.4:443
Jun 14 13:01:39 214978
Jun 14 13:01:39 获取任务列表请成功
Jun 14 13:01:39 已完成日常签到任务
Jun 14 13:01:39 已完成所有浏览店铺任务
Jun 14 13:01:39 已完成所有加购任务
Jun 14 13:01:39 开始生产牛奶
Jun 14 13:01:40     └ 开始生产牛奶，完成生产需要6000秒
Jun 14 13:01:40 上架牛奶
Jun 14 13:01:40     └ 成功上架了1200箱牛奶
Jun 14 13:01:40 当前游戏金币：913700
Jun 14 13:01:40 当前农场等级：10
Jun 14 13:01:40 
Jun 14 13:01:40 *******开始【京东账号2】jd_7a84de20543eb********
Jun 14 13:01:40 
Jun 14 13:01:40 成功获取到token
Jun 14 13:01:40 connect ETIMEDOUT 34.92.123.4:443
Jun 14 13:01:40 214978
Jun 14 13:01:40 获取任务列表请成功
Jun 14 13:01:40 已完成日常签到任务
Jun 14 13:01:40 已完成所有浏览店铺任务
Jun 14 13:01:40 已完成所有加购任务
Jun 14 13:01:40 成功获取到access_token
Jun 14 13:01:40 上架牛奶
Jun 14 13:01:40     └ 发生错误： 暂无牛奶可上架
Jun 14 13:01:40 当前游戏金币：913700
Jun 14 13:01:40 当前农场等级：10
Jun 14 13:01:40 
Jun 14 13:01:40 *******开始【京东账号2】jd_7a84de20543eb********
Jun 14 13:01:40 
Jun 14 13:01:40 京东返回了一段空数据
Jun 14 13:01:40 未设置兑奖关键字，暂时不兑换奖品
Jun 14 13:01:40 成功获取到token
Jun 14 13:01:40 成功获取到access_token
Jun 14 13:01:40 京东返回了一段空数据
Jun 14 13:01:40 未设置兑奖关键字，暂时不兑换奖品
Jun 14 13:03:18Jun 14 13:03:18 connect ETIMEDOUT 34.92.123.4:443
 connect ETIMEDOUT 34.92.123.4:443
Jun 14 13:03:18 283302
Jun 14 13:03:18 283302
Jun 14 13:03:18 获取任务列表请成功
Jun 14 13:03:18 已完成日常签到任务
Jun 14 13:03:18 已完成所有浏览店铺任务
Jun 14 13:03:18 已完成所有加购任务
Jun 14 13:03:18 获取任务列表请成功
Jun 14 13:03:18 已完成日常签到任务
Jun 14 13:03:18 已完成所有浏览店铺任务
Jun 14 13:03:18 已完成所有加购任务
Jun 14 13:03:18 开始生产牛奶
Jun 14 13:03:18 开始生产牛奶
Jun 14 13:03:18     └ 开始生产牛奶，完成生产需要4800秒
Jun 14 13:03:18 上架牛奶
Jun 14 13:03:18     └ 发生错误： 已有牛奶正在生产中
Jun 14 13:03:18 上架牛奶
Jun 14 13:03:19     └ 成功上架了600箱牛奶
Jun 14 13:03:19 当前游戏金币：1040700
Jun 14 13:03:19 当前农场等级：8
Jun 14 13:03:19 
Jun 14 13:03:19 🔔有机牧场, 结束! 🕛 198.043 秒
Jun 14 13:03:19 
Jun 14 13:03:19     └ 发生错误： 暂无牛奶可上架
Jun 14 13:03:19 当前游戏金币：1040700
Jun 14 13:03:19 当前农场等级：8
Jun 14 13:03:19 
Jun 14 13:03:19 🔔有机牧场, 结束! 🕛 198.35 秒
Jun 14 13:03:19 
Jun 14 15:00:00 
Jun 14 15:00:00 🔔有机牧场, 开始!
Jun 14 15:00:00 
Jun 14 15:00:00 🔔有机牧场, 开始!
Jun 14 15:00:00 您的cookie选择的是用&隔开
Jun 14 15:00:00 
Jun 14 15:00:00 
Jun 14 15:00:00 ====================共有2个京东账号Cookie=========
Jun 14 15:00:00 
Jun 14 15:00:00 您的cookie选择的是用&隔开
Jun 14 15:00:00 
Jun 14 15:00:00 
Jun 14 15:00:00 ====================共有2个京东账号Cookie=========
Jun 14 15:00:00 
Jun 14 15:00:00 ==================脚本执行- 北京时间(UTC+8)：6/14/2021, 3:00:00 PM=====================
Jun 14 15:00:00 
Jun 14 15:00:00 ==================脚本执行- 北京时间(UTC+8)：6/14/2021, 3:00:00 PM=====================
Jun 14 15:00:00 
Jun 14 15:00:00 
Jun 14 15:00:00 *******开始【京东账号1】455979050-14287437********
Jun 14 15:00:00 
Jun 14 15:00:00 
Jun 14 15:00:00 *******开始【京东账号1】455979050-14287437********
Jun 14 15:00:00 
Jun 14 15:00:00 成功获取到token
Jun 14 15:00:00 成功获取到token
Jun 14 15:00:00 成功获取到access_token
Jun 14 15:00:00 成功获取到access_token
Jun 14 15:00:00 京东返回了一段空数据
Jun 14 15:00:00 未设置兑奖关键字，暂时不兑换奖品
Jun 14 15:00:00 京东返回了一段空数据
Jun 14 15:00:00 未设置兑奖关键字，暂时不兑换奖品
Jun 14 15:01:38Jun 14 15:01:38 connect ETIMEDOUT 34.92.123.4:443
 connect ETIMEDOUT 34.92.123.4:443
Jun 14 15:01:38 214978
Jun 14 15:01:38 214978
Jun 14 15:01:38 获取任务列表请成功
Jun 14 15:01:38 已完成日常签到任务
Jun 14 15:01:38 已完成所有浏览店铺任务
Jun 14 15:01:38 已完成所有加购任务
Jun 14 15:01:38 获取任务列表请成功
Jun 14 15:01:38 已完成日常签到任务
Jun 14 15:01:38 已完成所有浏览店铺任务
Jun 14 15:01:38 已完成所有加购任务
Jun 14 15:01:38 开始生产牛奶
Jun 14 15:01:38 开始生产牛奶
Jun 14 15:01:38     └ 开始生产牛奶，完成生产需要6000秒
Jun 14 15:01:38 上架牛奶
Jun 14 15:01:38     └ 发生错误： 已有牛奶正在生产中
Jun 14 15:01:38 上架牛奶
Jun 14 15:01:38     └ 发生错误： 牛奶正在上架中
Jun 14 15:01:38 当前游戏金币：1033700
Jun 14 15:01:38 当前农场等级：10
Jun 14 15:01:38 
Jun 14 15:01:38 *******开始【京东账号2】jd_7a84de20543eb********
Jun 14 15:01:38 
Jun 14 15:01:38     └ 成功上架了1200箱牛奶
Jun 14 15:01:38 当前游戏金币：1033700
Jun 14 15:01:38 当前农场等级：10
Jun 14 15:01:38 
Jun 14 15:01:38 *******开始【京东账号2】jd_7a84de20543eb********
Jun 14 15:01:38 
Jun 14 15:01:38 成功获取到token
Jun 14 15:01:38 成功获取到token
Jun 14 15:01:39 成功获取到access_token
Jun 14 15:01:39 成功获取到access_token
Jun 14 15:01:39 京东返回了一段空数据
Jun 14 15:01:39 未设置兑奖关键字，暂时不兑换奖品
Jun 14 15:01:39 京东返回了一段空数据
Jun 14 15:01:39 未设置兑奖关键字，暂时不兑换奖品
Jun 14 15:03:16Jun 14 15:03:16 connect ETIMEDOUT 34.92.123.4:443
 connect ETIMEDOUT 34.92.123.4:443
Jun 14 15:03:16 283302
Jun 14 15:03:16 283302
Jun 14 15:03:16 获取任务列表请成功
Jun 14 15:03:16 已完成日常签到任务
Jun 14 15:03:16 已完成所有浏览店铺任务
Jun 14 15:03:16 已完成所有加购任务
Jun 14 15:03:16 获取任务列表请成功
Jun 14 15:03:16 已完成日常签到任务
Jun 14 15:03:16 已完成所有浏览店铺任务
Jun 14 15:03:16 已完成所有加购任务
Jun 14 15:03:16 开始生产牛奶
Jun 14 15:03:16 开始生产牛奶
Jun 14 15:03:17     └ 发生错误： 请勿频繁操作
Jun 14 15:03:17 上架牛奶
Jun 14 15:03:17     └ 开始生产牛奶，完成生产需要4800秒
Jun 14 15:03:17 上架牛奶
Jun 14 15:03:17     └ 发生错误： 牛奶正在上架中
Jun 14 15:03:17 当前游戏金币：1100700
Jun 14 15:03:17 当前农场等级：8
Jun 14 15:03:17 升级农场
Jun 14 15:03:17     └ 成功上架了600箱牛奶
Jun 14 15:03:17 当前游戏金币：1100700
Jun 14 15:03:17 当前农场等级：8
Jun 14 15:03:17 升级农场
Jun 14 15:03:17     └ 发生错误： 工厂正在扩建中
Jun 14 15:03:17     └ 升级成功，当前农场等级: 8级
Jun 14 15:03:17     └ 开始生产牛奶，完成生产需要5400秒
Jun 14 15:03:17 
Jun 14 15:03:17 🔔有机牧场, 结束! 🕛 197.14 秒
Jun 14 15:03:17 
Jun 14 15:03:17     └ 发生错误： 已有牛奶正在生产中
Jun 14 15:03:17 
Jun 14 15:03:17 🔔有机牧场, 结束! 🕛 197.181 秒
Jun 14 15:03:17 
Jun 14 17:00:00 
Jun 14 17:00:00 🔔有机牧场, 开始!
Jun 14 17:00:00 您的cookie选择的是用&隔开
Jun 14 17:00:00 
Jun 14 17:00:00 
Jun 14 17:00:00 ====================共有2个京东账号Cookie=========
Jun 14 17:00:00 
Jun 14 17:00:00 
Jun 14 17:00:00 🔔有机牧场, 开始!
Jun 14 17:00:00 您的cookie选择的是用&隔开
Jun 14 17:00:00 
Jun 14 17:00:00 
Jun 14 17:00:00 ====================共有2个京东账号Cookie=========
Jun 14 17:00:00 
Jun 14 17:00:00 ==================脚本执行- 北京时间(UTC+8)：6/14/2021, 5:00:00 PM=====================
Jun 14 17:00:00 
Jun 14 17:00:00 ==================脚本执行- 北京时间(UTC+8)：6/14/2021, 5:00:00 PM=====================
Jun 14 17:00:00 
Jun 14 17:00:00 
Jun 14 17:00:00 *******开始【京东账号1】455979050-14287437********
Jun 14 17:00:00 
Jun 14 17:00:00 
Jun 14 17:00:00 *******开始【京东账号1】455979050-14287437********
Jun 14 17:00:00 
Jun 14 17:00:00 成功获取到token
Jun 14 17:00:00 成功获取到token
Jun 14 17:00:00 成功获取到access_token
Jun 14 17:00:00 成功获取到access_token
Jun 14 17:00:01 京东返回了一段空数据
Jun 14 17:00:01 未设置兑奖关键字，暂时不兑换奖品
Jun 14 17:00:01 京东返回了一段空数据
Jun 14 17:00:01 未设置兑奖关键字，暂时不兑换奖品
Jun 14 17:01:38 connect ETIMEDOUT 34.92.123.4:443
Jun 14 17:01:38 214978
Jun 14 17:01:38 connect ETIMEDOUT 34.92.123.4:443
Jun 14 17:01:38 214978
Jun 14 17:01:38 获取任务列表请成功
Jun 14 17:01:38 已完成日常签到任务
Jun 14 17:01:38 已完成所有浏览店铺任务
Jun 14 17:01:38 已完成所有加购任务
Jun 14 17:01:38 获取任务列表请成功
Jun 14 17:01:38 已完成日常签到任务
Jun 14 17:01:38 已完成所有浏览店铺任务
Jun 14 17:01:38 已完成所有加购任务
Jun 14 17:01:38 开始生产牛奶
Jun 14 17:01:38     └ 发生错误： 活动火爆，请稍后再试
Jun 14 17:01:38 上架牛奶
Jun 14 17:01:38 开始生产牛奶
Jun 14 17:01:38     └ 发生错误： 活动火爆，请稍后再试
Jun 14 17:01:38 上架牛奶
Jun 14 17:01:39     └ 成功上架了1200箱牛奶
Jun 14 17:01:39 当前游戏金币：1153700
Jun 14 17:01:39 当前农场等级：10
Jun 14 17:01:39 
Jun 14 17:01:39 *******开始【京东账号2】jd_7a84de20543eb********
Jun 14 17:01:39 
Jun 14 17:01:39     └ 发生错误： 暂无牛奶可上架
Jun 14 17:01:39 当前游戏金币：1153700
Jun 14 17:01:39 当前农场等级：10
Jun 14 17:01:39 
Jun 14 17:01:39 *******开始【京东账号2】jd_7a84de20543eb********
Jun 14 17:01:39 
Jun 14 17:01:39 成功获取到token
Jun 14 17:01:39 成功获取到token
Jun 14 17:01:39 成功获取到access_token
Jun 14 17:01:39 成功获取到access_token
Jun 14 17:01:39 京东返回了一段空数据
Jun 14 17:01:39 未设置兑奖关键字，暂时不兑换奖品
Jun 14 17:01:39 京东返回了一段空数据
Jun 14 17:01:39 未设置兑奖关键字，暂时不兑换奖品
Jun 14 17:03:17Jun 14 17:03:17 connect ETIMEDOUT 34.92.123.4:443
 connect ETIMEDOUT 34.92.123.4:443
Jun 14 17:03:17Jun 14 17:03:17 283302
 283302
Jun 14 17:03:17 获取任务列表请成功
Jun 14 17:03:17 已完成日常签到任务
Jun 14 17:03:17 已完成所有浏览店铺任务
Jun 14 17:03:17 已完成所有加购任务
Jun 14 17:03:17 获取任务列表请成功
Jun 14 17:03:17 已完成日常签到任务
Jun 14 17:03:17 已完成所有浏览店铺任务
Jun 14 17:03:17 已完成所有加购任务
Jun 14 17:03:17 开始生产牛奶
Jun 14 17:03:17     └ 开始生产牛奶，完成生产需要5400秒
Jun 14 17:03:17 上架牛奶
Jun 14 17:03:17 开始生产牛奶
Jun 14 17:03:17     └ 成功上架了900箱牛奶
Jun 14 17:03:17 当前游戏金币：107700
Jun 14 17:03:17 当前农场等级：9
Jun 14 17:03:17 
Jun 14 17:03:17 🔔有机牧场, 结束! 🕛 196.888 秒
Jun 14 17:03:17 
Jun 14 17:03:17     └ 发生错误： 已有牛奶正在生产中
Jun 14 17:03:17 上架牛奶
Jun 14 17:03:17     └ 发生错误： 暂无牛奶可上架
Jun 14 17:03:17 当前游戏金币：107700
Jun 14 17:03:17 当前农场等级：9
Jun 14 17:03:17 
Jun 14 17:03:17 🔔有机牧场, 结束! 🕛 196.96 秒
Jun 14 17:03:17 
Jun 14 19:00:00 
Jun 14 19:00:00 🔔有机牧场, 开始!
Jun 14 19:00:00 您的cookie选择的是用&隔开
Jun 14 19:00:00 
Jun 14 19:00:00 
Jun 14 19:00:00 ====================共有2个京东账号Cookie=========
Jun 14 19:00:00 
Jun 14 19:00:00 
Jun 14 19:00:00 🔔有机牧场, 开始!
Jun 14 19:00:00 您的cookie选择的是用&隔开
Jun 14 19:00:00 
Jun 14 19:00:00 
Jun 14 19:00:00 ====================共有2个京东账号Cookie=========
Jun 14 19:00:00 
Jun 14 19:00:00 ==================脚本执行- 北京时间(UTC+8)：6/14/2021, 7:00:00 PM=====================
Jun 14 19:00:00 
Jun 14 19:00:00 
Jun 14 19:00:00 *******开始【京东账号1】455979050-14287437********
Jun 14 19:00:00 
Jun 14 19:00:00 ==================脚本执行- 北京时间(UTC+8)：6/14/2021, 7:00:00 PM=====================
Jun 14 19:00:00 
Jun 14 19:00:00 
Jun 14 19:00:00 *******开始【京东账号1】455979050-14287437********
Jun 14 19:00:00 
Jun 14 19:00:01 成功获取到token
Jun 14 19:00:01 成功获取到token
Jun 14 19:00:01 成功获取到access_token
Jun 14 19:00:01 成功获取到access_token
Jun 14 19:00:01 京东返回了一段空数据
Jun 14 19:00:01 未设置兑奖关键字，暂时不兑换奖品
Jun 14 19:00:01 京东返回了一段空数据
Jun 14 19:00:01 未设置兑奖关键字，暂时不兑换奖品
Jun 14 19:01:38 connect ETIMEDOUT 34.92.123.4:443
Jun 14 19:01:38 214978
Jun 14 19:01:39 获取任务列表请成功
Jun 14 19:01:39 已完成日常签到任务
Jun 14 19:01:39 已完成所有浏览店铺任务
Jun 14 19:01:39 已完成所有加购任务
Jun 14 19:01:39 开始生产牛奶
Jun 14 19:01:39     └ 开始生产牛奶，完成生产需要6000秒
Jun 14 19:01:39 上架牛奶
Jun 14 19:01:39     └ 发生错误： 暂无牛奶可上架
Jun 14 19:01:39 当前游戏金币：1273700
Jun 14 19:01:39 当前农场等级：10
Jun 14 19:01:39 
Jun 14 19:01:39 *******开始【京东账号2】jd_7a84de20543eb********
Jun 14 19:01:39 
Jun 14 19:01:39 成功获取到token
Jun 14 19:01:39 成功获取到access_token
Jun 14 19:01:39 京东返回了一段空数据
Jun 14 19:01:39 未设置兑奖关键字，暂时不兑换奖品
Jun 14 19:01:39 connect ETIMEDOUT 34.92.123.4:443
Jun 14 19:01:39 214978
Jun 14 19:01:39 获取任务列表请成功
Jun 14 19:01:39 已完成日常签到任务
Jun 14 19:01:39 已完成所有浏览店铺任务
Jun 14 19:01:39 已完成所有加购任务
Jun 14 19:01:39 上架牛奶
Jun 14 19:01:39     └ 发生错误： 暂无牛奶可上架
Jun 14 19:01:39 当前游戏金币：1273700
Jun 14 19:01:39 当前农场等级：10
Jun 14 19:01:39 
Jun 14 19:01:39 *******开始【京东账号2】jd_7a84de20543eb********
Jun 14 19:01:39 
Jun 14 19:01:40 成功获取到token
Jun 14 19:01:40 成功获取到access_token
Jun 14 19:01:40 京东返回了一段空数据
Jun 14 19:01:40 未设置兑奖关键字，暂时不兑换奖品
Jun 14 19:03:17 connect ETIMEDOUT 34.92.123.4:443
Jun 14 19:03:17 283302
Jun 14 19:03:17 获取任务列表请成功
Jun 14 19:03:17 已完成日常签到任务
Jun 14 19:03:17 已完成所有浏览店铺任务
Jun 14 19:03:17 已完成所有加购任务
Jun 14 19:03:17 开始生产牛奶
Jun 14 19:03:17     └ 开始生产牛奶，完成生产需要5400秒
Jun 14 19:03:17 上架牛奶
Jun 14 19:03:17     └ 成功上架了900箱牛奶
Jun 14 19:03:17 当前游戏金币：197700
Jun 14 19:03:17 当前农场等级：9
Jun 14 19:03:17 
Jun 14 19:03:17 🔔有机牧场, 结束! 🕛 196.902 秒
Jun 14 19:03:17 
Jun 14 19:03:18 connect ETIMEDOUT 34.92.123.4:443
Jun 14 19:03:18 283302
Jun 14 19:03:18 获取任务列表请成功
Jun 14 19:03:18 已完成日常签到任务
Jun 14 19:03:18 已完成所有浏览店铺任务
Jun 14 19:03:18 已完成所有加购任务
Jun 14 19:03:18 上架牛奶
Jun 14 19:03:18     └ 发生错误： 暂无牛奶可上架
Jun 14 19:03:18 当前游戏金币：197800
Jun 14 19:03:18 当前农场等级：9
Jun 14 19:03:18 
Jun 14 19:03:18 🔔有机牧场, 结束! 🕛 197.87 秒
Jun 14 19:03:18 
Jun 14 21:00:00 
Jun 14 21:00:00 🔔有机牧场, 开始!
Jun 14 21:00:00 您的cookie选择的是用&隔开
Jun 14 21:00:00 
Jun 14 21:00:00 
Jun 14 21:00:00 ====================共有2个京东账号Cookie=========
Jun 14 21:00:00 
Jun 14 21:00:00 
Jun 14 21:00:00 🔔有机牧场, 开始!
Jun 14 21:00:00 您的cookie选择的是用&隔开
Jun 14 21:00:00 
Jun 14 21:00:00 
Jun 14 21:00:00 ====================共有2个京东账号Cookie=========
Jun 14 21:00:00 
Jun 14 21:00:01 ==================脚本执行- 北京时间(UTC+8)：6/14/2021, 9:00:00 PM=====================
Jun 14 21:00:01 
Jun 14 21:00:01 ==================脚本执行- 北京时间(UTC+8)：6/14/2021, 9:00:00 PM=====================
Jun 14 21:00:01 
Jun 14 21:00:01 
Jun 14 21:00:01 *******开始【京东账号1】455979050-14287437********
Jun 14 21:00:01 
Jun 14 21:00:01 
Jun 14 21:00:01 *******开始【京东账号1】455979050-14287437********
Jun 14 21:00:01 
Jun 14 21:00:01 成功获取到token
Jun 14 21:00:01 成功获取到token
Jun 14 21:00:01 成功获取到access_token
Jun 14 21:00:01 成功获取到access_token
Jun 14 21:00:01 京东返回了一段空数据
Jun 14 21:00:01 未设置兑奖关键字，暂时不兑换奖品
Jun 14 21:00:01 京东返回了一段空数据
Jun 14 21:00:01 未设置兑奖关键字，暂时不兑换奖品
Jun 14 21:01:39 connect ETIMEDOUT 34.92.123.4:443
Jun 14 21:01:39 214978
Jun 14 21:01:39 获取任务列表请成功
Jun 14 21:01:39 已完成日常签到任务
Jun 14 21:01:39 已完成所有浏览店铺任务
Jun 14 21:01:39 已完成所有加购任务
Jun 14 21:01:39 开始生产牛奶
Jun 14 21:01:39 connect ETIMEDOUT 34.92.123.4:443
Jun 14 21:01:39 214978
Jun 14 21:01:39     └ 开始生产牛奶，完成生产需要6000秒
Jun 14 21:01:39 上架牛奶
Jun 14 21:01:39 获取任务列表请成功
Jun 14 21:01:39 已完成日常签到任务
Jun 14 21:01:39 已完成所有浏览店铺任务
Jun 14 21:01:39 已完成所有加购任务
Jun 14 21:01:39     └ 成功上架了1200箱牛奶
Jun 14 21:01:39 当前游戏金币：1273700
Jun 14 21:01:39 当前农场等级：10
Jun 14 21:01:39 上架牛奶
Jun 14 21:01:39 
Jun 14 21:01:39 *******开始【京东账号2】jd_7a84de20543eb********
Jun 14 21:01:39 
Jun 14 21:01:39     └ 发生错误： 暂无牛奶可上架
Jun 14 21:01:39 当前游戏金币：1273700
Jun 14 21:01:39 当前农场等级：10
Jun 14 21:01:39 
Jun 14 21:01:39 *******开始【京东账号2】jd_7a84de20543eb********
Jun 14 21:01:39 
Jun 14 21:01:39 成功获取到token
Jun 14 21:01:40 成功获取到token
Jun 14 21:01:40 成功获取到access_token
Jun 14 21:01:40 成功获取到access_token
Jun 14 21:01:40 京东返回了一段空数据
Jun 14 21:01:40 未设置兑奖关键字，暂时不兑换奖品
Jun 14 21:01:40 京东返回了一段空数据
Jun 14 21:01:40 未设置兑奖关键字，暂时不兑换奖品
Jun 14 21:03:17 connect ETIMEDOUT 34.92.123.4:443
Jun 14 21:03:17 283302
Jun 14 21:03:17 connect ETIMEDOUT 34.92.123.4:443
Jun 14 21:03:17 283302
Jun 14 21:03:17 获取任务列表请成功
Jun 14 21:03:17 已完成日常签到任务
Jun 14 21:03:17 已完成所有浏览店铺任务
Jun 14 21:03:17 已完成所有加购任务
Jun 14 21:03:17 获取任务列表请成功
Jun 14 21:03:17 已完成日常签到任务
Jun 14 21:03:17 已完成所有浏览店铺任务
Jun 14 21:03:17 已完成所有加购任务
Jun 14 21:03:17 开始生产牛奶
Jun 14 21:03:17 开始生产牛奶
Jun 14 21:03:17     └ 发生错误： 请勿频繁操作
Jun 14 21:03:17 上架牛奶
Jun 14 21:03:17     └ 开始生产牛奶，完成生产需要5400秒
Jun 14 21:03:17 上架牛奶
Jun 14 21:03:18     └ 发生错误： 牛奶正在上架中
Jun 14 21:03:18 当前游戏金币：287700
Jun 14 21:03:18 当前农场等级：9
Jun 14 21:03:18 
Jun 14 21:03:18 🔔有机牧场, 结束! 🕛 197.082 秒
Jun 14 21:03:18 
Jun 14 21:03:18     └ 成功上架了900箱牛奶
Jun 14 21:03:18 当前游戏金币：287700
Jun 14 21:03:18 当前农场等级：9
Jun 14 21:03:18 
Jun 14 21:03:18 🔔有机牧场, 结束! 🕛 197.105 秒
Jun 14 21:03:18 
Jun 15 00:00:00 
Jun 15 00:00:00 🔔有机牧场, 开始!
Jun 15 00:00:00 您的cookie选择的是用&隔开
Jun 15 00:00:00 
Jun 15 00:00:00 
Jun 15 00:00:00 ====================共有2个京东账号Cookie=========
Jun 15 00:00:00 
Jun 15 00:00:01 ==================脚本执行- 北京时间(UTC+8)：6/15/2021, 12:00:00 AM=====================
Jun 15 00:00:01 
Jun 15 00:00:01 
Jun 15 00:00:01 *******开始【京东账号1】455979050-14287437********
Jun 15 00:00:01 
Jun 15 00:00:01 
Jun 15 00:00:01 🔔有机牧场, 开始!
Jun 15 00:00:01 您的cookie选择的是用&隔开
Jun 15 00:00:01 
Jun 15 00:00:01 
Jun 15 00:00:01 ====================共有2个京东账号Cookie=========
Jun 15 00:00:01 
Jun 15 00:00:01 ==================脚本执行- 北京时间(UTC+8)：6/15/2021, 12:00:01 AM=====================
Jun 15 00:00:01 
Jun 15 00:00:02 
Jun 15 00:00:02 *******开始【京东账号1】455979050-14287437********
Jun 15 00:00:02 
Jun 15 00:00:02 成功获取到token
Jun 15 00:00:03 成功获取到access_token
Jun 15 00:00:03 成功获取到token
Jun 15 00:00:03 成功获取到access_token
Jun 15 00:00:03 京东返回了一段空数据
Jun 15 00:00:03 未设置兑奖关键字，暂时不兑换奖品
Jun 15 00:00:03 京东返回了一段空数据
Jun 15 00:00:03 未设置兑奖关键字，暂时不兑换奖品
Jun 15 00:01:41 connect ETIMEDOUT 34.92.123.4:443
Jun 15 00:01:41 执行开卡任务
Jun 15 00:01:41     └ 发生错误： 邀请人不存在
Jun 15 00:01:41 为助力池用户助力
Jun 15 00:01:41     └ 发生错误： 邀请人不存在
Jun 15 00:01:41 为尽可能公平的助力，只提交ck列表中前半部分ck的助力码。
Jun 15 00:01:41 214978
Jun 15 00:01:41 获取任务列表请成功
Jun 15 00:01:41 执行日常签到任务
Jun 15 00:01:41     └ 完成任务，获得 1100个金币
Jun 15 00:01:41 已完成所有浏览店铺任务
Jun 15 00:01:41 已完成所有加购任务
Jun 15 00:01:41 开始生产牛奶
Jun 15 00:01:41     └ 开始生产牛奶，完成生产需要6000秒
Jun 15 00:01:41 上架牛奶
Jun 15 00:01:42     └ 成功上架了1200箱牛奶
Jun 15 00:01:42 当前游戏金币：1394800
Jun 15 00:01:42 当前农场等级：10
Jun 15 00:01:42 
Jun 15 00:01:42 *******开始【京东账号2】jd_7a84de20543eb********
Jun 15 00:01:42 
Jun 15 00:01:42 connect ETIMEDOUT 34.92.123.4:443
Jun 15 00:01:42 214978
Jun 15 00:01:42 成功获取到token
Jun 15 00:01:42 获取任务列表请成功
Jun 15 00:01:42 已完成日常签到任务
Jun 15 00:01:42 已完成所有浏览店铺任务
Jun 15 00:01:42 已完成所有加购任务
Jun 15 00:01:42 成功获取到access_token
Jun 15 00:01:42 上架牛奶
Jun 15 00:01:42     └ 发生错误： 暂无牛奶可上架
Jun 15 00:01:42 当前游戏金币：1394800
Jun 15 00:01:42 当前农场等级：10
Jun 15 00:01:42 
Jun 15 00:01:42 *******开始【京东账号2】jd_7a84de20543eb********
Jun 15 00:01:42 
Jun 15 00:01:42 成功获取到token
Jun 15 00:01:42 京东返回了一段空数据
Jun 15 00:01:42 未设置兑奖关键字，暂时不兑换奖品
Jun 15 00:01:42 成功获取到access_token
Jun 15 00:01:42 京东返回了一段空数据
Jun 15 00:01:42 未设置兑奖关键字，暂时不兑换奖品
Jun 15 00:03:19 connect ETIMEDOUT 34.92.123.4:443
Jun 15 00:03:19 执行开卡任务
Jun 15 00:03:19     └ 发生错误： 邀请人不存在
Jun 15 00:03:20 为助力池用户助力
Jun 15 00:03:20     └ 发生错误： 邀请人不存在
Jun 15 00:03:20 为尽可能公平的助力，只提交ck列表中前半部分ck的助力码。
Jun 15 00:03:20 283302
Jun 15 00:03:20 获取任务列表请成功
Jun 15 00:03:20 执行日常签到任务
Jun 15 00:03:20 connect ETIMEDOUT 34.92.123.4:443
Jun 15 00:03:20 283302
Jun 15 00:03:20 获取任务列表请成功
Jun 15 00:03:20 执行日常签到任务
Jun 15 00:03:20     └ 完成任务，获得 1000个金币
Jun 15 00:03:20 已完成所有浏览店铺任务
Jun 15 00:03:20 已完成所有加购任务
Jun 15 00:03:20     └ 发生错误： 今天已签到
Jun 15 00:03:20 已完成所有浏览店铺任务
Jun 15 00:03:20 已完成所有加购任务
Jun 15 00:03:20 开始生产牛奶
Jun 15 00:03:20 开始生产牛奶
Jun 15 00:03:20     └ 开始生产牛奶，完成生产需要5400秒
Jun 15 00:03:20 上架牛奶
Jun 15 00:03:20     └ 发生错误： 已有牛奶正在生产中
Jun 15 00:03:20 上架牛奶
Jun 15 00:03:20     └ 成功上架了900箱牛奶
Jun 15 00:03:20 当前游戏金币：378700
Jun 15 00:03:20 当前农场等级：9
Jun 15 00:03:20 
Jun 15 00:03:20 🔔有机牧场, 结束! 🕛 199.803 秒
Jun 15 00:03:20 
Jun 15 00:03:20     └ 发生错误： 暂无牛奶可上架
Jun 15 00:03:20 当前游戏金币：378700
Jun 15 00:03:20 当前农场等级：9
Jun 15 00:03:20 
Jun 15 00:03:20 🔔有机牧场, 结束! 🕛 199.157 秒
Jun 15 00:03:20 
Jun 15 01:00:00 
Jun 15 01:00:00 🔔有机牧场, 开始!
Jun 15 01:00:00 您的cookie选择的是用&隔开
Jun 15 01:00:00 
Jun 15 01:00:00 
Jun 15 01:00:00 ====================共有2个京东账号Cookie=========
Jun 15 01:00:00 
Jun 15 01:00:00 ==================脚本执行- 北京时间(UTC+8)：6/15/2021, 1:00:00 AM=====================
Jun 15 01:00:00 
Jun 15 01:00:00 
Jun 15 01:00:00 🔔有机牧场, 开始!
Jun 15 01:00:00 您的cookie选择的是用&隔开
Jun 15 01:00:00 
Jun 15 01:00:00 
Jun 15 01:00:00 ====================共有2个京东账号Cookie=========
Jun 15 01:00:00 
Jun 15 01:00:00 
Jun 15 01:00:00 *******开始【京东账号1】455979050-14287437********
Jun 15 01:00:00 
Jun 15 01:00:00 ==================脚本执行- 北京时间(UTC+8)：6/15/2021, 1:00:00 AM=====================
Jun 15 01:00:00 
Jun 15 01:00:00 
Jun 15 01:00:00 *******开始【京东账号1】455979050-14287437********
Jun 15 01:00:00 
Jun 15 01:00:00 成功获取到token
Jun 15 01:00:00 成功获取到token
Jun 15 01:00:00 成功获取到access_token
Jun 15 01:00:00 成功获取到access_token
Jun 15 01:00:01 京东返回了一段空数据
Jun 15 01:00:01 未设置兑奖关键字，暂时不兑换奖品
Jun 15 01:00:01 京东返回了一段空数据
Jun 15 01:00:01 未设置兑奖关键字，暂时不兑换奖品
Jun 15 01:01:38 connect ETIMEDOUT 34.92.123.4:443
Jun 15 01:01:38 214978
Jun 15 01:01:38 获取任务列表请成功
Jun 15 01:01:38 已完成日常签到任务
Jun 15 01:01:38 已完成所有浏览店铺任务
Jun 15 01:01:38 已完成所有加购任务
Jun 15 01:01:38 上架牛奶
Jun 15 01:01:38     └ 成功上架了719箱牛奶
Jun 15 01:01:38 当前游戏金币：1514800
Jun 15 01:01:38 当前农场等级：10
Jun 15 01:01:38 
Jun 15 01:01:38 *******开始【京东账号2】jd_7a84de20543eb********
Jun 15 01:01:38 
Jun 15 01:01:38 connect ETIMEDOUT 34.92.123.4:443
Jun 15 01:01:38 214978
Jun 15 01:01:39 获取任务列表请成功
Jun 15 01:01:39 已完成日常签到任务
Jun 15 01:01:39 已完成所有浏览店铺任务
Jun 15 01:01:39 已完成所有加购任务
Jun 15 01:01:39 成功获取到token
Jun 15 01:01:39 上架牛奶
Jun 15 01:01:39 成功获取到access_token
Jun 15 01:01:39     └ 发生错误： 暂无牛奶可上架
Jun 15 01:01:39 当前游戏金币：1514900
Jun 15 01:01:39 当前农场等级：10
Jun 15 01:01:39 
Jun 15 01:01:39 *******开始【京东账号2】jd_7a84de20543eb********
Jun 15 01:01:39 
Jun 15 01:01:39 成功获取到token
Jun 15 01:01:39 京东返回了一段空数据
Jun 15 01:01:39 未设置兑奖关键字，暂时不兑换奖品
Jun 15 01:01:39 成功获取到access_token
Jun 15 01:01:39 京东返回了一段空数据
Jun 15 01:01:39 未设置兑奖关键字，暂时不兑换奖品
Jun 15 01:03:17 connect ETIMEDOUT 34.92.123.4:443
Jun 15 01:03:17 283302
Jun 15 01:03:17 获取任务列表请成功
Jun 15 01:03:17 已完成日常签到任务
Jun 15 01:03:17 已完成所有浏览店铺任务
Jun 15 01:03:17 已完成所有加购任务
Jun 15 01:03:17 上架牛奶
Jun 15 01:03:17     └ 成功上架了599箱牛奶
Jun 15 01:03:17 当前游戏金币：468700
Jun 15 01:03:17 当前农场等级：9
Jun 15 01:03:17 
Jun 15 01:03:17 🔔有机牧场, 结束! 🕛 197.09 秒
Jun 15 01:03:17 
Jun 15 01:03:18 connect ETIMEDOUT 34.92.123.4:443
Jun 15 01:03:18 283302
Jun 15 01:03:18 获取任务列表请成功
Jun 15 01:03:18 已完成日常签到任务
Jun 15 01:03:18 已完成所有浏览店铺任务
Jun 15 01:03:18 已完成所有加购任务
Jun 15 01:03:18 上架牛奶
Jun 15 01:03:18     └ 发生错误： 暂无牛奶可上架
Jun 15 01:03:18 当前游戏金币：468800
Jun 15 01:03:18 当前农场等级：9
Jun 15 01:03:18 
Jun 15 01:03:18 🔔有机牧场, 结束! 🕛 197.914 秒
Jun 15 01:03:18 
Jun 15 03:00:00 
Jun 15 03:00:00 🔔有机牧场, 开始!
Jun 15 03:00:00 您的cookie选择的是用&隔开
Jun 15 03:00:00 
Jun 15 03:00:00 
Jun 15 03:00:00 ====================共有2个京东账号Cookie=========
Jun 15 03:00:00 
Jun 15 03:00:00 
Jun 15 03:00:00 🔔有机牧场, 开始!
Jun 15 03:00:00 您的cookie选择的是用&隔开
Jun 15 03:00:00 
Jun 15 03:00:00 
Jun 15 03:00:00 ====================共有2个京东账号Cookie=========
Jun 15 03:00:00 
Jun 15 03:00:00 ==================脚本执行- 北京时间(UTC+8)：6/15/2021, 3:00:00 AM=====================
Jun 15 03:00:00 
Jun 15 03:00:00 ==================脚本执行- 北京时间(UTC+8)：6/15/2021, 3:00:00 AM=====================
Jun 15 03:00:00 
Jun 15 03:00:00 
Jun 15 03:00:00 *******开始【京东账号1】455979050-14287437********
Jun 15 03:00:00 
Jun 15 03:00:00 
Jun 15 03:00:00 *******开始【京东账号1】455979050-14287437********
Jun 15 03:00:00 
Jun 15 03:00:00 成功获取到token
Jun 15 03:00:00 成功获取到token
Jun 15 03:00:01 成功获取到access_token
Jun 15 03:00:01 成功获取到access_token
Jun 15 03:00:01 京东返回了一段空数据
Jun 15 03:00:01 未设置兑奖关键字，暂时不兑换奖品
Jun 15 03:00:01 京东返回了一段空数据
Jun 15 03:00:01 未设置兑奖关键字，暂时不兑换奖品
Jun 15 03:01:38 connect ETIMEDOUT 34.92.123.4:443
Jun 15 03:01:38 214978
Jun 15 03:01:39 获取任务列表请成功
Jun 15 03:01:39 已完成日常签到任务
Jun 15 03:01:39 已完成所有浏览店铺任务
Jun 15 03:01:39 已完成所有加购任务
Jun 15 03:01:39 开始生产牛奶
Jun 15 03:01:39     └ 开始生产牛奶，完成生产需要6000秒
Jun 15 03:01:39 上架牛奶
Jun 15 03:01:39 connect ETIMEDOUT 34.92.123.4:443
Jun 15 03:01:39 214978
Jun 15 03:01:39 获取任务列表请成功
Jun 15 03:01:39 已完成日常签到任务
Jun 15 03:01:39 已完成所有浏览店铺任务
Jun 15 03:01:39 已完成所有加购任务
Jun 15 03:01:39     └ 成功上架了481箱牛奶
Jun 15 03:01:39 当前游戏金币：1586700
Jun 15 03:01:39 当前农场等级：10
Jun 15 03:01:39 
Jun 15 03:01:39 *******开始【京东账号2】jd_7a84de20543eb********
Jun 15 03:01:39 
Jun 15 03:01:39 上架牛奶
Jun 15 03:01:39     └ 发生错误： 暂无牛奶可上架
Jun 15 03:01:39 当前游戏金币：1586700
Jun 15 03:01:39 当前农场等级：10
Jun 15 03:01:39 
Jun 15 03:01:39 *******开始【京东账号2】jd_7a84de20543eb********
Jun 15 03:01:39 
Jun 15 03:01:39 成功获取到token
Jun 15 03:01:39 成功获取到access_token
Jun 15 03:01:39 成功获取到token
Jun 15 03:01:39 成功获取到access_token
Jun 15 03:01:39 京东返回了一段空数据
Jun 15 03:01:39 未设置兑奖关键字，暂时不兑换奖品
Jun 15 03:01:39 京东返回了一段空数据
Jun 15 03:01:39 未设置兑奖关键字，暂时不兑换奖品
Jun 15 03:03:17Jun 15 03:03:17 connect ETIMEDOUT 34.92.123.4:443
 connect ETIMEDOUT 34.92.123.4:443
Jun 15 03:03:17 283302
Jun 15 03:03:17 283302
Jun 15 03:03:17 获取任务列表请成功
Jun 15 03:03:17 已完成日常签到任务
Jun 15 03:03:17 已完成所有浏览店铺任务
Jun 15 03:03:17 已完成所有加购任务
Jun 15 03:03:17 获取任务列表请成功
Jun 15 03:03:17 已完成日常签到任务
Jun 15 03:03:17 已完成所有浏览店铺任务
Jun 15 03:03:17 已完成所有加购任务
Jun 15 03:03:17 开始生产牛奶
Jun 15 03:03:17 开始生产牛奶
Jun 15 03:03:17     └ 发生错误： 请勿频繁操作
Jun 15 03:03:17 上架牛奶
Jun 15 03:03:17     └ 开始生产牛奶，完成生产需要5400秒
Jun 15 03:03:17 上架牛奶
Jun 15 03:03:17     └ 发生错误： 牛奶正在上架中
Jun 15 03:03:17 当前游戏金币：528600
Jun 15 03:03:17 当前农场等级：9
Jun 15 03:03:17 
Jun 15 03:03:17 🔔有机牧场, 结束! 🕛 196.974 秒
Jun 15 03:03:17 
Jun 15 03:03:17     └ 成功上架了301箱牛奶
Jun 15 03:03:17 当前游戏金币：528600
Jun 15 03:03:17 当前农场等级：9
Jun 15 03:03:17 
Jun 15 03:03:17 🔔有机牧场, 结束! 🕛 197.018 秒
Jun 15 03:03:17 
Jun 15 05:00:00 
Jun 15 05:00:00 🔔有机牧场, 开始!
Jun 15 05:00:00 您的cookie选择的是用&隔开
Jun 15 05:00:00 
Jun 15 05:00:00 
Jun 15 05:00:00 ====================共有2个京东账号Cookie=========
Jun 15 05:00:00 
Jun 15 05:00:00 ==================脚本执行- 北京时间(UTC+8)：6/15/2021, 5:00:00 AM=====================
Jun 15 05:00:00 
Jun 15 05:00:00 
Jun 15 05:00:00 🔔有机牧场, 开始!
Jun 15 05:00:00 您的cookie选择的是用&隔开
Jun 15 05:00:00 
Jun 15 05:00:00 
Jun 15 05:00:00 ====================共有2个京东账号Cookie=========
Jun 15 05:00:00 
Jun 15 05:00:00 
Jun 15 05:00:00 *******开始【京东账号1】455979050-14287437********
Jun 15 05:00:00 
Jun 15 05:00:00 ==================脚本执行- 北京时间(UTC+8)：6/15/2021, 5:00:00 AM=====================
Jun 15 05:00:00 
Jun 15 05:00:00 
Jun 15 05:00:00 *******开始【京东账号1】455979050-14287437********
Jun 15 05:00:00 
Jun 15 05:00:01 成功获取到token
Jun 15 05:00:01 成功获取到token
Jun 15 05:00:01 成功获取到access_token
Jun 15 05:00:01 成功获取到access_token
Jun 15 05:00:01 京东返回了一段空数据
Jun 15 05:00:01 未设置兑奖关键字，暂时不兑换奖品
Jun 15 05:00:01 京东返回了一段空数据
Jun 15 05:00:01 未设置兑奖关键字，暂时不兑换奖品
Jun 15 05:01:39 connect ETIMEDOUT 34.92.123.4:443
Jun 15 05:01:39 214978
Jun 15 05:01:39 获取任务列表请成功
Jun 15 05:01:39 已完成日常签到任务
Jun 15 05:01:39 已完成所有浏览店铺任务
Jun 15 05:01:39 已完成所有加购任务
Jun 15 05:01:39 开始生产牛奶
Jun 15 05:01:39     └ 开始生产牛奶，完成生产需要6000秒
Jun 15 05:01:39 上架牛奶
Jun 15 05:01:39 connect ETIMEDOUT 34.92.123.4:443
Jun 15 05:01:39 214978
Jun 15 05:01:40     └ 成功上架了1200箱牛奶
Jun 15 05:01:40 当前游戏金币：1634800
Jun 15 05:01:40 当前农场等级：10
Jun 15 05:01:40 
Jun 15 05:01:40 *******开始【京东账号2】jd_7a84de20543eb********
Jun 15 05:01:40 
Jun 15 05:01:40 获取任务列表请成功
Jun 15 05:01:40 已完成日常签到任务
Jun 15 05:01:40 已完成所有浏览店铺任务
Jun 15 05:01:40 已完成所有加购任务
Jun 15 05:01:40 成功获取到token
Jun 15 05:01:40 上架牛奶
Jun 15 05:01:40     └ 发生错误： 暂无牛奶可上架
Jun 15 05:01:40 当前游戏金币：1634800
Jun 15 05:01:40 当前农场等级：10
Jun 15 05:01:40 
Jun 15 05:01:40 *******开始【京东账号2】jd_7a84de20543eb********
Jun 15 05:01:40 
Jun 15 05:01:40 成功获取到access_token
Jun 15 05:01:40 成功获取到token
Jun 15 05:01:40 京东返回了一段空数据
Jun 15 05:01:40 未设置兑奖关键字，暂时不兑换奖品
Jun 15 05:01:40 成功获取到access_token
Jun 15 05:01:40 京东返回了一段空数据
Jun 15 05:01:40 未设置兑奖关键字，暂时不兑换奖品
Jun 15 05:03:18Jun 15 05:03:18 connect ETIMEDOUT 34.92.123.4:443
 connect ETIMEDOUT 34.92.123.4:443
Jun 15 05:03:18 283302
Jun 15 05:03:18 283302
Jun 15 05:03:18 获取任务列表请成功
Jun 15 05:03:18 已完成日常签到任务
Jun 15 05:03:18 已完成所有浏览店铺任务
Jun 15 05:03:18 已完成所有加购任务
Jun 15 05:03:18 获取任务列表请成功
Jun 15 05:03:18 已完成日常签到任务
Jun 15 05:03:18 已完成所有浏览店铺任务
Jun 15 05:03:18 已完成所有加购任务
Jun 15 05:03:18 开始生产牛奶
Jun 15 05:03:18 开始生产牛奶
Jun 15 05:03:18     └ 发生错误： 请勿频繁操作
Jun 15 05:03:18 上架牛奶
Jun 15 05:03:18     └ 开始生产牛奶，完成生产需要5400秒
Jun 15 05:03:18 上架牛奶
Jun 15 05:03:18     └ 发生错误： 牛奶正在上架中
Jun 15 05:03:18 当前游戏金币：558700
Jun 15 05:03:18 当前农场等级：9
Jun 15 05:03:18 
Jun 15 05:03:18 🔔有机牧场, 结束! 🕛 197.486 秒
Jun 15 05:03:18 
Jun 15 05:03:18     └ 成功上架了900箱牛奶
Jun 15 05:03:18 当前游戏金币：558700
Jun 15 05:03:18 当前农场等级：9
Jun 15 05:03:18 
Jun 15 05:03:18 🔔有机牧场, 结束! 🕛 197.528 秒
Jun 15 05:03:18 
Jun 15 07:00:00 
Jun 15 07:00:00 🔔有机牧场, 开始!
Jun 15 07:00:00 您的cookie选择的是用&隔开
Jun 15 07:00:00 
Jun 15 07:00:00 
Jun 15 07:00:00 ====================共有2个京东账号Cookie=========
Jun 15 07:00:00 
Jun 15 07:00:00 
Jun 15 07:00:00 🔔有机牧场, 开始!
Jun 15 07:00:00 您的cookie选择的是用&隔开
Jun 15 07:00:00 
Jun 15 07:00:00 
Jun 15 07:00:00 ====================共有2个京东账号Cookie=========
Jun 15 07:00:00 
Jun 15 07:00:00 ==================脚本执行- 北京时间(UTC+8)：6/15/2021, 7:00:00 AM=====================
Jun 15 07:00:00 
Jun 15 07:00:00 ==================脚本执行- 北京时间(UTC+8)：6/15/2021, 7:00:00 AM=====================
Jun 15 07:00:00 
Jun 15 07:00:00 
Jun 15 07:00:00 *******开始【京东账号1】455979050-14287437********
Jun 15 07:00:00 
Jun 15 07:00:00 
Jun 15 07:00:00 *******开始【京东账号1】455979050-14287437********
Jun 15 07:00:00 
Jun 15 07:00:00 成功获取到token
Jun 15 07:00:00 成功获取到token
Jun 15 07:00:00 成功获取到access_token
Jun 15 07:00:00 成功获取到access_token
Jun 15 07:00:00 京东返回了一段空数据
Jun 15 07:00:00 未设置兑奖关键字，暂时不兑换奖品
Jun 15 07:00:00 京东返回了一段空数据
Jun 15 07:00:00 未设置兑奖关键字，暂时不兑换奖品
Jun 15 07:01:38 connect ETIMEDOUT 34.92.123.4:443
Jun 15 07:01:38 214978
Jun 15 07:01:38 获取任务列表请成功
Jun 15 07:01:38 已完成日常签到任务
Jun 15 07:01:38 已完成所有浏览店铺任务
Jun 15 07:01:38 已完成所有加购任务
Jun 15 07:01:38 开始生产牛奶
Jun 15 07:01:38     └ 开始生产牛奶，完成生产需要6000秒
Jun 15 07:01:38 上架牛奶
Jun 15 07:01:38 connect ETIMEDOUT 34.92.123.4:443
Jun 15 07:01:38 214978
Jun 15 07:01:38     └ 成功上架了1200箱牛奶
Jun 15 07:01:38 当前游戏金币：1754800
Jun 15 07:01:38 当前农场等级：10
Jun 15 07:01:38 升级农场
Jun 15 07:01:38 获取任务列表请成功
Jun 15 07:01:38 已完成日常签到任务
Jun 15 07:01:38 已完成所有浏览店铺任务
Jun 15 07:01:38 已完成所有加购任务
Jun 15 07:01:38 上架牛奶
Jun 15 07:01:38     └ 发生错误： 暂无牛奶可上架
Jun 15 07:01:38 当前游戏金币：1754800
Jun 15 07:01:38 当前农场等级：10
Jun 15 07:01:38 升级农场
Jun 15 07:01:38     └ 升级成功，获得 3个京豆
Jun 15 07:01:38     └ 升级成功，当前农场等级: 10级
Jun 15 07:01:38     └ 发生错误： 金币不足
Jun 15 07:01:38     └ 开始生产牛奶，完成生产需要6600秒
Jun 15 07:01:38 
Jun 15 07:01:38 *******开始【京东账号2】jd_7a84de20543eb********
Jun 15 07:01:38 
Jun 15 07:01:38     └ 发生错误： 已有牛奶正在生产中
Jun 15 07:01:38 
Jun 15 07:01:38 *******开始【京东账号2】jd_7a84de20543eb********
Jun 15 07:01:38 
Jun 15 07:01:38 成功获取到token
Jun 15 07:01:38 成功获取到token
Jun 15 07:01:38 成功获取到access_token
Jun 15 07:01:39 成功获取到access_token
Jun 15 07:01:39 京东返回了一段空数据
Jun 15 07:01:39 未设置兑奖关键字，暂时不兑换奖品
Jun 15 07:01:39 京东返回了一段空数据
Jun 15 07:01:39 未设置兑奖关键字，暂时不兑换奖品
Jun 15 07:03:16 connect ETIMEDOUT 34.92.123.4:443
Jun 15 07:03:16 283302
Jun 15 07:03:16 获取任务列表请成功
Jun 15 07:03:16 已完成日常签到任务
Jun 15 07:03:16 已完成所有浏览店铺任务
Jun 15 07:03:16 已完成所有加购任务
Jun 15 07:03:16 开始生产牛奶
Jun 15 07:03:16     └ 开始生产牛奶，完成生产需要5400秒
Jun 15 07:03:16 上架牛奶
Jun 15 07:03:17 connect ETIMEDOUT 34.92.123.4:443
Jun 15 07:03:17 283302
Jun 15 07:03:17     └ 成功上架了900箱牛奶
Jun 15 07:03:17 当前游戏金币：648700
Jun 15 07:03:17 当前农场等级：9
Jun 15 07:03:17 
Jun 15 07:03:17 
Jun 15 07:03:17 您未提供server酱的SCKEY，取消微信推送消息通知🚫
Jun 15 07:03:17 
Jun 15 07:03:17 您未提供push+推送所需的PUSH_PLUS_TOKEN，取消push+推送消息通知🚫
Jun 15 07:03:17 
Jun 15 07:03:17 您未提供Bark的APP推送BARK_PUSH，取消Bark推送消息通知🚫
Jun 15 07:03:17 
Jun 15 07:03:17 您未提供telegram机器人推送所需的TG_BOT_TOKEN和TG_USER_ID，取消telegram推送消息通知🚫
Jun 15 07:03:17 
Jun 15 07:03:17 您未提供企业微信机器人推送所需的QYWX_KEY，取消企业微信推送消息通知🚫
Jun 15 07:03:17 
Jun 15 07:03:17 您未提供企业微信应用消息推送所需的QYWX_AM，取消企业微信应用消息推送消息通知🚫
Jun 15 07:03:17 
Jun 15 07:03:17 您未提供iGot的推送IGOT_PUSH_KEY，取消iGot推送消息通知🚫
Jun 15 07:03:17 
Jun 15 07:03:17 获取任务列表请成功
Jun 15 07:03:17 已完成日常签到任务
Jun 15 07:03:17 已完成所有浏览店铺任务
Jun 15 07:03:17 已完成所有加购任务
Jun 15 07:03:17 钉钉发送通知消息成功🎉。
Jun 15 07:03:17 
Jun 15 07:03:17 
Jun 15 07:03:17 🔔有机牧场, 结束! 🕛 197.014 秒
Jun 15 07:03:17 
Jun 15 07:03:17 上架牛奶
Jun 15 07:03:17     └ 发生错误： 暂无牛奶可上架
Jun 15 07:03:17 当前游戏金币：648700
Jun 15 07:03:17 当前农场等级：9
Jun 15 07:03:17 
Jun 15 07:03:17 🔔有机牧场, 结束! 🕛 197.169 秒
Jun 15 07:03:17 
Jun 15 09:00:00 
Jun 15 09:00:00 🔔有机牧场, 开始!
Jun 15 09:00:00 您的cookie选择的是用&隔开
Jun 15 09:00:00 
Jun 15 09:00:00 
Jun 15 09:00:00 ====================共有2个京东账号Cookie=========
Jun 15 09:00:00 
Jun 15 09:00:00 
Jun 15 09:00:00 🔔有机牧场, 开始!
Jun 15 09:00:00 您的cookie选择的是用&隔开
Jun 15 09:00:00 
Jun 15 09:00:00 
Jun 15 09:00:00 ====================共有2个京东账号Cookie=========
Jun 15 09:00:00 
Jun 15 09:00:00 ==================脚本执行- 北京时间(UTC+8)：6/15/2021, 9:00:00 AM=====================
Jun 15 09:00:00 
Jun 15 09:00:00 
Jun 15 09:00:00 *******开始【京东账号1】455979050-14287437********
Jun 15 09:00:00 
Jun 15 09:00:00 ==================脚本执行- 北京时间(UTC+8)：6/15/2021, 9:00:00 AM=====================
Jun 15 09:00:00 
Jun 15 09:00:00 
Jun 15 09:00:00 *******开始【京东账号1】455979050-14287437********
Jun 15 09:00:00 
Jun 15 09:00:00 成功获取到token
Jun 15 09:00:00 成功获取到token
Jun 15 09:00:00 成功获取到access_token
Jun 15 09:00:00 成功获取到access_token
Jun 15 09:00:00 京东返回了一段空数据
Jun 15 09:00:00 未设置兑奖关键字，暂时不兑换奖品
Jun 15 09:00:00 京东返回了一段空数据
Jun 15 09:00:00 未设置兑奖关键字，暂时不兑换奖品
Jun 15 09:01:38Jun 15 09:01:38 connect ETIMEDOUT 34.92.123.4:443
 connect ETIMEDOUT 34.92.123.4:443
Jun 15 09:01:38 214978
Jun 15 09:01:38 214978
Jun 15 09:01:38 获取任务列表请成功
Jun 15 09:01:38 已完成日常签到任务
Jun 15 09:01:38 已完成所有浏览店铺任务
Jun 15 09:01:38 已完成所有加购任务
Jun 15 09:01:38 获取任务列表请成功
Jun 15 09:01:38 已完成日常签到任务
Jun 15 09:01:38 已完成所有浏览店铺任务
Jun 15 09:01:38 已完成所有加购任务
Jun 15 09:01:38 开始生产牛奶
Jun 15 09:01:38 开始生产牛奶
Jun 15 09:01:38     └ 发生错误： 请勿频繁操作
Jun 15 09:01:38 上架牛奶
Jun 15 09:01:38     └ 开始生产牛奶，完成生产需要6600秒
Jun 15 09:01:38 上架牛奶
Jun 15 09:01:39     └ 发生错误： 牛奶正在上架中
Jun 15 09:01:39 当前游戏金币：180800
Jun 15 09:01:39 当前农场等级：11
Jun 15 09:01:39 
Jun 15 09:01:39 *******开始【京东账号2】jd_7a84de20543eb********
Jun 15 09:01:39 
Jun 15 09:01:39     └ 成功上架了1650箱牛奶
Jun 15 09:01:39 当前游戏金币：180800
Jun 15 09:01:39 当前农场等级：11
Jun 15 09:01:39 
Jun 15 09:01:39 *******开始【京东账号2】jd_7a84de20543eb********
Jun 15 09:01:39 
Jun 15 09:01:39 成功获取到token
Jun 15 09:01:39 成功获取到token
Jun 15 09:01:39 成功获取到access_token
Jun 15 09:01:39 成功获取到access_token
Jun 15 09:01:39 京东返回了一段空数据
Jun 15 09:01:39 未设置兑奖关键字，暂时不兑换奖品
Jun 15 09:01:39 京东返回了一段空数据
Jun 15 09:01:39 未设置兑奖关键字，暂时不兑换奖品
Jun 15 09:03:17 connect ETIMEDOUT 34.92.123.4:443
Jun 15 09:03:17 283302
Jun 15 09:03:17 获取任务列表请成功
Jun 15 09:03:17 已完成日常签到任务
Jun 15 09:03:17 已完成所有浏览店铺任务
Jun 15 09:03:17 已完成所有加购任务
Jun 15 09:03:17 开始生产牛奶
Jun 15 09:03:17     └ 开始生产牛奶，完成生产需要5400秒
Jun 15 09:03:17 上架牛奶
Jun 15 09:03:17     └ 成功上架了900箱牛奶
Jun 15 09:03:17 当前游戏金币：738700
Jun 15 09:03:17 当前农场等级：9
Jun 15 09:03:17 
Jun 15 09:03:17 🔔有机牧场, 结束! 🕛 197.266 秒
Jun 15 09:03:17 
Jun 15 09:03:17 connect ETIMEDOUT 34.92.123.4:443
Jun 15 09:03:17 283302
Jun 15 09:03:17 获取任务列表请成功
Jun 15 09:03:17 已完成日常签到任务
Jun 15 09:03:17 已完成所有浏览店铺任务
Jun 15 09:03:17 已完成所有加购任务
Jun 15 09:03:17 上架牛奶
Jun 15 09:03:17     └ 发生错误： 暂无牛奶可上架
Jun 15 09:03:17 当前游戏金币：738700
Jun 15 09:03:17 当前农场等级：9
Jun 15 09:03:17 
Jun 15 09:03:17 🔔有机牧场, 结束! 🕛 197.488 秒
Jun 15 09:03:17 
Jun 15 11:00:00 
Jun 15 11:00:00 🔔有机牧场, 开始!
Jun 15 11:00:00 您的cookie选择的是用&隔开
Jun 15 11:00:00 
Jun 15 11:00:00 
Jun 15 11:00:00 ====================共有2个京东账号Cookie=========
Jun 15 11:00:00 
Jun 15 11:00:00 
Jun 15 11:00:00 🔔有机牧场, 开始!
Jun 15 11:00:00 您的cookie选择的是用&隔开
Jun 15 11:00:00 
Jun 15 11:00:00 
Jun 15 11:00:00 ====================共有2个京东账号Cookie=========
Jun 15 11:00:00 
Jun 15 11:00:00 ==================脚本执行- 北京时间(UTC+8)：6/15/2021, 11:00:00 AM=====================
Jun 15 11:00:00 
Jun 15 11:00:00 ==================脚本执行- 北京时间(UTC+8)：6/15/2021, 11:00:00 AM=====================
Jun 15 11:00:00 
Jun 15 11:00:00 
Jun 15 11:00:00 *******开始【京东账号1】455979050-14287437********
Jun 15 11:00:00 
Jun 15 11:00:00 
Jun 15 11:00:00 *******开始【京东账号1】455979050-14287437********
Jun 15 11:00:00 
Jun 15 11:00:01 成功获取到token
Jun 15 11:00:01 成功获取到token
Jun 15 11:00:01 成功获取到access_token
Jun 15 11:00:01 成功获取到access_token
Jun 15 11:00:01 京东返回了一段空数据
Jun 15 11:00:01 未设置兑奖关键字，暂时不兑换奖品
Jun 15 11:00:01 京东返回了一段空数据
Jun 15 11:00:01 未设置兑奖关键字，暂时不兑换奖品
Jun 15 11:01:39Jun 15 11:01:39 connect ETIMEDOUT 34.92.123.4:443
 connect ETIMEDOUT 34.92.123.4:443
Jun 15 11:01:39 214978
Jun 15 11:01:39 214978
Jun 15 11:01:39 获取任务列表请成功
Jun 15 11:01:39 已完成日常签到任务
Jun 15 11:01:39 已完成所有浏览店铺任务
Jun 15 11:01:39 已完成所有加购任务
Jun 15 11:01:39 获取任务列表请成功
Jun 15 11:01:39 已完成日常签到任务
Jun 15 11:01:39 已完成所有浏览店铺任务
Jun 15 11:01:39 已完成所有加购任务
Jun 15 11:01:39 开始生产牛奶
Jun 15 11:01:39 开始生产牛奶
Jun 15 11:01:39     └ 开始生产牛奶，完成生产需要6600秒
Jun 15 11:01:39 上架牛奶
Jun 15 11:01:39     └ 发生错误： 已有牛奶正在生产中
Jun 15 11:01:39 上架牛奶
Jun 15 11:01:39     └ 发生错误： 牛奶正在上架中
Jun 15 11:01:39 当前游戏金币：345800
Jun 15 11:01:39 当前农场等级：11
Jun 15 11:01:39 
Jun 15 11:01:39 *******开始【京东账号2】jd_7a84de20543eb********
Jun 15 11:01:39 
Jun 15 11:01:39     └ 成功上架了1650箱牛奶
Jun 15 11:01:39 当前游戏金币：345800
Jun 15 11:01:39 当前农场等级：11
Jun 15 11:01:39 
Jun 15 11:01:39 *******开始【京东账号2】jd_7a84de20543eb********
Jun 15 11:01:39 
Jun 15 11:01:39 成功获取到token
Jun 15 11:01:39 成功获取到token
Jun 15 11:01:39 成功获取到access_token
Jun 15 11:01:40 成功获取到access_token
Jun 15 11:01:40 京东返回了一段空数据
Jun 15 11:01:40 未设置兑奖关键字，暂时不兑换奖品
Jun 15 11:01:40 京东返回了一段空数据
Jun 15 11:01:40 未设置兑奖关键字，暂时不兑换奖品
Jun 15 11:03:17Jun 15 11:03:17 connect ETIMEDOUT 34.92.123.4:443
 connect ETIMEDOUT 34.92.123.4:443
Jun 15 11:03:17 283302
Jun 15 11:03:17 283302
Jun 15 11:03:17 获取任务列表请成功
Jun 15 11:03:17 已完成日常签到任务
Jun 15 11:03:17 已完成所有浏览店铺任务
Jun 15 11:03:17 已完成所有加购任务
Jun 15 11:03:17 获取任务列表请成功
Jun 15 11:03:17 已完成日常签到任务
Jun 15 11:03:17 已完成所有浏览店铺任务
Jun 15 11:03:17 已完成所有加购任务
Jun 15 11:03:17 开始生产牛奶
Jun 15 11:03:17 开始生产牛奶
Jun 15 11:03:17     └ 开始生产牛奶，完成生产需要5400秒
Jun 15 11:03:17 上架牛奶
Jun 15 11:03:18     └ 发生错误： 已有牛奶正在生产中
Jun 15 11:03:18 上架牛奶
Jun 15 11:03:18     └ 发生错误： 牛奶正在上架中
Jun 15 11:03:18 当前游戏金币：828700
Jun 15 11:03:18 当前农场等级：9
Jun 15 11:03:18 
Jun 15 11:03:18 🔔有机牧场, 结束! 🕛 197.144 秒
Jun 15 11:03:18 
Jun 15 11:03:18     └ 成功上架了900箱牛奶
Jun 15 11:03:18 当前游戏金币：828700
Jun 15 11:03:18 当前农场等级：9
Jun 15 11:03:18 
Jun 15 11:03:18 🔔有机牧场, 结束! 🕛 197.169 秒
Jun 15 11:03:18 
Jun 15 13:00:00 
Jun 15 13:00:00 🔔有机牧场, 开始!
Jun 15 13:00:00 您的cookie选择的是用&隔开
Jun 15 13:00:00 
Jun 15 13:00:00 
Jun 15 13:00:00 ====================共有2个京东账号Cookie=========
Jun 15 13:00:00 
Jun 15 13:00:00 
Jun 15 13:00:00 🔔有机牧场, 开始!
Jun 15 13:00:00 您的cookie选择的是用&隔开
Jun 15 13:00:00 
Jun 15 13:00:00 
Jun 15 13:00:00 ====================共有2个京东账号Cookie=========
Jun 15 13:00:00 
Jun 15 13:00:00 ==================脚本执行- 北京时间(UTC+8)：6/15/2021, 1:00:00 PM=====================
Jun 15 13:00:00 
Jun 15 13:00:00 ==================脚本执行- 北京时间(UTC+8)：6/15/2021, 1:00:00 PM=====================
Jun 15 13:00:00 
Jun 15 13:00:00 
Jun 15 13:00:00 *******开始【京东账号1】455979050-14287437********
Jun 15 13:00:00 
Jun 15 13:00:00 
Jun 15 13:00:00 *******开始【京东账号1】455979050-14287437********
Jun 15 13:00:00 
Jun 15 13:00:00 成功获取到token
Jun 15 13:00:00 成功获取到token
Jun 15 13:00:00 成功获取到access_token
Jun 15 13:00:00 成功获取到access_token
Jun 15 13:00:00 京东返回了一段空数据
Jun 15 13:00:00 未设置兑奖关键字，暂时不兑换奖品
Jun 15 13:00:00 京东返回了一段空数据
Jun 15 13:00:00 未设置兑奖关键字，暂时不兑换奖品
Jun 15 13:01:38 connect ETIMEDOUT 34.92.123.4:443
Jun 15 13:01:38 214978
Jun 15 13:01:38 获取任务列表请成功
Jun 15 13:01:38 已完成日常签到任务
Jun 15 13:01:38 已完成所有浏览店铺任务
Jun 15 13:01:38 已完成所有加购任务
Jun 15 13:01:38 开始生产牛奶
Jun 15 13:01:38     └ 开始生产牛奶，完成生产需要6600秒
Jun 15 13:01:38 上架牛奶
Jun 15 13:01:38 connect ETIMEDOUT 34.92.123.4:443
Jun 15 13:01:38 214978
Jun 15 13:01:38     └ 成功上架了1650箱牛奶
Jun 15 13:01:38 当前游戏金币：510800
Jun 15 13:01:38 当前农场等级：11
Jun 15 13:01:38 
Jun 15 13:01:38 *******开始【京东账号2】jd_7a84de20543eb********
Jun 15 13:01:38 
Jun 15 13:01:38 获取任务列表请成功
Jun 15 13:01:38 已完成日常签到任务
Jun 15 13:01:38 已完成所有浏览店铺任务
Jun 15 13:01:38 已完成所有加购任务
Jun 15 13:01:38 成功获取到token
Jun 15 13:01:38 上架牛奶
Jun 15 13:01:38     └ 发生错误： 暂无牛奶可上架
Jun 15 13:01:38 当前游戏金币：510800
Jun 15 13:01:38 当前农场等级：11
Jun 15 13:01:38 
Jun 15 13:01:38 *******开始【京东账号2】jd_7a84de20543eb********
Jun 15 13:01:38 
Jun 15 13:01:38 成功获取到access_token
Jun 15 13:01:39 成功获取到token
Jun 15 13:01:39 成功获取到access_token
Jun 15 13:01:39 京东返回了一段空数据
Jun 15 13:01:39 未设置兑奖关键字，暂时不兑换奖品
Jun 15 13:01:39 京东返回了一段空数据
Jun 15 13:01:39 未设置兑奖关键字，暂时不兑换奖品
Jun 15 13:03:16Jun 15 13:03:16 connect ETIMEDOUT 34.92.123.4:443
 connect ETIMEDOUT 34.92.123.4:443
Jun 15 13:03:16Jun 15 13:03:16 283302
 283302
Jun 15 13:03:16 获取任务列表请成功
Jun 15 13:03:16 已完成日常签到任务
Jun 15 13:03:16 已完成所有浏览店铺任务
Jun 15 13:03:16 已完成所有加购任务
Jun 15 13:03:16 获取任务列表请成功
Jun 15 13:03:16 已完成日常签到任务
Jun 15 13:03:16 已完成所有浏览店铺任务
Jun 15 13:03:16 已完成所有加购任务
Jun 15 13:03:16 开始生产牛奶
Jun 15 13:03:16 开始生产牛奶
Jun 15 13:03:16     └ 开始生产牛奶，完成生产需要5400秒
Jun 15 13:03:16 上架牛奶
Jun 15 13:03:17     └ 发生错误： 已有牛奶正在生产中
Jun 15 13:03:17 上架牛奶
Jun 15 13:03:17     └ 成功上架了900箱牛奶
Jun 15 13:03:17 当前游戏金币：918700
Jun 15 13:03:17 当前农场等级：9
Jun 15 13:03:17 
Jun 15 13:03:17 🔔有机牧场, 结束! 🕛 196.737 秒
Jun 15 13:03:17 
Jun 15 13:03:17     └ 发生错误： 暂无牛奶可上架
Jun 15 13:03:17 当前游戏金币：918700
Jun 15 13:03:17 当前农场等级：9
Jun 15 13:03:17 
Jun 15 13:03:17 🔔有机牧场, 结束! 🕛 196.835 秒
Jun 15 13:03:17 
Jun 15 15:00:00 
Jun 15 15:00:00 🔔有机牧场, 开始!
Jun 15 15:00:00 您的cookie选择的是用&隔开
Jun 15 15:00:00 
Jun 15 15:00:00 
Jun 15 15:00:00 ====================共有2个京东账号Cookie=========
Jun 15 15:00:00 
Jun 15 15:00:00 
Jun 15 15:00:00 🔔有机牧场, 开始!
Jun 15 15:00:00 您的cookie选择的是用&隔开
Jun 15 15:00:00 
Jun 15 15:00:00 
Jun 15 15:00:00 ====================共有2个京东账号Cookie=========
Jun 15 15:00:00 
Jun 15 15:00:00 ==================脚本执行- 北京时间(UTC+8)：6/15/2021, 3:00:00 PM=====================
Jun 15 15:00:00 
Jun 15 15:00:00 ==================脚本执行- 北京时间(UTC+8)：6/15/2021, 3:00:00 PM=====================
Jun 15 15:00:00 
Jun 15 15:00:00 
Jun 15 15:00:00 *******开始【京东账号1】455979050-14287437********
Jun 15 15:00:00 
Jun 15 15:00:00 
Jun 15 15:00:00 *******开始【京东账号1】455979050-14287437********
Jun 15 15:00:00 
Jun 15 15:00:00 成功获取到token
Jun 15 15:00:00 成功获取到token
Jun 15 15:00:00 成功获取到access_token
Jun 15 15:00:00 成功获取到access_token
Jun 15 15:00:00 京东返回了一段空数据
Jun 15 15:00:00 未设置兑奖关键字，暂时不兑换奖品
Jun 15 15:00:01 京东返回了一段空数据
Jun 15 15:00:01 未设置兑奖关键字，暂时不兑换奖品
Jun 15 15:01:38 connect ETIMEDOUT 34.92.123.4:443
Jun 15 15:01:38 214978
Jun 15 15:01:38 获取任务列表请成功
Jun 15 15:01:38 已完成日常签到任务
Jun 15 15:01:38 已完成所有浏览店铺任务
Jun 15 15:01:38 已完成所有加购任务
Jun 15 15:01:38 开始生产牛奶
Jun 15 15:01:38     └ 开始生产牛奶，完成生产需要6600秒
Jun 15 15:01:38 上架牛奶
Jun 15 15:01:38     └ 成功上架了1650箱牛奶
Jun 15 15:01:38 当前游戏金币：675800
Jun 15 15:01:38 当前农场等级：11
Jun 15 15:01:38 
Jun 15 15:01:38 *******开始【京东账号2】jd_7a84de20543eb********
Jun 15 15:01:38 
Jun 15 15:01:38 成功获取到token
Jun 15 15:01:39 成功获取到access_token
Jun 15 15:01:39 京东返回了一段空数据
Jun 15 15:01:39 未设置兑奖关键字，暂时不兑换奖品
Jun 15 15:01:40 connect ETIMEDOUT 34.92.123.4:443
Jun 15 15:01:40 214978
Jun 15 15:01:40 获取任务列表请成功
Jun 15 15:01:40 已完成日常签到任务
Jun 15 15:01:40 已完成所有浏览店铺任务
Jun 15 15:01:40 已完成所有加购任务
Jun 15 15:01:40 上架牛奶
Jun 15 15:01:40     └ 发生错误： 暂无牛奶可上架
Jun 15 15:01:40 当前游戏金币：676000
Jun 15 15:01:40 当前农场等级：11
Jun 15 15:01:40 
Jun 15 15:01:40 *******开始【京东账号2】jd_7a84de20543eb********
Jun 15 15:01:40 
Jun 15 15:01:41 成功获取到token
Jun 15 15:01:41 成功获取到access_token
Jun 15 15:01:41 京东返回了一段空数据
Jun 15 15:01:41 未设置兑奖关键字，暂时不兑换奖品
Jun 15 15:03:16 connect ETIMEDOUT 34.92.123.4:443
Jun 15 15:03:16 283302
Jun 15 15:03:16 获取任务列表请成功
Jun 15 15:03:16 已完成日常签到任务
Jun 15 15:03:16 已完成所有浏览店铺任务
Jun 15 15:03:16 已完成所有加购任务
Jun 15 15:03:16 开始生产牛奶
Jun 15 15:03:17     └ 开始生产牛奶，完成生产需要5400秒
Jun 15 15:03:17 上架牛奶
Jun 15 15:03:17     └ 成功上架了900箱牛奶
Jun 15 15:03:17 当前游戏金币：1008700
Jun 15 15:03:17 当前农场等级：9
Jun 15 15:03:17 
Jun 15 15:03:17 🔔有机牧场, 结束! 🕛 196.792 秒
Jun 15 15:03:17 
Jun 15 15:03:18 connect ETIMEDOUT 34.92.123.4:443
Jun 15 15:03:18 283302
Jun 15 15:03:18 获取任务列表请成功
Jun 15 15:03:18 已完成日常签到任务
Jun 15 15:03:18 已完成所有浏览店铺任务
Jun 15 15:03:18 已完成所有加购任务
Jun 15 15:03:19 上架牛奶
Jun 15 15:03:19     └ 发生错误： 暂无牛奶可上架
Jun 15 15:03:19 当前游戏金币：1008800
Jun 15 15:03:19 当前农场等级：9
Jun 15 15:03:19 
Jun 15 15:03:19 🔔有机牧场, 结束! 🕛 198.731 秒
Jun 15 15:03:19 
Jun 15 17:00:00 
Jun 15 17:00:00 🔔有机牧场, 开始!
Jun 15 17:00:00 您的cookie选择的是用&隔开
Jun 15 17:00:00 
Jun 15 17:00:00 
Jun 15 17:00:00 ====================共有2个京东账号Cookie=========
Jun 15 17:00:00 
Jun 15 17:00:00 
Jun 15 17:00:00 🔔有机牧场, 开始!
Jun 15 17:00:00 您的cookie选择的是用&隔开
Jun 15 17:00:00 
Jun 15 17:00:00 
Jun 15 17:00:00 ====================共有2个京东账号Cookie=========
Jun 15 17:00:00 
Jun 15 17:00:00 ==================脚本执行- 北京时间(UTC+8)：6/15/2021, 5:00:00 PM=====================
Jun 15 17:00:00 
Jun 15 17:00:00 ==================脚本执行- 北京时间(UTC+8)：6/15/2021, 5:00:00 PM=====================
Jun 15 17:00:00 
Jun 15 17:00:00 
Jun 15 17:00:00 *******开始【京东账号1】455979050-14287437********
Jun 15 17:00:00 
Jun 15 17:00:00 
Jun 15 17:00:00 *******开始【京东账号1】455979050-14287437********
Jun 15 17:00:00 
Jun 15 17:00:01 成功获取到token
Jun 15 17:00:01 成功获取到token
Jun 15 17:00:01 成功获取到access_token
Jun 15 17:00:01 成功获取到access_token
Jun 15 17:00:01 京东返回了一段空数据
Jun 15 17:00:01 未设置兑奖关键字，暂时不兑换奖品
Jun 15 17:00:01 京东返回了一段空数据
Jun 15 17:00:01 未设置兑奖关键字，暂时不兑换奖品
Jun 15 17:01:38 connect ETIMEDOUT 34.92.123.4:443
Jun 15 17:01:38 214978
Jun 15 17:01:38 connect ETIMEDOUT 34.92.123.4:443
Jun 15 17:01:38 214978
Jun 15 17:01:39 获取任务列表请成功
Jun 15 17:01:39 已完成日常签到任务
Jun 15 17:01:39 已完成所有浏览店铺任务
Jun 15 17:01:39 已完成所有加购任务
Jun 15 17:01:39 获取任务列表请成功
Jun 15 17:01:39 已完成日常签到任务
Jun 15 17:01:39 已完成所有浏览店铺任务
Jun 15 17:01:39 已完成所有加购任务
Jun 15 17:01:39 开始生产牛奶
Jun 15 17:01:39 开始生产牛奶
Jun 15 17:01:39     └ 发生错误： 请勿频繁操作
Jun 15 17:01:39 上架牛奶
Jun 15 17:01:39     └ 开始生产牛奶，完成生产需要6600秒
Jun 15 17:01:39 上架牛奶
Jun 15 17:01:39     └ 发生错误： 牛奶正在上架中
Jun 15 17:01:39 当前游戏金币：840800
Jun 15 17:01:39 当前农场等级：11
Jun 15 17:01:39 
Jun 15 17:01:39 *******开始【京东账号2】jd_7a84de20543eb********
Jun 15 17:01:39 
Jun 15 17:01:39     └ 成功上架了1650箱牛奶
Jun 15 17:01:39 当前游戏金币：840800
Jun 15 17:01:39 当前农场等级：11
Jun 15 17:01:39 
Jun 15 17:01:39 *******开始【京东账号2】jd_7a84de20543eb********
Jun 15 17:01:39 
Jun 15 17:01:39 成功获取到token
Jun 15 17:01:39 成功获取到token
Jun 15 17:01:39 成功获取到access_token
Jun 15 17:01:39 成功获取到access_token
Jun 15 17:01:39 京东返回了一段空数据
Jun 15 17:01:39 未设置兑奖关键字，暂时不兑换奖品
Jun 15 17:01:39 京东返回了一段空数据
Jun 15 17:01:39 未设置兑奖关键字，暂时不兑换奖品
Jun 15 17:03:17 connect ETIMEDOUT 34.92.123.4:443
Jun 15 17:03:17 283302
Jun 15 17:03:17 获取任务列表请成功
Jun 15 17:03:17 已完成日常签到任务
Jun 15 17:03:17 已完成所有浏览店铺任务
Jun 15 17:03:17 已完成所有加购任务
Jun 15 17:03:17 开始生产牛奶
Jun 15 17:03:17 connect ETIMEDOUT 34.92.123.4:443
Jun 15 17:03:17 283302
Jun 15 17:03:17     └ 开始生产牛奶，完成生产需要5400秒
Jun 15 17:03:17 上架牛奶
Jun 15 17:03:17 获取任务列表请成功
Jun 15 17:03:17 已完成日常签到任务
Jun 15 17:03:17 已完成所有浏览店铺任务
Jun 15 17:03:17 已完成所有加购任务
Jun 15 17:03:17 上架牛奶
Jun 15 17:03:17     └ 成功上架了900箱牛奶
Jun 15 17:03:17 当前游戏金币：1098700
Jun 15 17:03:17 当前农场等级：9
Jun 15 17:03:17 
Jun 15 17:03:17 🔔有机牧场, 结束! 🕛 196.833 秒
Jun 15 17:03:17 
Jun 15 17:03:17     └ 发生错误： 暂无牛奶可上架
Jun 15 17:03:17 当前游戏金币：1098700
Jun 15 17:03:17 当前农场等级：9
Jun 15 17:03:17 
Jun 15 17:03:17 🔔有机牧场, 结束! 🕛 196.899 秒
Jun 15 17:03:17 
