Jun 14 06:10:01 
Jun 14 06:10:01 🔔京东秒秒币, 开始!
Jun 14 06:10:01 
Jun 14 06:10:01 🔔京东秒秒币, 开始!
Jun 14 06:10:01 您的cookie选择的是用&隔开
Jun 14 06:10:01 
Jun 14 06:10:01 
Jun 14 06:10:01 ====================共有2个京东账号Cookie=========
Jun 14 06:10:01 
Jun 14 06:10:01 您的cookie选择的是用&隔开
Jun 14 06:10:01 
Jun 14 06:10:01 
Jun 14 06:10:01 ====================共有2个京东账号Cookie=========
Jun 14 06:10:01 
Jun 14 06:10:01 ==================脚本执行- 北京时间(UTC+8)：6/14/2021, 6:10:01 AM=====================
Jun 14 06:10:01 
Jun 14 06:10:01 ==================脚本执行- 北京时间(UTC+8)：6/14/2021, 6:10:01 AM=====================
Jun 14 06:10:01 
Jun 14 06:10:01 
Jun 14 06:10:01 ******开始【京东账号1】455979050-14287437*********
Jun 14 06:10:01 
Jun 14 06:10:01 
Jun 14 06:10:01 ******开始【京东账号1】455979050-14287437*********
Jun 14 06:10:01 
Jun 14 06:10:01 活动名称：秒杀红包二期正式
Jun 14 06:10:01 活动名称：秒杀红包二期正式
Jun 14 06:10:02 去做浏览秒杀优选店铺任务：1/2
Jun 14 06:10:02 任务领取成功
Jun 14 06:10:02 去做浏览秒杀优选店铺任务：1/2
Jun 14 06:10:02 任务领取成功
Jun 14 06:10:17 任务完成
Jun 14 06:10:17 去做浏览秒杀优选店铺任务：2/2
Jun 14 06:10:17 任务领取成功
Jun 14 06:10:18 你已经做过这个任务了
Jun 14 06:10:18 去做浏览秒杀优选店铺任务：2/2
Jun 14 06:10:18 任务领取成功
Jun 14 06:10:33 任务完成
Jun 14 06:10:33 去做浏览秒杀超值好物任务：1/2
Jun 14 06:10:33 任务已完成
Jun 14 06:10:33 去做浏览秒杀超值好物任务：1/2
Jun 14 06:10:33 任务完成
Jun 14 06:10:33 任务已完成
Jun 14 06:10:34 任务已完成
Jun 14 06:10:34 去做浏览秒杀超值好物任务：2/2
Jun 14 06:10:34 任务已完成
Jun 14 06:10:34 去做浏览秒杀超值好物任务：2/2
Jun 14 06:10:34 任务完成
Jun 14 06:10:34 任务已完成
Jun 14 06:10:34 任务已完成
Jun 14 06:10:34 去做关注秒杀优选店铺任务：1/3
Jun 14 06:10:34 任务已完成
Jun 14 06:10:34 去做关注秒杀优选店铺任务：1/3
Jun 14 06:10:34 任务完成
Jun 14 06:10:34 任务已完成
Jun 14 06:10:35 去做关注秒杀优选店铺任务：2/3
Jun 14 06:10:35 去做关注秒杀优选店铺任务：2/3
Jun 14 06:10:35 任务组件接口返回失败
Jun 14 06:10:35 任务完成
Jun 14 06:10:36 去做关注秒杀优选店铺任务：3/3
Jun 14 06:10:36 去做关注秒杀优选店铺任务：3/3
Jun 14 06:10:37 任务组件接口返回失败
Jun 14 06:10:37 任务完成
Jun 14 06:10:38 去做特价5折馆任务：1/1
Jun 14 06:10:38 去做特价5折馆任务：1/1
Jun 14 06:10:38 任务领取成功
Jun 14 06:10:38 任务领取成功
Jun 14 06:10:53 任务完成
Jun 14 06:10:53 去做京品好物会场任务：1/1
Jun 14 06:10:53 任务已完成
Jun 14 06:10:53 去做京品好物会场任务：1/1
Jun 14 06:10:53 任务领取成功
Jun 14 06:10:53 任务领取成功
Jun 14 06:11:09 任务完成
Jun 14 06:11:09 去做分享秒杀领红包活动任务：1/6
Jun 14 06:11:09 任务已完成
Jun 14 06:11:09 去做分享秒杀领红包活动任务：1/6
Jun 14 06:11:09 success
Jun 14 06:11:09 success
Jun 14 06:11:10 去做分享秒杀领红包活动任务：2/6
Jun 14 06:11:10 去做分享秒杀领红包活动任务：2/6
Jun 14 06:11:10 success
Jun 14 06:11:10 success
Jun 14 06:11:11 去做分享秒杀领红包活动任务：3/6
Jun 14 06:11:11 去做分享秒杀领红包活动任务：3/6
Jun 14 06:11:11 success
Jun 14 06:11:11 success
Jun 14 06:11:12 去做分享秒杀领红包活动任务：4/6
Jun 14 06:11:12 任务已完成
Jun 14 06:11:12 去做分享秒杀领红包活动任务：4/6
Jun 14 06:11:12 任务已完成
Jun 14 06:11:13 去做分享秒杀领红包活动任务：5/6
Jun 14 06:11:13 任务已完成
Jun 14 06:11:13 去做分享秒杀领红包活动任务：5/6
Jun 14 06:11:13 任务已完成
Jun 14 06:11:14 去做分享秒杀领红包活动任务：6/6
Jun 14 06:11:14 任务已完成
Jun 14 06:11:14 去做分享秒杀领红包活动任务：6/6
Jun 14 06:11:14 任务已完成
Jun 14 06:11:15 去做签到红包任务：1/1
Jun 14 06:11:15 任务已结束
Jun 14 06:11:15 去做签到红包任务：1/1
Jun 14 06:11:15 任务已结束
Jun 14 06:11:16 去做签到红包任务：1/1
Jun 14 06:11:16 success
Jun 14 06:11:16 去做签到红包任务：1/1
Jun 14 06:11:16 任务已完成
Jun 14 06:11:17 去做签到红包任务：1/1
Jun 14 06:11:17 success
Jun 14 06:11:17 去做签到红包任务：1/1
Jun 14 06:11:17 任务已完成
Jun 14 06:11:18 
Jun 14 06:11:18 ==============📣系统通知📣==============
Jun 14 06:11:18 京东秒秒币
Jun 14 06:11:18 京东账号1455979050-14287437
Jun 14 06:11:18 本次运行获得秒秒币17130枚，共17130枚
Jun 14 06:11:18 
Jun 14 06:11:18 ******开始【京东账号2】jd_7a84de20543eb*********
Jun 14 06:11:18 
Jun 14 06:11:18 
Jun 14 06:11:18 ==============📣系统通知📣==============
Jun 14 06:11:18 京东秒秒币
Jun 14 06:11:18 京东账号1455979050-14287437
Jun 14 06:11:18 本次运行获得秒秒币17130枚，共17130枚
Jun 14 06:11:19 
Jun 14 06:11:19 ******开始【京东账号2】jd_7a84de20543eb*********
Jun 14 06:11:19 
Jun 14 06:11:19 活动名称：秒杀红包二期正式
Jun 14 06:11:19 活动名称：秒杀红包二期正式
Jun 14 06:11:19 去做浏览秒杀优选店铺任务：1/2
Jun 14 06:11:19 任务领取成功
Jun 14 06:11:19 去做浏览秒杀优选店铺任务：1/2
Jun 14 06:11:20 任务领取成功
Jun 14 06:11:35 任务完成
Jun 14 06:11:35 去做浏览秒杀优选店铺任务：2/2
Jun 14 06:11:35 任务领取成功
Jun 14 06:11:35 你已经做过这个任务了
Jun 14 06:11:35 去做浏览秒杀优选店铺任务：2/2
Jun 14 06:11:35 任务领取成功
Jun 14 06:11:51 任务完成
Jun 14 06:11:51 去做浏览秒杀超值好物任务：1/2
Jun 14 06:11:51 任务完成
Jun 14 06:11:51 任务已完成
Jun 14 06:11:51 去做浏览秒杀超值好物任务：1/2
Jun 14 06:11:51 任务已完成
Jun 14 06:11:51 去做浏览秒杀超值好物任务：2/2
Jun 14 06:11:51 任务完成
Jun 14 06:11:52 任务已完成
Jun 14 06:11:52 任务已完成
Jun 14 06:11:52 去做关注秒杀优选店铺任务：1/3
Jun 14 06:11:52 任务完成
Jun 14 06:11:52 任务已完成
Jun 14 06:11:52 去做浏览秒杀超值好物任务：2/2
Jun 14 06:11:52 任务已完成
Jun 14 06:11:53 去做关注秒杀优选店铺任务：2/3
Jun 14 06:11:53 任务组件接口返回失败
Jun 14 06:11:53 任务已完成
Jun 14 06:11:53 去做关注秒杀优选店铺任务：1/3
Jun 14 06:11:53 任务已完成
Jun 14 06:11:54 去做关注秒杀优选店铺任务：3/3
Jun 14 06:11:54 去做关注秒杀优选店铺任务：2/3
Jun 14 06:11:54 任务完成
Jun 14 06:11:54 任务完成
Jun 14 06:11:55 去做特价5折馆任务：1/1
Jun 14 06:11:55 去做关注秒杀优选店铺任务：3/3
Jun 14 06:11:55 任务领取成功
Jun 14 06:11:55 任务已完成
Jun 14 06:11:56 去做特价5折馆任务：1/1
Jun 14 06:11:56 任务领取成功
Jun 14 06:12:10 任务完成
Jun 14 06:12:10 去做京品好物会场任务：1/1
Jun 14 06:12:11 任务领取成功
Jun 14 06:12:12 任务已完成
Jun 14 06:12:12 去做京品好物会场任务：1/1
Jun 14 06:12:12 任务领取成功
Jun 14 06:12:26 任务完成
Jun 14 06:12:26 去做分享秒杀领红包活动任务：1/6
Jun 14 06:12:26 success
Jun 14 06:12:27 去做分享秒杀领红包活动任务：2/6
Jun 14 06:12:27 success
Jun 14 06:12:27 任务已完成
Jun 14 06:12:27 去做分享秒杀领红包活动任务：1/6
Jun 14 06:12:27 success
Jun 14 06:12:28 去做分享秒杀领红包活动任务：3/6
Jun 14 06:12:28 去做分享秒杀领红包活动任务：2/6
Jun 14 06:12:28 success
Jun 14 06:12:28 success
Jun 14 06:12:29 去做分享秒杀领红包活动任务：4/6
Jun 14 06:12:29 success
Jun 14 06:12:29 去做分享秒杀领红包活动任务：3/6
Jun 14 06:12:29 任务已完成
Jun 14 06:12:30 去做分享秒杀领红包活动任务：5/6
Jun 14 06:12:30 任务已完成
Jun 14 06:12:30 去做分享秒杀领红包活动任务：4/6
Jun 14 06:12:30 任务已完成
Jun 14 06:12:31 去做分享秒杀领红包活动任务：6/6
Jun 14 06:12:31 任务已完成
Jun 14 06:12:31 去做分享秒杀领红包活动任务：5/6
Jun 14 06:12:31 任务已完成
Jun 14 06:12:32 去做签到红包任务：1/1
Jun 14 06:12:32 任务已结束
Jun 14 06:12:32 去做分享秒杀领红包活动任务：6/6
Jun 14 06:12:32 任务已完成
Jun 14 06:12:33 去做签到红包任务：1/1
Jun 14 06:12:33 去做签到红包任务：1/1
Jun 14 06:12:33 任务已结束
Jun 14 06:12:34 success
Jun 14 06:12:34 去做签到红包任务：1/1
Jun 14 06:12:35 去做签到红包任务：1/1
Jun 14 06:12:35 任务已完成
Jun 14 06:12:35 success
Jun 14 06:12:36 去做签到红包任务：1/1
Jun 14 06:12:36 任务已完成
Jun 14 06:12:36 
Jun 14 06:12:36 ==============📣系统通知📣==============
Jun 14 06:12:36 京东秒秒币
Jun 14 06:12:36 京东账号2jd_7a84de20543eb
Jun 14 06:12:36 本次运行获得秒秒币3320枚，共3320枚
Jun 14 06:12:36 
Jun 14 06:12:36 🔔京东秒秒币, 结束! 🕛 155.125 秒
Jun 14 06:12:36 
Jun 14 06:12:37 
Jun 14 06:12:37 ==============📣系统通知📣==============
Jun 14 06:12:37 京东秒秒币
Jun 14 06:12:37 京东账号2jd_7a84de20543eb
Jun 14 06:12:37 本次运行获得秒秒币3320枚，共3320枚
Jun 14 06:12:37 
Jun 14 06:12:37 🔔京东秒秒币, 结束! 🕛 156.432 秒
Jun 14 06:12:37 
Jun 14 21:10:01 
Jun 14 21:10:01 🔔京东秒秒币, 开始!
Jun 14 21:10:01 您的cookie选择的是用&隔开
Jun 14 21:10:01 
Jun 14 21:10:01 
Jun 14 21:10:01 ====================共有2个京东账号Cookie=========
Jun 14 21:10:01 
Jun 14 21:10:01 
Jun 14 21:10:01 🔔京东秒秒币, 开始!
Jun 14 21:10:01 您的cookie选择的是用&隔开
Jun 14 21:10:01 
Jun 14 21:10:01 
Jun 14 21:10:01 ====================共有2个京东账号Cookie=========
Jun 14 21:10:01 
Jun 14 21:10:01 ==================脚本执行- 北京时间(UTC+8)：6/14/2021, 9:10:01 PM=====================
Jun 14 21:10:01 
Jun 14 21:10:01 ==================脚本执行- 北京时间(UTC+8)：6/14/2021, 9:10:01 PM=====================
Jun 14 21:10:01 
Jun 14 21:10:01 
Jun 14 21:10:01 ******开始【京东账号1】455979050-14287437*********
Jun 14 21:10:01 
Jun 14 21:10:01 
Jun 14 21:10:01 ******开始【京东账号1】455979050-14287437*********
Jun 14 21:10:01 
Jun 14 21:10:01 活动名称：秒杀红包二期正式
Jun 14 21:10:01 活动名称：秒杀红包二期正式
Jun 14 21:10:02 当前秒秒币17130
Jun 14 21:10:02 当前秒秒币17130
Jun 14 21:10:02 去做签到红包任务：1/1
Jun 14 21:10:02 任务已结束
Jun 14 21:10:02 去做签到红包任务：1/1
Jun 14 21:10:02 任务已结束
Jun 14 21:10:03 
Jun 14 21:10:03 ==============📣系统通知📣==============
Jun 14 21:10:03 京东秒秒币
Jun 14 21:10:03 京东账号1455979050-14287437
Jun 14 21:10:03 本次运行获得秒秒币0枚，共17130枚
Jun 14 21:10:03 
Jun 14 21:10:03 ******开始【京东账号2】jd_7a84de20543eb*********
Jun 14 21:10:03 
Jun 14 21:10:03 
Jun 14 21:10:03 ==============📣系统通知📣==============
Jun 14 21:10:03 京东秒秒币
Jun 14 21:10:03 京东账号1455979050-14287437
Jun 14 21:10:03 本次运行获得秒秒币0枚，共17130枚
Jun 14 21:10:03 
Jun 14 21:10:03 ******开始【京东账号2】jd_7a84de20543eb*********
Jun 14 21:10:03 
Jun 14 21:10:04 活动名称：秒杀红包二期正式
Jun 14 21:10:04 活动名称：秒杀红包二期正式
Jun 14 21:10:04 当前秒秒币3320
Jun 14 21:10:04 去做签到红包任务：1/1
Jun 14 21:10:04 任务已结束
Jun 14 21:10:04 当前秒秒币3320
Jun 14 21:10:04 去做签到红包任务：1/1
Jun 14 21:10:04 任务已结束
Jun 14 21:10:05 
Jun 14 21:10:05 ==============📣系统通知📣==============
Jun 14 21:10:05 京东秒秒币
Jun 14 21:10:05 京东账号2jd_7a84de20543eb
Jun 14 21:10:05 本次运行获得秒秒币0枚，共3320枚
Jun 14 21:10:05 
Jun 14 21:10:05 🔔京东秒秒币, 结束! 🕛 4.692 秒
Jun 14 21:10:05 
Jun 14 21:10:05 
Jun 14 21:10:05 ==============📣系统通知📣==============
Jun 14 21:10:05 京东秒秒币
Jun 14 21:10:05 京东账号2jd_7a84de20543eb
Jun 14 21:10:05 本次运行获得秒秒币0枚，共3320枚
Jun 14 21:10:05 
Jun 14 21:10:05 🔔京东秒秒币, 结束! 🕛 4.913 秒
Jun 14 21:10:05 
Jun 15 06:10:01 
Jun 15 06:10:01 🔔京东秒秒币, 开始!
Jun 15 06:10:01 您的cookie选择的是用&隔开
Jun 15 06:10:01 
Jun 15 06:10:01 
Jun 15 06:10:01 ====================共有2个京东账号Cookie=========
Jun 15 06:10:01 
Jun 15 06:10:01 ==================脚本执行- 北京时间(UTC+8)：6/15/2021, 6:10:01 AM=====================
Jun 15 06:10:01 
Jun 15 06:10:01 
Jun 15 06:10:01 🔔京东秒秒币, 开始!
Jun 15 06:10:01 您的cookie选择的是用&隔开
Jun 15 06:10:01 
Jun 15 06:10:01 
Jun 15 06:10:01 ====================共有2个京东账号Cookie=========
Jun 15 06:10:01 
Jun 15 06:10:01 ==================脚本执行- 北京时间(UTC+8)：6/15/2021, 6:10:01 AM=====================
Jun 15 06:10:01 
Jun 15 06:10:01 
Jun 15 06:10:01 ******开始【京东账号1】455979050-14287437*********
Jun 15 06:10:01 
Jun 15 06:10:01 
Jun 15 06:10:01 ******开始【京东账号1】455979050-14287437*********
Jun 15 06:10:01 
Jun 15 06:10:01 活动名称：秒杀红包二期正式
Jun 15 06:10:02 活动名称：秒杀红包二期正式
Jun 15 06:10:02 去做浏览秒杀优选店铺任务：1/2
Jun 15 06:10:02 任务领取成功
Jun 15 06:10:02 去做浏览秒杀优选店铺任务：1/2
Jun 15 06:10:02 任务领取成功
Jun 15 06:10:17 任务完成
Jun 15 06:10:17 去做浏览秒杀优选店铺任务：2/2
Jun 15 06:10:17 任务领取成功
Jun 15 06:10:18 你已经做过这个任务了
Jun 15 06:10:18 去做浏览秒杀优选店铺任务：2/2
Jun 15 06:10:18 任务领取成功
Jun 15 06:10:33 任务完成
Jun 15 06:10:33 去做浏览秒杀超值好物任务：1/2
Jun 15 06:10:33 任务完成
Jun 15 06:10:33 任务已完成
Jun 15 06:10:33 去做浏览秒杀超值好物任务：1/2
Jun 15 06:10:33 任务已完成
Jun 15 06:10:34 任务已完成
Jun 15 06:10:34 去做浏览秒杀超值好物任务：2/2
Jun 15 06:10:34 任务完成
Jun 15 06:10:34 任务已完成
Jun 15 06:10:34 去做浏览秒杀超值好物任务：2/2
Jun 15 06:10:34 任务已完成
Jun 15 06:10:34 任务已完成
Jun 15 06:10:34 去做关注秒杀优选店铺任务：1/3
Jun 15 06:10:34 任务完成
Jun 15 06:10:34 任务已完成
Jun 15 06:10:34 去做关注秒杀优选店铺任务：1/3
Jun 15 06:10:34 任务已完成
Jun 15 06:10:35 去做关注秒杀优选店铺任务：2/3
Jun 15 06:10:35 任务完成
Jun 15 06:10:35 去做关注秒杀优选店铺任务：2/3
Jun 15 06:10:36 任务已完成
Jun 15 06:10:36 去做关注秒杀优选店铺任务：3/3
Jun 15 06:10:36 任务完成
Jun 15 06:10:37 去做关注秒杀优选店铺任务：3/3
Jun 15 06:10:37 任务已完成
Jun 15 06:10:37 去做特价5折馆任务：1/1
Jun 15 06:10:37 任务领取成功
Jun 15 06:10:38 去做特价5折馆任务：1/1
Jun 15 06:10:38 任务领取成功
Jun 15 06:10:53 任务完成
Jun 15 06:10:53 去做京品好物会场任务：1/1
Jun 15 06:10:53 任务领取成功
Jun 15 06:10:53 任务已完成
Jun 15 06:10:53 去做京品好物会场任务：1/1
Jun 15 06:10:53 任务领取成功
Jun 15 06:11:09 任务完成
Jun 15 06:11:09 去做分享秒杀领红包活动任务：1/6
Jun 15 06:11:09 success
Jun 15 06:11:09 任务已完成
Jun 15 06:11:09 去做分享秒杀领红包活动任务：1/6
Jun 15 06:11:09 success
Jun 15 06:11:10 去做分享秒杀领红包活动任务：2/6
Jun 15 06:11:10 success
Jun 15 06:11:10 去做分享秒杀领红包活动任务：2/6
Jun 15 06:11:10 success
Jun 15 06:11:11 去做分享秒杀领红包活动任务：3/6
Jun 15 06:11:11 success
Jun 15 06:11:11 去做分享秒杀领红包活动任务：3/6
Jun 15 06:11:11 success
Jun 15 06:11:12 去做分享秒杀领红包活动任务：4/6
Jun 15 06:11:12 任务已完成
Jun 15 06:11:12 去做分享秒杀领红包活动任务：4/6
Jun 15 06:11:12 任务已完成
Jun 15 06:11:13 去做分享秒杀领红包活动任务：5/6
Jun 15 06:11:13 任务已完成
Jun 15 06:11:13 去做分享秒杀领红包活动任务：5/6
Jun 15 06:11:13 任务已完成
Jun 15 06:11:14 去做分享秒杀领红包活动任务：6/6
Jun 15 06:11:14 任务已完成
Jun 15 06:11:14 去做分享秒杀领红包活动任务：6/6
Jun 15 06:11:14 任务已完成
Jun 15 06:11:15 去做签到红包任务：1/1
Jun 15 06:11:15 任务已结束
Jun 15 06:11:15 去做签到红包任务：1/1
Jun 15 06:11:15 任务已结束
Jun 15 06:11:16 去做签到红包任务：1/1
Jun 15 06:11:16 success
Jun 15 06:11:16 去做签到红包任务：1/1
Jun 15 06:11:16 任务已完成
Jun 15 06:11:17 去做签到红包任务：1/1
Jun 15 06:11:17 success
Jun 15 06:11:17 去做签到红包任务：1/1
Jun 15 06:11:17 任务已完成
Jun 15 06:11:18 
Jun 15 06:11:18 ==============📣系统通知📣==============
Jun 15 06:11:18 京东秒秒币
Jun 15 06:11:18 京东账号1455979050-14287437
Jun 15 06:11:18 本次运行获得秒秒币17290枚，共17290枚
Jun 15 06:11:18 
Jun 15 06:11:18 ******开始【京东账号2】jd_7a84de20543eb*********
Jun 15 06:11:18 
Jun 15 06:11:18 
Jun 15 06:11:18 ==============📣系统通知📣==============
Jun 15 06:11:18 京东秒秒币
Jun 15 06:11:18 京东账号1455979050-14287437
Jun 15 06:11:18 本次运行获得秒秒币17290枚，共17290枚
Jun 15 06:11:18 
Jun 15 06:11:18 ******开始【京东账号2】jd_7a84de20543eb*********
Jun 15 06:11:18 
Jun 15 06:11:19 活动名称：秒杀红包二期正式
Jun 15 06:11:19 活动名称：秒杀红包二期正式
Jun 15 06:11:19 去做浏览秒杀优选店铺任务：1/2
Jun 15 06:11:19 任务领取成功
Jun 15 06:11:19 去做浏览秒杀优选店铺任务：1/2
Jun 15 06:11:19 任务领取成功
Jun 15 06:11:35 任务完成
Jun 15 06:11:35 去做浏览秒杀优选店铺任务：2/2
Jun 15 06:11:35 任务领取成功
Jun 15 06:11:35 你已经做过这个任务了
Jun 15 06:11:35 去做浏览秒杀优选店铺任务：2/2
Jun 15 06:11:35 任务领取成功
Jun 15 06:11:50 任务完成
Jun 15 06:11:50 去做浏览秒杀超值好物任务：1/2
Jun 15 06:11:50 任务完成
Jun 15 06:11:50 任务已完成
Jun 15 06:11:50 去做浏览秒杀超值好物任务：1/2
Jun 15 06:11:50 任务已完成
Jun 15 06:11:51 任务已完成
Jun 15 06:11:51 去做浏览秒杀超值好物任务：2/2
Jun 15 06:11:51 任务完成
Jun 15 06:11:51 任务已完成
Jun 15 06:11:51 去做浏览秒杀超值好物任务：2/2
Jun 15 06:11:51 任务已完成
Jun 15 06:11:51 任务已完成
Jun 15 06:11:51 去做关注秒杀优选店铺任务：1/3
Jun 15 06:11:52 任务组件接口返回失败
Jun 15 06:11:52 去做关注秒杀优选店铺任务：1/3
Jun 15 06:11:52 任务完成
Jun 15 06:11:52 任务已完成
Jun 15 06:11:53 去做关注秒杀优选店铺任务：2/3
Jun 15 06:11:53 去做关注秒杀优选店铺任务：2/3
Jun 15 06:11:53 任务组件接口返回失败
Jun 15 06:11:53 任务完成
Jun 15 06:11:54 去做关注秒杀优选店铺任务：3/3
Jun 15 06:11:54 去做关注秒杀优选店铺任务：3/3
Jun 15 06:11:54 任务组件接口返回失败
Jun 15 06:11:54 任务完成
Jun 15 06:11:55 去做特价5折馆任务：1/1
Jun 15 06:11:55 去做特价5折馆任务：1/1
Jun 15 06:11:55 任务领取成功
Jun 15 06:11:55 任务领取成功
Jun 15 06:12:10 任务完成
Jun 15 06:12:10 去做京品好物会场任务：1/1
Jun 15 06:12:10 任务已完成
Jun 15 06:12:10 去做京品好物会场任务：1/1
Jun 15 06:12:10 任务领取成功
Jun 15 06:12:10 任务领取成功
Jun 15 06:12:26 任务已完成
Jun 15 06:12:26 去做分享秒杀领红包活动任务：1/6
Jun 15 06:12:26 任务完成
Jun 15 06:12:26 去做分享秒杀领红包活动任务：1/6
Jun 15 06:12:26 success
Jun 15 06:12:26 success
Jun 15 06:12:27 去做分享秒杀领红包活动任务：2/6
Jun 15 06:12:27 去做分享秒杀领红包活动任务：2/6
Jun 15 06:12:27 success
Jun 15 06:12:27 success
Jun 15 06:12:28 去做分享秒杀领红包活动任务：3/6
Jun 15 06:12:28 去做分享秒杀领红包活动任务：3/6
Jun 15 06:12:28 success
Jun 15 06:12:28 success
Jun 15 06:12:29 去做分享秒杀领红包活动任务：4/6
Jun 15 06:12:29 去做分享秒杀领红包活动任务：4/6
Jun 15 06:12:29 任务已完成
Jun 15 06:12:29 任务已完成
Jun 15 06:12:30 去做分享秒杀领红包活动任务：5/6
Jun 15 06:12:30 去做分享秒杀领红包活动任务：5/6
Jun 15 06:12:30 任务已完成
Jun 15 06:12:30 任务已完成
Jun 15 06:12:31 去做分享秒杀领红包活动任务：6/6
Jun 15 06:12:31 去做分享秒杀领红包活动任务：6/6
Jun 15 06:12:31 任务已完成
Jun 15 06:12:31 任务已完成
Jun 15 06:12:32 去做签到红包任务：1/1
Jun 15 06:12:32 去做签到红包任务：1/1
Jun 15 06:12:32 任务已结束
Jun 15 06:12:32 任务已结束
Jun 15 06:12:33 去做签到红包任务：1/1
Jun 15 06:12:33 去做签到红包任务：1/1
Jun 15 06:12:33 任务已完成
Jun 15 06:12:33 success
Jun 15 06:12:34 去做签到红包任务：1/1
Jun 15 06:12:34 去做签到红包任务：1/1
Jun 15 06:12:34 success
Jun 15 06:12:34 任务已完成
Jun 15 06:12:36 
Jun 15 06:12:36 ==============📣系统通知📣==============
Jun 15 06:12:36 京东秒秒币
Jun 15 06:12:36 京东账号2jd_7a84de20543eb
Jun 15 06:12:36 本次运行获得秒秒币3480枚，共3480枚
Jun 15 06:12:36 
Jun 15 06:12:36 🔔京东秒秒币, 结束! 🕛 155.018 秒
Jun 15 06:12:36 
Jun 15 06:12:36 
Jun 15 06:12:36 ==============📣系统通知📣==============
Jun 15 06:12:36 京东秒秒币
Jun 15 06:12:36 京东账号2jd_7a84de20543eb
Jun 15 06:12:36 本次运行获得秒秒币3480枚，共3480枚
Jun 15 06:12:36 
Jun 15 06:12:36 🔔京东秒秒币, 结束! 🕛 155.092 秒
Jun 15 06:12:36 
