Jun 14 00:40:00 
Jun 14 00:40:00 🔔点点券, 开始!
Jun 14 00:40:00 您的cookie选择的是用&隔开
Jun 14 00:40:00 
Jun 14 00:40:00 
Jun 14 00:40:00 ====================共有2个京东账号Cookie=========
Jun 14 00:40:00 
Jun 14 00:40:00 
Jun 14 00:40:00 🔔点点券, 开始!
Jun 14 00:40:00 您的cookie选择的是用&隔开
Jun 14 00:40:00 
Jun 14 00:40:00 
Jun 14 00:40:00 ====================共有2个京东账号Cookie=========
Jun 14 00:40:00 
Jun 14 00:40:00 ==================脚本执行- 北京时间(UTC+8)：6/14/2021, 12:40:00 AM=====================
Jun 14 00:40:00 
Jun 14 00:40:00 
Jun 14 00:40:00 通知：京东已在领取任务、签到、领取点点券三个添加了log做了校验，暂时无可解决
Jun 14 00:40:00 
Jun 14 00:40:00 ==================脚本执行- 北京时间(UTC+8)：6/14/2021, 12:40:00 AM=====================
Jun 14 00:40:00 
Jun 14 00:40:00 
Jun 14 00:40:00 通知：京东已在领取任务、签到、领取点点券三个添加了log做了校验，暂时无可解决
Jun 14 00:40:00 
Jun 14 00:40:00 
Jun 14 00:40:00 开始【京东账号1】455979050-14287437
Jun 14 00:40:00 
Jun 14 00:40:00 
Jun 14 00:40:00 开始【京东账号1】455979050-14287437
Jun 14 00:40:00 
Jun 14 00:40:00 【点击“领券”】 任务未领取,开始领取此任务
Jun 14 00:40:00 【点击“领券”】 任务未领取,开始领取此任务
Jun 14 00:40:00 领取任务结果：{"rtn_code":403,"rtn_msg":"非法请求！"}
Jun 14 00:40:00 【点击“领券”】 任务领取成功,开始完成此任务
Jun 14 00:40:00 领取任务结果：{"rtn_code":403,"rtn_msg":"非法请求！"}
Jun 14 00:40:00 【点击“领券”】 任务领取成功,开始完成此任务
Jun 14 00:40:01 需等待15秒
Jun 14 00:40:01 需等待15秒
Jun 14 00:40:17 点击首页领券图标(进入领券中心浏览15s)任务:{"code":"600","echo":"signature verification failed"}
Jun 14 00:40:17 【浏览精选活动】 任务未领取,开始领取此任务
Jun 14 00:40:17 点击首页领券图标(进入领券中心浏览15s)任务:{"code":"600","echo":"signature verification failed"}
Jun 14 00:40:17 【浏览精选活动】 任务未领取,开始领取此任务
Jun 14 00:40:17 领取任务结果：{"rtn_code":403,"rtn_msg":"非法请求！"}
Jun 14 00:40:17 【浏览精选活动】 任务领取成功,开始完成此任务
Jun 14 00:40:17 领取任务结果：{"rtn_code":403,"rtn_msg":"非法请求！"}
Jun 14 00:40:17 【浏览精选活动】 任务领取成功,开始完成此任务
Jun 14 00:40:18 【浏览品质商品】 任务未领取,开始领取此任务
Jun 14 00:40:18 【浏览品质商品】 任务未领取,开始领取此任务
Jun 14 00:40:18 领取任务结果：{"rtn_code":403,"rtn_msg":"非法请求！"}
Jun 14 00:40:18 【浏览品质商品】 任务领取成功,开始完成此任务
Jun 14 00:40:18 领取任务结果：{"rtn_code":403,"rtn_msg":"非法请求！"}
Jun 14 00:40:18 【浏览品质商品】 任务领取成功,开始完成此任务
Jun 14 00:40:19 【玩锦鲤红包】 任务未领取,开始领取此任务
Jun 14 00:40:19 【玩锦鲤红包】 任务未领取,开始领取此任务
Jun 14 00:40:19 领取任务结果：{"rtn_code":403,"rtn_msg":"非法请求！"}
Jun 14 00:40:19 【玩锦鲤红包】 任务领取成功,开始完成此任务
Jun 14 00:40:19 领取任务结果：{"rtn_code":403,"rtn_msg":"非法请求！"}
Jun 14 00:40:19 【玩锦鲤红包】 任务领取成功,开始完成此任务
Jun 14 00:40:20 做任务结果：{"data":{"biz_code":1002,"biz_msg":"用户未领取该任务"},"rtn_code":0,"rtn_msg":"请求成功！"}
Jun 14 00:40:20 【玩拼券活动】 任务未领取,开始领取此任务
Jun 14 00:40:20 做任务结果：{"data":{"biz_code":1002,"biz_msg":"用户未领取该任务"},"rtn_code":0,"rtn_msg":"请求成功！"}
Jun 14 00:40:20 【玩拼券活动】 任务未领取,开始领取此任务
Jun 14 00:40:20 领取任务结果：{"rtn_code":403,"rtn_msg":"非法请求！"}
Jun 14 00:40:20 【玩拼券活动】 任务领取成功,开始完成此任务
Jun 14 00:40:20 领取任务结果：{"rtn_code":403,"rtn_msg":"非法请求！"}
Jun 14 00:40:20 【玩拼券活动】 任务领取成功,开始完成此任务
Jun 14 00:40:21 做任务结果：{"data":{"biz_code":1002,"biz_msg":"用户未领取该任务"},"rtn_code":0,"rtn_msg":"请求成功！"}
Jun 14 00:40:21 【逛券后9.9】 任务未领取,开始领取此任务
Jun 14 00:40:21 做任务结果：{"data":{"biz_code":1002,"biz_msg":"用户未领取该任务"},"rtn_code":0,"rtn_msg":"请求成功！"}
Jun 14 00:40:21 【逛券后9.9】 任务未领取,开始领取此任务
Jun 14 00:40:21 领取任务结果：{"rtn_code":403,"rtn_msg":"非法请求！"}
Jun 14 00:40:21 【逛券后9.9】 任务领取成功,开始完成此任务
Jun 14 00:40:21 领取任务结果：{"rtn_code":403,"rtn_msg":"非法请求！"}
Jun 14 00:40:21 【逛券后9.9】 任务领取成功,开始完成此任务
Jun 14 00:40:22 做任务结果：{"data":{"biz_code":1002,"biz_msg":"用户未领取该任务"},"rtn_code":0,"rtn_msg":"请求成功！"}
Jun 14 00:40:22 【去买省钱券包】 任务未领取,开始领取此任务
Jun 14 00:40:22 做任务结果：{"data":{"biz_code":1002,"biz_msg":"用户未领取该任务"},"rtn_code":0,"rtn_msg":"请求成功！"}
Jun 14 00:40:22 【去买省钱券包】 任务未领取,开始领取此任务
Jun 14 00:40:22 领取任务结果：{"rtn_code":403,"rtn_msg":"非法请求！"}
Jun 14 00:40:22 【去买省钱券包】 任务领取成功,开始完成此任务
Jun 14 00:40:22 领取任务结果：{"rtn_code":403,"rtn_msg":"非法请求！"}
Jun 14 00:40:22 【去买省钱券包】 任务领取成功,开始完成此任务
Jun 14 00:40:23 做任务结果：{"data":{"biz_code":1002,"biz_msg":"用户未领取该任务"},"rtn_code":0,"rtn_msg":"请求成功！"}
Jun 14 00:40:23 
Jun 14 00:40:23 开始每日签到
Jun 14 00:40:23 做任务结果：{"data":{"biz_code":1002,"biz_msg":"用户未领取该任务"},"rtn_code":0,"rtn_msg":"请求成功！"}
Jun 14 00:40:23 
Jun 14 00:40:23 开始每日签到
Jun 14 00:40:23 每日签到失败：{"rtn_code":403,"rtn_msg":"非法请求！"}
Jun 14 00:40:23 
Jun 14 00:40:23 每日签到失败：{"rtn_code":403,"rtn_msg":"非法请求！"}
Jun 14 00:40:23 
Jun 14 00:40:24 
Jun 14 00:40:24 开始【京东账号2】jd_7a84de20543eb
Jun 14 00:40:24 
Jun 14 00:40:24 
Jun 14 00:40:24 开始【京东账号2】jd_7a84de20543eb
Jun 14 00:40:24 
Jun 14 00:40:24 【点击“领券”】 任务未领取,开始领取此任务
Jun 14 00:40:24 【点击“领券”】 任务未领取,开始领取此任务
Jun 14 00:40:24 领取任务结果：{"rtn_code":403,"rtn_msg":"非法请求！"}
Jun 14 00:40:24 【点击“领券”】 任务领取成功,开始完成此任务
Jun 14 00:40:24 领取任务结果：{"rtn_code":403,"rtn_msg":"非法请求！"}
Jun 14 00:40:24 【点击“领券”】 任务领取成功,开始完成此任务
Jun 14 00:40:25 需等待15秒
Jun 14 00:40:25 需等待15秒
Jun 14 00:40:40 点击首页领券图标(进入领券中心浏览15s)任务:{"code":"600","echo":"signature verification failed"}
Jun 14 00:40:40 【浏览精选活动】 任务未领取,开始领取此任务
Jun 14 00:40:40 点击首页领券图标(进入领券中心浏览15s)任务:{"code":"600","echo":"signature verification failed"}
Jun 14 00:40:40 【浏览精选活动】 任务未领取,开始领取此任务
Jun 14 00:40:40 领取任务结果：{"rtn_code":403,"rtn_msg":"非法请求！"}
Jun 14 00:40:40 【浏览精选活动】 任务领取成功,开始完成此任务
Jun 14 00:40:40 领取任务结果：{"rtn_code":403,"rtn_msg":"非法请求！"}
Jun 14 00:40:40 【浏览精选活动】 任务领取成功,开始完成此任务
Jun 14 00:40:41 【浏览品质商品】 任务未领取,开始领取此任务
Jun 14 00:40:41 【浏览品质商品】 任务未领取,开始领取此任务
Jun 14 00:40:41 领取任务结果：{"rtn_code":403,"rtn_msg":"非法请求！"}
Jun 14 00:40:41 【浏览品质商品】 任务领取成功,开始完成此任务
Jun 14 00:40:41 领取任务结果：{"rtn_code":403,"rtn_msg":"非法请求！"}
Jun 14 00:40:41 【浏览品质商品】 任务领取成功,开始完成此任务
Jun 14 00:40:42 【玩锦鲤红包】 任务未领取,开始领取此任务
Jun 14 00:40:42 【玩锦鲤红包】 任务未领取,开始领取此任务
Jun 14 00:40:43 领取任务结果：{"rtn_code":403,"rtn_msg":"非法请求！"}
Jun 14 00:40:43 【玩锦鲤红包】 任务领取成功,开始完成此任务
Jun 14 00:40:43 领取任务结果：{"rtn_code":403,"rtn_msg":"非法请求！"}
Jun 14 00:40:43 【玩锦鲤红包】 任务领取成功,开始完成此任务
Jun 14 00:40:44 做任务结果：{"data":{"biz_code":1002,"biz_msg":"用户未领取该任务"},"rtn_code":0,"rtn_msg":"请求成功！"}
Jun 14 00:40:44 【玩拼券活动】 任务未领取,开始领取此任务
Jun 14 00:40:44 领取任务结果：{"rtn_code":403,"rtn_msg":"非法请求！"}
Jun 14 00:40:44 【玩拼券活动】 任务领取成功,开始完成此任务
Jun 14 00:40:44 做任务结果：{"data":{"biz_code":1002,"biz_msg":"用户未领取该任务"},"rtn_code":0,"rtn_msg":"请求成功！"}
Jun 14 00:40:44 【玩拼券活动】 任务未领取,开始领取此任务
Jun 14 00:40:44 领取任务结果：{"rtn_code":403,"rtn_msg":"非法请求！"}
Jun 14 00:40:44 【玩拼券活动】 任务领取成功,开始完成此任务
Jun 14 00:40:45 做任务结果：{"data":{"biz_code":1002,"biz_msg":"用户未领取该任务"},"rtn_code":0,"rtn_msg":"请求成功！"}
Jun 14 00:40:45 【逛券后9.9】 任务未领取,开始领取此任务
Jun 14 00:40:45 领取任务结果：{"rtn_code":403,"rtn_msg":"非法请求！"}
Jun 14 00:40:45 【逛券后9.9】 任务领取成功,开始完成此任务
Jun 14 00:40:45 做任务结果：{"data":{"biz_code":1002,"biz_msg":"用户未领取该任务"},"rtn_code":0,"rtn_msg":"请求成功！"}
Jun 14 00:40:45 【逛券后9.9】 任务未领取,开始领取此任务
Jun 14 00:40:45 领取任务结果：{"rtn_code":403,"rtn_msg":"非法请求！"}
Jun 14 00:40:45 【逛券后9.9】 任务领取成功,开始完成此任务
Jun 14 00:40:46 做任务结果：{"data":{"biz_code":1002,"biz_msg":"用户未领取该任务"},"rtn_code":0,"rtn_msg":"请求成功！"}
Jun 14 00:40:46 【去买省钱券包】 任务未领取,开始领取此任务
Jun 14 00:40:46 做任务结果：{"data":{"biz_code":1002,"biz_msg":"用户未领取该任务"},"rtn_code":0,"rtn_msg":"请求成功！"}
Jun 14 00:40:46 【去买省钱券包】 任务未领取,开始领取此任务
Jun 14 00:40:46 领取任务结果：{"rtn_code":403,"rtn_msg":"非法请求！"}
Jun 14 00:40:46 【去买省钱券包】 任务领取成功,开始完成此任务
Jun 14 00:40:46 领取任务结果：{"rtn_code":403,"rtn_msg":"非法请求！"}
Jun 14 00:40:46 【去买省钱券包】 任务领取成功,开始完成此任务
Jun 14 00:40:47 做任务结果：{"data":{"biz_code":1002,"biz_msg":"用户未领取该任务"},"rtn_code":0,"rtn_msg":"请求成功！"}
Jun 14 00:40:47 
Jun 14 00:40:47 开始每日签到
Jun 14 00:40:47 每日签到失败：{"rtn_code":403,"rtn_msg":"非法请求！"}
Jun 14 00:40:47 
Jun 14 00:40:47 做任务结果：{"data":{"biz_code":1002,"biz_msg":"用户未领取该任务"},"rtn_code":0,"rtn_msg":"请求成功！"}
Jun 14 00:40:47 
Jun 14 00:40:47 开始每日签到
Jun 14 00:40:47 每日签到失败：{"rtn_code":403,"rtn_msg":"非法请求！"}
Jun 14 00:40:47 
Jun 14 00:40:47 
Jun 14 00:40:47 🔔点点券, 结束! 🕛 47.067 秒
Jun 14 00:40:47 
Jun 14 00:40:47 
Jun 14 00:40:47 🔔点点券, 结束! 🕛 47.094 秒
Jun 14 00:40:47 
Jun 14 12:40:00 
Jun 14 12:40:00 🔔点点券, 开始!
Jun 14 12:40:00 
Jun 14 12:40:00 🔔点点券, 开始!
Jun 14 12:40:00 您的cookie选择的是用&隔开
Jun 14 12:40:00 
Jun 14 12:40:00 
Jun 14 12:40:00 ====================共有2个京东账号Cookie=========
Jun 14 12:40:00 
Jun 14 12:40:00 您的cookie选择的是用&隔开
Jun 14 12:40:00 
Jun 14 12:40:00 
Jun 14 12:40:00 ====================共有2个京东账号Cookie=========
Jun 14 12:40:00 
Jun 14 12:40:00 ==================脚本执行- 北京时间(UTC+8)：6/14/2021, 12:40:00 PM=====================
Jun 14 12:40:00 
Jun 14 12:40:00 
Jun 14 12:40:00 通知：京东已在领取任务、签到、领取点点券三个添加了log做了校验，暂时无可解决
Jun 14 12:40:00 
Jun 14 12:40:00 ==================脚本执行- 北京时间(UTC+8)：6/14/2021, 12:40:00 PM=====================
Jun 14 12:40:00 
Jun 14 12:40:00 
Jun 14 12:40:00 通知：京东已在领取任务、签到、领取点点券三个添加了log做了校验，暂时无可解决
Jun 14 12:40:00 
Jun 14 12:40:01 
Jun 14 12:40:01 开始【京东账号1】455979050-14287437
Jun 14 12:40:01 
Jun 14 12:40:01 
Jun 14 12:40:01 开始【京东账号1】455979050-14287437
Jun 14 12:40:01 
Jun 14 12:40:01 【浏览品质商品】 任务已做完,奖励未领取
Jun 14 12:40:01 点击“领券”奖励已领取
Jun 14 12:40:01 浏览精选活动奖励已领取
Jun 14 12:40:01 玩锦鲤红包奖励已领取
Jun 14 12:40:01 玩拼券活动奖励已领取
Jun 14 12:40:01 逛券后9.9奖励已领取
Jun 14 12:40:01 去买省钱券包奖励已领取
Jun 14 12:40:01 当前6/14/2021, 12:40:01 PM已签到
Jun 14 12:40:01 【浏览品质商品】 任务已做完,奖励未领取
Jun 14 12:40:01 点击“领券”奖励已领取
Jun 14 12:40:01 浏览精选活动奖励已领取
Jun 14 12:40:01 玩锦鲤红包奖励已领取
Jun 14 12:40:01 玩拼券活动奖励已领取
Jun 14 12:40:01 逛券后9.9奖励已领取
Jun 14 12:40:01 去买省钱券包奖励已领取
Jun 14 12:40:01 当前6/14/2021, 12:40:01 PM已签到
Jun 14 12:40:01 
Jun 14 12:40:01 开始领取点点券
Jun 14 12:40:01 
Jun 14 12:40:01 开始领取点点券
Jun 14 12:40:01 领取点点券失败：{"rtn_code":403,"rtn_msg":"非法请求！"}
Jun 14 12:40:01 
Jun 14 12:40:01 领取点点券失败：{"rtn_code":403,"rtn_msg":"非法请求！"}
Jun 14 12:40:01 
Jun 14 12:40:01 
Jun 14 12:40:01 开始【京东账号2】jd_7a84de20543eb
Jun 14 12:40:01 
Jun 14 12:40:01 【点击“领券”】 任务未领取,开始领取此任务
Jun 14 12:40:01 
Jun 14 12:40:01 开始【京东账号2】jd_7a84de20543eb
Jun 14 12:40:01 
Jun 14 12:40:01 领取任务结果：{"rtn_code":403,"rtn_msg":"非法请求！"}
Jun 14 12:40:01 【点击“领券”】 任务领取成功,开始完成此任务
Jun 14 12:40:01 【点击“领券”】 任务未领取,开始领取此任务
Jun 14 12:40:01 领取任务结果：{"rtn_code":403,"rtn_msg":"非法请求！"}
Jun 14 12:40:01 【点击“领券”】 任务领取成功,开始完成此任务
Jun 14 12:40:02 需等待15秒
Jun 14 12:40:02 需等待15秒
Jun 14 12:40:18 点击首页领券图标(进入领券中心浏览15s)任务:{"code":"600","echo":"signature verification failed"}
Jun 14 12:40:18 【浏览精选活动】 任务未领取,开始领取此任务
Jun 14 12:40:18 领取任务结果：{"rtn_code":403,"rtn_msg":"非法请求！"}
Jun 14 12:40:18 【浏览精选活动】 任务领取成功,开始完成此任务
Jun 14 12:40:18 点击首页领券图标(进入领券中心浏览15s)任务:{"code":"600","echo":"signature verification failed"}
Jun 14 12:40:18 【浏览精选活动】 任务未领取,开始领取此任务
Jun 14 12:40:18 领取任务结果：{"rtn_code":403,"rtn_msg":"非法请求！"}
Jun 14 12:40:18 【浏览精选活动】 任务领取成功,开始完成此任务
Jun 14 12:40:19 【浏览品质商品】 任务未领取,开始领取此任务
Jun 14 12:40:19 领取任务结果：{"rtn_code":403,"rtn_msg":"非法请求！"}
Jun 14 12:40:19 【浏览品质商品】 任务领取成功,开始完成此任务
Jun 14 12:40:19 【浏览品质商品】 任务未领取,开始领取此任务
Jun 14 12:40:19 领取任务结果：{"rtn_code":403,"rtn_msg":"非法请求！"}
Jun 14 12:40:19 【浏览品质商品】 任务领取成功,开始完成此任务
Jun 14 12:40:20 【玩锦鲤红包】 任务未领取,开始领取此任务
Jun 14 12:40:20 领取任务结果：{"rtn_code":403,"rtn_msg":"非法请求！"}
Jun 14 12:40:20 【玩锦鲤红包】 任务领取成功,开始完成此任务
Jun 14 12:40:20 【玩锦鲤红包】 任务未领取,开始领取此任务
Jun 14 12:40:20 领取任务结果：{"rtn_code":403,"rtn_msg":"非法请求！"}
Jun 14 12:40:20 【玩锦鲤红包】 任务领取成功,开始完成此任务
Jun 14 12:40:21 做任务结果：{"data":{"biz_code":1002,"biz_msg":"用户未领取该任务"},"rtn_code":0,"rtn_msg":"请求成功！"}
Jun 14 12:40:21 【玩拼券活动】 任务未领取,开始领取此任务
Jun 14 12:40:21 领取任务结果：{"rtn_code":403,"rtn_msg":"非法请求！"}
Jun 14 12:40:21 【玩拼券活动】 任务领取成功,开始完成此任务
Jun 14 12:40:21 做任务结果：{"data":{"biz_code":1002,"biz_msg":"用户未领取该任务"},"rtn_code":0,"rtn_msg":"请求成功！"}
Jun 14 12:40:21 【玩拼券活动】 任务未领取,开始领取此任务
Jun 14 12:40:21 领取任务结果：{"rtn_code":403,"rtn_msg":"非法请求！"}
Jun 14 12:40:21 【玩拼券活动】 任务领取成功,开始完成此任务
Jun 14 12:40:22 做任务结果：{"data":{"biz_code":1002,"biz_msg":"用户未领取该任务"},"rtn_code":0,"rtn_msg":"请求成功！"}
Jun 14 12:40:22 【逛券后9.9】 任务未领取,开始领取此任务
Jun 14 12:40:22 做任务结果：{"data":{"biz_code":1002,"biz_msg":"用户未领取该任务"},"rtn_code":0,"rtn_msg":"请求成功！"}
Jun 14 12:40:22 【逛券后9.9】 任务未领取,开始领取此任务
Jun 14 12:40:22 领取任务结果：{"rtn_code":403,"rtn_msg":"非法请求！"}
Jun 14 12:40:22 【逛券后9.9】 任务领取成功,开始完成此任务
Jun 14 12:40:22 领取任务结果：{"rtn_code":403,"rtn_msg":"非法请求！"}
Jun 14 12:40:22 【逛券后9.9】 任务领取成功,开始完成此任务
Jun 14 12:40:23 做任务结果：{"data":{"biz_code":1002,"biz_msg":"用户未领取该任务"},"rtn_code":0,"rtn_msg":"请求成功！"}
Jun 14 12:40:23 【去买省钱券包】 任务未领取,开始领取此任务
Jun 14 12:40:23 做任务结果：{"data":{"biz_code":1002,"biz_msg":"用户未领取该任务"},"rtn_code":0,"rtn_msg":"请求成功！"}
Jun 14 12:40:23 【去买省钱券包】 任务未领取,开始领取此任务
Jun 14 12:40:23 领取任务结果：{"rtn_code":403,"rtn_msg":"非法请求！"}
Jun 14 12:40:23 【去买省钱券包】 任务领取成功,开始完成此任务
Jun 14 12:40:23 领取任务结果：{"rtn_code":403,"rtn_msg":"非法请求！"}
Jun 14 12:40:23 【去买省钱券包】 任务领取成功,开始完成此任务
Jun 14 12:40:24 做任务结果：{"data":{"biz_code":1002,"biz_msg":"用户未领取该任务"},"rtn_code":0,"rtn_msg":"请求成功！"}
Jun 14 12:40:24 
Jun 14 12:40:24 开始每日签到
Jun 14 12:40:24 做任务结果：{"data":{"biz_code":1002,"biz_msg":"用户未领取该任务"},"rtn_code":0,"rtn_msg":"请求成功！"}
Jun 14 12:40:24 
Jun 14 12:40:24 开始每日签到
Jun 14 12:40:24 每日签到失败：{"rtn_code":403,"rtn_msg":"非法请求！"}
Jun 14 12:40:24 
Jun 14 12:40:24 每日签到失败：{"rtn_code":403,"rtn_msg":"非法请求！"}
Jun 14 12:40:24 
Jun 14 12:40:24 
Jun 14 12:40:24 🔔点点券, 结束! 🕛 23.87 秒
Jun 14 12:40:24 
Jun 14 12:40:24 
Jun 14 12:40:24 🔔点点券, 结束! 🕛 23.882 秒
Jun 14 12:40:24 
Jun 14 20:40:00 
Jun 14 20:40:00 🔔点点券, 开始!
Jun 14 20:40:00 
Jun 14 20:40:00 🔔点点券, 开始!
Jun 14 20:40:00 您的cookie选择的是用&隔开
Jun 14 20:40:00 
Jun 14 20:40:00 
Jun 14 20:40:00 ====================共有2个京东账号Cookie=========
Jun 14 20:40:00 
Jun 14 20:40:00 您的cookie选择的是用&隔开
Jun 14 20:40:00 
Jun 14 20:40:00 
Jun 14 20:40:00 ====================共有2个京东账号Cookie=========
Jun 14 20:40:00 
Jun 14 20:40:00 ==================脚本执行- 北京时间(UTC+8)：6/14/2021, 8:40:00 PM=====================
Jun 14 20:40:00 
Jun 14 20:40:00 ==================脚本执行- 北京时间(UTC+8)：6/14/2021, 8:40:00 PM=====================
Jun 14 20:40:00 
Jun 14 20:40:00 
Jun 14 20:40:00 通知：京东已在领取任务、签到、领取点点券三个添加了log做了校验，暂时无可解决
Jun 14 20:40:00 
Jun 14 20:40:00 
Jun 14 20:40:00 通知：京东已在领取任务、签到、领取点点券三个添加了log做了校验，暂时无可解决
Jun 14 20:40:00 
Jun 14 20:40:01 
Jun 14 20:40:01 开始【京东账号1】455979050-14287437
Jun 14 20:40:01 
Jun 14 20:40:01 
Jun 14 20:40:01 开始【京东账号1】455979050-14287437
Jun 14 20:40:01 
Jun 14 20:40:01 【浏览品质商品】 任务已做完,奖励未领取
Jun 14 20:40:01 点击“领券”奖励已领取
Jun 14 20:40:01 浏览精选活动奖励已领取
Jun 14 20:40:01 玩锦鲤红包奖励已领取
Jun 14 20:40:01 玩拼券活动奖励已领取
Jun 14 20:40:01 逛券后9.9奖励已领取
Jun 14 20:40:01 去买省钱券包奖励已领取
Jun 14 20:40:01 
Jun 14 20:40:01 开始每日签到
Jun 14 20:40:01 【浏览品质商品】 任务已做完,奖励未领取
Jun 14 20:40:01 点击“领券”奖励已领取
Jun 14 20:40:01 浏览精选活动奖励已领取
Jun 14 20:40:01 玩锦鲤红包奖励已领取
Jun 14 20:40:01 玩拼券活动奖励已领取
Jun 14 20:40:01 逛券后9.9奖励已领取
Jun 14 20:40:01 去买省钱券包奖励已领取
Jun 14 20:40:01 
Jun 14 20:40:01 开始每日签到
Jun 14 20:40:01 每日签到失败：{"rtn_code":403,"rtn_msg":"非法请求！"}
Jun 14 20:40:01 
Jun 14 20:40:01 每日签到失败：{"rtn_code":403,"rtn_msg":"非法请求！"}
Jun 14 20:40:01 
Jun 14 20:40:01 
Jun 14 20:40:01 开始领取点点券
Jun 14 20:40:01 
Jun 14 20:40:01 开始领取点点券
Jun 14 20:40:01 领取点点券失败：{"rtn_code":403,"rtn_msg":"非法请求！"}
Jun 14 20:40:01 
Jun 14 20:40:01 领取点点券失败：{"rtn_code":403,"rtn_msg":"非法请求！"}
Jun 14 20:40:01 
Jun 14 20:40:01 
Jun 14 20:40:01 ==============📣系统通知📣==============
Jun 14 20:40:01 点点券
Jun 14 20:40:01 京东账号1 455979050-14287437
Jun 14 20:40:01 当前点点券：3890个
Jun 14 20:40:01 可兑换无门槛红包：3.89元
Jun 14 20:40:01 点击弹窗即可去兑换(注：此红包具有时效性)
Jun 14 20:40:01 
Jun 14 20:40:01 ==============📣系统通知📣==============
Jun 14 20:40:01 点点券
Jun 14 20:40:01 京东账号1 455979050-14287437
Jun 14 20:40:01 当前点点券：3890个
Jun 14 20:40:01 可兑换无门槛红包：3.89元
Jun 14 20:40:01 点击弹窗即可去兑换(注：此红包具有时效性)
Jun 14 20:40:01 
Jun 14 20:40:01 开始【京东账号2】jd_7a84de20543eb
Jun 14 20:40:01 
Jun 14 20:40:01 
Jun 14 20:40:01 开始【京东账号2】jd_7a84de20543eb
Jun 14 20:40:01 
Jun 14 20:40:01 【点击“领券”】 任务未领取,开始领取此任务
Jun 14 20:40:01 【点击“领券”】 任务未领取,开始领取此任务
Jun 14 20:40:01 领取任务结果：{"rtn_code":403,"rtn_msg":"非法请求！"}
Jun 14 20:40:01 【点击“领券”】 任务领取成功,开始完成此任务
Jun 14 20:40:01 领取任务结果：{"rtn_code":403,"rtn_msg":"非法请求！"}
Jun 14 20:40:01 【点击“领券”】 任务领取成功,开始完成此任务
Jun 14 20:40:02 需等待15秒
Jun 14 20:40:02 需等待15秒
Jun 14 20:40:18 点击首页领券图标(进入领券中心浏览15s)任务:{"code":"600","echo":"signature verification failed"}
Jun 14 20:40:18 【浏览精选活动】 任务未领取,开始领取此任务
Jun 14 20:40:18 点击首页领券图标(进入领券中心浏览15s)任务:{"code":"600","echo":"signature verification failed"}
Jun 14 20:40:18 【浏览精选活动】 任务未领取,开始领取此任务
Jun 14 20:40:18 领取任务结果：{"rtn_code":403,"rtn_msg":"非法请求！"}
Jun 14 20:40:18 【浏览精选活动】 任务领取成功,开始完成此任务
Jun 14 20:40:18 领取任务结果：{"rtn_code":403,"rtn_msg":"非法请求！"}
Jun 14 20:40:18 【浏览精选活动】 任务领取成功,开始完成此任务
Jun 14 20:40:19 【浏览品质商品】 任务未领取,开始领取此任务
Jun 14 20:40:19 【浏览品质商品】 任务未领取,开始领取此任务
Jun 14 20:40:19 领取任务结果：{"rtn_code":403,"rtn_msg":"非法请求！"}
Jun 14 20:40:19 【浏览品质商品】 任务领取成功,开始完成此任务
Jun 14 20:40:19 领取任务结果：{"rtn_code":403,"rtn_msg":"非法请求！"}
Jun 14 20:40:19 【浏览品质商品】 任务领取成功,开始完成此任务
Jun 14 20:40:20 【玩锦鲤红包】 任务未领取,开始领取此任务
Jun 14 20:40:20 【玩锦鲤红包】 任务未领取,开始领取此任务
Jun 14 20:40:20 领取任务结果：{"rtn_code":403,"rtn_msg":"非法请求！"}
Jun 14 20:40:20 【玩锦鲤红包】 任务领取成功,开始完成此任务
Jun 14 20:40:20 领取任务结果：{"rtn_code":403,"rtn_msg":"非法请求！"}
Jun 14 20:40:20 【玩锦鲤红包】 任务领取成功,开始完成此任务
Jun 14 20:40:21 做任务结果：{"data":{"biz_code":1002,"biz_msg":"用户未领取该任务"},"rtn_code":0,"rtn_msg":"请求成功！"}
Jun 14 20:40:21 【玩拼券活动】 任务未领取,开始领取此任务
Jun 14 20:40:21 做任务结果：{"data":{"biz_code":1002,"biz_msg":"用户未领取该任务"},"rtn_code":0,"rtn_msg":"请求成功！"}
Jun 14 20:40:21 【玩拼券活动】 任务未领取,开始领取此任务
Jun 14 20:40:21 领取任务结果：{"rtn_code":403,"rtn_msg":"非法请求！"}
Jun 14 20:40:21 【玩拼券活动】 任务领取成功,开始完成此任务
Jun 14 20:40:21 领取任务结果：{"rtn_code":403,"rtn_msg":"非法请求！"}
Jun 14 20:40:21 【玩拼券活动】 任务领取成功,开始完成此任务
Jun 14 20:40:22 做任务结果：{"data":{"biz_code":1002,"biz_msg":"用户未领取该任务"},"rtn_code":0,"rtn_msg":"请求成功！"}
Jun 14 20:40:22 【逛券后9.9】 任务未领取,开始领取此任务
Jun 14 20:40:22 做任务结果：{"data":{"biz_code":1002,"biz_msg":"用户未领取该任务"},"rtn_code":0,"rtn_msg":"请求成功！"}
Jun 14 20:40:22 【逛券后9.9】 任务未领取,开始领取此任务
Jun 14 20:40:22 领取任务结果：{"rtn_code":403,"rtn_msg":"非法请求！"}
Jun 14 20:40:22 【逛券后9.9】 任务领取成功,开始完成此任务
Jun 14 20:40:22 领取任务结果：{"rtn_code":403,"rtn_msg":"非法请求！"}
Jun 14 20:40:22 【逛券后9.9】 任务领取成功,开始完成此任务
Jun 14 20:40:23 做任务结果：{"data":{"biz_code":1002,"biz_msg":"用户未领取该任务"},"rtn_code":0,"rtn_msg":"请求成功！"}
Jun 14 20:40:23 【去买省钱券包】 任务未领取,开始领取此任务
Jun 14 20:40:23 做任务结果：{"data":{"biz_code":1002,"biz_msg":"用户未领取该任务"},"rtn_code":0,"rtn_msg":"请求成功！"}
Jun 14 20:40:23 【去买省钱券包】 任务未领取,开始领取此任务
Jun 14 20:40:23 领取任务结果：{"rtn_code":403,"rtn_msg":"非法请求！"}
Jun 14 20:40:23 【去买省钱券包】 任务领取成功,开始完成此任务
Jun 14 20:40:23 领取任务结果：{"rtn_code":403,"rtn_msg":"非法请求！"}
Jun 14 20:40:23 【去买省钱券包】 任务领取成功,开始完成此任务
Jun 14 20:40:24 做任务结果：{"data":{"biz_code":1002,"biz_msg":"用户未领取该任务"},"rtn_code":0,"rtn_msg":"请求成功！"}
Jun 14 20:40:24 
Jun 14 20:40:24 开始每日签到
Jun 14 20:40:24 做任务结果：{"data":{"biz_code":1002,"biz_msg":"用户未领取该任务"},"rtn_code":0,"rtn_msg":"请求成功！"}
Jun 14 20:40:24 
Jun 14 20:40:24 开始每日签到
Jun 14 20:40:24 每日签到失败：{"rtn_code":403,"rtn_msg":"非法请求！"}
Jun 14 20:40:24 
Jun 14 20:40:24 每日签到失败：{"rtn_code":403,"rtn_msg":"非法请求！"}
Jun 14 20:40:24 
Jun 14 20:40:24 
Jun 14 20:40:24 ==============📣系统通知📣==============
Jun 14 20:40:24 点点券
Jun 14 20:40:24 京东账号2 jd_7a84de20543eb
Jun 14 20:40:24 当前点点券：900个
Jun 14 20:40:24 可兑换无门槛红包：0.9元
Jun 14 20:40:24 点击弹窗即可去兑换(注：此红包具有时效性)
Jun 14 20:40:24 
Jun 14 20:40:24 
Jun 14 20:40:24 您未提供server酱的SCKEY，取消微信推送消息通知🚫
Jun 14 20:40:24 
Jun 14 20:40:24 您未提供push+推送所需的PUSH_PLUS_TOKEN，取消push+推送消息通知🚫
Jun 14 20:40:24 
Jun 14 20:40:24 您未提供Bark的APP推送BARK_PUSH，取消Bark推送消息通知🚫
Jun 14 20:40:24 
Jun 14 20:40:24 您未提供telegram机器人推送所需的TG_BOT_TOKEN和TG_USER_ID，取消telegram推送消息通知🚫
Jun 14 20:40:24 
Jun 14 20:40:24 您未提供企业微信机器人推送所需的QYWX_KEY，取消企业微信推送消息通知🚫
Jun 14 20:40:24 
Jun 14 20:40:24 您未提供企业微信应用消息推送所需的QYWX_AM，取消企业微信应用消息推送消息通知🚫
Jun 14 20:40:24 
Jun 14 20:40:24 您未提供iGot的推送IGOT_PUSH_KEY，取消iGot推送消息通知🚫
Jun 14 20:40:24 
Jun 14 20:40:24 
Jun 14 20:40:24 ==============📣系统通知📣==============
Jun 14 20:40:24 点点券
Jun 14 20:40:24 京东账号2 jd_7a84de20543eb
Jun 14 20:40:24 当前点点券：900个
Jun 14 20:40:24 可兑换无门槛红包：0.9元
Jun 14 20:40:24 点击弹窗即可去兑换(注：此红包具有时效性)
Jun 14 20:40:24 
Jun 14 20:40:24 
Jun 14 20:40:24 您未提供server酱的SCKEY，取消微信推送消息通知🚫
Jun 14 20:40:24 
Jun 14 20:40:24 您未提供push+推送所需的PUSH_PLUS_TOKEN，取消push+推送消息通知🚫
Jun 14 20:40:24 
Jun 14 20:40:24 您未提供Bark的APP推送BARK_PUSH，取消Bark推送消息通知🚫
Jun 14 20:40:24 
Jun 14 20:40:24 您未提供telegram机器人推送所需的TG_BOT_TOKEN和TG_USER_ID，取消telegram推送消息通知🚫
Jun 14 20:40:24 
Jun 14 20:40:24 您未提供企业微信机器人推送所需的QYWX_KEY，取消企业微信推送消息通知🚫
Jun 14 20:40:24 
Jun 14 20:40:24 您未提供企业微信应用消息推送所需的QYWX_AM，取消企业微信应用消息推送消息通知🚫
Jun 14 20:40:24 
Jun 14 20:40:24 您未提供iGot的推送IGOT_PUSH_KEY，取消iGot推送消息通知🚫
Jun 14 20:40:24 
Jun 14 20:40:24 钉钉发送通知消息成功🎉。
Jun 14 20:40:24 
Jun 14 20:40:24 
Jun 14 20:40:24 🔔点点券, 结束! 🕛 23.897 秒
Jun 14 20:40:24 
Jun 14 20:40:24 钉钉发送通知消息成功🎉。
Jun 14 20:40:24 
Jun 14 20:40:24 
Jun 14 20:40:24 🔔点点券, 结束! 🕛 23.912 秒
Jun 14 20:40:24 
Jun 14 21:40:00 
Jun 14 21:40:00 🔔点点券, 开始!
Jun 14 21:40:00 您的cookie选择的是用&隔开
Jun 14 21:40:00 
Jun 14 21:40:00 
Jun 14 21:40:00 ====================共有2个京东账号Cookie=========
Jun 14 21:40:00 
Jun 14 21:40:00 
Jun 14 21:40:00 🔔点点券, 开始!
Jun 14 21:40:00 您的cookie选择的是用&隔开
Jun 14 21:40:00 
Jun 14 21:40:00 
Jun 14 21:40:00 ====================共有2个京东账号Cookie=========
Jun 14 21:40:00 
Jun 14 21:40:00 ==================脚本执行- 北京时间(UTC+8)：6/14/2021, 9:40:00 PM=====================
Jun 14 21:40:00 
Jun 14 21:40:00 
Jun 14 21:40:00 通知：京东已在领取任务、签到、领取点点券三个添加了log做了校验，暂时无可解决
Jun 14 21:40:00 
Jun 14 21:40:00 ==================脚本执行- 北京时间(UTC+8)：6/14/2021, 9:40:00 PM=====================
Jun 14 21:40:00 
Jun 14 21:40:00 
Jun 14 21:40:00 通知：京东已在领取任务、签到、领取点点券三个添加了log做了校验，暂时无可解决
Jun 14 21:40:00 
Jun 14 21:40:00 
Jun 14 21:40:00 开始【京东账号1】455979050-14287437
Jun 14 21:40:00 
Jun 14 21:40:00 
Jun 14 21:40:00 开始【京东账号1】455979050-14287437
Jun 14 21:40:00 
Jun 14 21:40:00 【浏览品质商品】 任务已做完,奖励未领取
Jun 14 21:40:00 点击“领券”奖励已领取
Jun 14 21:40:00 浏览精选活动奖励已领取
Jun 14 21:40:00 玩锦鲤红包奖励已领取
Jun 14 21:40:00 玩拼券活动奖励已领取
Jun 14 21:40:00 逛券后9.9奖励已领取
Jun 14 21:40:00 去买省钱券包奖励已领取
Jun 14 21:40:00 
Jun 14 21:40:00 开始每日签到
Jun 14 21:40:00 【浏览品质商品】 任务已做完,奖励未领取
Jun 14 21:40:00 点击“领券”奖励已领取
Jun 14 21:40:00 浏览精选活动奖励已领取
Jun 14 21:40:00 玩锦鲤红包奖励已领取
Jun 14 21:40:00 玩拼券活动奖励已领取
Jun 14 21:40:00 逛券后9.9奖励已领取
Jun 14 21:40:00 去买省钱券包奖励已领取
Jun 14 21:40:00 
Jun 14 21:40:00 开始每日签到
Jun 14 21:40:00 每日签到失败：{"rtn_code":403,"rtn_msg":"非法请求！"}
Jun 14 21:40:00 
Jun 14 21:40:00 每日签到失败：{"rtn_code":403,"rtn_msg":"非法请求！"}
Jun 14 21:40:00 
Jun 14 21:40:00 
Jun 14 21:40:00 开始领取点点券
Jun 14 21:40:00 
Jun 14 21:40:00 开始领取点点券
Jun 14 21:40:00 领取点点券失败：{"rtn_code":403,"rtn_msg":"非法请求！"}
Jun 14 21:40:00 
Jun 14 21:40:00 领取点点券失败：{"rtn_code":403,"rtn_msg":"非法请求！"}
Jun 14 21:40:00 
Jun 14 21:40:00 
Jun 14 21:40:00 ==============📣系统通知📣==============
Jun 14 21:40:00 点点券
Jun 14 21:40:00 京东账号1 455979050-14287437
Jun 14 21:40:00 当前点点券：3890个
Jun 14 21:40:00 可兑换无门槛红包：3.89元
Jun 14 21:40:00 点击弹窗即可去兑换(注：此红包具有时效性)
Jun 14 21:40:00 
Jun 14 21:40:00 开始【京东账号2】jd_7a84de20543eb
Jun 14 21:40:00 
Jun 14 21:40:00 
Jun 14 21:40:00 ==============📣系统通知📣==============
Jun 14 21:40:00 点点券
Jun 14 21:40:00 京东账号1 455979050-14287437
Jun 14 21:40:00 当前点点券：3890个
Jun 14 21:40:00 可兑换无门槛红包：3.89元
Jun 14 21:40:00 点击弹窗即可去兑换(注：此红包具有时效性)
Jun 14 21:40:00 
Jun 14 21:40:00 开始【京东账号2】jd_7a84de20543eb
Jun 14 21:40:00 
Jun 14 21:40:00 【点击“领券”】 任务未领取,开始领取此任务
Jun 14 21:40:01 【点击“领券”】 任务未领取,开始领取此任务
Jun 14 21:40:01 领取任务结果：{"rtn_code":403,"rtn_msg":"非法请求！"}
Jun 14 21:40:01 【点击“领券”】 任务领取成功,开始完成此任务
Jun 14 21:40:01 领取任务结果：{"rtn_code":403,"rtn_msg":"非法请求！"}
Jun 14 21:40:01 【点击“领券”】 任务领取成功,开始完成此任务
Jun 14 21:40:02 需等待15秒
Jun 14 21:40:02 需等待15秒
Jun 14 21:40:17 点击首页领券图标(进入领券中心浏览15s)任务:{"code":"600","echo":"signature verification failed"}
Jun 14 21:40:17 【浏览精选活动】 任务未领取,开始领取此任务
Jun 14 21:40:17 点击首页领券图标(进入领券中心浏览15s)任务:{"code":"600","echo":"signature verification failed"}
Jun 14 21:40:17 【浏览精选活动】 任务未领取,开始领取此任务
Jun 14 21:40:17 领取任务结果：{"rtn_code":403,"rtn_msg":"非法请求！"}
Jun 14 21:40:17 【浏览精选活动】 任务领取成功,开始完成此任务
Jun 14 21:40:17 领取任务结果：{"rtn_code":403,"rtn_msg":"非法请求！"}
Jun 14 21:40:17 【浏览精选活动】 任务领取成功,开始完成此任务
Jun 14 21:40:18 【浏览品质商品】 任务未领取,开始领取此任务
Jun 14 21:40:18 【浏览品质商品】 任务未领取,开始领取此任务
Jun 14 21:40:18 领取任务结果：{"rtn_code":403,"rtn_msg":"非法请求！"}
Jun 14 21:40:18 【浏览品质商品】 任务领取成功,开始完成此任务
Jun 14 21:40:18 领取任务结果：{"rtn_code":403,"rtn_msg":"非法请求！"}
Jun 14 21:40:18 【浏览品质商品】 任务领取成功,开始完成此任务
Jun 14 21:40:19 【玩锦鲤红包】 任务未领取,开始领取此任务
Jun 14 21:40:19 【玩锦鲤红包】 任务未领取,开始领取此任务
Jun 14 21:40:19 领取任务结果：{"rtn_code":403,"rtn_msg":"非法请求！"}
Jun 14 21:40:19 【玩锦鲤红包】 任务领取成功,开始完成此任务
Jun 14 21:40:19 领取任务结果：{"rtn_code":403,"rtn_msg":"非法请求！"}
Jun 14 21:40:19 【玩锦鲤红包】 任务领取成功,开始完成此任务
Jun 14 21:40:20 做任务结果：{"data":{"biz_code":1002,"biz_msg":"用户未领取该任务"},"rtn_code":0,"rtn_msg":"请求成功！"}
Jun 14 21:40:20 【玩拼券活动】 任务未领取,开始领取此任务
Jun 14 21:40:20 做任务结果：{"data":{"biz_code":1002,"biz_msg":"用户未领取该任务"},"rtn_code":0,"rtn_msg":"请求成功！"}
Jun 14 21:40:20 【玩拼券活动】 任务未领取,开始领取此任务
Jun 14 21:40:20 领取任务结果：{"rtn_code":403,"rtn_msg":"非法请求！"}
Jun 14 21:40:20 【玩拼券活动】 任务领取成功,开始完成此任务
Jun 14 21:40:20 领取任务结果：{"rtn_code":403,"rtn_msg":"非法请求！"}
Jun 14 21:40:20 【玩拼券活动】 任务领取成功,开始完成此任务
Jun 14 21:40:21 做任务结果：{"data":{"biz_code":1002,"biz_msg":"用户未领取该任务"},"rtn_code":0,"rtn_msg":"请求成功！"}
Jun 14 21:40:21 【逛券后9.9】 任务未领取,开始领取此任务
Jun 14 21:40:21 做任务结果：{"data":{"biz_code":1002,"biz_msg":"用户未领取该任务"},"rtn_code":0,"rtn_msg":"请求成功！"}
Jun 14 21:40:21 【逛券后9.9】 任务未领取,开始领取此任务
Jun 14 21:40:21 领取任务结果：{"rtn_code":403,"rtn_msg":"非法请求！"}
Jun 14 21:40:21 【逛券后9.9】 任务领取成功,开始完成此任务
Jun 14 21:40:21 领取任务结果：{"rtn_code":403,"rtn_msg":"非法请求！"}
Jun 14 21:40:21 【逛券后9.9】 任务领取成功,开始完成此任务
Jun 14 21:40:23 做任务结果：{"data":{"biz_code":1002,"biz_msg":"用户未领取该任务"},"rtn_code":0,"rtn_msg":"请求成功！"}
Jun 14 21:40:23 【去买省钱券包】 任务未领取,开始领取此任务
Jun 14 21:40:23 做任务结果：{"data":{"biz_code":1002,"biz_msg":"用户未领取该任务"},"rtn_code":0,"rtn_msg":"请求成功！"}
Jun 14 21:40:23 【去买省钱券包】 任务未领取,开始领取此任务
Jun 14 21:40:23 领取任务结果：{"rtn_code":403,"rtn_msg":"非法请求！"}
Jun 14 21:40:23 【去买省钱券包】 任务领取成功,开始完成此任务
Jun 14 21:40:23 领取任务结果：{"rtn_code":403,"rtn_msg":"非法请求！"}
Jun 14 21:40:23 【去买省钱券包】 任务领取成功,开始完成此任务
Jun 14 21:40:24 做任务结果：{"data":{"biz_code":1002,"biz_msg":"用户未领取该任务"},"rtn_code":0,"rtn_msg":"请求成功！"}
Jun 14 21:40:24 
Jun 14 21:40:24 开始每日签到
Jun 14 21:40:24 做任务结果：{"data":{"biz_code":1002,"biz_msg":"用户未领取该任务"},"rtn_code":0,"rtn_msg":"请求成功！"}
Jun 14 21:40:24 
Jun 14 21:40:24 开始每日签到
Jun 14 21:40:24 每日签到失败：{"rtn_code":403,"rtn_msg":"非法请求！"}
Jun 14 21:40:24 
Jun 14 21:40:24 每日签到失败：{"rtn_code":403,"rtn_msg":"非法请求！"}
Jun 14 21:40:24 
Jun 14 21:40:24 
Jun 14 21:40:24 ==============📣系统通知📣==============
Jun 14 21:40:24 点点券
Jun 14 21:40:24 京东账号2 jd_7a84de20543eb
Jun 14 21:40:24 当前点点券：900个
Jun 14 21:40:24 可兑换无门槛红包：0.9元
Jun 14 21:40:24 点击弹窗即可去兑换(注：此红包具有时效性)
Jun 14 21:40:24 
Jun 14 21:40:24 
Jun 14 21:40:24 您未提供server酱的SCKEY，取消微信推送消息通知🚫
Jun 14 21:40:24 
Jun 14 21:40:24 您未提供push+推送所需的PUSH_PLUS_TOKEN，取消push+推送消息通知🚫
Jun 14 21:40:24 
Jun 14 21:40:24 您未提供Bark的APP推送BARK_PUSH，取消Bark推送消息通知🚫
Jun 14 21:40:24 
Jun 14 21:40:24 您未提供telegram机器人推送所需的TG_BOT_TOKEN和TG_USER_ID，取消telegram推送消息通知🚫
Jun 14 21:40:24 
Jun 14 21:40:24 您未提供企业微信机器人推送所需的QYWX_KEY，取消企业微信推送消息通知🚫
Jun 14 21:40:24 
Jun 14 21:40:24 您未提供企业微信应用消息推送所需的QYWX_AM，取消企业微信应用消息推送消息通知🚫
Jun 14 21:40:24 
Jun 14 21:40:24 您未提供iGot的推送IGOT_PUSH_KEY，取消iGot推送消息通知🚫
Jun 14 21:40:24 
Jun 14 21:40:24 钉钉发送通知消息成功🎉。
Jun 14 21:40:24 
Jun 14 21:40:24 
Jun 14 21:40:24 🔔点点券, 结束! 🕛 24.011 秒
Jun 14 21:40:24 
Jun 14 21:40:24 
Jun 14 21:40:24 ==============📣系统通知📣==============
Jun 14 21:40:24 点点券
Jun 14 21:40:24 京东账号2 jd_7a84de20543eb
Jun 14 21:40:24 当前点点券：900个
Jun 14 21:40:24 可兑换无门槛红包：0.9元
Jun 14 21:40:24 点击弹窗即可去兑换(注：此红包具有时效性)
Jun 14 21:40:24 
Jun 14 21:40:24 
Jun 14 21:40:24 您未提供server酱的SCKEY，取消微信推送消息通知🚫
Jun 14 21:40:24 
Jun 14 21:40:24 您未提供push+推送所需的PUSH_PLUS_TOKEN，取消push+推送消息通知🚫
Jun 14 21:40:24 
Jun 14 21:40:24 您未提供Bark的APP推送BARK_PUSH，取消Bark推送消息通知🚫
Jun 14 21:40:24 
Jun 14 21:40:24 您未提供telegram机器人推送所需的TG_BOT_TOKEN和TG_USER_ID，取消telegram推送消息通知🚫
Jun 14 21:40:24 
Jun 14 21:40:24 您未提供企业微信机器人推送所需的QYWX_KEY，取消企业微信推送消息通知🚫
Jun 14 21:40:24 
Jun 14 21:40:24 您未提供企业微信应用消息推送所需的QYWX_AM，取消企业微信应用消息推送消息通知🚫
Jun 14 21:40:24 
Jun 14 21:40:24 您未提供iGot的推送IGOT_PUSH_KEY，取消iGot推送消息通知🚫
Jun 14 21:40:24 
Jun 14 21:40:24 钉钉发送通知消息成功🎉。
Jun 14 21:40:24 
Jun 14 21:40:24 
Jun 14 21:40:24 🔔点点券, 结束! 🕛 24.079 秒
Jun 14 21:40:24 
Jun 15 00:40:00 
Jun 15 00:40:00 🔔点点券, 开始!
Jun 15 00:40:00 
Jun 15 00:40:00 🔔点点券, 开始!
Jun 15 00:40:00 您的cookie选择的是用&隔开
Jun 15 00:40:00 
Jun 15 00:40:00 
Jun 15 00:40:00 ====================共有2个京东账号Cookie=========
Jun 15 00:40:00 
Jun 15 00:40:00 您的cookie选择的是用&隔开
Jun 15 00:40:00 
Jun 15 00:40:00 
Jun 15 00:40:00 ====================共有2个京东账号Cookie=========
Jun 15 00:40:00 
Jun 15 00:40:00 ==================脚本执行- 北京时间(UTC+8)：6/15/2021, 12:40:00 AM=====================
Jun 15 00:40:00 
Jun 15 00:40:00 ==================脚本执行- 北京时间(UTC+8)：6/15/2021, 12:40:00 AM=====================
Jun 15 00:40:00 
Jun 15 00:40:00 
Jun 15 00:40:00 通知：京东已在领取任务、签到、领取点点券三个添加了log做了校验，暂时无可解决
Jun 15 00:40:00 
Jun 15 00:40:00 
Jun 15 00:40:00 通知：京东已在领取任务、签到、领取点点券三个添加了log做了校验，暂时无可解决
Jun 15 00:40:00 
Jun 15 00:40:00 
Jun 15 00:40:00 开始【京东账号1】455979050-14287437
Jun 15 00:40:00 
Jun 15 00:40:00 
Jun 15 00:40:00 开始【京东账号1】455979050-14287437
Jun 15 00:40:00 
Jun 15 00:40:00 【点击“领券”】 任务未领取,开始领取此任务
Jun 15 00:40:00 【点击“领券”】 任务未领取,开始领取此任务
Jun 15 00:40:00 领取任务结果：{"rtn_code":403,"rtn_msg":"非法请求！"}
Jun 15 00:40:00 【点击“领券”】 任务领取成功,开始完成此任务
Jun 15 00:40:00 领取任务结果：{"rtn_code":403,"rtn_msg":"非法请求！"}
Jun 15 00:40:00 【点击“领券”】 任务领取成功,开始完成此任务
Jun 15 00:40:01 需等待15秒
Jun 15 00:40:01 需等待15秒
Jun 15 00:40:17 点击首页领券图标(进入领券中心浏览15s)任务:{"code":"600","echo":"signature verification failed"}
Jun 15 00:40:17 【浏览精选活动】 任务未领取,开始领取此任务
Jun 15 00:40:17 点击首页领券图标(进入领券中心浏览15s)任务:{"code":"600","echo":"signature verification failed"}
Jun 15 00:40:17 【浏览精选活动】 任务未领取,开始领取此任务
Jun 15 00:40:17 领取任务结果：{"rtn_code":403,"rtn_msg":"非法请求！"}
Jun 15 00:40:17 【浏览精选活动】 任务领取成功,开始完成此任务
Jun 15 00:40:17 领取任务结果：{"rtn_code":403,"rtn_msg":"非法请求！"}
Jun 15 00:40:17 【浏览精选活动】 任务领取成功,开始完成此任务
Jun 15 00:40:18 【玩锦鲤红包】 任务未领取,开始领取此任务
Jun 15 00:40:18 【玩锦鲤红包】 任务未领取,开始领取此任务
Jun 15 00:40:18 领取任务结果：{"rtn_code":403,"rtn_msg":"非法请求！"}
Jun 15 00:40:18 【玩锦鲤红包】 任务领取成功,开始完成此任务
Jun 15 00:40:18 领取任务结果：{"rtn_code":403,"rtn_msg":"非法请求！"}
Jun 15 00:40:18 【玩锦鲤红包】 任务领取成功,开始完成此任务
Jun 15 00:40:19 做任务结果：{"data":{"biz_code":1002,"biz_msg":"用户未领取该任务"},"rtn_code":0,"rtn_msg":"请求成功！"}
Jun 15 00:40:19 【玩拼券活动】 任务未领取,开始领取此任务
Jun 15 00:40:19 做任务结果：{"data":{"biz_code":1002,"biz_msg":"用户未领取该任务"},"rtn_code":0,"rtn_msg":"请求成功！"}
Jun 15 00:40:19 【玩拼券活动】 任务未领取,开始领取此任务
Jun 15 00:40:19 领取任务结果：{"rtn_code":403,"rtn_msg":"非法请求！"}
Jun 15 00:40:19 【玩拼券活动】 任务领取成功,开始完成此任务
Jun 15 00:40:19 领取任务结果：{"rtn_code":403,"rtn_msg":"非法请求！"}
Jun 15 00:40:19 【玩拼券活动】 任务领取成功,开始完成此任务
Jun 15 00:40:20 做任务结果：{"data":{"biz_code":1002,"biz_msg":"用户未领取该任务"},"rtn_code":0,"rtn_msg":"请求成功！"}
Jun 15 00:40:20 【逛券后9.9】 任务未领取,开始领取此任务
Jun 15 00:40:20 做任务结果：{"data":{"biz_code":1002,"biz_msg":"用户未领取该任务"},"rtn_code":0,"rtn_msg":"请求成功！"}
Jun 15 00:40:20 【逛券后9.9】 任务未领取,开始领取此任务
Jun 15 00:40:20 领取任务结果：{"rtn_code":403,"rtn_msg":"非法请求！"}
Jun 15 00:40:20 【逛券后9.9】 任务领取成功,开始完成此任务
Jun 15 00:40:20 领取任务结果：{"rtn_code":403,"rtn_msg":"非法请求！"}
Jun 15 00:40:20 【逛券后9.9】 任务领取成功,开始完成此任务
Jun 15 00:40:21 做任务结果：{"data":{"biz_code":1002,"biz_msg":"用户未领取该任务"},"rtn_code":0,"rtn_msg":"请求成功！"}
Jun 15 00:40:21 【去买省钱券包】 任务未领取,开始领取此任务
Jun 15 00:40:21 做任务结果：{"data":{"biz_code":1002,"biz_msg":"用户未领取该任务"},"rtn_code":0,"rtn_msg":"请求成功！"}
Jun 15 00:40:21 【去买省钱券包】 任务未领取,开始领取此任务
Jun 15 00:40:21 领取任务结果：{"rtn_code":403,"rtn_msg":"非法请求！"}
Jun 15 00:40:21 【去买省钱券包】 任务领取成功,开始完成此任务
Jun 15 00:40:21 领取任务结果：{"rtn_code":403,"rtn_msg":"非法请求！"}
Jun 15 00:40:21 【去买省钱券包】 任务领取成功,开始完成此任务
Jun 15 00:40:22 做任务结果：{"data":{"biz_code":1002,"biz_msg":"用户未领取该任务"},"rtn_code":0,"rtn_msg":"请求成功！"}
Jun 15 00:40:22 
Jun 15 00:40:22 开始每日签到
Jun 15 00:40:22 做任务结果：{"data":{"biz_code":1002,"biz_msg":"用户未领取该任务"},"rtn_code":0,"rtn_msg":"请求成功！"}
Jun 15 00:40:22 
Jun 15 00:40:22 开始每日签到
Jun 15 00:40:22 每日签到失败：{"rtn_code":403,"rtn_msg":"非法请求！"}
Jun 15 00:40:22 
Jun 15 00:40:22 每日签到失败：{"rtn_code":403,"rtn_msg":"非法请求！"}
Jun 15 00:40:22 
Jun 15 00:40:22 
Jun 15 00:40:22 开始【京东账号2】jd_7a84de20543eb
Jun 15 00:40:22 
Jun 15 00:40:22 【点击“领券”】 任务未领取,开始领取此任务
Jun 15 00:40:22 领取任务结果：{"rtn_code":403,"rtn_msg":"非法请求！"}
Jun 15 00:40:22 【点击“领券”】 任务领取成功,开始完成此任务
Jun 15 00:40:22 
Jun 15 00:40:22 开始【京东账号2】jd_7a84de20543eb
Jun 15 00:40:22 
Jun 15 00:40:22 【点击“领券”】 任务未领取,开始领取此任务
Jun 15 00:40:23 领取任务结果：{"rtn_code":403,"rtn_msg":"非法请求！"}
Jun 15 00:40:23 【点击“领券”】 任务领取成功,开始完成此任务
Jun 15 00:40:23 需等待15秒
Jun 15 00:40:24 需等待15秒
Jun 15 00:40:39 点击首页领券图标(进入领券中心浏览15s)任务:{"code":"600","echo":"signature verification failed"}
Jun 15 00:40:39 【浏览精选活动】 任务未领取,开始领取此任务
Jun 15 00:40:39 领取任务结果：{"rtn_code":403,"rtn_msg":"非法请求！"}
Jun 15 00:40:39 【浏览精选活动】 任务领取成功,开始完成此任务
Jun 15 00:40:39 点击首页领券图标(进入领券中心浏览15s)任务:{"code":"600","echo":"signature verification failed"}
Jun 15 00:40:39 【浏览精选活动】 任务未领取,开始领取此任务
Jun 15 00:40:39 领取任务结果：{"rtn_code":403,"rtn_msg":"非法请求！"}
Jun 15 00:40:39 【浏览精选活动】 任务领取成功,开始完成此任务
Jun 15 00:40:40 【玩锦鲤红包】 任务未领取,开始领取此任务
Jun 15 00:40:40 领取任务结果：{"rtn_code":403,"rtn_msg":"非法请求！"}
Jun 15 00:40:40 【玩锦鲤红包】 任务领取成功,开始完成此任务
Jun 15 00:40:40 【玩锦鲤红包】 任务未领取,开始领取此任务
Jun 15 00:40:40 领取任务结果：{"rtn_code":403,"rtn_msg":"非法请求！"}
Jun 15 00:40:40 【玩锦鲤红包】 任务领取成功,开始完成此任务
Jun 15 00:40:41 做任务结果：{"data":{"biz_code":1002,"biz_msg":"用户未领取该任务"},"rtn_code":0,"rtn_msg":"请求成功！"}
Jun 15 00:40:41 【玩拼券活动】 任务未领取,开始领取此任务
Jun 15 00:40:41 领取任务结果：{"rtn_code":403,"rtn_msg":"非法请求！"}
Jun 15 00:40:41 【玩拼券活动】 任务领取成功,开始完成此任务
Jun 15 00:40:41 做任务结果：{"data":{"biz_code":1002,"biz_msg":"用户未领取该任务"},"rtn_code":0,"rtn_msg":"请求成功！"}
Jun 15 00:40:41 【玩拼券活动】 任务未领取,开始领取此任务
Jun 15 00:40:41 领取任务结果：{"rtn_code":403,"rtn_msg":"非法请求！"}
Jun 15 00:40:41 【玩拼券活动】 任务领取成功,开始完成此任务
Jun 15 00:40:42 做任务结果：{"data":{"biz_code":1002,"biz_msg":"用户未领取该任务"},"rtn_code":0,"rtn_msg":"请求成功！"}
Jun 15 00:40:42 【逛券后9.9】 任务未领取,开始领取此任务
Jun 15 00:40:42 领取任务结果：{"rtn_code":403,"rtn_msg":"非法请求！"}
Jun 15 00:40:42 【逛券后9.9】 任务领取成功,开始完成此任务
Jun 15 00:40:42 做任务结果：{"data":{"biz_code":1002,"biz_msg":"用户未领取该任务"},"rtn_code":0,"rtn_msg":"请求成功！"}
Jun 15 00:40:42 【逛券后9.9】 任务未领取,开始领取此任务
Jun 15 00:40:42 领取任务结果：{"rtn_code":403,"rtn_msg":"非法请求！"}
Jun 15 00:40:42 【逛券后9.9】 任务领取成功,开始完成此任务
Jun 15 00:40:43 做任务结果：{"data":{"biz_code":1002,"biz_msg":"用户未领取该任务"},"rtn_code":0,"rtn_msg":"请求成功！"}
Jun 15 00:40:43 【去买省钱券包】 任务未领取,开始领取此任务
Jun 15 00:40:43 领取任务结果：{"rtn_code":403,"rtn_msg":"非法请求！"}
Jun 15 00:40:43 【去买省钱券包】 任务领取成功,开始完成此任务
Jun 15 00:40:43 做任务结果：{"data":{"biz_code":1002,"biz_msg":"用户未领取该任务"},"rtn_code":0,"rtn_msg":"请求成功！"}
Jun 15 00:40:43 【去买省钱券包】 任务未领取,开始领取此任务
Jun 15 00:40:43 领取任务结果：{"rtn_code":403,"rtn_msg":"非法请求！"}
Jun 15 00:40:43 【去买省钱券包】 任务领取成功,开始完成此任务
Jun 15 00:40:44 做任务结果：{"data":{"biz_code":1002,"biz_msg":"用户未领取该任务"},"rtn_code":0,"rtn_msg":"请求成功！"}
Jun 15 00:40:44 
Jun 15 00:40:44 开始每日签到
Jun 15 00:40:44 每日签到失败：{"rtn_code":403,"rtn_msg":"非法请求！"}
Jun 15 00:40:44 
Jun 15 00:40:44 
Jun 15 00:40:44 🔔点点券, 结束! 🕛 44.743 秒
Jun 15 00:40:44 
Jun 15 00:40:44 做任务结果：{"data":{"biz_code":1002,"biz_msg":"用户未领取该任务"},"rtn_code":0,"rtn_msg":"请求成功！"}
Jun 15 00:40:44 
Jun 15 00:40:44 开始每日签到
Jun 15 00:40:45 每日签到失败：{"rtn_code":403,"rtn_msg":"非法请求！"}
Jun 15 00:40:45 
Jun 15 00:40:45 
Jun 15 00:40:45 🔔点点券, 结束! 🕛 44.89 秒
Jun 15 00:40:45 
Jun 15 07:40:00 
Jun 15 07:40:00 🔔点点券, 开始!
Jun 15 07:40:00 您的cookie选择的是用&隔开
Jun 15 07:40:00 
Jun 15 07:40:00 
Jun 15 07:40:00 ====================共有2个京东账号Cookie=========
Jun 15 07:40:00 
Jun 15 07:40:00 
Jun 15 07:40:00 🔔点点券, 开始!
Jun 15 07:40:00 您的cookie选择的是用&隔开
Jun 15 07:40:00 
Jun 15 07:40:00 
Jun 15 07:40:00 ====================共有2个京东账号Cookie=========
Jun 15 07:40:00 
Jun 15 07:40:00 ==================脚本执行- 北京时间(UTC+8)：6/15/2021, 7:40:00 AM=====================
Jun 15 07:40:00 
Jun 15 07:40:00 
Jun 15 07:40:00 通知：京东已在领取任务、签到、领取点点券三个添加了log做了校验，暂时无可解决
Jun 15 07:40:00 
Jun 15 07:40:00 ==================脚本执行- 北京时间(UTC+8)：6/15/2021, 7:40:00 AM=====================
Jun 15 07:40:00 
Jun 15 07:40:00 
Jun 15 07:40:00 通知：京东已在领取任务、签到、领取点点券三个添加了log做了校验，暂时无可解决
Jun 15 07:40:00 
Jun 15 07:40:00 
Jun 15 07:40:00 开始【京东账号1】455979050-14287437
Jun 15 07:40:00 
Jun 15 07:40:00 
Jun 15 07:40:00 开始【京东账号1】455979050-14287437
Jun 15 07:40:00 
Jun 15 07:40:00 【点击“领券”】 任务未领取,开始领取此任务
Jun 15 07:40:00 【点击“领券”】 任务未领取,开始领取此任务
Jun 15 07:40:00 领取任务结果：{"rtn_code":403,"rtn_msg":"非法请求！"}
Jun 15 07:40:00 【点击“领券”】 任务领取成功,开始完成此任务
Jun 15 07:40:00 领取任务结果：{"rtn_code":403,"rtn_msg":"非法请求！"}
Jun 15 07:40:00 【点击“领券”】 任务领取成功,开始完成此任务
Jun 15 07:40:01 需等待15秒
Jun 15 07:40:01 需等待15秒
Jun 15 07:40:17 点击首页领券图标(进入领券中心浏览15s)任务:{"code":"600","echo":"signature verification failed"}
Jun 15 07:40:17 【浏览精选活动】 任务未领取,开始领取此任务
Jun 15 07:40:17 点击首页领券图标(进入领券中心浏览15s)任务:{"code":"600","echo":"signature verification failed"}
Jun 15 07:40:17 【浏览精选活动】 任务未领取,开始领取此任务
Jun 15 07:40:17 领取任务结果：{"rtn_code":403,"rtn_msg":"非法请求！"}
Jun 15 07:40:17 【浏览精选活动】 任务领取成功,开始完成此任务
Jun 15 07:40:17 领取任务结果：{"rtn_code":403,"rtn_msg":"非法请求！"}
Jun 15 07:40:17 【浏览精选活动】 任务领取成功,开始完成此任务
Jun 15 07:40:18 【玩锦鲤红包】 任务未领取,开始领取此任务
Jun 15 07:40:18 【玩锦鲤红包】 任务未领取,开始领取此任务
Jun 15 07:40:18 领取任务结果：{"rtn_code":403,"rtn_msg":"非法请求！"}
Jun 15 07:40:18 【玩锦鲤红包】 任务领取成功,开始完成此任务
Jun 15 07:40:18 领取任务结果：{"rtn_code":403,"rtn_msg":"非法请求！"}
Jun 15 07:40:18 【玩锦鲤红包】 任务领取成功,开始完成此任务
Jun 15 07:40:19 做任务结果：{"data":{"biz_code":1002,"biz_msg":"用户未领取该任务"},"rtn_code":0,"rtn_msg":"请求成功！"}
Jun 15 07:40:19 【玩拼券活动】 任务未领取,开始领取此任务
Jun 15 07:40:19 做任务结果：{"data":{"biz_code":1002,"biz_msg":"用户未领取该任务"},"rtn_code":0,"rtn_msg":"请求成功！"}
Jun 15 07:40:19 【玩拼券活动】 任务未领取,开始领取此任务
Jun 15 07:40:19 领取任务结果：{"rtn_code":403,"rtn_msg":"非法请求！"}
Jun 15 07:40:19 【玩拼券活动】 任务领取成功,开始完成此任务
Jun 15 07:40:19 领取任务结果：{"rtn_code":403,"rtn_msg":"非法请求！"}
Jun 15 07:40:19 【玩拼券活动】 任务领取成功,开始完成此任务
Jun 15 07:40:20 做任务结果：{"data":{"biz_code":1002,"biz_msg":"用户未领取该任务"},"rtn_code":0,"rtn_msg":"请求成功！"}
Jun 15 07:40:20 【逛券后9.9】 任务未领取,开始领取此任务
Jun 15 07:40:20 做任务结果：{"data":{"biz_code":1002,"biz_msg":"用户未领取该任务"},"rtn_code":0,"rtn_msg":"请求成功！"}
Jun 15 07:40:20 【逛券后9.9】 任务未领取,开始领取此任务
Jun 15 07:40:20 领取任务结果：{"rtn_code":403,"rtn_msg":"非法请求！"}
Jun 15 07:40:20 【逛券后9.9】 任务领取成功,开始完成此任务
Jun 15 07:40:20 领取任务结果：{"rtn_code":403,"rtn_msg":"非法请求！"}
Jun 15 07:40:20 【逛券后9.9】 任务领取成功,开始完成此任务
Jun 15 07:40:21 做任务结果：{"data":{"biz_code":1002,"biz_msg":"用户未领取该任务"},"rtn_code":0,"rtn_msg":"请求成功！"}
Jun 15 07:40:21 【去买省钱券包】 任务未领取,开始领取此任务
Jun 15 07:40:21 做任务结果：{"data":{"biz_code":1002,"biz_msg":"用户未领取该任务"},"rtn_code":0,"rtn_msg":"请求成功！"}
Jun 15 07:40:21 【去买省钱券包】 任务未领取,开始领取此任务
Jun 15 07:40:21 领取任务结果：{"rtn_code":403,"rtn_msg":"非法请求！"}
Jun 15 07:40:21 【去买省钱券包】 任务领取成功,开始完成此任务
Jun 15 07:40:21 领取任务结果：{"rtn_code":403,"rtn_msg":"非法请求！"}
Jun 15 07:40:21 【去买省钱券包】 任务领取成功,开始完成此任务
Jun 15 07:40:22 做任务结果：{"data":{"biz_code":1002,"biz_msg":"用户未领取该任务"},"rtn_code":0,"rtn_msg":"请求成功！"}
Jun 15 07:40:22 
Jun 15 07:40:22 开始每日签到
Jun 15 07:40:22 做任务结果：{"data":{"biz_code":1002,"biz_msg":"用户未领取该任务"},"rtn_code":0,"rtn_msg":"请求成功！"}
Jun 15 07:40:22 
Jun 15 07:40:22 开始每日签到
Jun 15 07:40:22 每日签到失败：{"rtn_code":403,"rtn_msg":"非法请求！"}
Jun 15 07:40:22 
Jun 15 07:40:22 每日签到失败：{"rtn_code":403,"rtn_msg":"非法请求！"}
Jun 15 07:40:22 
Jun 15 07:40:22 
Jun 15 07:40:22 开始【京东账号2】jd_7a84de20543eb
Jun 15 07:40:22 
Jun 15 07:40:22 【点击“领券”】 任务未领取,开始领取此任务
Jun 15 07:40:22 
Jun 15 07:40:22 开始【京东账号2】jd_7a84de20543eb
Jun 15 07:40:22 
Jun 15 07:40:22 领取任务结果：{"rtn_code":403,"rtn_msg":"非法请求！"}
Jun 15 07:40:22 【点击“领券”】 任务领取成功,开始完成此任务
Jun 15 07:40:22 【点击“领券”】 任务未领取,开始领取此任务
Jun 15 07:40:22 领取任务结果：{"rtn_code":403,"rtn_msg":"非法请求！"}
Jun 15 07:40:22 【点击“领券”】 任务领取成功,开始完成此任务
Jun 15 07:40:23 需等待15秒
Jun 15 07:40:23 需等待15秒
Jun 15 07:40:39 点击首页领券图标(进入领券中心浏览15s)任务:{"code":"600","echo":"signature verification failed"}
Jun 15 07:40:39 【浏览精选活动】 任务未领取,开始领取此任务
Jun 15 07:40:39 领取任务结果：{"rtn_code":403,"rtn_msg":"非法请求！"}
Jun 15 07:40:39 【浏览精选活动】 任务领取成功,开始完成此任务
Jun 15 07:40:39 点击首页领券图标(进入领券中心浏览15s)任务:{"code":"600","echo":"signature verification failed"}
Jun 15 07:40:39 【浏览精选活动】 任务未领取,开始领取此任务
Jun 15 07:40:39 领取任务结果：{"rtn_code":403,"rtn_msg":"非法请求！"}
Jun 15 07:40:39 【浏览精选活动】 任务领取成功,开始完成此任务
Jun 15 07:40:40 【玩锦鲤红包】 任务未领取,开始领取此任务
Jun 15 07:40:40 领取任务结果：{"rtn_code":403,"rtn_msg":"非法请求！"}
Jun 15 07:40:40 【玩锦鲤红包】 任务领取成功,开始完成此任务
Jun 15 07:40:40 【玩锦鲤红包】 任务未领取,开始领取此任务
Jun 15 07:40:40 领取任务结果：{"rtn_code":403,"rtn_msg":"非法请求！"}
Jun 15 07:40:40 【玩锦鲤红包】 任务领取成功,开始完成此任务
Jun 15 07:40:41 做任务结果：{"data":{"biz_code":1002,"biz_msg":"用户未领取该任务"},"rtn_code":0,"rtn_msg":"请求成功！"}
Jun 15 07:40:41 【玩拼券活动】 任务未领取,开始领取此任务
Jun 15 07:40:41 领取任务结果：{"rtn_code":403,"rtn_msg":"非法请求！"}
Jun 15 07:40:41 【玩拼券活动】 任务领取成功,开始完成此任务
Jun 15 07:40:41 做任务结果：{"data":{"biz_code":1002,"biz_msg":"用户未领取该任务"},"rtn_code":0,"rtn_msg":"请求成功！"}
Jun 15 07:40:41 【玩拼券活动】 任务未领取,开始领取此任务
Jun 15 07:40:41 领取任务结果：{"rtn_code":403,"rtn_msg":"非法请求！"}
Jun 15 07:40:41 【玩拼券活动】 任务领取成功,开始完成此任务
Jun 15 07:40:42 做任务结果：{"data":{"biz_code":1002,"biz_msg":"用户未领取该任务"},"rtn_code":0,"rtn_msg":"请求成功！"}
Jun 15 07:40:42 【逛券后9.9】 任务未领取,开始领取此任务
Jun 15 07:40:42 领取任务结果：{"rtn_code":403,"rtn_msg":"非法请求！"}
Jun 15 07:40:42 【逛券后9.9】 任务领取成功,开始完成此任务
Jun 15 07:40:42 做任务结果：{"data":{"biz_code":1002,"biz_msg":"用户未领取该任务"},"rtn_code":0,"rtn_msg":"请求成功！"}
Jun 15 07:40:42 【逛券后9.9】 任务未领取,开始领取此任务
Jun 15 07:40:42 领取任务结果：{"rtn_code":403,"rtn_msg":"非法请求！"}
Jun 15 07:40:42 【逛券后9.9】 任务领取成功,开始完成此任务
Jun 15 07:40:43 做任务结果：{"data":{"biz_code":1002,"biz_msg":"用户未领取该任务"},"rtn_code":0,"rtn_msg":"请求成功！"}
Jun 15 07:40:43 【去买省钱券包】 任务未领取,开始领取此任务
Jun 15 07:40:43 领取任务结果：{"rtn_code":403,"rtn_msg":"非法请求！"}
Jun 15 07:40:43 【去买省钱券包】 任务领取成功,开始完成此任务
Jun 15 07:40:43 做任务结果：{"data":{"biz_code":1002,"biz_msg":"用户未领取该任务"},"rtn_code":0,"rtn_msg":"请求成功！"}
Jun 15 07:40:43 【去买省钱券包】 任务未领取,开始领取此任务
Jun 15 07:40:43 领取任务结果：{"rtn_code":403,"rtn_msg":"非法请求！"}
Jun 15 07:40:43 【去买省钱券包】 任务领取成功,开始完成此任务
Jun 15 07:40:44 做任务结果：{"data":{"biz_code":1002,"biz_msg":"用户未领取该任务"},"rtn_code":0,"rtn_msg":"请求成功！"}
Jun 15 07:40:44 
Jun 15 07:40:44 开始每日签到
Jun 15 07:40:44 每日签到失败：{"rtn_code":403,"rtn_msg":"非法请求！"}
Jun 15 07:40:44 
Jun 15 07:40:44 做任务结果：{"data":{"biz_code":1002,"biz_msg":"用户未领取该任务"},"rtn_code":0,"rtn_msg":"请求成功！"}
Jun 15 07:40:44 
Jun 15 07:40:44 开始每日签到
Jun 15 07:40:44 每日签到失败：{"rtn_code":403,"rtn_msg":"非法请求！"}
Jun 15 07:40:44 
Jun 15 07:40:44 
Jun 15 07:40:44 🔔点点券, 结束! 🕛 44.821 秒
Jun 15 07:40:44 
Jun 15 07:40:44 
Jun 15 07:40:44 🔔点点券, 结束! 🕛 44.873 秒
Jun 15 07:40:44 
Jun 15 14:40:00 
Jun 15 14:40:00 🔔点点券, 开始!
Jun 15 14:40:00 
Jun 15 14:40:00 🔔点点券, 开始!
Jun 15 14:40:00 您的cookie选择的是用&隔开
Jun 15 14:40:00 
Jun 15 14:40:00 
Jun 15 14:40:00 ====================共有2个京东账号Cookie=========
Jun 15 14:40:00 
Jun 15 14:40:00 您的cookie选择的是用&隔开
Jun 15 14:40:00 
Jun 15 14:40:00 
Jun 15 14:40:00 ====================共有2个京东账号Cookie=========
Jun 15 14:40:00 
Jun 15 14:40:00 ==================脚本执行- 北京时间(UTC+8)：6/15/2021, 2:40:00 PM=====================
Jun 15 14:40:00 
Jun 15 14:40:00 
Jun 15 14:40:00 通知：京东已在领取任务、签到、领取点点券三个添加了log做了校验，暂时无可解决
Jun 15 14:40:00 
Jun 15 14:40:00 ==================脚本执行- 北京时间(UTC+8)：6/15/2021, 2:40:00 PM=====================
Jun 15 14:40:00 
Jun 15 14:40:00 
Jun 15 14:40:00 通知：京东已在领取任务、签到、领取点点券三个添加了log做了校验，暂时无可解决
Jun 15 14:40:00 
Jun 15 14:40:00 
Jun 15 14:40:00 开始【京东账号1】455979050-14287437
Jun 15 14:40:00 
Jun 15 14:40:00 
Jun 15 14:40:00 开始【京东账号1】455979050-14287437
Jun 15 14:40:00 
Jun 15 14:40:00 【点击“领券”】 任务未领取,开始领取此任务
Jun 15 14:40:00 【点击“领券”】 任务未领取,开始领取此任务
Jun 15 14:40:00 领取任务结果：{"rtn_code":403,"rtn_msg":"非法请求！"}
Jun 15 14:40:00 【点击“领券”】 任务领取成功,开始完成此任务
Jun 15 14:40:00 领取任务结果：{"rtn_code":403,"rtn_msg":"非法请求！"}
Jun 15 14:40:00 【点击“领券”】 任务领取成功,开始完成此任务
Jun 15 14:40:01 需等待15秒
Jun 15 14:40:01 需等待15秒
Jun 15 14:40:17 点击首页领券图标(进入领券中心浏览15s)任务:{"code":"600","echo":"signature verification failed"}
Jun 15 14:40:17 【浏览精选活动】 任务未领取,开始领取此任务
Jun 15 14:40:17 点击首页领券图标(进入领券中心浏览15s)任务:{"code":"600","echo":"signature verification failed"}
Jun 15 14:40:17 【浏览精选活动】 任务未领取,开始领取此任务
Jun 15 14:40:17 领取任务结果：{"rtn_code":403,"rtn_msg":"非法请求！"}
Jun 15 14:40:17 【浏览精选活动】 任务领取成功,开始完成此任务
Jun 15 14:40:17 领取任务结果：{"rtn_code":403,"rtn_msg":"非法请求！"}
Jun 15 14:40:17 【浏览精选活动】 任务领取成功,开始完成此任务
Jun 15 14:40:18 【玩锦鲤红包】 任务未领取,开始领取此任务
Jun 15 14:40:18 【玩锦鲤红包】 任务未领取,开始领取此任务
Jun 15 14:40:18 领取任务结果：{"rtn_code":403,"rtn_msg":"非法请求！"}
Jun 15 14:40:18 【玩锦鲤红包】 任务领取成功,开始完成此任务
Jun 15 14:40:18 领取任务结果：{"rtn_code":403,"rtn_msg":"非法请求！"}
Jun 15 14:40:18 【玩锦鲤红包】 任务领取成功,开始完成此任务
Jun 15 14:40:19 做任务结果：{"data":{"biz_code":1002,"biz_msg":"用户未领取该任务"},"rtn_code":0,"rtn_msg":"请求成功！"}
Jun 15 14:40:19 【玩拼券活动】 任务未领取,开始领取此任务
Jun 15 14:40:19 做任务结果：{"data":{"biz_code":1002,"biz_msg":"用户未领取该任务"},"rtn_code":0,"rtn_msg":"请求成功！"}
Jun 15 14:40:19 【玩拼券活动】 任务未领取,开始领取此任务
Jun 15 14:40:19 领取任务结果：{"rtn_code":403,"rtn_msg":"非法请求！"}
Jun 15 14:40:19 【玩拼券活动】 任务领取成功,开始完成此任务
Jun 15 14:40:19 领取任务结果：{"rtn_code":403,"rtn_msg":"非法请求！"}
Jun 15 14:40:19 【玩拼券活动】 任务领取成功,开始完成此任务
Jun 15 14:40:20 做任务结果：{"data":{"biz_code":1002,"biz_msg":"用户未领取该任务"},"rtn_code":0,"rtn_msg":"请求成功！"}
Jun 15 14:40:20 【逛券后9.9】 任务未领取,开始领取此任务
Jun 15 14:40:20 领取任务结果：{"rtn_code":403,"rtn_msg":"非法请求！"}
Jun 15 14:40:20 【逛券后9.9】 任务领取成功,开始完成此任务
Jun 15 14:40:20 做任务结果：{"data":{"biz_code":1002,"biz_msg":"用户未领取该任务"},"rtn_code":0,"rtn_msg":"请求成功！"}
Jun 15 14:40:20 【逛券后9.9】 任务未领取,开始领取此任务
Jun 15 14:40:20 领取任务结果：{"rtn_code":403,"rtn_msg":"非法请求！"}
Jun 15 14:40:20 【逛券后9.9】 任务领取成功,开始完成此任务
Jun 15 14:40:21 做任务结果：{"data":{"biz_code":1002,"biz_msg":"用户未领取该任务"},"rtn_code":0,"rtn_msg":"请求成功！"}
Jun 15 14:40:21 【去买省钱券包】 任务未领取,开始领取此任务
Jun 15 14:40:21 领取任务结果：{"rtn_code":403,"rtn_msg":"非法请求！"}
Jun 15 14:40:21 【去买省钱券包】 任务领取成功,开始完成此任务
Jun 15 14:40:21 做任务结果：{"data":{"biz_code":1002,"biz_msg":"用户未领取该任务"},"rtn_code":0,"rtn_msg":"请求成功！"}
Jun 15 14:40:21 【去买省钱券包】 任务未领取,开始领取此任务
Jun 15 14:40:21 领取任务结果：{"rtn_code":403,"rtn_msg":"非法请求！"}
Jun 15 14:40:21 【去买省钱券包】 任务领取成功,开始完成此任务
Jun 15 14:40:22 做任务结果：{"data":{"biz_code":1002,"biz_msg":"用户未领取该任务"},"rtn_code":0,"rtn_msg":"请求成功！"}
Jun 15 14:40:22 
Jun 15 14:40:22 开始每日签到
Jun 15 14:40:22 每日签到失败：{"rtn_code":403,"rtn_msg":"非法请求！"}
Jun 15 14:40:22 
Jun 15 14:40:22 做任务结果：{"data":{"biz_code":1002,"biz_msg":"用户未领取该任务"},"rtn_code":0,"rtn_msg":"请求成功！"}
Jun 15 14:40:22 
Jun 15 14:40:22 开始每日签到
Jun 15 14:40:22 每日签到失败：{"rtn_code":403,"rtn_msg":"非法请求！"}
Jun 15 14:40:22 
Jun 15 14:40:23 
Jun 15 14:40:23 开始【京东账号2】jd_7a84de20543eb
Jun 15 14:40:23 
Jun 15 14:40:23 【点击“领券”】 任务未领取,开始领取此任务
Jun 15 14:40:23 
Jun 15 14:40:23 开始【京东账号2】jd_7a84de20543eb
Jun 15 14:40:23 
Jun 15 14:40:23 领取任务结果：{"rtn_code":403,"rtn_msg":"非法请求！"}
Jun 15 14:40:23 【点击“领券”】 任务领取成功,开始完成此任务
Jun 15 14:40:23 【点击“领券”】 任务未领取,开始领取此任务
Jun 15 14:40:23 领取任务结果：{"rtn_code":403,"rtn_msg":"非法请求！"}
Jun 15 14:40:23 【点击“领券”】 任务领取成功,开始完成此任务
Jun 15 14:40:24 需等待15秒
Jun 15 14:40:24 需等待15秒
Jun 15 14:40:39 点击首页领券图标(进入领券中心浏览15s)任务:{"code":"600","echo":"signature verification failed"}
Jun 15 14:40:39 【浏览精选活动】 任务未领取,开始领取此任务
Jun 15 14:40:39 领取任务结果：{"rtn_code":403,"rtn_msg":"非法请求！"}
Jun 15 14:40:39 【浏览精选活动】 任务领取成功,开始完成此任务
Jun 15 14:40:39 点击首页领券图标(进入领券中心浏览15s)任务:{"code":"600","echo":"signature verification failed"}
Jun 15 14:40:39 【浏览精选活动】 任务未领取,开始领取此任务
Jun 15 14:40:39 领取任务结果：{"rtn_code":403,"rtn_msg":"非法请求！"}
Jun 15 14:40:39 【浏览精选活动】 任务领取成功,开始完成此任务
Jun 15 14:40:40 【玩锦鲤红包】 任务未领取,开始领取此任务
Jun 15 14:40:40 领取任务结果：{"rtn_code":403,"rtn_msg":"非法请求！"}
Jun 15 14:40:40 【玩锦鲤红包】 任务领取成功,开始完成此任务
Jun 15 14:40:40 【玩锦鲤红包】 任务未领取,开始领取此任务
Jun 15 14:40:40 领取任务结果：{"rtn_code":403,"rtn_msg":"非法请求！"}
Jun 15 14:40:40 【玩锦鲤红包】 任务领取成功,开始完成此任务
Jun 15 14:40:41 做任务结果：{"data":{"biz_code":1002,"biz_msg":"用户未领取该任务"},"rtn_code":0,"rtn_msg":"请求成功！"}
Jun 15 14:40:41 【玩拼券活动】 任务未领取,开始领取此任务
Jun 15 14:40:41 领取任务结果：{"rtn_code":403,"rtn_msg":"非法请求！"}
Jun 15 14:40:41 【玩拼券活动】 任务领取成功,开始完成此任务
Jun 15 14:40:41 做任务结果：{"data":{"biz_code":1002,"biz_msg":"用户未领取该任务"},"rtn_code":0,"rtn_msg":"请求成功！"}
Jun 15 14:40:41 【玩拼券活动】 任务未领取,开始领取此任务
Jun 15 14:40:42 领取任务结果：{"rtn_code":403,"rtn_msg":"非法请求！"}
Jun 15 14:40:42 【玩拼券活动】 任务领取成功,开始完成此任务
Jun 15 14:40:42 做任务结果：{"data":{"biz_code":1002,"biz_msg":"用户未领取该任务"},"rtn_code":0,"rtn_msg":"请求成功！"}
Jun 15 14:40:42 【逛券后9.9】 任务未领取,开始领取此任务
Jun 15 14:40:42 领取任务结果：{"rtn_code":403,"rtn_msg":"非法请求！"}
Jun 15 14:40:42 【逛券后9.9】 任务领取成功,开始完成此任务
Jun 15 14:40:43 做任务结果：{"data":{"biz_code":1002,"biz_msg":"用户未领取该任务"},"rtn_code":0,"rtn_msg":"请求成功！"}
Jun 15 14:40:43 【逛券后9.9】 任务未领取,开始领取此任务
Jun 15 14:40:43 领取任务结果：{"rtn_code":403,"rtn_msg":"非法请求！"}
Jun 15 14:40:43 【逛券后9.9】 任务领取成功,开始完成此任务
Jun 15 14:40:44 做任务结果：{"data":{"biz_code":1002,"biz_msg":"用户未领取该任务"},"rtn_code":0,"rtn_msg":"请求成功！"}
Jun 15 14:40:44 【去买省钱券包】 任务未领取,开始领取此任务
Jun 15 14:40:44 领取任务结果：{"rtn_code":403,"rtn_msg":"非法请求！"}
Jun 15 14:40:44 【去买省钱券包】 任务领取成功,开始完成此任务
Jun 15 14:40:44 做任务结果：{"data":{"biz_code":1002,"biz_msg":"用户未领取该任务"},"rtn_code":0,"rtn_msg":"请求成功！"}
Jun 15 14:40:44 【去买省钱券包】 任务未领取,开始领取此任务
Jun 15 14:40:44 领取任务结果：{"rtn_code":403,"rtn_msg":"非法请求！"}
Jun 15 14:40:44 【去买省钱券包】 任务领取成功,开始完成此任务
Jun 15 14:40:45 做任务结果：{"data":{"biz_code":1002,"biz_msg":"用户未领取该任务"},"rtn_code":0,"rtn_msg":"请求成功！"}
Jun 15 14:40:45 
Jun 15 14:40:45 开始每日签到
Jun 15 14:40:45 每日签到失败：{"rtn_code":403,"rtn_msg":"非法请求！"}
Jun 15 14:40:45 
Jun 15 14:40:45 做任务结果：{"data":{"biz_code":1002,"biz_msg":"用户未领取该任务"},"rtn_code":0,"rtn_msg":"请求成功！"}
Jun 15 14:40:45 
Jun 15 14:40:45 开始每日签到
Jun 15 14:40:45 
Jun 15 14:40:45 🔔点点券, 结束! 🕛 44.867 秒
Jun 15 14:40:45 
Jun 15 14:40:45 每日签到失败：{"rtn_code":403,"rtn_msg":"非法请求！"}
Jun 15 14:40:45 
Jun 15 14:40:45 
Jun 15 14:40:45 🔔点点券, 结束! 🕛 45.101 秒
Jun 15 14:40:45 
