Jun 14 06:35:00 
Jun 14 06:35:00 🔔东东萌宠, 开始!
Jun 14 06:35:00 开始获取东东萌宠配置文件
Jun 14 06:35:00 
Jun 14 06:35:00 您的cookie选择的是用&隔开
Jun 14 06:35:00 
Jun 14 06:35:00 
Jun 14 06:35:00 ====================共有2个京东账号Cookie=========
Jun 14 06:35:00 
Jun 14 06:35:00 
Jun 14 06:35:00 🔔东东萌宠, 开始!
Jun 14 06:35:00 开始获取东东萌宠配置文件
Jun 14 06:35:00 
Jun 14 06:35:00 您的cookie选择的是用&隔开
Jun 14 06:35:00 
Jun 14 06:35:00 
Jun 14 06:35:00 ====================共有2个京东账号Cookie=========
Jun 14 06:35:00 
Jun 14 06:35:00 ==================脚本执行- 北京时间(UTC+8)：6/14/2021, 6:35:00 AM=====================
Jun 14 06:35:00 
Jun 14 06:35:00 共2个京东账号
Jun 14 06:35:00 
Jun 14 06:35:00 您提供了1个账号的东东萌宠助力码
Jun 14 06:35:00 
Jun 14 06:35:00 ==================脚本执行- 北京时间(UTC+8)：6/14/2021, 6:35:00 AM=====================
Jun 14 06:35:00 
Jun 14 06:35:00 共2个京东账号
Jun 14 06:35:00 
Jun 14 06:35:00 您提供了1个账号的东东萌宠助力码
Jun 14 06:35:00 
Jun 14 06:35:00 
Jun 14 06:35:00 开始【京东账号1】455979050-14287437
Jun 14 06:35:00 
Jun 14 06:35:00 
Jun 14 06:35:00 开始【京东账号1】455979050-14287437
Jun 14 06:35:00 
Jun 14 06:35:00 随机取助力码放到您固定的互助码后面(不影响已有固定互助)
Jun 14 06:35:00 第1个京东账号将要助力的好友["MTE1NDAxNzcwMDAwMDAwMzg2Njk1OTc=","MTAxODc2NTEzOTAwMDAwMDAyMjUyNjQ5Nw==","MTAxODc2NTEzOTAwMDAwMDAyMTgwOTY2OQ==","MTE1NDAxNzYwMDAwMDAwMzg2Njk3MzU=","MTEyMTY4MjgwMDAwMDAwNDk2NDc0MjU="]
Jun 14 06:35:03 
Jun 14 06:35:03 【京东账号1（455979050-14287437）的东东萌宠好友互助码】MTAxODc2NTEzOTAwMDAwMDAyMjUyNjQ5Nw==
Jun 14 06:35:03 
Jun 14 06:35:03 开始任务初始化
Jun 14 06:35:07 开始遛弯
Jun 14 06:35:10 第1次遛狗完成: {"code":"0","resultCode":"0","message":"success","result":{"petSportStatus":2,"rewardName":"10g狗粮","foodReward":10,"rewardImage":"https://m.360buyimg.com/babel/jfs/t1/93013/7/15949/8468/5e7db3e6E7736d837/2e3a5bda881dce0b.png","energyReward":0}}
Jun 14 06:35:10 第1个京东账号将要助力的好友["MTE1NDAxNzcwMDAwMDAwMzg2Njk1OTc=","MTAxODc2NTEzOTAwMDAwMDAyMjUyNjQ5Nw==","MTAxODc2NTEzOTAwMDAwMDAyMTgwOTY2OQ==","MTE1NDAxNzYwMDAwMDAwMzg2Njk3MzU=","MTE1NDAxNzYwMDAwMDAwMzg2Njk3MzU=","MTEyMTY4MjgwMDAwMDAwNDk2NDc0MjU="]
Jun 14 06:35:13 领取遛狗奖励完成: {"code":"0","resultCode":"0","message":"success","result":{"petSportStatus":3,"foodAmount":47}}
Jun 14 06:35:13 
Jun 14 06:35:13 【京东账号1（455979050-14287437）的东东萌宠好友互助码】MTAxODc2NTEzOTAwMDAwMDAyMjUyNjQ5Nw==
Jun 14 06:35:13 
Jun 14 06:35:13 开始任务初始化
Jun 14 06:35:16 第2次遛狗完成: {"code":"0","resultCode":"0","message":"success","result":{"petSportStatus":2,"rewardName":"两块骨头","foodReward":0,"rewardImage":"https://m.360buyimg.com/babel/jfs/t1/92236/37/16497/15518/5e7db3f6E15c243f9/56fb583bdb0280c9.png","energyReward":0}}
Jun 14 06:35:16 开始遛弯
Jun 14 06:35:19 领取遛狗奖励完成: {"code":"0","resultCode":"0","message":"success","result":{"petSportStatus":3,"foodAmount":67}}
Jun 14 06:35:19 第1次遛狗完成: {"code":"0","resultCode":"0","message":"success","result":{"petSportStatus":2,"rewardName":"10g狗粮","foodReward":10,"rewardImage":"https://m.360buyimg.com/babel/jfs/t1/93013/7/15949/8468/5e7db3e6E7736d837/2e3a5bda881dce0b.png","energyReward":0}}
Jun 14 06:35:22 第3次遛狗完成: {"code":"0","resultCode":"1013","message":"有未领取奖励"}
Jun 14 06:35:22 开始助力京东账号1 - 455979050-14287437的好友: MTE1NDAxNzcwMDAwMDAwMzg2Njk1OTc=
Jun 14 06:35:22 领取遛狗奖励完成: {"code":"0","resultCode":"0","message":"success","result":{"petSportStatus":3,"foodAmount":77}}
Jun 14 06:35:25 已给好友: 【赛格di】助力成功
Jun 14 06:35:25 开始助力京东账号1 - 455979050-14287437的好友: MTAxODc2NTEzOTAwMDAwMDAyMjUyNjQ5Nw==
Jun 14 06:35:25 第2次遛狗完成: {"code":"0","resultCode":"0","message":"success","result":{"petSportStatus":2,"rewardName":"一只爱唱歌的鸟","foodReward":0,"rewardImage":"https://m.360buyimg.com/babel/jfs/t1/85513/18/17679/15749/5e86dfbaE7d12ef75/945573cc9fb9a045.png","energyReward":0}}
Jun 14 06:35:28 助力好友结果: 不能助力自己
Jun 14 06:35:28 开始助力京东账号1 - 455979050-14287437的好友: MTAxODc2NTEzOTAwMDAwMDAyMTgwOTY2OQ==
Jun 14 06:35:28 领取遛狗奖励完成: {"code":"0","resultCode":"0","message":"success","result":{"petSportStatus":3,"foodAmount":77}}
Jun 14 06:35:31 已给好友: 【京东用户】助力成功
Jun 14 06:35:31 开始助力京东账号1 - 455979050-14287437的好友: MTE1NDAxNzYwMDAwMDAwMzg2Njk3MzU=
Jun 14 06:35:31 第3次遛狗完成: {"code":"0","resultCode":"0","message":"success","result":{"petSportStatus":2,"rewardName":"一坨奇怪的东西","foodReward":0,"rewardImage":"https://m.360buyimg.com/babel/jfs/t1/103590/22/16630/14548/5e7db3feE5a57385e/9253e7b39c2d7a0d.png","energyReward":0}}
Jun 14 06:35:34 已给好友: 【变速箱2019】助力成功
Jun 14 06:35:34 开始助力京东账号1 - 455979050-14287437的好友: MTEyMTY4MjgwMDAwMDAwNDk2NDc0MjU=
Jun 14 06:35:34 领取遛狗奖励完成: {"code":"0","resultCode":"0","message":"success","result":{"petSportStatus":3,"foodAmount":77}}
Jun 14 06:35:37 已给好友: 【了来风】助力成功
Jun 14 06:35:37 第4次遛狗完成: {"code":"0","resultCode":"0","message":"success","result":{"petSportStatus":2,"rewardName":"一个有味道的东西","foodReward":0,"rewardImage":"https://m.360buyimg.com/babel/jfs/t1/111138/29/83/16957/5e86dffcE36c35d62/447f461cef5acaa9.png","energyReward":0}}
Jun 14 06:35:40 助力好友未达到5个
Jun 14 06:35:40 帮您助力的好友的名单开始
Jun 14 06:35:40 准备每日签到
Jun 14 06:35:40 领取遛狗奖励完成: {"code":"0","resultCode":"0","message":"success","result":{"petSportStatus":3,"foodAmount":77}}
Jun 14 06:35:43 每日签到结果: {"code":"0","resultCode":"0","message":"success","result":{"couponImage":"","signReward":40,"foodAmount":117,"signDay":7}}
Jun 14 06:35:43 【每日签到成功】奖励40g狗粮
Jun 14 06:35:43 
Jun 14 06:35:43 首次投食任务合并到10次喂食任务中
Jun 14 06:35:43 
Jun 14 06:35:43 准备三餐签到
Jun 14 06:35:43 第5次遛狗完成: {"code":"0","resultCode":"0","message":"success","result":{"petSportStatus":2,"rewardName":"一个有味道的东西","foodReward":0,"rewardImage":"https://m.360buyimg.com/babel/jfs/t1/111138/29/83/16957/5e86dffcE36c35d62/447f461cef5acaa9.png","energyReward":0}}
Jun 14 06:35:46 三餐签到结果: {"code":"0","resultCode":"0","message":"success","result":{"couponImage":"","foodAmount":121,"threeMealReward":4}}
Jun 14 06:35:46 【定时领狗粮】获得4g
Jun 14 06:35:46 
Jun 14 06:35:46 开始做 维他龚俊专享 任务， 浏览8秒，奖励8g狗粮
Jun 14 06:35:46 领取遛狗奖励完成: {"code":"0","resultCode":"0","message":"success","result":{"petSportStatus":3,"foodAmount":121}}
Jun 14 06:35:49 第6次遛狗完成: {"code":"0","resultCode":"0","message":"success","result":{"petSportStatus":2,"rewardName":"两块骨头","foodReward":0,"rewardImage":"https://m.360buyimg.com/babel/jfs/t1/92236/37/16497/15518/5e7db3f6E15c243f9/56fb583bdb0280c9.png","energyReward":0}}
Jun 14 06:35:52 【浏览指定店铺】获取8g
Jun 14 06:35:52 
Jun 14 06:35:52 开始做 去超体 逛未来 任务， 浏览8秒，奖励8g狗粮
Jun 14 06:35:53 领取遛狗奖励完成: {"code":"0","resultCode":"0","message":"success","result":{"petSportStatus":3,"foodAmount":129}}
Jun 14 06:35:56 第7次遛狗完成: {"code":"0","resultCode":"0","message":"success","result":{"petSportStatus":2,"rewardName":"两块骨头","foodReward":0,"rewardImage":"https://m.360buyimg.com/babel/jfs/t1/92236/37/16497/15518/5e7db3f6E15c243f9/56fb583bdb0280c9.png","energyReward":0}}
Jun 14 06:35:58 【浏览指定店铺】获取8g
Jun 14 06:35:58 
Jun 14 06:35:58 开始做 三星S21立省1100 任务， 浏览8秒，奖励8g狗粮
Jun 14 06:35:59 领取遛狗奖励完成: {"code":"0","resultCode":"0","message":"success","result":{"petSportStatus":3,"foodAmount":137}}
Jun 14 06:36:02 第8次遛狗完成: {"code":"0","resultCode":"0","message":"success","result":{"petSportStatus":2,"rewardName":"一只爱唱歌的鸟","foodReward":0,"rewardImage":"https://m.360buyimg.com/babel/jfs/t1/85513/18/17679/15749/5e86dfbaE7d12ef75/945573cc9fb9a045.png","energyReward":0}}
Jun 14 06:36:04 【浏览指定店铺】获取8g
Jun 14 06:36:04 
Jun 14 06:36:04 开始做 南康家具会场 任务， 浏览8秒，奖励8g狗粮
Jun 14 06:36:05 领取遛狗奖励完成: {"code":"0","resultCode":"0","message":"success","result":{"petSportStatus":3,"foodAmount":145}}
Jun 14 06:36:08 第9次遛狗完成: {"code":"0","resultCode":"3001","message":"达到宠物运动次数上限"}
Jun 14 06:36:08 开始助力京东账号1 - 455979050-14287437的好友: MTE1NDAxNzcwMDAwMDAwMzg2Njk1OTc=
Jun 14 06:36:10 【浏览指定店铺】获取8g
Jun 14 06:36:10 
Jun 14 06:36:10 开始做 领取京喜无门槛红包 任务， 浏览8秒，领取8g狗粮
Jun 14 06:36:11 助力好友结果: 已经助过力
Jun 14 06:36:11 开始助力京东账号1 - 455979050-14287437的好友: MTAxODc2NTEzOTAwMDAwMDAyMjUyNjQ5Nw==
Jun 14 06:36:14 助力好友结果: 不能助力自己
Jun 14 06:36:14 开始助力京东账号1 - 455979050-14287437的好友: MTAxODc2NTEzOTAwMDAwMDAyMTgwOTY2OQ==
Jun 14 06:36:17 【浏览指定店铺】获取8g
Jun 14 06:36:17 
Jun 14 06:36:17 开始做 网易严选618 任务， 浏览8秒，奖励8g狗粮
Jun 14 06:36:17 助力好友结果: 已经助过力
Jun 14 06:36:17 开始助力京东账号1 - 455979050-14287437的好友: MTE1NDAxNzYwMDAwMDAwMzg2Njk3MzU=
Jun 14 06:36:20 助力好友结果: 已经助过力
Jun 14 06:36:20 开始助力京东账号1 - 455979050-14287437的好友: MTE1NDAxNzYwMDAwMDAwMzg2Njk3MzU=
Jun 14 06:36:23 【浏览指定店铺】获取8g
Jun 14 06:36:23 
Jun 14 06:36:23 投食任务开始...
Jun 14 06:36:23 还需要投食10次
Jun 14 06:36:23 助力好友结果: 已经助过力
Jun 14 06:36:23 开始助力京东账号1 - 455979050-14287437的好友: MTEyMTY4MjgwMDAwMDAwNDk2NDc0MjU=
Jun 14 06:36:26 本次投食结果: {"code":"0","resultCode":"0","message":"success","result":{"petSportStatus":3,"feedAmount":10,"petPlaceInfoList":[{"place":1,"updateSign":true,"energy":4},{"place":2,"energy":0},{"place":3,"energy":0},{"place":4,"energy":0},{"place":5,"energy":0}],"updatePlace":1,"foodAmount":167,"firstFeedReward":8,"feedReachReward":0,"showNeedCollectPop":false,"energyReward":4,"firstFeedFinishedPop":true,"feedReachFinishedPop":false,"showForceCollectPop":false}}
Jun 14 06:36:26 还需要投食9次
Jun 14 06:36:26 助力好友结果: 已经助过力
Jun 14 06:36:29 本次投食结果: {"code":"0","resultCode":"0","message":"success","result":{"petSportStatus":3,"feedAmount":10,"petPlaceInfoList":[{"place":1,"energy":4},{"place":2,"updateSign":true,"energy":7},{"place":3,"energy":0},{"place":4,"energy":0},{"place":5,"energy":0}],"updatePlace":2,"foodAmount":157,"firstFeedReward":0,"feedReachReward":0,"showNeedCollectPop":false,"energyReward":7,"firstFeedFinishedPop":false,"feedReachFinishedPop":false,"showForceCollectPop":false}}
Jun 14 06:36:29 还需要投食8次
Jun 14 06:36:29 助力好友未达到5个
Jun 14 06:36:29 帮您助力的好友的名单开始
Jun 14 06:36:29 准备每日签到
Jun 14 06:36:32 本次投食结果: {"code":"0","resultCode":"0","message":"success","result":{"petSportStatus":3,"feedAmount":10,"petPlaceInfoList":[{"place":1,"energy":4},{"place":2,"energy":7},{"place":3,"updateSign":true,"energy":7},{"place":4,"energy":0},{"place":5,"energy":0}],"updatePlace":3,"foodAmount":147,"firstFeedReward":0,"feedReachReward":0,"showNeedCollectPop":false,"energyReward":7,"firstFeedFinishedPop":false,"feedReachFinishedPop":false,"showForceCollectPop":false}}
Jun 14 06:36:32 还需要投食7次
Jun 14 06:36:32 每日签到结果: {"code":"0","resultCode":"5001","message":"已签到"}
Jun 14 06:36:32 【每日签到】已签到
Jun 14 06:36:32 
Jun 14 06:36:32 首次投食任务合并到10次喂食任务中
Jun 14 06:36:32 
Jun 14 06:36:32 准备三餐签到
Jun 14 06:36:35 本次投食结果: {"code":"0","resultCode":"0","message":"success","result":{"petSportStatus":3,"feedAmount":10,"petPlaceInfoList":[{"place":1,"energy":4},{"place":2,"energy":7},{"place":3,"energy":7},{"place":4,"updateSign":true,"energy":4},{"place":5,"energy":0}],"updatePlace":4,"foodAmount":137,"firstFeedReward":0,"feedReachReward":0,"showNeedCollectPop":false,"energyReward":4,"firstFeedFinishedPop":false,"feedReachFinishedPop":false,"showForceCollectPop":false}}
Jun 14 06:36:35 还需要投食6次
Jun 14 06:36:35 三餐签到结果: {"code":"0","resultCode":"1005","message":"奖励已领取或未达奖励领取条件"}
Jun 14 06:36:35 【定时领狗粮】奖励已领取或未达奖励领取条件
Jun 14 06:36:35 
Jun 14 06:36:35 开始做 维他龚俊专享 任务， 浏览8秒，奖励8g狗粮
Jun 14 06:36:38 本次投食结果: {"code":"0","resultCode":"0","message":"success","result":{"petSportStatus":3,"feedAmount":10,"petPlaceInfoList":[{"place":1,"energy":4},{"place":2,"energy":7},{"place":3,"energy":7},{"place":4,"energy":4},{"place":5,"updateSign":true,"energy":6}],"updatePlace":5,"foodAmount":127,"firstFeedReward":0,"feedReachReward":0,"showNeedCollectPop":false,"energyReward":6,"firstFeedFinishedPop":false,"feedReachFinishedPop":false,"showForceCollectPop":false}}
Jun 14 06:36:38 还需要投食5次
Jun 14 06:36:38 开始做 去超体 逛未来 任务， 浏览8秒，奖励8g狗粮
Jun 14 06:36:41 本次投食结果: {"code":"0","resultCode":"0","message":"success","result":{"petSportStatus":3,"feedAmount":10,"petPlaceInfoList":[{"place":1,"updateSign":true,"energy":10},{"place":2,"energy":7},{"place":3,"energy":7},{"place":4,"energy":4},{"place":5,"energy":6}],"updatePlace":1,"foodAmount":117,"firstFeedReward":0,"feedReachReward":0,"showNeedCollectPop":false,"energyReward":6,"firstFeedFinishedPop":false,"feedReachFinishedPop":false,"showForceCollectPop":false}}
Jun 14 06:36:41 还需要投食4次
Jun 14 06:36:41 开始做 三星S21立省1100 任务， 浏览8秒，奖励8g狗粮
Jun 14 06:36:44 本次投食结果: {"code":"0","resultCode":"0","message":"success","result":{"petSportStatus":3,"feedAmount":10,"petPlaceInfoList":[{"place":1,"energy":10},{"place":2,"updateSign":true,"energy":12},{"place":3,"energy":7},{"place":4,"energy":4},{"place":5,"energy":6}],"updatePlace":2,"foodAmount":107,"firstFeedReward":0,"feedReachReward":0,"showNeedCollectPop":false,"energyReward":5,"firstFeedFinishedPop":false,"feedReachFinishedPop":false,"showForceCollectPop":false}}
Jun 14 06:36:44 还需要投食3次
Jun 14 06:36:44 开始做 南康家具会场 任务， 浏览8秒，奖励8g狗粮
Jun 14 06:36:47 本次投食结果: {"code":"0","resultCode":"0","message":"success","result":{"petSportStatus":3,"feedAmount":10,"petPlaceInfoList":[{"place":1,"energy":10},{"place":2,"energy":12},{"place":3,"updateSign":true,"energy":14},{"place":4,"energy":4},{"place":5,"energy":6}],"updatePlace":3,"foodAmount":97,"firstFeedReward":0,"feedReachReward":0,"showNeedCollectPop":false,"energyReward":7,"firstFeedFinishedPop":false,"feedReachFinishedPop":false,"showForceCollectPop":false}}
Jun 14 06:36:47 还需要投食2次
Jun 14 06:36:47 开始做 领取京喜无门槛红包 任务， 浏览8秒，领取8g狗粮
Jun 14 06:36:50 本次投食结果: {"code":"0","resultCode":"0","message":"success","result":{"petSportStatus":3,"feedAmount":10,"petPlaceInfoList":[{"place":1,"energy":10},{"place":2,"energy":12},{"place":3,"energy":14},{"place":4,"updateSign":true,"energy":12},{"place":5,"energy":6}],"updatePlace":4,"foodAmount":87,"firstFeedReward":0,"feedReachReward":0,"showNeedCollectPop":false,"energyReward":8,"firstFeedFinishedPop":false,"feedReachFinishedPop":false,"showForceCollectPop":false}}
Jun 14 06:36:50 还需要投食1次
Jun 14 06:36:50 开始做 网易严选618 任务， 浏览8秒，奖励8g狗粮
Jun 14 06:36:53 本次投食结果: {"code":"0","resultCode":"0","message":"success","result":{"petSportStatus":3,"feedAmount":10,"petPlaceInfoList":[{"place":1,"energy":10},{"place":2,"energy":12},{"place":3,"energy":14},{"place":4,"energy":12},{"place":5,"updateSign":true,"energy":10}],"updatePlace":5,"foodAmount":85,"firstFeedReward":0,"feedReachReward":8,"showNeedCollectPop":false,"energyReward":4,"firstFeedFinishedPop":false,"feedReachFinishedPop":true,"showForceCollectPop":false}}
Jun 14 06:36:53 投食任务结束...
Jun 14 06:36:53 
Jun 14 06:36:53 投食任务开始...
Jun 14 06:36:53 还需要投食10次
Jun 14 06:36:56 目前剩余狗粮：【85】g,不再继续投食,保留部分狗粮用于完成第二天任务
Jun 14 06:36:56 开始收取任务奖励好感度
Jun 14 06:36:56 本次投食结果: {"code":"0","resultCode":"0","message":"success","result":{"petSportStatus":3,"feedAmount":10,"petPlaceInfoList":[{"place":1,"updateSign":true,"energy":14},{"place":2,"energy":12},{"place":3,"energy":14},{"place":4,"energy":12},{"place":5,"energy":10}],"updatePlace":1,"foodAmount":75,"firstFeedReward":0,"feedReachReward":0,"showNeedCollectPop":false,"energyReward":4,"firstFeedFinishedPop":false,"feedReachFinishedPop":false,"showForceCollectPop":false}}
Jun 14 06:36:56 还需要投食9次
Jun 14 06:36:59 
Jun 14 06:36:59 ==============📣系统通知📣==============
Jun 14 06:36:59 东东萌宠
Jun 14 06:36:59 3层抽纸巾30包
Jun 14 06:36:59 【京东账号1】455979050-14287437
Jun 14 06:36:59 【您助力的好友】赛格di，京东用户，变速箱2019，了来风
Jun 14 06:36:59 【额外奖励】领取失败，原因：给您助力的人未达5个
Jun 14 06:36:59 【助力您的好友】赛格di，京东用户
Jun 14 06:36:59 【第5块勋章完成进度】100%，还需收集0好感
Jun 14 06:36:59 【已获得勋章】4块，还需收集0块即可兑换奖品“3层抽纸巾30包”
Jun 14 06:36:59 
Jun 14 06:36:59 全部任务完成, 如果帮助到您可以点下🌟STAR鼓励我一下, 明天见~
Jun 14 06:36:59 
Jun 14 06:36:59 开始【京东账号2】jd_7a84de20543eb
Jun 14 06:36:59 
Jun 14 06:36:59 由于您第2个京东账号未提供shareCode,将采纳本脚本自带的助力码
Jun 14 06:36:59 
Jun 14 06:37:00 本次投食结果: {"code":"0","resultCode":"0","message":"success","result":{"petSportStatus":3,"feedAmount":10,"petPlaceInfoList":[{"place":1,"updateSign":true,"energy":8},{"place":2,"energy":0},{"place":3,"energy":0},{"place":4,"energy":0},{"place":5,"energy":0}],"updatePlace":1,"foodAmount":65,"firstFeedReward":0,"feedReachReward":0,"showNeedCollectPop":false,"energyReward":8,"firstFeedFinishedPop":false,"feedReachFinishedPop":false,"showForceCollectPop":false}}
Jun 14 06:37:00 还需要投食8次
Jun 14 06:37:00 随机取助力码放到您固定的互助码后面(不影响已有固定互助)
Jun 14 06:37:00 第2个京东账号将要助力的好友["","MTEyMTY4MjgwMDAwMDAwNDk2NDc0MjU=","MTE1NDAxNzYwMDAwMDAwMzg2Njk3MzU=","MTAxODc2NTEzOTAwMDAwMDAyMTgwOTY2OQ==","MTAxODc2NTEzOTAwMDAwMDAyMjUyNjQ5Nw==","MTE1NDAxNzcwMDAwMDAwMzg2Njk1OTc="]
Jun 14 06:37:03 本次投食结果: {"code":"0","resultCode":"0","message":"success","result":{"petSportStatus":3,"feedAmount":10,"petPlaceInfoList":[{"place":1,"energy":8},{"place":2,"updateSign":true,"energy":4},{"place":3,"energy":0},{"place":4,"energy":0},{"place":5,"energy":0}],"updatePlace":2,"foodAmount":55,"firstFeedReward":0,"feedReachReward":0,"showNeedCollectPop":false,"energyReward":4,"firstFeedFinishedPop":false,"feedReachFinishedPop":false,"showForceCollectPop":false}}
Jun 14 06:37:03 还需要投食7次
Jun 14 06:37:03 开始助力京东账号2 - jd_7a84de20543eb的好友: 
Jun 14 06:37:03 开始助力京东账号2 - jd_7a84de20543eb的好友: MTEyMTY4MjgwMDAwMDAwNDk2NDc0MjU=
Jun 14 06:37:06 本次投食结果: {"code":"0","resultCode":"0","message":"success","result":{"petSportStatus":3,"feedAmount":10,"petPlaceInfoList":[{"place":1,"energy":8},{"place":2,"energy":4},{"place":3,"updateSign":true,"energy":8},{"place":4,"energy":0},{"place":5,"energy":0}],"updatePlace":3,"foodAmount":45,"firstFeedReward":0,"feedReachReward":0,"showNeedCollectPop":false,"energyReward":8,"firstFeedFinishedPop":false,"feedReachFinishedPop":false,"showForceCollectPop":false}}
Jun 14 06:37:06 还需要投食6次
Jun 14 06:37:06 已给好友: 【了来风】助力成功
Jun 14 06:37:06 开始助力京东账号2 - jd_7a84de20543eb的好友: MTE1NDAxNzYwMDAwMDAwMzg2Njk3MzU=
Jun 14 06:37:09 本次投食结果: {"code":"0","resultCode":"0","message":"success","result":{"petSportStatus":3,"feedAmount":10,"petPlaceInfoList":[{"place":1,"energy":8},{"place":2,"energy":4},{"place":3,"energy":8},{"place":4,"updateSign":true,"energy":8},{"place":5,"energy":0}],"updatePlace":4,"foodAmount":35,"firstFeedReward":0,"feedReachReward":0,"showNeedCollectPop":false,"energyReward":8,"firstFeedFinishedPop":false,"feedReachFinishedPop":false,"showForceCollectPop":false}}
Jun 14 06:37:09 还需要投食5次
Jun 14 06:37:09 已给好友: 【变速箱2019】助力成功
Jun 14 06:37:09 开始助力京东账号2 - jd_7a84de20543eb的好友: MTAxODc2NTEzOTAwMDAwMDAyMTgwOTY2OQ==
Jun 14 06:37:12 本次投食结果: {"code":"0","resultCode":"0","message":"success","result":{"petSportStatus":3,"feedAmount":10,"petPlaceInfoList":[{"place":1,"energy":8},{"place":2,"energy":4},{"place":3,"energy":8},{"place":4,"energy":8},{"place":5,"updateSign":true,"energy":8}],"updatePlace":5,"foodAmount":25,"firstFeedReward":0,"feedReachReward":0,"showNeedCollectPop":false,"energyReward":8,"firstFeedFinishedPop":false,"feedReachFinishedPop":false,"showForceCollectPop":false}}
Jun 14 06:37:12 还需要投食4次
Jun 14 06:37:12 已给好友: 【京东用户】助力成功
Jun 14 06:37:12 开始助力京东账号2 - jd_7a84de20543eb的好友: MTAxODc2NTEzOTAwMDAwMDAyMjUyNjQ5Nw==
Jun 14 06:37:15 本次投食结果: {"code":"0","resultCode":"0","message":"success","result":{"petSportStatus":3,"feedAmount":10,"petPlaceInfoList":[{"place":1,"updateSign":true,"energy":12},{"place":2,"energy":4},{"place":3,"energy":8},{"place":4,"energy":8},{"place":5,"energy":8}],"updatePlace":1,"foodAmount":15,"firstFeedReward":0,"feedReachReward":0,"showNeedCollectPop":false,"energyReward":4,"firstFeedFinishedPop":false,"feedReachFinishedPop":false,"showForceCollectPop":false}}
Jun 14 06:37:15 还需要投食3次
Jun 14 06:37:15 已给好友: 【@　　　　　　　】助力成功
Jun 14 06:37:15 开始助力京东账号2 - jd_7a84de20543eb的好友: MTE1NDAxNzcwMDAwMDAwMzg2Njk1OTc=
Jun 14 06:37:18 本次投食结果: {"code":"0","resultCode":"0","message":"success","result":{"petSportStatus":3,"feedAmount":10,"petPlaceInfoList":[{"place":1,"energy":12},{"place":2,"updateSign":true,"energy":10},{"place":3,"energy":8},{"place":4,"energy":8},{"place":5,"energy":8}],"updatePlace":2,"foodAmount":15,"firstFeedReward":0,"feedReachReward":0,"showNeedCollectPop":false,"energyReward":6,"firstFeedFinishedPop":false,"feedReachFinishedPop":false,"showForceCollectPop":false}}
Jun 14 06:37:18 还需要投食2次
Jun 14 06:37:18 已给好友: 【赛格di】助力成功
Jun 14 06:37:18 东东萌宠
Jun 14 06:37:18 
Jun 14 06:37:18 【提示】京东账号2jd_7a84de20543eb
Jun 14 06:37:18 萌宠活动未开启
Jun 14 06:37:18 请手动去京东APP开启活动
Jun 14 06:37:18 入口：我的->游戏与互动->查看更多开启
Jun 14 06:37:18 
Jun 14 06:37:18 
Jun 14 06:37:18 您未提供server酱的SCKEY，取消微信推送消息通知🚫
Jun 14 06:37:18 
Jun 14 06:37:18 您未提供push+推送所需的PUSH_PLUS_TOKEN，取消push+推送消息通知🚫
Jun 14 06:37:18 
Jun 14 06:37:18 您未提供Bark的APP推送BARK_PUSH，取消Bark推送消息通知🚫
Jun 14 06:37:18 
Jun 14 06:37:18 您未提供telegram机器人推送所需的TG_BOT_TOKEN和TG_USER_ID，取消telegram推送消息通知🚫
Jun 14 06:37:18 
Jun 14 06:37:18 您未提供企业微信机器人推送所需的QYWX_KEY，取消企业微信推送消息通知🚫
Jun 14 06:37:18 
Jun 14 06:37:18 您未提供企业微信应用消息推送所需的QYWX_AM，取消企业微信应用消息推送消息通知🚫
Jun 14 06:37:18 
Jun 14 06:37:18 您未提供iGot的推送IGOT_PUSH_KEY，取消iGot推送消息通知🚫
Jun 14 06:37:18 
Jun 14 06:37:18 钉钉发送通知消息成功🎉。
Jun 14 06:37:18 
Jun 14 06:37:18 
Jun 14 06:37:18 🔔东东萌宠, 结束! 🕛 138.351 秒
Jun 14 06:37:18 
Jun 14 06:37:21 本次投食结果: {"code":"0","resultCode":"0","message":"success","result":{"petSportStatus":3,"feedAmount":10,"petPlaceInfoList":[{"place":1,"energy":12},{"place":2,"energy":10},{"place":3,"updateSign":true,"energy":16},{"place":4,"energy":8},{"place":5,"energy":8}],"updatePlace":3,"foodAmount":5,"firstFeedReward":0,"feedReachReward":0,"showNeedCollectPop":false,"energyReward":8,"firstFeedFinishedPop":false,"feedReachFinishedPop":false,"showForceCollectPop":false}}
Jun 14 06:37:21 还需要投食1次
Jun 14 06:37:24 本次投食结果: {"code":"0","resultCode":"3003","message":"狗粮剩余不足~"}
Jun 14 06:37:24 剩余狗粮不足, 投食结束
Jun 14 06:37:24 投食任务结束...
Jun 14 06:37:24 
Jun 14 06:37:27 目前剩余狗粮：【5】g,不再继续投食,保留部分狗粮用于完成第二天任务
Jun 14 06:37:27 开始收取任务奖励好感度
Jun 14 06:37:30 
Jun 14 06:37:30 ==============📣系统通知📣==============
Jun 14 06:37:30 东东萌宠
Jun 14 06:37:30 3层抽纸巾30包
Jun 14 06:37:30 【京东账号1】455979050-14287437
Jun 14 06:37:30 【额外奖励】领取失败，原因：给您助力的人未达5个
Jun 14 06:37:30 【助力您的好友】赛格di，京东用户
Jun 14 06:37:30 【第5块勋章完成进度】100%，还需收集0好感
Jun 14 06:37:30 【已获得勋章】4块，还需收集0块即可兑换奖品“3层抽纸巾30包”
Jun 14 06:37:30 
Jun 14 06:37:30 全部任务完成, 如果帮助到您可以点下🌟STAR鼓励我一下, 明天见~
Jun 14 06:37:30 
Jun 14 06:37:30 开始【京东账号2】jd_7a84de20543eb
Jun 14 06:37:30 
Jun 14 06:37:30 由于您第2个京东账号未提供shareCode,将采纳本脚本自带的助力码
Jun 14 06:37:30 
Jun 14 06:37:30 随机取助力码放到您固定的互助码后面(不影响已有固定互助)
Jun 14 06:37:30 第2个京东账号将要助力的好友["","MTEyMTY4MjgwMDAwMDAwNDk2NDc0MjU=","MTE1NDAxNzYwMDAwMDAwMzg2Njk3MzU=","MTAxODc2NTEzOTAwMDAwMDAyMTgwOTY2OQ==","MTAxODc2NTEzOTAwMDAwMDAyMjUyNjQ5Nw==","MTE1NDAxNzcwMDAwMDAwMzg2Njk1OTc="]
Jun 14 06:37:33 开始助力京东账号2 - jd_7a84de20543eb的好友: 
Jun 14 06:37:33 开始助力京东账号2 - jd_7a84de20543eb的好友: MTEyMTY4MjgwMDAwMDAwNDk2NDc0MjU=
Jun 14 06:37:36 助力好友结果: 已经助过力
Jun 14 06:37:36 开始助力京东账号2 - jd_7a84de20543eb的好友: MTE1NDAxNzYwMDAwMDAwMzg2Njk3MzU=
Jun 14 06:37:39 助力好友结果: 已经助过力
Jun 14 06:37:39 开始助力京东账号2 - jd_7a84de20543eb的好友: MTAxODc2NTEzOTAwMDAwMDAyMTgwOTY2OQ==
Jun 14 06:37:42 助力好友结果: 已经助过力
Jun 14 06:37:42 开始助力京东账号2 - jd_7a84de20543eb的好友: MTAxODc2NTEzOTAwMDAwMDAyMjUyNjQ5Nw==
Jun 14 06:37:45 助力好友结果: 已经助过力
Jun 14 06:37:45 开始助力京东账号2 - jd_7a84de20543eb的好友: MTE1NDAxNzcwMDAwMDAwMzg2Njk1OTc=
Jun 14 06:37:48 助力好友结果: 已经助过力
Jun 14 06:37:48 东东萌宠
Jun 14 06:37:48 
Jun 14 06:37:48 【提示】京东账号2jd_7a84de20543eb
Jun 14 06:37:48 萌宠活动未开启
Jun 14 06:37:48 请手动去京东APP开启活动
Jun 14 06:37:48 入口：我的->游戏与互动->查看更多开启
Jun 14 06:37:48 
Jun 14 06:37:48 
Jun 14 06:37:48 您未提供server酱的SCKEY，取消微信推送消息通知🚫
Jun 14 06:37:48 
Jun 14 06:37:48 您未提供push+推送所需的PUSH_PLUS_TOKEN，取消push+推送消息通知🚫
Jun 14 06:37:48 
Jun 14 06:37:48 您未提供Bark的APP推送BARK_PUSH，取消Bark推送消息通知🚫
Jun 14 06:37:48 
Jun 14 06:37:48 您未提供telegram机器人推送所需的TG_BOT_TOKEN和TG_USER_ID，取消telegram推送消息通知🚫
Jun 14 06:37:48 
Jun 14 06:37:48 您未提供企业微信机器人推送所需的QYWX_KEY，取消企业微信推送消息通知🚫
Jun 14 06:37:48 
Jun 14 06:37:48 您未提供企业微信应用消息推送所需的QYWX_AM，取消企业微信应用消息推送消息通知🚫
Jun 14 06:37:48 
Jun 14 06:37:48 您未提供iGot的推送IGOT_PUSH_KEY，取消iGot推送消息通知🚫
Jun 14 06:37:48 
Jun 14 06:37:48 钉钉发送通知消息成功🎉。
Jun 14 06:37:48 
Jun 14 06:37:48 
Jun 14 06:37:48 🔔东东萌宠, 结束! 🕛 168.796 秒
Jun 14 06:37:48 
Jun 14 06:39:26 随机取助力码放到您固定的互助码后面(不影响已有固定互助)
Jun 14 12:35:01 
Jun 14 12:35:01 🔔东东萌宠, 开始!
Jun 14 12:35:01 开始获取东东萌宠配置文件
Jun 14 12:35:01 
Jun 14 12:35:01 您的cookie选择的是用&隔开
Jun 14 12:35:01 
Jun 14 12:35:01 
Jun 14 12:35:01 ====================共有2个京东账号Cookie=========
Jun 14 12:35:01 
Jun 14 12:35:01 
Jun 14 12:35:01 🔔东东萌宠, 开始!
Jun 14 12:35:01 开始获取东东萌宠配置文件
Jun 14 12:35:01 
Jun 14 12:35:01 您的cookie选择的是用&隔开
Jun 14 12:35:01 
Jun 14 12:35:01 
Jun 14 12:35:01 ====================共有2个京东账号Cookie=========
Jun 14 12:35:01 
Jun 14 12:35:01 ==================脚本执行- 北京时间(UTC+8)：6/14/2021, 12:35:01 PM=====================
Jun 14 12:35:01 
Jun 14 12:35:01 您的东东萌宠互助码选择的是用&隔开
Jun 14 12:35:01 
Jun 14 12:35:01 共2个京东账号
Jun 14 12:35:01 
Jun 14 12:35:01 您提供了2个账号的东东萌宠助力码
Jun 14 12:35:01 
Jun 14 12:35:01 ==================脚本执行- 北京时间(UTC+8)：6/14/2021, 12:35:01 PM=====================
Jun 14 12:35:01 
Jun 14 12:35:01 您的东东萌宠互助码选择的是用&隔开
Jun 14 12:35:01 
Jun 14 12:35:01 共2个京东账号
Jun 14 12:35:01 
Jun 14 12:35:01 您提供了2个账号的东东萌宠助力码
Jun 14 12:35:01 
Jun 14 12:35:01 
Jun 14 12:35:01 开始【京东账号1】455979050-14287437
Jun 14 12:35:01 
Jun 14 12:35:01 
Jun 14 12:35:01 开始【京东账号1】455979050-14287437
Jun 14 12:35:01 
Jun 14 12:35:11 第1个京东账号将要助力的好友["MTAxODc2NTEzOTAwMDAwMDAyMjUyNjQ5Nw=="]
Jun 14 12:35:11 第1个京东账号将要助力的好友["MTAxODc2NTEzOTAwMDAwMDAyMjUyNjQ5Nw=="]
Jun 14 12:35:14 开始助力京东账号1 - 455979050-14287437的好友: MTAxODc2NTEzOTAwMDAwMDAyMjUyNjQ5Nw==
Jun 14 12:35:14 开始助力京东账号1 - 455979050-14287437的好友: MTAxODc2NTEzOTAwMDAwMDAyMjUyNjQ5Nw==
Jun 14 12:35:17 助力好友结果: 不能助力自己
Jun 14 12:35:17 
Jun 14 12:35:17 ==============📣系统通知📣==============
Jun 14 12:35:17 东东萌宠
Jun 14 12:35:17 【京东账号1】455979050-14287437
Jun 14 12:35:17 【提醒⏰】3层抽纸巾30包已可领取
Jun 14 12:35:17 请去京东APP或微信小程序查看
Jun 14 12:35:17 点击弹窗即达
Jun 14 12:35:17 
Jun 14 12:35:17 
Jun 14 12:35:17 您未提供server酱的SCKEY，取消微信推送消息通知🚫
Jun 14 12:35:17 
Jun 14 12:35:17 您未提供push+推送所需的PUSH_PLUS_TOKEN，取消push+推送消息通知🚫
Jun 14 12:35:17 
Jun 14 12:35:17 您未提供Bark的APP推送BARK_PUSH，取消Bark推送消息通知🚫
Jun 14 12:35:17 
Jun 14 12:35:17 您未提供telegram机器人推送所需的TG_BOT_TOKEN和TG_USER_ID，取消telegram推送消息通知🚫
Jun 14 12:35:17 
Jun 14 12:35:17 您未提供企业微信机器人推送所需的QYWX_KEY，取消企业微信推送消息通知🚫
Jun 14 12:35:17 
Jun 14 12:35:17 您未提供企业微信应用消息推送所需的QYWX_AM，取消企业微信应用消息推送消息通知🚫
Jun 14 12:35:17 
Jun 14 12:35:17 您未提供iGot的推送IGOT_PUSH_KEY，取消iGot推送消息通知🚫
Jun 14 12:35:17 
Jun 14 12:35:17 助力好友结果: 不能助力自己
Jun 14 12:35:17 
Jun 14 12:35:17 ==============📣系统通知📣==============
Jun 14 12:35:17 东东萌宠
Jun 14 12:35:17 【京东账号1】455979050-14287437
Jun 14 12:35:17 【提醒⏰】3层抽纸巾30包已可领取
Jun 14 12:35:17 请去京东APP或微信小程序查看
Jun 14 12:35:17 点击弹窗即达
Jun 14 12:35:17 
Jun 14 12:35:17 
Jun 14 12:35:17 您未提供server酱的SCKEY，取消微信推送消息通知🚫
Jun 14 12:35:17 
Jun 14 12:35:17 您未提供push+推送所需的PUSH_PLUS_TOKEN，取消push+推送消息通知🚫
Jun 14 12:35:17 
Jun 14 12:35:17 您未提供Bark的APP推送BARK_PUSH，取消Bark推送消息通知🚫
Jun 14 12:35:17 
Jun 14 12:35:17 您未提供telegram机器人推送所需的TG_BOT_TOKEN和TG_USER_ID，取消telegram推送消息通知🚫
Jun 14 12:35:17 
Jun 14 12:35:17 您未提供企业微信机器人推送所需的QYWX_KEY，取消企业微信推送消息通知🚫
Jun 14 12:35:17 
Jun 14 12:35:17 您未提供企业微信应用消息推送所需的QYWX_AM，取消企业微信应用消息推送消息通知🚫
Jun 14 12:35:17 
Jun 14 12:35:17 您未提供iGot的推送IGOT_PUSH_KEY，取消iGot推送消息通知🚫
Jun 14 12:35:17 
Jun 14 12:35:17 钉钉发送通知消息成功🎉。
Jun 14 12:35:17 
Jun 14 12:35:17 钉钉发送通知消息成功🎉。
Jun 14 12:35:17 
Jun 14 12:35:17 
Jun 14 12:35:17 开始【京东账号2】jd_7a84de20543eb
Jun 14 12:35:17 
Jun 14 12:35:17 
Jun 14 12:35:17 开始【京东账号2】jd_7a84de20543eb
Jun 14 12:35:17 
Jun 14 12:35:27 第2个京东账号将要助力的好友["MTAxODc2NTEzOTAwMDAwMDAyMjUyNjQ5Nw=="]
Jun 14 12:35:27 第2个京东账号将要助力的好友["MTAxODc2NTEzOTAwMDAwMDAyMjUyNjQ5Nw=="]
Jun 14 12:35:30 开始助力京东账号2 - jd_7a84de20543eb的好友: MTAxODc2NTEzOTAwMDAwMDAyMjUyNjQ5Nw==
Jun 14 12:35:30 开始助力京东账号2 - jd_7a84de20543eb的好友: MTAxODc2NTEzOTAwMDAwMDAyMjUyNjQ5Nw==
Jun 14 12:35:33 助力好友结果: 已经助过力
Jun 14 12:35:33 东东萌宠
Jun 14 12:35:33 
Jun 14 12:35:33 【提示】京东账号2jd_7a84de20543eb
Jun 14 12:35:33 萌宠活动未开启
Jun 14 12:35:33 请手动去京东APP开启活动
Jun 14 12:35:33 入口：我的->游戏与互动->查看更多开启
Jun 14 12:35:33 
Jun 14 12:35:33 🔔东东萌宠, 结束! 🕛 32.52 秒
Jun 14 12:35:33 
Jun 14 12:35:33 助力好友结果: 已经助过力
Jun 14 12:35:33 东东萌宠
Jun 14 12:35:33 
Jun 14 12:35:33 【提示】京东账号2jd_7a84de20543eb
Jun 14 12:35:33 萌宠活动未开启
Jun 14 12:35:33 请手动去京东APP开启活动
Jun 14 12:35:33 入口：我的->游戏与互动->查看更多开启
Jun 14 12:35:33 
Jun 14 12:35:33 🔔东东萌宠, 结束! 🕛 32.5 秒
Jun 14 12:35:33 
Jun 14 12:36:54 "connect ETIMEDOUT 185.199.109.133:443"
Jun 14 12:36:54 东东萌宠 API请求失败，请检查网路重试
Jun 14 12:36:55 "connect ETIMEDOUT 185.199.111.133:443"
Jun 14 12:36:55 东东萌宠 API请求失败，请检查网路重试
Jun 14 12:39:35 随机取助力码放到您固定的互助码后面(不影响已有固定互助)
Jun 14 12:39:35 随机取助力码放到您固定的互助码后面(不影响已有固定互助)
Jun 14 18:35:00 
Jun 14 18:35:00 🔔东东萌宠, 开始!
Jun 14 18:35:00 开始获取东东萌宠配置文件
Jun 14 18:35:00 
Jun 14 18:35:00 您的cookie选择的是用&隔开
Jun 14 18:35:00 
Jun 14 18:35:00 
Jun 14 18:35:00 ====================共有2个京东账号Cookie=========
Jun 14 18:35:00 
Jun 14 18:35:00 
Jun 14 18:35:00 🔔东东萌宠, 开始!
Jun 14 18:35:00 开始获取东东萌宠配置文件
Jun 14 18:35:00 
Jun 14 18:35:00 您的cookie选择的是用&隔开
Jun 14 18:35:00 
Jun 14 18:35:00 
Jun 14 18:35:00 ====================共有2个京东账号Cookie=========
Jun 14 18:35:00 
Jun 14 18:35:00 ==================脚本执行- 北京时间(UTC+8)：6/14/2021, 6:35:00 PM=====================
Jun 14 18:35:00 
Jun 14 18:35:00 共2个京东账号
Jun 14 18:35:00 
Jun 14 18:35:00 您提供了1个账号的东东萌宠助力码
Jun 14 18:35:00 
Jun 14 18:35:00 ==================脚本执行- 北京时间(UTC+8)：6/14/2021, 6:35:00 PM=====================
Jun 14 18:35:00 
Jun 14 18:35:00 共2个京东账号
Jun 14 18:35:00 
Jun 14 18:35:00 您提供了1个账号的东东萌宠助力码
Jun 14 18:35:00 
Jun 14 18:35:00 
Jun 14 18:35:00 开始【京东账号1】455979050-14287437
Jun 14 18:35:00 
Jun 14 18:35:00 
Jun 14 18:35:00 开始【京东账号1】455979050-14287437
Jun 14 18:35:00 
Jun 14 18:35:01 随机取助力码放到您固定的互助码后面(不影响已有固定互助)
Jun 14 18:35:01 第1个京东账号将要助力的好友["MTE1NDAxNzcwMDAwMDAwMzg2Njk1OTc=","MTAxODc2NTEzOTAwMDAwMDAyMjUyNjQ5Nw==","MTAxODc2NTEzOTAwMDAwMDAyMTgwOTY2OQ==","MTE1NDAxNzYwMDAwMDAwMzg2Njk3MzU=","MTEyMTY4MjgwMDAwMDAwNDk2NDc0MjU="]
Jun 14 18:35:04 开始助力京东账号1 - 455979050-14287437的好友: MTE1NDAxNzcwMDAwMDAwMzg2Njk1OTc=
Jun 14 18:35:07 助力好友结果: 已经助过力
Jun 14 18:35:07 开始助力京东账号1 - 455979050-14287437的好友: MTAxODc2NTEzOTAwMDAwMDAyMjUyNjQ5Nw==
Jun 14 18:35:10 助力好友结果: 不能助力自己
Jun 14 18:35:10 开始助力京东账号1 - 455979050-14287437的好友: MTAxODc2NTEzOTAwMDAwMDAyMTgwOTY2OQ==
Jun 14 18:35:10 第1个京东账号将要助力的好友["MTE1NDAxNzcwMDAwMDAwMzg2Njk1OTc=","MTAxODc2NTEzOTAwMDAwMDAyMjUyNjQ5Nw==","MTAxODc2NTEzOTAwMDAwMDAyMTgwOTY2OQ==","MTE1NDAxNzYwMDAwMDAwMzg2Njk3MzU=","MTE1NDAxNzYwMDAwMDAwMzg2Njk3MzU=","MTEyMTY4MjgwMDAwMDAwNDk2NDc0MjU="]
Jun 14 18:35:13 助力好友结果: 已经助过力
Jun 14 18:35:13 开始助力京东账号1 - 455979050-14287437的好友: MTE1NDAxNzYwMDAwMDAwMzg2Njk3MzU=
Jun 14 18:35:14 开始助力京东账号1 - 455979050-14287437的好友: MTE1NDAxNzcwMDAwMDAwMzg2Njk1OTc=
Jun 14 18:35:16 助力好友结果: 已经助过力
Jun 14 18:35:16 开始助力京东账号1 - 455979050-14287437的好友: MTEyMTY4MjgwMDAwMDAwNDk2NDc0MjU=
Jun 14 18:35:17 助力好友结果: 已经助过力
Jun 14 18:35:17 开始助力京东账号1 - 455979050-14287437的好友: MTAxODc2NTEzOTAwMDAwMDAyMjUyNjQ5Nw==
Jun 14 18:35:19 助力好友结果: 已经助过力
Jun 14 18:35:19 
Jun 14 18:35:19 ==============📣系统通知📣==============
Jun 14 18:35:19 东东萌宠
Jun 14 18:35:19 【京东账号1】455979050-14287437
Jun 14 18:35:19 【提醒⏰】3层抽纸巾30包已可领取
Jun 14 18:35:19 请去京东APP或微信小程序查看
Jun 14 18:35:19 点击弹窗即达
Jun 14 18:35:19 
Jun 14 18:35:19 
Jun 14 18:35:19 您未提供server酱的SCKEY，取消微信推送消息通知🚫
Jun 14 18:35:19 
Jun 14 18:35:19 您未提供push+推送所需的PUSH_PLUS_TOKEN，取消push+推送消息通知🚫
Jun 14 18:35:19 
Jun 14 18:35:19 您未提供Bark的APP推送BARK_PUSH，取消Bark推送消息通知🚫
Jun 14 18:35:19 
Jun 14 18:35:19 您未提供telegram机器人推送所需的TG_BOT_TOKEN和TG_USER_ID，取消telegram推送消息通知🚫
Jun 14 18:35:19 
Jun 14 18:35:19 您未提供企业微信机器人推送所需的QYWX_KEY，取消企业微信推送消息通知🚫
Jun 14 18:35:19 
Jun 14 18:35:19 您未提供企业微信应用消息推送所需的QYWX_AM，取消企业微信应用消息推送消息通知🚫
Jun 14 18:35:19 
Jun 14 18:35:19 您未提供iGot的推送IGOT_PUSH_KEY，取消iGot推送消息通知🚫
Jun 14 18:35:19 
Jun 14 18:35:19 钉钉发送通知消息成功🎉。
Jun 14 18:35:19 
Jun 14 18:35:19 
Jun 14 18:35:19 开始【京东账号2】jd_7a84de20543eb
Jun 14 18:35:19 
Jun 14 18:35:19 由于您第2个京东账号未提供shareCode,将采纳本脚本自带的助力码
Jun 14 18:35:19 
Jun 14 18:35:20 助力好友结果: 不能助力自己
Jun 14 18:35:20 开始助力京东账号1 - 455979050-14287437的好友: MTAxODc2NTEzOTAwMDAwMDAyMTgwOTY2OQ==
Jun 14 18:35:20 随机取助力码放到您固定的互助码后面(不影响已有固定互助)
Jun 14 18:35:20 第2个京东账号将要助力的好友["","MTEyMTY4MjgwMDAwMDAwNDk2NDc0MjU=","MTE1NDAxNzYwMDAwMDAwMzg2Njk3MzU=","MTAxODc2NTEzOTAwMDAwMDAyMTgwOTY2OQ==","MTAxODc2NTEzOTAwMDAwMDAyMjUyNjQ5Nw==","MTE1NDAxNzcwMDAwMDAwMzg2Njk1OTc="]
Jun 14 18:35:23 助力好友结果: 已经助过力
Jun 14 18:35:23 开始助力京东账号1 - 455979050-14287437的好友: MTE1NDAxNzYwMDAwMDAwMzg2Njk3MzU=
Jun 14 18:35:23 开始助力京东账号2 - jd_7a84de20543eb的好友: 
Jun 14 18:35:23 开始助力京东账号2 - jd_7a84de20543eb的好友: MTEyMTY4MjgwMDAwMDAwNDk2NDc0MjU=
Jun 14 18:35:26 助力好友结果: 已经助过力
Jun 14 18:35:26 开始助力京东账号1 - 455979050-14287437的好友: MTE1NDAxNzYwMDAwMDAwMzg2Njk3MzU=
Jun 14 18:35:26 助力好友结果: 已经助过力
Jun 14 18:35:26 开始助力京东账号2 - jd_7a84de20543eb的好友: MTE1NDAxNzYwMDAwMDAwMzg2Njk3MzU=
Jun 14 18:35:29 助力好友结果: 已经助过力
Jun 14 18:35:29 开始助力京东账号1 - 455979050-14287437的好友: MTEyMTY4MjgwMDAwMDAwNDk2NDc0MjU=
Jun 14 18:35:29 助力好友结果: 已经助过力
Jun 14 18:35:29 开始助力京东账号2 - jd_7a84de20543eb的好友: MTAxODc2NTEzOTAwMDAwMDAyMTgwOTY2OQ==
Jun 14 18:35:32 助力好友结果: 已经助过力
Jun 14 18:35:32 
Jun 14 18:35:32 ==============📣系统通知📣==============
Jun 14 18:35:32 东东萌宠
Jun 14 18:35:32 【京东账号1】455979050-14287437
Jun 14 18:35:32 【提醒⏰】3层抽纸巾30包已可领取
Jun 14 18:35:32 请去京东APP或微信小程序查看
Jun 14 18:35:32 点击弹窗即达
Jun 14 18:35:32 
Jun 14 18:35:32 
Jun 14 18:35:32 您未提供server酱的SCKEY，取消微信推送消息通知🚫
Jun 14 18:35:32 
Jun 14 18:35:32 您未提供push+推送所需的PUSH_PLUS_TOKEN，取消push+推送消息通知🚫
Jun 14 18:35:32 
Jun 14 18:35:32 您未提供Bark的APP推送BARK_PUSH，取消Bark推送消息通知🚫
Jun 14 18:35:32 
Jun 14 18:35:32 您未提供telegram机器人推送所需的TG_BOT_TOKEN和TG_USER_ID，取消telegram推送消息通知🚫
Jun 14 18:35:32 
Jun 14 18:35:32 您未提供企业微信机器人推送所需的QYWX_KEY，取消企业微信推送消息通知🚫
Jun 14 18:35:32 
Jun 14 18:35:32 您未提供企业微信应用消息推送所需的QYWX_AM，取消企业微信应用消息推送消息通知🚫
Jun 14 18:35:32 
Jun 14 18:35:32 您未提供iGot的推送IGOT_PUSH_KEY，取消iGot推送消息通知🚫
Jun 14 18:35:32 
Jun 14 18:35:32 钉钉发送通知消息成功🎉。
Jun 14 18:35:32 
Jun 14 18:35:32 
Jun 14 18:35:32 开始【京东账号2】jd_7a84de20543eb
Jun 14 18:35:32 
Jun 14 18:35:32 由于您第2个京东账号未提供shareCode,将采纳本脚本自带的助力码
Jun 14 18:35:32 
Jun 14 18:35:32 助力好友结果: 已经助过力
Jun 14 18:35:32 开始助力京东账号2 - jd_7a84de20543eb的好友: MTAxODc2NTEzOTAwMDAwMDAyMjUyNjQ5Nw==
Jun 14 18:35:32 随机取助力码放到您固定的互助码后面(不影响已有固定互助)
Jun 14 18:35:32 第2个京东账号将要助力的好友["","MTEyMTY4MjgwMDAwMDAwNDk2NDc0MjU=","MTE1NDAxNzYwMDAwMDAwMzg2Njk3MzU=","MTAxODc2NTEzOTAwMDAwMDAyMTgwOTY2OQ==","MTAxODc2NTEzOTAwMDAwMDAyMjUyNjQ5Nw==","MTE1NDAxNzcwMDAwMDAwMzg2Njk1OTc="]
Jun 14 18:35:33 随机取助力码放到您固定的互助码后面(不影响已有固定互助)
Jun 14 18:35:35 助力好友结果: 已经助过力
Jun 14 18:35:35 开始助力京东账号2 - jd_7a84de20543eb的好友: MTE1NDAxNzcwMDAwMDAwMzg2Njk1OTc=
Jun 14 18:35:35 开始助力京东账号2 - jd_7a84de20543eb的好友: 
Jun 14 18:35:35 开始助力京东账号2 - jd_7a84de20543eb的好友: MTEyMTY4MjgwMDAwMDAwNDk2NDc0MjU=
Jun 14 18:35:38 助力好友结果: 已经助过力
Jun 14 18:35:38 东东萌宠
Jun 14 18:35:38 
Jun 14 18:35:38 【提示】京东账号2jd_7a84de20543eb
Jun 14 18:35:38 萌宠活动未开启
Jun 14 18:35:38 请手动去京东APP开启活动
Jun 14 18:35:38 入口：我的->游戏与互动->查看更多开启
Jun 14 18:35:38 
Jun 14 18:35:38 🔔东东萌宠, 结束! 🕛 37.807 秒
Jun 14 18:35:38 
Jun 14 18:35:38 助力好友结果: 已经助过力
Jun 14 18:35:38 开始助力京东账号2 - jd_7a84de20543eb的好友: MTE1NDAxNzYwMDAwMDAwMzg2Njk3MzU=
Jun 14 18:35:41 助力好友结果: 已经助过力
Jun 14 18:35:41 开始助力京东账号2 - jd_7a84de20543eb的好友: MTAxODc2NTEzOTAwMDAwMDAyMTgwOTY2OQ==
Jun 14 18:35:44 助力好友结果: 已经助过力
Jun 14 18:35:44 开始助力京东账号2 - jd_7a84de20543eb的好友: MTAxODc2NTEzOTAwMDAwMDAyMjUyNjQ5Nw==
Jun 14 18:35:47 助力好友结果: 已经助过力
Jun 14 18:35:47 开始助力京东账号2 - jd_7a84de20543eb的好友: MTE1NDAxNzcwMDAwMDAwMzg2Njk1OTc=
Jun 14 18:35:50 助力好友结果: 已经助过力
Jun 14 18:35:50 东东萌宠
Jun 14 18:35:50 
Jun 14 18:35:50 【提示】京东账号2jd_7a84de20543eb
Jun 14 18:35:50 萌宠活动未开启
Jun 14 18:35:50 请手动去京东APP开启活动
Jun 14 18:35:50 入口：我的->游戏与互动->查看更多开启
Jun 14 18:35:50 
Jun 14 18:35:50 🔔东东萌宠, 结束! 🕛 50.099 秒
Jun 14 18:35:50 
Jun 15 00:35:00 
Jun 15 00:35:00 🔔东东萌宠, 开始!
Jun 15 00:35:00 开始获取东东萌宠配置文件
Jun 15 00:35:00 
Jun 15 00:35:00 您的cookie选择的是用&隔开
Jun 15 00:35:00 
Jun 15 00:35:00 
Jun 15 00:35:00 ====================共有2个京东账号Cookie=========
Jun 15 00:35:00 
Jun 15 00:35:00 
Jun 15 00:35:00 🔔东东萌宠, 开始!
Jun 15 00:35:00 开始获取东东萌宠配置文件
Jun 15 00:35:00 
Jun 15 00:35:00 您的cookie选择的是用&隔开
Jun 15 00:35:00 
Jun 15 00:35:00 
Jun 15 00:35:00 ====================共有2个京东账号Cookie=========
Jun 15 00:35:00 
Jun 15 00:35:00 ==================脚本执行- 北京时间(UTC+8)：6/15/2021, 12:35:00 AM=====================
Jun 15 00:35:00 
Jun 15 00:35:00 共2个京东账号
Jun 15 00:35:00 
Jun 15 00:35:00 您提供了1个账号的东东萌宠助力码
Jun 15 00:35:00 
Jun 15 00:35:00 ==================脚本执行- 北京时间(UTC+8)：6/15/2021, 12:35:00 AM=====================
Jun 15 00:35:00 
Jun 15 00:35:00 共2个京东账号
Jun 15 00:35:00 
Jun 15 00:35:00 您提供了1个账号的东东萌宠助力码
Jun 15 00:35:00 
Jun 15 00:35:00 
Jun 15 00:35:00 开始【京东账号1】455979050-14287437
Jun 15 00:35:00 
Jun 15 00:35:00 
Jun 15 00:35:00 开始【京东账号1】455979050-14287437
Jun 15 00:35:00 
Jun 15 00:35:01 随机取助力码放到您固定的互助码后面(不影响已有固定互助)
Jun 15 00:35:01 第1个京东账号将要助力的好友["MTE1NDAxNzcwMDAwMDAwMzg2Njk1OTc=","MTAxODc2NTEzOTAwMDAwMDAyMjUyNjQ5Nw==","MTAxODc2NTEzOTAwMDAwMDAyMTgwOTY2OQ==","MTE1NDAxNzYwMDAwMDAwMzg2Njk3MzU=","MTEyMTY4MjgwMDAwMDAwNDk2NDc0MjU="]
Jun 15 00:35:01 随机取助力码放到您固定的互助码后面(不影响已有固定互助)
Jun 15 00:35:01 第1个京东账号将要助力的好友["MTE1NDAxNzcwMDAwMDAwMzg2Njk1OTc=","MTAxODc2NTEzOTAwMDAwMDAyMjUyNjQ5Nw==","MTAxODc2NTEzOTAwMDAwMDAyMTgwOTY2OQ==","MTE1NDAxNzYwMDAwMDAwMzg2Njk3MzU=","MTEyMTY4MjgwMDAwMDAwNDk2NDc0MjU="]
Jun 15 00:35:04 开始助力京东账号1 - 455979050-14287437的好友: MTE1NDAxNzcwMDAwMDAwMzg2Njk1OTc=
Jun 15 00:35:04 开始助力京东账号1 - 455979050-14287437的好友: MTE1NDAxNzcwMDAwMDAwMzg2Njk1OTc=
Jun 15 00:35:07 助力好友结果: 已经助过力
Jun 15 00:35:07 开始助力京东账号1 - 455979050-14287437的好友: MTAxODc2NTEzOTAwMDAwMDAyMjUyNjQ5Nw==
Jun 15 00:35:07 已给好友: 【赛格di】助力成功
Jun 15 00:35:07 开始助力京东账号1 - 455979050-14287437的好友: MTAxODc2NTEzOTAwMDAwMDAyMjUyNjQ5Nw==
Jun 15 00:35:10 助力好友结果: 不能助力自己
Jun 15 00:35:10 开始助力京东账号1 - 455979050-14287437的好友: MTAxODc2NTEzOTAwMDAwMDAyMTgwOTY2OQ==
Jun 15 00:35:10 助力好友结果: 不能助力自己
Jun 15 00:35:10 开始助力京东账号1 - 455979050-14287437的好友: MTAxODc2NTEzOTAwMDAwMDAyMTgwOTY2OQ==
Jun 15 00:35:13 已给好友: 【京东用户】助力成功
Jun 15 00:35:13 开始助力京东账号1 - 455979050-14287437的好友: MTE1NDAxNzYwMDAwMDAwMzg2Njk3MzU=
Jun 15 00:35:13 助力好友结果: 已经助过力
Jun 15 00:35:13 开始助力京东账号1 - 455979050-14287437的好友: MTE1NDAxNzYwMDAwMDAwMzg2Njk3MzU=
Jun 15 00:35:16 助力好友结果: 操作频繁
Jun 15 00:35:16 开始助力京东账号1 - 455979050-14287437的好友: MTEyMTY4MjgwMDAwMDAwNDk2NDc0MjU=
Jun 15 00:35:16 已给好友: 【变速箱2019】助力成功
Jun 15 00:35:16 开始助力京东账号1 - 455979050-14287437的好友: MTEyMTY4MjgwMDAwMDAwNDk2NDc0MjU=
Jun 15 00:35:19 已给好友: 【了来风】助力成功
Jun 15 00:35:19 
Jun 15 00:35:19 ==============📣系统通知📣==============
Jun 15 00:35:19 东东萌宠
Jun 15 00:35:19 【京东账号1】455979050-14287437
Jun 15 00:35:19 【提醒⏰】3层抽纸巾30包已可领取
Jun 15 00:35:19 请去京东APP或微信小程序查看
Jun 15 00:35:19 点击弹窗即达
Jun 15 00:35:19 
Jun 15 00:35:19 
Jun 15 00:35:19 您未提供server酱的SCKEY，取消微信推送消息通知🚫
Jun 15 00:35:19 
Jun 15 00:35:19 您未提供push+推送所需的PUSH_PLUS_TOKEN，取消push+推送消息通知🚫
Jun 15 00:35:19 
Jun 15 00:35:19 您未提供Bark的APP推送BARK_PUSH，取消Bark推送消息通知🚫
Jun 15 00:35:19 
Jun 15 00:35:19 您未提供telegram机器人推送所需的TG_BOT_TOKEN和TG_USER_ID，取消telegram推送消息通知🚫
Jun 15 00:35:19 
Jun 15 00:35:19 您未提供企业微信机器人推送所需的QYWX_KEY，取消企业微信推送消息通知🚫
Jun 15 00:35:19 
Jun 15 00:35:19 您未提供企业微信应用消息推送所需的QYWX_AM，取消企业微信应用消息推送消息通知🚫
Jun 15 00:35:19 
Jun 15 00:35:19 您未提供iGot的推送IGOT_PUSH_KEY，取消iGot推送消息通知🚫
Jun 15 00:35:19 
Jun 15 00:35:19 助力好友结果: 已经助过力
Jun 15 00:35:19 
Jun 15 00:35:19 ==============📣系统通知📣==============
Jun 15 00:35:19 东东萌宠
Jun 15 00:35:19 【京东账号1】455979050-14287437
Jun 15 00:35:19 【提醒⏰】3层抽纸巾30包已可领取
Jun 15 00:35:19 请去京东APP或微信小程序查看
Jun 15 00:35:19 点击弹窗即达
Jun 15 00:35:19 
Jun 15 00:35:19 
Jun 15 00:35:19 您未提供server酱的SCKEY，取消微信推送消息通知🚫
Jun 15 00:35:19 
Jun 15 00:35:19 您未提供push+推送所需的PUSH_PLUS_TOKEN，取消push+推送消息通知🚫
Jun 15 00:35:19 
Jun 15 00:35:19 您未提供Bark的APP推送BARK_PUSH，取消Bark推送消息通知🚫
Jun 15 00:35:19 
Jun 15 00:35:19 您未提供telegram机器人推送所需的TG_BOT_TOKEN和TG_USER_ID，取消telegram推送消息通知🚫
Jun 15 00:35:19 
Jun 15 00:35:19 您未提供企业微信机器人推送所需的QYWX_KEY，取消企业微信推送消息通知🚫
Jun 15 00:35:19 
Jun 15 00:35:19 您未提供企业微信应用消息推送所需的QYWX_AM，取消企业微信应用消息推送消息通知🚫
Jun 15 00:35:19 
Jun 15 00:35:19 您未提供iGot的推送IGOT_PUSH_KEY，取消iGot推送消息通知🚫
Jun 15 00:35:19 
Jun 15 00:35:19 钉钉发送通知消息成功🎉。
Jun 15 00:35:19 
Jun 15 00:35:19 钉钉发送通知消息成功🎉。
Jun 15 00:35:19 
Jun 15 00:35:19 
Jun 15 00:35:19 开始【京东账号2】jd_7a84de20543eb
Jun 15 00:35:19 
Jun 15 00:35:19 由于您第2个京东账号未提供shareCode,将采纳本脚本自带的助力码
Jun 15 00:35:19 
Jun 15 00:35:19 
Jun 15 00:35:19 开始【京东账号2】jd_7a84de20543eb
Jun 15 00:35:19 
Jun 15 00:35:19 由于您第2个京东账号未提供shareCode,将采纳本脚本自带的助力码
Jun 15 00:35:19 
Jun 15 00:35:20 随机取助力码放到您固定的互助码后面(不影响已有固定互助)
Jun 15 00:35:20 第2个京东账号将要助力的好友["","MTEyMTY4MjgwMDAwMDAwNDk2NDc0MjU=","MTE1NDAxNzYwMDAwMDAwMzg2Njk3MzU=","MTAxODc2NTEzOTAwMDAwMDAyMTgwOTY2OQ==","MTAxODc2NTEzOTAwMDAwMDAyMjUyNjQ5Nw==","MTE1NDAxNzcwMDAwMDAwMzg2Njk1OTc="]
Jun 15 00:35:20 随机取助力码放到您固定的互助码后面(不影响已有固定互助)
Jun 15 00:35:20 第2个京东账号将要助力的好友["","MTEyMTY4MjgwMDAwMDAwNDk2NDc0MjU=","MTE1NDAxNzYwMDAwMDAwMzg2Njk3MzU=","MTAxODc2NTEzOTAwMDAwMDAyMTgwOTY2OQ==","MTAxODc2NTEzOTAwMDAwMDAyMjUyNjQ5Nw==","MTE1NDAxNzcwMDAwMDAwMzg2Njk1OTc="]
Jun 15 00:35:23 开始助力京东账号2 - jd_7a84de20543eb的好友: 
Jun 15 00:35:23 开始助力京东账号2 - jd_7a84de20543eb的好友: MTEyMTY4MjgwMDAwMDAwNDk2NDc0MjU=
Jun 15 00:35:23 开始助力京东账号2 - jd_7a84de20543eb的好友: 
Jun 15 00:35:23 开始助力京东账号2 - jd_7a84de20543eb的好友: MTEyMTY4MjgwMDAwMDAwNDk2NDc0MjU=
Jun 15 00:35:26 已给好友: 【了来风】助力成功
Jun 15 00:35:26 开始助力京东账号2 - jd_7a84de20543eb的好友: MTE1NDAxNzYwMDAwMDAwMzg2Njk3MzU=
Jun 15 00:35:26 助力好友结果: 已经助过力
Jun 15 00:35:26 开始助力京东账号2 - jd_7a84de20543eb的好友: MTE1NDAxNzYwMDAwMDAwMzg2Njk3MzU=
Jun 15 00:35:29 已给好友: 【变速箱2019】助力成功
Jun 15 00:35:29 开始助力京东账号2 - jd_7a84de20543eb的好友: MTAxODc2NTEzOTAwMDAwMDAyMTgwOTY2OQ==
Jun 15 00:35:29 助力好友结果: 已经助过力
Jun 15 00:35:29 开始助力京东账号2 - jd_7a84de20543eb的好友: MTAxODc2NTEzOTAwMDAwMDAyMTgwOTY2OQ==
Jun 15 00:35:32 已给好友: 【京东用户】助力成功
Jun 15 00:35:32 开始助力京东账号2 - jd_7a84de20543eb的好友: MTAxODc2NTEzOTAwMDAwMDAyMjUyNjQ5Nw==
Jun 15 00:35:32 助力好友结果: 已经助过力
Jun 15 00:35:32 开始助力京东账号2 - jd_7a84de20543eb的好友: MTAxODc2NTEzOTAwMDAwMDAyMjUyNjQ5Nw==
Jun 15 00:35:35 已给好友: 【@　　　　　　　】助力成功
Jun 15 00:35:35 开始助力京东账号2 - jd_7a84de20543eb的好友: MTE1NDAxNzcwMDAwMDAwMzg2Njk1OTc=
Jun 15 00:35:35 助力好友结果: 已经助过力
Jun 15 00:35:35 开始助力京东账号2 - jd_7a84de20543eb的好友: MTE1NDAxNzcwMDAwMDAwMzg2Njk1OTc=
Jun 15 00:35:38 已给好友: 【赛格di】助力成功
Jun 15 00:35:38 东东萌宠
Jun 15 00:35:38 
Jun 15 00:35:38 【提示】京东账号2jd_7a84de20543eb
Jun 15 00:35:38 萌宠活动未开启
Jun 15 00:35:38 请手动去京东APP开启活动
Jun 15 00:35:38 入口：我的->游戏与互动->查看更多开启
Jun 15 00:35:38 
Jun 15 00:35:38 🔔东东萌宠, 结束! 🕛 38.018 秒
Jun 15 00:35:38 
Jun 15 00:35:38 助力好友结果: 已经助过力
Jun 15 00:35:38 东东萌宠
Jun 15 00:35:38 
Jun 15 00:35:38 【提示】京东账号2jd_7a84de20543eb
Jun 15 00:35:38 萌宠活动未开启
Jun 15 00:35:38 请手动去京东APP开启活动
Jun 15 00:35:38 入口：我的->游戏与互动->查看更多开启
Jun 15 00:35:38 
Jun 15 00:35:38 🔔东东萌宠, 结束! 🕛 38.263 秒
Jun 15 00:35:38 
Jun 15 06:35:01 
Jun 15 06:35:01 🔔东东萌宠, 开始!
Jun 15 06:35:01 开始获取东东萌宠配置文件
Jun 15 06:35:01 
Jun 15 06:35:01 您的cookie选择的是用&隔开
Jun 15 06:35:01 
Jun 15 06:35:01 
Jun 15 06:35:01 ====================共有2个京东账号Cookie=========
Jun 15 06:35:01 
Jun 15 06:35:01 
Jun 15 06:35:01 🔔东东萌宠, 开始!
Jun 15 06:35:01 开始获取东东萌宠配置文件
Jun 15 06:35:01 
Jun 15 06:35:01 您的cookie选择的是用&隔开
Jun 15 06:35:01 
Jun 15 06:35:01 
Jun 15 06:35:01 ====================共有2个京东账号Cookie=========
Jun 15 06:35:01 
Jun 15 06:35:01 ==================脚本执行- 北京时间(UTC+8)：6/15/2021, 6:35:01 AM=====================
Jun 15 06:35:01 
Jun 15 06:35:01 您的东东萌宠互助码选择的是用&隔开
Jun 15 06:35:01 
Jun 15 06:35:01 共2个京东账号
Jun 15 06:35:01 
Jun 15 06:35:01 您提供了2个账号的东东萌宠助力码
Jun 15 06:35:01 
Jun 15 06:35:01 ==================脚本执行- 北京时间(UTC+8)：6/15/2021, 6:35:01 AM=====================
Jun 15 06:35:01 
Jun 15 06:35:01 您的东东萌宠互助码选择的是用&隔开
Jun 15 06:35:01 
Jun 15 06:35:01 共2个京东账号
Jun 15 06:35:01 
Jun 15 06:35:01 您提供了2个账号的东东萌宠助力码
Jun 15 06:35:01 
Jun 15 06:35:01 
Jun 15 06:35:01 开始【京东账号1】455979050-14287437
Jun 15 06:35:01 
Jun 15 06:35:01 
Jun 15 06:35:01 开始【京东账号1】455979050-14287437
Jun 15 06:35:01 
Jun 15 06:35:01 随机取助力码放到您固定的互助码后面(不影响已有固定互助)
Jun 15 06:35:01 第1个京东账号将要助力的好友["MTAxODc2NTEzOTAwMDAwMDAyMjUyNjQ5Nw==","MTEyMTY4MjgwMDAwMDAwNDk2NDc0MjU=","MTE1NDAxNzYwMDAwMDAwMzg2Njk3MzU=","MTAxODc2NTEzOTAwMDAwMDAyMTgwOTY2OQ==","MTE1NDAxNzcwMDAwMDAwMzg2Njk1OTc="]
Jun 15 06:35:04 开始助力京东账号1 - 455979050-14287437的好友: MTAxODc2NTEzOTAwMDAwMDAyMjUyNjQ5Nw==
Jun 15 06:35:07 助力好友结果: 不能助力自己
Jun 15 06:35:07 开始助力京东账号1 - 455979050-14287437的好友: MTEyMTY4MjgwMDAwMDAwNDk2NDc0MjU=
Jun 15 06:35:10 助力好友结果: 已经助过力
Jun 15 06:35:10 开始助力京东账号1 - 455979050-14287437的好友: MTE1NDAxNzYwMDAwMDAwMzg2Njk3MzU=
Jun 15 06:35:11 第1个京东账号将要助力的好友["MTAxODc2NTEzOTAwMDAwMDAyMjUyNjQ5Nw==","MTAxODc2NTEzOTAwMDAwMDAyMjUyNjQ5Nw=="]
Jun 15 06:35:13 助力好友结果: 已经助过力
Jun 15 06:35:13 开始助力京东账号1 - 455979050-14287437的好友: MTAxODc2NTEzOTAwMDAwMDAyMTgwOTY2OQ==
Jun 15 06:35:14 开始助力京东账号1 - 455979050-14287437的好友: MTAxODc2NTEzOTAwMDAwMDAyMjUyNjQ5Nw==
Jun 15 06:35:16 助力好友结果: 已经助过力
Jun 15 06:35:16 开始助力京东账号1 - 455979050-14287437的好友: MTE1NDAxNzcwMDAwMDAwMzg2Njk1OTc=
Jun 15 06:35:17 助力好友结果: 不能助力自己
Jun 15 06:35:17 开始助力京东账号1 - 455979050-14287437的好友: MTAxODc2NTEzOTAwMDAwMDAyMjUyNjQ5Nw==
Jun 15 06:35:19 助力好友结果: 已经助过力
Jun 15 06:35:19 
Jun 15 06:35:19 ==============📣系统通知📣==============
Jun 15 06:35:19 东东萌宠
Jun 15 06:35:19 【京东账号1】455979050-14287437
Jun 15 06:35:19 【提醒⏰】3层抽纸巾30包已可领取
Jun 15 06:35:19 请去京东APP或微信小程序查看
Jun 15 06:35:19 点击弹窗即达
Jun 15 06:35:19 
Jun 15 06:35:19 
Jun 15 06:35:19 您未提供server酱的SCKEY，取消微信推送消息通知🚫
Jun 15 06:35:19 
Jun 15 06:35:19 您未提供push+推送所需的PUSH_PLUS_TOKEN，取消push+推送消息通知🚫
Jun 15 06:35:19 
Jun 15 06:35:19 您未提供Bark的APP推送BARK_PUSH，取消Bark推送消息通知🚫
Jun 15 06:35:19 
Jun 15 06:35:19 您未提供telegram机器人推送所需的TG_BOT_TOKEN和TG_USER_ID，取消telegram推送消息通知🚫
Jun 15 06:35:19 
Jun 15 06:35:19 您未提供企业微信机器人推送所需的QYWX_KEY，取消企业微信推送消息通知🚫
Jun 15 06:35:19 
Jun 15 06:35:19 您未提供企业微信应用消息推送所需的QYWX_AM，取消企业微信应用消息推送消息通知🚫
Jun 15 06:35:19 
Jun 15 06:35:19 您未提供iGot的推送IGOT_PUSH_KEY，取消iGot推送消息通知🚫
Jun 15 06:35:19 
Jun 15 06:35:19 钉钉发送通知消息成功🎉。
Jun 15 06:35:19 
Jun 15 06:35:19 
Jun 15 06:35:19 开始【京东账号2】jd_7a84de20543eb
Jun 15 06:35:19 
Jun 15 06:35:20 助力好友结果: 不能助力自己
Jun 15 06:35:20 
Jun 15 06:35:20 ==============📣系统通知📣==============
Jun 15 06:35:20 东东萌宠
Jun 15 06:35:20 【京东账号1】455979050-14287437
Jun 15 06:35:20 【提醒⏰】3层抽纸巾30包已可领取
Jun 15 06:35:20 请去京东APP或微信小程序查看
Jun 15 06:35:20 点击弹窗即达
Jun 15 06:35:20 
Jun 15 06:35:20 
Jun 15 06:35:20 您未提供server酱的SCKEY，取消微信推送消息通知🚫
Jun 15 06:35:20 
Jun 15 06:35:20 您未提供push+推送所需的PUSH_PLUS_TOKEN，取消push+推送消息通知🚫
Jun 15 06:35:20 
Jun 15 06:35:20 您未提供Bark的APP推送BARK_PUSH，取消Bark推送消息通知🚫
Jun 15 06:35:20 
Jun 15 06:35:20 您未提供telegram机器人推送所需的TG_BOT_TOKEN和TG_USER_ID，取消telegram推送消息通知🚫
Jun 15 06:35:20 
Jun 15 06:35:20 您未提供企业微信机器人推送所需的QYWX_KEY，取消企业微信推送消息通知🚫
Jun 15 06:35:20 
Jun 15 06:35:20 您未提供企业微信应用消息推送所需的QYWX_AM，取消企业微信应用消息推送消息通知🚫
Jun 15 06:35:20 
Jun 15 06:35:20 您未提供iGot的推送IGOT_PUSH_KEY，取消iGot推送消息通知🚫
Jun 15 06:35:20 
Jun 15 06:35:20 钉钉发送通知消息成功🎉。
Jun 15 06:35:20 
Jun 15 06:35:20 
Jun 15 06:35:20 开始【京东账号2】jd_7a84de20543eb
Jun 15 06:35:20 
Jun 15 06:35:29 第2个京东账号将要助力的好友["MTAxODc2NTEzOTAwMDAwMDAyMjUyNjQ5Nw==","MTAxODc2NTEzOTAwMDAwMDAyMjUyNjQ5Nw=="]
Jun 15 06:35:30 第2个京东账号将要助力的好友["MTAxODc2NTEzOTAwMDAwMDAyMjUyNjQ5Nw==","MTAxODc2NTEzOTAwMDAwMDAyMjUyNjQ5Nw=="]
Jun 15 06:35:32 开始助力京东账号2 - jd_7a84de20543eb的好友: MTAxODc2NTEzOTAwMDAwMDAyMjUyNjQ5Nw==
Jun 15 06:35:33 开始助力京东账号2 - jd_7a84de20543eb的好友: MTAxODc2NTEzOTAwMDAwMDAyMjUyNjQ5Nw==
Jun 15 06:35:36 助力好友结果: 已经助过力
Jun 15 06:35:36 开始助力京东账号2 - jd_7a84de20543eb的好友: MTAxODc2NTEzOTAwMDAwMDAyMjUyNjQ5Nw==
Jun 15 06:35:36 助力好友结果: 已经助过力
Jun 15 06:35:36 开始助力京东账号2 - jd_7a84de20543eb的好友: MTAxODc2NTEzOTAwMDAwMDAyMjUyNjQ5Nw==
Jun 15 06:35:39 助力好友结果: 已经助过力
Jun 15 06:35:39 东东萌宠
Jun 15 06:35:39 
Jun 15 06:35:39 【提示】京东账号2jd_7a84de20543eb
Jun 15 06:35:39 萌宠活动未开启
Jun 15 06:35:39 请手动去京东APP开启活动
Jun 15 06:35:39 入口：我的->游戏与互动->查看更多开启
Jun 15 06:35:39 
Jun 15 06:35:39 🔔东东萌宠, 结束! 🕛 37.939 秒
Jun 15 06:35:39 
Jun 15 06:35:39 助力好友结果: 已经助过力
Jun 15 06:35:39 东东萌宠
Jun 15 06:35:39 
Jun 15 06:35:39 【提示】京东账号2jd_7a84de20543eb
Jun 15 06:35:39 萌宠活动未开启
Jun 15 06:35:39 请手动去京东APP开启活动
Jun 15 06:35:39 入口：我的->游戏与互动->查看更多开启
Jun 15 06:35:39 
Jun 15 06:35:39 🔔东东萌宠, 结束! 🕛 38.577 秒
Jun 15 06:35:39 
Jun 15 06:39:19 随机取助力码放到您固定的互助码后面(不影响已有固定互助)
Jun 15 06:39:37 随机取助力码放到您固定的互助码后面(不影响已有固定互助)
Jun 15 06:40:10 随机取助力码放到您固定的互助码后面(不影响已有固定互助)
Jun 15 12:35:00 
Jun 15 12:35:00 🔔东东萌宠, 开始!
Jun 15 12:35:00 开始获取东东萌宠配置文件
Jun 15 12:35:00 
Jun 15 12:35:00 您的cookie选择的是用&隔开
Jun 15 12:35:00 
Jun 15 12:35:00 
Jun 15 12:35:00 ====================共有2个京东账号Cookie=========
Jun 15 12:35:00 
Jun 15 12:35:00 
Jun 15 12:35:00 🔔东东萌宠, 开始!
Jun 15 12:35:00 开始获取东东萌宠配置文件
Jun 15 12:35:00 
Jun 15 12:35:00 您的cookie选择的是用&隔开
Jun 15 12:35:00 
Jun 15 12:35:00 
Jun 15 12:35:00 ====================共有2个京东账号Cookie=========
Jun 15 12:35:00 
Jun 15 12:35:00 ==================脚本执行- 北京时间(UTC+8)：6/15/2021, 12:35:00 PM=====================
Jun 15 12:35:00 
Jun 15 12:35:00 您的东东萌宠互助码选择的是用&隔开
Jun 15 12:35:00 
Jun 15 12:35:00 共2个京东账号
Jun 15 12:35:00 
Jun 15 12:35:00 您提供了2个账号的东东萌宠助力码
Jun 15 12:35:00 
Jun 15 12:35:00 ==================脚本执行- 北京时间(UTC+8)：6/15/2021, 12:35:00 PM=====================
Jun 15 12:35:00 
Jun 15 12:35:00 您的东东萌宠互助码选择的是用&隔开
Jun 15 12:35:00 
Jun 15 12:35:00 共2个京东账号
Jun 15 12:35:00 
Jun 15 12:35:00 您提供了2个账号的东东萌宠助力码
Jun 15 12:35:00 
Jun 15 12:35:00 
Jun 15 12:35:00 开始【京东账号1】455979050-14287437
Jun 15 12:35:00 
Jun 15 12:35:00 
Jun 15 12:35:00 开始【京东账号1】455979050-14287437
Jun 15 12:35:00 
Jun 15 12:35:01 随机取助力码放到您固定的互助码后面(不影响已有固定互助)
Jun 15 12:35:01 第1个京东账号将要助力的好友["MTAxODc2NTEzOTAwMDAwMDAyMjUyNjQ5Nw==","MTEyMTY4MjgwMDAwMDAwNDk2NDc0MjU=","MTE1NDAxNzYwMDAwMDAwMzg2Njk3MzU=","MTAxODc2NTEzOTAwMDAwMDAyMTgwOTY2OQ==","MTE1NDAxNzcwMDAwMDAwMzg2Njk1OTc="]
Jun 15 12:35:04 开始助力京东账号1 - 455979050-14287437的好友: MTAxODc2NTEzOTAwMDAwMDAyMjUyNjQ5Nw==
Jun 15 12:35:07 助力好友结果: 不能助力自己
Jun 15 12:35:07 开始助力京东账号1 - 455979050-14287437的好友: MTEyMTY4MjgwMDAwMDAwNDk2NDc0MjU=
Jun 15 12:35:10 助力好友结果: 已经助过力
Jun 15 12:35:10 开始助力京东账号1 - 455979050-14287437的好友: MTE1NDAxNzYwMDAwMDAwMzg2Njk3MzU=
Jun 15 12:35:10 第1个京东账号将要助力的好友["MTAxODc2NTEzOTAwMDAwMDAyMjUyNjQ5Nw=="]
Jun 15 12:35:13 助力好友结果: 已经助过力
Jun 15 12:35:13 开始助力京东账号1 - 455979050-14287437的好友: MTAxODc2NTEzOTAwMDAwMDAyMTgwOTY2OQ==
Jun 15 12:35:13 开始助力京东账号1 - 455979050-14287437的好友: MTAxODc2NTEzOTAwMDAwMDAyMjUyNjQ5Nw==
Jun 15 12:35:16 助力好友结果: 已经助过力
Jun 15 12:35:16 开始助力京东账号1 - 455979050-14287437的好友: MTE1NDAxNzcwMDAwMDAwMzg2Njk1OTc=
Jun 15 12:35:16 助力好友结果: 不能助力自己
Jun 15 12:35:16 
Jun 15 12:35:16 ==============📣系统通知📣==============
Jun 15 12:35:16 东东萌宠
Jun 15 12:35:16 【京东账号1】455979050-14287437
Jun 15 12:35:16 【提醒⏰】3层抽纸巾30包已可领取
Jun 15 12:35:16 请去京东APP或微信小程序查看
Jun 15 12:35:16 点击弹窗即达
Jun 15 12:35:16 
Jun 15 12:35:16 
Jun 15 12:35:16 您未提供server酱的SCKEY，取消微信推送消息通知🚫
Jun 15 12:35:16 
Jun 15 12:35:16 您未提供push+推送所需的PUSH_PLUS_TOKEN，取消push+推送消息通知🚫
Jun 15 12:35:16 
Jun 15 12:35:16 您未提供Bark的APP推送BARK_PUSH，取消Bark推送消息通知🚫
Jun 15 12:35:16 
Jun 15 12:35:16 您未提供telegram机器人推送所需的TG_BOT_TOKEN和TG_USER_ID，取消telegram推送消息通知🚫
Jun 15 12:35:16 
Jun 15 12:35:16 您未提供企业微信机器人推送所需的QYWX_KEY，取消企业微信推送消息通知🚫
Jun 15 12:35:16 
Jun 15 12:35:16 您未提供企业微信应用消息推送所需的QYWX_AM，取消企业微信应用消息推送消息通知🚫
Jun 15 12:35:16 
Jun 15 12:35:16 您未提供iGot的推送IGOT_PUSH_KEY，取消iGot推送消息通知🚫
Jun 15 12:35:16 
Jun 15 12:35:16 钉钉发送通知消息成功🎉。
Jun 15 12:35:16 
Jun 15 12:35:16 
Jun 15 12:35:16 开始【京东账号2】jd_7a84de20543eb
Jun 15 12:35:16 
Jun 15 12:35:19 助力好友结果: 已经助过力
Jun 15 12:35:19 
Jun 15 12:35:19 ==============📣系统通知📣==============
Jun 15 12:35:19 东东萌宠
Jun 15 12:35:19 【京东账号1】455979050-14287437
Jun 15 12:35:19 【提醒⏰】3层抽纸巾30包已可领取
Jun 15 12:35:19 请去京东APP或微信小程序查看
Jun 15 12:35:19 点击弹窗即达
Jun 15 12:35:19 
Jun 15 12:35:19 
Jun 15 12:35:19 您未提供server酱的SCKEY，取消微信推送消息通知🚫
Jun 15 12:35:19 
Jun 15 12:35:19 您未提供push+推送所需的PUSH_PLUS_TOKEN，取消push+推送消息通知🚫
Jun 15 12:35:19 
Jun 15 12:35:19 您未提供Bark的APP推送BARK_PUSH，取消Bark推送消息通知🚫
Jun 15 12:35:19 
Jun 15 12:35:19 您未提供telegram机器人推送所需的TG_BOT_TOKEN和TG_USER_ID，取消telegram推送消息通知🚫
Jun 15 12:35:19 
Jun 15 12:35:19 您未提供企业微信机器人推送所需的QYWX_KEY，取消企业微信推送消息通知🚫
Jun 15 12:35:19 
Jun 15 12:35:19 您未提供企业微信应用消息推送所需的QYWX_AM，取消企业微信应用消息推送消息通知🚫
Jun 15 12:35:19 
Jun 15 12:35:19 您未提供iGot的推送IGOT_PUSH_KEY，取消iGot推送消息通知🚫
Jun 15 12:35:19 
Jun 15 12:35:19 钉钉发送通知消息成功🎉。
Jun 15 12:35:19 
Jun 15 12:35:19 
Jun 15 12:35:19 开始【京东账号2】jd_7a84de20543eb
Jun 15 12:35:19 
Jun 15 12:35:20 随机取助力码放到您固定的互助码后面(不影响已有固定互助)
Jun 15 12:35:20 第2个京东账号将要助力的好友["MTAxODc2NTEzOTAwMDAwMDAyMjUyNjQ5Nw==","MTEyMTY4MjgwMDAwMDAwNDk2NDc0MjU=","MTE1NDAxNzYwMDAwMDAwMzg2Njk3MzU=","MTAxODc2NTEzOTAwMDAwMDAyMTgwOTY2OQ==","MTE1NDAxNzcwMDAwMDAwMzg2Njk1OTc="]
Jun 15 12:35:23 开始助力京东账号2 - jd_7a84de20543eb的好友: MTAxODc2NTEzOTAwMDAwMDAyMjUyNjQ5Nw==
Jun 15 12:35:26 第2个京东账号将要助力的好友["MTAxODc2NTEzOTAwMDAwMDAyMjUyNjQ5Nw=="]
Jun 15 12:35:26 助力好友结果: 已经助过力
Jun 15 12:35:26 开始助力京东账号2 - jd_7a84de20543eb的好友: MTEyMTY4MjgwMDAwMDAwNDk2NDc0MjU=
Jun 15 12:35:29 开始助力京东账号2 - jd_7a84de20543eb的好友: MTAxODc2NTEzOTAwMDAwMDAyMjUyNjQ5Nw==
Jun 15 12:35:30 助力好友结果: 已经助过力
Jun 15 12:35:30 开始助力京东账号2 - jd_7a84de20543eb的好友: MTE1NDAxNzYwMDAwMDAwMzg2Njk3MzU=
Jun 15 12:35:32 助力好友结果: 已经助过力
Jun 15 12:35:32 东东萌宠
Jun 15 12:35:32 
Jun 15 12:35:32 【提示】京东账号2jd_7a84de20543eb
Jun 15 12:35:32 萌宠活动未开启
Jun 15 12:35:32 请手动去京东APP开启活动
Jun 15 12:35:32 入口：我的->游戏与互动->查看更多开启
Jun 15 12:35:32 
Jun 15 12:35:32 🔔东东萌宠, 结束! 🕛 32.514 秒
Jun 15 12:35:32 
Jun 15 12:35:33 助力好友结果: 已经助过力
Jun 15 12:35:33 开始助力京东账号2 - jd_7a84de20543eb的好友: MTAxODc2NTEzOTAwMDAwMDAyMTgwOTY2OQ==
Jun 15 12:35:36 助力好友结果: 已经助过力
Jun 15 12:35:36 开始助力京东账号2 - jd_7a84de20543eb的好友: MTE1NDAxNzcwMDAwMDAwMzg2Njk1OTc=
Jun 15 12:35:39 助力好友结果: 已经助过力
Jun 15 12:35:39 东东萌宠
Jun 15 12:35:39 
Jun 15 12:35:39 【提示】京东账号2jd_7a84de20543eb
Jun 15 12:35:39 萌宠活动未开启
Jun 15 12:35:39 请手动去京东APP开启活动
Jun 15 12:35:39 入口：我的->游戏与互动->查看更多开启
Jun 15 12:35:39 
Jun 15 12:35:39 🔔东东萌宠, 结束! 🕛 38.774 秒
Jun 15 12:35:39 
Jun 15 12:39:37 随机取助力码放到您固定的互助码后面(不影响已有固定互助)
Jun 15 12:39:52 随机取助力码放到您固定的互助码后面(不影响已有固定互助)
