Jun 14 00:41:00 
Jun 14 00:41:00 🔔京东保价, 开始!
Jun 14 00:41:00 
Jun 14 00:41:00 🔔京东保价, 开始!
Jun 14 00:41:00 您的cookie选择的是用&隔开
Jun 14 00:41:00 
Jun 14 00:41:00 
Jun 14 00:41:00 ====================共有2个京东账号Cookie=========
Jun 14 00:41:00 
Jun 14 00:41:00 您的cookie选择的是用&隔开
Jun 14 00:41:00 
Jun 14 00:41:00 
Jun 14 00:41:00 ====================共有2个京东账号Cookie=========
Jun 14 00:41:00 
Jun 14 00:41:00 ==================脚本执行- 北京时间(UTC+8)：6/14/2021, 12:41:00 AM=====================
Jun 14 00:41:00 
Jun 14 00:41:00 ==================脚本执行- 北京时间(UTC+8)：6/14/2021, 12:41:00 AM=====================
Jun 14 00:41:00 
Jun 14 00:41:00 
Jun 14 00:41:00 ***********开始【账号1】455979050-14287437********
Jun 14 00:41:00 
Jun 14 00:41:00 💥 获得首页面，解析超参数
Jun 14 00:41:00 
Jun 14 00:41:00 ***********开始【账号1】455979050-14287437********
Jun 14 00:41:00 
Jun 14 00:41:00 💥 获得首页面，解析超参数
Jun 14 00:41:00 ----------
Jun 14 00:41:00 🧾 获取所有价格保护列表，排除附件商品
Jun 14 00:41:00 ----------
Jun 14 00:41:00 🧾 获取所有价格保护列表，排除附件商品
Jun 14 00:41:00 ----------
Jun 14 00:41:00 🗑 删除不符合订单
Jun 14 00:41:00 ----------
Jun 14 00:41:00 ----------
Jun 14 00:41:00 🗑 删除不符合订单
Jun 14 00:41:00 ----------
Jun 14 00:41:00 🚫 删除商品：🛒纪诗哲GIEVSZHE品牌情侣🛒
Jun 14 00:41:00 🚫 删除商品：🛒【顺丰快递】山东烟台栖霞红富士🛒
Jun 14 00:41:00 🚫 删除商品：🛒SAKURA ST日本进口护肤🛒
Jun 14 00:41:00 🚫 删除商品：🛒【京喜工厂】佳洁士天然多效牙膏🛒
Jun 14 00:41:00 🚫 删除商品：🛒破损包赔1🛒
Jun 14 00:41:00 🚫 删除商品：🛒【二手9成新】苹果8Plus 🛒
Jun 14 00:41:00 🚫 删除商品：🛒正品保证1🛒
Jun 14 00:41:00 🚫 删除商品：🛒纪诗哲GIEVSZHE品牌情侣🛒
Jun 14 00:41:00 🚫 删除商品：🛒【顺丰快递】山东烟台栖霞红富士🛒
Jun 14 00:41:00 🚫 删除商品：🛒优先发货1🛒
Jun 14 00:41:00 🚫 删除商品：🛒SAKURA ST日本进口护肤🛒
Jun 14 00:41:00 🚫 删除商品：🛒湖北巴东橙子果园直发现摘现发甜🛒
Jun 14 00:41:00 🚫 删除商品：🛒湖北巴东橙子果园直发现摘现发甜🛒
Jun 14 00:41:00 🚫 删除商品：🛒【京喜工厂】佳洁士天然多效牙膏🛒
Jun 14 00:41:00 🚫 删除商品：🛒杰士邦 避孕套 安全套 ZER🛒
Jun 14 00:41:00 🚫 删除商品：🛒优先发货1🛒
Jun 14 00:41:00 🚫 删除商品：🛒杰士邦 避孕套 安全套 ZER🛒
Jun 14 00:41:00 🚫 删除商品：🛒破损包赔1🛒
Jun 14 00:41:00 🚫 删除商品：🛒蒙牛 特仑苏 纯牛奶 品质牛奶🛒
Jun 14 00:41:00 🚫 删除商品：🛒【二手9成新】苹果8Plus 🛒
Jun 14 00:41:00 🚫 删除商品：🛒正品保证1🛒
Jun 14 00:41:00 🚫 删除商品：🛒杰士邦避孕套安全套超薄凸点3D🛒
Jun 14 00:41:00 🚫 删除商品：🛒杰士邦 避孕套 安全套 ZER🛒
Jun 14 00:41:00 🚫 删除商品：🛒木丁丁 笔记本散热器 游戏本底🛒
Jun 14 00:41:00 🚫 删除商品：🛒杰士邦 避孕套 安全套 ZER🛒
Jun 14 00:41:00 🚫 删除商品：🛒清氛壳聚糖创护凝胶疤痕护理剖腹🛒
Jun 14 00:41:00 🚫 删除商品：🛒杰士邦避孕套安全套超薄凸点3D🛒
Jun 14 00:41:00 🚫 删除商品：🛒木丁丁 笔记本散热器 游戏本底🛒
Jun 14 00:41:00 🚫 删除商品：🛒蒙牛 特仑苏 纯牛奶 品质牛奶🛒
Jun 14 00:41:00 🚫 删除商品：🛒讲给孩子的故宫：书法之美🛒
Jun 14 00:41:00 🚫 删除商品：🛒绿联（UGREEN）六类CAT🛒
Jun 14 00:41:00 🚫 删除商品：🛒绿联（UGREEN）六类CAT🛒
Jun 14 00:41:00 🚫 删除商品：🛒亚太森博（Asia Symbo🛒
Jun 14 00:41:00 ----------
Jun 14 00:41:00 📊 6个商品即将申请价格保护！
Jun 14 00:41:00 ----------
Jun 14 00:41:00 🈸 🛒印自然（姚记优品 ) 沐浴露滋🛒
Jun 14 00:41:00 🚫 删除商品：🛒亚太森博（Asia Symbo🛒
Jun 14 00:41:00 🚫 删除商品：🛒清氛壳聚糖创护凝胶疤痕护理剖腹🛒
Jun 14 00:41:00 🚫 删除商品：🛒讲给孩子的故宫：书法之美🛒
Jun 14 00:41:00 ----------
Jun 14 00:41:00 📊 6个商品即将申请价格保护！
Jun 14 00:41:00 ----------
Jun 14 00:41:00 🈸 🛒印自然（姚记优品 ) 沐浴露滋🛒
Jun 14 00:41:01 🚫 🛒印自然（姚记优品 ) 沐浴露滋🛒 申请失败：尊敬的顾客您好，商品价保1分钟内只可申请一次!
Jun 14 00:41:01 🈸 🛒惠寻无芯竹浆4层加厚纸巾妇婴适🛒
Jun 14 00:41:01 🈸 🛒惠寻无芯竹浆4层加厚纸巾妇婴适🛒
Jun 14 00:41:01 🚫 🛒惠寻无芯竹浆4层加厚纸巾妇婴适🛒 申请失败：尊敬的顾客您好，商品价保1分钟内只可申请一次!
Jun 14 00:41:01 🈸 🛒佳佰 抱枕靠垫 北欧简约纯色可🛒
Jun 14 00:41:01 🈸 🛒佳佰 抱枕靠垫 北欧简约纯色可🛒
Jun 14 00:41:01 🚫 🛒佳佰 抱枕靠垫 北欧简约纯色可🛒 申请失败：尊敬的顾客您好，商品价保1分钟内只可申请一次!
Jun 14 00:41:02 🈸 🛒华硕 UX300PRO 有线鼠🛒
Jun 14 00:41:02 🈸 🛒华硕 UX300PRO 有线鼠🛒
Jun 14 00:41:02 🚫 🛒华硕 UX300PRO 有线鼠🛒 申请失败：现在有点忙，请稍后再试哦
Jun 14 00:41:02 🚫 🛒华硕 UX300PRO 有线鼠🛒 申请失败：现在有点忙，请稍后再试哦
Jun 14 00:41:02 🈸 🛒海天 招牌香菇酱300g 拌饭🛒
Jun 14 00:41:02 🈸 🛒海天 招牌香菇酱300g 拌饭🛒
Jun 14 00:41:02 🚫 🛒海天 招牌香菇酱300g 拌饭🛒 申请失败：现在有点忙，请稍后再试哦
Jun 14 00:41:02 🚫 🛒海天 招牌香菇酱300g 拌饭🛒 申请失败：现在有点忙，请稍后再试哦
Jun 14 00:41:02 🈸 🛒合生元（BIOSTIME）贝塔🛒
Jun 14 00:41:02 🈸 🛒合生元（BIOSTIME）贝塔🛒
Jun 14 00:41:02 🚫 🛒合生元（BIOSTIME）贝塔🛒 申请失败：现在有点忙，请稍后再试哦
Jun 14 00:41:02 🚫 🛒合生元（BIOSTIME）贝塔🛒 申请失败：现在有点忙，请稍后再试哦
Jun 14 00:41:03 ----------
Jun 14 00:41:03 ⏳ 等待申请价格保护结果...
Jun 14 00:41:03 ----------
Jun 14 00:41:03 ----------
Jun 14 00:41:03 ⏳ 等待申请价格保护结果...
Jun 14 00:41:03 ----------
Jun 14 00:41:08 📋 🛒印自然（姚记优品 ) 沐浴露滋🛒 
Jun 14 00:41:08 🔴 申请失败：您好，此商品卖家尚未开通价保服务，暂无法申请价保，谢谢！ 
Jun 14 00:41:08 🔴 失败类型:sku4
Jun 14 00:41:08 -----
Jun 14 00:41:08 🧮 本次价格保护金额：0💰
Jun 14 00:41:08 📋 🛒惠寻无芯竹浆4层加厚纸巾妇婴适🛒 
Jun 14 00:41:08 🔴 申请失败：您好，此商品未发生降价。 
Jun 14 00:41:08 🔴 失败类型:mon1
Jun 14 00:41:08 -----
Jun 14 00:41:08 📋 🛒佳佰 抱枕靠垫 北欧简约纯色可🛒 
Jun 14 00:41:08 🔴 申请失败：您好，此商品未发生降价。 
Jun 14 00:41:08 🔴 失败类型:mon1
Jun 14 00:41:08 -----
Jun 14 00:41:08 🧮 本次价格保护金额：0💰
Jun 14 00:41:08 
Jun 14 00:41:08 ***********开始【账号2】jd_7a84de20543eb********
Jun 14 00:41:08 
Jun 14 00:41:08 💥 获得首页面，解析超参数
Jun 14 00:41:08 
Jun 14 00:41:08 ***********开始【账号2】jd_7a84de20543eb********
Jun 14 00:41:08 
Jun 14 00:41:08 💥 获得首页面，解析超参数
Jun 14 00:41:08 ----------
Jun 14 00:41:08 🧾 获取所有价格保护列表，排除附件商品
Jun 14 00:41:08 ----------
Jun 14 00:41:08 🧾 获取所有价格保护列表，排除附件商品
Jun 14 00:41:08 ----------
Jun 14 00:41:08 🗑 删除不符合订单
Jun 14 00:41:08 ----------
Jun 14 00:41:08 ----------
Jun 14 00:41:08 🗑 删除不符合订单
Jun 14 00:41:08 ----------
Jun 14 00:41:08 🚫 删除商品：🛒【299 减180】良品铺子甜🛒
Jun 14 00:41:08 🚫 删除商品：🛒红白莲花输入一分二音频通用手机🛒
Jun 14 00:41:08 🚫 删除商品：🛒【晒图奖励】添加图片3张以上+🛒
Jun 14 00:41:08 🚫 删除商品：🛒小鸭（LittleDuck）全🛒
Jun 14 00:41:08 🚫 删除商品：🛒【晒图奖励】添加图片3张以上+🛒
Jun 14 00:41:08 🚫 删除商品：🛒【299 减180】良品铺子 🛒
Jun 14 00:41:08 🚫 删除商品：🛒蒙牛优益C活性乳酸菌饮品原味百🛒
Jun 14 00:41:08 🚫 删除商品：🛒【京喜工厂】南极人丝袜女夏季薄🛒
Jun 14 00:41:08 🚫 删除商品：🛒【299 减180】良品铺子 🛒
Jun 14 00:41:08 🚫 删除商品：🛒蒙牛优益C活性乳酸菌饮品原味百🛒
Jun 14 00:41:08 🚫 删除商品：🛒【299 减180】良品铺子 🛒
Jun 14 00:41:08 🚫 删除商品：🛒HR赫莲娜绿宝瓶轻乳霜1.5m🛒
Jun 14 00:41:08 🚫 删除商品：🛒【299 减180】良品铺子 🛒
Jun 14 00:41:08 🚫 删除商品：🛒小鸭（LittleDuck）全🛒
Jun 14 00:41:08 🚫 删除商品：🛒【299 减180】良品铺子 🛒
Jun 14 00:41:08 🚫 删除商品：🛒HR赫莲娜绿宝瓶轻乳霜1.5m🛒
Jun 14 00:41:08 🚫 删除商品：🛒【299 减180】良品铺子 🛒
Jun 14 00:41:08 🚫 删除商品：🛒红白莲花输入一分二音频通用手机🛒
Jun 14 00:41:08 🚫 删除商品：🛒【299 减180】良品铺子 🛒
Jun 14 00:41:08 🚫 删除商品：🛒左点 光大夫一次性成人医用口罩🛒
Jun 14 00:41:08 🚫 删除商品：🛒【299 减180】良品铺子_🛒
Jun 14 00:41:08 🚫 删除商品：🛒【299 减180】良品铺子甜🛒
Jun 14 00:41:08 🚫 删除商品：🛒【299 减180】良品铺子 🛒
Jun 14 00:41:08 🚫 删除商品：🛒【医用级准】鱼跃（Yuwell🛒
Jun 14 00:41:08 🚫 删除商品：🛒【299 减180】良品铺子 🛒
Jun 14 00:41:08 🚫 删除商品：🛒左点 光大夫一次性成人医用口罩🛒
Jun 14 00:41:08 🚫 删除商品：🛒【医用级准】鱼跃（Yuwell🛒
Jun 14 00:41:08 🚫 删除商品：🛒【京喜工厂】南极人丝袜女夏季薄🛒
Jun 14 00:41:08 🚫 删除商品：🛒【299 减180】良品铺子_🛒
Jun 14 00:41:08 🚫 删除商品：🛒【299 减180】良品铺子 🛒
Jun 14 00:41:08 🚫 删除商品：🛒鸡蛋16枚土鸡蛋农家散养新鲜鸡🛒
Jun 14 00:41:08 🚫 删除商品：🛒【299 减180】良品铺子 🛒
Jun 14 00:41:08 🚫 删除商品：🛒鸡蛋16枚土鸡蛋农家散养新鲜鸡🛒
Jun 14 00:41:08 🚫 删除商品：🛒【299 减180】良品铺子 🛒
Jun 14 00:41:08 🚫 删除商品：🛒【299 减180】良品铺子 🛒
Jun 14 00:41:08 🚫 删除商品：🛒汤臣倍健 维生素B族片60片 🛒
Jun 14 00:41:08 🚫 删除商品：🛒【299 减180】良品铺子 🛒
Jun 14 00:41:08 🚫 删除商品：🛒汤臣倍健 维生素B族片多种复合🛒
Jun 14 00:41:08 🚫 删除商品：🛒三只松鼠无核山楂片小贱山楂干蜜🛒
Jun 14 00:41:08 🚫 删除商品：🛒汤臣倍健 维生素B族片多种复合🛒
Jun 14 00:41:08 🚫 删除商品：🛒三只松鼠益生菌每日坚果 零食坚🛒
Jun 14 00:41:08 🚫 删除商品：🛒三只松鼠益生菌每日坚果 零食坚🛒
Jun 14 00:41:08 🚫 删除商品：🛒汤臣倍健 维生素B族片60片 🛒
Jun 14 00:41:08 🚫 删除商品：🛒三只松鼠无核山楂片小贱山楂干蜜🛒
Jun 14 00:41:08 🚫 删除商品：🛒伊利 安慕希高端颗粒系列 青桔🛒
Jun 14 00:41:08 ----------
Jun 14 00:41:08 📊 6个商品即将申请价格保护！
Jun 14 00:41:08 ----------
Jun 14 00:41:08 🈸 🛒南极人5双装袜子男短袜春夏季透🛒
Jun 14 00:41:08 🚫 删除商品：🛒伊利 安慕希高端颗粒系列 青桔🛒
Jun 14 00:41:08 ----------
Jun 14 00:41:08 📊 6个商品即将申请价格保护！
Jun 14 00:41:08 ----------
Jun 14 00:41:08 🈸 🛒南极人5双装袜子男短袜春夏季透🛒
Jun 14 00:41:08 🚫 🛒南极人5双装袜子男短袜春夏季透🛒 申请失败：尊敬的顾客您好，商品价保1分钟内只可申请一次!
Jun 14 00:41:08 🈸 🛒惠寻【14包量贩装】竹浆本色4🛒
Jun 14 00:41:08 🈸 🛒惠寻【14包量贩装】竹浆本色4🛒
Jun 14 00:41:08 🚫 🛒惠寻【14包量贩装】竹浆本色4🛒 申请失败：尊敬的顾客您好，商品价保1分钟内只可申请一次!
Jun 14 00:41:09 🈸 🛒科大讯飞智能录音笔 听见H1转🛒
Jun 14 00:41:09 🈸 🛒科大讯飞智能录音笔 听见H1转🛒
Jun 14 00:41:09 🚫 🛒科大讯飞智能录音笔 听见H1转🛒 申请失败：尊敬的顾客您好，商品价保1分钟内只可申请一次!
Jun 14 00:41:09 🈸 🛒润本（RUNBEN）蚊香液 驱🛒
Jun 14 00:41:09 🈸 🛒润本（RUNBEN）蚊香液 驱🛒
Jun 14 00:41:09 🚫 🛒润本（RUNBEN）蚊香液 驱🛒 申请失败：尊敬的顾客您好，商品价保1分钟内只可申请一次!
Jun 14 00:41:10 🈸 🛒润本（RUNBEN） 电蚊拍 🛒
Jun 14 00:41:10 🈸 🛒润本（RUNBEN） 电蚊拍 🛒
Jun 14 00:41:10 🚫 🛒润本（RUNBEN） 电蚊拍 🛒 申请失败：尊敬的顾客您好，商品价保1分钟内只可申请一次!
Jun 14 00:41:10 🈸 🛒【同价618】【云南本草】幽门🛒
Jun 14 00:41:10 🈸 🛒【同价618】【云南本草】幽门🛒
Jun 14 00:41:10 🚫 🛒【同价618】【云南本草】幽门🛒 申请失败：尊敬的顾客您好，商品价保1分钟内只可申请一次!
Jun 14 00:41:10 ----------
Jun 14 00:41:10 ⏳ 等待申请价格保护结果...
Jun 14 00:41:10 ----------
Jun 14 00:41:10 ----------
Jun 14 00:41:10 ⏳ 等待申请价格保护结果...
Jun 14 00:41:10 ----------
Jun 14 00:41:15 📋 🛒惠寻【14包量贩装】竹浆本色4🛒 
Jun 14 00:41:15 🔴 申请失败：您好，该商品所属订单尚未出库不支持价保，谢谢！ 
Jun 14 00:41:15 🔴 失败类型:od4_1
Jun 14 00:41:15 -----
Jun 14 00:41:15 📋 🛒科大讯飞智能录音笔 听见H1转🛒 
Jun 14 00:41:15 🔴 申请失败：您好，此商品未发生降价。 
Jun 14 00:41:15 🔴 失败类型:mon1
Jun 14 00:41:15 -----
Jun 14 00:41:15 🧮 本次价格保护金额：0💰
Jun 14 00:41:15 
Jun 14 00:41:15 🔔京东保价, 结束! 🕛 15.366 秒
Jun 14 00:41:15 
Jun 14 00:41:15 📋 🛒南极人5双装袜子男短袜春夏季透🛒 
Jun 14 00:41:15 🔴 申请失败：您好，该商品所属订单尚未出库不支持价保，谢谢！ 
Jun 14 00:41:15 🔴 失败类型:od4_1
Jun 14 00:41:15 -----
Jun 14 00:41:15 📋 🛒润本（RUNBEN）蚊香液 驱🛒 
Jun 14 00:41:15 🔴 申请失败：您好，此商品未发生降价。 
Jun 14 00:41:15 🔴 失败类型:mon1
Jun 14 00:41:15 -----
Jun 14 00:41:15 📋 🛒润本（RUNBEN） 电蚊拍 🛒 
Jun 14 00:41:15 🔴 申请失败：您好，此商品未发生降价。 
Jun 14 00:41:15 🔴 失败类型:mon1
Jun 14 00:41:15 -----
Jun 14 00:41:15 📋 🛒【同价618】【云南本草】幽门🛒 
Jun 14 00:41:15 🔴 申请失败：您好，此商品未发生降价。 
Jun 14 00:41:15 🔴 失败类型:mon1
Jun 14 00:41:15 -----
Jun 14 00:41:15 🧮 本次价格保护金额：0💰
Jun 14 00:41:15 
Jun 14 00:41:15 🔔京东保价, 结束! 🕛 15.375 秒
Jun 14 00:41:15 
Jun 14 11:41:00 
Jun 14 11:41:00 🔔京东保价, 开始!
Jun 14 11:41:00 您的cookie选择的是用&隔开
Jun 14 11:41:00 
Jun 14 11:41:00 
Jun 14 11:41:00 ====================共有2个京东账号Cookie=========
Jun 14 11:41:00 
Jun 14 11:41:00 
Jun 14 11:41:00 🔔京东保价, 开始!
Jun 14 11:41:00 您的cookie选择的是用&隔开
Jun 14 11:41:00 
Jun 14 11:41:00 
Jun 14 11:41:00 ====================共有2个京东账号Cookie=========
Jun 14 11:41:00 
Jun 14 11:41:00 ==================脚本执行- 北京时间(UTC+8)：6/14/2021, 11:41:00 AM=====================
Jun 14 11:41:00 
Jun 14 11:41:00 ==================脚本执行- 北京时间(UTC+8)：6/14/2021, 11:41:00 AM=====================
Jun 14 11:41:00 
Jun 14 11:41:00 
Jun 14 11:41:00 ***********开始【账号1】455979050-14287437********
Jun 14 11:41:00 
Jun 14 11:41:00 💥 获得首页面，解析超参数
Jun 14 11:41:00 
Jun 14 11:41:00 ***********开始【账号1】455979050-14287437********
Jun 14 11:41:00 
Jun 14 11:41:00 💥 获得首页面，解析超参数
Jun 14 11:41:00 ----------
Jun 14 11:41:00 🧾 获取所有价格保护列表，排除附件商品
Jun 14 11:41:00 ----------
Jun 14 11:41:00 🧾 获取所有价格保护列表，排除附件商品
Jun 14 11:41:01 ----------
Jun 14 11:41:01 🗑 删除不符合订单
Jun 14 11:41:01 ----------
Jun 14 11:41:01 ----------
Jun 14 11:41:01 🗑 删除不符合订单
Jun 14 11:41:01 ----------
Jun 14 11:41:01 🚫 删除商品：🛒【二手9成新】苹果8Plus 🛒
Jun 14 11:41:01 🚫 删除商品：🛒【顺丰快递】山东烟台栖霞红富士🛒
Jun 14 11:41:01 🚫 删除商品：🛒优先发货1🛒
Jun 14 11:41:01 🚫 删除商品：🛒【京喜工厂】佳洁士天然多效牙膏🛒
Jun 14 11:41:01 🚫 删除商品：🛒破损包赔1🛒
Jun 14 11:41:01 🚫 删除商品：🛒清氛壳聚糖创护凝胶疤痕护理剖腹🛒
Jun 14 11:41:01 🚫 删除商品：🛒绿联（UGREEN）六类CAT🛒
Jun 14 11:41:01 🚫 删除商品：🛒SAKURA ST日本进口护肤🛒
Jun 14 11:41:01 🚫 删除商品：🛒蒙牛 特仑苏 纯牛奶 品质牛奶🛒
Jun 14 11:41:01 🚫 删除商品：🛒正品保证1🛒
Jun 14 11:41:01 🚫 删除商品：🛒纪诗哲GIEVSZHE品牌情侣🛒
Jun 14 11:41:01 🚫 删除商品：🛒杰士邦 避孕套 安全套 ZER🛒
Jun 14 11:41:01 🚫 删除商品：🛒印自然（姚记优品 ) 沐浴露滋🛒
Jun 14 11:41:01 🚫 删除商品：🛒木丁丁 笔记本散热器 游戏本底🛒
Jun 14 11:41:01 🚫 删除商品：🛒杰士邦 避孕套 安全套 ZER🛒
Jun 14 11:41:01 🚫 删除商品：🛒讲给孩子的故宫：书法之美🛒
Jun 14 11:41:01 🚫 删除商品：🛒杰士邦避孕套安全套超薄凸点3D🛒
Jun 14 11:41:01 🚫 删除商品：🛒湖北巴东橙子果园直发现摘现发甜🛒
Jun 14 11:41:01 🚫 删除商品：🛒印自然（姚记优品 ) 沐浴露滋🛒
Jun 14 11:41:01 🚫 删除商品：🛒【京喜工厂】佳洁士天然多效牙膏🛒
Jun 14 11:41:01 🚫 删除商品：🛒木丁丁 笔记本散热器 游戏本底🛒
Jun 14 11:41:01 🚫 删除商品：🛒杰士邦避孕套安全套超薄凸点3D🛒
Jun 14 11:41:01 🚫 删除商品：🛒清氛壳聚糖创护凝胶疤痕护理剖腹🛒
Jun 14 11:41:01 🚫 删除商品：🛒纪诗哲GIEVSZHE品牌情侣🛒
Jun 14 11:41:01 🚫 删除商品：🛒SAKURA ST日本进口护肤🛒
Jun 14 11:41:01 🚫 删除商品：🛒湖北巴东橙子果园直发现摘现发甜🛒
Jun 14 11:41:01 🚫 删除商品：🛒讲给孩子的故宫：书法之美🛒
Jun 14 11:41:01 🚫 删除商品：🛒正品保证1🛒
Jun 14 11:41:01 🚫 删除商品：🛒绿联（UGREEN）六类CAT🛒
Jun 14 11:41:01 🚫 删除商品：🛒【顺丰快递】山东烟台栖霞红富士🛒
Jun 14 11:41:01 🚫 删除商品：🛒蒙牛 特仑苏 纯牛奶 品质牛奶🛒
Jun 14 11:41:01 🚫 删除商品：🛒【二手9成新】苹果8Plus 🛒
Jun 14 11:41:01 🚫 删除商品：🛒破损包赔1🛒
Jun 14 11:41:01 🚫 删除商品：🛒杰士邦 避孕套 安全套 ZER🛒
Jun 14 11:41:01 🚫 删除商品：🛒优先发货1🛒
Jun 14 11:41:01 🚫 删除商品：🛒杰士邦 避孕套 安全套 ZER🛒
Jun 14 11:41:01 🚫 删除商品：🛒亚太森博（Asia Symbo🛒
Jun 14 11:41:01 ----------
Jun 14 11:41:01 📊 5个商品即将申请价格保护！
Jun 14 11:41:01 ----------
Jun 14 11:41:01 🈸 🛒惠寻无芯竹浆4层加厚纸巾妇婴适🛒
Jun 14 11:41:01 🚫 删除商品：🛒亚太森博（Asia Symbo🛒
Jun 14 11:41:01 ----------
Jun 14 11:41:01 📊 5个商品即将申请价格保护！
Jun 14 11:41:01 ----------
Jun 14 11:41:01 🈸 🛒惠寻无芯竹浆4层加厚纸巾妇婴适🛒
Jun 14 11:41:01 🚫 🛒惠寻无芯竹浆4层加厚纸巾妇婴适🛒 申请失败：现在有点忙，请稍后再试哦
Jun 14 11:41:01 🚫 🛒惠寻无芯竹浆4层加厚纸巾妇婴适🛒 申请失败：现在有点忙，请稍后再试哦
Jun 14 11:41:01 🈸 🛒佳佰 抱枕靠垫 北欧简约纯色可🛒
Jun 14 11:41:01 🈸 🛒佳佰 抱枕靠垫 北欧简约纯色可🛒
Jun 14 11:41:01 🚫 🛒佳佰 抱枕靠垫 北欧简约纯色可🛒 申请失败：现在有点忙，请稍后再试哦
Jun 14 11:41:01 🚫 🛒佳佰 抱枕靠垫 北欧简约纯色可🛒 申请失败：现在有点忙，请稍后再试哦
Jun 14 11:41:01 🈸 🛒华硕 UX300PRO 有线鼠🛒
Jun 14 11:41:01 🈸 🛒华硕 UX300PRO 有线鼠🛒
Jun 14 11:41:01 🚫 🛒华硕 UX300PRO 有线鼠🛒 申请失败：现在有点忙，请稍后再试哦
Jun 14 11:41:01 🚫 🛒华硕 UX300PRO 有线鼠🛒 申请失败：现在有点忙，请稍后再试哦
Jun 14 11:41:02 🈸 🛒海天 招牌香菇酱300g 拌饭🛒
Jun 14 11:41:02 🚫 🛒海天 招牌香菇酱300g 拌饭🛒 申请失败：现在有点忙，请稍后再试哦
Jun 14 11:41:02 🈸 🛒海天 招牌香菇酱300g 拌饭🛒
Jun 14 11:41:02 🚫 🛒海天 招牌香菇酱300g 拌饭🛒 申请失败：现在有点忙，请稍后再试哦
Jun 14 11:41:02 🈸 🛒合生元（BIOSTIME）贝塔🛒
Jun 14 11:41:02 🚫 🛒合生元（BIOSTIME）贝塔🛒 申请失败：现在有点忙，请稍后再试哦
Jun 14 11:41:02 🈸 🛒合生元（BIOSTIME）贝塔🛒
Jun 14 11:41:02 🚫 🛒合生元（BIOSTIME）贝塔🛒 申请失败：现在有点忙，请稍后再试哦
Jun 14 11:41:02 ----------
Jun 14 11:41:02 ⏳ 等待申请价格保护结果...
Jun 14 11:41:02 ----------
Jun 14 11:41:02 🧮 本次价格保护金额：0💰
Jun 14 11:41:02 
Jun 14 11:41:02 ***********开始【账号2】jd_7a84de20543eb********
Jun 14 11:41:02 
Jun 14 11:41:02 💥 获得首页面，解析超参数
Jun 14 11:41:02 ----------
Jun 14 11:41:02 ⏳ 等待申请价格保护结果...
Jun 14 11:41:02 ----------
Jun 14 11:41:02 🧮 本次价格保护金额：0💰
Jun 14 11:41:02 ----------
Jun 14 11:41:02 🧾 获取所有价格保护列表，排除附件商品
Jun 14 11:41:02 
Jun 14 11:41:02 ***********开始【账号2】jd_7a84de20543eb********
Jun 14 11:41:02 
Jun 14 11:41:02 💥 获得首页面，解析超参数
Jun 14 11:41:02 ----------
Jun 14 11:41:02 🧾 获取所有价格保护列表，排除附件商品
Jun 14 11:41:03 ----------
Jun 14 11:41:03 🗑 删除不符合订单
Jun 14 11:41:03 ----------
Jun 14 11:41:03 ----------
Jun 14 11:41:03 🗑 删除不符合订单
Jun 14 11:41:03 ----------
Jun 14 11:41:03 🚫 删除商品：🛒汤臣倍健 维生素B族片多种复合🛒
Jun 14 11:41:03 🚫 删除商品：🛒左点 光大夫一次性成人医用口罩🛒
Jun 14 11:41:03 🚫 删除商品：🛒蒙牛优益C活性乳酸菌饮品原味百🛒
Jun 14 11:41:03 🚫 删除商品：🛒【晒图奖励】添加图片3张以上+🛒
Jun 14 11:41:03 🚫 删除商品：🛒【京喜工厂】南极人丝袜女夏季薄🛒
Jun 14 11:41:03 🚫 删除商品：🛒【299 减180】良品铺子 🛒
Jun 14 11:41:03 🚫 删除商品：🛒HR赫莲娜绿宝瓶轻乳霜1.5m🛒
Jun 14 11:41:03 🚫 删除商品：🛒【299 减180】良品铺子 🛒
Jun 14 11:41:03 🚫 删除商品：🛒红白莲花输入一分二音频通用手机🛒
Jun 14 11:41:03 🚫 删除商品：🛒【医用级准】鱼跃（Yuwell🛒
Jun 14 11:41:03 🚫 删除商品：🛒【299 减180】良品铺子 🛒
Jun 14 11:41:03 🚫 删除商品：🛒小鸭（LittleDuck）全🛒
Jun 14 11:41:03 🚫 删除商品：🛒【299 减180】良品铺子 🛒
Jun 14 11:41:03 🚫 删除商品：🛒鸡蛋16枚土鸡蛋农家散养新鲜鸡🛒
Jun 14 11:41:03 🚫 删除商品：🛒三只松鼠益生菌每日坚果 零食坚🛒
Jun 14 11:41:03 🚫 删除商品：🛒【299 减180】良品铺子甜🛒
Jun 14 11:41:03 🚫 删除商品：🛒【299 减180】良品铺子 🛒
Jun 14 11:41:03 🚫 删除商品：🛒伊利 安慕希高端颗粒系列 青桔🛒
Jun 14 11:41:03 🚫 删除商品：🛒【299 减180】良品铺子 🛒
Jun 14 11:41:03 🚫 删除商品：🛒汤臣倍健 维生素B族片60片 🛒
Jun 14 11:41:03 🚫 删除商品：🛒三只松鼠无核山楂片小贱山楂干蜜🛒
Jun 14 11:41:03 🚫 删除商品：🛒【299 减180】良品铺子_🛒
Jun 14 11:41:03 🚫 删除商品：🛒【299 减180】良品铺子 🛒
Jun 14 11:41:03 ----------
Jun 14 11:41:03 📊 6个商品即将申请价格保护！
Jun 14 11:41:03 ----------
Jun 14 11:41:03 🈸 🛒南极人5双装袜子男短袜春夏季透🛒
Jun 14 11:41:03 🚫 删除商品：🛒鸡蛋16枚土鸡蛋农家散养新鲜鸡🛒
Jun 14 11:41:03 🚫 删除商品：🛒【晒图奖励】添加图片3张以上+🛒
Jun 14 11:41:03 🚫 删除商品：🛒红白莲花输入一分二音频通用手机🛒
Jun 14 11:41:03 🚫 删除商品：🛒蒙牛优益C活性乳酸菌饮品原味百🛒
Jun 14 11:41:03 🚫 删除商品：🛒【299 减180】良品铺子 🛒
Jun 14 11:41:03 🚫 删除商品：🛒【299 减180】良品铺子 🛒
Jun 14 11:41:03 🚫 删除商品：🛒【299 减180】良品铺子 🛒
Jun 14 11:41:03 🚫 删除商品：🛒汤臣倍健 维生素B族片60片 🛒
Jun 14 11:41:03 🚫 删除商品：🛒【299 减180】良品铺子 🛒
Jun 14 11:41:03 🚫 删除商品：🛒左点 光大夫一次性成人医用口罩🛒
Jun 14 11:41:03 🚫 删除商品：🛒【京喜工厂】南极人丝袜女夏季薄🛒
Jun 14 11:41:03 🚫 删除商品：🛒小鸭（LittleDuck）全🛒
Jun 14 11:41:03 🚫 删除商品：🛒【医用级准】鱼跃（Yuwell🛒
Jun 14 11:41:03 🚫 删除商品：🛒HR赫莲娜绿宝瓶轻乳霜1.5m🛒
Jun 14 11:41:03 🚫 删除商品：🛒三只松鼠益生菌每日坚果 零食坚🛒
Jun 14 11:41:03 🚫 删除商品：🛒【299 减180】良品铺子 🛒
Jun 14 11:41:03 🚫 删除商品：🛒【299 减180】良品铺子_🛒
Jun 14 11:41:03 🚫 删除商品：🛒【299 减180】良品铺子甜🛒
Jun 14 11:41:03 🚫 删除商品：🛒【299 减180】良品铺子 🛒
Jun 14 11:41:03 🚫 删除商品：🛒汤臣倍健 维生素B族片多种复合🛒
Jun 14 11:41:03 🚫 删除商品：🛒伊利 安慕希高端颗粒系列 青桔🛒
Jun 14 11:41:03 🚫 删除商品：🛒三只松鼠无核山楂片小贱山楂干蜜🛒
Jun 14 11:41:03 🚫 删除商品：🛒【299 减180】良品铺子 🛒
Jun 14 11:41:03 ----------
Jun 14 11:41:03 📊 6个商品即将申请价格保护！
Jun 14 11:41:03 ----------
Jun 14 11:41:03 🈸 🛒南极人5双装袜子男短袜春夏季透🛒
Jun 14 11:41:03 🚫 🛒南极人5双装袜子男短袜春夏季透🛒 申请失败：1分钟内只能申请一次
Jun 14 11:41:03 🈸 🛒惠寻【14包量贩装】竹浆本色4🛒
Jun 14 11:41:03 🈸 🛒惠寻【14包量贩装】竹浆本色4🛒
Jun 14 11:41:03 🚫 🛒惠寻【14包量贩装】竹浆本色4🛒 申请失败：尊敬的顾客您好，商品价保1分钟内只可申请一次!
Jun 14 11:41:04 🈸 🛒科大讯飞智能录音笔 听见H1转🛒
Jun 14 11:41:04 🈸 🛒科大讯飞智能录音笔 听见H1转🛒
Jun 14 11:41:04 🚫 🛒科大讯飞智能录音笔 听见H1转🛒 申请失败：1分钟内只能申请一次
Jun 14 11:41:04 🈸 🛒润本（RUNBEN）蚊香液 驱🛒
Jun 14 11:41:04 🈸 🛒润本（RUNBEN）蚊香液 驱🛒
Jun 14 11:41:04 🚫 🛒润本（RUNBEN）蚊香液 驱🛒 申请失败：1分钟内只能申请一次
Jun 14 11:41:04 🈸 🛒润本（RUNBEN） 电蚊拍 🛒
Jun 14 11:41:04 🈸 🛒润本（RUNBEN） 电蚊拍 🛒
Jun 14 11:41:04 🚫 🛒润本（RUNBEN） 电蚊拍 🛒 申请失败：1分钟内只能申请一次
Jun 14 11:41:05 🈸 🛒【同价618】【云南本草】幽门🛒
Jun 14 11:41:05 🈸 🛒【同价618】【云南本草】幽门🛒
Jun 14 11:41:05 🚫 🛒【同价618】【云南本草】幽门🛒 申请失败：现在有点忙，请稍后再试哦
Jun 14 11:41:05 🚫 🛒【同价618】【云南本草】幽门🛒 申请失败：现在有点忙，请稍后再试哦
Jun 14 11:41:05 ----------
Jun 14 11:41:05 ⏳ 等待申请价格保护结果...
Jun 14 11:41:05 ----------
Jun 14 11:41:05 ----------
Jun 14 11:41:05 ⏳ 等待申请价格保护结果...
Jun 14 11:41:05 ----------
Jun 14 11:41:10 📋 🛒科大讯飞智能录音笔 听见H1转🛒 
Jun 14 11:41:10 🔴 申请失败：您好，此商品未发生降价。 
Jun 14 11:41:10 🔴 失败类型:mon1
Jun 14 11:41:10 -----
Jun 14 11:41:10 📋 🛒润本（RUNBEN）蚊香液 驱🛒 
Jun 14 11:41:10 🔴 申请失败：您好，此商品未发生降价。 
Jun 14 11:41:10 🔴 失败类型:mon1
Jun 14 11:41:10 -----
Jun 14 11:41:10 📋 🛒润本（RUNBEN） 电蚊拍 🛒 
Jun 14 11:41:10 🔴 申请失败：您好，此商品未发生降价。 
Jun 14 11:41:10 🔴 失败类型:mon1
Jun 14 11:41:10 -----
Jun 14 11:41:10 🧮 本次价格保护金额：0💰
Jun 14 11:41:10 
Jun 14 11:41:10 🔔京东保价, 结束! 🕛 9.952 秒
Jun 14 11:41:10 
Jun 14 11:41:10 📋 🛒南极人5双装袜子男短袜春夏季透🛒 
Jun 14 11:41:10 🔴 申请失败：您好，此商品未发生降价。 
Jun 14 11:41:10 🔴 失败类型:mon1
Jun 14 11:41:10 -----
Jun 14 11:41:10 📋 🛒惠寻【14包量贩装】竹浆本色4🛒 
Jun 14 11:41:10 🔴 申请失败：您好，此商品未发生降价。 
Jun 14 11:41:10 🔴 失败类型:mon1
Jun 14 11:41:10 -----
Jun 14 11:41:10 🧮 本次价格保护金额：0💰
Jun 14 11:41:10 
Jun 14 11:41:10 🔔京东保价, 结束! 🕛 9.972 秒
Jun 14 11:41:10 
Jun 15 00:41:00 
Jun 15 00:41:00 🔔京东保价, 开始!
Jun 15 00:41:00 
Jun 15 00:41:00 🔔京东保价, 开始!
Jun 15 00:41:00 您的cookie选择的是用&隔开
Jun 15 00:41:00 
Jun 15 00:41:00 
Jun 15 00:41:00 ====================共有2个京东账号Cookie=========
Jun 15 00:41:00 
Jun 15 00:41:00 您的cookie选择的是用&隔开
Jun 15 00:41:00 
Jun 15 00:41:00 
Jun 15 00:41:00 ====================共有2个京东账号Cookie=========
Jun 15 00:41:00 
Jun 15 00:41:00 ==================脚本执行- 北京时间(UTC+8)：6/15/2021, 12:41:00 AM=====================
Jun 15 00:41:00Jun 15 00:41:00 ==================脚本执行- 北京时间(UTC+8)：6/15/2021, 12:41:00 AM=====================
 
Jun 15 00:41:00 
Jun 15 00:41:00 
Jun 15 00:41:00 ***********开始【账号1】455979050-14287437********
Jun 15 00:41:00 
Jun 15 00:41:00 💥 获得首页面，解析超参数
Jun 15 00:41:00 
Jun 15 00:41:00 ***********开始【账号1】455979050-14287437********
Jun 15 00:41:00 
Jun 15 00:41:00 💥 获得首页面，解析超参数
Jun 15 00:41:00 ----------
Jun 15 00:41:00 🧾 获取所有价格保护列表，排除附件商品
Jun 15 00:41:00 ----------
Jun 15 00:41:00 🧾 获取所有价格保护列表，排除附件商品
Jun 15 00:41:00 ----------
Jun 15 00:41:00 🗑 删除不符合订单
Jun 15 00:41:00 ----------
Jun 15 00:41:00 ----------
Jun 15 00:41:00 🗑 删除不符合订单
Jun 15 00:41:00 ----------
Jun 15 00:41:00 🚫 删除商品：🛒印自然（姚记优品 ) 沐浴露滋🛒
Jun 15 00:41:00 🚫 删除商品：🛒【顺丰快递】山东烟台栖霞红富士🛒
Jun 15 00:41:00 🚫 删除商品：🛒【二手9成新】苹果8Plus 🛒
Jun 15 00:41:00 🚫 删除商品：🛒纪诗哲GIEVSZHE品牌情侣🛒
Jun 15 00:41:00 🚫 删除商品：🛒印自然（姚记优品 ) 沐浴露滋🛒
Jun 15 00:41:00 🚫 删除商品：🛒湖北巴东橙子果园直发现摘现发甜🛒
Jun 15 00:41:00 🚫 删除商品：🛒正品保证1🛒
Jun 15 00:41:00 🚫 删除商品：🛒SAKURA ST日本进口护肤🛒
Jun 15 00:41:00 🚫 删除商品：🛒纪诗哲GIEVSZHE品牌情侣🛒
Jun 15 00:41:00 🚫 删除商品：🛒绿联（UGREEN）六类CAT🛒
Jun 15 00:41:00 🚫 删除商品：🛒讲给孩子的故宫：书法之美🛒
Jun 15 00:41:00 🚫 删除商品：🛒杰士邦 避孕套 安全套 ZER🛒
Jun 15 00:41:00 🚫 删除商品：🛒湖北巴东橙子果园直发现摘现发甜🛒
Jun 15 00:41:00 🚫 删除商品：🛒SAKURA ST日本进口护肤🛒
Jun 15 00:41:00 🚫 删除商品：🛒【二手9成新】苹果8Plus 🛒
Jun 15 00:41:00 🚫 删除商品：🛒破损包赔1🛒
Jun 15 00:41:00 🚫 删除商品：🛒蒙牛 特仑苏 纯牛奶 品质牛奶🛒
Jun 15 00:41:00 🚫 删除商品：🛒讲给孩子的故宫：书法之美🛒
Jun 15 00:41:00 🚫 删除商品：🛒杰士邦避孕套安全套超薄凸点3D🛒
Jun 15 00:41:00 🚫 删除商品：🛒【顺丰快递】山东烟台栖霞红富士🛒
Jun 15 00:41:00 🚫 删除商品：🛒杰士邦避孕套安全套超薄凸点3D🛒
Jun 15 00:41:00Jun 15 00:41:00 🚫 删除商品：🛒蒙牛 特仑苏 纯牛奶 品质牛奶🛒
 🚫 删除商品：🛒杰士邦 避孕套 安全套 ZER🛒
Jun 15 00:41:00 🚫 删除商品：🛒破损包赔1🛒
Jun 15 00:41:00 🚫 删除商品：🛒优先发货1🛒
Jun 15 00:41:00 🚫 删除商品：🛒木丁丁 笔记本散热器 游戏本底🛒
Jun 15 00:41:00 🚫 删除商品：🛒亚太森博（Asia Symbo🛒
Jun 15 00:41:00 🚫 删除商品：🛒【京喜工厂】佳洁士天然多效牙膏🛒
Jun 15 00:41:00 🚫 删除商品：🛒清氛壳聚糖创护凝胶疤痕护理剖腹🛒
Jun 15 00:41:00 🚫 删除商品：🛒亚太森博（Asia Symbo🛒
Jun 15 00:41:00 ----------
Jun 15 00:41:00 📊 5个商品即将申请价格保护！
Jun 15 00:41:00 ----------
Jun 15 00:41:00 🚫 删除商品：🛒杰士邦 避孕套 安全套 ZER🛒
Jun 15 00:41:00 🚫 删除商品：🛒木丁丁 笔记本散热器 游戏本底🛒
Jun 15 00:41:00 🈸 🛒惠寻无芯竹浆4层加厚纸巾妇婴适🛒
Jun 15 00:41:00 🚫 删除商品：🛒优先发货1🛒
Jun 15 00:41:00 🚫 删除商品：🛒正品保证1🛒
Jun 15 00:41:00 🚫 删除商品：🛒杰士邦 避孕套 安全套 ZER🛒
Jun 15 00:41:00 🚫 删除商品：🛒【京喜工厂】佳洁士天然多效牙膏🛒
Jun 15 00:41:00 🚫 删除商品：🛒清氛壳聚糖创护凝胶疤痕护理剖腹🛒
Jun 15 00:41:00 🚫 删除商品：🛒绿联（UGREEN）六类CAT🛒
Jun 15 00:41:00 ----------
Jun 15 00:41:00 📊 5个商品即将申请价格保护！
Jun 15 00:41:00 ----------
Jun 15 00:41:00 🈸 🛒惠寻无芯竹浆4层加厚纸巾妇婴适🛒
Jun 15 00:41:00 🚫 🛒惠寻无芯竹浆4层加厚纸巾妇婴适🛒 申请失败：现在有点忙，请稍后再试哦
Jun 15 00:41:00 🚫 🛒惠寻无芯竹浆4层加厚纸巾妇婴适🛒 申请失败：现在有点忙，请稍后再试哦
Jun 15 00:41:01 🈸 🛒佳佰 抱枕靠垫 北欧简约纯色可🛒
Jun 15 00:41:01 🈸 🛒佳佰 抱枕靠垫 北欧简约纯色可🛒
Jun 15 00:41:01 🚫 🛒佳佰 抱枕靠垫 北欧简约纯色可🛒 申请失败：现在有点忙，请稍后再试哦
Jun 15 00:41:01 🚫 🛒佳佰 抱枕靠垫 北欧简约纯色可🛒 申请失败：现在有点忙，请稍后再试哦
Jun 15 00:41:01 🈸 🛒华硕 UX300PRO 有线鼠🛒
Jun 15 00:41:01 🈸 🛒华硕 UX300PRO 有线鼠🛒
Jun 15 00:41:01 🚫 🛒华硕 UX300PRO 有线鼠🛒 申请失败：现在有点忙，请稍后再试哦
Jun 15 00:41:01 🚫 🛒华硕 UX300PRO 有线鼠🛒 申请失败：现在有点忙，请稍后再试哦
Jun 15 00:41:01 🈸 🛒海天 招牌香菇酱300g 拌饭🛒
Jun 15 00:41:01 🈸 🛒海天 招牌香菇酱300g 拌饭🛒
Jun 15 00:41:01 🚫 🛒海天 招牌香菇酱300g 拌饭🛒 申请失败：现在有点忙，请稍后再试哦
Jun 15 00:41:01 🚫 🛒海天 招牌香菇酱300g 拌饭🛒 申请失败：现在有点忙，请稍后再试哦
Jun 15 00:41:02 🈸 🛒合生元（BIOSTIME）贝塔🛒
Jun 15 00:41:02 🈸 🛒合生元（BIOSTIME）贝塔🛒
Jun 15 00:41:02 🚫 🛒合生元（BIOSTIME）贝塔🛒 申请失败：现在有点忙，请稍后再试哦
Jun 15 00:41:02 🚫 🛒合生元（BIOSTIME）贝塔🛒 申请失败：现在有点忙，请稍后再试哦
Jun 15 00:41:02 ----------
Jun 15 00:41:02 ⏳ 等待申请价格保护结果...
Jun 15 00:41:02 ----------
Jun 15 00:41:02 🧮 本次价格保护金额：0💰
Jun 15 00:41:02 ----------
Jun 15 00:41:02 ⏳ 等待申请价格保护结果...
Jun 15 00:41:02 ----------
Jun 15 00:41:02 🧮 本次价格保护金额：0💰
Jun 15 00:41:02 
Jun 15 00:41:02 ***********开始【账号2】jd_7a84de20543eb********
Jun 15 00:41:02 
Jun 15 00:41:02 💥 获得首页面，解析超参数
Jun 15 00:41:02 
Jun 15 00:41:02 ***********开始【账号2】jd_7a84de20543eb********
Jun 15 00:41:02 
Jun 15 00:41:02 💥 获得首页面，解析超参数
Jun 15 00:41:02 ----------
Jun 15 00:41:02 🧾 获取所有价格保护列表，排除附件商品
Jun 15 00:41:02 ----------
Jun 15 00:41:02 🧾 获取所有价格保护列表，排除附件商品
Jun 15 00:41:02 ----------
Jun 15 00:41:02 🗑 删除不符合订单
Jun 15 00:41:02 ----------
Jun 15 00:41:02 ----------
Jun 15 00:41:02 🗑 删除不符合订单
Jun 15 00:41:02 ----------
Jun 15 00:41:02 🚫 删除商品：🛒HR赫莲娜绿宝瓶轻乳霜1.5m🛒
Jun 15 00:41:02 🚫 删除商品：🛒小鸭（LittleDuck）全🛒
Jun 15 00:41:02 🚫 删除商品：🛒汤臣倍健 维生素B族片多种复合🛒
Jun 15 00:41:02 🚫 删除商品：🛒【京喜工厂】南极人丝袜女夏季薄🛒
Jun 15 00:41:02 🚫 删除商品：🛒汤臣倍健 维生素B族片60片 🛒
Jun 15 00:41:02 🚫 删除商品：🛒【299 减180】良品铺子 🛒
Jun 15 00:41:02 🚫 删除商品：🛒蒙牛优益C活性乳酸菌饮品原味百🛒
Jun 15 00:41:02 🚫 删除商品：🛒蒙牛优益C活性乳酸菌饮品原味百🛒
Jun 15 00:41:02 🚫 删除商品：🛒鸡蛋16枚土鸡蛋农家散养新鲜鸡🛒
Jun 15 00:41:02 🚫 删除商品：🛒【299 减180】良品铺子 🛒
Jun 15 00:41:02 🚫 删除商品：🛒【299 减180】良品铺子甜🛒
Jun 15 00:41:02 🚫 删除商品：🛒三只松鼠益生菌每日坚果 零食坚🛒
Jun 15 00:41:02 🚫 删除商品：🛒伊利 安慕希高端颗粒系列 青桔🛒
Jun 15 00:41:02 🚫 删除商品：🛒【299 减180】良品铺子_🛒
Jun 15 00:41:02 🚫 删除商品：🛒【晒图奖励】添加图片3张以上+🛒
Jun 15 00:41:02 🚫 删除商品：🛒左点 光大夫一次性成人医用口罩🛒
Jun 15 00:41:02 🚫 删除商品：🛒【医用级准】鱼跃（Yuwell🛒
Jun 15 00:41:02 🚫 删除商品：🛒【京喜工厂】南极人丝袜女夏季薄🛒
Jun 15 00:41:02 🚫 删除商品：🛒红白莲花输入一分二音频通用手机🛒
Jun 15 00:41:02 🚫 删除商品：🛒【299 减180】良品铺子 🛒
Jun 15 00:41:02 🚫 删除商品：🛒【299 减180】良品铺子 🛒
Jun 15 00:41:02 🚫 删除商品：🛒【299 减180】良品铺子 🛒
Jun 15 00:41:02 🚫 删除商品：🛒【299 减180】良品铺子 🛒
Jun 15 00:41:02 🚫 删除商品：🛒三只松鼠无核山楂片小贱山楂干蜜🛒
Jun 15 00:41:02 🚫 删除商品：🛒【299 减180】良品铺子 🛒
Jun 15 00:41:02 ----------
Jun 15 00:41:02 📊 6个商品即将申请价格保护！
Jun 15 00:41:02 ----------
Jun 15 00:41:02 🈸 🛒南极人5双装袜子男短袜春夏季透🛒
Jun 15 00:41:02 🚫 删除商品：🛒红白莲花输入一分二音频通用手机🛒
Jun 15 00:41:02 🚫 删除商品：🛒HR赫莲娜绿宝瓶轻乳霜1.5m🛒
Jun 15 00:41:02 🚫 删除商品：🛒【晒图奖励】添加图片3张以上+🛒
Jun 15 00:41:02 🚫 删除商品：🛒【299 减180】良品铺子 🛒
Jun 15 00:41:02 🚫 删除商品：🛒三只松鼠益生菌每日坚果 零食坚🛒
Jun 15 00:41:02 🚫 删除商品：🛒【299 减180】良品铺子 🛒
Jun 15 00:41:02 🚫 删除商品：🛒小鸭（LittleDuck）全🛒
Jun 15 00:41:02 🚫 删除商品：🛒鸡蛋16枚土鸡蛋农家散养新鲜鸡🛒
Jun 15 00:41:02 🚫 删除商品：🛒【299 减180】良品铺子 🛒
Jun 15 00:41:02 🚫 删除商品：🛒【299 减180】良品铺子 🛒
Jun 15 00:41:02 🚫 删除商品：🛒左点 光大夫一次性成人医用口罩🛒
Jun 15 00:41:02 🚫 删除商品：🛒伊利 安慕希高端颗粒系列 青桔🛒
Jun 15 00:41:02 🚫 删除商品：🛒汤臣倍健 维生素B族片60片 🛒
Jun 15 00:41:02 🚫 删除商品：🛒【医用级准】鱼跃（Yuwell🛒
Jun 15 00:41:02 🚫 删除商品：🛒三只松鼠无核山楂片小贱山楂干蜜🛒
Jun 15 00:41:02 🚫 删除商品：🛒【299 减180】良品铺子甜🛒
Jun 15 00:41:02 🚫 删除商品：🛒汤臣倍健 维生素B族片多种复合🛒
Jun 15 00:41:02 🚫 删除商品：🛒【299 减180】良品铺子 🛒
Jun 15 00:41:02 🚫 删除商品：🛒【299 减180】良品铺子 🛒
Jun 15 00:41:02 🚫 删除商品：🛒【299 减180】良品铺子 🛒
Jun 15 00:41:02 🚫 删除商品：🛒【299 减180】良品铺子_🛒
Jun 15 00:41:02 ----------
Jun 15 00:41:02 📊 6个商品即将申请价格保护！
Jun 15 00:41:02 ----------
Jun 15 00:41:02 🈸 🛒南极人5双装袜子男短袜春夏季透🛒
Jun 15 00:41:02 🚫 🛒南极人5双装袜子男短袜春夏季透🛒 申请失败：现在有点忙，请稍后再试哦
Jun 15 00:41:02 🚫 🛒南极人5双装袜子男短袜春夏季透🛒 申请失败：现在有点忙，请稍后再试哦
Jun 15 00:41:03 🈸 🛒惠寻【14包量贩装】竹浆本色4🛒
Jun 15 00:41:03 🈸 🛒惠寻【14包量贩装】竹浆本色4🛒
Jun 15 00:41:03 🚫 🛒惠寻【14包量贩装】竹浆本色4🛒 申请失败：现在有点忙，请稍后再试哦
Jun 15 00:41:03 🚫 🛒惠寻【14包量贩装】竹浆本色4🛒 申请失败：现在有点忙，请稍后再试哦
Jun 15 00:41:03 🈸 🛒科大讯飞智能录音笔 听见H1转🛒
Jun 15 00:41:03 🈸 🛒科大讯飞智能录音笔 听见H1转🛒
Jun 15 00:41:03 🚫 🛒科大讯飞智能录音笔 听见H1转🛒 申请失败：现在有点忙，请稍后再试哦
Jun 15 00:41:03 🚫 🛒科大讯飞智能录音笔 听见H1转🛒 申请失败：现在有点忙，请稍后再试哦
Jun 15 00:41:03 🈸 🛒润本（RUNBEN）蚊香液 驱🛒
Jun 15 00:41:03 🈸 🛒润本（RUNBEN）蚊香液 驱🛒
Jun 15 00:41:03 🚫 🛒润本（RUNBEN）蚊香液 驱🛒 申请失败：现在有点忙，请稍后再试哦
Jun 15 00:41:03 🚫 🛒润本（RUNBEN）蚊香液 驱🛒 申请失败：现在有点忙，请稍后再试哦
Jun 15 00:41:04 🈸 🛒润本（RUNBEN） 电蚊拍 🛒
Jun 15 00:41:04 🈸 🛒润本（RUNBEN） 电蚊拍 🛒
Jun 15 00:41:04 🚫 🛒润本（RUNBEN） 电蚊拍 🛒 申请失败：现在有点忙，请稍后再试哦
Jun 15 00:41:04 🚫 🛒润本（RUNBEN） 电蚊拍 🛒 申请失败：现在有点忙，请稍后再试哦
Jun 15 00:41:04 🈸 🛒【同价618】【云南本草】幽门🛒
Jun 15 00:41:04 🈸 🛒【同价618】【云南本草】幽门🛒
Jun 15 00:41:04 🚫 🛒【同价618】【云南本草】幽门🛒 申请失败：现在有点忙，请稍后再试哦
Jun 15 00:41:04 🚫 🛒【同价618】【云南本草】幽门🛒 申请失败：现在有点忙，请稍后再试哦
Jun 15 00:41:04 ----------
Jun 15 00:41:04 ⏳ 等待申请价格保护结果...
Jun 15 00:41:04 ----------
Jun 15 00:41:04 🧮 本次价格保护金额：0💰
Jun 15 00:41:04 
Jun 15 00:41:04 🔔京东保价, 结束! 🕛 4.703 秒
Jun 15 00:41:04 
Jun 15 00:41:04 ----------
Jun 15 00:41:04 ⏳ 等待申请价格保护结果...
Jun 15 00:41:04 ----------
Jun 15 00:41:04 🧮 本次价格保护金额：0💰
Jun 15 00:41:04 
Jun 15 00:41:04 🔔京东保价, 结束! 🕛 4.722 秒
Jun 15 00:41:04 
Jun 15 11:41:00 
Jun 15 11:41:00 🔔京东保价, 开始!
Jun 15 11:41:00 
Jun 15 11:41:00 🔔京东保价, 开始!
Jun 15 11:41:00 您的cookie选择的是用&隔开
Jun 15 11:41:00Jun 15 11:41:00 
 您的cookie选择的是用&隔开
Jun 15 11:41:00 
Jun 15 11:41:00 
Jun 15 11:41:00 ====================共有2个京东账号Cookie=========
Jun 15 11:41:00Jun 15 11:41:00 
 
Jun 15 11:41:00 ====================共有2个京东账号Cookie=========
Jun 15 11:41:00 
Jun 15 11:41:01 ==================脚本执行- 北京时间(UTC+8)：6/15/2021, 11:41:00 AM=====================
Jun 15 11:41:01 
Jun 15 11:41:01 ==================脚本执行- 北京时间(UTC+8)：6/15/2021, 11:41:00 AM=====================
Jun 15 11:41:01 
Jun 15 11:41:01 
Jun 15 11:41:01 ***********开始【账号1】455979050-14287437********
Jun 15 11:41:01 
Jun 15 11:41:01 💥 获得首页面，解析超参数
Jun 15 11:41:01 
Jun 15 11:41:01 ***********开始【账号1】455979050-14287437********
Jun 15 11:41:01 
Jun 15 11:41:01 💥 获得首页面，解析超参数
Jun 15 11:41:01 ----------
Jun 15 11:41:01 🧾 获取所有价格保护列表，排除附件商品
Jun 15 11:41:01 ----------
Jun 15 11:41:01 🧾 获取所有价格保护列表，排除附件商品
Jun 15 11:41:01 ----------
Jun 15 11:41:01 🗑 删除不符合订单
Jun 15 11:41:01 ----------
Jun 15 11:41:01 ----------
Jun 15 11:41:01 🗑 删除不符合订单
Jun 15 11:41:01 ----------
Jun 15 11:41:01 🚫 删除商品：🛒纪诗哲GIEVSZHE品牌情侣🛒
Jun 15 11:41:01 🚫 删除商品：🛒SAKURA ST日本进口护肤🛒
Jun 15 11:41:01 🚫 删除商品：🛒【京喜工厂】佳洁士天然多效牙膏🛒
Jun 15 11:41:01 🚫 删除商品：🛒纪诗哲GIEVSZHE品牌情侣🛒
Jun 15 11:41:01 🚫 删除商品：🛒正品保证1🛒
Jun 15 11:41:01 🚫 删除商品：🛒SAKURA ST日本进口护肤🛒
Jun 15 11:41:01 🚫 删除商品：🛒【顺丰快递】山东烟台栖霞红富士🛒
Jun 15 11:41:01 🚫 删除商品：🛒【二手9成新】苹果8Plus 🛒
Jun 15 11:41:01 🚫 删除商品：🛒破损包赔1🛒
Jun 15 11:41:01 🚫 删除商品：🛒【京喜工厂】佳洁士天然多效牙膏🛒
Jun 15 11:41:01 🚫 删除商品：🛒印自然（姚记优品 ) 沐浴露滋🛒
Jun 15 11:41:01 🚫 删除商品：🛒印自然（姚记优品 ) 沐浴露滋🛒
Jun 15 11:41:01 🚫 删除商品：🛒湖北巴东橙子果园直发现摘现发甜🛒
Jun 15 11:41:01 🚫 删除商品：🛒优先发货1🛒
Jun 15 11:41:01 🚫 删除商品：🛒优先发货1🛒
Jun 15 11:41:01 🚫 删除商品：🛒【二手9成新】苹果8Plus 🛒
Jun 15 11:41:01 🚫 删除商品：🛒湖北巴东橙子果园直发现摘现发甜🛒
Jun 15 11:41:01 🚫 删除商品：🛒正品保证1🛒
Jun 15 11:41:01 🚫 删除商品：🛒破损包赔1🛒
Jun 15 11:41:01 🚫 删除商品：🛒绿联（UGREEN）六类CAT🛒
Jun 15 11:41:01 🚫 删除商品：🛒【顺丰快递】山东烟台栖霞红富士🛒
Jun 15 11:41:01 🚫 删除商品：🛒绿联（UGREEN）六类CAT🛒
Jun 15 11:41:01 🚫 删除商品：🛒木丁丁 笔记本散热器 游戏本底🛒
Jun 15 11:41:01 🚫 删除商品：🛒木丁丁 笔记本散热器 游戏本底🛒
Jun 15 11:41:01 🚫 删除商品：🛒蒙牛 特仑苏 纯牛奶 品质牛奶🛒
Jun 15 11:41:01 🚫 删除商品：🛒清氛壳聚糖创护凝胶疤痕护理剖腹🛒
Jun 15 11:41:01 🚫 删除商品：🛒讲给孩子的故宫：书法之美🛒
Jun 15 11:41:01 🚫 删除商品：🛒杰士邦 避孕套 安全套 ZER🛒
Jun 15 11:41:01 🚫 删除商品：🛒杰士邦 避孕套 安全套 ZER🛒
Jun 15 11:41:01 🚫 删除商品：🛒蒙牛 特仑苏 纯牛奶 品质牛奶🛒
Jun 15 11:41:01 🚫 删除商品：🛒亚太森博（Asia Symbo🛒
Jun 15 11:41:01 🚫 删除商品：🛒清氛壳聚糖创护凝胶疤痕护理剖腹🛒
Jun 15 11:41:01 🚫 删除商品：🛒讲给孩子的故宫：书法之美🛒
Jun 15 11:41:01 🚫 删除商品：🛒杰士邦避孕套安全套超薄凸点3D🛒
Jun 15 11:41:01 🚫 删除商品：🛒杰士邦避孕套安全套超薄凸点3D🛒
Jun 15 11:41:01 ----------
Jun 15 11:41:01 📊 5个商品即将申请价格保护！
Jun 15 11:41:01 ----------
Jun 15 11:41:01 🚫 删除商品：🛒杰士邦 避孕套 安全套 ZER🛒
Jun 15 11:41:01 🈸 🛒惠寻无芯竹浆4层加厚纸巾妇婴适🛒
Jun 15 11:41:01 🚫 删除商品：🛒杰士邦 避孕套 安全套 ZER🛒
Jun 15 11:41:01 🚫 删除商品：🛒亚太森博（Asia Symbo🛒
Jun 15 11:41:01 ----------
Jun 15 11:41:01 📊 5个商品即将申请价格保护！
Jun 15 11:41:01 ----------
Jun 15 11:41:01 🈸 🛒惠寻无芯竹浆4层加厚纸巾妇婴适🛒
Jun 15 11:41:01 🚫 🛒惠寻无芯竹浆4层加厚纸巾妇婴适🛒 申请失败：现在有点忙，请稍后再试哦
Jun 15 11:41:01 🚫 🛒惠寻无芯竹浆4层加厚纸巾妇婴适🛒 申请失败：现在有点忙，请稍后再试哦
Jun 15 11:41:01 🈸 🛒佳佰 抱枕靠垫 北欧简约纯色可🛒
Jun 15 11:41:01 🈸 🛒佳佰 抱枕靠垫 北欧简约纯色可🛒
Jun 15 11:41:01 🚫 🛒佳佰 抱枕靠垫 北欧简约纯色可🛒 申请失败：现在有点忙，请稍后再试哦
Jun 15 11:41:01 🚫 🛒佳佰 抱枕靠垫 北欧简约纯色可🛒 申请失败：现在有点忙，请稍后再试哦
Jun 15 11:41:02 🈸 🛒华硕 UX300PRO 有线鼠🛒
Jun 15 11:41:02 🈸 🛒华硕 UX300PRO 有线鼠🛒
Jun 15 11:41:02 🚫 🛒华硕 UX300PRO 有线鼠🛒 申请失败：现在有点忙，请稍后再试哦
Jun 15 11:41:02 🚫 🛒华硕 UX300PRO 有线鼠🛒 申请失败：现在有点忙，请稍后再试哦
Jun 15 11:41:02 🈸 🛒海天 招牌香菇酱300g 拌饭🛒
Jun 15 11:41:02 🈸 🛒海天 招牌香菇酱300g 拌饭🛒
Jun 15 11:41:02 🚫 🛒海天 招牌香菇酱300g 拌饭🛒 申请失败：现在有点忙，请稍后再试哦
Jun 15 11:41:02 🚫 🛒海天 招牌香菇酱300g 拌饭🛒 申请失败：现在有点忙，请稍后再试哦
Jun 15 11:41:02 🈸 🛒合生元（BIOSTIME）贝塔🛒
Jun 15 11:41:02 🈸 🛒合生元（BIOSTIME）贝塔🛒
Jun 15 11:41:02 🚫 🛒合生元（BIOSTIME）贝塔🛒 申请失败：现在有点忙，请稍后再试哦
Jun 15 11:41:02 🚫 🛒合生元（BIOSTIME）贝塔🛒 申请失败：现在有点忙，请稍后再试哦
Jun 15 11:41:03 ----------
Jun 15 11:41:03 ⏳ 等待申请价格保护结果...
Jun 15 11:41:03 ----------
Jun 15 11:41:03 🧮 本次价格保护金额：0💰
Jun 15 11:41:03 ----------
Jun 15 11:41:03 ⏳ 等待申请价格保护结果...
Jun 15 11:41:03 ----------
Jun 15 11:41:03 🧮 本次价格保护金额：0💰
Jun 15 11:41:03 
Jun 15 11:41:03 ***********开始【账号2】jd_7a84de20543eb********
Jun 15 11:41:03 
Jun 15 11:41:03 💥 获得首页面，解析超参数
Jun 15 11:41:03 
Jun 15 11:41:03 ***********开始【账号2】jd_7a84de20543eb********
Jun 15 11:41:03 
Jun 15 11:41:03 💥 获得首页面，解析超参数
Jun 15 11:41:03 ----------
Jun 15 11:41:03 🧾 获取所有价格保护列表，排除附件商品
Jun 15 11:41:03 ----------
Jun 15 11:41:03 🧾 获取所有价格保护列表，排除附件商品
Jun 15 11:41:03 ----------
Jun 15 11:41:03 🗑 删除不符合订单
Jun 15 11:41:03 ----------
Jun 15 11:41:03 ----------
Jun 15 11:41:03 🗑 删除不符合订单
Jun 15 11:41:03 ----------
Jun 15 11:41:03 🚫 删除商品：🛒小鸭（LittleDuck）全🛒
Jun 15 11:41:03 🚫 删除商品：🛒【京喜工厂】南极人丝袜女夏季薄🛒
Jun 15 11:41:03 🚫 删除商品：🛒【299 减180】良品铺子 🛒
Jun 15 11:41:03 🚫 删除商品：🛒【晒图奖励】添加图片3张以上+🛒
Jun 15 11:41:03 🚫 删除商品：🛒HR赫莲娜绿宝瓶轻乳霜1.5m🛒
Jun 15 11:41:03 🚫 删除商品：🛒小鸭（LittleDuck）全🛒
Jun 15 11:41:03 🚫 删除商品：🛒左点 光大夫一次性成人医用口罩🛒
Jun 15 11:41:03 🚫 删除商品：🛒【299 减180】良品铺子 🛒
Jun 15 11:41:03 🚫 删除商品：🛒【299 减180】良品铺子 🛒
Jun 15 11:41:03 🚫 删除商品：🛒【晒图奖励】添加图片3张以上+🛒
Jun 15 11:41:03 🚫 删除商品：🛒【医用级准】鱼跃（Yuwell🛒
Jun 15 11:41:03 🚫 删除商品：🛒【299 减180】良品铺子 🛒
Jun 15 11:41:03 🚫 删除商品：🛒【299 减180】良品铺子 🛒
Jun 15 11:41:03 🚫 删除商品：🛒HR赫莲娜绿宝瓶轻乳霜1.5m🛒
Jun 15 11:41:03 🚫 删除商品：🛒【299 减180】良品铺子甜🛒
Jun 15 11:41:03 🚫 删除商品：🛒【299 减180】良品铺子 🛒
Jun 15 11:41:03 🚫 删除商品：🛒鸡蛋16枚土鸡蛋农家散养新鲜鸡🛒
Jun 15 11:41:03 🚫 删除商品：🛒红白莲花输入一分二音频通用手机🛒
Jun 15 11:41:03 🚫 删除商品：🛒【299 减180】良品铺子_🛒
Jun 15 11:41:03 🚫 删除商品：🛒蒙牛优益C活性乳酸菌饮品原味百🛒
Jun 15 11:41:03 🚫 删除商品：🛒【299 减180】良品铺子 🛒
Jun 15 11:41:03 🚫 删除商品：🛒【299 减180】良品铺子 🛒
Jun 15 11:41:03 🚫 删除商品：🛒三只松鼠益生菌每日坚果 零食坚🛒
Jun 15 11:41:03 🚫 删除商品：🛒汤臣倍健 维生素B族片60片 🛒
Jun 15 11:41:03 🚫 删除商品：🛒汤臣倍健 维生素B族片多种复合🛒
Jun 15 11:41:03 🚫 删除商品：🛒蒙牛优益C活性乳酸菌饮品原味百🛒
Jun 15 11:41:03 🚫 删除商品：🛒【299 减180】良品铺子 🛒
Jun 15 11:41:03 🚫 删除商品：🛒三只松鼠无核山楂片小贱山楂干蜜🛒
Jun 15 11:41:03 🚫 删除商品：🛒伊利 安慕希高端颗粒系列 青桔🛒
Jun 15 11:41:03 🚫 删除商品：🛒【京喜工厂】南极人丝袜女夏季薄🛒
Jun 15 11:41:03 🚫 删除商品：🛒【299 减180】良品铺子 🛒
Jun 15 11:41:03 🚫 删除商品：🛒【299 减180】良品铺子甜🛒
Jun 15 11:41:03 🚫 删除商品：🛒【医用级准】鱼跃（Yuwell🛒
Jun 15 11:41:03 🚫 删除商品：🛒红白莲花输入一分二音频通用手机🛒
Jun 15 11:41:03 🚫 删除商品：🛒【299 减180】良品铺子_🛒
Jun 15 11:41:03 🚫 删除商品：🛒【299 减180】良品铺子 🛒
Jun 15 11:41:03 🚫 删除商品：🛒鸡蛋16枚土鸡蛋农家散养新鲜鸡🛒
Jun 15 11:41:03 🚫 删除商品：🛒左点 光大夫一次性成人医用口罩🛒
Jun 15 11:41:03 🚫 删除商品：🛒【299 减180】良品铺子 🛒
Jun 15 11:41:03 🚫 删除商品：🛒三只松鼠无核山楂片小贱山楂干蜜🛒
Jun 15 11:41:03 🚫 删除商品：🛒【299 减180】良品铺子 🛒
Jun 15 11:41:03 🚫 删除商品：🛒三只松鼠益生菌每日坚果 零食坚🛒
Jun 15 11:41:03 🚫 删除商品：🛒汤臣倍健 维生素B族片多种复合🛒
Jun 15 11:41:03 ----------
Jun 15 11:41:03 📊 6个商品即将申请价格保护！
Jun 15 11:41:03 ----------
Jun 15 11:41:03 🈸 🛒南极人5双装袜子男短袜春夏季透🛒
Jun 15 11:41:03 🚫 删除商品：🛒【299 减180】良品铺子 🛒
Jun 15 11:41:03 🚫 删除商品：🛒汤臣倍健 维生素B族片60片 🛒
Jun 15 11:41:03 🚫 删除商品：🛒伊利 安慕希高端颗粒系列 青桔🛒
Jun 15 11:41:03 ----------
Jun 15 11:41:03 📊 6个商品即将申请价格保护！
Jun 15 11:41:03 ----------
Jun 15 11:41:03 🈸 🛒南极人5双装袜子男短袜春夏季透🛒
Jun 15 11:41:03 🚫 🛒南极人5双装袜子男短袜春夏季透🛒 申请失败：现在有点忙，请稍后再试哦
Jun 15 11:41:03 🚫 🛒南极人5双装袜子男短袜春夏季透🛒 申请失败：现在有点忙，请稍后再试哦
Jun 15 11:41:04 🈸 🛒惠寻【14包量贩装】竹浆本色4🛒
Jun 15 11:41:04 🈸 🛒惠寻【14包量贩装】竹浆本色4🛒
Jun 15 11:41:04 🚫 🛒惠寻【14包量贩装】竹浆本色4🛒 申请失败：现在有点忙，请稍后再试哦
Jun 15 11:41:04 🚫 🛒惠寻【14包量贩装】竹浆本色4🛒 申请失败：现在有点忙，请稍后再试哦
Jun 15 11:41:04 🈸 🛒科大讯飞智能录音笔 听见H1转🛒
Jun 15 11:41:04 🈸 🛒科大讯飞智能录音笔 听见H1转🛒
Jun 15 11:41:04 🚫 🛒科大讯飞智能录音笔 听见H1转🛒 申请失败：现在有点忙，请稍后再试哦
Jun 15 11:41:04 🚫 🛒科大讯飞智能录音笔 听见H1转🛒 申请失败：现在有点忙，请稍后再试哦
Jun 15 11:41:04 🈸 🛒润本（RUNBEN）蚊香液 驱🛒
Jun 15 11:41:04 🈸 🛒润本（RUNBEN）蚊香液 驱🛒
Jun 15 11:41:04 🚫 🛒润本（RUNBEN）蚊香液 驱🛒 申请失败：现在有点忙，请稍后再试哦
Jun 15 11:41:04 🚫 🛒润本（RUNBEN）蚊香液 驱🛒 申请失败：现在有点忙，请稍后再试哦
Jun 15 11:41:05 🈸 🛒润本（RUNBEN） 电蚊拍 🛒
Jun 15 11:41:05 🈸 🛒润本（RUNBEN） 电蚊拍 🛒
Jun 15 11:41:05 🚫 🛒润本（RUNBEN） 电蚊拍 🛒 申请失败：现在有点忙，请稍后再试哦
Jun 15 11:41:05 🚫 🛒润本（RUNBEN） 电蚊拍 🛒 申请失败：现在有点忙，请稍后再试哦
Jun 15 11:41:05 🈸 🛒【同价618】【云南本草】幽门🛒
Jun 15 11:41:05 🈸 🛒【同价618】【云南本草】幽门🛒
Jun 15 11:41:05 🚫 🛒【同价618】【云南本草】幽门🛒 申请失败：现在有点忙，请稍后再试哦
Jun 15 11:41:05 🚫 🛒【同价618】【云南本草】幽门🛒 申请失败：现在有点忙，请稍后再试哦
Jun 15 11:41:05 ----------
Jun 15 11:41:05 ⏳ 等待申请价格保护结果...
Jun 15 11:41:05 ----------
Jun 15 11:41:05Jun 15 11:41:05 🧮 本次价格保护金额：0💰
 ----------
Jun 15 11:41:05 ⏳ 等待申请价格保护结果...
Jun 15 11:41:05 ----------
Jun 15 11:41:05 🧮 本次价格保护金额：0💰
Jun 15 11:41:05Jun 15 11:41:05 
 
Jun 15 11:41:05Jun 15 11:41:05 🔔京东保价, 结束! 🕛 4.726 秒
 🔔京东保价, 结束! 🕛 4.726 秒
Jun 15 11:41:05Jun 15 11:41:05 
 
