Jun 14 06:46:00Jun 14 06:46:00 
 
Jun 14 06:46:00Jun 14 06:46:00 🔔东东小窝, 开始!
 🔔东东小窝, 开始!
Jun 14 06:46:00 您的cookie选择的是用&隔开
Jun 14 06:46:00 
Jun 14 06:46:00 
Jun 14 06:46:00Jun 14 06:46:00 您的cookie选择的是用&隔开
 ====================共有2个京东账号Cookie=========
Jun 14 06:46:00Jun 14 06:46:00 
 
Jun 14 06:46:00 
Jun 14 06:46:00 ====================共有2个京东账号Cookie=========
Jun 14 06:46:00 
Jun 14 06:46:00 ==================脚本执行- 北京时间(UTC+8)：6/14/2021, 6:46:00 AM=====================
Jun 14 06:46:00 
Jun 14 06:46:00 ==================脚本执行- 北京时间(UTC+8)：6/14/2021, 6:46:00 AM=====================
Jun 14 06:46:00 
Jun 14 06:46:00 
Jun 14 06:46:00 *******开始【京东账号1】455979050-14287437********
Jun 14 06:46:00 
Jun 14 06:46:00 
Jun 14 06:46:00 *******开始【京东账号1】455979050-14287437********
Jun 14 06:46:00 
Jun 14 06:46:00 
Jun 14 06:46:00 您的东东小窝shareCode(每天都是变化的):【1404208460590608386】
Jun 14 06:46:00 
Jun 14 06:46:00 
Jun 14 06:46:00 您的东东小窝shareCode(每天都是变化的):【1404208460590608386】
Jun 14 06:46:00 
Jun 14 06:46:01  任务名称   完成进度 
Jun 14 06:46:01 邀请任务      0/4
Jun 14 06:46:01 每日打卡      0/1
Jun 14 06:46:01 限时连连看      0/2
Jun 14 06:46:01 关注店铺      19/10
Jun 14 06:46:01 浏览店铺      0/10
Jun 14 06:46:01 关注频道      0/3
Jun 14 06:46:01 浏览频道      0/3
Jun 14 06:46:01 加购商品      0/12
Jun 14 06:46:01 浏览商品      0/5
Jun 14 06:46:01 浏览会场      0/10
Jun 14 06:46:01 createAssistUserID:1318106976846299138
Jun 14 06:46:01 
Jun 14 06:46:01 
Jun 14 06:46:01 助力您的好友:0人
Jun 14 06:47:12 浏览店铺 {"head":{"code":200,"msg":"浏览成功"}}
Jun 14 06:47:14 浏览店铺 {"head":{"code":200,"msg":"浏览成功"}}
Jun 14 06:47:14 浏览店铺 {"head":{"code":200,"msg":"浏览成功"}}
Jun 14 06:47:14 浏览店铺 {"head":{"code":200,"msg":"浏览成功"}}
Jun 14 06:47:15 浏览店铺 {"head":{"code":200,"msg":"浏览成功"}}
Jun 14 06:47:22 浏览店铺 {"head":{"code":200,"msg":"浏览成功"}}
Jun 14 06:47:24 浏览店铺 {"head":{"code":200,"msg":"浏览成功"}}
Jun 14 06:47:24 浏览店铺 {"head":{"code":200,"msg":"浏览成功"}}
Jun 14 06:47:25 浏览店铺 {"head":{"code":200,"msg":"浏览成功"}}
Jun 14 06:47:26 浏览店铺 {"head":{"code":200,"msg":"浏览成功"}}
Jun 14 06:47:31 浏览频道 {"head":{"code":200,"msg":"浏览频道成功"}}
Jun 14 06:47:34 浏览频道 {"head":{"code":200,"msg":"浏览频道成功"}}
Jun 14 06:47:44 浏览频道 {"head":{"code":200,"msg":"浏览频道成功"}}
Jun 14 06:47:45 浏览商品 {"head":{"code":200,"msg":"浏览商品成功"}}
Jun 14 06:47:47 浏览商品 {"head":{"code":200,"msg":"浏览商品成功"}}
Jun 14 06:47:48 浏览商品 {"head":{"code":200,"msg":"浏览商品成功"}}
Jun 14 06:47:48 浏览商品 {"head":{"code":200,"msg":"浏览商品成功"}}
Jun 14 06:47:50 浏览商品 {"head":{"code":200,"msg":"浏览商品成功"}}
Jun 14 06:47:51 浏览会场 {"head":{"code":200,"msg":"浏览成功"}}
Jun 14 06:47:56 浏览会场 {"head":{"code":200,"msg":"浏览成功"}}
Jun 14 06:47:56 浏览会场 {"head":{"code":200,"msg":"浏览成功"}}
Jun 14 06:48:06 浏览会场 {"head":{"code":200,"msg":"浏览成功"}}
Jun 14 06:48:08 浏览会场 {"head":{"code":200,"msg":"浏览成功"}}
Jun 14 06:48:08 浏览会场 {"head":{"code":200,"msg":"浏览成功"}}
Jun 14 06:48:11 浏览会场 {"head":{"code":200,"msg":"浏览成功"}}
Jun 14 06:48:12 浏览会场 {"head":{"code":200,"msg":"浏览成功"}}
Jun 14 06:48:13 浏览会场 {"head":{"code":200,"msg":"浏览成功"}}
Jun 14 06:48:15 浏览会场 {"head":{"code":200,"msg":"浏览成功"}}
Jun 14 06:48:16 
Jun 14 06:48:16 兑换150京豆失败:当前wo币99792不够兑换所需的1699999WO币
Jun 14 06:48:16 
Jun 14 06:48:16 ==============📣系统通知📣==============
Jun 14 06:48:16 东东小窝
Jun 14 06:48:16 【京东账号1】455979050-14287437
Jun 14 06:48:16 【免费抽奖】获得：50个wo币
Jun 14 06:48:16 【小窝名】续缘涌胳弟内缚熊
Jun 14 06:48:16 【当前WO币】99792
Jun 14 06:48:16 【装饰领京豆】兑换150京豆失败,原因:WO币不够
Jun 14 06:48:16 
Jun 14 06:48:16 
Jun 14 06:48:16 *******开始【京东账号2】jd_7a84de20543eb********
Jun 14 06:48:16 
Jun 14 06:48:34 京东账号2jd_7a84de20543eb未开启此活动
Jun 14 06:48:34 
Jun 14 06:48:34 
Jun 14 06:48:34 ==============📣系统通知📣==============
Jun 14 06:48:34 东东小窝
Jun 14 06:48:34 京东账号2jd_7a84de20543eb未开启此活动
Jun 14 06:48:34 点击弹窗去开启此活动(￣▽￣)"
Jun 14 06:48:34 
Jun 14 06:48:34 去帮助作者:lxk0301
Jun 14 06:48:34 
Jun 14 06:53:08 "Response code 404 (Not Found)"
Jun 14 06:53:08 "Response code 404 (Not Found)"
Jun 14 06:53:08 东东小窝 API请求失败，请检查网路重试
Jun 14 06:53:08 "Response code 403 (Forbidden)"
Jun 14 06:53:08 东东小窝 API请求失败，请检查网路重试
Jun 14 06:53:08 
Jun 14 06:53:08 ❌ 东东小窝, 失败! 原因: TypeError: Cannot read property 'inviteCode' of undefined!
Jun 14 06:53:08 
Jun 14 06:53:08 
Jun 14 06:53:08 🔔东东小窝, 结束! 🕛 428.68 秒
Jun 14 06:53:08 
Jun 14 23:46:00 
Jun 14 23:46:00 🔔东东小窝, 开始!
Jun 14 23:46:00 您的cookie选择的是用&隔开
Jun 14 23:46:00 
Jun 14 23:46:00 
Jun 14 23:46:00 ====================共有2个京东账号Cookie=========
Jun 14 23:46:00 
Jun 14 23:46:00 
Jun 14 23:46:00 🔔东东小窝, 开始!
Jun 14 23:46:00 您的cookie选择的是用&隔开
Jun 14 23:46:00 
Jun 14 23:46:00 
Jun 14 23:46:00 ====================共有2个京东账号Cookie=========
Jun 14 23:46:00 
Jun 14 23:46:00 ==================脚本执行- 北京时间(UTC+8)：6/14/2021, 11:46:00 PM=====================
Jun 14 23:46:00 
Jun 14 23:46:00 ==================脚本执行- 北京时间(UTC+8)：6/14/2021, 11:46:00 PM=====================
Jun 14 23:46:00 
Jun 14 23:46:00 
Jun 14 23:46:00 *******开始【京东账号1】455979050-14287437********
Jun 14 23:46:00 
Jun 14 23:46:00 
Jun 14 23:46:00 *******开始【京东账号1】455979050-14287437********
Jun 14 23:46:00 
Jun 14 23:46:15 
Jun 14 23:46:15 您的东东小窝shareCode(每天都是变化的):【1404208460590608386】
Jun 14 23:46:15 
Jun 14 23:46:15 免费抽奖机会今日已使用
Jun 14 23:46:15 
Jun 14 23:46:40  任务名称   完成进度 
Jun 14 23:46:40 邀请任务      0/4
Jun 14 23:46:40 每日打卡      1/1
Jun 14 23:46:40 限时连连看      2/2
Jun 14 23:46:40 关注店铺      19/10
Jun 14 23:46:40 浏览店铺      10/10
Jun 14 23:46:40 关注频道      0/3
Jun 14 23:46:40 浏览频道      3/3
Jun 14 23:46:40 加购商品      0/12
Jun 14 23:46:40 浏览商品      5/5
Jun 14 23:46:40 浏览会场      10/10
Jun 14 23:46:40 createAssistUserID:1318106976846299138
Jun 14 23:46:40 
Jun 14 23:46:40 
Jun 14 23:46:40 助力您的好友:0人
Jun 14 23:46:40 每日打卡已完成（1/1）
Jun 14 23:46:40 限时连连看已完成[2/2]
Jun 14 23:47:47 浏览店铺已完成[10/10]
Jun 14 23:47:51 浏览频道已完成[3/3]
Jun 14 23:47:51 浏览商品已完成[5/5]
Jun 14 23:47:51 浏览会场已完成[10/10]
Jun 14 23:47:52 
Jun 14 23:47:52 兑换150京豆失败:当前wo币99792不够兑换所需的1699999WO币
Jun 14 23:47:52 
Jun 14 23:47:52 ==============📣系统通知📣==============
Jun 14 23:47:52 东东小窝
Jun 14 23:47:52 【京东账号1】455979050-14287437
Jun 14 23:47:52 【小窝名】续缘涌胳弟内缚熊
Jun 14 23:47:52 【当前WO币】99792
Jun 14 23:47:52 【装饰领京豆】兑换150京豆失败,原因:WO币不够
Jun 14 23:47:52 
Jun 14 23:47:52 
Jun 14 23:47:52 *******开始【京东账号2】jd_7a84de20543eb********
Jun 14 23:47:52 
Jun 14 23:47:58 京东账号2jd_7a84de20543eb未开启此活动
Jun 14 23:47:58 
Jun 14 23:47:58 
Jun 14 23:47:58 ==============📣系统通知📣==============
Jun 14 23:47:58 东东小窝
Jun 14 23:47:58 京东账号2jd_7a84de20543eb未开启此活动
Jun 14 23:47:58 点击弹窗去开启此活动(￣▽￣)"
Jun 14 23:47:58 
Jun 14 23:47:58 去帮助作者:lxk0301
Jun 14 23:47:58 
Jun 15 06:46:01 
Jun 15 06:46:01 🔔东东小窝, 开始!
Jun 15 06:46:01 
Jun 15 06:46:01 🔔东东小窝, 开始!
Jun 15 06:46:01 您的cookie选择的是用&隔开
Jun 15 06:46:01 
Jun 15 06:46:01 
Jun 15 06:46:01 ====================共有2个京东账号Cookie=========
Jun 15 06:46:01 
Jun 15 06:46:01 您的cookie选择的是用&隔开
Jun 15 06:46:01 
Jun 15 06:46:01 
Jun 15 06:46:01 ====================共有2个京东账号Cookie=========
Jun 15 06:46:01 
Jun 15 06:46:01 ==================脚本执行- 北京时间(UTC+8)：6/15/2021, 6:46:01 AM=====================
Jun 15 06:46:01 
Jun 15 06:46:01 ==================脚本执行- 北京时间(UTC+8)：6/15/2021, 6:46:01 AM=====================
Jun 15 06:46:01 
Jun 15 06:46:01 
Jun 15 06:46:01 *******开始【京东账号1】455979050-14287437********
Jun 15 06:46:01 
Jun 15 06:46:01 
Jun 15 06:46:01 *******开始【京东账号1】455979050-14287437********
Jun 15 06:46:01 
Jun 15 06:46:12 
Jun 15 06:46:12 您的东东小窝shareCode(每天都是变化的):【1404570894967377921】
Jun 15 06:46:12 
Jun 15 06:46:16  任务名称   完成进度 
Jun 15 06:46:16 邀请任务      0/4
Jun 15 06:46:16 每日打卡      0/1
Jun 15 06:46:16 限时连连看      0/2
Jun 15 06:46:16 关注店铺      19/10
Jun 15 06:46:16 浏览店铺      0/10
Jun 15 06:46:16 关注频道      0/3
Jun 15 06:46:16 浏览频道      0/3
Jun 15 06:46:16 加购商品      0/12
Jun 15 06:46:16 浏览商品      0/5
Jun 15 06:46:16 浏览会场      0/10
Jun 15 06:46:16 createAssistUserID:1318106976846299138
Jun 15 06:46:16 
Jun 15 06:46:16 
Jun 15 06:46:16 助力您的好友:0人
Jun 15 06:46:33 
Jun 15 06:46:33 您的东东小窝shareCode(每天都是变化的):【1404570894967377921】
Jun 15 06:46:33 
Jun 15 06:46:34 免费抽奖机会今日已使用
Jun 15 06:46:34 
Jun 15 06:46:38  任务名称   完成进度 
Jun 15 06:46:38 邀请任务      0/4
Jun 15 06:46:38 每日打卡      1/1
Jun 15 06:46:38 限时连连看      2/2
Jun 15 06:46:38 关注店铺      19/10
Jun 15 06:46:38 浏览店铺      0/10
Jun 15 06:46:38 关注频道      0/3
Jun 15 06:46:38 浏览频道      0/3
Jun 15 06:46:38 加购商品      0/12
Jun 15 06:46:38 浏览商品      0/5
Jun 15 06:46:38 浏览会场      0/10
Jun 15 06:46:38 createAssistUserID:1318106976846299138
Jun 15 06:46:38 
Jun 15 06:46:38 
Jun 15 06:46:38 助力您的好友:0人
Jun 15 06:46:38 每日打卡已完成（1/1）
Jun 15 06:46:38 限时连连看已完成[2/2]
Jun 15 06:46:58 浏览店铺 {"head":{"code":200,"msg":"浏览成功"}}
Jun 15 06:47:04 浏览店铺 {"head":{"code":200,"msg":"浏览成功"}}
Jun 15 06:47:05 浏览店铺 {"head":{"code":200,"msg":"浏览成功"}}
Jun 15 06:47:06 浏览店铺 {"head":{"code":200,"msg":"浏览成功"}}
Jun 15 06:47:06 浏览店铺 {"head":{"code":200,"msg":"浏览成功"}}
Jun 15 06:47:06 浏览店铺 {"head":{"code":200,"msg":"浏览成功"}}
Jun 15 06:47:08 浏览店铺 {"head":{"code":200,"msg":"浏览成功"}}
Jun 15 06:47:09 浏览店铺 {"head":{"code":200,"msg":"浏览成功"}}
Jun 15 06:47:10 浏览店铺 {"head":{"code":200,"msg":"浏览成功"}}
Jun 15 06:47:10 浏览店铺 {"head":{"code":200,"msg":"浏览成功"}}
Jun 15 06:47:10 浏览店铺 {"head":{"code":400,"msg":"今日浏览次数已达上限"}}
Jun 15 06:47:12 浏览店铺 {"head":{"code":400,"msg":"今日浏览次数已达上限"}}
Jun 15 06:47:13 浏览店铺 {"head":{"code":400,"msg":"今日浏览次数已达上限"}}
Jun 15 06:47:13 浏览店铺 {"head":{"code":400,"msg":"今日浏览次数已达上限"}}
Jun 15 06:47:19 浏览店铺 {"head":{"code":400,"msg":"今日浏览次数已达上限"}}
Jun 15 06:47:19 浏览店铺 {"head":{"code":400,"msg":"今日浏览次数已达上限"}}
Jun 15 06:47:20 浏览店铺 {"head":{"code":400,"msg":"今日浏览次数已达上限"}}
Jun 15 06:47:28 浏览店铺 {"head":{"code":400,"msg":"今日浏览次数已达上限"}}
Jun 15 06:47:47 浏览频道 {"head":{"code":200,"msg":"浏览频道成功"}}
Jun 15 06:47:47 浏览频道 {"head":{"code":200,"msg":"浏览频道成功"}}
Jun 15 06:47:50 浏览店铺 {"head":{"code":400,"msg":"今日浏览次数已达上限"}}
Jun 15 06:47:50 浏览店铺 {"head":{"code":400,"msg":"今日浏览次数已达上限"}}
Jun 15 06:48:05 浏览频道 {"head":{"code":400,"msg":"今日浏览次数已达上限"}}
Jun 15 06:48:05 浏览频道 {"head":{"code":400,"msg":"今日浏览次数已达上限"}}
Jun 15 06:48:06 浏览频道 {"head":{"code":400,"msg":"今日浏览次数已达上限"}}
Jun 15 06:48:07 浏览商品 {"head":{"code":200,"msg":"浏览商品成功"}}
Jun 15 06:48:08 浏览商品 {"head":{"code":200,"msg":"浏览商品成功"}}
Jun 15 06:48:19 浏览频道 {"head":{"code":200,"msg":"浏览频道成功"}}
Jun 15 06:48:29 浏览商品 {"head":{"code":200,"msg":"浏览商品成功"}}
Jun 15 06:48:29 浏览商品 {"head":{"code":200,"msg":"浏览商品成功"}}
Jun 15 06:48:29 浏览商品 {"head":{"code":200,"msg":"浏览商品成功"}}
Jun 15 06:48:29 浏览商品 {"head":{"code":400,"msg":"今日浏览次数已达上限"}}
Jun 15 06:48:31 浏览商品 {"head":{"code":400,"msg":"今日浏览次数已达上限"}}
Jun 15 06:48:31 浏览商品 {"head":{"code":400,"msg":"今日浏览次数已达上限"}}
Jun 15 06:48:31 浏览商品 {"head":{"code":400,"msg":"今日浏览次数已达上限"}}
Jun 15 06:48:31 浏览商品 {"head":{"code":400,"msg":"今日浏览次数已达上限"}}
Jun 15 06:48:31 浏览会场 {"head":{"code":200,"msg":"浏览成功"}}
Jun 15 06:48:32 浏览会场 {"head":{"code":200,"msg":"浏览成功"}}
Jun 15 06:48:32 浏览会场 {"head":{"code":200,"msg":"浏览成功"}}
Jun 15 06:48:33 浏览会场 {"head":{"code":200,"msg":"浏览成功"}}
Jun 15 06:48:33 浏览会场 {"head":{"code":200,"msg":"浏览成功"}}
Jun 15 06:48:34 浏览会场 {"head":{"code":200,"msg":"浏览成功"}}
Jun 15 06:48:34 浏览会场 {"head":{"code":200,"msg":"浏览成功"}}
Jun 15 06:48:35 浏览会场 {"head":{"code":200,"msg":"浏览成功"}}
Jun 15 06:48:36 浏览会场 {"head":{"code":200,"msg":"浏览成功"}}
Jun 15 06:48:36 浏览会场 {"head":{"code":200,"msg":"浏览成功"}}
Jun 15 06:48:36 浏览会场 {"head":{"code":400,"msg":"今日浏览次数已达上限"}}
Jun 15 06:48:37 浏览会场 {"head":{"code":400,"msg":"今日浏览次数已达上限"}}
Jun 15 06:48:39 浏览会场 {"head":{"code":400,"msg":"今日浏览次数已达上限"}}
Jun 15 06:48:39 浏览会场 {"head":{"code":400,"msg":"今日浏览次数已达上限"}}
Jun 15 06:48:39 浏览会场 {"head":{"code":400,"msg":"今日浏览次数已达上限"}}
Jun 15 06:48:40 浏览会场 {"head":{"code":400,"msg":"今日浏览次数已达上限"}}
Jun 15 06:48:40 
Jun 15 06:48:40 兑换150京豆失败:当前wo币101192不够兑换所需的1699999WO币
Jun 15 06:48:40 
Jun 15 06:48:40 ==============📣系统通知📣==============
Jun 15 06:48:40 东东小窝
Jun 15 06:48:40 【京东账号1】455979050-14287437
Jun 15 06:48:40 【免费抽奖】未中奖
Jun 15 06:48:40 【小窝名】续缘涌胳弟内缚熊
Jun 15 06:48:40 【当前WO币】101192
Jun 15 06:48:40 【装饰领京豆】兑换150京豆失败,原因:WO币不够
Jun 15 06:48:40 
Jun 15 06:48:40 
Jun 15 06:48:40 *******开始【京东账号2】jd_7a84de20543eb********
Jun 15 06:48:40 
Jun 15 06:48:40 浏览会场 {"head":{"code":400,"msg":"今日浏览次数已达上限"}}
Jun 15 06:48:41 浏览会场 {"head":{"code":400,"msg":"今日浏览次数已达上限"}}
Jun 15 06:48:41 浏览会场 {"head":{"code":400,"msg":"今日浏览次数已达上限"}}
Jun 15 06:48:41 浏览会场 {"head":{"code":400,"msg":"今日浏览次数已达上限"}}
Jun 15 06:48:41 
Jun 15 06:48:41 兑换150京豆失败:当前wo币101192不够兑换所需的1699999WO币
Jun 15 06:48:41 
Jun 15 06:48:41 ==============📣系统通知📣==============
Jun 15 06:48:41 东东小窝
Jun 15 06:48:41 【京东账号1】455979050-14287437
Jun 15 06:48:41 【小窝名】续缘涌胳弟内缚熊
Jun 15 06:48:41 【当前WO币】101192
Jun 15 06:48:41 【装饰领京豆】兑换150京豆失败,原因:WO币不够
Jun 15 06:48:41 
Jun 15 06:48:41 
Jun 15 06:48:41 *******开始【京东账号2】jd_7a84de20543eb********
Jun 15 06:48:41 
Jun 15 06:48:44 京东账号2jd_7a84de20543eb未开启此活动
Jun 15 06:48:44 
Jun 15 06:48:44 
Jun 15 06:48:44 ==============📣系统通知📣==============
Jun 15 06:48:44 东东小窝
Jun 15 06:48:44 京东账号2jd_7a84de20543eb未开启此活动
Jun 15 06:48:44 点击弹窗去开启此活动(￣▽￣)"
Jun 15 06:48:44 
Jun 15 06:48:44 去帮助作者:lxk0301
Jun 15 06:48:44 
Jun 15 06:48:56 京东账号2jd_7a84de20543eb未开启此活动
Jun 15 06:48:56 
Jun 15 06:48:56 
Jun 15 06:48:56 ==============📣系统通知📣==============
Jun 15 06:48:56 东东小窝
Jun 15 06:48:56 京东账号2jd_7a84de20543eb未开启此活动
Jun 15 06:48:56 点击弹窗去开启此活动(￣▽￣)"
Jun 15 06:48:56 
Jun 15 06:48:56 去帮助作者:lxk0301
Jun 15 06:48:56 
Jun 15 06:53:02 "Response code 404 (Not Found)"
Jun 15 06:53:03 "Response code 404 (Not Found)"
Jun 15 06:53:03 东东小窝 API请求失败，请检查网路重试
Jun 15 06:53:03 "Response code 403 (Forbidden)"
Jun 15 06:53:03 东东小窝 API请求失败，请检查网路重试
Jun 15 06:53:03 
Jun 15 06:53:03 ❌ 东东小窝, 失败! 原因: TypeError: Cannot read property 'inviteCode' of undefined!
Jun 15 06:53:03 
Jun 15 06:53:03 
Jun 15 06:53:03 🔔东东小窝, 结束! 🕛 422.579 秒
Jun 15 06:53:03 
Jun 15 06:53:15 "Response code 404 (Not Found)"
Jun 15 06:53:15 "Response code 404 (Not Found)"
Jun 15 06:53:15 东东小窝 API请求失败，请检查网路重试
Jun 15 06:53:15 "Response code 403 (Forbidden)"
Jun 15 06:53:15 东东小窝 API请求失败，请检查网路重试
Jun 15 06:53:15 
Jun 15 06:53:15 ❌ 东东小窝, 失败! 原因: TypeError: Cannot read property 'inviteCode' of undefined!
Jun 15 06:53:15 
Jun 15 06:53:15 
Jun 15 06:53:15 🔔东东小窝, 结束! 🕛 434.575 秒
Jun 15 06:53:15 
