Jun 14 01:21:00 
Jun 14 01:21:00 🔔京东极速版, 开始!
Jun 14 01:21:00 
Jun 14 01:21:00 🔔京东极速版, 开始!
Jun 14 01:21:00 您的cookie选择的是用&隔开
Jun 14 01:21:00 
Jun 14 01:21:00 
Jun 14 01:21:00 ====================共有2个京东账号Cookie=========
Jun 14 01:21:00 
Jun 14 01:21:00 您的cookie选择的是用&隔开
Jun 14 01:21:00 
Jun 14 01:21:00 
Jun 14 01:21:00 ====================共有2个京东账号Cookie=========
Jun 14 01:21:00 
Jun 14 01:21:00 ==================脚本执行- 北京时间(UTC+8)：6/14/2021, 1:21:00 AM=====================
Jun 14 01:21:00 
Jun 14 01:21:00 ==================脚本执行- 北京时间(UTC+8)：6/14/2021, 1:21:00 AM=====================
Jun 14 01:21:00 
Jun 14 01:21:00 
Jun 14 01:21:00 ******开始【京东账号1】455979050-14287437*********
Jun 14 01:21:00 
Jun 14 01:21:00 
Jun 14 01:21:00 ******开始【京东账号1】455979050-14287437*********
Jun 14 01:21:00 
Jun 14 01:21:01 京东极速版 API请求失败，请检查网路重试
Jun 14 01:21:01 京东极速版 API请求失败，请检查网路重试
Jun 14 01:21:01 【幸运大转盘】剩余抽奖机会：2
Jun 14 01:21:01 【幸运大转盘】剩余抽奖机会：2
Jun 14 01:21:01 幸运大转盘抽奖获得：空气
Jun 14 01:21:01 幸运大转盘抽奖获得：【199-140福利神券-老人】
Jun 14 01:21:01 
Jun 14 01:21:01 幸运大转盘抽奖获得：空气
Jun 14 01:21:01 幸运大转盘抽奖获得：【199-140福利神券-老人】
Jun 14 01:21:01 
Jun 14 01:21:02 去做任务转盘抽奖逛会场
Jun 14 01:21:02 {"success":false,"code":1001,"errMsg":"限流","data":null}
Jun 14 01:21:02 去做任务转盘抽奖逛会场
Jun 14 01:21:02 【幸运大转盘】剩余抽奖机会：0
Jun 14 01:21:02 任务完成成功
Jun 14 01:21:02 签到获得0.06现金，共计获得7.63
Jun 14 01:21:02 【幸运大转盘】剩余抽奖机会：1
Jun 14 01:21:02 逛商品赚金币已完成
Jun 14 01:21:02 逛活动赚金币已完成
Jun 14 01:21:02 看视频赚金币已完成
Jun 14 01:21:02 邀好友赚金币任务完成成功，预计获得60金币
Jun 14 01:21:02 幸运大转盘抽奖获得：【undefined-0.50undefined】
Jun 14 01:21:02 
Jun 14 01:21:03 签到失败，用户已签到
Jun 14 01:21:03 逛商品赚金币已完成
Jun 14 01:21:03 逛活动赚金币已完成
Jun 14 01:21:03 看视频赚金币已完成
Jun 14 01:21:03 邀好友赚金币已完成
Jun 14 01:21:03 拆红包得现金任务完成成功，预计获得60金币
Jun 14 01:21:03 任务完成失败，当前任务已完成
Jun 14 01:21:04 省钱大赢家任务完成成功，预计获得60金币
Jun 14 01:21:04 任务完成失败，当前任务已完成
Jun 14 01:21:05 签到提现任务完成成功，预计获得60金币
Jun 14 01:21:05 任务完成失败，当前任务已完成
Jun 14 01:21:06 东东爱消除任务完成成功，预计获得60金币
Jun 14 01:21:06 任务完成失败，当前任务已完成
Jun 14 01:21:07 购券抽大奖任务完成成功，预计获得60金币
Jun 14 01:21:07 任务完成失败，当前任务已完成
Jun 14 01:21:08 幸运转盘任务完成成功，预计获得60金币
Jun 14 01:21:08 任务完成失败，当前任务已完成
Jun 14 01:21:09 现金签到任务完成成功，预计获得60金币
Jun 14 01:21:09 任务完成失败，当前任务已完成
Jun 14 01:21:10 推推赚大钱任务完成成功，预计获得60金币
Jun 14 01:21:10 任务完成失败，当前任务已完成
Jun 14 01:21:11 天天抽奖任务完成成功，预计获得60金币
Jun 14 01:21:12 任务完成失败，当前任务已完成
Jun 14 01:21:12 水果免费领任务完成成功，预计获得60金币
Jun 14 01:21:13 任务完成失败，当前任务已完成
Jun 14 01:21:13 砍价免费拿任务完成成功，预计获得60金币
Jun 14 01:21:14 任务完成失败，当前任务已完成
Jun 14 01:21:14 气泡收取成功，获得60金币
Jun 14 01:21:15 气泡收取成功，获得60金币
Jun 14 01:21:15 气泡收取失败，该笔金币已领取，请刷新页面
Jun 14 01:21:15 气泡收取成功，获得60金币
Jun 14 01:21:16 气泡收取失败，该笔金币已领取，请刷新页面
Jun 14 01:21:16 气泡收取成功，获得60金币
Jun 14 01:21:16 气泡收取失败，该笔金币已领取，请刷新页面
Jun 14 01:21:16 气泡收取成功，获得60金币
Jun 14 01:21:17 气泡收取失败，该笔金币已领取，请刷新页面
Jun 14 01:21:17 气泡收取成功，获得60金币
Jun 14 01:21:17 气泡收取失败，该笔金币已领取，请刷新页面
Jun 14 01:21:18 气泡收取成功，获得60金币
Jun 14 01:21:18 气泡收取失败，该笔金币已领取，请刷新页面
Jun 14 01:21:18 气泡收取成功，获得60金币
Jun 14 01:21:18 气泡收取失败，该笔金币已领取，请刷新页面
Jun 14 01:21:19 气泡收取成功，获得60金币
Jun 14 01:21:19 气泡收取失败，该笔金币已领取，请刷新页面
Jun 14 01:21:19 气泡收取成功，获得60金币
Jun 14 01:21:19 气泡收取失败，该笔金币已领取，请刷新页面
Jun 14 01:21:20 气泡收取成功，获得60金币
Jun 14 01:21:20 气泡收取失败，该笔金币已领取，请刷新页面
Jun 14 01:21:20 气泡收取成功，获得60金币
Jun 14 01:21:21 气泡收取失败，该笔金币已领取，请刷新页面
Jun 14 01:21:21 
Jun 14 01:21:21 ==============📣系统通知📣==============
Jun 14 01:21:21 京东极速版
Jun 14 01:21:21 京东账号1455979050-14287437
Jun 14 01:21:21 幸运大转盘抽奖获得：【199-140福利神券-老人】
Jun 14 01:21:21 本次运行获得660金币，共计192793金币
Jun 14 01:21:21 
Jun 14 01:21:21 ==============📣系统通知📣==============
Jun 14 01:21:21 京东极速版
Jun 14 01:21:21 京东账号1455979050-14287437
Jun 14 01:21:21 幸运大转盘抽奖获得：【199-140福利神券-老人】
Jun 14 01:21:21 幸运大转盘抽奖获得：【undefined-0.50undefined】
Jun 14 01:21:21 本次运行获得60金币，共计192793金币
Jun 14 01:21:23 
Jun 14 01:21:23 ******开始【京东账号2】jd_7a84de20543eb*********
Jun 14 01:21:23 
Jun 14 01:21:23 
Jun 14 01:21:23 ******开始【京东账号2】jd_7a84de20543eb*********
Jun 14 01:21:23 
Jun 14 01:21:23 京东极速版 API请求失败，请检查网路重试
Jun 14 01:21:23 【幸运大转盘】剩余抽奖机会：2
Jun 14 01:21:23 京东极速版 API请求失败，请检查网路重试
Jun 14 01:21:23 幸运大转盘抽奖获得：【28-10福利神券-老人】
Jun 14 01:21:23 
Jun 14 01:21:23 【幸运大转盘】剩余抽奖机会：1
Jun 14 01:21:24 幸运大转盘抽奖获得：【undefined-0.50undefined】
Jun 14 01:21:24 
Jun 14 01:21:24 幸运大转盘抽奖获得：空气
Jun 14 01:21:24 去做任务转盘抽奖逛会场
Jun 14 01:21:24 {"success":false,"code":1001,"errMsg":"限流","data":null}
Jun 14 01:21:24 【幸运大转盘】剩余抽奖机会：0
Jun 14 01:21:24 签到获得0.10现金，共计获得7.55
Jun 14 01:21:24 逛商品赚金币已完成
Jun 14 01:21:24 逛活动赚金币已完成
Jun 14 01:21:24 看视频赚金币已完成
Jun 14 01:21:24 邀好友赚金币任务完成成功，预计获得60金币
Jun 14 01:21:25 去做任务转盘抽奖逛会场
Jun 14 01:21:25 任务完成成功
Jun 14 01:21:25 【幸运大转盘】剩余抽奖机会：1
Jun 14 01:21:25 幸运大转盘抽奖获得：【30-20福利神券-老人】
Jun 14 01:21:25 
Jun 14 01:21:25 签到失败，用户已签到
Jun 14 01:21:25 逛商品赚金币已完成
Jun 14 01:21:25 逛活动赚金币已完成
Jun 14 01:21:25 看视频赚金币已完成
Jun 14 01:21:25 邀好友赚金币已完成
Jun 14 01:21:25 拆红包得现金任务完成成功，预计获得60金币
Jun 14 01:21:25 任务完成失败，当前任务已完成
Jun 14 01:21:27 省钱大赢家任务完成成功，预计获得60金币
Jun 14 01:21:27 任务完成失败，当前任务已完成
Jun 14 01:21:28 签到提现任务完成成功，预计获得60金币
Jun 14 01:21:28 任务完成失败，当前任务已完成
Jun 14 01:21:29 东东爱消除任务完成成功，预计获得60金币
Jun 14 01:21:29 任务完成失败，当前任务已完成
Jun 14 01:21:30 购券抽大奖任务完成成功，预计获得60金币
Jun 14 01:21:30 任务完成失败，当前任务已完成
Jun 14 01:21:31 幸运转盘任务完成成功，预计获得60金币
Jun 14 01:21:31 任务完成失败，当前任务已完成
Jun 14 01:21:32 任务完成失败，系统繁忙
Jun 14 01:21:32 现金签到任务完成成功，预计获得60金币
Jun 14 01:21:33 任务完成失败，系统繁忙
Jun 14 01:21:33 推推赚大钱任务完成成功，预计获得60金币
Jun 14 01:21:34 任务完成失败，系统繁忙
Jun 14 01:21:34 天天抽奖任务完成成功，预计获得60金币
Jun 14 01:21:35 任务完成失败，系统繁忙
Jun 14 01:21:35 水果免费领任务完成成功，预计获得60金币
Jun 14 01:21:36 任务完成失败，系统繁忙
Jun 14 01:21:36 砍价免费拿任务完成成功，预计获得60金币
Jun 14 01:21:37 气泡收取失败，活动太火爆，请稍后再试
Jun 14 01:21:37 气泡收取成功，获得60金币
Jun 14 01:21:38 气泡收取失败，活动太火爆，请稍后再试
Jun 14 01:21:38 气泡收取成功，获得60金币
Jun 14 01:21:38 气泡收取失败，活动太火爆，请稍后再试
Jun 14 01:21:38 气泡收取成功，获得60金币
Jun 14 01:21:39 气泡收取成功，获得60金币
Jun 14 01:21:39 气泡收取失败，该笔金币已领取，请刷新页面
Jun 14 01:21:39 气泡收取失败，活动太火爆，请稍后再试
Jun 14 01:21:39 气泡收取成功，获得60金币
Jun 14 01:21:40 气泡收取成功，获得60金币
Jun 14 01:21:40 气泡收取失败，该笔金币已领取，请刷新页面
Jun 14 01:21:40 气泡收取失败，活动太火爆，请稍后再试
Jun 14 01:21:40 气泡收取成功，获得60金币
Jun 14 01:21:41 气泡收取失败，活动太火爆，请稍后再试
Jun 14 01:21:41 气泡收取成功，获得60金币
Jun 14 01:21:42 气泡收取失败，活动太火爆，请稍后再试
Jun 14 01:21:42 气泡收取成功，获得60金币
Jun 14 01:21:42 气泡收取失败，活动太火爆，请稍后再试
Jun 14 01:21:42 气泡收取成功，获得60金币
Jun 14 01:21:43 气泡收取成功，获得60金币
Jun 14 01:21:43 气泡收取失败，该笔金币已领取，请刷新页面
Jun 14 01:21:43 气泡收取失败，活动太火爆，请稍后再试
Jun 14 01:21:43 气泡收取成功，获得60金币
Jun 14 01:21:44 
Jun 14 01:21:44 ==============📣系统通知📣==============
Jun 14 01:21:44 京东极速版
Jun 14 01:21:44 京东账号2jd_7a84de20543eb
Jun 14 01:21:44 幸运大转盘抽奖获得：【28-10福利神券-老人】
Jun 14 01:21:44 幸运大转盘抽奖获得：【30-20福利神券-老人】
Jun 14 01:21:44 本次运行获得420金币，共计179433金币
Jun 14 01:21:44 
Jun 14 01:21:44 ==============📣系统通知📣==============
Jun 14 01:21:44 京东极速版
Jun 14 01:21:44 京东账号2jd_7a84de20543eb
Jun 14 01:21:44 幸运大转盘抽奖获得：【undefined-0.50undefined】
Jun 14 01:21:44 本次运行获得300金币，共计179433金币
Jun 14 01:21:46 
Jun 14 01:21:46 🔔京东极速版, 结束! 🕛 45.64 秒
Jun 14 01:21:46 
Jun 14 01:21:46 
Jun 14 01:21:46 🔔京东极速版, 结束! 🕛 45.744 秒
Jun 14 01:21:46 
Jun 14 06:21:00 
Jun 14 06:21:00 🔔京东极速版, 开始!
Jun 14 06:21:00 
Jun 14 06:21:00 🔔京东极速版, 开始!
Jun 14 06:21:00 您的cookie选择的是用&隔开
Jun 14 06:21:00 
Jun 14 06:21:00 
Jun 14 06:21:00 ====================共有2个京东账号Cookie=========
Jun 14 06:21:00 
Jun 14 06:21:00 您的cookie选择的是用&隔开
Jun 14 06:21:00 
Jun 14 06:21:00 
Jun 14 06:21:00 ====================共有2个京东账号Cookie=========
Jun 14 06:21:00 
Jun 14 06:21:00Jun 14 06:21:00 ==================脚本执行- 北京时间(UTC+8)：6/14/2021, 6:21:00 AM=====================
 ==================脚本执行- 北京时间(UTC+8)：6/14/2021, 6:21:00 AM=====================
Jun 14 06:21:00Jun 14 06:21:00 
 
Jun 14 06:21:00 
Jun 14 06:21:00 ******开始【京东账号1】455979050-14287437*********
Jun 14 06:21:00 
Jun 14 06:21:00 
Jun 14 06:21:00 ******开始【京东账号1】455979050-14287437*********
Jun 14 06:21:00 
Jun 14 06:21:00 京东极速版 API请求失败，请检查网路重试
Jun 14 06:21:00 京东极速版 API请求失败，请检查网路重试
Jun 14 06:21:00 【幸运大转盘】剩余抽奖机会：0
Jun 14 06:21:00 【幸运大转盘】剩余抽奖机会：0
Jun 14 06:21:00 【幸运大转盘】剩余抽奖机会：0
Jun 14 06:21:00 【幸运大转盘】剩余抽奖机会：0
Jun 14 06:21:00 签到失败，用户已签到
Jun 14 06:21:00 签到失败，频繁点击
Jun 14 06:21:00 【1/55】浏览商品任务记录成功，等待5秒
Jun 14 06:21:00 【1/55】浏览商品任务记录成功，等待5秒
Jun 14 06:21:05 逛商品赚金币任务完成，获得46金币
Jun 14 06:21:05 逛商品赚金币任务结束失败，当前任务已完成
Jun 14 06:21:06 【2/55】浏览商品任务记录成功，等待5秒
Jun 14 06:21:06 【2/55】浏览商品任务记录成功，等待5秒
Jun 14 06:21:11 逛商品赚金币任务完成，获得34金币
Jun 14 06:21:11 逛商品赚金币任务失败，当前任务已完成
Jun 14 06:21:11 逛商品赚金币任务开启失败，系统繁忙
Jun 14 06:21:11 【3/55】浏览商品任务记录成功，等待5秒
Jun 14 06:21:11 【1/10】浏览商品任务记录成功，等待10秒
Jun 14 06:21:16 逛商品赚金币任务完成，获得44金币
Jun 14 06:21:16 【4/55】浏览商品任务记录成功，等待5秒
Jun 14 06:21:21 逛活动赚金币任务完成，获得60金币
Jun 14 06:21:21 【2/10】浏览商品任务记录成功，等待10秒
Jun 14 06:21:21 逛商品赚金币任务完成，获得36金币
Jun 14 06:21:21 【5/55】浏览商品任务记录成功，等待5秒
Jun 14 06:21:26 逛商品赚金币任务完成，获得75金币
Jun 14 06:21:26 【6/55】浏览商品任务记录成功，等待5秒
Jun 14 06:21:31 逛活动赚金币任务完成，获得120金币
Jun 14 06:21:31 【3/10】浏览商品任务记录成功，等待10秒
Jun 14 06:21:31 逛商品赚金币任务完成，获得35金币
Jun 14 06:21:31 【7/55】浏览商品任务记录成功，等待5秒
Jun 14 06:21:37 逛商品赚金币任务完成，获得46金币
Jun 14 06:21:37 【8/55】浏览商品任务记录成功，等待5秒
Jun 14 06:21:41 逛活动赚金币任务完成，获得60金币
Jun 14 06:21:41 【4/10】浏览商品任务记录成功，等待10秒
Jun 14 06:21:42 逛商品赚金币任务完成，获得34金币
Jun 14 06:21:42 【9/55】浏览商品任务记录成功，等待5秒
Jun 14 06:21:47 逛商品赚金币任务完成，获得46金币
Jun 14 06:21:47 【10/55】浏览商品任务记录成功，等待5秒
Jun 14 06:21:51 逛活动赚金币任务完成，获得120金币
Jun 14 06:21:51 【5/10】浏览商品任务记录成功，等待10秒
Jun 14 06:21:52 逛商品赚金币任务完成，获得78金币
Jun 14 06:21:52 【11/55】浏览商品任务记录成功，等待5秒
Jun 14 06:21:57 逛商品赚金币任务完成，获得46金币
Jun 14 06:21:57 【12/55】浏览商品任务记录成功，等待5秒
Jun 14 06:22:02 逛活动赚金币任务完成，获得60金币
Jun 14 06:22:02 【6/10】浏览商品任务记录成功，等待10秒
Jun 14 06:22:02 逛商品赚金币任务完成，获得34金币
Jun 14 06:22:02 【13/55】浏览商品任务记录成功，等待5秒
Jun 14 06:22:08 逛商品赚金币任务完成，获得44金币
Jun 14 06:22:08 【14/55】浏览商品任务记录成功，等待5秒
Jun 14 06:22:12 逛活动赚金币任务完成，获得120金币
Jun 14 06:22:12 【7/10】浏览商品任务记录成功，等待10秒
Jun 14 06:22:13 逛商品赚金币任务完成，获得36金币
Jun 14 06:22:13 【15/55】浏览商品任务记录成功，等待5秒
Jun 14 06:22:18 逛商品赚金币任务完成，获得64金币
Jun 14 06:22:18 【16/55】浏览商品任务记录成功，等待5秒
Jun 14 06:22:22 逛活动赚金币任务完成，获得60金币
Jun 14 06:22:22 【8/10】浏览商品任务记录成功，等待10秒
Jun 14 06:22:23 逛商品赚金币任务完成，获得27金币
Jun 14 06:22:23 【17/55】浏览商品任务记录成功，等待5秒
Jun 14 06:22:28 逛商品赚金币任务完成，获得34金币
Jun 14 06:22:28 【18/55】浏览商品任务记录成功，等待5秒
Jun 14 06:22:32 逛活动赚金币任务完成，获得120金币
Jun 14 06:22:32 【9/10】浏览商品任务记录成功，等待10秒
Jun 14 06:22:33 逛商品赚金币任务完成，获得26金币
Jun 14 06:22:33 【19/55】浏览商品任务记录成功，等待5秒
Jun 14 06:22:39 逛商品赚金币任务完成，获得34金币
Jun 14 06:22:39 【20/55】浏览商品任务记录成功，等待5秒
Jun 14 06:22:42 逛活动赚金币任务完成，获得60金币
Jun 14 06:22:42 【10/10】浏览商品任务记录成功，等待10秒
Jun 14 06:22:44 逛商品赚金币任务完成，获得79金币
Jun 14 06:22:44 【21/55】浏览商品任务记录成功，等待5秒
Jun 14 06:22:49 逛商品赚金币任务完成，获得34金币
Jun 14 06:22:49 【22/55】浏览商品任务记录成功，等待5秒
Jun 14 06:22:52 逛活动赚金币任务完成，获得120金币
Jun 14 06:22:52 逛活动赚金币任务开启失败，任务已达上限
Jun 14 06:22:53 【1/85】浏览商品任务记录成功，等待15秒
Jun 14 06:22:54 逛商品赚金币任务完成，获得26金币
Jun 14 06:22:54 【23/55】浏览商品任务记录成功，等待5秒
Jun 14 06:22:59 逛商品赚金币任务完成，获得35金币
Jun 14 06:22:59 【24/55】浏览商品任务记录成功，等待5秒
Jun 14 06:23:04 逛商品赚金币任务完成，获得25金币
Jun 14 06:23:04 【25/55】浏览商品任务记录成功，等待5秒
Jun 14 06:23:08 看视频赚金币任务完成，获得30金币
Jun 14 06:23:08 【2/85】浏览商品任务记录成功，等待15秒
Jun 14 06:23:10 逛商品赚金币任务完成，获得75金币
Jun 14 06:23:10 【26/55】浏览商品任务记录成功，等待5秒
Jun 14 06:23:15 逛商品赚金币任务完成，获得27金币
Jun 14 06:23:15 【27/55】浏览商品任务记录成功，等待5秒
Jun 14 06:23:20 逛商品赚金币任务完成，获得33金币
Jun 14 06:23:20 【28/55】浏览商品任务记录成功，等待5秒
Jun 14 06:23:23 看视频赚金币任务完成，获得30金币
Jun 14 06:23:23 【3/85】浏览商品任务记录成功，等待15秒
Jun 14 06:23:25 逛商品赚金币任务完成，获得27金币
Jun 14 06:23:25 【29/55】浏览商品任务记录成功，等待5秒
Jun 14 06:23:30 逛商品赚金币任务完成，获得22金币
Jun 14 06:23:30 【30/55】浏览商品任务记录成功，等待5秒
Jun 14 06:23:35 逛商品赚金币任务完成，获得73金币
Jun 14 06:23:35 【31/55】浏览商品任务记录成功，等待5秒
Jun 14 06:23:38 看视频赚金币任务完成，获得30金币
Jun 14 06:23:38 【4/85】浏览商品任务记录成功，等待15秒
Jun 14 06:23:41 逛商品赚金币任务完成，获得22金币
Jun 14 06:23:41 【32/55】浏览商品任务记录成功，等待5秒
Jun 14 06:23:46 逛商品赚金币任务完成，获得18金币
Jun 14 06:23:46 【33/55】浏览商品任务记录成功，等待5秒
Jun 14 06:23:51 逛商品赚金币任务完成，获得22金币
Jun 14 06:23:51 【34/55】浏览商品任务记录成功，等待5秒
Jun 14 06:23:53 看视频赚金币任务完成，获得30金币
Jun 14 06:23:53 【5/85】浏览商品任务记录成功，等待15秒
Jun 14 06:23:56 逛商品赚金币任务完成，获得18金币
Jun 14 06:23:56 【35/55】浏览商品任务记录成功，等待5秒
Jun 14 06:24:01 逛商品赚金币任务完成，获得78金币
Jun 14 06:24:01 【36/55】浏览商品任务记录成功，等待5秒
Jun 14 06:24:06 逛商品赚金币任务完成，获得17金币
Jun 14 06:24:06 【37/55】浏览商品任务记录成功，等待5秒
Jun 14 06:24:08 看视频赚金币任务完成，获得120金币
Jun 14 06:24:08 【6/85】浏览商品任务记录成功，等待15秒
Jun 14 06:24:12 逛商品赚金币任务完成，获得22金币
Jun 14 06:24:12 【38/55】浏览商品任务记录成功，等待5秒
Jun 14 06:24:17 逛商品赚金币任务完成，获得18金币
Jun 14 06:24:17 【39/55】浏览商品任务记录成功，等待5秒
Jun 14 06:24:22 逛商品赚金币任务完成，获得24金币
Jun 14 06:24:22 【40/55】浏览商品任务记录成功，等待5秒
Jun 14 06:24:23 看视频赚金币任务完成，获得30金币
Jun 14 06:24:23 【7/85】浏览商品任务记录成功，等待15秒
Jun 14 06:24:27 逛商品赚金币任务完成，获得62金币
Jun 14 06:24:27 【41/55】浏览商品任务记录成功，等待5秒
Jun 14 06:24:32 逛商品赚金币任务完成，获得12金币
Jun 14 06:24:32 【42/55】浏览商品任务记录成功，等待5秒
Jun 14 06:24:37 逛商品赚金币任务完成，获得8金币
Jun 14 06:24:37 【43/55】浏览商品任务记录成功，等待5秒
Jun 14 06:24:38 看视频赚金币任务完成，获得30金币
Jun 14 06:24:38 【8/85】浏览商品任务记录成功，等待15秒
Jun 14 06:24:43 逛商品赚金币任务完成，获得11金币
Jun 14 06:24:43 【44/55】浏览商品任务记录成功，等待5秒
Jun 14 06:24:48 逛商品赚金币任务完成，获得9金币
Jun 14 06:24:48 【45/55】浏览商品任务记录成功，等待5秒
Jun 14 06:24:53 逛商品赚金币任务完成，获得73金币
Jun 14 06:24:53 【46/55】浏览商品任务记录成功，等待5秒
Jun 14 06:24:54 看视频赚金币任务完成，获得30金币
Jun 14 06:24:54 【9/85】浏览商品任务记录成功，等待15秒
Jun 14 06:24:58 逛商品赚金币任务完成，获得9金币
Jun 14 06:24:58 【47/55】浏览商品任务记录成功，等待5秒
Jun 14 06:25:03 逛商品赚金币任务完成，获得11金币
Jun 14 06:25:03 【48/55】浏览商品任务记录成功，等待5秒
Jun 14 06:25:08 逛商品赚金币任务完成，获得9金币
Jun 14 06:25:08 【49/55】浏览商品任务记录成功，等待5秒
Jun 14 06:25:09 看视频赚金币任务完成，获得30金币
Jun 14 06:25:09 【10/85】浏览商品任务记录成功，等待15秒
Jun 14 06:25:14 逛商品赚金币任务完成，获得11金币
Jun 14 06:25:14 【50/55】浏览商品任务记录成功，等待5秒
Jun 14 06:25:19 逛商品赚金币任务完成，获得68金币
Jun 14 06:25:19 【51/55】浏览商品任务记录成功，等待5秒
Jun 14 06:25:24 看视频赚金币任务完成，获得120金币
Jun 14 06:25:24 【11/85】浏览商品任务记录成功，等待15秒
Jun 14 06:25:24 逛商品赚金币任务完成，获得12金币
Jun 14 06:25:24 【52/55】浏览商品任务记录成功，等待5秒
Jun 14 06:25:29 逛商品赚金币任务完成，获得8金币
Jun 14 06:25:29 【53/55】浏览商品任务记录成功，等待5秒
Jun 14 06:25:34 逛商品赚金币任务完成，获得11金币
Jun 14 06:25:34 【54/55】浏览商品任务记录成功，等待5秒
Jun 14 06:25:39 看视频赚金币任务完成，获得30金币
Jun 14 06:25:39 【12/85】浏览商品任务记录成功，等待15秒
Jun 14 06:25:39 逛商品赚金币任务完成，获得9金币
Jun 14 06:25:39 【55/55】浏览商品任务记录成功，等待5秒
Jun 14 06:25:45 逛商品赚金币任务完成，获得72金币
Jun 14 06:25:45 逛商品赚金币任务开启失败，任务已达上限
Jun 14 06:25:45 逛活动赚金币任务开启失败，任务已达上限
Jun 14 06:25:45 【12/85】浏览商品任务记录成功，等待15秒
Jun 14 06:25:54 看视频赚金币任务完成，获得30金币
Jun 14 06:25:54 【13/85】浏览商品任务记录成功，等待15秒
Jun 14 06:26:00 看视频赚金币任务完成，获得30金币
Jun 14 06:26:00 【14/85】浏览商品任务记录成功，等待15秒
Jun 14 06:26:09 看视频赚金币任务完成，获得30金币
Jun 14 06:26:09 【15/85】浏览商品任务记录成功，等待15秒
Jun 14 06:26:15 看视频赚金币任务完成，获得120金币
Jun 14 06:26:15 【16/85】浏览商品任务记录成功，等待15秒
Jun 14 06:26:24 看视频赚金币任务完成，获得30金币
Jun 14 06:26:24 【17/85】浏览商品任务记录成功，等待15秒
Jun 14 06:26:30 看视频赚金币任务完成，获得30金币
Jun 14 06:26:30 【18/85】浏览商品任务记录成功，等待15秒
Jun 14 06:26:39 看视频赚金币任务完成，获得30金币
Jun 14 06:26:39 【19/85】浏览商品任务记录成功，等待15秒
Jun 14 06:26:45 看视频赚金币任务完成，获得30金币
Jun 14 06:26:45 【20/85】浏览商品任务记录成功，等待15秒
Jun 14 06:26:55 看视频赚金币任务完成，获得120金币
Jun 14 06:26:55 【21/85】浏览商品任务记录成功，等待15秒
Jun 14 06:27:00 看视频赚金币任务完成，获得30金币
Jun 14 06:27:00 【22/85】浏览商品任务记录成功，等待15秒
Jun 14 06:27:10 看视频赚金币任务完成，获得30金币
Jun 14 06:27:10 【23/85】浏览商品任务记录成功，等待15秒
Jun 14 06:27:15 看视频赚金币任务完成，获得30金币
Jun 14 06:27:16 【24/85】浏览商品任务记录成功，等待15秒
Jun 14 06:27:25 看视频赚金币任务完成，获得30金币
Jun 14 06:27:25 【25/85】浏览商品任务记录成功，等待15秒
Jun 14 06:27:31 看视频赚金币任务完成，获得120金币
Jun 14 06:27:31 【26/85】浏览商品任务记录成功，等待15秒
Jun 14 06:27:40 看视频赚金币任务完成，获得30金币
Jun 14 06:27:40 【27/85】浏览商品任务记录成功，等待15秒
Jun 14 06:27:46 看视频赚金币任务完成，获得30金币
Jun 14 06:27:46 【28/85】浏览商品任务记录成功，等待15秒
Jun 14 06:27:55 看视频赚金币任务完成，获得30金币
Jun 14 06:27:55 【29/85】浏览商品任务记录成功，等待15秒
Jun 14 06:28:01 看视频赚金币任务完成，获得30金币
Jun 14 06:28:01 【30/85】浏览商品任务记录成功，等待15秒
Jun 14 06:28:10 看视频赚金币任务完成，获得120金币
Jun 14 06:28:10 【31/85】浏览商品任务记录成功，等待15秒
Jun 14 06:28:16 看视频赚金币任务完成，获得30金币
Jun 14 06:28:16 【32/85】浏览商品任务记录成功，等待15秒
Jun 14 06:28:25 看视频赚金币任务完成，获得30金币
Jun 14 06:28:25 【33/85】浏览商品任务记录成功，等待15秒
Jun 14 06:28:31 看视频赚金币任务完成，获得30金币
Jun 14 06:28:31 【34/85】浏览商品任务记录成功，等待15秒
Jun 14 06:28:41 看视频赚金币任务完成，获得30金币
Jun 14 06:28:41 【35/85】浏览商品任务记录成功，等待15秒
Jun 14 06:28:46 看视频赚金币任务完成，获得120金币
Jun 14 06:28:46 【36/85】浏览商品任务记录成功，等待18秒
Jun 14 06:28:56 看视频赚金币任务完成，获得1金币
Jun 14 06:28:56 【37/85】浏览商品任务记录成功，等待18秒
Jun 14 06:29:04 看视频赚金币任务完成，获得25金币
Jun 14 06:29:04 【38/85】浏览商品任务记录成功，等待18秒
Jun 14 06:29:14 看视频赚金币任务完成，获得25金币
Jun 14 06:29:14 【39/85】浏览商品任务记录成功，等待18秒
Jun 14 06:29:23 看视频赚金币任务完成，获得25金币
Jun 14 06:29:23 【40/85】浏览商品任务记录成功，等待18秒
Jun 14 06:29:32 看视频赚金币任务完成，获得120金币
Jun 14 06:29:32 【41/85】浏览商品任务记录成功，等待18秒
Jun 14 06:29:41 看视频赚金币任务完成，获得25金币
Jun 14 06:29:41 【42/85】浏览商品任务记录成功，等待18秒
Jun 14 06:29:50 看视频赚金币任务完成，获得25金币
Jun 14 06:29:50 【43/85】浏览商品任务记录成功，等待18秒
Jun 14 06:29:59 看视频赚金币任务完成，获得25金币
Jun 14 06:29:59 【44/85】浏览商品任务记录成功，等待18秒
Jun 14 06:30:08 看视频赚金币任务完成，获得25金币
Jun 14 06:30:08 【45/85】浏览商品任务记录成功，等待18秒
Jun 14 06:30:17 看视频赚金币任务完成，获得120金币
Jun 14 06:30:17 【46/85】浏览商品任务记录成功，等待18秒
Jun 14 06:30:26 看视频赚金币任务完成，获得25金币
Jun 14 06:30:26 【47/85】浏览商品任务记录成功，等待18秒
Jun 14 06:30:35 看视频赚金币任务完成，获得25金币
Jun 14 06:30:35 【48/85】浏览商品任务记录成功，等待18秒
Jun 14 06:30:45 看视频赚金币任务完成，获得25金币
Jun 14 06:30:45 【49/85】浏览商品任务记录成功，等待18秒
Jun 14 06:30:53 看视频赚金币任务完成，获得25金币
Jun 14 06:30:53 【50/85】浏览商品任务记录成功，等待18秒
Jun 14 06:31:03 看视频赚金币任务完成，获得120金币
Jun 14 06:31:03 【51/85】浏览商品任务记录成功，等待18秒
Jun 14 06:31:11 看视频赚金币任务完成，获得25金币
Jun 14 06:31:11 【52/85】浏览商品任务记录成功，等待18秒
Jun 14 06:31:21 看视频赚金币任务完成，获得25金币
Jun 14 06:31:21 【53/85】浏览商品任务记录成功，等待18秒
Jun 14 06:31:30 看视频赚金币任务完成，获得25金币
Jun 14 06:31:30 【54/85】浏览商品任务记录成功，等待18秒
Jun 14 06:31:39 看视频赚金币任务完成，获得25金币
Jun 14 06:31:39 【55/85】浏览商品任务记录成功，等待18秒
Jun 14 06:31:48 看视频赚金币任务完成，获得120金币
Jun 14 06:31:48 【56/85】浏览商品任务记录成功，等待18秒
Jun 14 06:31:57 看视频赚金币任务完成，获得25金币
Jun 14 06:31:57 【57/85】浏览商品任务记录成功，等待18秒
Jun 14 06:32:06 看视频赚金币任务完成，获得25金币
Jun 14 06:32:06 【58/85】浏览商品任务记录成功，等待18秒
Jun 14 06:32:15 看视频赚金币任务完成，获得25金币
Jun 14 06:32:15 【59/85】浏览商品任务记录成功，等待18秒
Jun 14 06:32:24 看视频赚金币任务完成，获得25金币
Jun 14 06:32:24 【60/85】浏览商品任务记录成功，等待18秒
Jun 14 06:32:33 看视频赚金币任务完成，获得120金币
Jun 14 06:32:33 【61/85】浏览商品任务记录成功，等待20秒
Jun 14 06:32:42 看视频赚金币任务完成，获得1金币
Jun 14 06:32:42 【62/85】浏览商品任务记录成功，等待20秒
Jun 14 06:32:54 看视频赚金币任务完成，获得10金币
Jun 14 06:32:54 【63/85】浏览商品任务记录成功，等待20秒
Jun 14 06:33:02 看视频赚金币任务完成，获得10金币
Jun 14 06:33:02 【64/85】浏览商品任务记录成功，等待20秒
Jun 14 06:33:14 看视频赚金币任务完成，获得10金币
Jun 14 06:33:14 【65/85】浏览商品任务记录成功，等待20秒
Jun 14 06:33:22 看视频赚金币任务完成，获得60金币
Jun 14 06:33:22 【66/85】浏览商品任务记录成功，等待20秒
Jun 14 06:33:34 看视频赚金币任务完成，获得10金币
Jun 14 06:33:34 【67/85】浏览商品任务记录成功，等待20秒
Jun 14 06:33:43 看视频赚金币任务完成，获得10金币
Jun 14 06:33:43 【68/85】浏览商品任务记录成功，等待20秒
Jun 14 06:33:54 看视频赚金币任务完成，获得10金币
Jun 14 06:33:54 【69/85】浏览商品任务记录成功，等待20秒
Jun 14 06:34:03 看视频赚金币任务完成，获得10金币
Jun 14 06:34:03 【70/85】浏览商品任务记录成功，等待20秒
Jun 14 06:34:14 看视频赚金币任务完成，获得60金币
Jun 14 06:34:14 【71/85】浏览商品任务记录成功，等待20秒
Jun 14 06:34:23 看视频赚金币任务完成，获得10金币
Jun 14 06:34:23 【72/85】浏览商品任务记录成功，等待20秒
Jun 14 06:34:34 看视频赚金币任务完成，获得10金币
Jun 14 06:34:34 【73/85】浏览商品任务记录成功，等待20秒
Jun 14 06:34:43 看视频赚金币任务完成，获得10金币
Jun 14 06:34:43 【74/85】浏览商品任务记录成功，等待20秒
Jun 14 06:34:54 看视频赚金币任务完成，获得10金币
Jun 14 06:34:54 【75/85】浏览商品任务记录成功，等待20秒
Jun 14 06:35:03 看视频赚金币任务完成，获得60金币
Jun 14 06:35:03 【76/85】浏览商品任务记录成功，等待30秒
Jun 14 06:35:14 看视频赚金币任务完成，获得1金币
Jun 14 06:35:14 【77/85】浏览商品任务记录成功，等待30秒
Jun 14 06:35:33 看视频赚金币任务完成，获得5金币
Jun 14 06:35:33 【78/85】浏览商品任务记录成功，等待30秒
Jun 14 06:35:45 看视频赚金币任务完成，获得5金币
Jun 14 06:35:45 【79/85】浏览商品任务记录成功，等待30秒
Jun 14 06:36:03 看视频赚金币任务完成，获得5金币
Jun 14 06:36:03 【80/85】浏览商品任务记录成功，等待30秒
Jun 14 06:36:15 看视频赚金币任务完成，获得40金币
Jun 14 06:36:15 【81/85】浏览商品任务记录成功，等待30秒
Jun 14 06:36:34 看视频赚金币任务完成，获得5金币
Jun 14 06:36:34 【82/85】浏览商品任务记录成功，等待30秒
Jun 14 06:36:45 看视频赚金币任务完成，获得5金币
Jun 14 06:36:45 【83/85】浏览商品任务记录成功，等待30秒
Jun 14 06:37:04 看视频赚金币任务完成，获得5金币
Jun 14 06:37:04 【84/85】浏览商品任务记录成功，等待30秒
Jun 14 06:37:15 看视频赚金币任务完成，获得5金币
Jun 14 06:37:15 【85/85】浏览商品任务记录成功，等待30秒
Jun 14 06:37:34 看视频赚金币任务完成，获得40金币
Jun 14 06:37:34 看视频赚金币任务已达上限
Jun 14 06:37:34 邀好友赚金币已完成
Jun 14 06:37:34 拆红包得现金已完成
Jun 14 06:37:34 省钱大赢家已完成
Jun 14 06:37:34 签到提现已完成
Jun 14 06:37:34 东东爱消除已完成
Jun 14 06:37:34 购券抽大奖已完成
Jun 14 06:37:34 幸运转盘已完成
Jun 14 06:37:34 现金签到已完成
Jun 14 06:37:34 推推赚大钱已完成
Jun 14 06:37:34 天天抽奖已完成
Jun 14 06:37:34 水果免费领已完成
Jun 14 06:37:34 砍价免费拿已完成
Jun 14 06:37:34 
Jun 14 06:37:34 ==============📣系统通知📣==============
Jun 14 06:37:34 京东极速版
Jun 14 06:37:34 京东账号1455979050-14287437
Jun 14 06:37:34 本次运行获得3180金币，共计198765金币
Jun 14 06:37:36 
Jun 14 06:37:36 ******开始【京东账号2】jd_7a84de20543eb*********
Jun 14 06:37:36 
Jun 14 06:37:36 京东极速版 API请求失败，请检查网路重试
Jun 14 06:37:36 【幸运大转盘】剩余抽奖机会：0
Jun 14 06:37:36 【幸运大转盘】剩余抽奖机会：0
Jun 14 06:37:37 签到失败，用户已签到
Jun 14 06:37:37 【1/55】浏览商品任务记录成功，等待5秒
Jun 14 06:37:42 逛商品赚金币任务完成，获得46金币
Jun 14 06:37:42 【2/55】浏览商品任务记录成功，等待5秒
Jun 14 06:37:45 看视频赚金币任务结束失败，任务已达上限
Jun 14 06:37:45 看视频赚金币任务已达上限
Jun 14 06:37:45 邀好友赚金币已完成
Jun 14 06:37:45 拆红包得现金已完成
Jun 14 06:37:45 省钱大赢家已完成
Jun 14 06:37:45 签到提现已完成
Jun 14 06:37:45 东东爱消除已完成
Jun 14 06:37:45 购券抽大奖已完成
Jun 14 06:37:45 幸运转盘已完成
Jun 14 06:37:45 现金签到已完成
Jun 14 06:37:45 推推赚大钱已完成
Jun 14 06:37:45 天天抽奖已完成
Jun 14 06:37:45 水果免费领已完成
Jun 14 06:37:45 砍价免费拿已完成
Jun 14 06:37:45 
Jun 14 06:37:45 ==============📣系统通知📣==============
Jun 14 06:37:45 京东极速版
Jun 14 06:37:45 京东账号1455979050-14287437
Jun 14 06:37:45 本次运行获得2792金币，共计198765金币
Jun 14 06:37:47 逛商品赚金币任务完成，获得34金币
Jun 14 06:37:47 【3/55】浏览商品任务记录成功，等待5秒
Jun 14 06:37:47 
Jun 14 06:37:47 ******开始【京东账号2】jd_7a84de20543eb*********
Jun 14 06:37:47 
Jun 14 06:37:47 京东极速版 API请求失败，请检查网路重试
Jun 14 06:37:48 【幸运大转盘】剩余抽奖机会：0
Jun 14 06:37:48 【幸运大转盘】剩余抽奖机会：0
Jun 14 06:37:48 签到失败，用户已签到
Jun 14 06:37:48 【3/55】浏览商品任务记录成功，等待5秒
Jun 14 06:37:52 逛商品赚金币任务完成，获得44金币
Jun 14 06:37:52 【4/55】浏览商品任务记录成功，等待5秒
Jun 14 06:37:53 逛商品赚金币任务结束失败，当前任务已完成
Jun 14 06:37:53 【4/55】浏览商品任务记录成功，等待5秒
Jun 14 06:37:57 逛商品赚金币任务完成，获得36金币
Jun 14 06:37:57 【5/55】浏览商品任务记录成功，等待5秒
Jun 14 06:37:58 逛商品赚金币任务结束失败，当前任务已完成
Jun 14 06:37:58 【5/55】浏览商品任务记录成功，等待5秒
Jun 14 06:38:03 逛商品赚金币任务完成，获得79金币
Jun 14 06:38:03 【6/55】浏览商品任务记录成功，等待5秒
Jun 14 06:38:03 逛商品赚金币任务完成，获得35金币
Jun 14 06:38:03 【7/55】浏览商品任务记录成功，等待5秒
Jun 14 06:38:08 逛商品赚金币任务完成，获得46金币
Jun 14 06:38:08 【8/55】浏览商品任务记录成功，等待5秒
Jun 14 06:38:08 逛商品赚金币任务完成，获得34金币
Jun 14 06:38:08 【9/55】浏览商品任务记录成功，等待5秒
Jun 14 06:38:13 逛商品赚金币任务完成，获得46金币
Jun 14 06:38:13 【10/55】浏览商品任务记录成功，等待5秒
Jun 14 06:38:14 逛商品赚金币任务完成，获得67金币
Jun 14 06:38:14 【11/55】浏览商品任务记录成功，等待5秒
Jun 14 06:38:18 逛商品赚金币任务完成，获得46金币
Jun 14 06:38:18 【12/55】浏览商品任务记录成功，等待5秒
Jun 14 06:38:19 逛商品赚金币任务完成，获得34金币
Jun 14 06:38:19 【13/55】浏览商品任务记录成功，等待5秒
Jun 14 06:38:23 逛商品赚金币任务完成，获得44金币
Jun 14 06:38:23 【14/55】浏览商品任务记录成功，等待5秒
Jun 14 06:38:24 逛商品赚金币任务完成，获得36金币
Jun 14 06:38:24 【15/55】浏览商品任务记录成功，等待5秒
Jun 14 06:38:28 逛商品赚金币任务完成，获得64金币
Jun 14 06:38:28 【16/55】浏览商品任务记录成功，等待5秒
Jun 14 06:38:29 逛商品赚金币任务完成，获得27金币
Jun 14 06:38:29 【17/55】浏览商品任务记录成功，等待5秒
Jun 14 06:38:33 逛商品赚金币任务完成，获得34金币
Jun 14 06:38:34 【18/55】浏览商品任务记录成功，等待5秒
Jun 14 06:38:34 逛商品赚金币任务完成，获得26金币
Jun 14 06:38:34 【19/55】浏览商品任务记录成功，等待5秒
Jun 14 06:38:39 逛商品赚金币任务完成，获得34金币
Jun 14 06:38:39 【20/55】浏览商品任务记录成功，等待5秒
Jun 14 06:38:39 逛商品赚金币任务完成，获得76金币
Jun 14 06:38:40 【21/55】浏览商品任务记录成功，等待5秒
Jun 14 06:38:44 逛商品赚金币任务完成，获得34金币
Jun 14 06:38:44 【22/55】浏览商品任务记录成功，等待5秒
Jun 14 06:38:45 逛商品赚金币任务完成，获得26金币
Jun 14 06:38:45 【23/55】浏览商品任务记录成功，等待5秒
Jun 14 06:38:49 逛商品赚金币任务完成，获得35金币
Jun 14 06:38:49 【24/55】浏览商品任务记录成功，等待5秒
Jun 14 06:38:50 逛商品赚金币任务完成，获得25金币
Jun 14 06:38:50 【25/55】浏览商品任务记录成功，等待5秒
Jun 14 06:38:54 逛商品赚金币任务完成，获得64金币
Jun 14 06:38:54 【26/55】浏览商品任务记录成功，等待5秒
Jun 14 06:38:55 逛商品赚金币任务完成，获得27金币
Jun 14 06:38:55 【27/55】浏览商品任务记录成功，等待5秒
Jun 14 06:38:59 逛商品赚金币任务完成，获得33金币
Jun 14 06:38:59 【28/55】浏览商品任务记录成功，等待5秒
Jun 14 06:39:00 逛商品赚金币任务完成，获得27金币
Jun 14 06:39:00 【29/55】浏览商品任务记录成功，等待5秒
Jun 14 06:39:04 逛商品赚金币任务完成，获得22金币
Jun 14 06:39:05 【30/55】浏览商品任务记录成功，等待5秒
Jun 14 06:39:05 逛商品赚金币任务完成，获得63金币
Jun 14 06:39:05 【31/55】浏览商品任务记录成功，等待5秒
Jun 14 06:39:10 逛商品赚金币任务完成，获得22金币
Jun 14 06:39:10 【32/55】浏览商品任务记录成功，等待5秒
Jun 14 06:39:10 逛商品赚金币任务完成，获得18金币
Jun 14 06:39:11 【33/55】浏览商品任务记录成功，等待5秒
Jun 14 06:39:15 逛商品赚金币任务完成，获得22金币
Jun 14 06:39:15 【34/55】浏览商品任务记录成功，等待5秒
Jun 14 06:39:16 逛商品赚金币任务完成，获得18金币
Jun 14 06:39:16 【35/55】浏览商品任务记录成功，等待5秒
Jun 14 06:39:20 逛商品赚金币任务完成，获得72金币
Jun 14 06:39:20 【36/55】浏览商品任务记录成功，等待5秒
Jun 14 06:39:21 逛商品赚金币任务完成，获得17金币
Jun 14 06:39:21 【37/55】浏览商品任务记录成功，等待5秒
Jun 14 06:39:25 逛商品赚金币任务完成，获得22金币
Jun 14 06:39:25 【38/55】浏览商品任务记录成功，等待5秒
Jun 14 06:39:26 逛商品赚金币任务完成，获得18金币
Jun 14 06:39:26 【39/55】浏览商品任务记录成功，等待5秒
Jun 14 06:39:30 逛商品赚金币任务完成，获得24金币
Jun 14 06:39:30 【40/55】浏览商品任务记录成功，等待5秒
Jun 14 06:39:31 逛商品赚金币任务完成，获得79金币
Jun 14 06:39:31 【41/55】浏览商品任务记录成功，等待5秒
Jun 14 06:39:35 逛商品赚金币任务完成，获得12金币
Jun 14 06:39:36 【42/55】浏览商品任务记录成功，等待5秒
Jun 14 06:39:36 逛商品赚金币任务完成，获得8金币
Jun 14 06:39:36 【43/55】浏览商品任务记录成功，等待5秒
Jun 14 06:39:41 逛商品赚金币任务完成，获得11金币
Jun 14 06:39:41 【44/55】浏览商品任务记录成功，等待5秒
Jun 14 06:39:41 逛商品赚金币任务完成，获得9金币
Jun 14 06:39:42 【45/55】浏览商品任务记录成功，等待5秒
Jun 14 06:39:46 逛商品赚金币任务完成，获得79金币
Jun 14 06:39:46 【46/55】浏览商品任务记录成功，等待5秒
Jun 14 06:39:47 逛商品赚金币任务完成，获得9金币
Jun 14 06:39:47 【47/55】浏览商品任务记录成功，等待5秒
Jun 14 06:39:51 逛商品赚金币任务完成，获得11金币
Jun 14 06:39:51 【48/55】浏览商品任务记录成功，等待5秒
Jun 14 06:39:52 逛商品赚金币任务完成，获得9金币
Jun 14 06:39:52 【49/55】浏览商品任务记录成功，等待5秒
Jun 14 06:39:56 逛商品赚金币任务完成，获得11金币
Jun 14 06:39:56 【50/55】浏览商品任务记录成功，等待5秒
Jun 14 06:39:57 逛商品赚金币任务完成，获得60金币
Jun 14 06:39:57 【51/55】浏览商品任务记录成功，等待5秒
Jun 14 06:40:01 逛商品赚金币任务完成，获得12金币
Jun 14 06:40:01 【52/55】浏览商品任务记录成功，等待5秒
Jun 14 06:40:02 逛商品赚金币任务完成，获得8金币
Jun 14 06:40:02 【53/55】浏览商品任务记录成功，等待5秒
Jun 14 06:40:06 逛商品赚金币任务完成，获得11金币
Jun 14 06:40:07 【54/55】浏览商品任务记录成功，等待5秒
Jun 14 06:40:07 逛商品赚金币任务完成，获得9金币
Jun 14 06:40:07 【55/55】浏览商品任务记录成功，等待5秒
Jun 14 06:40:12 逛商品赚金币任务完成，获得79金币
Jun 14 06:40:12 逛商品赚金币任务开启失败，任务已达上限
Jun 14 06:40:12 【1/10】浏览商品任务记录成功，等待10秒
Jun 14 06:40:12 逛商品赚金币任务结束失败，任务已达上限
Jun 14 06:40:13 逛商品赚金币任务开启失败，任务已达上限
Jun 14 06:40:13 【1/10】浏览商品任务记录成功，等待10秒
Jun 14 06:40:22 逛活动赚金币任务完成，获得60金币
Jun 14 06:40:22 【2/10】浏览商品任务记录成功，等待10秒
Jun 14 06:40:23 逛活动赚金币任务结束失败，当前任务已完成
Jun 14 06:40:23 【2/10】浏览商品任务记录成功，等待10秒
Jun 14 06:40:32 逛活动赚金币任务完成，获得120金币
Jun 14 06:40:32 【3/10】浏览商品任务记录成功，等待10秒
Jun 14 06:40:33 逛活动赚金币任务结束失败，当前任务已完成
Jun 14 06:40:33 【3/10】浏览商品任务记录成功，等待10秒
Jun 14 06:40:42 逛活动赚金币任务完成，获得60金币
Jun 14 06:40:42 【4/10】浏览商品任务记录成功，等待10秒
Jun 14 06:40:43 逛活动赚金币任务完成，获得120金币
Jun 14 06:40:43 【5/10】浏览商品任务记录成功，等待10秒
Jun 14 06:40:53 逛活动赚金币任务完成，获得60金币
Jun 14 06:40:53 【6/10】浏览商品任务记录成功，等待10秒
Jun 14 06:40:53 逛活动赚金币任务完成，获得120金币
Jun 14 06:40:53 【7/10】浏览商品任务记录成功，等待10秒
Jun 14 06:41:03 逛活动赚金币任务完成，获得60金币
Jun 14 06:41:03 【8/10】浏览商品任务记录成功，等待10秒
Jun 14 06:41:03 逛活动赚金币任务完成，获得120金币
Jun 14 06:41:03 【9/10】浏览商品任务记录成功，等待10秒
Jun 14 06:41:13 逛活动赚金币任务完成，获得60金币
Jun 14 06:41:13 【10/10】浏览商品任务记录成功，等待10秒
Jun 14 06:41:13 逛活动赚金币任务完成，获得120金币
Jun 14 06:41:14 逛活动赚金币任务开启失败，任务已达上限
Jun 14 06:41:14 【1/85】浏览商品任务记录成功，等待15秒
Jun 14 06:41:23 逛活动赚金币任务结束失败，任务已达上限
Jun 14 06:41:23 逛活动赚金币任务开启失败，任务已达上限
Jun 14 06:41:23 【1/85】浏览商品任务记录成功，等待15秒
Jun 14 06:41:29 看视频赚金币任务完成，获得30金币
Jun 14 06:41:29 【2/85】浏览商品任务记录成功，等待15秒
Jun 14 06:41:38 看视频赚金币任务完成，获得30金币
Jun 14 06:41:38 【3/85】浏览商品任务记录成功，等待15秒
Jun 14 06:41:44 看视频赚金币任务完成，获得30金币
Jun 14 06:41:44 【4/85】浏览商品任务记录成功，等待15秒
Jun 14 06:41:53 看视频赚金币任务完成，获得30金币
Jun 14 06:41:53 【5/85】浏览商品任务记录成功，等待15秒
Jun 14 06:41:59 看视频赚金币任务完成，获得120金币
Jun 14 06:41:59 【6/85】浏览商品任务记录成功，等待15秒
Jun 14 06:42:09 看视频赚金币任务完成，获得30金币
Jun 14 06:42:09 【7/85】浏览商品任务记录成功，等待15秒
Jun 14 06:42:14 看视频赚金币任务完成，获得30金币
Jun 14 06:42:14 【8/85】浏览商品任务记录成功，等待15秒
Jun 14 06:42:24 看视频赚金币任务完成，获得30金币
Jun 14 06:42:24 【9/85】浏览商品任务记录成功，等待15秒
Jun 14 06:42:29 看视频赚金币任务完成，获得30金币
Jun 14 06:42:29 【10/85】浏览商品任务记录成功，等待15秒
Jun 14 06:42:39 看视频赚金币任务完成，获得120金币
Jun 14 06:42:39 【11/85】浏览商品任务记录成功，等待15秒
Jun 14 06:42:44 看视频赚金币任务完成，获得30金币
Jun 14 06:42:44 【12/85】浏览商品任务记录成功，等待15秒
Jun 14 06:42:54 看视频赚金币任务完成，获得30金币
Jun 14 06:42:54 【13/85】浏览商品任务记录成功，等待15秒
Jun 14 06:43:00 看视频赚金币任务完成，获得30金币
Jun 14 06:43:00 【14/85】浏览商品任务记录成功，等待15秒
Jun 14 06:43:09 看视频赚金币任务完成，获得30金币
Jun 14 06:43:09 【15/85】浏览商品任务记录成功，等待15秒
Jun 14 06:43:15 看视频赚金币任务完成，获得120金币
Jun 14 06:43:15 【16/85】浏览商品任务记录成功，等待15秒
Jun 14 06:43:24 看视频赚金币任务完成，获得30金币
Jun 14 06:43:24 【17/85】浏览商品任务记录成功，等待15秒
Jun 14 06:43:30 看视频赚金币任务完成，获得30金币
Jun 14 06:43:30 【18/85】浏览商品任务记录成功，等待15秒
Jun 14 06:43:40 看视频赚金币任务完成，获得30金币
Jun 14 06:43:40 【19/85】浏览商品任务记录成功，等待15秒
Jun 14 06:43:45 看视频赚金币任务完成，获得30金币
Jun 14 06:43:45 【20/85】浏览商品任务记录成功，等待15秒
Jun 14 06:43:55 看视频赚金币任务完成，获得120金币
Jun 14 06:43:55 【21/85】浏览商品任务记录成功，等待15秒
Jun 14 06:44:00 看视频赚金币任务完成，获得30金币
Jun 14 06:44:00 【22/85】浏览商品任务记录成功，等待15秒
Jun 14 06:44:10 看视频赚金币任务完成，获得30金币
Jun 14 06:44:10 【23/85】浏览商品任务记录成功，等待15秒
Jun 14 06:44:15 看视频赚金币任务完成，获得30金币
Jun 14 06:44:15 【24/85】浏览商品任务记录成功，等待15秒
Jun 14 06:44:25 看视频赚金币任务完成，获得30金币
Jun 14 06:44:25 【25/85】浏览商品任务记录成功，等待15秒
Jun 14 06:44:30 看视频赚金币任务完成，获得120金币
Jun 14 06:44:30 【26/85】浏览商品任务记录成功，等待15秒
Jun 14 06:44:40 看视频赚金币任务完成，获得30金币
Jun 14 06:44:40 【27/85】浏览商品任务记录成功，等待15秒
Jun 14 06:44:45 看视频赚金币任务完成，获得30金币
Jun 14 06:44:46 【28/85】浏览商品任务记录成功，等待15秒
Jun 14 06:44:55 看视频赚金币任务完成，获得30金币
Jun 14 06:44:55 【29/85】浏览商品任务记录成功，等待15秒
Jun 14 06:45:01 看视频赚金币任务完成，获得30金币
Jun 14 06:45:01 【30/85】浏览商品任务记录成功，等待15秒
Jun 14 06:45:10 看视频赚金币任务完成，获得120金币
Jun 14 06:45:10 【31/85】浏览商品任务记录成功，等待15秒
Jun 14 06:45:16 看视频赚金币任务完成，获得30金币
Jun 14 06:45:16 【32/85】浏览商品任务记录成功，等待15秒
Jun 14 06:45:26 看视频赚金币任务完成，获得30金币
Jun 14 06:45:26 【33/85】浏览商品任务记录成功，等待15秒
Jun 14 06:45:31 看视频赚金币任务完成，获得30金币
Jun 14 06:45:31 【34/85】浏览商品任务记录成功，等待15秒
Jun 14 06:45:41 看视频赚金币任务完成，获得30金币
Jun 14 06:45:41 【35/85】浏览商品任务记录成功，等待15秒
Jun 14 06:45:46 看视频赚金币任务完成，获得120金币
Jun 14 06:45:46 【36/85】浏览商品任务记录成功，等待18秒
Jun 14 06:45:56 看视频赚金币任务完成，获得1金币
Jun 14 06:45:56 【37/85】浏览商品任务记录成功，等待18秒
Jun 14 06:46:04 看视频赚金币任务完成，获得25金币
Jun 14 06:46:04 【38/85】浏览商品任务记录成功，等待18秒
Jun 14 06:46:14 看视频赚金币任务完成，获得25金币
Jun 14 06:46:14 【39/85】浏览商品任务记录成功，等待18秒
Jun 14 06:46:22 看视频赚金币任务完成，获得25金币
Jun 14 06:46:22 【40/85】浏览商品任务记录成功，等待18秒
Jun 14 06:46:32 看视频赚金币任务完成，获得120金币
Jun 14 06:46:32 【41/85】浏览商品任务记录成功，等待18秒
Jun 14 06:46:40 看视频赚金币任务完成，获得25金币
Jun 14 06:46:41 【42/85】浏览商品任务记录成功，等待18秒
Jun 14 06:46:50 看视频赚金币任务完成，获得25金币
Jun 14 06:46:50 【43/85】浏览商品任务记录成功，等待18秒
Jun 14 06:46:59 看视频赚金币任务完成，获得25金币
Jun 14 06:46:59 【44/85】浏览商品任务记录成功，等待18秒
Jun 14 06:47:08 看视频赚金币任务完成，获得25金币
Jun 14 06:47:08 【45/85】浏览商品任务记录成功，等待18秒
Jun 14 06:47:17 看视频赚金币任务完成，获得120金币
Jun 14 06:47:17 【46/85】浏览商品任务记录成功，等待18秒
Jun 14 06:47:26 看视频赚金币任务完成，获得25金币
Jun 14 06:47:26 【47/85】浏览商品任务记录成功，等待18秒
Jun 14 06:47:35 看视频赚金币任务完成，获得25金币
Jun 14 06:47:35 【48/85】浏览商品任务记录成功，等待18秒
Jun 14 06:47:45 看视频赚金币任务完成，获得25金币
Jun 14 06:47:45 【49/85】浏览商品任务记录成功，等待18秒
Jun 14 06:47:53 看视频赚金币任务完成，获得25金币
Jun 14 06:47:53 【50/85】浏览商品任务记录成功，等待18秒
Jun 14 06:48:03 看视频赚金币任务完成，获得120金币
Jun 14 06:48:03 【51/85】浏览商品任务记录成功，等待18秒
Jun 14 06:48:11 看视频赚金币任务完成，获得25金币
Jun 14 06:48:11 【52/85】浏览商品任务记录成功，等待18秒
Jun 14 06:48:21 看视频赚金币任务完成，获得25金币
Jun 14 06:48:21 【53/85】浏览商品任务记录成功，等待18秒
Jun 14 06:48:29 看视频赚金币任务完成，获得25金币
Jun 14 06:48:29 【54/85】浏览商品任务记录成功，等待18秒
Jun 14 06:48:39 看视频赚金币任务完成，获得25金币
Jun 14 06:48:39 【55/85】浏览商品任务记录成功，等待18秒
Jun 14 06:48:47 看视频赚金币任务完成，获得120金币
Jun 14 06:48:47 【56/85】浏览商品任务记录成功，等待18秒
Jun 14 06:48:57 看视频赚金币任务完成，获得25金币
Jun 14 06:48:57 【57/85】浏览商品任务记录成功，等待18秒
Jun 14 06:49:06 看视频赚金币任务完成，获得25金币
Jun 14 06:49:06 【58/85】浏览商品任务记录成功，等待18秒
Jun 14 06:49:15 看视频赚金币任务完成，获得25金币
Jun 14 06:49:15 【59/85】浏览商品任务记录成功，等待18秒
Jun 14 06:49:24 看视频赚金币任务完成，获得25金币
Jun 14 06:49:24 【60/85】浏览商品任务记录成功，等待18秒
Jun 14 06:49:33 看视频赚金币任务完成，获得120金币
Jun 14 06:49:33 【61/85】浏览商品任务记录成功，等待20秒
Jun 14 06:49:42 看视频赚金币任务完成，获得1金币
Jun 14 06:49:42 【62/85】浏览商品任务记录成功，等待20秒
Jun 14 06:49:54 看视频赚金币任务完成，获得10金币
Jun 14 06:49:54 【63/85】浏览商品任务记录成功，等待20秒
Jun 14 06:50:02 看视频赚金币任务完成，获得10金币
Jun 14 06:50:02 【64/85】浏览商品任务记录成功，等待20秒
Jun 14 06:50:14 看视频赚金币任务完成，获得10金币
Jun 14 06:50:14 【65/85】浏览商品任务记录成功，等待20秒
Jun 14 06:50:22 看视频赚金币任务完成，获得60金币
Jun 14 06:50:22 【66/85】浏览商品任务记录成功，等待20秒
Jun 14 06:50:34 看视频赚金币任务完成，获得10金币
Jun 14 06:50:34 【67/85】浏览商品任务记录成功，等待20秒
Jun 14 06:50:42 看视频赚金币任务完成，获得10金币
Jun 14 06:50:42 【68/85】浏览商品任务记录成功，等待20秒
Jun 14 06:50:54 看视频赚金币任务完成，获得10金币
Jun 14 06:50:54 【69/85】浏览商品任务记录成功，等待20秒
Jun 14 06:51:02 看视频赚金币任务完成，获得10金币
Jun 14 06:51:02 【70/85】浏览商品任务记录成功，等待20秒
Jun 14 06:51:14 看视频赚金币任务完成，获得60金币
Jun 14 06:51:14 【71/85】浏览商品任务记录成功，等待20秒
Jun 14 06:51:23 看视频赚金币任务完成，获得10金币
Jun 14 06:51:23 【72/85】浏览商品任务记录成功，等待20秒
Jun 14 06:51:34 看视频赚金币任务完成，获得10金币
Jun 14 06:51:34 【73/85】浏览商品任务记录成功，等待20秒
Jun 14 06:51:43 看视频赚金币任务完成，获得10金币
Jun 14 06:51:43 【74/85】浏览商品任务记录成功，等待20秒
Jun 14 06:51:55 看视频赚金币任务完成，获得10金币
Jun 14 06:51:55 【75/85】浏览商品任务记录成功，等待20秒
Jun 14 06:52:03 看视频赚金币任务完成，获得60金币
Jun 14 06:52:03 【76/85】浏览商品任务记录成功，等待30秒
Jun 14 06:52:15 看视频赚金币任务完成，获得1金币
Jun 14 06:52:15 【77/85】浏览商品任务记录成功，等待30秒
Jun 14 06:52:33 看视频赚金币任务完成，获得5金币
Jun 14 06:52:33 【78/85】浏览商品任务记录成功，等待30秒
Jun 14 06:52:45 看视频赚金币任务完成，获得5金币
Jun 14 06:52:45 【79/85】浏览商品任务记录成功，等待30秒
Jun 14 06:53:03 看视频赚金币任务完成，获得5金币
Jun 14 06:53:03 【80/85】浏览商品任务记录成功，等待30秒
Jun 14 06:53:15 看视频赚金币任务完成，获得40金币
Jun 14 06:53:15 【81/85】浏览商品任务记录成功，等待30秒
Jun 14 06:53:33 看视频赚金币任务完成，获得5金币
Jun 14 06:53:33 【82/85】浏览商品任务记录成功，等待30秒
Jun 14 06:53:45 看视频赚金币任务完成，获得5金币
Jun 14 06:53:45 【83/85】浏览商品任务记录成功，等待30秒
Jun 14 06:54:03 看视频赚金币任务完成，获得5金币
Jun 14 06:54:04 【84/85】浏览商品任务记录成功，等待30秒
Jun 14 06:54:15 看视频赚金币任务完成，获得5金币
Jun 14 06:54:15 【85/85】浏览商品任务记录成功，等待30秒
Jun 14 06:54:34 看视频赚金币任务完成，获得40金币
Jun 14 06:54:34 看视频赚金币任务已达上限
Jun 14 06:54:34 邀好友赚金币已完成
Jun 14 06:54:34 拆红包得现金已完成
Jun 14 06:54:34 省钱大赢家已完成
Jun 14 06:54:34 签到提现已完成
Jun 14 06:54:34 东东爱消除已完成
Jun 14 06:54:34 购券抽大奖已完成
Jun 14 06:54:34 幸运转盘已完成
Jun 14 06:54:34 现金签到已完成
Jun 14 06:54:34 推推赚大钱已完成
Jun 14 06:54:34 天天抽奖已完成
Jun 14 06:54:34 水果免费领已完成
Jun 14 06:54:34 砍价免费拿已完成
Jun 14 06:54:34 
Jun 14 06:54:34 ==============📣系统通知📣==============
Jun 14 06:54:34 京东极速版
Jun 14 06:54:34 京东账号2jd_7a84de20543eb
Jun 14 06:54:34 本次运行获得2866金币，共计185390金币
Jun 14 06:54:36 
Jun 14 06:54:36 🔔京东极速版, 结束! 🕛 2016.267 秒
Jun 14 06:54:36 
Jun 14 06:54:45 看视频赚金币任务结束失败，任务已达上限
Jun 14 06:54:45 看视频赚金币任务已达上限
Jun 14 06:54:45 邀好友赚金币已完成
Jun 14 06:54:45 拆红包得现金已完成
Jun 14 06:54:45 省钱大赢家已完成
Jun 14 06:54:45 签到提现已完成
Jun 14 06:54:45 东东爱消除已完成
Jun 14 06:54:45 购券抽大奖已完成
Jun 14 06:54:45 幸运转盘已完成
Jun 14 06:54:45 现金签到已完成
Jun 14 06:54:45 推推赚大钱已完成
Jun 14 06:54:45 天天抽奖已完成
Jun 14 06:54:45 水果免费领已完成
Jun 14 06:54:45 砍价免费拿已完成
Jun 14 06:54:45 
Jun 14 06:54:45 ==============📣系统通知📣==============
Jun 14 06:54:45 京东极速版
Jun 14 06:54:45 京东账号2jd_7a84de20543eb
Jun 14 06:54:45 本次运行获得3091金币，共计185390金币
Jun 14 06:54:47 
Jun 14 06:54:47 🔔京东极速版, 结束! 🕛 2027.907 秒
Jun 14 06:54:47 
Jun 15 01:21:00 
Jun 15 01:21:00 🔔京东极速版, 开始!
Jun 15 01:21:00 
Jun 15 01:21:00 🔔京东极速版, 开始!
Jun 15 01:21:00 您的cookie选择的是用&隔开
Jun 15 01:21:00 
Jun 15 01:21:00 
Jun 15 01:21:00 ====================共有2个京东账号Cookie=========
Jun 15 01:21:00 
Jun 15 01:21:00 您的cookie选择的是用&隔开
Jun 15 01:21:00 
Jun 15 01:21:00 
Jun 15 01:21:00 ====================共有2个京东账号Cookie=========
Jun 15 01:21:00 
Jun 15 01:21:00Jun 15 01:21:00 ==================脚本执行- 北京时间(UTC+8)：6/15/2021, 1:21:00 AM=====================
Jun 15 01:21:00 
 ==================脚本执行- 北京时间(UTC+8)：6/15/2021, 1:21:00 AM=====================
Jun 15 01:21:00 
Jun 15 01:21:00 
Jun 15 01:21:00 ******开始【京东账号1】455979050-14287437*********
Jun 15 01:21:00 
Jun 15 01:21:00 
Jun 15 01:21:00 ******开始【京东账号1】455979050-14287437*********
Jun 15 01:21:00 
Jun 15 01:21:00 京东极速版 API请求失败，请检查网路重试
Jun 15 01:21:00 京东极速版 API请求失败，请检查网路重试
Jun 15 01:21:00 【幸运大转盘】剩余抽奖机会：2
Jun 15 01:21:00 【幸运大转盘】剩余抽奖机会：2
Jun 15 01:21:00 幸运大转盘抽奖获得：空气
Jun 15 01:21:01 幸运大转盘抽奖获得：【undefined-0.50undefined】
Jun 15 01:21:01 
Jun 15 01:21:01 幸运大转盘抽奖获得：空气
Jun 15 01:21:01 幸运大转盘抽奖获得：【undefined-0.50undefined】
Jun 15 01:21:01 
Jun 15 01:21:02 去做任务转盘抽奖逛会场
Jun 15 01:21:02 任务完成成功
Jun 15 01:21:02 【幸运大转盘】剩余抽奖机会：1
Jun 15 01:21:02 【幸运大转盘】剩余抽奖机会：0
Jun 15 01:21:02 幸运大转盘抽奖获得：【30-20福利神券-老人】
Jun 15 01:21:02 
Jun 15 01:21:02 签到获得0.08现金，共计获得7.81
Jun 15 01:21:02 逛商品赚金币已完成
Jun 15 01:21:02 逛活动赚金币已完成
Jun 15 01:21:02 看视频赚金币已完成
Jun 15 01:21:02 邀好友赚金币任务完成成功，预计获得60金币
Jun 15 01:21:02 签到失败，用户已签到
Jun 15 01:21:02 逛商品赚金币已完成
Jun 15 01:21:02 逛活动赚金币已完成
Jun 15 01:21:02 看视频赚金币已完成
Jun 15 01:21:02 邀好友赚金币已完成
Jun 15 01:21:03 省钱大赢家任务完成成功，预计获得60金币
Jun 15 01:21:03 任务完成失败，当前任务已完成
Jun 15 01:21:04 签到提现任务完成成功，预计获得60金币
Jun 15 01:21:04 任务完成失败，当前任务已完成
Jun 15 01:21:05 东东爱消除任务完成成功，预计获得60金币
Jun 15 01:21:05 任务完成失败，当前任务已完成
Jun 15 01:21:06 购券抽大奖任务完成成功，预计获得60金币
Jun 15 01:21:06 任务完成失败，当前任务已完成
Jun 15 01:21:07 幸运转盘任务完成成功，预计获得60金币
Jun 15 01:21:07 任务完成失败，当前任务已完成
Jun 15 01:21:08 现金签到任务完成成功，预计获得60金币
Jun 15 01:21:08 任务完成失败，当前任务已完成
Jun 15 01:21:09 推推赚大钱任务完成成功，预计获得60金币
Jun 15 01:21:09 任务完成失败，当前任务已完成
Jun 15 01:21:10 天天抽奖任务完成成功，预计获得60金币
Jun 15 01:21:11 任务完成失败，当前任务已完成
Jun 15 01:21:11 水果免费领任务完成成功，预计获得60金币
Jun 15 01:21:12 任务完成失败，当前任务已完成
Jun 15 01:21:12 砍价免费拿任务完成成功，预计获得60金币
Jun 15 01:21:13 任务完成失败，当前任务已完成
Jun 15 01:21:13 气泡收取成功，获得60金币
Jun 15 01:21:14 气泡收取成功，获得60金币
Jun 15 01:21:14 气泡收取成功，获得60金币
Jun 15 01:21:14 气泡收取失败，该笔金币已领取，请刷新页面
Jun 15 01:21:14 气泡收取成功，获得60金币
Jun 15 01:21:15 气泡收取失败，该笔金币已领取，请刷新页面
Jun 15 01:21:15 气泡收取成功，获得60金币
Jun 15 01:21:15 气泡收取失败，该笔金币已领取，请刷新页面
Jun 15 01:21:15 气泡收取成功，获得60金币
Jun 15 01:21:16 气泡收取失败，该笔金币已领取，请刷新页面
Jun 15 01:21:16 气泡收取成功，获得60金币
Jun 15 01:21:16 气泡收取失败，该笔金币已领取，请刷新页面
Jun 15 01:21:17 气泡收取成功，获得60金币
Jun 15 01:21:17 气泡收取失败，该笔金币已领取，请刷新页面
Jun 15 01:21:17 气泡收取成功，获得60金币
Jun 15 01:21:17 气泡收取失败，该笔金币已领取，请刷新页面
Jun 15 01:21:18 气泡收取成功，获得60金币
Jun 15 01:21:18 气泡收取失败，该笔金币已领取，请刷新页面
Jun 15 01:21:18 气泡收取成功，获得60金币
Jun 15 01:21:19 气泡收取失败，该笔金币已领取，请刷新页面
Jun 15 01:21:19 
Jun 15 01:21:19 ==============📣系统通知📣==============
Jun 15 01:21:19 京东极速版
Jun 15 01:21:19 京东账号1455979050-14287437
Jun 15 01:21:19 幸运大转盘抽奖获得：【undefined-0.50undefined】
Jun 15 01:21:19 本次运行获得540金币，共计199425金币
Jun 15 01:21:19 
Jun 15 01:21:19 ==============📣系统通知📣==============
Jun 15 01:21:19 京东极速版
Jun 15 01:21:19 京东账号1455979050-14287437
Jun 15 01:21:19 幸运大转盘抽奖获得：【undefined-0.50undefined】
Jun 15 01:21:19 幸运大转盘抽奖获得：【30-20福利神券-老人】
Jun 15 01:21:19 本次运行获得120金币，共计199425金币
Jun 15 01:21:21 
Jun 15 01:21:21 ******开始【京东账号2】jd_7a84de20543eb*********
Jun 15 01:21:21 
Jun 15 01:21:21 京东极速版 API请求失败，请检查网路重试
Jun 15 01:21:21 
Jun 15 01:21:21 ******开始【京东账号2】jd_7a84de20543eb*********
Jun 15 01:21:21 
Jun 15 01:21:21 【幸运大转盘】剩余抽奖机会：2
Jun 15 01:21:21 京东极速版 API请求失败，请检查网路重试
Jun 15 01:21:21 幸运大转盘抽奖获得：【13-10福利神券-老人】
Jun 15 01:21:21 
Jun 15 01:21:21 【幸运大转盘】剩余抽奖机会：1
Jun 15 01:21:22 幸运大转盘抽奖获得：【13-10福利神券-老人】
Jun 15 01:21:22 
Jun 15 01:21:22 幸运大转盘抽奖获得：空气
Jun 15 01:21:22 去做任务转盘抽奖逛会场
Jun 15 01:21:22 {"success":false,"code":1001,"errMsg":"限流","data":null}
Jun 15 01:21:22 【幸运大转盘】剩余抽奖机会：0
Jun 15 01:21:22 签到获得0.12现金，共计获得7.77
Jun 15 01:21:22 逛商品赚金币已完成
Jun 15 01:21:22 逛活动赚金币已完成
Jun 15 01:21:22 看视频赚金币已完成
Jun 15 01:21:22 去做任务转盘抽奖逛会场
Jun 15 01:21:22 邀好友赚金币任务完成成功，预计获得60金币
Jun 15 01:21:22 {"success":false,"code":1001,"errMsg":"限流","data":null}
Jun 15 01:21:23 【幸运大转盘】剩余抽奖机会：0
Jun 15 01:21:23 签到失败，用户已签到
Jun 15 01:21:23 逛商品赚金币已完成
Jun 15 01:21:23 逛活动赚金币已完成
Jun 15 01:21:23 看视频赚金币已完成
Jun 15 01:21:23 邀好友赚金币已完成
Jun 15 01:21:23 省钱大赢家任务完成成功，预计获得60金币
Jun 15 01:21:24 任务完成失败，当前任务已完成
Jun 15 01:21:24 签到提现任务完成成功，预计获得60金币
Jun 15 01:21:25 任务完成失败，当前任务已完成
Jun 15 01:21:25 东东爱消除任务完成成功，预计获得60金币
Jun 15 01:21:26 任务完成失败，当前任务已完成
Jun 15 01:21:26 购券抽大奖任务完成成功，预计获得60金币
Jun 15 01:21:27 任务完成失败，当前任务已完成
Jun 15 01:21:27 幸运转盘任务完成成功，预计获得60金币
Jun 15 01:21:28 任务完成失败，当前任务已完成
Jun 15 01:21:28 现金签到任务完成成功，预计获得60金币
Jun 15 01:21:29 任务完成失败，当前任务已完成
Jun 15 01:21:29 推推赚大钱任务完成成功，预计获得60金币
Jun 15 01:21:30 任务完成失败，当前任务已完成
Jun 15 01:21:30 天天抽奖任务完成成功，预计获得60金币
Jun 15 01:21:31 任务完成失败，当前任务已完成
Jun 15 01:21:31 水果免费领任务完成成功，预计获得60金币
Jun 15 01:21:32 任务完成失败，当前任务已完成
Jun 15 01:21:32 砍价免费拿任务完成成功，预计获得60金币
Jun 15 01:21:33 任务完成失败，当前任务已完成
Jun 15 01:21:33 气泡收取成功，获得60金币
Jun 15 01:21:34 气泡收取成功，获得60金币
Jun 15 01:21:34 气泡收取成功，获得60金币
Jun 15 01:21:34 气泡收取失败，该笔金币已领取，请刷新页面
Jun 15 01:21:35 气泡收取成功，获得60金币
Jun 15 01:21:35 气泡收取失败，该笔金币已领取，请刷新页面
Jun 15 01:21:35 气泡收取成功，获得60金币
Jun 15 01:21:35 气泡收取失败，该笔金币已领取，请刷新页面
Jun 15 01:21:36 气泡收取成功，获得60金币
Jun 15 01:21:36 气泡收取失败，该笔金币已领取，请刷新页面
Jun 15 01:21:36 气泡收取成功，获得60金币
Jun 15 01:21:36 气泡收取失败，该笔金币已领取，请刷新页面
Jun 15 01:21:37 气泡收取成功，获得60金币
Jun 15 01:21:37 气泡收取失败，该笔金币已领取，请刷新页面
Jun 15 01:21:37 气泡收取成功，获得60金币
Jun 15 01:21:38 气泡收取失败，该笔金币已领取，请刷新页面
Jun 15 01:21:38 气泡收取成功，获得60金币
Jun 15 01:21:38 气泡收取失败，该笔金币已领取，请刷新页面
Jun 15 01:21:38 气泡收取成功，获得60金币
Jun 15 01:21:39 气泡收取失败，该笔金币已领取，请刷新页面
Jun 15 01:21:39 
Jun 15 01:21:39 ==============📣系统通知📣==============
Jun 15 01:21:39 京东极速版
Jun 15 01:21:39 京东账号2jd_7a84de20543eb
Jun 15 01:21:39 幸运大转盘抽奖获得：【13-10福利神券-老人】
Jun 15 01:21:39 本次运行获得540金币，共计186050金币
Jun 15 01:21:39 
Jun 15 01:21:39 ==============📣系统通知📣==============
Jun 15 01:21:39 京东极速版
Jun 15 01:21:39 京东账号2jd_7a84de20543eb
Jun 15 01:21:39 幸运大转盘抽奖获得：【13-10福利神券-老人】
Jun 15 01:21:39 本次运行获得120金币，共计186050金币
Jun 15 01:21:41 
Jun 15 01:21:41 🔔京东极速版, 结束! 🕛 41.228 秒
Jun 15 01:21:41 
Jun 15 01:21:41 
Jun 15 01:21:41 🔔京东极速版, 结束! 🕛 41.347 秒
Jun 15 01:21:41 
Jun 15 06:21:00 
Jun 15 06:21:00 🔔京东极速版, 开始!
Jun 15 06:21:00 您的cookie选择的是用&隔开
Jun 15 06:21:00 
Jun 15 06:21:00 
Jun 15 06:21:00 ====================共有2个京东账号Cookie=========
Jun 15 06:21:00 
Jun 15 06:21:00 
Jun 15 06:21:00 🔔京东极速版, 开始!
Jun 15 06:21:00 您的cookie选择的是用&隔开
Jun 15 06:21:00 
Jun 15 06:21:00 
Jun 15 06:21:00 ====================共有2个京东账号Cookie=========
Jun 15 06:21:00 
Jun 15 06:21:00 ==================脚本执行- 北京时间(UTC+8)：6/15/2021, 6:21:00 AM=====================
Jun 15 06:21:00 
Jun 15 06:21:01 ==================脚本执行- 北京时间(UTC+8)：6/15/2021, 6:21:00 AM=====================
Jun 15 06:21:01 
Jun 15 06:21:01 
Jun 15 06:21:01 ******开始【京东账号1】455979050-14287437*********
Jun 15 06:21:01 
Jun 15 06:21:01 
Jun 15 06:21:01 ******开始【京东账号1】455979050-14287437*********
Jun 15 06:21:01 
Jun 15 06:21:01 京东极速版 API请求失败，请检查网路重试
Jun 15 06:21:01 京东极速版 API请求失败，请检查网路重试
Jun 15 06:21:01 【幸运大转盘】剩余抽奖机会：0
Jun 15 06:21:01 【幸运大转盘】剩余抽奖机会：0
Jun 15 06:21:01 【幸运大转盘】剩余抽奖机会：0
Jun 15 06:21:01 【幸运大转盘】剩余抽奖机会：0
Jun 15 06:21:01 签到失败，用户已签到
Jun 15 06:21:01 签到失败，频繁点击
Jun 15 06:21:01 【1/55】浏览商品任务记录成功，等待5秒
Jun 15 06:21:01 【1/55】浏览商品任务记录成功，等待5秒
Jun 15 06:21:06 逛商品赚金币任务完成，获得46金币
Jun 15 06:21:06 逛商品赚金币任务失败，当前任务已完成
Jun 15 06:21:06 【2/55】浏览商品任务记录成功，等待5秒
Jun 15 06:21:06 【2/55】浏览商品任务记录成功，等待5秒
Jun 15 06:21:12 逛商品赚金币任务结束失败，系统繁忙
Jun 15 06:21:12 逛商品赚金币任务完成，获得34金币
Jun 15 06:21:12 逛商品赚金币任务开启失败，当前任务已完成
Jun 15 06:21:12 【3/55】浏览商品任务记录成功，等待5秒
Jun 15 06:21:12 【1/10】浏览商品任务记录成功，等待10秒
Jun 15 06:21:17 逛商品赚金币任务完成，获得45金币
Jun 15 06:21:17 【4/55】浏览商品任务记录成功，等待5秒
Jun 15 06:21:22 逛活动赚金币任务完成，获得60金币
Jun 15 06:21:22 【2/10】浏览商品任务记录成功，等待10秒
Jun 15 06:21:22 逛商品赚金币任务完成，获得35金币
Jun 15 06:21:22 【5/55】浏览商品任务记录成功，等待5秒
Jun 15 06:21:27 逛商品赚金币任务完成，获得78金币
Jun 15 06:21:27 【6/55】浏览商品任务记录成功，等待5秒
Jun 15 06:21:32 逛活动赚金币任务完成，获得120金币
Jun 15 06:21:32 【3/10】浏览商品任务记录成功，等待10秒
Jun 15 06:21:32 逛商品赚金币任务完成，获得34金币
Jun 15 06:21:32 【7/55】浏览商品任务记录成功，等待5秒
Jun 15 06:21:37 逛商品赚金币任务完成，获得45金币
Jun 15 06:21:38 【8/55】浏览商品任务记录成功，等待5秒
Jun 15 06:21:42 逛活动赚金币任务完成，获得60金币
Jun 15 06:21:42 【4/10】浏览商品任务记录成功，等待10秒
Jun 15 06:21:43 逛商品赚金币任务完成，获得35金币
Jun 15 06:21:43 【9/55】浏览商品任务记录成功，等待5秒
Jun 15 06:21:48 逛商品赚金币任务完成，获得46金币
Jun 15 06:21:48 【10/55】浏览商品任务记录成功，等待5秒
Jun 15 06:21:52 逛活动赚金币任务完成，获得120金币
Jun 15 06:21:52 【5/10】浏览商品任务记录成功，等待10秒
Jun 15 06:21:53 逛商品赚金币任务完成，获得79金币
Jun 15 06:21:53 【11/55】浏览商品任务记录成功，等待5秒
Jun 15 06:21:58 逛商品赚金币任务完成，获得46金币
Jun 15 06:21:58 【12/55】浏览商品任务记录成功，等待5秒
Jun 15 06:22:02 逛活动赚金币任务完成，获得60金币
Jun 15 06:22:03 【6/10】浏览商品任务记录成功，等待10秒
Jun 15 06:22:03 逛商品赚金币任务完成，获得34金币
Jun 15 06:22:03 【13/55】浏览商品任务记录成功，等待5秒
Jun 15 06:22:09 逛商品赚金币任务完成，获得44金币
Jun 15 06:22:09 【14/55】浏览商品任务记录成功，等待5秒
Jun 15 06:22:13 逛活动赚金币任务完成，获得120金币
Jun 15 06:22:13 【7/10】浏览商品任务记录成功，等待10秒
Jun 15 06:22:14 逛商品赚金币任务完成，获得36金币
Jun 15 06:22:14 【15/55】浏览商品任务记录成功，等待5秒
Jun 15 06:22:19 逛商品赚金币任务完成，获得60金币
Jun 15 06:22:19 【16/55】浏览商品任务记录成功，等待5秒
Jun 15 06:22:23 逛活动赚金币任务完成，获得60金币
Jun 15 06:22:23 【8/10】浏览商品任务记录成功，等待10秒
Jun 15 06:22:24 逛商品赚金币任务完成，获得27金币
Jun 15 06:22:24 【17/55】浏览商品任务记录成功，等待5秒
Jun 15 06:22:29 逛商品赚金币任务完成，获得33金币
Jun 15 06:22:29 【18/55】浏览商品任务记录成功，等待5秒
Jun 15 06:22:33 逛活动赚金币任务完成，获得120金币
Jun 15 06:22:33 【9/10】浏览商品任务记录成功，等待10秒
Jun 15 06:22:34 逛商品赚金币任务完成，获得27金币
Jun 15 06:22:34 【19/55】浏览商品任务记录成功，等待5秒
Jun 15 06:22:40 逛商品赚金币任务完成，获得33金币
Jun 15 06:22:40 【20/55】浏览商品任务记录成功，等待5秒
Jun 15 06:22:43 逛活动赚金币任务完成，获得60金币
Jun 15 06:22:43 【10/10】浏览商品任务记录成功，等待10秒
Jun 15 06:22:45 逛商品赚金币任务完成，获得60金币
Jun 15 06:22:45 【21/55】浏览商品任务记录成功，等待5秒
Jun 15 06:22:50 逛商品赚金币任务完成，获得36金币
Jun 15 06:22:50 【22/55】浏览商品任务记录成功，等待5秒
Jun 15 06:22:53 逛活动赚金币任务完成，获得120金币
Jun 15 06:22:53 逛活动赚金币任务开启失败，任务已达上限
Jun 15 06:22:53 【1/85】浏览商品任务记录成功，等待15秒
Jun 15 06:22:55 逛商品赚金币任务完成，获得24金币
Jun 15 06:22:55 【23/55】浏览商品任务记录成功，等待5秒
Jun 15 06:23:00 逛商品赚金币任务完成，获得33金币
Jun 15 06:23:00 【24/55】浏览商品任务记录成功，等待5秒
Jun 15 06:23:05 逛商品赚金币任务完成，获得27金币
Jun 15 06:23:05 【25/55】浏览商品任务记录成功，等待5秒
Jun 15 06:23:09 看视频赚金币任务完成，获得30金币
Jun 15 06:23:09 【2/85】浏览商品任务记录成功，等待15秒
Jun 15 06:23:11 逛商品赚金币任务完成，获得71金币
Jun 15 06:23:11 【26/55】浏览商品任务记录成功，等待5秒
Jun 15 06:23:16 逛商品赚金币任务完成，获得27金币
Jun 15 06:23:16 【27/55】浏览商品任务记录成功，等待5秒
Jun 15 06:23:21 逛商品赚金币任务完成，获得34金币
Jun 15 06:23:21 【28/55】浏览商品任务记录成功，等待5秒
Jun 15 06:23:24 看视频赚金币任务完成，获得30金币
Jun 15 06:23:24 【3/85】浏览商品任务记录成功，等待15秒
Jun 15 06:23:26 逛商品赚金币任务完成，获得26金币
Jun 15 06:23:26 【29/55】浏览商品任务记录成功，等待5秒
Jun 15 06:23:31 逛商品赚金币任务完成，获得23金币
Jun 15 06:23:31 【30/55】浏览商品任务记录成功，等待5秒
Jun 15 06:23:36 逛商品赚金币任务完成，获得79金币
Jun 15 06:23:36 【31/55】浏览商品任务记录成功，等待5秒
Jun 15 06:23:39 看视频赚金币任务完成，获得30金币
Jun 15 06:23:39 【4/85】浏览商品任务记录成功，等待15秒
Jun 15 06:23:42 逛商品赚金币任务完成，获得23金币
Jun 15 06:23:42 【32/55】浏览商品任务记录成功，等待5秒
Jun 15 06:23:47 逛商品赚金币任务完成，获得17金币
Jun 15 06:23:47 【33/55】浏览商品任务记录成功，等待5秒
Jun 15 06:23:52 逛商品赚金币任务完成，获得22金币
Jun 15 06:23:52 【34/55】浏览商品任务记录成功，等待5秒
Jun 15 06:23:54 看视频赚金币任务完成，获得30金币
Jun 15 06:23:54 【5/85】浏览商品任务记录成功，等待15秒
Jun 15 06:23:57 逛商品赚金币任务完成，获得18金币
Jun 15 06:23:57 【35/55】浏览商品任务记录成功，等待5秒
Jun 15 06:24:02 逛商品赚金币任务完成，获得65金币
Jun 15 06:24:02 【36/55】浏览商品任务记录成功，等待5秒
Jun 15 06:24:07 逛商品赚金币任务完成，获得18金币
Jun 15 06:24:07 【37/55】浏览商品任务记录成功，等待5秒
Jun 15 06:24:09 看视频赚金币任务完成，获得120金币
Jun 15 06:24:09 【6/85】浏览商品任务记录成功，等待15秒
Jun 15 06:24:13 逛商品赚金币任务完成，获得22金币
Jun 15 06:24:13 【38/55】浏览商品任务记录成功，等待5秒
Jun 15 06:24:18 逛商品赚金币任务完成，获得18金币
Jun 15 06:24:18 【39/55】浏览商品任务记录成功，等待5秒
Jun 15 06:24:23 逛商品赚金币任务完成，获得22金币
Jun 15 06:24:23 【40/55】浏览商品任务记录成功，等待5秒
Jun 15 06:24:24 看视频赚金币任务完成，获得30金币
Jun 15 06:24:24 【7/85】浏览商品任务记录成功，等待15秒
Jun 15 06:24:28 逛商品赚金币任务完成，获得69金币
Jun 15 06:24:28 【41/55】浏览商品任务记录成功，等待5秒
Jun 15 06:24:33 逛商品赚金币任务完成，获得11金币
Jun 15 06:24:33 【42/55】浏览商品任务记录成功，等待5秒
Jun 15 06:24:38 逛商品赚金币任务完成，获得9金币
Jun 15 06:24:38 【43/55】浏览商品任务记录成功，等待5秒
Jun 15 06:24:39 看视频赚金币任务完成，获得30金币
Jun 15 06:24:39 【8/85】浏览商品任务记录成功，等待15秒
Jun 15 06:24:44 逛商品赚金币任务完成，获得11金币
Jun 15 06:24:44 【44/55】浏览商品任务记录成功，等待5秒
Jun 15 06:24:49 逛商品赚金币任务完成，获得9金币
Jun 15 06:24:49 【45/55】浏览商品任务记录成功，等待5秒
Jun 15 06:24:54 逛商品赚金币任务完成，获得76金币
Jun 15 06:24:54 【46/55】浏览商品任务记录成功，等待5秒
Jun 15 06:24:54 看视频赚金币任务完成，获得30金币
Jun 15 06:24:55 【9/85】浏览商品任务记录成功，等待15秒
Jun 15 06:24:59 逛商品赚金币任务完成，获得8金币
Jun 15 06:24:59 【47/55】浏览商品任务记录成功，等待5秒
Jun 15 06:25:04 逛商品赚金币任务完成，获得11金币
Jun 15 06:25:04 【48/55】浏览商品任务记录成功，等待5秒
Jun 15 06:25:09 逛商品赚金币任务完成，获得9金币
Jun 15 06:25:09 【49/55】浏览商品任务记录成功，等待5秒
Jun 15 06:25:10 看视频赚金币任务完成，获得30金币
Jun 15 06:25:10 【10/85】浏览商品任务记录成功，等待15秒
Jun 15 06:25:15 逛商品赚金币任务完成，获得11金币
Jun 15 06:25:15 【50/55】浏览商品任务记录成功，等待5秒
Jun 15 06:25:20 逛商品赚金币任务完成，获得63金币
Jun 15 06:25:20 【51/55】浏览商品任务记录成功，等待5秒
Jun 15 06:25:25 看视频赚金币任务完成，获得120金币
Jun 15 06:25:25 【11/85】浏览商品任务记录成功，等待15秒
Jun 15 06:25:25 逛商品赚金币任务完成，获得11金币
Jun 15 06:25:25 【52/55】浏览商品任务记录成功，等待5秒
Jun 15 06:25:30 逛商品赚金币任务完成，获得9金币
Jun 15 06:25:30 【53/55】浏览商品任务记录成功，等待5秒
Jun 15 06:25:35 逛商品赚金币任务完成，获得11金币
Jun 15 06:25:35 【54/55】浏览商品任务记录成功，等待5秒
Jun 15 06:25:40 看视频赚金币任务完成，获得30金币
Jun 15 06:25:40 【12/85】浏览商品任务记录成功，等待15秒
Jun 15 06:25:40 逛商品赚金币任务完成，获得9金币
Jun 15 06:25:41 【55/55】浏览商品任务记录成功，等待5秒
Jun 15 06:25:46 逛商品赚金币任务完成，获得77金币
Jun 15 06:25:46 逛商品赚金币任务开启失败，任务已达上限
Jun 15 06:25:46 逛活动赚金币任务开启失败，任务已达上限
Jun 15 06:25:46 【12/85】浏览商品任务记录成功，等待15秒
Jun 15 06:25:55 看视频赚金币任务完成，获得30金币
Jun 15 06:25:55 【13/85】浏览商品任务记录成功，等待15秒
Jun 15 06:26:01 看视频赚金币任务完成，获得30金币
Jun 15 06:26:01 【14/85】浏览商品任务记录成功，等待15秒
Jun 15 06:26:10 看视频赚金币任务完成，获得30金币
Jun 15 06:26:10 【15/85】浏览商品任务记录成功，等待15秒
Jun 15 06:26:16 看视频赚金币任务完成，获得120金币
Jun 15 06:26:16 【16/85】浏览商品任务记录成功，等待15秒
Jun 15 06:26:25 看视频赚金币任务完成，获得30金币
Jun 15 06:26:25 【17/85】浏览商品任务记录成功，等待15秒
Jun 15 06:26:31 看视频赚金币任务完成，获得30金币
Jun 15 06:26:31 【18/85】浏览商品任务记录成功，等待15秒
Jun 15 06:26:40 看视频赚金币任务完成，获得30金币
Jun 15 06:26:40 【19/85】浏览商品任务记录成功，等待15秒
Jun 15 06:26:46 看视频赚金币任务完成，获得30金币
Jun 15 06:26:46 【20/85】浏览商品任务记录成功，等待15秒
Jun 15 06:26:56 看视频赚金币任务完成，获得120金币
Jun 15 06:26:56 【21/85】浏览商品任务记录成功，等待15秒
Jun 15 06:27:01 看视频赚金币任务完成，获得30金币
Jun 15 06:27:01 【22/85】浏览商品任务记录成功，等待15秒
Jun 15 06:27:11 看视频赚金币任务完成，获得30金币
Jun 15 06:27:11 【23/85】浏览商品任务记录成功，等待15秒
Jun 15 06:27:17 看视频赚金币任务完成，获得30金币
Jun 15 06:27:17 【24/85】浏览商品任务记录成功，等待15秒
Jun 15 06:27:26 看视频赚金币任务完成，获得30金币
Jun 15 06:27:26 【25/85】浏览商品任务记录成功，等待15秒
Jun 15 06:27:32 看视频赚金币任务完成，获得120金币
Jun 15 06:27:32 【26/85】浏览商品任务记录成功，等待15秒
Jun 15 06:27:41 看视频赚金币任务完成，获得30金币
Jun 15 06:27:41 【27/85】浏览商品任务记录成功，等待15秒
Jun 15 06:27:47 看视频赚金币任务完成，获得30金币
Jun 15 06:27:47 【28/85】浏览商品任务记录成功，等待15秒
Jun 15 06:27:56 看视频赚金币任务完成，获得30金币
Jun 15 06:27:56 【29/85】浏览商品任务记录成功，等待15秒
Jun 15 06:28:02 看视频赚金币任务完成，获得30金币
Jun 15 06:28:02 【30/85】浏览商品任务记录成功，等待15秒
Jun 15 06:28:11 看视频赚金币任务完成，获得120金币
Jun 15 06:28:11 【31/85】浏览商品任务记录成功，等待15秒
Jun 15 06:28:17 看视频赚金币任务完成，获得30金币
Jun 15 06:28:17 【32/85】浏览商品任务记录成功，等待15秒
Jun 15 06:28:26 看视频赚金币任务完成，获得30金币
Jun 15 06:28:26 【33/85】浏览商品任务记录成功，等待15秒
Jun 15 06:28:32 看视频赚金币任务完成，获得30金币
Jun 15 06:28:32 【34/85】浏览商品任务记录成功，等待15秒
Jun 15 06:28:41 看视频赚金币任务完成，获得30金币
Jun 15 06:28:41 【35/85】浏览商品任务记录成功，等待15秒
Jun 15 06:28:47 看视频赚金币任务完成，获得120金币
Jun 15 06:28:47 【36/85】浏览商品任务记录成功，等待18秒
Jun 15 06:28:57 看视频赚金币任务完成，获得1金币
Jun 15 06:28:57 【37/85】浏览商品任务记录成功，等待18秒
Jun 15 06:29:06 看视频赚金币任务完成，获得25金币
Jun 15 06:29:06 【38/85】浏览商品任务记录成功，等待18秒
Jun 15 06:29:15 看视频赚金币任务完成，获得25金币
Jun 15 06:29:15 【39/85】浏览商品任务记录成功，等待18秒
Jun 15 06:29:24 看视频赚金币任务完成，获得25金币
Jun 15 06:29:24 【40/85】浏览商品任务记录成功，等待18秒
Jun 15 06:29:33 看视频赚金币任务完成，获得120金币
Jun 15 06:29:33 【41/85】浏览商品任务记录成功，等待18秒
Jun 15 06:29:42 看视频赚金币任务完成，获得25金币
Jun 15 06:29:42 【42/85】浏览商品任务记录成功，等待18秒
Jun 15 06:29:51 看视频赚金币任务完成，获得25金币
Jun 15 06:29:51 【43/85】浏览商品任务记录成功，等待18秒
Jun 15 06:30:00 看视频赚金币任务完成，获得25金币
Jun 15 06:30:00 【44/85】浏览商品任务记录成功，等待18秒
Jun 15 06:30:09 看视频赚金币任务完成，获得25金币
Jun 15 06:30:09 【45/85】浏览商品任务记录成功，等待18秒
Jun 15 06:30:18 看视频赚金币任务完成，获得120金币
Jun 15 06:30:18 【46/85】浏览商品任务记录成功，等待18秒
Jun 15 06:30:27 看视频赚金币任务完成，获得25金币
Jun 15 06:30:27 【47/85】浏览商品任务记录成功，等待18秒
Jun 15 06:30:36 看视频赚金币任务完成，获得25金币
Jun 15 06:30:36 【48/85】浏览商品任务记录成功，等待18秒
Jun 15 06:30:45 看视频赚金币任务完成，获得25金币
Jun 15 06:30:45 【49/85】浏览商品任务记录成功，等待18秒
Jun 15 06:30:54 看视频赚金币任务完成，获得25金币
Jun 15 06:30:54 【50/85】浏览商品任务记录成功，等待18秒
Jun 15 06:31:04 看视频赚金币任务完成，获得120金币
Jun 15 06:31:04 【51/85】浏览商品任务记录成功，等待18秒
Jun 15 06:31:13 看视频赚金币任务完成，获得25金币
Jun 15 06:31:13 【52/85】浏览商品任务记录成功，等待18秒
Jun 15 06:31:22 看视频赚金币任务完成，获得25金币
Jun 15 06:31:22 【53/85】浏览商品任务记录成功，等待18秒
Jun 15 06:31:31 看视频赚金币任务完成，获得25金币
Jun 15 06:31:31 【54/85】浏览商品任务记录成功，等待18秒
Jun 15 06:31:40 看视频赚金币任务完成，获得25金币
Jun 15 06:31:40 【55/85】浏览商品任务记录成功，等待18秒
Jun 15 06:31:49 看视频赚金币任务完成，获得120金币
Jun 15 06:31:49 【56/85】浏览商品任务记录成功，等待18秒
Jun 15 06:31:58 看视频赚金币任务完成，获得25金币
Jun 15 06:31:58 【57/85】浏览商品任务记录成功，等待18秒
Jun 15 06:32:07 看视频赚金币任务完成，获得25金币
Jun 15 06:32:07 【58/85】浏览商品任务记录成功，等待18秒
Jun 15 06:32:16 看视频赚金币任务完成，获得25金币
Jun 15 06:32:16 【59/85】浏览商品任务记录成功，等待18秒
Jun 15 06:32:25 看视频赚金币任务完成，获得25金币
Jun 15 06:32:25 【60/85】浏览商品任务记录成功，等待18秒
Jun 15 06:32:34 看视频赚金币任务完成，获得120金币
Jun 15 06:32:34 【61/85】浏览商品任务记录成功，等待20秒
Jun 15 06:32:43 看视频赚金币任务完成，获得1金币
Jun 15 06:32:43 【62/85】浏览商品任务记录成功，等待20秒
Jun 15 06:32:54 看视频赚金币任务完成，获得10金币
Jun 15 06:32:54 【63/85】浏览商品任务记录成功，等待20秒
Jun 15 06:33:03 看视频赚金币任务完成，获得10金币
Jun 15 06:33:03 【64/85】浏览商品任务记录成功，等待20秒
Jun 15 06:33:15 看视频赚金币任务完成，获得10金币
Jun 15 06:33:15 【65/85】浏览商品任务记录成功，等待20秒
Jun 15 06:33:24 看视频赚金币任务完成，获得60金币
Jun 15 06:33:24 【66/85】浏览商品任务记录成功，等待20秒
Jun 15 06:33:35 看视频赚金币任务完成，获得10金币
Jun 15 06:33:35 【67/85】浏览商品任务记录成功，等待20秒
Jun 15 06:33:44 看视频赚金币任务完成，获得10金币
Jun 15 06:33:44 【68/85】浏览商品任务记录成功，等待20秒
Jun 15 06:33:55 看视频赚金币任务完成，获得10金币
Jun 15 06:33:55 【69/85】浏览商品任务记录成功，等待20秒
Jun 15 06:34:04 看视频赚金币任务完成，获得10金币
Jun 15 06:34:04 【70/85】浏览商品任务记录成功，等待20秒
Jun 15 06:34:15 看视频赚金币任务完成，获得60金币
Jun 15 06:34:15 【71/85】浏览商品任务记录成功，等待20秒
Jun 15 06:34:24 看视频赚金币任务完成，获得10金币
Jun 15 06:34:24 【72/85】浏览商品任务记录成功，等待20秒
Jun 15 06:34:35 看视频赚金币任务完成，获得10金币
Jun 15 06:34:35 【73/85】浏览商品任务记录成功，等待20秒
Jun 15 06:34:44 看视频赚金币任务完成，获得10金币
Jun 15 06:34:44 【74/85】浏览商品任务记录成功，等待20秒
Jun 15 06:34:55 看视频赚金币任务完成，获得10金币
Jun 15 06:34:55 【75/85】浏览商品任务记录成功，等待20秒
Jun 15 06:35:04 看视频赚金币任务完成，获得60金币
Jun 15 06:35:04 【76/85】浏览商品任务记录成功，等待30秒
Jun 15 06:35:15 看视频赚金币任务完成，获得1金币
Jun 15 06:35:15 【77/85】浏览商品任务记录成功，等待30秒
Jun 15 06:35:34 看视频赚金币任务完成，获得5金币
Jun 15 06:35:34 【78/85】浏览商品任务记录成功，等待30秒
Jun 15 06:35:46 看视频赚金币任务完成，获得5金币
Jun 15 06:35:46 【79/85】浏览商品任务记录成功，等待30秒
Jun 15 06:36:05 看视频赚金币任务完成，获得5金币
Jun 15 06:36:05 【80/85】浏览商品任务记录成功，等待30秒
Jun 15 06:36:16 看视频赚金币任务完成，获得40金币
Jun 15 06:36:16 【81/85】浏览商品任务记录成功，等待30秒
Jun 15 06:36:35 看视频赚金币任务完成，获得5金币
Jun 15 06:36:35 【82/85】浏览商品任务记录成功，等待30秒
Jun 15 06:36:46 看视频赚金币任务完成，获得5金币
Jun 15 06:36:46 【83/85】浏览商品任务记录成功，等待30秒
Jun 15 06:37:05 看视频赚金币任务完成，获得5金币
Jun 15 06:37:05 【84/85】浏览商品任务记录成功，等待30秒
Jun 15 06:37:16 看视频赚金币任务完成，获得5金币
Jun 15 06:37:16 【85/85】浏览商品任务记录成功，等待30秒
Jun 15 06:37:35 看视频赚金币任务完成，获得40金币
Jun 15 06:37:35 看视频赚金币任务已达上限
Jun 15 06:37:35 邀好友赚金币已完成
Jun 15 06:37:35 省钱大赢家已完成
Jun 15 06:37:35 签到提现已完成
Jun 15 06:37:35 东东爱消除已完成
Jun 15 06:37:35 购券抽大奖已完成
Jun 15 06:37:35 幸运转盘已完成
Jun 15 06:37:35 现金签到已完成
Jun 15 06:37:35 推推赚大钱已完成
Jun 15 06:37:35 天天抽奖已完成
Jun 15 06:37:35 水果免费领已完成
Jun 15 06:37:35 砍价免费拿已完成
Jun 15 06:37:35 
Jun 15 06:37:35 ==============📣系统通知📣==============
Jun 15 06:37:35 京东极速版
Jun 15 06:37:35 京东账号1455979050-14287437
Jun 15 06:37:35 本次运行获得3237金币，共计205374金币
Jun 15 06:37:37 
Jun 15 06:37:37 ******开始【京东账号2】jd_7a84de20543eb*********
Jun 15 06:37:37 
Jun 15 06:37:37 京东极速版 API请求失败，请检查网路重试
Jun 15 06:37:37 【幸运大转盘】剩余抽奖机会：0
Jun 15 06:37:37 去做任务转盘抽奖逛会场
Jun 15 06:37:38 任务完成成功
Jun 15 06:37:38 【幸运大转盘】剩余抽奖机会：1
Jun 15 06:37:38 幸运大转盘抽奖获得：【29-20福利神券-老人】
Jun 15 06:37:38 
Jun 15 06:37:38 签到失败，用户已签到
Jun 15 06:37:38 【1/55】浏览商品任务记录成功，等待5秒
Jun 15 06:37:43 逛商品赚金币任务完成，获得46金币
Jun 15 06:37:44 【2/55】浏览商品任务记录成功，等待5秒
Jun 15 06:37:46 看视频赚金币任务结束失败，任务已达上限
Jun 15 06:37:46 看视频赚金币任务已达上限
Jun 15 06:37:46 邀好友赚金币已完成
Jun 15 06:37:46 省钱大赢家已完成
Jun 15 06:37:46 签到提现已完成
Jun 15 06:37:46 东东爱消除已完成
Jun 15 06:37:46 购券抽大奖已完成
Jun 15 06:37:46 幸运转盘已完成
Jun 15 06:37:46 现金签到已完成
Jun 15 06:37:46 推推赚大钱已完成
Jun 15 06:37:46 天天抽奖已完成
Jun 15 06:37:46 水果免费领已完成
Jun 15 06:37:46 砍价免费拿已完成
Jun 15 06:37:46 
Jun 15 06:37:46 ==============📣系统通知📣==============
Jun 15 06:37:46 京东极速版
Jun 15 06:37:46 京东账号1455979050-14287437
Jun 15 06:37:46 本次运行获得2712金币，共计205374金币
Jun 15 06:37:48 
Jun 15 06:37:48 ******开始【京东账号2】jd_7a84de20543eb*********
Jun 15 06:37:48 
Jun 15 06:37:48 京东极速版 API请求失败，请检查网路重试
Jun 15 06:37:48 【幸运大转盘】剩余抽奖机会：0
Jun 15 06:37:49 【幸运大转盘】剩余抽奖机会：0
Jun 15 06:37:49 逛商品赚金币任务完成，获得34金币
Jun 15 06:37:49 签到失败，用户已签到
Jun 15 06:37:49 【3/55】浏览商品任务记录成功，等待5秒
Jun 15 06:37:49 【3/55】浏览商品任务记录成功，等待5秒
Jun 15 06:37:54 逛商品赚金币任务完成，获得45金币
Jun 15 06:37:54 逛商品赚金币任务结束失败，当前任务已完成
Jun 15 06:37:54 【4/55】浏览商品任务记录成功，等待5秒
Jun 15 06:37:54 【4/55】浏览商品任务记录成功，等待5秒
Jun 15 06:37:59 逛商品赚金币任务完成，获得35金币
Jun 15 06:37:59 逛商品赚金币任务失败，当前任务已完成
Jun 15 06:37:59 【5/55】浏览商品任务记录成功，等待5秒
Jun 15 06:37:59 【5/55】浏览商品任务记录成功，等待5秒
Jun 15 06:38:04 逛商品赚金币任务完成，获得74金币
Jun 15 06:38:04 逛商品赚金币任务完成，获得34金币
Jun 15 06:38:04 【7/55】浏览商品任务记录成功，等待5秒
Jun 15 06:38:04 【7/55】浏览商品任务记录成功，等待5秒
Jun 15 06:38:09 逛商品赚金币任务完成，获得45金币
Jun 15 06:38:09 逛商品赚金币任务完成，获得35金币
Jun 15 06:38:09 【9/55】浏览商品任务记录成功，等待5秒
Jun 15 06:38:09 【9/55】浏览商品任务记录成功，等待5秒
Jun 15 06:38:14 逛商品赚金币任务完成，获得46金币
Jun 15 06:38:14 逛商品赚金币任务完成，获得72金币
Jun 15 06:38:15 【11/55】浏览商品任务记录成功，等待5秒
Jun 15 06:38:15 【11/55】浏览商品任务记录成功，等待5秒
Jun 15 06:38:20 逛商品赚金币任务完成，获得46金币
Jun 15 06:38:20 【12/55】浏览商品任务记录成功，等待5秒
Jun 15 06:38:20 逛商品赚金币任务完成，获得34金币
Jun 15 06:38:20 【13/55】浏览商品任务记录成功，等待5秒
Jun 15 06:38:25 逛商品赚金币任务完成，获得44金币
Jun 15 06:38:25 【14/55】浏览商品任务记录成功，等待5秒
Jun 15 06:38:25 逛商品赚金币任务完成，获得36金币
Jun 15 06:38:25 【15/55】浏览商品任务记录成功，等待5秒
Jun 15 06:38:30 逛商品赚金币任务完成，获得63金币
Jun 15 06:38:30 【16/55】浏览商品任务记录成功，等待5秒
Jun 15 06:38:30 逛商品赚金币任务完成，获得27金币
Jun 15 06:38:30 【17/55】浏览商品任务记录成功，等待5秒
Jun 15 06:38:35 逛商品赚金币任务完成，获得33金币
Jun 15 06:38:35 【18/55】浏览商品任务记录成功，等待5秒
Jun 15 06:38:35 逛商品赚金币任务完成，获得27金币
Jun 15 06:38:35 【19/55】浏览商品任务记录成功，等待5秒
Jun 15 06:38:40 逛商品赚金币任务完成，获得33金币
Jun 15 06:38:40 【20/55】浏览商品任务记录成功，等待5秒
Jun 15 06:38:40 逛商品赚金币任务完成，获得67金币
Jun 15 06:38:41 【21/55】浏览商品任务记录成功，等待5秒
Jun 15 06:38:46 逛商品赚金币任务完成，获得36金币
Jun 15 06:38:46 【22/55】浏览商品任务记录成功，等待5秒
Jun 15 06:38:46 逛商品赚金币任务完成，获得24金币
Jun 15 06:38:46 【23/55】浏览商品任务记录成功，等待5秒
Jun 15 06:38:51 逛商品赚金币任务完成，获得33金币
Jun 15 06:38:51 【24/55】浏览商品任务记录成功，等待5秒
Jun 15 06:38:51 逛商品赚金币任务完成，获得27金币
Jun 15 06:38:51 【25/55】浏览商品任务记录成功，等待5秒
Jun 15 06:38:56 逛商品赚金币任务完成，获得79金币
Jun 15 06:38:56 【26/55】浏览商品任务记录成功，等待5秒
Jun 15 06:38:56 逛商品赚金币任务完成，获得27金币
Jun 15 06:38:56 【27/55】浏览商品任务记录成功，等待5秒
Jun 15 06:39:01 逛商品赚金币任务完成，获得34金币
Jun 15 06:39:01 【28/55】浏览商品任务记录成功，等待5秒
Jun 15 06:39:01 逛商品赚金币任务完成，获得26金币
Jun 15 06:39:01 【29/55】浏览商品任务记录成功，等待5秒
Jun 15 06:39:06 逛商品赚金币任务完成，获得23金币
Jun 15 06:39:06 【30/55】浏览商品任务记录成功，等待5秒
Jun 15 06:39:06 逛商品赚金币任务完成，获得63金币
Jun 15 06:39:06 【31/55】浏览商品任务记录成功，等待5秒
Jun 15 06:39:11 逛商品赚金币任务完成，获得23金币
Jun 15 06:39:11 【32/55】浏览商品任务记录成功，等待5秒
Jun 15 06:39:12 逛商品赚金币任务完成，获得17金币
Jun 15 06:39:12 【33/55】浏览商品任务记录成功，等待5秒
Jun 15 06:39:17 逛商品赚金币任务完成，获得22金币
Jun 15 06:39:17 【34/55】浏览商品任务记录成功，等待5秒
Jun 15 06:39:17 逛商品赚金币任务完成，获得18金币
Jun 15 06:39:17 【35/55】浏览商品任务记录成功，等待5秒
Jun 15 06:39:22 逛商品赚金币任务完成，获得73金币
Jun 15 06:39:22 【36/55】浏览商品任务记录成功，等待5秒
Jun 15 06:39:22 逛商品赚金币任务完成，获得18金币
Jun 15 06:39:22 【37/55】浏览商品任务记录成功，等待5秒
Jun 15 06:39:27 逛商品赚金币任务完成，获得22金币
Jun 15 06:39:27 【38/55】浏览商品任务记录成功，等待5秒
Jun 15 06:39:27 逛商品赚金币任务完成，获得18金币
Jun 15 06:39:27 【39/55】浏览商品任务记录成功，等待5秒
Jun 15 06:39:32 逛商品赚金币任务完成，获得22金币
Jun 15 06:39:32 【40/55】浏览商品任务记录成功，等待5秒
Jun 15 06:39:32 逛商品赚金币任务完成，获得65金币
Jun 15 06:39:32 【41/55】浏览商品任务记录成功，等待5秒
Jun 15 06:39:37 逛商品赚金币任务完成，获得11金币
Jun 15 06:39:37 【42/55】浏览商品任务记录成功，等待5秒
Jun 15 06:39:37 逛商品赚金币任务完成，获得9金币
Jun 15 06:39:37 【43/55】浏览商品任务记录成功，等待5秒
Jun 15 06:39:42 逛商品赚金币任务完成，获得11金币
Jun 15 06:39:42 【44/55】浏览商品任务记录成功，等待5秒
Jun 15 06:39:43 逛商品赚金币任务完成，获得9金币
Jun 15 06:39:43 【45/55】浏览商品任务记录成功，等待5秒
Jun 15 06:39:48 逛商品赚金币任务完成，获得63金币
Jun 15 06:39:48 【46/55】浏览商品任务记录成功，等待5秒
Jun 15 06:39:48 逛商品赚金币任务完成，获得8金币
Jun 15 06:39:48 【47/55】浏览商品任务记录成功，等待5秒
Jun 15 06:39:53 逛商品赚金币任务完成，获得11金币
Jun 15 06:39:53 【48/55】浏览商品任务记录成功，等待5秒
Jun 15 06:39:53 逛商品赚金币任务完成，获得9金币
Jun 15 06:39:53 【49/55】浏览商品任务记录成功，等待5秒
Jun 15 06:39:58 逛商品赚金币任务完成，获得11金币
Jun 15 06:39:58 【50/55】浏览商品任务记录成功，等待5秒
Jun 15 06:39:58 逛商品赚金币任务完成，获得66金币
Jun 15 06:39:58 【51/55】浏览商品任务记录成功，等待5秒
Jun 15 06:40:03 逛商品赚金币任务完成，获得11金币
Jun 15 06:40:03 【52/55】浏览商品任务记录成功，等待5秒
Jun 15 06:40:03 逛商品赚金币任务完成，获得9金币
Jun 15 06:40:03 【53/55】浏览商品任务记录成功，等待5秒
Jun 15 06:40:08 逛商品赚金币任务完成，获得11金币
Jun 15 06:40:08 【54/55】浏览商品任务记录成功，等待5秒
Jun 15 06:40:08 逛商品赚金币任务完成，获得9金币
Jun 15 06:40:08 【55/55】浏览商品任务记录成功，等待5秒
Jun 15 06:40:13 逛商品赚金币任务完成，获得69金币
Jun 15 06:40:13 逛商品赚金币任务开启失败，任务已达上限
Jun 15 06:40:13 逛商品赚金币任务结束失败，任务已达上限
Jun 15 06:40:14 【1/10】浏览商品任务记录成功，等待10秒
Jun 15 06:40:14 逛商品赚金币任务开启失败，任务已达上限
Jun 15 06:40:14 【1/10】浏览商品任务记录成功，等待10秒
Jun 15 06:40:24 逛活动赚金币任务完成，获得60金币
Jun 15 06:40:24 逛活动赚金币任务结束失败，当前任务已完成
Jun 15 06:40:24 【2/10】浏览商品任务记录成功，等待10秒
Jun 15 06:40:24 【2/10】浏览商品任务记录成功，等待10秒
Jun 15 06:40:34 逛活动赚金币任务完成，获得120金币
Jun 15 06:40:34 逛活动赚金币任务失败，当前任务已完成
Jun 15 06:40:34 【3/10】浏览商品任务记录成功，等待10秒
Jun 15 06:40:34 【3/10】浏览商品任务记录成功，等待10秒
Jun 15 06:40:44 逛活动赚金币任务完成，获得60金币
Jun 15 06:40:44 【4/10】浏览商品任务记录成功，等待10秒
Jun 15 06:40:44 逛活动赚金币任务完成，获得120金币
Jun 15 06:40:44 【5/10】浏览商品任务记录成功，等待10秒
Jun 15 06:40:54 逛活动赚金币任务完成，获得60金币
Jun 15 06:40:54 【6/10】浏览商品任务记录成功，等待10秒
Jun 15 06:40:54 逛活动赚金币任务完成，获得120金币
Jun 15 06:40:54 【7/10】浏览商品任务记录成功，等待10秒
Jun 15 06:41:04 逛活动赚金币任务完成，获得60金币
Jun 15 06:41:04 【8/10】浏览商品任务记录成功，等待10秒
Jun 15 06:41:05 逛活动赚金币任务完成，获得120金币
Jun 15 06:41:05 【9/10】浏览商品任务记录成功，等待10秒
Jun 15 06:41:15 逛活动赚金币任务完成，获得60金币
Jun 15 06:41:15 【10/10】浏览商品任务记录成功，等待10秒
Jun 15 06:41:15 逛活动赚金币任务完成，获得120金币
Jun 15 06:41:15 逛活动赚金币任务开启失败，任务已达上限
Jun 15 06:41:15 【1/85】浏览商品任务记录成功，等待15秒
Jun 15 06:41:25 逛活动赚金币任务结束失败，任务已达上限
Jun 15 06:41:25 逛活动赚金币任务开启失败，任务已达上限
Jun 15 06:41:25 【1/85】浏览商品任务记录成功，等待15秒
Jun 15 06:41:30 看视频赚金币任务完成，获得30金币
Jun 15 06:41:30 【2/85】浏览商品任务记录成功，等待15秒
Jun 15 06:41:40 看视频赚金币任务完成，获得30金币
Jun 15 06:41:40 【3/85】浏览商品任务记录成功，等待15秒
Jun 15 06:41:45 看视频赚金币任务完成，获得30金币
Jun 15 06:41:45 【4/85】浏览商品任务记录成功，等待15秒
Jun 15 06:41:55 看视频赚金币任务完成，获得30金币
Jun 15 06:41:55 【5/85】浏览商品任务记录成功，等待15秒
Jun 15 06:42:00 看视频赚金币任务完成，获得120金币
Jun 15 06:42:00 【6/85】浏览商品任务记录成功，等待15秒
Jun 15 06:42:10 看视频赚金币任务完成，获得30金币
Jun 15 06:42:10 【7/85】浏览商品任务记录成功，等待15秒
Jun 15 06:42:15 看视频赚金币任务完成，获得30金币
Jun 15 06:42:15 【8/85】浏览商品任务记录成功，等待15秒
Jun 15 06:42:25 看视频赚金币任务完成，获得30金币
Jun 15 06:42:25 【9/85】浏览商品任务记录成功，等待15秒
Jun 15 06:42:30 看视频赚金币任务完成，获得30金币
Jun 15 06:42:30 【10/85】浏览商品任务记录成功，等待15秒
Jun 15 06:42:40 看视频赚金币任务完成，获得120金币
Jun 15 06:42:41 【11/85】浏览商品任务记录成功，等待15秒
Jun 15 06:42:46 看视频赚金币任务完成，获得30金币
Jun 15 06:42:46 【12/85】浏览商品任务记录成功，等待15秒
Jun 15 06:42:56 看视频赚金币任务完成，获得30金币
Jun 15 06:42:56 【13/85】浏览商品任务记录成功，等待15秒
Jun 15 06:43:01 看视频赚金币任务完成，获得30金币
Jun 15 06:43:01 【14/85】浏览商品任务记录成功，等待15秒
Jun 15 06:43:11 看视频赚金币任务完成，获得30金币
Jun 15 06:43:11 【15/85】浏览商品任务记录成功，等待15秒
Jun 15 06:43:16 看视频赚金币任务完成，获得120金币
Jun 15 06:43:16 【16/85】浏览商品任务记录成功，等待15秒
Jun 15 06:43:26 看视频赚金币任务完成，获得30金币
Jun 15 06:43:26 【17/85】浏览商品任务记录成功，等待15秒
Jun 15 06:43:31 看视频赚金币任务完成，获得30金币
Jun 15 06:43:31 【18/85】浏览商品任务记录成功，等待15秒
Jun 15 06:43:41 看视频赚金币任务完成，获得30金币
Jun 15 06:43:41 【19/85】浏览商品任务记录成功，等待15秒
Jun 15 06:43:46 看视频赚金币任务完成，获得30金币
Jun 15 06:43:46 【20/85】浏览商品任务记录成功，等待15秒
Jun 15 06:43:56 看视频赚金币任务完成，获得120金币
Jun 15 06:43:56 【21/85】浏览商品任务记录成功，等待15秒
Jun 15 06:44:01 看视频赚金币任务完成，获得30金币
Jun 15 06:44:01 【22/85】浏览商品任务记录成功，等待15秒
Jun 15 06:44:11 看视频赚金币任务完成，获得30金币
Jun 15 06:44:11 【23/85】浏览商品任务记录成功，等待15秒
Jun 15 06:44:16 看视频赚金币任务完成，获得30金币
Jun 15 06:44:16 【24/85】浏览商品任务记录成功，等待15秒
Jun 15 06:44:26 看视频赚金币任务完成，获得30金币
Jun 15 06:44:26 【25/85】浏览商品任务记录成功，等待15秒
Jun 15 06:44:32 看视频赚金币任务完成，获得120金币
Jun 15 06:44:32 【26/85】浏览商品任务记录成功，等待15秒
Jun 15 06:44:42 看视频赚金币任务完成，获得30金币
Jun 15 06:44:42 【27/85】浏览商品任务记录成功，等待15秒
Jun 15 06:44:47 看视频赚金币任务完成，获得30金币
Jun 15 06:44:47 【28/85】浏览商品任务记录成功，等待15秒
Jun 15 06:44:57 看视频赚金币任务完成，获得30金币
Jun 15 06:44:57 【29/85】浏览商品任务记录成功，等待15秒
Jun 15 06:45:02 看视频赚金币任务完成，获得30金币
Jun 15 06:45:02 【30/85】浏览商品任务记录成功，等待15秒
Jun 15 06:45:12 看视频赚金币任务完成，获得120金币
Jun 15 06:45:12 【31/85】浏览商品任务记录成功，等待15秒
Jun 15 06:45:17 看视频赚金币任务完成，获得30金币
Jun 15 06:45:17 【32/85】浏览商品任务记录成功，等待15秒
Jun 15 06:45:27 看视频赚金币任务完成，获得30金币
Jun 15 06:45:27 【33/85】浏览商品任务记录成功，等待15秒
Jun 15 06:45:32 看视频赚金币任务完成，获得30金币
Jun 15 06:45:32 【34/85】浏览商品任务记录成功，等待15秒
Jun 15 06:45:42 看视频赚金币任务完成，获得30金币
Jun 15 06:45:42 【35/85】浏览商品任务记录成功，等待15秒
Jun 15 06:45:47 看视频赚金币任务完成，获得120金币
Jun 15 06:45:47 【36/85】浏览商品任务记录成功，等待18秒
Jun 15 06:45:57 看视频赚金币任务完成，获得1金币
Jun 15 06:45:57 【37/85】浏览商品任务记录成功，等待18秒
Jun 15 06:46:05 看视频赚金币任务完成，获得25金币
Jun 15 06:46:05 【38/85】浏览商品任务记录成功，等待18秒
Jun 15 06:46:15 看视频赚金币任务完成，获得25金币
Jun 15 06:46:15 【39/85】浏览商品任务记录成功，等待18秒
Jun 15 06:46:23 看视频赚金币任务完成，获得25金币
Jun 15 06:46:24 【40/85】浏览商品任务记录成功，等待18秒
Jun 15 06:46:33 看视频赚金币任务完成，获得120金币
Jun 15 06:46:34 【41/85】浏览商品任务记录成功，等待18秒
Jun 15 06:46:42 看视频赚金币任务完成，获得25金币
Jun 15 06:46:42 【42/85】浏览商品任务记录成功，等待18秒
Jun 15 06:46:52 看视频赚金币任务完成，获得25金币
Jun 15 06:46:52 【43/85】浏览商品任务记录成功，等待18秒
Jun 15 06:47:00 看视频赚金币任务完成，获得25金币
Jun 15 06:47:00 【44/85】浏览商品任务记录成功，等待18秒
Jun 15 06:47:10 看视频赚金币任务完成，获得25金币
Jun 15 06:47:10 【45/85】浏览商品任务记录成功，等待18秒
Jun 15 06:47:18 看视频赚金币任务完成，获得120金币
Jun 15 06:47:18 【46/85】浏览商品任务记录成功，等待18秒
Jun 15 06:47:28 看视频赚金币任务完成，获得25金币
Jun 15 06:47:28 【47/85】浏览商品任务记录成功，等待18秒
Jun 15 06:47:36 看视频赚金币任务完成，获得25金币
Jun 15 06:47:36 【48/85】浏览商品任务记录成功，等待18秒
Jun 15 06:47:46 看视频赚金币任务完成，获得25金币
Jun 15 06:47:46 【49/85】浏览商品任务记录成功，等待18秒
Jun 15 06:47:54 看视频赚金币任务完成，获得25金币
Jun 15 06:47:54 【50/85】浏览商品任务记录成功，等待18秒
Jun 15 06:48:04 看视频赚金币任务完成，获得120金币
Jun 15 06:48:04 【51/85】浏览商品任务记录成功，等待18秒
Jun 15 06:48:12 看视频赚金币任务完成，获得25金币
Jun 15 06:48:12 【52/85】浏览商品任务记录成功，等待18秒
Jun 15 06:48:22 看视频赚金币任务完成，获得25金币
Jun 15 06:48:22 【53/85】浏览商品任务记录成功，等待18秒
Jun 15 06:48:31 看视频赚金币任务完成，获得25金币
Jun 15 06:48:31 【54/85】浏览商品任务记录成功，等待18秒
Jun 15 06:48:40 看视频赚金币任务完成，获得25金币
Jun 15 06:48:41 【55/85】浏览商品任务记录成功，等待18秒
Jun 15 06:48:49 看视频赚金币任务完成，获得120金币
Jun 15 06:48:49 【56/85】浏览商品任务记录成功，等待18秒
Jun 15 06:48:59 看视频赚金币任务完成，获得25金币
Jun 15 06:48:59 【57/85】浏览商品任务记录成功，等待18秒
Jun 15 06:49:07 看视频赚金币任务完成，获得25金币
Jun 15 06:49:07 【58/85】浏览商品任务记录成功，等待18秒
Jun 15 06:49:17 看视频赚金币任务完成，获得25金币
Jun 15 06:49:17 【59/85】浏览商品任务记录成功，等待18秒
Jun 15 06:49:25 看视频赚金币任务完成，获得25金币
Jun 15 06:49:25 【60/85】浏览商品任务记录成功，等待18秒
Jun 15 06:49:35 看视频赚金币任务完成，获得120金币
Jun 15 06:49:35 【61/85】浏览商品任务记录成功，等待20秒
Jun 15 06:49:43 看视频赚金币任务完成，获得1金币
Jun 15 06:49:43 【62/85】浏览商品任务记录成功，等待20秒
Jun 15 06:49:55 看视频赚金币任务完成，获得10金币
Jun 15 06:49:55 【63/85】浏览商品任务记录成功，等待20秒
Jun 15 06:50:03 看视频赚金币任务完成，获得10金币
Jun 15 06:50:03 【64/85】浏览商品任务记录成功，等待20秒
Jun 15 06:50:15 看视频赚金币任务完成，获得10金币
Jun 15 06:50:15 【65/85】浏览商品任务记录成功，等待20秒
Jun 15 06:50:23 看视频赚金币任务完成，获得60金币
Jun 15 06:50:23 【66/85】浏览商品任务记录成功，等待20秒
Jun 15 06:50:35 看视频赚金币任务完成，获得10金币
Jun 15 06:50:35 【67/85】浏览商品任务记录成功，等待20秒
Jun 15 06:50:44 看视频赚金币任务完成，获得10金币
Jun 15 06:50:44 【68/85】浏览商品任务记录成功，等待20秒
Jun 15 06:50:56 看视频赚金币任务完成，获得10金币
Jun 15 06:50:56 【69/85】浏览商品任务记录成功，等待20秒
Jun 15 06:51:04 看视频赚金币任务完成，获得10金币
Jun 15 06:51:04 【70/85】浏览商品任务记录成功，等待20秒
Jun 15 06:51:16 看视频赚金币任务完成，获得60金币
Jun 15 06:51:16 【71/85】浏览商品任务记录成功，等待20秒
Jun 15 06:51:24 看视频赚金币任务完成，获得10金币
Jun 15 06:51:24 【72/85】浏览商品任务记录成功，等待20秒
Jun 15 06:51:36 看视频赚金币任务完成，获得10金币
Jun 15 06:51:36 【73/85】浏览商品任务记录成功，等待20秒
Jun 15 06:51:44 看视频赚金币任务完成，获得10金币
Jun 15 06:51:44 【74/85】浏览商品任务记录成功，等待20秒
Jun 15 06:51:56 看视频赚金币任务完成，获得10金币
Jun 15 06:51:56 【75/85】浏览商品任务记录成功，等待20秒
Jun 15 06:52:04 看视频赚金币任务完成，获得60金币
Jun 15 06:52:04 【76/85】浏览商品任务记录成功，等待30秒
Jun 15 06:52:16 看视频赚金币任务完成，获得1金币
Jun 15 06:52:16 【77/85】浏览商品任务记录成功，等待30秒
Jun 15 06:52:34 看视频赚金币任务完成，获得5金币
Jun 15 06:52:34 【78/85】浏览商品任务记录成功，等待30秒
Jun 15 06:52:46 看视频赚金币任务完成，获得5金币
Jun 15 06:52:46 【79/85】浏览商品任务记录成功，等待30秒
Jun 15 06:53:04 看视频赚金币任务完成，获得5金币
Jun 15 06:53:04 【80/85】浏览商品任务记录成功，等待30秒
Jun 15 06:53:16 看视频赚金币任务完成，获得40金币
Jun 15 06:53:16 【81/85】浏览商品任务记录成功，等待30秒
Jun 15 06:53:35 看视频赚金币任务完成，获得5金币
Jun 15 06:53:35 【82/85】浏览商品任务记录成功，等待30秒
Jun 15 06:53:47 看视频赚金币任务完成，获得5金币
Jun 15 06:53:47 【83/85】浏览商品任务记录成功，等待30秒
Jun 15 06:54:05 看视频赚金币任务完成，获得5金币
Jun 15 06:54:05 【84/85】浏览商品任务记录成功，等待30秒
Jun 15 06:54:17 看视频赚金币任务完成，获得5金币
Jun 15 06:54:17 【85/85】浏览商品任务记录成功，等待30秒
Jun 15 06:54:35 看视频赚金币任务完成，获得40金币
Jun 15 06:54:35 看视频赚金币任务已达上限
Jun 15 06:54:35 邀好友赚金币已完成
Jun 15 06:54:35 省钱大赢家已完成
Jun 15 06:54:35 签到提现已完成
Jun 15 06:54:35 东东爱消除已完成
Jun 15 06:54:35 购券抽大奖已完成
Jun 15 06:54:35 幸运转盘已完成
Jun 15 06:54:35 现金签到已完成
Jun 15 06:54:35 推推赚大钱已完成
Jun 15 06:54:35 天天抽奖已完成
Jun 15 06:54:35 水果免费领已完成
Jun 15 06:54:35 砍价免费拿已完成
Jun 15 06:54:35 
Jun 15 06:54:35 ==============📣系统通知📣==============
Jun 15 06:54:35 京东极速版
Jun 15 06:54:35 京东账号2jd_7a84de20543eb
Jun 15 06:54:35 本次运行获得2855金币，共计191976金币
Jun 15 06:54:37 
Jun 15 06:54:37 🔔京东极速版, 结束! 🕛 2016.571 秒
Jun 15 06:54:37 
Jun 15 06:54:47 看视频赚金币任务结束失败，任务已达上限
Jun 15 06:54:47 看视频赚金币任务已达上限
Jun 15 06:54:47 邀好友赚金币已完成
Jun 15 06:54:47 省钱大赢家已完成
Jun 15 06:54:47 签到提现已完成
Jun 15 06:54:47 东东爱消除已完成
Jun 15 06:54:47 购券抽大奖已完成
Jun 15 06:54:47 幸运转盘已完成
Jun 15 06:54:47 现金签到已完成
Jun 15 06:54:47 推推赚大钱已完成
Jun 15 06:54:47 天天抽奖已完成
Jun 15 06:54:47 水果免费领已完成
Jun 15 06:54:47 砍价免费拿已完成
Jun 15 06:54:47 
Jun 15 06:54:47 ==============📣系统通知📣==============
Jun 15 06:54:47 京东极速版
Jun 15 06:54:47 京东账号2jd_7a84de20543eb
Jun 15 06:54:47 幸运大转盘抽奖获得：【29-20福利神券-老人】
Jun 15 06:54:47 本次运行获得3071金币，共计191976金币
Jun 15 06:54:49 
Jun 15 06:54:49 🔔京东极速版, 结束! 🕛 2028.438 秒
Jun 15 06:54:49 
