Jun 14 00:08:00 
Jun 14 00:08:00 🔔✈️天天加速, 开始!
Jun 14 00:08:00 您的cookie选择的是用&隔开
Jun 14 00:08:00 
Jun 14 00:08:00 
Jun 14 00:08:00 ====================共有2个京东账号Cookie=========
Jun 14 00:08:00 
Jun 14 00:08:00 
Jun 14 00:08:00 🔔✈️天天加速, 开始!
Jun 14 00:08:00 您的cookie选择的是用&隔开
Jun 14 00:08:00 
Jun 14 00:08:00 
Jun 14 00:08:00 ====================共有2个京东账号Cookie=========
Jun 14 00:08:00 
Jun 14 00:08:00 ==================脚本执行- 北京时间(UTC+8)：6/14/2021, 12:08:00 AM=====================
Jun 14 00:08:00 
Jun 14 00:08:00 ==================脚本执行- 北京时间(UTC+8)：6/14/2021, 12:08:00 AM=====================
Jun 14 00:08:00 
Jun 14 00:08:00 
Jun 14 00:08:00 开始【京东账号1】455979050-14287437
Jun 14 00:08:00 
Jun 14 00:08:00 
Jun 14 00:08:00 开始【京东账号1】诺咪兔
Jun 14 00:08:00 
Jun 14 00:08:00 
Jun 14 00:08:00 天天加速任务进行中
Jun 14 00:08:00 
Jun 14 00:08:00 天天加速任务进行中
Jun 14 00:08:00 
Jun 14 00:08:00 检查是否可领虫洞京豆奖励
Jun 14 00:08:00 暂无可领取的虫洞京豆奖励
Jun 14 00:08:00 
Jun 14 00:08:00 
Jun 14 00:08:00 
Jun 14 00:08:00 
Jun 14 00:08:00 检查是否可领虫洞京豆奖励
Jun 14 00:08:00 暂无可领取的虫洞京豆奖励
Jun 14 00:08:00 
Jun 14 00:08:00 
Jun 14 00:08:00 
Jun 14 00:08:00 
Jun 14 00:08:00 开始【京东账号2】jd_7a84de20543eb
Jun 14 00:08:00 
Jun 14 00:08:00 
Jun 14 00:08:00 开始【京东账号2】jd_152055zny
Jun 14 00:08:00 
Jun 14 00:08:00 
Jun 14 00:08:00 天天加速任务进行中
Jun 14 00:08:00 
Jun 14 00:08:00 天天加速任务进行中
Jun 14 00:08:00 
Jun 14 00:08:00 检查是否可领虫洞京豆奖励
Jun 14 00:08:00 暂无可领取的虫洞京豆奖励
Jun 14 00:08:00 
Jun 14 00:08:00 
Jun 14 00:08:00 
Jun 14 00:08:00 
Jun 14 00:08:00 🔔✈️天天加速, 结束! 🕛 0.502 秒
Jun 14 00:08:00 
Jun 14 00:08:00 
Jun 14 00:08:00 检查是否可领虫洞京豆奖励
Jun 14 00:08:00 暂无可领取的虫洞京豆奖励
Jun 14 00:08:00 
Jun 14 00:08:00 
Jun 14 00:08:00 
Jun 14 00:08:00 
Jun 14 00:08:00 🔔✈️天天加速, 结束! 🕛 0.565 秒
Jun 14 00:08:00 
Jun 14 03:08:00 
Jun 14 03:08:00 🔔✈️天天加速, 开始!
Jun 14 03:08:00 您的cookie选择的是用&隔开
Jun 14 03:08:00 
Jun 14 03:08:00 
Jun 14 03:08:00 ====================共有2个京东账号Cookie=========
Jun 14 03:08:00 
Jun 14 03:08:00 
Jun 14 03:08:00 🔔✈️天天加速, 开始!
Jun 14 03:08:00 您的cookie选择的是用&隔开
Jun 14 03:08:00 
Jun 14 03:08:00 
Jun 14 03:08:00 ====================共有2个京东账号Cookie=========
Jun 14 03:08:00 
Jun 14 03:08:00 ==================脚本执行- 北京时间(UTC+8)：6/14/2021, 3:08:00 AM=====================
Jun 14 03:08:00 
Jun 14 03:08:00 ==================脚本执行- 北京时间(UTC+8)：6/14/2021, 3:08:00 AM=====================
Jun 14 03:08:00 
Jun 14 03:08:00 
Jun 14 03:08:00 开始【京东账号1】455979050-14287437
Jun 14 03:08:00 
Jun 14 03:08:00 
Jun 14 03:08:00 开始【京东账号1】455979050-14287437
Jun 14 03:08:00 
Jun 14 03:08:01 
Jun 14 03:08:01 天天加速任务进行中
Jun 14 03:08:01 
Jun 14 03:08:01 天天加速任务进行中
Jun 14 03:08:02 
Jun 14 03:08:02 检查是否可领虫洞京豆奖励
Jun 14 03:08:02 暂无可领取的虫洞京豆奖励
Jun 14 03:08:02 
Jun 14 03:08:02 
Jun 14 03:08:02 
Jun 14 03:08:02 
Jun 14 03:08:02 开始【京东账号2】jd_7a84de20543eb
Jun 14 03:08:02 
Jun 14 03:08:03 
Jun 14 03:08:03 天天加速任务进行中
Jun 14 03:08:03 
Jun 14 03:08:03 检查是否可领虫洞京豆奖励
Jun 14 03:08:03 暂无可领取的虫洞京豆奖励
Jun 14 03:08:03 
Jun 14 03:08:03 
Jun 14 03:08:03 
Jun 14 03:08:03 
Jun 14 03:08:03 开始【京东账号2】jd_7a84de20543eb
Jun 14 03:08:03 
Jun 14 03:08:03 
Jun 14 03:08:03 天天加速任务进行中
Jun 14 03:08:03 
Jun 14 03:08:03 检查是否可领虫洞京豆奖励
Jun 14 03:08:03 暂无可领取的虫洞京豆奖励
Jun 14 03:08:03 
Jun 14 03:08:03 
Jun 14 03:08:03 
Jun 14 03:08:03 
Jun 14 03:08:03 🔔✈️天天加速, 结束! 🕛 2.829 秒
Jun 14 03:08:03 
Jun 14 03:08:03 
Jun 14 03:08:03 检查是否可领虫洞京豆奖励
Jun 14 03:08:03 暂无可领取的虫洞京豆奖励
Jun 14 03:08:03 
Jun 14 03:08:03 
Jun 14 03:08:03 
Jun 14 03:08:03 
Jun 14 03:08:03 🔔✈️天天加速, 结束! 🕛 2.992 秒
Jun 14 03:08:03 
Jun 14 06:08:01 
Jun 14 06:08:01 🔔✈️天天加速, 开始!
Jun 14 06:08:01 
Jun 14 06:08:01 🔔✈️天天加速, 开始!
Jun 14 06:08:01 您的cookie选择的是用&隔开
Jun 14 06:08:01 
Jun 14 06:08:01 
Jun 14 06:08:01 ====================共有2个京东账号Cookie=========
Jun 14 06:08:01 
Jun 14 06:08:01 您的cookie选择的是用&隔开
Jun 14 06:08:01 
Jun 14 06:08:01 
Jun 14 06:08:01 ====================共有2个京东账号Cookie=========
Jun 14 06:08:01 
Jun 14 06:08:01 ==================脚本执行- 北京时间(UTC+8)：6/14/2021, 6:08:01 AM=====================
Jun 14 06:08:01 
Jun 14 06:08:01 ==================脚本执行- 北京时间(UTC+8)：6/14/2021, 6:08:01 AM=====================
Jun 14 06:08:01 
Jun 14 06:08:01 
Jun 14 06:08:01 开始【京东账号1】455979050-14287437
Jun 14 06:08:01 
Jun 14 06:08:01 
Jun 14 06:08:01 开始【京东账号1】455979050-14287437
Jun 14 06:08:01 
Jun 14 06:08:01 
Jun 14 06:08:01 天天加速任务进行中
Jun 14 06:08:01 
Jun 14 06:08:01 天天加速任务进行中
Jun 14 06:08:03 
Jun 14 06:08:03 检查是否可领虫洞京豆奖励
Jun 14 06:08:03 暂无可领取的虫洞京豆奖励
Jun 14 06:08:03 
Jun 14 06:08:03 
Jun 14 06:08:03 
Jun 14 06:08:03 
Jun 14 06:08:03 开始【京东账号2】jd_7a84de20543eb
Jun 14 06:08:03 
Jun 14 06:08:03 
Jun 14 06:08:03 天天加速任务进行中
Jun 14 06:08:03 
Jun 14 06:08:03 检查是否可领虫洞京豆奖励
Jun 14 06:08:03 暂无可领取的虫洞京豆奖励
Jun 14 06:08:03 
Jun 14 06:08:03 
Jun 14 06:08:03 
Jun 14 06:08:03 
Jun 14 06:08:03 开始【京东账号2】jd_7a84de20543eb
Jun 14 06:08:03 
Jun 14 06:08:03 
Jun 14 06:08:03 天天加速任务进行中
Jun 14 06:08:03 
Jun 14 06:08:03 检查是否可领虫洞京豆奖励
Jun 14 06:08:03 暂无可领取的虫洞京豆奖励
Jun 14 06:08:03 
Jun 14 06:08:03 
Jun 14 06:08:03 
Jun 14 06:08:03 
Jun 14 06:08:03 🔔✈️天天加速, 结束! 🕛 2.888 秒
Jun 14 06:08:03 
Jun 14 06:08:04 
Jun 14 06:08:04 检查是否可领虫洞京豆奖励
Jun 14 06:08:04 暂无可领取的虫洞京豆奖励
Jun 14 06:08:04 
Jun 14 06:08:04 
Jun 14 06:08:04 
Jun 14 06:08:04 
Jun 14 06:08:04 🔔✈️天天加速, 结束! 🕛 3.701 秒
Jun 14 06:08:04 
Jun 14 09:08:00 
Jun 14 09:08:00 🔔✈️天天加速, 开始!
Jun 14 09:08:00 
Jun 14 09:08:00 🔔✈️天天加速, 开始!
Jun 14 09:08:00 您的cookie选择的是用&隔开
Jun 14 09:08:00 
Jun 14 09:08:00 
Jun 14 09:08:00 ====================共有2个京东账号Cookie=========
Jun 14 09:08:00 
Jun 14 09:08:00 您的cookie选择的是用&隔开
Jun 14 09:08:00 
Jun 14 09:08:00 
Jun 14 09:08:00 ====================共有2个京东账号Cookie=========
Jun 14 09:08:00 
Jun 14 09:08:00 ==================脚本执行- 北京时间(UTC+8)：6/14/2021, 9:08:00 AM=====================
Jun 14 09:08:00Jun 14 09:08:00 ==================脚本执行- 北京时间(UTC+8)：6/14/2021, 9:08:00 AM=====================
 
Jun 14 09:08:00 
Jun 14 09:08:00 
Jun 14 09:08:00 开始【京东账号1】455979050-14287437
Jun 14 09:08:00 
Jun 14 09:08:00 
Jun 14 09:08:00 开始【京东账号1】455979050-14287437
Jun 14 09:08:00 
Jun 14 09:08:00 
Jun 14 09:08:00 天天加速任务进行中
Jun 14 09:08:00 
Jun 14 09:08:00 天天加速任务进行中
Jun 14 09:08:00 
Jun 14 09:08:00 检查是否可领虫洞京豆奖励
Jun 14 09:08:00 暂无可领取的虫洞京豆奖励
Jun 14 09:08:00 
Jun 14 09:08:00 
Jun 14 09:08:00 
Jun 14 09:08:00 
Jun 14 09:08:00 检查是否可领虫洞京豆奖励
Jun 14 09:08:00 暂无可领取的虫洞京豆奖励
Jun 14 09:08:00 
Jun 14 09:08:00 
Jun 14 09:08:00 
Jun 14 09:08:00 
Jun 14 09:08:00 开始【京东账号2】jd_7a84de20543eb
Jun 14 09:08:00 
Jun 14 09:08:00 
Jun 14 09:08:00 开始【京东账号2】jd_7a84de20543eb
Jun 14 09:08:00 
Jun 14 09:08:00 
Jun 14 09:08:00 天天加速任务进行中
Jun 14 09:08:00 
Jun 14 09:08:00 天天加速任务进行中
Jun 14 09:08:00 
Jun 14 09:08:00 检查是否可领虫洞京豆奖励
Jun 14 09:08:00 暂无可领取的虫洞京豆奖励
Jun 14 09:08:00 
Jun 14 09:08:00 
Jun 14 09:08:00 
Jun 14 09:08:00 
Jun 14 09:08:00 🔔✈️天天加速, 结束! 🕛 0.473 秒
Jun 14 09:08:00 
Jun 14 09:08:00 
Jun 14 09:08:00 检查是否可领虫洞京豆奖励
Jun 14 09:08:00 暂无可领取的虫洞京豆奖励
Jun 14 09:08:00 
Jun 14 09:08:00 
Jun 14 09:08:00 
Jun 14 09:08:00 
Jun 14 09:08:00 🔔✈️天天加速, 结束! 🕛 0.479 秒
Jun 14 09:08:00 
Jun 14 12:08:00 
Jun 14 12:08:00 🔔✈️天天加速, 开始!
Jun 14 12:08:00 
Jun 14 12:08:00 🔔✈️天天加速, 开始!
Jun 14 12:08:00 您的cookie选择的是用&隔开
Jun 14 12:08:00 
Jun 14 12:08:00 
Jun 14 12:08:00Jun 14 12:08:00 ====================共有2个京东账号Cookie=========
 您的cookie选择的是用&隔开
Jun 14 12:08:00Jun 14 12:08:00 
 
Jun 14 12:08:00 
Jun 14 12:08:00 ====================共有2个京东账号Cookie=========
Jun 14 12:08:00 
Jun 14 12:08:00Jun 14 12:08:00 ==================脚本执行- 北京时间(UTC+8)：6/14/2021, 12:08:00 PM=====================
 ==================脚本执行- 北京时间(UTC+8)：6/14/2021, 12:08:00 PM=====================
Jun 14 12:08:00Jun 14 12:08:00 
 
Jun 14 12:08:00 
Jun 14 12:08:00 开始【京东账号1】455979050-14287437
Jun 14 12:08:00 
Jun 14 12:08:00 
Jun 14 12:08:00 开始【京东账号1】455979050-14287437
Jun 14 12:08:00 
Jun 14 12:08:00 
Jun 14 12:08:00 天天加速任务进行中
Jun 14 12:08:00 
Jun 14 12:08:00 天天加速任务进行中
Jun 14 12:08:01 
Jun 14 12:08:01 检查是否可领虫洞京豆奖励
Jun 14 12:08:01 暂无可领取的虫洞京豆奖励
Jun 14 12:08:01 
Jun 14 12:08:01 
Jun 14 12:08:01 
Jun 14 12:08:01 
Jun 14 12:08:01 开始【京东账号2】jd_7a84de20543eb
Jun 14 12:08:01 
Jun 14 12:08:01 
Jun 14 12:08:01 天天加速任务进行中
Jun 14 12:08:01 
Jun 14 12:08:01 检查是否可领虫洞京豆奖励
Jun 14 12:08:01 暂无可领取的虫洞京豆奖励
Jun 14 12:08:01 
Jun 14 12:08:01 
Jun 14 12:08:01 
Jun 14 12:08:01 
Jun 14 12:08:01 开始【京东账号2】jd_7a84de20543eb
Jun 14 12:08:01 
Jun 14 12:08:01 
Jun 14 12:08:01 天天加速任务进行中
Jun 14 12:08:05 
Jun 14 12:08:05 
Jun 14 12:08:05 
Jun 14 12:08:05 
Jun 14 12:08:05 🔔✈️天天加速, 结束! 🕛 4.461 秒
Jun 14 12:08:05 
Jun 14 12:08:05 
Jun 14 12:08:05 
Jun 14 12:08:05 
Jun 14 12:08:05 
Jun 14 12:08:05 🔔✈️天天加速, 结束! 🕛 5.024 秒
Jun 14 12:08:05 
Jun 14 15:08:00 
Jun 14 15:08:00 🔔✈️天天加速, 开始!
Jun 14 15:08:00 
Jun 14 15:08:00 🔔✈️天天加速, 开始!
Jun 14 15:08:00 您的cookie选择的是用&隔开
Jun 14 15:08:00 
Jun 14 15:08:00 
Jun 14 15:08:00 ====================共有2个京东账号Cookie=========
Jun 14 15:08:00 
Jun 14 15:08:00 您的cookie选择的是用&隔开
Jun 14 15:08:00 
Jun 14 15:08:00 
Jun 14 15:08:00 ====================共有2个京东账号Cookie=========
Jun 14 15:08:00 
Jun 14 15:08:00 ==================脚本执行- 北京时间(UTC+8)：6/14/2021, 3:08:00 PM=====================
Jun 14 15:08:00 
Jun 14 15:08:00 ==================脚本执行- 北京时间(UTC+8)：6/14/2021, 3:08:00 PM=====================
Jun 14 15:08:00 
Jun 14 15:08:00 
Jun 14 15:08:00 开始【京东账号1】455979050-14287437
Jun 14 15:08:00 
Jun 14 15:08:00 
Jun 14 15:08:00 开始【京东账号1】455979050-14287437
Jun 14 15:08:00 
Jun 14 15:08:00 
Jun 14 15:08:00 天天加速任务进行中
Jun 14 15:08:00 
Jun 14 15:08:00 天天加速任务进行中
Jun 14 15:08:00 
Jun 14 15:08:00 检查是否可领虫洞京豆奖励
Jun 14 15:08:00 暂无可领取的虫洞京豆奖励
Jun 14 15:08:00 
Jun 14 15:08:00 
Jun 14 15:08:00 
Jun 14 15:08:00 
Jun 14 15:08:00 检查是否可领虫洞京豆奖励
Jun 14 15:08:00 暂无可领取的虫洞京豆奖励
Jun 14 15:08:00 
Jun 14 15:08:00 
Jun 14 15:08:00 
Jun 14 15:08:00 
Jun 14 15:08:00 开始【京东账号2】jd_7a84de20543eb
Jun 14 15:08:00 
Jun 14 15:08:00 
Jun 14 15:08:00 天天加速任务进行中
Jun 14 15:08:00 
Jun 14 15:08:00 开始【京东账号2】jd_7a84de20543eb
Jun 14 15:08:00 
Jun 14 15:08:00 
Jun 14 15:08:00 天天加速任务进行中
Jun 14 15:08:00 
Jun 14 15:08:00 检查是否可领虫洞京豆奖励
Jun 14 15:08:00 暂无可领取的虫洞京豆奖励
Jun 14 15:08:00 
Jun 14 15:08:00 
Jun 14 15:08:00 
Jun 14 15:08:00 
Jun 14 15:08:00 🔔✈️天天加速, 结束! 🕛 0.446 秒
Jun 14 15:08:00 
Jun 14 15:08:00 
Jun 14 15:08:00 检查是否可领虫洞京豆奖励
Jun 14 15:08:00 暂无可领取的虫洞京豆奖励
Jun 14 15:08:00 
Jun 14 15:08:00 
Jun 14 15:08:00 
Jun 14 15:08:00 
Jun 14 15:08:00 🔔✈️天天加速, 结束! 🕛 0.481 秒
Jun 14 15:08:00 
Jun 14 18:08:00 
Jun 14 18:08:00 🔔✈️天天加速, 开始!
Jun 14 18:08:00 
Jun 14 18:08:00 🔔✈️天天加速, 开始!
Jun 14 18:08:00 您的cookie选择的是用&隔开
Jun 14 18:08:00 
Jun 14 18:08:00 
Jun 14 18:08:00 ====================共有2个京东账号Cookie=========
Jun 14 18:08:00 
Jun 14 18:08:00 您的cookie选择的是用&隔开
Jun 14 18:08:00 
Jun 14 18:08:00 
Jun 14 18:08:00 ====================共有2个京东账号Cookie=========
Jun 14 18:08:00 
Jun 14 18:08:00 ==================脚本执行- 北京时间(UTC+8)：6/14/2021, 6:08:00 PM=====================
Jun 14 18:08:00 
Jun 14 18:08:00 ==================脚本执行- 北京时间(UTC+8)：6/14/2021, 6:08:00 PM=====================
Jun 14 18:08:00 
Jun 14 18:08:00 
Jun 14 18:08:00 开始【京东账号1】455979050-14287437
Jun 14 18:08:00 
Jun 14 18:08:00 
Jun 14 18:08:00 开始【京东账号1】455979050-14287437
Jun 14 18:08:00 
Jun 14 18:08:00 
Jun 14 18:08:00 天天加速任务进行中
Jun 14 18:08:00 
Jun 14 18:08:00 天天加速任务进行中
Jun 14 18:08:00 
Jun 14 18:08:00 检查是否可领虫洞京豆奖励
Jun 14 18:08:00 暂无可领取的虫洞京豆奖励
Jun 14 18:08:00 
Jun 14 18:08:00 
Jun 14 18:08:00 
Jun 14 18:08:00 
Jun 14 18:08:00 开始【京东账号2】jd_7a84de20543eb
Jun 14 18:08:00 
Jun 14 18:08:01 
Jun 14 18:08:01 天天加速任务进行中
Jun 14 18:08:01 
Jun 14 18:08:01 检查是否可领虫洞京豆奖励
Jun 14 18:08:01 暂无可领取的虫洞京豆奖励
Jun 14 18:08:01 
Jun 14 18:08:01 
Jun 14 18:08:01 
Jun 14 18:08:01 
Jun 14 18:08:01 🔔✈️天天加速, 结束! 🕛 0.835 秒
Jun 14 18:08:01 
Jun 14 18:08:01 
Jun 14 18:08:01 检查是否可领虫洞京豆奖励
Jun 14 18:08:01 暂无可领取的虫洞京豆奖励
Jun 14 18:08:01 
Jun 14 18:08:01 
Jun 14 18:08:01 
Jun 14 18:08:01 
Jun 14 18:08:01 开始【京东账号2】jd_7a84de20543eb
Jun 14 18:08:01 
Jun 14 18:08:01 
Jun 14 18:08:01 天天加速任务进行中
Jun 14 18:08:02 去领取【买10元及以上图书商品】任务
Jun 14 18:08:02 
Jun 14 18:08:02 
Jun 14 18:08:02 检查是否可领虫洞京豆奖励
Jun 14 18:08:02 暂无可领取的虫洞京豆奖励
Jun 14 18:08:02 
Jun 14 18:08:02 
Jun 14 18:08:02 
Jun 14 18:08:02 
Jun 14 18:08:02 🔔✈️天天加速, 结束! 🕛 2.141 秒
Jun 14 18:08:02 
Jun 14 21:08:00 
Jun 14 21:08:00 🔔✈️天天加速, 开始!
Jun 14 21:08:00 
Jun 14 21:08:00 🔔✈️天天加速, 开始!
Jun 14 21:08:00 您的cookie选择的是用&隔开
Jun 14 21:08:00 
Jun 14 21:08:00 
Jun 14 21:08:00 ====================共有2个京东账号Cookie=========
Jun 14 21:08:00 
Jun 14 21:08:00 您的cookie选择的是用&隔开
Jun 14 21:08:00 
Jun 14 21:08:00 
Jun 14 21:08:00 ====================共有2个京东账号Cookie=========
Jun 14 21:08:00 
Jun 14 21:08:00 ==================脚本执行- 北京时间(UTC+8)：6/14/2021, 9:08:00 PM=====================
Jun 14 21:08:00 
Jun 14 21:08:00 ==================脚本执行- 北京时间(UTC+8)：6/14/2021, 9:08:00 PM=====================
Jun 14 21:08:00 
Jun 14 21:08:01 
Jun 14 21:08:01 开始【京东账号1】455979050-14287437
Jun 14 21:08:01 
Jun 14 21:08:01 
Jun 14 21:08:01 开始【京东账号1】455979050-14287437
Jun 14 21:08:01 
Jun 14 21:08:01 
Jun 14 21:08:01 天天加速任务进行中
Jun 14 21:08:01 
Jun 14 21:08:01 天天加速任务进行中
Jun 14 21:08:03 
Jun 14 21:08:03 
Jun 14 21:08:03 
Jun 14 21:08:03 
Jun 14 21:08:03 开始【京东账号2】jd_7a84de20543eb
Jun 14 21:08:03 
Jun 14 21:08:03 
Jun 14 21:08:03 天天加速任务进行中
Jun 14 21:08:04 
Jun 14 21:08:04 检查是否可领虫洞京豆奖励
Jun 14 21:08:04 暂无可领取的虫洞京豆奖励
Jun 14 21:08:04 
Jun 14 21:08:04 
Jun 14 21:08:04 
Jun 14 21:08:04 
Jun 14 21:08:04 🔔✈️天天加速, 结束! 🕛 3.156 秒
Jun 14 21:08:04 
Jun 14 21:08:04 
Jun 14 21:08:04 
Jun 14 21:08:04 
Jun 14 21:08:04 
Jun 14 21:08:04 开始【京东账号2】jd_7a84de20543eb
Jun 14 21:08:04 
Jun 14 21:08:04 
Jun 14 21:08:04 天天加速任务进行中
Jun 14 21:08:05 
Jun 14 21:08:05 检查是否可领虫洞京豆奖励
Jun 14 21:08:05 暂无可领取的虫洞京豆奖励
Jun 14 21:08:05 
Jun 14 21:08:05 
Jun 14 21:08:05 
Jun 14 21:08:05 
Jun 14 21:08:05 🔔✈️天天加速, 结束! 🕛 4.271 秒
Jun 14 21:08:05 
Jun 15 00:08:00Jun 15 00:08:00 
 
Jun 15 00:08:00Jun 15 00:08:00 🔔✈️天天加速, 开始!
 🔔✈️天天加速, 开始!
Jun 15 00:08:00Jun 15 00:08:00 您的cookie选择的是用&隔开
 您的cookie选择的是用&隔开
Jun 15 00:08:00Jun 15 00:08:00 
 
Jun 15 00:08:00Jun 15 00:08:00 
 
Jun 15 00:08:00Jun 15 00:08:00 ====================共有2个京东账号Cookie=========
 ====================共有2个京东账号Cookie=========
Jun 15 00:08:00Jun 15 00:08:00 
 
Jun 15 00:08:00 ==================脚本执行- 北京时间(UTC+8)：6/15/2021, 12:08:00 AM=====================
Jun 15 00:08:00 
Jun 15 00:08:00 ==================脚本执行- 北京时间(UTC+8)：6/15/2021, 12:08:00 AM=====================
Jun 15 00:08:00 
Jun 15 00:08:00 
Jun 15 00:08:00 开始【京东账号1】455979050-14287437
Jun 15 00:08:00 
Jun 15 00:08:00 
Jun 15 00:08:00 开始【京东账号1】455979050-14287437
Jun 15 00:08:00 
Jun 15 00:08:00 
Jun 15 00:08:00 天天加速任务进行中
Jun 15 00:08:00 
Jun 15 00:08:00 天天加速任务进行中
Jun 15 00:08:00 
Jun 15 00:08:00 检查是否可领虫洞京豆奖励
Jun 15 00:08:00 暂无可领取的虫洞京豆奖励
Jun 15 00:08:00 
Jun 15 00:08:00 
Jun 15 00:08:00 
Jun 15 00:08:00 
Jun 15 00:08:00 检查是否可领虫洞京豆奖励
Jun 15 00:08:00 暂无可领取的虫洞京豆奖励
Jun 15 00:08:00 
Jun 15 00:08:00 
Jun 15 00:08:00 
Jun 15 00:08:00 
Jun 15 00:08:00 开始【京东账号2】jd_7a84de20543eb
Jun 15 00:08:00 
Jun 15 00:08:00 
Jun 15 00:08:00 开始【京东账号2】jd_7a84de20543eb
Jun 15 00:08:00 
Jun 15 00:08:00 
Jun 15 00:08:00 天天加速任务进行中
Jun 15 00:08:00 
Jun 15 00:08:00 天天加速任务进行中
Jun 15 00:08:00 
Jun 15 00:08:00 检查是否可领虫洞京豆奖励
Jun 15 00:08:00 暂无可领取的虫洞京豆奖励
Jun 15 00:08:00 
Jun 15 00:08:00 
Jun 15 00:08:00 
Jun 15 00:08:00 
Jun 15 00:08:00 🔔✈️天天加速, 结束! 🕛 0.444 秒
Jun 15 00:08:00 
Jun 15 00:08:00 
Jun 15 00:08:00 检查是否可领虫洞京豆奖励
Jun 15 00:08:00 暂无可领取的虫洞京豆奖励
Jun 15 00:08:00 
Jun 15 00:08:00 
Jun 15 00:08:00 
Jun 15 00:08:00 
Jun 15 00:08:00 🔔✈️天天加速, 结束! 🕛 0.465 秒
Jun 15 00:08:00 
Jun 15 03:08:00 
Jun 15 03:08:00 🔔✈️天天加速, 开始!
Jun 15 03:08:00 
Jun 15 03:08:00 🔔✈️天天加速, 开始!
Jun 15 03:08:00 您的cookie选择的是用&隔开
Jun 15 03:08:00 
Jun 15 03:08:00 
Jun 15 03:08:00 ====================共有2个京东账号Cookie=========
Jun 15 03:08:00 
Jun 15 03:08:00 您的cookie选择的是用&隔开
Jun 15 03:08:00 
Jun 15 03:08:00 
Jun 15 03:08:00 ====================共有2个京东账号Cookie=========
Jun 15 03:08:00 
Jun 15 03:08:00 ==================脚本执行- 北京时间(UTC+8)：6/15/2021, 3:08:00 AM=====================
Jun 15 03:08:00 
Jun 15 03:08:00 ==================脚本执行- 北京时间(UTC+8)：6/15/2021, 3:08:00 AM=====================
Jun 15 03:08:00 
Jun 15 03:08:00 
Jun 15 03:08:00 开始【京东账号1】455979050-14287437
Jun 15 03:08:00 
Jun 15 03:08:00 
Jun 15 03:08:00 开始【京东账号1】455979050-14287437
Jun 15 03:08:00 
Jun 15 03:08:00 
Jun 15 03:08:00 天天加速任务进行中
Jun 15 03:08:00 
Jun 15 03:08:00 天天加速任务进行中
Jun 15 03:08:01 
Jun 15 03:08:01 检查是否可领虫洞京豆奖励
Jun 15 03:08:01 暂无可领取的虫洞京豆奖励
Jun 15 03:08:01 
Jun 15 03:08:01 
Jun 15 03:08:01 
Jun 15 03:08:01 
Jun 15 03:08:01 开始【京东账号2】jd_7a84de20543eb
Jun 15 03:08:01 
Jun 15 03:08:01 
Jun 15 03:08:01 天天加速任务进行中
Jun 15 03:08:01 
Jun 15 03:08:01 检查是否可领虫洞京豆奖励
Jun 15 03:08:01 暂无可领取的虫洞京豆奖励
Jun 15 03:08:01 
Jun 15 03:08:01 
Jun 15 03:08:01 
Jun 15 03:08:01 
Jun 15 03:08:01 开始【京东账号2】jd_7a84de20543eb
Jun 15 03:08:01 
Jun 15 03:08:01 
Jun 15 03:08:01 天天加速任务进行中
Jun 15 03:08:02 
Jun 15 03:08:02 检查是否可领虫洞京豆奖励
Jun 15 03:08:02 暂无可领取的虫洞京豆奖励
Jun 15 03:08:02 
Jun 15 03:08:02 
Jun 15 03:08:02 
Jun 15 03:08:02 
Jun 15 03:08:02 🔔✈️天天加速, 结束! 🕛 1.801 秒
Jun 15 03:08:02 
Jun 15 03:08:02 
Jun 15 03:08:02 检查是否可领虫洞京豆奖励
Jun 15 03:08:02 暂无可领取的虫洞京豆奖励
Jun 15 03:08:02 
Jun 15 03:08:02 
Jun 15 03:08:02 
Jun 15 03:08:02 
Jun 15 03:08:02 🔔✈️天天加速, 结束! 🕛 1.901 秒
Jun 15 03:08:02 
Jun 15 06:08:00 
Jun 15 06:08:00 🔔✈️天天加速, 开始!
Jun 15 06:08:00 
Jun 15 06:08:00 🔔✈️天天加速, 开始!
Jun 15 06:08:00 您的cookie选择的是用&隔开
Jun 15 06:08:00 
Jun 15 06:08:00 
Jun 15 06:08:00 ====================共有2个京东账号Cookie=========
Jun 15 06:08:00 
Jun 15 06:08:00 您的cookie选择的是用&隔开
Jun 15 06:08:00 
Jun 15 06:08:00 
Jun 15 06:08:00 ====================共有2个京东账号Cookie=========
Jun 15 06:08:00 
Jun 15 06:08:00 ==================脚本执行- 北京时间(UTC+8)：6/15/2021, 6:08:00 AM=====================
Jun 15 06:08:00 
Jun 15 06:08:00 ==================脚本执行- 北京时间(UTC+8)：6/15/2021, 6:08:00 AM=====================
Jun 15 06:08:00 
Jun 15 06:08:01 
Jun 15 06:08:01 开始【京东账号1】455979050-14287437
Jun 15 06:08:01 
Jun 15 06:08:01 
Jun 15 06:08:01 开始【京东账号1】455979050-14287437
Jun 15 06:08:01 
Jun 15 06:08:01 
Jun 15 06:08:01 天天加速任务进行中
Jun 15 06:08:01 
Jun 15 06:08:01 天天加速任务进行中
Jun 15 06:08:03 
Jun 15 06:08:03 检查是否可领虫洞京豆奖励
Jun 15 06:08:03 暂无可领取的虫洞京豆奖励
Jun 15 06:08:03 
Jun 15 06:08:03 
Jun 15 06:08:03 
Jun 15 06:08:03 
Jun 15 06:08:03 开始【京东账号2】jd_7a84de20543eb
Jun 15 06:08:03 
Jun 15 06:08:03 
Jun 15 06:08:03 天天加速任务进行中
Jun 15 06:08:03 
Jun 15 06:08:03 检查是否可领虫洞京豆奖励
Jun 15 06:08:03 暂无可领取的虫洞京豆奖励
Jun 15 06:08:03 
Jun 15 06:08:03 
Jun 15 06:08:03 
Jun 15 06:08:03 
Jun 15 06:08:03 开始【京东账号2】jd_7a84de20543eb
Jun 15 06:08:03 
Jun 15 06:08:03 
Jun 15 06:08:03 天天加速任务进行中
Jun 15 06:08:03 去领取【买10元及以上图书商品】任务
Jun 15 06:08:03 
Jun 15 06:08:03 
Jun 15 06:08:03 检查是否可领虫洞京豆奖励
Jun 15 06:08:03 暂无可领取的虫洞京豆奖励
Jun 15 06:08:03 
Jun 15 06:08:03 
Jun 15 06:08:03 
Jun 15 06:08:03 
Jun 15 06:08:03 🔔✈️天天加速, 结束! 🕛 3.058 秒
Jun 15 06:08:03 
Jun 15 06:08:04 
Jun 15 06:08:04 检查是否可领虫洞京豆奖励
Jun 15 06:08:04 暂无可领取的虫洞京豆奖励
Jun 15 06:08:04 
Jun 15 06:08:04 
Jun 15 06:08:04 
Jun 15 06:08:04 
Jun 15 06:08:04 🔔✈️天天加速, 结束! 🕛 3.191 秒
Jun 15 06:08:04 
Jun 15 09:08:00Jun 15 09:08:00 
 
Jun 15 09:08:00Jun 15 09:08:00 🔔✈️天天加速, 开始!
 🔔✈️天天加速, 开始!
Jun 15 09:08:00 您的cookie选择的是用&隔开
Jun 15 09:08:00 
Jun 15 09:08:00 
Jun 15 09:08:00 ====================共有2个京东账号Cookie=========
Jun 15 09:08:00 
Jun 15 09:08:00 您的cookie选择的是用&隔开
Jun 15 09:08:00 
Jun 15 09:08:00 
Jun 15 09:08:00 ====================共有2个京东账号Cookie=========
Jun 15 09:08:00 
Jun 15 09:08:00Jun 15 09:08:00 ==================脚本执行- 北京时间(UTC+8)：6/15/2021, 9:08:00 AM=====================
 ==================脚本执行- 北京时间(UTC+8)：6/15/2021, 9:08:00 AM=====================
Jun 15 09:08:00Jun 15 09:08:00 
 
Jun 15 09:08:00 
Jun 15 09:08:00 开始【京东账号1】455979050-14287437
Jun 15 09:08:00 
Jun 15 09:08:00 
Jun 15 09:08:00 开始【京东账号1】455979050-14287437
Jun 15 09:08:00 
Jun 15 09:08:00 
Jun 15 09:08:00 天天加速任务进行中
Jun 15 09:08:00 
Jun 15 09:08:00 天天加速任务进行中
Jun 15 09:08:00 
Jun 15 09:08:00 检查是否可领虫洞京豆奖励
Jun 15 09:08:00 暂无可领取的虫洞京豆奖励
Jun 15 09:08:00 
Jun 15 09:08:00 
Jun 15 09:08:00 
Jun 15 09:08:00 
Jun 15 09:08:00 检查是否可领虫洞京豆奖励
Jun 15 09:08:00 暂无可领取的虫洞京豆奖励
Jun 15 09:08:00 
Jun 15 09:08:00 
Jun 15 09:08:00 
Jun 15 09:08:00 
Jun 15 09:08:00 开始【京东账号2】jd_7a84de20543eb
Jun 15 09:08:00 
Jun 15 09:08:00 
Jun 15 09:08:00 开始【京东账号2】jd_7a84de20543eb
Jun 15 09:08:00 
Jun 15 09:08:00 
Jun 15 09:08:00 天天加速任务进行中
Jun 15 09:08:00 
Jun 15 09:08:00 天天加速任务进行中
Jun 15 09:08:00 
Jun 15 09:08:00 检查是否可领虫洞京豆奖励
Jun 15 09:08:00 暂无可领取的虫洞京豆奖励
Jun 15 09:08:00 
Jun 15 09:08:00 
Jun 15 09:08:00 
Jun 15 09:08:00 
Jun 15 09:08:00 🔔✈️天天加速, 结束! 🕛 0.464 秒
Jun 15 09:08:00 
Jun 15 09:08:00 
Jun 15 09:08:00 检查是否可领虫洞京豆奖励
Jun 15 09:08:00 暂无可领取的虫洞京豆奖励
Jun 15 09:08:00 
Jun 15 09:08:00 
Jun 15 09:08:00 
Jun 15 09:08:00 
Jun 15 09:08:00 🔔✈️天天加速, 结束! 🕛 0.487 秒
Jun 15 09:08:00 
Jun 15 12:08:00 
Jun 15 12:08:00 🔔✈️天天加速, 开始!
Jun 15 12:08:00 
Jun 15 12:08:00 🔔✈️天天加速, 开始!
Jun 15 12:08:00 您的cookie选择的是用&隔开
Jun 15 12:08:00 
Jun 15 12:08:00 
Jun 15 12:08:00 ====================共有2个京东账号Cookie=========
Jun 15 12:08:00 
Jun 15 12:08:00 您的cookie选择的是用&隔开
Jun 15 12:08:00 
Jun 15 12:08:00 
Jun 15 12:08:00 ====================共有2个京东账号Cookie=========
Jun 15 12:08:00 
Jun 15 12:08:00 ==================脚本执行- 北京时间(UTC+8)：6/15/2021, 12:08:00 PM=====================
Jun 15 12:08:00 
Jun 15 12:08:00 ==================脚本执行- 北京时间(UTC+8)：6/15/2021, 12:08:00 PM=====================
Jun 15 12:08:00 
Jun 15 12:08:00 
Jun 15 12:08:00 开始【京东账号1】455979050-14287437
Jun 15 12:08:00 
Jun 15 12:08:00 
Jun 15 12:08:00 开始【京东账号1】455979050-14287437
Jun 15 12:08:00 
Jun 15 12:08:00 
Jun 15 12:08:00 天天加速任务进行中
Jun 15 12:08:00 
Jun 15 12:08:00 天天加速任务进行中
Jun 15 12:08:00 
Jun 15 12:08:00 检查是否可领虫洞京豆奖励
Jun 15 12:08:00 暂无可领取的虫洞京豆奖励
Jun 15 12:08:00 
Jun 15 12:08:00 
Jun 15 12:08:00 
Jun 15 12:08:00 
Jun 15 12:08:00 检查是否可领虫洞京豆奖励
Jun 15 12:08:00 暂无可领取的虫洞京豆奖励
Jun 15 12:08:00 
Jun 15 12:08:00 
Jun 15 12:08:00 
Jun 15 12:08:00 
Jun 15 12:08:00 开始【京东账号2】jd_7a84de20543eb
Jun 15 12:08:00 
Jun 15 12:08:00 
Jun 15 12:08:00 开始【京东账号2】jd_7a84de20543eb
Jun 15 12:08:00 
Jun 15 12:08:00 
Jun 15 12:08:00 天天加速任务进行中
Jun 15 12:08:00 
Jun 15 12:08:00 天天加速任务进行中
Jun 15 12:08:00 
Jun 15 12:08:00 检查是否可领虫洞京豆奖励
Jun 15 12:08:00 暂无可领取的虫洞京豆奖励
Jun 15 12:08:00 
Jun 15 12:08:00 
Jun 15 12:08:00 
Jun 15 12:08:00 
Jun 15 12:08:00 🔔✈️天天加速, 结束! 🕛 0.521 秒
Jun 15 12:08:00 
Jun 15 12:08:00 
Jun 15 12:08:00 检查是否可领虫洞京豆奖励
Jun 15 12:08:00 暂无可领取的虫洞京豆奖励
Jun 15 12:08:00 
Jun 15 12:08:00 
Jun 15 12:08:00 
Jun 15 12:08:00 
Jun 15 12:08:00 🔔✈️天天加速, 结束! 🕛 0.523 秒
Jun 15 12:08:00 
Jun 15 15:08:00 
Jun 15 15:08:00 🔔✈️天天加速, 开始!
Jun 15 15:08:00 
Jun 15 15:08:00 🔔✈️天天加速, 开始!
Jun 15 15:08:00 您的cookie选择的是用&隔开
Jun 15 15:08:00 
Jun 15 15:08:00 
Jun 15 15:08:00 ====================共有2个京东账号Cookie=========
Jun 15 15:08:00 
Jun 15 15:08:00 您的cookie选择的是用&隔开
Jun 15 15:08:00 
Jun 15 15:08:00 
Jun 15 15:08:00 ====================共有2个京东账号Cookie=========
Jun 15 15:08:00 
Jun 15 15:08:00 ==================脚本执行- 北京时间(UTC+8)：6/15/2021, 3:08:00 PM=====================
Jun 15 15:08:00 
Jun 15 15:08:00 ==================脚本执行- 北京时间(UTC+8)：6/15/2021, 3:08:00 PM=====================
Jun 15 15:08:00 
Jun 15 15:08:00 
Jun 15 15:08:00 开始【京东账号1】455979050-14287437
Jun 15 15:08:00 
Jun 15 15:08:00 
Jun 15 15:08:00 开始【京东账号1】455979050-14287437
Jun 15 15:08:00 
Jun 15 15:08:00 
Jun 15 15:08:00 天天加速任务进行中
Jun 15 15:08:00 
Jun 15 15:08:00 天天加速任务进行中
Jun 15 15:08:00 
Jun 15 15:08:00 检查是否可领虫洞京豆奖励
Jun 15 15:08:00 暂无可领取的虫洞京豆奖励
Jun 15 15:08:00 
Jun 15 15:08:00 
Jun 15 15:08:00 
Jun 15 15:08:00 
Jun 15 15:08:00 检查是否可领虫洞京豆奖励
Jun 15 15:08:00 暂无可领取的虫洞京豆奖励
Jun 15 15:08:00 
Jun 15 15:08:00 
Jun 15 15:08:00 
Jun 15 15:08:00 
Jun 15 15:08:00 开始【京东账号2】jd_7a84de20543eb
Jun 15 15:08:00 
Jun 15 15:08:00 
Jun 15 15:08:00 开始【京东账号2】jd_7a84de20543eb
Jun 15 15:08:00 
Jun 15 15:08:00 
Jun 15 15:08:00 天天加速任务进行中
Jun 15 15:08:00 
Jun 15 15:08:00 天天加速任务进行中
Jun 15 15:08:00 
Jun 15 15:08:00 检查是否可领虫洞京豆奖励
Jun 15 15:08:00 暂无可领取的虫洞京豆奖励
Jun 15 15:08:00 
Jun 15 15:08:00 
Jun 15 15:08:00 
Jun 15 15:08:00 
Jun 15 15:08:00 🔔✈️天天加速, 结束! 🕛 0.514 秒
Jun 15 15:08:00 
Jun 15 15:08:00 
Jun 15 15:08:00 检查是否可领虫洞京豆奖励
Jun 15 15:08:00 暂无可领取的虫洞京豆奖励
Jun 15 15:08:00 
Jun 15 15:08:00 
Jun 15 15:08:00 
Jun 15 15:08:00 
Jun 15 15:08:00 🔔✈️天天加速, 结束! 🕛 0.531 秒
Jun 15 15:08:00 
