
рџ””жЋжџе°Џеє—, ејЂе§‹!
ж‚Ёзљ„cookieйЂ‰ж‹©зљ„жЇз”Ё&йљ”ејЂ


====================е…±жњ‰2дёЄдє¬дёњиґ¦еЏ·Cookie=========

==================и„љжњ¬ж‰§иЎЊ- еЊ—дє¬ж—¶й—ґ(UTC+8)пјљ6/15/2021, 1:00:00 AM=====================

жЋжџе°Џеє—(жџеє—й•ї)
еЉ©еЉ›йЂ»иѕ‘пјљжЇЏдёЄckйљЏжњєиЋ·еЏ–дёЂдёЄжЋжџпјЊз„¶еђЋдјље…€е†…йѓЁеЉ©еЉ›пјЊз„¶еђЋе†ЌеЉ©еЉ›е†…зЅ®еЉ©еЉ›з Ѓ
жЉЅеҐ–пјљжЇеђ¦дё­еҐ–жІЎе€¤ж–­пјЊйњЂи‡ЄиЎЊжџҐзњ‹
ж›ґж–°ж—¶й—ґпјљ2021-06-06

==================ејЂе§‹ж‰§иЎЊжЋжџе°Џеє—д»»еЉЎ==================

*****ејЂе§‹гЂђдє¬дёњиґ¦еЏ·1гЂ‘455979050-14287437*****

зЋ°е…±жџҐиЇўе€°42дёЄжЋжџе°Џеє—

ејЂе§‹з¬¬1дёЄжЋжџе°Џеє—пјЊIDпјљM79U5N,жЋжџпјљж— з©·ей‚“дј¦ж— з©·е°Џдє®з»™дЅ йЂЃеҐЅз¤је•¦пјЊеї«жќҐе®Њж€ђд»»еЋ»еЃљд»»еЉЎпјљжЋжџеє”жЏеЋ»еЃљд»з­ѕе€°ж€ђеЉџ
еЋ»еЃљд»»еЉЎпјљжЋжџеє”жЏґжµЏи§€
жµЏи§€пјљжё…ж‰¬е¤ґзљ®еЉІжµЏи§€пжµЏижµЏи§€пјљ8
жµЏи§€пјљ3
жµЏи§€пјљ2
д»»еЉЎпјљжЋжџеє”жЏґе…іжіЁеє—й“єпјЊе·Іе®Њж€ђ
дє’еЉ©з ЃпјљqLHFoFrQiHTUHY723Ev_zwmay8_rfZKiZFEEs5HKgxo


ејЂе§‹з¬¬2дёЄжЋжџе°Џеє—пјЊIDпјљD22Q7C,жЋжџпдє’еЉ©з ЃпјљqLHFoFrQiHTUHY723Ev_zwmay8_rfZKiZFEEs5HKgxo


ејЂе§‹з¬¬2дёЄжЋжџееЋ»еЃљд»»еЉЎпјљжЋжџеє”жЏґз­ѕе€°
еЋ»еЃљд»»еЉЎпјљжЋжџеє”жЏґжµЏи§€
жµЏи§€пјље†°ж·‡ж·‹жґ»еЉЁйЎµ
жµЏи§€пјље‘€зњџе†°е“Ѓжґ»еЉЁ-жџеє—й•їд»»еЉЎ
жµЏи§€пјљй›Ђе·ўе†°ж·‡ж·‹ е†°з€ЅдёЂе¤Џ
жµЏи§€пјљй¦™и•‰е…€з”џжґ»еЉЁ-жџеє—й•їд»»еЉЎ
ж€ђеЉџ
жµЏи§€пјље“€з“¦й‚Јжґ»еЉЁ-жџеє—й•їд»»еЉЎ
д»»еЉЎпјљжЋжџеє”жЏґе…іжіЁеє—й“єпјЊе·Іе®Њж€ђ


ејЂе§‹з¬¬3дёЄжЋжџе°Џеє—пјЊIDпјљ762GUB,жЋжџпјље€жЉз„¶
е€жЉз„¶Xvivo й‚ЂдЅ жќҐдє¬дёњжџеє—й•їжЉЅеЏ–еҐЅз¤јпјЃ
еЋ»еЃљд»»еЉЎпјљжЋжџеє”жЏґз­ѕе€°
еЋ»еЃљд»»еЉЎпјљжЋжџеє”жЏґжµЏи§€
жµЏи§€пјље®ж–№жґ»еЉЁйЎµ
жµЏи§€пјљз¬¬е››жЎЈ-vivo X60ж‰‹жњє
жµЏи§€пјљз¬¬дєЊжЎЈ-vivoжґ»еЉЁйЎµ
жµЏи§€пјљз¬¬дё‰жЎЈ-Y70t 6+128
жµЏи§€пјљз¬¬дёЂжЎЈ-vivo S9ж‰‹жњєе•†иЇ¦
д»»еЉЎпјљжЋжџеє”жЏґе…іжіЁеє—й“єпјЊе·Іе®Њж€ђ


ејЂе§‹з¬¬4дёЄжЋжџе°Џеє—пјЊIDпјљ2PFR4L,жЋжџпјљеј дє‘йѕ™
еј дє‘йѕ™Xеїѓз›ёеЌ° й‚ЂдЅ жќҐдє¬дёњжџеє—й•їжЉЅеЏ–еҐЅз¤јпјЃ
еЋ»еЃљд»»еЉЎпјљжЋжџеє”жЏґз­ѕе€°
еЋ»еЃљд»»еЉЎпјљжЋжџеє”жЏґжµЏи§€
жµЏи§€пјљеїѓз›ёеЌ°-жџеє—й•ї
жµЏи§€пјљеїѓз›ёеЌ°-жџеє—й•ї
жµЏи§€пјљеїѓз›ёеЌ°-жџеє—й•ї
жµЏи§€пјљеїѓз›ёеЌ°-еј дє‘йѕ™-жџеє—й•ї
жµЏи§€пјљеїѓз›ёеЌ°-еј дє‘йѕ™-жџеє—й•ї
д»»еЉЎпјљжЋжџеє”жЏґе…іжіЁеє—й“єпјЊе·Іе®Њж€ђ


ејЂе§‹з¬¬5дёЄжЋжџе°Џеє—пјЊIDпјљVS4PEM,жЋжџпјљзѓ­дѕќж‰Ћ
зѓ­дѕќж‰ЋXеђ€з”џе…ѓ й‚ЂдЅ жќҐдє¬дёњжџеє—й•їжЉЅеЏ–еҐЅз¤јпјЃ
еЋ»еЃљд»»еЉЎпјљжЋжџеє”жЏґз­ѕе€°
еЋ»еЃљд»»еЉЎпјљжЋжџеє”жЏґжµЏи§€
жµЏи§€пјљжґ»еЉЁйЎµйќўжІѓи“ќ
жµЏи§€пјљз›Љз”џиЏЊж–°е®ў
жµЏи§€пјљжґ»еЉЁйЎµйќўmigv
ж€ђеЉџ
жµЏи§€пјљжґ»еЉЁйЎµйќўMKT
д»»еЉЎпјљжЋжџеє”жЏґе…іжіЁеє—й“єпјЊе·Іе®Њж€ђ


ејЂе§‹з¬¬6дёЄжЋжџе°Џеє—пјЊIDпјљ2SFR44,жЋжџпјљз™ЅиЊ¶
з™ЅиЊ¶з»™дЅ йЂЃеҐЅз¤је•¦пјЊеї«жќҐе®Њж€ђд»»еЉЎжЉЅеЏ–дё“е±ћеҐЅз¤јеђ§~
еЋ»еЃљд»»еЉЎпјљжЋжџеє”жЏґз­ѕе€°
еЋ»еЃљд»»еЉЎпјљжЋжџеє”жЏґжµЏи§€
жµЏи§€пјљ1
жµЏи§€пјљ3
жµЏи§€пјљ2
жµЏи§€пјљ4
д»»еЉЎпјљжЋжџеє”жЏґе…іжіЁеє—й“єпјЊе·Іе®Њж€ђ


ејЂе§‹з¬¬7дёЄжЋжџе°Џеє—пјЊIDпјљXLDYRJ,жЋжџпјљз™Ѕе®‡
з™Ѕе®‡Xеђ‰е€— й‚ЂдЅ жќҐдє¬дёњжџеє—й•їжЉЅеЏ–еҐЅз¤јпјЃ
еЋ»еЃљд»»еЉЎпјљжЋжџеє”жЏґз­ѕе€°
еЋ»еЃљд»»еЉЎпјљжЋжџеє”жЏґжµЏи§€
жµЏи§€пјљ4
жµЏи§€пјљ2
жµЏи§€пјљеђ‰е€—
жµЏи§€пјљ1
жµЏи§€пјљ3
д»»еЉЎпјљжЋжџеє”жЏґе…іжіЁеє—й“єпјЊе·Іе®Њж€ђ


ејЂе§‹з¬¬8дёЄжЋжџе°Џеє—пјЊIDпјљ4A2M7K,жЋжџпјљеј дјЇиЉќ
еј жџЏиЉќXзѕЋиµћи‡Ј й‚ЂдЅ жќҐдє¬дёњжџеє—й•їжЉЅеЏ–еҐЅз¤јпјЃ
еЋ»еЃљд»»еЉЎпјљжЋжџеє”жЏґз­ѕе€°
еЋ»еЃљд»»еЉЎпјљжЋжџеє”жЏґжµЏи§€
жµЏи§€пјљA2
ж€ђеЉџ
жµЏи§€пјљзѕЋиµћи‡Ј
жµЏи§€пјљsku2
ж€ђеЉџ
жµЏи§€пјљжџеє—й•ї
жµЏи§€пјље…Ёи·ѓ
ж€ђеЉџ
д»»еЉЎпјљжЋжџеє”жЏґе…іжіЁеє—й“єпјЊе·Іе®Њж€ђ


ејЂе§‹з¬¬9дёЄжЋжџе°Џеє—пјЊIDпјљHY4HCW,жЋжџпјљй™€еќ¤
й™€еќ¤Xж–№е¤Є й‚ЂдЅ жќҐдє¬дёњжџеє—й•їжЉЅеЏ–еҐЅз¤јпјЃ
еЋ»еЃљд»»еЉЎпјљжЋжџеє”жЏґз­ѕе€°
еЋ»еЃљд»»еЉЎпјљжЋжџеє”жЏґжµЏи§€
жµЏи§€пјљз‰№жќѓ
жµЏи§€пјљP1+TH26B
жµЏи§€пјљйў„е”®йЎµ
жµЏи§€пјљиЃљеђ€йЎµ
д»»еЉЎпјљжЋжџеє”жЏґе…іжіЁеє—й“єпјЊе·Іе®Њж€ђ


ејЂе§‹з¬¬10дёЄжЋжџе°Џеє—пјЊIDпјљWG73ME,жЋжџпјљжќЋе…‰жґЃ
жќЋе…‰жґЃXй‡‘йў†е†  й‚ЂдЅ жќҐдє¬дёњжџеє—й•їжЉЅеЏ–еҐЅз¤јпјЃ
еЋ»еЃљд»»еЉЎпјљжЋжџеє”жЏґз­ѕе€°
еЋ»еЃљд»»еЉЎпјљжЋжџеє”жЏґжµЏи§€
жµЏи§€пјљдјЉе€©й‡‘йў†е† жџеє—й•їд»»еЉЎ1
жµЏи§€пјљдјЉе€©й‡‘йў†е† жџеє—й•їд»»еЉЎ3
жµЏи§€пјљдјЉе€©й‡‘йў†е† жџеє—й•їд»»еЉЎ4
жµЏи§€пјљдјЉе€©й‡‘йў†е† жџеє—й•їд»»еЉЎ5
ж€ђеЉџ
жµЏи§€пјљдјЉе€©й‡‘йў†е† жџеє—й•їд»»еЉЎ2
ж€ђеЉџ
д»»еЉЎпјљжЋжџеє”жЏґе…іжіЁеє—й“єпјЊе·Іе®Њж€ђ


ејЂе§‹з¬¬11дёЄжЋжџе°Џеє—пјЊIDпјљ94FEDQ,жЋжџпјљд»»е‰дј¦
д»»е‰дј¦XдЅіжґЃеЈ« й‚ЂдЅ жќҐдє¬дёњжџеє—й•їжЉЅеЏ–еҐЅз¤јпјЃ
еЋ»еЃљд»»еЉЎпјљжЋжџеє”жЏґз­ѕе€°
еЋ»еЃљд»»еЉЎпјљжЋжџеє”жЏґжµЏи§€
жµЏи§€пјљ618жџе“Ѓйў„еђЇз‹‚ж¬ў
жµЏи§€пјљи¶…зє§з›’е­ђдјљењє
жµЏи§€пјљдЅіжґЃеЈ«
жµЏи§€пјљ11
жµЏи§€пјљи‡ЄиђҐж——и€°еє—
еЋ»еЃљд»»еЉЎпјљжЋжџеє”жЏґе…іжіЁеє—й“є


ејЂе§‹з¬¬12дёЄжЋжџе°Џеє—пјЊIDпјљLQ4LCS,жЋжџпјљеЂЄе¦®
еЂЄе¦®XOLAY й‚ЂдЅ жќҐдє¬дёњжџеє—й•їжЉЅеЏ–еҐЅз¤јпјЃ
еЋ»еЃљд»»еЉЎпјљжЋжџеє”жЏґз­ѕе€°
еЋ»еЃљд»»еЉЎпјљжЋжџеє”жЏґжµЏи§€
жµЏи§€пјљи€’и‚¤дЅіиє«дЅ“жЉ¤зђ†
жµЏи§€пјљзєўзџіж¦ґжІђжµґйњІ
жµЏи§€пјљи€’и‚¤дЅіжІђжµґйњІеҐ—иЈ…зєЇз™Ѕ+иЉ¦иЌџ
жµЏи§€пјљдё»жЋЁе“Ѓ-pack
жµЏи§€пјљOLAYиє«дЅ“жЉ¤зђ†
еЋ»еЃљд»»еЉЎпјљжЋжџеє”жЏґе…іжіЁеє—й“є


ејЂе§‹з¬¬13дёЄжЋжџе°Џеє—пјЊIDпјљZQ7TQR,жЋжџпјљй©¬е®¶иѕ‰
й©¬е®¶иѕ‰Xдєєе¤ґй©¬ й‚ЂдЅ жќҐдє¬дёњжџеє—й•їжЉЅеЏ–еҐЅз¤јпјЃ
еЋ»еЃљд»»еЉЎпјљжЋжџеє”жЏґз­ѕе€°
еЋ»еЃљд»»еЉЎпјљжЋжџеє”жЏґжµЏи§€
жµЏи§€пјљй™ђй‡Џж–°е“Ѓ
д»»еЉЎпјљжЋжџеє”жЏґе…іжіЁеє—й“єпјЊе·Іе®Њж€ђ


ејЂе§‹з¬¬14дёЄжЋжџе°Џеє—пјЊIDпјљ637BQA,жЋжџпјљж€ђжЇ…
ж€ђжЇ…Xи’™з‰› й‚ЂдЅ жќҐдє¬дёњжџеє—й•їжЉЅеЏ–еҐЅз¤јпјЃ
еЋ»еЃљд»»еЉЎпјљжЋжџеє”жЏґз­ѕе€°
еЋ»еЃљд»»еЉЎпјљжЋжџеє”жЏґжµЏи§€
жµЏи§€пјљи¶…еЂјеҐ—иЈ…16ж–¤
ж€ђеЉџ
жµЏи§€пјљж±°жёЌе“Ѓз‰Њжґ»еЉЁдё“ењє
жµЏи§€пјљж·±е±‚жґЃе‡Ђ12ж–¤
жµЏи§€пјље¤§е®ќжґЃдјље‘йЎµйќў
ж€ђеЉџ
жµЏи§€пјљи¶…еЂјеҐ—иЈ…24ж–¤
д»»еЉЎпјљжЋжџеє”жЏґе…іжіЁеє—й“єпјЊе·Іе®Њж€ђ


ејЂе§‹з¬¬15дёЄжЋжџе°Џеє—пјЊIDпјљZH7TQ6,жЋжџпјљжќЋдёЂжЎђ
жќЋдёЂжЎђ X DW й‚ЂдЅ жќҐдє¬дёњжџеє—й•їжЉЅеЏ–еҐЅз¤јпјЃ
еЋ»еЃљд»»еЉЎпјљжЋжџеє”жЏґз­ѕе€°
еЋ»еЃљд»»еЉЎпјљжЋжџеє”жЏґжµЏи§€
жµЏи§€пјљ2
жµЏи§€пјљи¶…зє§з›’е­ђдјљењє
жµЏи§€пјљ3
жµЏи§€пјљ1
д»»еЉЎпјљжЋжџеє”жЏґе…іжіЁеє—й“єпјЊе·Іе®Њж€ђ


ејЂе§‹з¬¬16дёЄжЋжџе°Џеє—пјЊIDпјљ3PU8SZ,жЋжџпјљйїдє‘еЋ
йїдє‘еЋXеЌЋзЎ• й‚ЂдЅ жќҐдє¬дёњжџеє—й•їжЉЅеЏ–еҐЅз¤јпјЃ
еЋ»еЃљд»»еЉЎпјљжЋжџеє”жЏґз­ѕе€°
еЋ»еЃљд»»еЉЎпјљжЋжџеє”жЏґжµЏи§€
жµЏи§€пјљзЃµиЂЂ14S
жµЏи§€пјљзЃµиЂЂXеЏЊе±Џ
жµЏи§€пјљеЌЋзЎ•618
ж€ђеЉџ
жµЏи§€пјљеЌЋзЎ•иЅ»и–„дјљењє
д»»еЉЎпјљжЋжџеє”жЏґе…іжіЁеє—й“єпјЊе·Іе®Њж€ђ


ејЂе§‹з¬¬17дёЄжЋжџе°Џеє—пјЊIDпјљLW4LCK,жЋжџпјљз”°йёїжќ°
з”°йёїжќ°XжЅе©· й‚ЂдЅ жќҐдє¬дёњжџеє—й•їжЉЅеЏ–еҐЅз¤јпјЃ
еЋ»еЃљд»»еЉЎпјљжЋжџеє”жЏґз­ѕе€°
еЋ»еЃљд»»еЉЎпјљжЋжџеє”жЏґжµЏи§€
жµЏи§€пјљжЅе©·-3
ж€ђеЉџ
жµЏи§€пјљжЅе©·-2
жµЏи§€пјљжЅе©·-5
д»»еЉЎпјљжЋжџеє”жЏґе…іжіЁеє—й“єпјЊе·Іе®Њж€ђ


ејЂе§‹з¬¬18дёЄжЋжџе°Џеє—пјЊIDпјљYCDXNN,жЋжџпјљи”Ўеѕђеќ¤
и”Ўеѕђеќ¤Xж±¤и‡ЈеЂЌеЃҐ й‚ЂдЅ жќҐдє¬дёњжџеє—й•їжЉЅеЏ–еҐЅз¤јпјЃ
еЋ»еЃљд»»еЉЎпјљжЋжџеє”жЏґз­ѕе€°
еЋ»еЃљд»»еЉЎпјљжЋжџеє”жЏґжµЏи§€
жµЏи§€пјљж±¤и‡ЈеЂЌеЃҐyepдё“еЊє
жµЏи§€пјљеҐ¶ж”
жµЏи§€пјљиѓ¶еЋџи›‹з™ЅеЏЈжњЌж¶І
жµЏи§€пјљз›Љз”џиЏЊ
д»»еЉЎпјљжЋжџеє”жЏґе…іжіЁеє—й“єпјЊе·Іе®Њж€ђ


ејЂе§‹з¬¬19дёЄжЋжџе°Џеє—пјЊIDпјљ5RFCD9,жЋжџпјљзЋ‹иЏІиЏІ
зЋ‹йњЏйњЏXдјЉе€© й‚ЂдЅ жќҐдє¬дёњжџеє—й•їжЉЅеЏ–еҐЅз¤јпјЃ
еЋ»еЃљд»»еЉЎпјљжЋжџеє”жЏґз­ѕе€°
еЋ»еЃљд»»еЉЎпјљжЋжџеє”жЏґжµЏи§€
жµЏи§€пјљжЋжџе°Џеє—-зЋ‹йњЏйњЏ
ж€ђеЉџ
жµЏи§€пјљеє—й“єдјље‘йЎµ
ж€ђеЉџ
жµЏи§€пјљ618еє—й“єйЎµ
жµЏи§€пјљж–°иҐїе…°е…Ёи„‚1kg
жµЏи§€пјље…Ёе®¶зі»е€—-зЋ‹йњЏйњЏ
д»»еЉЎпјљжЋжџеє”жЏґе…іжіЁеє—й“єпјЊе·Іе®Њж€ђ


ејЂе§‹з¬¬20дёЄжЋжџе°Џеє—пјЊIDпјљ4C2M75,жЋжџпјљеј й¦Ёдє€
еј й¦Ёдє€XжЉ¤и€’е®ќ й‚ЂдЅ жќҐдє¬дёњжџеє—й•їжЉЅеЏ–еҐЅз¤јпјЃ
еЋ»еЃљд»»еЉЎпјљжЋжџеє”жЏґз­ѕе€°
еЋ»еЃљд»»еЉЎпјљжЋжџеє”жЏґжµЏи§€
жµЏи§€пјљ5
ж€ђеЉџ
жµЏи§€пјљ3
ж€ђеЉџ
жµЏи§€пјљ2
жµЏи§€пјљ4
д»»еЉЎпјљжЋжџеє”жЏґе…іжіЁеє—й“єпјЊе·Іе®Њж€ђ


ејЂе§‹з¬¬21дёЄжЋжџе°Џеє—пјЊIDпјљQE9757,жЋжџпјљй»„еј€
й»„еҐ•Xй›…еџ№ й‚ЂдЅ жќҐдє¬дёњжџеє—й•їжЉЅеЏ–еҐЅз¤јпјЃ
еЋ»еЃљд»»еЉЎпјљжЋжџеє”жЏґз­ѕе€°
еЋ»еЃљд»»еЉЎпјљжЋжџеє”жЏґжµЏи§€
жµЏи§€пјљ3
жµЏи§€пјљ2
жµЏи§€пјљ1
жµЏи§€пјљ4
д»»еЉЎпјљжЋжџеє”жЏґе…іжіЁеє—й“єпјЊе·Іе®Њж€ђ


ејЂе§‹з¬¬22дёЄжЋжџе°Џеє—пјЊIDпјљVZ4PEY,жЋжџпјљзїџжЅ‡й—»
R1SEзїџжЅ‡й—»Xзў§ж¬§жі‰ й‚ЂдЅ жќҐдє¬дёњжџеє—й•їжЉЅеЏ–еҐЅз¤јпјЃ
еЋ»еЃљд»»еЉЎпјљжЋжџеє”жЏґз­ѕе€°
еЋ»еЃљд»»еЉЎпјљжЋжџеє”жЏґжµЏи§€
жµЏи§€пјљдє®и‚¤
жµЏи§€пјљи“ќй’»
жµЏи§€пјљеє—й“є
д»»еЉЎпјљжЋжџеє”жЏґе…іжіЁеє—й“єпјЊе·Іе®Њж€ђ


ејЂе§‹з¬¬23дёЄжЋжџе°Џеє—пјЊIDпјљ3FU8S5,жЋжџпјље‘ЁжџЇе®‡
INTO1е‘ЁжџЇе®‡XйЈжџ” й‚ЂдЅ жќҐдє¬дёњжџеє—й•їжЉЅеЏ–еҐЅз¤јпјЃ
еЋ»еЃљд»»еЉЎпјљжЋжџеє”жЏґз­ѕе€°
еЋ»еЃљд»»еЉЎпјљжЋжџеє”жЏґжµЏи§€
жµЏи§€пјљйЈжџ”-4
жµЏи§€пјљйЈжџ”-3
ж€ђеЉџ
жµЏи§€пјљйЈжџ”-2
д»»еЉЎпјљжЋжџеє”жЏґе…іжіЁеє—й“єпјЊе·Іе®Њж€ђ


ејЂе§‹з¬¬24дёЄжЋжџе°Џеє—пјЊIDпјљMW9U5Z,жЋжџпјљеђґе®‡жЃ’
еђґе®‡жЃ’XжІ™е®Ј й‚ЂдЅ жќҐдє¬дёњжџеє—й•їжЉЅеЏ–еҐЅз¤јпјЃ
еЋ»жЉЅеҐ–пјЊеҐ–е“Ѓдёєпјљдјжѓ е€ё
жЃ­е–њдЅ гЂЃжЉЅдё­дє†
{"success":true,"code":0,"errMsg":"success","data":{"prizeId":776,"prizeType":1,"prizeValue":"50","prizeUsedValue":"99","prizeDesc":"дјжѓ е€ё","prizeBeginTime":null,"prizeEndTime":null,"sendResult":false,"resCode":"302","resMsg":"е“Ће‘ЂпјЊе°±е·®дёЂж­Ґ~зњ‹зњ‹е…¶д»–дјжѓ е€ёеђ§~","couponExtInfo":null,"drawResultExtendInfo":null,"prizeBaseId":776,"prizeGiveOutTime":null,"cashWithDrawStatus":null,"cashWithDrawMessage":null}}
еЋ»еЃљд»»еЉЎпјљжЋжџеє”жЏґз­ѕе€°
еЋ»еЃљд»»еЉЎпјљжЋжџеє”жЏґжµЏи§€
жµЏи§€пјљ2
жµЏи§€пјљ4
жµЏи§€пјљ3
еЋ»еЃљд»»еЉЎпјљжЋжџеє”жЏґе…іжіЁеє—й“є


ејЂе§‹з¬¬25дёЄжЋжџе°Џеє—пјЊIDпјљCX522V,жЋжџпјљй‚“дј¦
й‚“дј¦Xжё…ж‰¬ й‚ЂдЅ жќҐдє¬дёњжџеє—й•їжЉЅеЏ–еҐЅз¤јпјЃ
д»»еЉЎпјљжЋжџеє”жЏґз­ѕе€°пјЊе·Іе®Њж€ђ
еЋ»еЃљд»»еЉЎпјљжЋжџеє”жЏґжµЏи§€
жµЏи§€пјљжё…ж‰¬е¤ґзљ®еЉІиѓЅз“¶
жµЏи§€пјљжё…ж‰¬й“¶йѕ™иЈ…ж— з•Џж€е·…еі°
жµЏи§€пјљжё…ж‰¬дё“ењє
жµЏи§€пјљжЋжџе°Џеє—-й‚“дј¦-жё…ж‰¬6.1-6.30
д»»еЉЎпјљжЋжџеє”жЏґе…іжіЁеє—й“єпјЊе·Іе®Њж€ђ


ејЂе§‹з¬¬26дёЄжЋжџе°Џеє—пјЊIDпјљP94VEU,жЋжџпјљжћ—еї—зЋІ
жћ—еї—зЋІXжќѕдё‹ й‚ЂдЅ жќҐдє¬дёњжџеє—й•їжЉЅеЏ–еҐЅз¤јпјЃ
еЋ»жЉЅеҐ–пјЊеҐ–е“Ѓдёєпјљжќѕдё‹й›Ёдјћ
жњЄжЉЅдё­
{"success":true,"code":0,"errMsg":"success","data":{"prizeId":null,"prizeType":0,"prizeValue":null,"prizeUsedValue":null,"prizeDesc":null,"prizeBeginTime":null,"prizeEndTime":null,"sendResult":true,"resCode":null,"resMsg":null,"couponExtInfo":null,"drawResultExtendInfo":null,"prizeBaseId":null,"prizeGiveOutTime":null,"cashWithDrawStatus":null,"cashWithDrawMessage":nuжµЏи§еЋ»еЃљд»»еЉЎпјљжд»»еЉЎпјљжЋжџеєеЋ»еЃљд»»еЉЎпјљжЋжџеє”жЏґжµ

ејЂе§‹з¬¬25дёЄжЋжџе°ЏжµЏи§€пјљжќѕдё‹еЌ«жµґ618з‹‚ж¬ўиґ­
жµЏи§€пјљжќѕдё‹й«з«Їж™єиѓЅеќђдѕїе™Ё2367
жµЏи§€пјљжќѕдё‹еЌ«жµґе“Ѓз‰Њз‹‚ж¬ў
жµЏи§€пјљжќѕдё‹е…ЁеЉџиѓЅж™єиѓЅй©¬жЎ¶з›–е›ЅжЅ®IPж¬ѕ
д»»еЉЎпјљжЋжџеє”жЏґе…іжіЁеє—й“єпјЊе·Іе®Њж€ђ


ејЂе§‹з¬¬27дёЄжЋжџе°Џеє—пјЊIDпјљUK2SUY,жЋжџпјљи™ћд№¦ж¬Ј
THE9-и™ћд№¦ж¬ЈXж¬§иЋ±

ејЂе§‹з¬¬26дёЄжЋжџе°Џеє—пјЊIDпјљ94FEDQ,жеЋ»еЃљд»»еЉЎпјљжЋжџеє”жЏґз­ѕе€°
еЋ»еЃљд»»еЉЎпјљжЋжџеє”жЏґжµЏи§€
жµЏи§€пјљжџеє—й•їдјљењє
жµЏи§€пјљ1
жµЏи§€пјљи¶…зє§з›’е­ђдјљењє
д»»еЉЎпјљжЋжџеє”жЏґе…іжіЁеє—й“єпјЊе·Іе®Њж€ђ


ејЂе§‹з¬¬28дёЄжЋжџе°Џеє—пјЊIDпјљ5JFCD6,жЋжџпјљжќЋзє№зї°
жќЋжµЏи§€пјљи‡ЄиђҐж——и€°еє—
еЋ»еЃљд»»еЉЎпјљжЋжџеє”жЏґе…іжіЁеє—й“є


ејЂе§‹з¬¬27дёЄжЋжџе°Џеє—пјЊIDпјљWG73ME,жЋжџпјљжќЋе…‰жґЃ
жќЋе…‰жґЃXй‡‘йў†ежµЏи§€пјљиЃ”еђЌз»®з‚«
жµЏи§€пјље·§д№ђе…№дё“йўйЎµ
жµЏи§€пјље§њж’ћеҐ¶
д»»еЉЎпјљжЋжџеє”жЏґе…іжіЁеє—й“єпјЊе·Іе®Њж€ђ


ејЂе§‹з¬¬29дёЄжЋжџе°Џеє—пјЊIDпјљGN949D,жЋжџпјље€е®‡е®Ѓ
ж‘©з™»е…„ејџе€е®‡е®ЃXи’™з‰› й‚ЂдЅ жќҐдє¬дёњжџеє—й•їжЉЅеЏ–еҐЅ

ејЂе§д»»еЉЎпјљжЋжџеє”жЏґз­ѕе€°пјЊе·Іе®Њж€ђ
еЋ»еЃљд»»еЉЎпјљжЋжџеє”жЏґжµЏи§€
жµЏи§€пјљжџеє—й•їж‰їжЋҐйЎµ
жµЏи§€пјљиЉ’иЉ’иҐїжџљ
ж€ђеЉџ
жµЏи§€пјљжЁ±иЉ±йќ’жў…
ж€ђеЉџ
д»»еЉЎпјљжЋжџеє”жЏґе…іжіЁеє—й“єпјЊе·Іе®Њж€ђ


ејЂе§‹з¬¬30дёЄжЋжџе°Џеє—жµЏи§€пјљиЃљеђ€йЎµ
ж€ђеЉџ
д»»еЉЎпјљжЋжџеє”жЏґе…іжіЁеє—й“єпјЊе·Іе®Њж€ђ


ејЂе§‹з¬¬29дёЄжЋжџе°Џеє—пјЊIDпјљ5JFCD6,жЋжџпјљжќЋзє№зї°
жќЋж±¶зї°Xе·§д№ђе…№ й‚ЂдЅ жќҐдє¬дёњжџеє—й•їжЉЅжµЏи§€пјљ4
жµЏи§€пјљ6
жµЏи§€пјљ1
жµЏи§€пјљ2
д»»еЉЎпјљжЋжџеє”жЏґе…іжіЁеє—й“єпјЊе·Іе®Њж€ђ


ејЂе§‹з¬¬31дёЄжЋжџе°Џеє—пјЊIDпјљJ8UWSP,жЋжџпјљж€љи–‡
ж€љи–‡Xеѕ·йѕ™ й‚ЂдЅ жќҐдє¬дёњжџеє—й•їжЉд»»еЉЎпјљжЋжеЋ»еЃљд»»еЉЎпјљжЋжџеє”жЏґз­ѕе€

еЋ»еЃљд»»еЉЎпјљжЋжџеє”жЏґжµЏи§€
жµЏи§€пјљеѕ·йѕ™е…Ёи‡ЄеЉЁе’–е•ЎжњєECAM350.75.S
жµЏи§€пјљеѕ·йѕ™е…Ёи‡ЄеЉЁе’–е•ЎжњєD9 T
жµЏи§€пјљеѕ·йѕ™пј€Delonghiпј‰дє¬дёњи‡ЄиђҐж——и€°еє—
д»»еЉЎпјљжЋжџеє”жЏґе…іжіЁеє—й“єпјЊе·Іе®Њж€ђ


ејЂе§‹з¬¬32дёЄжЋжџе°Џеє—пјЊIDпјљUN2SU2,жЋжџпјљиµµй›·
еї«жќҐжЉЅеЏ–е±±жµ·йџід№ђиЉ‚й—ЁзҐЁеђ§пјЃ
еЋ»еЃљд»»еЉЎпјљжЋжџеє”жЏґз­ѕе€°
еЋ»еЃљд»»еЉЎпјљжЋжџеє”жЏґжµЏи§€
жµЏи§€пјљ1
жµЏи§€пјљ6
жµЏи§€пјљ5
ж€ђеЉџ
жµЏи§€пјљ4
ж€ђеЉџ
жµЏи§€пјљ7
д»»еЉЎпјљжЋжџеє”жЏґе…іжіЁеє—й“єпјЊе·Іе®Њж€ђ


ејЂе§‹з¬¬33дёЄжЋжџе°Џеє—пјЊIDпјљ877JM4,жЋжџпјљеј е“ІзЂљ
еј е“ІзЂљXеѕђз¦Џи®° й‚ЂдЅ жќҐдє¬дёњжџеє—й•їжЉЅеЏ–еҐЅз¤јпјЃ
еЋ»еЃљд»»еЉЎпјљжЋжџеє”жЏґз­ѕе€°
з­ѕе€°ж€ђеЉџ
еЋ»еЃљд»»еЉЎпјљжЋжџеє”жЏґжµЏи§€
жµЏи§€пјљеѕђз¦Џи®°з»јеђ€дјљењєйЎµ
жµЏи§€пјљеѕђз¦Џи®°е„їз«Ґй›¶йЈџйЎµ
жµЏи§€пјљеѕђз¦Џи®°дјље‘йЎµ
ж€ђеЉџ
жµЏи§€пјљеѕђз¦Џи®°пј€е·§е…‹еЉ›пј‰йЎµ
жµЏи§€пјљеѕђз¦Џи®°дёЉж–°е•¦
д»»еЉЎпјљжЋжџеє”жЏґе…іжіЁеє—й“єпјЊе·Іе®Њж€ђ


ејЂе§‹з¬¬34дёЄжЋжџе°Џеє—пјЊIDпјљKDDAR9,жЋжџпјљеѕђе‡Ї
и®ёе‡ЇXиЂЃжќїз”µе™Ё й‚ЂдЅ жќҐдє¬дёњжџеє—й•їжЉЅеЏ–еҐЅз¤јпјЃ
еЋ»еЃљд»»еЉЎпјљжЋжџеє”жЏґз­ѕе€°
еЋ»еЃљд»»еЉЎпјљжЋжџеє”жЏґжµЏи§€
жµЏи§€пјљиЂЃжќїз”µе™Ёдє¬дёњи‡ЄиђҐж——и€°еє—
жµЏи§€пјљиЂЃжќїе†…и…”е…Ќж‹†жґ—жІ№зѓџжњєе¤§зЃ«еЉ›зЃ¶е…·еҐ—иЈ…
жµЏи§€пјљиЂЃжќїе¤§еђёеЉ›жІ№зѓџжњєжд»»еЉЎпјљжжµЏи§€пјљ6
д»»еЉЎпјљжЋжџеє”жЏґе…іжіЁеє—й“єпјЊе·Іе®Њж€ђ


ејЂе§‹з¬¬34дёЄжЋжџе°Џеє—пјЊIDпјљ4C2M75,жЋжџпјљеј й¦Ёдє€
еј й¦Ёдє€XжЉ¤и€’е®ќ й‚ЂдЅ жќҐдє¬дёњжџеє—й•їжЉЅеЏ–еҐЅз¤јпјЃ
еЋ»жЉЅеҐ–пјЊеҐ–е“ЃдёєпјљиЈ¤ећ‹еЌ«з”џе·ѕ
жњЄжЉЅдё­
{"success":true,"code":0,"errMsg":"жµЏи§€пјљжІЃе›­еє—й“є
ж€ђеЉџ
жµЏи§€пјљеёѓйІЃй›…е°”еє—й“є
д»»еЉЎпјљжЋжџеє”жЏґе…іжіЁеє—й“єпјЊе·Іе®Њж€ђ


ејЂе§‹з¬¬36дёЄжЋжџе°Џеє—пјЊIDпјљ8K7JM3,жЋжџпјљж­ўеєµ
ж­ўеєµз»™дЅ йЂЃеҐЅз¤је•¦пјЊеї«жќҐе®Њж€ђд»»еЉЎжЉЅеЏ–дё“е±ћеҐЅз¤јеђ§~
еЋ»еЃљд»»еЉЎпјљжЋжџеє”жЏґз­ѕе€°
з­ѕе€°ж€ђеЉџ
еЋ»еЃљд»»еЉЎпјљжЋжџеє”жЏґжµЏи§€
жµЏи§€пјљ5
жµЏи§€пјљ1
жµЏи§€пјљ6
ж€ђеЉџ
жµЏи§€пјљ7
ж€ђеЉџ
жµЏи§€пјљ2
д»»еЉЎпјљжЋжџеє”жЏґе…іжіЁеє—й“єпјЊе·Іе®Њж€ђ


ејЂе§‹з¬¬37дёЄжЋжџе°Џеє—пјЊIDпјљTXU6GB,жЋжџпјље€й›Ёж¬Ј
THE9-е€й›Ёж•Xе“€ж №иѕѕж–Ї й‚ЂдЅ жќҐдє¬дёњжџеє—й•їжЉЅеЏ–еҐЅз¤јпјЃ
еЋ»еЃљд»»еЉЎпјљжЋжџеє”жЏґз­ѕе€°
еЋ»еЃљд»»еЉЎпјљжЋжџеє”жЏґжµЏи§€
жµЏи§€пјље“€ж №иѕѕж–Ї иЌ‰иЋ“еЏЈе‘і е†°ж·‡ж·‹ 100ml
жµЏи§€пјљжЋжџе°Џеє—
жµЏи§€пјље“€ж №иѕѕж–Ї жЇ”е€©ж—¶е·§е…‹еЉ›еЏЈе‘і е†°ж·‡ж·‹ 100ml
жµЏи§€пјље“€ж №иѕѕж–Ї е¤ЏеЁЃе¤·жћњд»ЃеЏЈе‘і е†°ж·‡ж·‹ 100ml
жµЏи§€пјље“€ж №иѕѕж–Їи‡ЄиђҐ
д»»еЉЎпјљжЋжџеє”жЏґе…іжіЁеє—й“єпјЊе·Іе®Њж€ђ


ејЂе§‹з¬¬38дёЄжЋжџе°Џеє—пјЊIDпјљYTDXNL,жЋжџпјље®«ж®їеђ›
еЏЄйњІеЈ°йџізљ„е®«ж®їеђ›з»™дЅ йЂЃеҐЅз¤је•¦пјЊеї«жќҐе®Њж€ђд»»еЉЎжЉЅеЏ–дё“е±ћеҐЅз¤јеђ§~
еЋ»еЃљд»»еЉЎпјљжЋжџеє”жЏґз­ѕе€°
еЋ»еЃљд»»еЉЎпјљжЋжџеє”жЏґжµЏи§€
жµЏи§€пјљ5
жµЏи§€пјљ7
жµЏи§€пјљ2
жµЏи§€пјљ4
жµЏи§€пјљ6
д»»еЉЎпјљжЋжџеє”жЏґе…іжіЁеє—й“єпјЊе·Іе®Њж€ђ


ејЂе§‹з¬¬39дёЄжЋжџе°Џеє—пјЊIDпјљFBFN48,жЋжџпјљжќЋе®‡жҐ
жќЋе®‡жҐXе¤љиЉ¬ й‚ЂдЅ жќҐдє¬дёњжџеє—й•їжЉЅеЏ–еҐЅз¤јпјЃ
еЋ»еЃљд»»еЉЎпјљжЋжџеє”жЏґз­ѕе€°
еЋ»еЃљд»»еЉЎпјљжЋжџеє”жЏґжµЏи§€
жµЏи§€пјље¤љиЉ¬hairйЎµйќў
ж€ђеЉџ
жµЏи§€пјље¤љиЉ¬dogmaxйЎµйќў
жµЏи§€пјље¤љиЉ¬жІђжµґ
жµЏи§€пјљжЋжџе°Џеє—-жќЋе®‡жҐ-е¤љиЉ¬
жµЏи§€пјље¤Џж—Ґз”„йЂ‰ е‘µе® зѕЋиЉ¬
д»»еЉЎпјљжЋжџеє”жЏґе…іжіЁеє—й“єпјЊе·Іе®Њж€ђ


ејЂе§‹з¬¬40дёЄжЋжџе°Џеє—пјЊIDпјљK6DARX,жЋжџпјљйѕљдїЉ
йѕљдїЉXеЌљжњ— й‚ЂдЅ жќҐдє¬дёњжџеє—й•їжЉЅеЏ–еҐЅз¤јпјЃ
еЋ»жЉЅеҐ–пјЊеҐ–е“Ѓдёєпјљ8жЉй…Ќд»¶е€ё
жњЄжЉЅдё­
{"success":tеЋ»еЃљд»»еЉЎпјљжЋжџеє”жЏґз­ѕе€°
еЋ»еЃљд»»еЉЎпјљжЋжџеє”жЏґжµЏи§€
жµЏи§€пјљ618еє—й“єйЎµ
жµЏи§€пјљж–°иҐїе…°е…Ёи„‚1kg
жµЏи§€пјље…Ёе®¶зі»е€—-зЋ‹йњЏйњЏ
д»»еЉЎпјљжЋжџеє”жЏґе…іжіЁеє—й“єпјЊе·Іе®Њж€ђ


ејЂе§‹з¬¬40дёЄжЋжџе°Џеє—пјЊIDпјљ637BQA,жЋжџпјљж€ђжЇ…
ж€ђжЇ…Xи’™з‰› й‚ЂдЅ жќҐдє¬дёњжџеє—й•їжЉЅеЏ–еҐЅз¤јпјЃ
еЋ»еЃљд»»еЉЎпјљжЋжџеє”жЏґз­ѕе€°
еЋ»еЃљд»»еЉЎпјљжЋжџеє”жЏґжµЏи§€
жµЏи§€пјљж±°жёЌе“Ѓз‰Њжґ»еЉЁдё“ењє
жµЏи§€пјљж·±е±‚жґЃе‡Ђ12ж–¤
жµЏи§€пјљи¶…еЂјеҐ—иЈ…24ж–¤
жµЏи§€пјљи¶…еЂјеҐ—иЈ…10ж–¤
жµЏи§€пјљи¶…еЂјеҐ—иЈ…18ж–¤
д»»еЉЎпјљжЋжџеє”жЏґе…іжіЁеє—й“єпјЊе·Іе®Њж€ђ


ејЂе§‹з¬¬41дёЄжЋжџе°Џеє—пјЊIDпјљ2SFR44,жЋжџпјљз™ЅиЊ¶
з™ЅиЊ¶з»™дЅ йЂЃеҐЅз¤је•¦пјЊеї«жќҐе®Њж€ђд»»еЉЎжЉЅеЏ–дё“е±ћеҐЅз¤јеђ§~
еЋ»еЃљд»»еЉЎпјљжЋжџеє”жЏґз­ѕе€°
еЋ»еЃљд»»еЉЎпјљжЋжџеє”жЏґжµЏи§€
жµЏи§€пјљ1
жµЏи§€пјљ3
жµЏи§€пјљ2
жµЏи§€пјљ4
д»»еЉЎпјљжЋжџеє”жЏґе…іжіЁеє—й“єпјЊе·Іе®Њж€ђ


ејЂе§‹з¬¬42дёЄжЋжџе°Џеє—пјЊIDпјљFBFN48,жЋжџпјљжќЋе®‡жҐ
жќЋе®‡жҐXе¤љиЉ¬ й‚ЂдЅ жќҐдє¬дёњжџеє—й•їжЉЅеЏ–еҐЅз¤јпјЃ
еЋ»еЃљд»»еЉЎпјљжЋжџеє”жЏґз­ѕе€°
еЋ»еЃљд»»еЉЎпјљжЋжџеє”жЏґжµЏи§€
жµЏи§€пјље¤љиЉ¬dogmaxйЎµйќў
ж€ђеЉџ
жµЏи§€пјље¤љиЉ¬жІђжµґ
жµЏи§€пјљжЋжџе°Џеє—-жќЋе®‡жҐ-е¤љиЉ¬
жµЏи§€пјље¤Џж—Ґз”„йЂ‰ е‘µе® зѕЋиЉ¬
д»»еЉЎпјљжЋжџеє”жЏґе…іжіЁеє—й“єпјЊе·Іе®Њж€ђ


=============455979050-14287437пјљжџеє—й•їеҐ–еЉ±ж±‡жЂ»================
иЋ·еѕ—жЋжџз…§з‰‡ж€–иЂ…и§†йў‘
иЋ·еѕ—дјжѓ е€ё
иЋ·еѕ—жЋжџз…§з‰‡ж€–иЂ…и§†йў‘
иЋ·еѕ—дјжѓ е€ё
иЋ·еѕ—дјжѓ е€ё
иЋ·еѕ—дјжѓ е€ё
иЋ·еѕ—жЋжџз…§з‰‡ж€–иЂ…и§†йў‘
иЋ·еѕ—жЋжџз…§з‰‡ж€–иЂ…и§†йў‘
иЋ·еѕ—дјжѓ е€ё
иЋ·еѕ—жЋжџз…§з‰‡ж€–иЂ…и§†йў‘
иЋ·еѕ—дјжѓ е€ё
иЋ·еѕ—жЋжџз…§з‰‡ж€–иЂ…и§†йў‘
иЋ·еѕ—дјжѓ е€ё

*****ејЂе§‹гЂђдє¬дёњиґ¦еЏ·2гЂ‘455979050-14287437*****

зЋ°е…±жџҐиЇўе€°42дёЄжЋжџе°Џеє—

ејЂе§‹з¬¬1дёЄжЋжџе°Џеє—пјЊIDпјљGN949D,жЋжџпјље€е®‡е®Ѓ
ж‘©з™»е…„ејџе€е®‡е®ЃXи’™з‰› й‚ЂдЅ жќҐдє¬дёњжџеє—й•їжЉЅеЏ–еҐЅз¤јпјЃ
еЋ»еЃљд»»еЉЎпјљжЋжџеє”жЏґз­ѕе€°
еЋ»еЃљд»»еЉЎпјљжЋжџеє”жЏґжµЏи§€
жµЏи§€пјљжџеє—й•їж‰їжЋҐйЎµ
жµЏи§€пјљи‡ЄиђҐдјље‘ејЂеЌЎ
жµЏи§€пјљиЉ’иЉ’иҐїжџљ
жµЏи§€пјљжЁ±иЉ±йќ’жў…
д»»еЉЎпјљжЋжџеє”жЏґе…іжіЁеє—й“єпјЊе·Іе®Њж€ђ
дє’еЉ©з ЃпјљHlSIEI6-XyFG3YxlpK73ttcu3BNTi47fWhaRfdqk2Qo


ејЂе§‹з¬¬2дёЄжЋжџе°Џеє—пјЊIDпјљ637BQA,жЋжџпјљж€ђжЇ…
ж€ђжЇ…Xи’™з‰› й‚ЂдЅ жќҐдє¬дёњжџеє—й•їжЉЅеЏ–еҐЅз¤јпјЃ
еЋ»еЃљд»»еЉЎпјљжЋжџеє”жЏґз­ѕе€°
еЋ»еЃљд»»еЉЎпјљжЋжџеє”жЏґжµЏи§€
жµЏи§€пјљи¶…еЂјеҐ—иЈ…16ж–¤
жµЏи§€пјљж±°жёЌе“Ѓз‰Њжґ»еЉЁдё“ењє
ж€ђеЉџ
жµЏи§€пјљж·±е±‚жґЃе‡Ђ12ж–¤
д»»еЉЎпжµЏи§€пјље¤§е®ќжґЃдјље‘йЎµйќў
жµЏи§€пјљи¶…еЂјеҐ—иЈ…24ж–¤
д»»еЉЎпјљжЋжџеє”жЏґе…іжіЁеє—й“єпјЊе·Іе®Њж€ђ


ејЂе§‹з¬¬3дёЄжЋжџе°Џеє—пјЊIDпјљHY4HCW,жЋжџпјљй™€еќ¤
й™€еќ¤Xж–№е¤Є й‚ЂдЅ жќҐдє¬дёњжџеє—й•їжЉЅеЏ–еҐЅз¤јпјЃ
еЋ»еЃљд»»еЉжµЏи§€пјљ5
жµЏи§€пјљ4
жµЏи§€пјљ7
д»»еЉЎпјљжЋжџеє”жЏґе…іжіЁеє—й“єпјЊе·Іе®Њж€ђ


ејЂе§‹з¬¬4дёЄжЋжџе°Џеє—пјЊIжµЏи§€пјљиЃљеђ€йЎµ
д»»еЉЎпјљжЋжџеє”жЏґе…іжіЁеє—й“єпјЊе·Іе®Њж€ђ


ејЂе§‹з¬¬4дёЄжЋжџе°Џеє—пјЊIDпјљ5JFCD6,жЋжџпјљжќЋзє№зї°
жќЋж±¶еЋ»еЃљд»»еЉЎпјљжЋжџеє”жЏґжµЏи§€
жµЏи§€пјљ7
жµЏи§€пјљ4
жµЏи§€пјљ6
жµЏи§€пјљ1
жµЏи§€пјљ2
д»»еЉЎпјљжЋжџеє”жЏґе…іжіЁеє—й“єпјЊе·Іе®Њж€ђ


ејЂе§‹з¬¬5дёЄжЋжџе°Џеє—пјЊIDпјљ637BQA,жЋжџпјљж€ђжЇ…
ж€ђжЇ…Xи’™з‰› й‚ЂдЅ жќҐдє¬дёњжџеє—й•їжЉЅеЏ–еҐЅз¤јпјЃ
еЋ»еЃљд»»еЉЎпјљжЋжџеє”жЏґз­ѕе€°
еЋ»еЃљд»»еЉЎпјљжЋжџеє”жЏґжµЏи§€
жµЏи§€пјљи¶…еЂјеҐ—иЈ…16ж–¤
ж€ђеЉџ
жµЏи§€пјље¤§е®ќжґЃдјље‘йЎµйќў
жµЏи§€пјљи¶…еЂјеҐ—иЈ…24ж–¤
жµЏи§€пјљи¶…еЂјеҐ—иЈ…10ж–¤
жµЏи§€пјљи¶…еЂјеҐ—иЈ…18ж–¤
д»»еЉЎпјљжЋжџеє”жЏґе…іжіЁеє—й“єпјЊе·Іе®Њж€ђ


ејЂе§‹з¬¬6дёЄжЋжџе°Џеє—пјЊIDпјљ4C2M75,жЋжџпјљеј й¦Ёдє€
еј й¦Ёдє€XжЉ¤и€’е®ќ й‚ЂдЅ жќҐдє¬дёњжџеє—й•їжЉЅеЏ–еҐЅз¤јпјЃ
еЋ»еЃљд»»еЉЎпјљжЋжџеє”жЏґз­ѕе€°
еЋ»еЃљд»»еЉЎпјљжЋжџеє”жЏґжµЏи§€
жµЏи§€пјљ5
жµЏи§€пјљ3
жµЏи§€пјљ2
жµЏи§€пјљ4
еЋ»еЃљд»»еЉЎпјљжЋжџеє”жЏґе…іжіЁеє—й“є


ејЂе§‹з¬¬7дёЄжЋжџе°Џеє—пјЊIDпјљZQ7TQR,жЋжџпјљй©¬е®¶иѕ‰
й©¬е®¶иѕ‰Xдєєе¤ґй©¬ й‚ЂдЅ жќҐдє¬дёњжџеє—й•їжЉЅеЏ–еҐЅз¤јпјЃ
еЋ»еЃљд»»еЉЎпјљжЋжџеє”жЏґз­ѕе€°
еЋ»еЃљд»»еЉЎпјљжЋжџеє”жЏґжµЏи§€
жµЏи§€пјљй™ђй‡Џж–°е“Ѓ
ж€ђеЉџ
д»»еЉЎпјљжЋжџеє”жЏґе…іжіЁеє—й“єпјЊе·Іе®Њж€ђ


ејЂе§‹з¬¬8дёЄжЋжџе°Џеє—пјЊIDпјљ5JFCD6,жЋжџпјљжќЋзє№зї°
жќЋж±¶зї°Xе·§д№ђе…№ й‚ЂдЅ жќҐдє¬дёњжџеє—й•їжЉЅеЏ–еҐЅз¤јпјЃ
еЋ»еЃљд»»еЉЎпјљжЋжџеє”жЏґз­ѕе€°
еЋ»еЃљд»»еЉЎпјљжЋжџеє”жЏґжµЏи§€
жµЏи§€пјље·§ж¦›ж©
жµЏи§€пјљиЃ”еђЌз»®з‚«
жµЏи§€пјље·§д№ђе…№дё“йўйЎµ
ж€ђеЉџ
жµЏи§€пјље§њж’ћеҐ¶
ж€ђеЉџ
д»»еЉЎпјљжЋжџеє”жЏґе…іжіЁеє—й“єпјЊе·Іе®Њж€ђ


ејЂе§‹з¬¬9дёЄжЋжџе°Џеє—пјЊIDпјљZH7TQ6,жЋжџпјљжќЋдёЂжЎђ
жќЋдёЂжЎђ X DW й‚ЂдЅ жќҐдє¬дёњжџеє—й•їжЉЅеЏ–еҐЅз¤јпјЃ
еЋ»еЃљд»»еЉЎпјљжЋжџеє”жЏґз­ѕе€°
еЋ»еЃљд»»еЉЎпјљжЋжџеє”жЏґжµЏи§€
жµЏи§€пјљ2
жµЏи§€пјљи¶…зє§з›’е­ђдјљењє
жµЏи§€пјљ3
жµЏи§€пјљ1
д»»еЉЎпјљжЋжџеє”жЏґе…іжіЁеє—й“єпјЊе·Іе®Њж€ђ


ејЂе§‹з¬¬10дёЄжЋжџе°Џеє—пјЊIDпјљKDDAR9,жЋжџпјљеѕђе‡Ї
и®ёе‡ЇXиЂЃжќїз”µе™Ё й‚ЂдЅ жќҐдє¬дёњжџеє—й•їжЉЅеЏ–еҐЅз¤јпјЃ
еЋ»еЃљд»»еЉЎпјљжЋжџеє”жЏґз­ѕе€°
еЋ»еЃљд»»еЉЎпјљжЋжџеє”жЏґжµЏи§€
жµЏи§€пјљиЂЃжќїе¤§еђёеЉ›жІ№зѓџжњєзЃ¶е…·еҐ—иЈ…
жµЏи§€пјљиЂЃжќїз”µе™Ёдє¬дёњи‡ЄиђҐж——и€°еє—
жµЏи§€пјљиЂЃжќїе†…и…”е…Ќж‹†жґ—жІ№зѓџжњєе¤§зЃ«еЉ›зЃ¶е…·еҐ—иЈ…
жµЏи§€пјљиЂЃжќїе¤§еђёеЉ›жІ№зѓџжњє
д»»еЉЎпјљжЋжџеє”жЏґе…іжіЁеє—й“єпјЊе·Іе®Њж€ђ


ејЂе§‹з¬¬11дёЄжЋжџе°Џеє—пјЊIDпјљLQ4LCS,жЋжџпјљеЂЄе¦®
еЂЄе¦®XOLAY й‚ЂдЅ жќҐдє¬дёњжџеє—й•їжЉЅеЏ–еҐЅз¤јпјЃ
еЋ»еЃљд»»еЉЎпјљжЋжџеє”жЏґз­ѕе€°
з­ѕе€°ж€ђеЉџ
еЋ»еЃљд»»еЉЎпјљжЋжџеє”жЏґжµЏи§€
жµЏи§€пјљи€’и‚¤дЅіиє«дЅ“жЉ¤зђ†
жµЏи§€пјљзєўзџіж¦ґжІђжµґйњІ
жµЏи§€пјљи€’и‚¤дЅіжІђжµґйњІеҐ—иЈ…зєЇз™Ѕ+иЉ¦иЌџ
ж€ђеЉџ
жµЏи§€пјљдё»жЋЁе“Ѓ-pack
ж€ђеЉџ
жµЏи§€пјљOLAYиє«дЅ“жЉ¤зђ†
д»»еЉЎпјљжЋжџеє”жЏґе…іжіЁеє—й“єпјЊе·Іе®Њж€ђ


ејЂе§‹з¬¬12дёЄжЋжџе°Џеє—пјЊIDпјљUK2SUY,жЋжџпјљи™ћд№¦ж¬Ј
THE9-и™ћд№¦ж¬ЈXж¬§иЋ±й›… й‚ЂдЅ жќҐдє¬дёњжџеє—й•їжЉЅеЏ–еҐЅз¤јпјЃ
еЋ»еЃљд»»еЉЎпјљжЋжџеє”жЏґз­ѕе€°
еЋ»еЃљд»»еЉЎпјљжЋжџеє”жЏґжµЏи§€
жµЏи§€пјљ2
жµЏи§€пјљжџеє—й•їдјљењє
жµЏи§€пјљ1
жµЏи§€пјљ3
жµЏи§€пјљи¶…зє§з›’е­ђдјљењє
д»»еЉЎпјљжЋжџеє”жЏґе…іжіЁеє—й“єпјЊе·Іе®Њж€ђ


ејЂе§‹з¬¬13дёЄжЋжџе°Џеє—пјЊIDпјљK6DARX,жЋжџпјљйѕљдїЉ
йѕљдїЉXеЌљжњ— й‚ЂдЅ жќҐдє¬дёњжџеє—й•їжЉЅеЏ–еҐЅз¤јпјЃ
еЋ»еЃљд»»еЉЎпјљжЋжџеє”жЏґз­ѕе€°
еЋ»еЃљд»»еЉЎпјљжЋжџеє”жЏґжµЏи§€
жµЏи§€пјље“Ѓз‰Њй“ѕжЋҐ
жµЏи§€пјљ44
жµЏи§€пјљ55
жµЏи§€пјљsku1
жµЏи§€пјљ11
д»»еЉЎпјљжЋжџеє”жЏґе…іжіЁеє—й“єпјЊе·Іе®Њж€ђ


ејЂе§‹з¬¬14дёЄжЋжџе°Џеє—пјЊIDпјљWG73ME,жЋжџпјљжќЋе…‰жґЃ
жќЋе…‰жґЃXй‡‘йў†е†  й‚ЂдЅ жќҐдє¬дёњжџеє—й•їжЉЅеЏ–еҐЅз¤јпјЃ
еЋ»еЃљд»»еЉЎпјљжЋжџеє”жЏґз­ѕе€°
з­ѕе€°ж€ђеЉџ
еЋ»еЃљд»»еЉЎпјљжЋжџеє”жЏґжµЏи§€
жµЏи§€пјљдјЉе€©й‡‘йў†е† жџеє—й•їд»»еЉЎ1
ж€ђеЉџ
жµЏи§€пјљдјЉе€©й‡‘йў†е† жџеє—й•їд»»еЉЎ3
жµЏи§€пјљдјЉе€©й‡‘йў†е† жџеє—й•їд»»еЉЎ4
жµЏи§€пјљдјЉе€©й‡‘йў†е† жџеє—й•їд»»еЉЎ5
жµЏи§€пјљдјЉе€©й‡‘йў†е† жџеє—й•їд»»еЉЎ2
д»»еЉЎпјљжЋжџеє”жЏґе…іжіЁеє—й“єпјЊе·Іе®Њж€ђ


ејЂе§‹з¬¬15дёЄжЋжџе°Џеє—пјЊIDпјљ2PFR4L,жЋжџпјљеј дє‘йѕ™
еј дє‘йѕ™Xеїѓз›ёеЌ° й‚ЂдЅ жќҐдє¬дёњжџеє—й•їжЉЅеЏ–еҐЅз¤јпјЃ
еЋ»еЃљд»»еЉЎпјљжЋжџеє”жЏґз­ѕе€°
еЋ»еЃљд»»еЉЎпјљжЋжџеє”жЏґжµЏи§€
жµЏи§€пјљеїѓз›ёеЌ°-жџеє—й•ї
жµЏи§€пјљеїѓз›ёеЌ°-жџеє—й•ї
жµЏи§€пјљеїѓз›ёеЌ°-жџеє—й•ї
жµЏи§€пјљеїѓз›ёеЌ°-еј дє‘йѕ™-жџеє—й•ї
жµЏи§€пјљеїѓз›ёеЌ°-еј дє‘йѕ™-жџеє—й•ї
д»»еЉЎпјљжЋжџеє”жЏґе…іжіЁеє—й“єпјЊе·Іе®Њж€ђ


ејЂе§‹з¬¬16дёЄжЋжџе°Џеє—пјЊIDпјљP94VEU,жЋжџпјљжћ—еї—зЋІ
жћ—еї—зЋІXжќѕдё‹ й‚ЂдЅ жќҐдє¬дёњжџеє—й•їжЉЅеЏ–еҐЅз¤јпјЃ
еЋ»еЃљд»»еЉЎпјљжЋжџеє”жЏґз­ѕе€°
еЋ»еЃљд»»еЉЎпјљжЋжџеє”жЏґжµЏи§€
жµЏи§€пјљsku иЉ±жґ’
жµЏи§€пјљжќѕдё‹еЌ«жµґ618з‹‚ж¬ўиґ­
жµЏи§€пјљжќѕдё‹й«з«Їж™єиѓЅеќђдѕїе™Ё2367
ж€ђеЉџ
жµЏи§€пјљжќѕдё‹еЌ«жµґе“Ѓз‰Њз‹‚ж¬ў
жµЏи§€пјљжќѕдё‹е…ЁеЉџиѓЅж™єиѓЅй©¬жЎ¶з›–е›ЅжЅ®IPж¬ѕ
д»»еЉЎпјљжЋжџеє”жЏґе…іжіЁеє—й“єпјЊе·Іе®Њж€ђ


ејЂе§‹з¬¬17дёЄжЋжџе°Џеє—пјЊIDпјљVS4PEM,жЋжџпјљзѓ­дѕќж‰Ћ
зѓ­дѕќж‰ЋXеђ€з”џе…ѓ й‚ЂдЅ жќҐдє¬дёњжџеє—й•їжЉЅеЏ–еҐЅз¤јпјЃ
еЋ»еЃљд»»еЉЎпјљжЋжџеє”жЏґз­ѕе€°
еЋ»еЃљд»»еЉЎпјљжЋжџеє”жЏґжµЏи§€
жµЏи§€пјљжґ»еЉЁйЎµйќўжІѓи“ќ
жµЏи§€пјљз›Љз”џиЏЊж–°е®ў
жµЏи§€пјљжґ»еЉЁйЎµйќўmigv
жµЏи§€пјљжґ»еЉЁйЎµйќўMKT
ж€ђеЉџ
д»»еЉЎпјљжЋжџеє”жЏґе…іжіЁеє—й“єпјЊе·Іе®Њж€ђ


ејЂе§‹з¬¬18дёЄжЋжџе°Џеє—пјЊIDпјљYCDXNN,жЋжџпјљи”Ўеѕђеќ¤
и”Ўеѕђеќ¤Xж±¤и‡ЈеЂЌеЃҐ й‚ЂдЅ жќҐдє¬дёњжџеє—й•їжЉЅеЏ–еҐЅз¤јпјЃ
еЋ»еЃљд»»еЉЎпјљжЋжџеє”жЏґз­ѕе€°
еЋ»еЃљд»»еЉЎпјљжЋжџеє”жЏґжµЏи§€
жµЏи§€пјљеҐ¶ж”
д»»еЉЎпјљжЋжџеє”жЏґе…іжіЁеє—й“єпјЊе·Іе®Њж€ђ


ејЂе§‹з¬¬19дёЄжЋжџе°Џеє—пјЊIDпјљ94FEDQ,жЋжџпјљд»»е‰дј¦
д»»е‰дј¦XдЅіжґЃеЈ« й‚ЂдЅ жќҐдє¬дёњжџжµЏи§€пјљ2
д»»еЉЎпјљжЋжџеє”жЏґе…іжіЁеє—й“єпјЊе·Іе®Њж€ђе

ејЂе§‹з¬¬18дёЄжЋжџе°Џеє—пјЊIDпјљWG73ME,жЋжџпјљжќЋе…‰жґЃ
жќжµЏи§€пјљи¶…зє§з›’е­ђдјљењє
жµЏи§€пјљдЅіжґЃеЈ«
жµЏи§€пјљ11
жµЏи§€пјљи‡ЄиђҐж——и€°еє—
еЋ»еЃљд»»еЉЎпјљжЋжџеє”жЏґе…іжіЁеє—й“є


ејЂе§‹з¬¬20дёЄжЋжџе°Џеє—пјЊIDпјљLW4LCK,жЋжџпјљз”°йёїжќ°
з”°йёїжќ°XжЅе©· й‚ЂдЅ жќҐдє¬дёњжџеє—й•їжЉЅеЏ–еҐЅз¤јпјЃ
еЋ»еЃљд»»еЉЎпјљжЋжџеє”жЏґз­ѕе€°
з­ѕе€°ж€ђеЉџ
еЋ»еЃљд»»еЉЎпјљжЋжџеє”жЏґжµЏи§€
жµЏи§€пјљжЅе©·-3
ж€ђеЉџ
жµЏи§€пјљжЅе©·-4
жµЏи§€пјљжЅе©·-2
ж€ђеЉџ
жµЏи§€пјљжЅе©·-5
еЋ»еЃљд»»еЉЎпјљжЋжџеє”жЏґе…іжіЁеє—й“є


ејЂе§‹з¬¬21дёЄжЋжџе°Џеє—пјЊIDпјљ3PU8SZ,жЋжџпјљйїдє‘еЋ
йїдє‘еЋXеЌЋзЎ• й‚ЂдЅ жќҐдє¬дёњжџеє—й•їжЉЅеЏ–еҐЅз¤јпјЃ
еЋ»еЃљд»»еЉЎпјљжЋжџеє”жЏґз­ѕе€°
еЋ»еЃљд»»еЉЎпјљжЋжџеє”жЏґжµЏи§€
жµЏи§€пјљзЃµиЂЂ14S
жµЏи§€пјљзЃµиЂЂXеЏЊе±Џ
жµЏи§€пјљеЌЋзЎ•618
жµЏи§€пјљеЌЋзЎ•иЅ»и–„дјљењє
д»»еЉЎпјљжЋжџеє”жЏґе…іжіЁеє—й“єпјЊе·Іе®Њж€ђ


ејЂе§‹з¬¬22дёЄжЋжџе°Џеє—пјЊIDпјљAVDKNT,жЋжџпјљеј е‰еЂЄ
еј е‰еЂЄXзѕЋзґ дЅіе„ї й‚ЂдЅ жќҐдє¬дёњжџеє—й•їжЉЅеЏ–еҐЅз¤јпјЃ
еЋ»еЃљд»»еЉЎпјљжЋжџеє”жЏґз­ѕе€°
еЋ»еЃљд»»еЉЎпјљжЋжџеє”жЏґжµЏи§€
жµЏи§€пјљзѕЋзґ дЅіе„їз¤јз›’
жµЏи§€пјљзѕЋзґ дЅіе„їдјље‘дё»ењє
жµЏи§€пјљзљ‡е®¶зѕЋзґ дЅіе„їз¤јз›’
жµЏи§€пјљзѕЋзґ дЅіе„їдё»дјљењє
жµЏи§€пјљзѕЋзґ дЅіе„їдєЊзє§йЎµ
ж€ђеЉџ
д»»еЉЎпјљжЋжџеє”жЏґе…іжіЁеє—й“єпјЊе·Іе®Њж€ђ


ејЂе§‹з¬¬23дёЄжЋжџе°Џеє—пјЊIDпјљM79U5N,жЋжџпјљж— з©·е°Џдє®
ж— з©·е°Џдє®з»™дЅ йЂЃеҐЅз¤је•¦пјЊеї«жќҐе®Њж€ђд»»еЉЎжЉЅеЏ–дё“е±ћеҐЅз¤јеђ§~
еЋ»еЃљд»»еЉЎпјљжЋжџеє”жЏґз­ѕе€°
еЋ»еЃљд»»еЉЎпјљжЋжџеє”жЏґжµЏи§€
жµЏи§€пјљ1
жµЏи§€пјљ5
жµЏи§€пјљ8
жµЏи§€пјљ3
жµЏи§€пјљ2
ж€ђеЉџ
д»»еЉЎпјљжЋжџеє”жЏґе…іжіЁеє—й“єпјЊе·Іе®Њж€ђ


ејЂе§‹з¬¬24дёЄжЋжџе°Џеє—пјЊIDпјљFBFN48,жЋжџпјљжќЋе®‡жҐ
жќЋе®‡жҐXе¤љиЉ¬ й‚ЂдЅ жќҐдє¬дёњжџеє—й•їжЉЅеЏ–еҐЅз¤јпјЃ
еЋ»еЃљд»»еЉЎпјљжЋжџеє”жЏґз­ѕе€°
еЋ»еЃљд»»еЉЎпјљжЋжџеє”жЏґжµЏи§€
жµЏи§€пјље¤љиЉ¬dogmaxйЎµйќў
жµЏи§€пјље¤љиЉ¬жІђжµґ
жµЏи§€пјљжЋжџе°Џеє—-жќЋе®‡жҐ-е¤љиЉ¬
жµЏи§€пјље¤Џж—Ґз”„йЂ‰ е‘µе® зѕЋиЉ¬
д»»еЉЎпјљжЋжџеє”жЏґе…іжіЁеє—й“єпјЊе·Іе®Њж€ђ


ејЂе§‹з¬¬25дёЄжЋжџе°Џеє—пјЊIDпјљ2SFR44,жЋжџпјљз™ЅиЊ¶
з™ЅиЊ¶з»™дЅ йЂЃеҐЅз¤је•¦пјЊеї«жќҐе®Њж€ђд»»еЉЎжЉЅеЏ–дё“е±ћеҐЅз¤јеђ§~
еЋ»еЃљд»»еЉЎпјљжЋжџеє”жЏґз­ѕе€°
еЋ»еЃљд»»еЉЎпјљжЋжџеє”жЏґжµЏи§€
жµЏи§€пјљ1
жµЏи§€пјљ3
жµЏи§€пјљ2
жµЏи§€пјљ4
д»»еЉЎпјљжЋжџеє”жЏґе…іжіЁеє—й“єпјЊе·Іе®Њж€ђ


ејЂе§‹з¬¬26дёЄжЋжџе°Џеє—пјЊIDпјљCX522V,жЋжџпјљй‚“дј¦
й‚“дј¦Xжё…ж‰¬ й‚ЂдЅ жќҐдє¬дёњжџеє—й•їжЉЅеЏ–еҐЅз¤јпјЃ
д»»еЉЎпјљжЋжџеє”жЏґз­ѕе€°пјЊе·Іе®Њж€ђ
еЋ»еЃљд»»еЉЎпјљжЋжџеє”жЏґжµЏи§€
жµЏи§€пјљжё…ж‰¬е¤ґзљ®еЉІиѓЅз“¶
жµЏи§€пјљжё…ж‰¬дё“ењє
жµЏи§€пјљжЋжџе°Џеє—-й‚“дј¦-жё…ж‰¬6.1-6.30
д»»еЉЎпјљжЋжџеє”жЏґе…іжіЁеє—й“єпјЊе·Іе®Њж€ђ


ејЂе§‹з¬¬27дёЄжЋжџе°Џеє—пјЊIDпјљ5RFCD9,жЋжџпјљзЋ‹иЏІиЏІ
зЋ‹йњЏйњЏXдјЉе€© й‚ЂдЅ жќҐдє¬дёњжџеє—й•їжЉЅеЏ–еҐЅз¤јпјЃ
еЋ»еЃљд»»еЉЎпјљжЋжџеє”жЏґз­ѕе€°
з­ѕе€°ж€ђеЉџ
еЋ»еЃљд»»еЉЎпјљжЋжџеє”жЏґжµЏи§€
жµЏи§€пјљжЋжџе°Џеє—-зЋ‹йњЏйњЏ
жµЏи§€пјљеє—й“єдјље‘йЎµ
жµЏи§€пјљ618еє—й“єйЎµ
жµЏи§€пјљж–°иҐїе…°е…Ёи„‚1kg
жµЏи§€пјље…Ёе®¶зі»е€—-зЋ‹йњЏйњЏ
д»»еЉЎпјљжЋжџеє”жЏґе…іжіЁеє—й“єпјЊе·Іе®Њж€ђ


ејЂе§‹з¬¬28дёЄжЋжџе°Џеє—пјЊIDпјљ8K7JM3,жЋжџпјљж­ўеєµ
ж­ўеєµз»™дЅ йЂЃеҐЅз¤је•¦пјЊеї«жќҐе®Њж€ђд»»еЉЎжЉЅеЏ–дё“е±ћеҐЅз¤јеђ§~
еЋ»еЃљд»»еЉЎпјљжЋжџеє”жЏґз­ѕе€°
еЋ»еЃљд»»еЉЎпјљжЋжџеє”жЏґжµЏи§€
жµЏи§€пјљ2
жµЏи§€пјљ8
жµЏи§€пјљ4
жµЏи§€пјљ3
д»»еЉЎпјљжЋжџеє”жЏґе…іжіЁеє—й“єпјЊе·Іе®Њж€ђ


ејЂе§‹з¬¬29дёЄжЋжџе°Џеє—пјЊIDпјљD22Q7C,жЋжџпјље­џзѕЋеІђ
е­џзѕЋеІђXй›Ђе·ўе†°ж·‡ж·‹ й‚ЂдЅ жќҐдє¬дёњжџеє—й•їжЉЅеЏ–еҐЅз¤јпјЃ
еЋ»еЃљд»»еЉЎпјљжЋжџеє”жЏґз­ѕе€°
з­ѕе€°ж€ђеЉџ
еЋ»еЃљд»»еЉЎпјљжЋжџеє”жЏґжµЏи§€
жµЏи§€пјље†°ж·‡ж·‹жґ»еЉЁйЎµ
жµЏи§€пјље‘€зњџе†°е“Ѓжґ»еЉЁ-жџеє—й•їд»»еЉЎ
жµЏи§€пјљй›Ђе·ўе†°ж·‡ж·‹ е†°з€ЅдёЂе¤Џ
ж€ђеЉџ
жµЏи§€пјљй¦™и•‰е…€з”џжґ»еЉЁ-жџеє—й•їд»»еЉЎ
жµЏи§€пјље“€з“¦й‚Јжґ»еЉЁ-жџеє—й•їд»»еЉЎ
ж€ђеЉџ
д»»еЉЎпјљжЋжџеє”жЏґе…іжіЁеє—й“єпјЊе·Іе®Њж€ђ


ејЂе§‹з¬¬30дёЄжЋжџе°Џеє—пјЊIDпјљET5F23,жЋжџпјљеђґе°Љ
еђґе°ЉXжІЃе›­XеёѓйІЃй›…е°” й‚ЂдЅ жќҐдє¬дёњжџеє—й•їжЉЅеЏ–еҐЅз¤јпјЃ
д»»еЉЎпјљжЋжџеє”жЏґз­ѕе€°пјЊе·Іе®Њж€ђ
еЋ»еЃљд»»еЉЎпјљжЋжџеє”жЏґжµЏи§€
жµЏи§€пјљеёѓйІЃй›…е°”еє—й“є
ж€ђеЉџ
жµЏи§€пјљжІЃе›­дє§е“Ѓ
д»»еЉЎпјљжЋжџеє”жЏґе…іжіЁеє—й“єпјЊе·Іе®Њж€ђ


ејЂе§‹з¬¬31дёЄжЋжџе°Џеє—пјЊIDпјљQE9757,жЋжџпјљй»„еј€
й»„еҐ•Xй›…еџ№ й‚ЂдЅ жќҐдє¬дёњжџеє—й•їжЉЅеЏ–еҐЅз¤јпјЃ
еЋ»еЃљд»»еЉЎпјљжЋжџеє”жЏґз­ѕе€°
еЋ»еЃљд»»еЉЎпјљжЋжџеє”жЏґжµЏи§€
жµЏи§€пјљ3
жµЏи§€пјљ2
жµЏи§€пјљ1
жµЏи§€пјљ4
д»»еЉЎпјљжЋжџеє”жЏґе…іжіЁеє—й“єпјЊе·Іе®Њж€ђ


ејЂе§‹з¬¬32дёЄжЋжџе°Џеє—пјЊIDпјљXLDYRJ,жЋжџпјљз™Ѕе®‡
з™Ѕе®‡Xеђ‰е€— й‚ЂдЅ жќҐдє¬дёњжџеє—й•їжЉЅеЏ–еҐЅз¤јпјЃ
еЋ»еЃљд»»еЉЎпјљжЋжџеє”жЏґз­ѕе€°
еЋ»еЃљд»»еЉЎпјљжЋжџеє”жЏґжµЏи§€
жµЏи§€пјљ4
ж€ђеЉџ
д»»еЉЎпјљжЋжџеє”жЏґе…іжіЁеє—й“єпјЊе·Іе®Њж€ђ


ејЂе§‹з¬¬33дёЄжЋжџе°Џеє—пјЊIDпјљTXU6GB,жЋжџпјље€й›Ёж¬Ј
THE9-е€й›Ёж•Xе“€ж №иѕѕж–Ї й‚ЂдЅ жќҐдє¬дёњжџеє—й•їжЉЅеЏ–еҐЅз¤јпјЃ
еЋ»еЃљд»»еЉЎпјљжЋжџеє”жЏґз­ѕе€°
еЋ»еЃљд»»еЉЎпјљжЋжџеє”жЏґжµЏи§€
жµЏи§€пјље“€ж №иѕѕж–Ї иЌ‰иЋ“еЏЈе‘і е†°ж·‡ж·‹ 100ml
ж€ђеЉџ
жµЏи§€пјље“€ж №иѕѕж–Ї е¤ЏеЁЃе¤·жћњд»ЃеЏЈе‘і е†°ж·‡ж·‹ 100ml
ж€ђеЉџ
д»»еЉЎпјљжЋжџеє”жЏґе…іжіЁеє—й“єпјЊе·Іе®Њж€ђ


ејЂе§‹з¬¬34дёЄжЋжџе°Џеє—пјЊIDпјљHY4HCW,жЋжџпјљй™€еќ¤
й™€еќ¤Xж–№е¤Є й‚ЂдЅ жќҐдє¬дёњжџеє—й•їжЉЅеЏ–еҐЅз¤јпјЃ
еЋ»еЃљд»»еЉЎпјљжЋжџеє”жЏґз­ѕе€°
еЋ»еЃљд»»еЉЎпјљжЋжџеє”жЏґжµЏи§€
жµЏи§€пјљз‰№жќѓ
жµЏи§€пјљP1+TH26B
жµЏи§€пјљйў„е”®йЎµ
жµЏи§€пјљиЃљеђ€йЎµ
д»»еЉЎпјљжЋжџеє”жЏґе…іжіЁеє—й“єпјЊе·Іе®Њж€ђ


ејЂе§‹з¬¬35дёЄжЋжџе°Џеє—пјЊIDпјљVZ4PEY,жЋжџпјљзїџжЅ‡й—»
R1SEзїџжЅ‡й—»Xзў§ж¬§жі‰ й‚ЂдЅ жќҐдє¬дёњжџеє—й•їжЉЅеЏ–еҐЅз¤јпјЃ
еЋ»еЃљд»»еЉЎпјљжЋжџеє”жЏґз­ѕе€°
еЋ»еЃљд»»еЉЎпјљжЋжџеє”жЏґжµЏи§€
жµЏи§€пјљдє®и‚¤
жµЏи§€пјљж°ґеЉЁеЉ›
жµЏи§€пјљи“ќй’»
жµЏи§€пјље‡Ђи‚¤
д»»еЉЎпјљжЋжџеє”жЏґе…іжіЁеє—й“єпјЊе·Іе®Њж€ђ


ејЂе§‹з¬¬36дёЄжЋжџе°Џеє—пјЊIDпјљMW9U5Z,жЋжџпјљеђґе®‡жЃ’
еђґе®‡жЃ’XжІ™е®Ј й‚ЂдЅ жќҐдє¬дёњжџеє—й•їжЉЅеЏ–еҐЅз¤јпјЃ
еЋ»еЃљд»»еЉЎпјљжЋжџеє”жЏґз­ѕе€°
еЋ»еЃљд»»еЉЎпјљжЋжџеє”жЏґжµЏи§€
жµЏи§€пјљ4
д»»еЉЎпјљжЋжџеє”жЏґе…іжіЁеє—й“єпјЊе·Іе®Њж€ђ


ејЂе§‹з¬¬37дёЄжЋжџе°Џеє—пјЊIDпјљ762GUB,жЋжџпјље€жЉз„¶
е€жЉз„¶Xvivo й‚ЂдЅ жќҐдє¬дёњжџеє—й•їжЉЅеЏ–еҐЅз¤јпјЃ
еЋ»еЃљд»»еЉЎпјљжЋжџеє”жЏґз­ѕе€°
еЋ»еЃљд»»еЉЎпјљжЋжџеє”жЏґжµЏи§€
жµЏи§€пјље®ж–№жґ»еЉЁйЎµ
жµЏи§€пјљз¬¬е››жЎЈ-vivo X60ж‰‹жњє
жµЏи§€пјљз¬¬дєЊжЎЈ-vivoжґ»еЉЁйЎµ
ж€ђеЉџ
жµЏи§€пјљз¬¬дё‰жЎЈ-Y70t 6+128
жµЏи§€пјљз¬¬дёЂжЎЈ-vivo S9ж‰‹жњєе•†иЇ¦
д»»еЉЎпјљжЋжџеє”жЏґе…іжіЁеє—й“єпјЊе·Іе®Њж€ђ


ејЂе§‹з¬¬38дёЄжЋжџе°Џеє—пјЊIDпјљ877JM4,жЋжџпјљеј е“ІзЂљ
еј е“ІзЂљXеѕђз¦Џи®° й‚ЂдЅ жќҐдє¬дёњжџеє—й•їжЉЅеЏ–еҐЅз¤јпјЃ
еЋ»еЃљд»»еЉЎпјљжЋжџеє”жЏґз­ѕе€°
еЋ»еЃљд»»еЉЎпјљжЋжџеє”жЏґжµЏи§€
жµЏи§€пјљеѕђз¦Џи®°з»јеђ€дјљењєйЎµ
жµЏи§€пјљеѕђз¦Џи®°е„їз«Ґй›¶йЈџйЎµ
жµЏи§€пјљеѕђз¦Џи®°дјље‘йЎµ
жµЏи§€пјљеѕђз¦Џи®°пј€е·§е…‹еЉ›пј‰йЎµ
жµЏи§€пјљеѕђз¦Џи®°дёЉж–°е•¦
д»»еЉЎпјљжЋжџеє”жЏґе…іжіЁеє—й“єпјЊе·Іе®Њж€ђ


ејЂе§‹з¬¬39дёЄжЋжџе°Џеє—пјЊIDпјљYTDXNL,жЋжџпјље®«ж®їеђ›
еЏЄйњІеЈ°йџізљ„е®«ж®їеђ›з»™дЅ йЂЃеҐЅз¤је•¦пјЊеї«жќҐе®Њж€ђд»»еЉЎжЉЅеЏ–дё“е±ћеҐЅз¤јеђ§~
еЋ»еЃљд»»еЉЎпјљжЋжџеє”жЏґз­ѕе€°
еЋ»еЃљд»»еЉЎпјљжЋжџеє”жЏґжµЏи§€
жµЏи§€пјљ5
жµЏи§€пјљ7
ж€ђеЉџ
жµЏи§€пјљ2
ж€ђеЉџ
жµЏи§€пјљ4
ж€ђеЉџ
жµЏи§€пјљ8
ж€ђеЉџ
д»»еЉЎпјљжЋжџеє”жЏґе…іжіЁеє—й“єпјЊе·Іе®Њж€ђ


ејЂе§‹з¬¬40дёЄжЋжџе°Џеє—пјЊIDпјљS99D9G,жЋжџпјље€жµ©е­
е€жµ©е­XеҐҐе€©еҐҐ й‚ЂдЅ жќҐдє¬дёњжџеє—й•їжЉЅеЏ–еҐЅз¤јпјЃ
еЋ»еЃљд»»еЉЎпјљжЋжџеє”жЏґз­ѕе€°
еЋ»еЃљд»»еЉЎпјљжЋжџеє”жЏґжµЏи§€
жµЏи§€пјљеє—й“є2
жµЏи§€пјљеє—й“є1
ж€ђеЉџ
жµЏи§€пјље•†е“Ѓ2
ж€ђеЉџ
жµЏи§€пјље•†е“Ѓ1
жµЏи§€пјљ5
д»»еЉЎпјљжЋжџеє”жЏґе…іжіЁеє—й“єпјЊе·Іе®Њж€ђ


ејЂе§‹з¬¬41дёЄжЋжџе°Џеє—пјЊIDпјљJ8UWSP,жЋжџпјљж€љи–‡
ж€љи–‡Xеѕ·йѕ™ й‚ЂдЅ жќҐдє¬дёњжџеє—й•їжЉЅеЏ–еҐЅз¤јпјЃ
еЋ»еЃљд»»еЉЎпјљжЋжџеє”жЏґз­ѕе€°
еЋ»еЃљд»»еЉЎпјљжЋжџеє”жЏґжµЏи§€
жµЏи§€пјљеѕ·йѕ™е…Ёи‡ЄеЉЁе’–е•ЎжњєECAM350.75.S
жµЏи§€пјљеѕ·йѕ™-ж€љи–‡жґ»еЉЁйЎµ
жµЏи§€пјљеѕ·йѕ™е…Ёи‡ЄеЉЁе’–е•ЎжњєD9 T
жµЏи§€пјљеѕ·йѕ™пј€Delonghiпј‰дє¬дёњи‡ЄиђҐж——и€°еє—
жµЏи§€пјљ еѕ·йѕ™е…Ёи‡ЄеЉЁе’–е•ЎжњєECAM23.260.SB
д»»еЉЎпјљжЋжџеє”жЏґе…іжіЁеє—й“єпјЊе·Іе®Њж€ђ


ејЂе§‹з¬¬42дёЄжЋжџе°Џеє—пјЊIDпјљGN949D,жЋжџпјље€е®‡е®Ѓ
ж‘©з™»е…„ејџе€е®‡е®ЃXи’™з‰› й‚ЂдЅ жќҐдє¬дёњжџеє—й•їжЉЅеЏ–еҐЅз¤јпјЃ
еЋ»еЃљд»»еЉЎпјљжЋжџеє”жЏґз­ѕе€°
еЋ»еЃљд»»еЉЎпјљжЋжџеє”жЏґжµЏи§€
жµЏи§€пјљжџеє—й•їж‰їжЋҐйЎµ
жµЏи§€пјљи‡ЄиђҐдјље‘ејЂеЌЎ
ж€ђеЉџ
жµЏи§€пјљиЉ’иЉ’иҐїжџљ
жµЏи§€пјљжЁ±иЉ±йќ’жў…
д»»еЉЎпјљжЋжџеє”жЏґе…іжіЁеє—й“єпјЊе·Іе®Њж€ђ


=============jd_7a84de20543ebпјљжџеє—й•їеҐ–еЉ±ж±‡жЂ»================
иЋ·еѕ—жЋжџз…§з‰‡ж€–иЂ…и§†йў‘
иЋ·еѕ—жЋжџз…§з‰‡ж€–иЂ…и§†йў‘
иЋ·еѕ—жЋжџз…§з‰‡ж€–иЂ…и§†йў‘
иЋ·еѕ—дјжѓ е€ё
иЋ·еѕ—жЋжџз…§з‰‡ж€–иЂ…и§†йў‘
иЋ·еѕ—дјжѓ е€ё
иЋ·еѕ—дјжѓ е€ё
иЋ·еѕ—жЋжџз…§з‰‡ж€–иЂ…и§†йў‘
иЋ·еѕ—дјжѓ е€ё
иЋ·еѕ—дјжѓ е€ё
иЋ·еѕ—дјжѓ е€ё
иЋ·еѕ—жЋжџз…§з‰‡ж€–иЂ…и§†йў‘
иЋ·еѕ—жЋжџз…§з‰‡ж€–иЂ…и§†йў‘
иЋ·еѕ—дјжѓ е€ё
455979050-14287437еЋ»еЉ©ежµЏи§€пјљз¬¬дёЂжЎЈ-vivo S9ж‰‹жњєе•†иЇ¦
д»»еЉЎпјљжЋжџеє”жЏґе…іжіЁеє—й“єпјЊе·Іе®Њж€ђ


ејЂе§‹з¬¬41дёЄжЋжџе°Џеє—пјЊIDпјљE55F2M,жЋжџпјљй›·з±і
дЅње®¶й›·з±із»™дЅ йЂЃеҐЅз¤јпјЊеї«жќҐе®Њж€ђд»»еЉЎжЉЅеЏ–дё“е±ћеҐЅз¤јеђ§~
еЋ»еЃљд»»еЉЎпјљжЋжџеє”жЏґз­ѕе€°
еЋ»еЃљд»»еЉЎпјљжЋжџеє”жЏґжµЏи§€
жµЏи§€пјљ7
жµЏи§€пјљ4
жµЏи§€пјљ6
жµЏи§€пјљ1
жµЏи§€пјљ2
д»»еЉЎпјљжЋжџеє”жЏґе…іжіЁеє—й“єпјЊе·Іе®Њж€ђ


ејЂе§‹з¬¬42дёЄжЋжџе°Џеє—пјЊIDпјљVS4PEM,жЋжџпјљзѓ­дѕќж‰Ћ
зѓ­дѕќж‰ЋXеђ€з”џе…ѓ й‚ЂдЅ жќҐдє¬дёњжџеє—й•їжЉЅеЏ–еҐЅз¤јпјЃ
еЋ»еЃљд»»еЉЎпјљжЋжџеє”жЏґз­ѕе€°
з­ѕе€°ж€ђеЉџ
еЋ»еЃљд»»еЉЎпјљжЋжџеє”жЏґжµЏи§€
жµЏи§€пјљжґ»еЉЁйЎµйќўжІѓи“ќ
жµЏи§€пјљз›Љз”џиЏЊж–°е®ў
жµЏи§€пјљжґ»еЉЁйЎµйќўmigv
д»»еЉЎпјљжЋжџеє”жЏґе…іжіЁеє—й“єпјЊе·Іе®Њж€ђ


=============jd_7a84de20543ebпјљжџеє—й•їеҐ–еЉ±ж±‡жЂ»================
иЋ·еѕ—жЋжџз…§з‰‡ж€–иЂ…и§†йў‘
иЋ·еѕ—жЋжџз…§з‰‡ж€–иЂ…и§†йў‘
иЋ·еѕ—жЋжџз…§з‰‡ж€–иЂ…и§†йў‘
иЋ·еѕ—дјжѓ е€ё
иЋ·еѕ—жЋжџз…§з‰‡ж€–иЂ…и§†йў‘
иЋ·еѕ—дјжѓ е€ё
иЋ·еѕ—дјжѓ е€ё
иЋ·еѕ—жЋжџз…§з‰‡ж€–иЂ…и§†йў‘
иЋ·еѕ—дјжѓ е€ё
иЋ·еѕ—дјжѓ е€ё
иЋ·еѕ—дјжѓ е€ё
иЋ·еѕ—жЋжџз…§з‰‡ж€–иЂ…и§†йў‘
иЋ·еѕ—жЋжџз…§з‰‡ж€–иЂ…и§†йў‘
иЋ·еѕ—дјжѓ е€ё
455979050-14287437еЋ»еЉ©еЉ›пјљGN949D жґ»еЉЁпјЊеЉ©еЉ›з ЃпјљqLHFoFrQiHTUHY723Ev_zwmay8_rfZKiZFEEs5HKgxo
еЉ©еЉ›з»“жћњпјљ{"success":true,"code":0,"errMsg":"success","data":{"backValue":410,"prize":{"1":{"id":163,"url":"https://img12.360buyimg.com/imagetools/jfs/t1/181451/27/4996/7233/60a5f395Eec6161ce/ed7759f19e6740f3.png","state":2,"pos":1,"backValue":100,"name":"е¤§йўќж»Ўе‡Џе€ё"},"2":{"id":164,"url":"https://img12.360buyimg.com/imagetools/jfs/t1/171856/9/10844/5445/60a5f395Efb7cfb25/339c6028da18c8a7.png","state":1,"pos":2,"backValue":400,"name":"й«жё…еЈЃзєё"},"3":{"id":165,"url":"https://img12.360buyimg.com/imagetools/jfs/t1/181451/27/4996/7233/60a5f395Eec6161ce/ed7759f19e6740f3.png","state":0,"pos":3,"backValue":700,"name":"е¤§йўќж»Ўе‡Џе€ё"},"4":{"id":166,"url":"https://img12.360buyimg.com/imagetools/jfs/t1/171856/9/10844/5445/60a5f395Efb7cfb25/339c6028da18c8a7.png","state":0,"pos":4,"backValue":1000,"name":"е®ље€¶зљ®и‚¤"}},"encryptPin":"qLHFoFrQiHTUHY723Ev_zwmay8_rfZKiZFEEs5HKgxo","shareText":"ж‘©з™»е…„ејџе€е®‡е®ЃXи’™з‰› й‚ЂдЅ жќҐдє¬дёњжџеє—й•їжЉЅеЏ–еҐЅз¤јпјЃ","shareUrl":"https://img11.360buyimg.com/imagetools/jfs/t1/190640/24/5032/101757/60ae5c7dE1d4a4cc9/a8d5fd7dff8a2985.png"}}
455979050-14287437еЋ»еЉ©еЉ›пјљGN949D жґ»еЉЁпјЊеЉ©еЉ›з ЃпјљHlSIEI6-XyFG3YxlpK73ttcu3BNTi47fWhaRfdqk2Qo
еЉ©еЉ›з»“жћњпјљ{"success":true,"code":0,"errMsg":"success","data":{"backValue":410,"prize":{"1":{"id":163,"url":"https://img12.360buyimg.com/imagetools/jfs/t1/181451/27/4996/7233/60a5f395Eec6161ce/ed7759f19e6740f3.png","state":2,"pos":1,"backValue":100,"name":"е¤§йўќж»Ўе‡Џе€ё"},"2":{"id":164,"url":"https://img12.360buyimg.com/imagetools/jfs/t1/171856/9/10844/5445/60a5f395Efb7cfb25/339c6028da18c8a7.png","state":1,"pos":2,"backValue":400,"name":"й«жё…еЈЃзєё"},"3":{"id":165,"url":"https://img12.360buyimg.com/imagetools/jfs/t1/181451/27/4996/7233/60a5f395Eec6161ce/ed7759f19e6740f3.png","state":0,"pos":3,"backValue":700,"name":"е¤§йўќж»Ўе‡Џе€ё"},"4":{"id":166,"url":"https://img12.360buyimg.com/imagetools/jfs/t1/171856/9/10844/5445/60a5f395Efb7cfb25/339c6028da18c8a7.png","state":0,"pos":4,"backValue":1000,"name":"е®ље€¶зљ®и‚¤"}},"encryptPin":"qLHFoFrQiHTUHY723Ev_zwmay8_rfZKiZFEEs5HKgxo","shareText":"ж‘©з™»е…„ејџе€е®‡е®ЃXи’™з‰› й‚ЂдЅ жќҐдє¬дёњжџеє—й•їжЉЅеЏ–еҐЅз¤јпјЃ","shareUrl":"https://img11.360buyimg.com/imagetools/jfs/t1/190640/24/5032/101757/60ae5c7dE1d4a4cc9/a8d5fd7dff8a2985.png"}}
455979050-14287437еЋ»еЉ©еЉ›пјљGN949D жґ»еЉЁпјЊеЉ©еЉ›з Ѓпјљundefined
еЉ©еЉ›з»“жћњпјљ{"success":true,"code":0,"errMsg":"success","data":{"backValue":410,"prize":{"1":{"id":163,"url":"https://img12.360buyimg.com/imagetools/jfs/t1/181451/27/4996/7233/60a5f395Eec6161ce/ed7759f19e6740f3.png","state":2,"pos":1,"backValue":100,"name":"е¤§йўќж»Ўе‡Џе€ё"},"2":{"id":164,"url":"https://img12.360buyimg.com/imagetools/jfs/t1/171856/9/10844/5445/60a5f395Efb7cfb25/339c6028da18c8a7.png","state":1,"pos":2,"backValue":400,"name":"й«жё…еЈЃзєё"},"3":{"id":165,"url":"https://img12.360buyimg.com/imagetools/jfs/t1/181451/27/4996/7233/60a5f395Eec6161ce/ed7759f19e6740f3.png","state":0,"pos":3,"backValue":700,"name":"е¤§йўќж»Ўе‡Џе€ё"},"4":{"id":166,"url":"https://img12.360buyimg.com/imagetools/jfs/t1/171856/9/10844/5445/60a5f395Efb7cfb25/339c6028da18c8a7.png","state":0,"pos":4,"backValue":1000,"name":"е®ље€¶зљ®и‚¤"}},"encryptPin":"qLHFoFrQiHTUHY723Ev_zwmay8_rfZKiZFEEs5HKgxo","shareText":"ж‘©з™»е…„ејџе€е®‡е®ЃXи’™з‰› й‚ЂдЅ жќҐдє¬дёњжџеє—й•їжЉЅеЏ–еҐЅз¤јпјЃ","shareUrl":"https://img11.360buyimg.com/imagetools/jfs/t1/190640/24/5032/101757/60ae5c7dE1d4a4cc9/a8d5fd7dff8a2985.png"}}
jd_7a84de20543ebеЋ»еЉ©еЉ›пјљ762GUB жґ»еЉЁпјЊеЉ©еЉ›з ЃпјљqLHFoFrQiHTUHY723Ev_zwmay8_rfZKiZFEEs5HKgxo
еЉ©еЉ›з»“жћњпјљ{"success":true,"code":0,"errMsg":"success","data":{"backValue":475,"prize":{"1":{"id":267,"url":"https://img10.360buyimg.com/imagetools/jfs/t1/183366/5/6613/7291/60b339acE41947d04/086f6570c8f069b9.png","state":2,"pos":1,"backValue":100,"name":"еє—й“єдјжѓ е€ё"},"2":{"id":268,"url":"https://img11.360buyimg.com/imagetools/jfs/t1/6437/9/10089/7139/60b33811Ee16f2147/a9f3b75456685132.png","state":2,"pos":2,"backValue":400,"name":"жЅ®жµЃиЂіжњє"},"3":{"id":269,"url":"https://img11.360buyimg.com/imagetools/jfs/t1/6437/9/10089/7139/60b33811Ee16f2147/a9f3b75456685132.png","state":0,"pos":3,"backValue":700,"name":"еЅ±йџіиЂіжњє"},"4":{"id":270,"url":"https://img11.360buyimg.com/imagetools/jfs/t1/6437/9/10089/7139/60b33811Ee16f2147/a9f3b75456685132.png","state":0,"pos":4,"backValue":1000,"name":"vivoж‰‹жњє"}},"encryptPin":"HlSIEI6-XyFG3YxlpK73ttcu3BNTi47fWhaRfdqk2Qo","shareText":"е€жЉз„¶Xvivo й‚ЂдЅ жќҐдє¬дёњжџеє—й•їжЉЅеЏ–еҐЅз¤јпјЃ","shareUrl":"https://img11.360buyimg.com/imagetools/jfs/t1/190640/24/5032/101757/60ae5c7dE1d4a4cc9/a8d5fd7dff8a2985.png"}}
jd_7a84de20543ebеЋ»еЉ©еЉ›пјљ762GUB жґ»еЉЁпјЊеЉ©еЉ›з ЃпјљHlSIEI6-XyFG3YxlpK73ttcu3BNTi47fWhaRfdqk2Qo
еЉ©еЉ›з»“жћњпјљ{"success":true,"code":0,"errMsg":"success","data":{"backValue":475,"prize":{"1":{"id":267,"url":"https://img10.360buyimg.com/imagetools/jfs/t1/183366/5/6613/7291/60b339acE41947d04/086f6570c8f069b9.png","state":2,"pos":1,"backValue":100,"name":"еє—й“єдјжѓ е€ё"},"2":{"id":268,"url":"https://img11.360buyimg.com/imagetools/jfs/t1/6437/9/10089/7139/60b33811Ee16f2147/a9f3b75456685132.png","state":2,"pos":2,"backValue":400,"name":"жЅ®жµЃиЂіжњє"},"3":{"id":269,"url":"https://img11.360buyimg.com/imagetools/jfs/t1/6437/9/10089/7139/60b33811Ee16f2147/a9f3b75456685132.png","state":0,"pos":3,"backValue":700,"name":"еЅ±йџіиЂіжњє"},"4":{"id":270,"url":"https://img11.360buyimg.com/imagetools/jfs/t1/6437/9/10089/7139/60b33811Ee16f2147/a9f3b75456685132.png","state":0,"pos":4,"backValue":1000,"name":"vivoж‰‹жњє"}},"encryptPin":"HlSIEI6-XyFG3YxlpK73ttcu3BNTi47fWhaRfdqk2Qo","shareText":"е€жЉз„¶Xvivo й‚ЂдЅ жќҐдє¬дёњжџеє—й•їжЉЅеЏ–еҐЅз¤јпјЃ","shareUrl":"https://img11.360buyimg.com/imagetools/jfs/t1/190640/24/5032/101757/60ae5c7dE1d4a4cc9/a8d5fd7dff8a2985.png"}}
jd_7a84de20543ebеЋ»еЉ©еЉ›пјљ762GUB жґ»еЉЁпјЊеЉ©еЉ›з Ѓпјљundefined
еЉ©еЉ›з»“жћњпјљ{"success":true,"code":0,"errMsg":"success","data":{"backValue":475,"prize":{"1":{"id":267,"url":"https://img10.360buyimg.com/imagetools/jfs/t1/183366/5/6613/7291/60b339acE41947d04/086f6570c8f069b9.png","state":2,"pos":1,"backValue":100,"name":"еє—й“єдјжѓ е€ё"},"2":{"id":268,"url":"https://img11.360buyimg.com/imagetools/jfs/t1/6437/9/10089/7139/60b33811Ee16f2147/a9f3b75456685132.png","state":2,"pos":2,"backValue":400,"name":"жЅ®жµЃиЂіжњє"},"3":{"id":269,"url":"https://img11.360buyimg.com/imagetools/jfs/t1/6437/9/10089/7139/60b33811Ee16f2147/a9f3b75456685132.png","state":0,"pos":3,"backValue":700,"name":"еЅ±йџіиЂіжњє"},"4":{"id":270,"url":"https://img11.360buyimg.com/imagetools/jfs/t1/6437/9/10089/7139/60b33811Ee16f2147/a9f3b75456685132.png","state":0,"pos":4,"backValue":1000,"name":"vivoж‰‹жњє"}},"encryptPin":"HlSIEI6-XyFG3YxlpK73ttcu3BNTi47fWhaRfdqk2Qo","shareText":"е€жЉз„¶Xvivo й‚ЂдЅ жќҐдє¬дёњжџеє—й•їжЉЅеЏ–еҐЅз¤јпјЃ","shareUrl":"https://img11.360buyimg.com/imagetools/jfs/t1/190640/24/5032/101757/60ae5c7dE1d4a4cc9/a8d5fd7dff8a2985.png"}}

рџ””жЋжџе°Џеє—, з»“жќџ! рџ•› 1186.59 з§’

