Jun 14 00:45:00 
Jun 14 00:45:00 🔔京东极速版红包, 开始!
Jun 14 00:45:00 您的cookie选择的是用&隔开
Jun 14 00:45:00 
Jun 14 00:45:00 
Jun 14 00:45:00 ====================共有2个京东账号Cookie=========
Jun 14 00:45:00 
Jun 14 00:45:00 
Jun 14 00:45:00 🔔京东极速版红包, 开始!
Jun 14 00:45:00 您的cookie选择的是用&隔开
Jun 14 00:45:00 
Jun 14 00:45:00 
Jun 14 00:45:00 ====================共有2个京东账号Cookie=========
Jun 14 00:45:00 
Jun 14 00:45:00 ==================脚本执行- 北京时间(UTC+8)：6/14/2021, 12:45:00 AM=====================
Jun 14 00:45:00 
Jun 14 00:45:00 
Jun 14 00:45:00 如提示活动火爆,可再执行一次尝试
Jun 14 00:45:00 
Jun 14 00:45:00 ==================脚本执行- 北京时间(UTC+8)：6/14/2021, 12:45:00 AM=====================
Jun 14 00:45:00 
Jun 14 00:45:00 
Jun 14 00:45:00 如提示活动火爆,可再执行一次尝试
Jun 14 00:45:00 
Jun 14 00:45:00 
Jun 14 00:45:00 ******开始【京东账号1】诺咪兔*********
Jun 14 00:45:00 
Jun 14 00:45:00 
Jun 14 00:45:00 ******开始【京东账号1】诺咪兔*********
Jun 14 00:45:00 
Jun 14 00:45:00 极速版签到提现：签到失败:规则引擎执行失败
Jun 14 00:45:00 
Jun 14 00:45:00 极速版签到提现：签到成功
Jun 14 00:45:00 
Jun 14 00:45:00 限流
Jun 14 00:45:01 获得优惠券
Jun 14 00:45:01 限流
Jun 14 00:45:01 获得极速版大转盘红包
Jun 14 00:45:02 获得优惠券
Jun 14 00:45:02 今日已领完
Jun 14 00:45:02 
Jun 14 00:45:02 如提示活动火爆,可再执行一次尝试
Jun 14 00:45:02 
Jun 14 00:45:02 
Jun 14 00:45:02 ******开始【京东账号2】jd_152055zny*********
Jun 14 00:45:02 
Jun 14 00:45:02 
Jun 14 00:45:02 ==============📣系统通知📣==============
Jun 14 00:45:02 京东极速版红包
Jun 14 00:45:02 京东账号1诺咪兔
Jun 14 00:45:02 极速版签到提现：签到成功
Jun 14 00:45:02 获得极速版大转盘红包
Jun 14 00:45:02 
Jun 14 00:45:02 
Jun 14 00:45:02 如提示活动火爆,可再执行一次尝试
Jun 14 00:45:02 
Jun 14 00:45:02 极速版签到提现：签到成功
Jun 14 00:45:02 
Jun 14 00:45:02 
Jun 14 00:45:02 ******开始【京东账号2】jd_152055zny*********
Jun 14 00:45:02 
Jun 14 00:45:02 限流
Jun 14 00:45:02 极速版签到提现：签到失败:当天已经签到
Jun 14 00:45:02 
Jun 14 00:45:03 获得优惠券
Jun 14 00:45:03 限流
Jun 14 00:45:03 获得0.3微信活动老-京东老（良民）
Jun 14 00:45:03 限流
Jun 14 00:45:04 限流
Jun 14 00:45:04 去提现0.30微信现金
Jun 14 00:45:04 提现零钱结果：{"success":true,"code":0,"errMsg":"success","data":{"status":"50053","message":"无效的openId，当前pin尚未绑定微信"}}
Jun 14 00:45:04 提现失败：无效的openId，当前pin尚未绑定微信
Jun 14 00:45:04 去提现0.50微信现金
Jun 14 00:45:04 去提现0.30微信现金
Jun 14 00:45:04 提现零钱结果：{"success":true,"code":0,"errMsg":"success","data":{"status":"50053","message":"无效的openId，当前pin尚未绑定微信"}}
Jun 14 00:45:04 提现失败：无效的openId，当前pin尚未绑定微信
Jun 14 00:45:04 去提现0.31微信现金
Jun 14 00:45:04 提现零钱结果：{"success":true,"code":0,"errMsg":"success","data":{"status":"50001","message":"重复请求,请求过快"}}
Jun 14 00:45:04 提现失败：重复请求,请求过快
Jun 14 00:45:04 去提现0.50微信现金
Jun 14 00:45:04 提现零钱结果：{"success":true,"code":0,"errMsg":"success","data":{"status":"50053","message":"无效的openId，当前pin尚未绑定微信"}}
Jun 14 00:45:04 提现失败：无效的openId，当前pin尚未绑定微信
Jun 14 00:45:04 提现零钱结果：{"success":true,"code":0,"errMsg":"success","data":{"status":"50001","message":"重复请求,请求过快"}}
Jun 14 00:45:04 提现失败：重复请求,请求过快
Jun 14 00:45:04 去提现0.31微信现金
Jun 14 00:45:04 极速版签到提现，去提现0.3现金
Jun 14 00:45:04 
Jun 14 00:45:04 提现零钱结果：{"success":true,"code":0,"errMsg":"success","data":{"status":"50001","message":"重复请求,请求过快"}}
Jun 14 00:45:04 提现失败：重复请求,请求过快
Jun 14 00:45:04 极速版签到提现，去提现0.3现金
Jun 14 00:45:04 
Jun 14 00:45:04 极速版签到提现现金：失败:{"success":true,"code":0,"errMsg":"success","data":{"status":"50053","message":"无效的openId，当前pin尚未绑定微信"}}
Jun 14 00:45:04 
Jun 14 00:45:04 极速版签到提现，去提现0.3现金
Jun 14 00:45:04 
Jun 14 00:45:04 极速版签到提现现金：失败:{"success":true,"code":0,"errMsg":"success","data":{"status":"1001","message":"获取分布式锁失败"}}
Jun 14 00:45:04 
Jun 14 00:45:04 
Jun 14 00:45:04 ==============📣系统通知📣==============
Jun 14 00:45:04 京东极速版红包
Jun 14 00:45:04 京东账号2jd_152055zny
Jun 14 00:45:04 极速版签到提现：签到成功
Jun 14 00:45:04 提现0.30微信现金，提现失败：无效的openId，当前pin尚未绑定微信提现0.50微信现金，提现失败：无效的openId，当前pin尚未绑定微信提现0.31微信现金，提现失败：无效的openId，当前pin尚未绑定微信极速版签到提现，去提现0.3微信现金，极速版签到提现，去提现0.3微信现金，
Jun 14 00:45:04 
Jun 14 00:45:04 🔔京东极速版红包, 结束! 🕛 4.482 秒
Jun 14 00:45:04 
Jun 14 00:45:04 极速版签到提现现金：失败:{"success":true,"code":0,"errMsg":"success","data":{"status":"50001","message":"重复请求,请求过快"}}
Jun 14 00:45:04 
Jun 14 00:45:04 极速版签到提现，去提现0.3现金
Jun 14 00:45:04 
Jun 14 00:45:05 极速版签到提现现金：失败:{"success":true,"code":0,"errMsg":"success","data":{"status":"50053","message":"无效的openId，当前pin尚未绑定微信"}}
Jun 14 00:45:05 
Jun 14 00:45:05 
Jun 14 00:45:05 ==============📣系统通知📣==============
Jun 14 00:45:05 京东极速版红包
Jun 14 00:45:05 京东账号2jd_152055zny
Jun 14 00:45:05 获得0.3微信活动老-京东老（良民）
Jun 14 00:45:05 提现0.30微信现金，提现失败：重复请求,请求过快提现0.50微信现金，提现失败：重复请求,请求过快提现0.31微信现金，提现失败：重复请求,请求过快极速版签到提现，去提现0.3微信现金，极速版签到提现，去提现0.3微信现金，
Jun 14 00:45:05 
Jun 14 00:45:05 🔔京东极速版红包, 结束! 🕛 4.554 秒
Jun 14 00:45:05 
Jun 14 23:45:00 
Jun 14 23:45:00 🔔京东极速版红包, 开始!
Jun 14 23:45:00 您的cookie选择的是用&隔开
Jun 14 23:45:00 
Jun 14 23:45:00 
Jun 14 23:45:00 ====================共有2个京东账号Cookie=========
Jun 14 23:45:00 
Jun 14 23:45:00 
Jun 14 23:45:00 🔔京东极速版红包, 开始!
Jun 14 23:45:00 ==================脚本执行- 北京时间(UTC+8)：6/14/2021, 11:45:00 PM=====================
Jun 14 23:45:00 
Jun 14 23:45:00 
Jun 14 23:45:00 如提示活动火爆,可再执行一次尝试
Jun 14 23:45:00 
Jun 14 23:45:00 您的cookie选择的是用&隔开
Jun 14 23:45:00 
Jun 14 23:45:00 
Jun 14 23:45:00 ====================共有2个京东账号Cookie=========
Jun 14 23:45:00 
Jun 14 23:45:00 ==================脚本执行- 北京时间(UTC+8)：6/14/2021, 11:45:00 PM=====================
Jun 14 23:45:00 
Jun 14 23:45:00 
Jun 14 23:45:00 如提示活动火爆,可再执行一次尝试
Jun 14 23:45:00 
Jun 14 23:45:00 
Jun 14 23:45:00 ******开始【京东账号1】诺咪兔*********
Jun 14 23:45:00 
Jun 14 23:45:00 
Jun 14 23:45:00 ******开始【京东账号1】诺咪兔*********
Jun 14 23:45:00 
Jun 14 23:45:00 极速版签到提现：签到失败:当天已经签到
Jun 14 23:45:00 
Jun 14 23:45:01 极速版签到提现：签到失败:当天已经签到
Jun 14 23:45:01 
Jun 14 23:45:01 今日已领完
Jun 14 23:45:01 今日已领完
Jun 14 23:45:01 限流
Jun 14 23:45:01 今日已领完
Jun 14 23:45:02 限流
Jun 14 23:45:02 限流
Jun 14 23:45:02 
Jun 14 23:45:02 如提示活动火爆,可再执行一次尝试
Jun 14 23:45:02 
Jun 14 23:45:02 
Jun 14 23:45:02 如提示活动火爆,可再执行一次尝试
Jun 14 23:45:02 
Jun 14 23:45:02 
Jun 14 23:45:02 ******开始【京东账号2】jd_152055zny*********
Jun 14 23:45:02 
Jun 14 23:45:02 
Jun 14 23:45:02 ******开始【京东账号2】jd_152055zny*********
Jun 14 23:45:02 
Jun 14 23:45:02 极速版签到提现：签到失败:当天已经签到
Jun 14 23:45:02 
Jun 14 23:45:02 极速版签到提现：签到失败:当天已经签到
Jun 14 23:45:02 
Jun 14 23:45:02 限流
Jun 14 23:45:02 限流
Jun 14 23:45:03 限流
Jun 14 23:45:03 获得优惠券
Jun 14 23:45:04 限流
Jun 14 23:45:04 今日已领完
Jun 14 23:45:04 去提现0.30微信现金
Jun 14 23:45:04 去提现0.30微信现金
Jun 14 23:45:04 提现零钱结果：{"success":true,"code":0,"errMsg":"success","data":{"status":"50053","message":"无效的openId，当前pin尚未绑定微信"}}
Jun 14 23:45:04 提现失败：无效的openId，当前pin尚未绑定微信
Jun 14 23:45:04 去提现0.50微信现金
Jun 14 23:45:04 提现零钱结果：{"success":true,"code":0,"errMsg":"success","data":{"status":"1001","message":"获取分布式锁失败"}}
Jun 14 23:45:04 提现失败：获取分布式锁失败
Jun 14 23:45:04 去提现0.31微信现金
Jun 14 23:45:04 提现零钱结果：{"success":true,"code":0,"errMsg":"success","data":{"status":"50001","message":"重复请求,请求过快"}}
Jun 14 23:45:04 提现失败：重复请求,请求过快
Jun 14 23:45:04 去提现0.50微信现金
Jun 14 23:45:04 提现零钱结果：{"success":true,"code":0,"errMsg":"success","data":{"status":"1001","message":"获取分布式锁失败"}}
Jun 14 23:45:04 提现失败：获取分布式锁失败
Jun 14 23:45:04 去提现0.31微信现金
Jun 14 23:45:04 提现零钱结果：{"success":true,"code":0,"errMsg":"success","data":{"status":"50053","message":"无效的openId，当前pin尚未绑定微信"}}
Jun 14 23:45:04 提现失败：无效的openId，当前pin尚未绑定微信
Jun 14 23:45:04 提现零钱结果：{"success":true,"code":0,"errMsg":"success","data":{"status":"50001","message":"重复请求,请求过快"}}
Jun 14 23:45:04 提现失败：重复请求,请求过快
Jun 14 23:45:04 极速版签到提现，去提现0.3现金
Jun 14 23:45:04 
Jun 14 23:45:04 极速版签到提现，去提现0.3现金
Jun 14 23:45:04 
Jun 14 23:45:04 极速版签到提现现金：失败:{"success":true,"code":0,"errMsg":"success","data":{"status":"1001","message":"获取分布式锁失败"}}
Jun 14 23:45:04 
Jun 14 23:45:04 
Jun 14 23:45:04 ==============📣系统通知📣==============
Jun 14 23:45:04 京东极速版红包
Jun 14 23:45:04 京东账号2jd_152055zny
Jun 14 23:45:04 提现0.30微信现金，提现失败：重复请求,请求过快提现0.50微信现金，提现失败：获取分布式锁失败提现0.31微信现金，提现失败：重复请求,请求过快极速版签到提现，去提现0.3微信现金，
Jun 14 23:45:04 
Jun 14 23:45:04 🔔京东极速版红包, 结束! 🕛 4.346 秒
Jun 14 23:45:04 
Jun 14 23:45:04 极速版签到提现现金：失败:{"success":true,"code":0,"errMsg":"success","data":{"status":"50053","message":"无效的openId，当前pin尚未绑定微信"}}
Jun 14 23:45:04 
Jun 14 23:45:04 
Jun 14 23:45:04 ==============📣系统通知📣==============
Jun 14 23:45:04 京东极速版红包
Jun 14 23:45:04 京东账号2jd_152055zny
Jun 14 23:45:04 提现0.30微信现金，提现失败：无效的openId，当前pin尚未绑定微信提现0.50微信现金，提现失败：获取分布式锁失败提现0.31微信现金，提现失败：无效的openId，当前pin尚未绑定微信极速版签到提现，去提现0.3微信现金，
Jun 14 23:45:04 
Jun 14 23:45:04 🔔京东极速版红包, 结束! 🕛 4.326 秒
Jun 14 23:45:04 
Jun 15 00:45:00 
Jun 15 00:45:00 🔔京东极速版红包, 开始!
Jun 15 00:45:00 您的cookie选择的是用&隔开
Jun 15 00:45:00 
Jun 15 00:45:00 
Jun 15 00:45:00 ====================共有2个京东账号Cookie=========
Jun 15 00:45:00 
Jun 15 00:45:00 
Jun 15 00:45:00 🔔京东极速版红包, 开始!
Jun 15 00:45:00 您的cookie选择的是用&隔开
Jun 15 00:45:00 
Jun 15 00:45:00 
Jun 15 00:45:00 ====================共有2个京东账号Cookie=========
Jun 15 00:45:00 
Jun 15 00:45:00 ==================脚本执行- 北京时间(UTC+8)：6/15/2021, 12:45:00 AM=====================
Jun 15 00:45:00 
Jun 15 00:45:00 
Jun 15 00:45:00 如提示活动火爆,可再执行一次尝试
Jun 15 00:45:00 
Jun 15 00:45:00 ==================脚本执行- 北京时间(UTC+8)：6/15/2021, 12:45:00 AM=====================
Jun 15 00:45:00 
Jun 15 00:45:00 
Jun 15 00:45:00 如提示活动火爆,可再执行一次尝试
Jun 15 00:45:00 
Jun 15 00:45:00 
Jun 15 00:45:00 ******开始【京东账号1】诺咪兔*********
Jun 15 00:45:00 
Jun 15 00:45:00 
Jun 15 00:45:00 ******开始【京东账号1】诺咪兔*********
Jun 15 00:45:00 
Jun 15 00:45:00 极速版签到提现：签到失败:规则引擎执行失败
Jun 15 00:45:00 
Jun 15 00:45:00 极速版签到提现：签到成功
Jun 15 00:45:00 
Jun 15 00:45:00 活动太火爆了，请稍后重试
Jun 15 00:45:00 活动太火爆了，请稍后重试
Jun 15 00:45:01 限流
Jun 15 00:45:01 限流
Jun 15 00:45:01 限流
Jun 15 00:45:01 限流
Jun 15 00:45:02 
Jun 15 00:45:02 ==============📣系统通知📣==============
Jun 15 00:45:02 京东极速版红包
Jun 15 00:45:02 京东账号1诺咪兔
Jun 15 00:45:02 极速版签到提现：签到成功
Jun 15 00:45:02 
Jun 15 00:45:02 
Jun 15 00:45:02 如提示活动火爆,可再执行一次尝试
Jun 15 00:45:02 
Jun 15 00:45:02 
Jun 15 00:45:02 如提示活动火爆,可再执行一次尝试
Jun 15 00:45:02 
Jun 15 00:45:02 
Jun 15 00:45:02 ******开始【京东账号2】jd_152055zny*********
Jun 15 00:45:02 
Jun 15 00:45:02 
Jun 15 00:45:02 ******开始【京东账号2】jd_152055zny*********
Jun 15 00:45:02 
Jun 15 00:45:02 极速版签到提现：签到失败:规则引擎执行失败
Jun 15 00:45:02 
Jun 15 00:45:02 极速版签到提现：签到成功
Jun 15 00:45:02 
Jun 15 00:45:02 限流
Jun 15 00:45:02 限流
Jun 15 00:45:03 限流
Jun 15 00:45:03 限流
Jun 15 00:45:03 限流
Jun 15 00:45:03 限流
Jun 15 00:45:04 去提现0.30微信现金
Jun 15 00:45:04 去提现0.30微信现金
Jun 15 00:45:04 提现零钱结果：{"success":true,"code":0,"errMsg":"success","data":{"status":"50053","message":"无效的openId，当前pin尚未绑定微信"}}
Jun 15 00:45:04 提现失败：无效的openId，当前pin尚未绑定微信
Jun 15 00:45:04 去提现0.50微信现金
Jun 15 00:45:04 提现零钱结果：{"success":true,"code":0,"errMsg":"success","data":{"status":"50001","message":"重复请求,请求过快"}}
Jun 15 00:45:04 提现失败：重复请求,请求过快
Jun 15 00:45:04 去提现0.50微信现金
Jun 15 00:45:04 提现零钱结果：{"success":true,"code":0,"errMsg":"success","data":{"status":"1001","message":"获取分布式锁失败"}}
Jun 15 00:45:04 提现失败：获取分布式锁失败
Jun 15 00:45:04 去提现0.31微信现金
Jun 15 00:45:04 提现零钱结果：{"success":true,"code":0,"errMsg":"success","data":{"status":"50053","message":"无效的openId，当前pin尚未绑定微信"}}
Jun 15 00:45:04 提现失败：无效的openId，当前pin尚未绑定微信
Jun 15 00:45:04 去提现0.31微信现金
Jun 15 00:45:04 提现零钱结果：{"success":true,"code":0,"errMsg":"success","data":{"status":"1001","message":"获取分布式锁失败"}}
Jun 15 00:45:04 提现失败：获取分布式锁失败
Jun 15 00:45:04 极速版签到提现，去提现0.3现金
Jun 15 00:45:04 
Jun 15 00:45:04 提现零钱结果：{"success":true,"code":0,"errMsg":"success","data":{"status":"50053","message":"无效的openId，当前pin尚未绑定微信"}}
Jun 15 00:45:04 提现失败：无效的openId，当前pin尚未绑定微信
Jun 15 00:45:04 极速版签到提现现金：失败:{"success":true,"code":0,"errMsg":"success","data":{"status":"50053","message":"无效的openId，当前pin尚未绑定微信"}}
Jun 15 00:45:04 
Jun 15 00:45:04 极速版签到提现，去提现0.3现金
Jun 15 00:45:04 
Jun 15 00:45:04 极速版签到提现，去提现0.3现金
Jun 15 00:45:04 
Jun 15 00:45:04 极速版签到提现现金：失败:{"success":true,"code":0,"errMsg":"success","data":{"status":"1001","message":"获取分布式锁失败"}}
Jun 15 00:45:04 
Jun 15 00:45:04 极速版签到提现，去提现0.3现金
Jun 15 00:45:04 
Jun 15 00:45:04 极速版签到提现现金：失败:{"success":true,"code":0,"errMsg":"success","data":{"status":"50053","message":"无效的openId，当前pin尚未绑定微信"}}
Jun 15 00:45:04 
Jun 15 00:45:04 
Jun 15 00:45:04 ==============📣系统通知📣==============
Jun 15 00:45:04 京东极速版红包
Jun 15 00:45:04 京东账号2jd_152055zny
Jun 15 00:45:04 提现0.30微信现金，提现失败：无效的openId，当前pin尚未绑定微信提现0.50微信现金，提现失败：无效的openId，当前pin尚未绑定微信提现0.31微信现金，提现失败：获取分布式锁失败极速版签到提现，去提现0.3微信现金，极速版签到提现，去提现0.3微信现金，
Jun 15 00:45:04 
Jun 15 00:45:04 🔔京东极速版红包, 结束! 🕛 4.264 秒
Jun 15 00:45:04 
Jun 15 00:45:04 极速版签到提现现金：失败:{"success":true,"code":0,"errMsg":"success","data":{"status":"50001","message":"重复请求,请求过快"}}
Jun 15 00:45:04 
Jun 15 00:45:04 
Jun 15 00:45:04 ==============📣系统通知📣==============
Jun 15 00:45:04 京东极速版红包
Jun 15 00:45:04 京东账号2jd_152055zny
Jun 15 00:45:04 极速版签到提现：签到成功
Jun 15 00:45:04 提现0.30微信现金，提现失败：重复请求,请求过快提现0.50微信现金，提现失败：获取分布式锁失败提现0.31微信现金，提现失败：无效的openId，当前pin尚未绑定微信极速版签到提现，去提现0.3微信现金，极速版签到提现，去提现0.3微信现金，
Jun 15 00:45:04 
Jun 15 00:45:04 🔔京东极速版红包, 结束! 🕛 4.321 秒
Jun 15 00:45:04 
