
рџ””618еЉЁз‰©иЃ”иђЊ, ејЂе§‹!
ж‚Ёзљ„cookieйЂ‰ж‹©зљ„жЇз”Ё&йљ”ејЂ


====================е…±жњ‰2дёЄдє¬дёњиґ¦еЏ·Cookie=========

==================и„љжњ¬ж‰§иЎЊ- еЊ—дє¬ж—¶й—ґ(UTC+8)пјљ6/15/2021, 5:10:00 PM=====================

жґ»еЉЁе…ҐеЏЈпјљдє¬дёњAPP-гЂ‹жђњзґў зЋ©дёЂзЋ©-гЂ‹з“ње€†20дєї
й‚ЂиЇ·еҐЅеЏ‹еЉ©еЉ›пјље†…йѓЁиґ¦еЏ·и‡ЄиЎЊдє’еЉ©(жЋ’еђЌйќ е‰Ќиґ¦еЏ·еѕ—е€°зљ„жњєдјље¤љ)
PKдє’еЉ©пјље†…йѓЁиґ¦еЏ·и‡ЄиЎЊдє’еЉ©(жЋ’еђЌйќ е‰Ќиґ¦еЏ·еѕ—е€°зљ„жњєдјље¤љ),е¤љдЅ™зљ„еЉ©еЉ›ж¬Ўж•°дјљй»и®¤еЉ©еЉ›дЅњиЂ…е†…зЅ®еЉ©еЉ›з Ѓ
жґ»еЉЁж—¶й—ґпјљ2021-05-24и‡і2021-06-20
ж›ґж–°ж—¶й—ґпјљ6.15 11:00


*****ејЂе§‹гЂђдє¬дёњиґ¦еЏ·1гЂ‘иЇєе’Єе…”*****


е¦‚жњ‰жњЄе®Њж€ђзљ„д»»еЉЎпјЊиЇ·е¤љж‰§иЎЊе‡ ж¬Ў


иЋ·еЏ–жґ»еЉЁдїЎжЃЇ


еЅ“е‰Ќе€†зєўпјљ44д»ЅпјЊеЅ“е‰Ќз­‰зє§:23
еЅ“е‰Ќй‡‘еёЃ356252пјЊдё‹дёЂе…ійњЂи¦Ѓ740000


е·Із­ѕе€°
ж”¶еЏ–ж€ђеЉџпјЊиЋ·еѕ—пјљ189
(node:16631) UnhandledPromiseRejectionWarning: TypeError: Cannot read property 'inviteId' oдє’еЉ©з ЃпјљZXTKT024uvh2SRkQ9VHXPRvwlv8NcNb9FjRWn6-7zx55awQ
еЃљд»»еЉЎпјљеЋ»йЂ›еЌЋзЎ•е¤©йЂ‰е§¬з­‰дЅ жќҐж’©;з­‰еѕ…е®Њж€ђ
д»»еЉЎе·Іе®Њж€ђпјЊиЋ·еѕ—10000й‡‘еёЃ
еЃљд»»еЉЎпјљеЋ»йЂ›ж¬§иЋ±й›…з”·еЈ«еҐЅз¤јж”ѕйЂЃ;з­‰еѕ…е®Њж€ђ
д»»еЉЎе·Іе®Њж€ђпјЊиЋ·еѕ—10000й‡‘еёЃ
еЃљд»»еЉЎпјљadidasзЋ©ж‰ЂжњЄзЋ© дЅЋи‡і5жЉ;з­‰еѕ…е®Њж€ђ
д»»еЉЎе·Іе®Њж€ђпјЊиЋ·еѕ—10000й‡‘еёЃ
еЃљд»»еЉЎпјљеЋ»йЂ›еѕ®иЅЇеЉ е…Ґдјље‘дє«дјжѓ ;з­‰еѕ…е®Њж€ђ
д»»еЉЎе·Іе®Њж€ђпјЊиЋ·еѕ—10000й‡‘еёЃ
еЃљд»»еЉЎпјљеЋ»йЂ›жѓ ж™®дє¬дёњи‡ЄиђҐеє—;з­‰еѕ…е®Њж€ђ
жґ»еЉЁеј‚еёёе•¦пјЊиЇ·зЁЌеђЋе†ЌиЇ•~
еЃљд»»еЉЎпјљеЋ»йЂ›гЂђеЏЇеЏЈеЏЇд№ђгЂ‘е…Ёењєз‰№жѓ ;з­‰еѕ…е®Њж€ђ
{
  code: 0,
  data: { bizCode: 103, bizMsg: 'иї™дёЄд»»еЉЎеЃље®Ње•¦~пјЃ', success: false },
  msg: 'и°ѓз”Ёж€ђеЉџ'
}
д»»еЉЎе¤±иґҐ
еЃљд»»еЉЎпјљеЋ»йЂ›йЂ›зў§ж¬§жі‰з”·еЈ«и‡ЄиђҐеє—й“є;з­‰еѕ…е®Њж€ђ
{
  code: 0,
  data: { bizCode: 103, bizMsg: 'иї™дёЄд»»еЉЎеЃље®Ње•¦~пјЃ', success: false },
  msg: 'и°ѓз”Ёж€ђеЉџ'
}
д»»еЉЎе¤±иґҐ
еЃљд»»еЉЎпјљеЋ»йЂ›йЈће€©жµ¦е®¶з”µз‹‚ж¬ўд№°1иµ 1;з­‰еѕ…е®Њж€ђ
{
  code: 0,
  data: { bizCode: 103, bizMsg: 'иї™дёЄд»»еЉЎеЃље®Ње•¦~пјЃ', success: false },
  msg: 'и°ѓз”Ёж€ђеЉџ'
}
д»»еЉЎе¤±иґҐ
еЃљд»»еЉЎпјљеЋ»йЂ›йЂ›е®‰иёЏе®ж–№ж——и€°еє—;з­‰еѕ…е®Њж€ђ
{
  code: 0,
  data: { bizCode: 103, bizMsg: 'иї™дёЄд»»еЉЎеЃље®Ње•¦~пјЃ', success: false },
  msg: 'и°ѓз”Ёж€ђеЉџ'
}
д»»еЉЎе¤±иґҐ
еЃљд»»еЉЎпјљеЋ»йЂ›е®¶иЈ…е»єжќђз€†е“Ѓд»…1е…ѓ;з­‰еѕ…е®Њж€ђ
д»»еЉЎе·Іе®Њж€ђпјЊиЋ·еѕ—8000й‡‘еёЃ
еЃљд»»еЉЎпјљеЋ»йЂ›жЋўйІњй›†её‚ж»Ў199е‡Џ100;з­‰еѕ…е®Њж€ђ
д»»еЉЎе·Іе®Њж€ђпјЊиЋ·еѕ—8000й‡‘еёЃ
еЃљд»»еЉЎпјљеЋ»йЂ›е® з‰©дјљењє ;з­‰еѕ…е®Њж€ђ
д»»еЉЎе·Іе®Њж€ђпјЊиЋ·еѕ—8000й‡‘еёЃ
еЃљд»»еЉЎпјљйЂ›дјљењє iPhone 11дЅЋи‡і3899;з­‰еѕ…е®Њж€ђ
д»»еЉЎе·Іе®Њж€ђпјЊиЋ·еѕ—8000й‡‘еёЃ
еЃљд»»еЉЎпјљйЂ›дёЂйЂ›з”µи§†еЅ±йџідјљењє;з­‰еѕ…е®Њж€ђ
д»»еЉЎе·Іе®Њж€ђпјЊиЋ·еѕ—8000й‡‘еёЃ
еЃљд»»еЉЎпјљйЂ›з”„йЂ‰зѕЋе¦† и‡ій«д№°1иµ 1;з­‰еѕ…е®Њж€ђ
д»»еЉЎе·Іе®Њж€ђпјЊиЋ·еѕ—8000й‡‘еёЃ
еЃљд»»еЉЎпјљеЋ»йЂ›й‡‘ићЌзҐће€ёдјљењє;з­‰еѕ…е®Њж€ђ
жґ»еЉЁеј‚еёёе•¦пјЊиЇ·зЁЌеђЋе†ЌиЇ•~
еЃљд»»еЉЎпјљеЋ»йў†30е…ѓж— й—Ёж§›зєўеЊ…;з­‰еѕ…е®Њж€ђ
жґ»еЉЁеј‚еёёе•¦пјЊиЇ·зЁЌеђЋе†ЌиЇ•~
еЃљд»»еЉЎпјљеЋ»йЂ›зѕЋе¦†дјљењєдє«дјжѓ ;з­‰еѕ…е®Њж€ђ
жґ»еЉЁеј‚еёёе•¦пјЊиЇ·зЁЌеђЋе†ЌиЇ•~
еЃљд»»еЉЎпјљеЋ»йЂ›дє¬дёњз”µи„‘ж•°з Ѓдјљењє ;з­‰еѕ…е®Њж€ђ
жґ»еЉЁеј‚еёёе•¦пјЊиЇ·зЁЌеђЋе†ЌиЇ•~
еЃљд»»еЉЎпјљйЂ›е°Џе“ҐдјйЂ‰еҐЅз‰©дЅЋи‡і9.9е…ѓ;з­‰еѕ…е®Њж€ђ
жґ»еЉЁеј‚еёёе•¦пјЊиЇ·зЁЌеђЋе†ЌиЇ•~
еЃљд»»еЉЎпјљйЂ›дјље‘йў‘йЃ“йў†дє¬дє«з‰№жќѓ;з­‰еѕ…е®Њж€ђ
жґ»еЉЁеј‚еёёе•¦пјЊиЇ·зЁЌеђЋе†ЌиЇ•~
еЃљд»»еЉЎпјљеЋ»йЂ›дє¬дёњж Ўе›­е€†30дєїиЎҐиґґ;з­‰еѕ…е®Њж€ђ
д»»еЉЎе·Іе®Њж€ђпјЊиЋ·еѕ—8000й‡‘еёЃ
еЃљд»»еЉЎпјљеЋ»йЂ›зЋ©е…·д№ђе™Ёдјљењє;з­‰еѕ…е®Њж€ђ
{
  code: 0,
  data: { bizCode: 103, bizMsg: 'иї™дёЄд»»еЉЎеЃље®Ње•¦~пјЃ', success: false },
  msg: 'и°ѓз”Ёж€ђеЉџ'
}
д»»еЉЎе¤±иґҐ
еЃљд»»еЉЎпјљйЂ›й™Єдјґдјљењєйў†е€ёж»Ў6е‡Џ5;з­‰еѕ…е®Њж€ђ
{
  code: 0,
  data: { bizCode: 103, bizMsg: 'иї™дёЄд»»еЉЎд»»еЉЎе·Іе®Њж€ђпјЊиЋ·еѕ—500й‡‘еёЃ
еЃљд»»еЉЎпјљеЋ»йЂ›йЂ›и‹±з‰№е°”еє—й“є;еЃљд»»еЉЎпјљжд»»еЉЎе·Іе®Њж€ђпјЊиЋ·еѕ—500й‡‘еёЃ
еЃљд»»еЉЎпјљеЋ»йЂ›и‹±з‰№е°”618дјљењє;з­‰еѕ…е®Њж€ђ
д»»еЉЎе®Њж€ђ
ж‰§иЎЊз¬¬8дёЄеє—й“єд»»еЉЎпјљrealmeзњџж€‘дє¬дёњи‡ЄиђҐж——и€°еє— ID:1000164941
еЃљд»»еЉЎпјљеЋ»йЂ›зњџж€‘и‡ЄиђҐж——и€°еє—;з­‰еѕ…е®Њж€ђ
д»»еЉЎе·Іе®Њж€ђпјЊиЋ·еѕ—500й‡‘еёЃ
еЃљд»»еЉЎпјљеЋ»йЂ›зњџж€‘дјље‘йЎµ;з­‰еѕ…е®Њж€ђ
д»»еЉЎе·Іе®Њж€ђпјЊиЋ·еѕ—500й‡‘еёЃ
ж‰§иЎЊз¬¬9дёЄеє—й“єд»»еЉЎпјљUnder Armourе®ж–№ж——и€°еє— ID:182588
еЃљд»»еЉЎпјљжµЏи§€е®‰еѕ·зЋ›зѓ­еЌ–еЌ•е“Ѓ;з­‰еѕ…е®Њж€ђ
д»»еЉЎе®Њж€ђ
еЃљд»»еЉЎпјљеЋ»йЂ›е®‰еѕ·зЋ›е®ж–№ж——и€°еє—;з­‰еѕ…е®Њж€ђ
д»»еЉЎе·Іе®Њж€ђпјЊиЋ·еѕ—500й‡‘еёЃ
еЃљд»»еЉЎпјљжµЏи§€е®‰еѕ·зЋ›й¦–йЎµ;з­‰еѕ…е®Њж€ђ
д»»еЉЎе·Іе®Њж€ђпјЊиЋ·еѕ—500й‡‘еёЃ
ж‰§иЎЊз¬¬10дёЄеє—й“єд»»еЉЎпјљ ID:1000115184
еЃљд»»еЉЎпјљеЋ»йЂ›HFPи‡ЄиђҐж——и€°еє—;з­‰еѕ…е®Њж€ђ
д»»еЉЎе·Іе®Њж€ђпјЊиЋ·еѕ—500й‡‘еёЃ
еЃљд»»еЉЎпјљеЋ»йЂ›HFPи‡ЄиђҐж——и€°еє—;з­‰еѕ…е®Њж€ђ
д»»еЉЎе®Њж€ђ
еЃљд»»еЉЎпјљеЋ»йЂ›HFPйў„е”®йЎµ;з­‰еѕ…е®Њж€ђ
д»»еЉЎе·Іе®Њж€ђпјЊиЋ·еѕ—500й‡‘еёЃ
еЃљд»»еЉЎпјљжµЏи§€HFPеє—й“єе•†е“ЃиµўеҐЅз¤ј;з­‰еѕ…е®Њж€ђ
д»»еЉЎе®Њж€ђ
ж‰§иЎЊз¬¬11дёЄеє—й“єд»»еЉЎпјљиЌЈиЂЂдє¬дёњи‡ЄиђҐж——и€°еє— ID:1000000904
еЃљд»»еЉЎпјљеЋ»йЂ›иЌЈиЂЂеє—й“є;з­‰еѕ…е®Њж€ђ
д»»еЉЎе·Іе®Њж€ђпјЊиЋ·еѕ—500й‡‘еёЃ
еЃљд»»еЉЎпјљйЂ›йЂ›иЌЈиЂЂжЊ‡е®љйЎµйќў;з­‰еѕ…е®Њж€ђ
д»»еЉЎе·Іе®Њж€ђпјЊиЋ·еѕ—500й‡‘еёЃ
еЃљд»»еЉЎпјљиЌЈиЂЂX10зЃ«зѓ­жЉўиґ­;з­‰еѕ…е®Њж€ђ
д»»еЉЎе®Њж€ђ
ж‰§иЎЊз¬¬12дёЄеє—й“єд»»еЉЎпјљ ID:10370169
еЃљд»»еЉЎпјљеЋ»йЂ›з‰№д»‘и‹Џж——и€°еє—;з­‰еѕ…е®Њж€ђ
д»»еЉЎе·Іе®Њж€ђпјЊиЋ·еѕ—500й‡‘еёЃ
еЃљд»»еЉЎпјљеЋ»йЂ›з‰№д»‘и‹Џе“Ѓз‰Њдјљењє;з­‰еѕ…е®Њж€ђ
д»»еЉЎе·Іе®Њж€ђпјЊиЋ·еѕ—500й‡‘еёЃ
еЃљд»»еЉЎпјљеЋ»жµЏи§€з‰№д»‘и‹Џз‰›еҐ¶дјљењє;з­‰еѕ…е®Њж€ђ
д»»еЉЎе®Њж€ђ
ж‰§иЎЊз¬¬13дёЄеє—й“єд»»еЉЎпјљиїЄеҐҐпј€Diorпј‰зѕЋе¦†дє¬дёњи‡ЄиђҐдё“еЊє ID:1000081945
еЃљд»»еЉЎпјљеЋ»йЂ›иїЄеҐҐеє—й“єдє«жѓЉе–њд»·;з­‰еѕ…е®Њж€ђ
д»»еЉЎе·Іе®Њж€ђпјЊиЋ·еѕ—500й‡‘еёЃ
еЃљд»»еЉЎпјљеЋ»йЂ›зѕЋе¦†618дё»дјљењє;з­‰еѕ…е®Њж€ђ
д»»еЉЎе·Іе®Њж€ђпјЊиЋ·еѕ—500й‡‘еёЃ
еЃљд»»еЉЎпјљеЋ»йЂ›еҐҐиїЄдє¬дёњи‡ЄиђҐеє—;з­‰еѕ…е®Њж€ђ
д»»еЉЎе®Њж€ђ
ж‰§иЎЊз¬¬14дёЄеє—й“єд»»еЉЎпјље…°и”»дє¬дёњи‡ЄиђҐе®ж–№дЅ“йЄЊй›¶е”®еє— ID:1000306683
еЃљд»»еЉЎпјљеЋ»йЂ›е…°и”»жЉўз€†е“Ѓ;з­‰еѕ…е®Њж€ђ
д»»еЉЎе·Іе®Њж€ђпјЊиЋ·еѕ—500й‡‘еёЃ
еЃљд»»еЉЎпјљеЋ»йЂ›е…°и”»жЉўзІ‰ж°ґй™ђе®љз‰€;з­‰еѕ…е®Њж€ђ
д»»еЉЎе·Іе®Њж€ђпјЊиЋ·еѕ—500й‡‘еёЃ
еЃљд»»еЉЎпјљеЋ»йЂ›йЂ›е…°и”»дјље‘жќѓз›ЉйЎµ;з­‰еѕ…е®Њж€ђ
д»»еЉЎе®Њж€ђ
ж‰§иЎЊз¬¬15дёЄеє—й“єд»»еЉЎпјљеЌЋзЎ•дє¬дёњи‡ЄиђҐе®ж–№ж——и€°еє— ID:1000000182
еЃљд»»еЉЎпјљйЂ›йЂ›иЃ”жѓіжґ»еЉЁйЎµ;з­‰еѕ…е®Њж€ђ
д»»еЉЎе·Іе®Њж€ђпјЊиЋ·еѕ—500й‡‘еёЃ
еЃљд»»еЉЎпјљеЋ»йЂ›дє¬дёњз”µи„‘;з­‰еѕ…е®Њж€ђ
д»»еЉЎе·Іе®Њж€ђпјЊиЋ·еѕ—500й‡‘еёЃ
еЃљд»»еЉЎпјљйЂ›йЂ›еЌЋзЎ•зѓ­й”Ђдє§е“Ѓ;з­‰еѕ…е®Њж€ђ
д»»еЉЎе®Њж€ђ
ж‰§иЎЊз¬¬16дёЄеє—й“єд»»еЉЎпјљPUMAе®ж–№ж——и€°еє— ID:34239
еЃљд»»еЉЎпјљеЋ»йЂ›PUMAе®ж–№ж——и€°еє—;з­‰еѕ…е®Њж€ђ
д»»еЉЎе·Іе®Њж€ђпјЊиЋ·еѕ—500й‡‘еёЃ
еЃљд»»еЉЎпјљеЋ»йЂ›PUMAз€†ж¬ѕе•†е“Ѓ;з­‰еѕ…е®Њж€ђ
д»»еЉЎе·Іе®Њж€ђпјЊиЋ·еѕ—500й‡‘еёЃ
еЃљд»»еЉЎпјље…іжіЁеє—й“є йў†з§Їе€†;з­‰еѕ…е®Њж€ђ
д»»еЉЎе®Њж€ђ
ж‰§иЎЊз¬¬17дёЄеє—й“єд»»еЉЎпјљзѕЋзљ„дє¬дёњи‡ЄиђҐе®ж–№ж——и€°еє— ID:1000282702
еЃљд»»еЉЎпјљеЋ»йЂ›зѕЋзљ„еЉІзњЃй«иѕѕеЌѓе…ѓ;з­‰еѕ…е®Њж€ђ
д»»еЉЎе·Іе®Њж€ђпјЊиЋ·еѕ—500й‡‘еёЃ
еЃљд»»еЉЎпјљеЋ»йЂ›зѕЋзљ„йў„е”®йЎµ;з­‰еѕ…е®Њж€ђ
д»»еЉЎе·Іе®Њж€ђпјЊиЋ·еѕ—500й‡‘еёЃ
еЃљд»»еЉЎпјљеЋ»зњЃй’±ж”»з•ҐйЎµ;з­‰еѕ…е®Њж€ђ
д»»еЉЎе®Њж€ђ
ж‰§иЎЊз¬¬18дёЄеє—й“єд»»еЉЎпјљеЏЇеЏЈеЏЇд№ђдє¬дёњи‡ЄиђҐж——и€°еє— ID:1000014286
еЃљд»»еЉЎпјљеЋ»йЂ›еЏЇеЏЈеЏЇд№ђеє—й“є;з­‰еѕ…е®Њж€ђ
д»»еЉЎе·Іе®Њж€ђпјЊиЋ·еѕ—500й‡‘еёЃ
еЃљд»»еЉЎпјљеЋ»йЂ›еЏЇеЏЈеЏЇд№ђдјље‘йЎµ;з­‰еѕ…е®Њж€ђ
д»»еЉЎе·Іе®Њж€ђпјЊиЋ·еѕ—500й‡‘еёЃ
ж‰§иЎЊз¬¬19дёЄеє—й“єд»»еЉЎпјљд№ђй«дє¬дёњи‡ЄиђҐж——и€°еє— ID:1000001521
еЃљд»»еЉЎпјљеЋ»йЂ›д№ђй«и‡ЄиђҐж——и€°еє—;з­‰еѕ…е®Њж€ђ
д»»еЉЎе·Іе®Њж€ђпјЊиЋ·еѕ—500й‡‘еёЃ
еЃљд»»еЉЎпјљеЋ»йЂ›д№ђе™Ёй›†еђ€йЎµ;з­‰еѕ…е®Њж€ђ
д»»еЉЎе·Іе®Њж€ђпјЊиЋ·еѕ—500й‡‘еёЃ
еЃљд»»еЉЎпјљжµЏи§€иґ№й›Єпј†зѕЋд№ђе“Ѓз‰Њжґ»еЉЁйЎµ;з­‰еѕ…е®Њж€ђ
д»»еЉЎе®Њж€ђ
ж‰§иЎЊз¬¬20дёЄеє—й“єд»»еЉЎпјљECCOз€±ж­Ґз”·йћ‹ж——и€°еє— ID:59809
еЃљд»»еЉЎпјљLee з‡ѓз€†618 дёЌж­ўдє”жЉ;з­‰еѕ…е®Њж€ђ
д»»еЉЎе·Іе®Њж€ђпјЊиЋ·еѕ—500й‡‘еёЃ
еЃљд»»еЉЎпјљеЋ»йЂ›йЈЋе°љжњЌйҐ°дјљењє;з­‰еѕ…е®Њж€ђ
д»»еЉЎе·Іе®Њж€ђпјЊиЋ·еѕ—500й‡‘еёЃ
еЃљд»»еЉЎпјљжµЏи§€дє¬дёњжњЌйҐ°дё»дјљењє;з­‰еѕ…е®Њж€ђ
д»»еЉЎе®Њж€ђ
еЃљд»»еЉЎпјљеЋ»йЂ›жћњй…±е…¬дё»дє¬дёњж——и€°еє—;з­‰еѕ…е®Њж€ђ
д»»еЉЎе®Њж€ђ
ж‰§иЎЊз¬¬21дёЄеє—й“єд»»еЉЎпјљиЃ”жѓідє¬дёњи‡ЄиђҐж——и€°еє— ID:1000000157
еЃљд»»еЉЎпјљеЋ»йЂ›иЃ”жѓіж——и€°еє—;з­‰еѕ…е®Њж€ђ
д»»еЉЎе·Іе®Њж€ђпјЊиЋ·еѕ—500й‡‘еёЃ
еЃљд»»еЉЎпјљеЋ»йЂ›иЃ”жѓіеє—й“є;з­‰еѕ…е®Њж€ђ
д»»еЉЎе®Њж€ђ
еЃљд»»еЉЎпјљйЂ›иЃ”жѓіжґ»еЉЁйЎµ;з­‰еѕ…е®Њж€ђ
д»»еЉЎе·Іе®Њж€ђпјЊиЋ·еѕ—500й‡‘еёЃ
еЃљд»»еЉЎпјљеЋ»йЂ›иЃ”жѓіиЇ„жµ‹йµењ°;з­‰еѕ…е®Њж€ђ
д»»еЉЎе®Њж€ђ
ж‰§иЎЊз¬¬22дёЄеє—й“єд»»еЉЎпјљж¬§иЋ±й›…дє¬дёњи‡ЄиђҐе®ж–№ж——и€°еє— ID:1000002662
еЃљд»»еЉЎпјљеЋ»йЂ›е·ґй»Ћж¬§иЋ±й›…ж——и€°еє—;з­‰еѕ…е®Њж€ђ
д»»еЉЎе·Іе®Њж€ђпјЊиЋ·еѕ—500й‡‘еёЃ
еЃљд»»еЉЎпјљеЋ»йЂ›е·ґй»Ћж¬§иЋ±й›…йў„е”®йЎµ;з­‰еѕ…е®Њж€ђ
д»»еЉЎе·Іе®Њж€ђпјЊиЋ·еѕ—500й‡‘еёЃ
еЃљд»»еЉЎпјљйЂ›еє—й“єйў†е€ё469е‡Џ20;з­‰еѕ…е®Њж€ђ
д»»еЉЎе®Њж€ђ
ж‰§иЎЊз¬¬23дёЄеє—й“єд»»еЉЎпјљи’™з‰›дє¬дёњи‡ЄиђҐж——и€°еє— ID:1000014803
еЃљд»»еЉЎпјљеЋ»йЂ›и’™з‰›и‡ЄиђҐеє—;з­‰еѕ…е®Њж€ђ
д»»еЉЎе·Іе®Њж€ђпјЊиЋ·еѕ—500й‡‘еёЃ
еЃљд»»еЉЎпјљеЋ»жµЏи§€и’™з‰›дјље‘дјљењє;з­‰еѕ…е®Њж€ђ
д»»еЉЎе·Іе®Њж€ђпјЊиЋ·еѕ—500й‡‘еёЃ
еЃљд»»еЉЎпјљеЋ»жµЏи§€и’™з‰›з‰›еҐ¶дјљењє;з­‰еѕ…е®Њж€ђ
д»»еЉЎе®Њж€ђ
ж‰§иЎЊз¬¬24дёЄеє—й“єд»»еЉЎпјљ ID:1000100813
еЃљд»»еЉЎпјљеЋ»Zдё–д»Јж–°зђѓжЋўж–°;з­‰еѕ…е®Њж€ђ
д»»еЉЎе®Њж€ђ
еЃљд»»еЉЎпјљзњ‹зњ‹жњЂж–°6е¤§иїЅж–°и¶‹еЉї;з­‰еѕ…е®Њж€ђ
д»»еЉЎе·Іе®Њж€ђпјЊиЋ·еѕ—500й‡‘еёЃ
еЃљд»»еЉЎпјљйЂ›618е¤§еЉїж–°е“ЃиµЏ;з­‰еѕ…е®Њж€ђ
д»»еЉЎе·Іе®Њж€ђпјЊиЋ·еѕ—500й‡‘еёЃ
ж‰§иЎЊз¬¬25дёЄеє—й“єд»»еЉЎпјљдё№е°је°”жѓ зЃµйЎїдє¬дёњи‡ЄиђҐж——и€°еє— ID:1000013972
еє—й“єз­ѕе€°
еЃљд»»еЉЎпјљйЂ›DWи‡ЄиђҐж——и€°еє—;з­‰еѕ…е®Њж€ђ
д»»еЉЎе·Іе®Њж€ђпјЊиЋ·еѕ—500й‡‘еёЃ
еЃљд»»еЉЎпјљеЋ»йЂ›DWдјље‘йЎµ;з­‰еѕ…е®Њж€ђ
д»»еЉЎе·Іе®Њж€ђпјЊиЋ·еѕ—500й‡‘еёЃ
еЃљд»»еЉЎпјљжµЏи§€DWж–°е“Ѓ;з­‰еѕ…е®Њж€ђ
д»»еЉЎе®Њж€ђ
ж‰§иЎЊз¬¬26дёЄеє—й“єд»»еЉЎпјљLordeдє¬дёњи‡ЄиђҐж——и€°еє— ID:1000094142
еЃљд»»еЉЎпјљеЋ»йЂ›е® з‰©дјљењє;з­‰еѕ…е®Њж€ђ
д»»еЉЎе·Іе®Њж€ђпјЊиЋ·еѕ—500й‡‘еёЃ
еЃљд»»еЉЎпјљжµЏи§€е® з‰©й¦†;з­‰еѕ…е®Њж€ђ
д»»еЉЎе®Њж€ђ
ж‰§иЎЊз¬¬27дёЄеє—й“єд»»еЉЎпјљеѕ®иЅЇдє¬дёњи‡ЄиђҐе®ж–№ж——и€°еє— ID:1000000326
еЃљд»»еЉЎпјљеЋ»йЂ›еѕ®иЅЇж——и€°еє—;з­‰еѕ…е®Њж€ђ
д»»еЉЎе·Іе®Њж€ђпјЊиЋ·еѕ—500й‡‘еёЃ
еЃљд»»еЉЎпјљйЂ›еѕ®иЅЇе‡єж‰‹е¤єжЅ®иЂЂеЋџе€›;з­‰еѕ…е®Њж€ђ
д»»еЉЎе·Іе®Њж€ђпјЊиЋ·еѕ—500й‡‘еёЃ
ж‰§иЎЊз¬¬28дёЄеє—й“єд»»еЉЎпјљи’™з‰›дЅЋжё©д№іе“Ѓдє¬дёњи‡ЄиђҐж——и€°еє— ID:1000078305
еЃљд»»еЉЎпјљеЋ»йЂ›з®Ђз€±ж——и€°еє—;з­‰еѕ…е®Њж€ђ
д»»еЉЎе·Іе®Њж€ђпјЊиЋ·еѕ—500й‡‘еёЃ
еЃљд»»еЉЎпјљжµЏи§€ж№ѕд»”з Ѓе¤ґдјље‘йЎµ;з­‰еѕ…е®Њж€ђ
д»»еЉЎе·Іе®Њж€ђпјЊиЋ·еѕ—500й‡‘еёЃ
еЃљд»»еЉЎпјљйЂ›ж­Је¤§йЈџе“Ѓдє¬дёњи‡ЄиђҐж——и€°еє—;з­‰еѕ…е®Њж€ђ
д»»еЉЎе®Њж€ђ
ж‰§иЎЊз¬¬29дёЄеє—й“єд»»еЉЎпјљ ID:1000332823
еЃљд»»еЉЎпјљеЋ»еЉћй“¶иЎЊеЌЎйЂЃPLUSдјље‘;з­‰еѕ…е®Њж€ђ
д»»еЉЎе·Іе®Њж€ђпјЊиЋ·еѕ—500й‡‘еёЃ
еЃљд»»еЉЎпјљеЋ»йў†PLUSи¶…зє§иґ­з‰©еЌЎ;з­‰еѕ…е®Њж€ђ
д»»еЉЎе·Іе®Њж€ђпјЊиЋ·еѕ—500й‡‘еёЃ
еЃљд»»еЉЎпјљеЋ»йЂ›и¶…зє§з™ѕдєїиЎҐиґґдјљењє;з­‰еѕ…е®Њж€ђ
д»»еЉЎе®Њж€ђ
ж‰§иЎЊз¬¬30дёЄеє—й“єд»»еЉЎпјљдјЉе€©з‰›еҐ¶дє¬дёњи‡ЄиђҐж——и€°еє— ID:1000013402
еЃљд»»еЉЎпјљйЂ›дјЉе€©еҐЅеє—;з­‰еѕ…е®Њж€ђ
д»»еЉЎе·Іе®Њж€ђпјЊиЋ·еѕ—500й‡‘еёЃ
еЃљд»»еЉЎпјљйЂ›дјЉе€©з‰›еҐ¶и‡ЄиђҐеє—з«‹жЉўеҐЅеҐ¶;з­‰еѕ…е®Њж€ђ
д»»еЉЎе®Њж€ђ
еЃљд»»еЉЎпјљеЋ»йЂ›ж¤ЌйЂ‰дє¬дёњи‡ЄиђҐж——и€°еє—;з­‰еѕ…е®Њж€ђ
д»»еЉЎе·Іе®Њж€ђпјЊиЋ·еѕ—500й‡‘еёЃ
еЃљд»»еЉЎпјљеЋ»йЂ›дјЉе€©з‰›еҐ¶жґ»еЉЁдјљењє;з­‰еѕ…е®Њж€ђ
д»»еЉЎе®Њж€ђ
ж‰§иЎЊз¬¬31дёЄеє—й“єд»»еЉЎпјљ ID:1000004064
еЃљд»»еЉЎпјљеЋ»йЂ›е®ќжґЃеє—й“є;з­‰еѕ…е®Њж€ђ
д»»еЉЎе·Іе®Њж€ђпјЊиЋ·еѕ—500й‡‘еёЃ
еЃљд»»еЉЎпјљеЋ»йЂ›е®ќжґЃе®ж–№ж——и€°еє—;з­‰еѕ…е®Њж€ђ
д»»еЉЎе®Њж€ђ
еЃљд»»еЉЎпјљйЂ›е¤§з‰Њжґ—жЉ¤дјљењє;з­‰еѕ…е®Њж€ђ
д»»еЉЎе·Іе®Њж€ђпјЊиЋ·еѕ—500й‡‘еёЃ
еЃљд»»еЉЎпјљеЋ»йў†е®ќжґЃдјље‘з¦Џе€©е€ёеЊ…;з­‰еѕ…е®Њж€ђ
д»»еЉЎе®Њж€ђ
ж‰§иЎЊз¬¬32дёЄеє—й“єд»»еЉЎпјљOPPOдє¬дёњи‡ЄиђҐе®ж–№ж——и€°еє— ID:1000004065
еЃљд»»еЉЎпјљеЋ»йЂ›йЂ›OPPOи‡ЄиђҐж——и€°еє—;з­‰еѕ…е®Њж€ђ
д»»еЉЎе·Іе®Њж€ђпјЊиЋ·еѕ—500й‡‘еёЃ
еЃљд»»еЉЎпјљжµЏи§€OPPOзњЃй’±ж”»з•ҐйЎµ;з­‰еѕ…е®Њж€ђ
д»»еЉЎе·Іе®Њж€ђпјЊиЋ·еѕ—500й‡‘еёЃ
еЃљд»»еЉЎпјљжµЏи§€е­¦з”џжќѓз›Љжґ»еЉЁйЎµ;з­‰еѕ…е®Њж€ђ
д»»еЉЎе®Њж€ђ
ж‰§иЎЊз¬¬33дёЄеє—й“єд»»еЉЎпјљжќЋе®Ѓе®ж–№ж——и€°еє— ID:58366
еЃљд»»еЉЎпјљеЋ»йЂ›йЂ›жќЋе®Ѓе®ж–№ж——и€°еє—;з­‰еѕ…е®Њж€ђ
д»»еЉЎе·Іе®Њж€ђпјЊиЋ·еѕ—500й‡‘еёЃ
еЃљд»»еЉЎпјљжµЏи§€жќЋе®Ѓжґ»еЉЁдјљењєдє«еҐЅз¤ј;з­‰еѕ…е®Њж€ђ
д»»еЉЎе·Іе®Њж€ђпјЊиЋ·еѕ—500й‡‘еёЃ
еЃљд»»еЉЎпјљеЋ»йЂ›йЂ›жќЋе®Ѓйў„е”®й¦–з§Ђ;з­‰еѕ…е®Њж€ђ
д»»еЉЎе®Њж€ђ
ж‰§иЎЊз¬¬34дёЄеє—й“єд»»еЉЎпјљжµ·е°”дє¬дёњи‡ЄиђҐж——и€°еє— ID:1000001782
еЃљд»»еЉЎпјљйЂ›жµ·е°”и‡ЄиђҐж——и€°еє—;з­‰еѕ…е®Њж€ђ
д»»еЉЎе·Іе®Њж€ђпјЊиЋ·еѕ—500й‡‘еёЃ
ж‰§иЎЊз¬¬35дёЄеє—й“єд»»еЉЎпјљиЂђе…‹пј€NIKEпј‰дє¬дёњи‡ЄиђҐдё“еЊє ID:1000001927
еЃљд»»еЉЎпјљеЋ»йЂ›иЂђе…‹и‡ЄиђҐдё“еЊє;з­‰еѕ…е®Њж€ђ
д»»еЉЎе·Іе®Њж€ђпјЊиЋ·еѕ—500й‡‘еёЃ
еЃљд»»еЉЎпјљеЋ»йЂ›иЂђе…‹е¤Џе­Је“Ѓдјљењє;з­‰еѕ…е®Њж€ђ
д»»еЉЎе·Іе®Њж€ђпјЊиЋ·еѕ—500й‡‘еёЃ
еЃљд»»еЉЎпјљжµЏи§€иЂђе…‹ж–°е“Ѓдјљењє;з­‰еѕ…е®Њж€ђ
д»»еЉЎе®Њж€ђ
ж‰§иЎЊз¬¬36дёЄеє—й“єд»»еЉЎпјљ ID:874707
еЃљд»»еЉЎпјљеЋ»йЂ›з®­з‰ЊеЌ«жµґдє«5жЉдјжѓ ;з­‰еѕ…е®Њж€ђ
д»»еЉЎе·Іе®Њж€ђпјЊиЋ·еѕ—500й‡‘еёЃ
еЃљд»»еЉЎпјљеЋ»йЂ›йЂ›е®¶иЈ…е»єжќђ;з­‰еѕ…е®Њж€ђ
д»»еЉЎе·Іе®Њж€ђпјЊиЋ·еѕ—500й‡‘еёЃ
еЃљд»»еЉЎпјљйЂ›е®¶иЈ…е»єжќђдјљењєжЉў1е…ѓеҐЅиґ§;з­‰еѕ…е®Њж€ђ
д»»еЉЎе®Њж€ђ
ж‰§иЎЊз¬¬37дёЄеє—й“єд»»еЉЎпјљiQOOдє¬дёње®ж–№и‡ЄиђҐж——и€°еє— ID:1000310642
еЃљд»»еЉЎпјљеЋ»йЂ›iQOOи‡ЄиђҐеє—й“є;з­‰еѕ…е®Њж€ђ
д»»еЉЎе·Іе®Њж€ђпјЊиЋ·еѕ—500й‡‘еёЃ
еЃљд»»еЉЎпјљйЂ›дє¬дёњж Ўе›­дјљењє;з­‰еѕ…е®Њж€ђ
д»»еЉЎе·Іе®Њж€ђпјЊиЋ·еѕ—500й‡‘еёЃ
ж‰§иЎЊз¬¬38дёЄеє—й“єд»»еЉЎпјљ ID:1000000488
еЃљд»»еЉЎпјљеЋ»йЂ›д№ќеЏ·ж——и€°еє—;з­‰еѕ…е®Њж€ђ
д»»еЉЎе·Іе®Њж€ђпјЊиЋ·еѕ—500й‡‘еёЃ
еЃљд»»еЉЎпјљжµЏи§€иґќж‹‰з±іжњ‰жњєеҐ¶зІ‰жґ»еЉЁйЎµ;з­‰еѕ…е®Њж€ђ
д»»еЉЎе·Іе®Њж€ђпјЊиЋ·еѕ—500й‡‘еёЃ
ж‰§иЎЊз¬¬39дёЄеє—й“єд»»еЉЎпјљиЊ…еЏ°и“ќиЋ“зІѕй…їдє¬дёњи‡ЄиђҐж——и€°еє— ID:1000363141
еЃљд»»еЉЎпјљеЋ»йЂ›иЊ…еЏ°ж‚ ињњеє—й“є;з­‰еѕ…е®Њж€ђ
д»»еЉЎе·Іе®Њж€ђпјЊиЋ·еѕ—500й‡‘еёЃ
еЃљд»»еЉЎпјљйЂ›иЊ…еЏ°и“ќиЋ“зІѕй…їдє¬дёњж——и€°еє—;з­‰еѕ…е®Њж€ђ
д»»еЉЎе®Њж€ђ
еЃљд»»еЉЎпјљйЂ›йЂ›иЊ…еЏ°еЊ…ењєиґ­;з­‰еѕ…е®Њж€ђ
д»»еЉЎе·Іе®Њж€ђпјЊиЋ·еѕ—500й‡‘еёЃ
еЃљд»»еЉЎпјљйЂ›йЂ›иґµе·ћиїЋе®ѕй…’еє—й“єйў†з¦Џе€©;з­‰еѕ…е®Њж€ђ
д»»еЉЎе®Њж€ђ
ж‰§иЎЊз¬¬40дёЄеє—й“єд»»еЉЎпјљadidasе®ж–№ж——и€°еє— ID:58463
еЃљд»»еЉЎпјљеЋ»йЂ›Adidasе®ж–№ж——и€°еє—;з­‰еѕ…е®Њж€ђ
д»»еЉЎе·Іе®Њж€ђпјЊиЋ·еѕ—500й‡‘еёЃ
еЃљд»»еЉЎпјљйЂ›йЂ›adidasйў„е”®йЎµ;з­‰еѕ…е®Њж€ђ
д»»еЉЎе·Іе®Њж€ђпјЊиЋ·еѕ—500й‡‘еёЃ
еЃљд»»еЉЎпјљжµЏи§€adidasзІѕйЂ‰еҐЅиґ§;з­‰еѕ…е®Њж€ђ
д»»еЉЎе®Њж€ђ
ж‰§иЎЊз¬¬41дёЄеє—й“єд»»еЉЎпјљAMDдє¬дёњи‡ЄиђҐж——и€°еє— ID:1000000706
еЃљд»»еЉЎпјљеЋ»йЂ›AMDдє¬дёње®ж–№ж——и€°еє—;з­‰еѕ…е®Њж€ђ
д»»еЉЎе·Іе®Њж€ђпјЊиЋ·еѕ—500й‡‘еёЃ
еЃљд»»еЉЎпјљйЂ›йЂ›еЌЋзЎ•жґ»еЉЁйЎµ;з­‰еѕ…е®Њж€ђ
д»»еЉЎе·Іе®Њж€ђпјЊиЋ·еѕ—500й‡‘еёЃ
еЃљд»»еЉЎпјљйЂ›йЂ›AMDжґ»еЉЁйЎµ;з­‰еѕ…е®Њж€ђ
д»»еЉЎе®Њж€ђ
еЃљд»»еЉЎпјљDIYж”’жњєжЉдёЉ95жЉ;з­‰еѕ…е®Њж€ђ
д»»еЉЎе®Њж€ђ
ж‰§иЎЊз¬¬42дёЄеє—й“єд»»еЉЎпјљдё­е›Ѕз‰№дє§В·дёњеќЎй¦† ID:712065
еЃљд»»еЉЎпјљеЋ»йЂ›дёњеќЎй¦†еє—й“є;з­‰еѕ…е®Њж€ђ
д»»еЉЎе·Іе®Њж€ђпјЊиЋ·еѕ—500й‡‘еёЃ
еЃљд»»еЉЎпјљйЂ›з”џйІњдјљењє;з­‰еѕ…е®Њж€ђ
д»»еЉЎе·Іе®Њж€ђпјЊиЋ·еѕ—500й‡‘еёЃ
ж‰§иЎЊз¬¬43дёЄеє—й“єд»»еЉЎпјљйІЃеЌ—и€’е°”дЅіе®ж–№ж——и€°еє— ID:1000161301
еЃљд»»еЉЎпјљеЋ»йЂ›дє¬дёње¤§иЌЇж€ї;з­‰еѕ…е®Њж€ђ
д»»еЉЎе·Іе®Њж€ђпјЊиЋ·еѕ—500й‡‘еёЃ
еЃљд»»еЉЎпјљиЅ»жќѕд№°еҐЅиЌЇ жµЏи§€жЉўзҐће€ё;з­‰еѕ…е®Њж€ђ
д»»еЉЎе·Іе®Њж€ђпјЊиЋ·еѕ—500й‡‘еёЃ
ж‰§иЎЊз¬¬44дёЄеє—й“єд»»еЉЎпјљSK-IIдє¬дёњи‡ЄиђҐе®ж–№ж——и€°еє— ID:1000009821
еЃљд»»еЉЎпјљеЋ»йЂ›SK-IIж——и€°еє—;з­‰еѕ…е®Њж€ђ
д»»еЉЎе·Іе®Њж€ђпјЊиЋ·еѕ—500й‡‘еёЃ
еЃљд»»еЉЎпјљеЋ»йЂ›SK-IIдє¬дёњи‡ЄиђҐж——и€°еє—;з­‰еѕ…е®Њж€ђ
д»»еЉЎе·Іе®Њж€ђпјЊиЋ·еѕ—500й‡‘еёЃ
еЃљд»»еЉЎпјљеЋ»зЋ©йў†дє¬и±†иµўдє¬и±†;з­‰еѕ…е®Њж€ђ
д»»еЉЎе·Іе®Њж€ђпјЊиЋ·еѕ—7000й‡‘еёЃ
еЃљд»»еЉЎпјљжЇЏж»Ў200е‡Џ30;з­‰еѕ…е®Њж€ђ
љжµЏи§€е­¦з”џжќѓз›Љжґ»еЉЁйЎµ;з­‰еѕ…е®Њж€ђ
д»»еЉЎе®Њж€ђ
ж‰§иЎЊз¬¬33дёЄеє—й“єд»»еЉЎпјљжќЋе®Ѓе®ж–№ж——и€°еє— ID:58366
еє—й“єз­ѕе€°
еЃљд»»еЉЎпјљеЋ»йЂ›йЂ›жќЋе®Ѓе®ж–№ж——и€°еє—;з­‰еѕ…е®Њж€ђ
жґ»еЉЁеј‚еёёе•¦пјЊиЇ·зЁЌеђЋе†ЌиЇ•~
еЃљд»»еЉЎпјљжµЏи§€жќЋе®Ѓжґ»еЉЁдјљењєдє«еҐЅз¤ј;з­‰еѕ…е®Њж€ђ
жґ»еЉЁеј‚еёёе•¦пјЊиЇ·зЁЌеђЋе†ЌиЇ•~
еЃљд»»еЉЎпјљеЋ»йЂ›йЂ›жќЋе®Ѓйў„е”®й¦–з§Ђ;з­‰еѕ…е®Њж€ђ
д»»еЉЎе®Њж€ђ
ж‰§иЎЊз¬¬34дёЄеє—й“єд»»еЉЎпјљжµ·е°”дє¬дёњи‡ЄиђҐж——и€°еє— ID:1000001782
еє—й“єз­ѕе€°
еЃљд»»еЉЎпјљйЂ›жµ·е°”и‡ЄиђҐж——и€°еє—;з­‰еѕ…е®Њж€ђ
жґ»еЉЁеј‚еёёе•¦пјЊиЇ·зЁЌеђЋе†ЌиЇ•~
ж‰§иЎЊз¬¬35дёЄеє—й“єд»»еЉЎпјљиЂђе…‹пј€NIKEпј‰дє¬дёњи‡ЄиђҐдё“еЊє ID:1000001927
еє—й“єз­ѕе€°
еЃљд»»еЉЎпјљеЋ»йЂ›иЂђе…‹и‡ЄиђҐдё“еЊє;з­‰еѕ…е®Њж€ђ
жґ»еЉЁеј‚еёёе•¦пјЊиЇ·зЁЌеђЋе†ЌиЇ•~
еЃљд»»еЉЎпјљеЋ»йЂ›иЂђе…‹е¤Џе­Је“Ѓдјљењє;з­‰еѕ…е®Њж€ђ
жґ»еЉЁеј‚еёёе•¦пјЊиЇ·зЁЌеђЋе†ЌиЇ•~
еЃљд»»еЉЎпјљжµЏи§€иЂђе…‹ж–°е“Ѓдјљењє;з­‰еѕ…е®Њж€ђ
д»»еЉЎе®Њж€ђ
ж‰§иЎЊз¬¬36дёЄеє—й“єд»»еЉЎпјљ ID:874707
еє—й“єз­ѕе€°
еЃљд»»еЉЎпјљеЋ»йЂ›з®­з‰ЊеЌ«жµґдє«5жЉдјжѓ ;з­‰еѕ…е®Њж€ђ
жґ»еЉЁеј‚еёёе•¦пјЊиЇ·зЁЌеђЋе†ЌиЇ•~
еЃљд»»еЉЎпјљеЋ»йЂ›йЂ›е®¶иЈ…е»єжќђ;з­‰еѕ…е®Њж€ђ
жґ»еЉЁеј‚еёёе•¦пјЊиЇ·зЁЌеђЋе†ЌиЇ•~
еЃљд»»еЉЎпјљйЂ›е®¶иЈ…е»єжќђдјљењєжЉў1е…ѓеҐЅиґ§;з­‰еѕ…е®Њж€ђ
д»»еЉЎе®Њж€ђ
ж‰§иЎЊз¬¬37дёЄеє—й“єд»»еЉЎпјљiQOOдє¬дёње®ж–№и‡ЄиђҐж——и€°еє— ID:1000310642
еє—й“єз­ѕе€°
еЃљд»»еЉЎпјљеЋ»йЂ›iQOOи‡ЄиђҐеє—й“є;з­‰еѕ…е®Њж€ђ
жґ»еЉЁеј‚еёёе•¦пјЊиЇ·зЁЌеђЋе†ЌиЇ•~
еЃљд»»еЉЎпјљйЂ›дє¬дёњж Ўе›­дјљењє;з­‰еѕ…е®Њж€ђ
жґ»еЉЁеј‚еёёе•¦пјЊиЇ·зЁЌеђЋе†ЌиЇ•~
ж‰§иЎЊз¬¬38дёЄеє—й“єд»»еЉЎпјљ ID:1000000488
еє—й“єз­ѕе€°
еЃљд»»еЉЎпјљеЋ»йЂ›д№ќеЏ·ж——и€°еє—;з­‰еѕ…е®Њж€ђ
жґ»еЉЁеј‚еёёе•¦пјЊиЇ·зЁЌеђЋе†ЌиЇ•~
еЃљд»»еЉЎпјљжµЏи§€иґќж‹‰з±іжњ‰жњєеҐ¶зІ‰жґ»еЉЁйЎµ;з­‰еѕ…е®Њж€ђ
жґ»еЉЁеј‚еёёе•¦пјЊиЇ·зЁЌеђЋе†ЌиЇ•~
ж‰§иЎЊз¬¬39дёЄеє—й“єд»»еЉЎпјљиЊ…еЏ°и“ќиЋ“зІѕй…їдє¬дёњи‡ЄиђҐж——и€°еє— ID:1000363141
еє—й“єз­ѕе€°
еЃљд»»еЉЎпјљеЋ»йЂ›иЊ…еЏ°ж‚ ињњеє—й“є;з­‰еѕ…е®Њж€ђ
жґ»еЉЁеј‚еёёе•¦пјЊиЇ·зЁЌеђЋе†ЌиЇ•~
еЃљд»»еЉЎпјљйЂ›иЊ…еЏ°и“ќиЋ“зІѕй…їдє¬дёњж——и€°еє—;з­‰еѕ…е®Њж€ђ
д»»еЉЎе®Њж€ђ
еЃљд»»еЉЎпјљйЂ›йЂ›иЊ…еЏ°еЊ…ењєиґ­;з­‰еѕ…е®Њж€ђ
жґ»еЉЁеј‚еёёе•¦пјЊиЇ·зЁЌеђЋе†ЌиЇ•~
еЃљд»»еЉЎпјљйЂ›йЂ›иґµе·ћиїЋе®ѕй…’еє—й“єйў†з¦Џе€©;з­‰еѕ…е®Њж€ђ
д»»еЉЎе®Њж€ђ
ж‰§иЎЊз¬¬40дёЄеє—й“єд»»еЉЎпјљadidasе®ж–№ж——и€°еє— ID:58463
еє—й“єз­ѕе€°
еЃљд»»еЉЎпјљеЋ»йЂ›Adidasе®ж–№ж——и€°еє—;з­‰еѕ…е®Њж€ђ
жґ»еЉЁеј‚еёёе•¦пјЊиЇ·зЁЌеђЋе†ЌиЇ•~
еЃљд»»еЉЎпјљйЂ›йЂ›adidasйў„е”®йЎµ;з­‰еѕ…е®Њж€ђ
жґ»еЉЁеј‚еёёе•¦пјЊиЇ·зЁЌеђЋе†ЌиЇ•~
еЃљд»»еЉЎпјљжµЏи§€adidasзІѕйЂ‰еҐЅиґ§;з­‰еѕ…е®Њж€ђ
д»»еЉЎе®Њж€ђ
ж‰§иЎЊз¬¬41дёЄеє—й“єд»»еЉЎпјљAMDдє¬дёњи‡ЄиђҐж——и€°еє— ID:1000000706
еє—й“єз­ѕе€°
еЃљд»»еЉЎпјљеЋ»йЂ›AMDдє¬дёње®ж–№ж——и€°еє—;з­‰еѕ…е®Њж€ђ
жґ»еЉЁеј‚еёёе•¦пјЊиЇ·зЁЌеђЋе†ЌиЇ•~
еЃљд»»еЉЎпјљйЂ›йЂ›еЌЋзЎ•жґ»еЉЁйЎµ;з­‰еѕ…е®Њж€ђ
жґ»еЉЁеј‚еёёе•¦пјЊиЇ·зЁЌеђЋе†ЌиЇ•~
еЃљд»»еЉЎпјљйЂ›йЂ›AMDжґ»еЉЁйЎµ;з­‰еѕ…е®Њж€ђ
д»»еЉЎе®Њж€ђ
еЃљд»»еЉЎпјљDIYж”’жњєжЉдёЉ95жЉ;з­‰еѕ…е®Њж€ђ
д»»еЉЎе®Њж€ђ
ж‰§иЎЊз¬¬42дёЄеє—й“єд»»еЉЎпјљдё­е›Ѕз‰№дє§В·дёњеќЎй¦† ID:712065
еє—й“єз­ѕе€°
еЃљд»»еЉЎпјљеЋ»йЂ›дёњеќЎй¦†еє—й“є;з­‰еѕ…е®Њж€ђ
жґ»еЉЁеј‚еёёе•¦пјЊиЇ·зЁЌеђЋе†ЌиЇ•~
еЃљд»»еЉЎпјљйЂ›з”џйІњдјљењє;з­‰еѕ…е®Њж€ђ
жґ»еЉЁеј‚еёёе•¦пјЊиЇ·зЁЌеђЋе†ЌиЇ•~
ж‰§иЎЊз¬¬43дёЄеє—й“єд»»еЉЎпјљйІЃеЌ—и€’е°”дЅіе®ж–№ж——и€°еє— ID:1000161301
еє—й“єз­ѕе€°
еЃљд»»еЉЎпјљеЋ»йЂ›дє¬дёње¤§иЌЇж€ї;з­‰еѕ…е®Њж€ђ
жґ»еЉЁеј‚еёёе•¦пјЊиЇ·зЁЌеђЋе†ЌиЇ•~
еЃљд»»еЉЎпјљиЅ»жќѕд№°еҐЅиЌЇ жµЏи§€жЉўзҐће€ё;з­‰еѕ…е®Њж€ђ
жґ»еЉЁеј‚еёёе•¦пјЊиЇ·зЁЌеђЋе†ЌиЇ•~
ж‰§иЎЊз¬¬44дёЄеє—й“єд»»еЉЎпјљSK-IIдє¬дёњи‡ЄиђҐе®ж–№ж——и€°еє— ID:1000009821
еє—й“єз­ѕе€°
еЃљд»»еЉЎпјљеЋ»йЂ›SK-IIж——и€°еє—;з­‰еѕ…е®Њж€ђ
жґ»еЉЁеј‚еёёе•¦пјЊиЇ·зЁЌеђЋе†ЌиЇ•~
еЃљд»»еЉЎпјљеЋ»йЂ›SK-IIдє¬дёњи‡ЄиђҐж——и€°еє—;з­‰еѕ…е®Њж€ђ
жґ»еЉЁеј‚еёёе•¦пјЊиЇ·зЁЌеђЋе†ЌиЇ•~
еЃљд»»еЉЎпјљеЋ»зЋ©йў†дє¬и±†иµўдє¬и±†;з­‰еѕ…е®Њж€ђ
жґ»еЉЁеј‚еёёе•¦пјЊиЇ·зЁЌеђЋе†ЌиЇ•~
еЃљд»»еЉЎпјљжЇЏж»Ў200е‡Џ30;з­‰еѕ…е®Њж€ђ
