Jun 14 00:32:00 
Jun 14 00:32:00 
Jun 14 00:32:00 您的cookie选择的是用&隔开
Jun 14 00:32:00 
Jun 14 00:32:00 
Jun 14 00:32:00 
Jun 14 00:32:00 您的cookie选择的是用&隔开
Jun 14 00:32:00 
Jun 14 00:32:00 
Jun 14 00:32:00 0.087 秒
Jun 14 00:32:00 
Jun 14 00:32:00 
Jun 14 00:32:00 0.084 秒
Jun 14 00:32:00 
Jun 14 00:32:00 
Jun 14 00:32:00 
Jun 14 00:32:00 京东成长分
Jun 14 00:32:00 签到结果: 成功
Jun 14 00:32:00 
Jun 14 00:32:00 
Jun 14 00:32:00 京东成长分
Jun 14 00:32:00 签到结果: 成功
Jun 15 00:32:00 
Jun 15 00:32:00 
Jun 15 00:32:00 您的cookie选择的是用&隔开
Jun 15 00:32:00 
Jun 15 00:32:00 
Jun 15 00:32:00 
Jun 15 00:32:00 您的cookie选择的是用&隔开
Jun 15 00:32:00 
Jun 15 00:32:00 
Jun 15 00:32:00 0.077 秒
Jun 15 00:32:00 
Jun 15 00:32:00 
Jun 15 00:32:00 0.08 秒
Jun 15 00:32:00 
Jun 15 00:32:00 
Jun 15 00:32:00 
Jun 15 00:32:00 京东成长分
Jun 15 00:32:00 签到结果: 成功
Jun 15 00:32:00 
Jun 15 00:32:00 
Jun 15 00:32:00 京东成长分
Jun 15 00:32:00 签到结果: 成功
