Jun 14 00:34:00 
Jun 14 00:34:00 
Jun 14 00:34:00 
Jun 14 00:34:00 
Jun 14 00:34:00 您的cookie选择的是用&隔开
Jun 14 00:34:00 
Jun 14 00:34:00 您的cookie选择的是用&隔开
Jun 14 00:34:00 
Jun 14 00:34:00 {"resultCode":0,"resultMsg":"操作成功","resultData":{"code":"0004","success":true,"info":"不存在的"},"channelEncrypt":0}
Jun 14 00:34:00 {"resultCode":0,"resultMsg":"操作成功","resultData":{"code":"0004","success":true,"info":"不存在的"},"channelEncrypt":0}
Jun 14 00:34:00 {"resultCode":0,"resultMsg":"操作成功","channelEncrypt":0}
Jun 14 00:34:00 正在获取taskID
Jun 14 00:34:00 TypeError: Cannot read property 'taskList' of undefined
Jun 14 00:34:00 [object Object]
Jun 14 00:34:00 正在逐个处理任务
Jun 14 00:34:00 {"resultCode":0,"resultMsg":"操作成功","channelEncrypt":0}
Jun 14 00:34:00 正在获取taskID
Jun 14 00:34:00 TypeError: Cannot read property 'taskList' of undefined
Jun 14 00:34:00 [object Object]
Jun 14 00:34:00 正在逐个处理任务
Jun 14 00:34:00 
Jun 14 00:34:00 
Jun 14 00:34:00 
Jun 14 00:34:00 
Jun 14 00:34:00 {"resultCode":0,"resultMsg":"操作成功","resultData":{"result":{"code":"0000","success":true,"info":"成功"},"ecologicUserInfo":{"scoreLevel":4,"ecologicScore":5238,"scoreType":1,"ecologicType":1,"pin":"455979050-14287437","imageUrl":"http://storage.360buyimg.com/i.imageUpload/3435353937393035302d313432383734333731333838333636343234393334_sma.jpg","studentStatus":4,"userType":2}},"channelEncrypt":0}
Jun 14 00:34:00 
Jun 14 00:34:00 0.436 秒
Jun 14 00:34:00 
Jun 14 00:34:00 {"resultCode":0,"resultMsg":"操作成功","resultData":{"result":{"code":"0000","success":true,"info":"成功"},"ecologicUserInfo":{"scoreLevel":4,"ecologicScore":5238,"scoreType":1,"ecologicType":1,"pin":"455979050-14287437","imageUrl":"http://storage.360buyimg.com/i.imageUpload/3435353937393035302d313432383734333731333838333636343234393334_sma.jpg","studentStatus":4,"userType":2}},"channelEncrypt":0}
Jun 14 00:34:00 
Jun 14 00:34:00 0.436 秒
Jun 14 00:34:00 
Jun 15 00:34:00 
Jun 15 00:34:00 
Jun 15 00:34:00 您的cookie选择的是用&隔开
Jun 15 00:34:00 
Jun 15 00:34:00 
Jun 15 00:34:00 
Jun 15 00:34:00 您的cookie选择的是用&隔开
Jun 15 00:34:00 
Jun 15 00:34:00 {"resultCode":0,"resultMsg":"操作成功","resultData":{"code":"0004","success":true,"info":"不存在的"},"channelEncrypt":0}
Jun 15 00:34:00 {"resultCode":0,"resultMsg":"操作成功","resultData":{"code":"0004","success":true,"info":"不存在的"},"channelEncrypt":0}
Jun 15 00:34:00 {"resultCode":0,"resultMsg":"操作成功","channelEncrypt":0}
Jun 15 00:34:00 正在获取taskID
Jun 15 00:34:00 TypeError: Cannot read property 'taskList' of undefined
Jun 15 00:34:00 [object Object]
Jun 15 00:34:00 正在逐个处理任务
Jun 15 00:34:00 {"resultCode":0,"resultMsg":"操作成功","channelEncrypt":0}
Jun 15 00:34:00 正在获取taskID
Jun 15 00:34:00 TypeError: Cannot read property 'taskList' of undefined
Jun 15 00:34:00 [object Object]
Jun 15 00:34:00 正在逐个处理任务
Jun 15 00:34:00 
Jun 15 00:34:00 
Jun 15 00:34:00 
Jun 15 00:34:00 
Jun 15 00:34:00 {"resultCode":0,"resultMsg":"操作成功","resultData":{"result":{"code":"0000","success":true,"info":"成功"},"ecologicUserInfo":{"scoreLevel":4,"ecologicScore":5238,"scoreType":1,"ecologicType":1,"pin":"455979050-14287437","imageUrl":"http://storage.360buyimg.com/i.imageUpload/3435353937393035302d313432383734333731333838333636343234393334_sma.jpg","studentStatus":4,"userType":2}},"channelEncrypt":0}
Jun 15 00:34:00 {"resultCode":0,"resultMsg":"操作成功","resultData":{"result":{"code":"0000","success":true,"info":"成功"},"ecologicUserInfo":{"scoreLevel":4,"ecologicScore":5238,"scoreType":1,"ecologicType":1,"pin":"455979050-14287437","imageUrl":"http://storage.360buyimg.com/i.imageUpload/3435353937393035302d313432383734333731333838333636343234393334_sma.jpg","studentStatus":4,"userType":2}},"channelEncrypt":0}
Jun 15 00:34:00 
Jun 15 00:34:00 0.435 秒
Jun 15 00:34:00 
Jun 15 00:34:00 
Jun 15 00:34:00 0.445 秒
Jun 15 00:34:00 
