Jun 14 01:15:00 
Jun 14 01:15:00 🔔京东超级盒子, 开始!
Jun 14 01:15:00 您的cookie选择的是用&隔开
Jun 14 01:15:00 
Jun 14 01:15:00 
Jun 14 01:15:00 ====================共有2个京东账号Cookie=========
Jun 14 01:15:00 
Jun 14 01:15:00 ==================脚本执行- 北京时间(UTC+8)：6/14/2021, 1:15:00 AM=====================
Jun 14 01:15:00 
Jun 14 01:15:00 
Jun 14 01:15:00 🔔京东超级盒子, 开始!
Jun 14 01:15:00 您的cookie选择的是用&隔开
Jun 14 01:15:00 
Jun 14 01:15:00 
Jun 14 01:15:00 ====================共有2个京东账号Cookie=========
Jun 14 01:15:00 
Jun 14 01:15:00 ==================脚本执行- 北京时间(UTC+8)：6/14/2021, 1:15:00 AM=====================
Jun 14 01:15:00 
Jun 14 01:15:00 
Jun 14 01:15:00 ******开始【京东账号1】赛格di*********
Jun 14 01:15:00 
Jun 14 01:15:00 
Jun 14 01:15:00 ******开始【京东账号1】赛格di*********
Jun 14 01:15:00 
Jun 14 01:15:00 当前可抽奖次数：1
Jun 14 01:15:00 去抽奖->
Jun 14 01:15:00 当前可抽奖次数：1
Jun 14 01:15:00 去抽奖->
Jun 14 01:15:00  -啥都没有～
Jun 14 01:15:00 没有抽奖次数
Jun 14 01:15:01 
Jun 14 01:15:01 获取任务列表成功
Jun 14 01:15:01 
Jun 14 01:15:01 浏览超级大牌店铺 -> 0/5
Jun 14 01:15:01 
Jun 14 01:15:01 获取任务列表成功
Jun 14 01:15:01 
Jun 14 01:15:01 浏览超级大牌店铺 -> 0/5
Jun 14 01:15:01 限流
Jun 14 01:15:01   -完成任务
Jun 14 01:15:03   -完成任务
Jun 14 01:15:03 限流
Jun 14 01:15:05 限流
Jun 14 01:15:05   -完成任务
Jun 14 01:15:07 获取锁失败
Jun 14 01:15:07   -完成任务
Jun 14 01:15:09 限流
Jun 14 01:15:09 限流
Jun 14 01:15:15 浏览超级重磅店铺 -> 0/5
Jun 14 01:15:15 浏览超级重磅店铺 -> 0/5
Jun 14 01:15:15   -完成任务
Jun 14 01:15:15   -完成任务
Jun 14 01:15:17   -完成任务
Jun 14 01:15:17 限流
Jun 14 01:15:19 限流
Jun 14 01:15:19 限流
Jun 14 01:15:21 限流
Jun 14 01:15:22   -完成任务
Jun 14 01:15:24   -完成任务
Jun 14 01:15:24 限流
Jun 14 01:15:30 浏览超级福利店铺 -> 0/5
Jun 14 01:15:30 浏览超级福利店铺 -> 0/5
Jun 14 01:15:30 限流
Jun 14 01:15:30 限流
Jun 14 01:15:32 限流
Jun 14 01:15:32   -完成任务
Jun 14 01:15:34   -完成任务
Jun 14 01:15:34   -完成任务
Jun 14 01:15:36 限流
Jun 14 01:15:36   -完成任务
Jun 14 01:15:38   -完成任务
Jun 14 01:15:38 限流
Jun 14 01:15:44 邀请好友 -> 0/2
Jun 14 01:15:44 邀请好友 -> 0/2
Jun 14 01:15:45 
Jun 14 01:15:45 ******开始【京东账号2】了来风*********
Jun 14 01:15:45 
Jun 14 01:15:45 
Jun 14 01:15:45 ******开始【京东账号2】了来风*********
Jun 14 01:15:45 
Jun 14 01:15:45 当前可抽奖次数：1
Jun 14 01:15:45 去抽奖->
Jun 14 01:15:45 当前可抽奖次数：1
Jun 14 01:15:45 去抽奖->
Jun 14 01:15:45 获取锁失败
Jun 14 01:15:45  -领取到优惠券 400减100 有效期截止：2021-06-20 23:59:59
Jun 14 01:15:45 
Jun 14 01:15:45 获取任务列表成功
Jun 14 01:15:45 
Jun 14 01:15:45 浏览超级大牌店铺 -> 0/5
Jun 14 01:15:46 
Jun 14 01:15:46 获取任务列表成功
Jun 14 01:15:46 
Jun 14 01:15:46 浏览超级大牌店铺 -> 0/5
Jun 14 01:15:46 限流
Jun 14 01:15:46 限流
Jun 14 01:15:48 限流
Jun 14 01:15:48 限流
Jun 14 01:15:50   -完成任务
Jun 14 01:15:50 限流
Jun 14 01:15:52 限流
Jun 14 01:15:52   -完成任务
Jun 14 01:15:54 限流
Jun 14 01:15:54 限流
Jun 14 01:16:00 浏览超级重磅店铺 -> 0/5
Jun 14 01:16:00 浏览超级重磅店铺 -> 0/5
Jun 14 01:16:00 限流
Jun 14 01:16:00 限流
Jun 14 01:16:02   -完成任务
Jun 14 01:16:02   -完成任务
Jun 14 01:16:04   -完成任务
Jun 14 01:16:04   -完成任务
Jun 14 01:16:06 限流
Jun 14 01:16:06   -完成任务
Jun 14 01:16:08 任务已完成
Jun 14 01:16:08 限流
Jun 14 01:16:14 浏览超级福利店铺 -> 0/5
Jun 14 01:16:14   -完成任务
Jun 14 01:16:14 浏览超级福利店铺 -> 0/5
Jun 14 01:16:14   -完成任务
Jun 14 01:16:16 限流
Jun 14 01:16:16 限流
Jun 14 01:16:18   -完成任务
Jun 14 01:16:18 限流
Jun 14 01:16:20   -完成任务
Jun 14 01:16:20   -完成任务
Jun 14 01:16:22 限流
Jun 14 01:16:26 邀请好友 -> 0/2
Jun 14 01:16:27 
Jun 14 01:16:27 ******开始【京东账号1】赛格di*********
Jun 14 01:16:27 
Jun 14 01:16:27 去助力【9VybaUnz7-HYBflBEE3lQg】
Jun 14 01:16:27 当前可抽奖次数：2
Jun 14 01:16:27 去抽奖->
Jun 14 01:16:28  -啥都没有～
Jun 14 01:16:28  -领取到优惠券 400减100 有效期截止：2021-06-20 23:59:59
Jun 14 01:16:28 邀请好友 -> 0/2
Jun 14 01:16:29 
Jun 14 01:16:29 ******开始【京东账号1】赛格di*********
Jun 14 01:16:29 
Jun 14 01:16:29 去助力【9VybaUnz7-HYBflBEE3lQg】
Jun 14 01:16:30 去助力【aiowSL70JXGc_5xpPMAWrw】
Jun 14 01:16:30 去助力【aiowSL70JXGc_5xpPMAWrw】
Jun 14 01:16:31 
Jun 14 01:16:31 ******开始【京东账号2】了来风*********
Jun 14 01:16:31 
Jun 14 01:16:31 去助力【9VybaUnz7-HYBflBEE3lQg】
Jun 14 01:16:31 当前可抽奖次数：3
Jun 14 01:16:31 去抽奖->
Jun 14 01:16:31  -啥都没有～
Jun 14 01:16:32 
Jun 14 01:16:32 ******开始【京东账号2】了来风*********
Jun 14 01:16:32 
Jun 14 01:16:32 去助力【9VybaUnz7-HYBflBEE3lQg】
Jun 14 01:16:32  -啥都没有～
Jun 14 01:16:32 当前可抽奖次数：1
Jun 14 01:16:32 去抽奖->
Jun 14 01:16:32  -领取到优惠券 400减100 有效期截止：2021-06-20 23:59:59
Jun 14 01:16:32 没有抽奖次数
Jun 14 01:16:33 去助力【aiowSL70JXGc_5xpPMAWrw】
Jun 14 01:16:34 去助力【aiowSL70JXGc_5xpPMAWrw】
Jun 14 01:16:34 
Jun 14 01:16:34 🔔京东超级盒子, 结束! 🕛 94.336 秒
Jun 14 01:16:34 
Jun 14 01:16:35 
Jun 14 01:16:35 🔔京东超级盒子, 结束! 🕛 94.668 秒
Jun 14 01:16:35 
Jun 14 12:15:00 
Jun 14 12:15:00 🔔京东超级盒子, 开始!
Jun 14 12:15:00 您的cookie选择的是用&隔开
Jun 14 12:15:00 
Jun 14 12:15:00 
Jun 14 12:15:00 ====================共有2个京东账号Cookie=========
Jun 14 12:15:00 
Jun 14 12:15:00 ==================脚本执行- 北京时间(UTC+8)：6/14/2021, 12:15:00 PM=====================
Jun 14 12:15:00 
Jun 14 12:15:00 
Jun 14 12:15:00 🔔京东超级盒子, 开始!
Jun 14 12:15:00 您的cookie选择的是用&隔开
Jun 14 12:15:00 
Jun 14 12:15:00 
Jun 14 12:15:00 ====================共有2个京东账号Cookie=========
Jun 14 12:15:00 
Jun 14 12:15:00 ==================脚本执行- 北京时间(UTC+8)：6/14/2021, 12:15:00 PM=====================
Jun 14 12:15:00 
Jun 14 12:15:00 
Jun 14 12:15:00 ******开始【京东账号1】赛格di*********
Jun 14 12:15:00 
Jun 14 12:15:00 
Jun 14 12:15:00 ******开始【京东账号1】赛格di*********
Jun 14 12:15:00 
Jun 14 12:15:00 当前可抽奖次数：1
Jun 14 12:15:00 去抽奖->
Jun 14 12:15:00 当前可抽奖次数：1
Jun 14 12:15:00 去抽奖->
Jun 14 12:15:00 获取锁失败
Jun 14 12:15:00  -啥都没有～
Jun 14 12:15:01 
Jun 14 12:15:01 获取任务列表成功
Jun 14 12:15:01 
Jun 14 12:15:01 浏览超级大牌店铺 -> 4/5
Jun 14 12:15:01 
Jun 14 12:15:01 获取任务列表成功
Jun 14 12:15:01 
Jun 14 12:15:01 浏览超级大牌店铺 -> 4/5
Jun 14 12:15:01   -完成任务
Jun 14 12:15:01 任务已完成
Jun 14 12:15:07 浏览超级重磅店铺 -> 已完成
Jun 14 12:15:07 浏览超级重磅店铺 -> 已完成
Jun 14 12:15:08 浏览超级福利店铺 -> 已完成
Jun 14 12:15:08 浏览超级福利店铺 -> 已完成
Jun 14 12:15:09 邀请好友 -> 1/2
Jun 14 12:15:09 邀请好友 -> 1/2
Jun 14 12:15:10 
Jun 14 12:15:10 ******开始【京东账号2】了来风*********
Jun 14 12:15:10 
Jun 14 12:15:10 
Jun 14 12:15:10 ******开始【京东账号2】了来风*********
Jun 14 12:15:10 
Jun 14 12:15:10 
Jun 14 12:15:10 获取任务列表成功
Jun 14 12:15:10 
Jun 14 12:15:10 浏览超级大牌店铺 -> 2/5
Jun 14 12:15:10 
Jun 14 12:15:10 获取任务列表成功
Jun 14 12:15:10 
Jun 14 12:15:10 浏览超级大牌店铺 -> 2/5
Jun 14 12:15:10   -完成任务
Jun 14 12:15:10   -完成任务
Jun 14 12:15:12   -完成任务
Jun 14 12:15:12 任务已完成
Jun 14 12:15:14 任务已完成
Jun 14 12:15:14 任务已完成
Jun 14 12:15:20 浏览超级重磅店铺 -> 已完成
Jun 14 12:15:20 浏览超级重磅店铺 -> 已完成
Jun 14 12:15:21 浏览超级福利店铺 -> 已完成
Jun 14 12:15:21 浏览超级福利店铺 -> 已完成
Jun 14 12:15:22 邀请好友 -> 1/2
Jun 14 12:15:22 邀请好友 -> 1/2
Jun 14 12:15:23 
Jun 14 12:15:23 ******开始【京东账号1】赛格di*********
Jun 14 12:15:23 
Jun 14 12:15:23 去助力【9VybaUnz7-HYBflBEE3lQg】
Jun 14 12:15:24 
Jun 14 12:15:24 ******开始【京东账号1】赛格di*********
Jun 14 12:15:24 
Jun 14 12:15:24 去助力【9VybaUnz7-HYBflBEE3lQg】
Jun 14 12:15:24 当前可抽奖次数：1
Jun 14 12:15:24 去抽奖->
Jun 14 12:15:24 当前可抽奖次数：1
Jun 14 12:15:24 去抽奖->
Jun 14 12:15:24  -啥都没有～
Jun 14 12:15:24 没有抽奖次数
Jun 14 12:15:24  -啥都没有～
Jun 14 12:15:24 当日实物大奖已抽取
Jun 14 12:15:25 去助力【aiowSL70JXGc_5xpPMAWrw】
Jun 14 12:15:25 去助力【aiowSL70JXGc_5xpPMAWrw】
Jun 14 12:15:26 
Jun 14 12:15:26 ******开始【京东账号2】了来风*********
Jun 14 12:15:26 
Jun 14 12:15:26 去助力【9VybaUnz7-HYBflBEE3lQg】
Jun 14 12:15:26 
Jun 14 12:15:26 ******开始【京东账号2】了来风*********
Jun 14 12:15:26 
Jun 14 12:15:26 去助力【9VybaUnz7-HYBflBEE3lQg】
Jun 14 12:15:26 当前可抽奖次数：1
Jun 14 12:15:26 去抽奖->
Jun 14 12:15:26 当前可抽奖次数：1
Jun 14 12:15:26 去抽奖->
Jun 14 12:15:26 获取锁失败
Jun 14 12:15:26  -啥都没有～
Jun 14 12:15:27 获取锁失败
Jun 14 12:15:27  -啥都没有～
Jun 14 12:15:28 去助力【aiowSL70JXGc_5xpPMAWrw】
Jun 14 12:15:28 去助力【aiowSL70JXGc_5xpPMAWrw】
Jun 14 12:15:29 
Jun 14 12:15:29 🔔京东超级盒子, 结束! 🕛 29.07 秒
Jun 14 12:15:29 
Jun 14 12:15:29 
Jun 14 12:15:29 🔔京东超级盒子, 结束! 🕛 29.124 秒
Jun 14 12:15:29 
Jun 15 01:15:00 
Jun 15 01:15:00 🔔京东超级盒子, 开始!
Jun 15 01:15:00 您的cookie选择的是用&隔开
Jun 15 01:15:00 
Jun 15 01:15:00 
Jun 15 01:15:00 ====================共有2个京东账号Cookie=========
Jun 15 01:15:00 
Jun 15 01:15:00 
Jun 15 01:15:00 🔔京东超级盒子, 开始!
Jun 15 01:15:00 您的cookie选择的是用&隔开
Jun 15 01:15:00 
Jun 15 01:15:00 
Jun 15 01:15:00 ====================共有2个京东账号Cookie=========
Jun 15 01:15:00 
Jun 15 01:15:00 ==================脚本执行- 北京时间(UTC+8)：6/15/2021, 1:15:00 AM=====================
Jun 15 01:15:00 
Jun 15 01:15:00 ==================脚本执行- 北京时间(UTC+8)：6/15/2021, 1:15:00 AM=====================
Jun 15 01:15:00 
Jun 15 01:15:00 
Jun 15 01:15:00 ******开始【京东账号1】赛格di*********
Jun 15 01:15:00 
Jun 15 01:15:00 
Jun 15 01:15:00 ******开始【京东账号1】赛格di*********
Jun 15 01:15:00 
Jun 15 01:15:00 当前可抽奖次数：1
Jun 15 01:15:00 去抽奖->
Jun 15 01:15:00 当前可抽奖次数：1
Jun 15 01:15:00 去抽奖->
Jun 15 01:15:00  -啥都没有～
Jun 15 01:15:00 没有抽奖次数
Jun 15 01:15:01 
Jun 15 01:15:01 获取任务列表成功
Jun 15 01:15:01 
Jun 15 01:15:01 浏览超级大牌店铺 -> 0/5
Jun 15 01:15:01   -完成任务
Jun 15 01:15:01 
Jun 15 01:15:01 获取任务列表成功
Jun 15 01:15:01 
Jun 15 01:15:01 浏览超级大牌店铺 -> 1/5
Jun 15 01:15:01   -完成任务
Jun 15 01:15:03 限流
Jun 15 01:15:03   -完成任务
Jun 15 01:15:05   -完成任务
Jun 15 01:15:05   -完成任务
Jun 15 01:15:07 任务已完成
Jun 15 01:15:07 限流
Jun 15 01:15:09 任务已完成
Jun 15 01:15:13 浏览超级重磅店铺 -> 0/5
Jun 15 01:15:13   -完成任务
Jun 15 01:15:15 浏览超级重磅店铺 -> 0/5
Jun 15 01:15:15 限流
Jun 15 01:15:15 限流
Jun 15 01:15:17 限流
Jun 15 01:15:17 限流
Jun 15 01:15:19 限流
Jun 15 01:15:19 限流
Jun 15 01:15:21 限流
Jun 15 01:15:21 限流
Jun 15 01:15:27 浏览超级福利店铺 -> 0/5
Jun 15 01:15:27 浏览超级福利店铺 -> 0/5
Jun 15 01:15:27   -完成任务
Jun 15 01:15:27   -完成任务
Jun 15 01:15:29   -完成任务
Jun 15 01:15:29 限流
Jun 15 01:15:31   -完成任务
Jun 15 01:15:31   -完成任务
Jun 15 01:15:33 任务已完成
Jun 15 01:15:33 限流
Jun 15 01:15:35 任务已完成
Jun 15 01:15:39 邀请好友 -> 0/2
Jun 15 01:15:41 
Jun 15 01:15:41 ******开始【京东账号2】了来风*********
Jun 15 01:15:41 
Jun 15 01:15:41 当前可抽奖次数：1
Jun 15 01:15:41 去抽奖->
Jun 15 01:15:41  -领取到优惠券 400减100 有效期截止：2021-06-20 23:59:59
Jun 15 01:15:41 
Jun 15 01:15:41 获取任务列表成功
Jun 15 01:15:41 
Jun 15 01:15:41 浏览超级大牌店铺 -> 0/5
Jun 15 01:15:41 限流
Jun 15 01:15:41 邀请好友 -> 0/2
Jun 15 01:15:43 
Jun 15 01:15:43 ******开始【京东账号2】了来风*********
Jun 15 01:15:43 
Jun 15 01:15:43 
Jun 15 01:15:43 获取任务列表成功
Jun 15 01:15:43 
Jun 15 01:15:43 浏览超级大牌店铺 -> 0/5
Jun 15 01:15:43 限流
Jun 15 01:15:43   -完成任务
Jun 15 01:15:45 限流
Jun 15 01:15:45 限流
Jun 15 01:15:47 限流
Jun 15 01:15:47 限流
Jun 15 01:15:49   -完成任务
Jun 15 01:15:49   -完成任务
Jun 15 01:15:51 限流
Jun 15 01:15:55 浏览超级重磅店铺 -> 0/5
Jun 15 01:15:56 限流
Jun 15 01:15:57 浏览超级重磅店铺 -> 0/5
Jun 15 01:15:57   -完成任务
Jun 15 01:15:58 限流
Jun 15 01:15:59 限流
Jun 15 01:16:00 限流
Jun 15 01:16:01   -完成任务
Jun 15 01:16:02   -完成任务
Jun 15 01:16:03   -完成任务
Jun 15 01:16:04 限流
Jun 15 01:16:05 限流
Jun 15 01:16:10 浏览超级福利店铺 -> 0/5
Jun 15 01:16:10   -完成任务
Jun 15 01:16:11 浏览超级福利店铺 -> 0/5
Jun 15 01:16:11 限流
Jun 15 01:16:12 限流
Jun 15 01:16:13 限流
Jun 15 01:16:14   -完成任务
Jun 15 01:16:15 限流
Jun 15 01:16:16   -完成任务
Jun 15 01:16:17 限流
Jun 15 01:16:18 限流
Jun 15 01:16:23 邀请好友 -> 0/2
Jun 15 01:16:24 邀请好友 -> 0/2
Jun 15 01:16:24 
Jun 15 01:16:24 ******开始【京东账号1】赛格di*********
Jun 15 01:16:24 
Jun 15 01:16:24 去助力【9VybaUnz7-HYBflBEE3lQg】
Jun 15 01:16:24 当前可抽奖次数：2
Jun 15 01:16:24 去抽奖->
Jun 15 01:16:24  -啥都没有～
Jun 15 01:16:25 
Jun 15 01:16:25 ******开始【京东账号1】赛格di*********
Jun 15 01:16:25 
Jun 15 01:16:25 去助力【9VybaUnz7-HYBflBEE3lQg】
Jun 15 01:16:25  -啥都没有～
Jun 15 01:16:26 去助力【aiowSL70JXGc_5xpPMAWrw】
Jun 15 01:16:27 去助力【aiowSL70JXGc_5xpPMAWrw】
Jun 15 01:16:27 
Jun 15 01:16:27 ******开始【京东账号2】了来风*********
Jun 15 01:16:27 
Jun 15 01:16:27 去助力【9VybaUnz7-HYBflBEE3lQg】
Jun 15 01:16:27 当前可抽奖次数：1
Jun 15 01:16:27 去抽奖->
Jun 15 01:16:27  -啥都没有～
Jun 15 01:16:28 
Jun 15 01:16:28 ******开始【京东账号2】了来风*********
Jun 15 01:16:28 
Jun 15 01:16:28 去助力【9VybaUnz7-HYBflBEE3lQg】
Jun 15 01:16:29 去助力【aiowSL70JXGc_5xpPMAWrw】
Jun 15 01:16:29 去助力【aiowSL70JXGc_5xpPMAWrw】
Jun 15 01:16:30 
Jun 15 01:16:30 🔔京东超级盒子, 结束! 🕛 90.147 秒
Jun 15 01:16:30 
Jun 15 01:16:30 
Jun 15 01:16:30 🔔京东超级盒子, 结束! 🕛 90.24 秒
Jun 15 01:16:30 
Jun 15 12:15:00 
Jun 15 12:15:00 🔔京东超级盒子, 开始!
Jun 15 12:15:00 您的cookie选择的是用&隔开
Jun 15 12:15:00 
Jun 15 12:15:00 
Jun 15 12:15:00 ====================共有2个京东账号Cookie=========
Jun 15 12:15:00 
Jun 15 12:15:00 ==================脚本执行- 北京时间(UTC+8)：6/15/2021, 12:15:00 PM=====================
Jun 15 12:15:00 
Jun 15 12:15:01 
Jun 15 12:15:01 🔔京东超级盒子, 开始!
Jun 15 12:15:01 您的cookie选择的是用&隔开
Jun 15 12:15:01 
Jun 15 12:15:01 
Jun 15 12:15:01 ====================共有2个京东账号Cookie=========
Jun 15 12:15:01 
Jun 15 12:15:01 ==================脚本执行- 北京时间(UTC+8)：6/15/2021, 12:15:01 PM=====================
Jun 15 12:15:01 
Jun 15 12:15:01 
Jun 15 12:15:01 ******开始【京东账号1】赛格di*********
Jun 15 12:15:01 
Jun 15 12:15:01 当前可抽奖次数：1
Jun 15 12:15:01 去抽奖->
Jun 15 12:15:01 
Jun 15 12:15:01 ******开始【京东账号1】赛格di*********
Jun 15 12:15:01 
Jun 15 12:15:01  -啥都没有～
Jun 15 12:15:01 
Jun 15 12:15:01 获取任务列表成功
Jun 15 12:15:01 
Jun 15 12:15:01 浏览超级大牌店铺 -> 已完成
Jun 15 12:15:01 
Jun 15 12:15:01 获取任务列表成功
Jun 15 12:15:01 
Jun 15 12:15:01 浏览超级大牌店铺 -> 已完成
Jun 15 12:15:02 浏览超级重磅店铺 -> 1/5
Jun 15 12:15:02   -完成任务
Jun 15 12:15:02 浏览超级重磅店铺 -> 1/5
Jun 15 12:15:03   -完成任务
Jun 15 12:15:04   -完成任务
Jun 15 12:15:05   -完成任务
Jun 15 12:15:06 任务已完成
Jun 15 12:15:07 任务已完成
Jun 15 12:15:08 任务已完成
Jun 15 12:15:13 浏览超级福利店铺 -> 已完成
Jun 15 12:15:14 邀请好友 -> 1/2
Jun 15 12:15:14 浏览超级福利店铺 -> 已完成
Jun 15 12:15:15 
Jun 15 12:15:15 ******开始【京东账号2】了来风*********
Jun 15 12:15:15 
Jun 15 12:15:15 
Jun 15 12:15:15 获取任务列表成功
Jun 15 12:15:15 
Jun 15 12:15:15 浏览超级大牌店铺 -> 3/5
Jun 15 12:15:15   -完成任务
Jun 15 12:15:15 邀请好友 -> 1/2
Jun 15 12:15:16 
Jun 15 12:15:16 ******开始【京东账号2】了来风*********
Jun 15 12:15:16 
Jun 15 12:15:16 
Jun 15 12:15:16 获取任务列表成功
Jun 15 12:15:16 
Jun 15 12:15:16 浏览超级大牌店铺 -> 4/5
Jun 15 12:15:16   -完成任务
Jun 15 12:15:17 任务已完成
Jun 15 12:15:22 浏览超级重磅店铺 -> 4/5
Jun 15 12:15:22   -完成任务
Jun 15 12:15:23 浏览超级重磅店铺 -> 4/5
Jun 15 12:15:27 浏览超级福利店铺 -> 3/5
Jun 15 12:15:27   -完成任务
Jun 15 12:15:28 浏览超级福利店铺 -> 3/5
Jun 15 12:15:29   -完成任务
Jun 15 12:15:29 任务已完成
Jun 15 12:15:35 邀请好友 -> 1/2
Jun 15 12:15:35 邀请好友 -> 1/2
Jun 15 12:15:36 
Jun 15 12:15:36 ******开始【京东账号1】赛格di*********
Jun 15 12:15:36 
Jun 15 12:15:36 去助力【9VybaUnz7-HYBflBEE3lQg】
Jun 15 12:15:36 当前可抽奖次数：1
Jun 15 12:15:36 去抽奖->
Jun 15 12:15:36  -啥都没有～
Jun 15 12:15:36 
Jun 15 12:15:36 ******开始【京东账号1】赛格di*********
Jun 15 12:15:36 
Jun 15 12:15:36 去助力【9VybaUnz7-HYBflBEE3lQg】
Jun 15 12:15:36  -啥都没有～
Jun 15 12:15:36 当日实物大奖已抽取
Jun 15 12:15:37 去助力【aiowSL70JXGc_5xpPMAWrw】
Jun 15 12:15:37 去助力【aiowSL70JXGc_5xpPMAWrw】
Jun 15 12:15:38 
Jun 15 12:15:38 ******开始【京东账号2】了来风*********
Jun 15 12:15:38 
Jun 15 12:15:38 去助力【9VybaUnz7-HYBflBEE3lQg】
Jun 15 12:15:38 当前可抽奖次数：3
Jun 15 12:15:38 去抽奖->
Jun 15 12:15:38 
Jun 15 12:15:38 ******开始【京东账号2】了来风*********
Jun 15 12:15:38 
Jun 15 12:15:38 去助力【9VybaUnz7-HYBflBEE3lQg】
Jun 15 12:15:38 当前可抽奖次数：2
Jun 15 12:15:38 去抽奖->
Jun 15 12:15:38  -领取到优惠券 400减100 有效期截止：2021-06-20 23:59:59
Jun 15 12:15:39  -啥都没有～
Jun 15 12:15:39  -啥都没有～
Jun 15 12:15:39 没有抽奖次数
Jun 15 12:15:40 没有抽奖次数
Jun 15 12:15:40  -啥都没有～
Jun 15 12:15:40 当日实物大奖已抽取
Jun 15 12:15:41 去助力【aiowSL70JXGc_5xpPMAWrw】
Jun 15 12:15:41 去助力【aiowSL70JXGc_5xpPMAWrw】
Jun 15 12:15:42 
Jun 15 12:15:42 🔔京东超级盒子, 结束! 🕛 41.248 秒
Jun 15 12:15:42 
Jun 15 12:15:42 
Jun 15 12:15:42 🔔京东超级盒子, 结束! 🕛 41.823 秒
Jun 15 12:15:42 
