Jun 14 01:25:00 
Jun 14 01:25:00 🔔赢一加新品手机, 开始!
Jun 14 01:25:00 您的cookie选择的是用&隔开
Jun 14 01:25:00 
Jun 14 01:25:00 
Jun 14 01:25:00 ====================共有2个京东账号Cookie=========
Jun 14 01:25:00 
Jun 14 01:25:00 
Jun 14 01:25:00 🔔赢一加新品手机, 开始!
Jun 14 01:25:00 您的cookie选择的是用&隔开
Jun 14 01:25:00 
Jun 14 01:25:00 
Jun 14 01:25:00 ====================共有2个京东账号Cookie=========
Jun 14 01:25:00 
Jun 14 01:25:00 ==================脚本执行- 北京时间(UTC+8)：6/14/2021, 1:25:00 AM=====================
Jun 14 01:25:00 
Jun 14 01:25:00 ==================脚本执行- 北京时间(UTC+8)：6/14/2021, 1:25:00 AM=====================
Jun 14 01:25:00 
Jun 14 01:25:00 
Jun 14 01:25:00 ******开始【京东账号1】赛格di*********
Jun 14 01:25:00 
Jun 14 01:25:00 
Jun 14 01:25:00 ******开始【京东账号1】赛格di*********
Jun 14 01:25:00 
Jun 14 01:25:00 你好，赛格di
Jun 14 01:25:00 上报访问信息，常规回复显示‘未能成功获取到数据’
Jun 14 01:25:01 未能成功获取到数据
Jun 14 01:25:01 你好，赛格di
Jun 14 01:25:01 上报访问信息，常规回复显示‘未能成功获取到数据’
Jun 14 01:25:01 未能成功获取到数据
Jun 14 01:25:01 47d98622ac1e43c49eb98dd98d087f8d
Jun 14 01:25:01 
Jun 14 01:25:01 开启活动：赢一加新品手机
Jun 14 01:25:01 -------------------------
Jun 14 01:25:01 
Jun 14 01:25:01  -当前账户总加油值：2470
Jun 14 01:25:01  -当前账户可用加油值：170
Jun 14 01:25:01  -活动总加油值：134744790
Jun 14 01:25:01 
Jun 14 01:25:01 47d98622ac1e43c49eb98dd98d087f8d
Jun 14 01:25:01 
Jun 14 01:25:01 开启活动：赢一加新品手机
Jun 14 01:25:01 -------------------------
Jun 14 01:25:01 
Jun 14 01:25:01  -当前账户总加油值：2470
Jun 14 01:25:01  -当前账户可用加油值：170
Jun 14 01:25:01  -活动总加油值：134744790
Jun 14 01:25:01 
Jun 14 01:25:03 已完成今日关注店铺任务
Jun 14 01:25:03 已完成今日关注店铺任务
Jun 14 01:25:05 
Jun 14 01:25:05 去浏览 ->> 一加 9手机
Jun 14 01:25:05 
Jun 14 01:25:05 去浏览 ->> 一加 9手机
Jun 14 01:25:05  -完成任务，获得10加油值
Jun 14 01:25:05 {"result":false,"data":"","count":0,"errorMessage":"任务已完成！"}
Jun 14 01:25:07 
Jun 14 01:25:07 去浏览 ->> 一加 9 Pro手机
Jun 14 01:25:07 
Jun 14 01:25:07 去浏览 ->> 一加 9 Pro手机
Jun 14 01:25:07  -完成任务，获得10加油值
Jun 14 01:25:07 {"result":false,"data":"","count":0,"errorMessage":"任务已完成！"}
Jun 14 01:25:09 
Jun 14 01:25:09 去浏览 ->> 一加 9R手机
Jun 14 01:25:09 
Jun 14 01:25:09 去浏览 ->> 一加 9R手机
Jun 14 01:25:09  -完成任务，获得10加油值
Jun 14 01:25:09 {"result":false,"data":"","count":0,"errorMessage":"任务已完成！"}
Jun 14 01:25:11 
Jun 14 01:25:11 去浏览 ->> 一加手表
Jun 14 01:25:11 
Jun 14 01:25:11 去浏览 ->> 一加手表
Jun 14 01:25:11  -完成任务，获得10加油值
Jun 14 01:25:11 {"result":false,"data":"","count":0,"errorMessage":"任务已完成！"}
Jun 14 01:25:13 
Jun 14 01:25:13 去浏览 ->> 一加 8T手机
Jun 14 01:25:14 
Jun 14 01:25:14 去浏览 ->> 一加 8T手机
Jun 14 01:25:14  -完成任务，获得10加油值
Jun 14 01:25:14 {"result":false,"data":"","count":0,"errorMessage":"任务已完成！"}
Jun 14 01:25:16 
Jun 14 01:25:16 去浏览 ->> 一加 8手机
Jun 14 01:25:16  -完成任务，获得10加油值
Jun 14 01:25:16 
Jun 14 01:25:16 去浏览 ->> 一加 8手机
Jun 14 01:25:16 {"result":false,"data":"","count":0,"errorMessage":"任务已完成！"}
Jun 14 01:25:18 
Jun 14 01:25:18 去浏览 ->> 一加 8 Pro手机
Jun 14 01:25:18 
Jun 14 01:25:18 去浏览 ->> 一加 8 Pro手机
Jun 14 01:25:18  -完成任务，获得10加油值
Jun 14 01:25:18 {"result":false,"data":"","count":0,"errorMessage":"任务已完成！"}
Jun 14 01:25:20 
Jun 14 01:25:20 去浏览 ->> 一加9R攻略页
Jun 14 01:25:20 
Jun 14 01:25:20 去浏览 ->> 一加9R攻略页
Jun 14 01:25:20  -完成任务，获得20加油值
Jun 14 01:25:20 {"result":false,"data":"","count":0,"errorMessage":"任务已完成！"}
Jun 14 01:25:22 
Jun 14 01:25:22 去浏览 ->> 一加9攻略页
Jun 14 01:25:22 
Jun 14 01:25:22 去浏览 ->> 一加9攻略页
Jun 14 01:25:22  -完成任务，获得20加油值
Jun 14 01:25:22 {"result":false,"data":"","count":0,"errorMessage":"任务已完成！"}
Jun 14 01:25:24 
Jun 14 01:25:24 去浏览 ->> 一加会员页
Jun 14 01:25:24 
Jun 14 01:25:24 去浏览 ->> 一加会员页
Jun 14 01:25:24  -完成任务，获得20加油值
Jun 14 01:25:24 {"result":false,"data":"","count":0,"errorMessage":"任务已完成！"}
Jun 14 01:25:26 
Jun 14 01:25:26 去浏览 ->> 一加主活动页
Jun 14 01:25:27 
Jun 14 01:25:27 去浏览 ->> 一加主活动页
Jun 14 01:25:27  -完成任务，获得20加油值
Jun 14 01:25:27 {"result":false,"data":"","count":0,"errorMessage":"任务已完成！"}
Jun 14 01:25:29 根据用户设定，不执行加购任务
Jun 14 01:25:29 上报访问信息，常规回复显示‘未能成功获取到数据’
Jun 14 01:25:29 根据用户设定，不执行加购任务
Jun 14 01:25:29 上报访问信息，常规回复显示‘未能成功获取到数据’
Jun 14 01:25:29 未能成功获取到数据
Jun 14 01:25:29 未能成功获取到数据
Jun 14 01:25:29 
Jun 14 01:25:29  -当前账户总加油值：2620
Jun 14 01:25:29  -当前账户可用加油值：320
Jun 14 01:25:29  -活动总加油值：134746060
Jun 14 01:25:29 
Jun 14 01:25:29 当前可抽奖次数:6
Jun 14 01:25:29 去抽奖
Jun 14 01:25:29 
Jun 14 01:25:29  -当前账户总加油值：2620
Jun 14 01:25:29  -当前账户可用加油值：320
Jun 14 01:25:29  -活动总加油值：134746060
Jun 14 01:25:29 
Jun 14 01:25:29 当前可抽奖次数:6
Jun 14 01:25:29 去抽奖
Jun 14 01:25:29   -啥都没抽到
Jun 14 01:25:29   -啥都没抽到
Jun 14 01:25:31 去抽奖
Jun 14 01:25:31 去抽奖
Jun 14 01:25:31   -啥都没抽到
Jun 14 01:25:32   -啥都没抽到
Jun 14 01:25:33 去抽奖
Jun 14 01:25:34 去抽奖
Jun 14 01:25:34   -啥都没抽到
Jun 14 01:25:34   -啥都没抽到
Jun 14 01:25:36 去抽奖
Jun 14 01:25:36 {"result":false,"data":"","count":0,"errorMessage":"积极做任务，获得加油值哦~"}
Jun 14 01:25:36 去抽奖
Jun 14 01:25:36 {"result":false,"data":"","count":0,"errorMessage":"积极做任务，获得加油值哦~"}
Jun 14 01:25:38 去抽奖
Jun 14 01:25:38 {"result":false,"data":"","count":0,"errorMessage":"积极做任务，获得加油值哦~"}
Jun 14 01:25:38 去抽奖
Jun 14 01:25:38 {"result":false,"data":"","count":0,"errorMessage":"积极做任务，获得加油值哦~"}
Jun 14 01:25:40 去抽奖
Jun 14 01:25:40 {"result":false,"data":"","count":0,"errorMessage":"积极做任务，获得加油值哦~"}
Jun 14 01:25:40 去抽奖
Jun 14 01:25:40 {"result":false,"data":"","count":0,"errorMessage":"积极做任务，获得加油值哦~"}
Jun 14 01:25:42 
Jun 14 01:25:42 ******开始【京东账号2】了来风*********
Jun 14 01:25:42 
Jun 14 01:25:42 
Jun 14 01:25:42 ******开始【京东账号2】了来风*********
Jun 14 01:25:42 
Jun 14 01:25:42 {"result":false,"data":"400001","count":0,"errorMessage":"活动太火爆，还是去买买买吧"}
Jun 14 01:25:42 无法顺利获取到验证信息
Jun 14 01:25:42 
Jun 14 01:25:42 🔔赢一加新品手机, 结束! 🕛 42.475 秒
Jun 14 01:25:42 
Jun 14 01:25:43 {"result":false,"data":"400001","count":0,"errorMessage":"活动太火爆，还是去买买买吧"}
Jun 14 01:25:43 无法顺利获取到验证信息
Jun 14 01:25:43 
Jun 14 01:25:43 🔔赢一加新品手机, 结束! 🕛 42.712 秒
Jun 14 01:25:43 
Jun 15 01:25:00 
Jun 15 01:25:00 🔔赢一加新品手机, 开始!
Jun 15 01:25:00 您的cookie选择的是用&隔开
Jun 15 01:25:00 
Jun 15 01:25:00 
Jun 15 01:25:00 ====================共有2个京东账号Cookie=========
Jun 15 01:25:00 
Jun 15 01:25:00 
Jun 15 01:25:00 🔔赢一加新品手机, 开始!
Jun 15 01:25:00 您的cookie选择的是用&隔开
Jun 15 01:25:00 
Jun 15 01:25:00 
Jun 15 01:25:00 ====================共有2个京东账号Cookie=========
Jun 15 01:25:00 
Jun 15 01:25:00 ==================脚本执行- 北京时间(UTC+8)：6/15/2021, 1:25:00 AM=====================
Jun 15 01:25:00 
Jun 15 01:25:00 ==================脚本执行- 北京时间(UTC+8)：6/15/2021, 1:25:00 AM=====================
Jun 15 01:25:00 
Jun 15 01:25:00 
Jun 15 01:25:00 ******开始【京东账号1】赛格di*********
Jun 15 01:25:00 
Jun 15 01:25:00 
Jun 15 01:25:00 ******开始【京东账号1】赛格di*********
Jun 15 01:25:00 
Jun 15 01:25:00 你好，赛格di
Jun 15 01:25:00 上报访问信息，常规回复显示‘未能成功获取到数据’
Jun 15 01:25:00 你好，赛格di
Jun 15 01:25:00 上报访问信息，常规回复显示‘未能成功获取到数据’
Jun 15 01:25:00 未能成功获取到数据
Jun 15 01:25:00 未能成功获取到数据
Jun 15 01:25:01 47d98622ac1e43c49eb98dd98d087f8d
Jun 15 01:25:01 
Jun 15 01:25:01 开启活动：赢一加新品手机
Jun 15 01:25:01 -------------------------
Jun 15 01:25:01 
Jun 15 01:25:01  -当前账户总加油值：2620
Jun 15 01:25:01  -当前账户可用加油值：20
Jun 15 01:25:01  -活动总加油值：139791900
Jun 15 01:25:01 
Jun 15 01:25:01 47d98622ac1e43c49eb98dd98d087f8d
Jun 15 01:25:01 
Jun 15 01:25:01 开启活动：赢一加新品手机
Jun 15 01:25:01 -------------------------
Jun 15 01:25:01 
Jun 15 01:25:01  -当前账户总加油值：2620
Jun 15 01:25:01  -当前账户可用加油值：20
Jun 15 01:25:01  -活动总加油值：139791900
Jun 15 01:25:01 
Jun 15 01:25:03 已完成今日关注店铺任务
Jun 15 01:25:03 已完成今日关注店铺任务
Jun 15 01:25:05 
Jun 15 01:25:05 去浏览 ->> 一加 9手机
Jun 15 01:25:05 
Jun 15 01:25:05 去浏览 ->> 一加 9手机
Jun 15 01:25:05  -完成任务，获得10加油值
Jun 15 01:25:05 {"result":false,"data":"","count":0,"errorMessage":"任务已完成！"}
Jun 15 01:25:07 
Jun 15 01:25:07 去浏览 ->> 一加 9 Pro手机
Jun 15 01:25:07  -完成任务，获得10加油值
Jun 15 01:25:07 
Jun 15 01:25:07 去浏览 ->> 一加 9 Pro手机
Jun 15 01:25:07 {"result":false,"data":"","count":0,"errorMessage":"任务已完成！"}
Jun 15 01:25:09 
Jun 15 01:25:09 去浏览 ->> 一加 9R手机
Jun 15 01:25:09 
Jun 15 01:25:09 去浏览 ->> 一加 9R手机
Jun 15 01:25:09  -完成任务，获得10加油值
Jun 15 01:25:09 {"result":false,"data":"","count":0,"errorMessage":"任务已完成！"}
Jun 15 01:25:11 
Jun 15 01:25:11 去浏览 ->> 一加手表
Jun 15 01:25:11 
Jun 15 01:25:11 去浏览 ->> 一加手表
Jun 15 01:25:11  -完成任务，获得10加油值
Jun 15 01:25:11 {"result":false,"data":"","count":0,"errorMessage":"任务已完成！"}
Jun 15 01:25:13 
Jun 15 01:25:13 去浏览 ->> 一加 8T手机
Jun 15 01:25:13 
Jun 15 01:25:13 去浏览 ->> 一加 8T手机
Jun 15 01:25:13  -完成任务，获得10加油值
Jun 15 01:25:13 {"result":false,"data":"","count":0,"errorMessage":"任务已完成！"}
Jun 15 01:25:15 
Jun 15 01:25:15 去浏览 ->> 一加 8手机
Jun 15 01:25:16 
Jun 15 01:25:16 去浏览 ->> 一加 8手机
Jun 15 01:25:16  -完成任务，获得10加油值
Jun 15 01:25:16 {"result":false,"data":"","count":0,"errorMessage":"任务已完成！"}
Jun 15 01:25:18 
Jun 15 01:25:18 去浏览 ->> 一加 8 Pro手机
Jun 15 01:25:18 
Jun 15 01:25:18 去浏览 ->> 一加 8 Pro手机
Jun 15 01:25:18  -完成任务，获得10加油值
Jun 15 01:25:18 {"result":false,"data":"","count":0,"errorMessage":"任务已完成！"}
Jun 15 01:25:20 
Jun 15 01:25:20 去浏览 ->> 一加9R攻略页
Jun 15 01:25:20 
Jun 15 01:25:20 去浏览 ->> 一加9R攻略页
Jun 15 01:25:20  -完成任务，获得20加油值
Jun 15 01:25:20 {"result":false,"data":"","count":0,"errorMessage":"任务已完成！"}
Jun 15 01:25:22 
Jun 15 01:25:22 去浏览 ->> 一加9攻略页
Jun 15 01:25:22 
Jun 15 01:25:22 去浏览 ->> 一加9攻略页
Jun 15 01:25:22  -完成任务，获得20加油值
Jun 15 01:25:22 {"result":false,"data":"","count":0,"errorMessage":"任务已完成！"}
Jun 15 01:25:24 
Jun 15 01:25:24 去浏览 ->> 一加会员页
Jun 15 01:25:24 
Jun 15 01:25:24 去浏览 ->> 一加会员页
Jun 15 01:25:24  -完成任务，获得20加油值
Jun 15 01:25:24 {"result":false,"data":"","count":0,"errorMessage":"任务已完成！"}
Jun 15 01:25:26 
Jun 15 01:25:26 去浏览 ->> 一加主活动页
Jun 15 01:25:26 
Jun 15 01:25:26 去浏览 ->> 一加主活动页
Jun 15 01:25:26  -完成任务，获得20加油值
Jun 15 01:25:27 {"result":false,"data":"","count":0,"errorMessage":"任务已完成！"}
Jun 15 01:25:29 根据用户设定，不执行加购任务
Jun 15 01:25:29 上报访问信息，常规回复显示‘未能成功获取到数据’
Jun 15 01:25:29 根据用户设定，不执行加购任务
Jun 15 01:25:29 上报访问信息，常规回复显示‘未能成功获取到数据’
Jun 15 01:25:29 未能成功获取到数据
Jun 15 01:25:29 未能成功获取到数据
Jun 15 01:25:29 
Jun 15 01:25:29  -当前账户总加油值：2770
Jun 15 01:25:29  -当前账户可用加油值：170
Jun 15 01:25:29  -活动总加油值：139793110
Jun 15 01:25:29 
Jun 15 01:25:29 当前可抽奖次数:3
Jun 15 01:25:29 去抽奖
Jun 15 01:25:29 
Jun 15 01:25:29  -当前账户总加油值：2770
Jun 15 01:25:29  -当前账户可用加油值：170
Jun 15 01:25:29  -活动总加油值：139793110
Jun 15 01:25:29 
Jun 15 01:25:29 当前可抽奖次数:3
Jun 15 01:25:29 去抽奖
Jun 15 01:25:29   -啥都没抽到
Jun 15 01:25:30   -啥都没抽到
Jun 15 01:25:31 去抽奖
Jun 15 01:25:32 去抽奖
Jun 15 01:25:32   -啥都没抽到
Jun 15 01:25:32 {"result":false,"data":"","count":0,"errorMessage":"积极做任务，获得加油值哦~"}
Jun 15 01:25:34 去抽奖
Jun 15 01:25:34 去抽奖
Jun 15 01:25:34 {"result":false,"data":"","count":0,"errorMessage":"积极做任务，获得加油值哦~"}
Jun 15 01:25:34 {"result":false,"data":"","count":0,"errorMessage":"积极做任务，获得加油值哦~"}
Jun 15 01:25:36 
Jun 15 01:25:36 ******开始【京东账号2】了来风*********
Jun 15 01:25:36 
Jun 15 01:25:36 
Jun 15 01:25:36 ******开始【京东账号2】了来风*********
Jun 15 01:25:36 
Jun 15 01:25:36 {"result":false,"data":"400001","count":0,"errorMessage":"活动太火爆，还是去买买买吧"}
Jun 15 01:25:36 无法顺利获取到验证信息
Jun 15 01:25:36 
Jun 15 01:25:36 🔔赢一加新品手机, 结束! 🕛 36.417 秒
Jun 15 01:25:36 
Jun 15 01:25:36 {"result":false,"data":"400001","count":0,"errorMessage":"活动太火爆，还是去买买买吧"}
Jun 15 01:25:36 无法顺利获取到验证信息
Jun 15 01:25:36 
Jun 15 01:25:36 🔔赢一加新品手机, 结束! 🕛 36.569 秒
Jun 15 01:25:36 
