Jun 14 10:20:00Jun 14 10:20:00 
 
Jun 14 10:20:00Jun 14 10:20:00 🔔京东资产变动通知, 开始!
 🔔京东资产变动通知, 开始!
Jun 14 10:20:00 您的cookie选择的是用&隔开
Jun 14 10:20:00 
Jun 14 10:20:00 
Jun 14 10:20:00 ====================共有2个京东账号Cookie=========
Jun 14 10:20:00 
Jun 14 10:20:00 您的cookie选择的是用&隔开
Jun 14 10:20:00 
Jun 14 10:20:00 
Jun 14 10:20:00 ====================共有2个京东账号Cookie=========
Jun 14 10:20:00 
Jun 14 10:20:00Jun 14 10:20:00 ==================脚本执行- 北京时间(UTC+8)：6/14/2021, 10:20:00 AM=====================
 ==================脚本执行- 北京时间(UTC+8)：6/14/2021, 10:20:00 AM=====================
Jun 14 10:20:00Jun 14 10:20:00 
 
Jun 14 10:20:00 
Jun 14 10:20:00 ********开始【京东账号1】赛格di******
Jun 14 10:20:00 
Jun 14 10:20:00 
Jun 14 10:20:00 ********开始【京东账号1】赛格di******
Jun 14 10:20:00 
Jun 14 10:20:00 2021-06-14日过期京豆：0
Jun 14 10:20:00 
Jun 14 10:20:00 2021-06-15日过期京豆：0
Jun 14 10:20:00 
Jun 14 10:20:00 2021-06-16日过期京豆：0
Jun 14 10:20:00 
Jun 14 10:20:00 2021-06-17日过期京豆：0
Jun 14 10:20:00 
Jun 14 10:20:00 2021-06-18日过期京豆：110
Jun 14 10:20:00 
Jun 14 10:20:00 2021-06-19日过期京豆：30
Jun 14 10:20:00 
Jun 14 10:20:00 2021-06-20日过期京豆：30
Jun 14 10:20:00 
Jun 14 10:20:00 2021-06-14日过期京豆：0
Jun 14 10:20:00 
Jun 14 10:20:00 2021-06-15日过期京豆：0
Jun 14 10:20:00 
Jun 14 10:20:00 2021-06-16日过期京豆：0
Jun 14 10:20:00 
Jun 14 10:20:00 2021-06-17日过期京豆：0
Jun 14 10:20:00 
Jun 14 10:20:00 2021-06-18日过期京豆：110
Jun 14 10:20:00 
Jun 14 10:20:00 2021-06-19日过期京豆：30
Jun 14 10:20:00 
Jun 14 10:20:00 2021-06-20日过期京豆：30
Jun 14 10:20:00 
Jun 14 10:20:00 
Jun 14 10:20:00 ==============📣系统通知📣==============
Jun 14 10:20:00 京东资产变动通知
Jun 14 10:20:00 账号1：赛格di
Jun 14 10:20:00 今日收入：474京豆 🐶
Jun 14 10:20:00 昨日收入：178京豆 🐶
Jun 14 10:20:00 昨日支出：0京豆 🐶
Jun 14 10:20:00 当前京豆：1937(今日将过期0)京豆🐶
Jun 14 10:20:00 当前总红包：6.69(今日总过期0.92)元 🧧
Jun 14 10:20:00 京喜红包：0.28(今日将过期0.28)元 🧧
Jun 14 10:20:00 极速红包：1.47(今日将过期0.40)元 🧧
Jun 14 10:20:00 京东红包：4.94(今日将过期0.24)元 🧧
Jun 14 10:20:00 健康红包：0.00(今日将过期0.00)元 🧧
Jun 14 10:20:00 
Jun 14 10:20:00 ==============📣系统通知📣==============
Jun 14 10:20:00 京东资产变动通知
Jun 14 10:20:00 账号1：赛格di
Jun 14 10:20:00 今日收入：474京豆 🐶
Jun 14 10:20:00 昨日收入：178京豆 🐶
Jun 14 10:20:00 昨日支出：0京豆 🐶
Jun 14 10:20:00 当前京豆：1937(今日将过期0)京豆🐶
Jun 14 10:20:00 当前总红包：6.69(今日总过期0.92)元 🧧
Jun 14 10:20:00 京喜红包：0.28(今日将过期0.28)元 🧧
Jun 14 10:20:00 极速红包：1.47(今日将过期0.40)元 🧧
Jun 14 10:20:00 京东红包：4.94(今日将过期0.24)元 🧧
Jun 14 10:20:00 健康红包：0.00(今日将过期0.00)元 🧧
Jun 14 10:20:00 
Jun 14 10:20:00 ********开始【京东账号2】了来风******
Jun 14 10:20:00 
Jun 14 10:20:00 
Jun 14 10:20:00 ********开始【京东账号2】了来风******
Jun 14 10:20:00 
Jun 14 10:20:00 2021-06-14日过期京豆：5
Jun 14 10:20:00 
Jun 14 10:20:00 2021-06-15日过期京豆：10
Jun 14 10:20:00 
Jun 14 10:20:00 2021-06-16日过期京豆：0
Jun 14 10:20:00 
Jun 14 10:20:00 2021-06-17日过期京豆：0
Jun 14 10:20:00 
Jun 14 10:20:00 2021-06-18日过期京豆：0
Jun 14 10:20:00 
Jun 14 10:20:00 2021-06-19日过期京豆：0
Jun 14 10:20:00 
Jun 14 10:20:00 2021-06-20日过期京豆：0
Jun 14 10:20:00 
Jun 14 10:20:00 2021-06-14日过期京豆：5
Jun 14 10:20:00 
Jun 14 10:20:00 2021-06-15日过期京豆：10
Jun 14 10:20:00 
Jun 14 10:20:00 2021-06-16日过期京豆：0
Jun 14 10:20:00 
Jun 14 10:20:00 2021-06-17日过期京豆：0
Jun 14 10:20:00 
Jun 14 10:20:00 2021-06-18日过期京豆：0
Jun 14 10:20:00 
Jun 14 10:20:00 2021-06-19日过期京豆：0
Jun 14 10:20:00 
Jun 14 10:20:00 2021-06-20日过期京豆：0
Jun 14 10:20:00 
Jun 14 10:20:01 
Jun 14 10:20:01 ==============📣系统通知📣==============
Jun 14 10:20:01 京东资产变动通知
Jun 14 10:20:01 账号2：了来风
Jun 14 10:20:01 今日收入：207京豆 🐶
Jun 14 10:20:01 昨日收入：107京豆 🐶
Jun 14 10:20:01 昨日支出：0京豆 🐶
Jun 14 10:20:01 当前京豆：4231(今日将过期5)京豆🐶
Jun 14 10:20:01 当前总红包：8.13(今日总过期0.41)元 🧧
Jun 14 10:20:01 京喜红包：0.00(今日将过期0.00)元 🧧
Jun 14 10:20:01 极速红包：0.50(今日将过期0.00)元 🧧
Jun 14 10:20:01 京东红包：7.63(今日将过期0.41)元 🧧
Jun 14 10:20:01 健康红包：0.00(今日将过期0.00)元 🧧
Jun 14 10:20:01 
Jun 14 10:20:01 
Jun 14 10:20:01 您未提供server酱的SCKEY，取消微信推送消息通知🚫
Jun 14 10:20:01 
Jun 14 10:20:01 您未提供push+推送所需的PUSH_PLUS_TOKEN，取消push+推送消息通知🚫
Jun 14 10:20:01 
Jun 14 10:20:01 您未提供Bark的APP推送BARK_PUSH，取消Bark推送消息通知🚫
Jun 14 10:20:01 
Jun 14 10:20:01 您未提供telegram机器人推送所需的TG_BOT_TOKEN和TG_USER_ID，取消telegram推送消息通知🚫
Jun 14 10:20:01 
Jun 14 10:20:01 您未提供企业微信机器人推送所需的QYWX_KEY，取消企业微信推送消息通知🚫
Jun 14 10:20:01 
Jun 14 10:20:01 您未提供企业微信应用消息推送所需的QYWX_AM，取消企业微信应用消息推送消息通知🚫
Jun 14 10:20:01 
Jun 14 10:20:01 您未提供iGot的推送IGOT_PUSH_KEY，取消iGot推送消息通知🚫
Jun 14 10:20:01 
Jun 14 10:20:01 
Jun 14 10:20:01 ==============📣系统通知📣==============
Jun 14 10:20:01 京东资产变动通知
Jun 14 10:20:01 账号2：了来风
Jun 14 10:20:01 今日收入：207京豆 🐶
Jun 14 10:20:01 昨日收入：107京豆 🐶
Jun 14 10:20:01 昨日支出：0京豆 🐶
Jun 14 10:20:01 当前京豆：4231(今日将过期5)京豆🐶
Jun 14 10:20:01 当前总红包：8.13(今日总过期0.41)元 🧧
Jun 14 10:20:01 京喜红包：0.00(今日将过期0.00)元 🧧
Jun 14 10:20:01 极速红包：0.50(今日将过期0.00)元 🧧
Jun 14 10:20:01 京东红包：7.63(今日将过期0.41)元 🧧
Jun 14 10:20:01 健康红包：0.00(今日将过期0.00)元 🧧
Jun 14 10:20:01 
Jun 14 10:20:01 
Jun 14 10:20:01 您未提供server酱的SCKEY，取消微信推送消息通知🚫
Jun 14 10:20:01 
Jun 14 10:20:01 您未提供push+推送所需的PUSH_PLUS_TOKEN，取消push+推送消息通知🚫
Jun 14 10:20:01 
Jun 14 10:20:01 您未提供Bark的APP推送BARK_PUSH，取消Bark推送消息通知🚫
Jun 14 10:20:01 
Jun 14 10:20:01 您未提供telegram机器人推送所需的TG_BOT_TOKEN和TG_USER_ID，取消telegram推送消息通知🚫
Jun 14 10:20:01 
Jun 14 10:20:01 您未提供企业微信机器人推送所需的QYWX_KEY，取消企业微信推送消息通知🚫
Jun 14 10:20:01 
Jun 14 10:20:01 您未提供企业微信应用消息推送所需的QYWX_AM，取消企业微信应用消息推送消息通知🚫
Jun 14 10:20:01 
Jun 14 10:20:01 您未提供iGot的推送IGOT_PUSH_KEY，取消iGot推送消息通知🚫
Jun 14 10:20:01 
Jun 14 10:20:01 钉钉发送通知消息成功🎉。
Jun 14 10:20:01 
Jun 14 10:20:01 
Jun 14 10:20:01 🔔京东资产变动通知, 结束! 🕛 0.997 秒
Jun 14 10:20:01 
Jun 14 10:20:01 钉钉发送通知消息成功🎉。
Jun 14 10:20:01 
Jun 14 10:20:01 
Jun 14 10:20:01 🔔京东资产变动通知, 结束! 🕛 1.027 秒
Jun 14 10:20:01 
Jun 15 10:20:00 
Jun 15 10:20:00 🔔京东资产变动通知, 开始!
Jun 15 10:20:00 您的cookie选择的是用&隔开
Jun 15 10:20:00 
Jun 15 10:20:00 
Jun 15 10:20:00 ====================共有2个京东账号Cookie=========
Jun 15 10:20:00 
Jun 15 10:20:00 
Jun 15 10:20:00 🔔京东资产变动通知, 开始!
Jun 15 10:20:00 您的cookie选择的是用&隔开
Jun 15 10:20:00 
Jun 15 10:20:00 
Jun 15 10:20:00 ====================共有2个京东账号Cookie=========
Jun 15 10:20:00 
Jun 15 10:20:00 ==================脚本执行- 北京时间(UTC+8)：6/15/2021, 10:20:00 AM=====================
Jun 15 10:20:00 
Jun 15 10:20:00 ==================脚本执行- 北京时间(UTC+8)：6/15/2021, 10:20:00 AM=====================
Jun 15 10:20:00 
Jun 15 10:20:00 
Jun 15 10:20:00 ********开始【京东账号1】赛格di******
Jun 15 10:20:00 
Jun 15 10:20:00 
Jun 15 10:20:00 ********开始【京东账号1】赛格di******
Jun 15 10:20:00 
Jun 15 10:20:00 2021-06-15日过期京豆：0
Jun 15 10:20:00 
Jun 15 10:20:00 2021-06-16日过期京豆：0
Jun 15 10:20:00 
Jun 15 10:20:00 2021-06-17日过期京豆：0
Jun 15 10:20:00 
Jun 15 10:20:00 2021-06-18日过期京豆：110
Jun 15 10:20:00 
Jun 15 10:20:00 2021-06-19日过期京豆：30
Jun 15 10:20:00 
Jun 15 10:20:00 2021-06-20日过期京豆：30
Jun 15 10:20:00 
Jun 15 10:20:00 2021-06-21日过期京豆：30
Jun 15 10:20:00 
Jun 15 10:20:00 2021-06-15日过期京豆：0
Jun 15 10:20:00 
Jun 15 10:20:00 2021-06-16日过期京豆：0
Jun 15 10:20:00 
Jun 15 10:20:00 2021-06-17日过期京豆：0
Jun 15 10:20:00 
Jun 15 10:20:00 2021-06-18日过期京豆：110
Jun 15 10:20:00 
Jun 15 10:20:00 2021-06-19日过期京豆：30
Jun 15 10:20:00 
Jun 15 10:20:00 2021-06-20日过期京豆：30
Jun 15 10:20:00 
Jun 15 10:20:00 2021-06-21日过期京豆：30
Jun 15 10:20:00 
Jun 15 10:20:00 
Jun 15 10:20:00 ==============📣系统通知📣==============
Jun 15 10:20:00 京东资产变动通知
Jun 15 10:20:00 账号1：赛格di
Jun 15 10:20:00 今日收入：125京豆 🐶
Jun 15 10:20:00 昨日收入：537京豆 🐶
Jun 15 10:20:00 昨日支出：0京豆 🐶
Jun 15 10:20:00 当前京豆：2125(今日将过期0)京豆🐶
Jun 15 10:20:00 当前总红包：6.21(今日总过期1.45)元 🧧
Jun 15 10:20:00 京喜红包：0.05(今日将过期0.00)元 🧧
Jun 15 10:20:00 极速红包：1.07(今日将过期1.07)元 🧧
Jun 15 10:20:00 京东红包：5.09(今日将过期0.38)元 🧧
Jun 15 10:20:00 健康红包：0.00(今日将过期0.00)元 🧧
Jun 15 10:20:00 
Jun 15 10:20:00 ==============📣系统通知📣==============
Jun 15 10:20:00 京东资产变动通知
Jun 15 10:20:00 账号1：赛格di
Jun 15 10:20:00 今日收入：125京豆 🐶
Jun 15 10:20:00 昨日收入：537京豆 🐶
Jun 15 10:20:00 昨日支出：0京豆 🐶
Jun 15 10:20:00 当前京豆：2125(今日将过期0)京豆🐶
Jun 15 10:20:00 当前总红包：6.21(今日总过期1.45)元 🧧
Jun 15 10:20:00 京喜红包：0.05(今日将过期0.00)元 🧧
Jun 15 10:20:00 极速红包：1.07(今日将过期1.07)元 🧧
Jun 15 10:20:00 京东红包：5.09(今日将过期0.38)元 🧧
Jun 15 10:20:00 健康红包：0.00(今日将过期0.00)元 🧧
Jun 15 10:20:01 
Jun 15 10:20:01 ********开始【京东账号2】了来风******
Jun 15 10:20:01 
Jun 15 10:20:01 
Jun 15 10:20:01 ********开始【京东账号2】了来风******
Jun 15 10:20:01 
Jun 15 10:20:01 2021-06-15日过期京豆：10
Jun 15 10:20:01 
Jun 15 10:20:01 2021-06-16日过期京豆：0
Jun 15 10:20:01 
Jun 15 10:20:01 2021-06-17日过期京豆：0
Jun 15 10:20:01 
Jun 15 10:20:01 2021-06-18日过期京豆：0
Jun 15 10:20:01 
Jun 15 10:20:01 2021-06-19日过期京豆：0
Jun 15 10:20:01 
Jun 15 10:20:01 2021-06-20日过期京豆：0
Jun 15 10:20:01 
Jun 15 10:20:01 2021-06-21日过期京豆：0
Jun 15 10:20:01 
Jun 15 10:20:01 2021-06-15日过期京豆：10
Jun 15 10:20:01 
Jun 15 10:20:01 2021-06-16日过期京豆：0
Jun 15 10:20:01 
Jun 15 10:20:01 2021-06-17日过期京豆：0
Jun 15 10:20:01 
Jun 15 10:20:01 2021-06-18日过期京豆：0
Jun 15 10:20:01 
Jun 15 10:20:01 2021-06-19日过期京豆：0
Jun 15 10:20:01 
Jun 15 10:20:01 2021-06-20日过期京豆：0
Jun 15 10:20:01 
Jun 15 10:20:01 2021-06-21日过期京豆：0
Jun 15 10:20:01 
Jun 15 10:20:01 
Jun 15 10:20:01 ==============📣系统通知📣==============
Jun 15 10:20:01 京东资产变动通知
Jun 15 10:20:01 账号2：了来风
Jun 15 10:20:01 今日收入：152京豆 🐶
Jun 15 10:20:01 昨日收入：265京豆 🐶
Jun 15 10:20:01 昨日支出：-5京豆 🐶
Jun 15 10:20:01 当前京豆：4436(今日将过期10)京豆🐶
Jun 15 10:20:01 当前总红包：8.60(今日总过期0.90)元 🧧
Jun 15 10:20:01 京喜红包：0.00(今日将过期0.00)元 🧧
Jun 15 10:20:01 极速红包：1.00(今日将过期0.50)元 🧧
Jun 15 10:20:01 京东红包：7.60(今日将过期0.40)元 🧧
Jun 15 10:20:01 健康红包：0.00(今日将过期0.00)元 🧧
Jun 15 10:20:01 
Jun 15 10:20:01 
Jun 15 10:20:01 您未提供server酱的SCKEY，取消微信推送消息通知🚫
Jun 15 10:20:01 
Jun 15 10:20:01 您未提供push+推送所需的PUSH_PLUS_TOKEN，取消push+推送消息通知🚫
Jun 15 10:20:01 
Jun 15 10:20:01 您未提供Bark的APP推送BARK_PUSH，取消Bark推送消息通知🚫
Jun 15 10:20:01 
Jun 15 10:20:01 您未提供telegram机器人推送所需的TG_BOT_TOKEN和TG_USER_ID，取消telegram推送消息通知🚫
Jun 15 10:20:01 
Jun 15 10:20:01 您未提供企业微信机器人推送所需的QYWX_KEY，取消企业微信推送消息通知🚫
Jun 15 10:20:01 
Jun 15 10:20:01 您未提供企业微信应用消息推送所需的QYWX_AM，取消企业微信应用消息推送消息通知🚫
Jun 15 10:20:01 
Jun 15 10:20:01 您未提供iGot的推送IGOT_PUSH_KEY，取消iGot推送消息通知🚫
Jun 15 10:20:01 
Jun 15 10:20:01 
Jun 15 10:20:01 ==============📣系统通知📣==============
Jun 15 10:20:01 京东资产变动通知
Jun 15 10:20:01 账号2：了来风
Jun 15 10:20:01 今日收入：152京豆 🐶
Jun 15 10:20:01 昨日收入：265京豆 🐶
Jun 15 10:20:01 昨日支出：-5京豆 🐶
Jun 15 10:20:01 当前京豆：4436(今日将过期10)京豆🐶
Jun 15 10:20:01 当前总红包：8.60(今日总过期0.90)元 🧧
Jun 15 10:20:01 京喜红包：0.00(今日将过期0.00)元 🧧
Jun 15 10:20:01 极速红包：1.00(今日将过期0.50)元 🧧
Jun 15 10:20:01 京东红包：7.60(今日将过期0.40)元 🧧
Jun 15 10:20:01 健康红包：0.00(今日将过期0.00)元 🧧
Jun 15 10:20:01 
Jun 15 10:20:01 
Jun 15 10:20:01 您未提供server酱的SCKEY，取消微信推送消息通知🚫
Jun 15 10:20:01 
Jun 15 10:20:01 您未提供push+推送所需的PUSH_PLUS_TOKEN，取消push+推送消息通知🚫
Jun 15 10:20:01 
Jun 15 10:20:01 您未提供Bark的APP推送BARK_PUSH，取消Bark推送消息通知🚫
Jun 15 10:20:01 
Jun 15 10:20:01 您未提供telegram机器人推送所需的TG_BOT_TOKEN和TG_USER_ID，取消telegram推送消息通知🚫
Jun 15 10:20:01 
Jun 15 10:20:01 您未提供企业微信机器人推送所需的QYWX_KEY，取消企业微信推送消息通知🚫
Jun 15 10:20:01 
Jun 15 10:20:01 您未提供企业微信应用消息推送所需的QYWX_AM，取消企业微信应用消息推送消息通知🚫
Jun 15 10:20:01 
Jun 15 10:20:01 您未提供iGot的推送IGOT_PUSH_KEY，取消iGot推送消息通知🚫
Jun 15 10:20:01 
Jun 15 10:20:01 钉钉发送通知消息成功🎉。
Jun 15 10:20:01 
Jun 15 10:20:01 
Jun 15 10:20:01 🔔京东资产变动通知, 结束! 🕛 0.977 秒
Jun 15 10:20:01 
Jun 15 10:20:01 钉钉发送通知消息成功🎉。
Jun 15 10:20:01 
Jun 15 10:20:01 
Jun 15 10:20:01 🔔京东资产变动通知, 结束! 🕛 0.997 秒
Jun 15 10:20:01 
