Jun 14 07:41:00 
Jun 14 07:41:00 🔔美丽研究院, 开始!
Jun 14 07:41:00 
Jun 14 07:41:00 🔔美丽研究院, 开始!
Jun 14 07:41:00 您的cookie选择的是用&隔开
Jun 14 07:41:00 
Jun 14 07:41:00 
Jun 14 07:41:00 ====================共有2个京东账号Cookie=========
Jun 14 07:41:00 
Jun 14 07:41:00 您的cookie选择的是用&隔开
Jun 14 07:41:00 
Jun 14 07:41:00 
Jun 14 07:41:00 ====================共有2个京东账号Cookie=========
Jun 14 07:41:00 
Jun 14 07:41:00 ==================脚本执行- 北京时间(UTC+8)：6/14/2021, 7:41:00 AM=====================
Jun 14 07:41:00 
Jun 14 07:41:00 ==================脚本执行- 北京时间(UTC+8)：6/14/2021, 7:41:00 AM=====================
Jun 14 07:41:00 
Jun 14 07:41:00 
Jun 14 07:41:00 ******开始【京东账号1】jd_RbuUwXHBNnJR*********
Jun 14 07:41:00 
Jun 14 07:41:00 
Jun 14 07:41:00 ******开始【京东账号1】jd_RbuUwXHBNnJR*********
Jun 14 07:41:00 
Jun 14 07:41:01 AAEAIDv7pp3bsB6fzZcuVmOJYbKCj9BCfJtzDZXdaQqaorXi0
Jun 14 07:41:01 AAEAINjZ0mDjATbeybpyqKzcBcIygPRsYyg3KSfhL2libBNh0
Jun 14 07:41:01 AAFgxpeNADAbLskxaZcwaAGyys-8_1WSbbkr241jMHuaQm8adIwJEd-QsHWsD9CLqX1-LY8hl7c
Jun 14 07:41:01 AAFgxpeNADBloJka_QrF6jpaxVXY5bazm524olGcVggwXckASjxFNU-tW2njb2X-37c5pgYqRT4
Jun 14 07:41:01 "Response code 403 (Forbidden)"
Jun 14 07:41:01 美丽研究院 API请求失败，请检查网路重试
Jun 14 07:41:01 
Jun 14 07:41:01 
Jun 14 07:41:01 提示：请尝试换服务器ip或者设置"xinruimz-isv.isvjcloud.com"域名直连，或者自定义UA再次尝试(环境变量JD_USER_AGENT)
Jun 14 07:41:01 
Jun 14 07:41:01 
Jun 14 07:41:01 "Response code 403 (Forbidden)"
Jun 14 07:41:01 美丽研究院 API请求失败，请检查网路重试
Jun 14 07:41:01 
Jun 14 07:41:01 
Jun 14 07:41:01 提示：请尝试换服务器ip或者设置"xinruimz-isv.isvjcloud.com"域名直连，或者自定义UA再次尝试(环境变量JD_USER_AGENT)
Jun 14 07:41:01 
Jun 14 07:41:01 
Jun 14 07:41:01 
Jun 14 07:41:01 ******开始【京东账号2】jd_fMRfXcJHjROT*********
Jun 14 07:41:01 
Jun 14 07:41:01 
Jun 14 07:41:01 ******开始【京东账号2】jd_fMRfXcJHjROT*********
Jun 14 07:41:01 
Jun 14 07:41:01 AAEAIP0msjtXavIkAH35dJR3xywhhBEAIpHMJp35-B0Hosfo0
Jun 14 07:41:01 AAEAIN4Ltm2mQuaU1mgYJVCgfF_lmw0Cv7vN0bNB_OOuFBSy0
Jun 14 07:41:01 AAFgxpeNADC-uzu6uLMkvG0PMRCM8t7y0WxCLGh2g_RS2qFE8PabjmctGw7RnXKneIyesZLIiCI
Jun 14 07:41:01 AAFgxpeNADABKqr9AB2I026xjy6AeqwMRPROB92fB08HZ7S2qFt5-A3SD8XkKiWXd4o8WfvWdXs
Jun 14 07:41:01 "Response code 403 (Forbidden)"
Jun 14 07:41:01 美丽研究院 API请求失败，请检查网路重试
Jun 14 07:41:01 
Jun 14 07:41:01 
Jun 14 07:41:01 提示：请尝试换服务器ip或者设置"xinruimz-isv.isvjcloud.com"域名直连，或者自定义UA再次尝试(环境变量JD_USER_AGENT)
Jun 14 07:41:01 
Jun 14 07:41:01 
Jun 14 07:41:01 
Jun 14 07:41:01 🔔美丽研究院, 结束! 🕛 0.432 秒
Jun 14 07:41:01 
Jun 14 07:41:01 "Response code 403 (Forbidden)"
Jun 14 07:41:01 美丽研究院 API请求失败，请检查网路重试
Jun 14 07:41:01 
Jun 14 07:41:01 
Jun 14 07:41:01 提示：请尝试换服务器ip或者设置"xinruimz-isv.isvjcloud.com"域名直连，或者自定义UA再次尝试(环境变量JD_USER_AGENT)
Jun 14 07:41:01 
Jun 14 07:41:01 
Jun 14 07:41:01 
Jun 14 07:41:01 🔔美丽研究院, 结束! 🕛 0.468 秒
Jun 14 07:41:01 
Jun 14 12:41:00 
Jun 14 12:41:00 🔔美丽研究院, 开始!
Jun 14 12:41:00 
Jun 14 12:41:00 🔔美丽研究院, 开始!
Jun 14 12:41:00 您的cookie选择的是用&隔开
Jun 14 12:41:00 
Jun 14 12:41:00 
Jun 14 12:41:00 ====================共有2个京东账号Cookie=========
Jun 14 12:41:00 
Jun 14 12:41:00 您的cookie选择的是用&隔开
Jun 14 12:41:00 
Jun 14 12:41:00 
Jun 14 12:41:00 ====================共有2个京东账号Cookie=========
Jun 14 12:41:00 
Jun 14 12:41:00 ==================脚本执行- 北京时间(UTC+8)：6/14/2021, 12:41:00 PM=====================
Jun 14 12:41:00 
Jun 14 12:41:00 ==================脚本执行- 北京时间(UTC+8)：6/14/2021, 12:41:00 PM=====================
Jun 14 12:41:00 
Jun 14 12:41:00 
Jun 14 12:41:00 ******开始【京东账号1】jd_RbuUwXHBNnJR*********
Jun 14 12:41:00 
Jun 14 12:41:00 
Jun 14 12:41:00 ******开始【京东账号1】jd_RbuUwXHBNnJR*********
Jun 14 12:41:00 
Jun 14 12:41:00 AAEAIB0YvLH9RyrVN8oS2nP-ODIlDN8CXF54CO-FS-v_xb3t0
Jun 14 12:41:00 AAEAIHJpM0HcUfyS0yqXTGshA6yvsVAvuYuxpbS7tFYNr61E0
Jun 14 12:41:00 AAFgxt3cADDdUlX9qgmRYImpviod8FD1vtFmc1rrzWGgv7mJDsvnPjZVVy22CJYd4p095pkuj7w
Jun 14 12:41:00 AAFgxt3cADBJOe5OVjToQ-5sV6y7N0YJ1VLzv905o6jdqj8-lJe7WItsb83n2DvV5ypSPBy2MEw
Jun 14 12:41:00 "Response code 403 (Forbidden)"
Jun 14 12:41:00 美丽研究院 API请求失败，请检查网路重试
Jun 14 12:41:00 
Jun 14 12:41:00 
Jun 14 12:41:00 提示：请尝试换服务器ip或者设置"xinruimz-isv.isvjcloud.com"域名直连，或者自定义UA再次尝试(环境变量JD_USER_AGENT)
Jun 14 12:41:00 
Jun 14 12:41:00 
Jun 14 12:41:00 "Response code 403 (Forbidden)"
Jun 14 12:41:00 美丽研究院 API请求失败，请检查网路重试
Jun 14 12:41:00 
Jun 14 12:41:00 
Jun 14 12:41:00 提示：请尝试换服务器ip或者设置"xinruimz-isv.isvjcloud.com"域名直连，或者自定义UA再次尝试(环境变量JD_USER_AGENT)
Jun 14 12:41:00 
Jun 14 12:41:00 
Jun 14 12:41:00 
Jun 14 12:41:00 ******开始【京东账号2】jd_fMRfXcJHjROT*********
Jun 14 12:41:00 
Jun 14 12:41:00 
Jun 14 12:41:00 ******开始【京东账号2】jd_fMRfXcJHjROT*********
Jun 14 12:41:00 
Jun 14 12:41:00 AAEAIF7v1sB_MhAf1yVrbjWSqWSsJhJOacP8hCyTjym5pAuN0
Jun 14 12:41:00 AAEAIKEv8Z23eONADNewB4ZJOZXbB79JhZe5DETWfsh_435K0
Jun 14 12:41:00 AAFgxt3cADCoXKt1MTUQxiSlfjpBik0t-RT4gwLSq6ChvahP1j7RadHLBQDu2oLj1C6dlsxYDrE
Jun 14 12:41:00 AAFgxt3cADA917eWQTeWgfaW22PdtiJArMZtnJwo94rpZ8Za-lSKfMBcv7N2f3PzfoV4f7BVV8o
Jun 14 12:41:00 "Response code 403 (Forbidden)"
Jun 14 12:41:00 美丽研究院 API请求失败，请检查网路重试
Jun 14 12:41:00 
Jun 14 12:41:00 
Jun 14 12:41:00 提示：请尝试换服务器ip或者设置"xinruimz-isv.isvjcloud.com"域名直连，或者自定义UA再次尝试(环境变量JD_USER_AGENT)
Jun 14 12:41:00 
Jun 14 12:41:00 
Jun 14 12:41:00 
Jun 14 12:41:00 🔔美丽研究院, 结束! 🕛 0.45 秒
Jun 14 12:41:00 
Jun 14 12:41:01 $.token eyJ0eXAiOiJKV1QiLCJhbGciOiJIUzI1NiJ9.eyJpc3MiOiJodHRwOlwvXC8xMjcuMC4wLjE6OTUwMlwvYXBpXC9hdXRoIiwiaWF0IjoxNjIzNjQ1NjYxLCJleHAiOjE2MjM2ODg4NjEsIm5iZiI6MTYyMzY0NTY2MSwianRpIjoiQzJMZjlZWXJJRzhGd2NDWiIsInN1YiI6MjkwNTMzOSwicHJ2IjoiMjNiZDVjODk0OWY2MDBhZGIzOWU3MDFjNDAwODcyZGI3YTU5NzZmNyJ9.i5_Nm-HT9JfXGG35CBxy91DNwi-q5MNjFGzNm7OwOYk
Jun 14 12:41:01 wss://xinruimz-isv.isvjcloud.com/wss/?token=eyJ0eXAiOiJKV1QiLCJhbGciOiJIUzI1NiJ9.eyJpc3MiOiJodHRwOlwvXC8xMjcuMC4wLjE6OTUwMlwvYXBpXC9hdXRoIiwiaWF0IjoxNjIzNjQ1NjYxLCJleHAiOjE2MjM2ODg4NjEsIm5iZiI6MTYyMzY0NTY2MSwianRpIjoiQzJMZjlZWXJJRzhGd2NDWiIsInN1YiI6MjkwNTMzOSwicHJ2IjoiMjNiZDVjODk0OWY2MDBhZGIzOWU3MDFjNDAwODcyZGI3YTU5NzZmNyJ9.i5_Nm-HT9JfXGG35CBxy91DNwi-q5MNjFGzNm7OwOYk
Jun 14 19:41:00 
Jun 14 19:41:00 🔔美丽研究院, 开始!
Jun 14 19:41:00 
Jun 14 19:41:00 🔔美丽研究院, 开始!
Jun 14 19:41:00 您的cookie选择的是用&隔开
Jun 14 19:41:00 
Jun 14 19:41:00 
Jun 14 19:41:00 ====================共有2个京东账号Cookie=========
Jun 14 19:41:00 
Jun 14 19:41:00 您的cookie选择的是用&隔开
Jun 14 19:41:00 
Jun 14 19:41:00 
Jun 14 19:41:00 ====================共有2个京东账号Cookie=========
Jun 14 19:41:00 
Jun 14 19:41:00 ==================脚本执行- 北京时间(UTC+8)：6/14/2021, 7:41:00 PM=====================
Jun 14 19:41:00 
Jun 14 19:41:00 ==================脚本执行- 北京时间(UTC+8)：6/14/2021, 7:41:00 PM=====================
Jun 14 19:41:00 
Jun 14 19:41:00 
Jun 14 19:41:00 ******开始【京东账号1】jd_RbuUwXHBNnJR*********
Jun 14 19:41:00 
Jun 14 19:41:00 
Jun 14 19:41:00 ******开始【京东账号1】jd_RbuUwXHBNnJR*********
Jun 14 19:41:00 
Jun 14 19:41:00 AAEAINhFQ7KExVCM1-slJPiP7kT3MT2Obb4i-tdbGfMHkZpv0
Jun 14 19:41:00 AAEAIKH5EKtquAxUzJLhKG7B8LE9qedmahhC58-v_gQc5Odp0
Jun 14 19:41:00 AAFgx0BMADDsxjpQSrJNaceWXu-PrmudU6OrkYlmP3xE39EPorDjnRYuyCd-l9BpOM9KOpRDoBk
Jun 14 19:41:00 AAFgx0BMADCHlmxvFOsuxlyrX7DFKcgw77xwPIuzwrvIFbmfwFTP02cNzLLUTfWpomZOv0SnRos
Jun 14 19:41:00 "Response code 403 (Forbidden)"
Jun 14 19:41:00 美丽研究院 API请求失败，请检查网路重试
Jun 14 19:41:00 
Jun 14 19:41:00 
Jun 14 19:41:00 提示：请尝试换服务器ip或者设置"xinruimz-isv.isvjcloud.com"域名直连，或者自定义UA再次尝试(环境变量JD_USER_AGENT)
Jun 14 19:41:00 
Jun 14 19:41:00 
Jun 14 19:41:00 "Response code 403 (Forbidden)"
Jun 14 19:41:00 美丽研究院 API请求失败，请检查网路重试
Jun 14 19:41:00 
Jun 14 19:41:00 
Jun 14 19:41:00 提示：请尝试换服务器ip或者设置"xinruimz-isv.isvjcloud.com"域名直连，或者自定义UA再次尝试(环境变量JD_USER_AGENT)
Jun 14 19:41:00 
Jun 14 19:41:00 
Jun 14 19:41:00 
Jun 14 19:41:00 ******开始【京东账号2】jd_fMRfXcJHjROT*********
Jun 14 19:41:00 
Jun 14 19:41:00 
Jun 14 19:41:00 ******开始【京东账号2】jd_fMRfXcJHjROT*********
Jun 14 19:41:00 
Jun 14 19:41:00 AAEAIEflEOm5I4xhl4Mpfg-Kso-La-PLOxbCHJnyb8nAotlp0
Jun 14 19:41:00 AAEAIHzSzAqfsKNZ-XL5GYM5XBaek46MpMBK8TONOd49eIyh0
Jun 14 19:41:00 AAFgx0BMADDhxNwYJ3MdfnB0Ew7kfATbm4RUCIOCkLrgUlubA8pJwoHCqbw7G9oA88vVc-03h4E
Jun 14 19:41:00 AAFgx0BMADD04jf76gziwEqHlvmbeLasBnkZAh8GugBHS4K4Zl-k7kSheqOcNADXUHPqTiyb3q0
Jun 14 19:41:00 "Response code 403 (Forbidden)"
Jun 14 19:41:00 美丽研究院 API请求失败，请检查网路重试
Jun 14 19:41:00 
Jun 14 19:41:00 
Jun 14 19:41:00 提示：请尝试换服务器ip或者设置"xinruimz-isv.isvjcloud.com"域名直连，或者自定义UA再次尝试(环境变量JD_USER_AGENT)
Jun 14 19:41:00 
Jun 14 19:41:00 
Jun 14 19:41:00 
Jun 14 19:41:00 🔔美丽研究院, 结束! 🕛 0.48 秒
Jun 14 19:41:00 
Jun 14 19:41:00 "Response code 403 (Forbidden)"
Jun 14 19:41:00 美丽研究院 API请求失败，请检查网路重试
Jun 14 19:41:00 
Jun 14 19:41:00 
Jun 14 19:41:00 提示：请尝试换服务器ip或者设置"xinruimz-isv.isvjcloud.com"域名直连，或者自定义UA再次尝试(环境变量JD_USER_AGENT)
Jun 14 19:41:00 
Jun 14 19:41:00 
Jun 14 19:41:00 
Jun 14 19:41:00 🔔美丽研究院, 结束! 🕛 0.501 秒
Jun 14 19:41:00 
Jun 15 07:41:00 
Jun 15 07:41:00 🔔美丽研究院, 开始!
Jun 15 07:41:00 您的cookie选择的是用&隔开
Jun 15 07:41:00 
Jun 15 07:41:00 
Jun 15 07:41:00 ====================共有2个京东账号Cookie=========
Jun 15 07:41:00 
Jun 15 07:41:00 
Jun 15 07:41:00 🔔美丽研究院, 开始!
Jun 15 07:41:00 您的cookie选择的是用&隔开
Jun 15 07:41:00 
Jun 15 07:41:00 
Jun 15 07:41:00 ====================共有2个京东账号Cookie=========
Jun 15 07:41:00 
Jun 15 07:41:00 ==================脚本执行- 北京时间(UTC+8)：6/15/2021, 7:41:00 AM=====================
Jun 15 07:41:00 
Jun 15 07:41:00 ==================脚本执行- 北京时间(UTC+8)：6/15/2021, 7:41:00 AM=====================
Jun 15 07:41:00 
Jun 15 07:41:00 
Jun 15 07:41:00 ******开始【京东账号1】jd_RbuUwXHBNnJR*********
Jun 15 07:41:00 
Jun 15 07:41:00 
Jun 15 07:41:00 ******开始【京东账号1】jd_RbuUwXHBNnJR*********
Jun 15 07:41:00 
Jun 15 07:41:00 AAEAIPlh4SxK93qWpI5bMH80IuWGMmprPLbuq7ZHzRkgRbPK0
Jun 15 07:41:00 AAEAIJWRVwx5V-OjyxYCx1CH4TcW-jjbStO0cy34tbXggbo60
Jun 15 07:41:00 AAFgx-kMADBmWzvKoFUyaDslFkhP_j351HxIDvrAK4gTueHppMJXEb3MG2XKlnK9p52tYPssFMM
Jun 15 07:41:00 AAFgx-kMADDcQgieN1xN3OeNQG7vjkVBn0h_2R3BXBcsCxeaSaZNWRc5P7jbQQly-ZLCgiG_Auc
Jun 15 07:41:01 "Response code 403 (Forbidden)"
Jun 15 07:41:01 美丽研究院 API请求失败，请检查网路重试
Jun 15 07:41:01 
Jun 15 07:41:01 
Jun 15 07:41:01 提示：请尝试换服务器ip或者设置"xinruimz-isv.isvjcloud.com"域名直连，或者自定义UA再次尝试(环境变量JD_USER_AGENT)
Jun 15 07:41:01 
Jun 15 07:41:01 
Jun 15 07:41:01 "Response code 406 (Not Acceptable)"
Jun 15 07:41:01 美丽研究院 API请求失败，请检查网路重试
Jun 15 07:41:01 
Jun 15 07:41:01 
Jun 15 07:41:01 提示：请尝试换服务器ip或者设置"xinruimz-isv.isvjcloud.com"域名直连，或者自定义UA再次尝试(环境变量JD_USER_AGENT)
Jun 15 07:41:01 
Jun 15 07:41:01 
Jun 15 07:41:01 
Jun 15 07:41:01 ******开始【京东账号2】jd_fMRfXcJHjROT*********
Jun 15 07:41:01 
Jun 15 07:41:01 
Jun 15 07:41:01 ******开始【京东账号2】jd_fMRfXcJHjROT*********
Jun 15 07:41:01 
Jun 15 07:41:01 AAEAIOzvr8Ebpy54R-TqejwSPU-jzUt2E2YjvMplJHKWfjYN0
Jun 15 07:41:01 AAEAIJh7jFYWS0ri_UGTU0A6B7pQBdRBqZ5eItR_Y8aAxwbz0
Jun 15 07:41:01 AAFgx-kNADB3DlgUNgJwm42L4QnAs6Kb74jU3snTAT8vMdogEl0BAjiawYGmoO3kipcN8wdN2pc
Jun 15 07:41:01 AAFgx-kNADBMRLzn-yXy0P8em8lkr9erlNuQ2depQEcWzd_leaIhGArER91Tzgaiipyyojr7n6E
Jun 15 07:41:01 $.token eyJ0eXAiOiJKV1QiLCJhbGciOiJIUzI1NiJ9.eyJpc3MiOiJodHRwOlwvXC8xMjcuMC4wLjE6OTUwMlwvYXBpXC9hdXRoIiwiaWF0IjoxNjIzNzE0MDYxLCJleHAiOjE2MjM3NTcyNjEsIm5iZiI6MTYyMzcxNDA2MSwianRpIjoiYnNpVjFMeFBMVDlYV2VYYiIsInN1YiI6MjkwNTMzOSwicHJ2IjoiMjNiZDVjODk0OWY2MDBhZGIzOWU3MDFjNDAwODcyZGI3YTU5NzZmNyJ9.3xJyMlwpqeTbyI2WsHCA7zFOA4DxfXEjAfaohRZ82W0
Jun 15 07:41:01 "Response code 403 (Forbidden)"
Jun 15 07:41:01 美丽研究院 API请求失败，请检查网路重试
Jun 15 07:41:01 
Jun 15 07:41:01 
Jun 15 07:41:01 提示：请尝试换服务器ip或者设置"xinruimz-isv.isvjcloud.com"域名直连，或者自定义UA再次尝试(环境变量JD_USER_AGENT)
Jun 15 07:41:01 
Jun 15 07:41:01 
Jun 15 07:41:01 
Jun 15 07:41:01 🔔美丽研究院, 结束! 🕛 0.488 秒
Jun 15 07:41:01 
Jun 15 07:41:01 wss://xinruimz-isv.isvjcloud.com/wss/?token=eyJ0eXAiOiJKV1QiLCJhbGciOiJIUzI1NiJ9.eyJpc3MiOiJodHRwOlwvXC8xMjcuMC4wLjE6OTUwMlwvYXBpXC9hdXRoIiwiaWF0IjoxNjIzNzE0MDYxLCJleHAiOjE2MjM3NTcyNjEsIm5iZiI6MTYyMzcxNDA2MSwianRpIjoiYnNpVjFMeFBMVDlYV2VYYiIsInN1YiI6MjkwNTMzOSwicHJ2IjoiMjNiZDVjODk0OWY2MDBhZGIzOWU3MDFjNDAwODcyZGI3YTU5NzZmNyJ9.3xJyMlwpqeTbyI2WsHCA7zFOA4DxfXEjAfaohRZ82W0
Jun 15 12:41:00 
Jun 15 12:41:00 🔔美丽研究院, 开始!
Jun 15 12:41:00 您的cookie选择的是用&隔开
Jun 15 12:41:00 
Jun 15 12:41:00 
Jun 15 12:41:00 ====================共有2个京东账号Cookie=========
Jun 15 12:41:00 
Jun 15 12:41:00 
Jun 15 12:41:00 🔔美丽研究院, 开始!
Jun 15 12:41:00 您的cookie选择的是用&隔开
Jun 15 12:41:00 
Jun 15 12:41:00 
Jun 15 12:41:00 ====================共有2个京东账号Cookie=========
Jun 15 12:41:00 
Jun 15 12:41:00 ==================脚本执行- 北京时间(UTC+8)：6/15/2021, 12:41:00 PM=====================
Jun 15 12:41:00 
Jun 15 12:41:00 ==================脚本执行- 北京时间(UTC+8)：6/15/2021, 12:41:00 PM=====================
Jun 15 12:41:00 
Jun 15 12:41:00 
Jun 15 12:41:00 ******开始【京东账号1】jd_RbuUwXHBNnJR*********
Jun 15 12:41:00 
Jun 15 12:41:00 
Jun 15 12:41:00 ******开始【京东账号1】jd_RbuUwXHBNnJR*********
Jun 15 12:41:00 
Jun 15 12:41:00 AAEAIFet89zN_lyiP-hXd_0MnfxrWsMCQz00Bm2rPXrjdfHk0
Jun 15 12:41:00 AAEAIDZPZjMmz12LlAYUrhC08qsZ1iW6yQxTQ8Ji_I26eveX0
Jun 15 12:41:00 AAFgyC9cADC__t4yQVtNJelA3O3a7eQ7-vvCCGNCovTUN99xDQocM9jMeAggkP4h-Haakiyz9dA
Jun 15 12:41:00 AAFgyC9cADDeVNjm2PhWOdNpDGrxr_Tpw08S6ltMAMj-boC209lewfnBISrfgjfGdu-o-zzryVQ
Jun 15 12:41:00 "Response code 403 (Forbidden)"
Jun 15 12:41:00 美丽研究院 API请求失败，请检查网路重试
Jun 15 12:41:00 
Jun 15 12:41:00 
Jun 15 12:41:00 提示：请尝试换服务器ip或者设置"xinruimz-isv.isvjcloud.com"域名直连，或者自定义UA再次尝试(环境变量JD_USER_AGENT)
Jun 15 12:41:00 
Jun 15 12:41:00 
Jun 15 12:41:00 
Jun 15 12:41:00 ******开始【京东账号2】jd_fMRfXcJHjROT*********
Jun 15 12:41:00 
Jun 15 12:41:00 "Response code 406 (Not Acceptable)"
Jun 15 12:41:00 美丽研究院 API请求失败，请检查网路重试
Jun 15 12:41:00 
Jun 15 12:41:00 
Jun 15 12:41:00 提示：请尝试换服务器ip或者设置"xinruimz-isv.isvjcloud.com"域名直连，或者自定义UA再次尝试(环境变量JD_USER_AGENT)
Jun 15 12:41:00 
Jun 15 12:41:00 
Jun 15 12:41:00 AAEAIAu4ZqWO41MnR07lOprmt4gfvUSLRETpFU8vGkxv0chm0
Jun 15 12:41:00 
Jun 15 12:41:00 ******开始【京东账号2】jd_fMRfXcJHjROT*********
Jun 15 12:41:00 
Jun 15 12:41:00 AAFgyC9cADAcSXNkSWNOHfEZ4pxU6dW2K_eOCipXixdaZfkKlb_LIBEk1WFXhKyxt29EHpg8ur4
Jun 15 12:41:00 AAEAIPYIpuSy9urEguZQP7NzRzTf7gB7Chloccmc3XAYEmob0
Jun 15 12:41:00 "Response code 403 (Forbidden)"
Jun 15 12:41:00 美丽研究院 API请求失败，请检查网路重试
Jun 15 12:41:00 
Jun 15 12:41:00 
Jun 15 12:41:00 提示：请尝试换服务器ip或者设置"xinruimz-isv.isvjcloud.com"域名直连，或者自定义UA再次尝试(环境变量JD_USER_AGENT)
Jun 15 12:41:00 
Jun 15 12:41:00 
Jun 15 12:41:00 
Jun 15 12:41:00 🔔美丽研究院, 结束! 🕛 0.492 秒
Jun 15 12:41:00 
Jun 15 12:41:00 AAFgyC9cADA6rwcmeEV8tYDNCOCLsy5395e5f2-obY0ClvU3K-ibvpKTVVQfTgDLlzrqDNjPv7w
Jun 15 12:41:00 "Response code 403 (Forbidden)"
Jun 15 12:41:00 美丽研究院 API请求失败，请检查网路重试
Jun 15 12:41:00 
Jun 15 12:41:00 
Jun 15 12:41:00 提示：请尝试换服务器ip或者设置"xinruimz-isv.isvjcloud.com"域名直连，或者自定义UA再次尝试(环境变量JD_USER_AGENT)
Jun 15 12:41:00 
Jun 15 12:41:00 
Jun 15 12:41:00 
Jun 15 12:41:00 🔔美丽研究院, 结束! 🕛 0.545 秒
Jun 15 12:41:00 
