Jun 14 00:00:01 
Jun 14 00:00:01 🔔东东超市兑换奖品, 开始!
Jun 14 00:00:01 您的cookie选择的是用&隔开
Jun 14 00:00:01 
Jun 14 00:00:01 
Jun 14 00:00:01 ====================共有2个京东账号Cookie=========
Jun 14 00:00:01 
Jun 14 00:00:01 
Jun 14 00:00:01 🔔东东超市兑换奖品, 开始!
Jun 14 00:00:02 您的cookie选择的是用&隔开
Jun 14 00:00:02 
Jun 14 00:00:02 
Jun 14 00:00:02 ====================共有2个京东账号Cookie=========
Jun 14 00:00:02 
Jun 14 00:00:02 ==================脚本执行- 北京时间(UTC+8)：6/14/2021, 12:00:01 AM=====================
Jun 14 00:00:02 
Jun 14 00:00:02 
Jun 14 00:00:02 ****开始【京东账号1】jd_RbuUwXHBNnJR****
Jun 14 00:00:02 
Jun 14 00:00:02 ==================脚本执行- 北京时间(UTC+8)：6/14/2021, 12:00:01 AM=====================
Jun 14 00:00:02 
Jun 14 00:00:02 
Jun 14 00:00:02 ****开始【京东账号1】jd_RbuUwXHBNnJR****
Jun 14 00:00:02 
Jun 14 00:00:03 【总蓝币】2122089个
Jun 14 00:00:03 
Jun 14 00:00:03 查询换万能的京豆ID成功，ID:18
Jun 14 00:00:03 兑换结果:{"code":0,"data":{"bizCode":0,"bizMsg":"success","result":{"count":1,"totalBlue":2121589},"success":true},"msg":"调用成功"}
Jun 14 00:00:03 【京东账号1】jd_RbuUwXHBNnJR 第1次换万能的京豆成功
Jun 14 00:00:03 
Jun 14 00:00:03 【京东账号1】jd_RbuUwXHBNnJR
Jun 14 00:00:03 【兑换万能的京豆】成功
Jun 14 00:00:03 
Jun 14 00:00:03 
Jun 14 00:00:03 ==============📣系统通知📣==============
Jun 14 00:00:03 东东超市兑换奖品
Jun 14 00:00:03 【京东账号1】jd_RbuUwXHBNnJR
Jun 14 00:00:03 【兑换万能的京豆】成功，数量：1个
Jun 14 00:00:03 
Jun 14 00:00:03 ****开始【京东账号2】jd_fMRfXcJHjROT****
Jun 14 00:00:03 
Jun 14 00:00:03 【总蓝币】271000个
Jun 14 00:00:03 
Jun 14 00:00:03 【总蓝币】2121589个
Jun 14 00:00:03 
Jun 14 00:00:03 查询换万能的京豆ID成功，ID:18
Jun 14 00:00:03 查询换万能的京豆ID成功，ID:18
Jun 14 00:00:03 兑换结果:{"code":0,"data":{"bizCode":0,"bizMsg":"success","result":{"count":1,"totalBlue":270500},"success":true},"msg":"调用成功"}
Jun 14 00:00:03 【京东账号2】jd_fMRfXcJHjROT 第1次换万能的京豆成功
Jun 14 00:00:03 
Jun 14 00:00:03 【京东账号2】jd_fMRfXcJHjROT
Jun 14 00:00:03 【兑换万能的京豆】成功
Jun 14 00:00:03 
Jun 14 00:00:03 
Jun 14 00:00:03 ==============📣系统通知📣==============
Jun 14 00:00:03 东东超市兑换奖品
Jun 14 00:00:03 【京东账号2】jd_fMRfXcJHjROT
Jun 14 00:00:03 【兑换万能的京豆】成功，数量：1个
Jun 14 00:00:03 
Jun 14 00:00:03 
Jun 14 00:00:03 您未提供server酱的SCKEY，取消微信推送消息通知🚫
Jun 14 00:00:03 
Jun 14 00:00:03 您未提供push+推送所需的PUSH_PLUS_TOKEN，取消push+推送消息通知🚫
Jun 14 00:00:03 
Jun 14 00:00:03 您未提供Bark的APP推送BARK_PUSH，取消Bark推送消息通知🚫
Jun 14 00:00:03 
Jun 14 00:00:03 您未提供telegram机器人推送所需的TG_BOT_TOKEN和TG_USER_ID，取消telegram推送消息通知🚫
Jun 14 00:00:03 
Jun 14 00:00:03 您未提供企业微信机器人推送所需的QYWX_KEY，取消企业微信推送消息通知🚫
Jun 14 00:00:03 
Jun 14 00:00:03 您未提供企业微信应用消息推送所需的QYWX_AM，取消企业微信应用消息推送消息通知🚫
Jun 14 00:00:03 
Jun 14 00:00:03 您未提供iGot的推送IGOT_PUSH_KEY，取消iGot推送消息通知🚫
Jun 14 00:00:03 
Jun 14 00:00:03 兑换结果:{"code":0,"data":{"bizCode":0,"bizMsg":"success","result":{"count":2,"totalBlue":2121089},"success":true},"msg":"调用成功"}
Jun 14 00:00:03 【京东账号1】jd_RbuUwXHBNnJR 第2次换万能的京豆成功
Jun 14 00:00:03 
Jun 14 00:00:03 【京东账号1】jd_RbuUwXHBNnJR
Jun 14 00:00:03 【兑换万能的京豆】成功
Jun 14 00:00:03 
Jun 14 00:00:03 
Jun 14 00:00:03 ==============📣系统通知📣==============
Jun 14 00:00:03 东东超市兑换奖品
Jun 14 00:00:03 【京东账号1】jd_RbuUwXHBNnJR
Jun 14 00:00:03 【兑换万能的京豆】成功，数量：1个
Jun 14 00:00:03 
Jun 14 00:00:03 ****开始【京东账号2】jd_fMRfXcJHjROT****
Jun 14 00:00:03 
Jun 14 00:00:03 钉钉发送通知消息成功🎉。
Jun 14 00:00:03 
Jun 14 00:00:03 
Jun 14 00:00:03 🔔东东超市兑换奖品, 结束! 🕛 2.718 秒
Jun 14 00:00:03 
Jun 14 00:00:03 【总蓝币】270500个
Jun 14 00:00:03 
Jun 14 00:00:04 查询换万能的京豆ID成功，ID:18
Jun 14 00:00:04 兑换结果:{"code":0,"data":{"bizCode":0,"bizMsg":"success","result":{"count":2,"totalBlue":270000},"success":true},"msg":"调用成功"}
Jun 14 00:00:04 【京东账号2】jd_fMRfXcJHjROT 第2次换万能的京豆成功
Jun 14 00:00:04 
Jun 14 00:00:04 【京东账号2】jd_fMRfXcJHjROT
Jun 14 00:00:04 【兑换万能的京豆】成功
Jun 14 00:00:04 
Jun 14 00:00:04 
Jun 14 00:00:04 ==============📣系统通知📣==============
Jun 14 00:00:04 东东超市兑换奖品
Jun 14 00:00:04 【京东账号2】jd_fMRfXcJHjROT
Jun 14 00:00:04 【兑换万能的京豆】成功，数量：1个
Jun 14 00:00:04 
Jun 14 00:00:04 
Jun 14 00:00:04 您未提供server酱的SCKEY，取消微信推送消息通知🚫
Jun 14 00:00:04 
Jun 14 00:00:04 您未提供push+推送所需的PUSH_PLUS_TOKEN，取消push+推送消息通知🚫
Jun 14 00:00:04 
Jun 14 00:00:04 您未提供Bark的APP推送BARK_PUSH，取消Bark推送消息通知🚫
Jun 14 00:00:04 
Jun 14 00:00:04 您未提供telegram机器人推送所需的TG_BOT_TOKEN和TG_USER_ID，取消telegram推送消息通知🚫
Jun 14 00:00:04 
Jun 14 00:00:04 您未提供企业微信机器人推送所需的QYWX_KEY，取消企业微信推送消息通知🚫
Jun 14 00:00:04 
Jun 14 00:00:04 您未提供企业微信应用消息推送所需的QYWX_AM，取消企业微信应用消息推送消息通知🚫
Jun 14 00:00:04 
Jun 14 00:00:04 您未提供iGot的推送IGOT_PUSH_KEY，取消iGot推送消息通知🚫
Jun 14 00:00:04 
Jun 14 00:00:04 钉钉发送通知消息成功🎉。
Jun 14 00:00:04 
Jun 14 00:00:04 
Jun 14 00:00:04 🔔东东超市兑换奖品, 结束! 🕛 2.442 秒
Jun 14 00:00:04 
Jun 14 00:30:00 
Jun 14 00:30:00 🔔东东超市兑换奖品, 开始!
Jun 14 00:30:00 您的cookie选择的是用&隔开
Jun 14 00:30:00 
Jun 14 00:30:00 
Jun 14 00:30:00 ====================共有2个京东账号Cookie=========
Jun 14 00:30:00 
Jun 14 00:30:00 ==================脚本执行- 北京时间(UTC+8)：6/14/2021, 12:30:00 AM=====================
Jun 14 00:30:00 
Jun 14 00:30:00 
Jun 14 00:30:00 ****开始【京东账号1】jd_RbuUwXHBNnJR****
Jun 14 00:30:00 
Jun 14 00:30:00 
Jun 14 00:30:00 🔔东东超市兑换奖品, 开始!
Jun 14 00:30:00 您的cookie选择的是用&隔开
Jun 14 00:30:00 
Jun 14 00:30:00 
Jun 14 00:30:00 ====================共有2个京东账号Cookie=========
Jun 14 00:30:00 
Jun 14 00:30:00 ==================脚本执行- 北京时间(UTC+8)：6/14/2021, 12:30:00 AM=====================
Jun 14 00:30:00 
Jun 14 00:30:00 
Jun 14 00:30:00 ****开始【京东账号1】jd_RbuUwXHBNnJR****
Jun 14 00:30:00 
Jun 14 00:30:00 【总蓝币】2121089个
Jun 14 00:30:00 
Jun 14 00:30:00 查询换万能的京豆ID成功，ID:18
Jun 14 00:30:01 【总蓝币】2121089个
Jun 14 00:30:01 
Jun 14 00:30:01 兑换结果:{"code":0,"data":{"bizCode":505,"bizMsg":"奖品库存不足","success":false},"msg":"调用成功"}
Jun 14 00:30:01 
Jun 14 00:30:01 【京东账号1】jd_RbuUwXHBNnJR
Jun 14 00:30:01 【兑换万能的京豆】奖品库存不足
Jun 14 00:30:01 
Jun 14 00:30:01 
Jun 14 00:30:01 ****开始【京东账号2】jd_fMRfXcJHjROT****
Jun 14 00:30:01 
Jun 14 00:30:01 【总蓝币】270000个
Jun 14 00:30:01 
Jun 14 00:30:01 查询换万能的京豆ID成功，ID:18
Jun 14 00:30:01 查询换万能的京豆ID成功，ID:18
Jun 14 00:30:01 兑换结果:{"code":0,"data":{"bizCode":505,"bizMsg":"奖品库存不足","success":false},"msg":"调用成功"}
Jun 14 00:30:01 
Jun 14 00:30:01 【京东账号1】jd_RbuUwXHBNnJR
Jun 14 00:30:01 【兑换万能的京豆】奖品库存不足
Jun 14 00:30:01 
Jun 14 00:30:01 
Jun 14 00:30:01 ****开始【京东账号2】jd_fMRfXcJHjROT****
Jun 14 00:30:01 
Jun 14 00:30:01 兑换结果:{"code":0,"data":{"bizCode":505,"bizMsg":"奖品库存不足","success":false},"msg":"调用成功"}
Jun 14 00:30:01 
Jun 14 00:30:01 【京东账号2】jd_fMRfXcJHjROT
Jun 14 00:30:01 【兑换万能的京豆】奖品库存不足
Jun 14 00:30:01 
Jun 14 00:30:01 
Jun 14 00:30:01 🔔东东超市兑换奖品, 结束! 🕛 0.987 秒
Jun 14 00:30:01 
Jun 14 00:30:01 【总蓝币】270000个
Jun 14 00:30:01 
Jun 14 00:30:01 查询换万能的京豆ID成功，ID:18
Jun 14 00:30:01 兑换结果:{"code":0,"data":{"bizCode":505,"bizMsg":"奖品库存不足","success":false},"msg":"调用成功"}
Jun 14 00:30:01 
Jun 14 00:30:01 【京东账号2】jd_fMRfXcJHjROT
Jun 14 00:30:01 【兑换万能的京豆】奖品库存不足
Jun 14 00:30:01 
Jun 14 00:30:01 
Jun 14 00:30:01 🔔东东超市兑换奖品, 结束! 🕛 1.061 秒
Jun 14 00:30:01 
Jun 15 00:00:01 
Jun 15 00:00:01 🔔东东超市兑换奖品, 开始!
Jun 15 00:00:01 您的cookie选择的是用&隔开
Jun 15 00:00:01 
Jun 15 00:00:01 
Jun 15 00:00:01 ====================共有2个京东账号Cookie=========
Jun 15 00:00:01 
Jun 15 00:00:01 ==================脚本执行- 北京时间(UTC+8)：6/15/2021, 12:00:01 AM=====================
Jun 15 00:00:01 
Jun 15 00:00:01 
Jun 15 00:00:01 ****开始【京东账号1】jd_RbuUwXHBNnJR****
Jun 15 00:00:01 
Jun 15 00:00:02 
Jun 15 00:00:02 🔔东东超市兑换奖品, 开始!
Jun 15 00:00:02 您的cookie选择的是用&隔开
Jun 15 00:00:02 
Jun 15 00:00:02 
Jun 15 00:00:02 ====================共有2个京东账号Cookie=========
Jun 15 00:00:02 
Jun 15 00:00:02 ==================脚本执行- 北京时间(UTC+8)：6/15/2021, 12:00:02 AM=====================
Jun 15 00:00:02 
Jun 15 00:00:02 
Jun 15 00:00:02 ****开始【京东账号1】jd_RbuUwXHBNnJR****
Jun 15 00:00:02 
Jun 15 00:00:02 【总蓝币】2145289个
Jun 15 00:00:02 
Jun 15 00:00:02 查询换万能的京豆ID成功，ID:18
Jun 15 00:00:03 兑换结果:{"code":0,"data":{"bizCode":0,"bizMsg":"success","result":{"count":1,"totalBlue":2144789},"success":true},"msg":"调用成功"}
Jun 15 00:00:03 【京东账号1】jd_RbuUwXHBNnJR 第1次换万能的京豆成功
Jun 15 00:00:03 
Jun 15 00:00:03 【京东账号1】jd_RbuUwXHBNnJR
Jun 15 00:00:03 【兑换万能的京豆】成功
Jun 15 00:00:03 
Jun 15 00:00:03 
Jun 15 00:00:03 ==============📣系统通知📣==============
Jun 15 00:00:03 东东超市兑换奖品
Jun 15 00:00:03 【京东账号1】jd_RbuUwXHBNnJR
Jun 15 00:00:03 【兑换万能的京豆】成功，数量：1个
Jun 15 00:00:03 
Jun 15 00:00:03 ****开始【京东账号2】jd_fMRfXcJHjROT****
Jun 15 00:00:03 
Jun 15 00:00:03 【总蓝币】284700个
Jun 15 00:00:03 
Jun 15 00:00:03 查询换万能的京豆ID成功，ID:18
Jun 15 00:00:03 【总蓝币】2144789个
Jun 15 00:00:03 
Jun 15 00:00:03 查询换万能的京豆ID成功，ID:18
Jun 15 00:00:03 兑换结果:{"code":0,"data":{"bizCode":0,"bizMsg":"success","result":{"count":1,"totalBlue":284200},"success":true},"msg":"调用成功"}
Jun 15 00:00:03 【京东账号2】jd_fMRfXcJHjROT 第1次换万能的京豆成功
Jun 15 00:00:03 
Jun 15 00:00:03 【京东账号2】jd_fMRfXcJHjROT
Jun 15 00:00:03 【兑换万能的京豆】成功
Jun 15 00:00:03 
Jun 15 00:00:03 
Jun 15 00:00:03 ==============📣系统通知📣==============
Jun 15 00:00:03 东东超市兑换奖品
Jun 15 00:00:03 【京东账号2】jd_fMRfXcJHjROT
Jun 15 00:00:03 【兑换万能的京豆】成功，数量：1个
Jun 15 00:00:03 
Jun 15 00:00:03 
Jun 15 00:00:03 您未提供server酱的SCKEY，取消微信推送消息通知🚫
Jun 15 00:00:03 
Jun 15 00:00:03 您未提供push+推送所需的PUSH_PLUS_TOKEN，取消push+推送消息通知🚫
Jun 15 00:00:03 
Jun 15 00:00:03 您未提供Bark的APP推送BARK_PUSH，取消Bark推送消息通知🚫
Jun 15 00:00:03 
Jun 15 00:00:03 您未提供telegram机器人推送所需的TG_BOT_TOKEN和TG_USER_ID，取消telegram推送消息通知🚫
Jun 15 00:00:03 
Jun 15 00:00:03 您未提供企业微信机器人推送所需的QYWX_KEY，取消企业微信推送消息通知🚫
Jun 15 00:00:03 
Jun 15 00:00:03 您未提供企业微信应用消息推送所需的QYWX_AM，取消企业微信应用消息推送消息通知🚫
Jun 15 00:00:03 
Jun 15 00:00:03 您未提供iGot的推送IGOT_PUSH_KEY，取消iGot推送消息通知🚫
Jun 15 00:00:03 
Jun 15 00:00:03 兑换结果:{"code":0,"data":{"bizCode":0,"bizMsg":"success","result":{"count":2,"totalBlue":2144289},"success":true},"msg":"调用成功"}
Jun 15 00:00:03 【京东账号1】jd_RbuUwXHBNnJR 第2次换万能的京豆成功
Jun 15 00:00:03 
Jun 15 00:00:03 【京东账号1】jd_RbuUwXHBNnJR
Jun 15 00:00:03 【兑换万能的京豆】成功
Jun 15 00:00:03 
Jun 15 00:00:03 
Jun 15 00:00:03 ==============📣系统通知📣==============
Jun 15 00:00:03 东东超市兑换奖品
Jun 15 00:00:03 【京东账号1】jd_RbuUwXHBNnJR
Jun 15 00:00:03 【兑换万能的京豆】成功，数量：1个
Jun 15 00:00:03 
Jun 15 00:00:03 ****开始【京东账号2】jd_fMRfXcJHjROT****
Jun 15 00:00:03 
Jun 15 00:00:03 钉钉发送通知消息成功🎉。
Jun 15 00:00:03 
Jun 15 00:00:03 
Jun 15 00:00:03 🔔东东超市兑换奖品, 结束! 🕛 2.034 秒
Jun 15 00:00:03 
Jun 15 00:00:03 【总蓝币】284200个
Jun 15 00:00:03 
Jun 15 00:00:03 查询换万能的京豆ID成功，ID:18
Jun 15 00:00:03 兑换结果:{"code":0,"data":{"bizCode":0,"bizMsg":"success","result":{"count":2,"totalBlue":283700},"success":true},"msg":"调用成功"}
Jun 15 00:00:03 【京东账号2】jd_fMRfXcJHjROT 第2次换万能的京豆成功
Jun 15 00:00:03 
Jun 15 00:00:03 【京东账号2】jd_fMRfXcJHjROT
Jun 15 00:00:03 【兑换万能的京豆】成功
Jun 15 00:00:03 
Jun 15 00:00:03 
Jun 15 00:00:03 ==============📣系统通知📣==============
Jun 15 00:00:03 东东超市兑换奖品
Jun 15 00:00:03 【京东账号2】jd_fMRfXcJHjROT
Jun 15 00:00:03 【兑换万能的京豆】成功，数量：1个
Jun 15 00:00:03 
Jun 15 00:00:03 
Jun 15 00:00:03 您未提供server酱的SCKEY，取消微信推送消息通知🚫
Jun 15 00:00:03 
Jun 15 00:00:03 您未提供push+推送所需的PUSH_PLUS_TOKEN，取消push+推送消息通知🚫
Jun 15 00:00:03 
Jun 15 00:00:03 您未提供Bark的APP推送BARK_PUSH，取消Bark推送消息通知🚫
Jun 15 00:00:03 
Jun 15 00:00:03 您未提供telegram机器人推送所需的TG_BOT_TOKEN和TG_USER_ID，取消telegram推送消息通知🚫
Jun 15 00:00:03 
Jun 15 00:00:03 您未提供企业微信机器人推送所需的QYWX_KEY，取消企业微信推送消息通知🚫
Jun 15 00:00:03 
Jun 15 00:00:03 您未提供企业微信应用消息推送所需的QYWX_AM，取消企业微信应用消息推送消息通知🚫
Jun 15 00:00:03 
Jun 15 00:00:03 您未提供iGot的推送IGOT_PUSH_KEY，取消iGot推送消息通知🚫
Jun 15 00:00:03 
Jun 15 00:00:03 钉钉发送通知消息成功🎉。
Jun 15 00:00:03 
Jun 15 00:00:03 
Jun 15 00:00:03 🔔东东超市兑换奖品, 结束! 🕛 1.63 秒
Jun 15 00:00:03 
Jun 15 00:30:00 
Jun 15 00:30:00 🔔东东超市兑换奖品, 开始!
Jun 15 00:30:00 您的cookie选择的是用&隔开
Jun 15 00:30:00 
Jun 15 00:30:00 
Jun 15 00:30:00 ====================共有2个京东账号Cookie=========
Jun 15 00:30:00 
Jun 15 00:30:01 ==================脚本执行- 北京时间(UTC+8)：6/15/2021, 12:30:00 AM=====================
Jun 15 00:30:01 
Jun 15 00:30:01 
Jun 15 00:30:01 ****开始【京东账号1】jd_RbuUwXHBNnJR****
Jun 15 00:30:01 
Jun 15 00:30:01 
Jun 15 00:30:01 🔔东东超市兑换奖品, 开始!
Jun 15 00:30:01 您的cookie选择的是用&隔开
Jun 15 00:30:01 
Jun 15 00:30:01 
Jun 15 00:30:01 ====================共有2个京东账号Cookie=========
Jun 15 00:30:01 
Jun 15 00:30:01 ==================脚本执行- 北京时间(UTC+8)：6/15/2021, 12:30:01 AM=====================
Jun 15 00:30:01 
Jun 15 00:30:01 
Jun 15 00:30:01 ****开始【京东账号1】jd_RbuUwXHBNnJR****
Jun 15 00:30:01 
Jun 15 00:30:01 【总蓝币】2144289个
Jun 15 00:30:01 
Jun 15 00:30:01 【总蓝币】2144289个
Jun 15 00:30:01 
Jun 15 00:30:01 查询换万能的京豆ID成功，ID:18
Jun 15 00:30:01 查询换万能的京豆ID成功，ID:18
Jun 15 00:30:01 兑换结果:{"code":0,"data":{"bizCode":505,"bizMsg":"奖品库存不足","success":false},"msg":"调用成功"}
Jun 15 00:30:01 
Jun 15 00:30:01 【京东账号1】jd_RbuUwXHBNnJR
Jun 15 00:30:01 【兑换万能的京豆】奖品库存不足
Jun 15 00:30:01 
Jun 15 00:30:01 
Jun 15 00:30:01 ****开始【京东账号2】jd_fMRfXcJHjROT****
Jun 15 00:30:01 
Jun 15 00:30:01 【总蓝币】283700个
Jun 15 00:30:01 
Jun 15 00:30:01 兑换结果:{"code":0,"data":{"bizCode":505,"bizMsg":"奖品库存不足","success":false},"msg":"调用成功"}
Jun 15 00:30:01 
Jun 15 00:30:01 【京东账号1】jd_RbuUwXHBNnJR
Jun 15 00:30:01 【兑换万能的京豆】奖品库存不足
Jun 15 00:30:01 
Jun 15 00:30:01 
Jun 15 00:30:01 ****开始【京东账号2】jd_fMRfXcJHjROT****
Jun 15 00:30:01 
Jun 15 00:30:01 查询换万能的京豆ID成功，ID:18
Jun 15 00:30:01 【总蓝币】283700个
Jun 15 00:30:01 
Jun 15 00:30:01 兑换结果:{"code":0,"data":{"bizCode":505,"bizMsg":"奖品库存不足","success":false},"msg":"调用成功"}
Jun 15 00:30:01 
Jun 15 00:30:01 【京东账号2】jd_fMRfXcJHjROT
Jun 15 00:30:01 【兑换万能的京豆】奖品库存不足
Jun 15 00:30:01 
Jun 15 00:30:01 
Jun 15 00:30:01 🔔东东超市兑换奖品, 结束! 🕛 0.551 秒
Jun 15 00:30:01 
Jun 15 00:30:01 查询换万能的京豆ID成功，ID:18
Jun 15 00:30:01 兑换结果:{"code":0,"data":{"bizCode":505,"bizMsg":"奖品库存不足","success":false},"msg":"调用成功"}
Jun 15 00:30:01 
Jun 15 00:30:01 【京东账号2】jd_fMRfXcJHjROT
Jun 15 00:30:01 【兑换万能的京豆】奖品库存不足
Jun 15 00:30:01 
Jun 15 00:30:01 
Jun 15 00:30:01 🔔东东超市兑换奖品, 结束! 🕛 0.555 秒
Jun 15 00:30:01 
