Jun 14 00:00:01 
Jun 14 00:00:01 🔔京东汽车, 开始!
Jun 14 00:00:01 您的cookie选择的是用&隔开
Jun 14 00:00:01 
Jun 14 00:00:01 
Jun 14 00:00:01 ====================共有2个京东账号Cookie=========
Jun 14 00:00:01 
Jun 14 00:00:01 ==================脚本执行- 北京时间(UTC+8)：6/14/2021, 12:00:01 AM=====================
Jun 14 00:00:01 
Jun 14 00:00:01 
Jun 14 00:00:01 🔔京东汽车, 开始!
Jun 14 00:00:02 您的cookie选择的是用&隔开
Jun 14 00:00:02 
Jun 14 00:00:02 
Jun 14 00:00:02 ====================共有2个京东账号Cookie=========
Jun 14 00:00:02 
Jun 14 00:00:02 ==================脚本执行- 北京时间(UTC+8)：6/14/2021, 12:00:02 AM=====================
Jun 14 00:00:02 
Jun 14 00:00:03 
Jun 14 00:00:03 ******开始【京东账号1】jd_RbuUwXHBNnJR*********
Jun 14 00:00:03 
Jun 14 00:00:03 
Jun 14 00:00:03 ******开始【京东账号1】jd_RbuUwXHBNnJR*********
Jun 14 00:00:03 
Jun 14 00:00:10 兑换结果：{"status":true,"data":{"result":1,"reason":null}}
Jun 14 00:00:11 兑换结果：{"status":true,"data":{"result":1,"reason":null}}
Jun 14 00:00:14 签到成功，获得null，已签到null天
Jun 14 00:00:15 签到成功，获得5，已签到1天
Jun 14 00:00:17 去做任务：参加京东汽车赛事
Jun 14 00:00:17 任务领取成功
Jun 14 00:00:18 任务完成成功
Jun 14 00:00:18 去做任务：参加京东汽车赛事
Jun 14 00:00:20 任务重复完成
Jun 14 00:00:22 当前赛点：2041/500，可以兑换京豆，请打开APP兑换
Jun 14 00:00:22 
Jun 14 00:00:22 ==============📣系统通知📣==============
Jun 14 00:00:22 京东汽车
Jun 14 00:00:22 【京东账号1】jd_RbuUwXHBNnJR
Jun 14 00:00:22 签到成功，获得null，已签到null天
Jun 14 00:00:22 当前赛点：2041/500，可以兑换京豆，请打开APP兑换
Jun 14 00:00:22 
Jun 14 00:00:22 
Jun 14 00:00:22 ******开始【京东账号2】jd_fMRfXcJHjROT*********
Jun 14 00:00:22 
Jun 14 00:00:22 兑换结果：{"status":true,"data":{"result":3,"reason":"可兑换京豆不足500"}}
Jun 14 00:00:27 签到成功，获得5，已签到5天
Jun 14 00:00:30 去做任务：参加京东汽车赛事
Jun 14 00:00:30 任务领取成功
Jun 14 00:00:31 当前赛点：2041/500，可以兑换京豆，请打开APP兑换
Jun 14 00:00:31 
Jun 14 00:00:31 ==============📣系统通知📣==============
Jun 14 00:00:31 京东汽车
Jun 14 00:00:31 【京东账号1】jd_RbuUwXHBNnJR
Jun 14 00:00:31 签到成功，获得5，已签到1天
Jun 14 00:00:31 当前赛点：2041/500，可以兑换京豆，请打开APP兑换
Jun 14 00:00:31 
Jun 14 00:00:31 
Jun 14 00:00:31 ******开始【京东账号2】jd_fMRfXcJHjROT*********
Jun 14 00:00:31 
Jun 14 00:00:35 兑换结果：{"status":true,"data":{"result":3,"reason":"可兑换京豆不足500"}}
Jun 14 00:00:37 您今天已签到，请明天再来
Jun 14 00:00:42 任务完成成功
Jun 14 00:00:55 当前赛点：295/500无法兑换京豆
Jun 14 00:00:55 
Jun 14 00:00:55 ==============📣系统通知📣==============
Jun 14 00:00:55 京东汽车
Jun 14 00:00:55 【京东账号2】jd_fMRfXcJHjROT
Jun 14 00:00:55 签到成功，获得5，已签到5天
Jun 14 00:00:55 当前赛点：295/500，无法兑换京豆
Jun 14 00:00:55 
Jun 14 00:00:55 
Jun 14 00:00:55 🔔京东汽车, 结束! 🕛 53.856 秒
Jun 14 00:00:55 
Jun 14 00:01:06 当前赛点：295/500无法兑换京豆
Jun 14 00:01:06 
Jun 14 00:01:06 ==============📣系统通知📣==============
Jun 14 00:01:06 京东汽车
Jun 14 00:01:06 【京东账号2】jd_fMRfXcJHjROT
Jun 14 00:01:06 签到失败，您今天已签到，请明天再来
Jun 14 00:01:06 当前赛点：295/500，无法兑换京豆
Jun 14 00:01:06 
Jun 14 00:01:06 
Jun 14 00:01:06 🔔京东汽车, 结束! 🕛 64.707 秒
Jun 14 00:01:06 
Jun 15 00:00:01 
Jun 15 00:00:01 🔔京东汽车, 开始!
Jun 15 00:00:01 您的cookie选择的是用&隔开
Jun 15 00:00:01 
Jun 15 00:00:01 
Jun 15 00:00:01 ====================共有2个京东账号Cookie=========
Jun 15 00:00:01 
Jun 15 00:00:02 
Jun 15 00:00:02 🔔京东汽车, 开始!
Jun 15 00:00:02 您的cookie选择的是用&隔开
Jun 15 00:00:02 
Jun 15 00:00:02 
Jun 15 00:00:02 ====================共有2个京东账号Cookie=========
Jun 15 00:00:02 
Jun 15 00:00:02 ==================脚本执行- 北京时间(UTC+8)：6/15/2021, 12:00:01 AM=====================
Jun 15 00:00:02 
Jun 15 00:00:02 ==================脚本执行- 北京时间(UTC+8)：6/15/2021, 12:00:02 AM=====================
Jun 15 00:00:02 
Jun 15 00:00:03 
Jun 15 00:00:03 ******开始【京东账号1】jd_RbuUwXHBNnJR*********
Jun 15 00:00:03 
Jun 15 00:00:03 
Jun 15 00:00:03 ******开始【京东账号1】jd_RbuUwXHBNnJR*********
Jun 15 00:00:03 
Jun 15 00:00:04 兑换结果：{"status":true,"data":{"result":1,"reason":null}}
Jun 15 00:00:04 兑换结果：{"status":true,"data":{"result":1,"reason":null}}
Jun 15 00:00:05 签到成功，获得null，已签到null天
Jun 15 00:00:06 签到成功，获得5，已签到2天
Jun 15 00:00:07 去做任务：参加京东汽车赛事
Jun 15 00:00:09 任务领取成功
Jun 15 00:00:10 任务完成成功
Jun 15 00:00:15 当前赛点：2056/500，可以兑换京豆，请打开APP兑换
Jun 15 00:00:15 
Jun 15 00:00:15 ==============📣系统通知📣==============
Jun 15 00:00:15 京东汽车
Jun 15 00:00:15 【京东账号1】jd_RbuUwXHBNnJR
Jun 15 00:00:15 签到成功，获得null，已签到null天
Jun 15 00:00:15 当前赛点：2056/500，可以兑换京豆，请打开APP兑换
Jun 15 00:00:15 
Jun 15 00:00:15 
Jun 15 00:00:15 ******开始【京东账号2】jd_fMRfXcJHjROT*********
Jun 15 00:00:15 
Jun 15 00:00:15 兑换结果：{"status":true,"data":{"result":3,"reason":"可兑换京豆不足500"}}
Jun 15 00:00:15 签到成功，获得5，已签到6天
Jun 15 00:00:23 去做任务：参加京东汽车赛事
Jun 15 00:00:23 任务领取成功
Jun 15 00:00:23 任务完成成功
Jun 15 00:00:26 当前赛点：310/500无法兑换京豆
Jun 15 00:00:26 
Jun 15 00:00:26 ==============📣系统通知📣==============
Jun 15 00:00:26 京东汽车
Jun 15 00:00:26 【京东账号2】jd_fMRfXcJHjROT
Jun 15 00:00:26 签到成功，获得5，已签到6天
Jun 15 00:00:26 当前赛点：310/500，无法兑换京豆
Jun 15 00:00:26 
Jun 15 00:00:26 
Jun 15 00:00:26 🔔京东汽车, 结束! 🕛 24.414 秒
Jun 15 00:00:26 
Jun 15 00:00:35 当前赛点：2056/500，可以兑换京豆，请打开APP兑换
Jun 15 00:00:35 
Jun 15 00:00:35 ==============📣系统通知📣==============
Jun 15 00:00:35 京东汽车
Jun 15 00:00:35 【京东账号1】jd_RbuUwXHBNnJR
Jun 15 00:00:35 签到成功，获得5，已签到2天
Jun 15 00:00:35 当前赛点：2056/500，可以兑换京豆，请打开APP兑换
Jun 15 00:00:35 
Jun 15 00:00:35 
Jun 15 00:00:35 ******开始【京东账号2】jd_fMRfXcJHjROT*********
Jun 15 00:00:35 
Jun 15 00:00:49 兑换结果：{"status":true,"data":{"result":3,"reason":"可兑换京豆不足500"}}
Jun 15 00:00:49 您今天已签到，请明天再来
Jun 15 00:00:51 当前赛点：310/500无法兑换京豆
Jun 15 00:00:51 
Jun 15 00:00:51 ==============📣系统通知📣==============
Jun 15 00:00:51 京东汽车
Jun 15 00:00:51 【京东账号2】jd_fMRfXcJHjROT
Jun 15 00:00:51 签到失败，您今天已签到，请明天再来
Jun 15 00:00:51 当前赛点：310/500，无法兑换京豆
Jun 15 00:00:51 
Jun 15 00:00:51 
Jun 15 00:00:51 🔔京东汽车, 结束! 🕛 49.385 秒
Jun 15 00:00:51 
