
Jun 15 16:52:03 
Jun 15 16:52:03 🔔crazyJoy挂机, 开始!
Jun 15 16:52:03 
Jun 15 16:52:03 ====================共2个京东账号Cookie=========
Jun 15 16:52:03 
Jun 15 16:52:03 ==================脚本执行- 北京时间(UTC+8)：6/15/2021, 4:52:03 PM=====================
Jun 15 16:52:03 
Jun 15 16:52:03 
Jun 15 16:52:03 挂机开始，自动8s收一次金币
Jun 15 16:52:03 ============开始第1次挂机=============
Jun 15 16:52:03 
Jun 15 16:52:03 开始【京东账号1】jd_RbuUwXHBNnJR
Jun 15 16:52:03 
Jun 15 16:52:04 当前JOY分布情况
Jun 15 16:52:04 
Jun 15 16:52:04 30 31 32 33
Jun 15 16:52:04 34 34 34 34
Jun 15 16:52:04 34 34 34 34
Jun 15 16:52:04 
Jun 15 16:52:08 当前金币:2704149885830672
Jun 15 16:52:08 
Jun 15 16:52:08 此次在线收益：获得 383862702085 金币
Jun 15 16:52:14 当前信息：1569 京豆，2704149885830672 金币
Jun 15 16:52:14 
Jun 15 16:52:14 开始【京东账号2】jd_fMRfXcJHjROT
Jun 15 16:52:14 
Jun 15 16:52:15 当前JOY分布情况
Jun 15 16:52:15 
Jun 15 16:52:15 30 31 32 33
Jun 15 16:52:15 34 34 34 34
Jun 15 16:52:15 34 34 34 34
Jun 15 16:52:15 
Jun 15 16:52:20 此次在线收益：获得 0 金币
Jun 15 16:52:21 京豆信息获取信息失败
Jun 15 16:52:26 当前信息：0 京豆，获取当前金币数量失败 金币
Jun 15 16:52:26 
Jun 15 16:52:26 
Jun 15 16:52:26 
Jun 15 16:52:26 ============开始第2次挂机=============
Jun 15 16:52:26 
Jun 15 16:52:26 开始【京东账号1】jd_RbuUwXHBNnJR
Jun 15 16:52:26 
Jun 15 16:52:27 当前JOY分布情况
Jun 15 16:52:27 
Jun 15 16:52:27 30 31 32 33
Jun 15 16:52:27 34 34 34 34
Jun 15 16:52:27 34 34 34 34
Jun 15 16:52:27 
Jun 15 16:52:29 此次在线收益：获得 0 金币
Jun 15 16:52:35 当前信息：1569 京豆，获取当前金币数量失败 金币
Jun 15 16:52:35 
Jun 15 16:52:35 开始【京东账号2】jd_fMRfXcJHjROT
Jun 15 16:52:35 
Jun 15 16:52:36 当前JOY分布情况
Jun 15 16:52:36 
Jun 15 16:52:36 30 31 32 33
Jun 15 16:52:36 34 34 34 34
Jun 15 16:52:36 34 34 34 34
Jun 15 16:52:36 
Jun 15 16:52:39 当前金币:3143056429067790
Jun 15 16:52:39 
Jun 15 16:52:39 此次在线收益：获得 383862702085 金币
Jun 15 16:52:40 京豆信息获取信息失败
Jun 15 16:52:45 当前信息：0 京豆，3143056429067790 金币
Jun 15 16:52:45 
Jun 15 16:52:45 
Jun 15 16:52:45 
Jun 15 16:52:45 ============开始第3次挂机=============
Jun 15 16:52:45 
Jun 15 16:52:45 开始【京东账号1】jd_RbuUwXHBNnJR
Jun 15 16:52:45 
Jun 15 16:52:47 joy信息获取信息失败
Jun 15 16:52:50 当前金币:2706069199341097
Jun 15 16:52:50 
Jun 15 16:52:50 此次在线收益：获得 383862702085 金币
Jun 15 16:52:58 当前信息：1569 京豆，2706069199341097 金币
Jun 15 16:52:58 
Jun 15 16:52:58 开始【京东账号2】jd_fMRfXcJHjROT
Jun 15 16:52:58 
Jun 15 16:52:59 当前JOY分布情况
Jun 15 16:52:59 
Jun 15 16:52:59 30 31 32 33
Jun 15 16:52:59 34 34 34 34
Jun 15 16:52:59 34 34 34 34
Jun 15 16:52:59 
Jun 15 16:53:01 此次在线收益：获得 0 金币
Jun 15 16:53:02 京豆信息获取信息失败
Jun 15 16:53:07 当前信息：0 京豆，获取当前金币数量失败 金币
Jun 15 16:53:07 
Jun 15 16:53:07 
Jun 15 16:53:07 
Jun 15 16:53:07 ============开始第4次挂机=============
Jun 15 16:53:07 
Jun 15 16:53:07 开始【京东账号1】jd_RbuUwXHBNnJR
Jun 15 16:53:07 
Jun 15 16:53:08 当前JOY分布情况
Jun 15 16:53:08 
Jun 15 16:53:08 30 31 32 33
Jun 15 16:53:08 34 34 34 34
Jun 15 16:53:08 34 34 34 34
Jun 15 16:53:08 
Jun 15 16:53:12 当前金币:2707220787447352
Jun 15 16:53:12 
Jun 15 16:53:12 此次在线收益：获得 383862702085 金币
Jun 15 16:53:19 当前信息：1569 京豆，2707220787447352 金币
Jun 15 16:53:19 
Jun 15 16:53:19 开始【京东账号2】jd_fMRfXcJHjROT
Jun 15 16:53:19 
Jun 15 16:53:20 当前JOY分布情况
Jun 15 16:53:20 
Jun 15 16:53:20 30 31 32 33
Jun 15 16:53:20 34 34 34 34
Jun 15 16:53:20 34 34 34 34
Jun 15 16:53:20 
Jun 15 16:53:25 此次在线收益：获得 0 金币
Jun 15 16:53:26 京豆信息获取信息失败
Jun 15 16:53:31 当前信息：0 京豆，获取当前金币数量失败 金币
Jun 15 16:53:31 
Jun 15 16:53:31 
Jun 15 16:53:31 
Jun 15 16:53:31 ============开始第5次挂机=============
Jun 15 16:53:31 
Jun 15 16:53:31 开始【京东账号1】jd_RbuUwXHBNnJR
Jun 15 16:53:31 
Jun 15 16:53:32 当前JOY分布情况
Jun 15 16:53:32 
Jun 15 16:53:32 30 31 32 33
Jun 15 16:53:32 34 34 34 34
Jun 15 16:53:32 34 34 34 34
Jun 15 16:53:32 
Jun 15 16:53:34 此次在线收益：获得 0 金币
Jun 15 16:53:40 当前信息：1569 京豆，获取当前金币数量失败 金币
Jun 15 16:53:40 
Jun 15 16:53:40 开始【京东账号2】jd_fMRfXcJHjROT
Jun 15 16:53:40 
Jun 15 16:53:41 当前JOY分布情况
Jun 15 16:53:41 
Jun 15 16:53:41 30 31 32 33
Jun 15 16:53:41 34 34 34 34
Jun 15 16:53:41 34 34 34 34
Jun 15 16:53:41 
Jun 15 16:53:44 当前金币:3146127330684470
Jun 15 16:53:44 
Jun 15 16:53:44 此次在线收益：获得 383862702085 金币
Jun 15 16:53:45 京豆信息获取信息失败
Jun 15 16:53:50 当前信息：0 京豆，3146127330684470 金币
Jun 15 16:53:50 
Jun 15 16:53:50 
Jun 15 16:53:50 
Jun 15 16:53:50 ============开始第6次挂机=============
Jun 15 16:53:50 
Jun 15 16:53:50 开始【京东账号1】jd_RbuUwXHBNnJR
Jun 15 16:53:50 
Jun 15 16:53:51 当前JOY分布情况
Jun 15 16:53:51 
Jun 15 16:53:51 30 31 32 33
Jun 15 16:53:51 34 34 34 34
Jun 15 16:53:51 34 34 34 34
Jun 15 16:53:51 
Jun 15 16:53:53 当前金币:2709140100957777
Jun 15 16:53:53 
Jun 15 16:53:53 此次在线收益：获得 383862702085 金币
Jun 15 16:53:59 当前信息：1569 京豆，2709140100957777 金币
Jun 15 16:53:59 
Jun 15 16:53:59 开始【京东账号2】jd_fMRfXcJHjROT
Jun 15 16:53:59 
Jun 15 16:54:00 当前JOY分布情况
Jun 15 16:54:00 
Jun 15 16:54:00 30 31 32 33
Jun 15 16:54:00 34 34 34 34
Jun 15 16:54:00 34 34 34 34
Jun 15 16:54:00 
Jun 15 16:54:02 当前金币:3146895056088640
Jun 15 16:54:02 
Jun 15 16:54:02 此次在线收益：获得 383862702085 金币
Jun 15 16:54:03 京豆信息获取信息失败
Jun 15 16:54:08 当前信息：0 京豆，3146895056088640 金币
Jun 15 16:54:08 
Jun 15 16:54:08 
Jun 15 16:54:08 
Jun 15 16:54:08 ============开始第7次挂机=============
Jun 15 16:54:08 
Jun 15 16:54:08 开始【京东账号1】jd_RbuUwXHBNnJR
Jun 15 16:54:08 
Jun 15 16:54:09 当前JOY分布情况
Jun 15 16:54:09 
Jun 15 16:54:09 30 31 32 33
Jun 15 16:54:09 34 34 34 34
Jun 15 16:54:09 34 34 34 34
Jun 15 16:54:09 
Jun 15 16:54:11 此次在线收益：获得 0 金币
Jun 15 16:54:18 当前信息：1569 京豆，获取当前金币数量失败 金币
Jun 15 16:54:18 
Jun 15 16:54:18 开始【京东账号2】jd_fMRfXcJHjROT
Jun 15 16:54:18 
Jun 15 16:54:19 当前JOY分布情况
Jun 15 16:54:19 
Jun 15 16:54:19 30 31 32 33
Jun 15 16:54:19 34 34 34 34
Jun 15 16:54:19 34 34 34 34
Jun 15 16:54:19 
Jun 15 16:54:21 此次在线收益：获得 0 金币
Jun 15 16:54:22 京豆信息获取信息失败
Jun 15 16:54:27 当前信息：0 京豆，获取当前金币数量失败 金币
Jun 15 16:54:27 
Jun 15 16:54:27 
Jun 15 16:54:27 
Jun 15 16:54:27 ============开始第8次挂机=============
Jun 15 16:54:27 
Jun 15 16:54:27 开始【京东账号1】jd_RbuUwXHBNnJR
Jun 15 16:54:27 
Jun 15 16:54:28 当前JOY分布情况
Jun 15 16:54:28 
Jun 15 16:54:28 30 31 32 33
Jun 15 16:54:28 34 34 34 34
Jun 15 16:54:28 34 34 34 34
Jun 15 16:54:28 
Jun 15 16:54:30 此次在线收益：获得 0 金币
Jun 15 16:54:36 当前信息：1569 京豆，获取当前金币数量失败 金币
Jun 15 16:54:36 
Jun 15 16:54:36 开始【京东账号2】jd_fMRfXcJHjROT
Jun 15 16:54:36 
Jun 15 16:54:37 当前JOY分布情况
Jun 15 16:54:37 
Jun 15 16:54:37 30 31 32 33
Jun 15 16:54:37 34 34 34 34
Jun 15 16:54:37 34 34 34 34
Jun 15 16:54:37 
Jun 15 16:54:39 当前金币:3148814369599065
Jun 15 16:54:39 
Jun 15 16:54:39 此次在线收益：获得 383862702085 金币
Jun 15 16:54:40 京豆信息获取信息失败
Jun 15 16:54:45 当前信息：0 京豆，3148814369599065 金币
Jun 15 16:54:45 
Jun 15 16:54:45 
Jun 15 16:54:45 
Jun 15 16:54:45 ============开始第9次挂机=============
Jun 15 16:54:45 
Jun 15 16:54:45 开始【京东账号1】jd_RbuUwXHBNnJR
Jun 15 16:54:45 
Jun 15 16:54:46 当前JOY分布情况
Jun 15 16:54:46 
Jun 15 16:54:46 30 31 32 33
Jun 15 16:54:46 34 34 34 34
Jun 15 16:54:46 34 34 34 34
Jun 15 16:54:46 
Jun 15 16:54:51 此次在线收益：获得 0 金币
Jun 15 16:54:57 当前信息：1569 京豆，获取当前金币数量失败 金币
Jun 15 16:54:57 
Jun 15 16:54:57 开始【京东账号2】jd_fMRfXcJHjROT
Jun 15 16:54:57 
Jun 15 16:54:58 当前JOY分布情况
Jun 15 16:54:58 
Jun 15 16:54:58 30 31 32 33
Jun 15 16:54:58 34 34 34 34
Jun 15 16:54:58 34 34 34 34
Jun 15 16:54:58 
Jun 15 16:55:00 此次在线收益：获得 0 金币
Jun 15 16:55:01 京豆信息获取信息失败
Jun 15 16:55:06 当前信息：0 京豆，获取当前金币数量失败 金币
Jun 15 16:55:06 
Jun 15 16:55:06 
Jun 15 16:55:06 
Jun 15 16:55:06 ============开始第10次挂机=============
Jun 15 16:55:06 
Jun 15 16:55:06 开始【京东账号1】jd_RbuUwXHBNnJR
Jun 15 16:55:06 
Jun 15 16:55:07 当前JOY分布情况
Jun 15 16:55:07 
Jun 15 16:55:07 30 31 32 33
Jun 15 16:55:07 34 34 34 34
Jun 15 16:55:07 34 34 34 34
Jun 15 16:55:07 
Jun 15 16:55:09 此次在线收益：获得 0 金币
Jun 15 16:55:16 当前信息：1569 京豆，获取当前金币数量失败 金币
Jun 15 16:55:16 
Jun 15 16:55:16 开始【京东账号2】jd_fMRfXcJHjROT
Jun 15 16:55:16 
Jun 15 16:55:17 当前JOY分布情况
Jun 15 16:55:17 
Jun 15 16:55:17 30 31 32 33
Jun 15 16:55:17 34 34 34 34
Jun 15 16:55:17 34 34 34 34
Jun 15 16:55:17 
Jun 15 16:55:22 当前金币:3150733683109490
Jun 15 16:55:22 
Jun 15 16:55:22 此次在线收益：获得 383862702085 金币
Jun 15 16:55:23 京豆信息获取信息失败
Jun 15 16:55:28 当前信息：0 京豆，3150733683109490 金币
Jun 15 16:55:28 
Jun 15 16:55:28 
Jun 15 16:55:28 
Jun 15 16:55:28 ============开始第11次挂机=============
Jun 15 16:55:28 
Jun 15 16:55:28 开始【京东账号1】jd_RbuUwXHBNnJR
Jun 15 16:55:28 
Jun 15 16:55:30 joy信息获取信息失败
Jun 15 16:55:34 当前金币:2713746453382797
Jun 15 16:55:34 
Jun 15 16:55:34 此次在线收益：获得 383862702085 金币
Jun 15 16:55:40 当前信息：1569 京豆，2713746453382797 金币
Jun 15 16:55:40 
Jun 15 16:55:40 开始【京东账号2】jd_fMRfXcJHjROT
Jun 15 16:55:40 
Jun 15 16:55:41 当前JOY分布情况
Jun 15 16:55:41 
Jun 15 16:55:41 30 31 32 33
Jun 15 16:55:41 34 34 34 34
Jun 15 16:55:41 34 34 34 34
Jun 15 16:55:41 
Jun 15 16:55:43 当前金币:3151885271215745
Jun 15 16:55:43 
Jun 15 16:55:43 此次在线收益：获得 383862702085 金币
Jun 15 16:55:44 京豆信息获取信息失败
Jun 15 16:55:49 当前信息：0 京豆，3151885271215745 金币
Jun 15 16:55:49 
Jun 15 16:55:49 
Jun 15 16:55:49 
Jun 15 16:55:49 ============开始第12次挂机=============
Jun 15 16:55:49 
Jun 15 16:55:49 开始【京东账号1】jd_RbuUwXHBNnJR
Jun 15 16:55:49 
Jun 15 16:55:52 joy信息获取信息失败
Jun 15 16:55:55 当前金币:2714898041489052
Jun 15 16:55:55 
Jun 15 16:55:55 此次在线收益：获得 383862702085 金币
Jun 15 16:56:01 当前信息：1569 京豆，2714898041489052 金币
Jun 15 16:56:01 
Jun 15 16:56:01 开始【京东账号2】jd_fMRfXcJHjROT
Jun 15 16:56:01 
Jun 15 16:56:04 joy信息获取信息失败
Jun 15 16:56:07 当前金币:3153036859322000
Jun 15 16:56:07 
Jun 15 16:56:07 此次在线收益：获得 383862702085 金币
Jun 15 16:56:08 京豆信息获取信息失败
Jun 15 16:56:13 当前信息：0 京豆，3153036859322000 金币
Jun 15 16:56:13 
Jun 15 16:56:13 
Jun 15 16:56:13 
Jun 15 16:56:13 ============开始第13次挂机=============
Jun 15 16:56:13 
Jun 15 16:56:13 开始【京东账号1】jd_RbuUwXHBNnJR
Jun 15 16:56:13 
Jun 15 16:56:14 当前JOY分布情况
Jun 15 16:56:14 
Jun 15 16:56:14 30 31 32 33
Jun 15 16:56:14 34 34 34 34
Jun 15 16:56:14 34 34 34 34
Jun 15 16:56:14 
Jun 15 16:56:16 当前金币:2716049629595307
Jun 15 16:56:16 
Jun 15 16:56:16 此次在线收益：获得 383862702085 金币
Jun 15 16:56:23 当前信息：1569 京豆，2716049629595307 金币
Jun 15 16:56:23 
Jun 15 16:56:23 开始【京东账号2】jd_fMRfXcJHjROT
Jun 15 16:56:23 
Jun 15 16:56:25 joy信息获取信息失败
Jun 15 16:56:28 此次在线收益：获得 0 金币
Jun 15 16:56:30 京豆信息获取信息失败
Jun 15 16:56:35 当前信息：0 京豆，获取当前金币数量失败 金币
Jun 15 16:56:35 
Jun 15 16:56:35 
Jun 15 16:56:35 
Jun 15 16:56:35 ============开始第14次挂机=============
Jun 15 16:56:35 
Jun 15 16:56:35 开始【京东账号1】jd_RbuUwXHBNnJR
Jun 15 16:56:35 
Jun 15 16:56:36 当前JOY分布情况
Jun 15 16:56:36 
Jun 15 16:56:36 30 31 32 33
Jun 15 16:56:36 34 34 34 34
Jun 15 16:56:36 34 34 34 34
Jun 15 16:56:36 
Jun 15 16:56:38 此次在线收益：获得 0 金币
Jun 15 16:56:44 当前信息：1569 京豆，获取当前金币数量失败 金币
Jun 15 16:56:44 
Jun 15 16:56:44 开始【京东账号2】jd_fMRfXcJHjROT
Jun 15 16:56:44 
Jun 15 16:56:45 当前JOY分布情况
Jun 15 16:56:45 
Jun 15 16:56:45 30 31 32 33
Jun 15 16:56:45 34 34 34 34
Jun 15 16:56:45 34 34 34 34
Jun 15 16:56:45 
Jun 15 16:56:47 当前金币:3154956172832425
Jun 15 16:56:47 
Jun 15 16:56:47 此次在线收益：获得 383862702085 金币
Jun 15 16:56:48 京豆信息获取信息失败
Jun 15 16:56:53 当前信息：0 京豆，3154956172832425 金币
Jun 15 16:56:53 
Jun 15 16:56:53 
Jun 15 16:56:53 
Jun 15 16:56:53 ============开始第15次挂机=============
Jun 15 16:56:53 
Jun 15 16:56:53 开始【京东账号1】jd_RbuUwXHBNnJR
Jun 15 16:56:53 
Jun 15 16:56:54 当前JOY分布情况
Jun 15 16:56:54 
Jun 15 16:56:54 30 31 32 33
Jun 15 16:56:54 34 34 34 34
Jun 15 16:56:54 34 34 34 34
Jun 15 16:56:54 
Jun 15 16:56:56 金币补给领取成功，获得276381145501200金币
Jun 15 16:56:57 当前金币:3270731234108132
Jun 15 16:56:57 
Jun 15 16:56:57 此次在线收益：获得 383862702085 金币
Jun 15 16:57:03 当前信息：1569 京豆，3270731234108132 金币
Jun 15 16:57:03 
Jun 15 16:57:03 开始【京东账号2】jd_fMRfXcJHjROT
Jun 15 16:57:03 
Jun 15 16:57:05 当前JOY分布情况
Jun 15 16:57:05 
Jun 15 16:57:05 30 31 32 33
Jun 15 16:57:05 34 34 34 34
Jun 15 16:57:05 34 34 34 34
Jun 15 16:57:05 
Jun 15 16:57:09 此次在线收益：获得 0 金币
Jun 15 16:57:10 京豆信息获取信息失败
Jun 15 16:57:15 当前信息：0 京豆，获取当前金币数量失败 金币
Jun 15 16:57:15 
Jun 15 16:57:15 
Jun 15 16:57:15 
Jun 15 16:57:15 ============开始第16次挂机=============
Jun 15 16:57:15 
Jun 15 16:57:15 开始【京东账号1】jd_RbuUwXHBNnJR
Jun 15 16:57:15 
Jun 15 16:57:16 当前JOY分布情况
Jun 15 16:57:16 
Jun 15 16:57:16 30 31 32 33
Jun 15 16:57:16 34 34 34 34
Jun 15 16:57:16 34 34 34 34
Jun 15 16:57:16 
Jun 15 16:57:18 当前金币:3271498959512302
Jun 15 16:57:18 
Jun 15 16:57:18 此次在线收益：获得 383862702085 金币
Jun 15 16:57:25 当前信息：1569 京豆，3271498959512302 金币
Jun 15 16:57:25 
Jun 15 16:57:25 开始【京东账号2】jd_fMRfXcJHjROT
Jun 15 16:57:25 
Jun 15 16:57:26 当前JOY分布情况
Jun 15 16:57:26 
Jun 15 16:57:26 30 31 32 33
Jun 15 16:57:26 34 34 34 34
Jun 15 16:57:26 34 34 34 34
Jun 15 16:57:26 
Jun 15 16:57:28 当前金币:3433256631844150
Jun 15 16:57:28 
Jun 15 16:57:28 此次在线收益：获得 383862702085 金币
Jun 15 16:57:29 京豆信息获取信息失败
Jun 15 16:57:34 当前信息：0 京豆，3433256631844150 金币
Jun 15 16:57:34 
Jun 15 16:57:34 
Jun 15 16:57:34 
Jun 15 16:57:34 ============开始第17次挂机=============
Jun 15 16:57:34 
Jun 15 16:57:34 开始【京东账号1】jd_RbuUwXHBNnJR
Jun 15 16:57:34 
Jun 15 16:57:35 当前JOY分布情况
Jun 15 16:57:35 
Jun 15 16:57:35 30 31 32 33
Jun 15 16:57:35 34 34 34 34
Jun 15 16:57:35 34 34 34 34
Jun 15 16:57:35 
Jun 15 16:57:37 当前金币:3272650547618557
Jun 15 16:57:37 
Jun 15 16:57:37 此次在线收益：获得 383862702085 金币
Jun 15 16:57:43 当前信息：1569 京豆，3272650547618557 金币
Jun 15 16:57:43 
Jun 15 16:57:43 开始【京东账号2】jd_fMRfXcJHjROT
Jun 15 16:57:43 
Jun 15 16:57:44 当前JOY分布情况
Jun 15 16:57:44 
Jun 15 16:57:44 30 31 32 33
Jun 15 16:57:44 34 34 34 34
Jun 15 16:57:44 34 34 34 34
Jun 15 16:57:44 
Jun 15 16:57:46 此次在线收益：获得 0 金币
Jun 15 16:57:48 京豆信息获取信息失败
Jun 15 16:57:53 当前信息：0 京豆，获取当前金币数量失败 金币
Jun 15 16:57:53 
Jun 15 16:57:53 
Jun 15 16:57:53 
Jun 15 16:57:53 ============开始第18次挂机=============
Jun 15 16:57:53 
Jun 15 16:57:53 开始【京东账号1】jd_RbuUwXHBNnJR
Jun 15 16:57:53 
Jun 15 16:57:54 当前JOY分布情况
Jun 15 16:57:54 
Jun 15 16:57:54 30 31 32 33
Jun 15 16:57:54 34 34 34 34
Jun 15 16:57:54 34 34 34 34
Jun 15 16:57:54 
Jun 15 16:57:56 此次在线收益：获得 0 金币
Jun 15 16:58:02 当前信息：1569 京豆，获取当前金币数量失败 金币
Jun 15 16:58:02 
Jun 15 16:58:02 开始【京东账号2】jd_fMRfXcJHjROT
Jun 15 16:58:02 
Jun 15 16:58:03 当前JOY分布情况
Jun 15 16:58:03 
Jun 15 16:58:03 30 31 32 33
Jun 15 16:58:03 34 34 34 34
Jun 15 16:58:03 34 34 34 34
Jun 15 16:58:03 
Jun 15 16:58:09 京豆信息获取信息失败
Jun 15 16:58:14 当前信息：0 京豆，获取当前金币数量失败 金币
Jun 15 16:58:14 
Jun 15 16:58:14 
Jun 15 16:58:14 
Jun 15 16:58:14 ============开始第19次挂机=============
Jun 15 16:58:14 
Jun 15 16:58:14 开始【京东账号1】jd_RbuUwXHBNnJR
Jun 15 16:58:14 
Jun 15 16:58:15 当前JOY分布情况
Jun 15 16:58:15 
Jun 15 16:58:15 30 31 32 33
Jun 15 16:58:15 34 34 34 34
Jun 15 16:58:15 34 34 34 34
Jun 15 16:58:15 
Jun 15 16:58:26 当前信息：1569 京豆，获取当前金币数量失败 金币
Jun 15 16:58:26 
Jun 15 16:58:26 开始【京东账号2】jd_fMRfXcJHjROT
Jun 15 16:58:26 
Jun 15 16:58:28 joy信息获取信息失败
Jun 15 16:58:31 当前金币:3435943670758745
Jun 15 16:58:31 
Jun 15 16:58:31 此次在线收益：获得 383862702085 金币
Jun 15 16:58:32 京豆信息获取信息失败
Jun 15 16:58:37 当前信息：0 京豆，3435943670758745 金币
Jun 15 16:58:37 
Jun 15 16:58:37 
Jun 15 16:58:37 
Jun 15 16:58:37 ============开始第20次挂机=============
Jun 15 16:58:38 
Jun 15 16:58:38 开始【京东账号1】jd_RbuUwXHBNnJR
Jun 15 16:58:38 
Jun 15 16:58:39 当前JOY分布情况
Jun 15 16:58:39 
Jun 15 16:58:39 30 31 32 33
Jun 15 16:58:39 34 34 34 34
Jun 15 16:58:39 34 34 34 34
Jun 15 16:58:39 
Jun 15 16:58:49 当前信息：1569 京豆，获取当前金币数量失败 金币
Jun 15 16:58:49 
Jun 15 16:58:49 开始【京东账号2】jd_fMRfXcJHjROT
Jun 15 16:58:49 
Jun 15 16:58:50 当前JOY分布情况
Jun 15 16:58:50 
Jun 15 16:58:50 30 31 32 33
Jun 15 16:58:50 34 34 34 34
Jun 15 16:58:50 34 34 34 34
Jun 15 16:58:50 
Jun 15 16:58:52 此次在线收益：获得 0 金币
Jun 15 16:58:53 京豆信息获取信息失败
Jun 15 16:58:58 当前信息：0 京豆，获取当前金币数量失败 金币
Jun 15 16:58:58 
Jun 15 16:58:58 
Jun 15 16:58:58 
Jun 15 16:58:58 ============开始第21次挂机=============
Jun 15 16:58:58 
Jun 15 16:58:58 开始【京东账号1】jd_RbuUwXHBNnJR
Jun 15 16:58:58 
Jun 15 16:58:59 当前JOY分布情况
Jun 15 16:58:59 
Jun 15 16:58:59 30 31 32 33
Jun 15 16:58:59 34 34 34 34
Jun 15 16:58:59 34 34 34 34
Jun 15 16:58:59 
Jun 15 16:59:04 当前金币:3276873037341492
Jun 15 16:59:04 
Jun 15 16:59:04 此次在线收益：获得 383862702085 金币
Jun 15 16:59:10 当前信息：1569 京豆，3276873037341492 金币
Jun 15 16:59:10 
Jun 15 16:59:10 开始【京东账号2】jd_fMRfXcJHjROT
Jun 15 16:59:10 
Jun 15 16:59:11 当前JOY分布情况
Jun 15 16:59:11 
Jun 15 16:59:11 30 31 32 33
Jun 15 16:59:11 34 34 34 34
Jun 15 16:59:11 34 34 34 34
Jun 15 16:59:11 
Jun 15 16:59:13 当前金币:3437862984269170
Jun 15 16:59:13 
Jun 15 16:59:13 此次在线收益：获得 383862702085 金币
Jun 15 16:59:14 京豆信息获取信息失败
Jun 15 16:59:19 当前信息：0 京豆，3437862984269170 金币
Jun 15 16:59:19 
Jun 15 16:59:19 
Jun 15 16:59:19 
Jun 15 16:59:19 ============开始第22次挂机=============
Jun 15 16:59:19 
Jun 15 16:59:19 开始【京东账号1】jd_RbuUwXHBNnJR
Jun 15 16:59:19 
Jun 15 16:59:20 当前JOY分布情况
Jun 15 16:59:20 
Jun 15 16:59:20 30 31 32 33
Jun 15 16:59:20 34 34 34 34
Jun 15 16:59:20 34 34 34 34
Jun 15 16:59:20 
Jun 15 16:59:22 当前金币:3277640762745662
Jun 15 16:59:22 
Jun 15 16:59:22 此次在线收益：获得 383862702085 金币
Jun 15 16:59:28 当前信息：1569 京豆，3277640762745662 金币
Jun 15 16:59:28 
Jun 15 16:59:28 开始【京东账号2】jd_fMRfXcJHjROT
Jun 15 16:59:28 
Jun 15 16:59:29 当前JOY分布情况
Jun 15 16:59:29 
Jun 15 16:59:29 30 31 32 33
Jun 15 16:59:29 34 34 34 34
Jun 15 16:59:29 34 34 34 34
Jun 15 16:59:29 
Jun 15 16:59:31 此次在线收益：获得 0 金币
Jun 15 16:59:32 京豆信息获取信息失败
Jun 15 16:59:37 当前信息：0 京豆，获取当前金币数量失败 金币
Jun 15 16:59:37 
Jun 15 16:59:37 
Jun 15 16:59:37 
Jun 15 16:59:37 ============开始第23次挂机=============
Jun 15 16:59:38 
Jun 15 16:59:38 开始【京东账号1】jd_RbuUwXHBNnJR
Jun 15 16:59:38 
Jun 15 16:59:40 joy信息获取信息失败
Jun 15 16:59:44 当前金币:3278792350851917
Jun 15 16:59:44 
Jun 15 16:59:44 此次在线收益：获得 383862702085 金币
Jun 15 16:59:50 当前信息：1569 京豆，3278792350851917 金币
Jun 15 16:59:50 
Jun 15 16:59:50 开始【京东账号2】jd_fMRfXcJHjROT
Jun 15 16:59:50 
Jun 15 16:59:51 当前JOY分布情况
Jun 15 16:59:51 
Jun 15 16:59:51 30 31 32 33
Jun 15 16:59:51 34 34 34 34
Jun 15 16:59:51 34 34 34 34
Jun 15 16:59:51 
Jun 15 16:59:53 当前金币:3439782297779595
Jun 15 16:59:53 
Jun 15 16:59:53 此次在线收益：获得 383862702085 金币
Jun 15 16:59:54 京豆信息获取信息失败
Jun 15 16:59:59 当前信息：0 京豆，3439782297779595 金币
Jun 15 16:59:59 
Jun 15 16:59:59 
Jun 15 16:59:59 
Jun 15 16:59:59 ============开始第24次挂机=============
Jun 15 16:59:59 
Jun 15 16:59:59 开始【京东账号1】jd_RbuUwXHBNnJR
Jun 15 16:59:59 
Jun 15 17:00:00 当前JOY分布情况
Jun 15 17:00:00 
Jun 15 17:00:00 30 31 32 33
Jun 15 17:00:00 34 34 34 34
Jun 15 17:00:00 34 34 34 34
Jun 15 17:00:00 
Jun 15 17:00:02 当前金币:3279560076256087
Jun 15 17:00:02 
Jun 15 17:00:02 此次在线收益：获得 383862702085 金币
Jun 15 17:00:08 当前信息：1569 京豆，3279560076256087 金币
Jun 15 17:00:08 
Jun 15 17:00:08 开始【京东账号2】jd_fMRfXcJHjROT
Jun 15 17:00:08 
Jun 15 17:00:11 joy信息获取信息失败
Jun 15 17:00:17 当前金币:3440933885885850
Jun 15 17:00:17 
Jun 15 17:00:17 此次在线收益：获得 383862702085 金币
Jun 15 17:00:20 京豆信息获取信息失败
Jun 15 17:00:25 当前信息：0 京豆，3440933885885850 金币
Jun 15 17:00:25 
Jun 15 17:00:25 
Jun 15 17:00:25 
Jun 15 17:00:25 ============开始第25次挂机=============
Jun 15 17:00:25 
Jun 15 17:00:25 开始【京东账号1】jd_RbuUwXHBNnJR
Jun 15 17:00:25 
Jun 15 17:00:26 当前JOY分布情况
Jun 15 17:00:26 
Jun 15 17:00:26 30 31 32 33
Jun 15 17:00:26 34 34 34 34
Jun 15 17:00:26 34 34 34 34
Jun 15 17:00:26 
Jun 15 17:00:37 当前信息：1569 京豆，获取当前金币数量失败 金币
Jun 15 17:00:37 
Jun 15 17:00:37 开始【京东账号2】jd_fMRfXcJHjROT
Jun 15 17:00:37 
Jun 15 17:00:38 当前JOY分布情况
Jun 15 17:00:38 
Jun 15 17:00:38 30 31 32 33
Jun 15 17:00:38 34 34 34 34
Jun 15 17:00:38 34 34 34 34
Jun 15 17:00:38 
Jun 15 17:00:40 当前金币:3442085473992105
Jun 15 17:00:40 
Jun 15 17:00:40 此次在线收益：获得 383862702085 金币
Jun 15 17:00:41 京豆信息获取信息失败
Jun 15 17:00:46 当前信息：0 京豆，3442085473992105 金币
Jun 15 17:00:46 
Jun 15 17:00:46 
Jun 15 17:00:46 
Jun 15 17:00:46 ============开始第26次挂机=============
Jun 15 17:00:46 
Jun 15 17:00:46 开始【京东账号1】jd_RbuUwXHBNnJR
Jun 15 17:00:46 
Jun 15 17:00:47 当前JOY分布情况
Jun 15 17:00:47 
Jun 15 17:00:47 30 31 32 33
Jun 15 17:00:47 34 34 34 34
Jun 15 17:00:47 34 34 34 34
Jun 15 17:00:47 
Jun 15 17:00:50 当前金币:3281863252468597
Jun 15 17:00:50 
Jun 15 17:00:50 此次在线收益：获得 383862702085 金币
Jun 15 17:00:56 当前信息：1569 京豆，3281863252468597 金币
Jun 15 17:00:56 
Jun 15 17:00:56 开始【京东账号2】jd_fMRfXcJHjROT
Jun 15 17:00:56 
Jun 15 17:00:57 当前JOY分布情况
Jun 15 17:00:57 
Jun 15 17:00:57 30 31 32 33
Jun 15 17:00:57 34 34 34 34
Jun 15 17:00:57 34 34 34 34
Jun 15 17:00:57 
Jun 15 17:01:02 此次在线收益：获得 0 金币
Jun 15 17:01:03 京豆信息获取信息失败
Jun 15 17:01:08 当前信息：0 京豆，获取当前金币数量失败 金币
Jun 15 17:01:08 
Jun 15 17:01:08 
Jun 15 17:01:08 
Jun 15 17:01:08 ============开始第27次挂机=============
Jun 15 17:01:08 
Jun 15 17:01:08 开始【京东账号1】jd_RbuUwXHBNnJR
Jun 15 17:01:08 
Jun 15 17:01:09 当前JOY分布情况
Jun 15 17:01:09 
Jun 15 17:01:09 30 31 32 33
Jun 15 17:01:09 34 34 34 34
Jun 15 17:01:09 34 34 34 34
Jun 15 17:01:09 
Jun 15 17:01:11 当前金币:3283014840574852
Jun 15 17:01:11 
Jun 15 17:01:11 此次在线收益：获得 383862702085 金币
Jun 15 17:01:17 当前信息：1569 京豆，3283014840574852 金币
Jun 15 17:01:17 
Jun 15 17:01:17 开始【京东账号2】jd_fMRfXcJHjROT
Jun 15 17:01:17 
Jun 15 17:01:18 当前JOY分布情况
Jun 15 17:01:18 
Jun 15 17:01:18 30 31 32 33
Jun 15 17:01:18 34 34 34 34
Jun 15 17:01:18 34 34 34 34
Jun 15 17:01:18 
Jun 15 17:01:21 当前金币:3444004787502530
Jun 15 17:01:21 
Jun 15 17:01:21 此次在线收益：获得 383862702085 金币
Jun 15 17:01:24 京豆信息获取信息失败
Jun 15 17:01:29 当前信息：0 京豆，3444004787502530 金币
Jun 15 17:01:29 
Jun 15 17:01:29 
Jun 15 17:01:29 
Jun 15 17:01:29 ============开始第28次挂机=============
Jun 15 17:01:29 
Jun 15 17:01:29 开始【京东账号1】jd_RbuUwXHBNnJR
Jun 15 17:01:29 
Jun 15 17:01:30 当前JOY分布情况
Jun 15 17:01:30 
Jun 15 17:01:30 30 31 32 33
Jun 15 17:01:30 34 34 34 34
Jun 15 17:01:30 34 34 34 34
Jun 15 17:01:30 
Jun 15 17:01:33 此次在线收益：获得 0 金币
Jun 15 17:01:39 当前信息：1569 京豆，获取当前金币数量失败 金币
Jun 15 17:01:39 
Jun 15 17:01:39 开始【京东账号2】jd_fMRfXcJHjROT
Jun 15 17:01:39 
Jun 15 17:01:40 当前JOY分布情况
Jun 15 17:01:40 
Jun 15 17:01:40 30 31 32 33
Jun 15 17:01:40 34 34 34 34
Jun 15 17:01:40 34 34 34 34
Jun 15 17:01:40 
Jun 15 17:01:42 此次在线收益：获得 0 金币
Jun 15 17:01:43 京豆信息获取信息失败
Jun 15 17:01:48 当前信息：0 京豆，获取当前金币数量失败 金币
Jun 15 17:01:48 
Jun 15 17:01:48 
Jun 15 17:01:48 
Jun 15 17:01:48 ============开始第29次挂机=============
Jun 15 17:01:48 
Jun 15 17:01:48 开始【京东账号1】jd_RbuUwXHBNnJR
Jun 15 17:01:48 
Jun 15 17:01:49 当前JOY分布情况
Jun 15 17:01:49 
Jun 15 17:01:49 30 31 32 33
Jun 15 17:01:49 34 34 34 34
Jun 15 17:01:49 34 34 34 34
Jun 15 17:01:49 
Jun 15 17:01:51 当前金币:3284934154085277
Jun 15 17:01:51 
Jun 15 17:01:51 此次在线收益：获得 383862702085 金币
Jun 15 17:01:57 当前信息：1569 京豆，3284934154085277 金币
Jun 15 17:01:57 
Jun 15 17:01:57 开始【京东账号2】jd_fMRfXcJHjROT
Jun 15 17:01:57 
Jun 15 17:01:58 当前JOY分布情况
Jun 15 17:01:58 
Jun 15 17:01:58 30 31 32 33
Jun 15 17:01:58 34 34 34 34
Jun 15 17:01:58 34 34 34 34
Jun 15 17:01:58 
Jun 15 17:02:01 当前金币:3445924101012955
Jun 15 17:02:01 
Jun 15 17:02:01 此次在线收益：获得 383862702085 金币
Jun 15 17:02:02 京豆信息获取信息失败
Jun 15 17:02:07 当前信息：0 京豆，3445924101012955 金币
Jun 15 17:02:07 
Jun 15 17:02:07 
Jun 15 17:02:07 
Jun 15 17:02:07 ============开始第30次挂机=============
Jun 15 17:02:07 
Jun 15 17:02:07 开始【京东账号1】jd_RbuUwXHBNnJR
Jun 15 17:02:07 
Jun 15 17:02:10 joy信息获取信息失败
Jun 15 17:02:13 此次在线收益：获得 0 金币
Jun 15 17:02:19 当前信息：1569 京豆，获取当前金币数量失败 金币
Jun 15 17:02:19 
Jun 15 17:02:19 开始【京东账号2】jd_fMRfXcJHjROT
Jun 15 17:02:19 
Jun 15 17:02:20 当前JOY分布情况
Jun 15 17:02:20 
Jun 15 17:02:20 30 31 32 33
Jun 15 17:02:20 34 34 34 34
Jun 15 17:02:20 34 34 34 34
Jun 15 17:02:20 
Jun 15 17:02:22 此次在线收益：获得 0 金币
Jun 15 17:02:23 京豆信息获取信息失败
Jun 15 17:02:28 当前信息：0 京豆，获取当前金币数量失败 金币
Jun 15 17:02:28 
Jun 15 17:02:28 
Jun 15 17:02:28 
Jun 15 17:02:28 ============开始第31次挂机=============
Jun 15 17:02:28 
Jun 15 17:02:28 开始【京东账号1】jd_RbuUwXHBNnJR
Jun 15 17:02:28 
Jun 15 17:02:29 当前JOY分布情况
Jun 15 17:02:29 
Jun 15 17:02:29 30 31 32 33
Jun 15 17:02:29 34 34 34 34
Jun 15 17:02:29 34 34 34 34
Jun 15 17:02:29 
Jun 15 17:02:32 当前金币:3286853467595702
Jun 15 17:02:32 
Jun 15 17:02:32 此次在线收益：获得 383862702085 金币
Jun 15 17:02:38 当前信息：1569 京豆，3286853467595702 金币
Jun 15 17:02:38 
Jun 15 17:02:38 开始【京东账号2】jd_fMRfXcJHjROT
Jun 15 17:02:38 
Jun 15 17:02:39 当前JOY分布情况
Jun 15 17:02:39 
Jun 15 17:02:39 30 31 32 33
Jun 15 17:02:39 34 34 34 34
Jun 15 17:02:39 34 34 34 34
Jun 15 17:02:39 
Jun 15 17:02:41 当前金币:3447843414523380
Jun 15 17:02:41 
Jun 15 17:02:41 此次在线收益：获得 383862702085 金币
Jun 15 17:02:42 京豆信息获取信息失败
Jun 15 17:02:47 当前信息：0 京豆，3447843414523380 金币
Jun 15 17:02:47 
Jun 15 17:02:47 
Jun 15 17:02:47 
Jun 15 17:02:47 ============开始第32次挂机=============
Jun 15 17:02:47 
Jun 15 17:02:47 开始【京东账号1】jd_RbuUwXHBNnJR
Jun 15 17:02:47 
Jun 15 17:02:48 当前JOY分布情况
Jun 15 17:02:48 
Jun 15 17:02:48 30 31 32 33
Jun 15 17:02:48 34 34 34 34
Jun 15 17:02:48 34 34 34 34
Jun 15 17:02:48 
Jun 15 17:02:50 当前金币:3287621192999872
Jun 15 17:02:50 
Jun 15 17:02:50 此次在线收益：获得 383862702085 金币
Jun 15 17:02:56 当前信息：1569 京豆，3287621192999872 金币
Jun 15 17:02:56 
Jun 15 17:02:56 开始【京东账号2】jd_fMRfXcJHjROT
Jun 15 17:02:56 
Jun 15 17:02:57 当前JOY分布情况
Jun 15 17:02:57 
Jun 15 17:02:57 30 31 32 33
Jun 15 17:02:57 34 34 34 34
Jun 15 17:02:57 34 34 34 34
Jun 15 17:02:57 
Jun 15 17:03:00 此次在线收益：获得 0 金币
Jun 15 17:03:01 京豆信息获取信息失败
Jun 15 17:03:06 当前信息：0 京豆，获取当前金币数量失败 金币
Jun 15 17:03:06 
Jun 15 17:03:06 
Jun 15 17:03:06 
Jun 15 17:03:06 ============开始第33次挂机=============
Jun 15 17:03:06 
Jun 15 17:03:06 开始【京东账号1】jd_RbuUwXHBNnJR
Jun 15 17:03:06 
Jun 15 17:03:07 当前JOY分布情况
Jun 15 17:03:07 
Jun 15 17:03:07 30 31 32 33
Jun 15 17:03:07 34 34 34 34
Jun 15 17:03:07 34 34 34 34
Jun 15 17:03:07 
Jun 15 17:03:13 当前金币:3288772781106127
Jun 15 17:03:13 
Jun 15 17:03:13 此次在线收益：获得 383862702085 金币
Jun 15 17:03:19 当前信息：1569 京豆，3288772781106127 金币
Jun 15 17:03:19 
Jun 15 17:03:19 开始【京东账号2】jd_fMRfXcJHjROT
Jun 15 17:03:19 
Jun 15 17:03:20 当前JOY分布情况
Jun 15 17:03:20 
Jun 15 17:03:20 30 31 32 33
Jun 15 17:03:20 34 34 34 34
Jun 15 17:03:20 34 34 34 34
Jun 15 17:03:20 
Jun 15 17:03:22 当前金币:3449762728033805
Jun 15 17:03:22 
Jun 15 17:03:22 此次在线收益：获得 383862702085 金币
Jun 15 17:03:23 京豆信息获取信息失败
Jun 15 17:03:28 当前信息：0 京豆，3449762728033805 金币
Jun 15 17:03:28 
Jun 15 17:03:28 
Jun 15 17:03:28 
Jun 15 17:03:28 ============开始第34次挂机=============
Jun 15 17:03:28 
Jun 15 17:03:28 开始【京东账号1】jd_RbuUwXHBNnJR
Jun 15 17:03:28 
Jun 15 17:03:30 当前JOY分布情况
Jun 15 17:03:30 
Jun 15 17:03:30 30 31 32 33
Jun 15 17:03:30 34 34 34 34
Jun 15 17:03:30 34 34 34 34
Jun 15 17:03:30 
Jun 15 17:03:32 此次在线收益：获得 0 金币
Jun 15 17:03:38 当前信息：1569 京豆，获取当前金币数量失败 金币
Jun 15 17:03:38 
Jun 15 17:03:38 开始【京东账号2】jd_fMRfXcJHjROT
Jun 15 17:03:38 
Jun 15 17:03:40 joy信息获取信息失败
Jun 15 17:03:47 京豆信息获取信息失败
Jun 15 17:03:52 当前信息：0 京豆，获取当前金币数量失败 金币
Jun 15 17:03:52 
Jun 15 17:03:52 
Jun 15 17:03:52 
Jun 15 17:03:52 ============开始第35次挂机=============
Jun 15 17:03:52 
Jun 15 17:03:52 开始【京东账号1】jd_RbuUwXHBNnJR
Jun 15 17:03:52 
Jun 15 17:03:53 当前JOY分布情况
Jun 15 17:03:53 
Jun 15 17:03:53 30 31 32 33
Jun 15 17:03:53 34 34 34 34
Jun 15 17:03:53 34 34 34 34
Jun 15 17:03:53 
Jun 15 17:03:56 此次在线收益：获得 0 金币
Jun 15 17:04:02 当前信息：1569 京豆，获取当前金币数量失败 金币
Jun 15 17:04:02 
Jun 15 17:04:02 开始【京东账号2】jd_fMRfXcJHjROT
Jun 15 17:04:02 
Jun 15 17:04:03 当前JOY分布情况
Jun 15 17:04:03 
Jun 15 17:04:03 30 31 32 33
Jun 15 17:04:03 34 34 34 34
Jun 15 17:04:03 34 34 34 34
Jun 15 17:04:03 
Jun 15 17:04:08 当前金币:3451682041544230
Jun 15 17:04:08 
Jun 15 17:04:08 此次在线收益：获得 383862702085 金币
Jun 15 17:04:09 京豆信息获取信息失败
Jun 15 17:04:14 当前信息：0 京豆，3451682041544230 金币
Jun 15 17:04:14 
Jun 15 17:04:14 
Jun 15 17:04:14 
Jun 15 17:04:14 ============开始第36次挂机=============
Jun 15 17:04:14 
Jun 15 17:04:14 开始【京东账号1】jd_RbuUwXHBNnJR
Jun 15 17:04:14 
Jun 15 17:04:15 当前JOY分布情况
Jun 15 17:04:15 
Jun 15 17:04:15 30 31 32 33
Jun 15 17:04:15 34 34 34 34
Jun 15 17:04:15 34 34 34 34
Jun 15 17:04:15 
Jun 15 17:04:17 当前金币:3291843682722807
Jun 15 17:04:17 
Jun 15 17:04:17 此次在线收益：获得 383862702085 金币
Jun 15 17:04:23 当前信息：1569 京豆，3291843682722807 金币
Jun 15 17:04:23 
Jun 15 17:04:23 开始【京东账号2】jd_fMRfXcJHjROT
Jun 15 17:04:23 
Jun 15 17:04:24 当前JOY分布情况
Jun 15 17:04:24 
Jun 15 17:04:24 30 31 32 33
Jun 15 17:04:24 34 34 34 34
Jun 15 17:04:24 34 34 34 34
Jun 15 17:04:24 
Jun 15 17:04:29 此次在线收益：获得 0 金币
Jun 15 17:04:30 京豆信息获取信息失败
Jun 15 17:04:35 当前信息：0 京豆，获取当前金币数量失败 金币
Jun 15 17:04:35 
Jun 15 17:04:35 
Jun 15 17:04:35 
Jun 15 17:04:35 ============开始第37次挂机=============
Jun 15 17:04:35 
Jun 15 17:04:35 开始【京东账号1】jd_RbuUwXHBNnJR
Jun 15 17:04:35 
Jun 15 17:04:36 当前JOY分布情况
Jun 15 17:04:36 
Jun 15 17:04:36 30 31 32 33
Jun 15 17:04:36 34 34 34 34
Jun 15 17:04:36 34 34 34 34
Jun 15 17:04:36 
Jun 15 17:04:46 当前信息：1569 京豆，获取当前金币数量失败 金币
Jun 15 17:04:46 
Jun 15 17:04:46 开始【京东账号2】jd_fMRfXcJHjROT
Jun 15 17:04:46 
Jun 15 17:04:47 当前JOY分布情况
Jun 15 17:04:47 
Jun 15 17:04:47 30 31 32 33
Jun 15 17:04:47 34 34 34 34
Jun 15 17:04:47 34 34 34 34
Jun 15 17:04:47 
Jun 15 17:04:52 此次在线收益：获得 0 金币
Jun 15 17:04:53 京豆信息获取信息失败
Jun 15 17:04:58 当前信息：0 京豆，获取当前金币数量失败 金币
Jun 15 17:04:58 
Jun 15 17:04:58 
Jun 15 17:04:58 
Jun 15 17:04:58 ============开始第38次挂机=============
Jun 15 17:04:58 
Jun 15 17:04:58 开始【京东账号1】jd_RbuUwXHBNnJR
Jun 15 17:04:58 
Jun 15 17:04:59 当前JOY分布情况
Jun 15 17:04:59 
Jun 15 17:04:59 30 31 32 33
Jun 15 17:04:59 34 34 34 34
Jun 15 17:04:59 34 34 34 34
Jun 15 17:04:59 
Jun 15 17:05:01 此次在线收益：获得 0 金币
Jun 15 17:05:07 当前信息：1569 京豆，获取当前金币数量失败 金币
Jun 15 17:05:07 
Jun 15 17:05:07 开始【京东账号2】jd_fMRfXcJHjROT
Jun 15 17:05:07 
Jun 15 17:05:09 当前JOY分布情况
Jun 15 17:05:09 
Jun 15 17:05:09 30 31 32 33
Jun 15 17:05:09 34 34 34 34
Jun 15 17:05:09 34 34 34 34
Jun 15 17:05:09 
Jun 15 17:05:11 此次在线收益：获得 0 金币
Jun 15 17:05:12 京豆信息获取信息失败
Jun 15 17:05:17 当前信息：0 京豆，获取当前金币数量失败 金币
Jun 15 17:05:17 
Jun 15 17:05:17 
Jun 15 17:05:17 
Jun 15 17:05:17 ============开始第39次挂机=============
Jun 15 17:05:17 
Jun 15 17:05:17 开始【京东账号1】jd_RbuUwXHBNnJR
Jun 15 17:05:17 
Jun 15 17:05:18 当前JOY分布情况
Jun 15 17:05:18 
Jun 15 17:05:18 30 31 32 33
Jun 15 17:05:18 34 34 34 34
Jun 15 17:05:18 34 34 34 34
Jun 15 17:05:18 
Jun 15 17:05:20 当前金币:3294914584339487
Jun 15 17:05:20 
Jun 15 17:05:20 此次在线收益：获得 383862702085 金币
Jun 15 17:05:26 当前信息：1569 京豆，3294914584339487 金币
Jun 15 17:05:26 
Jun 15 17:05:26 开始【京东账号2】jd_fMRfXcJHjROT
Jun 15 17:05:26 
Jun 15 17:05:27 当前JOY分布情况
Jun 15 17:05:27 
Jun 15 17:05:27 30 31 32 33
Jun 15 17:05:27 34 34 34 34
Jun 15 17:05:27 34 34 34 34
Jun 15 17:05:27 
Jun 15 17:05:31 当前金币:3455520668565080
Jun 15 17:05:31 
Jun 15 17:05:31 此次在线收益：获得 383862702085 金币
Jun 15 17:05:32 京豆信息获取信息失败
Jun 15 17:05:37 当前信息：0 京豆，3455520668565080 金币
Jun 15 17:05:37 
Jun 15 17:05:37 
Jun 15 17:05:37 
Jun 15 17:05:37 ============开始第40次挂机=============
Jun 15 17:05:37 
Jun 15 17:05:37 开始【京东账号1】jd_RbuUwXHBNnJR
Jun 15 17:05:37 
Jun 15 17:05:38 当前JOY分布情况
Jun 15 17:05:38 
Jun 15 17:05:38 30 31 32 33
Jun 15 17:05:38 34 34 34 34
Jun 15 17:05:38 34 34 34 34
Jun 15 17:05:38 
Jun 15 17:05:40 当前金币:3295682309743657
Jun 15 17:05:40 
Jun 15 17:05:40 此次在线收益：获得 383862702085 金币
Jun 15 17:05:46 当前信息：1569 京豆，3295682309743657 金币
Jun 15 17:05:46 
Jun 15 17:05:46 开始【京东账号2】jd_fMRfXcJHjROT
Jun 15 17:05:46 
Jun 15 17:05:47 当前JOY分布情况
Jun 15 17:05:47 
Jun 15 17:05:47 30 31 32 33
Jun 15 17:05:47 34 34 34 34
Jun 15 17:05:47 34 34 34 34
Jun 15 17:05:47 
Jun 15 17:05:49 此次在线收益：获得 0 金币
Jun 15 17:05:50 京豆信息获取信息失败
Jun 15 17:05:55 当前信息：0 京豆，获取当前金币数量失败 金币
Jun 15 17:05:55 
Jun 15 17:05:55 
Jun 15 17:05:55 
Jun 15 17:05:55 ============开始第41次挂机=============
Jun 15 17:05:55 
Jun 15 17:05:55 开始【京东账号1】jd_RbuUwXHBNnJR
Jun 15 17:05:55 
Jun 15 17:05:58 当前JOY分布情况
Jun 15 17:05:58 
Jun 15 17:05:58 30 31 32 33
Jun 15 17:05:58 34 34 34 34
Jun 15 17:05:58 34 34 34 34
Jun 15 17:05:58 
Jun 15 17:06:00 当前金币:3296833897849912
Jun 15 17:06:00 
Jun 15 17:06:00 此次在线收益：获得 383862702085 金币
Jun 15 17:06:06 当前信息：1569 京豆，3296833897849912 金币
Jun 15 17:06:06 
Jun 15 17:06:06 开始【京东账号2】jd_fMRfXcJHjROT
Jun 15 17:06:06 
Jun 15 17:06:07 当前JOY分布情况
Jun 15 17:06:07 
Jun 15 17:06:07 30 31 32 33
Jun 15 17:06:07 34 34 34 34
Jun 15 17:06:07 34 34 34 34
Jun 15 17:06:07 
Jun 15 17:06:10 当前金币:3457439982075505
Jun 15 17:06:10 
Jun 15 17:06:10 此次在线收益：获得 383862702085 金币
Jun 15 17:06:11 京豆信息获取信息失败
Jun 15 17:06:16 当前信息：0 京豆，3457439982075505 金币
Jun 15 17:06:16 
Jun 15 17:06:16 
Jun 15 17:06:16 
Jun 15 17:06:16 ============开始第42次挂机=============
Jun 15 17:06:16 
Jun 15 17:06:16 开始【京东账号1】jd_RbuUwXHBNnJR
Jun 15 17:06:16 
Jun 15 17:06:17 当前JOY分布情况
Jun 15 17:06:17 
Jun 15 17:06:17 30 31 32 33
Jun 15 17:06:17 34 34 34 34
Jun 15 17:06:17 34 34 34 34
Jun 15 17:06:17 
Jun 15 17:06:19 此次在线收益：获得 0 金币
Jun 15 17:06:25 当前信息：1569 京豆，获取当前金币数量失败 金币
Jun 15 17:06:25 
Jun 15 17:06:25 开始【京东账号2】jd_fMRfXcJHjROT
Jun 15 17:06:25 
Jun 15 17:06:26 当前JOY分布情况
Jun 15 17:06:26 
Jun 15 17:06:26 30 31 32 33
Jun 15 17:06:26 34 34 34 34
Jun 15 17:06:26 34 34 34 34
Jun 15 17:06:26 
Jun 15 17:06:28 此次在线收益：获得 0 金币
Jun 15 17:06:32 京豆信息获取信息失败
Jun 15 17:06:37 当前信息：0 京豆，获取当前金币数量失败 金币
Jun 15 17:06:37 
Jun 15 17:06:37 
Jun 15 17:06:37 
Jun 15 17:06:37 ============开始第43次挂机=============
Jun 15 17:06:37 
Jun 15 17:06:37 开始【京东账号1】jd_RbuUwXHBNnJR
Jun 15 17:06:37 
Jun 15 17:06:38 当前JOY分布情况
Jun 15 17:06:38 
Jun 15 17:06:38 30 31 32 33
Jun 15 17:06:38 34 34 34 34
Jun 15 17:06:38 34 34 34 34
Jun 15 17:06:38 
Jun 15 17:06:40 当前金币:3298753211360337
Jun 15 17:06:40 
Jun 15 17:06:40 此次在线收益：获得 383862702085 金币
Jun 15 17:06:46 当前信息：1569 京豆，3298753211360337 金币
Jun 15 17:06:46 
Jun 15 17:06:46 开始【京东账号2】jd_fMRfXcJHjROT
Jun 15 17:06:46 
Jun 15 17:06:47 当前JOY分布情况
Jun 15 17:06:47 
Jun 15 17:06:47 30 31 32 33
Jun 15 17:06:47 34 34 34 34
Jun 15 17:06:47 34 34 34 34
Jun 15 17:06:47 
Jun 15 17:06:49 当前金币:3459359295585930
Jun 15 17:06:49 
Jun 15 17:06:49 此次在线收益：获得 383862702085 金币
Jun 15 17:06:50 京豆信息获取信息失败
Jun 15 17:06:55 当前信息：0 京豆，3459359295585930 金币
Jun 15 17:06:55 
Jun 15 17:06:55 
Jun 15 17:06:55 
Jun 15 17:06:55 ============开始第44次挂机=============
Jun 15 17:06:55 
Jun 15 17:06:55 开始【京东账号1】jd_RbuUwXHBNnJR
Jun 15 17:06:55 
Jun 15 17:06:57 当前JOY分布情况
Jun 15 17:06:57 
Jun 15 17:06:57 30 31 32 33
Jun 15 17:06:57 34 34 34 34
Jun 15 17:06:57 34 34 34 34
Jun 15 17:06:57 
Jun 15 17:07:01 此次在线收益：获得 0 金币
Jun 15 17:07:07 当前信息：1569 京豆，获取当前金币数量失败 金币
Jun 15 17:07:07 
Jun 15 17:07:07 开始【京东账号2】jd_fMRfXcJHjROT
Jun 15 17:07:07 
Jun 15 17:07:08 当前JOY分布情况
Jun 15 17:07:08 
Jun 15 17:07:08 30 31 32 33
Jun 15 17:07:08 34 34 34 34
Jun 15 17:07:08 34 34 34 34
Jun 15 17:07:08 
Jun 15 17:07:10 此次在线收益：获得 0 金币
Jun 15 17:07:11 京豆信息获取信息失败
Jun 15 17:07:16 当前信息：0 京豆，获取当前金币数量失败 金币
Jun 15 17:07:16 
Jun 15 17:07:16 
Jun 15 17:07:16 
Jun 15 17:07:16 ============开始第45次挂机=============
Jun 15 17:07:16 
Jun 15 17:07:16 开始【京东账号1】jd_RbuUwXHBNnJR
Jun 15 17:07:16 
Jun 15 17:07:17 当前JOY分布情况
Jun 15 17:07:17 
Jun 15 17:07:17 30 31 32 33
Jun 15 17:07:17 34 34 34 34
Jun 15 17:07:17 34 34 34 34
Jun 15 17:07:17 
Jun 15 17:07:20 当前金币:3300288662168677
Jun 15 17:07:20 
Jun 15 17:07:20 此次在线收益：获得 383862702085 金币
Jun 15 17:07:26 当前信息：1569 京豆，3300288662168677 金币
Jun 15 17:07:26 
Jun 15 17:07:26 开始【京东账号2】jd_fMRfXcJHjROT
Jun 15 17:07:26 
Jun 15 17:07:27 当前JOY分布情况
Jun 15 17:07:27 
Jun 15 17:07:27 30 31 32 33
Jun 15 17:07:27 34 34 34 34
Jun 15 17:07:27 34 34 34 34
Jun 15 17:07:27 
Jun 15 17:07:32 当前金币:3461278609096355
Jun 15 17:07:32 
Jun 15 17:07:32 此次在线收益：获得 383862702085 金币
Jun 15 17:07:33 京豆信息获取信息失败
Jun 15 17:07:38 当前信息：0 京豆，3461278609096355 金币
Jun 15 17:07:38 
Jun 15 17:07:38 
Jun 15 17:07:38 
Jun 15 17:07:38 ============开始第46次挂机=============
Jun 15 17:07:38 
Jun 15 17:07:38 开始【京东账号1】jd_RbuUwXHBNnJR
Jun 15 17:07:38 
Jun 15 17:07:39 当前JOY分布情况
Jun 15 17:07:39 
Jun 15 17:07:39 30 31 32 33
Jun 15 17:07:39 34 34 34 34
Jun 15 17:07:39 34 34 34 34
Jun 15 17:07:39 
Jun 15 17:07:41 此次在线收益：获得 0 金币
Jun 15 17:07:47 当前信息：1569 京豆，获取当前金币数量失败 金币
Jun 15 17:07:47 
Jun 15 17:07:47 开始【京东账号2】jd_fMRfXcJHjROT
Jun 15 17:07:47 
Jun 15 17:07:48 当前JOY分布情况
Jun 15 17:07:48 
Jun 15 17:07:48 30 31 32 33
Jun 15 17:07:48 34 34 34 34
Jun 15 17:07:48 34 34 34 34
Jun 15 17:07:48 
Jun 15 17:07:50 此次在线收益：获得 0 金币
Jun 15 17:07:51 京豆信息获取信息失败
Jun 15 17:07:56 当前信息：0 京豆，获取当前金币数量失败 金币
Jun 15 17:07:56 
Jun 15 17:07:56 
Jun 15 17:07:56 
Jun 15 17:07:56 ============开始第47次挂机=============
Jun 15 17:07:57 
Jun 15 17:07:57 开始【京东账号1】jd_RbuUwXHBNnJR
Jun 15 17:07:57 
Jun 15 17:07:58 当前JOY分布情况
Jun 15 17:07:58 
Jun 15 17:07:58 30 31 32 33
Jun 15 17:07:58 34 34 34 34
Jun 15 17:07:58 34 34 34 34
Jun 15 17:07:58 
Jun 15 17:08:00 当前金币:3302207975679102
Jun 15 17:08:00 
Jun 15 17:08:00 此次在线收益：获得 383862702085 金币
Jun 15 17:08:04 京豆信息获取信息失败
Jun 15 17:08:09 当前信息：0 京豆，3302207975679102 金币
Jun 15 17:08:09 
Jun 15 17:08:09 开始【京东账号2】jd_fMRfXcJHjROT
Jun 15 17:08:09 
Jun 15 17:08:10 当前JOY分布情况
Jun 15 17:08:10 
Jun 15 17:08:10 30 31 32 33
Jun 15 17:08:10 34 34 34 34
Jun 15 17:08:10 34 34 34 34
Jun 15 17:08:10 
Jun 15 17:08:12 此次在线收益：获得 0 金币
Jun 15 17:08:13 京豆信息获取信息失败
Jun 15 17:08:18 当前信息：0 京豆，获取当前金币数量失败 金币
Jun 15 17:08:18 
Jun 15 17:08:18 
Jun 15 17:08:18 
Jun 15 17:08:18 ============开始第48次挂机=============
Jun 15 17:08:18 
Jun 15 17:08:18 开始【京东账号1】jd_RbuUwXHBNnJR
Jun 15 17:08:18 
Jun 15 17:08:19 当前JOY分布情况
Jun 15 17:08:19 
Jun 15 17:08:19 30 31 32 33
Jun 15 17:08:19 34 34 34 34
Jun 15 17:08:19 34 34 34 34
Jun 15 17:08:19 
Jun 15 17:08:30 当前信息：1569 京豆，获取当前金币数量失败 金币
Jun 15 17:08:30 
Jun 15 17:08:30 开始【京东账号2】jd_fMRfXcJHjROT
Jun 15 17:08:30 
Jun 15 17:08:32 joy信息获取信息失败
Jun 15 17:08:35 此次在线收益：获得 0 金币
Jun 15 17:08:36 京豆信息获取信息失败
Jun 15 17:08:41 当前信息：0 京豆，获取当前金币数量失败 金币
Jun 15 17:08:41 
Jun 15 17:08:41 
Jun 15 17:08:41 
Jun 15 17:08:41 ============开始第49次挂机=============
Jun 15 17:08:41 
Jun 15 17:08:41 开始【京东账号1】jd_RbuUwXHBNnJR
Jun 15 17:08:41 
Jun 15 17:08:42 当前JOY分布情况
Jun 15 17:08:42 
Jun 15 17:08:42 30 31 32 33
Jun 15 17:08:42 34 34 34 34
Jun 15 17:08:42 34 34 34 34
Jun 15 17:08:42 
Jun 15 17:08:47 当前金币:3304511151891612
Jun 15 17:08:47 
Jun 15 17:08:47 此次在线收益：获得 383862702085 金币
Jun 15 17:08:51 京豆信息获取信息失败
Jun 15 17:08:56 当前信息：0 京豆，3304511151891612 金币
Jun 15 17:08:56 
Jun 15 17:08:56 开始【京东账号2】jd_fMRfXcJHjROT
Jun 15 17:08:56 
Jun 15 17:08:57 当前JOY分布情况
Jun 15 17:08:57 
Jun 15 17:08:57 30 31 32 33
Jun 15 17:08:57 34 34 34 34
Jun 15 17:08:57 34 34 34 34
Jun 15 17:08:57 
Jun 15 17:08:59 此次在线收益：获得 0 金币
Jun 15 17:09:00 京豆信息获取信息失败
Jun 15 17:09:05 当前信息：0 京豆，获取当前金币数量失败 金币
Jun 15 17:09:05 
Jun 15 17:09:05 
Jun 15 17:09:05 
Jun 15 17:09:05 ============开始第50次挂机=============
Jun 15 17:09:05 
Jun 15 17:09:05 开始【京东账号1】jd_RbuUwXHBNnJR
Jun 15 17:09:05 
Jun 15 17:09:08 joy信息获取信息失败
Jun 15 17:09:11 当前金币:3305662739997867
Jun 15 17:09:11 
Jun 15 17:09:11 此次在线收益：获得 383862702085 金币
Jun 15 17:09:17 当前信息：1569 京豆，3305662739997867 金币
Jun 15 17:09:17 
Jun 15 17:09:17 开始【京东账号2】jd_fMRfXcJHjROT
Jun 15 17:09:17 
Jun 15 17:09:18 当前JOY分布情况
Jun 15 17:09:18 
Jun 15 17:09:18 30 31 32 33
Jun 15 17:09:18 34 34 34 34
Jun 15 17:09:18 34 34 34 34
Jun 15 17:09:18 
Jun 15 17:09:20 当前金币:3466652686925545
Jun 15 17:09:20 
Jun 15 17:09:20 此次在线收益：获得 383862702085 金币
Jun 15 17:09:21 京豆信息获取信息失败
Jun 15 17:09:26 当前信息：0 京豆，3466652686925545 金币
Jun 15 17:09:26 
Jun 15 17:09:26 
Jun 15 17:09:26 
Jun 15 17:09:26 ============开始第51次挂机=============
Jun 15 17:09:26 
Jun 15 17:09:26 开始【京东账号1】jd_RbuUwXHBNnJR
Jun 15 17:09:26 
Jun 15 17:09:28 当前JOY分布情况
Jun 15 17:09:28 
Jun 15 17:09:28 30 31 32 33
Jun 15 17:09:28 34 34 34 34
Jun 15 17:09:28 34 34 34 34
Jun 15 17:09:28 
Jun 15 17:09:30 当前金币:3306430465402037
Jun 15 17:09:30 
Jun 15 17:09:30 此次在线收益：获得 383862702085 金币
Jun 15 17:09:36 当前信息：1569 京豆，3306430465402037 金币
Jun 15 17:09:36 
Jun 15 17:09:36 开始【京东账号2】jd_fMRfXcJHjROT
Jun 15 17:09:36 
Jun 15 17:09:37 当前JOY分布情况
Jun 15 17:09:37 
Jun 15 17:09:37 30 31 32 33
Jun 15 17:09:37 34 34 34 34
Jun 15 17:09:37 34 34 34 34
Jun 15 17:09:37 
Jun 15 17:09:39 此次在线收益：获得 0 金币
Jun 15 17:09:40 京豆信息获取信息失败
Jun 15 17:09:45 当前信息：0 京豆，获取当前金币数量失败 金币
Jun 15 17:09:45 
Jun 15 17:09:45 
Jun 15 17:09:45 
Jun 15 17:09:45 ============开始第52次挂机=============
Jun 15 17:09:45 
Jun 15 17:09:45 开始【京东账号1】jd_RbuUwXHBNnJR
Jun 15 17:09:45 
Jun 15 17:09:46 当前JOY分布情况
Jun 15 17:09:46 
Jun 15 17:09:46 30 31 32 33
Jun 15 17:09:46 34 34 34 34
Jun 15 17:09:46 34 34 34 34
Jun 15 17:09:46 
Jun 15 17:09:51 当前金币:3307582053508292
Jun 15 17:09:51 
Jun 15 17:09:51 此次在线收益：获得 383862702085 金币
Jun 15 17:09:57 当前信息：1569 京豆，3307582053508292 金币
Jun 15 17:09:57 
Jun 15 17:09:57 开始【京东账号2】jd_fMRfXcJHjROT
Jun 15 17:09:57 
Jun 15 17:09:58 当前JOY分布情况
Jun 15 17:09:58 
Jun 15 17:09:58 30 31 32 33
Jun 15 17:09:58 34 34 34 34
Jun 15 17:09:58 34 34 34 34
Jun 15 17:09:58 
Jun 15 17:10:00 当前金币:3468572000435970
Jun 15 17:10:00 
Jun 15 17:10:00 此次在线收益：获得 383862702085 金币
Jun 15 17:10:01 京豆信息获取信息失败
Jun 15 17:10:07 当前信息：0 京豆，3468572000435970 金币
Jun 15 17:10:07 
Jun 15 17:10:07 
Jun 15 17:10:07 
Jun 15 17:10:07 ============开始第53次挂机=============
Jun 15 17:10:07 
Jun 15 17:10:07 开始【京东账号1】jd_RbuUwXHBNnJR
Jun 15 17:10:07 
Jun 15 17:10:08 当前JOY分布情况
Jun 15 17:10:08 
Jun 15 17:10:08 30 31 32 33
Jun 15 17:10:08 34 34 34 34
Jun 15 17:10:08 34 34 34 34
Jun 15 17:10:08 
Jun 15 17:10:10 当前金币:3308349778912462
Jun 15 17:10:10 
Jun 15 17:10:10 此次在线收益：获得 383862702085 金币
Jun 15 17:10:16 当前信息：1569 京豆，3308349778912462 金币
Jun 15 17:10:16 
Jun 15 17:10:16 开始【京东账号2】jd_fMRfXcJHjROT
Jun 15 17:10:16 
Jun 15 17:10:17 当前JOY分布情况
Jun 15 17:10:17 
Jun 15 17:10:17 30 31 32 33
Jun 15 17:10:17 34 34 34 34
Jun 15 17:10:17 34 34 34 34
Jun 15 17:10:17 
Jun 15 17:10:19 此次在线收益：获得 0 金币
Jun 15 17:10:20 京豆信息获取信息失败
Jun 15 17:10:25 当前信息：0 京豆，获取当前金币数量失败 金币
Jun 15 17:10:25 
Jun 15 17:10:25 
Jun 15 17:10:25 
Jun 15 17:10:25 ============开始第54次挂机=============
Jun 15 17:10:25 
Jun 15 17:10:25 开始【京东账号1】jd_RbuUwXHBNnJR
Jun 15 17:10:25 
Jun 15 17:10:26 当前JOY分布情况
Jun 15 17:10:26 
Jun 15 17:10:26 30 31 32 33
Jun 15 17:10:26 34 34 34 34
Jun 15 17:10:26 34 34 34 34
Jun 15 17:10:26 
Jun 15 17:10:29 此次在线收益：获得 0 金币
Jun 15 17:10:35 当前信息：1569 京豆，获取当前金币数量失败 金币
Jun 15 17:10:35 
Jun 15 17:10:35 开始【京东账号2】jd_fMRfXcJHjROT
Jun 15 17:10:35 
Jun 15 17:10:36 当前JOY分布情况
Jun 15 17:10:36 
Jun 15 17:10:36 30 31 32 33
Jun 15 17:10:36 34 34 34 34
Jun 15 17:10:36 34 34 34 34
Jun 15 17:10:36 
Jun 15 17:10:41 当前金币:3470107451244310
Jun 15 17:10:41 
Jun 15 17:10:41 此次在线收益：获得 383862702085 金币
Jun 15 17:10:42 京豆信息获取信息失败
Jun 15 17:10:47 当前信息：0 京豆，3470107451244310 金币
Jun 15 17:10:47 
Jun 15 17:10:47 
Jun 15 17:10:47 
Jun 15 17:10:47 ============开始第55次挂机=============
Jun 15 17:10:47 
Jun 15 17:10:47 开始【京东账号1】jd_RbuUwXHBNnJR
Jun 15 17:10:47 
Jun 15 17:10:48 当前JOY分布情况
Jun 15 17:10:48 
Jun 15 17:10:48 30 31 32 33
Jun 15 17:10:48 34 34 34 34
Jun 15 17:10:48 34 34 34 34
Jun 15 17:10:48 
Jun 15 17:10:59 当前信息：1569 京豆，获取当前金币数量失败 金币
Jun 15 17:10:59 
Jun 15 17:10:59 开始【京东账号2】jd_fMRfXcJHjROT
Jun 15 17:10:59 
Jun 15 17:11:00 当前JOY分布情况
Jun 15 17:11:00 
Jun 15 17:11:00 30 31 32 33
Jun 15 17:11:00 34 34 34 34
Jun 15 17:11:00 34 34 34 34
Jun 15 17:11:00 
Jun 15 17:11:03 当前金币:3470875176648480
Jun 15 17:11:03 
Jun 15 17:11:03 此次在线收益：获得 383862702085 金币
Jun 15 17:11:04 京豆信息获取信息失败
Jun 15 17:11:09 当前信息：0 京豆，3470875176648480 金币
Jun 15 17:11:09 
Jun 15 17:11:09 
Jun 15 17:11:09 
Jun 15 17:11:09 ============开始第56次挂机=============
Jun 15 17:11:09 
Jun 15 17:11:09 开始【京东账号1】jd_RbuUwXHBNnJR
Jun 15 17:11:09 
Jun 15 17:11:10 当前JOY分布情况
Jun 15 17:11:10 
Jun 15 17:11:10 30 31 32 33
Jun 15 17:11:10 34 34 34 34
Jun 15 17:11:10 34 34 34 34
Jun 15 17:11:10 
Jun 15 17:11:13 当前金币:3311036817827057
Jun 15 17:11:13 
Jun 15 17:11:13 此次在线收益：获得 383862702085 金币
Jun 15 17:11:19 当前信息：1569 京豆，3311036817827057 金币
Jun 15 17:11:19 
Jun 15 17:11:19 开始【京东账号2】jd_fMRfXcJHjROT
Jun 15 17:11:19 
Jun 15 17:11:20 当前JOY分布情况
Jun 15 17:11:20 
Jun 15 17:11:20 30 31 32 33
Jun 15 17:11:20 34 34 34 34
Jun 15 17:11:20 34 34 34 34
Jun 15 17:11:20 
Jun 15 17:11:24 此次在线收益：获得 0 金币
Jun 15 17:11:25 京豆信息获取信息失败
Jun 15 17:11:30 当前信息：0 京豆，获取当前金币数量失败 金币
Jun 15 17:11:30 
Jun 15 17:11:30 
Jun 15 17:11:30 
Jun 15 17:11:30 ============开始第57次挂机=============
Jun 15 17:11:30 
Jun 15 17:11:30 开始【京东账号1】jd_RbuUwXHBNnJR
Jun 15 17:11:30 
Jun 15 17:11:31 当前JOY分布情况
Jun 15 17:11:31 
Jun 15 17:11:31 30 31 32 33
Jun 15 17:11:31 34 34 34 34
Jun 15 17:11:31 34 34 34 34
Jun 15 17:11:31 
Jun 15 17:11:33 此次在线收益：获得 0 金币
Jun 15 17:11:39 当前信息：1569 京豆，获取当前金币数量失败 金币
Jun 15 17:11:39 
Jun 15 17:11:39 开始【京东账号2】jd_fMRfXcJHjROT
Jun 15 17:11:39 
Jun 15 17:11:40 当前JOY分布情况
Jun 15 17:11:40 
Jun 15 17:11:40 30 31 32 33
Jun 15 17:11:40 34 34 34 34
Jun 15 17:11:40 34 34 34 34
Jun 15 17:11:40 
Jun 15 17:11:45 当前金币:3472794490158905
Jun 15 17:11:45 
Jun 15 17:11:45 此次在线收益：获得 383862702085 金币
Jun 15 17:11:46 京豆信息获取信息失败
Jun 15 17:11:51 当前信息：0 京豆，3472794490158905 金币
Jun 15 17:11:51 
Jun 15 17:11:51 
Jun 15 17:11:51 
Jun 15 17:11:51 ============开始第58次挂机=============
Jun 15 17:11:51 
Jun 15 17:11:51 开始【京东账号1】jd_RbuUwXHBNnJR
Jun 15 17:11:51 
Jun 15 17:11:54 joy信息获取信息失败
Jun 15 17:11:57 此次在线收益：获得 0 金币
Jun 15 17:12:03 当前信息：1569 京豆，获取当前金币数量失败 金币
Jun 15 17:12:03 
Jun 15 17:12:03 开始【京东账号2】jd_fMRfXcJHjROT
Jun 15 17:12:03 
Jun 15 17:12:04 当前JOY分布情况
Jun 15 17:12:04 
Jun 15 17:12:04 30 31 32 33
Jun 15 17:12:04 34 34 34 34
Jun 15 17:12:04 34 34 34 34
Jun 15 17:12:04 
Jun 15 17:12:09 当前金币:3473562215563075
Jun 15 17:12:09 
Jun 15 17:12:09 此次在线收益：获得 383862702085 金币
Jun 15 17:12:10 京豆信息获取信息失败
Jun 15 17:12:15 当前信息：0 京豆，3473562215563075 金币
Jun 15 17:12:15 
Jun 15 17:12:15 
Jun 15 17:12:15 
Jun 15 17:12:15 ============开始第59次挂机=============
Jun 15 17:12:15 
Jun 15 17:12:15 开始【京东账号1】jd_RbuUwXHBNnJR
Jun 15 17:12:15 
Jun 15 17:12:16 当前JOY分布情况
Jun 15 17:12:16 
Jun 15 17:12:16 30 31 32 33
Jun 15 17:12:16 34 34 34 34
Jun 15 17:12:16 34 34 34 34
Jun 15 17:12:16 
Jun 15 17:12:18 当前金币:3314107719443737
Jun 15 17:12:18 
Jun 15 17:12:18 此次在线收益：获得 383862702085 金币
Jun 15 17:12:24 当前信息：1569 京豆，3314107719443737 金币
Jun 15 17:12:24 
Jun 15 17:12:24 开始【京东账号2】jd_fMRfXcJHjROT
Jun 15 17:12:24 
Jun 15 17:12:25 当前JOY分布情况
Jun 15 17:12:25 
Jun 15 17:12:25 30 31 32 33
Jun 15 17:12:25 34 34 34 34
Jun 15 17:12:25 34 34 34 34
Jun 15 17:12:25 
Jun 15 17:12:31 此次在线收益：获得 0 金币
Jun 15 17:12:32 京豆信息获取信息失败
Jun 15 17:12:37 当前信息：0 京豆，获取当前金币数量失败 金币
Jun 15 17:12:37 
Jun 15 17:12:37 
Jun 15 17:12:37 
Jun 15 17:12:37 ============开始第60次挂机=============
Jun 15 17:12:37 
Jun 15 17:12:37 开始【京东账号1】jd_RbuUwXHBNnJR
Jun 15 17:12:37 
Jun 15 17:12:38 当前JOY分布情况
Jun 15 17:12:38 
Jun 15 17:12:38 30 31 32 33
Jun 15 17:12:38 34 34 34 34
Jun 15 17:12:38 34 34 34 34
Jun 15 17:12:38 
Jun 15 17:12:40 当前金币:3315259307549992
Jun 15 17:12:40 
Jun 15 17:12:40 此次在线收益：获得 383862702085 金币
Jun 15 17:12:46 当前信息：1569 京豆，3315259307549992 金币
Jun 15 17:12:46 
Jun 15 17:12:46 开始【京东账号2】jd_fMRfXcJHjROT
Jun 15 17:12:46 
Jun 15 17:12:47 当前JOY分布情况
Jun 15 17:12:47 
Jun 15 17:12:47 30 31 32 33
Jun 15 17:12:47 34 34 34 34
Jun 15 17:12:47 34 34 34 34
Jun 15 17:12:47 
Jun 15 17:12:49 当前金币:3475481529073500
Jun 15 17:12:49 
Jun 15 17:12:49 此次在线收益：获得 383862702085 金币
Jun 15 17:12:50 京豆信息获取信息失败
Jun 15 17:12:55 当前信息：0 京豆，3475481529073500 金币
Jun 15 17:12:55 
Jun 15 17:12:55 
Jun 15 17:12:55 
Jun 15 17:12:55 ============开始第61次挂机=============
Jun 15 17:12:55 
Jun 15 17:12:55 开始【京东账号1】jd_RbuUwXHBNnJR
Jun 15 17:12:55 
Jun 15 17:12:57 当前JOY分布情况
Jun 15 17:12:57 
Jun 15 17:12:57 30 31 32 33
Jun 15 17:12:57 34 34 34 34
Jun 15 17:12:57 34 34 34 34
Jun 15 17:12:57 
Jun 15 17:13:03 此次在线收益：获得 0 金币
Jun 15 17:13:09 当前信息：1569 京豆，获取当前金币数量失败 金币
Jun 15 17:13:09 
Jun 15 17:13:09 开始【京东账号2】jd_fMRfXcJHjROT
Jun 15 17:13:09 
Jun 15 17:13:10 当前JOY分布情况
Jun 15 17:13:10 
Jun 15 17:13:10 30 31 32 33
Jun 15 17:13:10 34 34 34 34
Jun 15 17:13:10 34 34 34 34
Jun 15 17:13:10 
Jun 15 17:13:12 当前金币:3476633117179755
Jun 15 17:13:12 
Jun 15 17:13:12 此次在线收益：获得 383862702085 金币
Jun 15 17:13:13 京豆信息获取信息失败
Jun 15 17:13:18 当前信息：0 京豆，3476633117179755 金币
Jun 15 17:13:18 
Jun 15 17:13:18 
Jun 15 17:13:18 
Jun 15 17:13:18 ============开始第62次挂机=============
Jun 15 17:13:18 
Jun 15 17:13:18 开始【京东账号1】jd_RbuUwXHBNnJR
Jun 15 17:13:18 
Jun 15 17:13:19 当前JOY分布情况
Jun 15 17:13:19 
Jun 15 17:13:19 30 31 32 33
Jun 15 17:13:19 34 34 34 34
Jun 15 17:13:19 34 34 34 34
Jun 15 17:13:19 
Jun 15 17:13:22 当前金币:3317178621060417
Jun 15 17:13:22 
Jun 15 17:13:22 此次在线收益：获得 383862702085 金币
Jun 15 17:13:28 当前信息：1569 京豆，3317178621060417 金币
Jun 15 17:13:28 
Jun 15 17:13:28 开始【京东账号2】jd_fMRfXcJHjROT
Jun 15 17:13:28 
Jun 15 17:13:29 当前JOY分布情况
Jun 15 17:13:29 
Jun 15 17:13:29 30 31 32 33
Jun 15 17:13:29 34 34 34 34
Jun 15 17:13:29 34 34 34 34
Jun 15 17:13:29 
Jun 15 17:13:31 此次在线收益：获得 0 金币
Jun 15 17:13:32 京豆信息获取信息失败
Jun 15 17:13:37 当前信息：0 京豆，获取当前金币数量失败 金币
Jun 15 17:13:37 
Jun 15 17:13:37 
Jun 15 17:13:37 
Jun 15 17:13:37 ============开始第63次挂机=============
Jun 15 17:13:37 
Jun 15 17:13:37 开始【京东账号1】jd_RbuUwXHBNnJR
Jun 15 17:13:37 
Jun 15 17:13:38 当前JOY分布情况
Jun 15 17:13:38 
Jun 15 17:13:38 30 31 32 33
Jun 15 17:13:38 34 34 34 34
Jun 15 17:13:38 34 34 34 34
Jun 15 17:13:38 
Jun 15 17:13:40 此次在线收益：获得 0 金币
Jun 15 17:13:46 当前信息：1569 京豆，获取当前金币数量失败 金币
Jun 15 17:13:46 
Jun 15 17:13:46 开始【京东账号2】jd_fMRfXcJHjROT
Jun 15 17:13:46 
Jun 15 17:13:47 当前JOY分布情况
Jun 15 17:13:47 
Jun 15 17:13:47 30 31 32 33
Jun 15 17:13:47 34 34 34 34
Jun 15 17:13:47 34 34 34 34
Jun 15 17:13:47 
Jun 15 17:13:50 此次在线收益：获得 0 金币
Jun 15 17:13:51 京豆信息获取信息失败
Jun 15 17:13:56 当前信息：0 京豆，获取当前金币数量失败 金币
Jun 15 17:13:56 
Jun 15 17:13:56 
Jun 15 17:13:56 
Jun 15 17:13:56 ============开始第64次挂机=============
Jun 15 17:13:56 
Jun 15 17:13:56 开始【京东账号1】jd_RbuUwXHBNnJR
Jun 15 17:13:56 
Jun 15 17:13:58 joy信息获取信息失败
Jun 15 17:14:07 此次在线收益：获得 0 金币
Jun 15 17:14:13 当前信息：1569 京豆，获取当前金币数量失败 金币
Jun 15 17:14:13 
Jun 15 17:14:13 开始【京东账号2】jd_fMRfXcJHjROT
Jun 15 17:14:13 
Jun 15 17:14:14 当前JOY分布情况
Jun 15 17:14:14 
Jun 15 17:14:14 30 31 32 33
Jun 15 17:14:14 34 34 34 34
Jun 15 17:14:14 34 34 34 34
Jun 15 17:14:14 
Jun 15 17:14:16 当前金币:3479704018796435
Jun 15 17:14:16 
Jun 15 17:14:16 此次在线收益：获得 383862702085 金币
Jun 15 17:14:17 京豆信息获取信息失败
Jun 15 17:14:22 当前信息：0 京豆，3479704018796435 金币
Jun 15 17:14:22 
Jun 15 17:14:22 
Jun 15 17:14:22 
Jun 15 17:14:22 ============开始第65次挂机=============
Jun 15 17:14:22 
Jun 15 17:14:22 开始【京东账号1】jd_RbuUwXHBNnJR
Jun 15 17:14:22 
Jun 15 17:14:25 joy信息获取信息失败
Jun 15 17:14:28 此次在线收益：获得 0 金币
Jun 15 17:14:34 当前信息：1569 京豆，获取当前金币数量失败 金币
Jun 15 17:14:34 
Jun 15 17:14:34 开始【京东账号2】jd_fMRfXcJHjROT
Jun 15 17:14:34 
Jun 15 17:14:35 当前JOY分布情况
Jun 15 17:14:35 
Jun 15 17:14:35 30 31 32 33
Jun 15 17:14:35 34 34 34 34
Jun 15 17:14:35 34 34 34 34
Jun 15 17:14:35 
Jun 15 17:14:37 当前金币:3480471744200605
Jun 15 17:14:37 
Jun 15 17:14:37 此次在线收益：获得 383862702085 金币
Jun 15 17:14:38 京豆信息获取信息失败
Jun 15 17:14:43 当前信息：0 京豆，3480471744200605 金币
Jun 15 17:14:43 
Jun 15 17:14:43 
Jun 15 17:14:43 
Jun 15 17:14:43 ============开始第66次挂机=============
Jun 15 17:14:43 
Jun 15 17:14:43 开始【京东账号1】jd_RbuUwXHBNnJR
Jun 15 17:14:43 
Jun 15 17:14:44 当前JOY分布情况
Jun 15 17:14:44 
Jun 15 17:14:44 30 31 32 33
Jun 15 17:14:44 34 34 34 34
Jun 15 17:14:44 34 34 34 34
Jun 15 17:14:44 
Jun 15 17:14:47 此次在线收益：获得 0 金币
Jun 15 17:14:53 当前信息：1569 京豆，获取当前金币数量失败 金币
Jun 15 17:14:53 
Jun 15 17:14:53 开始【京东账号2】jd_fMRfXcJHjROT
Jun 15 17:14:53 
Jun 15 17:14:54 当前JOY分布情况
Jun 15 17:14:54 
Jun 15 17:14:54 30 31 32 33
Jun 15 17:14:54 34 34 34 34
Jun 15 17:14:54 34 34 34 34
Jun 15 17:14:54 
Jun 15 17:14:56 当前金币:3481239469604775
Jun 15 17:14:56 
Jun 15 17:14:56 此次在线收益：获得 383862702085 金币
Jun 15 17:14:57 京豆信息获取信息失败
Jun 15 17:15:02 当前信息：0 京豆，3481239469604775 金币
Jun 15 17:15:02 
Jun 15 17:15:02 
Jun 15 17:15:02 
Jun 15 17:15:02 ============开始第67次挂机=============
Jun 15 17:15:02 
Jun 15 17:15:02 开始【京东账号1】jd_RbuUwXHBNnJR
Jun 15 17:15:02 
Jun 15 17:15:03 当前JOY分布情况
Jun 15 17:15:03 
Jun 15 17:15:03 30 31 32 33
Jun 15 17:15:03 34 34 34 34
Jun 15 17:15:03 34 34 34 34
Jun 15 17:15:03 
Jun 15 17:15:05 当前金币:3322168836187522
Jun 15 17:15:05 
Jun 15 17:15:05 此次在线收益：获得 383862702085 金币
Jun 15 17:15:12 当前信息：1569 京豆，3322168836187522 金币
Jun 15 17:15:12 
Jun 15 17:15:12 开始【京东账号2】jd_fMRfXcJHjROT
Jun 15 17:15:12 
Jun 15 17:15:13 当前JOY分布情况
Jun 15 17:15:13 
Jun 15 17:15:13 30 31 32 33
Jun 15 17:15:13 34 34 34 34
Jun 15 17:15:13 34 34 34 34
Jun 15 17:15:13 
Jun 15 17:15:16 此次在线收益：获得 0 金币
Jun 15 17:15:19 京豆信息获取信息失败
Jun 15 17:15:24 当前信息：0 京豆，获取当前金币数量失败 金币
Jun 15 17:15:24 
Jun 15 17:15:24 
Jun 15 17:15:24 
Jun 15 17:15:24 ============开始第68次挂机=============
Jun 15 17:15:25 
Jun 15 17:15:25 开始【京东账号1】jd_RbuUwXHBNnJR
Jun 15 17:15:25 
Jun 15 17:15:26 当前JOY分布情况
Jun 15 17:15:26 
Jun 15 17:15:26 30 31 32 33
Jun 15 17:15:26 34 34 34 34
Jun 15 17:15:26 34 34 34 34
Jun 15 17:15:26 
Jun 15 17:15:28 当前金币:3323320424293777
Jun 15 17:15:28 
Jun 15 17:15:28 此次在线收益：获得 383862702085 金币
Jun 15 17:15:34 当前信息：1569 京豆，3323320424293777 金币
Jun 15 17:15:34 
Jun 15 17:15:34 开始【京东账号2】jd_fMRfXcJHjROT
Jun 15 17:15:34 
Jun 15 17:15:35 当前JOY分布情况
Jun 15 17:15:35 
Jun 15 17:15:35 30 31 32 33
Jun 15 17:15:35 34 34 34 34
Jun 15 17:15:35 34 34 34 34
Jun 15 17:15:35 
Jun 15 17:15:37 当前金币:3483158783115200
Jun 15 17:15:37 
Jun 15 17:15:37 此次在线收益：获得 383862702085 金币
Jun 15 17:15:38 京豆信息获取信息失败
Jun 15 17:15:43 当前信息：0 京豆，3483158783115200 金币
Jun 15 17:15:43 
Jun 15 17:15:43 
Jun 15 17:15:43 
Jun 15 17:15:43 ============开始第69次挂机=============
Jun 15 17:15:43 
Jun 15 17:15:43 开始【京东账号1】jd_RbuUwXHBNnJR
Jun 15 17:15:43 
Jun 15 17:15:44 当前JOY分布情况
Jun 15 17:15:44 
Jun 15 17:15:44 30 31 32 33
Jun 15 17:15:44 34 34 34 34
Jun 15 17:15:44 34 34 34 34
Jun 15 17:15:44 
Jun 15 17:15:46 当前金币:3324088149697947
Jun 15 17:15:46 
Jun 15 17:15:46 此次在线收益：获得 383862702085 金币
Jun 15 17:15:53 当前信息：1569 京豆，3324088149697947 金币
Jun 15 17:15:53 
Jun 15 17:15:53 开始【京东账号2】jd_fMRfXcJHjROT
Jun 15 17:15:53 
Jun 15 17:15:54 当前JOY分布情况
Jun 15 17:15:54 
Jun 15 17:15:54 30 31 32 33
Jun 15 17:15:54 34 34 34 34
Jun 15 17:15:54 34 34 34 34
Jun 15 17:15:54 
Jun 15 17:15:56 此次在线收益：获得 0 金币
Jun 15 17:15:57 京豆信息获取信息失败
Jun 15 17:16:02 当前信息：0 京豆，获取当前金币数量失败 金币
Jun 15 17:16:02 
Jun 15 17:16:02 
Jun 15 17:16:02 
Jun 15 17:16:02 ============开始第70次挂机=============
Jun 15 17:16:02 
Jun 15 17:16:02 开始【京东账号1】jd_RbuUwXHBNnJR
Jun 15 17:16:02 
Jun 15 17:16:03 当前JOY分布情况
Jun 15 17:16:03 
Jun 15 17:16:03 30 31 32 33
Jun 15 17:16:03 34 34 34 34
Jun 15 17:16:03 34 34 34 34
Jun 15 17:16:03 
Jun 15 17:16:05 此次在线收益：获得 0 金币
Jun 15 17:16:12 当前信息：1569 京豆，获取当前金币数量失败 金币
Jun 15 17:16:12 
Jun 15 17:16:12 开始【京东账号2】jd_fMRfXcJHjROT
Jun 15 17:16:12 
Jun 15 17:16:14 当前JOY分布情况
Jun 15 17:16:14 
Jun 15 17:16:14 30 31 32 33
Jun 15 17:16:14 34 34 34 34
Jun 15 17:16:14 34 34 34 34
Jun 15 17:16:14 
Jun 15 17:16:16 当前金币:3485078096625625
Jun 15 17:16:16 
Jun 15 17:16:16 此次在线收益：获得 383862702085 金币
Jun 15 17:16:17 京豆信息获取信息失败
Jun 15 17:16:22 当前信息：0 京豆，3485078096625625 金币
Jun 15 17:16:22 
Jun 15 17:16:22 
Jun 15 17:16:22 
Jun 15 17:16:22 ============开始第71次挂机=============
Jun 15 17:16:22 
Jun 15 17:16:22 开始【京东账号1】jd_RbuUwXHBNnJR
Jun 15 17:16:22 
Jun 15 17:16:23 当前JOY分布情况
Jun 15 17:16:23 
Jun 15 17:16:23 30 31 32 33
Jun 15 17:16:23 34 34 34 34
Jun 15 17:16:23 34 34 34 34
Jun 15 17:16:23 
Jun 15 17:16:28 此次在线收益：获得 0 金币
Jun 15 17:16:34 当前信息：1569 京豆，获取当前金币数量失败 金币
Jun 15 17:16:34 
Jun 15 17:16:34 开始【京东账号2】jd_fMRfXcJHjROT
Jun 15 17:16:34 
Jun 15 17:16:35 当前JOY分布情况
Jun 15 17:16:35 
Jun 15 17:16:35 30 31 32 33
Jun 15 17:16:35 34 34 34 34
Jun 15 17:16:35 34 34 34 34
Jun 15 17:16:35 
Jun 15 17:16:37 此次在线收益：获得 0 金币
Jun 15 17:16:38 京豆信息获取信息失败
Jun 15 17:16:43 当前信息：0 京豆，获取当前金币数量失败 金币
Jun 15 17:16:43 
Jun 15 17:16:43 
Jun 15 17:16:43 
Jun 15 17:16:43 ============开始第72次挂机=============
Jun 15 17:16:43 
Jun 15 17:16:43 开始【京东账号1】jd_RbuUwXHBNnJR
Jun 15 17:16:43 
Jun 15 17:16:44 当前JOY分布情况
Jun 15 17:16:44 
Jun 15 17:16:44 30 31 32 33
Jun 15 17:16:44 34 34 34 34
Jun 15 17:16:44 34 34 34 34
Jun 15 17:16:44 
Jun 15 17:16:46 此次在线收益：获得 0 金币
Jun 15 17:16:50 京豆信息获取信息失败
Jun 15 17:16:55 当前信息：0 京豆，获取当前金币数量失败 金币
Jun 15 17:16:55 
Jun 15 17:16:55 开始【京东账号2】jd_fMRfXcJHjROT
Jun 15 17:16:55 
Jun 15 17:16:57 joy信息获取信息失败
Jun 15 17:17:03 当前金币:3487381272838135
Jun 15 17:17:03 
Jun 15 17:17:03 此次在线收益：获得 383862702085 金币
Jun 15 17:17:05 京豆信息获取信息失败
Jun 15 17:17:10 当前信息：0 京豆，3487381272838135 金币
Jun 15 17:17:10 
Jun 15 17:17:10 
Jun 15 17:17:10 
Jun 15 17:17:10 ============开始第73次挂机=============
Jun 15 17:17:10 
Jun 15 17:17:10 开始【京东账号1】jd_RbuUwXHBNnJR
Jun 15 17:17:10 
Jun 15 17:17:11 当前JOY分布情况
Jun 15 17:17:11 
Jun 15 17:17:11 30 31 32 33
Jun 15 17:17:11 34 34 34 34
Jun 15 17:17:11 34 34 34 34
Jun 15 17:17:11 
Jun 15 17:17:13 当前金币:3328310639420882
Jun 15 17:17:13 
Jun 15 17:17:13 此次在线收益：获得 383862702085 金币
Jun 15 17:17:19 当前信息：1569 京豆，3328310639420882 金币
Jun 15 17:17:19 
Jun 15 17:17:19 开始【京东账号2】jd_fMRfXcJHjROT
Jun 15 17:17:19 
Jun 15 17:17:20 当前JOY分布情况
Jun 15 17:17:20 
Jun 15 17:17:20 30 31 32 33
Jun 15 17:17:20 34 34 34 34
Jun 15 17:17:20 34 34 34 34
Jun 15 17:17:20 
Jun 15 17:17:22 当前金币:3488148998242305
Jun 15 17:17:22 
Jun 15 17:17:22 此次在线收益：获得 383862702085 金币
Jun 15 17:17:23 京豆信息获取信息失败
Jun 15 17:17:28 当前信息：0 京豆，3488148998242305 金币
Jun 15 17:17:28 
Jun 15 17:17:28 
Jun 15 17:17:28 
Jun 15 17:17:28 ============开始第74次挂机=============
Jun 15 17:17:29 
Jun 15 17:17:29 开始【京东账号1】jd_RbuUwXHBNnJR
Jun 15 17:17:29 
Jun 15 17:17:30 当前JOY分布情况
Jun 15 17:17:30 
Jun 15 17:17:30 30 31 32 33
Jun 15 17:17:30 34 34 34 34
Jun 15 17:17:30 34 34 34 34
Jun 15 17:17:30 
Jun 15 17:17:32 此次在线收益：获得 0 金币
Jun 15 17:17:38 当前信息：1569 京豆，获取当前金币数量失败 金币
Jun 15 17:17:38 
Jun 15 17:17:38 开始【京东账号2】jd_fMRfXcJHjROT
Jun 15 17:17:38 
Jun 15 17:17:39 当前JOY分布情况
Jun 15 17:17:39 
Jun 15 17:17:39 30 31 32 33
Jun 15 17:17:39 34 34 34 34
Jun 15 17:17:39 34 34 34 34
Jun 15 17:17:39 
Jun 15 17:17:41 此次在线收益：获得 0 金币
Jun 15 17:17:42 京豆信息获取信息失败
Jun 15 17:17:47 当前信息：0 京豆，获取当前金币数量失败 金币
Jun 15 17:17:47 
Jun 15 17:17:47 
Jun 15 17:17:47 
Jun 15 17:17:47 ============开始第75次挂机=============
Jun 15 17:17:47 
Jun 15 17:17:47 开始【京东账号1】jd_RbuUwXHBNnJR
Jun 15 17:17:47 
Jun 15 17:17:48 当前JOY分布情况
Jun 15 17:17:48 
Jun 15 17:17:48 30 31 32 33
Jun 15 17:17:48 34 34 34 34
Jun 15 17:17:48 34 34 34 34
Jun 15 17:17:48 
Jun 15 17:17:51 此次在线收益：获得 0 金币
Jun 15 17:17:57 当前信息：1569 京豆，获取当前金币数量失败 金币
Jun 15 17:17:57 
Jun 15 17:17:57 开始【京东账号2】jd_fMRfXcJHjROT
Jun 15 17:17:57 
Jun 15 17:17:58 当前JOY分布情况
Jun 15 17:17:58 
Jun 15 17:17:58 30 31 32 33
Jun 15 17:17:58 34 34 34 34
Jun 15 17:17:58 34 34 34 34
Jun 15 17:17:58 
Jun 15 17:18:00 当前金币:3490068311752730
Jun 15 17:18:00 
Jun 15 17:18:00 此次在线收益：获得 383862702085 金币
Jun 15 17:18:04 京豆信息获取信息失败
Jun 15 17:18:09 当前信息：0 京豆，3490068311752730 金币
Jun 15 17:18:09 
Jun 15 17:18:09 
Jun 15 17:18:09 
Jun 15 17:18:09 ============开始第76次挂机=============
Jun 15 17:18:09 
Jun 15 17:18:09 开始【京东账号1】jd_RbuUwXHBNnJR
Jun 15 17:18:09 
Jun 15 17:18:11 joy信息获取信息失败
Jun 15 17:18:14 此次在线收益：获得 0 金币
Jun 15 17:18:20 当前信息：1569 京豆，获取当前金币数量失败 金币
Jun 15 17:18:20 
Jun 15 17:18:20 开始【京东账号2】jd_fMRfXcJHjROT
Jun 15 17:18:20 
Jun 15 17:18:21 当前JOY分布情况
Jun 15 17:18:21 
Jun 15 17:18:21 30 31 32 33
Jun 15 17:18:21 34 34 34 34
Jun 15 17:18:21 34 34 34 34
Jun 15 17:18:21 
Jun 15 17:18:24 当前金币:3491219899858985
Jun 15 17:18:24 
Jun 15 17:18:24 此次在线收益：获得 383862702085 金币
Jun 15 17:18:25 京豆信息获取信息失败
Jun 15 17:18:30 当前信息：0 京豆，3491219899858985 金币
Jun 15 17:18:30 
Jun 15 17:18:30 
Jun 15 17:18:30 
Jun 15 17:18:30 ============开始第77次挂机=============
Jun 15 17:18:30 
Jun 15 17:18:30 开始【京东账号1】jd_RbuUwXHBNnJR
Jun 15 17:18:30 
Jun 15 17:18:31 当前JOY分布情况
Jun 15 17:18:31 
Jun 15 17:18:31 30 31 32 33
Jun 15 17:18:31 34 34 34 34
Jun 15 17:18:31 34 34 34 34
Jun 15 17:18:31 
Jun 15 17:18:33 当前金币:3332149266441732
Jun 15 17:18:33 
Jun 15 17:18:33 此次在线收益：获得 383862702085 金币
Jun 15 17:18:39 当前信息：1569 京豆，3332149266441732 金币
Jun 15 17:18:39 
Jun 15 17:18:39 开始【京东账号2】jd_fMRfXcJHjROT
Jun 15 17:18:39 
Jun 15 17:18:42 joy信息获取信息失败
Jun 15 17:18:46 此次在线收益：获得 0 金币
Jun 15 17:18:47 京豆信息获取信息失败
Jun 15 17:18:52 当前信息：0 京豆，获取当前金币数量失败 金币
Jun 15 17:18:52 
Jun 15 17:18:52 
Jun 15 17:18:52 
Jun 15 17:18:52 ============开始第78次挂机=============
Jun 15 17:18:52 
Jun 15 17:18:52 开始【京东账号1】jd_RbuUwXHBNnJR
Jun 15 17:18:52 
Jun 15 17:18:53 当前JOY分布情况
Jun 15 17:18:53 
Jun 15 17:18:53 30 31 32 33
Jun 15 17:18:53 34 34 34 34
Jun 15 17:18:53 34 34 34 34
Jun 15 17:18:53 
Jun 15 17:18:55 当前金币:3333300854547987
Jun 15 17:18:55 
Jun 15 17:18:55 此次在线收益：获得 383862702085 金币
Jun 15 17:19:01 当前信息：1569 京豆，3333300854547987 金币
Jun 15 17:19:01 
Jun 15 17:19:01 开始【京东账号2】jd_fMRfXcJHjROT
Jun 15 17:19:01 
Jun 15 17:19:04 当前JOY分布情况
Jun 15 17:19:04 
Jun 15 17:19:04 30 31 32 33
Jun 15 17:19:04 34 34 34 34
Jun 15 17:19:04 34 34 34 34
Jun 15 17:19:04 
Jun 15 17:19:06 当前金币:3493523076071495
Jun 15 17:19:06 
Jun 15 17:19:06 此次在线收益：获得 383862702085 金币
Jun 15 17:19:07 京豆信息获取信息失败
Jun 15 17:19:12 当前信息：0 京豆，3493523076071495 金币
Jun 15 17:19:12 
Jun 15 17:19:12 
Jun 15 17:19:12 
Jun 15 17:19:12 ============开始第79次挂机=============
Jun 15 17:19:12 
Jun 15 17:19:12 开始【京东账号1】jd_RbuUwXHBNnJR
Jun 15 17:19:12 
Jun 15 17:19:13 当前JOY分布情况
Jun 15 17:19:13 
Jun 15 17:19:13 30 31 32 33
Jun 15 17:19:13 34 34 34 34
Jun 15 17:19:13 34 34 34 34
Jun 15 17:19:13 
Jun 15 17:19:18 此次在线收益：获得 0 金币
Jun 15 17:19:24 当前信息：1569 京豆，获取当前金币数量失败 金币
Jun 15 17:19:24 
Jun 15 17:19:24 开始【京东账号2】jd_fMRfXcJHjROT
Jun 15 17:19:24 
Jun 15 17:19:25 当前JOY分布情况
Jun 15 17:19:25 
Jun 15 17:19:25 30 31 32 33
Jun 15 17:19:25 34 34 34 34
Jun 15 17:19:25 34 34 34 34
Jun 15 17:19:25 
Jun 15 17:19:27 当前金币:3494674664177750
Jun 15 17:19:27 
Jun 15 17:19:27 此次在线收益：获得 383862702085 金币
Jun 15 17:19:28 京豆信息获取信息失败
Jun 15 17:19:33 当前信息：0 京豆，3494674664177750 金币
Jun 15 17:19:33 
Jun 15 17:19:33 
Jun 15 17:19:33 
Jun 15 17:19:33 ============开始第80次挂机=============
Jun 15 17:19:33 
Jun 15 17:19:33 开始【京东账号1】jd_RbuUwXHBNnJR
Jun 15 17:19:33 
Jun 15 17:19:34 当前JOY分布情况
Jun 15 17:19:34 
Jun 15 17:19:34 30 31 32 33
Jun 15 17:19:34 34 34 34 34
Jun 15 17:19:34 34 34 34 34
Jun 15 17:19:34 
Jun 15 17:19:36 当前金币:3335220168058412
Jun 15 17:19:36 
Jun 15 17:19:36 此次在线收益：获得 383862702085 金币
Jun 15 17:19:42 当前信息：1569 京豆，3335220168058412 金币
Jun 15 17:19:42 
Jun 15 17:19:42 开始【京东账号2】jd_fMRfXcJHjROT
Jun 15 17:19:42 
Jun 15 17:19:43 当前JOY分布情况
Jun 15 17:19:43 
Jun 15 17:19:43 30 31 32 33
Jun 15 17:19:43 34 34 34 34
Jun 15 17:19:43 34 34 34 34
Jun 15 17:19:43 
Jun 15 17:19:46 当前金币:3495826252284005
Jun 15 17:19:46 
Jun 15 17:19:46 此次在线收益：获得 383862702085 金币
Jun 15 17:19:47 京豆信息获取信息失败
Jun 15 17:19:52 当前信息：0 京豆，3495826252284005 金币
Jun 15 17:19:52 
Jun 15 17:19:52 
Jun 15 17:19:52 
Jun 15 17:19:52 ============开始第81次挂机=============
Jun 15 17:19:52 
Jun 15 17:19:52 开始【京东账号1】jd_RbuUwXHBNnJR
Jun 15 17:19:52 
Jun 15 17:19:53 当前JOY分布情况
Jun 15 17:19:53 
Jun 15 17:19:53 30 31 32 33
Jun 15 17:19:53 34 34 34 34
Jun 15 17:19:53 34 34 34 34
Jun 15 17:19:53 
Jun 15 17:19:55 当前金币:3335987893462582
Jun 15 17:19:55 
Jun 15 17:19:55 此次在线收益：获得 383862702085 金币
Jun 15 17:20:01 当前信息：1569 京豆，3335987893462582 金币
Jun 15 17:20:01 
Jun 15 17:20:01 开始【京东账号2】jd_fMRfXcJHjROT
Jun 15 17:20:01 
Jun 15 17:20:03 当前JOY分布情况
Jun 15 17:20:03 
Jun 15 17:20:03 30 31 32 33
Jun 15 17:20:03 34 34 34 34
Jun 15 17:20:03 34 34 34 34
Jun 15 17:20:03 
Jun 15 17:20:06 此次在线收益：获得 0 金币
Jun 15 17:20:07 京豆信息获取信息失败
Jun 15 17:20:12 当前信息：0 京豆，获取当前金币数量失败 金币
Jun 15 17:20:12 
Jun 15 17:20:12 
Jun 15 17:20:12 
Jun 15 17:20:12 ============开始第82次挂机=============
Jun 15 17:20:12 
Jun 15 17:20:12 开始【京东账号1】jd_RbuUwXHBNnJR
Jun 15 17:20:12 
Jun 15 17:20:13 当前JOY分布情况
Jun 15 17:20:13 
Jun 15 17:20:13 30 31 32 33
Jun 15 17:20:13 34 34 34 34
Jun 15 17:20:13 34 34 34 34
Jun 15 17:20:13 
Jun 15 17:20:18 当前金币:3337139481568837
Jun 15 17:20:18 
Jun 15 17:20:18 此次在线收益：获得 383862702085 金币
Jun 15 17:20:24 当前信息：1569 京豆，3337139481568837 金币
Jun 15 17:20:24 
Jun 15 17:20:24 开始【京东账号2】jd_fMRfXcJHjROT
Jun 15 17:20:24 
Jun 15 17:20:25 当前JOY分布情况
Jun 15 17:20:25 
Jun 15 17:20:25 30 31 32 33
Jun 15 17:20:25 34 34 34 34
Jun 15 17:20:25 34 34 34 34
Jun 15 17:20:25 
Jun 15 17:20:30 此次在线收益：获得 0 金币
Jun 15 17:20:31 京豆信息获取信息失败
Jun 15 17:20:36 当前信息：0 京豆，获取当前金币数量失败 金币
Jun 15 17:20:36 
Jun 15 17:20:36 
Jun 15 17:20:36 
Jun 15 17:20:36 ============开始第83次挂机=============
Jun 15 17:20:36 
Jun 15 17:20:36 开始【京东账号1】jd_RbuUwXHBNnJR
Jun 15 17:20:36 
Jun 15 17:20:37 当前JOY分布情况
Jun 15 17:20:37 
Jun 15 17:20:37 30 31 32 33
Jun 15 17:20:37 34 34 34 34
Jun 15 17:20:37 34 34 34 34
Jun 15 17:20:37 
Jun 15 17:20:39 当前金币:3338291069675092
Jun 15 17:20:39 
Jun 15 17:20:39 此次在线收益：获得 383862702085 金币
Jun 15 17:20:45 当前信息：1569 京豆，3338291069675092 金币
Jun 15 17:20:45 
Jun 15 17:20:45 开始【京东账号2】jd_fMRfXcJHjROT
Jun 15 17:20:45 
Jun 15 17:20:47 当前JOY分布情况
Jun 15 17:20:47 
Jun 15 17:20:47 30 31 32 33
Jun 15 17:20:47 34 34 34 34
Jun 15 17:20:47 34 34 34 34
Jun 15 17:20:47 
Jun 15 17:20:49 当前金币:3498897153900685
Jun 15 17:20:49 
Jun 15 17:20:49 此次在线收益：获得 383862702085 金币
Jun 15 17:20:50 京豆信息获取信息失败
Jun 15 17:20:55 当前信息：0 京豆，3498897153900685 金币
Jun 15 17:20:55 
Jun 15 17:20:55 
Jun 15 17:20:55 
Jun 15 17:20:55 ============开始第84次挂机=============
Jun 15 17:20:55 
Jun 15 17:20:55 开始【京东账号1】jd_RbuUwXHBNnJR
Jun 15 17:20:55 
Jun 15 17:20:56 当前JOY分布情况
Jun 15 17:20:56 
Jun 15 17:20:56 30 31 32 33
Jun 15 17:20:56 34 34 34 34
Jun 15 17:20:56 34 34 34 34
Jun 15 17:20:56 
Jun 15 17:20:58 当前金币:3339058795079262
Jun 15 17:20:58 
Jun 15 17:20:58 此次在线收益：获得 383862702085 金币
Jun 15 17:21:04 当前信息：1569 京豆，3339058795079262 金币
Jun 15 17:21:04 
Jun 15 17:21:04 开始【京东账号2】jd_fMRfXcJHjROT
Jun 15 17:21:04 
Jun 15 17:21:07 joy信息获取信息失败
Jun 15 17:21:10 当前金币:3499664879304855
Jun 15 17:21:10 
Jun 15 17:21:10 此次在线收益：获得 383862702085 金币
Jun 15 17:21:13 京豆信息获取信息失败
Jun 15 17:21:18 当前信息：0 京豆，3499664879304855 金币
Jun 15 17:21:18 
Jun 15 17:21:18 
Jun 15 17:21:18 
Jun 15 17:21:18 ============开始第85次挂机=============
Jun 15 17:21:18 
Jun 15 17:21:18 开始【京东账号1】jd_RbuUwXHBNnJR
Jun 15 17:21:18 
Jun 15 17:21:19 当前JOY分布情况
Jun 15 17:21:19 
Jun 15 17:21:19 30 31 32 33
Jun 15 17:21:19 34 34 34 34
Jun 15 17:21:19 34 34 34 34
Jun 15 17:21:19 
Jun 15 17:21:30 当前信息：1569 京豆，获取当前金币数量失败 金币
Jun 15 17:21:31 
Jun 15 17:21:31 开始【京东账号2】jd_fMRfXcJHjROT
Jun 15 17:21:31 
Jun 15 17:21:32 当前JOY分布情况
Jun 15 17:21:32 
Jun 15 17:21:32 30 31 32 33
Jun 15 17:21:32 34 34 34 34
Jun 15 17:21:32 34 34 34 34
Jun 15 17:21:32 
Jun 15 17:21:34 此次在线收益：获得 0 金币
Jun 15 17:21:37 京豆信息获取信息失败
Jun 15 17:21:42 当前信息：0 京豆，获取当前金币数量失败 金币
Jun 15 17:21:42 
Jun 15 17:21:42 
Jun 15 17:21:42 
Jun 15 17:21:42 ============开始第86次挂机=============
Jun 15 17:21:42 
Jun 15 17:21:42 开始【京东账号1】jd_RbuUwXHBNnJR
Jun 15 17:21:42 
Jun 15 17:21:45 joy信息获取信息失败
Jun 15 17:21:48 此次在线收益：获得 0 金币
Jun 15 17:21:54 当前信息：1569 京豆，获取当前金币数量失败 金币
Jun 15 17:21:55 
Jun 15 17:21:55 开始【京东账号2】jd_fMRfXcJHjROT
Jun 15 17:21:55 
Jun 15 17:21:56 当前JOY分布情况
Jun 15 17:21:56 
Jun 15 17:21:56 30 31 32 33
Jun 15 17:21:56 34 34 34 34
Jun 15 17:21:56 34 34 34 34
Jun 15 17:21:56 
Jun 15 17:22:00 当前金币:3502351918219450
Jun 15 17:22:00 
Jun 15 17:22:00 此次在线收益：获得 383862702085 金币
Jun 15 17:22:03 京豆信息获取信息失败
Jun 15 17:22:08 当前信息：0 京豆，3502351918219450 金币
Jun 15 17:22:08 
Jun 15 17:22:08 
Jun 15 17:22:08 
Jun 15 17:22:08 ============开始第87次挂机=============
Jun 15 17:22:09 
Jun 15 17:22:09 开始【京东账号1】jd_RbuUwXHBNnJR
Jun 15 17:22:09 
Jun 15 17:22:11 joy信息获取信息失败
Jun 15 17:22:22 当前信息：1569 京豆，获取当前金币数量失败 金币
Jun 15 17:22:22 
Jun 15 17:22:22 开始【京东账号2】jd_fMRfXcJHjROT
Jun 15 17:22:22 
Jun 15 17:22:24 当前JOY分布情况
Jun 15 17:22:24 
Jun 15 17:22:24 30 31 32 33
Jun 15 17:22:24 34 34 34 34
Jun 15 17:22:24 34 34 34 34
Jun 15 17:22:24 
Jun 15 17:22:30 京豆信息获取信息失败
Jun 15 17:22:35 当前信息：0 京豆，获取当前金币数量失败 金币
Jun 15 17:22:35 
Jun 15 17:22:35 
Jun 15 17:22:35 
Jun 15 17:22:35 ============开始第88次挂机=============
Jun 15 17:22:35 
Jun 15 17:22:35 开始【京东账号1】jd_RbuUwXHBNnJR
Jun 15 17:22:35 
Jun 15 17:22:36 当前JOY分布情况
Jun 15 17:22:36 
Jun 15 17:22:36 30 31 32 33
Jun 15 17:22:36 34 34 34 34
Jun 15 17:22:36 34 34 34 34
Jun 15 17:22:36 
Jun 15 17:22:38 此次在线收益：获得 0 金币
Jun 15 17:22:44 当前信息：1569 京豆，获取当前金币数量失败 金币
Jun 15 17:22:44 
Jun 15 17:22:44 开始【京东账号2】jd_fMRfXcJHjROT
Jun 15 17:22:44 
Jun 15 17:22:45 当前JOY分布情况
Jun 15 17:22:45 
Jun 15 17:22:45 30 31 32 33
Jun 15 17:22:45 34 34 34 34
Jun 15 17:22:45 34 34 34 34
Jun 15 17:22:45 
Jun 15 17:22:52 京豆信息获取信息失败
Jun 15 17:22:57 当前信息：0 京豆，获取当前金币数量失败 金币
Jun 15 17:22:57 
Jun 15 17:22:57 
Jun 15 17:22:57 
Jun 15 17:22:57 ============开始第89次挂机=============
Jun 15 17:22:57 
Jun 15 17:22:57 开始【京东账号1】jd_RbuUwXHBNnJR
Jun 15 17:22:57 
Jun 15 17:22:58 当前JOY分布情况
Jun 15 17:22:58 
Jun 15 17:22:58 30 31 32 33
Jun 15 17:22:58 34 34 34 34
Jun 15 17:22:58 34 34 34 34
Jun 15 17:22:58 
Jun 15 17:23:00 此次在线收益：获得 0 金币
Jun 15 17:23:03 京豆信息获取信息失败
Jun 15 17:23:08 当前信息：0 京豆，获取当前金币数量失败 金币
Jun 15 17:23:08 
Jun 15 17:23:08 开始【京东账号2】jd_fMRfXcJHjROT
Jun 15 17:23:08 
Jun 15 17:23:10 当前JOY分布情况
Jun 15 17:23:10 
Jun 15 17:23:10 30 31 32 33
Jun 15 17:23:10 34 34 34 34
Jun 15 17:23:10 34 34 34 34
Jun 15 17:23:10 
Jun 15 17:23:12 当前金币:3505422819836130
Jun 15 17:23:12 
Jun 15 17:23:12 此次在线收益：获得 383862702085 金币
Jun 15 17:23:13 京豆信息获取信息失败
Jun 15 17:23:18 当前信息：0 京豆，3505422819836130 金币
Jun 15 17:23:18 
Jun 15 17:23:18 
Jun 15 17:23:18 
Jun 15 17:23:18 ============开始第90次挂机=============
Jun 15 17:23:18 
Jun 15 17:23:18 开始【京东账号1】jd_RbuUwXHBNnJR
Jun 15 17:23:18 
Jun 15 17:23:20 当前JOY分布情况
Jun 15 17:23:20 
Jun 15 17:23:20 30 31 32 33
Jun 15 17:23:20 34 34 34 34
Jun 15 17:23:20 34 34 34 34
Jun 15 17:23:20 
Jun 15 17:23:22 当前金币:3345200598312622
Jun 15 17:23:22 
Jun 15 17:23:22 此次在线收益：获得 383862702085 金币
Jun 15 17:23:28 当前信息：1569 京豆，3345200598312622 金币
Jun 15 17:23:28 
Jun 15 17:23:28 开始【京东账号2】jd_fMRfXcJHjROT
Jun 15 17:23:28 
Jun 15 17:23:29 当前JOY分布情况
Jun 15 17:23:29 
Jun 15 17:23:29 30 31 32 33
Jun 15 17:23:29 34 34 34 34
Jun 15 17:23:29 34 34 34 34
Jun 15 17:23:29 
Jun 15 17:23:31 此次在线收益：获得 0 金币
Jun 15 17:23:33 京豆信息获取信息失败
Jun 15 17:23:38 当前信息：0 京豆，获取当前金币数量失败 金币
Jun 15 17:23:38 
Jun 15 17:23:38 
Jun 15 17:23:38 
Jun 15 17:23:38 ============开始第91次挂机=============
Jun 15 17:23:38 
Jun 15 17:23:38 开始【京东账号1】jd_RbuUwXHBNnJR
Jun 15 17:23:38 
Jun 15 17:23:39 当前JOY分布情况
Jun 15 17:23:39 
Jun 15 17:23:39 30 31 32 33
Jun 15 17:23:39 34 34 34 34
Jun 15 17:23:39 34 34 34 34
Jun 15 17:23:39 
Jun 15 17:23:41 此次在线收益：获得 0 金币
Jun 15 17:23:47 当前信息：1569 京豆，获取当前金币数量失败 金币
Jun 15 17:23:47 
Jun 15 17:23:47 开始【京东账号2】jd_fMRfXcJHjROT
Jun 15 17:23:47 
Jun 15 17:23:48 当前JOY分布情况
Jun 15 17:23:48 
Jun 15 17:23:48 30 31 32 33
Jun 15 17:23:48 34 34 34 34
Jun 15 17:23:48 34 34 34 34
Jun 15 17:23:48 
Jun 15 17:23:50 此次在线收益：获得 0 金币
Jun 15 17:23:53 京豆信息获取信息失败
Jun 15 17:23:58 当前信息：0 京豆，获取当前金币数量失败 金币
Jun 15 17:23:58 
Jun 15 17:23:58 
Jun 15 17:23:58 
Jun 15 17:23:58 ============开始第92次挂机=============
Jun 15 17:23:59 
Jun 15 17:23:59 开始【京东账号1】jd_RbuUwXHBNnJR
Jun 15 17:23:59 
Jun 15 17:24:00 当前JOY分布情况
Jun 15 17:24:00 
Jun 15 17:24:00 30 31 32 33
Jun 15 17:24:00 34 34 34 34
Jun 15 17:24:00 34 34 34 34
Jun 15 17:24:00 
Jun 15 17:24:02 此次在线收益：获得 0 金币
Jun 15 17:24:08 当前信息：1569 京豆，获取当前金币数量失败 金币
Jun 15 17:24:08 
Jun 15 17:24:08 开始【京东账号2】jd_fMRfXcJHjROT
Jun 15 17:24:08 
Jun 15 17:24:09 当前JOY分布情况
Jun 15 17:24:09 
Jun 15 17:24:09 30 31 32 33
Jun 15 17:24:09 34 34 34 34
Jun 15 17:24:09 34 34 34 34
Jun 15 17:24:09 
Jun 15 17:24:11 此次在线收益：获得 0 金币
Jun 15 17:24:12 京豆信息获取信息失败
Jun 15 17:24:17 当前信息：0 京豆，获取当前金币数量失败 金币
Jun 15 17:24:17 
Jun 15 17:24:17 
Jun 15 17:24:17 
Jun 15 17:24:17 ============开始第93次挂机=============
Jun 15 17:24:17 
Jun 15 17:24:17 开始【京东账号1】jd_RbuUwXHBNnJR
Jun 15 17:24:17 
Jun 15 17:24:18 当前JOY分布情况
Jun 15 17:24:18 
Jun 15 17:24:18 30 31 32 33
Jun 15 17:24:18 34 34 34 34
Jun 15 17:24:18 34 34 34 34
Jun 15 17:24:18 
Jun 15 17:24:20 此次在线收益：获得 0 金币
Jun 15 17:24:26 当前信息：1569 京豆，获取当前金币数量失败 金币
Jun 15 17:24:26 
Jun 15 17:24:26 开始【京东账号2】jd_fMRfXcJHjROT
Jun 15 17:24:26 
Jun 15 17:24:27 当前JOY分布情况
Jun 15 17:24:27 
Jun 15 17:24:27 30 31 32 33
Jun 15 17:24:27 34 34 34 34
Jun 15 17:24:27 34 34 34 34
Jun 15 17:24:27 
Jun 15 17:24:30 此次在线收益：获得 0 金币
Jun 15 17:24:31 京豆信息获取信息失败
Jun 15 17:24:36 当前信息：0 京豆，获取当前金币数量失败 金币
Jun 15 17:24:36 
Jun 15 17:24:36 
Jun 15 17:24:36 
Jun 15 17:24:36 ============开始第94次挂机=============
Jun 15 17:24:36 
Jun 15 17:24:36 开始【京东账号1】jd_RbuUwXHBNnJR
Jun 15 17:24:36 
Jun 15 17:24:37 当前JOY分布情况
Jun 15 17:24:37 
Jun 15 17:24:37 30 31 32 33
Jun 15 17:24:37 34 34 34 34
Jun 15 17:24:37 34 34 34 34
Jun 15 17:24:37 
Jun 15 17:24:39 此次在线收益：获得 0 金币
Jun 15 17:24:45 当前信息：1569 京豆，获取当前金币数量失败 金币
Jun 15 17:24:45 
Jun 15 17:24:45 开始【京东账号2】jd_fMRfXcJHjROT
Jun 15 17:24:45 
Jun 15 17:24:46 当前JOY分布情况
Jun 15 17:24:46 
Jun 15 17:24:46 30 31 32 33
Jun 15 17:24:46 34 34 34 34
Jun 15 17:24:46 34 34 34 34
Jun 15 17:24:46 
Jun 15 17:24:48 当前金币:3510029172261150
Jun 15 17:24:48 
Jun 15 17:24:48 此次在线收益：获得 383862702085 金币
Jun 15 17:24:49 京豆信息获取信息失败
Jun 15 17:24:54 当前信息：0 京豆，3510029172261150 金币
Jun 15 17:24:54 
Jun 15 17:24:54 
Jun 15 17:24:54 
Jun 15 17:24:54 ============开始第95次挂机=============
Jun 15 17:24:54 
Jun 15 17:24:54 开始【京东账号1】jd_RbuUwXHBNnJR
Jun 15 17:24:54 
Jun 15 17:24:55 当前JOY分布情况
Jun 15 17:24:55 
Jun 15 17:24:55 30 31 32 33
Jun 15 17:24:55 34 34 34 34
Jun 15 17:24:55 34 34 34 34
Jun 15 17:24:55 
Jun 15 17:24:58 当前金币:3349423088035557
Jun 15 17:24:58 
Jun 15 17:24:58 此次在线收益：获得 383862702085 金币
Jun 15 17:25:05 当前信息：1569 京豆，3349423088035557 金币
Jun 15 17:25:05 
Jun 15 17:25:05 开始【京东账号2】jd_fMRfXcJHjROT
Jun 15 17:25:05 
Jun 15 17:25:06 当前JOY分布情况
Jun 15 17:25:06 
Jun 15 17:25:06 30 31 32 33
Jun 15 17:25:06 34 34 34 34
Jun 15 17:25:06 34 34 34 34
Jun 15 17:25:06 
Jun 15 17:25:08 此次在线收益：获得 0 金币
Jun 15 17:25:09 京豆信息获取信息失败
Jun 15 17:25:14 当前信息：0 京豆，获取当前金币数量失败 金币
Jun 15 17:25:14 
Jun 15 17:25:14 
Jun 15 17:25:14 
Jun 15 17:25:14 ============开始第96次挂机=============
Jun 15 17:25:14 
Jun 15 17:25:14 开始【京东账号1】jd_RbuUwXHBNnJR
Jun 15 17:25:14 
Jun 15 17:25:15 当前JOY分布情况
Jun 15 17:25:15 
Jun 15 17:25:15 30 31 32 33
Jun 15 17:25:15 34 34 34 34
Jun 15 17:25:15 34 34 34 34
Jun 15 17:25:15 
Jun 15 17:25:19 当前金币:3350190813439727
Jun 15 17:25:19 
Jun 15 17:25:19 此次在线收益：获得 383862702085 金币
Jun 15 17:25:25 当前信息：1569 京豆，3350190813439727 金币
Jun 15 17:25:25 
Jun 15 17:25:25 开始【京东账号2】jd_fMRfXcJHjROT
Jun 15 17:25:25 
Jun 15 17:25:27 当前JOY分布情况
Jun 15 17:25:27 
Jun 15 17:25:27 30 31 32 33
Jun 15 17:25:27 34 34 34 34
Jun 15 17:25:27 34 34 34 34
Jun 15 17:25:27 
Jun 15 17:25:29 当前金币:3511948485771575
Jun 15 17:25:29 
Jun 15 17:25:29 此次在线收益：获得 383862702085 金币
Jun 15 17:25:30 京豆信息获取信息失败
Jun 15 17:25:35 当前信息：0 京豆，3511948485771575 金币
Jun 15 17:25:35 
Jun 15 17:25:35 
Jun 15 17:25:35 
Jun 15 17:25:35 ============开始第97次挂机=============
Jun 15 17:25:35 
Jun 15 17:25:35 开始【京东账号1】jd_RbuUwXHBNnJR
Jun 15 17:25:35 
Jun 15 17:25:36 当前JOY分布情况
Jun 15 17:25:36 
Jun 15 17:25:36 30 31 32 33
Jun 15 17:25:36 34 34 34 34
Jun 15 17:25:36 34 34 34 34
Jun 15 17:25:36 
Jun 15 17:25:38 当前金币:3350574676141812
Jun 15 17:25:38 
Jun 15 17:25:38 此次在线收益：获得 383862702085 金币
Jun 15 17:25:44 当前信息：1569 京豆，3350574676141812 金币
Jun 15 17:25:45 
Jun 15 17:25:45 开始【京东账号2】jd_fMRfXcJHjROT
Jun 15 17:25:45 
Jun 15 17:25:46 当前JOY分布情况
Jun 15 17:25:46 
Jun 15 17:25:46 30 31 32 33
Jun 15 17:25:46 34 34 34 34
Jun 15 17:25:46 34 34 34 34
Jun 15 17:25:46 
Jun 15 17:25:48 此次在线收益：获得 0 金币
Jun 15 17:25:49 京豆信息获取信息失败
Jun 15 17:25:54 当前信息：0 京豆，获取当前金币数量失败 金币
Jun 15 17:25:54 
Jun 15 17:25:54 
Jun 15 17:25:54 
Jun 15 17:25:54 ============开始第98次挂机=============
Jun 15 17:25:54 
Jun 15 17:25:54 开始【京东账号1】jd_RbuUwXHBNnJR
Jun 15 17:25:54 
Jun 15 17:25:55 当前JOY分布情况
Jun 15 17:25:55 
Jun 15 17:25:55 30 31 32 33
Jun 15 17:25:55 34 34 34 34
Jun 15 17:25:55 34 34 34 34
Jun 15 17:25:55 
Jun 15 17:25:57 此次在线收益：获得 0 金币
Jun 15 17:26:03 当前信息：1569 京豆，获取当前金币数量失败 金币
Jun 15 17:26:04 
Jun 15 17:26:04 开始【京东账号2】jd_fMRfXcJHjROT
Jun 15 17:26:04 
Jun 15 17:26:06 joy信息获取信息失败
Jun 15 17:26:09 当前金币:3513867799282000
Jun 15 17:26:09 
Jun 15 17:26:09 此次在线收益：获得 383862702085 金币
Jun 15 17:26:10 京豆信息获取信息失败
Jun 15 17:26:15 当前信息：0 京豆，3513867799282000 金币
Jun 15 17:26:15 
Jun 15 17:26:15 
Jun 15 17:26:15 
Jun 15 17:26:15 ============开始第99次挂机=============
Jun 15 17:26:15 
Jun 15 17:26:15 开始【京东账号1】jd_RbuUwXHBNnJR
Jun 15 17:26:15 
Jun 15 17:26:16 当前JOY分布情况
Jun 15 17:26:16 
Jun 15 17:26:16 30 31 32 33
Jun 15 17:26:16 34 34 34 34
Jun 15 17:26:16 34 34 34 34
Jun 15 17:26:16 
Jun 15 17:26:18 当前金币:3352493989652237
Jun 15 17:26:18 
Jun 15 17:26:18 此次在线收益：获得 383862702085 金币
Jun 15 17:26:24 当前信息：1569 京豆，3352493989652237 金币
Jun 15 17:26:24 
Jun 15 17:26:24 开始【京东账号2】jd_fMRfXcJHjROT
Jun 15 17:26:24 
Jun 15 17:26:26 当前JOY分布情况
Jun 15 17:26:26 
Jun 15 17:26:26 30 31 32 33
Jun 15 17:26:26 34 34 34 34
Jun 15 17:26:26 34 34 34 34
Jun 15 17:26:26 
Jun 15 17:26:28 此次在线收益：获得 0 金币
Jun 15 17:26:29 京豆信息获取信息失败
Jun 15 17:26:34 当前信息：0 京豆，获取当前金币数量失败 金币
Jun 15 17:26:34 
Jun 15 17:26:34 
Jun 15 17:26:34 
Jun 15 17:26:34 ============开始第100次挂机=============
Jun 15 17:26:34 
Jun 15 17:26:34 开始【京东账号1】jd_RbuUwXHBNnJR
Jun 15 17:26:34 
Jun 15 17:26:35 当前JOY分布情况
Jun 15 17:26:35 
Jun 15 17:26:35 30 31 32 33
Jun 15 17:26:35 34 34 34 34
Jun 15 17:26:35 34 34 34 34
Jun 15 17:26:35 
Jun 15 17:26:36 金币补给领取成功，获得276381145501200金币
Jun 15 17:26:37 此次在线收益：获得 0 金币
Jun 15 17:26:43 当前信息：1569 京豆，获取当前金币数量失败 金币
Jun 15 17:26:43 
Jun 15 17:26:43 开始【京东账号2】jd_fMRfXcJHjROT
Jun 15 17:26:43 
Jun 15 17:26:44 当前JOY分布情况
Jun 15 17:26:44 
Jun 15 17:26:44 30 31 32 33
Jun 15 17:26:44 34 34 34 34
Jun 15 17:26:44 34 34 34 34
Jun 15 17:26:44 
Jun 15 17:26:45 金币补给领取成功，获得100金币
Jun 15 17:26:46 此次在线收益：获得 0 金币
Jun 15 17:26:47 京豆信息获取信息失败
Jun 15 17:26:52 当前信息：0 京豆，获取当前金币数量失败 金币
Jun 15 17:26:52 
Jun 15 17:26:52 
Jun 15 17:26:52 
Jun 15 17:26:52 ============开始第101次挂机=============
Jun 15 17:26:52 
Jun 15 17:26:52 开始【京东账号1】jd_RbuUwXHBNnJR
Jun 15 17:26:52 
Jun 15 17:26:53 当前JOY分布情况
Jun 15 17:26:53 
Jun 15 17:26:53 30 31 32 33
Jun 15 17:26:53 34 34 34 34
Jun 15 17:26:53 34 34 34 34
Jun 15 17:26:53 
Jun 15 17:26:56 当前金币:3907175594165062
Jun 15 17:26:56 
Jun 15 17:26:56 此次在线收益：获得 383862702085 金币
Jun 15 17:27:02 当前信息：1569 京豆，3907175594165062 金币
Jun 15 17:27:02 
Jun 15 17:27:02 开始【京东账号2】jd_fMRfXcJHjROT
Jun 15 17:27:02 
Jun 15 17:27:03 当前JOY分布情况
Jun 15 17:27:03 
Jun 15 17:27:03 30 31 32 33
Jun 15 17:27:03 34 34 34 34
Jun 15 17:27:03 34 34 34 34
Jun 15 17:27:03 
Jun 15 17:27:05 当前金币:3792552120995810
Jun 15 17:27:05 
Jun 15 17:27:05 此次在线收益：获得 383862702085 金币
Jun 15 17:27:06 京豆信息获取信息失败
Jun 15 17:27:11 当前信息：0 京豆，3792552120995810 金币
Jun 15 17:27:11 
Jun 15 17:27:11 
Jun 15 17:27:11 
Jun 15 17:27:11 ============开始第102次挂机=============
Jun 15 17:27:11 
Jun 15 17:27:11 开始【京东账号1】jd_RbuUwXHBNnJR
Jun 15 17:27:11 
Jun 15 17:27:11 joy信息获取信息失败
Jun 15 17:27:14 当前金币:3907943319569232
Jun 15 17:27:14 
Jun 15 17:27:14 此次在线收益：获得 383862702085 金币
Jun 15 17:27:20 当前信息：1569 京豆，3907943319569232 金币
Jun 15 17:27:20 
Jun 15 17:27:20 开始【京东账号2】jd_fMRfXcJHjROT
Jun 15 17:27:20 
Jun 15 17:27:21 当前JOY分布情况
Jun 15 17:27:21 
Jun 15 17:27:21 30 31 32 33
Jun 15 17:27:21 34 34 34 34
Jun 15 17:27:21 34 34 34 34
Jun 15 17:27:21 
