Jun 14 15:10:00 
Jun 14 15:10:00 ?摇京豆, 开始!
Jun 14 15:10:00 
Jun 14 15:10:00 ?摇京豆, 开始!
Jun 14 15:10:00 您的cookie选择的是用&隔开
Jun 14 15:10:00 
Jun 14 15:10:00 您的cookie选择的是用&隔开
Jun 14 15:10:00 
Jun 14 15:10:00 
Jun 14 15:10:00 ====================共有2个京东账号Cookie=========
Jun 14 15:10:00 
Jun 14 15:10:00 
Jun 14 15:10:00 ====================共有2个京东账号Cookie=========
Jun 14 15:10:00 
Jun 14 15:10:00 ==================脚本执行- 北京时间(UTC+8)：6/14/2021, 3:10:00 PM=====================
Jun 14 15:10:00 
Jun 14 15:10:01 ==================脚本执行- 北京时间(UTC+8)：6/14/2021, 3:10:00 PM=====================
Jun 14 15:10:01 
Jun 14 15:10:01 
Jun 14 15:10:01 ********开始【京东账号1】赛格di*****
Jun 14 15:10:01 
Jun 14 15:10:01 开始做浏览页面任务
Jun 14 15:10:01 
Jun 14 15:10:01 ********开始【京东账号1】赛格di*****
Jun 14 15:10:01 
Jun 14 15:10:01 开始做浏览页面任务
Jun 14 15:10:13 开始做关注店铺任务
Jun 14 15:10:13 开始做关注店铺任务
Jun 14 15:10:15 摇京豆——摇奖次数14
Jun 14 15:10:15 摇京豆——摇奖次数14
Jun 14 15:10:15 京东会员——摇奖次数9
Jun 14 15:10:15 开始 【京东会员】 摇奖
Jun 14 15:10:15 京东会员——摇奖次数9
Jun 14 15:10:15 开始 【京东会员】 摇奖
Jun 14 15:10:16 京东会员-剩余摇奖次数：8
Jun 14 15:10:16 未中奖
Jun 14 15:10:16 
Jun 14 15:10:16 开始 【京东会员】 摇奖
Jun 14 15:10:17 京东会员-剩余摇奖次数：7
Jun 14 15:10:17 未中奖
Jun 14 15:10:17 
Jun 14 15:10:17 开始 【京东会员】 摇奖
Jun 14 15:10:18 京东会员-剩余摇奖次数：6
Jun 14 15:10:18 未中奖
Jun 14 15:10:18 
Jun 14 15:10:18 开始 【京东会员】 摇奖
Jun 14 15:10:18 京东会员-剩余摇奖次数：5
Jun 14 15:10:18 未中奖
Jun 14 15:10:18 
Jun 14 15:10:18 开始 【京东会员】 摇奖
Jun 14 15:10:19 京东会员-剩余摇奖次数：4
Jun 14 15:10:19 恭喜你，京东会员中奖了，获得1京豆
Jun 14 15:10:19 
Jun 14 15:10:19 开始 【京东会员】 摇奖
Jun 14 15:10:19 京东会员-剩余摇奖次数：3
Jun 14 15:10:19 未中奖
Jun 14 15:10:19 
Jun 14 15:10:19 开始 【京东会员】 摇奖
Jun 14 15:10:20 京东会员-剩余摇奖次数：2
Jun 14 15:10:20 未中奖
Jun 14 15:10:20 
Jun 14 15:10:20 开始 【京东会员】 摇奖
Jun 14 15:10:20 京东会员-剩余摇奖次数：1
Jun 14 15:10:20 恭喜你，京东会员中奖了，获得1京豆
Jun 14 15:10:20 
Jun 14 15:10:20 开始 【京东会员】 摇奖
Jun 14 15:10:21 京东会员-剩余摇奖次数：0
Jun 14 15:10:21 未中奖
Jun 14 15:10:21 
Jun 14 15:10:21 开始 【京东会员】 摇奖
Jun 14 15:10:21 开始 【京东会员】 摇奖
Jun 14 15:10:22 开始 【京东会员】 摇奖
Jun 14 15:10:22 开始 【京东会员】 摇奖
Jun 14 15:10:23 开始 【京东会员】 摇奖
Jun 14 15:10:23 开始 【京东会员】 摇奖
Jun 14 15:10:24 开始 【京东会员】 摇奖
Jun 14 15:10:24 开始 【京东会员】 摇奖
Jun 14 15:10:25 开始 【摇京豆】 摇奖
Jun 14 15:10:25 开始 【摇京豆】 摇奖
Jun 14 15:10:26 剩余摇奖次数：13
Jun 14 15:10:26 摇奖其他未知结果：{"data":{"luckyBox":{"costBeanCount":2,"feeTimes":2,"freeTimes":13,"totalBeanCount":1954}},"success":true}
Jun 14 15:10:26 
Jun 14 15:10:26 开始 【摇京豆】 摇奖
Jun 14 15:10:26 剩余摇奖次数：12
Jun 14 15:10:26 摇奖其他未知结果：{"data":{"luckyBox":{"costBeanCount":2,"feeTimes":2,"freeTimes":12,"totalBeanCount":1954}},"success":true}
Jun 14 15:10:26 
Jun 14 15:10:26 开始 【摇京豆】 摇奖
Jun 14 15:10:28 剩余摇奖次数：11
Jun 14 15:10:28 获得优惠券：仅可购买奶粉部分自营商品
Jun 14 15:10:28 
Jun 14 15:10:28 开始 【摇京豆】 摇奖
Jun 14 15:10:28 剩余摇奖次数：10
Jun 14 15:10:28 摇奖其他未知结果：{"data":{"luckyBox":{"costBeanCount":2,"feeTimes":2,"freeTimes":10,"totalBeanCount":1954}},"success":true}
Jun 14 15:10:28 
Jun 14 15:10:28 开始 【摇京豆】 摇奖
Jun 14 15:10:29 剩余摇奖次数：9
Jun 14 15:10:29 摇奖其他未知结果：{"data":{"luckyBox":{"costBeanCount":2,"feeTimes":2,"freeTimes":9,"totalBeanCount":1954}},"success":true}
Jun 14 15:10:29 
Jun 14 15:10:29 开始 【摇京豆】 摇奖
Jun 14 15:10:29 剩余摇奖次数：8
Jun 14 15:10:29 获得优惠券：仅可购买家具部分商品
Jun 14 15:10:29 
Jun 14 15:10:29 开始 【摇京豆】 摇奖
Jun 14 15:10:30 剩余摇奖次数：7
Jun 14 15:10:30 获得优惠券：仅可购买京东京造部分商品
Jun 14 15:10:30 
Jun 14 15:10:30 开始 【摇京豆】 摇奖
Jun 14 15:10:30 剩余摇奖次数：6
Jun 14 15:10:30 摇奖其他未知结果：{"data":{"luckyBox":{"costBeanCount":2,"feeTimes":2,"freeTimes":6,"totalBeanCount":1954}},"success":true}
Jun 14 15:10:30 
Jun 14 15:10:30 开始 【摇京豆】 摇奖
Jun 14 15:10:31 剩余摇奖次数：5
Jun 14 15:10:31 摇奖其他未知结果：{"data":{"luckyBox":{"costBeanCount":2,"feeTimes":2,"freeTimes":5,"totalBeanCount":1954}},"success":true}
Jun 14 15:10:31 
Jun 14 15:10:31 开始 【摇京豆】 摇奖
Jun 14 15:10:31 剩余摇奖次数：4
Jun 14 15:10:31 摇奖其他未知结果：{"data":{"luckyBox":{"costBeanCount":2,"feeTimes":2,"freeTimes":4,"totalBeanCount":1954}},"success":true}
Jun 14 15:10:31 
Jun 14 15:10:31 开始 【摇京豆】 摇奖
Jun 14 15:10:32 剩余摇奖次数：3
Jun 14 15:10:32 摇奖其他未知结果：{"data":{"luckyBox":{"costBeanCount":2,"feeTimes":2,"freeTimes":3,"totalBeanCount":1954}},"success":true}
Jun 14 15:10:32 
Jun 14 15:10:32 开始 【摇京豆】 摇奖
Jun 14 15:10:32 剩余摇奖次数：2
Jun 14 15:10:32 摇奖其他未知结果：{"data":{"luckyBox":{"costBeanCount":2,"feeTimes":2,"freeTimes":2,"totalBeanCount":1954}},"success":true}
Jun 14 15:10:32 
Jun 14 15:10:32 开始 【摇京豆】 摇奖
Jun 14 15:10:33 剩余摇奖次数：1
Jun 14 15:10:33 摇奖其他未知结果：{"data":{"luckyBox":{"costBeanCount":2,"feeTimes":2,"freeTimes":1,"totalBeanCount":1954}},"success":true}
Jun 14 15:10:33 
Jun 14 15:10:33 开始 【摇京豆】 摇奖
Jun 14 15:10:33 剩余摇奖次数：0
Jun 14 15:10:33 摇奖其他未知结果：{"data":{"luckyBox":{"costBeanCount":2,"feeTimes":2,"freeTimes":0,"totalBeanCount":1954}},"success":true}
Jun 14 15:10:33 
Jun 14 15:10:33 开始 【摇京豆】 摇奖
Jun 14 15:10:34 开始 【摇京豆】 摇奖
Jun 14 15:10:34 开始 【摇京豆】 摇奖
Jun 14 15:10:35 开始 【摇京豆】 摇奖
Jun 14 15:10:35 开始 【摇京豆】 摇奖
Jun 14 15:10:36 开始 【摇京豆】 摇奖
Jun 14 15:10:37 开始 【摇京豆】 摇奖
Jun 14 15:10:38 开始 【摇京豆】 摇奖
Jun 14 15:10:38 开始 【摇京豆】 摇奖
Jun 14 15:10:39 开始 【摇京豆】 摇奖
Jun 14 15:10:39 开始 【摇京豆】 摇奖
Jun 14 15:10:40 开始 【摇京豆】 摇奖
Jun 14 15:10:40 开始 【摇京豆】 摇奖
Jun 14 15:10:41 京东会员第6天签到结果；{"data":null,"dataAbInfoList":null,"expInfo":null,"expLabel":null,"message":"活动太火爆，请稍后再试","officialDocument":"活动太火爆，请稍后再试","pftid":null,"resultCode":"9006008","resultTips":"活动太火爆，请稍后再试","success":false}
Jun 14 15:10:41 
Jun 14 15:10:41 【新版本 超级摇一摇】获取信息失败：没有查询到活动信息
Jun 14 15:10:41 
Jun 14 15:10:41 
Jun 14 15:10:41 
Jun 14 15:10:41 京东APP首页超级摇一摇：目前暂无活动
Jun 14 15:10:41 
Jun 14 15:10:41 
Jun 14 15:10:41 京东会员第6天签到结果；{"data":{"pin":"jd_RbuUwXHBNnJR","rewardVos":[{"couponVo":null,"drawInfoVo":null,"hongBaoVo":null,"jingBeanVo":{"beanNum":1},"pitType":0,"rewardSource":0,"signItemId":"611215123884326912","signTime":"2021-06-14 15:10:41","signType":0},{"couponVo":null,"drawInfoVo":null,"hongBaoVo":null,"jingBeanVo":null,"pitType":3,"rewardSource":1,"signItemId":"611215123884326912","signTime":"2021-06-14 15:10:41","signType":0}],"signActId":"1","signActInstanceId":"609403693086736384"},"dataAbInfoList":null,"expInfo":null,"expLabel":null,"message":null,"officialDocument":null,"pftid":null,"resultCode":null,"resultTips":null,"success":true}
Jun 14 15:10:41 京东会员第6天签到成功。获得1京豆
Jun 14 15:10:41 
Jun 14 15:10:41 
Jun 14 15:10:41 
Jun 14 15:10:41 【5.19奥克斯 brandActivityId】：b55f6f40-3cb4-4b37-9062-8616d34ce9ab
Jun 14 15:10:41 
Jun 14 15:10:41 【新版本 超级摇一摇】获取信息失败：没有查询到活动信息
Jun 14 15:10:41 
Jun 14 15:10:41 
Jun 14 15:10:41 
Jun 14 15:10:41 京东APP首页超级摇一摇：目前暂无活动
Jun 14 15:10:41 
Jun 14 15:10:41 
Jun 14 15:10:41 超级超级品牌日 getHomeData 失败： 活动不在进行中哦
Jun 14 15:10:41 去看看其他活动吧~
Jun 14 15:10:41 【5.19奥克斯 超级品牌日】：活动不在进行中
Jun 14 15:10:41 
Jun 14 15:10:41 
Jun 14 15:10:41 【5.19奥克斯 brandActivityId】：b55f6f40-3cb4-4b37-9062-8616d34ce9ab
Jun 14 15:10:41 
Jun 14 15:10:41 
Jun 14 15:10:41 京东小魔方：本期活动由京东女装赞助
Jun 14 15:10:41 开始做：【浏览意向女装新品】任务
Jun 14 15:10:41 超级超级品牌日 getHomeData 失败： 活动不在进行中哦
Jun 14 15:10:41 去看看其他活动吧~
Jun 14 15:10:41 【5.19奥克斯 超级品牌日】：活动不在进行中
Jun 14 15:10:41 
Jun 14 15:10:41 
Jun 14 15:10:41 京东小魔方：本期活动由京东女装赞助
Jun 14 15:10:41 开始做：【浏览意向女装新品】任务
Jun 14 15:10:42 浏览成功！恭喜获得一次抽奖机会，当前抽奖次数：1
Jun 14 15:10:42 
Jun 14 15:10:42 小魔方 executeNewInteractionTask 异常： {"result":{"code":-4,"toast":"操作太快了，请稍后再试哟~"}}
Jun 14 15:10:42 开始做：【关注以下店铺】任务，需等待undefined秒
Jun 14 15:10:42 开始做：【关注以下店铺】任务，需等待undefined秒
Jun 14 15:10:42 浏览成功！，当前抽奖次数：1
Jun 14 15:10:42 
Jun 14 15:10:42 开始做：【关注以下店铺】任务，需等待undefined秒
Jun 14 15:10:42 小魔方 executeNewInteractionTask 异常： {"result":{"code":13,"finishedJobNum":1,"hasDown":0,"lotteryNum":1,"shopInfoList":[{"browseStatus":1,"followStatus":0,"imgUrl":"https://m.360buyimg.com/njmobilecms/jfs/t1/180263/30/8748/35354/60c3637aEde6965ff/d9bb148881bee51b.jpg","jump":{"des":"jshopMain","params":{"des":"jshopMain","shopId":"57025"}},"shopId":57025,"shopUrl":""},{"browseStatus":0,"followStatus":0,"imgUrl":"https://m.360buyimg.com/njmobilecms/jfs/t1/190714/20/7909/108402/60c36383E652a0176/18433e8d52ab00d1.png","jump":{"des":"jshopMain","params":{"des":"jshopMain","shopId":"57028"}},"shopId":57028,"shopUrl":""},{"browseStatus":0,"followStatus":0,"imgUrl":"https://m.360buyimg.com/njmobilecms/jfs/t1/178003/38/8880/30562/60c3638dEfe2cde2f/c40f023ee4492fd1.png","jump":{"des":"jshopMain","params":{"des":"jshopMain","shopId":"10452243"}},"shopId":10452243,"shopUrl":""},{"browseStatus":0,"followStatus":0,"imgUrl":"https://m.360buyimg.com/njmobilecms/jfs/t1/179621/37/8736/88223/60c36394E18335b7f/34c8c9dafba428f4.png","jump":{"des":"jshopMain","params":{"des":"jshopMain","shopId":"53379"}},"shopId":53379,"shopUrl":""}],"toast":"任务已完成","totalJobNum":4}}
Jun 14 15:10:42 开始做：【关注以下店铺】任务，需等待undefined秒
Jun 14 15:10:42 浏览成功！，当前抽奖次数：1
Jun 14 15:10:42 
Jun 14 15:10:42 开始做：【关注以下店铺】任务，需等待undefined秒
Jun 14 15:10:42 小魔方 executeNewInteractionTask 异常： {"result":{"code":13,"finishedJobNum":2,"hasDown":0,"lotteryNum":1,"shopInfoList":[{"browseStatus":1,"followStatus":0,"imgUrl":"https://m.360buyimg.com/njmobilecms/jfs/t1/180263/30/8748/35354/60c3637aEde6965ff/d9bb148881bee51b.jpg","jump":{"des":"jshopMain","params":{"des":"jshopMain","shopId":"57025"}},"shopId":57025,"shopUrl":""},{"browseStatus":1,"followStatus":0,"imgUrl":"https://m.360buyimg.com/njmobilecms/jfs/t1/190714/20/7909/108402/60c36383E652a0176/18433e8d52ab00d1.png","jump":{"des":"jshopMain","params":{"des":"jshopMain","shopId":"57028"}},"shopId":57028,"shopUrl":""},{"browseStatus":0,"followStatus":0,"imgUrl":"https://m.360buyimg.com/njmobilecms/jfs/t1/178003/38/8880/30562/60c3638dEfe2cde2f/c40f023ee4492fd1.png","jump":{"des":"jshopMain","params":{"des":"jshopMain","shopId":"10452243"}},"shopId":10452243,"shopUrl":""},{"browseStatus":0,"followStatus":0,"imgUrl":"https://m.360buyimg.com/njmobilecms/jfs/t1/179621/37/8736/88223/60c36394E18335b7f/34c8c9dafba428f4.png","jump":{"des":"jshopMain","params":{"des":"jshopMain","shopId":"53379"}},"shopId":53379,"shopUrl":""}],"toast":"任务已完成","totalJobNum":4}}
Jun 14 15:10:42 开始做：【关注以下店铺】任务，需等待undefined秒
Jun 14 15:10:42 浏览成功！，当前抽奖次数：1
Jun 14 15:10:42 
Jun 14 15:10:42 开始做：【关注以下店铺】任务，需等待undefined秒
Jun 14 15:10:42 小魔方 executeNewInteractionTask 异常： {"result":{"code":13,"finishedJobNum":3,"hasDown":0,"lotteryNum":1,"shopInfoList":[{"browseStatus":1,"followStatus":0,"imgUrl":"https://m.360buyimg.com/njmobilecms/jfs/t1/180263/30/8748/35354/60c3637aEde6965ff/d9bb148881bee51b.jpg","jump":{"des":"jshopMain","params":{"des":"jshopMain","shopId":"57025"}},"shopId":57025,"shopUrl":""},{"browseStatus":1,"followStatus":0,"imgUrl":"https://m.360buyimg.com/njmobilecms/jfs/t1/190714/20/7909/108402/60c36383E652a0176/18433e8d52ab00d1.png","jump":{"des":"jshopMain","params":{"des":"jshopMain","shopId":"57028"}},"shopId":57028,"shopUrl":""},{"browseStatus":1,"followStatus":0,"imgUrl":"https://m.360buyimg.com/njmobilecms/jfs/t1/178003/38/8880/30562/60c3638dEfe2cde2f/c40f023ee4492fd1.png","jump":{"des":"jshopMain","params":{"des":"jshopMain","shopId":"10452243"}},"shopId":10452243,"shopUrl":""},{"browseStatus":0,"followStatus":0,"imgUrl":"https://m.360buyimg.com/njmobilecms/jfs/t1/179621/37/8736/88223/60c36394E18335b7f/34c8c9dafba428f4.png","jump":{"des":"jshopMain","params":{"des":"jshopMain","shopId":"53379"}},"shopId":53379,"shopUrl":""}],"toast":"任务已完成","totalJobNum":4}}
Jun 14 15:10:42 开始做：【关注以下店铺】任务，需等待undefined秒
Jun 14 15:10:42 浏览成功！恭喜你获得一次抽奖机会，当前抽奖次数：2
Jun 14 15:10:42 
Jun 14 15:10:42 开始做：【浏览618会场】任务，需等待undefined秒
Jun 14 15:10:42 小魔方 executeNewInteractionTask 异常： {"result":{"code":13,"finishedJobNum":4,"hasDown":1,"lotteryNum":2,"shopInfoList":[{"browseStatus":1,"followStatus":0,"imgUrl":"https://m.360buyimg.com/njmobilecms/jfs/t1/180263/30/8748/35354/60c3637aEde6965ff/d9bb148881bee51b.jpg","jump":{"des":"jshopMain","params":{"des":"jshopMain","shopId":"57025"}},"shopId":57025,"shopUrl":""},{"browseStatus":1,"followStatus":0,"imgUrl":"https://m.360buyimg.com/njmobilecms/jfs/t1/190714/20/7909/108402/60c36383E652a0176/18433e8d52ab00d1.png","jump":{"des":"jshopMain","params":{"des":"jshopMain","shopId":"57028"}},"shopId":57028,"shopUrl":""},{"browseStatus":1,"followStatus":0,"imgUrl":"https://m.360buyimg.com/njmobilecms/jfs/t1/178003/38/8880/30562/60c3638dEfe2cde2f/c40f023ee4492fd1.png","jump":{"des":"jshopMain","params":{"des":"jshopMain","shopId":"10452243"}},"shopId":10452243,"shopUrl":""},{"browseStatus":1,"followStatus":0,"imgUrl":"https://m.360buyimg.com/njmobilecms/jfs/t1/179621/37/8736/88223/60c36394E18335b7f/34c8c9dafba428f4.png","jump":{"des":"jshopMain","params":{"des":"jshopMain","shopId":"53379"}},"shopId":53379,"shopUrl":""}],"toast":"任务已完成","totalJobNum":4}}
Jun 14 15:10:42 开始做：【浏览618会场】任务，需等待undefined秒
Jun 14 15:10:42 小魔方 executeNewInteractionTask 异常： {"result":{"code":1,"toast":"啊哦，网络拥挤，请稍后重试"}}
Jun 14 15:10:42 小魔方 executeNewInteractionTask 异常： {"result":{"code":1,"toast":"啊哦，网络拥挤，请稍后重试"}}
Jun 14 15:10:42 小魔方 executeNewInteractionTask 异常： {"result":{"code":1,"toast":"啊哦，网络拥挤，请稍后重试"}}
Jun 14 15:10:42 开始做：【浏览618会场】任务，需等待undefined秒
Jun 14 15:10:42 小魔方 executeNewInteractionTask 异常： {"result":{"code":1,"toast":"啊哦，网络拥挤，请稍后重试"}}
Jun 14 15:10:42 开始做：【浏览618会场】任务，需等待undefined秒
Jun 14 15:10:42 小魔方 executeNewInteractionTask 异常： {"result":{"code":1,"toast":"啊哦，网络拥挤，请稍后重试"}}
Jun 14 15:10:42 小魔方 executeNewInteractionTask 异常： {"result":{"code":1,"toast":"啊哦，网络拥挤，请稍后重试"}}
Jun 14 15:10:42 小魔方 executeNewInteractionTask 异常： {"result":{"code":1,"toast":"啊哦，网络拥挤，请稍后重试"}}
Jun 14 15:10:42 开始做：【浏览618会场】任务，需等待undefined秒
Jun 14 15:10:42 小魔方 executeNewInteractionTask 异常： {"result":{"code":1,"toast":"啊哦，网络拥挤，请稍后重试"}}
Jun 14 15:10:42 开始做：【浏览618会场】任务，需等待undefined秒
Jun 14 15:10:42 小魔方 executeNewInteractionTask 异常： {"result":{"code":1,"toast":"啊哦，网络拥挤，请稍后重试"}}
Jun 14 15:10:42 小魔方 executeNewInteractionTask 异常： {"result":{"code":1,"toast":"啊哦，网络拥挤，请稍后重试"}}
Jun 14 15:10:42 小魔方 executeNewInteractionTask 异常： {"result":{"code":1,"toast":"啊哦，网络拥挤，请稍后重试"}}
Jun 14 15:10:42 开始做：【浏览618会场】任务，需等待undefined秒
Jun 14 15:10:42 小魔方 executeNewInteractionTask 异常： {"result":{"code":1,"toast":"啊哦，网络拥挤，请稍后重试"}}
Jun 14 15:10:42 开始做：【浏览618会场】任务，需等待undefined秒
Jun 14 15:10:42 小魔方 executeNewInteractionTask 异常： {"result":{"code":1,"toast":"啊哦，网络拥挤，请稍后重试"}}
Jun 14 15:10:42 小魔方 executeNewInteractionTask 异常： {"result":{"code":1,"toast":"啊哦，网络拥挤，请稍后重试"}}
Jun 14 15:10:42 小魔方 executeNewInteractionTask 异常： {"result":{"code":1,"toast":"啊哦，网络拥挤，请稍后重试"}}
Jun 14 15:10:42 小魔方 executeNewInteractionTask 异常： {"result":{"code":1,"toast":"啊哦，网络拥挤，请稍后重试"}}
Jun 14 15:10:42 京东小魔方当前抽奖次数：2
Jun 14 15:10:42 
Jun 14 15:10:42 京东小魔方当前抽奖次数：2
Jun 14 15:10:42 
Jun 14 15:10:42 京东小魔方抽奖：大奖一闪而过
Jun 14 15:10:42 京东小魔方抽奖：大奖一闪而过
Jun 14 15:10:43 京东小魔方抽奖：大奖一闪而过
Jun 14 15:10:43 京东小魔方抽奖：大奖一闪而过
Jun 14 15:10:43 
Jun 14 15:10:43 ==============?系统通知?==============
Jun 14 15:10:43 摇京豆
Jun 14 15:10:43 京东账号1 赛格di
Jun 14 15:10:43 摇京豆：获得1京豆
Jun 14 15:10:43 
Jun 14 15:10:43 ==============?系统通知?==============
Jun 14 15:10:43 摇京豆
Jun 14 15:10:43 京东账号1 赛格di
Jun 14 15:10:43 摇京豆：获得1京豆
Jun 14 15:10:43 京东会员签到：获得1京豆
Jun 14 15:10:43 
Jun 14 15:10:43 
Jun 14 15:10:43 ********开始【京东账号2】了来风*****
Jun 14 15:10:43 
Jun 14 15:10:43 
Jun 14 15:10:43 ********开始【京东账号2】了来风*****
Jun 14 15:10:43 
Jun 14 15:10:43 开始做浏览页面任务
Jun 14 15:10:43 开始做浏览页面任务
Jun 14 15:10:46 开始做关注店铺任务
Jun 14 15:10:46 开始做关注店铺任务
Jun 14 15:10:48 摇京豆——摇奖次数11
Jun 14 15:10:48 摇京豆——摇奖次数11
Jun 14 15:10:48 京东会员——摇奖次数6
Jun 14 15:10:48 开始 【京东会员】 摇奖
Jun 14 15:10:48 京东会员——摇奖次数6
Jun 14 15:10:48 开始 【京东会员】 摇奖
Jun 14 15:10:50 京东会员-剩余摇奖次数：5
Jun 14 15:10:50 未中奖
Jun 14 15:10:50 
Jun 14 15:10:50 开始 【京东会员】 摇奖
Jun 14 15:10:50 京东会员-剩余摇奖次数：4
Jun 14 15:10:50 未中奖
Jun 14 15:10:50 
Jun 14 15:10:50 开始 【京东会员】 摇奖
Jun 14 15:10:51 京东会员-剩余摇奖次数：3
Jun 14 15:10:51 未中奖
Jun 14 15:10:51 
Jun 14 15:10:51 开始 【京东会员】 摇奖
Jun 14 15:10:51 京东会员-剩余摇奖次数：2
Jun 14 15:10:51 恭喜你，京东会员中奖了，获得1京豆
Jun 14 15:10:51 
Jun 14 15:10:51 开始 【京东会员】 摇奖
Jun 14 15:10:52 京东会员-剩余摇奖次数：1
Jun 14 15:10:52 未中奖
Jun 14 15:10:52 
Jun 14 15:10:52 开始 【京东会员】 摇奖
Jun 14 15:10:52 京东会员-剩余摇奖次数：0
Jun 14 15:10:52 未中奖
Jun 14 15:10:52 
Jun 14 15:10:52 开始 【京东会员】 摇奖
Jun 14 15:10:53 开始 【京东会员】 摇奖
Jun 14 15:10:53 开始 【京东会员】 摇奖
Jun 14 15:10:54 开始 【京东会员】 摇奖
Jun 14 15:10:54 开始 【京东会员】 摇奖
Jun 14 15:10:55 开始 【摇京豆】 摇奖
Jun 14 15:10:55 开始 【摇京豆】 摇奖
Jun 14 15:10:56 剩余摇奖次数：10
Jun 14 15:10:56 获得优惠券：仅可购买家用电器部分商品
Jun 14 15:10:56 
Jun 14 15:10:56 开始 【摇京豆】 摇奖
Jun 14 15:10:56 剩余摇奖次数：9
Jun 14 15:10:56 获得优惠券：限购[致禾清洁用品专营店]店铺部分商品
Jun 14 15:10:56 
Jun 14 15:10:56 开始 【摇京豆】 摇奖
Jun 14 15:10:58 剩余摇奖次数：8
Jun 14 15:10:58 获得优惠券：仅可购买家具部分商品
Jun 14 15:10:58 
Jun 14 15:10:58 开始 【摇京豆】 摇奖
Jun 14 15:10:58 剩余摇奖次数：7
Jun 14 15:10:58 获得优惠券：仅可购买京东京造部分商品
Jun 14 15:10:58 
Jun 14 15:10:58 开始 【摇京豆】 摇奖
Jun 14 15:10:59 剩余摇奖次数：6
Jun 14 15:10:59 获得优惠券：仅可购买京东京造部分商品
Jun 14 15:10:59 
Jun 14 15:10:59 开始 【摇京豆】 摇奖
Jun 14 15:10:59 剩余摇奖次数：5
Jun 14 15:10:59 获得优惠券：仅可购买京东京造部分商品
Jun 14 15:10:59 
Jun 14 15:10:59 开始 【摇京豆】 摇奖
Jun 14 15:11:01 剩余摇奖次数：3
Jun 14 15:11:01 摇奖其他未知结果：{"data":{"luckyBox":{"costBeanCount":2,"feeTimes":2,"freeTimes":3,"totalBeanCount":4251}},"success":true}
Jun 14 15:11:01 
Jun 14 15:11:01 开始 【摇京豆】 摇奖
Jun 14 15:11:01 剩余摇奖次数：4
Jun 14 15:11:01 获得优惠券：仅可购买京东京造部分商品
Jun 14 15:11:01 
Jun 14 15:11:01 开始 【摇京豆】 摇奖
Jun 14 15:11:02 剩余摇奖次数：2
Jun 14 15:11:02 获得优惠券：仅可购买童装部分商品
Jun 14 15:11:02 
Jun 14 15:11:02 开始 【摇京豆】 摇奖
Jun 14 15:11:02 剩余摇奖次数：1
Jun 14 15:11:02 获得优惠券：仅可购买内衣品类部分商品
Jun 14 15:11:02 
Jun 14 15:11:02 开始 【摇京豆】 摇奖
Jun 14 15:11:03 剩余摇奖次数：0
Jun 14 15:11:03 获得优惠券：仅可购买内衣品类部分商品
Jun 14 15:11:03 
Jun 14 15:11:03 开始 【摇京豆】 摇奖
Jun 14 15:11:03 开始 【摇京豆】 摇奖
Jun 14 15:11:04 开始 【摇京豆】 摇奖
Jun 14 15:11:04 开始 【摇京豆】 摇奖
Jun 14 15:11:05 开始 【摇京豆】 摇奖
Jun 14 15:11:05 开始 【摇京豆】 摇奖
Jun 14 15:11:06 开始 【摇京豆】 摇奖
Jun 14 15:11:06 开始 【摇京豆】 摇奖
Jun 14 15:11:07 开始 【摇京豆】 摇奖
Jun 14 15:11:07 开始 【摇京豆】 摇奖
Jun 14 15:11:08 京东会员第4天已签到
Jun 14 15:11:08 
Jun 14 15:11:08 【新版本 超级摇一摇】获取信息失败：没有查询到活动信息
Jun 14 15:11:08 
Jun 14 15:11:08 
Jun 14 15:11:08 
Jun 14 15:11:08 京东APP首页超级摇一摇：目前暂无活动
Jun 14 15:11:08 
Jun 14 15:11:08 
Jun 14 15:11:08 
Jun 14 15:11:08 
Jun 14 15:11:08 【5.19奥克斯 brandActivityId】：b55f6f40-3cb4-4b37-9062-8616d34ce9ab
Jun 14 15:11:08 超级超级品牌日 getHomeData 失败： 活动不在进行中哦
Jun 14 15:11:08 去看看其他活动吧~
Jun 14 15:11:08 【5.19奥克斯 超级品牌日】：活动不在进行中
Jun 14 15:11:08 京东会员第4天已签到
Jun 14 15:11:08 
Jun 14 15:11:08 
Jun 14 15:11:08 京东小魔方：本期活动由京东女装赞助
Jun 14 15:11:08 开始做：【浏览意向女装新品】任务
Jun 14 15:11:08 
Jun 14 15:11:08 【新版本 超级摇一摇】获取信息失败：没有查询到活动信息
Jun 14 15:11:08 
Jun 14 15:11:08 
Jun 14 15:11:08 
Jun 14 15:11:08 京东APP首页超级摇一摇：目前暂无活动
Jun 14 15:11:08 
Jun 14 15:11:08 
Jun 14 15:11:09 
Jun 14 15:11:09 
Jun 14 15:11:09 【5.19奥克斯 brandActivityId】：b55f6f40-3cb4-4b37-9062-8616d34ce9ab
Jun 14 15:11:09 超级超级品牌日 getHomeData 失败： 活动不在进行中哦
Jun 14 15:11:09 去看看其他活动吧~
Jun 14 15:11:09 【5.19奥克斯 超级品牌日】：活动不在进行中
Jun 14 15:11:09 
Jun 14 15:11:09 
Jun 14 15:11:09 京东小魔方：本期活动由京东女装赞助
Jun 14 15:11:09 开始做：【浏览意向女装新品】任务
Jun 14 15:11:09 浏览成功！恭喜获得一次抽奖机会，当前抽奖次数：1
Jun 14 15:11:09 
Jun 14 15:11:09 小魔方 executeNewInteractionTask 异常： {"result":{"code":-4,"toast":"操作太快了，请稍后再试哟~"}}
Jun 14 15:11:09 开始做：【关注以下店铺】任务，需等待undefined秒
Jun 14 15:11:09 开始做：【关注以下店铺】任务，需等待undefined秒
Jun 14 15:11:09 浏览成功！，当前抽奖次数：1
Jun 14 15:11:09 
Jun 14 15:11:09 开始做：【关注以下店铺】任务，需等待undefined秒
Jun 14 15:11:09 小魔方 executeNewInteractionTask 异常： {"result":{"code":13,"finishedJobNum":1,"hasDown":0,"lotteryNum":1,"shopInfoList":[{"browseStatus":1,"followStatus":0,"imgUrl":"https://m.360buyimg.com/njmobilecms/jfs/t1/180263/30/8748/35354/60c3637aEde6965ff/d9bb148881bee51b.jpg","jump":{"des":"jshopMain","params":{"des":"jshopMain","shopId":"57025"}},"shopId":57025,"shopUrl":""},{"browseStatus":0,"followStatus":0,"imgUrl":"https://m.360buyimg.com/njmobilecms/jfs/t1/190714/20/7909/108402/60c36383E652a0176/18433e8d52ab00d1.png","jump":{"des":"jshopMain","params":{"des":"jshopMain","shopId":"57028"}},"shopId":57028,"shopUrl":""},{"browseStatus":0,"followStatus":0,"imgUrl":"https://m.360buyimg.com/njmobilecms/jfs/t1/178003/38/8880/30562/60c3638dEfe2cde2f/c40f023ee4492fd1.png","jump":{"des":"jshopMain","params":{"des":"jshopMain","shopId":"10452243"}},"shopId":10452243,"shopUrl":""},{"browseStatus":0,"followStatus":0,"imgUrl":"https://m.360buyimg.com/njmobilecms/jfs/t1/179621/37/8736/88223/60c36394E18335b7f/34c8c9dafba428f4.png","jump":{"des":"jshopMain","params":{"des":"jshopMain","shopId":"53379"}},"shopId":53379,"shopUrl":""}],"toast":"任务已完成","totalJobNum":4}}
Jun 14 15:11:09 开始做：【关注以下店铺】任务，需等待undefined秒
Jun 14 15:11:09 小魔方 executeNewInteractionTask 异常： {"result":{"code":13,"finishedJobNum":2,"hasDown":0,"lotteryNum":1,"shopInfoList":[{"browseStatus":1,"followStatus":0,"imgUrl":"https://m.360buyimg.com/njmobilecms/jfs/t1/180263/30/8748/35354/60c3637aEde6965ff/d9bb148881bee51b.jpg","jump":{"des":"jshopMain","params":{"des":"jshopMain","shopId":"57025"}},"shopId":57025,"shopUrl":""},{"browseStatus":1,"followStatus":0,"imgUrl":"https://m.360buyimg.com/njmobilecms/jfs/t1/190714/20/7909/108402/60c36383E652a0176/18433e8d52ab00d1.png","jump":{"des":"jshopMain","params":{"des":"jshopMain","shopId":"57028"}},"shopId":57028,"shopUrl":""},{"browseStatus":0,"followStatus":0,"imgUrl":"https://m.360buyimg.com/njmobilecms/jfs/t1/178003/38/8880/30562/60c3638dEfe2cde2f/c40f023ee4492fd1.png","jump":{"des":"jshopMain","params":{"des":"jshopMain","shopId":"10452243"}},"shopId":10452243,"shopUrl":""},{"browseStatus":0,"followStatus":0,"imgUrl":"https://m.360buyimg.com/njmobilecms/jfs/t1/179621/37/8736/88223/60c36394E18335b7f/34c8c9dafba428f4.png","jump":{"des":"jshopMain","params":{"des":"jshopMain","shopId":"53379"}},"shopId":53379,"shopUrl":""}],"toast":"任务已完成","totalJobNum":4}}
Jun 14 15:11:09 开始做：【关注以下店铺】任务，需等待undefined秒
Jun 14 15:11:09 浏览成功！，当前抽奖次数：1
Jun 14 15:11:09 
Jun 14 15:11:09 开始做：【关注以下店铺】任务，需等待undefined秒
Jun 14 15:11:09 浏览成功！，当前抽奖次数：1
Jun 14 15:11:09 
Jun 14 15:11:09 开始做：【关注以下店铺】任务，需等待undefined秒
Jun 14 15:11:09 浏览成功！，当前抽奖次数：1
Jun 14 15:11:09 
Jun 14 15:11:09 开始做：【关注以下店铺】任务，需等待undefined秒
Jun 14 15:11:09 浏览成功！恭喜你获得一次抽奖机会，当前抽奖次数：2
Jun 14 15:11:09 
Jun 14 15:11:09 开始做：【浏览618会场】任务，需等待undefined秒
Jun 14 15:11:09 小魔方 executeNewInteractionTask 异常： {"result":{"code":13,"finishedJobNum":4,"hasDown":1,"lotteryNum":2,"shopInfoList":[{"browseStatus":1,"followStatus":0,"imgUrl":"https://m.360buyimg.com/njmobilecms/jfs/t1/180263/30/8748/35354/60c3637aEde6965ff/d9bb148881bee51b.jpg","jump":{"des":"jshopMain","params":{"des":"jshopMain","shopId":"57025"}},"shopId":57025,"shopUrl":""},{"browseStatus":1,"followStatus":0,"imgUrl":"https://m.360buyimg.com/njmobilecms/jfs/t1/190714/20/7909/108402/60c36383E652a0176/18433e8d52ab00d1.png","jump":{"des":"jshopMain","params":{"des":"jshopMain","shopId":"57028"}},"shopId":57028,"shopUrl":""},{"browseStatus":1,"followStatus":0,"imgUrl":"https://m.360buyimg.com/njmobilecms/jfs/t1/178003/38/8880/30562/60c3638dEfe2cde2f/c40f023ee4492fd1.png","jump":{"des":"jshopMain","params":{"des":"jshopMain","shopId":"10452243"}},"shopId":10452243,"shopUrl":""},{"browseStatus":1,"followStatus":0,"imgUrl":"https://m.360buyimg.com/njmobilecms/jfs/t1/179621/37/8736/88223/60c36394E18335b7f/34c8c9dafba428f4.png","jump":{"des":"jshopMain","params":{"des":"jshopMain","shopId":"53379"}},"shopId":53379,"shopUrl":""}],"toast":"任务已完成","totalJobNum":4}}
Jun 14 15:11:09 开始做：【浏览618会场】任务，需等待undefined秒
Jun 14 15:11:09 小魔方 executeNewInteractionTask 异常： {"result":{"code":1,"toast":"啊哦，网络拥挤，请稍后重试"}}
Jun 14 15:11:09 小魔方 executeNewInteractionTask 异常： {"result":{"code":1,"toast":"啊哦，网络拥挤，请稍后重试"}}
Jun 14 15:11:09 小魔方 executeNewInteractionTask 异常： {"result":{"code":1,"toast":"啊哦，网络拥挤，请稍后重试"}}
Jun 14 15:11:09 开始做：【浏览618会场】任务，需等待undefined秒
Jun 14 15:11:09 小魔方 executeNewInteractionTask 异常： {"result":{"code":1,"toast":"啊哦，网络拥挤，请稍后重试"}}
Jun 14 15:11:09 开始做：【浏览618会场】任务，需等待undefined秒
Jun 14 15:11:09 小魔方 executeNewInteractionTask 异常： {"result":{"code":1,"toast":"啊哦，网络拥挤，请稍后重试"}}
Jun 14 15:11:10 小魔方 executeNewInteractionTask 异常： {"result":{"code":1,"toast":"啊哦，网络拥挤，请稍后重试"}}
Jun 14 15:11:10 小魔方 executeNewInteractionTask 异常： {"result":{"code":1,"toast":"啊哦，网络拥挤，请稍后重试"}}
Jun 14 15:11:10 开始做：【浏览618会场】任务，需等待undefined秒
Jun 14 15:11:10 小魔方 executeNewInteractionTask 异常： {"result":{"code":1,"toast":"啊哦，网络拥挤，请稍后重试"}}
Jun 14 15:11:10 开始做：【浏览618会场】任务，需等待undefined秒
Jun 14 15:11:10 小魔方 executeNewInteractionTask 异常： {"result":{"code":1,"toast":"啊哦，网络拥挤，请稍后重试"}}
Jun 14 15:11:10 小魔方 executeNewInteractionTask 异常： {"result":{"code":1,"toast":"啊哦，网络拥挤，请稍后重试"}}
Jun 14 15:11:10 小魔方 executeNewInteractionTask 异常： {"result":{"code":1,"toast":"啊哦，网络拥挤，请稍后重试"}}
Jun 14 15:11:10 开始做：【浏览618会场】任务，需等待undefined秒
Jun 14 15:11:10 小魔方 executeNewInteractionTask 异常： {"result":{"code":1,"toast":"啊哦，网络拥挤，请稍后重试"}}
Jun 14 15:11:10 开始做：【浏览618会场】任务，需等待undefined秒
Jun 14 15:11:10 小魔方 executeNewInteractionTask 异常： {"result":{"code":1,"toast":"啊哦，网络拥挤，请稍后重试"}}
Jun 14 15:11:10 小魔方 executeNewInteractionTask 异常： {"result":{"code":1,"toast":"啊哦，网络拥挤，请稍后重试"}}
Jun 14 15:11:10 小魔方 executeNewInteractionTask 异常： {"result":{"code":1,"toast":"啊哦，网络拥挤，请稍后重试"}}
Jun 14 15:11:10 小魔方 executeNewInteractionTask 异常： {"result":{"code":1,"toast":"啊哦，网络拥挤，请稍后重试"}}
Jun 14 15:11:10 京东小魔方当前抽奖次数：2
Jun 14 15:11:10 
Jun 14 15:11:10 京东小魔方当前抽奖次数：2
Jun 14 15:11:10 
Jun 14 15:11:10 京东小魔方抽奖：大奖一闪而过
Jun 14 15:11:10 京东小魔方抽奖：undefined京豆
Jun 14 15:11:10 京东小魔方抽奖：大奖一闪而过
Jun 14 15:11:10 京东小魔方抽奖：大奖一闪而过
Jun 14 15:11:10 
Jun 14 15:11:10 ==============?系统通知?==============
Jun 14 15:11:10 摇京豆
Jun 14 15:11:10 京东账号2 了来风
Jun 14 15:11:10 摇京豆：获得1京豆
Jun 14 15:11:10 
Jun 14 15:11:10 ?摇京豆, 结束! ? 69.773 秒
Jun 14 15:11:10 
Jun 14 15:11:10 
Jun 14 15:11:10 ?摇京豆, 结束! ? 69.811 秒
Jun 14 15:11:10 
Jun 14 16:10:00 
Jun 14 16:10:00 ?摇京豆, 开始!
Jun 14 16:10:00 
Jun 14 16:10:00 ?摇京豆, 开始!
Jun 14 16:10:00 您的cookie选择的是用&隔开
Jun 14 16:10:00 
Jun 14 16:10:00 
Jun 14 16:10:00 ====================共有2个京东账号Cookie=========
Jun 14 16:10:00 
Jun 14 16:10:00 您的cookie选择的是用&隔开
Jun 14 16:10:00 
Jun 14 16:10:00 
Jun 14 16:10:00 ====================共有2个京东账号Cookie=========
Jun 14 16:10:00 
Jun 14 16:10:00 ==================脚本执行- 北京时间(UTC+8)：6/14/2021, 4:10:00 PM=====================
Jun 14 16:10:00 
Jun 14 16:10:00 ==================脚本执行- 北京时间(UTC+8)：6/14/2021, 4:10:00 PM=====================
Jun 14 16:10:00 
Jun 14 16:10:00 
Jun 14 16:10:00 ********开始【京东账号1】赛格di*****
Jun 14 16:10:00 
Jun 14 16:10:00 
Jun 14 16:10:00 ********开始【京东账号1】赛格di*****
Jun 14 16:10:00 
Jun 14 16:10:01 摇京豆——摇奖次数0
Jun 14 16:10:01 摇京豆——摇奖次数0
Jun 14 16:10:01 京东会员——摇奖次数0
Jun 14 16:10:01 京东会员——摇奖次数0
Jun 14 16:10:01 京东会员第6天已签到
Jun 14 16:10:02 
Jun 14 16:10:02 【新版本 超级摇一摇】获取信息失败：没有查询到活动信息
Jun 14 16:10:02 
Jun 14 16:10:02 
Jun 14 16:10:02 
Jun 14 16:10:02 京东APP首页超级摇一摇：目前暂无活动
Jun 14 16:10:02 
Jun 14 16:10:02 
Jun 14 16:10:02 京东会员第6天已签到
Jun 14 16:10:02 
Jun 14 16:10:02 
Jun 14 16:10:02 【5.19奥克斯 brandActivityId】：b55f6f40-3cb4-4b37-9062-8616d34ce9ab
Jun 14 16:10:02 
Jun 14 16:10:02 【新版本 超级摇一摇】获取信息失败：没有查询到活动信息
Jun 14 16:10:02 
Jun 14 16:10:02 
Jun 14 16:10:02 
Jun 14 16:10:02 京东APP首页超级摇一摇：目前暂无活动
Jun 14 16:10:02 
Jun 14 16:10:02 
Jun 14 16:10:02 超级超级品牌日 getHomeData 失败： 活动不在进行中哦
Jun 14 16:10:02 去看看其他活动吧~
Jun 14 16:10:02 【5.19奥克斯 超级品牌日】：活动不在进行中
Jun 14 16:10:02 
Jun 14 16:10:02 
Jun 14 16:10:02 【5.19奥克斯 brandActivityId】：b55f6f40-3cb4-4b37-9062-8616d34ce9ab
Jun 14 16:10:02 
Jun 14 16:10:02 
Jun 14 16:10:02 京东小魔方：本期活动由京东女装赞助
Jun 14 16:10:02 超级超级品牌日 getHomeData 失败： 活动不在进行中哦
Jun 14 16:10:02 去看看其他活动吧~
Jun 14 16:10:02 【5.19奥克斯 超级品牌日】：活动不在进行中
Jun 14 16:10:02 
Jun 14 16:10:02 
Jun 14 16:10:02 京东小魔方：本期活动由京东女装赞助
Jun 14 16:10:02 京东小魔方当前抽奖次数：0
Jun 14 16:10:02 
Jun 14 16:10:02 京东小魔方当前抽奖次数：0
Jun 14 16:10:02 
Jun 14 16:10:02 
Jun 14 16:10:02 ********开始【京东账号2】了来风*****
Jun 14 16:10:02 
Jun 14 16:10:02 
Jun 14 16:10:02 ********开始【京东账号2】了来风*****
Jun 14 16:10:02 
Jun 14 16:10:04 摇京豆——摇奖次数0
Jun 14 16:10:04 摇京豆——摇奖次数0
Jun 14 16:10:04 京东会员——摇奖次数0
Jun 14 16:10:04 京东会员——摇奖次数0
Jun 14 16:10:04 京东会员第4天已签到
Jun 14 16:10:04 京东会员第4天已签到
Jun 14 16:10:04 
Jun 14 16:10:04 【新版本 超级摇一摇】获取信息失败：没有查询到活动信息
Jun 14 16:10:04 
Jun 14 16:10:04 
Jun 14 16:10:04 
Jun 14 16:10:04 京东APP首页超级摇一摇：目前暂无活动
Jun 14 16:10:04 
Jun 14 16:10:04 
Jun 14 16:10:04 
Jun 14 16:10:04 【新版本 超级摇一摇】获取信息失败：没有查询到活动信息
Jun 14 16:10:04 
Jun 14 16:10:04 
Jun 14 16:10:04 
Jun 14 16:10:04 京东APP首页超级摇一摇：目前暂无活动
Jun 14 16:10:04 
Jun 14 16:10:04 
Jun 14 16:10:04 
Jun 14 16:10:04 
Jun 14 16:10:04 【5.19奥克斯 brandActivityId】：b55f6f40-3cb4-4b37-9062-8616d34ce9ab
Jun 14 16:10:04 
Jun 14 16:10:04 
Jun 14 16:10:04 【5.19奥克斯 brandActivityId】：b55f6f40-3cb4-4b37-9062-8616d34ce9ab
Jun 14 16:10:04 超级超级品牌日 getHomeData 失败： 活动不在进行中哦
Jun 14 16:10:04 去看看其他活动吧~
Jun 14 16:10:04 【5.19奥克斯 超级品牌日】：活动不在进行中
Jun 14 16:10:04 超级超级品牌日 getHomeData 失败： 活动不在进行中哦
Jun 14 16:10:04 去看看其他活动吧~
Jun 14 16:10:04 【5.19奥克斯 超级品牌日】：活动不在进行中
Jun 14 16:10:04 
Jun 14 16:10:04 
Jun 14 16:10:04 京东小魔方：本期活动由京东女装赞助
Jun 14 16:10:04 
Jun 14 16:10:04 
Jun 14 16:10:04 京东小魔方：本期活动由京东女装赞助
Jun 14 16:10:04 京东小魔方当前抽奖次数：0
Jun 14 16:10:04 
Jun 14 16:10:04 
Jun 14 16:10:04 ?摇京豆, 结束! ? 4.831 秒
Jun 14 16:10:04 
Jun 14 16:10:04 京东小魔方当前抽奖次数：0
Jun 14 16:10:04 
Jun 14 16:10:04 
Jun 14 16:10:04 ?摇京豆, 结束! ? 4.849 秒
Jun 14 16:10:04 
Jun 14 23:10:00 
Jun 14 23:10:00 ?摇京豆, 开始!
Jun 14 23:10:00 您的cookie选择的是用&隔开
Jun 14 23:10:00 
Jun 14 23:10:00 
Jun 14 23:10:00 ====================共有2个京东账号Cookie=========
Jun 14 23:10:00 
Jun 14 23:10:00 
Jun 14 23:10:00 ?摇京豆, 开始!
Jun 14 23:10:00 您的cookie选择的是用&隔开
Jun 14 23:10:00 
Jun 14 23:10:00 
Jun 14 23:10:00 ====================共有2个京东账号Cookie=========
Jun 14 23:10:00 
Jun 14 23:10:00 ==================脚本执行- 北京时间(UTC+8)：6/14/2021, 11:10:00 PM=====================
Jun 14 23:10:00 
Jun 14 23:10:00 ==================脚本执行- 北京时间(UTC+8)：6/14/2021, 11:10:00 PM=====================
Jun 14 23:10:00 
Jun 14 23:10:01 
Jun 14 23:10:01 ********开始【京东账号1】赛格di*****
Jun 14 23:10:01 
Jun 14 23:10:01 
Jun 14 23:10:01 ********开始【京东账号1】赛格di*****
Jun 14 23:10:01 
Jun 14 23:10:02 摇京豆——摇奖次数0
Jun 14 23:10:02 京东会员——摇奖次数0
Jun 14 23:10:02 摇京豆——摇奖次数0
Jun 14 23:10:02 京东会员——摇奖次数0
Jun 14 23:10:02 京东会员第6天已签到
Jun 14 23:10:02 
Jun 14 23:10:02 【新版本 超级摇一摇】获取信息失败：没有查询到活动信息
Jun 14 23:10:02 
Jun 14 23:10:02 
Jun 14 23:10:02 
Jun 14 23:10:02 京东APP首页超级摇一摇：目前暂无活动
Jun 14 23:10:02 
Jun 14 23:10:02 
Jun 14 23:10:02 
Jun 14 23:10:02 
Jun 14 23:10:02 【5.19奥克斯 brandActivityId】：b55f6f40-3cb4-4b37-9062-8616d34ce9ab
Jun 14 23:10:02 京东会员第6天已签到
Jun 14 23:10:02 超级超级品牌日 getHomeData 失败： 活动不在进行中哦
Jun 14 23:10:02 去看看其他活动吧~
Jun 14 23:10:02 【5.19奥克斯 超级品牌日】：活动不在进行中
Jun 14 23:10:02 
Jun 14 23:10:02 【新版本 超级摇一摇】获取信息失败：没有查询到活动信息
Jun 14 23:10:02 
Jun 14 23:10:02 
Jun 14 23:10:02 
Jun 14 23:10:02 京东APP首页超级摇一摇：目前暂无活动
Jun 14 23:10:02 
Jun 14 23:10:02 
Jun 14 23:10:02 
Jun 14 23:10:02 
Jun 14 23:10:02 京东小魔方：本期活动由京东女装赞助
Jun 14 23:10:02 
Jun 14 23:10:02 
Jun 14 23:10:02 【5.19奥克斯 brandActivityId】：b55f6f40-3cb4-4b37-9062-8616d34ce9ab
Jun 14 23:10:02 超级超级品牌日 getHomeData 失败： 活动不在进行中哦
Jun 14 23:10:02 去看看其他活动吧~
Jun 14 23:10:02 【5.19奥克斯 超级品牌日】：活动不在进行中
Jun 14 23:10:02 京东小魔方当前抽奖次数：0
Jun 14 23:10:02 
Jun 14 23:10:02 
Jun 14 23:10:02 
Jun 14 23:10:02 京东小魔方：本期活动由京东女装赞助
Jun 14 23:10:02 
Jun 14 23:10:02 ********开始【京东账号2】了来风*****
Jun 14 23:10:02 
Jun 14 23:10:02 京东小魔方当前抽奖次数：0
Jun 14 23:10:02 
Jun 14 23:10:02 
Jun 14 23:10:02 ********开始【京东账号2】了来风*****
Jun 14 23:10:02 
Jun 14 23:10:05 摇京豆——摇奖次数0
Jun 14 23:10:05 摇京豆——摇奖次数0
Jun 14 23:10:05 京东会员——摇奖次数0
Jun 14 23:10:05 京东会员——摇奖次数0
Jun 14 23:10:05 京东会员第4天已签到
Jun 14 23:10:05 
Jun 14 23:10:05 【新版本 超级摇一摇】获取信息失败：没有查询到活动信息
Jun 14 23:10:05 
Jun 14 23:10:05 
Jun 14 23:10:05 
Jun 14 23:10:05 京东APP首页超级摇一摇：目前暂无活动
Jun 14 23:10:05 
Jun 14 23:10:05 
Jun 14 23:10:05 京东会员第4天已签到
Jun 14 23:10:05 
Jun 14 23:10:05 
Jun 14 23:10:05 【5.19奥克斯 brandActivityId】：b55f6f40-3cb4-4b37-9062-8616d34ce9ab
Jun 14 23:10:05 
Jun 14 23:10:05 【新版本 超级摇一摇】获取信息失败：没有查询到活动信息
Jun 14 23:10:05 
Jun 14 23:10:05 
Jun 14 23:10:05 
Jun 14 23:10:05 京东APP首页超级摇一摇：目前暂无活动
Jun 14 23:10:05 
Jun 14 23:10:05 
Jun 14 23:10:05 超级超级品牌日 getHomeData 失败： 活动不在进行中哦
Jun 14 23:10:05 去看看其他活动吧~
Jun 14 23:10:05 【5.19奥克斯 超级品牌日】：活动不在进行中
Jun 14 23:10:05 
Jun 14 23:10:05 
Jun 14 23:10:05 【5.19奥克斯 brandActivityId】：b55f6f40-3cb4-4b37-9062-8616d34ce9ab
Jun 14 23:10:05 
Jun 14 23:10:05 
Jun 14 23:10:05 京东小魔方：本期活动由京东女装赞助
Jun 14 23:10:05 超级超级品牌日 getHomeData 失败： 活动不在进行中哦
Jun 14 23:10:05 去看看其他活动吧~
Jun 14 23:10:05 【5.19奥克斯 超级品牌日】：活动不在进行中
Jun 14 23:10:05 京东小魔方当前抽奖次数：0
Jun 14 23:10:05 
Jun 14 23:10:05 
Jun 14 23:10:05 ?摇京豆, 结束! ? 4.674 秒
Jun 14 23:10:05 
Jun 14 23:10:05 
Jun 14 23:10:05 
Jun 14 23:10:05 京东小魔方：本期活动由京东女装赞助
Jun 14 23:10:05 京东小魔方当前抽奖次数：0
Jun 14 23:10:05 
Jun 14 23:10:05 
Jun 14 23:10:05 ?摇京豆, 结束! ? 4.745 秒
Jun 14 23:10:05 
Jun 15 15:10:00 
Jun 15 15:10:00 ?摇京豆, 开始!
Jun 15 15:10:00 您的cookie选择的是用&隔开
Jun 15 15:10:00 
Jun 15 15:10:00 
Jun 15 15:10:00 ====================共有2个京东账号Cookie=========
Jun 15 15:10:00 
Jun 15 15:10:00 ==================脚本执行- 北京时间(UTC+8)：6/15/2021, 3:10:00 PM=====================
Jun 15 15:10:00 
Jun 15 15:10:00 
Jun 15 15:10:00 ?摇京豆, 开始!
Jun 15 15:10:00 您的cookie选择的是用&隔开
Jun 15 15:10:00 
Jun 15 15:10:00 
Jun 15 15:10:00 ====================共有2个京东账号Cookie=========
Jun 15 15:10:00 
Jun 15 15:10:00 ==================脚本执行- 北京时间(UTC+8)：6/15/2021, 3:10:00 PM=====================
Jun 15 15:10:00 
Jun 15 15:10:00 
Jun 15 15:10:00 ********开始【京东账号1】赛格di*****
Jun 15 15:10:00 
Jun 15 15:10:00 
Jun 15 15:10:00 ********开始【京东账号1】赛格di*****
Jun 15 15:10:00 
Jun 15 15:10:00 开始做浏览页面任务
Jun 15 15:10:00 开始做浏览页面任务
Jun 15 15:10:12 开始做关注店铺任务
Jun 15 15:10:12 开始做关注店铺任务
Jun 15 15:10:14 摇京豆——摇奖次数15
Jun 15 15:10:14 摇京豆——摇奖次数15
Jun 15 15:10:14 京东会员——摇奖次数10
Jun 15 15:10:14 开始 【京东会员】 摇奖
Jun 15 15:10:14 京东会员——摇奖次数10
Jun 15 15:10:14 开始 【京东会员】 摇奖
Jun 15 15:10:16 京东会员-剩余摇奖次数：9
Jun 15 15:10:16 未中奖
Jun 15 15:10:16 
Jun 15 15:10:16 开始 【京东会员】 摇奖
Jun 15 15:10:16 京东会员-剩余摇奖次数：8
Jun 15 15:10:16 未中奖
Jun 15 15:10:16 
Jun 15 15:10:16 开始 【京东会员】 摇奖
Jun 15 15:10:17 京东会员-剩余摇奖次数：7
Jun 15 15:10:17 未中奖
Jun 15 15:10:17 
Jun 15 15:10:17 开始 【京东会员】 摇奖
Jun 15 15:10:17 京东会员-剩余摇奖次数：6
Jun 15 15:10:17 未中奖
Jun 15 15:10:17 
Jun 15 15:10:17 开始 【京东会员】 摇奖
Jun 15 15:10:18 京东会员-剩余摇奖次数：5
Jun 15 15:10:18 未中奖
Jun 15 15:10:18 
Jun 15 15:10:18 开始 【京东会员】 摇奖
Jun 15 15:10:18 京东会员-剩余摇奖次数：4
Jun 15 15:10:18 未中奖
Jun 15 15:10:18 
Jun 15 15:10:18 开始 【京东会员】 摇奖
Jun 15 15:10:19 京东会员-剩余摇奖次数：3
Jun 15 15:10:19 恭喜你，京东会员中奖了，获得1京豆
Jun 15 15:10:19 
Jun 15 15:10:19 开始 【京东会员】 摇奖
Jun 15 15:10:19 京东会员-剩余摇奖次数：2
Jun 15 15:10:19 未中奖
Jun 15 15:10:19 
Jun 15 15:10:19 开始 【京东会员】 摇奖
Jun 15 15:10:20 京东会员-剩余摇奖次数：1
Jun 15 15:10:20 未中奖
Jun 15 15:10:20 
Jun 15 15:10:20 开始 【京东会员】 摇奖
Jun 15 15:10:20 京东会员-剩余摇奖次数：0
Jun 15 15:10:20 恭喜你，京东会员中奖了，获得1京豆
Jun 15 15:10:20 
Jun 15 15:10:20 开始 【京东会员】 摇奖
Jun 15 15:10:21 开始 【京东会员】 摇奖
Jun 15 15:10:21 开始 【京东会员】 摇奖
Jun 15 15:10:22 开始 【京东会员】 摇奖
Jun 15 15:10:23 开始 【京东会员】 摇奖
Jun 15 15:10:23 开始 【京东会员】 摇奖
Jun 15 15:10:24 开始 【京东会员】 摇奖
Jun 15 15:10:24 开始 【京东会员】 摇奖
Jun 15 15:10:25 开始 【京东会员】 摇奖
Jun 15 15:10:26 开始 【摇京豆】 摇奖
Jun 15 15:10:26 开始 【摇京豆】 摇奖
Jun 15 15:10:27 剩余摇奖次数：14
Jun 15 15:10:27 摇奖其他未知结果：{"data":{"luckyBox":{"costBeanCount":2,"feeTimes":2,"freeTimes":14,"totalBeanCount":2143}},"success":true}
Jun 15 15:10:27 
Jun 15 15:10:27 开始 【摇京豆】 摇奖
Jun 15 15:10:27 剩余摇奖次数：13
Jun 15 15:10:27 摇奖其他未知结果：{"data":{"luckyBox":{"costBeanCount":2,"feeTimes":2,"freeTimes":13,"totalBeanCount":2143}},"success":true}
Jun 15 15:10:27 
Jun 15 15:10:27 开始 【摇京豆】 摇奖
Jun 15 15:10:28 剩余摇奖次数：12
Jun 15 15:10:28 摇奖其他未知结果：{"data":{"luckyBox":{"costBeanCount":2,"feeTimes":2,"freeTimes":12,"totalBeanCount":2143}},"success":true}
Jun 15 15:10:28 
Jun 15 15:10:28 开始 【摇京豆】 摇奖
Jun 15 15:10:28 剩余摇奖次数：11
Jun 15 15:10:28 摇奖其他未知结果：{"data":{"luckyBox":{"costBeanCount":2,"feeTimes":2,"freeTimes":11,"totalBeanCount":2143}},"success":true}
Jun 15 15:10:28 
Jun 15 15:10:28 开始 【摇京豆】 摇奖
Jun 15 15:10:29 剩余摇奖次数：10
Jun 15 15:10:29 摇奖其他未知结果：{"data":{"luckyBox":{"costBeanCount":2,"feeTimes":2,"freeTimes":10,"totalBeanCount":2143}},"success":true}
Jun 15 15:10:29 
Jun 15 15:10:29 开始 【摇京豆】 摇奖
Jun 15 15:10:29 剩余摇奖次数：9
Jun 15 15:10:29 获得优惠券：仅可购买联合利华部分商品
Jun 15 15:10:29 
Jun 15 15:10:29 开始 【摇京豆】 摇奖
Jun 15 15:10:30 剩余摇奖次数：8
Jun 15 15:10:30 摇奖其他未知结果：{"data":{"luckyBox":{"costBeanCount":2,"feeTimes":2,"freeTimes":8,"totalBeanCount":2143}},"success":true}
Jun 15 15:10:30 
Jun 15 15:10:30 开始 【摇京豆】 摇奖
Jun 15 15:10:30 剩余摇奖次数：7
Jun 15 15:10:30 获得优惠券：限购[海享购海外专营店]店铺商品
Jun 15 15:10:30 
Jun 15 15:10:30 开始 【摇京豆】 摇奖
Jun 15 15:10:31 剩余摇奖次数：6
Jun 15 15:10:31 获得优惠券：限购[海享购海外专营店]店铺商品
Jun 15 15:10:31 
Jun 15 15:10:31 开始 【摇京豆】 摇奖
Jun 15 15:10:31 剩余摇奖次数：5
Jun 15 15:10:31 摇奖其他未知结果：{"data":{"luckyBox":{"costBeanCount":2,"feeTimes":2,"freeTimes":5,"totalBeanCount":2143}},"success":true}
Jun 15 15:10:31 
Jun 15 15:10:31 开始 【摇京豆】 摇奖
Jun 15 15:10:32 剩余摇奖次数：4
Jun 15 15:10:32 摇奖其他未知结果：{"data":{"luckyBox":{"costBeanCount":2,"feeTimes":2,"freeTimes":4,"totalBeanCount":2143}},"success":true}
Jun 15 15:10:32 
Jun 15 15:10:32 开始 【摇京豆】 摇奖
Jun 15 15:10:33 剩余摇奖次数：3
Jun 15 15:10:33 摇奖其他未知结果：{"data":{"luckyBox":{"costBeanCount":2,"feeTimes":2,"freeTimes":3,"totalBeanCount":2143}},"success":true}
Jun 15 15:10:33 
Jun 15 15:10:33 开始 【摇京豆】 摇奖
Jun 15 15:10:33 剩余摇奖次数：2
Jun 15 15:10:33 摇奖其他未知结果：{"data":{"luckyBox":{"costBeanCount":2,"feeTimes":2,"freeTimes":2,"totalBeanCount":2143}},"success":true}
Jun 15 15:10:33 
Jun 15 15:10:33 开始 【摇京豆】 摇奖
Jun 15 15:10:34 剩余摇奖次数：1
Jun 15 15:10:34 摇奖其他未知结果：{"data":{"luckyBox":{"costBeanCount":2,"feeTimes":2,"freeTimes":1,"totalBeanCount":2143}},"success":true}
Jun 15 15:10:34 
Jun 15 15:10:34 开始 【摇京豆】 摇奖
Jun 15 15:10:35 剩余摇奖次数：0
Jun 15 15:10:35 摇奖其他未知结果：{"data":{"luckyBox":{"costBeanCount":2,"feeTimes":2,"freeTimes":0,"totalBeanCount":2143}},"success":true}
Jun 15 15:10:35 
Jun 15 15:10:35 开始 【摇京豆】 摇奖
Jun 15 15:10:35 开始 【摇京豆】 摇奖
Jun 15 15:10:36 开始 【摇京豆】 摇奖
Jun 15 15:10:36 开始 【摇京豆】 摇奖
Jun 15 15:10:37 开始 【摇京豆】 摇奖
Jun 15 15:10:37 开始 【摇京豆】 摇奖
Jun 15 15:10:38 开始 【摇京豆】 摇奖
Jun 15 15:10:38 开始 【摇京豆】 摇奖
Jun 15 15:10:39 开始 【摇京豆】 摇奖
Jun 15 15:10:39 开始 【摇京豆】 摇奖
Jun 15 15:10:40 开始 【摇京豆】 摇奖
Jun 15 15:10:40 开始 【摇京豆】 摇奖
Jun 15 15:10:41 开始 【摇京豆】 摇奖
Jun 15 15:10:41 开始 【摇京豆】 摇奖
Jun 15 15:10:42 京东会员第7天已签到
Jun 15 15:10:42 
Jun 15 15:10:42 【新版本 超级摇一摇】获取信息失败：没有查询到活动信息
Jun 15 15:10:42 
Jun 15 15:10:42 
Jun 15 15:10:42 
Jun 15 15:10:42 京东APP首页超级摇一摇：目前暂无活动
Jun 15 15:10:42 
Jun 15 15:10:42 
Jun 15 15:10:42 
Jun 15 15:10:42 
Jun 15 15:10:42 【5.19奥克斯 brandActivityId】：b55f6f40-3cb4-4b37-9062-8616d34ce9ab
Jun 15 15:10:42 超级超级品牌日 getHomeData 失败： 活动不在进行中哦
Jun 15 15:10:42 去看看其他活动吧~
Jun 15 15:10:42 【5.19奥克斯 超级品牌日】：活动不在进行中
Jun 15 15:10:42 
Jun 15 15:10:42 
Jun 15 15:10:42 京东小魔方：本期活动京东健康赞助
Jun 15 15:10:42 开始做：【浏览京东健康新品】任务
Jun 15 15:10:42 浏览成功！，当前抽奖次数：1
Jun 15 15:10:42 
Jun 15 15:10:42 京东会员第7天签到结果；{"data":{"pin":"jd_RbuUwXHBNnJR","rewardVos":[{"couponVo":null,"drawInfoVo":null,"hongBaoVo":null,"jingBeanVo":{"beanNum":1},"pitType":0,"rewardSource":0,"signItemId":"611577516940374016","signTime":"2021-06-15 15:10:42","signType":0},{"couponVo":null,"drawInfoVo":null,"hongBaoVo":null,"jingBeanVo":null,"pitType":3,"rewardSource":1,"signItemId":"611577516940374016","signTime":"2021-06-15 15:10:42","signType":0},{"couponVo":null,"drawInfoVo":null,"hongBaoVo":null,"jingBeanVo":{"beanNum":18},"pitType":0,"rewardSource":0,"signItemId":"611577516990705664","signTime":"2021-06-15 15:10:42","signType":1}],"signActId":"1","signActInstanceId":"609403693086736384"},"dataAbInfoList":null,"expInfo":null,"expLabel":null,"message":null,"officialDocument":null,"pftid":null,"resultCode":null,"resultTips":null,"success":true}
Jun 15 15:10:42 京东会员第7天签到成功。获得1京豆
Jun 15 15:10:42 
Jun 15 15:10:42 
Jun 15 15:10:42 【新版本 超级摇一摇】获取信息失败：没有查询到活动信息
Jun 15 15:10:42 
Jun 15 15:10:42 
Jun 15 15:10:42 
Jun 15 15:10:42 京东APP首页超级摇一摇：目前暂无活动
Jun 15 15:10:42 
Jun 15 15:10:42 
Jun 15 15:10:42 
Jun 15 15:10:42 
Jun 15 15:10:42 【5.19奥克斯 brandActivityId】：b55f6f40-3cb4-4b37-9062-8616d34ce9ab
Jun 15 15:10:43 超级超级品牌日 getHomeData 失败： 活动不在进行中哦
Jun 15 15:10:43 去看看其他活动吧~
Jun 15 15:10:43 【5.19奥克斯 超级品牌日】：活动不在进行中
Jun 15 15:10:43 浏览成功！，当前抽奖次数：1
Jun 15 15:10:43 
Jun 15 15:10:43 
Jun 15 15:10:43 
Jun 15 15:10:43 京东小魔方：本期活动京东健康赞助
Jun 15 15:10:43 开始做：【浏览京东健康新品】任务
Jun 15 15:10:43 浏览成功！，当前抽奖次数：1
Jun 15 15:10:43 
Jun 15 15:10:43 浏览成功！，当前抽奖次数：1
Jun 15 15:10:43 
Jun 15 15:10:43 浏览成功！恭喜获得一次抽奖机会，当前抽奖次数：2
Jun 15 15:10:43 
Jun 15 15:10:43 小魔方 executeNewInteractionTask 异常： {"result":{"code":-4,"toast":"操作太快了，请稍后再试哟~"}}
Jun 15 15:10:43 开始做：【关注并浏览以下店铺】任务，需等待undefined秒
Jun 15 15:10:43 开始做：【关注并浏览以下店铺】任务，需等待undefined秒
Jun 15 15:10:43 浏览成功！，当前抽奖次数：2
Jun 15 15:10:43 
Jun 15 15:10:43 开始做：【关注并浏览以下店铺】任务，需等待undefined秒
Jun 15 15:10:43 小魔方 executeNewInteractionTask 异常： {"result":{"code":13,"finishedJobNum":1,"hasDown":0,"lotteryNum":2,"shopInfoList":[{"browseStatus":1,"followStatus":0,"imgUrl":"https://m.360buyimg.com/njmobilecms/jfs/t1/190841/31/8117/31984/60c76471Ea0b36f74/6e409b419eb2396d.jpg","jump":{"des":"jshopMain","params":{"des":"jshopMain","shopId":"1000357982"}},"shopId":1000357982,"shopUrl":""},{"browseStatus":0,"followStatus":0,"imgUrl":"https://m.360buyimg.com/njmobilecms/jfs/t1/175388/22/14710/42630/60c7648fE50232f9e/0e3d6f22bab9a96e.jpg","jump":{"des":"jshopMain","params":{"des":"jshopMain","shopId":"823975"}},"shopId":823975,"shopUrl":""},{"browseStatus":0,"followStatus":0,"imgUrl":"https://m.360buyimg.com/njmobilecms/jfs/t1/173321/24/14651/121976/60c764a9E82d04cd9/fb9989000281a362.png","jump":{"des":"jshopMain","params":{"des":"jshopMain","shopId":"1000279801"}},"shopId":1000279801,"shopUrl":""}],"toast":"任务已完成","totalJobNum":3}}
Jun 15 15:10:43 小魔方 executeNewInteractionTask 异常： {"result":{"code":13,"finishedJobNum":1,"hasDown":0,"lotteryNum":2,"shopInfoList":[{"browseStatus":1,"followStatus":0,"imgUrl":"https://m.360buyimg.com/njmobilecms/jfs/t1/190841/31/8117/31984/60c76471Ea0b36f74/6e409b419eb2396d.jpg","jump":{"des":"jshopMain","params":{"des":"jshopMain","shopId":"1000357982"}},"shopId":1000357982,"shopUrl":""},{"browseStatus":0,"followStatus":0,"imgUrl":"https://m.360buyimg.com/njmobilecms/jfs/t1/175388/22/14710/42630/60c7648fE50232f9e/0e3d6f22bab9a96e.jpg","jump":{"des":"jshopMain","params":{"des":"jshopMain","shopId":"823975"}},"shopId":823975,"shopUrl":""},{"browseStatus":0,"followStatus":0,"imgUrl":"https://m.360buyimg.com/njmobilecms/jfs/t1/173321/24/14651/121976/60c764a9E82d04cd9/fb9989000281a362.png","jump":{"des":"jshopMain","params":{"des":"jshopMain","shopId":"1000279801"}},"shopId":1000279801,"shopUrl":""}],"toast":"任务已完成","totalJobNum":3}}
Jun 15 15:10:43 开始做：【关注并浏览以下店铺】任务，需等待undefined秒
Jun 15 15:10:43 浏览成功！，当前抽奖次数：2
Jun 15 15:10:43 
Jun 15 15:10:43 开始做：【关注并浏览以下店铺】任务，需等待undefined秒
Jun 15 15:10:43 小魔方 executeNewInteractionTask 异常： {"result":{"code":13,"finishedJobNum":2,"hasDown":0,"lotteryNum":2,"shopInfoList":[{"browseStatus":1,"followStatus":0,"imgUrl":"https://m.360buyimg.com/njmobilecms/jfs/t1/190841/31/8117/31984/60c76471Ea0b36f74/6e409b419eb2396d.jpg","jump":{"des":"jshopMain","params":{"des":"jshopMain","shopId":"1000357982"}},"shopId":1000357982,"shopUrl":""},{"browseStatus":1,"followStatus":0,"imgUrl":"https://m.360buyimg.com/njmobilecms/jfs/t1/175388/22/14710/42630/60c7648fE50232f9e/0e3d6f22bab9a96e.jpg","jump":{"des":"jshopMain","params":{"des":"jshopMain","shopId":"823975"}},"shopId":823975,"shopUrl":""},{"browseStatus":0,"followStatus":0,"imgUrl":"https://m.360buyimg.com/njmobilecms/jfs/t1/173321/24/14651/121976/60c764a9E82d04cd9/fb9989000281a362.png","jump":{"des":"jshopMain","params":{"des":"jshopMain","shopId":"1000279801"}},"shopId":1000279801,"shopUrl":""}],"toast":"任务已完成","totalJobNum":3}}
Jun 15 15:10:43 开始做：【关注并浏览以下店铺】任务，需等待undefined秒
Jun 15 15:10:43 浏览成功！恭喜你获得一次抽奖机会，当前抽奖次数：3
Jun 15 15:10:43 
Jun 15 15:10:43 开始做：【浏览618会场】任务，需等待undefined秒
Jun 15 15:10:43 小魔方 executeNewInteractionTask 异常： {"result":{"code":13,"finishedJobNum":3,"hasDown":1,"lotteryNum":3,"shopInfoList":[{"browseStatus":1,"followStatus":0,"imgUrl":"https://m.360buyimg.com/njmobilecms/jfs/t1/190841/31/8117/31984/60c76471Ea0b36f74/6e409b419eb2396d.jpg","jump":{"des":"jshopMain","params":{"des":"jshopMain","shopId":"1000357982"}},"shopId":1000357982,"shopUrl":""},{"browseStatus":1,"followStatus":0,"imgUrl":"https://m.360buyimg.com/njmobilecms/jfs/t1/175388/22/14710/42630/60c7648fE50232f9e/0e3d6f22bab9a96e.jpg","jump":{"des":"jshopMain","params":{"des":"jshopMain","shopId":"823975"}},"shopId":823975,"shopUrl":""},{"browseStatus":1,"followStatus":0,"imgUrl":"https://m.360buyimg.com/njmobilecms/jfs/t1/173321/24/14651/121976/60c764a9E82d04cd9/fb9989000281a362.png","jump":{"des":"jshopMain","params":{"des":"jshopMain","shopId":"1000279801"}},"shopId":1000279801,"shopUrl":""}],"toast":"任务已完成","totalJobNum":3}}
Jun 15 15:10:43 开始做：【浏览618会场】任务，需等待undefined秒
Jun 15 15:10:43 小魔方 executeNewInteractionTask 异常： {"result":{"code":1,"toast":"啊哦，网络拥挤，请稍后重试"}}
Jun 15 15:10:43 小魔方 executeNewInteractionTask 异常： {"result":{"code":1,"toast":"啊哦，网络拥挤，请稍后重试"}}
Jun 15 15:10:43 小魔方 executeNewInteractionTask 异常： {"result":{"code":1,"toast":"啊哦，网络拥挤，请稍后重试"}}
Jun 15 15:10:43 开始做：【浏览618会场】任务，需等待undefined秒
Jun 15 15:10:43 小魔方 executeNewInteractionTask 异常： {"result":{"code":1,"toast":"啊哦，网络拥挤，请稍后重试"}}
Jun 15 15:10:43 开始做：【浏览618会场】任务，需等待undefined秒
Jun 15 15:10:43 小魔方 executeNewInteractionTask 异常： {"result":{"code":1,"toast":"啊哦，网络拥挤，请稍后重试"}}
Jun 15 15:10:43 小魔方 executeNewInteractionTask 异常： {"result":{"code":1,"toast":"啊哦，网络拥挤，请稍后重试"}}
Jun 15 15:10:43 小魔方 executeNewInteractionTask 异常： {"result":{"code":1,"toast":"啊哦，网络拥挤，请稍后重试"}}
Jun 15 15:10:43 开始做：【浏览618会场】任务，需等待undefined秒
Jun 15 15:10:43 小魔方 executeNewInteractionTask 异常： {"result":{"code":1,"toast":"啊哦，网络拥挤，请稍后重试"}}
Jun 15 15:10:43 开始做：【浏览618会场】任务，需等待undefined秒
Jun 15 15:10:43 小魔方 executeNewInteractionTask 异常： {"result":{"code":1,"toast":"啊哦，网络拥挤，请稍后重试"}}
Jun 15 15:10:43 小魔方 executeNewInteractionTask 异常： {"result":{"code":1,"toast":"啊哦，网络拥挤，请稍后重试"}}
Jun 15 15:10:43 小魔方 executeNewInteractionTask 异常： {"result":{"code":1,"toast":"啊哦，网络拥挤，请稍后重试"}}
Jun 15 15:10:43 小魔方 executeNewInteractionTask 异常： {"result":{"code":1,"toast":"啊哦，网络拥挤，请稍后重试"}}
Jun 15 15:10:43 京东小魔方当前抽奖次数：3
Jun 15 15:10:43 
Jun 15 15:10:43 京东小魔方当前抽奖次数：3
Jun 15 15:10:43 
Jun 15 15:10:43 京东小魔方抽奖：3京豆
Jun 15 15:10:43 京东小魔方抽奖：3京豆
Jun 15 15:10:44 京东小魔方抽奖：大奖一闪而过
Jun 15 15:10:44 京东小魔方抽奖：大奖一闪而过
Jun 15 15:10:44 京东小魔方抽奖：大奖一闪而过
Jun 15 15:10:44 京东小魔方抽奖：大奖一闪而过
Jun 15 15:10:44 
Jun 15 15:10:44 ==============?系统通知?==============
Jun 15 15:10:44 摇京豆
Jun 15 15:10:44 京东账号1 赛格di
Jun 15 15:10:44 摇京豆：获得1京豆
Jun 15 15:10:44 京东会员签到：获得1京豆
Jun 15 15:10:44 
Jun 15 15:10:44 京东小魔方：获得3京豆
Jun 15 15:10:44 
Jun 15 15:10:44 
Jun 15 15:10:44 ==============?系统通知?==============
Jun 15 15:10:44 摇京豆
Jun 15 15:10:44 京东账号1 赛格di
Jun 15 15:10:44 摇京豆：获得1京豆
Jun 15 15:10:44 京东小魔方：获得3京豆
Jun 15 15:10:44 
Jun 15 15:10:44 
Jun 15 15:10:44 ********开始【京东账号2】了来风*****
Jun 15 15:10:44 
Jun 15 15:10:44 
Jun 15 15:10:44 ********开始【京东账号2】了来风*****
Jun 15 15:10:44 
Jun 15 15:10:44 开始做浏览页面任务
Jun 15 15:10:44 开始做浏览页面任务
Jun 15 15:10:56 开始做关注店铺任务
Jun 15 15:10:56 开始做关注店铺任务
Jun 15 15:10:58 摇京豆——摇奖次数14
Jun 15 15:10:58 摇京豆——摇奖次数14
Jun 15 15:10:58 京东会员——摇奖次数9
Jun 15 15:10:58 开始 【京东会员】 摇奖
Jun 15 15:10:58 京东会员——摇奖次数9
Jun 15 15:10:58 开始 【京东会员】 摇奖
Jun 15 15:11:00 京东会员-剩余摇奖次数：8
Jun 15 15:11:00 未中奖
Jun 15 15:11:00 
Jun 15 15:11:00 开始 【京东会员】 摇奖
Jun 15 15:11:00 京东会员-剩余摇奖次数：7
Jun 15 15:11:00 未中奖
Jun 15 15:11:00 
Jun 15 15:11:00 开始 【京东会员】 摇奖
Jun 15 15:11:01 京东会员-剩余摇奖次数：6
Jun 15 15:11:01 恭喜你，京东会员中奖了，获得1京豆
Jun 15 15:11:01 
Jun 15 15:11:01 开始 【京东会员】 摇奖
Jun 15 15:11:01 京东会员-剩余摇奖次数：5
Jun 15 15:11:01 未中奖
Jun 15 15:11:01 
Jun 15 15:11:01 开始 【京东会员】 摇奖
Jun 15 15:11:02 京东会员-剩余摇奖次数：4
Jun 15 15:11:02 恭喜你，京东会员中奖了，获得1京豆
Jun 15 15:11:02 
Jun 15 15:11:02 开始 【京东会员】 摇奖
Jun 15 15:11:02 京东会员-剩余摇奖次数：3
Jun 15 15:11:02 未中奖
Jun 15 15:11:02 
Jun 15 15:11:02 开始 【京东会员】 摇奖
Jun 15 15:11:03 京东会员-剩余摇奖次数：2
Jun 15 15:11:03 未中奖
Jun 15 15:11:03 
Jun 15 15:11:03 开始 【京东会员】 摇奖
Jun 15 15:11:03 京东会员-剩余摇奖次数：1
Jun 15 15:11:03 恭喜你，京东会员中奖了，获得1京豆
Jun 15 15:11:03 
Jun 15 15:11:03 开始 【京东会员】 摇奖
Jun 15 15:11:04 京东会员-剩余摇奖次数：0
Jun 15 15:11:04 未中奖
Jun 15 15:11:04 
Jun 15 15:11:04 开始 【京东会员】 摇奖
Jun 15 15:11:04 开始 【京东会员】 摇奖
Jun 15 15:11:05 开始 【京东会员】 摇奖
Jun 15 15:11:05 开始 【京东会员】 摇奖
Jun 15 15:11:06 开始 【京东会员】 摇奖
Jun 15 15:11:06 开始 【京东会员】 摇奖
Jun 15 15:11:07 开始 【京东会员】 摇奖
Jun 15 15:11:07 开始 【京东会员】 摇奖
Jun 15 15:11:08 开始 【摇京豆】 摇奖
Jun 15 15:11:09 开始 【摇京豆】 摇奖
Jun 15 15:11:09 剩余摇奖次数：13
Jun 15 15:11:09 摇奖其他未知结果：{"data":{"luckyBox":{"costBeanCount":2,"feeTimes":2,"freeTimes":13,"totalBeanCount":4450}},"success":true}
Jun 15 15:11:09 
Jun 15 15:11:09 开始 【摇京豆】 摇奖
Jun 15 15:11:10 剩余摇奖次数：12
Jun 15 15:11:10 摇奖其他未知结果：{"data":{"luckyBox":{"costBeanCount":2,"feeTimes":2,"freeTimes":12,"totalBeanCount":4450}},"success":true}
Jun 15 15:11:10 
Jun 15 15:11:10 开始 【摇京豆】 摇奖
Jun 15 15:11:11 剩余摇奖次数：11
Jun 15 15:11:11 获得优惠券：限购[致禾清洁用品专营店]店铺部分商品
Jun 15 15:11:11 
Jun 15 15:11:11 开始 【摇京豆】 摇奖
Jun 15 15:11:11 剩余摇奖次数：10
Jun 15 15:11:11 获得优惠券：限购[菇滋菇滋官方旗舰店]店铺商品
Jun 15 15:11:11 
Jun 15 15:11:11 开始 【摇京豆】 摇奖
Jun 15 15:11:12 剩余摇奖次数：9
Jun 15 15:11:12 获得优惠券：限购[Choya海外旗舰店]店铺商品
Jun 15 15:11:12 
Jun 15 15:11:12 开始 【摇京豆】 摇奖
Jun 15 15:11:12 剩余摇奖次数：8
Jun 15 15:11:12 获得优惠券：仅可购买通用耗材部分商品
Jun 15 15:11:12 
Jun 15 15:11:12 开始 【摇京豆】 摇奖
Jun 15 15:11:13 剩余摇奖次数：7
Jun 15 15:11:13 获得优惠券：限购[粉柔旗舰店]店铺部分商品
Jun 15 15:11:13 
Jun 15 15:11:13 开始 【摇京豆】 摇奖
Jun 15 15:11:13 剩余摇奖次数：6
Jun 15 15:11:13 获得优惠券：仅可购买家具部分商品
Jun 15 15:11:13 
Jun 15 15:11:13 开始 【摇京豆】 摇奖
Jun 15 15:11:14 剩余摇奖次数：5
Jun 15 15:11:14 摇奖其他未知结果：{"data":{"luckyBox":{"costBeanCount":2,"feeTimes":2,"freeTimes":5,"totalBeanCount":4450}},"success":true}
Jun 15 15:11:14 
Jun 15 15:11:14 开始 【摇京豆】 摇奖
Jun 15 15:11:14 剩余摇奖次数：4
Jun 15 15:11:14 获得优惠券：仅可购买电脑办公及数码部分商品
Jun 15 15:11:14 
Jun 15 15:11:14 开始 【摇京豆】 摇奖
Jun 15 15:11:15 剩余摇奖次数：3
Jun 15 15:11:15 摇奖其他未知结果：{"data":{"luckyBox":{"costBeanCount":2,"feeTimes":2,"freeTimes":3,"totalBeanCount":4450}},"success":true}
Jun 15 15:11:15 
Jun 15 15:11:15 开始 【摇京豆】 摇奖
Jun 15 15:11:16 剩余摇奖次数：2
Jun 15 15:11:16 摇奖其他未知结果：{"data":{"luckyBox":{"costBeanCount":2,"feeTimes":2,"freeTimes":2,"totalBeanCount":4450}},"success":true}
Jun 15 15:11:16 
Jun 15 15:11:16 开始 【摇京豆】 摇奖
Jun 15 15:11:16 剩余摇奖次数：1
Jun 15 15:11:16 摇奖其他未知结果：{"data":{"luckyBox":{"costBeanCount":2,"feeTimes":2,"freeTimes":1,"totalBeanCount":4450}},"success":true}
Jun 15 15:11:16 
Jun 15 15:11:16 开始 【摇京豆】 摇奖
Jun 15 15:11:17 剩余摇奖次数：0
Jun 15 15:11:17 获得优惠券：仅可购买电脑办公及数码部分商品
Jun 15 15:11:17 
Jun 15 15:11:17 开始 【摇京豆】 摇奖
Jun 15 15:11:17 开始 【摇京豆】 摇奖
Jun 15 15:11:18 开始 【摇京豆】 摇奖
Jun 15 15:11:18 开始 【摇京豆】 摇奖
Jun 15 15:11:19 开始 【摇京豆】 摇奖
Jun 15 15:11:19 开始 【摇京豆】 摇奖
Jun 15 15:11:20 开始 【摇京豆】 摇奖
Jun 15 15:11:21 开始 【摇京豆】 摇奖
Jun 15 15:11:21 开始 【摇京豆】 摇奖
Jun 15 15:11:22 开始 【摇京豆】 摇奖
Jun 15 15:11:22 开始 【摇京豆】 摇奖
Jun 15 15:11:23 开始 【摇京豆】 摇奖
Jun 15 15:11:23 开始 【摇京豆】 摇奖
Jun 15 15:11:24 京东会员第5天签到结果；{"data":{"pin":"jd_fMRfXcJHjROT","rewardVos":[{"couponVo":null,"drawInfoVo":null,"hongBaoVo":null,"jingBeanVo":{"beanNum":1},"pitType":0,"rewardSource":0,"signItemId":"611577692103880704","signTime":"2021-06-15 15:11:24","signType":0},{"couponVo":null,"drawInfoVo":null,"hongBaoVo":null,"jingBeanVo":null,"pitType":3,"rewardSource":1,"signItemId":"611577692103880704","signTime":"2021-06-15 15:11:24","signType":0}],"signActId":"1","signActInstanceId":"610143795916824576"},"dataAbInfoList":null,"expInfo":null,"expLabel":null,"message":null,"officialDocument":null,"pftid":null,"resultCode":null,"resultTips":null,"success":true}
Jun 15 15:11:24 京东会员第5天签到成功。获得1京豆
Jun 15 15:11:24 
Jun 15 15:11:24 
Jun 15 15:11:24 【新版本 超级摇一摇】获取信息失败：没有查询到活动信息
Jun 15 15:11:24 
Jun 15 15:11:24 
Jun 15 15:11:24 
Jun 15 15:11:24 京东APP首页超级摇一摇：目前暂无活动
Jun 15 15:11:24 
Jun 15 15:11:24 
Jun 15 15:11:24 
Jun 15 15:11:24 
Jun 15 15:11:24 【5.19奥克斯 brandActivityId】：b55f6f40-3cb4-4b37-9062-8616d34ce9ab
Jun 15 15:11:24 超级超级品牌日 getHomeData 失败： 活动不在进行中哦
Jun 15 15:11:24 去看看其他活动吧~
Jun 15 15:11:24 【5.19奥克斯 超级品牌日】：活动不在进行中
Jun 15 15:11:24 
Jun 15 15:11:24 
Jun 15 15:11:24 京东小魔方：本期活动京东健康赞助
Jun 15 15:11:24 开始做：【浏览京东健康新品】任务
Jun 15 15:11:24 浏览成功！，当前抽奖次数：1
Jun 15 15:11:24 
Jun 15 15:11:24 京东会员第5天已签到
Jun 15 15:11:24 
Jun 15 15:11:24 【新版本 超级摇一摇】获取信息失败：没有查询到活动信息
Jun 15 15:11:24 
Jun 15 15:11:24 
Jun 15 15:11:24 
Jun 15 15:11:24 京东APP首页超级摇一摇：目前暂无活动
Jun 15 15:11:24 
Jun 15 15:11:24 
Jun 15 15:11:24 
Jun 15 15:11:24 
Jun 15 15:11:24 【5.19奥克斯 brandActivityId】：b55f6f40-3cb4-4b37-9062-8616d34ce9ab
Jun 15 15:11:24 浏览成功！，当前抽奖次数：1
Jun 15 15:11:24 
Jun 15 15:11:24 超级超级品牌日 getHomeData 失败： 活动不在进行中哦
Jun 15 15:11:24 去看看其他活动吧~
Jun 15 15:11:24 【5.19奥克斯 超级品牌日】：活动不在进行中
Jun 15 15:11:24 
Jun 15 15:11:24 
Jun 15 15:11:24 京东小魔方：本期活动京东健康赞助
Jun 15 15:11:24 开始做：【浏览京东健康新品】任务
Jun 15 15:11:24 浏览成功！，当前抽奖次数：1
Jun 15 15:11:24 
Jun 15 15:11:24 浏览成功！，当前抽奖次数：1
Jun 15 15:11:24 
Jun 15 15:11:25 浏览成功！恭喜获得一次抽奖机会，当前抽奖次数：2
Jun 15 15:11:25 
Jun 15 15:11:25 小魔方 executeNewInteractionTask 异常： {"result":{"code":-4,"toast":"操作太快了，请稍后再试哟~"}}
Jun 15 15:11:25 开始做：【关注并浏览以下店铺】任务，需等待undefined秒
Jun 15 15:11:25 开始做：【关注并浏览以下店铺】任务，需等待undefined秒
Jun 15 15:11:25 浏览成功！，当前抽奖次数：2
Jun 15 15:11:25 
Jun 15 15:11:25 开始做：【关注并浏览以下店铺】任务，需等待undefined秒
Jun 15 15:11:25 小魔方 executeNewInteractionTask 异常： {"result":{"code":13,"finishedJobNum":1,"hasDown":0,"lotteryNum":2,"shopInfoList":[{"browseStatus":1,"followStatus":0,"imgUrl":"https://m.360buyimg.com/njmobilecms/jfs/t1/190841/31/8117/31984/60c76471Ea0b36f74/6e409b419eb2396d.jpg","jump":{"des":"jshopMain","params":{"des":"jshopMain","shopId":"1000357982"}},"shopId":1000357982,"shopUrl":""},{"browseStatus":0,"followStatus":0,"imgUrl":"https://m.360buyimg.com/njmobilecms/jfs/t1/175388/22/14710/42630/60c7648fE50232f9e/0e3d6f22bab9a96e.jpg","jump":{"des":"jshopMain","params":{"des":"jshopMain","shopId":"823975"}},"shopId":823975,"shopUrl":""},{"browseStatus":0,"followStatus":0,"imgUrl":"https://m.360buyimg.com/njmobilecms/jfs/t1/173321/24/14651/121976/60c764a9E82d04cd9/fb9989000281a362.png","jump":{"des":"jshopMain","params":{"des":"jshopMain","shopId":"1000279801"}},"shopId":1000279801,"shopUrl":""}],"toast":"任务已完成","totalJobNum":3}}
Jun 15 15:11:25 开始做：【关注并浏览以下店铺】任务，需等待undefined秒
Jun 15 15:11:25 浏览成功！，当前抽奖次数：2
Jun 15 15:11:25 
Jun 15 15:11:25 开始做：【关注并浏览以下店铺】任务，需等待undefined秒
Jun 15 15:11:25 小魔方 executeNewInteractionTask 异常： {"result":{"code":13,"finishedJobNum":2,"hasDown":0,"lotteryNum":2,"shopInfoList":[{"browseStatus":1,"followStatus":0,"imgUrl":"https://m.360buyimg.com/njmobilecms/jfs/t1/190841/31/8117/31984/60c76471Ea0b36f74/6e409b419eb2396d.jpg","jump":{"des":"jshopMain","params":{"des":"jshopMain","shopId":"1000357982"}},"shopId":1000357982,"shopUrl":""},{"browseStatus":1,"followStatus":0,"imgUrl":"https://m.360buyimg.com/njmobilecms/jfs/t1/175388/22/14710/42630/60c7648fE50232f9e/0e3d6f22bab9a96e.jpg","jump":{"des":"jshopMain","params":{"des":"jshopMain","shopId":"823975"}},"shopId":823975,"shopUrl":""},{"browseStatus":0,"followStatus":0,"imgUrl":"https://m.360buyimg.com/njmobilecms/jfs/t1/173321/24/14651/121976/60c764a9E82d04cd9/fb9989000281a362.png","jump":{"des":"jshopMain","params":{"des":"jshopMain","shopId":"1000279801"}},"shopId":1000279801,"shopUrl":""}],"toast":"任务已完成","totalJobNum":3}}
Jun 15 15:11:25 开始做：【关注并浏览以下店铺】任务，需等待undefined秒
Jun 15 15:11:25 浏览成功！恭喜你获得一次抽奖机会，当前抽奖次数：3
Jun 15 15:11:25 
Jun 15 15:11:25 开始做：【浏览618会场】任务，需等待undefined秒
Jun 15 15:11:25 小魔方 executeNewInteractionTask 异常： {"result":{"code":13,"finishedJobNum":3,"hasDown":1,"lotteryNum":3,"shopInfoList":[{"browseStatus":1,"followStatus":0,"imgUrl":"https://m.360buyimg.com/njmobilecms/jfs/t1/190841/31/8117/31984/60c76471Ea0b36f74/6e409b419eb2396d.jpg","jump":{"des":"jshopMain","params":{"des":"jshopMain","shopId":"1000357982"}},"shopId":1000357982,"shopUrl":""},{"browseStatus":1,"followStatus":0,"imgUrl":"https://m.360buyimg.com/njmobilecms/jfs/t1/175388/22/14710/42630/60c7648fE50232f9e/0e3d6f22bab9a96e.jpg","jump":{"des":"jshopMain","params":{"des":"jshopMain","shopId":"823975"}},"shopId":823975,"shopUrl":""},{"browseStatus":1,"followStatus":0,"imgUrl":"https://m.360buyimg.com/njmobilecms/jfs/t1/173321/24/14651/121976/60c764a9E82d04cd9/fb9989000281a362.png","jump":{"des":"jshopMain","params":{"des":"jshopMain","shopId":"1000279801"}},"shopId":1000279801,"shopUrl":""}],"toast":"任务已完成","totalJobNum":3}}
Jun 15 15:11:25 开始做：【浏览618会场】任务，需等待undefined秒
Jun 15 15:11:25 小魔方 executeNewInteractionTask 异常： {"result":{"code":1,"toast":"啊哦，网络拥挤，请稍后重试"}}
Jun 15 15:11:25 小魔方 executeNewInteractionTask 异常： {"result":{"code":1,"toast":"啊哦，网络拥挤，请稍后重试"}}
Jun 15 15:11:25 小魔方 executeNewInteractionTask 异常： {"result":{"code":1,"toast":"啊哦，网络拥挤，请稍后重试"}}
Jun 15 15:11:25 开始做：【浏览618会场】任务，需等待undefined秒
Jun 15 15:11:25 小魔方 executeNewInteractionTask 异常： {"result":{"code":1,"toast":"啊哦，网络拥挤，请稍后重试"}}
Jun 15 15:11:25 开始做：【浏览618会场】任务，需等待undefined秒
Jun 15 15:11:25 小魔方 executeNewInteractionTask 异常： {"result":{"code":1,"toast":"啊哦，网络拥挤，请稍后重试"}}
Jun 15 15:11:25 小魔方 executeNewInteractionTask 异常： {"result":{"code":1,"toast":"啊哦，网络拥挤，请稍后重试"}}
Jun 15 15:11:25 小魔方 executeNewInteractionTask 异常： {"result":{"code":1,"toast":"啊哦，网络拥挤，请稍后重试"}}
Jun 15 15:11:25 开始做：【浏览618会场】任务，需等待undefined秒
Jun 15 15:11:25 小魔方 executeNewInteractionTask 异常： {"result":{"code":1,"toast":"啊哦，网络拥挤，请稍后重试"}}
Jun 15 15:11:25 开始做：【浏览618会场】任务，需等待undefined秒
Jun 15 15:11:25 小魔方 executeNewInteractionTask 异常： {"result":{"code":1,"toast":"啊哦，网络拥挤，请稍后重试"}}
Jun 15 15:11:25 小魔方 executeNewInteractionTask 异常： {"result":{"code":1,"toast":"啊哦，网络拥挤，请稍后重试"}}
Jun 15 15:11:25 小魔方 executeNewInteractionTask 异常： {"result":{"code":1,"toast":"啊哦，网络拥挤，请稍后重试"}}
Jun 15 15:11:25 小魔方 executeNewInteractionTask 异常： {"result":{"code":1,"toast":"啊哦，网络拥挤，请稍后重试"}}
Jun 15 15:11:25 京东小魔方当前抽奖次数：3
Jun 15 15:11:25 
Jun 15 15:11:25 京东小魔方当前抽奖次数：3
Jun 15 15:11:25 
Jun 15 15:11:25 京东小魔方抽奖：大奖一闪而过
Jun 15 15:11:25 京东小魔方抽奖：3京豆
Jun 15 15:11:26 京东小魔方抽奖：5京豆
Jun 15 15:11:26 京东小魔方抽奖：大奖一闪而过
Jun 15 15:11:26 京东小魔方抽奖：大奖一闪而过
Jun 15 15:11:26 京东小魔方抽奖：大奖一闪而过
Jun 15 15:11:26 
Jun 15 15:11:26 ==============?系统通知?==============
Jun 15 15:11:26 摇京豆
Jun 15 15:11:26 京东账号2 了来风
Jun 15 15:11:26 摇京豆：获得2京豆
Jun 15 15:11:26 京东会员签到：获得1京豆
Jun 15 15:11:26 
Jun 15 15:11:26 京东小魔方：获得5京豆
Jun 15 15:11:26 
Jun 15 15:11:26 
Jun 15 15:11:26 
Jun 15 15:11:26 您未提供server酱的SCKEY，取消微信推送消息通知🚫
Jun 15 15:11:26 
Jun 15 15:11:26 您未提供push+推送所需的PUSH_PLUS_TOKEN，取消push+推送消息通知🚫
Jun 15 15:11:26 
Jun 15 15:11:26 您未提供Bark的APP推送BARK_PUSH，取消Bark推送消息通知🚫
Jun 15 15:11:26 
Jun 15 15:11:26 您未提供telegram机器人推送所需的TG_BOT_TOKEN和TG_USER_ID，取消telegram推送消息通知🚫
Jun 15 15:11:26 
Jun 15 15:11:26 
Jun 15 15:11:26 ==============?系统通知?==============
Jun 15 15:11:26 摇京豆
Jun 15 15:11:26 京东账号2 了来风
Jun 15 15:11:26 摇京豆：获得1京豆
Jun 15 15:11:26 京东小魔方：获得3京豆
Jun 15 15:11:26 
Jun 15 15:11:26 
Jun 15 15:11:26 
Jun 15 15:11:26 您未提供server酱的SCKEY，取消微信推送消息通知🚫
Jun 15 15:11:26 
Jun 15 15:11:26 您未提供push+推送所需的PUSH_PLUS_TOKEN，取消push+推送消息通知🚫
Jun 15 15:11:26 
Jun 15 15:11:26 您未提供Bark的APP推送BARK_PUSH，取消Bark推送消息通知🚫
Jun 15 15:11:26 
Jun 15 15:11:26 您未提供telegram机器人推送所需的TG_BOT_TOKEN和TG_USER_ID，取消telegram推送消息通知🚫
Jun 15 15:11:26 
Jun 15 15:11:26 您未提供企业微信机器人推送所需的QYWX_KEY，取消企业微信推送消息通知🚫
Jun 15 15:11:26 
Jun 15 15:11:26 您未提供企业微信应用消息推送所需的QYWX_AM，取消企业微信应用消息推送消息通知🚫
Jun 15 15:11:26 
Jun 15 15:11:26 您未提供iGot的推送IGOT_PUSH_KEY，取消iGot推送消息通知🚫
Jun 15 15:11:26 
Jun 15 15:11:26 您未提供企业微信机器人推送所需的QYWX_KEY，取消企业微信推送消息通知🚫
Jun 15 15:11:26 
Jun 15 15:11:26 您未提供企业微信应用消息推送所需的QYWX_AM，取消企业微信应用消息推送消息通知🚫
Jun 15 15:11:26 
Jun 15 15:11:26 您未提供iGot的推送IGOT_PUSH_KEY，取消iGot推送消息通知🚫
Jun 15 15:11:26 
Jun 15 15:11:26 钉钉发送通知消息成功🎉。
Jun 15 15:11:26 
Jun 15 15:11:26 
Jun 15 15:11:26 ?摇京豆, 结束! ? 86.355 秒
Jun 15 15:11:26 
Jun 15 15:11:26 钉钉发送通知消息成功🎉。
Jun 15 15:11:26 
Jun 15 15:11:26 
Jun 15 15:11:26 ?摇京豆, 结束! ? 86.297 秒
Jun 15 15:11:26 
Jun 15 16:10:00 
Jun 15 16:10:00 ?摇京豆, 开始!
Jun 15 16:10:00 您的cookie选择的是用&隔开
Jun 15 16:10:00 
Jun 15 16:10:00 
Jun 15 16:10:00 ====================共有2个京东账号Cookie=========
Jun 15 16:10:00 
Jun 15 16:10:00 
Jun 15 16:10:00 ?摇京豆, 开始!
Jun 15 16:10:00 您的cookie选择的是用&隔开
Jun 15 16:10:00 
Jun 15 16:10:00 
Jun 15 16:10:00 ====================共有2个京东账号Cookie=========
Jun 15 16:10:00 
Jun 15 16:10:00 ==================脚本执行- 北京时间(UTC+8)：6/15/2021, 4:10:00 PM=====================
Jun 15 16:10:00 
Jun 15 16:10:00 ==================脚本执行- 北京时间(UTC+8)：6/15/2021, 4:10:00 PM=====================
Jun 15 16:10:00 
Jun 15 16:10:01 
Jun 15 16:10:01 ********开始【京东账号1】赛格di*****
Jun 15 16:10:01 
Jun 15 16:10:01 
Jun 15 16:10:01 ********开始【京东账号1】赛格di*****
Jun 15 16:10:01 
Jun 15 16:10:01 摇京豆——摇奖次数0
Jun 15 16:10:01 摇京豆——摇奖次数0
Jun 15 16:10:01 京东会员——摇奖次数0
Jun 15 16:10:01 京东会员——摇奖次数0
Jun 15 16:10:01 京东会员第7天已签到
Jun 15 16:10:01 京东会员第7天已签到
Jun 15 16:10:01 
Jun 15 16:10:01 【新版本 超级摇一摇】获取信息失败：没有查询到活动信息
Jun 15 16:10:01 
Jun 15 16:10:01 
Jun 15 16:10:01 
Jun 15 16:10:01 京东APP首页超级摇一摇：目前暂无活动
Jun 15 16:10:01 
Jun 15 16:10:01 
Jun 15 16:10:01 
Jun 15 16:10:01 【新版本 超级摇一摇】获取信息失败：没有查询到活动信息
Jun 15 16:10:01 
Jun 15 16:10:01 
Jun 15 16:10:01 
Jun 15 16:10:01 京东APP首页超级摇一摇：目前暂无活动
Jun 15 16:10:01 
Jun 15 16:10:01 
Jun 15 16:10:01 
Jun 15 16:10:01 
Jun 15 16:10:01 【5.19奥克斯 brandActivityId】：b55f6f40-3cb4-4b37-9062-8616d34ce9ab
Jun 15 16:10:01 超级超级品牌日 getHomeData 失败： 活动不在进行中哦
Jun 15 16:10:01 去看看其他活动吧~
Jun 15 16:10:01 【5.19奥克斯 超级品牌日】：活动不在进行中
Jun 15 16:10:01 
Jun 15 16:10:01 
Jun 15 16:10:01 【5.19奥克斯 brandActivityId】：b55f6f40-3cb4-4b37-9062-8616d34ce9ab
Jun 15 16:10:01 超级超级品牌日 getHomeData 失败： 活动不在进行中哦
Jun 15 16:10:01 去看看其他活动吧~
Jun 15 16:10:01 【5.19奥克斯 超级品牌日】：活动不在进行中
Jun 15 16:10:01 
Jun 15 16:10:01 
Jun 15 16:10:01 京东小魔方：本期活动京东健康赞助
Jun 15 16:10:01 
Jun 15 16:10:01 
Jun 15 16:10:01 京东小魔方：本期活动京东健康赞助
Jun 15 16:10:01 京东小魔方当前抽奖次数：0
Jun 15 16:10:01 
Jun 15 16:10:01 京东小魔方当前抽奖次数：0
Jun 15 16:10:01 
Jun 15 16:10:02 
Jun 15 16:10:02 ********开始【京东账号2】了来风*****
Jun 15 16:10:02 
Jun 15 16:10:02 
Jun 15 16:10:02 ********开始【京东账号2】了来风*****
Jun 15 16:10:02 
Jun 15 16:10:02 摇京豆——摇奖次数0
Jun 15 16:10:02 摇京豆——摇奖次数0
Jun 15 16:10:02 京东会员——摇奖次数0
Jun 15 16:10:02 京东会员——摇奖次数0
Jun 15 16:10:02 京东会员第5天已签到
Jun 15 16:10:02 
Jun 15 16:10:02 【新版本 超级摇一摇】获取信息失败：没有查询到活动信息
Jun 15 16:10:02 
Jun 15 16:10:02 
Jun 15 16:10:02 
Jun 15 16:10:02 京东APP首页超级摇一摇：目前暂无活动
Jun 15 16:10:02 
Jun 15 16:10:02 
Jun 15 16:10:02 京东会员第5天已签到
Jun 15 16:10:02 
Jun 15 16:10:02 
Jun 15 16:10:02 【5.19奥克斯 brandActivityId】：b55f6f40-3cb4-4b37-9062-8616d34ce9ab
Jun 15 16:10:02 
Jun 15 16:10:02 【新版本 超级摇一摇】获取信息失败：没有查询到活动信息
Jun 15 16:10:02 
Jun 15 16:10:02 
Jun 15 16:10:02 
Jun 15 16:10:02 京东APP首页超级摇一摇：目前暂无活动
Jun 15 16:10:02 
Jun 15 16:10:02 
Jun 15 16:10:02 超级超级品牌日 getHomeData 失败： 活动不在进行中哦
Jun 15 16:10:02 去看看其他活动吧~
Jun 15 16:10:02 【5.19奥克斯 超级品牌日】：活动不在进行中
Jun 15 16:10:02 
Jun 15 16:10:02 
Jun 15 16:10:02 【5.19奥克斯 brandActivityId】：b55f6f40-3cb4-4b37-9062-8616d34ce9ab
Jun 15 16:10:02 
Jun 15 16:10:02 
Jun 15 16:10:02 京东小魔方：本期活动京东健康赞助
Jun 15 16:10:02 超级超级品牌日 getHomeData 失败： 活动不在进行中哦
Jun 15 16:10:02 去看看其他活动吧~
Jun 15 16:10:02 【5.19奥克斯 超级品牌日】：活动不在进行中
Jun 15 16:10:02 
Jun 15 16:10:02 
Jun 15 16:10:02 京东小魔方：本期活动京东健康赞助
Jun 15 16:10:02 京东小魔方当前抽奖次数：0
Jun 15 16:10:02 
Jun 15 16:10:02 
Jun 15 16:10:02 ?摇京豆, 结束! ? 2.167 秒
Jun 15 16:10:02 
Jun 15 16:10:02 京东小魔方当前抽奖次数：0
Jun 15 16:10:02 
Jun 15 16:10:02 
Jun 15 16:10:02 ?摇京豆, 结束! ? 2.212 秒
Jun 15 16:10:02 
