Jun 14 16:00:01 
Jun 14 16:00:01 🔔天天优惠大乐透, 开始!
Jun 14 16:00:01 您的cookie选择的是用&隔开
Jun 14 16:00:01 
Jun 14 16:00:01 
Jun 14 16:00:01 ====================共有2个京东账号Cookie=========
Jun 14 16:00:01 
Jun 14 16:00:01 
Jun 14 16:00:01 🔔天天优惠大乐透, 开始!
Jun 14 16:00:01 ==================脚本执行- 北京时间(UTC+8)：6/14/2021, 4:00:01 PM=====================
Jun 14 16:00:01 
Jun 14 16:00:01 您的cookie选择的是用&隔开
Jun 14 16:00:01 
Jun 14 16:00:01 
Jun 14 16:00:01 ====================共有2个京东账号Cookie=========
Jun 14 16:00:01 
Jun 14 16:00:01 ==================脚本执行- 北京时间(UTC+8)：6/14/2021, 4:00:01 PM=====================
Jun 14 16:00:01 
Jun 14 16:00:01 
Jun 14 16:00:01 ******开始【京东账号1】jd_RbuUwXHBNnJR*********
Jun 14 16:00:01 
Jun 14 16:00:02 
Jun 14 16:00:02 ******开始【京东账号1】jd_RbuUwXHBNnJR*********
Jun 14 16:00:02 
Jun 14 16:00:02 剩余抽奖次数: 0次
Jun 14 16:00:02 
Jun 14 16:00:02 本次运行共获得0无门槛红包
Jun 14 16:00:02 
Jun 14 16:00:02 红包余额：6.69
Jun 14 16:00:02 即将过期红包：0.92
Jun 14 16:00:02 
Jun 14 16:00:02 ******开始【京东账号2】jd_fMRfXcJHjROT*********
Jun 14 16:00:02 
Jun 14 16:00:02 剩余抽奖次数: 0次
Jun 14 16:00:02 
Jun 14 16:00:02 本次运行共获得0无门槛红包
Jun 14 16:00:02 
Jun 14 16:00:02 剩余抽奖次数: 0次
Jun 14 16:00:02 
Jun 14 16:00:02 本次运行共获得0无门槛红包
Jun 14 16:00:02 
Jun 14 16:00:02 红包余额：6.69
Jun 14 16:00:02 即将过期红包：0.92
Jun 14 16:00:02 
Jun 14 16:00:02 ******开始【京东账号2】jd_fMRfXcJHjROT*********
Jun 14 16:00:02 
Jun 14 16:00:02 红包余额：8.13
Jun 14 16:00:02 即将过期红包：0.41
Jun 14 16:00:02 
Jun 14 16:00:02 
Jun 14 16:00:02 您未提供server酱的SCKEY，取消微信推送消息通知🚫
Jun 14 16:00:02 
Jun 14 16:00:02 您未提供push+推送所需的PUSH_PLUS_TOKEN，取消push+推送消息通知🚫
Jun 14 16:00:02 
Jun 14 16:00:02 您未提供Bark的APP推送BARK_PUSH，取消Bark推送消息通知🚫
Jun 14 16:00:02 
Jun 14 16:00:02 您未提供telegram机器人推送所需的TG_BOT_TOKEN和TG_USER_ID，取消telegram推送消息通知🚫
Jun 14 16:00:02 
Jun 14 16:00:02 您未提供企业微信机器人推送所需的QYWX_KEY，取消企业微信推送消息通知🚫
Jun 14 16:00:02 
Jun 14 16:00:02 您未提供企业微信应用消息推送所需的QYWX_AM，取消企业微信应用消息推送消息通知🚫
Jun 14 16:00:02 
Jun 14 16:00:02 您未提供iGot的推送IGOT_PUSH_KEY，取消iGot推送消息通知🚫
Jun 14 16:00:02 
Jun 14 16:00:02 钉钉发送通知消息成功🎉。
Jun 14 16:00:02 
Jun 14 16:00:02 
Jun 14 16:00:02 🔔天天优惠大乐透, 结束! 🕛 1.356 秒
Jun 14 16:00:02 
Jun 14 16:00:03 剩余抽奖次数: 0次
Jun 14 16:00:03 
Jun 14 16:00:03 本次运行共获得0无门槛红包
Jun 14 16:00:03 
Jun 14 16:00:03 红包余额：8.13
Jun 14 16:00:03 即将过期红包：0.41
Jun 14 16:00:03 
Jun 14 16:00:03 
Jun 14 16:00:03 您未提供server酱的SCKEY，取消微信推送消息通知🚫
Jun 14 16:00:03 
Jun 14 16:00:03 您未提供push+推送所需的PUSH_PLUS_TOKEN，取消push+推送消息通知🚫
Jun 14 16:00:03 
Jun 14 16:00:03 您未提供Bark的APP推送BARK_PUSH，取消Bark推送消息通知🚫
Jun 14 16:00:03 
Jun 14 16:00:03 您未提供telegram机器人推送所需的TG_BOT_TOKEN和TG_USER_ID，取消telegram推送消息通知🚫
Jun 14 16:00:03 
Jun 14 16:00:03 您未提供企业微信机器人推送所需的QYWX_KEY，取消企业微信推送消息通知🚫
Jun 14 16:00:03 
Jun 14 16:00:03 您未提供企业微信应用消息推送所需的QYWX_AM，取消企业微信应用消息推送消息通知🚫
Jun 14 16:00:03 
Jun 14 16:00:03 您未提供iGot的推送IGOT_PUSH_KEY，取消iGot推送消息通知🚫
Jun 14 16:00:03 
Jun 14 16:00:03 钉钉发送通知消息成功🎉。
Jun 14 16:00:03 
Jun 14 16:00:03 
Jun 14 16:00:03 🔔天天优惠大乐透, 结束! 🕛 1.835 秒
Jun 14 16:00:03 
Jun 15 16:00:00 
Jun 15 16:00:00 🔔天天优惠大乐透, 开始!
Jun 15 16:00:00 您的cookie选择的是用&隔开
Jun 15 16:00:00 
Jun 15 16:00:00 
Jun 15 16:00:00 ====================共有2个京东账号Cookie=========
Jun 15 16:00:00 
Jun 15 16:00:00 
Jun 15 16:00:00 🔔天天优惠大乐透, 开始!
Jun 15 16:00:00 您的cookie选择的是用&隔开
Jun 15 16:00:00 
Jun 15 16:00:00 
Jun 15 16:00:00 ====================共有2个京东账号Cookie=========
Jun 15 16:00:00 
Jun 15 16:00:00 ==================脚本执行- 北京时间(UTC+8)：6/15/2021, 4:00:00 PM=====================
Jun 15 16:00:00 
Jun 15 16:00:00 ==================脚本执行- 北京时间(UTC+8)：6/15/2021, 4:00:00 PM=====================
Jun 15 16:00:00 
Jun 15 16:00:00 
Jun 15 16:00:00 ******开始【京东账号1】jd_RbuUwXHBNnJR*********
Jun 15 16:00:00 
Jun 15 16:00:00 
Jun 15 16:00:00 ******开始【京东账号1】jd_RbuUwXHBNnJR*********
Jun 15 16:00:00 
Jun 15 16:00:01 剩余抽奖次数: 0次
Jun 15 16:00:01 
Jun 15 16:00:01 本次运行共获得0无门槛红包
Jun 15 16:00:01 
Jun 15 16:00:01 红包余额：6.21
Jun 15 16:00:01 即将过期红包：1.45
Jun 15 16:00:01 
Jun 15 16:00:01 ******开始【京东账号2】jd_fMRfXcJHjROT*********
Jun 15 16:00:01 
Jun 15 16:00:01 剩余抽奖次数: 0次
Jun 15 16:00:01 
Jun 15 16:00:01 本次运行共获得0无门槛红包
Jun 15 16:00:01 
Jun 15 16:00:01 红包余额：6.21
Jun 15 16:00:01 即将过期红包：1.45
Jun 15 16:00:01 剩余抽奖次数: 0次
Jun 15 16:00:01 
Jun 15 16:00:01 本次运行共获得0无门槛红包
Jun 15 16:00:01 
Jun 15 16:00:01 
Jun 15 16:00:01 ******开始【京东账号2】jd_fMRfXcJHjROT*********
Jun 15 16:00:01 
Jun 15 16:00:01 红包余额：8.60
Jun 15 16:00:01 即将过期红包：0.90
Jun 15 16:00:01 
Jun 15 16:00:01 
Jun 15 16:00:01 您未提供server酱的SCKEY，取消微信推送消息通知🚫
Jun 15 16:00:01 
Jun 15 16:00:01 您未提供push+推送所需的PUSH_PLUS_TOKEN，取消push+推送消息通知🚫
Jun 15 16:00:01 
Jun 15 16:00:01 您未提供Bark的APP推送BARK_PUSH，取消Bark推送消息通知🚫
Jun 15 16:00:01 
Jun 15 16:00:01 您未提供telegram机器人推送所需的TG_BOT_TOKEN和TG_USER_ID，取消telegram推送消息通知🚫
Jun 15 16:00:01 
Jun 15 16:00:01 您未提供企业微信机器人推送所需的QYWX_KEY，取消企业微信推送消息通知🚫
Jun 15 16:00:01 
Jun 15 16:00:01 您未提供企业微信应用消息推送所需的QYWX_AM，取消企业微信应用消息推送消息通知🚫
Jun 15 16:00:01 
Jun 15 16:00:01 您未提供iGot的推送IGOT_PUSH_KEY，取消iGot推送消息通知🚫
Jun 15 16:00:01 
Jun 15 16:00:01 钉钉发送通知消息成功🎉。
Jun 15 16:00:01 
Jun 15 16:00:01 
Jun 15 16:00:01 🔔天天优惠大乐透, 结束! 🕛 1.152 秒
Jun 15 16:00:01 
Jun 15 16:00:01 剩余抽奖次数: 0次
Jun 15 16:00:01 
Jun 15 16:00:01 本次运行共获得0无门槛红包
Jun 15 16:00:01 
Jun 15 16:00:01 红包余额：8.60
Jun 15 16:00:01 即将过期红包：0.90
Jun 15 16:00:01 
Jun 15 16:00:01 
Jun 15 16:00:01 您未提供server酱的SCKEY，取消微信推送消息通知🚫
Jun 15 16:00:01 
Jun 15 16:00:01 您未提供push+推送所需的PUSH_PLUS_TOKEN，取消push+推送消息通知🚫
Jun 15 16:00:01 
Jun 15 16:00:01 您未提供Bark的APP推送BARK_PUSH，取消Bark推送消息通知🚫
Jun 15 16:00:01 
Jun 15 16:00:01 您未提供telegram机器人推送所需的TG_BOT_TOKEN和TG_USER_ID，取消telegram推送消息通知🚫
Jun 15 16:00:01 
Jun 15 16:00:01 您未提供企业微信机器人推送所需的QYWX_KEY，取消企业微信推送消息通知🚫
Jun 15 16:00:01 
Jun 15 16:00:01 您未提供企业微信应用消息推送所需的QYWX_AM，取消企业微信应用消息推送消息通知🚫
Jun 15 16:00:01 
Jun 15 16:00:01 您未提供iGot的推送IGOT_PUSH_KEY，取消iGot推送消息通知🚫
Jun 15 16:00:01 
Jun 15 16:00:01 钉钉发送通知消息成功🎉。
Jun 15 16:00:01 
Jun 15 16:00:01 
Jun 15 16:00:01 🔔天天优惠大乐透, 结束! 🕛 1.329 秒
Jun 15 16:00:01 
