Jun 14 00:50:00 
Jun 14 00:50:00 🔔京喜工厂, 开始!
Jun 14 00:50:00 您的cookie选择的是用&隔开
Jun 14 00:50:00 
Jun 14 00:50:00 
Jun 14 00:50:00 ====================共有2个京东账号Cookie=========
Jun 14 00:50:00 
Jun 14 00:50:00 
Jun 14 00:50:00 🔔京喜工厂, 开始!
Jun 14 00:50:00 您的cookie选择的是用&隔开
Jun 14 00:50:00 
Jun 14 00:50:00 
Jun 14 00:50:00 ====================共有2个京东账号Cookie=========
Jun 14 00:50:00 
Jun 14 00:50:00 ==================脚本执行- 北京时间(UTC+8)：6/14/2021, 12:50:00 AM=====================
Jun 14 00:50:00 
Jun 14 00:50:00 ==================脚本执行- 北京时间(UTC+8)：6/14/2021, 12:50:00 AM=====================
Jun 14 00:50:00 
Jun 14 01:50:00 
Jun 14 01:50:00 🔔京喜工厂, 开始!
Jun 14 01:50:00 您的cookie选择的是用&隔开
Jun 14 01:50:00 
Jun 14 01:50:00 
Jun 14 01:50:00 ====================共有2个京东账号Cookie=========
Jun 14 01:50:00 
Jun 14 01:50:00 
Jun 14 01:50:00 🔔京喜工厂, 开始!
Jun 14 01:50:00 您的cookie选择的是用&隔开
Jun 14 01:50:00 
Jun 14 01:50:00 
Jun 14 01:50:00 ====================共有2个京东账号Cookie=========
Jun 14 01:50:00 
Jun 14 01:50:00 ==================脚本执行- 北京时间(UTC+8)：6/14/2021, 1:50:00 AM=====================
Jun 14 01:50:00 
Jun 14 01:50:00 ==================脚本执行- 北京时间(UTC+8)：6/14/2021, 1:50:00 AM=====================
Jun 14 01:50:00 
Jun 14 02:50:00 
Jun 14 02:50:00 🔔京喜工厂, 开始!
Jun 14 02:50:00 您的cookie选择的是用&隔开
Jun 14 02:50:00 
Jun 14 02:50:00 
Jun 14 02:50:00 ====================共有2个京东账号Cookie=========
Jun 14 02:50:00 
Jun 14 02:50:00 ==================脚本执行- 北京时间(UTC+8)：6/14/2021, 2:50:00 AM=====================
Jun 14 02:50:00 
Jun 14 02:50:00 
Jun 14 02:50:00 🔔京喜工厂, 开始!
Jun 14 02:50:00 您的cookie选择的是用&隔开
Jun 14 02:50:00 
Jun 14 02:50:00 
Jun 14 02:50:00 ====================共有2个京东账号Cookie=========
Jun 14 02:50:00 
Jun 14 02:50:00 ==================脚本执行- 北京时间(UTC+8)：6/14/2021, 2:50:00 AM=====================
Jun 14 02:50:00 
Jun 14 03:50:00 
Jun 14 03:50:00 🔔京喜工厂, 开始!
Jun 14 03:50:00 您的cookie选择的是用&隔开
Jun 14 03:50:00 
Jun 14 03:50:00 
Jun 14 03:50:00 ====================共有2个京东账号Cookie=========
Jun 14 03:50:00 
Jun 14 03:50:00 
Jun 14 03:50:00 🔔京喜工厂, 开始!
Jun 14 03:50:00 您的cookie选择的是用&隔开
Jun 14 03:50:00 
Jun 14 03:50:00 
Jun 14 03:50:00 ====================共有2个京东账号Cookie=========
Jun 14 03:50:00 
Jun 14 03:50:00 ==================脚本执行- 北京时间(UTC+8)：6/14/2021, 3:50:00 AM=====================
Jun 14 03:50:00 
Jun 14 03:50:00 ==================脚本执行- 北京时间(UTC+8)：6/14/2021, 3:50:00 AM=====================
Jun 14 03:50:00 
Jun 14 04:50:00 
Jun 14 04:50:00 🔔京喜工厂, 开始!
Jun 14 04:50:00 您的cookie选择的是用&隔开
Jun 14 04:50:00 
Jun 14 04:50:00 
Jun 14 04:50:00 ====================共有2个京东账号Cookie=========
Jun 14 04:50:00 
Jun 14 04:50:00 
Jun 14 04:50:00 🔔京喜工厂, 开始!
Jun 14 04:50:00 您的cookie选择的是用&隔开
Jun 14 04:50:00 
Jun 14 04:50:00 
Jun 14 04:50:00 ====================共有2个京东账号Cookie=========
Jun 14 04:50:00 
Jun 14 04:50:00 ==================脚本执行- 北京时间(UTC+8)：6/14/2021, 4:50:00 AM=====================
Jun 14 04:50:00 
Jun 14 04:50:00 ==================脚本执行- 北京时间(UTC+8)：6/14/2021, 4:50:00 AM=====================
Jun 14 04:50:00 
Jun 14 05:50:00 
Jun 14 05:50:00 🔔京喜工厂, 开始!
Jun 14 05:50:00 
Jun 14 05:50:00 🔔京喜工厂, 开始!
Jun 14 05:50:00 您的cookie选择的是用&隔开
Jun 14 05:50:00 
Jun 14 05:50:00 
Jun 14 05:50:00 ====================共有2个京东账号Cookie=========
Jun 14 05:50:00 
Jun 14 05:50:00 您的cookie选择的是用&隔开
Jun 14 05:50:00 
Jun 14 05:50:00 
Jun 14 05:50:00 ====================共有2个京东账号Cookie=========
Jun 14 05:50:00 
Jun 14 05:50:00 ==================脚本执行- 北京时间(UTC+8)：6/14/2021, 5:50:00 AM=====================
Jun 14 05:50:00 
Jun 14 05:50:00 ==================脚本执行- 北京时间(UTC+8)：6/14/2021, 5:50:00 AM=====================
Jun 14 05:50:00 
Jun 14 06:50:00 
Jun 14 06:50:00 🔔京喜工厂, 开始!
Jun 14 06:50:00 
Jun 14 06:50:00 🔔京喜工厂, 开始!
Jun 14 06:50:00 您的cookie选择的是用&隔开
Jun 14 06:50:00 
Jun 14 06:50:00 
Jun 14 06:50:00 ====================共有2个京东账号Cookie=========
Jun 14 06:50:00 
Jun 14 06:50:00 您的cookie选择的是用&隔开
Jun 14 06:50:00 
Jun 14 06:50:00 
Jun 14 06:50:00 ====================共有2个京东账号Cookie=========
Jun 14 06:50:00 
Jun 14 06:50:00 ==================脚本执行- 北京时间(UTC+8)：6/14/2021, 6:50:00 AM=====================
Jun 14 06:50:00 
Jun 14 06:50:00 ==================脚本执行- 北京时间(UTC+8)：6/14/2021, 6:50:00 AM=====================
Jun 14 06:50:00 
Jun 14 07:50:00 
Jun 14 07:50:00 🔔京喜工厂, 开始!
Jun 14 07:50:00 您的cookie选择的是用&隔开
Jun 14 07:50:00 
Jun 14 07:50:00 
Jun 14 07:50:00 ====================共有2个京东账号Cookie=========
Jun 14 07:50:00 
Jun 14 07:50:00 
Jun 14 07:50:00 🔔京喜工厂, 开始!
Jun 14 07:50:00 您的cookie选择的是用&隔开
Jun 14 07:50:00 
Jun 14 07:50:00 
Jun 14 07:50:00 ====================共有2个京东账号Cookie=========
Jun 14 07:50:00 
Jun 14 07:50:00 ==================脚本执行- 北京时间(UTC+8)：6/14/2021, 7:50:00 AM=====================
Jun 14 07:50:00 
Jun 14 07:50:01 ==================脚本执行- 北京时间(UTC+8)：6/14/2021, 7:50:00 AM=====================
Jun 14 07:50:01 
Jun 14 08:50:01 
Jun 14 08:50:01 🔔京喜工厂, 开始!
Jun 14 08:50:01 
Jun 14 08:50:01 🔔京喜工厂, 开始!
Jun 14 08:50:01 您的cookie选择的是用&隔开
Jun 14 08:50:01 
Jun 14 08:50:01 
Jun 14 08:50:01 ====================共有2个京东账号Cookie=========
Jun 14 08:50:01 
Jun 14 08:50:01 您的cookie选择的是用&隔开
Jun 14 08:50:01 
Jun 14 08:50:01 
Jun 14 08:50:01 ====================共有2个京东账号Cookie=========
Jun 14 08:50:01 
Jun 14 08:50:01 ==================脚本执行- 北京时间(UTC+8)：6/14/2021, 8:50:01 AM=====================
Jun 14 08:50:01 
Jun 14 08:50:01 ==================脚本执行- 北京时间(UTC+8)：6/14/2021, 8:50:01 AM=====================
Jun 14 08:50:01 
Jun 14 09:50:00 
Jun 14 09:50:00 🔔京喜工厂, 开始!
Jun 14 09:50:00 
Jun 14 09:50:00 🔔京喜工厂, 开始!
Jun 14 09:50:00 您的cookie选择的是用&隔开
Jun 14 09:50:00 
Jun 14 09:50:00 
Jun 14 09:50:00 ====================共有2个京东账号Cookie=========
Jun 14 09:50:00 
Jun 14 09:50:00 您的cookie选择的是用&隔开
Jun 14 09:50:00 
Jun 14 09:50:00 
Jun 14 09:50:00 ====================共有2个京东账号Cookie=========
Jun 14 09:50:00 
Jun 14 09:50:00 ==================脚本执行- 北京时间(UTC+8)：6/14/2021, 9:50:00 AM=====================
Jun 14 09:50:00 
Jun 14 09:50:00 ==================脚本执行- 北京时间(UTC+8)：6/14/2021, 9:50:00 AM=====================
Jun 14 09:50:00 
Jun 14 10:50:00 
Jun 14 10:50:00 🔔京喜工厂, 开始!
Jun 14 10:50:00 
Jun 14 10:50:00 🔔京喜工厂, 开始!
Jun 14 10:50:00 您的cookie选择的是用&隔开
Jun 14 10:50:00 
Jun 14 10:50:00 
Jun 14 10:50:00 ====================共有2个京东账号Cookie=========
Jun 14 10:50:00 
Jun 14 10:50:00 您的cookie选择的是用&隔开
Jun 14 10:50:00 
Jun 14 10:50:00 
Jun 14 10:50:00 ====================共有2个京东账号Cookie=========
Jun 14 10:50:00 
Jun 14 10:50:00 ==================脚本执行- 北京时间(UTC+8)：6/14/2021, 10:50:00 AM=====================
Jun 14 10:50:00 
Jun 14 10:50:00 ==================脚本执行- 北京时间(UTC+8)：6/14/2021, 10:50:00 AM=====================
Jun 14 10:50:00 
Jun 14 11:50:00 
Jun 14 11:50:00 🔔京喜工厂, 开始!
Jun 14 11:50:00 您的cookie选择的是用&隔开
Jun 14 11:50:00 
Jun 14 11:50:00 
Jun 14 11:50:00 ====================共有2个京东账号Cookie=========
Jun 14 11:50:00 
Jun 14 11:50:00 
Jun 14 11:50:00 🔔京喜工厂, 开始!
Jun 14 11:50:00 您的cookie选择的是用&隔开
Jun 14 11:50:00 
Jun 14 11:50:00 
Jun 14 11:50:00 ====================共有2个京东账号Cookie=========
Jun 14 11:50:00 
Jun 14 11:50:00 ==================脚本执行- 北京时间(UTC+8)：6/14/2021, 11:50:00 AM=====================
Jun 14 11:50:00 
Jun 14 11:50:00 ==================脚本执行- 北京时间(UTC+8)：6/14/2021, 11:50:00 AM=====================
Jun 14 11:50:00 
Jun 14 12:50:00 
Jun 14 12:50:00 🔔京喜工厂, 开始!
Jun 14 12:50:00 您的cookie选择的是用&隔开
Jun 14 12:50:00 
Jun 14 12:50:00 
Jun 14 12:50:00 ====================共有2个京东账号Cookie=========
Jun 14 12:50:00 
Jun 14 12:50:00 
Jun 14 12:50:00 🔔京喜工厂, 开始!
Jun 14 12:50:00 您的cookie选择的是用&隔开
Jun 14 12:50:00 
Jun 14 12:50:00 
Jun 14 12:50:00 ====================共有2个京东账号Cookie=========
Jun 14 12:50:00 
Jun 14 12:50:00 ==================脚本执行- 北京时间(UTC+8)：6/14/2021, 12:50:00 PM=====================
Jun 14 12:50:00 
Jun 14 12:50:00 ==================脚本执行- 北京时间(UTC+8)：6/14/2021, 12:50:00 PM=====================
Jun 14 12:50:00 
Jun 14 13:50:00 
Jun 14 13:50:00 🔔京喜工厂, 开始!
Jun 14 13:50:00 您的cookie选择的是用&隔开
Jun 14 13:50:00 
Jun 14 13:50:00 
Jun 14 13:50:00 ====================共有2个京东账号Cookie=========
Jun 14 13:50:00 
Jun 14 13:50:00 
Jun 14 13:50:00 🔔京喜工厂, 开始!
Jun 14 13:50:00 ==================脚本执行- 北京时间(UTC+8)：6/14/2021, 1:50:00 PM=====================
Jun 14 13:50:00 
Jun 14 13:50:00 您的cookie选择的是用&隔开
Jun 14 13:50:00 
Jun 14 13:50:00 
Jun 14 13:50:00 ====================共有2个京东账号Cookie=========
Jun 14 13:50:00 
Jun 14 13:50:00 ==================脚本执行- 北京时间(UTC+8)：6/14/2021, 1:50:00 PM=====================
Jun 14 13:50:00 
Jun 14 14:50:00 
Jun 14 14:50:00 🔔京喜工厂, 开始!
Jun 14 14:50:00 您的cookie选择的是用&隔开
Jun 14 14:50:00 
Jun 14 14:50:00 
Jun 14 14:50:00 ====================共有2个京东账号Cookie=========
Jun 14 14:50:00 
Jun 14 14:50:00 ==================脚本执行- 北京时间(UTC+8)：6/14/2021, 2:50:00 PM=====================
Jun 14 14:50:00 
Jun 14 14:50:00 
Jun 14 14:50:00 🔔京喜工厂, 开始!
Jun 14 14:50:00 您的cookie选择的是用&隔开
Jun 14 14:50:00 
Jun 14 14:50:00 
Jun 14 14:50:00 ====================共有2个京东账号Cookie=========
Jun 14 14:50:00 
Jun 14 14:50:00 ==================脚本执行- 北京时间(UTC+8)：6/14/2021, 2:50:00 PM=====================
Jun 14 14:50:00 
Jun 14 15:50:01 
Jun 14 15:50:01 🔔京喜工厂, 开始!
Jun 14 15:50:01 
Jun 14 15:50:01 🔔京喜工厂, 开始!
Jun 14 15:50:01 您的cookie选择的是用&隔开
Jun 14 15:50:01 
Jun 14 15:50:01 
Jun 14 15:50:01 ====================共有2个京东账号Cookie=========
Jun 14 15:50:01 
Jun 14 15:50:01 您的cookie选择的是用&隔开
Jun 14 15:50:01 
Jun 14 15:50:01 
Jun 14 15:50:01 ====================共有2个京东账号Cookie=========
Jun 14 15:50:01 
Jun 14 15:50:01 ==================脚本执行- 北京时间(UTC+8)：6/14/2021, 3:50:01 PM=====================
Jun 14 15:50:01 
Jun 14 15:50:01 ==================脚本执行- 北京时间(UTC+8)：6/14/2021, 3:50:01 PM=====================
Jun 14 15:50:01 
Jun 14 16:50:00 
Jun 14 16:50:00 🔔京喜工厂, 开始!
Jun 14 16:50:00 您的cookie选择的是用&隔开
Jun 14 16:50:00 
Jun 14 16:50:00 
Jun 14 16:50:00 ====================共有2个京东账号Cookie=========
Jun 14 16:50:00 
Jun 14 16:50:00 
Jun 14 16:50:00 🔔京喜工厂, 开始!
Jun 14 16:50:00 您的cookie选择的是用&隔开
Jun 14 16:50:00 
Jun 14 16:50:00 
Jun 14 16:50:00 ====================共有2个京东账号Cookie=========
Jun 14 16:50:00 
Jun 14 16:50:00 ==================脚本执行- 北京时间(UTC+8)：6/14/2021, 4:50:00 PM=====================
Jun 14 16:50:00 
Jun 14 16:50:00 ==================脚本执行- 北京时间(UTC+8)：6/14/2021, 4:50:00 PM=====================
Jun 14 16:50:00 
Jun 14 17:50:00 
Jun 14 17:50:00 🔔京喜工厂, 开始!
Jun 14 17:50:00 
Jun 14 17:50:00 🔔京喜工厂, 开始!
Jun 14 17:50:00 您的cookie选择的是用&隔开
Jun 14 17:50:00 
Jun 14 17:50:00 
Jun 14 17:50:00 ====================共有2个京东账号Cookie=========
Jun 14 17:50:00 
Jun 14 17:50:00 您的cookie选择的是用&隔开
Jun 14 17:50:00 
Jun 14 17:50:00 
Jun 14 17:50:00 ====================共有2个京东账号Cookie=========
Jun 14 17:50:00 
Jun 14 17:50:00 ==================脚本执行- 北京时间(UTC+8)：6/14/2021, 5:50:00 PM=====================
Jun 14 17:50:00 
Jun 14 17:50:00 ==================脚本执行- 北京时间(UTC+8)：6/14/2021, 5:50:00 PM=====================
Jun 14 17:50:00 
Jun 14 18:50:00 
Jun 14 18:50:00 🔔京喜工厂, 开始!
Jun 14 18:50:00 您的cookie选择的是用&隔开
Jun 14 18:50:00 
Jun 14 18:50:00 
Jun 14 18:50:00 ====================共有2个京东账号Cookie=========
Jun 14 18:50:00 
Jun 14 18:50:00 
Jun 14 18:50:00 🔔京喜工厂, 开始!
Jun 14 18:50:00 您的cookie选择的是用&隔开
Jun 14 18:50:00 
Jun 14 18:50:00 
Jun 14 18:50:00 ====================共有2个京东账号Cookie=========
Jun 14 18:50:00 
Jun 14 18:50:00 ==================脚本执行- 北京时间(UTC+8)：6/14/2021, 6:50:00 PM=====================
Jun 14 18:50:00 
Jun 14 18:50:00 ==================脚本执行- 北京时间(UTC+8)：6/14/2021, 6:50:00 PM=====================
Jun 14 18:50:00 
Jun 14 19:50:00 
Jun 14 19:50:00 🔔京喜工厂, 开始!
Jun 14 19:50:00 您的cookie选择的是用&隔开
Jun 14 19:50:00 
Jun 14 19:50:00 
Jun 14 19:50:00 ====================共有2个京东账号Cookie=========
Jun 14 19:50:00 
Jun 14 19:50:00 
Jun 14 19:50:00 🔔京喜工厂, 开始!
Jun 14 19:50:00 您的cookie选择的是用&隔开
Jun 14 19:50:00 
Jun 14 19:50:00 
Jun 14 19:50:00 ====================共有2个京东账号Cookie=========
Jun 14 19:50:00 
Jun 14 19:50:00 ==================脚本执行- 北京时间(UTC+8)：6/14/2021, 7:50:00 PM=====================
Jun 14 19:50:00 
Jun 14 19:50:00 ==================脚本执行- 北京时间(UTC+8)：6/14/2021, 7:50:00 PM=====================
Jun 14 19:50:00 
Jun 14 20:50:00 
Jun 14 20:50:00 🔔京喜工厂, 开始!
Jun 14 20:50:00 您的cookie选择的是用&隔开
Jun 14 20:50:00 
Jun 14 20:50:00 
Jun 14 20:50:00 ====================共有2个京东账号Cookie=========
Jun 14 20:50:00 
Jun 14 20:50:00 ==================脚本执行- 北京时间(UTC+8)：6/14/2021, 8:50:00 PM=====================
Jun 14 20:50:00 
Jun 14 20:50:00 
Jun 14 20:50:00 🔔京喜工厂, 开始!
Jun 14 20:50:00 您的cookie选择的是用&隔开
Jun 14 20:50:00 
Jun 14 20:50:00 
Jun 14 20:50:00 ====================共有2个京东账号Cookie=========
Jun 14 20:50:00 
Jun 14 20:50:00 ==================脚本执行- 北京时间(UTC+8)：6/14/2021, 8:50:00 PM=====================
Jun 14 20:50:00 
Jun 14 21:50:00 
Jun 14 21:50:00 🔔京喜工厂, 开始!
Jun 14 21:50:00 您的cookie选择的是用&隔开
Jun 14 21:50:00 
Jun 14 21:50:00 
Jun 14 21:50:00 ====================共有2个京东账号Cookie=========
Jun 14 21:50:00 
Jun 14 21:50:00 
Jun 14 21:50:00 🔔京喜工厂, 开始!
Jun 14 21:50:00 您的cookie选择的是用&隔开
Jun 14 21:50:00 
Jun 14 21:50:00 
Jun 14 21:50:00 ====================共有2个京东账号Cookie=========
Jun 14 21:50:00 
Jun 14 21:50:00 ==================脚本执行- 北京时间(UTC+8)：6/14/2021, 9:50:00 PM=====================
Jun 14 21:50:00 
Jun 14 21:50:00 ==================脚本执行- 北京时间(UTC+8)：6/14/2021, 9:50:00 PM=====================
Jun 14 21:50:00 
Jun 14 22:50:00 
Jun 14 22:50:00 🔔京喜工厂, 开始!
Jun 14 22:50:00 您的cookie选择的是用&隔开
Jun 14 22:50:00 
Jun 14 22:50:00 
Jun 14 22:50:00 ====================共有2个京东账号Cookie=========
Jun 14 22:50:00 
Jun 14 22:50:00 
Jun 14 22:50:00 🔔京喜工厂, 开始!
Jun 14 22:50:00 您的cookie选择的是用&隔开
Jun 14 22:50:00 
Jun 14 22:50:00 
Jun 14 22:50:00 ====================共有2个京东账号Cookie=========
Jun 14 22:50:00 
Jun 14 22:50:00 ==================脚本执行- 北京时间(UTC+8)：6/14/2021, 10:50:00 PM=====================
Jun 14 22:50:00 
Jun 14 22:50:00 ==================脚本执行- 北京时间(UTC+8)：6/14/2021, 10:50:00 PM=====================
Jun 14 22:50:00 
Jun 14 23:50:01 
Jun 14 23:50:01 🔔京喜工厂, 开始!
Jun 14 23:50:01 您的cookie选择的是用&隔开
Jun 14 23:50:01 
Jun 14 23:50:01 
Jun 14 23:50:01 ====================共有2个京东账号Cookie=========
Jun 14 23:50:01 
Jun 14 23:50:01 ==================脚本执行- 北京时间(UTC+8)：6/14/2021, 11:50:01 PM=====================
Jun 14 23:50:01 
Jun 14 23:50:01 
Jun 14 23:50:01 🔔京喜工厂, 开始!
Jun 14 23:50:01 您的cookie选择的是用&隔开
Jun 14 23:50:01 
Jun 14 23:50:01 
Jun 14 23:50:01 ====================共有2个京东账号Cookie=========
Jun 14 23:50:01 
Jun 14 23:50:01 ==================脚本执行- 北京时间(UTC+8)：6/14/2021, 11:50:01 PM=====================
Jun 14 23:50:01 
Jun 15 00:50:01 
Jun 15 00:50:01 🔔京喜工厂, 开始!
Jun 15 00:50:01 您的cookie选择的是用&隔开
Jun 15 00:50:01 
Jun 15 00:50:01 
Jun 15 00:50:01 ====================共有2个京东账号Cookie=========
Jun 15 00:50:01 
Jun 15 00:50:01 
Jun 15 00:50:01 🔔京喜工厂, 开始!
Jun 15 00:50:01 您的cookie选择的是用&隔开
Jun 15 00:50:01 
Jun 15 00:50:01 
Jun 15 00:50:01 ====================共有2个京东账号Cookie=========
Jun 15 00:50:01 
Jun 15 00:50:01 ==================脚本执行- 北京时间(UTC+8)：6/15/2021, 12:50:01 AM=====================
Jun 15 00:50:01 
Jun 15 00:50:01 ==================脚本执行- 北京时间(UTC+8)：6/15/2021, 12:50:01 AM=====================
Jun 15 00:50:01 
Jun 15 01:50:00 
Jun 15 01:50:00 🔔京喜工厂, 开始!
Jun 15 01:50:00 
Jun 15 01:50:00 🔔京喜工厂, 开始!
Jun 15 01:50:00 您的cookie选择的是用&隔开
Jun 15 01:50:00 
Jun 15 01:50:00 
Jun 15 01:50:00 ====================共有2个京东账号Cookie=========
Jun 15 01:50:00 
Jun 15 01:50:00 您的cookie选择的是用&隔开
Jun 15 01:50:00 
Jun 15 01:50:00 
Jun 15 01:50:00 ====================共有2个京东账号Cookie=========
Jun 15 01:50:00 
Jun 15 01:50:00 ==================脚本执行- 北京时间(UTC+8)：6/15/2021, 1:50:00 AM=====================
Jun 15 01:50:00 
Jun 15 01:50:00 ==================脚本执行- 北京时间(UTC+8)：6/15/2021, 1:50:00 AM=====================
Jun 15 01:50:00 
Jun 15 02:50:00 
Jun 15 02:50:00 🔔京喜工厂, 开始!
Jun 15 02:50:00 
Jun 15 02:50:00 🔔京喜工厂, 开始!
Jun 15 02:50:00 您的cookie选择的是用&隔开
Jun 15 02:50:00 
Jun 15 02:50:00 
Jun 15 02:50:00 ====================共有2个京东账号Cookie=========
Jun 15 02:50:00 
Jun 15 02:50:00 您的cookie选择的是用&隔开
Jun 15 02:50:00 
Jun 15 02:50:00 
Jun 15 02:50:00 ====================共有2个京东账号Cookie=========
Jun 15 02:50:00 
Jun 15 02:50:00 ==================脚本执行- 北京时间(UTC+8)：6/15/2021, 2:50:00 AM=====================
Jun 15 02:50:00 
Jun 15 02:50:00 ==================脚本执行- 北京时间(UTC+8)：6/15/2021, 2:50:00 AM=====================
Jun 15 02:50:00 
Jun 15 03:50:00 
Jun 15 03:50:00 🔔京喜工厂, 开始!
Jun 15 03:50:00 您的cookie选择的是用&隔开
Jun 15 03:50:00 
Jun 15 03:50:00 
Jun 15 03:50:00 ====================共有2个京东账号Cookie=========
Jun 15 03:50:00 
Jun 15 03:50:00 
Jun 15 03:50:00 🔔京喜工厂, 开始!
Jun 15 03:50:00 您的cookie选择的是用&隔开
Jun 15 03:50:00 
Jun 15 03:50:00 
Jun 15 03:50:00 ====================共有2个京东账号Cookie=========
Jun 15 03:50:00 
Jun 15 03:50:00 ==================脚本执行- 北京时间(UTC+8)：6/15/2021, 3:50:00 AM=====================
Jun 15 03:50:00 
Jun 15 03:50:00 ==================脚本执行- 北京时间(UTC+8)：6/15/2021, 3:50:00 AM=====================
Jun 15 03:50:00 
Jun 15 04:50:00 
Jun 15 04:50:00 🔔京喜工厂, 开始!
Jun 15 04:50:00 您的cookie选择的是用&隔开
Jun 15 04:50:00 
Jun 15 04:50:00 
Jun 15 04:50:00 ====================共有2个京东账号Cookie=========
Jun 15 04:50:00 
Jun 15 04:50:00 
Jun 15 04:50:00 🔔京喜工厂, 开始!
Jun 15 04:50:00 您的cookie选择的是用&隔开
Jun 15 04:50:00 
Jun 15 04:50:00 
Jun 15 04:50:00 ====================共有2个京东账号Cookie=========
Jun 15 04:50:00 
Jun 15 04:50:00 ==================脚本执行- 北京时间(UTC+8)：6/15/2021, 4:50:00 AM=====================
Jun 15 04:50:00 
Jun 15 04:50:00 ==================脚本执行- 北京时间(UTC+8)：6/15/2021, 4:50:00 AM=====================
Jun 15 04:50:00 
Jun 15 05:50:00 
Jun 15 05:50:00 🔔京喜工厂, 开始!
Jun 15 05:50:00 您的cookie选择的是用&隔开
Jun 15 05:50:00 
Jun 15 05:50:00 
Jun 15 05:50:00 ====================共有2个京东账号Cookie=========
Jun 15 05:50:00 
Jun 15 05:50:00 ==================脚本执行- 北京时间(UTC+8)：6/15/2021, 5:50:00 AM=====================
Jun 15 05:50:00 
Jun 15 05:50:00 
Jun 15 05:50:00 🔔京喜工厂, 开始!
Jun 15 05:50:00 您的cookie选择的是用&隔开
Jun 15 05:50:00 
Jun 15 05:50:00 
Jun 15 05:50:00 ====================共有2个京东账号Cookie=========
Jun 15 05:50:00 
Jun 15 05:50:00 ==================脚本执行- 北京时间(UTC+8)：6/15/2021, 5:50:00 AM=====================
Jun 15 05:50:00 
Jun 15 06:50:00 
Jun 15 06:50:00 🔔京喜工厂, 开始!
Jun 15 06:50:00 您的cookie选择的是用&隔开
Jun 15 06:50:00 
Jun 15 06:50:00 
Jun 15 06:50:00 ====================共有2个京东账号Cookie=========
Jun 15 06:50:00 
Jun 15 06:50:00 
Jun 15 06:50:00 🔔京喜工厂, 开始!
Jun 15 06:50:00 您的cookie选择的是用&隔开
Jun 15 06:50:00 
Jun 15 06:50:00 
Jun 15 06:50:00 ====================共有2个京东账号Cookie=========
Jun 15 06:50:00 
Jun 15 06:50:00 ==================脚本执行- 北京时间(UTC+8)：6/15/2021, 6:50:00 AM=====================
Jun 15 06:50:00 
Jun 15 06:50:00 ==================脚本执行- 北京时间(UTC+8)：6/15/2021, 6:50:00 AM=====================
Jun 15 06:50:00 
Jun 15 07:50:00 
Jun 15 07:50:00 🔔京喜工厂, 开始!
Jun 15 07:50:00 
Jun 15 07:50:00 🔔京喜工厂, 开始!
Jun 15 07:50:00 您的cookie选择的是用&隔开
Jun 15 07:50:00 
Jun 15 07:50:00 
Jun 15 07:50:00 ====================共有2个京东账号Cookie=========
Jun 15 07:50:00 
Jun 15 07:50:00 您的cookie选择的是用&隔开
Jun 15 07:50:00 
Jun 15 07:50:00 
Jun 15 07:50:00 ====================共有2个京东账号Cookie=========
Jun 15 07:50:00 
Jun 15 07:50:00 ==================脚本执行- 北京时间(UTC+8)：6/15/2021, 7:50:00 AM=====================
Jun 15 07:50:00 
Jun 15 07:50:00 ==================脚本执行- 北京时间(UTC+8)：6/15/2021, 7:50:00 AM=====================
Jun 15 07:50:00 
Jun 15 08:50:00 
Jun 15 08:50:00 🔔京喜工厂, 开始!
Jun 15 08:50:00 您的cookie选择的是用&隔开
Jun 15 08:50:00 
Jun 15 08:50:00 
Jun 15 08:50:00 ====================共有2个京东账号Cookie=========
Jun 15 08:50:00 
Jun 15 08:50:00 
Jun 15 08:50:00 🔔京喜工厂, 开始!
Jun 15 08:50:00 您的cookie选择的是用&隔开
Jun 15 08:50:00 
Jun 15 08:50:00 
Jun 15 08:50:00 ====================共有2个京东账号Cookie=========
Jun 15 08:50:00 
Jun 15 08:50:00 ==================脚本执行- 北京时间(UTC+8)：6/15/2021, 8:50:00 AM=====================
Jun 15 08:50:00 
Jun 15 08:50:01 ==================脚本执行- 北京时间(UTC+8)：6/15/2021, 8:50:00 AM=====================
Jun 15 08:50:01 
Jun 15 09:50:00 
Jun 15 09:50:00 🔔京喜工厂, 开始!
Jun 15 09:50:00 您的cookie选择的是用&隔开
Jun 15 09:50:00 
Jun 15 09:50:00 
Jun 15 09:50:00 ====================共有2个京东账号Cookie=========
Jun 15 09:50:00 
Jun 15 09:50:00 
Jun 15 09:50:00 🔔京喜工厂, 开始!
Jun 15 09:50:00 您的cookie选择的是用&隔开
Jun 15 09:50:00 
Jun 15 09:50:00 
Jun 15 09:50:00 ====================共有2个京东账号Cookie=========
Jun 15 09:50:00 
Jun 15 09:50:00 ==================脚本执行- 北京时间(UTC+8)：6/15/2021, 9:50:00 AM=====================
Jun 15 09:50:00 
Jun 15 09:50:00 ==================脚本执行- 北京时间(UTC+8)：6/15/2021, 9:50:00 AM=====================
Jun 15 09:50:00 
Jun 15 10:50:00 
Jun 15 10:50:00 🔔京喜工厂, 开始!
Jun 15 10:50:00 您的cookie选择的是用&隔开
Jun 15 10:50:00 
Jun 15 10:50:00 
Jun 15 10:50:00 ====================共有2个京东账号Cookie=========
Jun 15 10:50:00 
Jun 15 10:50:00 
Jun 15 10:50:00 🔔京喜工厂, 开始!
Jun 15 10:50:00 您的cookie选择的是用&隔开
Jun 15 10:50:00 
Jun 15 10:50:00 
Jun 15 10:50:00 ====================共有2个京东账号Cookie=========
Jun 15 10:50:00 
Jun 15 10:50:00 ==================脚本执行- 北京时间(UTC+8)：6/15/2021, 10:50:00 AM=====================
Jun 15 10:50:00 
Jun 15 10:50:00 ==================脚本执行- 北京时间(UTC+8)：6/15/2021, 10:50:00 AM=====================
Jun 15 10:50:00 
Jun 15 11:50:00 
Jun 15 11:50:00 🔔京喜工厂, 开始!
Jun 15 11:50:00 您的cookie选择的是用&隔开
Jun 15 11:50:00 
Jun 15 11:50:00 
Jun 15 11:50:00 ====================共有2个京东账号Cookie=========
Jun 15 11:50:00 
Jun 15 11:50:00 ==================脚本执行- 北京时间(UTC+8)：6/15/2021, 11:50:00 AM=====================
Jun 15 11:50:00 
Jun 15 11:50:00 
Jun 15 11:50:00 🔔京喜工厂, 开始!
Jun 15 11:50:00 您的cookie选择的是用&隔开
Jun 15 11:50:00 
Jun 15 11:50:00 
Jun 15 11:50:00 ====================共有2个京东账号Cookie=========
Jun 15 11:50:00 
Jun 15 11:50:00 ==================脚本执行- 北京时间(UTC+8)：6/15/2021, 11:50:00 AM=====================
Jun 15 11:50:00 
Jun 15 12:50:00 
Jun 15 12:50:00 🔔京喜工厂, 开始!
Jun 15 12:50:00 您的cookie选择的是用&隔开
Jun 15 12:50:00 
Jun 15 12:50:00 
Jun 15 12:50:00 ====================共有2个京东账号Cookie=========
Jun 15 12:50:00Jun 15 12:50:00 
 
Jun 15 12:50:00 🔔京喜工厂, 开始!
Jun 15 12:50:00 您的cookie选择的是用&隔开
Jun 15 12:50:00 
Jun 15 12:50:00 
Jun 15 12:50:00 ====================共有2个京东账号Cookie=========
Jun 15 12:50:00 
Jun 15 12:50:00 ==================脚本执行- 北京时间(UTC+8)：6/15/2021, 12:50:00 PM=====================
Jun 15 12:50:00 
Jun 15 12:50:00 ==================脚本执行- 北京时间(UTC+8)：6/15/2021, 12:50:00 PM=====================
Jun 15 12:50:00 
Jun 15 13:50:00 
Jun 15 13:50:00 🔔京喜工厂, 开始!
Jun 15 13:50:00 
Jun 15 13:50:00 🔔京喜工厂, 开始!
Jun 15 13:50:00 您的cookie选择的是用&隔开
Jun 15 13:50:00 
Jun 15 13:50:00 
Jun 15 13:50:00 ====================共有2个京东账号Cookie=========
Jun 15 13:50:00 
Jun 15 13:50:00 您的cookie选择的是用&隔开
Jun 15 13:50:00 
Jun 15 13:50:00 
Jun 15 13:50:00 ====================共有2个京东账号Cookie=========
Jun 15 13:50:00 
Jun 15 13:50:00 ==================脚本执行- 北京时间(UTC+8)：6/15/2021, 1:50:00 PM=====================
Jun 15 13:50:00 
Jun 15 13:50:00 ==================脚本执行- 北京时间(UTC+8)：6/15/2021, 1:50:00 PM=====================
Jun 15 13:50:00 
Jun 15 14:50:00 
Jun 15 14:50:00 🔔京喜工厂, 开始!
Jun 15 14:50:00 
Jun 15 14:50:00 🔔京喜工厂, 开始!
Jun 15 14:50:00 您的cookie选择的是用&隔开
Jun 15 14:50:00 
Jun 15 14:50:00 
Jun 15 14:50:00 ====================共有2个京东账号Cookie=========
Jun 15 14:50:00 
Jun 15 14:50:00 您的cookie选择的是用&隔开
Jun 15 14:50:00 
Jun 15 14:50:00 
Jun 15 14:50:00 ====================共有2个京东账号Cookie=========
Jun 15 14:50:00 
Jun 15 14:50:00 ==================脚本执行- 北京时间(UTC+8)：6/15/2021, 2:50:00 PM=====================
Jun 15 14:50:00 
Jun 15 14:50:00 ==================脚本执行- 北京时间(UTC+8)：6/15/2021, 2:50:00 PM=====================
Jun 15 14:50:00 
Jun 15 15:50:00 
Jun 15 15:50:00 🔔京喜工厂, 开始!
Jun 15 15:50:00 
Jun 15 15:50:00 🔔京喜工厂, 开始!
Jun 15 15:50:00 您的cookie选择的是用&隔开
Jun 15 15:50:00 
Jun 15 15:50:00 
Jun 15 15:50:00 ====================共有2个京东账号Cookie=========
Jun 15 15:50:00 
Jun 15 15:50:00 您的cookie选择的是用&隔开
Jun 15 15:50:00 
Jun 15 15:50:00 
Jun 15 15:50:00 ====================共有2个京东账号Cookie=========
Jun 15 15:50:00 
Jun 15 15:50:00 ==================脚本执行- 北京时间(UTC+8)：6/15/2021, 3:50:00 PM=====================
Jun 15 15:50:00 
Jun 15 15:50:00 ==================脚本执行- 北京时间(UTC+8)：6/15/2021, 3:50:00 PM=====================
Jun 15 15:50:00 
Jun 15 16:50:00 
Jun 15 16:50:00 🔔京喜工厂, 开始!
Jun 15 16:50:00 您的cookie选择的是用&隔开
Jun 15 16:50:00 
Jun 15 16:50:00 
Jun 15 16:50:00 ====================共有2个京东账号Cookie=========
Jun 15 16:50:00 
Jun 15 16:50:00 ==================脚本执行- 北京时间(UTC+8)：6/15/2021, 4:50:00 PM=====================
Jun 15 16:50:00 
Jun 15 16:50:00 
Jun 15 16:50:00 🔔京喜工厂, 开始!
Jun 15 16:50:00 您的cookie选择的是用&隔开
Jun 15 16:50:00 
Jun 15 16:50:00 
Jun 15 16:50:00 ====================共有2个京东账号Cookie=========
Jun 15 16:50:00 
Jun 15 16:50:00 ==================脚本执行- 北京时间(UTC+8)：6/15/2021, 4:50:00 PM=====================
Jun 15 16:50:00 
