Jun 14 01:13:00 
Jun 14 01:13:00 ?小鸽有礼-每日抽奖, 开始!
Jun 14 01:13:00 您的cookie选择的是用&隔开
Jun 14 01:13:00 
Jun 14 01:13:00 
Jun 14 01:13:00 ====================共有2个京东账号Cookie=========
Jun 14 01:13:00 
Jun 14 01:13:00 
Jun 14 01:13:00 ?小鸽有礼-每日抽奖, 开始!
Jun 14 01:13:00 您的cookie选择的是用&隔开
Jun 14 01:13:00 
Jun 14 01:13:00 
Jun 14 01:13:00 ====================共有2个京东账号Cookie=========
Jun 14 01:13:00 
Jun 14 01:13:00 ==================脚本执行- 北京时间(UTC+8)：6/14/2021, 1:13:00 AM=====================
Jun 14 01:13:00 
Jun 14 01:13:00 ==================脚本执行- 北京时间(UTC+8)：6/14/2021, 1:13:00 AM=====================
Jun 14 01:13:00 
Jun 14 01:13:00 
Jun 14 01:13:00 *****开始【京东账号1】赛格di*****
Jun 14 01:13:00 
Jun 14 01:13:00 
Jun 14 01:13:00 *****开始【京东账号1】赛格di*****
Jun 14 01:13:00 
Jun 14 01:13:05 初始化
Jun 14 01:13:05 jd_RbuUwXHBNnJR获取任务列表失败
Jun 14 01:13:05 初始化
Jun 14 01:13:05 jd_RbuUwXHBNnJR获取任务列表失败
Jun 14 01:13:05 
Jun 14 01:13:05 *****开始【京东账号2】了来风*****
Jun 14 01:13:05 
Jun 14 01:13:05 
Jun 14 01:13:05 *****开始【京东账号2】了来风*****
Jun 14 01:13:05 
Jun 14 01:13:05 初始化
Jun 14 01:13:05 jd_fMRfXcJHjROT获取任务列表失败
Jun 14 01:13:05 
Jun 14 01:13:05 ?小鸽有礼-每日抽奖, 结束! ? 5.422 秒
Jun 14 01:13:05 
Jun 14 01:13:05 初始化
Jun 14 01:13:05 jd_fMRfXcJHjROT获取任务列表失败
Jun 14 01:13:05 
Jun 14 01:13:05 ?小鸽有礼-每日抽奖, 结束! ? 5.501 秒
Jun 14 01:13:05 
Jun 14 22:13:00 
Jun 14 22:13:00 ?小鸽有礼-每日抽奖, 开始!
Jun 14 22:13:00 
Jun 14 22:13:00 ?小鸽有礼-每日抽奖, 开始!
Jun 14 22:13:00 您的cookie选择的是用&隔开
Jun 14 22:13:00 
Jun 14 22:13:00 
Jun 14 22:13:00 ====================共有2个京东账号Cookie=========
Jun 14 22:13:00 
Jun 14 22:13:00 您的cookie选择的是用&隔开
Jun 14 22:13:00 
Jun 14 22:13:00 
Jun 14 22:13:00 ====================共有2个京东账号Cookie=========
Jun 14 22:13:00 
Jun 14 22:13:00 ==================脚本执行- 北京时间(UTC+8)：6/14/2021, 10:13:00 PM=====================
Jun 14 22:13:00 
Jun 14 22:13:00 ==================脚本执行- 北京时间(UTC+8)：6/14/2021, 10:13:00 PM=====================
Jun 14 22:13:00 
Jun 14 22:13:00 
Jun 14 22:13:00 *****开始【京东账号1】赛格di*****
Jun 14 22:13:00 
Jun 14 22:13:00 
Jun 14 22:13:00 *****开始【京东账号1】赛格di*****
Jun 14 22:13:00 
Jun 14 22:13:05 初始化
Jun 14 22:13:05 jd_RbuUwXHBNnJR获取任务列表失败
Jun 14 22:13:05 初始化
Jun 14 22:13:05 jd_RbuUwXHBNnJR获取任务列表失败
Jun 14 22:13:06 
Jun 14 22:13:06 *****开始【京东账号2】了来风*****
Jun 14 22:13:06 
Jun 14 22:13:06 
Jun 14 22:13:06 *****开始【京东账号2】了来风*****
Jun 14 22:13:06 
Jun 14 22:13:06 初始化
Jun 14 22:13:06 jd_fMRfXcJHjROT获取任务列表失败
Jun 14 22:13:06 
Jun 14 22:13:06 ?小鸽有礼-每日抽奖, 结束! ? 5.489 秒
Jun 14 22:13:06 
Jun 14 22:13:06 初始化
Jun 14 22:13:06 jd_fMRfXcJHjROT获取任务列表失败
Jun 14 22:13:06 
Jun 14 22:13:06 ?小鸽有礼-每日抽奖, 结束! ? 5.525 秒
Jun 14 22:13:06 
Jun 14 23:13:00 
Jun 14 23:13:00 ?小鸽有礼-每日抽奖, 开始!
Jun 14 23:13:00 
Jun 14 23:13:00 ?小鸽有礼-每日抽奖, 开始!
Jun 14 23:13:00 您的cookie选择的是用&隔开
Jun 14 23:13:00 
Jun 14 23:13:00 
Jun 14 23:13:00 ====================共有2个京东账号Cookie=========
Jun 14 23:13:00 
Jun 14 23:13:00 您的cookie选择的是用&隔开
Jun 14 23:13:00 
Jun 14 23:13:00 
Jun 14 23:13:00 ====================共有2个京东账号Cookie=========
Jun 14 23:13:00 
Jun 14 23:13:00 ==================脚本执行- 北京时间(UTC+8)：6/14/2021, 11:13:00 PM=====================
Jun 14 23:13:00 
Jun 14 23:13:00 ==================脚本执行- 北京时间(UTC+8)：6/14/2021, 11:13:00 PM=====================
Jun 14 23:13:00 
Jun 14 23:13:00 
Jun 14 23:13:00 *****开始【京东账号1】赛格di*****
Jun 14 23:13:00 
Jun 14 23:13:00 
Jun 14 23:13:00 *****开始【京东账号1】赛格di*****
Jun 14 23:13:00 
Jun 14 23:13:05 初始化
Jun 14 23:13:05 jd_RbuUwXHBNnJR获取任务列表失败
Jun 14 23:13:06 
Jun 14 23:13:06 *****开始【京东账号2】了来风*****
Jun 14 23:13:06 
Jun 14 23:13:06 初始化
Jun 14 23:13:06 jd_RbuUwXHBNnJR获取任务列表失败
Jun 14 23:13:06 
Jun 14 23:13:06 *****开始【京东账号2】了来风*****
Jun 14 23:13:06 
Jun 14 23:13:06 初始化
Jun 14 23:13:06 jd_fMRfXcJHjROT获取任务列表失败
Jun 14 23:13:06 
Jun 14 23:13:06 ?小鸽有礼-每日抽奖, 结束! ? 5.484 秒
Jun 14 23:13:06 
Jun 14 23:13:06 初始化
Jun 14 23:13:06 jd_fMRfXcJHjROT获取任务列表失败
Jun 14 23:13:06 
Jun 14 23:13:06 ?小鸽有礼-每日抽奖, 结束! ? 5.542 秒
Jun 14 23:13:06 
Jun 15 01:13:00 
Jun 15 01:13:00 ?小鸽有礼-每日抽奖, 开始!
Jun 15 01:13:00 您的cookie选择的是用&隔开
Jun 15 01:13:00 
Jun 15 01:13:00 
Jun 15 01:13:00 ====================共有2个京东账号Cookie=========
Jun 15 01:13:00 
Jun 15 01:13:00 
Jun 15 01:13:00 ?小鸽有礼-每日抽奖, 开始!
Jun 15 01:13:00 您的cookie选择的是用&隔开
Jun 15 01:13:00 
Jun 15 01:13:00 
Jun 15 01:13:00 ====================共有2个京东账号Cookie=========
Jun 15 01:13:00 
Jun 15 01:13:00 ==================脚本执行- 北京时间(UTC+8)：6/15/2021, 1:13:00 AM=====================
Jun 15 01:13:00 
Jun 15 01:13:00 ==================脚本执行- 北京时间(UTC+8)：6/15/2021, 1:13:00 AM=====================
Jun 15 01:13:00 
Jun 15 01:13:00 
Jun 15 01:13:00 *****开始【京东账号1】赛格di*****
Jun 15 01:13:00 
Jun 15 01:13:00 
Jun 15 01:13:00 *****开始【京东账号1】赛格di*****
Jun 15 01:13:00 
Jun 15 01:13:00 初始化
Jun 15 01:13:00 开始执行任务
Jun 15 01:13:00 初始化
Jun 15 01:13:00 开始执行任务
Jun 15 01:13:01 {"code":-130,"success":false}
Jun 15 01:13:01 每日签到，任务执行失败
Jun 15 01:13:06 {"error_response":{"en_desc":"backend  service timeout","zh_desc":"后端服务响应超时","code":65}}
Jun 15 01:13:06 每日签到，任务执行失败
Jun 15 01:13:07 {"code":2,"errorMsg":"系统错误","msg":"系统错误","success":false}
Jun 15 01:13:07 每日分享好友，任务执行失败
Jun 15 01:13:07 {"error_response":{"en_desc":"backend  service timeout","zh_desc":"后端服务响应超时","code":65}}
Jun 15 01:13:07 每日分享好友，任务执行失败
Jun 15 01:13:08 {"code":2,"errorMsg":"系统错误","msg":"系统错误","success":false}
Jun 15 01:13:08 浏览会场，任务执行失败
Jun 15 01:13:08 {"code":-130,"success":false}
Jun 15 01:13:08 浏览会场，任务执行失败
Jun 15 01:13:09 {"code":2,"errorMsg":"系统错误","msg":"系统错误","success":false}
Jun 15 01:13:09 浏览会场，任务执行失败
Jun 15 01:13:09 {"code":-130,"success":false}
Jun 15 01:13:09 浏览会场，任务执行失败
Jun 15 01:13:10 开始领任务奖励
Jun 15 01:13:15 开始领任务奖励
Jun 15 01:13:16 共有2次抽奖机会
Jun 15 01:13:17 小鸽有礼-每日抽奖第1次抽奖，获得：未中奖
Jun 15 01:13:18 小鸽有礼-每日抽奖第2次抽奖，获得：未中奖
Jun 15 01:13:18 
Jun 15 01:13:18 *****开始【京东账号2】了来风*****
Jun 15 01:13:18 
Jun 15 01:13:19 初始化
Jun 15 01:13:19 jd_fMRfXcJHjROT获取任务列表失败
Jun 15 01:13:19 
Jun 15 01:13:19 ?小鸽有礼-每日抽奖, 结束! ? 19.1 秒
Jun 15 01:13:19 
Jun 15 01:13:21 共有2次抽奖机会
Jun 15 01:13:22 小鸽有礼-每日抽奖第1次抽奖失败
Jun 15 01:13:23 小鸽有礼-每日抽奖第2次抽奖失败
Jun 15 01:13:23 
Jun 15 01:13:23 *****开始【京东账号2】了来风*****
Jun 15 01:13:23 
Jun 15 01:13:28 初始化
Jun 15 01:13:28 jd_fMRfXcJHjROT获取任务列表失败
Jun 15 01:13:28 
Jun 15 01:13:28 ?小鸽有礼-每日抽奖, 结束! ? 28.903 秒
Jun 15 01:13:28 
