Jun 14 06:10:00 
Jun 14 06:10:00 🔔京东家庭号, 开始!
Jun 14 06:10:00 您的cookie选择的是用&隔开
Jun 14 06:10:00 
Jun 14 06:10:00 
Jun 14 06:10:00 ====================共有2个京东账号Cookie=========
Jun 14 06:10:00 
Jun 14 06:10:00 
Jun 14 06:10:00 🔔京东家庭号, 开始!
Jun 14 06:10:00 ==================脚本执行- 北京时间(UTC+8)：6/14/2021, 6:10:00 AM=====================
Jun 14 06:10:00 
Jun 14 06:10:00 您的cookie选择的是用&隔开
Jun 14 06:10:00 
Jun 14 06:10:00 
Jun 14 06:10:00 ====================共有2个京东账号Cookie=========
Jun 14 06:10:00 
Jun 14 06:10:00 ==================脚本执行- 北京时间(UTC+8)：6/14/2021, 6:10:00 AM=====================
Jun 14 06:10:00 
Jun 14 06:10:00 
Jun 14 06:10:00 ******开始【京东账号1】jd_RbuUwXHBNnJR*********
Jun 14 06:10:00 
Jun 14 06:10:00 
Jun 14 06:10:00 ******开始【京东账号1】jd_RbuUwXHBNnJR*********
Jun 14 06:10:00 
Jun 14 06:10:01 当前幸福值：10682
Jun 14 06:10:01 去做任务5fed97ce5da81a8c069810df
Jun 14 06:10:01 当前幸福值：10682
Jun 14 06:10:01 去做任务5fed97ce5da81a8c069810df
Jun 14 06:10:01 任务完成成功
Jun 14 06:10:01 任务完成成功
Jun 14 06:10:02 去做任务600e29f6986178004811bdb0
Jun 14 06:10:02 去做任务600e29f6986178004811bdb0
Jun 14 06:10:02 任务完成失败，原因未知
Jun 14 06:10:02 任务完成失败，原因未知
Jun 14 06:10:03 去做任务5fed97ce5da81a8c069810de
Jun 14 06:10:03 去做任务5fed97ce5da81a8c069810de
Jun 14 06:10:03 任务完成失败，原因未知
Jun 14 06:10:03 任务完成失败，原因未知
Jun 14 06:10:04 去做任务5fed97ce5da81a8c069810dd
Jun 14 06:10:04 去做任务5fed97ce5da81a8c069810dd
Jun 14 06:10:04 任务完成失败，原因未知
Jun 14 06:10:04 任务完成成功
Jun 14 06:10:05 去做任务5fed97ce5da81a8c069810da
Jun 14 06:10:05 去做任务5fed97ce5da81a8c069810da
Jun 14 06:10:05 任务完成成功
Jun 14 06:10:05 任务完成失败，原因未知
Jun 14 06:10:06 去做任务5fed97ce5da81a8c069810d9
Jun 14 06:10:06 去做任务5fed97ce5da81a8c069810d9
Jun 14 06:10:06 任务完成失败，原因未知
Jun 14 06:10:06 任务完成失败，原因未知
Jun 14 06:10:07 去做任务5fed97ce5da81a8c069810d8
Jun 14 06:10:07 去做任务5fed97ce5da81a8c069810d8
Jun 14 06:10:07 任务完成成功
Jun 14 06:10:07 任务完成失败，原因未知
Jun 14 06:10:08 去做任务5fed97ce5da81a8c069810d7
Jun 14 06:10:08 去做任务5fed97ce5da81a8c069810d7
Jun 14 06:10:08 任务完成失败，原因未知
Jun 14 06:10:08 任务完成失败，原因未知
Jun 14 06:10:09 去做任务5fed97ce5da81a8c069810d6
Jun 14 06:10:09 去做任务5fed97ce5da81a8c069810d6
Jun 14 06:10:09 任务完成失败，原因未知
Jun 14 06:10:09 任务完成成功
Jun 14 06:10:10 去做任务5fed97ce5da81a8c069810d5
Jun 14 06:10:10 去做任务5fed97ce5da81a8c069810d5
Jun 14 06:10:10 任务完成失败，原因未知
Jun 14 06:10:10 任务完成成功
Jun 14 06:10:11 去做任务5fed97ce5da81a8c069810d4
Jun 14 06:10:11 去做任务5fed97ce5da81a8c069810d4
Jun 14 06:10:11 任务完成失败，原因未知
Jun 14 06:10:11 任务完成成功
Jun 14 06:10:13 当前幸福值：10826
Jun 14 06:10:13 京东家庭号
Jun 14 06:10:13 
Jun 14 06:10:13 京东账号1jd_RbuUwXHBNnJR
Jun 14 06:10:13 当前幸福值：10826
Jun 14 06:10:13 当前幸福值：10826
Jun 14 06:10:13 京东家庭号
Jun 14 06:10:13 
Jun 14 06:10:13 京东账号1jd_RbuUwXHBNnJR
Jun 14 06:10:13 当前幸福值：10826
Jun 14 06:10:13 
Jun 14 06:10:13 ******开始【京东账号2】jd_fMRfXcJHjROT*********
Jun 14 06:10:13 
Jun 14 06:10:13 
Jun 14 06:10:13 ******开始【京东账号2】jd_fMRfXcJHjROT*********
Jun 14 06:10:13 
Jun 14 06:10:13 当前幸福值：4286
Jun 14 06:10:13 去做任务5fed97ce5da81a8c069810df
Jun 14 06:10:13 当前幸福值：4286
Jun 14 06:10:13 去做任务5fed97ce5da81a8c069810df
Jun 14 06:10:13 任务完成成功
Jun 14 06:10:13 任务完成成功
Jun 14 06:10:14 去做任务600e29f6986178004811bdb0
Jun 14 06:10:14 去做任务600e29f6986178004811bdb0
Jun 14 06:10:14 任务完成失败，原因未知
Jun 14 06:10:14 任务完成失败，原因未知
Jun 14 06:10:15 去做任务5fed97ce5da81a8c069810de
Jun 14 06:10:15 去做任务5fed97ce5da81a8c069810de
Jun 14 06:10:15 任务完成失败，原因未知
Jun 14 06:10:15 任务完成失败，原因未知
Jun 14 06:10:16 去做任务5fed97ce5da81a8c069810dd
Jun 14 06:10:16 去做任务5fed97ce5da81a8c069810dd
Jun 14 06:10:16 任务完成成功
Jun 14 06:10:16 任务完成失败，原因未知
Jun 14 06:10:17Jun 14 06:10:17 去做任务5fed97ce5da81a8c069810da
 去做任务5fed97ce5da81a8c069810da
Jun 14 06:10:17 任务完成失败，原因未知
Jun 14 06:10:17 任务完成失败，原因未知
Jun 14 06:10:18 去做任务5fed97ce5da81a8c069810d9
Jun 14 06:10:18 去做任务5fed97ce5da81a8c069810d9
Jun 14 06:10:18 任务完成失败，原因未知
Jun 14 06:10:18 任务完成成功
Jun 14 06:10:19 去做任务5fed97ce5da81a8c069810d8
Jun 14 06:10:19 去做任务5fed97ce5da81a8c069810d8
Jun 14 06:10:19 任务完成失败，原因未知
Jun 14 06:10:19 任务完成成功
Jun 14 06:10:20 去做任务5fed97ce5da81a8c069810d7
Jun 14 06:10:20 去做任务5fed97ce5da81a8c069810d7
Jun 14 06:10:20 任务完成成功
Jun 14 06:10:20 任务完成失败，原因未知
Jun 14 06:10:21 去做任务5fed97ce5da81a8c069810d6
Jun 14 06:10:21 去做任务5fed97ce5da81a8c069810d6
Jun 14 06:10:21 任务完成失败，原因未知
Jun 14 06:10:21 任务完成失败，原因未知
Jun 14 06:10:22 去做任务5fed97ce5da81a8c069810d5
Jun 14 06:10:22 去做任务5fed97ce5da81a8c069810d5
Jun 14 06:10:22 任务完成成功
Jun 14 06:10:22 任务完成失败，原因未知
Jun 14 06:10:23 去做任务5fed97ce5da81a8c069810d4
Jun 14 06:10:23 去做任务5fed97ce5da81a8c069810d4
Jun 14 06:10:23 任务完成失败，原因未知
Jun 14 06:10:23 任务完成失败，原因未知
Jun 14 06:10:25 当前幸福值：4410
Jun 14 06:10:25 京东家庭号
Jun 14 06:10:25 
Jun 14 06:10:25 京东账号2jd_fMRfXcJHjROT
Jun 14 06:10:25 当前幸福值：4410
Jun 14 06:10:25 
Jun 14 06:10:25 🔔京东家庭号, 结束! 🕛 24.304 秒
Jun 14 06:10:25 
Jun 14 06:10:25 当前幸福值：4410
Jun 14 06:10:25 京东家庭号
Jun 14 06:10:25 
Jun 14 06:10:25 京东账号2jd_fMRfXcJHjROT
Jun 14 06:10:25 当前幸福值：4410
Jun 14 06:10:25 
Jun 14 06:10:25 🔔京东家庭号, 结束! 🕛 24.357 秒
Jun 14 06:10:25 
Jun 14 07:10:00 
Jun 14 07:10:00 🔔京东家庭号, 开始!
Jun 14 07:10:00 您的cookie选择的是用&隔开
Jun 14 07:10:00 
Jun 14 07:10:00 
Jun 14 07:10:00 ====================共有2个京东账号Cookie=========
Jun 14 07:10:00 
Jun 14 07:10:00 
Jun 14 07:10:00 🔔京东家庭号, 开始!
Jun 14 07:10:00 ==================脚本执行- 北京时间(UTC+8)：6/14/2021, 7:10:00 AM=====================
Jun 14 07:10:00 
Jun 14 07:10:00 您的cookie选择的是用&隔开
Jun 14 07:10:00 
Jun 14 07:10:00 
Jun 14 07:10:00 ====================共有2个京东账号Cookie=========
Jun 14 07:10:00 
Jun 14 07:10:00 ==================脚本执行- 北京时间(UTC+8)：6/14/2021, 7:10:00 AM=====================
Jun 14 07:10:00 
Jun 14 07:10:01 
Jun 14 07:10:01 ******开始【京东账号1】jd_RbuUwXHBNnJR*********
Jun 14 07:10:01 
Jun 14 07:10:01 
Jun 14 07:10:01 ******开始【京东账号1】jd_RbuUwXHBNnJR*********
Jun 14 07:10:01 
Jun 14 07:10:01 当前幸福值：10826
Jun 14 07:10:01 去做任务5fed97ce5da81a8c069810df
Jun 14 07:10:01 当前幸福值：10826
Jun 14 07:10:01 去做任务5fed97ce5da81a8c069810df
Jun 14 07:10:01 任务完成成功
Jun 14 07:10:01 任务完成成功
Jun 14 07:10:02 去做任务600e29f6986178004811bdb0
Jun 14 07:10:02 去做任务600e29f6986178004811bdb0
Jun 14 07:10:02 任务完成失败，原因未知
Jun 14 07:10:02 任务完成失败，原因未知
Jun 14 07:10:03 去做任务5fed97ce5da81a8c069810de
Jun 14 07:10:03 去做任务5fed97ce5da81a8c069810de
Jun 14 07:10:03 任务完成失败，原因未知
Jun 14 07:10:03 任务完成失败，原因未知
Jun 14 07:10:04 180分钟可后做任务5fed97ce5da81a8c069810dd
Jun 14 07:10:04 去做任务5fed97ce5da81a8c069810d9
Jun 14 07:10:04 180分钟可后做任务5fed97ce5da81a8c069810dd
Jun 14 07:10:04 去做任务5fed97ce5da81a8c069810d9
Jun 14 07:10:04 任务完成成功
Jun 14 07:10:04 任务完成失败，原因未知
Jun 14 07:10:05 去做任务5fed97ce5da81a8c069810d7
Jun 14 07:10:05 去做任务5fed97ce5da81a8c069810d7
Jun 14 07:10:05 任务完成失败，原因未知
Jun 14 07:10:05 任务完成失败，原因未知
Jun 14 07:10:06 当前幸福值：10850
Jun 14 07:10:06 京东家庭号
Jun 14 07:10:06 
Jun 14 07:10:06 京东账号1jd_RbuUwXHBNnJR
Jun 14 07:10:06 当前幸福值：10850
Jun 14 07:10:06 当前幸福值：10850
Jun 14 07:10:06 京东家庭号
Jun 14 07:10:06 
Jun 14 07:10:06 京东账号1jd_RbuUwXHBNnJR
Jun 14 07:10:06 当前幸福值：10850
Jun 14 07:10:06 
Jun 14 07:10:06 ******开始【京东账号2】jd_fMRfXcJHjROT*********
Jun 14 07:10:06 
Jun 14 07:10:06 
Jun 14 07:10:06 ******开始【京东账号2】jd_fMRfXcJHjROT*********
Jun 14 07:10:06 
Jun 14 07:10:06 当前幸福值：4410
Jun 14 07:10:06 去做任务5fed97ce5da81a8c069810df
Jun 14 07:10:06 当前幸福值：4410
Jun 14 07:10:06 去做任务5fed97ce5da81a8c069810df
Jun 14 07:10:06 任务完成失败，原因未知
Jun 14 07:10:06 任务完成成功
Jun 14 07:10:07 去做任务600e29f6986178004811bdb0
Jun 14 07:10:07 去做任务600e29f6986178004811bdb0
Jun 14 07:10:07 任务完成失败，原因未知
Jun 14 07:10:07 任务完成失败，原因未知
Jun 14 07:10:08 去做任务5fed97ce5da81a8c069810de
Jun 14 07:10:08 去做任务5fed97ce5da81a8c069810de
Jun 14 07:10:08 任务完成失败，原因未知
Jun 14 07:10:08 任务完成失败，原因未知
Jun 14 07:10:09 180分钟可后做任务5fed97ce5da81a8c069810dd
Jun 14 07:10:09 去做任务5fed97ce5da81a8c069810da
Jun 14 07:10:09 180分钟可后做任务5fed97ce5da81a8c069810dd
Jun 14 07:10:09 去做任务5fed97ce5da81a8c069810da
Jun 14 07:10:10 任务完成失败，原因未知
Jun 14 07:10:10 任务完成成功
Jun 14 07:10:11 去做任务5fed97ce5da81a8c069810d6
Jun 14 07:10:11 去做任务5fed97ce5da81a8c069810d6
Jun 14 07:10:11 任务完成失败，原因未知
Jun 14 07:10:11 任务完成成功
Jun 14 07:10:12 去做任务5fed97ce5da81a8c069810d4
Jun 14 07:10:12 去做任务5fed97ce5da81a8c069810d4
Jun 14 07:10:12 任务完成失败，原因未知
Jun 14 07:10:12 任务完成成功
Jun 14 07:10:13 当前幸福值：4472
Jun 14 07:10:13 京东家庭号
Jun 14 07:10:13 
Jun 14 07:10:13 京东账号2jd_fMRfXcJHjROT
Jun 14 07:10:13 当前幸福值：4472
Jun 14 07:10:13 
Jun 14 07:10:13 🔔京东家庭号, 结束! 🕛 12.486 秒
Jun 14 07:10:13 
Jun 14 07:10:13 当前幸福值：4472
Jun 14 07:10:13 京东家庭号
Jun 14 07:10:13 
Jun 14 07:10:13 京东账号2jd_fMRfXcJHjROT
Jun 14 07:10:13 当前幸福值：4472
Jun 14 07:10:13 
Jun 14 07:10:13 🔔京东家庭号, 结束! 🕛 12.543 秒
Jun 14 07:10:13 
Jun 15 06:10:00 
Jun 15 06:10:00 🔔京东家庭号, 开始!
Jun 15 06:10:00 您的cookie选择的是用&隔开
Jun 15 06:10:00 
Jun 15 06:10:00 
Jun 15 06:10:00 ====================共有2个京东账号Cookie=========
Jun 15 06:10:00 
Jun 15 06:10:00 
Jun 15 06:10:00 🔔京东家庭号, 开始!
Jun 15 06:10:00 您的cookie选择的是用&隔开
Jun 15 06:10:00 
Jun 15 06:10:00 
Jun 15 06:10:00 ====================共有2个京东账号Cookie=========
Jun 15 06:10:00 
Jun 15 06:10:00 ==================脚本执行- 北京时间(UTC+8)：6/15/2021, 6:10:00 AM=====================
Jun 15 06:10:00 
Jun 15 06:10:00 ==================脚本执行- 北京时间(UTC+8)：6/15/2021, 6:10:00 AM=====================
Jun 15 06:10:00 
Jun 15 06:10:01 
Jun 15 06:10:01 ******开始【京东账号1】jd_RbuUwXHBNnJR*********
Jun 15 06:10:01 
Jun 15 06:10:01 
Jun 15 06:10:01 ******开始【京东账号1】jd_RbuUwXHBNnJR*********
Jun 15 06:10:01 
Jun 15 06:10:01 当前幸福值：10850
Jun 15 06:10:01 去做任务5fed97ce5da81a8c069810df
Jun 15 06:10:01 当前幸福值：10850
Jun 15 06:10:01 去做任务5fed97ce5da81a8c069810df
Jun 15 06:10:01 任务完成成功
Jun 15 06:10:01 任务完成成功
Jun 15 06:10:02 去做任务600e29f6986178004811bdb0
Jun 15 06:10:02 去做任务600e29f6986178004811bdb0
Jun 15 06:10:02 任务完成失败，原因未知
Jun 15 06:10:02 任务完成失败，原因未知
Jun 15 06:10:03 去做任务5fed97ce5da81a8c069810de
Jun 15 06:10:03 去做任务5fed97ce5da81a8c069810de
Jun 15 06:10:03 任务完成失败，原因未知
Jun 15 06:10:03 任务完成失败，原因未知
Jun 15 06:10:04 去做任务5fed97ce5da81a8c069810dd
Jun 15 06:10:04 去做任务5fed97ce5da81a8c069810dd
Jun 15 06:10:04 任务完成成功
Jun 15 06:10:04 任务完成失败，原因未知
Jun 15 06:10:05 去做任务5fed97ce5da81a8c069810da
Jun 15 06:10:05 去做任务5fed97ce5da81a8c069810da
Jun 15 06:10:05 任务完成失败，原因未知
Jun 15 06:10:05 任务完成失败，原因未知
Jun 15 06:10:06 去做任务5fed97ce5da81a8c069810d9
Jun 15 06:10:06 去做任务5fed97ce5da81a8c069810d9
Jun 15 06:10:06 任务完成失败，原因未知
Jun 15 06:10:06 任务完成成功
Jun 15 06:10:07 去做任务5fed97ce5da81a8c069810d8
Jun 15 06:10:07 去做任务5fed97ce5da81a8c069810d8
Jun 15 06:10:07 任务完成失败，原因未知
Jun 15 06:10:07 任务完成成功
Jun 15 06:10:08 去做任务5fed97ce5da81a8c069810d7
Jun 15 06:10:08 去做任务5fed97ce5da81a8c069810d7
Jun 15 06:10:08 任务完成失败，原因未知
Jun 15 06:10:08 任务完成成功
Jun 15 06:10:09 去做任务5fed97ce5da81a8c069810d6
Jun 15 06:10:09 去做任务5fed97ce5da81a8c069810d6
Jun 15 06:10:09 任务完成成功
Jun 15 06:10:09 任务完成失败，原因未知
Jun 15 06:10:10 去做任务5fed97ce5da81a8c069810d5
Jun 15 06:10:10 去做任务5fed97ce5da81a8c069810d5
Jun 15 06:10:10 任务完成失败，原因未知
Jun 15 06:10:11 任务完成失败，原因未知
Jun 15 06:10:11 去做任务5fed97ce5da81a8c069810d4
Jun 15 06:10:12 去做任务5fed97ce5da81a8c069810d4
Jun 15 06:10:12 任务完成失败，原因未知
Jun 15 06:10:12 任务完成成功
Jun 15 06:10:13 当前幸福值：10994
Jun 15 06:10:13 京东家庭号
Jun 15 06:10:13 
Jun 15 06:10:13 京东账号1jd_RbuUwXHBNnJR
Jun 15 06:10:13 当前幸福值：10994
Jun 15 06:10:13 当前幸福值：10994
Jun 15 06:10:13 京东家庭号
Jun 15 06:10:13 
Jun 15 06:10:13 京东账号1jd_RbuUwXHBNnJR
Jun 15 06:10:13 当前幸福值：10994
Jun 15 06:10:13 
Jun 15 06:10:13 ******开始【京东账号2】jd_fMRfXcJHjROT*********
Jun 15 06:10:13 
Jun 15 06:10:13 
Jun 15 06:10:13 ******开始【京东账号2】jd_fMRfXcJHjROT*********
Jun 15 06:10:13 
Jun 15 06:10:13 当前幸福值：4472
Jun 15 06:10:13 去做任务5fed97ce5da81a8c069810df
Jun 15 06:10:13 当前幸福值：4472
Jun 15 06:10:13 去做任务5fed97ce5da81a8c069810df
Jun 15 06:10:13 任务完成失败，原因未知
Jun 15 06:10:13 任务完成成功
Jun 15 06:10:14 去做任务600e29f6986178004811bdb0
Jun 15 06:10:14 去做任务600e29f6986178004811bdb0
Jun 15 06:10:14 任务完成失败，原因未知
Jun 15 06:10:14 任务完成失败，原因未知
Jun 15 06:10:15 去做任务5fed97ce5da81a8c069810de
Jun 15 06:10:15 去做任务5fed97ce5da81a8c069810de
Jun 15 06:10:15 任务完成失败，原因未知
Jun 15 06:10:15 任务完成失败，原因未知
Jun 15 06:10:16 去做任务5fed97ce5da81a8c069810dd
Jun 15 06:10:16 去做任务5fed97ce5da81a8c069810dd
Jun 15 06:10:16 任务完成失败，原因未知
Jun 15 06:10:16 任务完成成功
Jun 15 06:10:17 去做任务5fed97ce5da81a8c069810da
Jun 15 06:10:17 去做任务5fed97ce5da81a8c069810da
Jun 15 06:10:17 任务完成成功
Jun 15 06:10:17 任务完成失败，原因未知
Jun 15 06:10:18 去做任务5fed97ce5da81a8c069810d9
Jun 15 06:10:18 去做任务5fed97ce5da81a8c069810d9
Jun 15 06:10:18 任务完成失败，原因未知
Jun 15 06:10:18 任务完成成功
Jun 15 06:10:19 去做任务5fed97ce5da81a8c069810d8
Jun 15 06:10:19 去做任务5fed97ce5da81a8c069810d8
Jun 15 06:10:19 任务完成失败，原因未知
Jun 15 06:10:19 任务完成成功
Jun 15 06:10:20 去做任务5fed97ce5da81a8c069810d7
Jun 15 06:10:20 去做任务5fed97ce5da81a8c069810d7
Jun 15 06:10:20Jun 15 06:10:20 任务完成失败，原因未知
 任务完成失败，原因未知
Jun 15 06:10:21Jun 15 06:10:21 去做任务5fed97ce5da81a8c069810d6
 去做任务5fed97ce5da81a8c069810d6
Jun 15 06:10:21 任务完成失败，原因未知
Jun 15 06:10:21 任务完成成功
Jun 15 06:10:22 去做任务5fed97ce5da81a8c069810d5
Jun 15 06:10:22 去做任务5fed97ce5da81a8c069810d5
Jun 15 06:10:23 任务完成成功
Jun 15 06:10:23 任务完成失败，原因未知
Jun 15 06:10:24 去做任务5fed97ce5da81a8c069810d4
Jun 15 06:10:24 去做任务5fed97ce5da81a8c069810d4
Jun 15 06:10:24 任务完成失败，原因未知
Jun 15 06:10:24 任务完成失败，原因未知
Jun 15 06:10:25 当前幸福值：4614
Jun 15 06:10:25 京东家庭号
Jun 15 06:10:25 
Jun 15 06:10:25 京东账号2jd_fMRfXcJHjROT
Jun 15 06:10:25 当前幸福值：4614
Jun 15 06:10:25 
Jun 15 06:10:25 🔔京东家庭号, 结束! 🕛 24.596 秒
Jun 15 06:10:25 
Jun 15 06:10:25 当前幸福值：4614
Jun 15 06:10:25 京东家庭号
Jun 15 06:10:25 
Jun 15 06:10:25 京东账号2jd_fMRfXcJHjROT
Jun 15 06:10:25 当前幸福值：4614
Jun 15 06:10:25 
Jun 15 06:10:25 🔔京东家庭号, 结束! 🕛 24.596 秒
Jun 15 06:10:25 
Jun 15 07:10:00 
Jun 15 07:10:00 🔔京东家庭号, 开始!
Jun 15 07:10:00 
Jun 15 07:10:00 🔔京东家庭号, 开始!
Jun 15 07:10:00 您的cookie选择的是用&隔开
Jun 15 07:10:00 
Jun 15 07:10:00 
Jun 15 07:10:00 ====================共有2个京东账号Cookie=========
Jun 15 07:10:00 
Jun 15 07:10:00 您的cookie选择的是用&隔开
Jun 15 07:10:00 
Jun 15 07:10:00 
Jun 15 07:10:00 ====================共有2个京东账号Cookie=========
Jun 15 07:10:00 
Jun 15 07:10:00 ==================脚本执行- 北京时间(UTC+8)：6/15/2021, 7:10:00 AM=====================
Jun 15 07:10:00 
Jun 15 07:10:00 ==================脚本执行- 北京时间(UTC+8)：6/15/2021, 7:10:00 AM=====================
Jun 15 07:10:00 
Jun 15 07:10:00 
Jun 15 07:10:00 ******开始【京东账号1】jd_RbuUwXHBNnJR*********
Jun 15 07:10:00 
Jun 15 07:10:00 
Jun 15 07:10:00 ******开始【京东账号1】jd_RbuUwXHBNnJR*********
Jun 15 07:10:00 
Jun 15 07:10:01 当前幸福值：10994
Jun 15 07:10:01 去做任务5fed97ce5da81a8c069810df
Jun 15 07:10:01 当前幸福值：10994
Jun 15 07:10:01 去做任务5fed97ce5da81a8c069810df
Jun 15 07:10:01 任务完成成功
Jun 15 07:10:01 任务完成成功
Jun 15 07:10:02 去做任务600e29f6986178004811bdb0
Jun 15 07:10:02 去做任务600e29f6986178004811bdb0
Jun 15 07:10:02 任务完成失败，原因未知
Jun 15 07:10:02 任务完成失败，原因未知
Jun 15 07:10:03 去做任务5fed97ce5da81a8c069810de
Jun 15 07:10:03 去做任务5fed97ce5da81a8c069810de
Jun 15 07:10:03 任务完成失败，原因未知
Jun 15 07:10:03 任务完成失败，原因未知
Jun 15 07:10:04 180分钟可后做任务5fed97ce5da81a8c069810dd
Jun 15 07:10:04 去做任务5fed97ce5da81a8c069810da
Jun 15 07:10:04 180分钟可后做任务5fed97ce5da81a8c069810dd
Jun 15 07:10:04 去做任务5fed97ce5da81a8c069810da
Jun 15 07:10:04 任务完成成功
Jun 15 07:10:04 任务完成失败，原因未知
Jun 15 07:10:05 去做任务5fed97ce5da81a8c069810d5
Jun 15 07:10:05 去做任务5fed97ce5da81a8c069810d5
Jun 15 07:10:05 任务完成失败，原因未知
Jun 15 07:10:05 任务完成失败，原因未知
Jun 15 07:10:06 当前幸福值：11018
Jun 15 07:10:06 京东家庭号
Jun 15 07:10:06 
Jun 15 07:10:06 京东账号1jd_RbuUwXHBNnJR
Jun 15 07:10:06 当前幸福值：11018
Jun 15 07:10:06 当前幸福值：11018
Jun 15 07:10:06 京东家庭号
Jun 15 07:10:06 
Jun 15 07:10:06 京东账号1jd_RbuUwXHBNnJR
Jun 15 07:10:06 当前幸福值：11018
Jun 15 07:10:06 
Jun 15 07:10:06 ******开始【京东账号2】jd_fMRfXcJHjROT*********
Jun 15 07:10:06 
Jun 15 07:10:06 
Jun 15 07:10:06 ******开始【京东账号2】jd_fMRfXcJHjROT*********
Jun 15 07:10:06 
Jun 15 07:10:06 当前幸福值：4614
Jun 15 07:10:06 去做任务5fed97ce5da81a8c069810df
Jun 15 07:10:06 当前幸福值：4614
Jun 15 07:10:06 去做任务5fed97ce5da81a8c069810df
Jun 15 07:10:06 任务完成成功
Jun 15 07:10:06 任务完成成功
Jun 15 07:10:07 去做任务600e29f6986178004811bdb0
Jun 15 07:10:07 去做任务600e29f6986178004811bdb0
Jun 15 07:10:07 任务完成失败，原因未知
Jun 15 07:10:07 任务完成失败，原因未知
Jun 15 07:10:08 去做任务5fed97ce5da81a8c069810de
Jun 15 07:10:08 去做任务5fed97ce5da81a8c069810de
Jun 15 07:10:09 任务完成失败，原因未知
Jun 15 07:10:09 任务完成失败，原因未知
Jun 15 07:10:10 180分钟可后做任务5fed97ce5da81a8c069810dd
Jun 15 07:10:10 去做任务5fed97ce5da81a8c069810d7
Jun 15 07:10:10 180分钟可后做任务5fed97ce5da81a8c069810dd
Jun 15 07:10:10 去做任务5fed97ce5da81a8c069810d7
Jun 15 07:10:10 任务完成成功
Jun 15 07:10:10 任务完成失败，原因未知
Jun 15 07:10:11 去做任务5fed97ce5da81a8c069810d4
Jun 15 07:10:11 去做任务5fed97ce5da81a8c069810d4
Jun 15 07:10:11 任务完成失败，原因未知
Jun 15 07:10:11 任务完成失败，原因未知
Jun 15 07:10:12 当前幸福值：4638
Jun 15 07:10:12 京东家庭号
Jun 15 07:10:12 
Jun 15 07:10:12 京东账号2jd_fMRfXcJHjROT
Jun 15 07:10:12 当前幸福值：4638
Jun 15 07:10:12 
Jun 15 07:10:12 🔔京东家庭号, 结束! 🕛 11.526 秒
Jun 15 07:10:12 
Jun 15 07:10:12 当前幸福值：4638
Jun 15 07:10:12 京东家庭号
Jun 15 07:10:12 
Jun 15 07:10:12 京东账号2jd_fMRfXcJHjROT
Jun 15 07:10:12 当前幸福值：4638
Jun 15 07:10:12 
Jun 15 07:10:12 🔔京东家庭号, 结束! 🕛 11.549 秒
Jun 15 07:10:12 
