Jun 14 01:00:00 
Jun 14 01:00:00 🔔金榜创造营, 开始!
Jun 14 01:00:00 您的cookie选择的是用&隔开
Jun 14 01:00:00 
Jun 14 01:00:00 
Jun 14 01:00:00 ====================共有2个京东账号Cookie=========
Jun 14 01:00:00 
Jun 14 01:00:00 ==================脚本执行- 北京时间(UTC+8)：6/14/2021, 1:00:00 AM=====================
Jun 14 01:00:00 
Jun 14 01:00:00 
Jun 14 01:00:00 🔔金榜创造营, 开始!
Jun 14 01:00:00 您的cookie选择的是用&隔开
Jun 14 01:00:00 
Jun 14 01:00:00 
Jun 14 01:00:00 ====================共有2个京东账号Cookie=========
Jun 14 01:00:00 
Jun 14 01:00:00 ==================脚本执行- 北京时间(UTC+8)：6/14/2021, 1:00:00 AM=====================
Jun 14 01:00:00 
Jun 14 01:00:00 
Jun 14 01:00:00 ******开始【京东账号1】赛格di*********
Jun 14 01:00:00 
Jun 14 01:00:00 共有7个主题
Jun 14 01:00:00 
Jun 14 01:00:00 ******开始【京东账号1】赛格di*********
Jun 14 01:00:00 
Jun 14 01:00:01 共有7个主题
Jun 14 01:00:01 
Jun 14 01:00:01 做额外任务：金榜创造营-逛商品
Jun 14 01:00:01 
Jun 14 01:00:01 做额外任务：金榜创造营-逛商品
Jun 14 01:00:01 失败：{"isSuccess":true,"code":"-3","msg":"调用频率太快"}
Jun 14 01:00:01 
Jun 14 01:00:01 成功，获得 0京豆
Jun 14 01:00:01 
Jun 14 01:00:03 
Jun 14 01:00:03 做额外任务：金榜创造营-关注店铺
Jun 14 01:00:03 
Jun 14 01:00:03 做额外任务：金榜创造营-关注店铺
Jun 14 01:00:03 失败：{"isSuccess":true,"code":"-3","msg":"调用频率太快"}
Jun 14 01:00:03 
Jun 14 01:00:03 成功，获得 0京豆
Jun 14 01:00:03 
Jun 14 01:00:05 
Jun 14 01:00:05 做额外任务：金榜创造营-逛会场
Jun 14 01:00:05 
Jun 14 01:00:05 做额外任务：金榜创造营-逛会场
Jun 14 01:00:05 失败：{"isSuccess":true,"code":"-3","msg":"调用频率太快"}
Jun 14 01:00:05 
Jun 14 01:00:05 成功，获得 0京豆
Jun 14 01:00:05 
Jun 14 01:00:07 已投票0主题
Jun 14 01:00:07 
Jun 14 01:00:07 
Jun 14 01:00:07 开始给【日用全域舒享趋势】主题下的商品进行投票
Jun 14 01:00:07 当前剩余投票次数：7
Jun 14 01:00:07 给 【当妮 护衣留香珠】 商品投票
Jun 14 01:00:07 已投票0主题
Jun 14 01:00:07 
Jun 14 01:00:07 
Jun 14 01:00:07 开始给【家电智能生活趋势】主题下的商品进行投票
Jun 14 01:00:07 当前剩余投票次数：6
Jun 14 01:00:07 给 【海尔 对开门电冰箱】 商品投票
Jun 14 01:00:07 失败：{"isSuccess":true,"code":"-3","msg":"调用频率太快"}
Jun 14 01:00:07 
Jun 14 01:00:08 成功，获得 1京豆
Jun 14 01:00:08 
Jun 14 01:00:09 
Jun 14 01:00:09 开始给【手机人文情怀趋势】主题下的商品进行投票
Jun 14 01:00:10 当前剩余投票次数：6
Jun 14 01:00:10 给 【iRobot 智能拖地机器人】 商品投票
Jun 14 01:00:10 
Jun 14 01:00:10 开始给【个护气味香氛趋势】主题下的商品进行投票
Jun 14 01:00:10 当前剩余投票次数：5
Jun 14 01:00:10 给 【沙宣 锁色瓶固色护色洗发水】 商品投票
Jun 14 01:00:10 失败：{"isSuccess":true,"code":"-3","msg":"调用频率太快"}
Jun 14 01:00:10 
Jun 14 01:00:10 成功，获得 0京豆
Jun 14 01:00:10 
Jun 14 01:00:12 
Jun 14 01:00:12 开始给【家电智能生活趋势】主题下的商品进行投票
Jun 14 01:00:12 当前剩余投票次数：5
Jun 14 01:00:12 给 【飞利浦 智能液晶电视】 商品投票
Jun 14 01:00:12 
Jun 14 01:00:12 开始给【饮食精细化式趋势】主题下的商品进行投票
Jun 14 01:00:12 当前剩余投票次数：5
Jun 14 01:00:12 给 【伊利 全脂高钙奶粉罐装】 商品投票
Jun 14 01:00:12 失败：{"isSuccess":true,"code":"-3","msg":"调用频率太快"}
Jun 14 01:00:12 
Jun 14 01:00:13 成功，获得 0京豆
Jun 14 01:00:13 
Jun 14 01:00:14 
Jun 14 01:00:14 开始给【个护气味香氛趋势】主题下的商品进行投票
Jun 14 01:00:14 当前剩余投票次数：4
Jun 14 01:00:14 给 【沙宣 锁色瓶固色护色洗发水】 商品投票
Jun 14 01:00:15 
Jun 14 01:00:15 开始给【饮食精细化式趋势】主题下的商品进行投票
Jun 14 01:00:15 当前剩余投票次数：3
Jun 14 01:00:15 给 【汤臣倍健 Yep高光小粉瓶】 商品投票
Jun 14 01:00:15 失败：{"isSuccess":true,"code":"-3","msg":"调用频率太快"}
Jun 14 01:00:15 
Jun 14 01:00:15 成功，获得 0京豆
Jun 14 01:00:15 
Jun 14 01:00:17 
Jun 14 01:00:17 开始给【数码极致体验趋势】主题下的商品进行投票
Jun 14 01:00:17 当前剩余投票次数：3
Jun 14 01:00:17 给 【戴尔DELL 笔记本电脑】 商品投票
Jun 14 01:00:17 
Jun 14 01:00:17 开始给【日用全域舒享趋势】主题下的商品进行投票
Jun 14 01:00:18 当前剩余投票次数：2
Jun 14 01:00:18 给 【护舒宝 夜用考拉安睡裤】 商品投票
Jun 14 01:00:18 失败：{"isSuccess":true,"code":"-3","msg":"调用频率太快"}
Jun 14 01:00:18 
Jun 14 01:00:18 成功，获得 0京豆
Jun 14 01:00:18 
Jun 14 01:00:20 
Jun 14 01:00:20 开始给【居家个性多元趋势】主题下的商品进行投票
Jun 14 01:00:20 
Jun 14 01:00:20 开始给【居家个性多元趋势】主题下的商品进行投票
Jun 14 01:00:20 当前剩余投票次数：2
Jun 14 01:00:20 给 【添可 无线智能洗地机】 商品投票
Jun 14 01:00:20 成功，获得 0京豆
Jun 14 01:00:20 
Jun 14 01:00:20 当前剩余投票次数：2
Jun 14 01:00:20 给 【兰蔻 发光精华眼霜】 商品投票
Jun 14 01:00:20 失败：{"isSuccess":true,"code":"-3","msg":"调用频率太快"}
Jun 14 01:00:20 
Jun 14 01:00:22 
Jun 14 01:00:22 开始给【数码极致体验趋势】主题下的商品进行投票
Jun 14 01:00:22 
Jun 14 01:00:22 开始给【手机人文情怀趋势】主题下的商品进行投票
Jun 14 01:00:22 当前剩余投票次数：1
Jun 14 01:00:22 给 【联想 小新Pro14笔记本电脑】 商品投票
Jun 14 01:00:22 当前剩余投票次数：1
Jun 14 01:00:22 给 【戴森 手持无线吸尘器】 商品投票
Jun 14 01:00:22 失败：{"isSuccess":true,"code":"-3","msg":"调用频率太快"}
Jun 14 01:00:22 
Jun 14 01:00:22 失败：任务已完成
Jun 14 01:00:22 
Jun 14 01:00:24 
Jun 14 01:00:24 ==============📣系统通知📣==============
Jun 14 01:00:24 金榜创造营
Jun 14 01:00:24 【京东账号1】jd_RbuUwXHBNnJR
Jun 14 01:00:24 本次运行获得1京豆
Jun 14 01:00:24 
Jun 14 01:00:24 ******开始【京东账号2】了来风*********
Jun 14 01:00:24 
Jun 14 01:00:24 
Jun 14 01:00:24 ******开始【京东账号2】了来风*********
Jun 14 01:00:24 
Jun 14 01:00:24 共有7个主题
Jun 14 01:00:25 
Jun 14 01:00:25 做额外任务：金榜创造营-逛商品
Jun 14 01:00:25 共有7个主题
Jun 14 01:00:25 成功，获得 1京豆
Jun 14 01:00:25 
Jun 14 01:00:25 
Jun 14 01:00:25 做额外任务：金榜创造营-关注店铺
Jun 14 01:00:25 失败：{"isSuccess":true,"code":"-3","msg":"调用频率太快"}
Jun 14 01:00:25 
Jun 14 01:00:27 
Jun 14 01:00:27 做额外任务：金榜创造营-关注店铺
Jun 14 01:00:27 
Jun 14 01:00:27 做额外任务：金榜创造营-逛会场
Jun 14 01:00:27 成功，获得 1京豆
Jun 14 01:00:27 
Jun 14 01:00:27 失败：{"isSuccess":true,"code":"-3","msg":"调用频率太快"}
Jun 14 01:00:27 
Jun 14 01:00:29 
Jun 14 01:00:29 做额外任务：金榜创造营-逛会场
Jun 14 01:00:29 已投票0主题
Jun 14 01:00:29 
Jun 14 01:00:29 
Jun 14 01:00:29 开始给【数码极致体验趋势】主题下的商品进行投票
Jun 14 01:00:29 当前剩余投票次数：7
Jun 14 01:00:29 给 【惠普(HP) 暗影精灵7游戏本】 商品投票
Jun 14 01:00:29 失败：{"isSuccess":true,"code":"-3","msg":"调用频率太快"}
Jun 14 01:00:29 
Jun 14 01:00:30 成功，获得 0京豆
Jun 14 01:00:30 
Jun 14 01:00:31 
Jun 14 01:00:31 开始给【饮食精细化式趋势】主题下的商品进行投票
Jun 14 01:00:31 当前剩余投票次数：7
Jun 14 01:00:31 给 【蒙牛 真果粒牛奶乳品】 商品投票
Jun 14 01:00:32 已投票0主题
Jun 14 01:00:32 
Jun 14 01:00:32 
Jun 14 01:00:32 开始给【手机人文情怀趋势】主题下的商品进行投票
Jun 14 01:00:32 当前剩余投票次数：6
Jun 14 01:00:32 给 【iRobot 智能拖地机器人】 商品投票
Jun 14 01:00:32 成功，获得 0京豆
Jun 14 01:00:32 
Jun 14 01:00:32 失败：{"isSuccess":true,"code":"-3","msg":"调用频率太快"}
Jun 14 01:00:32 
Jun 14 01:00:34 
Jun 14 01:00:34 开始给【个护气味香氛趋势】主题下的商品进行投票
Jun 14 01:00:34 
Jun 14 01:00:34 开始给【个护气味香氛趋势】主题下的商品进行投票
Jun 14 01:00:34 当前剩余投票次数：6
Jun 14 01:00:34 给 【佳洁士 美白3D牙膏】 商品投票
Jun 14 01:00:34 当前剩余投票次数：6
Jun 14 01:00:34 给 【潘婷 高保湿发膜】 商品投票
Jun 14 01:00:34 失败：{"isSuccess":true,"code":"-3","msg":"调用频率太快"}
Jun 14 01:00:34 
Jun 14 01:00:34 成功，获得 0京豆
Jun 14 01:00:34 
Jun 14 01:00:36 
Jun 14 01:00:36 开始给【日用全域舒享趋势】主题下的商品进行投票
Jun 14 01:00:36 当前剩余投票次数：5
Jun 14 01:00:36 给 【维达(Vinda)  3层抽纸】 商品投票
Jun 14 01:00:36 
Jun 14 01:00:36 开始给【手机人文情怀趋势】主题下的商品进行投票
Jun 14 01:00:36 当前剩余投票次数：4
Jun 14 01:00:36 给 【科大讯飞 智能办公本】 商品投票
Jun 14 01:00:37 失败：{"isSuccess":true,"code":"-3","msg":"调用频率太快"}
Jun 14 01:00:37 
Jun 14 01:00:37 成功，获得 0京豆
Jun 14 01:00:37 
Jun 14 01:00:39 
Jun 14 01:00:39 开始给【家电智能生活趋势】主题下的商品进行投票
Jun 14 01:00:39 
Jun 14 01:00:39 开始给【数码极致体验趋势】主题下的商品进行投票
Jun 14 01:00:39 当前剩余投票次数：4
Jun 14 01:00:39 给 【飞利浦 智能液晶电视】 商品投票
Jun 14 01:00:39 当前剩余投票次数：4
Jun 14 01:00:39 给 【腾达 无线路由器】 商品投票
Jun 14 01:00:39 失败：{"isSuccess":true,"code":"-3","msg":"调用频率太快"}
Jun 14 01:00:39 
Jun 14 01:00:39 成功，获得 0京豆
Jun 14 01:00:39 
Jun 14 01:00:41 
Jun 14 01:00:41 开始给【居家个性多元趋势】主题下的商品进行投票
Jun 14 01:00:41 
Jun 14 01:00:41 开始给【居家个性多元趋势】主题下的商品进行投票
Jun 14 01:00:41 当前剩余投票次数：3
Jun 14 01:00:41 给 【亲爱男友 男士香水】 商品投票
Jun 14 01:00:41 当前剩余投票次数：3
Jun 14 01:00:41 给 【兰蔻 发光精华眼霜】 商品投票
Jun 14 01:00:41 失败：{"isSuccess":true,"code":"-3","msg":"调用频率太快"}
Jun 14 01:00:41 
Jun 14 01:00:41 成功，获得 1京豆
Jun 14 01:00:41 
Jun 14 01:00:43 
Jun 14 01:00:43 开始给【日用全域舒享趋势】主题下的商品进行投票
Jun 14 01:00:43 当前剩余投票次数：2
Jun 14 01:00:43 给 【汰渍 洁净除菌洗衣液】 商品投票
Jun 14 01:00:43 失败：任务已完成
Jun 14 01:00:43 
Jun 14 01:00:43 
Jun 14 01:00:43 开始给【家电智能生活趋势】主题下的商品进行投票
Jun 14 01:00:43 当前剩余投票次数：2
Jun 14 01:00:43 给 【海信 超薄智能电视机】 商品投票
Jun 14 01:00:43 失败：{"isSuccess":true,"code":"-3","msg":"调用频率太快"}
Jun 14 01:00:43 
Jun 14 01:00:45 
Jun 14 01:00:45 🔔金榜创造营, 结束! 🕛 45.289 秒
Jun 14 01:00:45 
Jun 14 01:00:45 
Jun 14 01:00:45 开始给【饮食精细化式趋势】主题下的商品进行投票
Jun 14 01:00:45 当前剩余投票次数：2
Jun 14 01:00:45 给 【嘉宝 米粉婴儿辅食】 商品投票
Jun 14 01:00:46 失败：任务已完成
Jun 14 01:00:46 
Jun 14 01:00:48 
Jun 14 01:00:48 ==============📣系统通知📣==============
Jun 14 01:00:48 金榜创造营
Jun 14 01:00:48 【京东账号2】jd_fMRfXcJHjROT
Jun 14 01:00:48 本次运行获得3京豆
Jun 14 01:00:48 
Jun 14 01:00:48 🔔金榜创造营, 结束! 🕛 47.646 秒
Jun 14 01:00:48 
Jun 14 22:00:00 
Jun 14 22:00:00 🔔金榜创造营, 开始!
Jun 14 22:00:00 您的cookie选择的是用&隔开
Jun 14 22:00:00 
Jun 14 22:00:00 
Jun 14 22:00:00 ====================共有2个京东账号Cookie=========
Jun 14 22:00:00 
Jun 14 22:00:00 
Jun 14 22:00:00 🔔金榜创造营, 开始!
Jun 14 22:00:00 您的cookie选择的是用&隔开
Jun 14 22:00:00 
Jun 14 22:00:00 
Jun 14 22:00:00 ====================共有2个京东账号Cookie=========
Jun 14 22:00:00 
Jun 14 22:00:00 ==================脚本执行- 北京时间(UTC+8)：6/14/2021, 10:00:00 PM=====================
Jun 14 22:00:00 
Jun 14 22:00:00 ==================脚本执行- 北京时间(UTC+8)：6/14/2021, 10:00:00 PM=====================
Jun 14 22:00:00 
Jun 14 22:00:00 
Jun 14 22:00:00 ******开始【京东账号1】赛格di*********
Jun 14 22:00:00 
Jun 14 22:00:00 
Jun 14 22:00:00 ******开始【京东账号1】赛格di*********
Jun 14 22:00:00 
Jun 14 22:00:00 共有7个主题
Jun 14 22:00:01 共有7个主题
Jun 14 22:00:01 已投票6主题
Jun 14 22:00:01 
Jun 14 22:00:01 
Jun 14 22:00:01 开始给【饮食精细化式趋势】主题下的商品进行投票
Jun 14 22:00:01 已投票6主题
Jun 14 22:00:01 
Jun 14 22:00:01 
Jun 14 22:00:01 开始给【饮食精细化式趋势】主题下的商品进行投票
Jun 14 22:00:01 当前剩余投票次数：1
Jun 14 22:00:01 给 【嘉宝 米粉婴儿辅食】 商品投票
Jun 14 22:00:01 当前剩余投票次数：1
Jun 14 22:00:01 给 【百草味 巨型零食大礼包】 商品投票
Jun 14 22:00:01 失败：{"isSuccess":true,"code":"-3","msg":"调用频率太快"}
Jun 14 22:00:01 
Jun 14 22:00:01 成功，获得 0京豆
Jun 14 22:00:01 
Jun 14 22:00:03 
Jun 14 22:00:03 ******开始【京东账号2】了来风*********
Jun 14 22:00:03 
Jun 14 22:00:03 共有7个主题
Jun 14 22:00:03 
Jun 14 22:00:03 ******开始【京东账号2】了来风*********
Jun 14 22:00:03 
Jun 14 22:00:03 共有7个主题
Jun 14 22:00:03 已投票5主题
Jun 14 22:00:03 
Jun 14 22:00:03 
Jun 14 22:00:03 开始给【数码极致体验趋势】主题下的商品进行投票
Jun 14 22:00:03 已投票5主题
Jun 14 22:00:03 
Jun 14 22:00:03 
Jun 14 22:00:03 开始给【手机人文情怀趋势】主题下的商品进行投票
Jun 14 22:00:03 当前剩余投票次数：2
Jun 14 22:00:03 给 【蔡司（ZEISS）镜头清洁纸巾】 商品投票
Jun 14 22:00:04 当前剩余投票次数：2
Jun 14 22:00:04 给 【科大讯飞 智能办公本】 商品投票
Jun 14 22:00:04 成功，获得 0京豆
Jun 14 22:00:04 
Jun 14 22:00:04 失败：{"isSuccess":true,"code":"-3","msg":"调用频率太快"}
Jun 14 22:00:04 
Jun 14 22:00:06 
Jun 14 22:00:06 开始给【手机人文情怀趋势】主题下的商品进行投票
Jun 14 22:00:06 
Jun 14 22:00:06 开始给【数码极致体验趋势】主题下的商品进行投票
Jun 14 22:00:06 当前剩余投票次数：1
Jun 14 22:00:06 给 【科大讯飞 智能学习机】 商品投票
Jun 14 22:00:06 当前剩余投票次数：1
Jun 14 22:00:06 给 【罗技 K835机械键盘 】 商品投票
Jun 14 22:00:06 失败：{"isSuccess":true,"code":"-3","msg":"调用频率太快"}
Jun 14 22:00:06 
Jun 14 22:00:06 成功，获得 0京豆
Jun 14 22:00:06 
Jun 14 22:00:08 
Jun 14 22:00:08 🔔金榜创造营, 结束! 🕛 7.706 秒
Jun 14 22:00:08 
Jun 14 22:00:08 
Jun 14 22:00:08 🔔金榜创造营, 结束! 🕛 7.899 秒
Jun 14 22:00:08 
Jun 15 01:00:01 
Jun 15 01:00:01 🔔金榜创造营, 开始!
Jun 15 01:00:01 
Jun 15 01:00:01 🔔金榜创造营, 开始!
Jun 15 01:00:01 您的cookie选择的是用&隔开
Jun 15 01:00:01 
Jun 15 01:00:01 
Jun 15 01:00:01 ====================共有2个京东账号Cookie=========
Jun 15 01:00:01 
Jun 15 01:00:01 您的cookie选择的是用&隔开
Jun 15 01:00:01 
Jun 15 01:00:01 
Jun 15 01:00:01 ====================共有2个京东账号Cookie=========
Jun 15 01:00:01 
Jun 15 01:00:01 ==================脚本执行- 北京时间(UTC+8)：6/15/2021, 1:00:01 AM=====================
Jun 15 01:00:01 
Jun 15 01:00:01 ==================脚本执行- 北京时间(UTC+8)：6/15/2021, 1:00:01 AM=====================
Jun 15 01:00:01 
Jun 15 01:00:01 
Jun 15 01:00:01 ******开始【京东账号1】赛格di*********
Jun 15 01:00:01 
Jun 15 01:00:01 
Jun 15 01:00:01 ******开始【京东账号1】赛格di*********
Jun 15 01:00:01 
Jun 15 01:00:01 共有7个主题
Jun 15 01:00:01 共有7个主题
Jun 15 01:00:01 
Jun 15 01:00:01 做额外任务：金榜创造营-逛商品
Jun 15 01:00:01 
Jun 15 01:00:01 做额外任务：金榜创造营-逛商品
Jun 15 01:00:01 失败：{"isSuccess":true,"code":"-3","msg":"调用频率太快"}
Jun 15 01:00:01 
Jun 15 01:00:01 成功，获得 0京豆
Jun 15 01:00:01 
Jun 15 01:00:03 
Jun 15 01:00:03 做额外任务：金榜创造营-关注店铺
Jun 15 01:00:03 
Jun 15 01:00:03 做额外任务：金榜创造营-关注店铺
Jun 15 01:00:03 失败：{"isSuccess":true,"code":"-3","msg":"调用频率太快"}
Jun 15 01:00:03 
Jun 15 01:00:03 成功，获得 1京豆
Jun 15 01:00:03 
Jun 15 01:00:05 
Jun 15 01:00:05 做额外任务：金榜创造营-逛会场
Jun 15 01:00:05 
Jun 15 01:00:05 做额外任务：金榜创造营-逛会场
Jun 15 01:00:05 失败：{"isSuccess":true,"code":"-3","msg":"调用频率太快"}
Jun 15 01:00:05 
Jun 15 01:00:06 成功，获得 1京豆
Jun 15 01:00:06 
Jun 15 01:00:07 已投票0主题
Jun 15 01:00:07 
Jun 15 01:00:07 
Jun 15 01:00:07 开始给【饮食精细化式趋势】主题下的商品进行投票
Jun 15 01:00:08 当前剩余投票次数：7
Jun 15 01:00:08 给 【雀巢 威化饼干】 商品投票
Jun 15 01:00:08 已投票0主题
Jun 15 01:00:08 
Jun 15 01:00:08 
Jun 15 01:00:08 开始给【个护气味香氛趋势】主题下的商品进行投票
Jun 15 01:00:08 当前剩余投票次数：6
Jun 15 01:00:08 给 【沙宣 锁色瓶固色护色洗发水】 商品投票
Jun 15 01:00:08 失败：{"isSuccess":true,"code":"-3","msg":"调用频率太快"}
Jun 15 01:00:08 
Jun 15 01:00:08 成功，获得 0京豆
Jun 15 01:00:08 
Jun 15 01:00:10 
Jun 15 01:00:10 开始给【家电智能生活趋势】主题下的商品进行投票
Jun 15 01:00:10 当前剩余投票次数：6
Jun 15 01:00:10 给 【海尔 对开门电冰箱】 商品投票
Jun 15 01:00:10 
Jun 15 01:00:10 开始给【数码极致体验趋势】主题下的商品进行投票
Jun 15 01:00:10 当前剩余投票次数：6
Jun 15 01:00:10 给 【惠普(HP) 暗影精灵7游戏本】 商品投票
Jun 15 01:00:10 失败：{"isSuccess":true,"code":"-3","msg":"调用频率太快"}
Jun 15 01:00:10 
Jun 15 01:00:11 成功，获得 1京豆
Jun 15 01:00:11 
Jun 15 01:00:12 
Jun 15 01:00:12 开始给【居家个性多元趋势】主题下的商品进行投票
Jun 15 01:00:12 当前剩余投票次数：5
Jun 15 01:00:12 给 【碧欧泉 无极限礼盒】 商品投票
Jun 15 01:00:13 
Jun 15 01:00:13 开始给【居家个性多元趋势】主题下的商品进行投票
Jun 15 01:00:13 当前剩余投票次数：4
Jun 15 01:00:13 给 【亲爱男友 男士香水】 商品投票
Jun 15 01:00:13 失败：{"isSuccess":true,"code":"-3","msg":"调用频率太快"}
Jun 15 01:00:13 
Jun 15 01:00:13 成功，获得 0京豆
Jun 15 01:00:13 
Jun 15 01:00:15 
Jun 15 01:00:15 开始给【饮食精细化式趋势】主题下的商品进行投票
Jun 15 01:00:15 当前剩余投票次数：4
Jun 15 01:00:15 给 【伊利 优酸乳乳汽苏打气泡乳】 商品投票
Jun 15 01:00:15 失败：任务已完成
Jun 15 01:00:15 
Jun 15 01:00:15 
Jun 15 01:00:15 开始给【日用全域舒享趋势】主题下的商品进行投票
Jun 15 01:00:15 当前剩余投票次数：4
Jun 15 01:00:15 给 【碧浪 除菌抑菌洁净洗衣液】 商品投票
Jun 15 01:00:15 失败：{"isSuccess":true,"code":"-3","msg":"调用频率太快"}
Jun 15 01:00:15 
Jun 15 01:00:17 
Jun 15 01:00:17 开始给【手机人文情怀趋势】主题下的商品进行投票
Jun 15 01:00:17 当前剩余投票次数：4
Jun 15 01:00:17 给 【戴森 手持无线吸尘器】 商品投票
Jun 15 01:00:17 
Jun 15 01:00:17 开始给【手机人文情怀趋势】主题下的商品进行投票
Jun 15 01:00:17 当前剩余投票次数：3
Jun 15 01:00:17 给 【科大讯飞 智能学习机】 商品投票
Jun 15 01:00:17 失败：{"isSuccess":true,"code":"-3","msg":"调用频率太快"}
Jun 15 01:00:17 
Jun 15 01:00:18 成功，获得 1京豆
Jun 15 01:00:18 
Jun 15 01:00:19 
Jun 15 01:00:19 开始给【个护气味香氛趋势】主题下的商品进行投票
Jun 15 01:00:19 当前剩余投票次数：3
Jun 15 01:00:19 给 【沙宣 锁色瓶固色护色洗发水】 商品投票
Jun 15 01:00:20 
Jun 15 01:00:20 开始给【数码极致体验趋势】主题下的商品进行投票
Jun 15 01:00:20 当前剩余投票次数：2
Jun 15 01:00:20 给 【戴尔DELL 笔记本电脑】 商品投票
Jun 15 01:00:20 失败：{"isSuccess":true,"code":"-3","msg":"调用频率太快"}
Jun 15 01:00:20 
Jun 15 01:00:20 成功，获得 1京豆
Jun 15 01:00:20 
Jun 15 01:00:22 
Jun 15 01:00:22 开始给【日用全域舒享趋势】主题下的商品进行投票
Jun 15 01:00:22 当前剩余投票次数：2
Jun 15 01:00:22 给 【好奇 心钻装小森林纸尿裤】 商品投票
Jun 15 01:00:22 
Jun 15 01:00:22 开始给【家电智能生活趋势】主题下的商品进行投票
Jun 15 01:00:22 当前剩余投票次数：1
Jun 15 01:00:22 给 【飞利浦 智能液晶电视】 商品投票
Jun 15 01:00:22 失败：{"isSuccess":true,"code":"-3","msg":"调用频率太快"}
Jun 15 01:00:22 
Jun 15 01:00:23 成功，获得 0京豆
Jun 15 01:00:23 
Jun 15 01:00:24 
Jun 15 01:00:24 ==============📣系统通知📣==============
Jun 15 01:00:24 金榜创造营
Jun 15 01:00:24 【京东账号1】jd_RbuUwXHBNnJR
Jun 15 01:00:24 本次运行获得2京豆
Jun 15 01:00:24 
Jun 15 01:00:24 ******开始【京东账号2】了来风*********
Jun 15 01:00:24 
Jun 15 01:00:24 共有7个主题
Jun 15 01:00:24 
Jun 15 01:00:24 做额外任务：金榜创造营-逛商品
Jun 15 01:00:25 
Jun 15 01:00:25 ==============📣系统通知📣==============
Jun 15 01:00:25 金榜创造营
Jun 15 01:00:25 【京东账号1】jd_RbuUwXHBNnJR
Jun 15 01:00:25 本次运行获得3京豆
Jun 15 01:00:25 
Jun 15 01:00:25 ******开始【京东账号2】了来风*********
Jun 15 01:00:25 
Jun 15 01:00:25 共有7个主题
Jun 15 01:00:25 
Jun 15 01:00:25 做额外任务：金榜创造营-关注店铺
Jun 15 01:00:25 失败：{"isSuccess":true,"code":"-3","msg":"调用频率太快"}
Jun 15 01:00:25 
Jun 15 01:00:25 成功，获得 1京豆
Jun 15 01:00:25 
Jun 15 01:00:27 
Jun 15 01:00:27 做额外任务：金榜创造营-逛会场
Jun 15 01:00:27 成功，获得 0京豆
Jun 15 01:00:27 
Jun 15 01:00:27 
Jun 15 01:00:27 做额外任务：金榜创造营-关注店铺
Jun 15 01:00:27 失败：{"isSuccess":true,"code":"-3","msg":"调用频率太快"}
Jun 15 01:00:27 
Jun 15 01:00:29 已投票0主题
Jun 15 01:00:29 
Jun 15 01:00:29 
Jun 15 01:00:29 开始给【居家个性多元趋势】主题下的商品进行投票
Jun 15 01:00:29 当前剩余投票次数：7
Jun 15 01:00:29 给 【奥普 智能浴霸】 商品投票
Jun 15 01:00:29 成功，获得 0京豆
Jun 15 01:00:29 
Jun 15 01:00:29 
Jun 15 01:00:29 做额外任务：金榜创造营-逛会场
Jun 15 01:00:29 失败：{"isSuccess":true,"code":"-3","msg":"调用频率太快"}
Jun 15 01:00:29 
Jun 15 01:00:31 
Jun 15 01:00:31 开始给【饮食精细化式趋势】主题下的商品进行投票
Jun 15 01:00:31 已投票0主题
Jun 15 01:00:31 
Jun 15 01:00:31 
Jun 15 01:00:31 开始给【手机人文情怀趋势】主题下的商品进行投票
Jun 15 01:00:32 当前剩余投票次数：6
Jun 15 01:00:32 给 【雀巢 怡跃脱脂女士奶】 商品投票
Jun 15 01:00:32 当前剩余投票次数：6
Jun 15 01:00:32 给 【科大讯飞 智能学习机】 商品投票
Jun 15 01:00:32 失败：{"isSuccess":true,"code":"-3","msg":"调用频率太快"}
Jun 15 01:00:32 
Jun 15 01:00:32 成功，获得 0京豆
Jun 15 01:00:32 
Jun 15 01:00:34 
Jun 15 01:00:34 开始给【居家个性多元趋势】主题下的商品进行投票
Jun 15 01:00:34 当前剩余投票次数：5
Jun 15 01:00:34 给 【添可 无线智能洗地机】 商品投票
Jun 15 01:00:34 失败：任务已完成
Jun 15 01:00:34 
Jun 15 01:00:34 
Jun 15 01:00:34 开始给【日用全域舒享趋势】主题下的商品进行投票
Jun 15 01:00:34 当前剩余投票次数：5
Jun 15 01:00:34 给 【奥美生活 儿童医用印花口罩】 商品投票
Jun 15 01:00:34 失败：{"isSuccess":true,"code":"-3","msg":"调用频率太快"}
Jun 15 01:00:34 
Jun 15 01:00:36 
Jun 15 01:00:36 开始给【数码极致体验趋势】主题下的商品进行投票
Jun 15 01:00:36 当前剩余投票次数：5
Jun 15 01:00:36 给 【戴尔 电脑显示器 】 商品投票
Jun 15 01:00:36 
Jun 15 01:00:36 开始给【手机人文情怀趋势】主题下的商品进行投票
Jun 15 01:00:37 当前剩余投票次数：4
Jun 15 01:00:37 给 【vivo iQOO 7 】 商品投票
Jun 15 01:00:37 失败：{"isSuccess":true,"code":"-3","msg":"调用频率太快"}
Jun 15 01:00:37 
Jun 15 01:00:37 成功，获得 0京豆
Jun 15 01:00:37 
Jun 15 01:00:39 
Jun 15 01:00:39 开始给【个护气味香氛趋势】主题下的商品进行投票
Jun 15 01:00:39 当前剩余投票次数：4
Jun 15 01:00:39 给 【发之食谱 去油洗发水】 商品投票
Jun 15 01:00:39 
Jun 15 01:00:39 开始给【家电智能生活趋势】主题下的商品进行投票
Jun 15 01:00:39 成功，获得 1京豆
Jun 15 01:00:39 
Jun 15 01:00:39 当前剩余投票次数：3
Jun 15 01:00:39 给 【小天鹅 变频滚筒洗衣机】 商品投票
Jun 15 01:00:39 失败：{"isSuccess":true,"code":"-3","msg":"调用频率太快"}
Jun 15 01:00:39 
Jun 15 01:00:41 
Jun 15 01:00:41 开始给【数码极致体验趋势】主题下的商品进行投票
Jun 15 01:00:41 当前剩余投票次数：3
Jun 15 01:00:41 给 【联想 小新Pro14笔记本电脑】 商品投票
Jun 15 01:00:41 
Jun 15 01:00:41 开始给【饮食精细化式趋势】主题下的商品进行投票
Jun 15 01:00:41 失败：任务已完成
Jun 15 01:00:41 
Jun 15 01:00:41 当前剩余投票次数：3
Jun 15 01:00:41 给 【伊利 优酸乳乳汽苏打气泡乳】 商品投票
Jun 15 01:00:41 失败：{"isSuccess":true,"code":"-3","msg":"调用频率太快"}
Jun 15 01:00:41 
Jun 15 01:00:43 
Jun 15 01:00:43 开始给【家电智能生活趋势】主题下的商品进行投票
Jun 15 01:00:43 
Jun 15 01:00:43 开始给【个护气味香氛趋势】主题下的商品进行投票
Jun 15 01:00:43 当前剩余投票次数：3
Jun 15 01:00:43 给 【海尔 对开门电冰箱】 商品投票
Jun 15 01:00:43 当前剩余投票次数：3
Jun 15 01:00:43 给 【海飞丝  控油净澈洗发水】 商品投票
Jun 15 01:00:43 失败：{"isSuccess":true,"code":"-3","msg":"调用频率太快"}
Jun 15 01:00:43 
Jun 15 01:00:44 成功，获得 0京豆
Jun 15 01:00:44 
Jun 15 01:00:45 
Jun 15 01:00:45 开始给【日用全域舒享趋势】主题下的商品进行投票
Jun 15 01:00:45 当前剩余投票次数：2
Jun 15 01:00:45 给 【护舒宝 超薄亲肤卫生巾套装】 商品投票
Jun 15 01:00:46 成功，获得 1京豆
Jun 15 01:00:46 
Jun 15 01:00:46 
Jun 15 01:00:46 ==============📣系统通知📣==============
Jun 15 01:00:46 金榜创造营
Jun 15 01:00:46 【京东账号2】jd_fMRfXcJHjROT
Jun 15 01:00:46 本次运行获得1京豆
Jun 15 01:00:46 
Jun 15 01:00:46 🔔金榜创造营, 结束! 🕛 45.233 秒
Jun 15 01:00:46 
Jun 15 01:00:48 
Jun 15 01:00:48 ==============📣系统通知📣==============
Jun 15 01:00:48 金榜创造营
Jun 15 01:00:48 【京东账号2】jd_fMRfXcJHjROT
Jun 15 01:00:48 本次运行获得2京豆
Jun 15 01:00:48 
Jun 15 01:00:48 🔔金榜创造营, 结束! 🕛 47.137 秒
Jun 15 01:00:48 
