
🔔获取互助码, 开始!
您的cookie选择的是用&隔开


====================共有2个京东账号Cookie=========

==================脚本执行- 北京时间(UTC+8)：6/15/2021, 7:23:00 AM=====================


注：临时活动的互助码不添加到此处，如有需要请手动运行对应临时活动脚本

======账号1开始======
【京东账号1（jd_RbuUwXHBNnJR）京东农场】412aa69dda9b4c41967a25060c6d794a
【京东账号1（jd_RbuUwXHBNnJR）京东萌宠】MTE1NDAxNzcwMDAwMDAwMzg2Njk1OTc=
【京东账号1（jd_RbuUwXHBNnJR）种豆得豆】7qol36k2wexalexopbwitsnlk7dlfaq6w3g7ooa
【京东账号1（jd_RbuUwXHBNnJR）东东工厂】T0205KkcIkxckBO_WGiKyo1oCjVWnYaS5kRrbA
【京东账号1（jd_RbuUwXHBNnJR）京喜工厂】vcoKyxy3ZR--_lTqdoFtSw==
【京东账号1（jd_RbuUwXHBNnJR）crazyJoy】GqQVV-wcJasiklFAKvMPyw==
【京东账号1（jd_RbuUwXHBNnJR）闪购盲盒】T0205KkcIkxckBO_WGiKyo1oCjVQmoaT5kRrbA
【京东账号1（jd_RbuUwXHBNnJR）财富岛】undefine【京东账号1（jd_RbuUwXHBNnJR）闪购盲盒】T0205KkcIkxckBO_WGiKyo1oCjVQmoaT5kRrbA
【京东账号1（jd_RbuUwXHBNnJR）财富岛】undefined
【京东账号1（jd_RbuUwXHBNnJR）签到领现金】eU9YDr73A7tOiRyrlQlx
======账号1结束======

======账号2开始======
【京东账号2（jd_fMRfXcJHjROT）京东农场】1e4d7e29cf584727a483b509a35b4735
【京东账号2（jd_fMRfXcJHjROT）京东萌宠】MTEyMTY4MjgwMDAwMDAwNDk2NDc0MjU=
【京东账号2（jd_fMRfXcJHjROT）种豆得豆】cshk5bfjifz75j3sxlqcin52ywcqgxgmvmx65by
【京东账号2（jd_fMRfXcJHjROT）东东工厂】T0205KkcFmN7ozyEWmKu9ohuCjVWnYaS5kRrbA
注意：京喜农场 种植种子发生变化的时候，互助码也会变！！
【京东账号2（jd_fMRfXcJHjROT）京喜农场】{"smp":"02523dd838bbab3ee2b6a60fe7bcb852","active":"jdnc_1_2yuanchouju210422_2","joinnum":1}
【京东账号2（jd_fMRfXcJHjROT）crazyJoy】wrDUJFZHEZs57Hlo9dbOLg==
【京东账号2（jd_fMRfXcJHjROT）闪购盲盒】T0205KkcFmN7ozyEWmKu9ohuCjVQmoaT5kRrbA
【京东账号2（jd_fMRfXcJHjROT）财富岛】undefined
【京东账号2（jd_fMRfXcJHjROT）签到领现金】eU9YOpHQMJR1ixaPqQx3
======账号2结束======


🔔获取互助码, 结束! 🕛 4.398 秒

