Jun 14 00:14:00Jun 14 00:14:00 
 
Jun 14 00:14:00Jun 14 00:14:00 🔔东东健康社区, 开始!
 🔔东东健康社区, 开始!
Jun 14 00:14:00 您的cookie选择的是用&隔开
Jun 14 00:14:00 
Jun 14 00:14:00 
Jun 14 00:14:00 ====================共有2个京东账号Cookie=========
Jun 14 00:14:00 
Jun 14 00:14:00 您的cookie选择的是用&隔开
Jun 14 00:14:00 
Jun 14 00:14:00 
Jun 14 00:14:00 ====================共有2个京东账号Cookie=========
Jun 14 00:14:00 
Jun 14 00:14:00 ==================脚本执行- 北京时间(UTC+8)：6/14/2021, 12:14:00 AM=====================
Jun 14 00:14:00 
Jun 14 00:14:00 ==================脚本执行- 北京时间(UTC+8)：6/14/2021, 12:14:00 AM=====================
Jun 14 00:14:00 
Jun 14 00:14:00 如果出现提示 ?.data. 错误，请升级nodejs版本(进入容器后，apk add nodejs-current)
Jun 14 00:14:00 开始获取东东健康社区配置文件
Jun 14 00:14:00 
Jun 14 00:14:00 共2个京东账号
Jun 14 00:14:00Jun 14 00:14:00 如果出现提示 ?.data. 错误，请升级nodejs版本(进入容器后，apk add nodejs-current)
 
Jun 14 00:14:00Jun 14 00:14:00 开始获取东东健康社区配置文件
 您提供了0个账号的东东健康社区助力码
Jun 14 00:14:00Jun 14 00:14:00 
 
Jun 14 00:14:00 共2个京东账号
Jun 14 00:14:00 
Jun 14 00:14:00 您提供了0个账号的东东健康社区助力码
Jun 14 00:14:00 
Jun 14 00:14:00 
Jun 14 00:14:00 ******开始【京东账号1】jd_RbuUwXHBNnJR*********
Jun 14 00:14:00 
Jun 14 00:14:00 由于您第1个京东账号未提供shareCode,将采纳本脚本自带的助力码
Jun 14 00:14:00 
Jun 14 00:14:00 开始
Jun 14 00:14:00 
Jun 14 00:14:00 ******开始【京东账号1】jd_RbuUwXHBNnJR*********
Jun 14 00:14:00 
Jun 14 00:14:00 由于您第1个京东账号未提供shareCode,将采纳本脚本自带的助力码
Jun 14 00:14:00 
Jun 14 00:14:00 开始
Jun 14 00:14:10 第1个京东账号将要助力的好友[""]
Jun 14 00:14:10 第1个京东账号将要助力的好友[""]
Jun 14 00:14:10 签到领健康能量任务，完成次数：0/1
Jun 14 00:14:10 去完成签到领健康能量任务
Jun 14 00:14:10 签到领健康能量任务，完成次数：0/1
Jun 14 00:14:10 去完成签到领健康能量任务
Jun 14 00:14:10 任务完成成功，获得：800能量
Jun 14 00:14:10 任务完成失败：这个任务做完啦~！
Jun 14 00:14:10 
Jun 14 00:14:10 【京东账号1（jd_RbuUwXHBNnJR）的东东健康社区好友互助码】T0205KkcIkxckBO_WGiKyo1oCjVfnoaW5kRrbA
Jun 14 00:14:10 
Jun 14 00:14:10 好友助力码：T0205KkcIkxckBO_WGiKyo1oCjVfnoaW5kRrbA
Jun 14 00:14:10 
Jun 14 00:14:10 【京东账号1（jd_RbuUwXHBNnJR）的东东健康社区好友互助码】T0205KkcIkxckBO_WGiKyo1oCjVfnoaW5kRrbA
Jun 14 00:14:10 
Jun 14 00:14:10 好友助力码：T0205KkcIkxckBO_WGiKyo1oCjVfnoaW5kRrbA
Jun 14 00:14:10 购1元券包得5元话费券任务，完成次数：0/1
Jun 14 00:14:10 去完成购1元券包得5元话费券任务
Jun 14 00:14:10 购1元券包得5元话费券任务，完成次数：0/1
Jun 14 00:14:10 去完成购1元券包得5元话费券任务
Jun 14 00:14:10 任务领取结果：任务领取成功
Jun 14 00:14:10 任务领取结果：任务领取成功
Jun 14 00:14:20 任务完成失败：点太快啦！等下再来吧
Jun 14 00:14:20 在线填表即领好礼任务，完成次数：0/1
Jun 14 00:14:20 去完成在线填表即领好礼任务
Jun 14 00:14:20 任务完成成功，获得：300能量
Jun 14 00:14:20 在线填表即领好礼任务，完成次数：0/1
Jun 14 00:14:20 去完成在线填表即领好礼任务
Jun 14 00:14:20 任务完成成功，获得：1000能量
Jun 14 00:14:20 早起打卡(06:00-09:00)任务，完成次数：0/1
Jun 14 00:14:20 去完成早起打卡(06:00-09:00)任务
Jun 14 00:14:20 任务完成失败：这个任务做完啦~！
Jun 14 00:14:20 早起打卡(06:00-09:00)任务，完成次数：0/1
Jun 14 00:14:20 去完成早起打卡(06:00-09:00)任务
Jun 14 00:14:20 任务完成失败：不在打卡时间哦!
Jun 14 00:14:20 一分钱造爆款电器任务，完成次数：0/1
Jun 14 00:14:20 去完成一分钱造爆款电器任务
Jun 14 00:14:20 任务完成失败：不在打卡时间哦!
Jun 14 00:14:20 一分钱造爆款电器任务，完成次数：0/1
Jun 14 00:14:20 去完成一分钱造爆款电器任务
Jun 14 00:14:20 任务领取结果：任务领取成功
Jun 14 00:14:20 任务领取结果：任务领取成功
Jun 14 00:14:24 "read ECONNRESET"
Jun 14 00:14:24 东东健康社区 API请求失败，请检查网路重试
Jun 14 00:14:24 "read ECONNRESET"
Jun 14 00:14:24 东东健康社区 API请求失败，请检查网路重试
Jun 14 00:14:30 任务完成成功，获得：300能量
Jun 14 00:14:30 香丹清京东自营旗舰店任务，完成次数：0/5
Jun 14 00:14:30 去完成香丹清京东自营旗舰店任务
Jun 14 00:14:30 去完成香丹清京东自营旗舰店任务
Jun 14 00:14:30 去完成香丹清京东自营旗舰店任务
Jun 14 00:14:30 去完成香丹清京东自营旗舰店任务
Jun 14 00:14:30 去完成香丹清京东自营旗舰店任务
Jun 14 00:14:30 浏览Swisse品牌会场任务，完成次数：0/1
Jun 14 00:14:30 去完成浏览Swisse品牌会场任务
Jun 14 00:14:30 任务领取结果：任务领取成功
Jun 14 00:14:31 任务完成失败：这个任务做完啦~！
Jun 14 00:14:31 云南白药官方旗舰店任务，完成次数：0/5
Jun 14 00:14:31 去完成云南白药官方旗舰店任务
Jun 14 00:14:31 去完成云南白药官方旗舰店任务
Jun 14 00:14:31 去完成云南白药官方旗舰店任务
Jun 14 00:14:31 去完成云南白药官方旗舰店任务
Jun 14 00:14:31 去完成云南白药官方旗舰店任务
Jun 14 00:14:31 浏览Swisse品牌会场任务，完成次数：0/1
Jun 14 00:14:31 去完成浏览Swisse品牌会场任务
Jun 14 00:14:31 任务领取结果：任务领取成功
Jun 14 00:14:40 任务完成成功，获得：300能量
Jun 14 00:14:41 任务完成失败：这个任务做完啦~！
Jun 14 00:14:41 早起打卡(06:00-09:00)任务，完成次数：0/1
Jun 14 00:14:41 去完成早起打卡(06:00-09:00)任务
Jun 14 00:14:41 任务完成失败：不在打卡时间哦!
Jun 14 00:14:41 香丹清京东自营旗舰店任务，完成次数：0/5
Jun 14 00:14:41 去完成香丹清京东自营旗舰店任务
Jun 14 00:14:41 去完成香丹清京东自营旗舰店任务
Jun 14 00:14:41 去完成香丹清京东自营旗舰店任务
Jun 14 00:14:41 去完成香丹清京东自营旗舰店任务
Jun 14 00:14:41 去完成香丹清京东自营旗舰店任务
Jun 14 00:14:41 Swisse海外京东自营旗舰店任务，完成次数：0/1
Jun 14 00:14:41 去完成Swisse海外京东自营旗舰店任务
Jun 14 00:14:41 参与瓜分千万京豆任务，完成次数：0/1
Jun 14 00:14:41 去完成参与瓜分千万京豆任务
Jun 14 00:14:42 任务领取结果：任务领取成功
Jun 14 00:14:42 早起打卡(06:00-09:00)任务，完成次数：0/1
Jun 14 00:14:42 去完成早起打卡(06:00-09:00)任务
Jun 14 00:14:42 任务完成失败：不在打卡时间哦!
Jun 14 00:14:42 雅培（Abbott）营养科学京东自营旗舰店任务，完成次数：0/5
Jun 14 00:14:42 去完成雅培（Abbott）营养科学京东自营旗舰店任务
Jun 14 00:14:42 去完成雅培（Abbott）营养科学京东自营旗舰店任务
Jun 14 00:14:42 去完成雅培（Abbott）营养科学京东自营旗舰店任务
Jun 14 00:14:42 去完成雅培（Abbott）营养科学京东自营旗舰店任务
Jun 14 00:14:42 去完成雅培（Abbott）营养科学京东自营旗舰店任务
Jun 14 00:14:42 Swisse海外京东自营旗舰店任务，完成次数：0/1
Jun 14 00:14:42 去完成Swisse海外京东自营旗舰店任务
Jun 14 00:14:42 参与瓜分千万京豆任务，完成次数：0/1
Jun 14 00:14:42 去完成参与瓜分千万京豆任务
Jun 14 00:14:42 任务领取结果：任务领取成功
Jun 14 00:14:52 任务完成成功，获得：300能量
Jun 14 00:14:52 关注医药馆1元抢好药任务，完成次数：0/1
Jun 14 00:14:52 去完成关注医药馆1元抢好药任务
Jun 14 00:14:52 任务完成成功，获得：500能量
Jun 14 00:14:52 任务完成失败：这个任务做完啦~！
Jun 14 00:14:52 关注医药馆1元抢好药任务，完成次数：0/1
Jun 14 00:14:52 去完成关注医药馆1元抢好药任务
Jun 14 00:14:52 任务完成失败：这个任务做完啦~！
Jun 14 00:14:53 早起打卡(06:00-09:00)任务，完成次数：0/1
Jun 14 00:14:53 去完成早起打卡(06:00-09:00)任务
Jun 14 00:14:53 任务完成失败：不在打卡时间哦!
Jun 14 00:14:53 雅培（Abbott）营养科学京东自营旗舰店任务，完成次数：0/5
Jun 14 00:14:53 去完成雅培（Abbott）营养科学京东自营旗舰店任务
Jun 14 00:14:53 去完成雅培（Abbott）营养科学京东自营旗舰店任务
Jun 14 00:14:53 去完成雅培（Abbott）营养科学京东自营旗舰店任务
Jun 14 00:14:53 去完成雅培（Abbott）营养科学京东自营旗舰店任务
Jun 14 00:14:53 去完成雅培（Abbott）营养科学京东自营旗舰店任务
Jun 14 00:14:53 Swisse海外京东自营旗舰店任务，完成次数：0/1
Jun 14 00:14:53 去完成Swisse海外京东自营旗舰店任务
Jun 14 00:14:53 西医亚健康测评任务，完成次数：0/1
Jun 14 00:14:53 去完成西医亚健康测评任务
Jun 14 00:14:53 中医健康体质测评任务，完成次数：0/1
Jun 14 00:14:53 去完成中医健康体质测评任务
Jun 14 00:14:53 任务完成成功，获得：236能量
Jun 14 00:14:53 
Jun 14 00:14:53 ==============📣系统通知📣==============
Jun 14 00:14:53 东东健康社区
Jun 14 00:14:53 京东账号1 jd_RbuUwXHBNnJR
Jun 14 00:14:53 本次获得3736健康值，累计328782健康值
Jun 14 00:14:53 
Jun 14 00:14:53 
Jun 14 00:14:53 ******开始【京东账号2】jd_fMRfXcJHjROT*********
Jun 14 00:14:53 
Jun 14 00:14:53 由于您第2个京东账号未提供shareCode,将采纳本脚本自带的助力码
Jun 14 00:14:53 
Jun 14 00:14:53 开始
Jun 14 00:14:53 早起打卡(06:00-09:00)任务，完成次数：0/1
Jun 14 00:14:53 去完成早起打卡(06:00-09:00)任务
Jun 14 00:14:53 任务完成失败：不在打卡时间哦!
Jun 14 00:14:53 云南白药官方旗舰店任务，完成次数：0/5
Jun 14 00:14:53 去完成云南白药官方旗舰店任务
Jun 14 00:14:53 去完成云南白药官方旗舰店任务
Jun 14 00:14:53 去完成云南白药官方旗舰店任务
Jun 14 00:14:53 去完成云南白药官方旗舰店任务
Jun 14 00:14:53 去完成云南白药官方旗舰店任务
Jun 14 00:14:53 Swisse海外京东自营旗舰店任务，完成次数：0/1
Jun 14 00:14:53 去完成Swisse海外京东自营旗舰店任务
Jun 14 00:14:53 西医亚健康测评任务，完成次数：0/1
Jun 14 00:14:53 去完成西医亚健康测评任务
Jun 14 00:14:53 中医健康体质测评任务，完成次数：0/1
Jun 14 00:14:53 去完成中医健康体质测评任务
Jun 14 00:14:53 任务完成失败：点太快啦！等下再来吧
Jun 14 00:14:53 
Jun 14 00:14:53 ==============📣系统通知📣==============
Jun 14 00:14:53 东东健康社区
Jun 14 00:14:53 京东账号1 jd_RbuUwXHBNnJR
Jun 14 00:14:53 本次获得3736健康值，累计328782健康值
Jun 14 00:14:53 
Jun 14 00:14:53 
Jun 14 00:14:53 ******开始【京东账号2】jd_fMRfXcJHjROT*********
Jun 14 00:14:53 
Jun 14 00:14:53 由于您第2个京东账号未提供shareCode,将采纳本脚本自带的助力码
Jun 14 00:14:53 
Jun 14 00:14:53 开始
Jun 14 00:15:03 第2个京东账号将要助力的好友[""]
Jun 14 00:15:03 第2个京东账号将要助力的好友[""]
Jun 14 00:15:03 任务完成失败：活动太火爆啦
Jun 14 00:15:03 
Jun 14 00:15:03 ==============📣系统通知📣==============
Jun 14 00:15:03 东东健康社区
Jun 14 00:15:03 京东账号2 jd_fMRfXcJHjROT
Jun 14 00:15:03 本次获得0健康值，累计0健康值
Jun 14 00:15:03 
Jun 14 00:15:03 
Jun 14 00:15:03 🔔东东健康社区, 结束! 🕛 63.337 秒
Jun 14 00:15:03 
Jun 14 00:15:03 任务完成失败：活动太火爆啦
Jun 14 00:15:03 
Jun 14 00:15:03 ==============📣系统通知📣==============
Jun 14 00:15:03 东东健康社区
Jun 14 00:15:03 京东账号2 jd_fMRfXcJHjROT
Jun 14 00:15:03 本次获得0健康值，累计0健康值
Jun 14 00:15:03 
Jun 14 00:15:03 
Jun 14 00:15:03 🔔东东健康社区, 结束! 🕛 63.496 秒
Jun 14 00:15:03 
Jun 14 00:15:23 "read ECONNRESET"
Jun 14 00:15:23 东东健康社区 API请求失败，请检查网路重试
Jun 14 00:15:26 "Timeout awaiting 'request' for 10000ms"
Jun 14 00:15:26 东东健康社区 API请求失败，请检查网路重试
Jun 14 04:14:00 
Jun 14 04:14:00 🔔东东健康社区, 开始!
Jun 14 04:14:00 您的cookie选择的是用&隔开
Jun 14 04:14:00 
Jun 14 04:14:00 
Jun 14 04:14:00 ====================共有2个京东账号Cookie=========
Jun 14 04:14:00 
Jun 14 04:14:00 
Jun 14 04:14:00 🔔东东健康社区, 开始!
Jun 14 04:14:00 您的cookie选择的是用&隔开
Jun 14 04:14:00 
Jun 14 04:14:00 
Jun 14 04:14:00 ====================共有2个京东账号Cookie=========
Jun 14 04:14:00 
Jun 14 04:14:00 ==================脚本执行- 北京时间(UTC+8)：6/14/2021, 4:14:00 AM=====================
Jun 14 04:14:00 
Jun 14 04:14:00 如果出现提示 ?.data. 错误，请升级nodejs版本(进入容器后，apk add nodejs-current)
Jun 14 04:14:00 开始获取东东健康社区配置文件
Jun 14 04:14:00 
Jun 14 04:14:00 共2个京东账号
Jun 14 04:14:00 
Jun 14 04:14:00 您提供了2个账号的东东健康社区助力码
Jun 14 04:14:00 
Jun 14 04:14:00 
Jun 14 04:14:00 ******开始【京东账号1】jd_RbuUwXHBNnJR*********
Jun 14 04:14:00 
Jun 14 04:14:00 开始
Jun 14 04:14:00 ==================脚本执行- 北京时间(UTC+8)：6/14/2021, 4:14:00 AM=====================
Jun 14 04:14:00 
Jun 14 04:14:00 如果出现提示 ?.data. 错误，请升级nodejs版本(进入容器后，apk add nodejs-current)
Jun 14 04:14:00 开始获取东东健康社区配置文件
Jun 14 04:14:00 
Jun 14 04:14:00 共2个京东账号
Jun 14 04:14:00 
Jun 14 04:14:00 您提供了2个账号的东东健康社区助力码
Jun 14 04:14:00 
Jun 14 04:14:00 
Jun 14 04:14:00 ******开始【京东账号1】jd_RbuUwXHBNnJR*********
Jun 14 04:14:00 
Jun 14 04:14:00 开始
Jun 14 04:14:00 随机取20个码放到您固定的互助码后面(不影响已有固定互助)
Jun 14 04:14:00 第1个京东账号将要助力的好友["T0205KkcIkxckBO_WGiKyo1oCjVfnoaW5kRrbA"]
Jun 14 04:14:01 签到领健康能量任务，完成次数：1/1
Jun 14 04:14:01 
Jun 14 04:14:01 【京东账号1（jd_RbuUwXHBNnJR）的东东健康社区好友互助码】T0205KkcIkxckBO_WGiKyo1oCjVfnoaW5kRrbA
Jun 14 04:14:01 
Jun 14 04:14:01 好友助力码：T0205KkcIkxckBO_WGiKyo1oCjVfnoaW5kRrbA
Jun 14 04:14:01 早起打卡(06:00-09:00)任务，完成次数：0/1
Jun 14 04:14:01 去完成早起打卡(06:00-09:00)任务
Jun 14 04:14:01 任务完成失败：不在打卡时间哦!
Jun 14 04:14:01 燕小厨官方旗舰店任务，完成次数：0/5
Jun 14 04:14:01 去完成燕小厨官方旗舰店任务
Jun 14 04:14:01 去完成燕小厨官方旗舰店任务
Jun 14 04:14:01 去完成燕小厨官方旗舰店任务
Jun 14 04:14:01 去完成燕小厨官方旗舰店任务
Jun 14 04:14:01 去完成燕小厨官方旗舰店任务
Jun 14 04:14:01 Swisse海外京东自营旗舰店任务，完成次数：0/1
Jun 14 04:14:01 去完成Swisse海外京东自营旗舰店任务
Jun 14 04:14:01 西医亚健康测评任务，完成次数：0/1
Jun 14 04:14:01 去完成西医亚健康测评任务
Jun 14 04:14:01 中医健康体质测评任务，完成次数：0/1
Jun 14 04:14:01 去完成中医健康体质测评任务
Jun 14 04:14:01 任务完成成功，获得：0能量
Jun 14 04:14:01 去助力好友T0205KkcIkxckBO_WGiKyo1oCjVfnoaW5kRrbA
Jun 14 04:14:01 任务完成失败：助力失败丨不可以为自己助力哦
Jun 14 04:14:02 
Jun 14 04:14:02 ==============📣系统通知📣==============
Jun 14 04:14:02 东东健康社区
Jun 14 04:14:02 京东账号1 jd_RbuUwXHBNnJR
Jun 14 04:14:02 本次获得0健康值，累计333340健康值
Jun 14 04:14:02 
Jun 14 04:14:02 
Jun 14 04:14:02 ******开始【京东账号2】jd_fMRfXcJHjROT*********
Jun 14 04:14:02 
Jun 14 04:14:02 开始
Jun 14 04:14:10 第1个京东账号将要助力的好友["T0205KkcIkxckBO_WGiKyo1oCjVfnoaW5kRrbA"]
Jun 14 04:14:10 签到领健康能量任务，完成次数：1/1
Jun 14 04:14:10 
Jun 14 04:14:10 【京东账号1（jd_RbuUwXHBNnJR）的东东健康社区好友互助码】T0205KkcIkxckBO_WGiKyo1oCjVfnoaW5kRrbA
Jun 14 04:14:10 
Jun 14 04:14:10 好友助力码：T0205KkcIkxckBO_WGiKyo1oCjVfnoaW5kRrbA
Jun 14 04:14:10 早起打卡(06:00-09:00)任务，完成次数：0/1
Jun 14 04:14:10 去完成早起打卡(06:00-09:00)任务
Jun 14 04:14:10 任务完成失败：不在打卡时间哦!
Jun 14 04:14:10 香丹清京东自营旗舰店任务，完成次数：0/5
Jun 14 04:14:10 去完成香丹清京东自营旗舰店任务
Jun 14 04:14:10 去完成香丹清京东自营旗舰店任务
Jun 14 04:14:10 去完成香丹清京东自营旗舰店任务
Jun 14 04:14:10 去完成香丹清京东自营旗舰店任务
Jun 14 04:14:10 去完成香丹清京东自营旗舰店任务
Jun 14 04:14:10 Swisse海外京东自营旗舰店任务，完成次数：0/1
Jun 14 04:14:10 去完成Swisse海外京东自营旗舰店任务
Jun 14 04:14:10 西医亚健康测评任务，完成次数：0/1
Jun 14 04:14:10 去完成西医亚健康测评任务
Jun 14 04:14:10 中医健康体质测评任务，完成次数：0/1
Jun 14 04:14:10 去完成中医健康体质测评任务
Jun 14 04:14:11 任务完成成功，获得：0能量
Jun 14 04:14:11 去助力好友T0205KkcIkxckBO_WGiKyo1oCjVfnoaW5kRrbA
Jun 14 04:14:11 任务完成失败：助力失败丨不可以为自己助力哦
Jun 14 04:14:12 
Jun 14 04:14:12 ==============📣系统通知📣==============
Jun 14 04:14:12 东东健康社区
Jun 14 04:14:12 京东账号1 jd_RbuUwXHBNnJR
Jun 14 04:14:12 本次获得0健康值，累计333340健康值
Jun 14 04:14:12 
Jun 14 04:14:12 
Jun 14 04:14:12 ******开始【京东账号2】jd_fMRfXcJHjROT*********
Jun 14 04:14:12 
Jun 14 04:14:12 开始
Jun 14 04:14:12 第2个京东账号将要助力的好友["T0205KkcIkxckBO_WGiKyo1oCjVfnoaW5kRrbA"]
Jun 14 04:14:12 任务完成失败：活动太火爆啦
Jun 14 04:14:12 去助力好友T0205KkcIkxckBO_WGiKyo1oCjVfnoaW5kRrbA
Jun 14 04:14:12 任务完成失败：活动太火爆啦
Jun 14 04:14:12 助力次数已满，跳出
Jun 14 04:14:12 
Jun 14 04:14:12 ==============📣系统通知📣==============
Jun 14 04:14:12 东东健康社区
Jun 14 04:14:12 京东账号2 jd_fMRfXcJHjROT
Jun 14 04:14:12 本次获得0健康值，累计0健康值
Jun 14 04:14:12 
Jun 14 04:14:12 
Jun 14 04:14:12 🔔东东健康社区, 结束! 🕛 11.949 秒
Jun 14 04:14:12 
Jun 14 04:14:22 第2个京东账号将要助力的好友["T0205KkcIkxckBO_WGiKyo1oCjVfnoaW5kRrbA"]
Jun 14 04:14:22 任务完成失败：活动太火爆啦
Jun 14 04:14:22 去助力好友T0205KkcIkxckBO_WGiKyo1oCjVfnoaW5kRrbA
Jun 14 04:14:22 任务完成失败：活动太火爆啦
Jun 14 04:14:22 助力次数已满，跳出
Jun 14 04:14:22 
Jun 14 04:14:22 ==============📣系统通知📣==============
Jun 14 04:14:22 东东健康社区
Jun 14 04:14:22 京东账号2 jd_fMRfXcJHjROT
Jun 14 04:14:22 本次获得0健康值，累计0健康值
Jun 14 04:14:22 
Jun 14 04:14:22 
Jun 14 04:14:22 🔔东东健康社区, 结束! 🕛 21.675 秒
Jun 14 04:14:22 
Jun 14 04:14:33 "Timeout awaiting 'request' for 10000ms"
Jun 14 04:14:33 东东健康社区 API请求失败，请检查网路重试
Jun 14 04:14:35 "Timeout awaiting 'request' for 10000ms"
Jun 14 04:14:35 东东健康社区 API请求失败，请检查网路重试
Jun 14 04:14:45 "Timeout awaiting 'request' for 10000ms"
Jun 14 04:14:45 东东健康社区 API请求失败，请检查网路重试
Jun 14 08:14:01 
Jun 14 08:14:01 🔔东东健康社区, 开始!
Jun 14 08:14:01 您的cookie选择的是用&隔开
Jun 14 08:14:01 
Jun 14 08:14:01 
Jun 14 08:14:01 ====================共有2个京东账号Cookie=========
Jun 14 08:14:01 
Jun 14 08:14:01 
Jun 14 08:14:01 🔔东东健康社区, 开始!
Jun 14 08:14:01 您的cookie选择的是用&隔开
Jun 14 08:14:01 
Jun 14 08:14:01 
Jun 14 08:14:01 ====================共有2个京东账号Cookie=========
Jun 14 08:14:01 
Jun 14 08:14:01 ==================脚本执行- 北京时间(UTC+8)：6/14/2021, 8:14:01 AM=====================
Jun 14 08:14:01 
Jun 14 08:14:01 如果出现提示 ?.data. 错误，请升级nodejs版本(进入容器后，apk add nodejs-current)
Jun 14 08:14:01 开始获取东东健康社区配置文件
Jun 14 08:14:01 
Jun 14 08:14:01 共2个京东账号
Jun 14 08:14:01 
Jun 14 08:14:01 您提供了2个账号的东东健康社区助力码
Jun 14 08:14:01 
Jun 14 08:14:01 
Jun 14 08:14:01 ******开始【京东账号1】jd_RbuUwXHBNnJR*********
Jun 14 08:14:01 
Jun 14 08:14:01 开始
Jun 14 08:14:01 ==================脚本执行- 北京时间(UTC+8)：6/14/2021, 8:14:01 AM=====================
Jun 14 08:14:01 
Jun 14 08:14:01 如果出现提示 ?.data. 错误，请升级nodejs版本(进入容器后，apk add nodejs-current)
Jun 14 08:14:01 开始获取东东健康社区配置文件
Jun 14 08:14:01 
Jun 14 08:14:01 共2个京东账号
Jun 14 08:14:01 
Jun 14 08:14:01 您提供了2个账号的东东健康社区助力码
Jun 14 08:14:01 
Jun 14 08:14:01 
Jun 14 08:14:01 ******开始【京东账号1】jd_RbuUwXHBNnJR*********
Jun 14 08:14:01 
Jun 14 08:14:01 开始
Jun 14 08:14:02 随机取20个码放到您固定的互助码后面(不影响已有固定互助)
Jun 14 08:14:02 第1个京东账号将要助力的好友["T0205KkcIkxckBO_WGiKyo1oCjVfnoaW5kRrbA"]
Jun 14 08:14:02 签到领健康能量任务，完成次数：1/1
Jun 14 08:14:02 
Jun 14 08:14:02 【京东账号1（jd_RbuUwXHBNnJR）的东东健康社区好友互助码】T0205KkcIkxckBO_WGiKyo1oCjVfnoaW5kRrbA
Jun 14 08:14:02 
Jun 14 08:14:02 好友助力码：T0205KkcIkxckBO_WGiKyo1oCjVfnoaW5kRrbA
Jun 14 08:14:02 早起打卡(06:00-09:00)任务，完成次数：0/1
Jun 14 08:14:02 去完成早起打卡(06:00-09:00)任务
Jun 14 08:14:02 任务完成成功，获得：500能量
Jun 14 08:14:02 香丹清京东自营旗舰店任务，完成次数：0/5
Jun 14 08:14:02 去完成香丹清京东自营旗舰店任务
Jun 14 08:14:02 去完成香丹清京东自营旗舰店任务
Jun 14 08:14:02 去完成香丹清京东自营旗舰店任务
Jun 14 08:14:02 去完成香丹清京东自营旗舰店任务
Jun 14 08:14:02 去完成香丹清京东自营旗舰店任务
Jun 14 08:14:02 Swisse海外京东自营旗舰店任务，完成次数：0/1
Jun 14 08:14:02 去完成Swisse海外京东自营旗舰店任务
Jun 14 08:14:02 西医亚健康测评任务，完成次数：0/1
Jun 14 08:14:02 去完成西医亚健康测评任务
Jun 14 08:14:02 中医健康体质测评任务，完成次数：0/1
Jun 14 08:14:02 去完成中医健康体质测评任务
Jun 14 08:14:03 香丹清京东自营旗舰店任务，完成次数：0/5
Jun 14 08:14:03 去完成香丹清京东自营旗舰店任务
Jun 14 08:14:03 去完成香丹清京东自营旗舰店任务
Jun 14 08:14:03 去完成香丹清京东自营旗舰店任务
Jun 14 08:14:03 去完成香丹清京东自营旗舰店任务
Jun 14 08:14:03 去完成香丹清京东自营旗舰店任务
Jun 14 08:14:03 Swisse海外京东自营旗舰店任务，完成次数：0/1
Jun 14 08:14:03 去完成Swisse海外京东自营旗舰店任务
Jun 14 08:14:03 西医亚健康测评任务，完成次数：0/1
Jun 14 08:14:03 去完成西医亚健康测评任务
Jun 14 08:14:03 中医健康体质测评任务，完成次数：0/1
Jun 14 08:14:03 去完成中医健康体质测评任务
Jun 14 08:14:03 你睡好了吗？任务，完成次数：0/1
Jun 14 08:14:03 去完成你睡好了吗？任务
Jun 14 08:14:03 任务领取结果：任务领取成功
Jun 14 08:14:11 第1个京东账号将要助力的好友["T0205KkcIkxckBO_WGiKyo1oCjVfnoaW5kRrbA"]
Jun 14 08:14:11 签到领健康能量任务，完成次数：1/1
Jun 14 08:14:11 
Jun 14 08:14:11 【京东账号1（jd_RbuUwXHBNnJR）的东东健康社区好友互助码】T0205KkcIkxckBO_WGiKyo1oCjVfnoaW5kRrbA
Jun 14 08:14:11 
Jun 14 08:14:11 好友助力码：T0205KkcIkxckBO_WGiKyo1oCjVfnoaW5kRrbA
Jun 14 08:14:11 香丹清京东自营旗舰店任务，完成次数：0/5
Jun 14 08:14:11 去完成香丹清京东自营旗舰店任务
Jun 14 08:14:11 去完成香丹清京东自营旗舰店任务
Jun 14 08:14:11 去完成香丹清京东自营旗舰店任务
Jun 14 08:14:11 去完成香丹清京东自营旗舰店任务
Jun 14 08:14:11 去完成香丹清京东自营旗舰店任务
Jun 14 08:14:11 Swisse海外京东自营旗舰店任务，完成次数：0/1
Jun 14 08:14:11 去完成Swisse海外京东自营旗舰店任务
Jun 14 08:14:11 西医亚健康测评任务，完成次数：0/1
Jun 14 08:14:11 去完成西医亚健康测评任务
Jun 14 08:14:11 中医健康体质测评任务，完成次数：0/1
Jun 14 08:14:11 去完成中医健康体质测评任务
Jun 14 08:14:11 你睡好了吗？任务，完成次数：0/1
Jun 14 08:14:11 去完成你睡好了吗？任务
Jun 14 08:14:11 任务领取结果：任务领取成功
Jun 14 08:14:13 任务完成成功，获得：300能量
Jun 14 08:14:14 香丹清京东自营旗舰店任务，完成次数：0/5
Jun 14 08:14:14 去完成香丹清京东自营旗舰店任务
Jun 14 08:14:14 去完成香丹清京东自营旗舰店任务
Jun 14 08:14:14 去完成香丹清京东自营旗舰店任务
Jun 14 08:14:14 去完成香丹清京东自营旗舰店任务
Jun 14 08:14:14 去完成香丹清京东自营旗舰店任务
Jun 14 08:14:14 Swisse海外京东自营旗舰店任务，完成次数：0/1
Jun 14 08:14:14 去完成Swisse海外京东自营旗舰店任务
Jun 14 08:14:14 西医亚健康测评任务，完成次数：0/1
Jun 14 08:14:14 去完成西医亚健康测评任务
Jun 14 08:14:14 中医健康体质测评任务，完成次数：0/1
Jun 14 08:14:14 去完成中医健康体质测评任务
Jun 14 08:14:14 领取免费体验口内扫描仪机会任务，完成次数：0/1
Jun 14 08:14:14 去完成领取免费体验口内扫描仪机会任务
Jun 14 08:14:14 任务领取结果：任务领取成功
Jun 14 08:14:21 任务完成失败：这个任务做完啦~！
Jun 14 08:14:22 云南白药官方旗舰店任务，完成次数：0/5
Jun 14 08:14:22 去完成云南白药官方旗舰店任务
Jun 14 08:14:22 去完成云南白药官方旗舰店任务
Jun 14 08:14:22 去完成云南白药官方旗舰店任务
Jun 14 08:14:22 去完成云南白药官方旗舰店任务
Jun 14 08:14:22 去完成云南白药官方旗舰店任务
Jun 14 08:14:22 Swisse海外京东自营旗舰店任务，完成次数：0/1
Jun 14 08:14:22 去完成Swisse海外京东自营旗舰店任务
Jun 14 08:14:22 西医亚健康测评任务，完成次数：0/1
Jun 14 08:14:22 去完成西医亚健康测评任务
Jun 14 08:14:22 中医健康体质测评任务，完成次数：0/1
Jun 14 08:14:22 去完成中医健康体质测评任务
Jun 14 08:14:22 领取免费体验口内扫描仪机会任务，完成次数：0/1
Jun 14 08:14:22 去完成领取免费体验口内扫描仪机会任务
Jun 14 08:14:22 任务领取结果：任务领取成功
Jun 14 08:14:24 任务完成成功，获得：300能量
Jun 14 08:14:24 随机取20个码放到您固定的互助码后面(不影响已有固定互助)
Jun 14 08:14:25 济民可信官方旗舰店任务，完成次数：0/5
Jun 14 08:14:25 去完成济民可信官方旗舰店任务
Jun 14 08:14:25 去完成济民可信官方旗舰店任务
Jun 14 08:14:25 去完成济民可信官方旗舰店任务
Jun 14 08:14:25 去完成济民可信官方旗舰店任务
Jun 14 08:14:25 去完成济民可信官方旗舰店任务
Jun 14 08:14:25 Swisse海外京东自营旗舰店任务，完成次数：0/1
Jun 14 08:14:25 去完成Swisse海外京东自营旗舰店任务
Jun 14 08:14:25 西医亚健康测评任务，完成次数：0/1
Jun 14 08:14:25 去完成西医亚健康测评任务
Jun 14 08:14:25 中医健康体质测评任务，完成次数：0/1
Jun 14 08:14:25 去完成中医健康体质测评任务
Jun 14 08:14:25 澳大利亚 佰澳朗德Bio Island 比奥岛 孕妇DHA海藻油备孕孕期哺乳期 60粒/瓶任务，完成次数：0/3
Jun 14 08:14:25 去完成澳大利亚 佰澳朗德Bio Island 比奥岛 孕妇DHA海藻油备孕孕期哺乳期 60粒/瓶任务
Jun 14 08:14:25 任务领取结果：任务领取成功
Jun 14 08:14:32 任务完成失败：这个任务做完啦~！
Jun 14 08:14:33 济民可信官方旗舰店任务，完成次数：0/5
Jun 14 08:14:33 去完成济民可信官方旗舰店任务
Jun 14 08:14:33 去完成济民可信官方旗舰店任务
Jun 14 08:14:33 去完成济民可信官方旗舰店任务
Jun 14 08:14:33 去完成济民可信官方旗舰店任务
Jun 14 08:14:33 去完成济民可信官方旗舰店任务
Jun 14 08:14:33 Swisse海外京东自营旗舰店任务，完成次数：0/1
Jun 14 08:14:33 去完成Swisse海外京东自营旗舰店任务
Jun 14 08:14:33 西医亚健康测评任务，完成次数：0/1
Jun 14 08:14:33 去完成西医亚健康测评任务
Jun 14 08:14:33 中医健康体质测评任务，完成次数：0/1
Jun 14 08:14:33 去完成中医健康体质测评任务
Jun 14 08:14:33 澳大利亚 佰澳朗德Bio Island 比奥岛 孕妇DHA海藻油备孕孕期哺乳期 60粒/瓶任务，完成次数：0/3
Jun 14 08:14:33 去完成澳大利亚 佰澳朗德Bio Island 比奥岛 孕妇DHA海藻油备孕孕期哺乳期 60粒/瓶任务
Jun 14 08:14:33 任务领取结果：任务领取成功
Jun 14 08:14:35 任务完成成功，获得：300能量
Jun 14 08:14:35 去完成澳大利亚 佰澳朗德Bio Island 比奥岛 孕妇DHA海藻油备孕孕期哺乳期 60粒/瓶任务
Jun 14 08:14:35 任务领取结果：任务领取成功
Jun 14 08:14:43 任务完成失败：这个任务做完啦！
Jun 14 08:14:43 去完成澳大利亚 佰澳朗德Bio Island 比奥岛 孕妇DHA海藻油备孕孕期哺乳期 60粒/瓶任务
Jun 14 08:14:43 任务领取结果：任务领取成功
Jun 14 08:14:45 任务完成成功，获得：300能量
Jun 14 08:14:45 去完成澳大利亚 佰澳朗德Bio Island 比奥岛 孕妇DHA海藻油备孕孕期哺乳期 60粒/瓶任务
Jun 14 08:14:45 任务领取结果：任务领取成功
Jun 14 08:14:53 任务完成失败：这个任务做完啦！
Jun 14 08:14:53 去完成澳大利亚 佰澳朗德Bio Island 比奥岛 孕妇DHA海藻油备孕孕期哺乳期 60粒/瓶任务
Jun 14 08:14:53 任务领取结果：任务领取成功
Jun 14 08:14:55 任务完成成功，获得：300能量
Jun 14 08:14:56 济民可信官方旗舰店任务，完成次数：0/5
Jun 14 08:14:56 去完成济民可信官方旗舰店任务
Jun 14 08:14:56 去完成济民可信官方旗舰店任务
Jun 14 08:14:56 去完成济民可信官方旗舰店任务
Jun 14 08:14:56 去完成济民可信官方旗舰店任务
Jun 14 08:14:56 去完成济民可信官方旗舰店任务
Jun 14 08:14:56 Swisse海外京东自营旗舰店任务，完成次数：0/1
Jun 14 08:14:56 去完成Swisse海外京东自营旗舰店任务
Jun 14 08:14:56 西医亚健康测评任务，完成次数：0/1
Jun 14 08:14:56 去完成西医亚健康测评任务
Jun 14 08:14:56 中医健康体质测评任务，完成次数：0/1
Jun 14 08:14:56 去完成中医健康体质测评任务
Jun 14 08:14:56 答题瓜分100万红包任务，完成次数：0/1
Jun 14 08:14:56 去完成答题瓜分100万红包任务
Jun 14 08:14:56 任务领取结果：任务领取成功
Jun 14 08:15:03 任务完成失败：这个任务做完啦~！
Jun 14 08:15:04 济民可信官方旗舰店任务，完成次数：0/5
Jun 14 08:15:04 去完成济民可信官方旗舰店任务
Jun 14 08:15:04 去完成济民可信官方旗舰店任务
Jun 14 08:15:04 去完成济民可信官方旗舰店任务
Jun 14 08:15:04 去完成济民可信官方旗舰店任务
Jun 14 08:15:04 去完成济民可信官方旗舰店任务
Jun 14 08:15:04 Swisse海外京东自营旗舰店任务，完成次数：0/1
Jun 14 08:15:04 去完成Swisse海外京东自营旗舰店任务
Jun 14 08:15:04 西医亚健康测评任务，完成次数：0/1
Jun 14 08:15:04 去完成西医亚健康测评任务
Jun 14 08:15:04 中医健康体质测评任务，完成次数：0/1
Jun 14 08:15:04 去完成中医健康体质测评任务
Jun 14 08:15:04 答题瓜分100万红包任务，完成次数：0/1
Jun 14 08:15:04 去完成答题瓜分100万红包任务
Jun 14 08:15:04 任务领取结果：任务领取成功
Jun 14 08:15:06 任务完成成功，获得：300能量
Jun 14 08:15:08 任务完成成功，获得：0能量
Jun 14 08:15:08 去助力好友T0205KkcIkxckBO_WGiKyo1oCjVfnoaW5kRrbA
Jun 14 08:15:08 任务完成失败：助力失败丨不可以为自己助力哦
Jun 14 08:15:09 
Jun 14 08:15:09 ==============📣系统通知📣==============
Jun 14 08:15:09 东东健康社区
Jun 14 08:15:09 京东账号1 jd_RbuUwXHBNnJR
Jun 14 08:15:09 本次获得2300健康值，累计335640健康值
Jun 14 08:15:09 
Jun 14 08:15:09 
Jun 14 08:15:09 ******开始【京东账号2】jd_fMRfXcJHjROT*********
Jun 14 08:15:09 
Jun 14 08:15:09 开始
Jun 14 08:15:09 随机取20个码放到您固定的互助码后面(不影响已有固定互助)
Jun 14 08:15:09 第2个京东账号将要助力的好友["T0205KkcIkxckBO_WGiKyo1oCjVfnoaW5kRrbA"]
Jun 14 08:15:09 任务完成失败：活动太火爆啦
Jun 14 08:15:09 去助力好友T0205KkcIkxckBO_WGiKyo1oCjVfnoaW5kRrbA
Jun 14 08:15:09 任务完成失败：活动太火爆啦
Jun 14 08:15:09 助力次数已满，跳出
Jun 14 08:15:09 
Jun 14 08:15:09 ==============📣系统通知📣==============
Jun 14 08:15:09 东东健康社区
Jun 14 08:15:09 京东账号2 jd_fMRfXcJHjROT
Jun 14 08:15:09 本次获得0健康值，累计0健康值
Jun 14 08:15:09 
Jun 14 08:15:09 
Jun 14 08:15:09 🔔东东健康社区, 结束! 🕛 68.652 秒
Jun 14 08:15:09 
Jun 14 08:15:14 任务完成失败：这个任务做完啦~！
Jun 14 08:15:16 济民可信官方旗舰店任务，完成次数：0/5
Jun 14 08:15:16 去完成济民可信官方旗舰店任务
Jun 14 08:15:16 去完成济民可信官方旗舰店任务
Jun 14 08:15:16 去完成济民可信官方旗舰店任务
Jun 14 08:15:16 去完成济民可信官方旗舰店任务
Jun 14 08:15:16 去完成济民可信官方旗舰店任务
Jun 14 08:15:16 Swisse海外京东自营旗舰店任务，完成次数：0/1
Jun 14 08:15:16 去完成Swisse海外京东自营旗舰店任务
Jun 14 08:15:16 西医亚健康测评任务，完成次数：0/1
Jun 14 08:15:16 去完成西医亚健康测评任务
Jun 14 08:15:16 中医健康体质测评任务，完成次数：0/1
Jun 14 08:15:16 去完成中医健康体质测评任务
Jun 14 08:15:16 购1元券包得5元话费券任务，完成次数：1/1
Jun 14 08:15:16 任务完成成功，获得：0能量
Jun 14 08:15:16 去助力好友T0205KkcIkxckBO_WGiKyo1oCjVfnoaW5kRrbA
Jun 14 08:15:16 任务完成失败：助力失败丨不可以为自己助力哦
Jun 14 08:15:17 
Jun 14 08:15:17 ==============📣系统通知📣==============
Jun 14 08:15:17 东东健康社区
Jun 14 08:15:17 京东账号1 jd_RbuUwXHBNnJR
Jun 14 08:15:17 本次获得1800健康值，累计335640健康值
Jun 14 08:15:17 
Jun 14 08:15:17 
Jun 14 08:15:17 ******开始【京东账号2】jd_fMRfXcJHjROT*********
Jun 14 08:15:17 
Jun 14 08:15:17 开始
Jun 14 08:15:27 第2个京东账号将要助力的好友["T0205KkcIkxckBO_WGiKyo1oCjVfnoaW5kRrbA"]
Jun 14 08:15:27 任务完成失败：活动太火爆啦
Jun 14 08:15:27 去助力好友T0205KkcIkxckBO_WGiKyo1oCjVfnoaW5kRrbA
Jun 14 08:15:27 任务完成失败：活动太火爆啦
Jun 14 08:15:27 助力次数已满，跳出
Jun 14 08:15:27 
Jun 14 08:15:27 ==============📣系统通知📣==============
Jun 14 08:15:27 东东健康社区
Jun 14 08:15:27 京东账号2 jd_fMRfXcJHjROT
Jun 14 08:15:27 本次获得0健康值，累计0健康值
Jun 14 08:15:27 
Jun 14 08:15:27 
Jun 14 08:15:27 🔔东东健康社区, 结束! 🕛 86.423 秒
Jun 14 08:15:27 
Jun 14 08:15:41 随机取20个码放到您固定的互助码后面(不影响已有固定互助)
Jun 14 12:14:00 
Jun 14 12:14:00 🔔东东健康社区, 开始!
Jun 14 12:14:00 您的cookie选择的是用&隔开
Jun 14 12:14:00 
Jun 14 12:14:00 
Jun 14 12:14:00 ====================共有2个京东账号Cookie=========
Jun 14 12:14:00 
Jun 14 12:14:00 
Jun 14 12:14:00 🔔东东健康社区, 开始!
Jun 14 12:14:00 您的cookie选择的是用&隔开
Jun 14 12:14:00 
Jun 14 12:14:00 
Jun 14 12:14:00 ====================共有2个京东账号Cookie=========
Jun 14 12:14:00 
Jun 14 12:14:00 ==================脚本执行- 北京时间(UTC+8)：6/14/2021, 12:14:00 PM=====================
Jun 14 12:14:00 
Jun 14 12:14:00 如果出现提示 ?.data. 错误，请升级nodejs版本(进入容器后，apk add nodejs-current)
Jun 14 12:14:00 开始获取东东健康社区配置文件
Jun 14 12:14:00 
Jun 14 12:14:00 共2个京东账号
Jun 14 12:14:00 
Jun 14 12:14:00 您提供了2个账号的东东健康社区助力码
Jun 14 12:14:00 
Jun 14 12:14:00 
Jun 14 12:14:00 ******开始【京东账号1】jd_RbuUwXHBNnJR*********
Jun 14 12:14:00 
Jun 14 12:14:00 开始
Jun 14 12:14:00 ==================脚本执行- 北京时间(UTC+8)：6/14/2021, 12:14:00 PM=====================
Jun 14 12:14:00 
Jun 14 12:14:00 如果出现提示 ?.data. 错误，请升级nodejs版本(进入容器后，apk add nodejs-current)
Jun 14 12:14:00 开始获取东东健康社区配置文件
Jun 14 12:14:00 
Jun 14 12:14:00 共2个京东账号
Jun 14 12:14:00 
Jun 14 12:14:00 您提供了2个账号的东东健康社区助力码
Jun 14 12:14:00 
Jun 14 12:14:00 
Jun 14 12:14:00 ******开始【京东账号1】jd_RbuUwXHBNnJR*********
Jun 14 12:14:00 
Jun 14 12:14:00 开始
Jun 14 12:14:01 随机取20个码放到您固定的互助码后面(不影响已有固定互助)
Jun 14 12:14:01 第1个京东账号将要助力的好友["T0205KkcIkxckBO_WGiKyo1oCjVfnoaW5kRrbA"]
Jun 14 12:14:01 签到领健康能量任务，完成次数：1/1
Jun 14 12:14:01 
Jun 14 12:14:01 【京东账号1（jd_RbuUwXHBNnJR）的东东健康社区好友互助码】T0205KkcIkxckBO_WGiKyo1oCjVfnoaW5kRrbA
Jun 14 12:14:01 
Jun 14 12:14:01 好友助力码：T0205KkcIkxckBO_WGiKyo1oCjVfnoaW5kRrbA
Jun 14 12:14:01 济民可信官方旗舰店任务，完成次数：0/5
Jun 14 12:14:01 去完成济民可信官方旗舰店任务
Jun 14 12:14:01 去完成济民可信官方旗舰店任务
Jun 14 12:14:01 去完成济民可信官方旗舰店任务
Jun 14 12:14:01 去完成济民可信官方旗舰店任务
Jun 14 12:14:01 去完成济民可信官方旗舰店任务
Jun 14 12:14:01 Swisse海外京东自营旗舰店任务，完成次数：0/1
Jun 14 12:14:01 去完成Swisse海外京东自营旗舰店任务
Jun 14 12:14:01 西医亚健康测评任务，完成次数：0/1
Jun 14 12:14:01 去完成西医亚健康测评任务
Jun 14 12:14:01 中医健康体质测评任务，完成次数：0/1
Jun 14 12:14:01 去完成中医健康体质测评任务
Jun 14 12:14:01 购1元券包得5元话费券任务，完成次数：1/1
Jun 14 12:14:01 任务完成成功，获得：0能量
Jun 14 12:14:01 去助力好友T0205KkcIkxckBO_WGiKyo1oCjVfnoaW5kRrbA
Jun 14 12:14:01 任务完成失败：助力失败丨不可以为自己助力哦
Jun 14 12:14:02 
Jun 14 12:14:02 ==============📣系统通知📣==============
Jun 14 12:14:02 东东健康社区
Jun 14 12:14:02 京东账号1 jd_RbuUwXHBNnJR
Jun 14 12:14:02 本次获得0健康值，累计335640健康值
Jun 14 12:14:02 
Jun 14 12:14:02 
Jun 14 12:14:02 ******开始【京东账号2】jd_fMRfXcJHjROT*********
Jun 14 12:14:02 
Jun 14 12:14:02 开始
Jun 14 12:14:10 第1个京东账号将要助力的好友["T0205KkcIkxckBO_WGiKyo1oCjVfnoaW5kRrbA","T0205KkcIkxckBO_WGiKyo1oCjVfnoaW5kRrbA"]
Jun 14 12:14:10 签到领健康能量任务，完成次数：1/1
Jun 14 12:14:10 
Jun 14 12:14:10 【京东账号1（jd_RbuUwXHBNnJR）的东东健康社区好友互助码】T0205KkcIkxckBO_WGiKyo1oCjVfnoaW5kRrbA
Jun 14 12:14:10 
Jun 14 12:14:10 好友助力码：T0205KkcIkxckBO_WGiKyo1oCjVfnoaW5kRrbA
Jun 14 12:14:10 香丹清京东自营旗舰店任务，完成次数：0/5
Jun 14 12:14:10 去完成香丹清京东自营旗舰店任务
Jun 14 12:14:10 去完成香丹清京东自营旗舰店任务
Jun 14 12:14:10 去完成香丹清京东自营旗舰店任务
Jun 14 12:14:10 去完成香丹清京东自营旗舰店任务
Jun 14 12:14:10 去完成香丹清京东自营旗舰店任务
Jun 14 12:14:10 Swisse海外京东自营旗舰店任务，完成次数：0/1
Jun 14 12:14:10 去完成Swisse海外京东自营旗舰店任务
Jun 14 12:14:10 西医亚健康测评任务，完成次数：0/1
Jun 14 12:14:10 去完成西医亚健康测评任务
Jun 14 12:14:10 中医健康体质测评任务，完成次数：0/1
Jun 14 12:14:10 去完成中医健康体质测评任务
Jun 14 12:14:10 购1元券包得5元话费券任务，完成次数：1/1
Jun 14 12:14:10 任务完成成功，获得：0能量
Jun 14 12:14:10 去助力好友T0205KkcIkxckBO_WGiKyo1oCjVfnoaW5kRrbA
Jun 14 12:14:10 任务完成失败：助力失败丨不可以为自己助力哦
Jun 14 12:14:11 去助力好友T0205KkcIkxckBO_WGiKyo1oCjVfnoaW5kRrbA
Jun 14 12:14:11 任务完成失败：助力失败丨不可以为自己助力哦
Jun 14 12:14:12 随机取20个码放到您固定的互助码后面(不影响已有固定互助)
Jun 14 12:14:12 第2个京东账号将要助力的好友["T0205KkcIkxckBO_WGiKyo1oCjVfnoaW5kRrbA","T0205KkcIkxckBO_WGiKyo1oCjVfnoaW5kRrbA"]
Jun 14 12:14:12 任务完成失败：活动太火爆啦
Jun 14 12:14:12 去助力好友T0205KkcIkxckBO_WGiKyo1oCjVfnoaW5kRrbA
Jun 14 12:14:12 任务完成失败：活动太火爆啦
Jun 14 12:14:12 助力次数已满，跳出
Jun 14 12:14:12 
Jun 14 12:14:12 ==============📣系统通知📣==============
Jun 14 12:14:12 东东健康社区
Jun 14 12:14:12 京东账号2 jd_fMRfXcJHjROT
Jun 14 12:14:12 本次获得0健康值，累计0健康值
Jun 14 12:14:12 
Jun 14 12:14:12 
Jun 14 12:14:12 🔔东东健康社区, 结束! 🕛 12.295 秒
Jun 14 12:14:12 
Jun 14 12:14:12 
Jun 14 12:14:12 ==============📣系统通知📣==============
Jun 14 12:14:12 东东健康社区
Jun 14 12:14:12 京东账号1 jd_RbuUwXHBNnJR
Jun 14 12:14:12 本次获得0健康值，累计335640健康值
Jun 14 12:14:12 
Jun 14 12:14:12 
Jun 14 12:14:12 ******开始【京东账号2】jd_fMRfXcJHjROT*********
Jun 14 12:14:12 
Jun 14 12:14:12 开始
Jun 14 12:14:22 第2个京东账号将要助力的好友["T0205KkcIkxckBO_WGiKyo1oCjVfnoaW5kRrbA","T0205KkcIkxckBO_WGiKyo1oCjVfnoaW5kRrbA"]
Jun 14 12:14:23 任务完成失败：活动太火爆啦
Jun 14 12:14:23 去助力好友T0205KkcIkxckBO_WGiKyo1oCjVfnoaW5kRrbA
Jun 14 12:14:23 任务完成失败：活动太火爆啦
Jun 14 12:14:23 助力次数已满，跳出
Jun 14 12:14:23 
Jun 14 12:14:23 ==============📣系统通知📣==============
Jun 14 12:14:23 东东健康社区
Jun 14 12:14:23 京东账号2 jd_fMRfXcJHjROT
Jun 14 12:14:23 本次获得0健康值，累计0健康值
Jun 14 12:14:23 
Jun 14 12:14:23 
Jun 14 12:14:23 🔔东东健康社区, 结束! 🕛 22.697 秒
Jun 14 12:14:23 
Jun 14 12:14:35 "Timeout awaiting 'request' for 10000ms"
Jun 14 12:14:35 东东健康社区 API请求失败，请检查网路重试
Jun 14 12:14:46 "Timeout awaiting 'request' for 10000ms"
Jun 14 12:14:46 东东健康社区 API请求失败，请检查网路重试
Jun 14 16:14:00 
Jun 14 16:14:00 🔔东东健康社区, 开始!
Jun 14 16:14:00 
Jun 14 16:14:00 🔔东东健康社区, 开始!
Jun 14 16:14:00 您的cookie选择的是用&隔开
Jun 14 16:14:00 
Jun 14 16:14:00 
Jun 14 16:14:00 ====================共有2个京东账号Cookie=========
Jun 14 16:14:00 
Jun 14 16:14:00 您的cookie选择的是用&隔开
Jun 14 16:14:00 
Jun 14 16:14:00 
Jun 14 16:14:00 ====================共有2个京东账号Cookie=========
Jun 14 16:14:00 
Jun 14 16:14:00 ==================脚本执行- 北京时间(UTC+8)：6/14/2021, 4:14:00 PM=====================
Jun 14 16:14:00 
Jun 14 16:14:00 如果出现提示 ?.data. 错误，请升级nodejs版本(进入容器后，apk add nodejs-current)
Jun 14 16:14:00 开始获取东东健康社区配置文件
Jun 14 16:14:00 
Jun 14 16:14:00 共2个京东账号
Jun 14 16:14:00 
Jun 14 16:14:00 您提供了2个账号的东东健康社区助力码
Jun 14 16:14:00 
Jun 14 16:14:00 ==================脚本执行- 北京时间(UTC+8)：6/14/2021, 4:14:00 PM=====================
Jun 14 16:14:00 
Jun 14 16:14:00 如果出现提示 ?.data. 错误，请升级nodejs版本(进入容器后，apk add nodejs-current)
Jun 14 16:14:00 开始获取东东健康社区配置文件
Jun 14 16:14:00 
Jun 14 16:14:00 共2个京东账号
Jun 14 16:14:00 
Jun 14 16:14:00 您提供了2个账号的东东健康社区助力码
Jun 14 16:14:00 
Jun 14 16:14:00 
Jun 14 16:14:00 ******开始【京东账号1】jd_RbuUwXHBNnJR*********
Jun 14 16:14:00 
Jun 14 16:14:00 开始
Jun 14 16:14:00 
Jun 14 16:14:00 ******开始【京东账号1】jd_RbuUwXHBNnJR*********
Jun 14 16:14:00 
Jun 14 16:14:00 开始
Jun 14 16:14:00 随机取20个码放到您固定的互助码后面(不影响已有固定互助)
Jun 14 16:14:00 第1个京东账号将要助力的好友["T0205KkcIkxckBO_WGiKyo1oCjVfnoaW5kRrbA"]
Jun 14 16:14:00 签到领健康能量任务，完成次数：1/1
Jun 14 16:14:01 
Jun 14 16:14:01 【京东账号1（jd_RbuUwXHBNnJR）的东东健康社区好友互助码】T0205KkcIkxckBO_WGiKyo1oCjVfnoaW5kRrbA
Jun 14 16:14:01 
Jun 14 16:14:01 好友助力码：T0205KkcIkxckBO_WGiKyo1oCjVfnoaW5kRrbA
Jun 14 16:14:01 香丹清京东自营旗舰店任务，完成次数：0/5
Jun 14 16:14:01 去完成香丹清京东自营旗舰店任务
Jun 14 16:14:01 去完成香丹清京东自营旗舰店任务
Jun 14 16:14:01 去完成香丹清京东自营旗舰店任务
Jun 14 16:14:01 去完成香丹清京东自营旗舰店任务
Jun 14 16:14:01 去完成香丹清京东自营旗舰店任务
Jun 14 16:14:01 Swisse海外京东自营旗舰店任务，完成次数：0/1
Jun 14 16:14:01 去完成Swisse海外京东自营旗舰店任务
Jun 14 16:14:01 西医亚健康测评任务，完成次数：0/1
Jun 14 16:14:01 去完成西医亚健康测评任务
Jun 14 16:14:01 中医健康体质测评任务，完成次数：0/1
Jun 14 16:14:01 去完成中医健康体质测评任务
Jun 14 16:14:01 购1元券包得5元话费券任务，完成次数：1/1
Jun 14 16:14:01 任务完成成功，获得：0能量
Jun 14 16:14:01 去助力好友T0205KkcIkxckBO_WGiKyo1oCjVfnoaW5kRrbA
Jun 14 16:14:01 任务完成失败：助力失败丨不可以为自己助力哦
Jun 14 16:14:02 
Jun 14 16:14:02 ==============📣系统通知📣==============
Jun 14 16:14:02 东东健康社区
Jun 14 16:14:02 京东账号1 jd_RbuUwXHBNnJR
Jun 14 16:14:02 本次获得0健康值，累计335640健康值
Jun 14 16:14:02 
Jun 14 16:14:02 
Jun 14 16:14:02 ******开始【京东账号2】jd_fMRfXcJHjROT*********
Jun 14 16:14:02 
Jun 14 16:14:02 开始
Jun 14 16:14:10 第1个京东账号将要助力的好友["T0205KkcIkxckBO_WGiKyo1oCjVfnoaW5kRrbA"]
Jun 14 16:14:10 签到领健康能量任务，完成次数：1/1
Jun 14 16:14:10 
Jun 14 16:14:10 【京东账号1（jd_RbuUwXHBNnJR）的东东健康社区好友互助码】T0205KkcIkxckBO_WGiKyo1oCjVfnoaW5kRrbA
Jun 14 16:14:10 
Jun 14 16:14:10 好友助力码：T0205KkcIkxckBO_WGiKyo1oCjVfnoaW5kRrbA
Jun 14 16:14:10 燕小厨官方旗舰店任务，完成次数：0/5
Jun 14 16:14:10 去完成燕小厨官方旗舰店任务
Jun 14 16:14:10 去完成燕小厨官方旗舰店任务
Jun 14 16:14:10 去完成燕小厨官方旗舰店任务
Jun 14 16:14:10 去完成燕小厨官方旗舰店任务
Jun 14 16:14:10 去完成燕小厨官方旗舰店任务
Jun 14 16:14:10 Swisse海外京东自营旗舰店任务，完成次数：0/1
Jun 14 16:14:10 去完成Swisse海外京东自营旗舰店任务
Jun 14 16:14:10 西医亚健康测评任务，完成次数：0/1
Jun 14 16:14:10 去完成西医亚健康测评任务
Jun 14 16:14:10 中医健康体质测评任务，完成次数：0/1
Jun 14 16:14:10 去完成中医健康体质测评任务
Jun 14 16:14:10 购1元券包得5元话费券任务，完成次数：1/1
Jun 14 16:14:10 任务完成成功，获得：0能量
Jun 14 16:14:10 去助力好友T0205KkcIkxckBO_WGiKyo1oCjVfnoaW5kRrbA
Jun 14 16:14:10 任务完成失败：助力失败丨不可以为自己助力哦
Jun 14 16:14:11 
Jun 14 16:14:11 ==============📣系统通知📣==============
Jun 14 16:14:11 东东健康社区
Jun 14 16:14:11 京东账号1 jd_RbuUwXHBNnJR
Jun 14 16:14:11 本次获得0健康值，累计335640健康值
Jun 14 16:14:11 
Jun 14 16:14:11 
Jun 14 16:14:11 ******开始【京东账号2】jd_fMRfXcJHjROT*********
Jun 14 16:14:11 
Jun 14 16:14:11 开始
Jun 14 16:14:12 第2个京东账号将要助力的好友["T0205KkcIkxckBO_WGiKyo1oCjVfnoaW5kRrbA"]
Jun 14 16:14:12 随机取20个码放到您固定的互助码后面(不影响已有固定互助)
Jun 14 16:14:12 第2个京东账号将要助力的好友["T0205KkcIkxckBO_WGiKyo1oCjVfnoaW5kRrbA"]
Jun 14 16:14:12 任务完成失败：活动太火爆啦
Jun 14 16:14:12 去助力好友T0205KkcIkxckBO_WGiKyo1oCjVfnoaW5kRrbA
Jun 14 16:14:12 任务完成失败：活动太火爆啦
Jun 14 16:14:12 去助力好友T0205KkcIkxckBO_WGiKyo1oCjVfnoaW5kRrbA
Jun 14 16:14:12 任务完成失败：活动太火爆啦
Jun 14 16:14:12 助力次数已满，跳出
Jun 14 16:14:12 任务完成失败：活动太火爆啦
Jun 14 16:14:12 助力次数已满，跳出
Jun 14 16:14:12 
Jun 14 16:14:12 ==============📣系统通知📣==============
Jun 14 16:14:12 东东健康社区
Jun 14 16:14:12 京东账号2 jd_fMRfXcJHjROT
Jun 14 16:14:12 本次获得0健康值，累计0健康值
Jun 14 16:14:12 
Jun 14 16:14:12 
Jun 14 16:14:12 🔔东东健康社区, 结束! 🕛 12.315 秒
Jun 14 16:14:12 
Jun 14 16:14:12 
Jun 14 16:14:12 ==============📣系统通知📣==============
Jun 14 16:14:12 东东健康社区
Jun 14 16:14:12 京东账号2 jd_fMRfXcJHjROT
Jun 14 16:14:12 本次获得0健康值，累计0健康值
Jun 14 16:14:12 
Jun 14 16:14:12 
Jun 14 16:14:12 🔔东东健康社区, 结束! 🕛 12.348 秒
Jun 14 16:14:12 
Jun 14 16:14:13 随机取20个码放到您固定的互助码后面(不影响已有固定互助)
Jun 14 16:14:33 "Timeout awaiting 'request' for 10000ms"
Jun 14 16:14:33 东东健康社区 API请求失败，请检查网路重试
Jun 14 20:14:00 
Jun 14 20:14:00 🔔东东健康社区, 开始!
Jun 14 20:14:00 您的cookie选择的是用&隔开
Jun 14 20:14:00 
Jun 14 20:14:00 
Jun 14 20:14:00 ====================共有2个京东账号Cookie=========
Jun 14 20:14:00 
Jun 14 20:14:00 
Jun 14 20:14:00 🔔东东健康社区, 开始!
Jun 14 20:14:00 您的cookie选择的是用&隔开
Jun 14 20:14:00 
Jun 14 20:14:00 
Jun 14 20:14:00 ====================共有2个京东账号Cookie=========
Jun 14 20:14:00 
Jun 14 20:14:00 ==================脚本执行- 北京时间(UTC+8)：6/14/2021, 8:14:00 PM=====================
Jun 14 20:14:00 
Jun 14 20:14:00 如果出现提示 ?.data. 错误，请升级nodejs版本(进入容器后，apk add nodejs-current)
Jun 14 20:14:00 开始获取东东健康社区配置文件
Jun 14 20:14:00 
Jun 14 20:14:00 共2个京东账号
Jun 14 20:14:00 
Jun 14 20:14:00 您提供了2个账号的东东健康社区助力码
Jun 14 20:14:00 
Jun 14 20:14:00 
Jun 14 20:14:00 ******开始【京东账号1】jd_RbuUwXHBNnJR*********
Jun 14 20:14:00 
Jun 14 20:14:00 开始
Jun 14 20:14:00 ==================脚本执行- 北京时间(UTC+8)：6/14/2021, 8:14:00 PM=====================
Jun 14 20:14:00 
Jun 14 20:14:00 如果出现提示 ?.data. 错误，请升级nodejs版本(进入容器后，apk add nodejs-current)
Jun 14 20:14:00 开始获取东东健康社区配置文件
Jun 14 20:14:00 
Jun 14 20:14:00 共2个京东账号
Jun 14 20:14:00 
Jun 14 20:14:00 您提供了2个账号的东东健康社区助力码
Jun 14 20:14:00 
Jun 14 20:14:00 
Jun 14 20:14:00 ******开始【京东账号1】jd_RbuUwXHBNnJR*********
Jun 14 20:14:00 
Jun 14 20:14:00 开始
Jun 14 20:14:00 随机取20个码放到您固定的互助码后面(不影响已有固定互助)
Jun 14 20:14:00 第1个京东账号将要助力的好友["T0205KkcIkxckBO_WGiKyo1oCjVfnoaW5kRrbA"]
Jun 14 20:14:01 签到领健康能量任务，完成次数：1/1
Jun 14 20:14:01 
Jun 14 20:14:01 【京东账号1（jd_RbuUwXHBNnJR）的东东健康社区好友互助码】T0205KkcIkxckBO_WGiKyo1oCjVfnoaW5kRrbA
Jun 14 20:14:01 
Jun 14 20:14:01 好友助力码：T0205KkcIkxckBO_WGiKyo1oCjVfnoaW5kRrbA
Jun 14 20:14:01 云南白药官方旗舰店任务，完成次数：0/5
Jun 14 20:14:01 去完成云南白药官方旗舰店任务
Jun 14 20:14:01 去完成云南白药官方旗舰店任务
Jun 14 20:14:01 去完成云南白药官方旗舰店任务
Jun 14 20:14:01 去完成云南白药官方旗舰店任务
Jun 14 20:14:01 去完成云南白药官方旗舰店任务
Jun 14 20:14:01 Swisse海外京东自营旗舰店任务，完成次数：0/1
Jun 14 20:14:01 去完成Swisse海外京东自营旗舰店任务
Jun 14 20:14:01 西医亚健康测评任务，完成次数：0/1
Jun 14 20:14:01 去完成西医亚健康测评任务
Jun 14 20:14:01 中医健康体质测评任务，完成次数：0/1
Jun 14 20:14:01 去完成中医健康体质测评任务
Jun 14 20:14:01 购1元券包得5元话费券任务，完成次数：1/1
Jun 14 20:14:01 任务完成成功，获得：0能量
Jun 14 20:14:01 去助力好友T0205KkcIkxckBO_WGiKyo1oCjVfnoaW5kRrbA
Jun 14 20:14:01 任务完成失败：助力失败丨不可以为自己助力哦
Jun 14 20:14:02 
Jun 14 20:14:02 ==============📣系统通知📣==============
Jun 14 20:14:02 东东健康社区
Jun 14 20:14:02 京东账号1 jd_RbuUwXHBNnJR
Jun 14 20:14:02 本次获得0健康值，累计335640健康值
Jun 14 20:14:02 
Jun 14 20:14:02 
Jun 14 20:14:02 ******开始【京东账号2】jd_fMRfXcJHjROT*********
Jun 14 20:14:02 
Jun 14 20:14:02 开始
Jun 14 20:14:10 第1个京东账号将要助力的好友["T0205KkcIkxckBO_WGiKyo1oCjVfnoaW5kRrbA"]
Jun 14 20:14:10 签到领健康能量任务，完成次数：1/1
Jun 14 20:14:10 
Jun 14 20:14:10 【京东账号1（jd_RbuUwXHBNnJR）的东东健康社区好友互助码】T0205KkcIkxckBO_WGiKyo1oCjVfnoaW5kRrbA
Jun 14 20:14:10 
Jun 14 20:14:10 好友助力码：T0205KkcIkxckBO_WGiKyo1oCjVfnoaW5kRrbA
Jun 14 20:14:10 燕小厨官方旗舰店任务，完成次数：0/5
Jun 14 20:14:10 去完成燕小厨官方旗舰店任务
Jun 14 20:14:10 去完成燕小厨官方旗舰店任务
Jun 14 20:14:10 去完成燕小厨官方旗舰店任务
Jun 14 20:14:10 去完成燕小厨官方旗舰店任务
Jun 14 20:14:10 去完成燕小厨官方旗舰店任务
Jun 14 20:14:10 Swisse海外京东自营旗舰店任务，完成次数：0/1
Jun 14 20:14:10 去完成Swisse海外京东自营旗舰店任务
Jun 14 20:14:10 西医亚健康测评任务，完成次数：0/1
Jun 14 20:14:10 去完成西医亚健康测评任务
Jun 14 20:14:10 中医健康体质测评任务，完成次数：0/1
Jun 14 20:14:10 去完成中医健康体质测评任务
Jun 14 20:14:10 购1元券包得5元话费券任务，完成次数：1/1
Jun 14 20:14:10 任务完成成功，获得：0能量
Jun 14 20:14:10 去助力好友T0205KkcIkxckBO_WGiKyo1oCjVfnoaW5kRrbA
Jun 14 20:14:10 任务完成失败：助力失败丨不可以为自己助力哦
Jun 14 20:14:11 
Jun 14 20:14:11 ==============📣系统通知📣==============
Jun 14 20:14:11 东东健康社区
Jun 14 20:14:11 京东账号1 jd_RbuUwXHBNnJR
Jun 14 20:14:11 本次获得0健康值，累计335640健康值
Jun 14 20:14:11 
Jun 14 20:14:11 
Jun 14 20:14:11 ******开始【京东账号2】jd_fMRfXcJHjROT*********
Jun 14 20:14:11 
Jun 14 20:14:11 开始
Jun 14 20:14:12 第2个京东账号将要助力的好友["T0205KkcIkxckBO_WGiKyo1oCjVfnoaW5kRrbA"]
Jun 14 20:14:12 任务完成失败：活动太火爆啦
Jun 14 20:14:12 去助力好友T0205KkcIkxckBO_WGiKyo1oCjVfnoaW5kRrbA
Jun 14 20:14:12 任务完成失败：活动太火爆啦
Jun 14 20:14:12 助力次数已满，跳出
Jun 14 20:14:12 
Jun 14 20:14:12 ==============📣系统通知📣==============
Jun 14 20:14:12 东东健康社区
Jun 14 20:14:12 京东账号2 jd_fMRfXcJHjROT
Jun 14 20:14:12 本次获得0健康值，累计0健康值
Jun 14 20:14:12 
Jun 14 20:14:12 
Jun 14 20:14:12 🔔东东健康社区, 结束! 🕛 12.015 秒
Jun 14 20:14:12 
Jun 14 20:14:21 第2个京东账号将要助力的好友["T0205KkcIkxckBO_WGiKyo1oCjVfnoaW5kRrbA"]
Jun 14 20:14:22 任务完成失败：活动太火爆啦
Jun 14 20:14:22 去助力好友T0205KkcIkxckBO_WGiKyo1oCjVfnoaW5kRrbA
Jun 14 20:14:22 任务完成失败：活动太火爆啦
Jun 14 20:14:22 助力次数已满，跳出
Jun 14 20:14:22 
Jun 14 20:14:22 ==============📣系统通知📣==============
Jun 14 20:14:22 东东健康社区
Jun 14 20:14:22 京东账号2 jd_fMRfXcJHjROT
Jun 14 20:14:22 本次获得0健康值，累计0健康值
Jun 14 20:14:22 
Jun 14 20:14:22 
Jun 14 20:14:22 🔔东东健康社区, 结束! 🕛 21.661 秒
Jun 14 20:14:22 
Jun 14 20:14:24 随机取20个码放到您固定的互助码后面(不影响已有固定互助)
Jun 14 20:14:35 "Timeout awaiting 'request' for 10000ms"
Jun 14 20:14:35 东东健康社区 API请求失败，请检查网路重试
Jun 14 20:14:45 "Timeout awaiting 'request' for 10000ms"
Jun 14 20:14:45 东东健康社区 API请求失败，请检查网路重试
Jun 15 00:14:00 
Jun 15 00:14:00 🔔东东健康社区, 开始!
Jun 15 00:14:00 您的cookie选择的是用&隔开
Jun 15 00:14:00 
Jun 15 00:14:00 
Jun 15 00:14:00 ====================共有2个京东账号Cookie=========
Jun 15 00:14:00 
Jun 15 00:14:00 
Jun 15 00:14:00 🔔东东健康社区, 开始!
Jun 15 00:14:00 您的cookie选择的是用&隔开
Jun 15 00:14:00 
Jun 15 00:14:00 
Jun 15 00:14:00 ====================共有2个京东账号Cookie=========
Jun 15 00:14:00 
Jun 15 00:14:00 ==================脚本执行- 北京时间(UTC+8)：6/15/2021, 12:14:00 AM=====================
Jun 15 00:14:00 
Jun 15 00:14:00 如果出现提示 ?.data. 错误，请升级nodejs版本(进入容器后，apk add nodejs-current)
Jun 15 00:14:00 开始获取东东健康社区配置文件
Jun 15 00:14:00 
Jun 15 00:14:00 共2个京东账号
Jun 15 00:14:00 
Jun 15 00:14:00 您提供了2个账号的东东健康社区助力码
Jun 15 00:14:00 
Jun 15 00:14:00 
Jun 15 00:14:00 ******开始【京东账号1】jd_RbuUwXHBNnJR*********
Jun 15 00:14:00 
Jun 15 00:14:00 开始
Jun 15 00:14:00 ==================脚本执行- 北京时间(UTC+8)：6/15/2021, 12:14:00 AM=====================
Jun 15 00:14:00 
Jun 15 00:14:00 如果出现提示 ?.data. 错误，请升级nodejs版本(进入容器后，apk add nodejs-current)
Jun 15 00:14:00 开始获取东东健康社区配置文件
Jun 15 00:14:00 
Jun 15 00:14:00 共2个京东账号
Jun 15 00:14:00 
Jun 15 00:14:00 您提供了2个账号的东东健康社区助力码
Jun 15 00:14:00 
Jun 15 00:14:00 
Jun 15 00:14:00 ******开始【京东账号1】jd_RbuUwXHBNnJR*********
Jun 15 00:14:00 
Jun 15 00:14:00 开始
Jun 15 00:14:11 第1个京东账号将要助力的好友["T0205KkcIkxckBO_WGiKyo1oCjVfnoaW5kRrbA"]
Jun 15 00:14:11 第1个京东账号将要助力的好友["T0205KkcIkxckBO_WGiKyo1oCjVfnoaW5kRrbA"]
Jun 15 00:14:11 签到领健康能量任务，完成次数：0/1
Jun 15 00:14:11 去完成签到领健康能量任务
Jun 15 00:14:11 签到领健康能量任务，完成次数：0/1
Jun 15 00:14:11 去完成签到领健康能量任务
Jun 15 00:14:11 任务完成成功，获得：1000能量
Jun 15 00:14:11 任务完成失败：这个任务做完啦~！
Jun 15 00:14:11 
Jun 15 00:14:11 【京东账号1（jd_RbuUwXHBNnJR）的东东健康社区好友互助码】T0205KkcIkxckBO_WGiKyo1oCjVfnoaW5kRrbA
Jun 15 00:14:11 
Jun 15 00:14:11 好友助力码：T0205KkcIkxckBO_WGiKyo1oCjVfnoaW5kRrbA
Jun 15 00:14:11 
Jun 15 00:14:11 【京东账号1（jd_RbuUwXHBNnJR）的东东健康社区好友互助码】T0205KkcIkxckBO_WGiKyo1oCjVfnoaW5kRrbA
Jun 15 00:14:11 
Jun 15 00:14:11 好友助力码：T0205KkcIkxckBO_WGiKyo1oCjVfnoaW5kRrbA
Jun 15 00:14:11 浏览健康618主会场任务，完成次数：0/1
Jun 15 00:14:11 去完成浏览健康618主会场任务
Jun 15 00:14:11 浏览健康618主会场任务，完成次数：0/1
Jun 15 00:14:11 去完成浏览健康618主会场任务
Jun 15 00:14:11 任务完成失败：点太快啦！等下再来吧
Jun 15 00:14:11 任务领取结果：任务领取成功
Jun 15 00:14:21 任务完成成功，获得：300能量
Jun 15 00:14:21 测一测你的睡眠还好吗？任务，完成次数：0/1
Jun 15 00:14:21 去完成测一测你的睡眠还好吗？任务
Jun 15 00:14:21 任务完成失败：这个任务做完啦~！
Jun 15 00:14:21 测一测你的睡眠还好吗？任务，完成次数：0/1
Jun 15 00:14:21 去完成测一测你的睡眠还好吗？任务
Jun 15 00:14:21 任务完成成功，获得：1000能量
Jun 15 00:14:21 早起打卡(06:00-09:00)任务，完成次数：0/1
Jun 15 00:14:21 去完成早起打卡(06:00-09:00)任务
Jun 15 00:14:21 任务完成失败：这个任务做完啦~！
Jun 15 00:14:21 早起打卡(06:00-09:00)任务，完成次数：0/1
Jun 15 00:14:21 去完成早起打卡(06:00-09:00)任务
Jun 15 00:14:21 任务完成失败：不在打卡时间哦!
Jun 15 00:14:21 一分钱造爆款电器任务，完成次数：0/1
Jun 15 00:14:21 去完成一分钱造爆款电器任务
Jun 15 00:14:21 任务完成失败：不在打卡时间哦!
Jun 15 00:14:21 一分钱造爆款电器任务，完成次数：0/1
Jun 15 00:14:21 去完成一分钱造爆款电器任务
Jun 15 00:14:21 任务领取结果：任务领取成功
Jun 15 00:14:21 任务领取结果：任务领取成功
Jun 15 00:14:31 任务完成成功，获得：300能量
Jun 15 00:14:31 香丹清京东自营旗舰店任务，完成次数：0/5
Jun 15 00:14:31 去完成香丹清京东自营旗舰店任务
Jun 15 00:14:31 去完成香丹清京东自营旗舰店任务
Jun 15 00:14:31 去完成香丹清京东自营旗舰店任务
Jun 15 00:14:31 去完成香丹清京东自营旗舰店任务
Jun 15 00:14:31 去完成香丹清京东自营旗舰店任务
Jun 15 00:14:31 浏览Swisse品牌会场任务，完成次数：0/1
Jun 15 00:14:31 去完成浏览Swisse品牌会场任务
Jun 15 00:14:31 任务完成失败：这个任务做完啦~！
Jun 15 00:14:31 燕小厨官方旗舰店任务，完成次数：0/5
Jun 15 00:14:31 去完成燕小厨官方旗舰店任务
Jun 15 00:14:31 去完成燕小厨官方旗舰店任务
Jun 15 00:14:31 去完成燕小厨官方旗舰店任务
Jun 15 00:14:31 去完成燕小厨官方旗舰店任务
Jun 15 00:14:31 去完成燕小厨官方旗舰店任务
Jun 15 00:14:31 浏览Swisse品牌会场任务，完成次数：0/1
Jun 15 00:14:31 去完成浏览Swisse品牌会场任务
Jun 15 00:14:31 任务领取结果：任务领取成功
Jun 15 00:14:31 任务领取结果：任务领取成功
Jun 15 00:14:34 "Timeout awaiting 'request' for 10000ms"
Jun 15 00:14:34 东东健康社区 API请求失败，请检查网路重试
Jun 15 00:14:34 "Timeout awaiting 'request' for 10000ms"
Jun 15 00:14:34 东东健康社区 API请求失败，请检查网路重试
Jun 15 00:14:41 任务完成成功，获得：300能量
Jun 15 00:14:41 任务完成失败：这个任务做完啦~！
Jun 15 00:14:42 早起打卡(06:00-09:00)任务，完成次数：0/1
Jun 15 00:14:42 去完成早起打卡(06:00-09:00)任务
Jun 15 00:14:42 早起打卡(06:00-09:00)任务，完成次数：0/1
Jun 15 00:14:42 去完成早起打卡(06:00-09:00)任务
Jun 15 00:14:42 任务完成失败：点太快啦！等下再来吧
Jun 15 00:14:42 雅培（Abbott）营养科学京东自营旗舰店任务，完成次数：0/5
Jun 15 00:14:42 去完成雅培（Abbott）营养科学京东自营旗舰店任务
Jun 15 00:14:42 去完成雅培（Abbott）营养科学京东自营旗舰店任务
Jun 15 00:14:42 去完成雅培（Abbott）营养科学京东自营旗舰店任务
Jun 15 00:14:42 去完成雅培（Abbott）营养科学京东自营旗舰店任务
Jun 15 00:14:42 去完成雅培（Abbott）营养科学京东自营旗舰店任务
Jun 15 00:14:42 Swisse海外京东自营旗舰店任务，完成次数：0/1
Jun 15 00:14:42 去完成Swisse海外京东自营旗舰店任务
Jun 15 00:14:42 参与瓜分千万京豆任务，完成次数：0/1
Jun 15 00:14:42 去完成参与瓜分千万京豆任务
Jun 15 00:14:42 任务完成失败：不在打卡时间哦!
Jun 15 00:14:42 济民可信官方旗舰店任务，完成次数：0/5
Jun 15 00:14:42 去完成济民可信官方旗舰店任务
Jun 15 00:14:42 去完成济民可信官方旗舰店任务
Jun 15 00:14:42 去完成济民可信官方旗舰店任务
Jun 15 00:14:42 去完成济民可信官方旗舰店任务
Jun 15 00:14:42 去完成济民可信官方旗舰店任务
Jun 15 00:14:42 Swisse海外京东自营旗舰店任务，完成次数：0/1
Jun 15 00:14:42 去完成Swisse海外京东自营旗舰店任务
Jun 15 00:14:42 参与瓜分千万京豆任务，完成次数：0/1
Jun 15 00:14:42 去完成参与瓜分千万京豆任务
Jun 15 00:14:42 任务领取结果：任务领取成功
Jun 15 00:14:42 任务领取结果：任务领取成功
Jun 15 00:14:52 任务完成失败：点太快啦！等下再来吧
Jun 15 00:14:52 关注医药馆1元抢好药任务，完成次数：0/1
Jun 15 00:14:52 去完成关注医药馆1元抢好药任务
Jun 15 00:14:52 任务完成成功，获得：300能量
Jun 15 00:14:52 关注医药馆1元抢好药任务，完成次数：0/1
Jun 15 00:14:52 去完成关注医药馆1元抢好药任务
Jun 15 00:14:52 任务完成失败：点太快啦！等下再来吧
Jun 15 00:14:52 任务完成成功，获得：500能量
Jun 15 00:14:53 早起打卡(06:00-09:00)任务，完成次数：0/1
Jun 15 00:14:53 去完成早起打卡(06:00-09:00)任务
Jun 15 00:14:53 早起打卡(06:00-09:00)任务，完成次数：0/1
Jun 15 00:14:53 去完成早起打卡(06:00-09:00)任务
Jun 15 00:14:53 任务完成失败：点太快啦！等下再来吧
Jun 15 00:14:53 雅培（Abbott）营养科学京东自营旗舰店任务，完成次数：0/5
Jun 15 00:14:53 去完成雅培（Abbott）营养科学京东自营旗舰店任务
Jun 15 00:14:53 去完成雅培（Abbott）营养科学京东自营旗舰店任务
Jun 15 00:14:53 去完成雅培（Abbott）营养科学京东自营旗舰店任务
Jun 15 00:14:53 去完成雅培（Abbott）营养科学京东自营旗舰店任务
Jun 15 00:14:53 去完成雅培（Abbott）营养科学京东自营旗舰店任务
Jun 15 00:14:53 Swisse海外京东自营旗舰店任务，完成次数：0/1
Jun 15 00:14:53 去完成Swisse海外京东自营旗舰店任务
Jun 15 00:14:53 西医亚健康测评任务，完成次数：0/1
Jun 15 00:14:53 去完成西医亚健康测评任务
Jun 15 00:14:53 中医健康体质测评任务，完成次数：0/1
Jun 15 00:14:53 去完成中医健康体质测评任务
Jun 15 00:14:53 任务完成失败：不在打卡时间哦!
Jun 15 00:14:53 燕小厨官方旗舰店任务，完成次数：0/5
Jun 15 00:14:53 去完成燕小厨官方旗舰店任务
Jun 15 00:14:53 去完成燕小厨官方旗舰店任务
Jun 15 00:14:53 去完成燕小厨官方旗舰店任务
Jun 15 00:14:53 去完成燕小厨官方旗舰店任务
Jun 15 00:14:53 去完成燕小厨官方旗舰店任务
Jun 15 00:14:53 Swisse海外京东自营旗舰店任务，完成次数：0/1
Jun 15 00:14:53 去完成Swisse海外京东自营旗舰店任务
Jun 15 00:14:53 西医亚健康测评任务，完成次数：0/1
Jun 15 00:14:53 去完成西医亚健康测评任务
Jun 15 00:14:53 中医健康体质测评任务，完成次数：0/1
Jun 15 00:14:53 去完成中医健康体质测评任务
Jun 15 00:14:53 任务完成成功，获得：236能量
Jun 15 00:14:53 去助力好友T0205KkcIkxckBO_WGiKyo1oCjVfnoaW5kRrbA
Jun 15 00:14:53 任务完成失败：点太快啦！等下再来吧
Jun 15 00:14:53 去助力好友T0205KkcIkxckBO_WGiKyo1oCjVfnoaW5kRrbA
Jun 15 00:14:53 任务完成失败：助力失败丨不可以为自己助力哦
Jun 15 00:14:53 任务完成失败：助力失败丨不可以为自己助力哦
Jun 15 00:14:55 
Jun 15 00:14:55 ==============📣系统通知📣==============
Jun 15 00:14:55 东东健康社区
Jun 15 00:14:55 京东账号1 jd_RbuUwXHBNnJR
Jun 15 00:14:55 本次获得3936健康值，累计340056健康值
Jun 15 00:14:55 
Jun 15 00:14:55 
Jun 15 00:14:55 ******开始【京东账号2】jd_fMRfXcJHjROT*********
Jun 15 00:14:55 
Jun 15 00:14:55 开始
Jun 15 00:14:55 
Jun 15 00:14:55 ==============📣系统通知📣==============
Jun 15 00:14:55 东东健康社区
Jun 15 00:14:55 京东账号1 jd_RbuUwXHBNnJR
Jun 15 00:14:55 本次获得3936健康值，累计340056健康值
Jun 15 00:14:55 
Jun 15 00:14:55 
Jun 15 00:14:55 ******开始【京东账号2】jd_fMRfXcJHjROT*********
Jun 15 00:14:55 
Jun 15 00:14:55 开始
Jun 15 00:14:57 随机取20个码放到您固定的互助码后面(不影响已有固定互助)
Jun 15 00:14:57 第2个京东账号将要助力的好友["T0205KkcIkxckBO_WGiKyo1oCjVfnoaW5kRrbA"]
Jun 15 00:14:57 任务完成失败：活动太火爆啦
Jun 15 00:14:57 去助力好友T0205KkcIkxckBO_WGiKyo1oCjVfnoaW5kRrbA
Jun 15 00:14:57 任务完成失败：活动太火爆啦
Jun 15 00:14:57 助力次数已满，跳出
Jun 15 00:14:57 
Jun 15 00:14:57 ==============📣系统通知📣==============
Jun 15 00:14:57 东东健康社区
Jun 15 00:14:57 京东账号2 jd_fMRfXcJHjROT
Jun 15 00:14:57 本次获得0健康值，累计0健康值
Jun 15 00:14:57 
Jun 15 00:14:57 
Jun 15 00:14:57 🔔东东健康社区, 结束! 🕛 56.357 秒
Jun 15 00:14:57 
Jun 15 00:15:05 第2个京东账号将要助力的好友["T0205KkcIkxckBO_WGiKyo1oCjVfnoaW5kRrbA"]
Jun 15 00:15:05 任务完成失败：活动太火爆啦
Jun 15 00:15:05 去助力好友T0205KkcIkxckBO_WGiKyo1oCjVfnoaW5kRrbA
Jun 15 00:15:05 任务完成失败：活动太火爆啦
Jun 15 00:15:05 助力次数已满，跳出
Jun 15 00:15:05 
Jun 15 00:15:05 ==============📣系统通知📣==============
Jun 15 00:15:05 东东健康社区
Jun 15 00:15:05 京东账号2 jd_fMRfXcJHjROT
Jun 15 00:15:05 本次获得0健康值，累计0健康值
Jun 15 00:15:05 
Jun 15 00:15:05 
Jun 15 00:15:05 🔔东东健康社区, 结束! 🕛 64.356 秒
Jun 15 00:15:05 
Jun 15 00:15:12 随机取20个码放到您固定的互助码后面(不影响已有固定互助)
Jun 15 04:14:00 
Jun 15 04:14:00 🔔东东健康社区, 开始!
Jun 15 04:14:00 您的cookie选择的是用&隔开
Jun 15 04:14:00 
Jun 15 04:14:00 
Jun 15 04:14:00 ====================共有2个京东账号Cookie=========
Jun 15 04:14:00 
Jun 15 04:14:00 
Jun 15 04:14:00 🔔东东健康社区, 开始!
Jun 15 04:14:00 您的cookie选择的是用&隔开
Jun 15 04:14:00 
Jun 15 04:14:00 
Jun 15 04:14:00 ====================共有2个京东账号Cookie=========
Jun 15 04:14:00 
Jun 15 04:14:00 ==================脚本执行- 北京时间(UTC+8)：6/15/2021, 4:14:00 AM=====================
Jun 15 04:14:00 
Jun 15 04:14:00 如果出现提示 ?.data. 错误，请升级nodejs版本(进入容器后，apk add nodejs-current)
Jun 15 04:14:00 开始获取东东健康社区配置文件
Jun 15 04:14:00 
Jun 15 04:14:00 共2个京东账号
Jun 15 04:14:00 
Jun 15 04:14:00 您提供了2个账号的东东健康社区助力码
Jun 15 04:14:00 
Jun 15 04:14:00 
Jun 15 04:14:00 ******开始【京东账号1】jd_RbuUwXHBNnJR*********
Jun 15 04:14:00 
Jun 15 04:14:00 开始
Jun 15 04:14:00 ==================脚本执行- 北京时间(UTC+8)：6/15/2021, 4:14:00 AM=====================
Jun 15 04:14:00 
Jun 15 04:14:00 如果出现提示 ?.data. 错误，请升级nodejs版本(进入容器后，apk add nodejs-current)
Jun 15 04:14:00 开始获取东东健康社区配置文件
Jun 15 04:14:00 
Jun 15 04:14:00 共2个京东账号
Jun 15 04:14:00 
Jun 15 04:14:00 您提供了2个账号的东东健康社区助力码
Jun 15 04:14:00 
Jun 15 04:14:00 
Jun 15 04:14:00 ******开始【京东账号1】jd_RbuUwXHBNnJR*********
Jun 15 04:14:00 
Jun 15 04:14:00 开始
Jun 15 04:14:10 第1个京东账号将要助力的好友["T0205KkcIkxckBO_WGiKyo1oCjVfnoaW5kRrbA","T0205KkcIkxckBO_WGiKyo1oCjVfnoaW5kRrbA"]
Jun 15 04:14:10 第1个京东账号将要助力的好友["T0205KkcIkxckBO_WGiKyo1oCjVfnoaW5kRrbA","T0205KkcIkxckBO_WGiKyo1oCjVfnoaW5kRrbA"]
Jun 15 04:14:10 签到领健康能量任务，完成次数：1/1
Jun 15 04:14:10 签到领健康能量任务，完成次数：1/1
Jun 15 04:14:10 
Jun 15 04:14:10 【京东账号1（jd_RbuUwXHBNnJR）的东东健康社区好友互助码】T0205KkcIkxckBO_WGiKyo1oCjVfnoaW5kRrbA
Jun 15 04:14:10 
Jun 15 04:14:10 好友助力码：T0205KkcIkxckBO_WGiKyo1oCjVfnoaW5kRrbA
Jun 15 04:14:10 
Jun 15 04:14:10 【京东账号1（jd_RbuUwXHBNnJR）的东东健康社区好友互助码】T0205KkcIkxckBO_WGiKyo1oCjVfnoaW5kRrbA
Jun 15 04:14:10 
Jun 15 04:14:10 好友助力码：T0205KkcIkxckBO_WGiKyo1oCjVfnoaW5kRrbA
Jun 15 04:14:10 早起打卡(06:00-09:00)任务，完成次数：0/1
Jun 15 04:14:10 去完成早起打卡(06:00-09:00)任务
Jun 15 04:14:10 早起打卡(06:00-09:00)任务，完成次数：0/1
Jun 15 04:14:10 去完成早起打卡(06:00-09:00)任务
Jun 15 04:14:10 任务完成失败：点太快啦！等下再来吧
Jun 15 04:14:10 燕小厨官方旗舰店任务，完成次数：0/5
Jun 15 04:14:10 去完成燕小厨官方旗舰店任务
Jun 15 04:14:10 去完成燕小厨官方旗舰店任务
Jun 15 04:14:10 去完成燕小厨官方旗舰店任务
Jun 15 04:14:10 去完成燕小厨官方旗舰店任务
Jun 15 04:14:10 去完成燕小厨官方旗舰店任务
Jun 15 04:14:10 Swisse海外京东自营旗舰店任务，完成次数：0/1
Jun 15 04:14:10 去完成Swisse海外京东自营旗舰店任务
Jun 15 04:14:10 西医亚健康测评任务，完成次数：0/1
Jun 15 04:14:10 去完成西医亚健康测评任务
Jun 15 04:14:10 中医健康体质测评任务，完成次数：0/1
Jun 15 04:14:10 去完成中医健康体质测评任务
Jun 15 04:14:10 任务完成失败：不在打卡时间哦!
Jun 15 04:14:10 云南白药官方旗舰店任务，完成次数：0/5
Jun 15 04:14:10 去完成云南白药官方旗舰店任务
Jun 15 04:14:10 去完成云南白药官方旗舰店任务
Jun 15 04:14:10 去完成云南白药官方旗舰店任务
Jun 15 04:14:10 去完成云南白药官方旗舰店任务
Jun 15 04:14:10 去完成云南白药官方旗舰店任务
Jun 15 04:14:10 Swisse海外京东自营旗舰店任务，完成次数：0/1
Jun 15 04:14:10 去完成Swisse海外京东自营旗舰店任务
Jun 15 04:14:10 西医亚健康测评任务，完成次数：0/1
Jun 15 04:14:10 去完成西医亚健康测评任务
Jun 15 04:14:10 中医健康体质测评任务，完成次数：0/1
Jun 15 04:14:10 去完成中医健康体质测评任务
Jun 15 04:14:10 任务完成成功，获得：0能量
Jun 15 04:14:10 去助力好友T0205KkcIkxckBO_WGiKyo1oCjVfnoaW5kRrbA
Jun 15 04:14:10 任务完成失败：点太快啦！等下再来吧
Jun 15 04:14:10 去助力好友T0205KkcIkxckBO_WGiKyo1oCjVfnoaW5kRrbA
Jun 15 04:14:10 任务完成失败：助力失败丨不可以为自己助力哦
Jun 15 04:14:10 任务完成失败：助力失败丨不可以为自己助力哦
Jun 15 04:14:11 去助力好友T0205KkcIkxckBO_WGiKyo1oCjVfnoaW5kRrbA
Jun 15 04:14:11 去助力好友T0205KkcIkxckBO_WGiKyo1oCjVfnoaW5kRrbA
Jun 15 04:14:11 任务完成失败：点太快啦！等下再来吧
Jun 15 04:14:11 任务完成失败：助力失败丨不可以为自己助力哦
Jun 15 04:14:12 
Jun 15 04:14:12 ==============📣系统通知📣==============
Jun 15 04:14:12 东东健康社区
Jun 15 04:14:12 京东账号1 jd_RbuUwXHBNnJR
Jun 15 04:14:12 本次获得0健康值，累计344610健康值
Jun 15 04:14:12 
Jun 15 04:14:12 
Jun 15 04:14:12 ******开始【京东账号2】jd_fMRfXcJHjROT*********
Jun 15 04:14:12 
Jun 15 04:14:12 开始
Jun 15 04:14:12 
Jun 15 04:14:12 ==============📣系统通知📣==============
Jun 15 04:14:12 东东健康社区
Jun 15 04:14:12 京东账号1 jd_RbuUwXHBNnJR
Jun 15 04:14:12 本次获得0健康值，累计344610健康值
Jun 15 04:14:12 
Jun 15 04:14:12 
Jun 15 04:14:12 ******开始【京东账号2】jd_fMRfXcJHjROT*********
Jun 15 04:14:12 
Jun 15 04:14:12 开始
Jun 15 04:14:22 第2个京东账号将要助力的好友["T0205KkcIkxckBO_WGiKyo1oCjVfnoaW5kRrbA","T0205KkcIkxckBO_WGiKyo1oCjVfnoaW5kRrbA"]
Jun 15 04:14:22 第2个京东账号将要助力的好友["T0205KkcIkxckBO_WGiKyo1oCjVfnoaW5kRrbA","T0205KkcIkxckBO_WGiKyo1oCjVfnoaW5kRrbA"]
Jun 15 04:14:23 任务完成失败：活动太火爆啦
Jun 15 04:14:23 去助力好友T0205KkcIkxckBO_WGiKyo1oCjVfnoaW5kRrbA
Jun 15 04:14:23 任务完成失败：活动太火爆啦
Jun 15 04:14:23 去助力好友T0205KkcIkxckBO_WGiKyo1oCjVfnoaW5kRrbA
Jun 15 04:14:23 任务完成失败：活动太火爆啦
Jun 15 04:14:23 助力次数已满，跳出
Jun 15 04:14:23 任务完成失败：活动太火爆啦
Jun 15 04:14:23 助力次数已满，跳出
Jun 15 04:14:23 
Jun 15 04:14:23 ==============📣系统通知📣==============
Jun 15 04:14:23 东东健康社区
Jun 15 04:14:23 京东账号2 jd_fMRfXcJHjROT
Jun 15 04:14:23 本次获得0健康值，累计0健康值
Jun 15 04:14:23 
Jun 15 04:14:23 
Jun 15 04:14:23 🔔东东健康社区, 结束! 🕛 22.738 秒
Jun 15 04:14:23 
Jun 15 04:14:23 
Jun 15 04:14:23 ==============📣系统通知📣==============
Jun 15 04:14:23 东东健康社区
Jun 15 04:14:23 京东账号2 jd_fMRfXcJHjROT
Jun 15 04:14:23 本次获得0健康值，累计0健康值
Jun 15 04:14:23 
Jun 15 04:14:23 
Jun 15 04:14:23 🔔东东健康社区, 结束! 🕛 22.74 秒
Jun 15 04:14:23 
Jun 15 04:14:33Jun 15 04:14:33 "Timeout awaiting 'request' for 10000ms"
 "Timeout awaiting 'request' for 10000ms"
Jun 15 04:14:33 东东健康社区 API请求失败，请检查网路重试
Jun 15 04:14:33 东东健康社区 API请求失败，请检查网路重试
Jun 15 04:14:46 "Timeout awaiting 'request' for 10000ms"
Jun 15 04:14:46 东东健康社区 API请求失败，请检查网路重试
Jun 15 04:14:46 "Timeout awaiting 'request' for 10000ms"
Jun 15 04:14:46 东东健康社区 API请求失败，请检查网路重试
Jun 15 08:14:00 
Jun 15 08:14:00 🔔东东健康社区, 开始!
Jun 15 08:14:00 您的cookie选择的是用&隔开
Jun 15 08:14:00 
Jun 15 08:14:00 
Jun 15 08:14:00 ====================共有2个京东账号Cookie=========
Jun 15 08:14:00 
Jun 15 08:14:00 
Jun 15 08:14:00 🔔东东健康社区, 开始!
Jun 15 08:14:00 您的cookie选择的是用&隔开
Jun 15 08:14:00 
Jun 15 08:14:00 
Jun 15 08:14:00 ====================共有2个京东账号Cookie=========
Jun 15 08:14:00 
Jun 15 08:14:00 ==================脚本执行- 北京时间(UTC+8)：6/15/2021, 8:14:00 AM=====================
Jun 15 08:14:00 
Jun 15 08:14:00 如果出现提示 ?.data. 错误，请升级nodejs版本(进入容器后，apk add nodejs-current)
Jun 15 08:14:00 开始获取东东健康社区配置文件
Jun 15 08:14:00 
Jun 15 08:14:00 共2个京东账号
Jun 15 08:14:00 
Jun 15 08:14:00 您提供了2个账号的东东健康社区助力码
Jun 15 08:14:00 
Jun 15 08:14:00 
Jun 15 08:14:00 ******开始【京东账号1】jd_RbuUwXHBNnJR*********
Jun 15 08:14:00 
Jun 15 08:14:00 开始
Jun 15 08:14:00 ==================脚本执行- 北京时间(UTC+8)：6/15/2021, 8:14:00 AM=====================
Jun 15 08:14:00 
Jun 15 08:14:00 如果出现提示 ?.data. 错误，请升级nodejs版本(进入容器后，apk add nodejs-current)
Jun 15 08:14:00 开始获取东东健康社区配置文件
Jun 15 08:14:00 
Jun 15 08:14:00 共2个京东账号
Jun 15 08:14:00 
Jun 15 08:14:00 您提供了2个账号的东东健康社区助力码
Jun 15 08:14:00 
Jun 15 08:14:00 
Jun 15 08:14:00 ******开始【京东账号1】jd_RbuUwXHBNnJR*********
Jun 15 08:14:00 
Jun 15 08:14:00 开始
Jun 15 08:14:01 随机取20个码放到您固定的互助码后面(不影响已有固定互助)
Jun 15 08:14:01 第1个京东账号将要助力的好友["T0205KkcIkxckBO_WGiKyo1oCjVfnoaW5kRrbA"]
Jun 15 08:14:01 签到领健康能量任务，完成次数：1/1
Jun 15 08:14:01 
Jun 15 08:14:01 【京东账号1（jd_RbuUwXHBNnJR）的东东健康社区好友互助码】T0205KkcIkxckBO_WGiKyo1oCjVfnoaW5kRrbA
Jun 15 08:14:01 
Jun 15 08:14:01 好友助力码：T0205KkcIkxckBO_WGiKyo1oCjVfnoaW5kRrbA
Jun 15 08:14:01 早起打卡(06:00-09:00)任务，完成次数：0/1
Jun 15 08:14:01 去完成早起打卡(06:00-09:00)任务
Jun 15 08:14:01 任务完成成功，获得：500能量
Jun 15 08:14:01 云南白药官方旗舰店任务，完成次数：0/5
Jun 15 08:14:01 去完成云南白药官方旗舰店任务
Jun 15 08:14:01 去完成云南白药官方旗舰店任务
Jun 15 08:14:01 去完成云南白药官方旗舰店任务
Jun 15 08:14:01 去完成云南白药官方旗舰店任务
Jun 15 08:14:01 去完成云南白药官方旗舰店任务
Jun 15 08:14:01 Swisse海外京东自营旗舰店任务，完成次数：0/1
Jun 15 08:14:01 去完成Swisse海外京东自营旗舰店任务
Jun 15 08:14:01 西医亚健康测评任务，完成次数：0/1
Jun 15 08:14:01 去完成西医亚健康测评任务
Jun 15 08:14:01 中医健康体质测评任务，完成次数：0/1
Jun 15 08:14:01 去完成中医健康体质测评任务
Jun 15 08:14:01 随机取20个码放到您固定的互助码后面(不影响已有固定互助)
Jun 15 08:14:01 第1个京东账号将要助力的好友["T0205KkcIkxckBO_WGiKyo1oCjVfnoaW5kRrbA"]
Jun 15 08:14:01 签到领健康能量任务，完成次数：1/1
Jun 15 08:14:01 
Jun 15 08:14:01 【京东账号1（jd_RbuUwXHBNnJR）的东东健康社区好友互助码】T0205KkcIkxckBO_WGiKyo1oCjVfnoaW5kRrbA
Jun 15 08:14:01 
Jun 15 08:14:01 好友助力码：T0205KkcIkxckBO_WGiKyo1oCjVfnoaW5kRrbA
Jun 15 08:14:01 香丹清京东自营旗舰店任务，完成次数：0/5
Jun 15 08:14:01 去完成香丹清京东自营旗舰店任务
Jun 15 08:14:01 去完成香丹清京东自营旗舰店任务
Jun 15 08:14:01 去完成香丹清京东自营旗舰店任务
Jun 15 08:14:01 去完成香丹清京东自营旗舰店任务
Jun 15 08:14:01 去完成香丹清京东自营旗舰店任务
Jun 15 08:14:01 Swisse海外京东自营旗舰店任务，完成次数：0/1
Jun 15 08:14:01 去完成Swisse海外京东自营旗舰店任务
Jun 15 08:14:01 西医亚健康测评任务，完成次数：0/1
Jun 15 08:14:01 去完成西医亚健康测评任务
Jun 15 08:14:01 中医健康体质测评任务，完成次数：0/1
Jun 15 08:14:01 去完成中医健康体质测评任务
Jun 15 08:14:01 颈椎测评 免费解读任务，完成次数：0/1
Jun 15 08:14:01 去完成颈椎测评 免费解读任务
Jun 15 08:14:01 任务领取结果：任务领取成功
Jun 15 08:14:02 雅培（Abbott）营养科学京东自营旗舰店任务，完成次数：0/5
Jun 15 08:14:02 去完成雅培（Abbott）营养科学京东自营旗舰店任务
Jun 15 08:14:02 去完成雅培（Abbott）营养科学京东自营旗舰店任务
Jun 15 08:14:02 去完成雅培（Abbott）营养科学京东自营旗舰店任务
Jun 15 08:14:02 去完成雅培（Abbott）营养科学京东自营旗舰店任务
Jun 15 08:14:02 去完成雅培（Abbott）营养科学京东自营旗舰店任务
Jun 15 08:14:02 Swisse海外京东自营旗舰店任务，完成次数：0/1
Jun 15 08:14:02 去完成Swisse海外京东自营旗舰店任务
Jun 15 08:14:02 西医亚健康测评任务，完成次数：0/1
Jun 15 08:14:02 去完成西医亚健康测评任务
Jun 15 08:14:02 中医健康体质测评任务，完成次数：0/1
Jun 15 08:14:02 去完成中医健康体质测评任务
Jun 15 08:14:02 颈椎测评 免费解读任务，完成次数：0/1
Jun 15 08:14:02 去完成颈椎测评 免费解读任务
Jun 15 08:14:02 任务领取结果：任务领取成功
Jun 15 08:14:11 任务完成成功，获得：300能量
Jun 15 08:14:12 任务完成失败：这个任务做完啦~！
Jun 15 08:14:12 云南白药官方旗舰店任务，完成次数：0/5
Jun 15 08:14:12 去完成云南白药官方旗舰店任务
Jun 15 08:14:12 去完成云南白药官方旗舰店任务
Jun 15 08:14:12 去完成云南白药官方旗舰店任务
Jun 15 08:14:12 去完成云南白药官方旗舰店任务
Jun 15 08:14:12 去完成云南白药官方旗舰店任务
Jun 15 08:14:12 Swisse海外京东自营旗舰店任务，完成次数：0/1
Jun 15 08:14:12 去完成Swisse海外京东自营旗舰店任务
Jun 15 08:14:12 西医亚健康测评任务，完成次数：0/1
Jun 15 08:14:12 去完成西医亚健康测评任务
Jun 15 08:14:12 中医健康体质测评任务，完成次数：0/1
Jun 15 08:14:12 去完成中医健康体质测评任务
Jun 15 08:14:12 领取免费体验口内扫描仪机会任务，完成次数：0/1
Jun 15 08:14:12 去完成领取免费体验口内扫描仪机会任务
Jun 15 08:14:12 任务领取结果：任务领取成功
Jun 15 08:14:13 济民可信官方旗舰店任务，完成次数：0/5
Jun 15 08:14:13 去完成济民可信官方旗舰店任务
Jun 15 08:14:13 去完成济民可信官方旗舰店任务
Jun 15 08:14:13 去完成济民可信官方旗舰店任务
Jun 15 08:14:13 去完成济民可信官方旗舰店任务
Jun 15 08:14:13 去完成济民可信官方旗舰店任务
Jun 15 08:14:13 Swisse海外京东自营旗舰店任务，完成次数：0/1
Jun 15 08:14:13 去完成Swisse海外京东自营旗舰店任务
Jun 15 08:14:13 西医亚健康测评任务，完成次数：0/1
Jun 15 08:14:13 去完成西医亚健康测评任务
Jun 15 08:14:13 中医健康体质测评任务，完成次数：0/1
Jun 15 08:14:13 去完成中医健康体质测评任务
Jun 15 08:14:13 领取免费体验口内扫描仪机会任务，完成次数：0/1
Jun 15 08:14:13 去完成领取免费体验口内扫描仪机会任务
Jun 15 08:14:13 任务领取结果：任务领取成功
Jun 15 08:14:22 任务完成成功，获得：300能量
Jun 15 08:14:23 任务完成失败：这个任务做完啦~！
Jun 15 08:14:24 香丹清京东自营旗舰店任务，完成次数：0/5
Jun 15 08:14:24 去完成香丹清京东自营旗舰店任务
Jun 15 08:14:24 去完成香丹清京东自营旗舰店任务
Jun 15 08:14:24 去完成香丹清京东自营旗舰店任务
Jun 15 08:14:24 去完成香丹清京东自营旗舰店任务
Jun 15 08:14:24 去完成香丹清京东自营旗舰店任务
Jun 15 08:14:24 Swisse海外京东自营旗舰店任务，完成次数：0/1
Jun 15 08:14:24 去完成Swisse海外京东自营旗舰店任务
Jun 15 08:14:24 西医亚健康测评任务，完成次数：0/1
Jun 15 08:14:24 去完成西医亚健康测评任务
Jun 15 08:14:24 中医健康体质测评任务，完成次数：0/1
Jun 15 08:14:24 去完成中医健康体质测评任务
Jun 15 08:14:24 红牛 安奈吉饮料 250ml*24罐 功能饮料 缓解体力疲劳 整箱任务，完成次数：0/3
Jun 15 08:14:24 去完成红牛 安奈吉饮料 250ml*24罐 功能饮料 缓解体力疲劳 整箱任务
Jun 15 08:14:24 任务领取结果：任务领取成功
Jun 15 08:14:24 香丹清京东自营旗舰店任务，完成次数：0/5
Jun 15 08:14:24 去完成香丹清京东自营旗舰店任务
Jun 15 08:14:24 去完成香丹清京东自营旗舰店任务
Jun 15 08:14:24 去完成香丹清京东自营旗舰店任务
Jun 15 08:14:24 去完成香丹清京东自营旗舰店任务
Jun 15 08:14:24 去完成香丹清京东自营旗舰店任务
Jun 15 08:14:24 Swisse海外京东自营旗舰店任务，完成次数：0/1
Jun 15 08:14:24 去完成Swisse海外京东自营旗舰店任务
Jun 15 08:14:24 西医亚健康测评任务，完成次数：0/1
Jun 15 08:14:24 去完成西医亚健康测评任务
Jun 15 08:14:24 中医健康体质测评任务，完成次数：0/1
Jun 15 08:14:24 去完成中医健康体质测评任务
Jun 15 08:14:24 Ddrops Baby儿童宝宝维生素D3滴剂 宝宝vd3 钙吸收营养搭档15天-1岁  2.5ml 90滴 400IU 加拿大进口任务，完成次数：0/3
Jun 15 08:14:24 去完成Ddrops Baby儿童宝宝维生素D3滴剂 宝宝vd3 钙吸收营养搭档15天-1岁  2.5ml 90滴 400IU 加拿大进口任务
Jun 15 08:14:24 任务领取结果：任务领取成功
Jun 15 08:14:34 任务完成成功，获得：300能量
Jun 15 08:14:34 去完成红牛 安奈吉饮料 250ml*24罐 功能饮料 缓解体力疲劳 整箱任务
Jun 15 08:14:34 任务领取结果：任务领取成功
Jun 15 08:14:34 任务完成成功，获得：300能量
Jun 15 08:14:34 去完成Ddrops Baby儿童宝宝维生素D3滴剂 宝宝vd3 钙吸收营养搭档15天-1岁  2.5ml 90滴 400IU 加拿大进口任务
Jun 15 08:14:34 任务领取结果：任务领取成功
Jun 15 08:14:44 任务完成成功，获得：300能量
Jun 15 08:14:44 去完成红牛 安奈吉饮料 250ml*24罐 功能饮料 缓解体力疲劳 整箱任务
Jun 15 08:14:44 任务完成失败：这个任务做完啦~！
Jun 15 08:14:45 任务完成失败：这个任务做完啦~！
Jun 15 08:14:45 去完成Ddrops Baby儿童宝宝维生素D3滴剂 宝宝vd3 钙吸收营养搭档15天-1岁  2.5ml 90滴 400IU 加拿大进口任务
Jun 15 08:14:45 任务完成失败：这个任务做完啦~！
Jun 15 08:14:54 任务完成失败：这个任务做完啦~！
Jun 15 08:14:55 任务完成失败：这个任务做完啦~！
Jun 15 08:14:55 燕小厨官方旗舰店任务，完成次数：0/5
Jun 15 08:14:55 去完成燕小厨官方旗舰店任务
Jun 15 08:14:55 去完成燕小厨官方旗舰店任务
Jun 15 08:14:55 去完成燕小厨官方旗舰店任务
Jun 15 08:14:55 去完成燕小厨官方旗舰店任务
Jun 15 08:14:55 去完成燕小厨官方旗舰店任务
Jun 15 08:14:55 Swisse海外京东自营旗舰店任务，完成次数：0/1
Jun 15 08:14:55 去完成Swisse海外京东自营旗舰店任务
Jun 15 08:14:55 西医亚健康测评任务，完成次数：0/1
Jun 15 08:14:55 去完成西医亚健康测评任务
Jun 15 08:14:55 中医健康体质测评任务，完成次数：0/1
Jun 15 08:14:55 去完成中医健康体质测评任务
Jun 15 08:14:55 浏览保健馆活动会场任务，完成次数：0/1
Jun 15 08:14:55 去完成浏览保健馆活动会场任务
Jun 15 08:14:55 任务领取结果：任务领取成功
Jun 15 08:14:56 雅培（Abbott）营养科学京东自营旗舰店任务，完成次数：0/5
Jun 15 08:14:56 去完成雅培（Abbott）营养科学京东自营旗舰店任务
Jun 15 08:14:56 去完成雅培（Abbott）营养科学京东自营旗舰店任务
Jun 15 08:14:56 去完成雅培（Abbott）营养科学京东自营旗舰店任务
Jun 15 08:14:56 去完成雅培（Abbott）营养科学京东自营旗舰店任务
Jun 15 08:14:56 去完成雅培（Abbott）营养科学京东自营旗舰店任务
Jun 15 08:14:56 Swisse海外京东自营旗舰店任务，完成次数：0/1
Jun 15 08:14:56 去完成Swisse海外京东自营旗舰店任务
Jun 15 08:14:56 西医亚健康测评任务，完成次数：0/1
Jun 15 08:14:56 去完成西医亚健康测评任务
Jun 15 08:14:56 中医健康体质测评任务，完成次数：0/1
Jun 15 08:14:56 去完成中医健康体质测评任务
Jun 15 08:14:56 浏览保健馆活动会场任务，完成次数：0/1
Jun 15 08:14:56 去完成浏览保健馆活动会场任务
Jun 15 08:14:56 任务领取结果：任务领取成功
Jun 15 08:15:05 任务完成成功，获得：300能量
Jun 15 08:15:06 任务完成失败：这个任务做完啦~！
Jun 15 08:15:06 济民可信官方旗舰店任务，完成次数：0/5
Jun 15 08:15:06 去完成济民可信官方旗舰店任务
Jun 15 08:15:06 去完成济民可信官方旗舰店任务
Jun 15 08:15:06 去完成济民可信官方旗舰店任务
Jun 15 08:15:06 去完成济民可信官方旗舰店任务
Jun 15 08:15:06 去完成济民可信官方旗舰店任务
Jun 15 08:15:06 Swisse海外京东自营旗舰店任务，完成次数：0/1
Jun 15 08:15:06 去完成Swisse海外京东自营旗舰店任务
Jun 15 08:15:06 西医亚健康测评任务，完成次数：0/1
Jun 15 08:15:06 去完成西医亚健康测评任务
Jun 15 08:15:06 中医健康体质测评任务，完成次数：0/1
Jun 15 08:15:06 去完成中医健康体质测评任务
Jun 15 08:15:06 浏览健康618主会场任务，完成次数：1/1
Jun 15 08:15:06 任务完成成功，获得：0能量
Jun 15 08:15:06 去助力好友T0205KkcIkxckBO_WGiKyo1oCjVfnoaW5kRrbA
Jun 15 08:15:06 任务完成失败：助力失败丨不可以为自己助力哦
Jun 15 08:15:07 任务完成失败：点太快啦！等下再来吧
Jun 15 08:15:07 去助力好友T0205KkcIkxckBO_WGiKyo1oCjVfnoaW5kRrbA
Jun 15 08:15:07 任务完成失败：助力失败丨不可以为自己助力哦
Jun 15 08:15:07 
Jun 15 08:15:07 ==============📣系统通知📣==============
Jun 15 08:15:07 东东健康社区
Jun 15 08:15:07 京东账号1 jd_RbuUwXHBNnJR
Jun 15 08:15:07 本次获得1800健康值，累计346910健康值
Jun 15 08:15:07 
Jun 15 08:15:07 
Jun 15 08:15:07 ******开始【京东账号2】jd_fMRfXcJHjROT*********
Jun 15 08:15:07 
Jun 15 08:15:07 开始
Jun 15 08:15:08 
Jun 15 08:15:08 ==============📣系统通知📣==============
Jun 15 08:15:08 东东健康社区
Jun 15 08:15:08 京东账号1 jd_RbuUwXHBNnJR
Jun 15 08:15:08 本次获得2300健康值，累计346910健康值
Jun 15 08:15:08 
Jun 15 08:15:08 
Jun 15 08:15:08 ******开始【京东账号2】jd_fMRfXcJHjROT*********
Jun 15 08:15:08 
Jun 15 08:15:08 开始
Jun 15 08:15:17 第2个京东账号将要助力的好友["T0205KkcIkxckBO_WGiKyo1oCjVfnoaW5kRrbA"]
Jun 15 08:15:17 任务完成失败：活动太火爆啦
Jun 15 08:15:17 去助力好友T0205KkcIkxckBO_WGiKyo1oCjVfnoaW5kRrbA
Jun 15 08:15:17 任务完成失败：活动太火爆啦
Jun 15 08:15:17 助力次数已满，跳出
Jun 15 08:15:17 
Jun 15 08:15:17 ==============📣系统通知📣==============
Jun 15 08:15:17 东东健康社区
Jun 15 08:15:17 京东账号2 jd_fMRfXcJHjROT
Jun 15 08:15:17 本次获得0健康值，累计0健康值
Jun 15 08:15:17 
Jun 15 08:15:17 
Jun 15 08:15:17 🔔东东健康社区, 结束! 🕛 77.051 秒
Jun 15 08:15:17 
Jun 15 08:15:18 第2个京东账号将要助力的好友["T0205KkcIkxckBO_WGiKyo1oCjVfnoaW5kRrbA"]
Jun 15 08:15:18 任务完成失败：活动太火爆啦
Jun 15 08:15:18 去助力好友T0205KkcIkxckBO_WGiKyo1oCjVfnoaW5kRrbA
Jun 15 08:15:18 任务完成失败：活动太火爆啦
Jun 15 08:15:18 助力次数已满，跳出
Jun 15 08:15:18 
Jun 15 08:15:18 ==============📣系统通知📣==============
Jun 15 08:15:18 东东健康社区
Jun 15 08:15:18 京东账号2 jd_fMRfXcJHjROT
Jun 15 08:15:18 本次获得0健康值，累计0健康值
Jun 15 08:15:18 
Jun 15 08:15:18 
Jun 15 08:15:18 🔔东东健康社区, 结束! 🕛 77.833 秒
Jun 15 08:15:18 
Jun 15 08:15:40 "Timeout awaiting 'request' for 10000ms"
Jun 15 08:15:40 东东健康社区 API请求失败，请检查网路重试
Jun 15 08:15:41 "Timeout awaiting 'request' for 10000ms"
Jun 15 08:15:41 东东健康社区 API请求失败，请检查网路重试
Jun 15 12:14:00 
Jun 15 12:14:00 🔔东东健康社区, 开始!
Jun 15 12:14:00 您的cookie选择的是用&隔开
Jun 15 12:14:00 
Jun 15 12:14:00 
Jun 15 12:14:00 ====================共有2个京东账号Cookie=========
Jun 15 12:14:00 
Jun 15 12:14:00 
Jun 15 12:14:00 🔔东东健康社区, 开始!
Jun 15 12:14:00 您的cookie选择的是用&隔开
Jun 15 12:14:00 
Jun 15 12:14:00 
Jun 15 12:14:00 ====================共有2个京东账号Cookie=========
Jun 15 12:14:00 
Jun 15 12:14:00 ==================脚本执行- 北京时间(UTC+8)：6/15/2021, 12:14:00 PM=====================
Jun 15 12:14:00 
Jun 15 12:14:00 如果出现提示 ?.data. 错误，请升级nodejs版本(进入容器后，apk add nodejs-current)
Jun 15 12:14:00 开始获取东东健康社区配置文件
Jun 15 12:14:00 
Jun 15 12:14:00 共2个京东账号
Jun 15 12:14:00 
Jun 15 12:14:00 您提供了2个账号的东东健康社区助力码
Jun 15 12:14:00 
Jun 15 12:14:00 
Jun 15 12:14:00 ******开始【京东账号1】jd_RbuUwXHBNnJR*********
Jun 15 12:14:00 
Jun 15 12:14:00 开始
Jun 15 12:14:00 ==================脚本执行- 北京时间(UTC+8)：6/15/2021, 12:14:00 PM=====================
Jun 15 12:14:00 
Jun 15 12:14:00 如果出现提示 ?.data. 错误，请升级nodejs版本(进入容器后，apk add nodejs-current)
Jun 15 12:14:00 开始获取东东健康社区配置文件
Jun 15 12:14:00 
Jun 15 12:14:00 共2个京东账号
Jun 15 12:14:00 
Jun 15 12:14:00 您提供了2个账号的东东健康社区助力码
Jun 15 12:14:00 
Jun 15 12:14:00 
Jun 15 12:14:00 ******开始【京东账号1】jd_RbuUwXHBNnJR*********
Jun 15 12:14:00 
Jun 15 12:14:00 开始
Jun 15 12:14:10 第1个京东账号将要助力的好友["T0205KkcIkxckBO_WGiKyo1oCjVfnoaW5kRrbA"]
Jun 15 12:14:10 第1个京东账号将要助力的好友["T0205KkcIkxckBO_WGiKyo1oCjVfnoaW5kRrbA"]
Jun 15 12:14:11 签到领健康能量任务，完成次数：1/1
Jun 15 12:14:11 签到领健康能量任务，完成次数：1/1
Jun 15 12:14:11 
Jun 15 12:14:11 【京东账号1（jd_RbuUwXHBNnJR）的东东健康社区好友互助码】T0205KkcIkxckBO_WGiKyo1oCjVfnoaW5kRrbA
Jun 15 12:14:11 
Jun 15 12:14:11 好友助力码：T0205KkcIkxckBO_WGiKyo1oCjVfnoaW5kRrbA
Jun 15 12:14:11 
Jun 15 12:14:11 【京东账号1（jd_RbuUwXHBNnJR）的东东健康社区好友互助码】T0205KkcIkxckBO_WGiKyo1oCjVfnoaW5kRrbA
Jun 15 12:14:11 
Jun 15 12:14:11 好友助力码：T0205KkcIkxckBO_WGiKyo1oCjVfnoaW5kRrbA
Jun 15 12:14:11 云南白药官方旗舰店任务，完成次数：0/5
Jun 15 12:14:11 去完成云南白药官方旗舰店任务
Jun 15 12:14:11 去完成云南白药官方旗舰店任务
Jun 15 12:14:11 去完成云南白药官方旗舰店任务
Jun 15 12:14:11 去完成云南白药官方旗舰店任务
Jun 15 12:14:11 去完成云南白药官方旗舰店任务
Jun 15 12:14:11 Swisse海外京东自营旗舰店任务，完成次数：0/1
Jun 15 12:14:11 去完成Swisse海外京东自营旗舰店任务
Jun 15 12:14:11 西医亚健康测评任务，完成次数：0/1
Jun 15 12:14:11 去完成西医亚健康测评任务
Jun 15 12:14:11 中医健康体质测评任务，完成次数：0/1
Jun 15 12:14:11 去完成中医健康体质测评任务
Jun 15 12:14:11 浏览健康618主会场任务，完成次数：1/1
Jun 15 12:14:11 香丹清京东自营旗舰店任务，完成次数：0/5
Jun 15 12:14:11 去完成香丹清京东自营旗舰店任务
Jun 15 12:14:11 去完成香丹清京东自营旗舰店任务
Jun 15 12:14:11 去完成香丹清京东自营旗舰店任务
Jun 15 12:14:11 去完成香丹清京东自营旗舰店任务
Jun 15 12:14:11 去完成香丹清京东自营旗舰店任务
Jun 15 12:14:11 Swisse海外京东自营旗舰店任务，完成次数：0/1
Jun 15 12:14:11 去完成Swisse海外京东自营旗舰店任务
Jun 15 12:14:11 西医亚健康测评任务，完成次数：0/1
Jun 15 12:14:11 去完成西医亚健康测评任务
Jun 15 12:14:11 中医健康体质测评任务，完成次数：0/1
Jun 15 12:14:11 去完成中医健康体质测评任务
Jun 15 12:14:11 浏览健康618主会场任务，完成次数：1/1
Jun 15 12:14:11 任务完成成功，获得：0能量
Jun 15 12:14:11 去助力好友T0205KkcIkxckBO_WGiKyo1oCjVfnoaW5kRrbA
Jun 15 12:14:11 任务完成失败：点太快啦！等下再来吧
Jun 15 12:14:11 去助力好友T0205KkcIkxckBO_WGiKyo1oCjVfnoaW5kRrbA
Jun 15 12:14:11 任务完成失败：助力失败丨不可以为自己助力哦
Jun 15 12:14:11 任务完成失败：助力失败丨不可以为自己助力哦
Jun 15 12:14:12 
Jun 15 12:14:12 ==============📣系统通知📣==============
Jun 15 12:14:12 东东健康社区
Jun 15 12:14:12 京东账号1 jd_RbuUwXHBNnJR
Jun 15 12:14:12 本次获得0健康值，累计346910健康值
Jun 15 12:14:12 
Jun 15 12:14:12 
Jun 15 12:14:12 ******开始【京东账号2】jd_fMRfXcJHjROT*********
Jun 15 12:14:12 
Jun 15 12:14:12 开始
Jun 15 12:14:12 
Jun 15 12:14:12 ==============📣系统通知📣==============
Jun 15 12:14:12 东东健康社区
Jun 15 12:14:12 京东账号1 jd_RbuUwXHBNnJR
Jun 15 12:14:12 本次获得0健康值，累计346910健康值
Jun 15 12:14:12 
Jun 15 12:14:12 
Jun 15 12:14:12 ******开始【京东账号2】jd_fMRfXcJHjROT*********
Jun 15 12:14:12 
Jun 15 12:14:12 开始
Jun 15 12:14:12 随机取20个码放到您固定的互助码后面(不影响已有固定互助)
Jun 15 12:14:13 随机取20个码放到您固定的互助码后面(不影响已有固定互助)
Jun 15 12:14:13 第2个京东账号将要助力的好友["T0205KkcIkxckBO_WGiKyo1oCjVfnoaW5kRrbA"]
Jun 15 12:14:13 任务完成失败：活动太火爆啦
Jun 15 12:14:13 去助力好友T0205KkcIkxckBO_WGiKyo1oCjVfnoaW5kRrbA
Jun 15 12:14:13 任务完成失败：活动太火爆啦
Jun 15 12:14:13 助力次数已满，跳出
Jun 15 12:14:13 
Jun 15 12:14:13 ==============📣系统通知📣==============
Jun 15 12:14:13 东东健康社区
Jun 15 12:14:13 京东账号2 jd_fMRfXcJHjROT
Jun 15 12:14:13 本次获得0健康值，累计0健康值
Jun 15 12:14:13 
Jun 15 12:14:13 
Jun 15 12:14:13 🔔东东健康社区, 结束! 🕛 12.996 秒
Jun 15 12:14:13 
Jun 15 12:14:22 第2个京东账号将要助力的好友["T0205KkcIkxckBO_WGiKyo1oCjVfnoaW5kRrbA"]
Jun 15 12:14:22 任务完成失败：活动太火爆啦
Jun 15 12:14:22 去助力好友T0205KkcIkxckBO_WGiKyo1oCjVfnoaW5kRrbA
Jun 15 12:14:22 任务完成失败：活动太火爆啦
Jun 15 12:14:22 助力次数已满，跳出
Jun 15 12:14:22 
Jun 15 12:14:22 ==============📣系统通知📣==============
Jun 15 12:14:22 东东健康社区
Jun 15 12:14:22 京东账号2 jd_fMRfXcJHjROT
Jun 15 12:14:22 本次获得0健康值，累计0健康值
Jun 15 12:14:22 
Jun 15 12:14:22 
Jun 15 12:14:22 🔔东东健康社区, 结束! 🕛 21.688 秒
Jun 15 12:14:22 
Jun 15 12:14:23 随机取20个码放到您固定的互助码后面(不影响已有固定互助)
Jun 15 12:14:34 "Timeout awaiting 'request' for 10000ms"
Jun 15 12:14:34 东东健康社区 API请求失败，请检查网路重试
Jun 15 16:14:00 
Jun 15 16:14:00 🔔东东健康社区, 开始!
Jun 15 16:14:00 您的cookie选择的是用&隔开
Jun 15 16:14:00 
Jun 15 16:14:00 
Jun 15 16:14:00 ====================共有2个京东账号Cookie=========
Jun 15 16:14:00 
Jun 15 16:14:00 
Jun 15 16:14:00 🔔东东健康社区, 开始!
Jun 15 16:14:00 您的cookie选择的是用&隔开
Jun 15 16:14:00 
Jun 15 16:14:00 
Jun 15 16:14:00 ====================共有2个京东账号Cookie=========
Jun 15 16:14:00 
Jun 15 16:14:00 ==================脚本执行- 北京时间(UTC+8)：6/15/2021, 4:14:00 PM=====================
Jun 15 16:14:00 
Jun 15 16:14:00 如果出现提示 ?.data. 错误，请升级nodejs版本(进入容器后，apk add nodejs-current)
Jun 15 16:14:00 开始获取东东健康社区配置文件
Jun 15 16:14:00 
Jun 15 16:14:00 共2个京东账号
Jun 15 16:14:00 
Jun 15 16:14:00 您提供了2个账号的东东健康社区助力码
Jun 15 16:14:00 
Jun 15 16:14:00 
Jun 15 16:14:00 ******开始【京东账号1】jd_RbuUwXHBNnJR*********
Jun 15 16:14:00 
Jun 15 16:14:00 开始
Jun 15 16:14:00 ==================脚本执行- 北京时间(UTC+8)：6/15/2021, 4:14:00 PM=====================
Jun 15 16:14:00 
Jun 15 16:14:00 如果出现提示 ?.data. 错误，请升级nodejs版本(进入容器后，apk add nodejs-current)
Jun 15 16:14:00 开始获取东东健康社区配置文件
Jun 15 16:14:00 
Jun 15 16:14:00 共2个京东账号
Jun 15 16:14:00 
Jun 15 16:14:00 您提供了2个账号的东东健康社区助力码
Jun 15 16:14:00 
Jun 15 16:14:00 
Jun 15 16:14:00 ******开始【京东账号1】jd_RbuUwXHBNnJR*********
Jun 15 16:14:00 
Jun 15 16:14:00 开始
Jun 15 16:14:10 第1个京东账号将要助力的好友["T0205KkcIkxckBO_WGiKyo1oCjVfnoaW5kRrbA"]
Jun 15 16:14:10 第1个京东账号将要助力的好友["T0205KkcIkxckBO_WGiKyo1oCjVfnoaW5kRrbA"]
Jun 15 16:14:10 签到领健康能量任务，完成次数：1/1
Jun 15 16:14:10 签到领健康能量任务，完成次数：1/1
Jun 15 16:14:10 
Jun 15 16:14:10 【京东账号1（jd_RbuUwXHBNnJR）的东东健康社区好友互助码】T0205KkcIkxckBO_WGiKyo1oCjVfnoaW5kRrbA
Jun 15 16:14:10 
Jun 15 16:14:10 好友助力码：T0205KkcIkxckBO_WGiKyo1oCjVfnoaW5kRrbA
Jun 15 16:14:10 
Jun 15 16:14:10 【京东账号1（jd_RbuUwXHBNnJR）的东东健康社区好友互助码】T0205KkcIkxckBO_WGiKyo1oCjVfnoaW5kRrbA
Jun 15 16:14:10 
Jun 15 16:14:10 好友助力码：T0205KkcIkxckBO_WGiKyo1oCjVfnoaW5kRrbA
Jun 15 16:14:10 燕小厨官方旗舰店任务，完成次数：0/5
Jun 15 16:14:10 去完成燕小厨官方旗舰店任务
Jun 15 16:14:10 去完成燕小厨官方旗舰店任务
Jun 15 16:14:10 去完成燕小厨官方旗舰店任务
Jun 15 16:14:10 去完成燕小厨官方旗舰店任务
Jun 15 16:14:10 去完成燕小厨官方旗舰店任务
Jun 15 16:14:10 Swisse海外京东自营旗舰店任务，完成次数：0/1
Jun 15 16:14:10 去完成Swisse海外京东自营旗舰店任务
Jun 15 16:14:10 西医亚健康测评任务，完成次数：0/1
Jun 15 16:14:10 去完成西医亚健康测评任务
Jun 15 16:14:10 中医健康体质测评任务，完成次数：0/1
Jun 15 16:14:10 去完成中医健康体质测评任务
Jun 15 16:14:10 浏览健康618主会场任务，完成次数：1/1
Jun 15 16:14:10 燕小厨官方旗舰店任务，完成次数：0/5
Jun 15 16:14:10 去完成燕小厨官方旗舰店任务
Jun 15 16:14:10 去完成燕小厨官方旗舰店任务
Jun 15 16:14:10 去完成燕小厨官方旗舰店任务
Jun 15 16:14:10 去完成燕小厨官方旗舰店任务
Jun 15 16:14:10 去完成燕小厨官方旗舰店任务
Jun 15 16:14:10 Swisse海外京东自营旗舰店任务，完成次数：0/1
Jun 15 16:14:10 去完成Swisse海外京东自营旗舰店任务
Jun 15 16:14:10 西医亚健康测评任务，完成次数：0/1
Jun 15 16:14:10 去完成西医亚健康测评任务
Jun 15 16:14:10 中医健康体质测评任务，完成次数：0/1
Jun 15 16:14:10 去完成中医健康体质测评任务
Jun 15 16:14:10 浏览健康618主会场任务，完成次数：1/1
Jun 15 16:14:10 任务完成成功，获得：0能量
Jun 15 16:14:10 去助力好友T0205KkcIkxckBO_WGiKyo1oCjVfnoaW5kRrbA
Jun 15 16:14:10 任务完成失败：点太快啦！等下再来吧
Jun 15 16:14:10 去助力好友T0205KkcIkxckBO_WGiKyo1oCjVfnoaW5kRrbA
Jun 15 16:14:10 任务完成失败：助力失败丨不可以为自己助力哦
Jun 15 16:14:10 任务完成失败：助力失败丨不可以为自己助力哦
Jun 15 16:14:11 
Jun 15 16:14:11 ==============📣系统通知📣==============
Jun 15 16:14:11 东东健康社区
Jun 15 16:14:11 京东账号1 jd_RbuUwXHBNnJR
Jun 15 16:14:11 本次获得0健康值，累计346910健康值
Jun 15 16:14:11 
Jun 15 16:14:11 
Jun 15 16:14:11 ******开始【京东账号2】jd_fMRfXcJHjROT*********
Jun 15 16:14:11 
Jun 15 16:14:11 开始
Jun 15 16:14:11 
Jun 15 16:14:11 ==============📣系统通知📣==============
Jun 15 16:14:11 东东健康社区
Jun 15 16:14:11 京东账号1 jd_RbuUwXHBNnJR
Jun 15 16:14:11 本次获得0健康值，累计346910健康值
Jun 15 16:14:11 
Jun 15 16:14:11 
Jun 15 16:14:11 ******开始【京东账号2】jd_fMRfXcJHjROT*********
Jun 15 16:14:11 
Jun 15 16:14:11 开始
Jun 15 16:14:21 第2个京东账号将要助力的好友["T0205KkcIkxckBO_WGiKyo1oCjVfnoaW5kRrbA"]
Jun 15 16:14:21 第2个京东账号将要助力的好友["T0205KkcIkxckBO_WGiKyo1oCjVfnoaW5kRrbA"]
Jun 15 16:14:22 任务完成失败：活动太火爆啦
Jun 15 16:14:22 去助力好友T0205KkcIkxckBO_WGiKyo1oCjVfnoaW5kRrbA
Jun 15 16:14:22 任务完成失败：活动太火爆啦
Jun 15 16:14:22 去助力好友T0205KkcIkxckBO_WGiKyo1oCjVfnoaW5kRrbA
Jun 15 16:14:22 任务完成失败：活动太火爆啦
Jun 15 16:14:22 助力次数已满，跳出
Jun 15 16:14:22 任务完成失败：活动太火爆啦
Jun 15 16:14:22 助力次数已满，跳出
Jun 15 16:14:22 
Jun 15 16:14:22 ==============📣系统通知📣==============
Jun 15 16:14:22 东东健康社区
Jun 15 16:14:22 京东账号2 jd_fMRfXcJHjROT
Jun 15 16:14:22 本次获得0健康值，累计0健康值
Jun 15 16:14:22 
Jun 15 16:14:22 
Jun 15 16:14:22 🔔东东健康社区, 结束! 🕛 21.699 秒
Jun 15 16:14:22 
Jun 15 16:14:22 
Jun 15 16:14:22 ==============📣系统通知📣==============
Jun 15 16:14:22 东东健康社区
Jun 15 16:14:22 京东账号2 jd_fMRfXcJHjROT
Jun 15 16:14:22 本次获得0健康值，累计0健康值
Jun 15 16:14:22 
Jun 15 16:14:22 
Jun 15 16:14:22 🔔东东健康社区, 结束! 🕛 21.72 秒
Jun 15 16:14:22 
Jun 15 16:14:33 "Timeout awaiting 'request' for 10000ms"
Jun 15 16:14:33 东东健康社区 API请求失败，请检查网路重试
Jun 15 16:14:33 "Timeout awaiting 'request' for 10000ms"
Jun 15 16:14:33 东东健康社区 API请求失败，请检查网路重试
Jun 15 16:14:45 "Timeout awaiting 'request' for 10000ms"
Jun 15 16:14:45 东东健康社区 API请求失败，请检查网路重试
Jun 15 16:14:45 "Timeout awaiting 'request' for 10000ms"
Jun 15 16:14:45 东东健康社区 API请求失败，请检查网路重试
