Jun 14 00:20:00 
Jun 14 00:20:00 🔔京喜牧场, 开始!
Jun 14 00:20:00 
Jun 14 00:20:00 🔔京喜牧场, 开始!
Jun 14 00:20:00 您的cookie选择的是用&隔开
Jun 14 00:20:00 
Jun 14 00:20:00 
Jun 14 00:20:00 ====================共有2个京东账号Cookie=========
Jun 14 00:20:00 
Jun 14 00:20:00 您的cookie选择的是用&隔开
Jun 14 00:20:00 
Jun 14 00:20:00 
Jun 14 00:20:00 ====================共有2个京东账号Cookie=========
Jun 14 00:20:00 
Jun 14 00:20:00 ==================脚本执行- 北京时间(UTC+8)：6/14/2021, 12:20:00 AM=====================
Jun 14 00:20:00 
Jun 14 00:20:00 ==================脚本执行- 北京时间(UTC+8)：6/14/2021, 12:20:00 AM=====================
Jun 14 00:20:00 
Jun 14 00:20:00 京喜牧场
Jun 14 00:20:00 更新时间：2021-6-8
Jun 14 00:20:00 活动入口：京喜APP-我的-京喜牧场
Jun 14 00:20:00 温馨提示：请先手动完成【新手指导任务】再运行脚本
Jun 14 00:20:00 京喜牧场
Jun 14 00:20:00 更新时间：2021-6-8
Jun 14 00:20:00 活动入口：京喜APP-我的-京喜牧场
Jun 14 00:20:00 温馨提示：请先手动完成【新手指导任务】再运行脚本
Jun 14 00:20:00 
Jun 14 00:20:00 *****开始【京东账号1】赛格di*****
Jun 14 00:20:00 
Jun 14 00:20:00 
Jun 14 00:20:00 *****开始【京东账号1】赛格di*****
Jun 14 00:20:00 
Jun 14 00:20:00 
Jun 14 00:20:00 温馨提示：jd_RbuUwXHBNnJR 请先手动完成【新手指导任务】再运行脚本再运行脚本
Jun 14 00:20:00 
Jun 14 00:20:00 
Jun 14 00:20:00 温馨提示：jd_RbuUwXHBNnJR 请先手动完成【新手指导任务】再运行脚本再运行脚本
Jun 14 00:20:00 
Jun 14 00:20:03 
Jun 14 00:20:03 *****开始【京东账号2】了来风*****
Jun 14 00:20:03 
Jun 14 00:20:03 
Jun 14 00:20:03 *****开始【京东账号2】了来风*****
Jun 14 00:20:03 
Jun 14 00:20:03 
Jun 14 00:20:03 温馨提示：jd_fMRfXcJHjROT 请先手动完成【新手指导任务】再运行脚本再运行脚本
Jun 14 00:20:03 
Jun 14 00:20:03 
Jun 14 00:20:03 温馨提示：jd_fMRfXcJHjROT 请先手动完成【新手指导任务】再运行脚本再运行脚本
Jun 14 00:20:03 
Jun 14 00:20:06 
Jun 14 00:20:06 🔔京喜牧场, 结束! 🕛 6.468 秒
Jun 14 00:20:06 
Jun 14 00:20:06 
Jun 14 00:20:06 🔔京喜牧场, 结束! 🕛 6.474 秒
Jun 14 00:20:06 
Jun 14 03:20:00 
Jun 14 03:20:00 🔔京喜牧场, 开始!
Jun 14 03:20:00 
Jun 14 03:20:00 🔔京喜牧场, 开始!
Jun 14 03:20:00 您的cookie选择的是用&隔开
Jun 14 03:20:00Jun 14 03:20:00 
 您的cookie选择的是用&隔开
Jun 14 03:20:00 
Jun 14 03:20:00 
Jun 14 03:20:00Jun 14 03:20:00 ====================共有2个京东账号Cookie=========
 
Jun 14 03:20:00Jun 14 03:20:00 
 ====================共有2个京东账号Cookie=========
Jun 14 03:20:00 
Jun 14 03:20:00 ==================脚本执行- 北京时间(UTC+8)：6/14/2021, 3:20:00 AM=====================
Jun 14 03:20:00Jun 14 03:20:00 ==================脚本执行- 北京时间(UTC+8)：6/14/2021, 3:20:00 AM=====================
 
Jun 14 03:20:00 
Jun 14 03:20:00 京喜牧场
Jun 14 03:20:00Jun 14 03:20:00 更新时间：2021-6-8
 京喜牧场
Jun 14 03:20:00Jun 14 03:20:00 活动入口：京喜APP-我的-京喜牧场
 更新时间：2021-6-8
Jun 14 03:20:00Jun 14 03:20:00 温馨提示：请先手动完成【新手指导任务】再运行脚本
 活动入口：京喜APP-我的-京喜牧场
Jun 14 03:20:00 温馨提示：请先手动完成【新手指导任务】再运行脚本
Jun 14 03:20:00 
Jun 14 03:20:00 *****开始【京东账号1】赛格di*****
Jun 14 03:20:00 
Jun 14 03:20:00 
Jun 14 03:20:00 *****开始【京东账号1】赛格di*****
Jun 14 03:20:00 
Jun 14 03:20:00 
Jun 14 03:20:00 温馨提示：jd_RbuUwXHBNnJR 请先手动完成【新手指导任务】再运行脚本再运行脚本
Jun 14 03:20:00 
Jun 14 03:20:00 
Jun 14 03:20:00 温馨提示：jd_RbuUwXHBNnJR 请先手动完成【新手指导任务】再运行脚本再运行脚本
Jun 14 03:20:00 
Jun 14 03:20:03 
Jun 14 03:20:03 *****开始【京东账号2】了来风*****
Jun 14 03:20:03 
Jun 14 03:20:03 
Jun 14 03:20:03 *****开始【京东账号2】了来风*****
Jun 14 03:20:03 
Jun 14 03:20:03Jun 14 03:20:03 
 
Jun 14 03:20:03 温馨提示：jd_fMRfXcJHjROT 请先手动完成【新手指导任务】再运行脚本再运行脚本
Jun 14 03:20:03Jun 14 03:20:03 温馨提示：jd_fMRfXcJHjROT 请先手动完成【新手指导任务】再运行脚本再运行脚本
 
Jun 14 03:20:03 
Jun 14 03:20:06Jun 14 03:20:06 
 
Jun 14 03:20:06Jun 14 03:20:06 🔔京喜牧场, 结束! 🕛 6.419 秒
 🔔京喜牧场, 结束! 🕛 6.42 秒
Jun 14 03:20:06 
Jun 14 03:20:06 
Jun 14 06:20:00 
Jun 14 06:20:00 🔔京喜牧场, 开始!
Jun 14 06:20:00 您的cookie选择的是用&隔开
Jun 14 06:20:00 
Jun 14 06:20:00 
Jun 14 06:20:00 ====================共有2个京东账号Cookie=========
Jun 14 06:20:00 
Jun 14 06:20:00 
Jun 14 06:20:00 🔔京喜牧场, 开始!
Jun 14 06:20:00 您的cookie选择的是用&隔开
Jun 14 06:20:00 
Jun 14 06:20:00 
Jun 14 06:20:00 ====================共有2个京东账号Cookie=========
Jun 14 06:20:00 
Jun 14 06:20:00 ==================脚本执行- 北京时间(UTC+8)：6/14/2021, 6:20:00 AM=====================
Jun 14 06:20:00 
Jun 14 06:20:00 ==================脚本执行- 北京时间(UTC+8)：6/14/2021, 6:20:00 AM=====================
Jun 14 06:20:00 
Jun 14 06:20:00 京喜牧场
Jun 14 06:20:00 更新时间：2021-6-8
Jun 14 06:20:00 活动入口：京喜APP-我的-京喜牧场
Jun 14 06:20:00 温馨提示：请先手动完成【新手指导任务】再运行脚本
Jun 14 06:20:00 京喜牧场
Jun 14 06:20:00 更新时间：2021-6-8
Jun 14 06:20:00 活动入口：京喜APP-我的-京喜牧场
Jun 14 06:20:00 温馨提示：请先手动完成【新手指导任务】再运行脚本
Jun 14 06:20:00 
Jun 14 06:20:00 *****开始【京东账号1】赛格di*****
Jun 14 06:20:00 
Jun 14 06:20:00 
Jun 14 06:20:00 *****开始【京东账号1】赛格di*****
Jun 14 06:20:00 
Jun 14 06:20:01 
Jun 14 06:20:01 温馨提示：jd_RbuUwXHBNnJR 请先手动完成【新手指导任务】再运行脚本再运行脚本
Jun 14 06:20:01 
Jun 14 06:20:01 
Jun 14 06:20:01 温馨提示：jd_RbuUwXHBNnJR 请先手动完成【新手指导任务】再运行脚本再运行脚本
Jun 14 06:20:01 
Jun 14 06:20:04 
Jun 14 06:20:04 *****开始【京东账号2】了来风*****
Jun 14 06:20:04 
Jun 14 06:20:04 
Jun 14 06:20:04 *****开始【京东账号2】了来风*****
Jun 14 06:20:04 
Jun 14 06:20:04 
Jun 14 06:20:04 温馨提示：jd_fMRfXcJHjROT 请先手动完成【新手指导任务】再运行脚本再运行脚本
Jun 14 06:20:04 
Jun 14 06:20:04 
Jun 14 06:20:04 温馨提示：jd_fMRfXcJHjROT 请先手动完成【新手指导任务】再运行脚本再运行脚本
Jun 14 06:20:04 
Jun 14 06:20:07 
Jun 14 06:20:07 🔔京喜牧场, 结束! 🕛 6.442 秒
Jun 14 06:20:07 
Jun 14 06:20:07 
Jun 14 06:20:07 🔔京喜牧场, 结束! 🕛 6.434 秒
Jun 14 06:20:07 
Jun 14 09:20:00 
Jun 14 09:20:00 🔔京喜牧场, 开始!
Jun 14 09:20:00 
Jun 14 09:20:00 🔔京喜牧场, 开始!
Jun 14 09:20:00 您的cookie选择的是用&隔开
Jun 14 09:20:00 
Jun 14 09:20:00 
Jun 14 09:20:00 ====================共有2个京东账号Cookie=========
Jun 14 09:20:00 
Jun 14 09:20:00 您的cookie选择的是用&隔开
Jun 14 09:20:00 
Jun 14 09:20:00 
Jun 14 09:20:00 ====================共有2个京东账号Cookie=========
Jun 14 09:20:00 
Jun 14 09:20:00 ==================脚本执行- 北京时间(UTC+8)：6/14/2021, 9:20:00 AM=====================
Jun 14 09:20:00 
Jun 14 09:20:00 ==================脚本执行- 北京时间(UTC+8)：6/14/2021, 9:20:00 AM=====================
Jun 14 09:20:00 
Jun 14 09:20:00 京喜牧场
Jun 14 09:20:00 更新时间：2021-6-8
Jun 14 09:20:00 活动入口：京喜APP-我的-京喜牧场
Jun 14 09:20:00 温馨提示：请先手动完成【新手指导任务】再运行脚本
Jun 14 09:20:00 京喜牧场
Jun 14 09:20:00 更新时间：2021-6-8
Jun 14 09:20:00 活动入口：京喜APP-我的-京喜牧场
Jun 14 09:20:00 温馨提示：请先手动完成【新手指导任务】再运行脚本
Jun 14 09:20:00 
Jun 14 09:20:00 *****开始【京东账号1】赛格di*****
Jun 14 09:20:00 
Jun 14 09:20:00 
Jun 14 09:20:00 *****开始【京东账号1】赛格di*****
Jun 14 09:20:00 
Jun 14 09:20:00 
Jun 14 09:20:00 温馨提示：jd_RbuUwXHBNnJR 请先手动完成【新手指导任务】再运行脚本再运行脚本
Jun 14 09:20:00 
Jun 14 09:20:00 
Jun 14 09:20:00 温馨提示：jd_RbuUwXHBNnJR 请先手动完成【新手指导任务】再运行脚本再运行脚本
Jun 14 09:20:00 
Jun 14 09:20:03 
Jun 14 09:20:03 *****开始【京东账号2】了来风*****
Jun 14 09:20:03 
Jun 14 09:20:03 
Jun 14 09:20:03 *****开始【京东账号2】了来风*****
Jun 14 09:20:03 
Jun 14 09:20:03 
Jun 14 09:20:03 温馨提示：jd_fMRfXcJHjROT 请先手动完成【新手指导任务】再运行脚本再运行脚本
Jun 14 09:20:03 
Jun 14 09:20:03 
Jun 14 09:20:03 温馨提示：jd_fMRfXcJHjROT 请先手动完成【新手指导任务】再运行脚本再运行脚本
Jun 14 09:20:03 
Jun 14 09:20:06 
Jun 14 09:20:06 🔔京喜牧场, 结束! 🕛 6.452 秒
Jun 14 09:20:06 
Jun 14 09:20:06 
Jun 14 09:20:06 🔔京喜牧场, 结束! 🕛 6.459 秒
Jun 14 09:20:06 
Jun 14 12:20:00 
Jun 14 12:20:00 🔔京喜牧场, 开始!
Jun 14 12:20:00 
Jun 14 12:20:00 🔔京喜牧场, 开始!
Jun 14 12:20:00 您的cookie选择的是用&隔开
Jun 14 12:20:00 
Jun 14 12:20:00 
Jun 14 12:20:00 ====================共有2个京东账号Cookie=========
Jun 14 12:20:00 
Jun 14 12:20:00 您的cookie选择的是用&隔开
Jun 14 12:20:00 
Jun 14 12:20:00 
Jun 14 12:20:00 ====================共有2个京东账号Cookie=========
Jun 14 12:20:00 
Jun 14 12:20:00Jun 14 12:20:00 ==================脚本执行- 北京时间(UTC+8)：6/14/2021, 12:20:00 PM=====================
 ==================脚本执行- 北京时间(UTC+8)：6/14/2021, 12:20:00 PM=====================
Jun 14 12:20:00Jun 14 12:20:00 
 
Jun 14 12:20:00 京喜牧场
Jun 14 12:20:00 更新时间：2021-6-8
Jun 14 12:20:00 活动入口：京喜APP-我的-京喜牧场
Jun 14 12:20:00 温馨提示：请先手动完成【新手指导任务】再运行脚本
Jun 14 12:20:00 京喜牧场
Jun 14 12:20:00 更新时间：2021-6-8
Jun 14 12:20:00 活动入口：京喜APP-我的-京喜牧场
Jun 14 12:20:00 温馨提示：请先手动完成【新手指导任务】再运行脚本
Jun 14 12:20:00 
Jun 14 12:20:00 *****开始【京东账号1】赛格di*****
Jun 14 12:20:00 
Jun 14 12:20:00 
Jun 14 12:20:00 *****开始【京东账号1】赛格di*****
Jun 14 12:20:00 
Jun 14 12:20:00 
Jun 14 12:20:00 温馨提示：jd_RbuUwXHBNnJR 请先手动完成【新手指导任务】再运行脚本再运行脚本
Jun 14 12:20:00 
Jun 14 12:20:00 
Jun 14 12:20:00 温馨提示：jd_RbuUwXHBNnJR 请先手动完成【新手指导任务】再运行脚本再运行脚本
Jun 14 12:20:00 
Jun 14 12:20:03 
Jun 14 12:20:03 *****开始【京东账号2】了来风*****
Jun 14 12:20:03 
Jun 14 12:20:03 
Jun 14 12:20:03 *****开始【京东账号2】了来风*****
Jun 14 12:20:03 
Jun 14 12:20:03 
Jun 14 12:20:03 温馨提示：jd_fMRfXcJHjROT 请先手动完成【新手指导任务】再运行脚本再运行脚本
Jun 14 12:20:03 
Jun 14 12:20:03 
Jun 14 12:20:03 温馨提示：jd_fMRfXcJHjROT 请先手动完成【新手指导任务】再运行脚本再运行脚本
Jun 14 12:20:03 
Jun 14 12:20:06 
Jun 14 12:20:06 🔔京喜牧场, 结束! 🕛 6.414 秒
Jun 14 12:20:06 
Jun 14 12:20:06 
Jun 14 12:20:06 🔔京喜牧场, 结束! 🕛 6.436 秒
Jun 14 12:20:06 
Jun 14 15:20:00 
Jun 14 15:20:00 🔔京喜牧场, 开始!
Jun 14 15:20:00 您的cookie选择的是用&隔开
Jun 14 15:20:00 
Jun 14 15:20:00 
Jun 14 15:20:00 ====================共有2个京东账号Cookie=========
Jun 14 15:20:00 
Jun 14 15:20:00 
Jun 14 15:20:00 🔔京喜牧场, 开始!
Jun 14 15:20:00 您的cookie选择的是用&隔开
Jun 14 15:20:00 
Jun 14 15:20:00 
Jun 14 15:20:00 ====================共有2个京东账号Cookie=========
Jun 14 15:20:00 
Jun 14 15:20:00 ==================脚本执行- 北京时间(UTC+8)：6/14/2021, 3:20:00 PM=====================
Jun 14 15:20:00 
Jun 14 15:20:00 ==================脚本执行- 北京时间(UTC+8)：6/14/2021, 3:20:00 PM=====================
Jun 14 15:20:00 
Jun 14 15:20:00 京喜牧场
Jun 14 15:20:00 更新时间：2021-6-8
Jun 14 15:20:00 活动入口：京喜APP-我的-京喜牧场
Jun 14 15:20:00 温馨提示：请先手动完成【新手指导任务】再运行脚本
Jun 14 15:20:00 京喜牧场
Jun 14 15:20:00 更新时间：2021-6-8
Jun 14 15:20:00 活动入口：京喜APP-我的-京喜牧场
Jun 14 15:20:00 温馨提示：请先手动完成【新手指导任务】再运行脚本
Jun 14 15:20:01 
Jun 14 15:20:01 *****开始【京东账号1】赛格di*****
Jun 14 15:20:01 
Jun 14 15:20:01 
Jun 14 15:20:01 *****开始【京东账号1】赛格di*****
Jun 14 15:20:01 
Jun 14 15:20:01 
Jun 14 15:20:01 温馨提示：jd_RbuUwXHBNnJR 请先手动完成【新手指导任务】再运行脚本再运行脚本
Jun 14 15:20:01 
Jun 14 15:20:01 
Jun 14 15:20:01 温馨提示：jd_RbuUwXHBNnJR 请先手动完成【新手指导任务】再运行脚本再运行脚本
Jun 14 15:20:01 
Jun 14 15:20:04 
Jun 14 15:20:04 *****开始【京东账号2】了来风*****
Jun 14 15:20:04 
Jun 14 15:20:04 
Jun 14 15:20:04 *****开始【京东账号2】了来风*****
Jun 14 15:20:04 
Jun 14 15:20:04 
Jun 14 15:20:04 温馨提示：jd_fMRfXcJHjROT 请先手动完成【新手指导任务】再运行脚本再运行脚本
Jun 14 15:20:04 
Jun 14 15:20:04 
Jun 14 15:20:04 温馨提示：jd_fMRfXcJHjROT 请先手动完成【新手指导任务】再运行脚本再运行脚本
Jun 14 15:20:04 
Jun 14 15:20:07 
Jun 14 15:20:07 🔔京喜牧场, 结束! 🕛 6.462 秒
Jun 14 15:20:07 
Jun 14 15:20:07 
Jun 14 15:20:07 🔔京喜牧场, 结束! 🕛 6.463 秒
Jun 14 15:20:07 
Jun 14 18:20:00 
Jun 14 18:20:00 🔔京喜牧场, 开始!
Jun 14 18:20:00 您的cookie选择的是用&隔开
Jun 14 18:20:00 
Jun 14 18:20:00 
Jun 14 18:20:00 ====================共有2个京东账号Cookie=========
Jun 14 18:20:00 
Jun 14 18:20:00 
Jun 14 18:20:00 🔔京喜牧场, 开始!
Jun 14 18:20:00 您的cookie选择的是用&隔开
Jun 14 18:20:00 
Jun 14 18:20:00 
Jun 14 18:20:00 ====================共有2个京东账号Cookie=========
Jun 14 18:20:00 
Jun 14 18:20:00 ==================脚本执行- 北京时间(UTC+8)：6/14/2021, 6:20:00 PM=====================
Jun 14 18:20:00 
Jun 14 18:20:00 ==================脚本执行- 北京时间(UTC+8)：6/14/2021, 6:20:00 PM=====================
Jun 14 18:20:00 
Jun 14 18:20:00 京喜牧场
Jun 14 18:20:00 更新时间：2021-6-8
Jun 14 18:20:00 活动入口：京喜APP-我的-京喜牧场
Jun 14 18:20:00 温馨提示：请先手动完成【新手指导任务】再运行脚本
Jun 14 18:20:00 京喜牧场
Jun 14 18:20:00 更新时间：2021-6-8
Jun 14 18:20:00 活动入口：京喜APP-我的-京喜牧场
Jun 14 18:20:00 温馨提示：请先手动完成【新手指导任务】再运行脚本
Jun 14 18:20:00 
Jun 14 18:20:00 *****开始【京东账号1】赛格di*****
Jun 14 18:20:00 
Jun 14 18:20:00 
Jun 14 18:20:00 *****开始【京东账号1】赛格di*****
Jun 14 18:20:00 
Jun 14 18:20:00 
Jun 14 18:20:00 温馨提示：jd_RbuUwXHBNnJR 请先手动完成【新手指导任务】再运行脚本再运行脚本
Jun 14 18:20:00 
Jun 14 18:20:00 
Jun 14 18:20:00 温馨提示：jd_RbuUwXHBNnJR 请先手动完成【新手指导任务】再运行脚本再运行脚本
Jun 14 18:20:00 
Jun 14 18:20:03 
Jun 14 18:20:03 *****开始【京东账号2】了来风*****
Jun 14 18:20:03 
Jun 14 18:20:03 
Jun 14 18:20:03 *****开始【京东账号2】了来风*****
Jun 14 18:20:03 
Jun 14 18:20:03 
Jun 14 18:20:03 温馨提示：jd_fMRfXcJHjROT 请先手动完成【新手指导任务】再运行脚本再运行脚本
Jun 14 18:20:03 
Jun 14 18:20:03 
Jun 14 18:20:03 温馨提示：jd_fMRfXcJHjROT 请先手动完成【新手指导任务】再运行脚本再运行脚本
Jun 14 18:20:03 
Jun 14 18:20:06 
Jun 14 18:20:06 🔔京喜牧场, 结束! 🕛 6.424 秒
Jun 14 18:20:06 
Jun 14 18:20:06 
Jun 14 18:20:06 🔔京喜牧场, 结束! 🕛 6.432 秒
Jun 14 18:20:06 
Jun 14 21:20:00 
Jun 14 21:20:00 🔔京喜牧场, 开始!
Jun 14 21:20:00 您的cookie选择的是用&隔开
Jun 14 21:20:00 
Jun 14 21:20:00 
Jun 14 21:20:00 ====================共有2个京东账号Cookie=========
Jun 14 21:20:00 
Jun 14 21:20:00 
Jun 14 21:20:00 🔔京喜牧场, 开始!
Jun 14 21:20:00 您的cookie选择的是用&隔开
Jun 14 21:20:00 
Jun 14 21:20:00 
Jun 14 21:20:00 ====================共有2个京东账号Cookie=========
Jun 14 21:20:00 
Jun 14 21:20:00 ==================脚本执行- 北京时间(UTC+8)：6/14/2021, 9:20:00 PM=====================
Jun 14 21:20:00 
Jun 14 21:20:00 ==================脚本执行- 北京时间(UTC+8)：6/14/2021, 9:20:00 PM=====================
Jun 14 21:20:00 
Jun 14 21:20:00 京喜牧场
Jun 14 21:20:00 更新时间：2021-6-8
Jun 14 21:20:00 活动入口：京喜APP-我的-京喜牧场
Jun 14 21:20:00 温馨提示：请先手动完成【新手指导任务】再运行脚本
Jun 14 21:20:00 京喜牧场
Jun 14 21:20:00 更新时间：2021-6-8
Jun 14 21:20:00 活动入口：京喜APP-我的-京喜牧场
Jun 14 21:20:00 温馨提示：请先手动完成【新手指导任务】再运行脚本
Jun 14 21:20:00 
Jun 14 21:20:00 *****开始【京东账号1】赛格di*****
Jun 14 21:20:00 
Jun 14 21:20:00 
Jun 14 21:20:00 *****开始【京东账号1】赛格di*****
Jun 14 21:20:00 
Jun 14 21:20:00 
Jun 14 21:20:00 温馨提示：jd_RbuUwXHBNnJR 请先手动完成【新手指导任务】再运行脚本再运行脚本
Jun 14 21:20:00 
Jun 14 21:20:00 
Jun 14 21:20:00 温馨提示：jd_RbuUwXHBNnJR 请先手动完成【新手指导任务】再运行脚本再运行脚本
Jun 14 21:20:00 
Jun 14 21:20:04 
Jun 14 21:20:04 *****开始【京东账号2】了来风*****
Jun 14 21:20:04 
Jun 14 21:20:04 
Jun 14 21:20:04 *****开始【京东账号2】了来风*****
Jun 14 21:20:04 
Jun 14 21:20:04 
Jun 14 21:20:04 温馨提示：jd_fMRfXcJHjROT 请先手动完成【新手指导任务】再运行脚本再运行脚本
Jun 14 21:20:04 
Jun 14 21:20:04 
Jun 14 21:20:04 温馨提示：jd_fMRfXcJHjROT 请先手动完成【新手指导任务】再运行脚本再运行脚本
Jun 14 21:20:04 
Jun 14 21:20:07 
Jun 14 21:20:07 🔔京喜牧场, 结束! 🕛 6.44 秒
Jun 14 21:20:07 
Jun 14 21:20:07 
Jun 14 21:20:07 🔔京喜牧场, 结束! 🕛 6.442 秒
Jun 14 21:20:07 
Jun 15 00:20:00 
Jun 15 00:20:00 🔔京喜牧场, 开始!
Jun 15 00:20:00 您的cookie选择的是用&隔开
Jun 15 00:20:00 
Jun 15 00:20:00 
Jun 15 00:20:00 ====================共有2个京东账号Cookie=========
Jun 15 00:20:00 
Jun 15 00:20:00 
Jun 15 00:20:00 🔔京喜牧场, 开始!
Jun 15 00:20:00 您的cookie选择的是用&隔开
Jun 15 00:20:00 
Jun 15 00:20:00 
Jun 15 00:20:00 ====================共有2个京东账号Cookie=========
Jun 15 00:20:00 
Jun 15 00:20:00 ==================脚本执行- 北京时间(UTC+8)：6/15/2021, 12:20:00 AM=====================
Jun 15 00:20:00 
Jun 15 00:20:00 ==================脚本执行- 北京时间(UTC+8)：6/15/2021, 12:20:00 AM=====================
Jun 15 00:20:00 
Jun 15 00:20:00 京喜牧场
Jun 15 00:20:00 更新时间：2021-6-8
Jun 15 00:20:00 活动入口：京喜APP-我的-京喜牧场
Jun 15 00:20:00 温馨提示：请先手动完成【新手指导任务】再运行脚本
Jun 15 00:20:00 京喜牧场
Jun 15 00:20:00 更新时间：2021-6-8
Jun 15 00:20:00 活动入口：京喜APP-我的-京喜牧场
Jun 15 00:20:00 温馨提示：请先手动完成【新手指导任务】再运行脚本
Jun 15 00:20:01 
Jun 15 00:20:01 *****开始【京东账号1】赛格di*****
Jun 15 00:20:01 
Jun 15 00:20:01 
Jun 15 00:20:01 *****开始【京东账号1】赛格di*****
Jun 15 00:20:01 
Jun 15 00:20:01 
Jun 15 00:20:01 温馨提示：jd_RbuUwXHBNnJR 请先手动完成【新手指导任务】再运行脚本再运行脚本
Jun 15 00:20:01 
Jun 15 00:20:01 
Jun 15 00:20:01 温馨提示：jd_RbuUwXHBNnJR 请先手动完成【新手指导任务】再运行脚本再运行脚本
Jun 15 00:20:01 
Jun 15 00:20:04 
Jun 15 00:20:04 *****开始【京东账号2】了来风*****
Jun 15 00:20:04 
Jun 15 00:20:04 
Jun 15 00:20:04 *****开始【京东账号2】了来风*****
Jun 15 00:20:04 
Jun 15 00:20:04 
Jun 15 00:20:04 温馨提示：jd_fMRfXcJHjROT 请先手动完成【新手指导任务】再运行脚本再运行脚本
Jun 15 00:20:04 
Jun 15 00:20:04 
Jun 15 00:20:04 温馨提示：jd_fMRfXcJHjROT 请先手动完成【新手指导任务】再运行脚本再运行脚本
Jun 15 00:20:04 
Jun 15 00:20:07 
Jun 15 00:20:07 🔔京喜牧场, 结束! 🕛 6.457 秒
Jun 15 00:20:07 
Jun 15 00:20:07 
Jun 15 00:20:07 🔔京喜牧场, 结束! 🕛 6.452 秒
Jun 15 00:20:07 
Jun 15 03:20:00 
Jun 15 03:20:00 🔔京喜牧场, 开始!
Jun 15 03:20:00 您的cookie选择的是用&隔开
Jun 15 03:20:00 
Jun 15 03:20:00 
Jun 15 03:20:00 ====================共有2个京东账号Cookie=========
Jun 15 03:20:00 
Jun 15 03:20:00 
Jun 15 03:20:00 🔔京喜牧场, 开始!
Jun 15 03:20:00 您的cookie选择的是用&隔开
Jun 15 03:20:00 
Jun 15 03:20:00 
Jun 15 03:20:00 ====================共有2个京东账号Cookie=========
Jun 15 03:20:00 
Jun 15 03:20:00 ==================脚本执行- 北京时间(UTC+8)：6/15/2021, 3:20:00 AM=====================
Jun 15 03:20:00 
Jun 15 03:20:00 ==================脚本执行- 北京时间(UTC+8)：6/15/2021, 3:20:00 AM=====================
Jun 15 03:20:00 
Jun 15 03:20:00 京喜牧场
Jun 15 03:20:00 更新时间：2021-6-8
Jun 15 03:20:00 活动入口：京喜APP-我的-京喜牧场
Jun 15 03:20:00 温馨提示：请先手动完成【新手指导任务】再运行脚本
Jun 15 03:20:00 京喜牧场
Jun 15 03:20:00 更新时间：2021-6-8
Jun 15 03:20:00 活动入口：京喜APP-我的-京喜牧场
Jun 15 03:20:00 温馨提示：请先手动完成【新手指导任务】再运行脚本
Jun 15 03:20:00 
Jun 15 03:20:00 *****开始【京东账号1】赛格di*****
Jun 15 03:20:00 
Jun 15 03:20:00 
Jun 15 03:20:00 *****开始【京东账号1】赛格di*****
Jun 15 03:20:00 
Jun 15 03:20:00 
Jun 15 03:20:00 温馨提示：jd_RbuUwXHBNnJR 请先手动完成【新手指导任务】再运行脚本再运行脚本
Jun 15 03:20:00 
Jun 15 03:20:00 
Jun 15 03:20:00 温馨提示：jd_RbuUwXHBNnJR 请先手动完成【新手指导任务】再运行脚本再运行脚本
Jun 15 03:20:00 
Jun 15 03:20:03 
Jun 15 03:20:03 *****开始【京东账号2】了来风*****
Jun 15 03:20:03 
Jun 15 03:20:03 
Jun 15 03:20:03 *****开始【京东账号2】了来风*****
Jun 15 03:20:03 
Jun 15 03:20:03 
Jun 15 03:20:03 温馨提示：jd_fMRfXcJHjROT 请先手动完成【新手指导任务】再运行脚本再运行脚本
Jun 15 03:20:03 
Jun 15 03:20:03 
Jun 15 03:20:03 温馨提示：jd_fMRfXcJHjROT 请先手动完成【新手指导任务】再运行脚本再运行脚本
Jun 15 03:20:03 
Jun 15 03:20:06 
Jun 15 03:20:06 🔔京喜牧场, 结束! 🕛 6.452 秒
Jun 15 03:20:06 
Jun 15 03:20:06 
Jun 15 03:20:06 🔔京喜牧场, 结束! 🕛 6.454 秒
Jun 15 03:20:06 
Jun 15 06:20:00 
Jun 15 06:20:00 🔔京喜牧场, 开始!
Jun 15 06:20:00 
Jun 15 06:20:00 🔔京喜牧场, 开始!
Jun 15 06:20:00 您的cookie选择的是用&隔开
Jun 15 06:20:00 
Jun 15 06:20:00 
Jun 15 06:20:00 ====================共有2个京东账号Cookie=========
Jun 15 06:20:00 
Jun 15 06:20:00 您的cookie选择的是用&隔开
Jun 15 06:20:00 
Jun 15 06:20:00 
Jun 15 06:20:00 ====================共有2个京东账号Cookie=========
Jun 15 06:20:00 
Jun 15 06:20:00 ==================脚本执行- 北京时间(UTC+8)：6/15/2021, 6:20:00 AM=====================
Jun 15 06:20:00 
Jun 15 06:20:00 ==================脚本执行- 北京时间(UTC+8)：6/15/2021, 6:20:00 AM=====================
Jun 15 06:20:00 
Jun 15 06:20:00 京喜牧场
Jun 15 06:20:00 更新时间：2021-6-8
Jun 15 06:20:00 活动入口：京喜APP-我的-京喜牧场
Jun 15 06:20:00 温馨提示：请先手动完成【新手指导任务】再运行脚本
Jun 15 06:20:00 京喜牧场
Jun 15 06:20:00 更新时间：2021-6-8
Jun 15 06:20:00 活动入口：京喜APP-我的-京喜牧场
Jun 15 06:20:00 温馨提示：请先手动完成【新手指导任务】再运行脚本
Jun 15 06:20:00 
Jun 15 06:20:00 *****开始【京东账号1】赛格di*****
Jun 15 06:20:00 
Jun 15 06:20:00 
Jun 15 06:20:00 *****开始【京东账号1】赛格di*****
Jun 15 06:20:00 
Jun 15 06:20:00 
Jun 15 06:20:00 温馨提示：jd_RbuUwXHBNnJR 请先手动完成【新手指导任务】再运行脚本再运行脚本
Jun 15 06:20:00 
Jun 15 06:20:00 
Jun 15 06:20:00 温馨提示：jd_RbuUwXHBNnJR 请先手动完成【新手指导任务】再运行脚本再运行脚本
Jun 15 06:20:00 
Jun 15 06:20:03 
Jun 15 06:20:03 *****开始【京东账号2】了来风*****
Jun 15 06:20:03 
Jun 15 06:20:03 
Jun 15 06:20:03 *****开始【京东账号2】了来风*****
Jun 15 06:20:03 
Jun 15 06:20:03 
Jun 15 06:20:03 温馨提示：jd_fMRfXcJHjROT 请先手动完成【新手指导任务】再运行脚本再运行脚本
Jun 15 06:20:03 
Jun 15 06:20:03 
Jun 15 06:20:03 温馨提示：jd_fMRfXcJHjROT 请先手动完成【新手指导任务】再运行脚本再运行脚本
Jun 15 06:20:03 
Jun 15 06:20:06 
Jun 15 06:20:06 🔔京喜牧场, 结束! 🕛 6.407 秒
Jun 15 06:20:06 
Jun 15 06:20:06 
Jun 15 06:20:06 🔔京喜牧场, 结束! 🕛 6.426 秒
Jun 15 06:20:06 
Jun 15 09:20:00 
Jun 15 09:20:00 🔔京喜牧场, 开始!
Jun 15 09:20:00 
Jun 15 09:20:00 🔔京喜牧场, 开始!
Jun 15 09:20:00 您的cookie选择的是用&隔开
Jun 15 09:20:00 
Jun 15 09:20:00 
Jun 15 09:20:00 ====================共有2个京东账号Cookie=========
Jun 15 09:20:00 
Jun 15 09:20:00 您的cookie选择的是用&隔开
Jun 15 09:20:00 
Jun 15 09:20:00 
Jun 15 09:20:00 ====================共有2个京东账号Cookie=========
Jun 15 09:20:00 
Jun 15 09:20:00 ==================脚本执行- 北京时间(UTC+8)：6/15/2021, 9:20:00 AM=====================
Jun 15 09:20:00Jun 15 09:20:00 ==================脚本执行- 北京时间(UTC+8)：6/15/2021, 9:20:00 AM=====================
 
Jun 15 09:20:00 
Jun 15 09:20:01 京喜牧场
Jun 15 09:20:01 更新时间：2021-6-8
Jun 15 09:20:01 活动入口：京喜APP-我的-京喜牧场
Jun 15 09:20:01 温馨提示：请先手动完成【新手指导任务】再运行脚本
Jun 15 09:20:01 京喜牧场
Jun 15 09:20:01 更新时间：2021-6-8
Jun 15 09:20:01 活动入口：京喜APP-我的-京喜牧场
Jun 15 09:20:01 温馨提示：请先手动完成【新手指导任务】再运行脚本
Jun 15 09:20:01 
Jun 15 09:20:01 *****开始【京东账号1】赛格di*****
Jun 15 09:20:01 
Jun 15 09:20:01 
Jun 15 09:20:01 *****开始【京东账号1】赛格di*****
Jun 15 09:20:01 
Jun 15 09:20:01 
Jun 15 09:20:01 温馨提示：jd_RbuUwXHBNnJR 请先手动完成【新手指导任务】再运行脚本再运行脚本
Jun 15 09:20:01 
Jun 15 09:20:01 
Jun 15 09:20:01 温馨提示：jd_RbuUwXHBNnJR 请先手动完成【新手指导任务】再运行脚本再运行脚本
Jun 15 09:20:01 
Jun 15 09:20:04 
Jun 15 09:20:04 *****开始【京东账号2】了来风*****
Jun 15 09:20:04 
Jun 15 09:20:04 
Jun 15 09:20:04 *****开始【京东账号2】了来风*****
Jun 15 09:20:04 
Jun 15 09:20:04 
Jun 15 09:20:04 温馨提示：jd_fMRfXcJHjROT 请先手动完成【新手指导任务】再运行脚本再运行脚本
Jun 15 09:20:04 
Jun 15 09:20:04 
Jun 15 09:20:04 温馨提示：jd_fMRfXcJHjROT 请先手动完成【新手指导任务】再运行脚本再运行脚本
Jun 15 09:20:04 
Jun 15 09:20:07 
Jun 15 09:20:07 🔔京喜牧场, 结束! 🕛 6.437 秒
Jun 15 09:20:07 
Jun 15 09:20:07 
Jun 15 09:20:07 🔔京喜牧场, 结束! 🕛 6.442 秒
Jun 15 09:20:07 
Jun 15 12:20:00 
Jun 15 12:20:00 🔔京喜牧场, 开始!
Jun 15 12:20:00 您的cookie选择的是用&隔开
Jun 15 12:20:00 
Jun 15 12:20:00 
Jun 15 12:20:00 ====================共有2个京东账号Cookie=========
Jun 15 12:20:00 
Jun 15 12:20:00 
Jun 15 12:20:00 🔔京喜牧场, 开始!
Jun 15 12:20:00 您的cookie选择的是用&隔开
Jun 15 12:20:00 
Jun 15 12:20:00 
Jun 15 12:20:00 ====================共有2个京东账号Cookie=========
Jun 15 12:20:00 
Jun 15 12:20:00 ==================脚本执行- 北京时间(UTC+8)：6/15/2021, 12:20:00 PM=====================
Jun 15 12:20:00 
Jun 15 12:20:00 ==================脚本执行- 北京时间(UTC+8)：6/15/2021, 12:20:00 PM=====================
Jun 15 12:20:00 
Jun 15 12:20:01 京喜牧场
Jun 15 12:20:01 更新时间：2021-6-8
Jun 15 12:20:01 活动入口：京喜APP-我的-京喜牧场
Jun 15 12:20:01 温馨提示：请先手动完成【新手指导任务】再运行脚本
Jun 15 12:20:01 京喜牧场
Jun 15 12:20:01 更新时间：2021-6-8
Jun 15 12:20:01 活动入口：京喜APP-我的-京喜牧场
Jun 15 12:20:01 温馨提示：请先手动完成【新手指导任务】再运行脚本
Jun 15 12:20:01 
Jun 15 12:20:01 *****开始【京东账号1】赛格di*****
Jun 15 12:20:01 
Jun 15 12:20:01 
Jun 15 12:20:01 *****开始【京东账号1】赛格di*****
Jun 15 12:20:01 
Jun 15 12:20:01 
Jun 15 12:20:01 温馨提示：jd_RbuUwXHBNnJR 请先手动完成【新手指导任务】再运行脚本再运行脚本
Jun 15 12:20:01 
Jun 15 12:20:01 
Jun 15 12:20:01 温馨提示：jd_RbuUwXHBNnJR 请先手动完成【新手指导任务】再运行脚本再运行脚本
Jun 15 12:20:01 
Jun 15 12:20:04 
Jun 15 12:20:04 *****开始【京东账号2】了来风*****
Jun 15 12:20:04 
Jun 15 12:20:04 
Jun 15 12:20:04 *****开始【京东账号2】了来风*****
Jun 15 12:20:04 
Jun 15 12:20:04 
Jun 15 12:20:04 温馨提示：jd_fMRfXcJHjROT 请先手动完成【新手指导任务】再运行脚本再运行脚本
Jun 15 12:20:04 
Jun 15 12:20:04 
Jun 15 12:20:04 温馨提示：jd_fMRfXcJHjROT 请先手动完成【新手指导任务】再运行脚本再运行脚本
Jun 15 12:20:04 
Jun 15 12:20:07 
Jun 15 12:20:07 🔔京喜牧场, 结束! 🕛 6.433 秒
Jun 15 12:20:07 
Jun 15 12:20:07 
Jun 15 12:20:07 🔔京喜牧场, 结束! 🕛 6.482 秒
Jun 15 12:20:07 
Jun 15 15:20:00 
Jun 15 15:20:00 🔔京喜牧场, 开始!
Jun 15 15:20:00 
Jun 15 15:20:00 🔔京喜牧场, 开始!
Jun 15 15:20:00 您的cookie选择的是用&隔开
Jun 15 15:20:00 
Jun 15 15:20:00 
Jun 15 15:20:00 ====================共有2个京东账号Cookie=========
Jun 15 15:20:00Jun 15 15:20:00 您的cookie选择的是用&隔开
 
Jun 15 15:20:00 
Jun 15 15:20:00 
Jun 15 15:20:00 ====================共有2个京东账号Cookie=========
Jun 15 15:20:00 
Jun 15 15:20:00Jun 15 15:20:00 ==================脚本执行- 北京时间(UTC+8)：6/15/2021, 3:20:00 PM=====================
 ==================脚本执行- 北京时间(UTC+8)：6/15/2021, 3:20:00 PM=====================
Jun 15 15:20:00Jun 15 15:20:00 
 
Jun 15 15:20:00 京喜牧场
Jun 15 15:20:00 更新时间：2021-6-8
Jun 15 15:20:00 活动入口：京喜APP-我的-京喜牧场
Jun 15 15:20:00 温馨提示：请先手动完成【新手指导任务】再运行脚本
Jun 15 15:20:00 京喜牧场
Jun 15 15:20:00 更新时间：2021-6-8
Jun 15 15:20:00 活动入口：京喜APP-我的-京喜牧场
Jun 15 15:20:00 温馨提示：请先手动完成【新手指导任务】再运行脚本
Jun 15 15:20:00 
Jun 15 15:20:00 *****开始【京东账号1】赛格di*****
Jun 15 15:20:00 
Jun 15 15:20:00 
Jun 15 15:20:00 *****开始【京东账号1】赛格di*****
Jun 15 15:20:00 
Jun 15 15:20:00 
Jun 15 15:20:00 温馨提示：jd_RbuUwXHBNnJR 请先手动完成【新手指导任务】再运行脚本再运行脚本
Jun 15 15:20:00 
Jun 15 15:20:00 
Jun 15 15:20:00 温馨提示：jd_RbuUwXHBNnJR 请先手动完成【新手指导任务】再运行脚本再运行脚本
Jun 15 15:20:00 
Jun 15 15:20:03 
Jun 15 15:20:03 *****开始【京东账号2】了来风*****
Jun 15 15:20:03 
Jun 15 15:20:03 
Jun 15 15:20:03 *****开始【京东账号2】了来风*****
Jun 15 15:20:03 
Jun 15 15:20:03 
Jun 15 15:20:03 温馨提示：jd_fMRfXcJHjROT 请先手动完成【新手指导任务】再运行脚本再运行脚本
Jun 15 15:20:03 
Jun 15 15:20:03 
Jun 15 15:20:03 温馨提示：jd_fMRfXcJHjROT 请先手动完成【新手指导任务】再运行脚本再运行脚本
Jun 15 15:20:03 
Jun 15 15:20:06 
Jun 15 15:20:06 🔔京喜牧场, 结束! 🕛 6.473 秒
Jun 15 15:20:06 
Jun 15 15:20:06 
Jun 15 15:20:06 🔔京喜牧场, 结束! 🕛 6.475 秒
Jun 15 15:20:06 
