Jun 14 00:35:00 
Jun 14 00:35:00 🔔宠汪汪🐕喂食, 开始!
Jun 14 00:35:00 您的cookie选择的是用&隔开
Jun 14 00:35:00 
Jun 14 00:35:00 
Jun 14 00:35:00 ====================共有2个京东账号Cookie=========
Jun 14 00:35:00 
Jun 14 00:35:00 
Jun 14 00:35:00 🔔宠汪汪🐕喂食, 开始!
Jun 14 00:35:00 您的cookie选择的是用&隔开
Jun 14 00:35:00 
Jun 14 00:35:00 
Jun 14 00:35:00 ====================共有2个京东账号Cookie=========
Jun 14 00:35:00 
Jun 14 00:35:00 ==================脚本执行- 北京时间(UTC+8)：6/14/2021, 12:35:00 AM=====================
Jun 14 00:35:00 
Jun 14 00:35:00 ==================脚本执行- 北京时间(UTC+8)：6/14/2021, 12:35:00 AM=====================
Jun 14 00:35:00 
Jun 14 00:35:00 您设置的喂食数量::80g
Jun 14 00:35:00 
Jun 14 00:35:00 实际的喂食数量::80g
Jun 14 00:35:00 
Jun 14 00:35:00 您设置的喂食数量::80g
Jun 14 00:35:00 
Jun 14 00:35:00 实际的喂食数量::80g
Jun 14 00:35:00 
Jun 14 00:35:00 喂食失败：正在食用
Jun 14 00:35:00 喂食成功
Jun 14 00:35:00 
Jun 14 00:35:00 【喂食失败】您的汪汪正在食用
Jun 14 00:35:00 
Jun 14 00:35:00 
Jun 14 00:35:00 
Jun 14 00:35:00 【喂食成功】80g
Jun 14 00:35:00 
Jun 14 00:35:00 
Jun 14 00:35:00 您设置的喂食数量::80g
Jun 14 00:35:00 
Jun 14 00:35:00 实际的喂食数量::80g
Jun 14 00:35:00 
Jun 14 00:35:00 您设置的喂食数量::80g
Jun 14 00:35:00 
Jun 14 00:35:00 实际的喂食数量::80g
Jun 14 00:35:00 
Jun 14 00:35:00 喂食失败：正在食用
Jun 14 00:35:00 喂食成功
Jun 14 00:35:00 
Jun 14 00:35:00 【喂食失败】您的汪汪正在食用
Jun 14 00:35:00 
Jun 14 00:35:00 
Jun 14 00:35:00 
Jun 14 00:35:00 🔔宠汪汪🐕喂食, 结束! 🕛 0.579 秒
Jun 14 00:35:00 
Jun 14 00:35:00 
Jun 14 00:35:00 【喂食成功】80g
Jun 14 00:35:00 
Jun 14 00:35:00 
Jun 14 00:35:00 
Jun 14 00:35:00 🔔宠汪汪🐕喂食, 结束! 🕛 0.635 秒
Jun 14 00:35:00 
Jun 14 01:35:00 
Jun 14 01:35:00 🔔宠汪汪🐕喂食, 开始!
Jun 14 01:35:00 
Jun 14 01:35:00 🔔宠汪汪🐕喂食, 开始!
Jun 14 01:35:00 您的cookie选择的是用&隔开
Jun 14 01:35:00 
Jun 14 01:35:00 
Jun 14 01:35:00 ====================共有2个京东账号Cookie=========
Jun 14 01:35:00 
Jun 14 01:35:00 您的cookie选择的是用&隔开
Jun 14 01:35:00 
Jun 14 01:35:00 
Jun 14 01:35:00 ====================共有2个京东账号Cookie=========
Jun 14 01:35:00 
Jun 14 01:35:00 ==================脚本执行- 北京时间(UTC+8)：6/14/2021, 1:35:00 AM=====================
Jun 14 01:35:00 
Jun 14 01:35:00 ==================脚本执行- 北京时间(UTC+8)：6/14/2021, 1:35:00 AM=====================
Jun 14 01:35:00 
Jun 14 01:35:00 您设置的喂食数量::80g
Jun 14 01:35:00 
Jun 14 01:35:00 实际的喂食数量::80g
Jun 14 01:35:00 
Jun 14 01:35:00 您设置的喂食数量::80g
Jun 14 01:35:00 
Jun 14 01:35:00 实际的喂食数量::80g
Jun 14 01:35:00 
Jun 14 01:35:00 喂食失败：正在食用
Jun 14 01:35:00 喂食失败：正在食用
Jun 14 01:35:00 
Jun 14 01:35:00 【喂食失败】您的汪汪正在食用
Jun 14 01:35:00 
Jun 14 01:35:00 
Jun 14 01:35:00 
Jun 14 01:35:00 【喂食失败】您的汪汪正在食用
Jun 14 01:35:00 
Jun 14 01:35:00 
Jun 14 01:35:00 您设置的喂食数量::80g
Jun 14 01:35:00 
Jun 14 01:35:00 实际的喂食数量::80g
Jun 14 01:35:00 
Jun 14 01:35:00 您设置的喂食数量::80g
Jun 14 01:35:00 
Jun 14 01:35:00 实际的喂食数量::80g
Jun 14 01:35:00 
Jun 14 01:35:01 喂食失败：正在食用
Jun 14 01:35:01 喂食失败：正在食用
Jun 14 01:35:01 
Jun 14 01:35:01 【喂食失败】您的汪汪正在食用
Jun 14 01:35:01 
Jun 14 01:35:01 
Jun 14 01:35:01 
Jun 14 01:35:01 🔔宠汪汪🐕喂食, 结束! 🕛 0.584 秒
Jun 14 01:35:01 
Jun 14 01:35:01 
Jun 14 01:35:01 【喂食失败】您的汪汪正在食用
Jun 14 01:35:01 
Jun 14 01:35:01 
Jun 14 01:35:01 
Jun 14 01:35:01 🔔宠汪汪🐕喂食, 结束! 🕛 0.588 秒
Jun 14 01:35:01 
Jun 14 02:35:00 
Jun 14 02:35:00 🔔宠汪汪🐕喂食, 开始!
Jun 14 02:35:00 您的cookie选择的是用&隔开
Jun 14 02:35:00 
Jun 14 02:35:00 
Jun 14 02:35:00 ====================共有2个京东账号Cookie=========
Jun 14 02:35:00 
Jun 14 02:35:00 
Jun 14 02:35:00 🔔宠汪汪🐕喂食, 开始!
Jun 14 02:35:00 您的cookie选择的是用&隔开
Jun 14 02:35:00 
Jun 14 02:35:00 
Jun 14 02:35:00 ====================共有2个京东账号Cookie=========
Jun 14 02:35:00 
Jun 14 02:35:00 ==================脚本执行- 北京时间(UTC+8)：6/14/2021, 2:35:00 AM=====================
Jun 14 02:35:00 
Jun 14 02:35:00 ==================脚本执行- 北京时间(UTC+8)：6/14/2021, 2:35:00 AM=====================
Jun 14 02:35:00 
Jun 14 02:35:00 您设置的喂食数量::80g
Jun 14 02:35:00 
Jun 14 02:35:00 实际的喂食数量::80g
Jun 14 02:35:00 
Jun 14 02:35:00 您设置的喂食数量::80g
Jun 14 02:35:00 
Jun 14 02:35:00 实际的喂食数量::80g
Jun 14 02:35:00 
Jun 14 02:35:00 喂食失败：正在食用
Jun 14 02:35:00 喂食失败：正在食用
Jun 14 02:35:00 
Jun 14 02:35:00 【喂食失败】您的汪汪正在食用
Jun 14 02:35:00 
Jun 14 02:35:00 
Jun 14 02:35:00 
Jun 14 02:35:00 【喂食失败】您的汪汪正在食用
Jun 14 02:35:00 
Jun 14 02:35:00 
Jun 14 02:35:00 您设置的喂食数量::80g
Jun 14 02:35:00 
Jun 14 02:35:00 实际的喂食数量::80g
Jun 14 02:35:00 
Jun 14 02:35:00 您设置的喂食数量::80g
Jun 14 02:35:00 
Jun 14 02:35:00 实际的喂食数量::80g
Jun 14 02:35:00 
Jun 14 02:35:01 喂食失败：正在食用
Jun 14 02:35:01 喂食失败：正在食用
Jun 14 02:35:01 
Jun 14 02:35:01 【喂食失败】您的汪汪正在食用
Jun 14 02:35:01 
Jun 14 02:35:01 
Jun 14 02:35:01 
Jun 14 02:35:01 🔔宠汪汪🐕喂食, 结束! 🕛 0.555 秒
Jun 14 02:35:01 
Jun 14 02:35:01 
Jun 14 02:35:01 【喂食失败】您的汪汪正在食用
Jun 14 02:35:01 
Jun 14 02:35:01 
Jun 14 02:35:01 
Jun 14 02:35:01 🔔宠汪汪🐕喂食, 结束! 🕛 0.575 秒
Jun 14 02:35:01 
Jun 14 03:35:00 
Jun 14 03:35:00 🔔宠汪汪🐕喂食, 开始!
Jun 14 03:35:00 您的cookie选择的是用&隔开
Jun 14 03:35:00 
Jun 14 03:35:00 
Jun 14 03:35:00 ====================共有2个京东账号Cookie=========
Jun 14 03:35:00 
Jun 14 03:35:00 
Jun 14 03:35:00 🔔宠汪汪🐕喂食, 开始!
Jun 14 03:35:00 您的cookie选择的是用&隔开
Jun 14 03:35:00 
Jun 14 03:35:00 
Jun 14 03:35:00 ====================共有2个京东账号Cookie=========
Jun 14 03:35:00 
Jun 14 03:35:00 ==================脚本执行- 北京时间(UTC+8)：6/14/2021, 3:35:00 AM=====================
Jun 14 03:35:00 
Jun 14 03:35:00 ==================脚本执行- 北京时间(UTC+8)：6/14/2021, 3:35:00 AM=====================
Jun 14 03:35:00 
Jun 14 03:35:00 您设置的喂食数量::80g
Jun 14 03:35:00 
Jun 14 03:35:00 实际的喂食数量::80g
Jun 14 03:35:00 
Jun 14 03:35:00 您设置的喂食数量::80g
Jun 14 03:35:00 
Jun 14 03:35:00 实际的喂食数量::80g
Jun 14 03:35:00 
Jun 14 03:35:00 喂食失败：正在食用
Jun 14 03:35:00 喂食成功
Jun 14 03:35:00 
Jun 14 03:35:00 【喂食失败】您的汪汪正在食用
Jun 14 03:35:00 
Jun 14 03:35:00 
Jun 14 03:35:00 
Jun 14 03:35:00 【喂食成功】80g
Jun 14 03:35:00 
Jun 14 03:35:00 
Jun 14 03:35:01 您设置的喂食数量::80g
Jun 14 03:35:01 
Jun 14 03:35:01 实际的喂食数量::80g
Jun 14 03:35:01 
Jun 14 03:35:01 您设置的喂食数量::80g
Jun 14 03:35:01 
Jun 14 03:35:01 实际的喂食数量::80g
Jun 14 03:35:01 
Jun 14 03:35:01 喂食失败：正在食用
Jun 14 03:35:01 其他状态level_upgrade
Jun 14 03:35:01 
Jun 14 03:35:01 【喂食失败】您的汪汪正在食用
Jun 14 03:35:01 
Jun 14 03:35:01 
Jun 14 03:35:01 
Jun 14 03:35:01 🔔宠汪汪🐕喂食, 结束! 🕛 0.575 秒
Jun 14 03:35:01 
Jun 14 03:35:01 
Jun 14 03:35:01 
Jun 14 03:35:01 
Jun 14 03:35:01 
Jun 14 03:35:01 🔔宠汪汪🐕喂食, 结束! 🕛 0.605 秒
Jun 14 03:35:01 
Jun 14 04:35:00 
Jun 14 04:35:00 🔔宠汪汪🐕喂食, 开始!
Jun 14 04:35:00 您的cookie选择的是用&隔开
Jun 14 04:35:00 
Jun 14 04:35:00 
Jun 14 04:35:00 ====================共有2个京东账号Cookie=========
Jun 14 04:35:00 
Jun 14 04:35:00 
Jun 14 04:35:00 🔔宠汪汪🐕喂食, 开始!
Jun 14 04:35:00 您的cookie选择的是用&隔开
Jun 14 04:35:00 
Jun 14 04:35:00 
Jun 14 04:35:00 ====================共有2个京东账号Cookie=========
Jun 14 04:35:00 
Jun 14 04:35:00 ==================脚本执行- 北京时间(UTC+8)：6/14/2021, 4:35:00 AM=====================
Jun 14 04:35:00 
Jun 14 04:35:00 ==================脚本执行- 北京时间(UTC+8)：6/14/2021, 4:35:00 AM=====================
Jun 14 04:35:00 
Jun 14 04:35:00 您设置的喂食数量::80g
Jun 14 04:35:00 
Jun 14 04:35:00 实际的喂食数量::80g
Jun 14 04:35:00 
Jun 14 04:35:00 您设置的喂食数量::80g
Jun 14 04:35:00 
Jun 14 04:35:00 实际的喂食数量::80g
Jun 14 04:35:00 
Jun 14 04:35:00 喂食失败：正在食用
Jun 14 04:35:00 喂食失败：正在食用
Jun 14 04:35:00 
Jun 14 04:35:00 【喂食失败】您的汪汪正在食用
Jun 14 04:35:00 
Jun 14 04:35:00 
Jun 14 04:35:00 
Jun 14 04:35:00 【喂食失败】您的汪汪正在食用
Jun 14 04:35:00 
Jun 14 04:35:00 
Jun 14 04:35:01 您设置的喂食数量::80g
Jun 14 04:35:01 
Jun 14 04:35:01 实际的喂食数量::80g
Jun 14 04:35:01 
Jun 14 04:35:01 您设置的喂食数量::80g
Jun 14 04:35:01 
Jun 14 04:35:01 实际的喂食数量::80g
Jun 14 04:35:01 
Jun 14 04:35:01 喂食失败：正在食用
Jun 14 04:35:01 喂食失败：正在食用
Jun 14 04:35:01 
Jun 14 04:35:01 【喂食失败】您的汪汪正在食用
Jun 14 04:35:01 
Jun 14 04:35:01 
Jun 14 04:35:01 
Jun 14 04:35:01 🔔宠汪汪🐕喂食, 结束! 🕛 0.549 秒
Jun 14 04:35:01 
Jun 14 04:35:01 
Jun 14 04:35:01 【喂食失败】您的汪汪正在食用
Jun 14 04:35:01 
Jun 14 04:35:01 
Jun 14 04:35:01 
Jun 14 04:35:01 🔔宠汪汪🐕喂食, 结束! 🕛 0.57 秒
Jun 14 04:35:01 
Jun 14 05:35:00 
Jun 14 05:35:00 🔔宠汪汪🐕喂食, 开始!
Jun 14 05:35:00 
Jun 14 05:35:00 🔔宠汪汪🐕喂食, 开始!
Jun 14 05:35:00 您的cookie选择的是用&隔开
Jun 14 05:35:00 
Jun 14 05:35:00 
Jun 14 05:35:00 ====================共有2个京东账号Cookie=========
Jun 14 05:35:00 
Jun 14 05:35:00 您的cookie选择的是用&隔开
Jun 14 05:35:00 
Jun 14 05:35:00 
Jun 14 05:35:00 ====================共有2个京东账号Cookie=========
Jun 14 05:35:00 
Jun 14 05:35:00 ==================脚本执行- 北京时间(UTC+8)：6/14/2021, 5:35:00 AM=====================
Jun 14 05:35:00 
Jun 14 05:35:00 ==================脚本执行- 北京时间(UTC+8)：6/14/2021, 5:35:00 AM=====================
Jun 14 05:35:00 
Jun 14 05:35:00 您设置的喂食数量::80g
Jun 14 05:35:00 
Jun 14 05:35:00 实际的喂食数量::80g
Jun 14 05:35:00 
Jun 14 05:35:00 您设置的喂食数量::80g
Jun 14 05:35:00 
Jun 14 05:35:00 实际的喂食数量::80g
Jun 14 05:35:00 
Jun 14 05:35:00 喂食失败：正在食用
Jun 14 05:35:00 喂食失败：正在食用
Jun 14 05:35:01 
Jun 14 05:35:01 【喂食失败】您的汪汪正在食用
Jun 14 05:35:01 
Jun 14 05:35:01 
Jun 14 05:35:01 
Jun 14 05:35:01 【喂食失败】您的汪汪正在食用
Jun 14 05:35:01 
Jun 14 05:35:01 
Jun 14 05:35:01 您设置的喂食数量::80g
Jun 14 05:35:01 
Jun 14 05:35:01 实际的喂食数量::80g
Jun 14 05:35:01 
Jun 14 05:35:01 您设置的喂食数量::80g
Jun 14 05:35:01 
Jun 14 05:35:01 实际的喂食数量::80g
Jun 14 05:35:01 
Jun 14 05:35:01 喂食失败：正在食用
Jun 14 05:35:01 喂食失败：正在食用
Jun 14 05:35:01 
Jun 14 05:35:01 【喂食失败】您的汪汪正在食用
Jun 14 05:35:01 
Jun 14 05:35:01 
Jun 14 05:35:01 
Jun 14 05:35:01 🔔宠汪汪🐕喂食, 结束! 🕛 0.568 秒
Jun 14 05:35:01 
Jun 14 05:35:01 
Jun 14 05:35:01 【喂食失败】您的汪汪正在食用
Jun 14 05:35:01 
Jun 14 05:35:01 
Jun 14 05:35:01 
Jun 14 05:35:01 🔔宠汪汪🐕喂食, 结束! 🕛 0.579 秒
Jun 14 05:35:01 
Jun 14 06:35:00 
Jun 14 06:35:00 🔔宠汪汪🐕喂食, 开始!
Jun 14 06:35:00 
Jun 14 06:35:00 🔔宠汪汪🐕喂食, 开始!
Jun 14 06:35:00 您的cookie选择的是用&隔开
Jun 14 06:35:00 
Jun 14 06:35:00 
Jun 14 06:35:00 ====================共有2个京东账号Cookie=========
Jun 14 06:35:00 
Jun 14 06:35:00 您的cookie选择的是用&隔开
Jun 14 06:35:00 
Jun 14 06:35:00 
Jun 14 06:35:00 ====================共有2个京东账号Cookie=========
Jun 14 06:35:00 
Jun 14 06:35:00 ==================脚本执行- 北京时间(UTC+8)：6/14/2021, 6:35:00 AM=====================
Jun 14 06:35:00 
Jun 14 06:35:00 ==================脚本执行- 北京时间(UTC+8)：6/14/2021, 6:35:00 AM=====================
Jun 14 06:35:00 
Jun 14 06:35:00 您设置的喂食数量::80g
Jun 14 06:35:00 
Jun 14 06:35:00 实际的喂食数量::80g
Jun 14 06:35:00 
Jun 14 06:35:00 您设置的喂食数量::80g
Jun 14 06:35:00 
Jun 14 06:35:00 实际的喂食数量::80g
Jun 14 06:35:00 
Jun 14 06:35:01 喂食失败：正在食用
Jun 14 06:35:01 喂食成功
Jun 14 06:35:01 
Jun 14 06:35:01 【喂食成功】80g
Jun 14 06:35:01 
Jun 14 06:35:01 
Jun 14 06:35:01 三餐结果领取成功
Jun 14 06:35:01 
Jun 14 06:35:01 【喂食失败】您的汪汪正在食用
Jun 14 06:35:01 【三餐】领取成功，获得5g狗粮
Jun 14 06:35:01 
Jun 14 06:35:01 
Jun 14 06:35:01 您设置的喂食数量::80g
Jun 14 06:35:01 
Jun 14 06:35:01 实际的喂食数量::80g
Jun 14 06:35:01 
Jun 14 06:35:01 您设置的喂食数量::80g
Jun 14 06:35:01 
Jun 14 06:35:01 实际的喂食数量::80g
Jun 14 06:35:01 
Jun 14 06:35:01 喂食失败：正在食用
Jun 14 06:35:01 喂食成功
Jun 14 06:35:01 三餐结果领取成功
Jun 14 06:35:01 
Jun 14 06:35:01 【喂食失败】您的汪汪正在食用
Jun 14 06:35:01 【三餐】领取成功，获得5g狗粮
Jun 14 06:35:01 
Jun 14 06:35:01 
Jun 14 06:35:01 
Jun 14 06:35:01 🔔宠汪汪🐕喂食, 结束! 🕛 0.638 秒
Jun 14 06:35:01 
Jun 14 06:35:01 
Jun 14 06:35:01 【喂食成功】80g
Jun 14 06:35:01 
Jun 14 06:35:01 
Jun 14 06:35:01 
Jun 14 06:35:01 🔔宠汪汪🐕喂食, 结束! 🕛 0.652 秒
Jun 14 06:35:01 
Jun 14 07:35:00 
Jun 14 07:35:00 🔔宠汪汪🐕喂食, 开始!
Jun 14 07:35:00 您的cookie选择的是用&隔开
Jun 14 07:35:00 
Jun 14 07:35:00 
Jun 14 07:35:00 ====================共有2个京东账号Cookie=========
Jun 14 07:35:00 
Jun 14 07:35:00 
Jun 14 07:35:00 🔔宠汪汪🐕喂食, 开始!
Jun 14 07:35:00 您的cookie选择的是用&隔开
Jun 14 07:35:00 
Jun 14 07:35:00 
Jun 14 07:35:00 ====================共有2个京东账号Cookie=========
Jun 14 07:35:00 
Jun 14 07:35:00 ==================脚本执行- 北京时间(UTC+8)：6/14/2021, 7:35:00 AM=====================
Jun 14 07:35:00 
Jun 14 07:35:00 ==================脚本执行- 北京时间(UTC+8)：6/14/2021, 7:35:00 AM=====================
Jun 14 07:35:00 
Jun 14 07:35:00 您设置的喂食数量::80g
Jun 14 07:35:00 
Jun 14 07:35:00 实际的喂食数量::80g
Jun 14 07:35:00 
Jun 14 07:35:00 您设置的喂食数量::80g
Jun 14 07:35:00 
Jun 14 07:35:00 实际的喂食数量::80g
Jun 14 07:35:00 
Jun 14 07:35:01 喂食失败：正在食用
Jun 14 07:35:01 喂食失败：正在食用
Jun 14 07:35:01 
Jun 14 07:35:01 【喂食失败】您的汪汪正在食用
Jun 14 07:35:01 
Jun 14 07:35:01 
Jun 14 07:35:01 
Jun 14 07:35:01 【喂食失败】您的汪汪正在食用
Jun 14 07:35:01 
Jun 14 07:35:01 
Jun 14 07:35:01 您设置的喂食数量::80g
Jun 14 07:35:01 
Jun 14 07:35:01 实际的喂食数量::80g
Jun 14 07:35:01 
Jun 14 07:35:01 您设置的喂食数量::80g
Jun 14 07:35:01 
Jun 14 07:35:01 实际的喂食数量::80g
Jun 14 07:35:01 
Jun 14 07:35:01 喂食失败：正在食用
Jun 14 07:35:01 喂食失败：正在食用
Jun 14 07:35:01 
Jun 14 07:35:01 【喂食失败】您的汪汪正在食用
Jun 14 07:35:01 
Jun 14 07:35:01 
Jun 14 07:35:01 
Jun 14 07:35:01 🔔宠汪汪🐕喂食, 结束! 🕛 0.574 秒
Jun 14 07:35:01 
Jun 14 07:35:01 
Jun 14 07:35:01 【喂食失败】您的汪汪正在食用
Jun 14 07:35:01 
Jun 14 07:35:01 
Jun 14 07:35:01 
Jun 14 07:35:01 🔔宠汪汪🐕喂食, 结束! 🕛 0.587 秒
Jun 14 07:35:01 
Jun 14 08:35:00 
Jun 14 08:35:00 🔔宠汪汪🐕喂食, 开始!
Jun 14 08:35:00 
Jun 14 08:35:00 🔔宠汪汪🐕喂食, 开始!
Jun 14 08:35:00 您的cookie选择的是用&隔开
Jun 14 08:35:00 
Jun 14 08:35:00 
Jun 14 08:35:00 ====================共有2个京东账号Cookie=========
Jun 14 08:35:00 
Jun 14 08:35:00 您的cookie选择的是用&隔开
Jun 14 08:35:00 
Jun 14 08:35:00 
Jun 14 08:35:00 ====================共有2个京东账号Cookie=========
Jun 14 08:35:00 
Jun 14 08:35:01 ==================脚本执行- 北京时间(UTC+8)：6/14/2021, 8:35:00 AM=====================
Jun 14 08:35:01 
Jun 14 08:35:01 ==================脚本执行- 北京时间(UTC+8)：6/14/2021, 8:35:00 AM=====================
Jun 14 08:35:01 
Jun 14 08:35:01 您设置的喂食数量::80g
Jun 14 08:35:01 
Jun 14 08:35:01 实际的喂食数量::80g
Jun 14 08:35:01 
Jun 14 08:35:01 您设置的喂食数量::80g
Jun 14 08:35:01 
Jun 14 08:35:01 实际的喂食数量::80g
Jun 14 08:35:01 
Jun 14 08:35:01 喂食失败：正在食用
Jun 14 08:35:01 喂食失败：正在食用
Jun 14 08:35:01 
Jun 14 08:35:01 【喂食失败】您的汪汪正在食用
Jun 14 08:35:01 
Jun 14 08:35:01 
Jun 14 08:35:01 
Jun 14 08:35:01 【喂食失败】您的汪汪正在食用
Jun 14 08:35:01 
Jun 14 08:35:01 
Jun 14 08:35:01 您设置的喂食数量::80g
Jun 14 08:35:01 
Jun 14 08:35:01 实际的喂食数量::80g
Jun 14 08:35:01 
Jun 14 08:35:01 您设置的喂食数量::80g
Jun 14 08:35:01 
Jun 14 08:35:01 实际的喂食数量::80g
Jun 14 08:35:01 
Jun 14 08:35:01 喂食失败：正在食用
Jun 14 08:35:01 喂食失败：正在食用
Jun 14 08:35:01 
Jun 14 08:35:01 【喂食失败】您的汪汪正在食用
Jun 14 08:35:01 
Jun 14 08:35:01 
Jun 14 08:35:01 
Jun 14 08:35:01 🔔宠汪汪🐕喂食, 结束! 🕛 0.545 秒
Jun 14 08:35:01 
Jun 14 08:35:01 
Jun 14 08:35:01 【喂食失败】您的汪汪正在食用
Jun 14 08:35:01 
Jun 14 08:35:01 
Jun 14 08:35:01 
Jun 14 08:35:01 🔔宠汪汪🐕喂食, 结束! 🕛 0.571 秒
Jun 14 08:35:01 
Jun 14 09:35:00 
Jun 14 09:35:00 🔔宠汪汪🐕喂食, 开始!
Jun 14 09:35:00 您的cookie选择的是用&隔开
Jun 14 09:35:00 
Jun 14 09:35:00 
Jun 14 09:35:00 ====================共有2个京东账号Cookie=========
Jun 14 09:35:00 
Jun 14 09:35:00 
Jun 14 09:35:00 🔔宠汪汪🐕喂食, 开始!
Jun 14 09:35:00 您的cookie选择的是用&隔开
Jun 14 09:35:00 
Jun 14 09:35:00 
Jun 14 09:35:00 ====================共有2个京东账号Cookie=========
Jun 14 09:35:00 
Jun 14 09:35:00 ==================脚本执行- 北京时间(UTC+8)：6/14/2021, 9:35:00 AM=====================
Jun 14 09:35:00 
Jun 14 09:35:00 ==================脚本执行- 北京时间(UTC+8)：6/14/2021, 9:35:00 AM=====================
Jun 14 09:35:00 
Jun 14 09:35:00 您设置的喂食数量::80g
Jun 14 09:35:00 
Jun 14 09:35:00 实际的喂食数量::80g
Jun 14 09:35:00 
Jun 14 09:35:00 您设置的喂食数量::80g
Jun 14 09:35:00 
Jun 14 09:35:00 实际的喂食数量::80g
Jun 14 09:35:00 
Jun 14 09:35:00 喂食失败：正在食用
Jun 14 09:35:00 喂食失败：正在食用
Jun 14 09:35:00 
Jun 14 09:35:00 【喂食失败】您的汪汪正在食用
Jun 14 09:35:00 
Jun 14 09:35:00 
Jun 14 09:35:00 
Jun 14 09:35:00 【喂食失败】您的汪汪正在食用
Jun 14 09:35:00 
Jun 14 09:35:00 
Jun 14 09:35:00 您设置的喂食数量::80g
Jun 14 09:35:00 
Jun 14 09:35:00 实际的喂食数量::80g
Jun 14 09:35:00 
Jun 14 09:35:00 您设置的喂食数量::80g
Jun 14 09:35:00 
Jun 14 09:35:00 实际的喂食数量::80g
Jun 14 09:35:00 
Jun 14 09:35:00 喂食失败：正在食用
Jun 14 09:35:00 
Jun 14 09:35:00 【喂食失败】您的汪汪正在食用
Jun 14 09:35:00 
Jun 14 09:35:00 
Jun 14 09:35:00 
Jun 14 09:35:00 🔔宠汪汪🐕喂食, 结束! 🕛 0.59 秒
Jun 14 09:35:00 
Jun 14 09:35:01 喂食成功
Jun 14 09:35:01 
Jun 14 09:35:01 【喂食成功】80g
Jun 14 09:35:01 
Jun 14 09:35:01 
Jun 14 09:35:01 
Jun 14 09:35:01 🔔宠汪汪🐕喂食, 结束! 🕛 1.604 秒
Jun 14 09:35:01 
Jun 14 10:35:00 
Jun 14 10:35:00 🔔宠汪汪🐕喂食, 开始!
Jun 14 10:35:00 您的cookie选择的是用&隔开
Jun 14 10:35:00 
Jun 14 10:35:00 
Jun 14 10:35:00 ====================共有2个京东账号Cookie=========
Jun 14 10:35:00 
Jun 14 10:35:00 
Jun 14 10:35:00 🔔宠汪汪🐕喂食, 开始!
Jun 14 10:35:00 您的cookie选择的是用&隔开
Jun 14 10:35:00 
Jun 14 10:35:00 
Jun 14 10:35:00 ====================共有2个京东账号Cookie=========
Jun 14 10:35:00 
Jun 14 10:35:00 ==================脚本执行- 北京时间(UTC+8)：6/14/2021, 10:35:00 AM=====================
Jun 14 10:35:00 
Jun 14 10:35:00 ==================脚本执行- 北京时间(UTC+8)：6/14/2021, 10:35:00 AM=====================
Jun 14 10:35:00 
Jun 14 10:35:00 您设置的喂食数量::80g
Jun 14 10:35:00 
Jun 14 10:35:00 实际的喂食数量::80g
Jun 14 10:35:00 
Jun 14 10:35:00 您设置的喂食数量::80g
Jun 14 10:35:00 
Jun 14 10:35:00 实际的喂食数量::80g
Jun 14 10:35:00 
Jun 14 10:35:00 喂食失败：正在食用
Jun 14 10:35:00 喂食成功
Jun 14 10:35:00 
Jun 14 10:35:00 【喂食成功】80g
Jun 14 10:35:00 
Jun 14 10:35:00 
Jun 14 10:35:00 
Jun 14 10:35:00 【喂食失败】您的汪汪正在食用
Jun 14 10:35:00 
Jun 14 10:35:00 
Jun 14 10:35:00 您设置的喂食数量::80g
Jun 14 10:35:00 
Jun 14 10:35:00 实际的喂食数量::80g
Jun 14 10:35:00 
Jun 14 10:35:00 您设置的喂食数量::80g
Jun 14 10:35:00 
Jun 14 10:35:00 实际的喂食数量::80g
Jun 14 10:35:00 
Jun 14 10:35:00 喂食失败：正在食用
Jun 14 10:35:00 喂食失败：正在食用
Jun 14 10:35:00 
Jun 14 10:35:00 【喂食失败】您的汪汪正在食用
Jun 14 10:35:00 
Jun 14 10:35:00 
Jun 14 10:35:00 
Jun 14 10:35:00 🔔宠汪汪🐕喂食, 结束! 🕛 0.605 秒
Jun 14 10:35:00 
Jun 14 10:35:00 
Jun 14 10:35:00 【喂食失败】您的汪汪正在食用
Jun 14 10:35:00 
Jun 14 10:35:00 
Jun 14 10:35:00 
Jun 14 10:35:00 🔔宠汪汪🐕喂食, 结束! 🕛 0.627 秒
Jun 14 10:35:00 
Jun 14 11:35:00 
Jun 14 11:35:00 🔔宠汪汪🐕喂食, 开始!
Jun 14 11:35:00 
Jun 14 11:35:00 🔔宠汪汪🐕喂食, 开始!
Jun 14 11:35:00 您的cookie选择的是用&隔开
Jun 14 11:35:00 
Jun 14 11:35:00 
Jun 14 11:35:00 ====================共有2个京东账号Cookie=========
Jun 14 11:35:00 
Jun 14 11:35:00 您的cookie选择的是用&隔开
Jun 14 11:35:00 
Jun 14 11:35:00 
Jun 14 11:35:00 ====================共有2个京东账号Cookie=========
Jun 14 11:35:00 
Jun 14 11:35:00 ==================脚本执行- 北京时间(UTC+8)：6/14/2021, 11:35:00 AM=====================
Jun 14 11:35:00 
Jun 14 11:35:00 ==================脚本执行- 北京时间(UTC+8)：6/14/2021, 11:35:00 AM=====================
Jun 14 11:35:00 
Jun 14 11:35:00 您设置的喂食数量::80g
Jun 14 11:35:00 
Jun 14 11:35:00 实际的喂食数量::80g
Jun 14 11:35:00 
Jun 14 11:35:00 您设置的喂食数量::80g
Jun 14 11:35:00 
Jun 14 11:35:00 实际的喂食数量::80g
Jun 14 11:35:00 
Jun 14 11:35:00 喂食失败：正在食用
Jun 14 11:35:00 喂食失败：正在食用
Jun 14 11:35:00 
Jun 14 11:35:00 【喂食失败】您的汪汪正在食用
Jun 14 11:35:00 
Jun 14 11:35:00 
Jun 14 11:35:00 三餐结果领取成功
Jun 14 11:35:00 
Jun 14 11:35:00 【喂食失败】您的汪汪正在食用
Jun 14 11:35:00 【三餐】领取成功，获得5g狗粮
Jun 14 11:35:00 
Jun 14 11:35:00 
Jun 14 11:35:00 您设置的喂食数量::80g
Jun 14 11:35:00 
Jun 14 11:35:00 实际的喂食数量::80g
Jun 14 11:35:00 
Jun 14 11:35:00 您设置的喂食数量::80g
Jun 14 11:35:00 
Jun 14 11:35:00 实际的喂食数量::80g
Jun 14 11:35:00 
Jun 14 11:35:00 喂食失败：正在食用
Jun 14 11:35:00 喂食失败：正在食用
Jun 14 11:35:00 三餐结果领取成功
Jun 14 11:35:00 
Jun 14 11:35:00 【喂食失败】您的汪汪正在食用
Jun 14 11:35:00 【三餐】领取成功，获得5g狗粮
Jun 14 11:35:00 
Jun 14 11:35:00 
Jun 14 11:35:00 
Jun 14 11:35:00 🔔宠汪汪🐕喂食, 结束! 🕛 0.59 秒
Jun 14 11:35:00 
Jun 14 11:35:00 三餐结果领取成功
Jun 14 11:35:00 
Jun 14 11:35:00 【喂食失败】您的汪汪正在食用
Jun 14 11:35:00 【三餐】领取成功，获得5g狗粮
Jun 14 11:35:00 
Jun 14 11:35:00 
Jun 14 11:35:00 
Jun 14 11:35:00 🔔宠汪汪🐕喂食, 结束! 🕛 0.598 秒
Jun 14 11:35:00 
Jun 14 12:35:00 
Jun 14 12:35:00 🔔宠汪汪🐕喂食, 开始!
Jun 14 12:35:00 您的cookie选择的是用&隔开
Jun 14 12:35:00 
Jun 14 12:35:00 
Jun 14 12:35:00 ====================共有2个京东账号Cookie=========
Jun 14 12:35:00 
Jun 14 12:35:00 
Jun 14 12:35:00 🔔宠汪汪🐕喂食, 开始!
Jun 14 12:35:00 ==================脚本执行- 北京时间(UTC+8)：6/14/2021, 12:35:00 PM=====================
Jun 14 12:35:00 
Jun 14 12:35:00 您的cookie选择的是用&隔开
Jun 14 12:35:00 
Jun 14 12:35:00 
Jun 14 12:35:00 ====================共有2个京东账号Cookie=========
Jun 14 12:35:00 
Jun 14 12:35:00 ==================脚本执行- 北京时间(UTC+8)：6/14/2021, 12:35:00 PM=====================
Jun 14 12:35:00 
Jun 14 12:35:00 您设置的喂食数量::80g
Jun 14 12:35:00 
Jun 14 12:35:00 实际的喂食数量::80g
Jun 14 12:35:00 
Jun 14 12:35:00 您设置的喂食数量::80g
Jun 14 12:35:00 
Jun 14 12:35:00 实际的喂食数量::80g
Jun 14 12:35:00 
Jun 14 12:35:00 喂食失败：正在食用
Jun 14 12:35:00 喂食失败：正在食用
Jun 14 12:35:00 
Jun 14 12:35:00 【喂食失败】您的汪汪正在食用
Jun 14 12:35:00 
Jun 14 12:35:00 
Jun 14 12:35:01 
Jun 14 12:35:01 【喂食失败】您的汪汪正在食用
Jun 14 12:35:01 
Jun 14 12:35:01 
Jun 14 12:35:01 您设置的喂食数量::80g
Jun 14 12:35:01 
Jun 14 12:35:01 实际的喂食数量::80g
Jun 14 12:35:01 
Jun 14 12:35:01 您设置的喂食数量::80g
Jun 14 12:35:01 
Jun 14 12:35:01 实际的喂食数量::80g
Jun 14 12:35:01 
Jun 14 12:35:01 喂食失败：正在食用
Jun 14 12:35:01 喂食成功
Jun 14 12:35:01 
Jun 14 12:35:01 【喂食失败】您的汪汪正在食用
Jun 14 12:35:01 
Jun 14 12:35:01 
Jun 14 12:35:01 
Jun 14 12:35:01 🔔宠汪汪🐕喂食, 结束! 🕛 0.648 秒
Jun 14 12:35:01 
Jun 14 12:35:01 
Jun 14 12:35:01 【喂食成功】80g
Jun 14 12:35:01 
Jun 14 12:35:01 
Jun 14 12:35:01 
Jun 14 12:35:01 🔔宠汪汪🐕喂食, 结束! 🕛 0.703 秒
Jun 14 12:35:01 
Jun 14 13:35:00 
Jun 14 13:35:00 🔔宠汪汪🐕喂食, 开始!
Jun 14 13:35:00 
Jun 14 13:35:00 🔔宠汪汪🐕喂食, 开始!
Jun 14 13:35:00 您的cookie选择的是用&隔开
Jun 14 13:35:00 
Jun 14 13:35:00 
Jun 14 13:35:00 ====================共有2个京东账号Cookie=========
Jun 14 13:35:00 
Jun 14 13:35:00 您的cookie选择的是用&隔开
Jun 14 13:35:00 
Jun 14 13:35:00 
Jun 14 13:35:00 ====================共有2个京东账号Cookie=========
Jun 14 13:35:00 
Jun 14 13:35:00 ==================脚本执行- 北京时间(UTC+8)：6/14/2021, 1:35:00 PM=====================
Jun 14 13:35:00 
Jun 14 13:35:00 ==================脚本执行- 北京时间(UTC+8)：6/14/2021, 1:35:00 PM=====================
Jun 14 13:35:00 
Jun 14 13:35:00Jun 14 13:35:00 您设置的喂食数量::80g
 您设置的喂食数量::80g
Jun 14 13:35:00Jun 14 13:35:00 
 
Jun 14 13:35:00Jun 14 13:35:00 实际的喂食数量::80g
 实际的喂食数量::80g
Jun 14 13:35:00Jun 14 13:35:00 
 
Jun 14 13:35:00 喂食失败：正在食用
Jun 14 13:35:00 喂食成功
Jun 14 13:35:00 
Jun 14 13:35:00 【喂食失败】您的汪汪正在食用
Jun 14 13:35:00 
Jun 14 13:35:00 
Jun 14 13:35:01 
Jun 14 13:35:01 【喂食成功】80g
Jun 14 13:35:01 
Jun 14 13:35:01 
Jun 14 13:35:01 您设置的喂食数量::80g
Jun 14 13:35:01 
Jun 14 13:35:01 实际的喂食数量::80g
Jun 14 13:35:01 
Jun 14 13:35:01 您设置的喂食数量::80g
Jun 14 13:35:01 
Jun 14 13:35:01 实际的喂食数量::80g
Jun 14 13:35:01 
Jun 14 13:35:01 喂食失败：正在食用
Jun 14 13:35:01 喂食失败：正在食用
Jun 14 13:35:01 
Jun 14 13:35:01 【喂食失败】您的汪汪正在食用
Jun 14 13:35:01 
Jun 14 13:35:01 
Jun 14 13:35:01 
Jun 14 13:35:01 🔔宠汪汪🐕喂食, 结束! 🕛 0.553 秒
Jun 14 13:35:01 
Jun 14 13:35:01 
Jun 14 13:35:01 【喂食失败】您的汪汪正在食用
Jun 14 13:35:01 
Jun 14 13:35:01 
Jun 14 13:35:01 
Jun 14 13:35:01 🔔宠汪汪🐕喂食, 结束! 🕛 0.601 秒
Jun 14 13:35:01 
Jun 14 14:35:00 
Jun 14 14:35:00 🔔宠汪汪🐕喂食, 开始!
Jun 14 14:35:00 您的cookie选择的是用&隔开
Jun 14 14:35:00 
Jun 14 14:35:00 
Jun 14 14:35:00 ====================共有2个京东账号Cookie=========
Jun 14 14:35:00 
Jun 14 14:35:00 
Jun 14 14:35:00 🔔宠汪汪🐕喂食, 开始!
Jun 14 14:35:00 您的cookie选择的是用&隔开
Jun 14 14:35:00 
Jun 14 14:35:00 
Jun 14 14:35:00 ====================共有2个京东账号Cookie=========
Jun 14 14:35:00 
Jun 14 14:35:00 ==================脚本执行- 北京时间(UTC+8)：6/14/2021, 2:35:00 PM=====================
Jun 14 14:35:00 
Jun 14 14:35:00 ==================脚本执行- 北京时间(UTC+8)：6/14/2021, 2:35:00 PM=====================
Jun 14 14:35:00 
Jun 14 14:35:00 您设置的喂食数量::80g
Jun 14 14:35:00 
Jun 14 14:35:00 实际的喂食数量::80g
Jun 14 14:35:00 
Jun 14 14:35:00 您设置的喂食数量::80g
Jun 14 14:35:00 
Jun 14 14:35:00 实际的喂食数量::80g
Jun 14 14:35:00 
Jun 14 14:35:00 喂食失败：正在食用
Jun 14 14:35:01 喂食失败：正在食用
Jun 14 14:35:01 
Jun 14 14:35:01 【喂食失败】您的汪汪正在食用
Jun 14 14:35:01 
Jun 14 14:35:01 
Jun 14 14:35:01 
Jun 14 14:35:01 【喂食失败】您的汪汪正在食用
Jun 14 14:35:01 
Jun 14 14:35:01 
Jun 14 14:35:01 您设置的喂食数量::80g
Jun 14 14:35:01 
Jun 14 14:35:01 实际的喂食数量::80g
Jun 14 14:35:01 
Jun 14 14:35:01 您设置的喂食数量::80g
Jun 14 14:35:01 
Jun 14 14:35:01 实际的喂食数量::80g
Jun 14 14:35:01 
Jun 14 14:35:01 喂食失败：正在食用
Jun 14 14:35:01 喂食失败：正在食用
Jun 14 14:35:01 
Jun 14 14:35:01 【喂食失败】您的汪汪正在食用
Jun 14 14:35:01 
Jun 14 14:35:01 
Jun 14 14:35:01 
Jun 14 14:35:01 🔔宠汪汪🐕喂食, 结束! 🕛 0.568 秒
Jun 14 14:35:01 
Jun 14 14:35:01 
Jun 14 14:35:01 【喂食失败】您的汪汪正在食用
Jun 14 14:35:01 
Jun 14 14:35:01 
Jun 14 14:35:01 
Jun 14 14:35:01 🔔宠汪汪🐕喂食, 结束! 🕛 0.569 秒
Jun 14 14:35:01 
Jun 14 15:35:00 
Jun 14 15:35:00 🔔宠汪汪🐕喂食, 开始!
Jun 14 15:35:00 您的cookie选择的是用&隔开
Jun 14 15:35:00 
Jun 14 15:35:00 
Jun 14 15:35:00 ====================共有2个京东账号Cookie=========
Jun 14 15:35:00 
Jun 14 15:35:00 
Jun 14 15:35:00 🔔宠汪汪🐕喂食, 开始!
Jun 14 15:35:00 您的cookie选择的是用&隔开
Jun 14 15:35:00 
Jun 14 15:35:00 
Jun 14 15:35:00 ====================共有2个京东账号Cookie=========
Jun 14 15:35:00 
Jun 14 15:35:00 ==================脚本执行- 北京时间(UTC+8)：6/14/2021, 3:35:00 PM=====================
Jun 14 15:35:00 
Jun 14 15:35:00 ==================脚本执行- 北京时间(UTC+8)：6/14/2021, 3:35:00 PM=====================
Jun 14 15:35:00 
Jun 14 15:35:01 您设置的喂食数量::80g
Jun 14 15:35:01 
Jun 14 15:35:01 实际的喂食数量::80g
Jun 14 15:35:01 
Jun 14 15:35:01 您设置的喂食数量::80g
Jun 14 15:35:01 
Jun 14 15:35:01 实际的喂食数量::80g
Jun 14 15:35:01 
Jun 14 15:35:01 喂食失败：正在食用
Jun 14 15:35:01 喂食失败：正在食用
Jun 14 15:35:01 
Jun 14 15:35:01 【喂食失败】您的汪汪正在食用
Jun 14 15:35:01 
Jun 14 15:35:01 
Jun 14 15:35:01 
Jun 14 15:35:01 【喂食失败】您的汪汪正在食用
Jun 14 15:35:01 
Jun 14 15:35:01 
Jun 14 15:35:01 您设置的喂食数量::80g
Jun 14 15:35:01 
Jun 14 15:35:01 实际的喂食数量::80g
Jun 14 15:35:01 
Jun 14 15:35:01 您设置的喂食数量::80g
Jun 14 15:35:01 
Jun 14 15:35:01 实际的喂食数量::80g
Jun 14 15:35:01 
Jun 14 15:35:01 喂食失败：正在食用
Jun 14 15:35:01 喂食成功
Jun 14 15:35:01 
Jun 14 15:35:01 【喂食失败】您的汪汪正在食用
Jun 14 15:35:01 
Jun 14 15:35:01 
Jun 14 15:35:01 
Jun 14 15:35:01 🔔宠汪汪🐕喂食, 结束! 🕛 0.547 秒
Jun 14 15:35:01 
Jun 14 15:35:01 
Jun 14 15:35:01 【喂食成功】80g
Jun 14 15:35:01 
Jun 14 15:35:01 
Jun 14 15:35:01 
Jun 14 15:35:01 🔔宠汪汪🐕喂食, 结束! 🕛 0.556 秒
Jun 14 15:35:01 
Jun 14 16:35:00 
Jun 14 16:35:00 🔔宠汪汪🐕喂食, 开始!
Jun 14 16:35:00 您的cookie选择的是用&隔开
Jun 14 16:35:00 
Jun 14 16:35:00Jun 14 16:35:00 
 
Jun 14 16:35:00Jun 14 16:35:00 ====================共有2个京东账号Cookie=========
 🔔宠汪汪🐕喂食, 开始!
Jun 14 16:35:00 
Jun 14 16:35:00 您的cookie选择的是用&隔开
Jun 14 16:35:00 
Jun 14 16:35:00 
Jun 14 16:35:00 ====================共有2个京东账号Cookie=========
Jun 14 16:35:00 
Jun 14 16:35:00 ==================脚本执行- 北京时间(UTC+8)：6/14/2021, 4:35:00 PM=====================
Jun 14 16:35:00 
Jun 14 16:35:00 ==================脚本执行- 北京时间(UTC+8)：6/14/2021, 4:35:00 PM=====================
Jun 14 16:35:00 
Jun 14 16:35:00 您设置的喂食数量::80g
Jun 14 16:35:00 
Jun 14 16:35:00 实际的喂食数量::80g
Jun 14 16:35:00 
Jun 14 16:35:00 您设置的喂食数量::80g
Jun 14 16:35:00 
Jun 14 16:35:00 实际的喂食数量::80g
Jun 14 16:35:00 
Jun 14 16:35:00 喂食失败：正在食用
Jun 14 16:35:00 喂食成功
Jun 14 16:35:00 
Jun 14 16:35:00 【喂食失败】您的汪汪正在食用
Jun 14 16:35:00 
Jun 14 16:35:00 
Jun 14 16:35:00 
Jun 14 16:35:00 【喂食成功】80g
Jun 14 16:35:00 
Jun 14 16:35:00 
Jun 14 16:35:00 您设置的喂食数量::80g
Jun 14 16:35:00 
Jun 14 16:35:00 实际的喂食数量::80g
Jun 14 16:35:00 
Jun 14 16:35:00 您设置的喂食数量::80g
Jun 14 16:35:00 
Jun 14 16:35:00 实际的喂食数量::80g
Jun 14 16:35:00 
Jun 14 16:35:00 喂食失败：正在食用
Jun 14 16:35:00 喂食失败：正在食用
Jun 14 16:35:00 
Jun 14 16:35:00 【喂食失败】您的汪汪正在食用
Jun 14 16:35:00 
Jun 14 16:35:00 
Jun 14 16:35:00 
Jun 14 16:35:00 🔔宠汪汪🐕喂食, 结束! 🕛 0.584 秒
Jun 14 16:35:00 
Jun 14 16:35:00 
Jun 14 16:35:00 【喂食失败】您的汪汪正在食用
Jun 14 16:35:00 
Jun 14 16:35:00 
Jun 14 16:35:00 
Jun 14 16:35:00 🔔宠汪汪🐕喂食, 结束! 🕛 0.59 秒
Jun 14 16:35:00 
Jun 14 17:35:00 
Jun 14 17:35:00 🔔宠汪汪🐕喂食, 开始!
Jun 14 17:35:00 
Jun 14 17:35:00 🔔宠汪汪🐕喂食, 开始!
Jun 14 17:35:00 您的cookie选择的是用&隔开
Jun 14 17:35:00 
Jun 14 17:35:00 
Jun 14 17:35:00 ====================共有2个京东账号Cookie=========
Jun 14 17:35:00 
Jun 14 17:35:00 您的cookie选择的是用&隔开
Jun 14 17:35:00 
Jun 14 17:35:00 
Jun 14 17:35:00 ====================共有2个京东账号Cookie=========
Jun 14 17:35:00 
Jun 14 17:35:00 ==================脚本执行- 北京时间(UTC+8)：6/14/2021, 5:35:00 PM=====================
Jun 14 17:35:00 
Jun 14 17:35:00 ==================脚本执行- 北京时间(UTC+8)：6/14/2021, 5:35:00 PM=====================
Jun 14 17:35:00 
Jun 14 17:35:00 您设置的喂食数量::80g
Jun 14 17:35:00 
Jun 14 17:35:00 实际的喂食数量::80g
Jun 14 17:35:00 
Jun 14 17:35:00 您设置的喂食数量::80g
Jun 14 17:35:00 
Jun 14 17:35:00 实际的喂食数量::80g
Jun 14 17:35:00 
Jun 14 17:35:00 喂食失败：正在食用
Jun 14 17:35:00 喂食失败：正在食用
Jun 14 17:35:00 
Jun 14 17:35:00 【喂食失败】您的汪汪正在食用
Jun 14 17:35:00 
Jun 14 17:35:00 
Jun 14 17:35:00 三餐结果领取成功
Jun 14 17:35:00 
Jun 14 17:35:00 【喂食失败】您的汪汪正在食用
Jun 14 17:35:00 【三餐】领取成功，获得5g狗粮
Jun 14 17:35:00 
Jun 14 17:35:00 
Jun 14 17:35:00 您设置的喂食数量::80g
Jun 14 17:35:00 
Jun 14 17:35:00 实际的喂食数量::80g
Jun 14 17:35:00 
Jun 14 17:35:00 您设置的喂食数量::80g
Jun 14 17:35:00 
Jun 14 17:35:00 实际的喂食数量::80g
Jun 14 17:35:00 
Jun 14 17:35:00 喂食失败：正在食用
Jun 14 17:35:00 喂食失败：正在食用
Jun 14 17:35:00 
Jun 14 17:35:00 【喂食失败】您的汪汪正在食用
Jun 14 17:35:00 
Jun 14 17:35:00 
Jun 14 17:35:00 
Jun 14 17:35:00 🔔宠汪汪🐕喂食, 结束! 🕛 0.563 秒
Jun 14 17:35:00 
Jun 14 17:35:00 
Jun 14 17:35:00 【喂食失败】您的汪汪正在食用
Jun 14 17:35:00 
Jun 14 17:35:00 
Jun 14 17:35:00 
Jun 14 17:35:00 🔔宠汪汪🐕喂食, 结束! 🕛 0.594 秒
Jun 14 17:35:00 
Jun 14 18:35:00 
Jun 14 18:35:00 🔔宠汪汪🐕喂食, 开始!
Jun 14 18:35:00 您的cookie选择的是用&隔开
Jun 14 18:35:00 
Jun 14 18:35:00 
Jun 14 18:35:00 ====================共有2个京东账号Cookie=========
Jun 14 18:35:00 
Jun 14 18:35:00 
Jun 14 18:35:00 🔔宠汪汪🐕喂食, 开始!
Jun 14 18:35:00 您的cookie选择的是用&隔开
Jun 14 18:35:00 
Jun 14 18:35:00 
Jun 14 18:35:00 ====================共有2个京东账号Cookie=========
Jun 14 18:35:00 
Jun 14 18:35:00 ==================脚本执行- 北京时间(UTC+8)：6/14/2021, 6:35:00 PM=====================
Jun 14 18:35:00 
Jun 14 18:35:00 ==================脚本执行- 北京时间(UTC+8)：6/14/2021, 6:35:00 PM=====================
Jun 14 18:35:00 
Jun 14 18:35:00 您设置的喂食数量::80g
Jun 14 18:35:00 
Jun 14 18:35:00 实际的喂食数量::80g
Jun 14 18:35:00 
Jun 14 18:35:00 您设置的喂食数量::80g
Jun 14 18:35:00 
Jun 14 18:35:00 实际的喂食数量::80g
Jun 14 18:35:00 
Jun 14 18:35:00 喂食失败：正在食用
Jun 14 18:35:00 喂食失败：正在食用
Jun 14 18:35:00 
Jun 14 18:35:00 【喂食失败】您的汪汪正在食用
Jun 14 18:35:00 
Jun 14 18:35:00 
Jun 14 18:35:00 
Jun 14 18:35:00 【喂食失败】您的汪汪正在食用
Jun 14 18:35:00 
Jun 14 18:35:00 
Jun 14 18:35:00 您设置的喂食数量::80g
Jun 14 18:35:00 
Jun 14 18:35:00 实际的喂食数量::80g
Jun 14 18:35:00 
Jun 14 18:35:00 您设置的喂食数量::80g
Jun 14 18:35:00 
Jun 14 18:35:00 实际的喂食数量::80g
Jun 14 18:35:00 
Jun 14 18:35:00 喂食失败：正在食用
Jun 14 18:35:00 
Jun 14 18:35:00 【喂食失败】您的汪汪正在食用
Jun 14 18:35:00 
Jun 14 18:35:00 
Jun 14 18:35:00 喂食失败：正在食用
Jun 14 18:35:00 
Jun 14 18:35:00 🔔宠汪汪🐕喂食, 结束! 🕛 0.549 秒
Jun 14 18:35:00 
Jun 14 18:35:00 
Jun 14 18:35:00 【喂食失败】您的汪汪正在食用
Jun 14 18:35:00 
Jun 14 18:35:00 
Jun 14 18:35:00 
Jun 14 18:35:00 🔔宠汪汪🐕喂食, 结束! 🕛 0.614 秒
Jun 14 18:35:00 
Jun 14 19:35:00 
Jun 14 19:35:00 🔔宠汪汪🐕喂食, 开始!
Jun 14 19:35:00 您的cookie选择的是用&隔开
Jun 14 19:35:00 
Jun 14 19:35:00 
Jun 14 19:35:00 ====================共有2个京东账号Cookie=========
Jun 14 19:35:00 
Jun 14 19:35:00 
Jun 14 19:35:00 🔔宠汪汪🐕喂食, 开始!
Jun 14 19:35:00 您的cookie选择的是用&隔开
Jun 14 19:35:00 
Jun 14 19:35:00 
Jun 14 19:35:00 ====================共有2个京东账号Cookie=========
Jun 14 19:35:00 
Jun 14 19:35:00 ==================脚本执行- 北京时间(UTC+8)：6/14/2021, 7:35:00 PM=====================
Jun 14 19:35:00 
Jun 14 19:35:00 ==================脚本执行- 北京时间(UTC+8)：6/14/2021, 7:35:00 PM=====================
Jun 14 19:35:00 
Jun 14 19:35:00 您设置的喂食数量::80g
Jun 14 19:35:00 
Jun 14 19:35:00 实际的喂食数量::80g
Jun 14 19:35:00 
Jun 14 19:35:00 您设置的喂食数量::80g
Jun 14 19:35:00 
Jun 14 19:35:00 实际的喂食数量::80g
Jun 14 19:35:00 
Jun 14 19:35:00 喂食失败：正在食用
Jun 14 19:35:00 喂食成功
Jun 14 19:35:00 
Jun 14 19:35:00 【喂食失败】您的汪汪正在食用
Jun 14 19:35:00 
Jun 14 19:35:00 
Jun 14 19:35:00 
Jun 14 19:35:00 【喂食成功】80g
Jun 14 19:35:00 
Jun 14 19:35:00 
Jun 14 19:35:00 您设置的喂食数量::80g
Jun 14 19:35:00 
Jun 14 19:35:00 实际的喂食数量::80g
Jun 14 19:35:00 
Jun 14 19:35:00 您设置的喂食数量::80g
Jun 14 19:35:00 
Jun 14 19:35:00 实际的喂食数量::80g
Jun 14 19:35:00 
Jun 14 19:35:00 喂食失败：正在食用
Jun 14 19:35:00 喂食失败：正在食用
Jun 14 19:35:01 
Jun 14 19:35:01 【喂食失败】您的汪汪正在食用
Jun 14 19:35:01 
Jun 14 19:35:01 
Jun 14 19:35:01 
Jun 14 19:35:01 🔔宠汪汪🐕喂食, 结束! 🕛 0.571 秒
Jun 14 19:35:01 
Jun 14 19:35:01 
Jun 14 19:35:01 【喂食失败】您的汪汪正在食用
Jun 14 19:35:01 
Jun 14 19:35:01 
Jun 14 19:35:01 
Jun 14 19:35:01 🔔宠汪汪🐕喂食, 结束! 🕛 0.583 秒
Jun 14 19:35:01 
Jun 14 20:35:00 
Jun 14 20:35:00 🔔宠汪汪🐕喂食, 开始!
Jun 14 20:35:00 您的cookie选择的是用&隔开
Jun 14 20:35:00 
Jun 14 20:35:00 
Jun 14 20:35:00 ====================共有2个京东账号Cookie=========
Jun 14 20:35:00 
Jun 14 20:35:00 
Jun 14 20:35:00 🔔宠汪汪🐕喂食, 开始!
Jun 14 20:35:00 您的cookie选择的是用&隔开
Jun 14 20:35:00 
Jun 14 20:35:00 
Jun 14 20:35:00 ====================共有2个京东账号Cookie=========
Jun 14 20:35:00 
Jun 14 20:35:00 ==================脚本执行- 北京时间(UTC+8)：6/14/2021, 8:35:00 PM=====================
Jun 14 20:35:00 
Jun 14 20:35:00 ==================脚本执行- 北京时间(UTC+8)：6/14/2021, 8:35:00 PM=====================
Jun 14 20:35:00 
Jun 14 20:35:00 您设置的喂食数量::80g
Jun 14 20:35:00 
Jun 14 20:35:00 实际的喂食数量::80g
Jun 14 20:35:00 
Jun 14 20:35:00 您设置的喂食数量::80g
Jun 14 20:35:00 
Jun 14 20:35:00 实际的喂食数量::80g
Jun 14 20:35:00 
Jun 14 20:35:00 喂食失败：正在食用
Jun 14 20:35:00 喂食失败：正在食用
Jun 14 20:35:00 
Jun 14 20:35:00 【喂食失败】您的汪汪正在食用
Jun 14 20:35:00 
Jun 14 20:35:00 
Jun 14 20:35:00 
Jun 14 20:35:00 【喂食失败】您的汪汪正在食用
Jun 14 20:35:00 
Jun 14 20:35:00 
Jun 14 20:35:01 您设置的喂食数量::80g
Jun 14 20:35:01 
Jun 14 20:35:01 实际的喂食数量::80g
Jun 14 20:35:01 
Jun 14 20:35:01 您设置的喂食数量::80g
Jun 14 20:35:01 
Jun 14 20:35:01 实际的喂食数量::80g
Jun 14 20:35:01 
Jun 14 20:35:01 喂食失败：正在食用
Jun 14 20:35:01 喂食失败：正在食用
Jun 14 20:35:01 
Jun 14 20:35:01 【喂食失败】您的汪汪正在食用
Jun 14 20:35:01 
Jun 14 20:35:01 
Jun 14 20:35:01 
Jun 14 20:35:01 🔔宠汪汪🐕喂食, 结束! 🕛 0.559 秒
Jun 14 20:35:01 
Jun 14 20:35:01 
Jun 14 20:35:01 【喂食失败】您的汪汪正在食用
Jun 14 20:35:01 
Jun 14 20:35:01 
Jun 14 20:35:01 
Jun 14 20:35:01 🔔宠汪汪🐕喂食, 结束! 🕛 0.572 秒
Jun 14 20:35:01 
Jun 14 21:35:00 
Jun 14 21:35:00 🔔宠汪汪🐕喂食, 开始!
Jun 14 21:35:00 
Jun 14 21:35:00 🔔宠汪汪🐕喂食, 开始!
Jun 14 21:35:00 您的cookie选择的是用&隔开
Jun 14 21:35:00 
Jun 14 21:35:00 
Jun 14 21:35:00 ====================共有2个京东账号Cookie=========
Jun 14 21:35:00 
Jun 14 21:35:00 您的cookie选择的是用&隔开
Jun 14 21:35:00 
Jun 14 21:35:00 
Jun 14 21:35:00 ====================共有2个京东账号Cookie=========
Jun 14 21:35:00 
Jun 14 21:35:00 ==================脚本执行- 北京时间(UTC+8)：6/14/2021, 9:35:00 PM=====================
Jun 14 21:35:00 
Jun 14 21:35:00 ==================脚本执行- 北京时间(UTC+8)：6/14/2021, 9:35:00 PM=====================
Jun 14 21:35:00 
Jun 14 21:35:00 您设置的喂食数量::80g
Jun 14 21:35:00 
Jun 14 21:35:00 实际的喂食数量::80g
Jun 14 21:35:00 
Jun 14 21:35:00 您设置的喂食数量::80g
Jun 14 21:35:00 
Jun 14 21:35:00 实际的喂食数量::80g
Jun 14 21:35:00 
Jun 14 21:35:00 喂食失败：正在食用
Jun 14 21:35:00 喂食失败：正在食用
Jun 14 21:35:01 
Jun 14 21:35:01 【喂食失败】您的汪汪正在食用
Jun 14 21:35:01 
Jun 14 21:35:01 
Jun 14 21:35:01 
Jun 14 21:35:01 【喂食失败】您的汪汪正在食用
Jun 14 21:35:01 
Jun 14 21:35:01 
Jun 14 21:35:01 您设置的喂食数量::80g
Jun 14 21:35:01 
Jun 14 21:35:01 实际的喂食数量::80g
Jun 14 21:35:01 
Jun 14 21:35:01 您设置的喂食数量::80g
Jun 14 21:35:01 
Jun 14 21:35:01 实际的喂食数量::80g
Jun 14 21:35:01 
Jun 14 21:35:01 喂食失败：正在食用
Jun 14 21:35:01 喂食失败：正在食用
Jun 14 21:35:01 
Jun 14 21:35:01 【喂食失败】您的汪汪正在食用
Jun 14 21:35:01 
Jun 14 21:35:01 
Jun 14 21:35:01 
Jun 14 21:35:01 🔔宠汪汪🐕喂食, 结束! 🕛 0.541 秒
Jun 14 21:35:01 
Jun 14 21:35:01 
Jun 14 21:35:01 【喂食失败】您的汪汪正在食用
Jun 14 21:35:01 
Jun 14 21:35:01 
Jun 14 21:35:01 
Jun 14 21:35:01 🔔宠汪汪🐕喂食, 结束! 🕛 0.553 秒
Jun 14 21:35:01 
Jun 14 22:35:00 
Jun 14 22:35:00 🔔宠汪汪🐕喂食, 开始!
Jun 14 22:35:00 
Jun 14 22:35:00 🔔宠汪汪🐕喂食, 开始!
Jun 14 22:35:00 您的cookie选择的是用&隔开
Jun 14 22:35:00 
Jun 14 22:35:00 
Jun 14 22:35:00 ====================共有2个京东账号Cookie=========
Jun 14 22:35:00 
Jun 14 22:35:00 您的cookie选择的是用&隔开
Jun 14 22:35:00 
Jun 14 22:35:00 
Jun 14 22:35:00 ====================共有2个京东账号Cookie=========
Jun 14 22:35:00 
Jun 14 22:35:00 ==================脚本执行- 北京时间(UTC+8)：6/14/2021, 10:35:00 PM=====================
Jun 14 22:35:00 
Jun 14 22:35:00 ==================脚本执行- 北京时间(UTC+8)：6/14/2021, 10:35:00 PM=====================
Jun 14 22:35:00 
Jun 14 22:35:00 您设置的喂食数量::80g
Jun 14 22:35:00 
Jun 14 22:35:00 实际的喂食数量::80g
Jun 14 22:35:00 
Jun 14 22:35:00 您设置的喂食数量::80g
Jun 14 22:35:00 
Jun 14 22:35:00 实际的喂食数量::80g
Jun 14 22:35:00 
Jun 14 22:35:01 喂食失败：正在食用
Jun 14 22:35:01 喂食成功
Jun 14 22:35:01 
Jun 14 22:35:01 【喂食失败】您的汪汪正在食用
Jun 14 22:35:01 
Jun 14 22:35:01 
Jun 14 22:35:01 
Jun 14 22:35:01 【喂食成功】80g
Jun 14 22:35:01 
Jun 14 22:35:01 
Jun 14 22:35:01 您设置的喂食数量::80g
Jun 14 22:35:01 
Jun 14 22:35:01 实际的喂食数量::80g
Jun 14 22:35:01 
Jun 14 22:35:01 您设置的喂食数量::80g
Jun 14 22:35:01 
Jun 14 22:35:01 实际的喂食数量::80g
Jun 14 22:35:01 
Jun 14 22:35:01 喂食成功
Jun 14 22:35:01 喂食失败：正在食用
Jun 14 22:35:01 
Jun 14 22:35:01 【喂食成功】80g
Jun 14 22:35:01 
Jun 14 22:35:01 
Jun 14 22:35:01 
Jun 14 22:35:01 🔔宠汪汪🐕喂食, 结束! 🕛 0.601 秒
Jun 14 22:35:01 
Jun 14 22:35:01 
Jun 14 22:35:01 【喂食失败】您的汪汪正在食用
Jun 14 22:35:01 
Jun 14 22:35:01 
Jun 14 22:35:01 
Jun 14 22:35:01 🔔宠汪汪🐕喂食, 结束! 🕛 0.61 秒
Jun 14 22:35:01 
Jun 14 23:35:00 
Jun 14 23:35:00 🔔宠汪汪🐕喂食, 开始!
Jun 14 23:35:00 您的cookie选择的是用&隔开
Jun 14 23:35:00 
Jun 14 23:35:00 
Jun 14 23:35:00 ====================共有2个京东账号Cookie=========
Jun 14 23:35:00 
Jun 14 23:35:00 
Jun 14 23:35:00 🔔宠汪汪🐕喂食, 开始!
Jun 14 23:35:00 您的cookie选择的是用&隔开
Jun 14 23:35:00 
Jun 14 23:35:00 
Jun 14 23:35:00 ====================共有2个京东账号Cookie=========
Jun 14 23:35:00 
Jun 14 23:35:00 ==================脚本执行- 北京时间(UTC+8)：6/14/2021, 11:35:00 PM=====================
Jun 14 23:35:00 
Jun 14 23:35:00 ==================脚本执行- 北京时间(UTC+8)：6/14/2021, 11:35:00 PM=====================
Jun 14 23:35:00 
Jun 14 23:35:00 您设置的喂食数量::80g
Jun 14 23:35:00 
Jun 14 23:35:00 实际的喂食数量::80g
Jun 14 23:35:00 
Jun 14 23:35:00 您设置的喂食数量::80g
Jun 14 23:35:00 
Jun 14 23:35:00 实际的喂食数量::80g
Jun 14 23:35:00 
Jun 14 23:35:01 喂食失败：正在食用
Jun 14 23:35:01 喂食失败：正在食用
Jun 14 23:35:01 
Jun 14 23:35:01 【喂食失败】您的汪汪正在食用
Jun 14 23:35:01 
Jun 14 23:35:01 
Jun 14 23:35:01 
Jun 14 23:35:01 【喂食失败】您的汪汪正在食用
Jun 14 23:35:01 
Jun 14 23:35:01 
Jun 14 23:35:01 您设置的喂食数量::80g
Jun 14 23:35:01 
Jun 14 23:35:01 实际的喂食数量::80g
Jun 14 23:35:01 
Jun 14 23:35:01 您设置的喂食数量::80g
Jun 14 23:35:01 
Jun 14 23:35:01 实际的喂食数量::80g
Jun 14 23:35:01 
Jun 14 23:35:01 喂食失败：正在食用
Jun 14 23:35:01 喂食失败：正在食用
Jun 14 23:35:01 
Jun 14 23:35:01 【喂食失败】您的汪汪正在食用
Jun 14 23:35:01 
Jun 14 23:35:01 
Jun 14 23:35:01 
Jun 14 23:35:01 🔔宠汪汪🐕喂食, 结束! 🕛 0.56 秒
Jun 14 23:35:01 
Jun 14 23:35:01 
Jun 14 23:35:01 【喂食失败】您的汪汪正在食用
Jun 14 23:35:01 
Jun 14 23:35:01 
Jun 14 23:35:01 
Jun 14 23:35:01 🔔宠汪汪🐕喂食, 结束! 🕛 0.572 秒
Jun 14 23:35:01 
Jun 15 00:35:00 
Jun 15 00:35:00 🔔宠汪汪🐕喂食, 开始!
Jun 15 00:35:00 您的cookie选择的是用&隔开
Jun 15 00:35:00 
Jun 15 00:35:00 
Jun 15 00:35:00 ====================共有2个京东账号Cookie=========
Jun 15 00:35:00 
Jun 15 00:35:00 
Jun 15 00:35:00 🔔宠汪汪🐕喂食, 开始!
Jun 15 00:35:00 您的cookie选择的是用&隔开
Jun 15 00:35:00 
Jun 15 00:35:00 
Jun 15 00:35:00 ====================共有2个京东账号Cookie=========
Jun 15 00:35:00 
Jun 15 00:35:01 ==================脚本执行- 北京时间(UTC+8)：6/15/2021, 12:35:00 AM=====================
Jun 15 00:35:01 
Jun 15 00:35:01 ==================脚本执行- 北京时间(UTC+8)：6/15/2021, 12:35:00 AM=====================
Jun 15 00:35:01 
Jun 15 00:35:01 您设置的喂食数量::80g
Jun 15 00:35:01 
Jun 15 00:35:01 实际的喂食数量::80g
Jun 15 00:35:01 
Jun 15 00:35:01 您设置的喂食数量::80g
Jun 15 00:35:01 
Jun 15 00:35:01 实际的喂食数量::80g
Jun 15 00:35:01 
Jun 15 00:35:01 喂食失败：正在食用
Jun 15 00:35:01 喂食失败：正在食用
Jun 15 00:35:01 
Jun 15 00:35:01 【喂食失败】您的汪汪正在食用
Jun 15 00:35:01 
Jun 15 00:35:01 
Jun 15 00:35:01 
Jun 15 00:35:01 【喂食失败】您的汪汪正在食用
Jun 15 00:35:01 
Jun 15 00:35:01 
Jun 15 00:35:01 您设置的喂食数量::80g
Jun 15 00:35:01 
Jun 15 00:35:01 实际的喂食数量::80g
Jun 15 00:35:01 
Jun 15 00:35:01 您设置的喂食数量::80g
Jun 15 00:35:01 
Jun 15 00:35:01 实际的喂食数量::80g
Jun 15 00:35:01 
Jun 15 00:35:01 喂食失败：正在食用
Jun 15 00:35:01 喂食失败：正在食用
Jun 15 00:35:01 
Jun 15 00:35:01 【喂食失败】您的汪汪正在食用
Jun 15 00:35:01 
Jun 15 00:35:01 
Jun 15 00:35:01 
Jun 15 00:35:01 🔔宠汪汪🐕喂食, 结束! 🕛 0.558 秒
Jun 15 00:35:01 
Jun 15 00:35:01 
Jun 15 00:35:01 【喂食失败】您的汪汪正在食用
Jun 15 00:35:01 
Jun 15 00:35:01 
Jun 15 00:35:01 
Jun 15 00:35:01 🔔宠汪汪🐕喂食, 结束! 🕛 0.572 秒
Jun 15 00:35:01 
Jun 15 01:35:00 
Jun 15 01:35:00 🔔宠汪汪🐕喂食, 开始!
Jun 15 01:35:00 您的cookie选择的是用&隔开
Jun 15 01:35:00 
Jun 15 01:35:00 
Jun 15 01:35:00 ====================共有2个京东账号Cookie=========
Jun 15 01:35:00 
Jun 15 01:35:00 
Jun 15 01:35:00 🔔宠汪汪🐕喂食, 开始!
Jun 15 01:35:00 您的cookie选择的是用&隔开
Jun 15 01:35:00 
Jun 15 01:35:00 
Jun 15 01:35:00 ====================共有2个京东账号Cookie=========
Jun 15 01:35:00 
Jun 15 01:35:00 ==================脚本执行- 北京时间(UTC+8)：6/15/2021, 1:35:00 AM=====================
Jun 15 01:35:00 
Jun 15 01:35:00 ==================脚本执行- 北京时间(UTC+8)：6/15/2021, 1:35:00 AM=====================
Jun 15 01:35:00 
Jun 15 01:35:00 您设置的喂食数量::80g
Jun 15 01:35:00 
Jun 15 01:35:00 实际的喂食数量::80g
Jun 15 01:35:00 
Jun 15 01:35:00 您设置的喂食数量::80g
Jun 15 01:35:00 
Jun 15 01:35:00 实际的喂食数量::80g
Jun 15 01:35:00 
Jun 15 01:35:00 喂食失败：正在食用
Jun 15 01:35:00 喂食失败：正在食用
Jun 15 01:35:00 
Jun 15 01:35:00 【喂食失败】您的汪汪正在食用
Jun 15 01:35:00 
Jun 15 01:35:00 
Jun 15 01:35:00 
Jun 15 01:35:00 【喂食失败】您的汪汪正在食用
Jun 15 01:35:00 
Jun 15 01:35:00 
Jun 15 01:35:00 您设置的喂食数量::80g
Jun 15 01:35:00 
Jun 15 01:35:00 实际的喂食数量::80g
Jun 15 01:35:00 
Jun 15 01:35:00 您设置的喂食数量::80g
Jun 15 01:35:00 
Jun 15 01:35:00 实际的喂食数量::80g
Jun 15 01:35:00 
Jun 15 01:35:00 喂食失败：正在食用
Jun 15 01:35:00 喂食失败：正在食用
Jun 15 01:35:00 
Jun 15 01:35:00 【喂食失败】您的汪汪正在食用
Jun 15 01:35:00 
Jun 15 01:35:00 
Jun 15 01:35:00 
Jun 15 01:35:00 🔔宠汪汪🐕喂食, 结束! 🕛 0.563 秒
Jun 15 01:35:00 
Jun 15 01:35:00 
Jun 15 01:35:00 【喂食失败】您的汪汪正在食用
Jun 15 01:35:00 
Jun 15 01:35:00 
Jun 15 01:35:00 
Jun 15 01:35:00 🔔宠汪汪🐕喂食, 结束! 🕛 0.586 秒
Jun 15 01:35:00 
Jun 15 02:35:00 
Jun 15 02:35:00 🔔宠汪汪🐕喂食, 开始!
Jun 15 02:35:00 
Jun 15 02:35:00 🔔宠汪汪🐕喂食, 开始!
Jun 15 02:35:00 您的cookie选择的是用&隔开
Jun 15 02:35:00 
Jun 15 02:35:00 
Jun 15 02:35:00 ====================共有2个京东账号Cookie=========
Jun 15 02:35:00 
Jun 15 02:35:00 您的cookie选择的是用&隔开
Jun 15 02:35:00 
Jun 15 02:35:00 
Jun 15 02:35:00 ====================共有2个京东账号Cookie=========
Jun 15 02:35:00 
Jun 15 02:35:00Jun 15 02:35:00 ==================脚本执行- 北京时间(UTC+8)：6/15/2021, 2:35:00 AM=====================
 ==================脚本执行- 北京时间(UTC+8)：6/15/2021, 2:35:00 AM=====================
Jun 15 02:35:00Jun 15 02:35:00 
 
Jun 15 02:35:00Jun 15 02:35:00 您设置的喂食数量::80g
 您设置的喂食数量::80g
Jun 15 02:35:00Jun 15 02:35:00 
 
Jun 15 02:35:00 实际的喂食数量::80g
Jun 15 02:35:00 
Jun 15 02:35:00 实际的喂食数量::80g
Jun 15 02:35:00 
Jun 15 02:35:00 喂食失败：正在食用
Jun 15 02:35:00 喂食成功
Jun 15 02:35:00 
Jun 15 02:35:00 【喂食失败】您的汪汪正在食用
Jun 15 02:35:00 
Jun 15 02:35:00 
Jun 15 02:35:00 
Jun 15 02:35:00 【喂食成功】80g
Jun 15 02:35:00 
Jun 15 02:35:00 
Jun 15 02:35:00 您设置的喂食数量::80g
Jun 15 02:35:00 
Jun 15 02:35:00 实际的喂食数量::80g
Jun 15 02:35:00 
Jun 15 02:35:00 您设置的喂食数量::80g
Jun 15 02:35:00 
Jun 15 02:35:00 实际的喂食数量::80g
Jun 15 02:35:00 
Jun 15 02:35:00 喂食失败：正在食用
Jun 15 02:35:00 喂食成功
Jun 15 02:35:00 
Jun 15 02:35:00 【喂食失败】您的汪汪正在食用
Jun 15 02:35:00 
Jun 15 02:35:00 
Jun 15 02:35:00 
Jun 15 02:35:00 🔔宠汪汪🐕喂食, 结束! 🕛 0.577 秒
Jun 15 02:35:00 
Jun 15 02:35:00 
Jun 15 02:35:00 【喂食成功】80g
Jun 15 02:35:00 
Jun 15 02:35:00 
Jun 15 02:35:00 
Jun 15 02:35:00 🔔宠汪汪🐕喂食, 结束! 🕛 0.585 秒
Jun 15 02:35:00 
Jun 15 03:35:00 
Jun 15 03:35:00 🔔宠汪汪🐕喂食, 开始!
Jun 15 03:35:00 
Jun 15 03:35:00 🔔宠汪汪🐕喂食, 开始!
Jun 15 03:35:00 您的cookie选择的是用&隔开
Jun 15 03:35:00 
Jun 15 03:35:00 
Jun 15 03:35:00 ====================共有2个京东账号Cookie=========
Jun 15 03:35:00 
Jun 15 03:35:00 您的cookie选择的是用&隔开
Jun 15 03:35:00 
Jun 15 03:35:00 
Jun 15 03:35:00 ====================共有2个京东账号Cookie=========
Jun 15 03:35:00 
Jun 15 03:35:00 ==================脚本执行- 北京时间(UTC+8)：6/15/2021, 3:35:00 AM=====================
Jun 15 03:35:00 
Jun 15 03:35:00 ==================脚本执行- 北京时间(UTC+8)：6/15/2021, 3:35:00 AM=====================
Jun 15 03:35:00 
Jun 15 03:35:00 您设置的喂食数量::80g
Jun 15 03:35:00 
Jun 15 03:35:00 实际的喂食数量::80g
Jun 15 03:35:00Jun 15 03:35:00 
 您设置的喂食数量::80g
Jun 15 03:35:00 
Jun 15 03:35:00 实际的喂食数量::80g
Jun 15 03:35:00 
Jun 15 03:35:00 喂食失败：正在食用
Jun 15 03:35:00 喂食失败：正在食用
Jun 15 03:35:00 
Jun 15 03:35:00 【喂食失败】您的汪汪正在食用
Jun 15 03:35:00 
Jun 15 03:35:00 
Jun 15 03:35:00 
Jun 15 03:35:00 【喂食失败】您的汪汪正在食用
Jun 15 03:35:00 
Jun 15 03:35:00 
Jun 15 03:35:00 您设置的喂食数量::80g
Jun 15 03:35:00 
Jun 15 03:35:00 实际的喂食数量::80g
Jun 15 03:35:00 
Jun 15 03:35:00 您设置的喂食数量::80g
Jun 15 03:35:00 
Jun 15 03:35:00 实际的喂食数量::80g
Jun 15 03:35:00 
Jun 15 03:35:00 喂食失败：正在食用
Jun 15 03:35:00 喂食失败：正在食用
Jun 15 03:35:00 
Jun 15 03:35:00 【喂食失败】您的汪汪正在食用
Jun 15 03:35:00 
Jun 15 03:35:00 
Jun 15 03:35:00 
Jun 15 03:35:00 🔔宠汪汪🐕喂食, 结束! 🕛 0.534 秒
Jun 15 03:35:00 
Jun 15 03:35:00 
Jun 15 03:35:00 【喂食失败】您的汪汪正在食用
Jun 15 03:35:00 
Jun 15 03:35:00 
Jun 15 03:35:00 
Jun 15 03:35:00 🔔宠汪汪🐕喂食, 结束! 🕛 0.545 秒
Jun 15 03:35:00 
Jun 15 04:35:00 
Jun 15 04:35:00 🔔宠汪汪🐕喂食, 开始!
Jun 15 04:35:00 
Jun 15 04:35:00 🔔宠汪汪🐕喂食, 开始!
Jun 15 04:35:00 您的cookie选择的是用&隔开
Jun 15 04:35:00 
Jun 15 04:35:00 
Jun 15 04:35:00 ====================共有2个京东账号Cookie=========
Jun 15 04:35:00 
Jun 15 04:35:00 您的cookie选择的是用&隔开
Jun 15 04:35:00 
Jun 15 04:35:00 
Jun 15 04:35:00 ====================共有2个京东账号Cookie=========
Jun 15 04:35:00 
Jun 15 04:35:00 ==================脚本执行- 北京时间(UTC+8)：6/15/2021, 4:35:00 AM=====================
Jun 15 04:35:00 
Jun 15 04:35:00 ==================脚本执行- 北京时间(UTC+8)：6/15/2021, 4:35:00 AM=====================
Jun 15 04:35:00 
Jun 15 04:35:00 您设置的喂食数量::80g
Jun 15 04:35:00 
Jun 15 04:35:00 实际的喂食数量::80g
Jun 15 04:35:00 
Jun 15 04:35:00 您设置的喂食数量::80g
Jun 15 04:35:00 
Jun 15 04:35:00 实际的喂食数量::80g
Jun 15 04:35:00 
Jun 15 04:35:00 喂食失败：正在食用
Jun 15 04:35:00 喂食失败：正在食用
Jun 15 04:35:00 
Jun 15 04:35:00 【喂食失败】您的汪汪正在食用
Jun 15 04:35:00 
Jun 15 04:35:00 
Jun 15 04:35:00 
Jun 15 04:35:00 【喂食失败】您的汪汪正在食用
Jun 15 04:35:00 
Jun 15 04:35:00 
Jun 15 04:35:00 您设置的喂食数量::80g
Jun 15 04:35:00 
Jun 15 04:35:00 实际的喂食数量::80g
Jun 15 04:35:00 
Jun 15 04:35:00 您设置的喂食数量::80g
Jun 15 04:35:00 
Jun 15 04:35:00 实际的喂食数量::80g
Jun 15 04:35:00 
Jun 15 04:35:00 喂食失败：正在食用
Jun 15 04:35:00 喂食失败：正在食用
Jun 15 04:35:00 
Jun 15 04:35:00 【喂食失败】您的汪汪正在食用
Jun 15 04:35:00 
Jun 15 04:35:00 
Jun 15 04:35:00 
Jun 15 04:35:00 🔔宠汪汪🐕喂食, 结束! 🕛 0.557 秒
Jun 15 04:35:00 
Jun 15 04:35:00 
Jun 15 04:35:00 【喂食失败】您的汪汪正在食用
Jun 15 04:35:00 
Jun 15 04:35:00 
Jun 15 04:35:00 
Jun 15 04:35:00 🔔宠汪汪🐕喂食, 结束! 🕛 0.583 秒
Jun 15 04:35:00 
Jun 15 05:35:00 
Jun 15 05:35:00 🔔宠汪汪🐕喂食, 开始!
Jun 15 05:35:00 您的cookie选择的是用&隔开
Jun 15 05:35:00 
Jun 15 05:35:00 
Jun 15 05:35:00 ====================共有2个京东账号Cookie=========
Jun 15 05:35:00 
Jun 15 05:35:00 
Jun 15 05:35:00 🔔宠汪汪🐕喂食, 开始!
Jun 15 05:35:00 您的cookie选择的是用&隔开
Jun 15 05:35:00 
Jun 15 05:35:00 
Jun 15 05:35:00 ====================共有2个京东账号Cookie=========
Jun 15 05:35:00 
Jun 15 05:35:00 ==================脚本执行- 北京时间(UTC+8)：6/15/2021, 5:35:00 AM=====================
Jun 15 05:35:00 
Jun 15 05:35:00 ==================脚本执行- 北京时间(UTC+8)：6/15/2021, 5:35:00 AM=====================
Jun 15 05:35:00 
Jun 15 05:35:00 您设置的喂食数量::80g
Jun 15 05:35:00 
Jun 15 05:35:00 实际的喂食数量::80g
Jun 15 05:35:00 
Jun 15 05:35:00 您设置的喂食数量::80g
Jun 15 05:35:00 
Jun 15 05:35:00 实际的喂食数量::80g
Jun 15 05:35:00 
Jun 15 05:35:00 喂食失败：正在食用
Jun 15 05:35:00 喂食成功
Jun 15 05:35:00 
Jun 15 05:35:00 【喂食失败】您的汪汪正在食用
Jun 15 05:35:00 
Jun 15 05:35:00 
Jun 15 05:35:00 
Jun 15 05:35:00 【喂食成功】80g
Jun 15 05:35:00 
Jun 15 05:35:00 
Jun 15 05:35:00 您设置的喂食数量::80g
Jun 15 05:35:00 
Jun 15 05:35:00 实际的喂食数量::80g
Jun 15 05:35:00 
Jun 15 05:35:00 您设置的喂食数量::80g
Jun 15 05:35:00 
Jun 15 05:35:00 实际的喂食数量::80g
Jun 15 05:35:00 
Jun 15 05:35:00 喂食失败：正在食用
Jun 15 05:35:01 喂食成功
Jun 15 05:35:01 
Jun 15 05:35:01 【喂食成功】80g
Jun 15 05:35:01 
Jun 15 05:35:01 
Jun 15 05:35:01 
Jun 15 05:35:01 🔔宠汪汪🐕喂食, 结束! 🕛 0.597 秒
Jun 15 05:35:01 
Jun 15 05:35:01 
Jun 15 05:35:01 【喂食失败】您的汪汪正在食用
Jun 15 05:35:01 
Jun 15 05:35:01 
Jun 15 05:35:01 
Jun 15 05:35:01 🔔宠汪汪🐕喂食, 结束! 🕛 0.607 秒
Jun 15 05:35:01 
Jun 15 06:35:00 
Jun 15 06:35:00 🔔宠汪汪🐕喂食, 开始!
Jun 15 06:35:00 
Jun 15 06:35:00 🔔宠汪汪🐕喂食, 开始!
Jun 15 06:35:00 您的cookie选择的是用&隔开
Jun 15 06:35:00 
Jun 15 06:35:00 
Jun 15 06:35:00 ====================共有2个京东账号Cookie=========
Jun 15 06:35:00 
Jun 15 06:35:00 您的cookie选择的是用&隔开
Jun 15 06:35:00 
Jun 15 06:35:00 
Jun 15 06:35:00 ====================共有2个京东账号Cookie=========
Jun 15 06:35:00 
Jun 15 06:35:00 ==================脚本执行- 北京时间(UTC+8)：6/15/2021, 6:35:00 AM=====================
Jun 15 06:35:00 
Jun 15 06:35:00 ==================脚本执行- 北京时间(UTC+8)：6/15/2021, 6:35:00 AM=====================
Jun 15 06:35:00 
Jun 15 06:35:00 您设置的喂食数量::80g
Jun 15 06:35:00 
Jun 15 06:35:00 实际的喂食数量::80g
Jun 15 06:35:00 
Jun 15 06:35:00 您设置的喂食数量::80g
Jun 15 06:35:00 
Jun 15 06:35:00 实际的喂食数量::80g
Jun 15 06:35:00 
Jun 15 06:35:00 喂食失败：正在食用
Jun 15 06:35:00 喂食失败：正在食用
Jun 15 06:35:01 三餐结果领取成功
Jun 15 06:35:01 
Jun 15 06:35:01 【喂食失败】您的汪汪正在食用
Jun 15 06:35:01 【三餐】领取成功，获得5g狗粮
Jun 15 06:35:01 
Jun 15 06:35:01 
Jun 15 06:35:01 三餐结果领取成功
Jun 15 06:35:01 
Jun 15 06:35:01 【喂食失败】您的汪汪正在食用
Jun 15 06:35:01 【三餐】领取成功，获得5g狗粮
Jun 15 06:35:01 
Jun 15 06:35:01 
Jun 15 06:35:01 您设置的喂食数量::80g
Jun 15 06:35:01 
Jun 15 06:35:01 实际的喂食数量::80g
Jun 15 06:35:01 
Jun 15 06:35:01 您设置的喂食数量::80g
Jun 15 06:35:01 
Jun 15 06:35:01 实际的喂食数量::80g
Jun 15 06:35:01 
Jun 15 06:35:01 喂食失败：正在食用
Jun 15 06:35:01 喂食失败：正在食用
Jun 15 06:35:01 
Jun 15 06:35:01 【喂食失败】您的汪汪正在食用
Jun 15 06:35:01 
Jun 15 06:35:01 
Jun 15 06:35:01 
Jun 15 06:35:01 🔔宠汪汪🐕喂食, 结束! 🕛 0.657 秒
Jun 15 06:35:01 
Jun 15 06:35:01 三餐结果领取成功
Jun 15 06:35:01 
Jun 15 06:35:01 【喂食失败】您的汪汪正在食用
Jun 15 06:35:01 【三餐】领取成功，获得5g狗粮
Jun 15 06:35:01 
Jun 15 06:35:01 
Jun 15 06:35:01 
Jun 15 06:35:01 🔔宠汪汪🐕喂食, 结束! 🕛 0.664 秒
Jun 15 06:35:01 
Jun 15 07:35:00 
Jun 15 07:35:00 🔔宠汪汪🐕喂食, 开始!
Jun 15 07:35:00 
Jun 15 07:35:00 🔔宠汪汪🐕喂食, 开始!
Jun 15 07:35:00 您的cookie选择的是用&隔开
Jun 15 07:35:00 
Jun 15 07:35:00 
Jun 15 07:35:00Jun 15 07:35:00 您的cookie选择的是用&隔开
 ====================共有2个京东账号Cookie=========
Jun 15 07:35:00Jun 15 07:35:00 
 
Jun 15 07:35:00 
Jun 15 07:35:00 ====================共有2个京东账号Cookie=========
Jun 15 07:35:00 
Jun 15 07:35:00 ==================脚本执行- 北京时间(UTC+8)：6/15/2021, 7:35:00 AM=====================
Jun 15 07:35:00 
Jun 15 07:35:00 ==================脚本执行- 北京时间(UTC+8)：6/15/2021, 7:35:00 AM=====================
Jun 15 07:35:00 
Jun 15 07:35:00 您设置的喂食数量::80g
Jun 15 07:35:00 
Jun 15 07:35:00 实际的喂食数量::80g
Jun 15 07:35:00 
Jun 15 07:35:00 您设置的喂食数量::80g
Jun 15 07:35:00 
Jun 15 07:35:00 实际的喂食数量::80g
Jun 15 07:35:00 
Jun 15 07:35:01 喂食失败：正在食用
Jun 15 07:35:01 喂食失败：正在食用
Jun 15 07:35:01 
Jun 15 07:35:01 【喂食失败】您的汪汪正在食用
Jun 15 07:35:01 
Jun 15 07:35:01 
Jun 15 07:35:01 
Jun 15 07:35:01 【喂食失败】您的汪汪正在食用
Jun 15 07:35:01 
Jun 15 07:35:01 
Jun 15 07:35:01 您设置的喂食数量::80g
Jun 15 07:35:01 
Jun 15 07:35:01 实际的喂食数量::80g
Jun 15 07:35:01 
Jun 15 07:35:01 您设置的喂食数量::80g
Jun 15 07:35:01 
Jun 15 07:35:01 实际的喂食数量::80g
Jun 15 07:35:01 
Jun 15 07:35:01 喂食失败：正在食用
Jun 15 07:35:01 喂食失败：正在食用
Jun 15 07:35:01 
Jun 15 07:35:01 【喂食失败】您的汪汪正在食用
Jun 15 07:35:01 
Jun 15 07:35:01 
Jun 15 07:35:01 
Jun 15 07:35:01 🔔宠汪汪🐕喂食, 结束! 🕛 0.553 秒
Jun 15 07:35:01 
Jun 15 07:35:01 
Jun 15 07:35:01 【喂食失败】您的汪汪正在食用
Jun 15 07:35:01 
Jun 15 07:35:01 
Jun 15 07:35:01 
Jun 15 07:35:01 🔔宠汪汪🐕喂食, 结束! 🕛 0.573 秒
Jun 15 07:35:01 
Jun 15 08:35:00 
Jun 15 08:35:00 🔔宠汪汪🐕喂食, 开始!
Jun 15 08:35:00 
Jun 15 08:35:00 🔔宠汪汪🐕喂食, 开始!
Jun 15 08:35:00 您的cookie选择的是用&隔开
Jun 15 08:35:00 
Jun 15 08:35:00 
Jun 15 08:35:00 ====================共有2个京东账号Cookie=========
Jun 15 08:35:00 
Jun 15 08:35:00 您的cookie选择的是用&隔开
Jun 15 08:35:00 
Jun 15 08:35:00 
Jun 15 08:35:00 ====================共有2个京东账号Cookie=========
Jun 15 08:35:00 
Jun 15 08:35:00 ==================脚本执行- 北京时间(UTC+8)：6/15/2021, 8:35:00 AM=====================
Jun 15 08:35:00 
Jun 15 08:35:00 ==================脚本执行- 北京时间(UTC+8)：6/15/2021, 8:35:00 AM=====================
Jun 15 08:35:00 
Jun 15 08:35:00 您设置的喂食数量::80g
Jun 15 08:35:00 
Jun 15 08:35:00 实际的喂食数量::80g
Jun 15 08:35:00 
Jun 15 08:35:00 您设置的喂食数量::80g
Jun 15 08:35:00 
Jun 15 08:35:00 实际的喂食数量::80g
Jun 15 08:35:00 
Jun 15 08:35:01 喂食失败：正在食用
Jun 15 08:35:01 喂食成功
Jun 15 08:35:01 
Jun 15 08:35:01 【喂食失败】您的汪汪正在食用
Jun 15 08:35:01 
Jun 15 08:35:01 
Jun 15 08:35:01 
Jun 15 08:35:01 【喂食成功】80g
Jun 15 08:35:01 
Jun 15 08:35:01 
Jun 15 08:35:01 您设置的喂食数量::80g
Jun 15 08:35:01 
Jun 15 08:35:01 实际的喂食数量::80g
Jun 15 08:35:01 
Jun 15 08:35:01 您设置的喂食数量::80g
Jun 15 08:35:01 
Jun 15 08:35:01 实际的喂食数量::80g
Jun 15 08:35:01 
Jun 15 08:35:01 喂食成功
Jun 15 08:35:01 喂食失败：正在食用
Jun 15 08:35:01 
Jun 15 08:35:01 【喂食成功】80g
Jun 15 08:35:01 
Jun 15 08:35:01 
Jun 15 08:35:01 
Jun 15 08:35:01 🔔宠汪汪🐕喂食, 结束! 🕛 0.564 秒
Jun 15 08:35:01 
Jun 15 08:35:01 
Jun 15 08:35:01 【喂食失败】您的汪汪正在食用
Jun 15 08:35:01 
Jun 15 08:35:01 
Jun 15 08:35:01 
Jun 15 08:35:01 🔔宠汪汪🐕喂食, 结束! 🕛 0.586 秒
Jun 15 08:35:01 
Jun 15 09:35:00 
Jun 15 09:35:00 🔔宠汪汪🐕喂食, 开始!
Jun 15 09:35:00 
Jun 15 09:35:00 🔔宠汪汪🐕喂食, 开始!
Jun 15 09:35:00 您的cookie选择的是用&隔开
Jun 15 09:35:00 
Jun 15 09:35:00 
Jun 15 09:35:00 ====================共有2个京东账号Cookie=========
Jun 15 09:35:00 
Jun 15 09:35:00 您的cookie选择的是用&隔开
Jun 15 09:35:00 
Jun 15 09:35:00 
Jun 15 09:35:00 ====================共有2个京东账号Cookie=========
Jun 15 09:35:00 
Jun 15 09:35:00 ==================脚本执行- 北京时间(UTC+8)：6/15/2021, 9:35:00 AM=====================
Jun 15 09:35:00 
Jun 15 09:35:00 ==================脚本执行- 北京时间(UTC+8)：6/15/2021, 9:35:00 AM=====================
Jun 15 09:35:00 
Jun 15 09:35:01 您设置的喂食数量::80g
Jun 15 09:35:01 
Jun 15 09:35:01 实际的喂食数量::80g
Jun 15 09:35:01 
Jun 15 09:35:01 您设置的喂食数量::80g
Jun 15 09:35:01 
Jun 15 09:35:01 实际的喂食数量::80g
Jun 15 09:35:01 
Jun 15 09:35:01Jun 15 09:35:01 喂食失败：正在食用
 喂食失败：正在食用
Jun 15 09:35:01 
Jun 15 09:35:01 【喂食失败】您的汪汪正在食用
Jun 15 09:35:01 
Jun 15 09:35:01 
Jun 15 09:35:01 
Jun 15 09:35:01 【喂食失败】您的汪汪正在食用
Jun 15 09:35:01 
Jun 15 09:35:01 
Jun 15 09:35:01 您设置的喂食数量::80g
Jun 15 09:35:01 
Jun 15 09:35:01 实际的喂食数量::80g
Jun 15 09:35:01 
Jun 15 09:35:01 您设置的喂食数量::80g
Jun 15 09:35:01 
Jun 15 09:35:01 实际的喂食数量::80g
Jun 15 09:35:01 
Jun 15 09:35:01 喂食失败：正在食用
Jun 15 09:35:01 喂食失败：正在食用
Jun 15 09:35:01 
Jun 15 09:35:01 【喂食失败】您的汪汪正在食用
Jun 15 09:35:01 
Jun 15 09:35:01 
Jun 15 09:35:01 
Jun 15 09:35:01 🔔宠汪汪🐕喂食, 结束! 🕛 0.547 秒
Jun 15 09:35:01 
Jun 15 09:35:01 
Jun 15 09:35:01 【喂食失败】您的汪汪正在食用
Jun 15 09:35:01 
Jun 15 09:35:01 
Jun 15 09:35:01 
Jun 15 09:35:01 🔔宠汪汪🐕喂食, 结束! 🕛 0.565 秒
Jun 15 09:35:01 
Jun 15 10:35:00 
Jun 15 10:35:00 🔔宠汪汪🐕喂食, 开始!
Jun 15 10:35:00 您的cookie选择的是用&隔开
Jun 15 10:35:00 
Jun 15 10:35:00 
Jun 15 10:35:00 ====================共有2个京东账号Cookie=========
Jun 15 10:35:00 
Jun 15 10:35:00 
Jun 15 10:35:00 🔔宠汪汪🐕喂食, 开始!
Jun 15 10:35:00 您的cookie选择的是用&隔开
Jun 15 10:35:00 
Jun 15 10:35:00 
Jun 15 10:35:00 ====================共有2个京东账号Cookie=========
Jun 15 10:35:00 
Jun 15 10:35:00 ==================脚本执行- 北京时间(UTC+8)：6/15/2021, 10:35:00 AM=====================
Jun 15 10:35:00 
Jun 15 10:35:00 ==================脚本执行- 北京时间(UTC+8)：6/15/2021, 10:35:00 AM=====================
Jun 15 10:35:00 
Jun 15 10:35:00 您设置的喂食数量::80g
Jun 15 10:35:00 
Jun 15 10:35:00 实际的喂食数量::80g
Jun 15 10:35:00 
Jun 15 10:35:00 您设置的喂食数量::80g
Jun 15 10:35:00 
Jun 15 10:35:00 实际的喂食数量::80g
Jun 15 10:35:00 
Jun 15 10:35:00 喂食失败：正在食用
Jun 15 10:35:00 喂食失败：正在食用
Jun 15 10:35:00 
Jun 15 10:35:00 【喂食失败】您的汪汪正在食用
Jun 15 10:35:00 
Jun 15 10:35:00 
Jun 15 10:35:00 
Jun 15 10:35:00 【喂食失败】您的汪汪正在食用
Jun 15 10:35:00 
Jun 15 10:35:00 
Jun 15 10:35:00 您设置的喂食数量::80g
Jun 15 10:35:00 
Jun 15 10:35:00 实际的喂食数量::80g
Jun 15 10:35:00 
Jun 15 10:35:00 您设置的喂食数量::80g
Jun 15 10:35:00 
Jun 15 10:35:00 实际的喂食数量::80g
Jun 15 10:35:00 
Jun 15 10:35:00 喂食失败：正在食用
Jun 15 10:35:01 喂食失败：正在食用
Jun 15 10:35:01 
Jun 15 10:35:01 【喂食失败】您的汪汪正在食用
Jun 15 10:35:01 
Jun 15 10:35:01 
Jun 15 10:35:01 
Jun 15 10:35:01 🔔宠汪汪🐕喂食, 结束! 🕛 0.566 秒
Jun 15 10:35:01 
Jun 15 10:35:01 
Jun 15 10:35:01 【喂食失败】您的汪汪正在食用
Jun 15 10:35:01 
Jun 15 10:35:01 
Jun 15 10:35:01 
Jun 15 10:35:01 🔔宠汪汪🐕喂食, 结束! 🕛 0.583 秒
Jun 15 10:35:01 
Jun 15 11:35:00 
Jun 15 11:35:00 🔔宠汪汪🐕喂食, 开始!
Jun 15 11:35:00 
Jun 15 11:35:00 🔔宠汪汪🐕喂食, 开始!
Jun 15 11:35:00 您的cookie选择的是用&隔开
Jun 15 11:35:00 
Jun 15 11:35:00 
Jun 15 11:35:00 ====================共有2个京东账号Cookie=========
Jun 15 11:35:00 
Jun 15 11:35:00 您的cookie选择的是用&隔开
Jun 15 11:35:00 
Jun 15 11:35:00 
Jun 15 11:35:00 ====================共有2个京东账号Cookie=========
Jun 15 11:35:00 
Jun 15 11:35:00 ==================脚本执行- 北京时间(UTC+8)：6/15/2021, 11:35:00 AM=====================
Jun 15 11:35:00 
Jun 15 11:35:00 ==================脚本执行- 北京时间(UTC+8)：6/15/2021, 11:35:00 AM=====================
Jun 15 11:35:00 
Jun 15 11:35:00 您设置的喂食数量::80g
Jun 15 11:35:00 
Jun 15 11:35:00 实际的喂食数量::80g
Jun 15 11:35:00 
Jun 15 11:35:00 您设置的喂食数量::80g
Jun 15 11:35:00 
Jun 15 11:35:00 实际的喂食数量::80g
Jun 15 11:35:00 
Jun 15 11:35:00 喂食失败：正在食用
Jun 15 11:35:00 喂食失败：正在食用
Jun 15 11:35:00 
Jun 15 11:35:00 【喂食失败】您的汪汪正在食用
Jun 15 11:35:00 
Jun 15 11:35:00 
Jun 15 11:35:00 三餐结果领取成功
Jun 15 11:35:00 
Jun 15 11:35:00 【喂食失败】您的汪汪正在食用
Jun 15 11:35:00 【三餐】领取成功，获得5g狗粮
Jun 15 11:35:00 
Jun 15 11:35:00 
Jun 15 11:35:01 您设置的喂食数量::80g
Jun 15 11:35:01 
Jun 15 11:35:01 实际的喂食数量::80g
Jun 15 11:35:01 
Jun 15 11:35:01 您设置的喂食数量::80g
Jun 15 11:35:01 
Jun 15 11:35:01 实际的喂食数量::80g
Jun 15 11:35:01 
Jun 15 11:35:01 当前喂食80g狗粮不够, 现为您降低一档次喂食
Jun 15 11:35:01 
Jun 15 11:35:01 您设置的喂食数量::80g
Jun 15 11:35:01 
Jun 15 11:35:01 实际的喂食数量::40g
Jun 15 11:35:01 
Jun 15 11:35:01 当前喂食80g狗粮不够, 现为您降低一档次喂食
Jun 15 11:35:01 
Jun 15 11:35:01 您设置的喂食数量::80g
Jun 15 11:35:01 
Jun 15 11:35:01 实际的喂食数量::40g
Jun 15 11:35:01 
Jun 15 11:35:01 喂食失败：正在食用
Jun 15 11:35:01 喂食成功
Jun 15 11:35:01 三餐结果领取成功
Jun 15 11:35:01 
Jun 15 11:35:01 【喂食失败】您的汪汪正在食用
Jun 15 11:35:01 【三餐】领取成功，获得5g狗粮
Jun 15 11:35:01 
Jun 15 11:35:01 
Jun 15 11:35:01 
Jun 15 11:35:01 🔔宠汪汪🐕喂食, 结束! 🕛 0.674 秒
Jun 15 11:35:01 
Jun 15 11:35:01 
Jun 15 11:35:01 【喂食成功】40g
Jun 15 11:35:01 
Jun 15 11:35:01 
Jun 15 11:35:01 
Jun 15 11:35:01 🔔宠汪汪🐕喂食, 结束! 🕛 0.685 秒
Jun 15 11:35:01 
Jun 15 12:35:01 
Jun 15 12:35:01 🔔宠汪汪🐕喂食, 开始!
Jun 15 12:35:01 您的cookie选择的是用&隔开
Jun 15 12:35:01 
Jun 15 12:35:01 
Jun 15 12:35:01 ====================共有2个京东账号Cookie=========
Jun 15 12:35:01 
Jun 15 12:35:01 
Jun 15 12:35:01 🔔宠汪汪🐕喂食, 开始!
Jun 15 12:35:01 您的cookie选择的是用&隔开
Jun 15 12:35:01 
Jun 15 12:35:01 
Jun 15 12:35:01 ====================共有2个京东账号Cookie=========
Jun 15 12:35:01 
Jun 15 12:35:01 ==================脚本执行- 北京时间(UTC+8)：6/15/2021, 12:35:01 PM=====================
Jun 15 12:35:01 
Jun 15 12:35:01 ==================脚本执行- 北京时间(UTC+8)：6/15/2021, 12:35:01 PM=====================
Jun 15 12:35:01 
Jun 15 12:35:01 您设置的喂食数量::80g
Jun 15 12:35:01 
Jun 15 12:35:01 实际的喂食数量::80g
Jun 15 12:35:01 
Jun 15 12:35:01 您设置的喂食数量::80g
Jun 15 12:35:01 
Jun 15 12:35:01 实际的喂食数量::80g
Jun 15 12:35:01 
Jun 15 12:35:01 喂食失败：正在食用
Jun 15 12:35:01 喂食成功
Jun 15 12:35:01 
Jun 15 12:35:01 【喂食失败】您的汪汪正在食用
Jun 15 12:35:01 
Jun 15 12:35:01 
Jun 15 12:35:01 
Jun 15 12:35:01 【喂食成功】80g
Jun 15 12:35:01 
Jun 15 12:35:01 
Jun 15 12:35:01 您设置的喂食数量::80g
Jun 15 12:35:01 
Jun 15 12:35:01 实际的喂食数量::80g
Jun 15 12:35:01 
Jun 15 12:35:01 您设置的喂食数量::80g
Jun 15 12:35:01 
Jun 15 12:35:01 实际的喂食数量::80g
Jun 15 12:35:01 
Jun 15 12:35:01 喂食失败：正在食用
Jun 15 12:35:01 喂食失败：正在食用
Jun 15 12:35:01 
Jun 15 12:35:01 【喂食失败】您的汪汪正在食用
Jun 15 12:35:01 
Jun 15 12:35:01 
Jun 15 12:35:01 
Jun 15 12:35:01 🔔宠汪汪🐕喂食, 结束! 🕛 0.605 秒
Jun 15 12:35:01 
Jun 15 12:35:01 
Jun 15 12:35:01 【喂食失败】您的汪汪正在食用
Jun 15 12:35:01 
Jun 15 12:35:01 
Jun 15 12:35:01 
Jun 15 12:35:01 🔔宠汪汪🐕喂食, 结束! 🕛 0.616 秒
Jun 15 12:35:01 
Jun 15 13:35:00 
Jun 15 13:35:00Jun 15 13:35:00 
 🔔宠汪汪🐕喂食, 开始!
Jun 15 13:35:00 🔔宠汪汪🐕喂食, 开始!
Jun 15 13:35:00 您的cookie选择的是用&隔开
Jun 15 13:35:00Jun 15 13:35:00 
 您的cookie选择的是用&隔开
Jun 15 13:35:00Jun 15 13:35:00 
 
Jun 15 13:35:00 ====================共有2个京东账号Cookie=========
Jun 15 13:35:00 
Jun 15 13:35:00 
Jun 15 13:35:00 ====================共有2个京东账号Cookie=========
Jun 15 13:35:00 
Jun 15 13:35:00Jun 15 13:35:00 ==================脚本执行- 北京时间(UTC+8)：6/15/2021, 1:35:00 PM=====================
 ==================脚本执行- 北京时间(UTC+8)：6/15/2021, 1:35:00 PM=====================
Jun 15 13:35:00Jun 15 13:35:00 
 
Jun 15 13:35:00Jun 15 13:35:00 您设置的喂食数量::80g
 您设置的喂食数量::80g
Jun 15 13:35:00Jun 15 13:35:00 
 
Jun 15 13:35:00 实际的喂食数量::80g
Jun 15 13:35:00 实际的喂食数量::80g
Jun 15 13:35:00 
Jun 15 13:35:00 
Jun 15 13:35:00 喂食失败：正在食用
Jun 15 13:35:00 喂食失败：正在食用
Jun 15 13:35:00 
Jun 15 13:35:00 【喂食失败】您的汪汪正在食用
Jun 15 13:35:00 
Jun 15 13:35:00 
Jun 15 13:35:00 
Jun 15 13:35:00 【喂食失败】您的汪汪正在食用
Jun 15 13:35:00 
Jun 15 13:35:00 
Jun 15 13:35:00 您设置的喂食数量::80g
Jun 15 13:35:00 
Jun 15 13:35:00 实际的喂食数量::80g
Jun 15 13:35:00 
Jun 15 13:35:00 您设置的喂食数量::80g
Jun 15 13:35:00 
Jun 15 13:35:00 实际的喂食数量::80g
Jun 15 13:35:00 
Jun 15 13:35:00 喂食失败：正在食用
Jun 15 13:35:00 喂食失败：正在食用
Jun 15 13:35:00 
Jun 15 13:35:00 【喂食失败】您的汪汪正在食用
Jun 15 13:35:00 
Jun 15 13:35:00 
Jun 15 13:35:00 
Jun 15 13:35:00 🔔宠汪汪🐕喂食, 结束! 🕛 0.557 秒
Jun 15 13:35:00 
Jun 15 13:35:00 
Jun 15 13:35:00 【喂食失败】您的汪汪正在食用
Jun 15 13:35:00 
Jun 15 13:35:00 
Jun 15 13:35:00 
Jun 15 13:35:00 🔔宠汪汪🐕喂食, 结束! 🕛 0.561 秒
Jun 15 13:35:00 
Jun 15 14:35:00 
Jun 15 14:35:00 🔔宠汪汪🐕喂食, 开始!
Jun 15 14:35:00 您的cookie选择的是用&隔开
Jun 15 14:35:00 
Jun 15 14:35:00 
Jun 15 14:35:00 ====================共有2个京东账号Cookie=========
Jun 15 14:35:00 
Jun 15 14:35:00 
Jun 15 14:35:00 🔔宠汪汪🐕喂食, 开始!
Jun 15 14:35:00 您的cookie选择的是用&隔开
Jun 15 14:35:00 
Jun 15 14:35:00 
Jun 15 14:35:00 ====================共有2个京东账号Cookie=========
Jun 15 14:35:00 
Jun 15 14:35:00 ==================脚本执行- 北京时间(UTC+8)：6/15/2021, 2:35:00 PM=====================
Jun 15 14:35:00 
Jun 15 14:35:00 ==================脚本执行- 北京时间(UTC+8)：6/15/2021, 2:35:00 PM=====================
Jun 15 14:35:00 
Jun 15 14:35:00 您设置的喂食数量::80g
Jun 15 14:35:00 
Jun 15 14:35:00 实际的喂食数量::80g
Jun 15 14:35:00 
Jun 15 14:35:00 您设置的喂食数量::80g
Jun 15 14:35:00 
Jun 15 14:35:00 实际的喂食数量::80g
Jun 15 14:35:00 
Jun 15 14:35:00 喂食失败：正在食用
Jun 15 14:35:00 喂食失败：正在食用
Jun 15 14:35:00 
Jun 15 14:35:00 【喂食失败】您的汪汪正在食用
Jun 15 14:35:00 
Jun 15 14:35:00 
Jun 15 14:35:00 
Jun 15 14:35:00 【喂食失败】您的汪汪正在食用
Jun 15 14:35:00 
Jun 15 14:35:00 
Jun 15 14:35:00 您设置的喂食数量::80g
Jun 15 14:35:00 
Jun 15 14:35:00 实际的喂食数量::80g
Jun 15 14:35:00 
Jun 15 14:35:00 您设置的喂食数量::80g
Jun 15 14:35:00 
Jun 15 14:35:00 实际的喂食数量::80g
Jun 15 14:35:00 
Jun 15 14:35:00 喂食失败：正在食用
Jun 15 14:35:00 喂食失败：正在食用
Jun 15 14:35:00 
Jun 15 14:35:00 【喂食失败】您的汪汪正在食用
Jun 15 14:35:00 
Jun 15 14:35:00 
Jun 15 14:35:00 
Jun 15 14:35:00 🔔宠汪汪🐕喂食, 结束! 🕛 0.6 秒
Jun 15 14:35:00 
Jun 15 14:35:00 
Jun 15 14:35:00 【喂食失败】您的汪汪正在食用
Jun 15 14:35:00 
Jun 15 14:35:00 
Jun 15 14:35:00 
Jun 15 14:35:00 🔔宠汪汪🐕喂食, 结束! 🕛 0.592 秒
Jun 15 14:35:00 
Jun 15 15:35:00 
Jun 15 15:35:00 🔔宠汪汪🐕喂食, 开始!
Jun 15 15:35:00 您的cookie选择的是用&隔开
Jun 15 15:35:00 
Jun 15 15:35:00 
Jun 15 15:35:00 ====================共有2个京东账号Cookie=========
Jun 15 15:35:00 
Jun 15 15:35:00 
Jun 15 15:35:00 🔔宠汪汪🐕喂食, 开始!
Jun 15 15:35:00 您的cookie选择的是用&隔开
Jun 15 15:35:00 
Jun 15 15:35:00 
Jun 15 15:35:00 ====================共有2个京东账号Cookie=========
Jun 15 15:35:00 
Jun 15 15:35:00 ==================脚本执行- 北京时间(UTC+8)：6/15/2021, 3:35:00 PM=====================
Jun 15 15:35:00 
Jun 15 15:35:00 ==================脚本执行- 北京时间(UTC+8)：6/15/2021, 3:35:00 PM=====================
Jun 15 15:35:00 
Jun 15 15:35:00 您设置的喂食数量::80g
Jun 15 15:35:00 
Jun 15 15:35:00 实际的喂食数量::80g
Jun 15 15:35:00 
Jun 15 15:35:00 您设置的喂食数量::80g
Jun 15 15:35:00 
Jun 15 15:35:00 实际的喂食数量::80g
Jun 15 15:35:00 
Jun 15 15:35:00 喂食失败：正在食用
Jun 15 15:35:00 喂食失败：正在食用
Jun 15 15:35:00 
Jun 15 15:35:00 【喂食失败】您的汪汪正在食用
Jun 15 15:35:00 
Jun 15 15:35:00 
Jun 15 15:35:00 
Jun 15 15:35:00 【喂食失败】您的汪汪正在食用
Jun 15 15:35:00 
Jun 15 15:35:00 
Jun 15 15:35:00 您设置的喂食数量::80g
Jun 15 15:35:00 
Jun 15 15:35:00 实际的喂食数量::80g
Jun 15 15:35:00 
Jun 15 15:35:00 喂食失败：正在食用
Jun 15 15:35:00 您设置的喂食数量::80g
Jun 15 15:35:00 
Jun 15 15:35:00 实际的喂食数量::80g
Jun 15 15:35:00 
Jun 15 15:35:00 
Jun 15 15:35:00 【喂食失败】您的汪汪正在食用
Jun 15 15:35:00 
Jun 15 15:35:00 
Jun 15 15:35:00 
Jun 15 15:35:00 🔔宠汪汪🐕喂食, 结束! 🕛 0.542 秒
Jun 15 15:35:00 
Jun 15 15:35:00 喂食失败：正在食用
Jun 15 15:35:00 
Jun 15 15:35:00 【喂食失败】您的汪汪正在食用
Jun 15 15:35:00 
Jun 15 15:35:00 
Jun 15 15:35:00 
Jun 15 15:35:00 🔔宠汪汪🐕喂食, 结束! 🕛 0.598 秒
Jun 15 15:35:00 
Jun 15 16:35:00 
Jun 15 16:35:00 🔔宠汪汪🐕喂食, 开始!
Jun 15 16:35:00 
Jun 15 16:35:00 🔔宠汪汪🐕喂食, 开始!
Jun 15 16:35:00 您的cookie选择的是用&隔开
Jun 15 16:35:00 
Jun 15 16:35:00 
Jun 15 16:35:00 ====================共有2个京东账号Cookie=========
Jun 15 16:35:00 
Jun 15 16:35:00 您的cookie选择的是用&隔开
Jun 15 16:35:00 
Jun 15 16:35:00 
Jun 15 16:35:00 ====================共有2个京东账号Cookie=========
Jun 15 16:35:00 
Jun 15 16:35:00 ==================脚本执行- 北京时间(UTC+8)：6/15/2021, 4:35:00 PM=====================
Jun 15 16:35:00 
Jun 15 16:35:00 ==================脚本执行- 北京时间(UTC+8)：6/15/2021, 4:35:00 PM=====================
Jun 15 16:35:00 
Jun 15 16:35:00 您设置的喂食数量::80g
Jun 15 16:35:00 
Jun 15 16:35:00 实际的喂食数量::80g
Jun 15 16:35:00 
Jun 15 16:35:00 您设置的喂食数量::80g
Jun 15 16:35:00 
Jun 15 16:35:00 实际的喂食数量::80g
Jun 15 16:35:00 
Jun 15 16:35:00 喂食失败：正在食用
Jun 15 16:35:00 喂食成功
Jun 15 16:35:00 
Jun 15 16:35:00 【喂食失败】您的汪汪正在食用
Jun 15 16:35:00 
Jun 15 16:35:00 
Jun 15 16:35:00 
Jun 15 16:35:00 【喂食成功】80g
Jun 15 16:35:00 
Jun 15 16:35:00 
Jun 15 16:35:00 您设置的喂食数量::80g
Jun 15 16:35:00 
Jun 15 16:35:00 实际的喂食数量::80g
Jun 15 16:35:00 
Jun 15 16:35:00 您设置的喂食数量::80g
Jun 15 16:35:00 
Jun 15 16:35:00 实际的喂食数量::80g
Jun 15 16:35:00 
Jun 15 16:35:00 喂食失败：正在食用
Jun 15 16:35:00 喂食失败：正在食用
Jun 15 16:35:01 
Jun 15 16:35:01 【喂食失败】您的汪汪正在食用
Jun 15 16:35:01 
Jun 15 16:35:01 
Jun 15 16:35:01 
Jun 15 16:35:01 🔔宠汪汪🐕喂食, 结束! 🕛 0.583 秒
Jun 15 16:35:01 
Jun 15 16:35:01 
Jun 15 16:35:01 【喂食失败】您的汪汪正在食用
Jun 15 16:35:01 
Jun 15 16:35:01 
Jun 15 16:35:01 
Jun 15 16:35:01 🔔宠汪汪🐕喂食, 结束! 🕛 0.599 秒
Jun 15 16:35:01 
