Jun 14 01:30:00 
Jun 14 01:30:00 🔔京喜领88元红包, 开始!
Jun 14 01:30:00 您的cookie选择的是用&隔开
Jun 14 01:30:00 
Jun 14 01:30:00 
Jun 14 01:30:00 ====================共有2个京东账号Cookie=========
Jun 14 01:30:00 
Jun 14 01:30:00 
Jun 14 01:30:00 🔔京喜领88元红包, 开始!
Jun 14 01:30:00 您的cookie选择的是用&隔开
Jun 14 01:30:00 
Jun 14 01:30:00 
Jun 14 01:30:00 ====================共有2个京东账号Cookie=========
Jun 14 01:30:00 
Jun 14 01:30:00 ==================脚本执行- 北京时间(UTC+8)：6/14/2021, 1:30:00 AM=====================
Jun 14 01:30:00 
Jun 14 01:30:00 ==================脚本执行- 北京时间(UTC+8)：6/14/2021, 1:30:00 AM=====================
Jun 14 01:30:00 
Jun 14 01:30:00 京喜领88元红包
Jun 14 01:30:00 活动入口：京喜app-》我的-》京喜领88元红包
Jun 14 01:30:00 助力逻辑：先自己京东账号相互助力，如有剩余助力机会，则助力作者
Jun 14 01:30:00 温馨提示：如提示助力火爆，可尝试寻找京东客服
Jun 14 01:30:00 京喜领88元红包
Jun 14 01:30:00 活动入口：京喜app-》我的-》京喜领88元红包
Jun 14 01:30:00 助力逻辑：先自己京东账号相互助力，如有剩余助力机会，则助力作者
Jun 14 01:30:00 温馨提示：如提示助力火爆，可尝试寻找京东客服
Jun 14 01:30:00 
Jun 14 01:30:00 *****开始【京东账号1】赛格di*****
Jun 14 01:30:00 
Jun 14 01:30:00 
Jun 14 01:30:00 *****开始【京东账号1】赛格di*****
Jun 14 01:30:00 
Jun 14 01:30:01 活动开启失败：用户己参与活动
Jun 14 01:30:01 
Jun 14 01:30:01 活动开启失败：用户己参与活动
Jun 14 01:30:01 
Jun 14 01:30:01 获取助力码成功：ZnDvSC1OVEKMfQW2hobrzMBR8c2MRVvwAOPHY_tNVnZxs2bnqcRl-wXX2EfVMbb0
Jun 14 01:30:01 
Jun 14 01:30:01 
Jun 14 01:30:01 *****开始【京东账号2】了来风*****
Jun 14 01:30:01 
Jun 14 01:30:01 获取助力码成功：ZnDvSC1OVEKMfQW2hobrzMBR8c2MRVvwAOPHY_tNVnZxs2bnqcRl-wXX2EfVMbb0
Jun 14 01:30:01 
Jun 14 01:30:01 活动开启失败：用户己参与活动
Jun 14 01:30:01 
Jun 14 01:30:01 
Jun 14 01:30:01 *****开始【京东账号2】了来风*****
Jun 14 01:30:01 
Jun 14 01:30:01 
Jun 14 01:30:01 京喜领88元红包:  API查询请求失败 ‼️‼️
Jun 14 01:30:01 
Jun 14 01:30:01 ❗️京喜领88元红包, 错误!
Jun 14 01:30:01 
Jun 14 01:30:01 
Jun 14 01:30:01 
Jun 14 01:30:01 自己京东账号助力码：
Jun 14 01:30:01 [{"strUserPin":"ZnDvSC1OVEKMfQW2hobrzMBR8c2MRVvwAOPHY_tNVnZxs2bnqcRl-wXX2EfVMbb0","userName":"jd_RbuUwXHBNnJR"}]
Jun 14 01:30:01 
Jun 14 01:30:01 
Jun 14 01:30:01 
Jun 14 01:30:01 开始助力：助力逻辑 先自己京东相互助力，如有剩余助力机会，则助力作者
Jun 14 01:30:01 
Jun 14 01:30:01 
Jun 14 01:30:01 【jd_RbuUwXHBNnJR】有剩余助力机会，开始助力作者
Jun 14 01:30:01 
Jun 14 01:30:01 【jd_fMRfXcJHjROT】去助力【jd_RbuUwXHBNnJR】邀请码：ZnDvSC1OVEKMfQW2hobrzMBR8c2MRVvwAOPHY_tNVnZxs2bnqcRl-wXX2EfVMbb0
Jun 14 01:30:01 
Jun 14 01:30:01 京喜领88元红包:  API查询请求失败 ‼️‼️
Jun 14 01:30:01 
Jun 14 01:30:01 ❗️京喜领88元红包, 错误!
Jun 14 01:30:01 
Jun 14 01:30:01 
Jun 14 01:30:01 京喜领88元红包:  API查询请求失败 ‼️‼️
Jun 14 01:30:01 
Jun 14 01:30:01 ❗️京喜领88元红包, 错误!
Jun 14 01:30:01 
Jun 14 01:30:01 
Jun 14 01:30:01 
Jun 14 01:30:01 自己京东账号助力码：
Jun 14 01:30:01 [{"strUserPin":"ZnDvSC1OVEKMfQW2hobrzMBR8c2MRVvwAOPHY_tNVnZxs2bnqcRl-wXX2EfVMbb0","userName":"jd_RbuUwXHBNnJR"}]
Jun 14 01:30:01 
Jun 14 01:30:01 
Jun 14 01:30:01 
Jun 14 01:30:01 开始助力：助力逻辑 先自己京东相互助力，如有剩余助力机会，则助力作者
Jun 14 01:30:01 
Jun 14 01:30:01 
Jun 14 01:30:01 【jd_RbuUwXHBNnJR】有剩余助力机会，开始助力作者
Jun 14 01:30:01 
Jun 14 01:30:01 【jd_fMRfXcJHjROT】去助力【jd_RbuUwXHBNnJR】邀请码：ZnDvSC1OVEKMfQW2hobrzMBR8c2MRVvwAOPHY_tNVnZxs2bnqcRl-wXX2EfVMbb0
Jun 14 01:30:01 温馨提示：如提示助力火爆，可尝试寻找京东客服
Jun 14 01:30:01 助力失败:活动太火爆，暂时无法助力，<br>请稍后再试
Jun 14 01:30:01 
Jun 14 01:30:01 温馨提示：如提示助力火爆，可尝试寻找京东客服
Jun 14 01:30:01 助力失败:活动太火爆，暂时无法助力，<br>请稍后再试
Jun 14 01:30:01 
Jun 14 01:30:03 
Jun 14 01:30:03 【jd_RbuUwXHBNnJR】去拆第1个红包
Jun 14 01:30:03 
Jun 14 01:30:03 【jd_RbuUwXHBNnJR】去拆第1个红包
Jun 14 01:30:03 拆红包失败:未达到抽奖资格
Jun 14 01:30:03 
Jun 14 01:30:03 
Jun 14 01:30:03 京喜领88元红包:  API查询请求失败 ‼️‼️
Jun 14 01:30:03 
Jun 14 01:30:03 ❗️京喜领88元红包, 错误!
Jun 14 01:30:03 
Jun 14 01:30:04 
Jun 14 01:30:04 🔔京喜领88元红包, 结束! 🕛 4.384 秒
Jun 14 01:30:04 
Jun 14 01:30:04 
Jun 14 01:30:04 【jd_RbuUwXHBNnJR】去拆第2个红包
Jun 14 01:30:04 拆红包失败:未达到抽奖资格
Jun 14 01:30:04 
Jun 14 01:30:05 
Jun 14 01:30:05 🔔京喜领88元红包, 结束! 🕛 5.478 秒
Jun 14 01:30:05 
Jun 14 06:30:00 
Jun 14 06:30:00 🔔京喜领88元红包, 开始!
Jun 14 06:30:00 您的cookie选择的是用&隔开
Jun 14 06:30:00 
Jun 14 06:30:00 
Jun 14 06:30:00 ====================共有2个京东账号Cookie=========
Jun 14 06:30:00 
Jun 14 06:30:00 ==================脚本执行- 北京时间(UTC+8)：6/14/2021, 6:30:00 AM=====================
Jun 14 06:30:00 
Jun 14 06:30:00 京喜领88元红包
Jun 14 06:30:00 活动入口：京喜app-》我的-》京喜领88元红包
Jun 14 06:30:00 助力逻辑：先自己京东账号相互助力，如有剩余助力机会，则助力作者
Jun 14 06:30:00 温馨提示：如提示助力火爆，可尝试寻找京东客服
Jun 14 06:30:00 
Jun 14 06:30:00 🔔京喜领88元红包, 开始!
Jun 14 06:30:00 您的cookie选择的是用&隔开
Jun 14 06:30:00 
Jun 14 06:30:00 
Jun 14 06:30:00 ====================共有2个京东账号Cookie=========
Jun 14 06:30:00 
Jun 14 06:30:00 ==================脚本执行- 北京时间(UTC+8)：6/14/2021, 6:30:00 AM=====================
Jun 14 06:30:00 
Jun 14 06:30:00 京喜领88元红包
Jun 14 06:30:00 活动入口：京喜app-》我的-》京喜领88元红包
Jun 14 06:30:00 助力逻辑：先自己京东账号相互助力，如有剩余助力机会，则助力作者
Jun 14 06:30:00 温馨提示：如提示助力火爆，可尝试寻找京东客服
Jun 14 06:30:01 
Jun 14 06:30:01 *****开始【京东账号1】赛格di*****
Jun 14 06:30:01 
Jun 14 06:30:01 
Jun 14 06:30:01 *****开始【京东账号1】赛格di*****
Jun 14 06:30:01 
Jun 14 06:30:01 
Jun 14 06:30:01 京喜领88元红包:  API查询请求失败 ‼️‼️
Jun 14 06:30:01 
Jun 14 06:30:01 ❗️京喜领88元红包, 错误!
Jun 14 06:30:01 
Jun 14 06:30:01 
Jun 14 06:30:01 京喜领88元红包:  API查询请求失败 ‼️‼️
Jun 14 06:30:01 
Jun 14 06:30:01 ❗️京喜领88元红包, 错误!
Jun 14 06:30:01 
Jun 14 06:30:01 获取助力码成功：ZnDvSC1OVEKMfQW2hobrzMBR8c2MRVvwAOPHY_tNVnZxs2bnqcRl-wXX2EfVMbb0
Jun 14 06:30:01 
Jun 14 06:30:01 获取助力码成功：ZnDvSC1OVEKMfQW2hobrzMBR8c2MRVvwAOPHY_tNVnZxs2bnqcRl-wXX2EfVMbb0
Jun 14 06:30:01 
Jun 14 06:30:01 
Jun 14 06:30:01 *****开始【京东账号2】了来风*****
Jun 14 06:30:01 
Jun 14 06:30:01 
Jun 14 06:30:01 *****开始【京东账号2】了来风*****
Jun 14 06:30:01 
Jun 14 06:30:01 
Jun 14 06:30:01 京喜领88元红包:  API查询请求失败 ‼️‼️
Jun 14 06:30:01 
Jun 14 06:30:01 ❗️京喜领88元红包, 错误!
Jun 14 06:30:01 
Jun 14 06:30:01 
Jun 14 06:30:01 京喜领88元红包:  API查询请求失败 ‼️‼️
Jun 14 06:30:01 
Jun 14 06:30:01 ❗️京喜领88元红包, 错误!
Jun 14 06:30:01 
Jun 14 06:30:01 
Jun 14 06:30:01 京喜领88元红包:  API查询请求失败 ‼️‼️
Jun 14 06:30:01 
Jun 14 06:30:01 ❗️京喜领88元红包, 错误!
Jun 14 06:30:01 
Jun 14 06:30:01 
Jun 14 06:30:01 
Jun 14 06:30:01 自己京东账号助力码：
Jun 14 06:30:01 [{"strUserPin":"ZnDvSC1OVEKMfQW2hobrzMBR8c2MRVvwAOPHY_tNVnZxs2bnqcRl-wXX2EfVMbb0","userName":"jd_RbuUwXHBNnJR"}]
Jun 14 06:30:01 
Jun 14 06:30:01 
Jun 14 06:30:01 
Jun 14 06:30:01 开始助力：助力逻辑 先自己京东相互助力，如有剩余助力机会，则助力作者
Jun 14 06:30:01 
Jun 14 06:30:01 
Jun 14 06:30:01 【jd_RbuUwXHBNnJR】有剩余助力机会，开始助力作者
Jun 14 06:30:01 
Jun 14 06:30:01 【jd_fMRfXcJHjROT】去助力【jd_RbuUwXHBNnJR】邀请码：ZnDvSC1OVEKMfQW2hobrzMBR8c2MRVvwAOPHY_tNVnZxs2bnqcRl-wXX2EfVMbb0
Jun 14 06:30:01 
Jun 14 06:30:01 京喜领88元红包:  API查询请求失败 ‼️‼️
Jun 14 06:30:01 
Jun 14 06:30:01 ❗️京喜领88元红包, 错误!
Jun 14 06:30:01 
Jun 14 06:30:01 
Jun 14 06:30:01 
Jun 14 06:30:01 自己京东账号助力码：
Jun 14 06:30:01 [{"strUserPin":"ZnDvSC1OVEKMfQW2hobrzMBR8c2MRVvwAOPHY_tNVnZxs2bnqcRl-wXX2EfVMbb0","userName":"jd_RbuUwXHBNnJR"}]
Jun 14 06:30:01 
Jun 14 06:30:01 
Jun 14 06:30:01 
Jun 14 06:30:01 开始助力：助力逻辑 先自己京东相互助力，如有剩余助力机会，则助力作者
Jun 14 06:30:01 
Jun 14 06:30:01 
Jun 14 06:30:01 【jd_RbuUwXHBNnJR】有剩余助力机会，开始助力作者
Jun 14 06:30:01 
Jun 14 06:30:01 【jd_fMRfXcJHjROT】去助力【jd_RbuUwXHBNnJR】邀请码：ZnDvSC1OVEKMfQW2hobrzMBR8c2MRVvwAOPHY_tNVnZxs2bnqcRl-wXX2EfVMbb0
Jun 14 06:30:01 
Jun 14 06:30:01 京喜领88元红包:  API查询请求失败 ‼️‼️
Jun 14 06:30:01 
Jun 14 06:30:01 ❗️京喜领88元红包, 错误!
Jun 14 06:30:01 
Jun 14 06:30:01 温馨提示：如提示助力火爆，可尝试寻找京东客服
Jun 14 06:30:01 助力失败:活动太火爆，暂时无法助力，<br>请稍后再试
Jun 14 06:30:01 
Jun 14 06:30:03 
Jun 14 06:30:03 【jd_fMRfXcJHjROT】有剩余助力机会，开始助力作者
Jun 14 06:30:03 
Jun 14 06:30:03 
Jun 14 06:30:03 【jd_RbuUwXHBNnJR】去拆第1个红包
Jun 14 06:30:03 
Jun 14 06:30:03 【jd_RbuUwXHBNnJR】去拆第1个红包
Jun 14 06:30:03 拆红包失败:未达到抽奖资格
Jun 14 06:30:03 
Jun 14 06:30:03 拆红包失败:未达到抽奖资格
Jun 14 06:30:03 
Jun 14 06:30:04 
Jun 14 06:30:04 🔔京喜领88元红包, 结束! 🕛 4.115 秒
Jun 14 06:30:04 
Jun 14 06:30:04 
Jun 14 06:30:04 🔔京喜领88元红包, 结束! 🕛 4.118 秒
Jun 14 06:30:04 
Jun 14 12:30:00 
Jun 14 12:30:00 🔔京喜领88元红包, 开始!
Jun 14 12:30:00 您的cookie选择的是用&隔开
Jun 14 12:30:00 
Jun 14 12:30:00 
Jun 14 12:30:00 ====================共有2个京东账号Cookie=========
Jun 14 12:30:00 
Jun 14 12:30:00 
Jun 14 12:30:00 🔔京喜领88元红包, 开始!
Jun 14 12:30:00 您的cookie选择的是用&隔开
Jun 14 12:30:00 
Jun 14 12:30:00 
Jun 14 12:30:00 ====================共有2个京东账号Cookie=========
Jun 14 12:30:00 
Jun 14 12:30:00 ==================脚本执行- 北京时间(UTC+8)：6/14/2021, 12:30:00 PM=====================
Jun 14 12:30:00 
Jun 14 12:30:00 京喜领88元红包
Jun 14 12:30:00 活动入口：京喜app-》我的-》京喜领88元红包
Jun 14 12:30:00 助力逻辑：先自己京东账号相互助力，如有剩余助力机会，则助力作者
Jun 14 12:30:00 温馨提示：如提示助力火爆，可尝试寻找京东客服
Jun 14 12:30:00 ==================脚本执行- 北京时间(UTC+8)：6/14/2021, 12:30:00 PM=====================
Jun 14 12:30:00 
Jun 14 12:30:00 京喜领88元红包
Jun 14 12:30:00 活动入口：京喜app-》我的-》京喜领88元红包
Jun 14 12:30:00 助力逻辑：先自己京东账号相互助力，如有剩余助力机会，则助力作者
Jun 14 12:30:00 温馨提示：如提示助力火爆，可尝试寻找京东客服
Jun 14 12:30:01 
Jun 14 12:30:01 *****开始【京东账号1】赛格di*****
Jun 14 12:30:01 
Jun 14 12:30:01 
Jun 14 12:30:01 *****开始【京东账号1】赛格di*****
Jun 14 12:30:01 
Jun 14 12:30:01 活动开启失败：用户己参与活动
Jun 14 12:30:01 
Jun 14 12:30:01 活动开启失败：用户己参与活动
Jun 14 12:30:01 
Jun 14 12:30:01 获取助力码成功：ZnDvSC1OVEKMfQW2hobrzMBR8c2MRVvwAOPHY_tNVnZxs2bnqcRl-wXX2EfVMbb0
Jun 14 12:30:01 
Jun 14 12:30:01 获取助力码成功：ZnDvSC1OVEKMfQW2hobrzMBR8c2MRVvwAOPHY_tNVnZxs2bnqcRl-wXX2EfVMbb0
Jun 14 12:30:01 
Jun 14 12:30:01 
Jun 14 12:30:01 *****开始【京东账号2】了来风*****
Jun 14 12:30:01 
Jun 14 12:30:01 
Jun 14 12:30:01 *****开始【京东账号2】了来风*****
Jun 14 12:30:01 
Jun 14 12:30:01 活动开启失败：用户己参与活动
Jun 14 12:30:01 
Jun 14 12:30:01 活动开启失败：用户己参与活动
Jun 14 12:30:01 
Jun 14 12:30:01 获取助力码成功：ZnDvSC1OVEKMfQW2hobrzCNgV-lGXzFKiZ15lG_-zq6-niXdpKCpY9rCW3JhuDMT
Jun 14 12:30:01 
Jun 14 12:30:01 
Jun 14 12:30:01 
Jun 14 12:30:01 自己京东账号助力码：
Jun 14 12:30:01 [{"strUserPin":"ZnDvSC1OVEKMfQW2hobrzMBR8c2MRVvwAOPHY_tNVnZxs2bnqcRl-wXX2EfVMbb0","userName":"jd_RbuUwXHBNnJR"},{"strUserPin":"ZnDvSC1OVEKMfQW2hobrzCNgV-lGXzFKiZ15lG_-zq6-niXdpKCpY9rCW3JhuDMT","userName":"jd_fMRfXcJHjROT"}]
Jun 14 12:30:01 
Jun 14 12:30:01 
Jun 14 12:30:01 
Jun 14 12:30:01 开始助力：助力逻辑 先自己京东相互助力，如有剩余助力机会，则助力作者
Jun 14 12:30:01 
Jun 14 12:30:01 【jd_RbuUwXHBNnJR】去助力【jd_fMRfXcJHjROT】邀请码：ZnDvSC1OVEKMfQW2hobrzCNgV-lGXzFKiZ15lG_-zq6-niXdpKCpY9rCW3JhuDMT
Jun 14 12:30:01 获取助力码成功：ZnDvSC1OVEKMfQW2hobrzCNgV-lGXzFKiZ15lG_-zq6-niXdpKCpY9rCW3JhuDMT
Jun 14 12:30:01 
Jun 14 12:30:01 
Jun 14 12:30:01 
Jun 14 12:30:01 自己京东账号助力码：
Jun 14 12:30:01 [{"strUserPin":"ZnDvSC1OVEKMfQW2hobrzMBR8c2MRVvwAOPHY_tNVnZxs2bnqcRl-wXX2EfVMbb0","userName":"jd_RbuUwXHBNnJR"},{"strUserPin":"ZnDvSC1OVEKMfQW2hobrzCNgV-lGXzFKiZ15lG_-zq6-niXdpKCpY9rCW3JhuDMT","userName":"jd_fMRfXcJHjROT"}]
Jun 14 12:30:01 
Jun 14 12:30:01 
Jun 14 12:30:01 
Jun 14 12:30:01 开始助力：助力逻辑 先自己京东相互助力，如有剩余助力机会，则助力作者
Jun 14 12:30:01 
Jun 14 12:30:01 【jd_RbuUwXHBNnJR】去助力【jd_fMRfXcJHjROT】邀请码：ZnDvSC1OVEKMfQW2hobrzCNgV-lGXzFKiZ15lG_-zq6-niXdpKCpY9rCW3JhuDMT
Jun 14 12:30:01 
Jun 14 12:30:01 京喜领88元红包:  API查询请求失败 ‼️‼️
Jun 14 12:30:01 
Jun 14 12:30:01 ❗️京喜领88元红包, 错误!
Jun 14 12:30:01 
Jun 14 12:30:01 温馨提示：如提示助力火爆，可尝试寻找京东客服
Jun 14 12:30:01 助力失败:活动太火爆，暂时无法助力，<br>请稍后再试
Jun 14 12:30:01 
Jun 14 12:30:04 
Jun 14 12:30:04 【jd_RbuUwXHBNnJR】有剩余助力机会，开始助力作者
Jun 14 12:30:04 
Jun 14 12:30:04 【jd_fMRfXcJHjROT】去助力【jd_RbuUwXHBNnJR】邀请码：ZnDvSC1OVEKMfQW2hobrzMBR8c2MRVvwAOPHY_tNVnZxs2bnqcRl-wXX2EfVMbb0
Jun 14 12:30:04 【jd_fMRfXcJHjROT】去助力【jd_RbuUwXHBNnJR】邀请码：ZnDvSC1OVEKMfQW2hobrzMBR8c2MRVvwAOPHY_tNVnZxs2bnqcRl-wXX2EfVMbb0
Jun 14 12:30:04 
Jun 14 12:30:04 京喜领88元红包:  API查询请求失败 ‼️‼️
Jun 14 12:30:04 
Jun 14 12:30:04 ❗️京喜领88元红包, 错误!
Jun 14 12:30:04 
Jun 14 12:30:04 温馨提示：如提示助力火爆，可尝试寻找京东客服
Jun 14 12:30:04 助力失败:活动太火爆，暂时无法助力，<br>请稍后再试
Jun 14 12:30:04 
Jun 14 12:30:06 
Jun 14 12:30:06 【jd_fMRfXcJHjROT】有剩余助力机会，开始助力作者
Jun 14 12:30:06 
Jun 14 12:30:06 
Jun 14 12:30:06 【jd_RbuUwXHBNnJR】去拆第1个红包
Jun 14 12:30:06 
Jun 14 12:30:06 【jd_RbuUwXHBNnJR】去拆第1个红包
Jun 14 12:30:06 
Jun 14 12:30:06 京喜领88元红包:  API查询请求失败 ‼️‼️
Jun 14 12:30:06 
Jun 14 12:30:06 ❗️京喜领88元红包, 错误!
Jun 14 12:30:06 
Jun 14 12:30:06 拆红包失败:未达到抽奖资格
Jun 14 12:30:06 
Jun 14 12:30:07 
Jun 14 12:30:07 【jd_RbuUwXHBNnJR】去拆第2个红包
Jun 14 12:30:07 
Jun 14 12:30:07 【jd_fMRfXcJHjROT】去拆第1个红包
Jun 14 12:30:07 
Jun 14 12:30:07 京喜领88元红包:  API查询请求失败 ‼️‼️
Jun 14 12:30:07 
Jun 14 12:30:07 ❗️京喜领88元红包, 错误!
Jun 14 12:30:07 
Jun 14 12:30:07 拆红包失败:未达到抽奖资格
Jun 14 12:30:07 
Jun 14 12:30:08 
Jun 14 12:30:08 【jd_fMRfXcJHjROT】去拆第2个红包
Jun 14 12:30:08 
Jun 14 12:30:08 【jd_fMRfXcJHjROT】去拆第1个红包
Jun 14 12:30:08 拆红包失败:未达到抽奖资格
Jun 14 12:30:08 
Jun 14 12:30:08 拆红包失败:未达到抽奖资格
Jun 14 12:30:08 
Jun 14 12:30:09 
Jun 14 12:30:09 🔔京喜领88元红包, 结束! 🕛 9.257 秒
Jun 14 12:30:09 
Jun 14 12:30:09 
Jun 14 12:30:09 🔔京喜领88元红包, 结束! 🕛 9.324 秒
Jun 14 12:30:09 
Jun 14 21:30:00 
Jun 14 21:30:00 🔔京喜领88元红包, 开始!
Jun 14 21:30:00 
Jun 14 21:30:00 🔔京喜领88元红包, 开始!
Jun 14 21:30:00 您的cookie选择的是用&隔开
Jun 14 21:30:00 
Jun 14 21:30:00 
Jun 14 21:30:00 ====================共有2个京东账号Cookie=========
Jun 14 21:30:00 
Jun 14 21:30:00 您的cookie选择的是用&隔开
Jun 14 21:30:00 
Jun 14 21:30:00 
Jun 14 21:30:00 ====================共有2个京东账号Cookie=========
Jun 14 21:30:00 
Jun 14 21:30:00 ==================脚本执行- 北京时间(UTC+8)：6/14/2021, 9:30:00 PM=====================
Jun 14 21:30:00 
Jun 14 21:30:00 京喜领88元红包
Jun 14 21:30:00 活动入口：京喜app-》我的-》京喜领88元红包
Jun 14 21:30:00 助力逻辑：先自己京东账号相互助力，如有剩余助力机会，则助力作者
Jun 14 21:30:00 温馨提示：如提示助力火爆，可尝试寻找京东客服
Jun 14 21:30:00 ==================脚本执行- 北京时间(UTC+8)：6/14/2021, 9:30:00 PM=====================
Jun 14 21:30:00 
Jun 14 21:30:00 京喜领88元红包
Jun 14 21:30:00 活动入口：京喜app-》我的-》京喜领88元红包
Jun 14 21:30:00 助力逻辑：先自己京东账号相互助力，如有剩余助力机会，则助力作者
Jun 14 21:30:00 温馨提示：如提示助力火爆，可尝试寻找京东客服
Jun 14 21:30:00 
Jun 14 21:30:00 *****开始【京东账号1】赛格di*****
Jun 14 21:30:00 
Jun 14 21:30:00 
Jun 14 21:30:00 *****开始【京东账号1】赛格di*****
Jun 14 21:30:00 
Jun 14 21:30:00 活动开启失败：用户己参与活动
Jun 14 21:30:00 
Jun 14 21:30:00 活动开启失败：用户己参与活动
Jun 14 21:30:00 
Jun 14 21:30:01 获取助力码成功：ZnDvSC1OVEKMfQW2hobrzMBR8c2MRVvwAOPHY_tNVnZxs2bnqcRl-wXX2EfVMbb0
Jun 14 21:30:01 
Jun 14 21:30:01 获取助力码成功：ZnDvSC1OVEKMfQW2hobrzMBR8c2MRVvwAOPHY_tNVnZxs2bnqcRl-wXX2EfVMbb0
Jun 14 21:30:01 
Jun 14 21:30:01 
Jun 14 21:30:01 *****开始【京东账号2】了来风*****
Jun 14 21:30:01 
Jun 14 21:30:01 
Jun 14 21:30:01 *****开始【京东账号2】了来风*****
Jun 14 21:30:01 
Jun 14 21:30:01 活动开启失败：用户己参与活动
Jun 14 21:30:01 
Jun 14 21:30:01 活动开启失败：用户己参与活动
Jun 14 21:30:01 
Jun 14 21:30:01 获取助力码成功：ZnDvSC1OVEKMfQW2hobrzCNgV-lGXzFKiZ15lG_-zq6-niXdpKCpY9rCW3JhuDMT
Jun 14 21:30:01 
Jun 14 21:30:01 
Jun 14 21:30:01 
Jun 14 21:30:01 自己京东账号助力码：
Jun 14 21:30:01 [{"strUserPin":"ZnDvSC1OVEKMfQW2hobrzMBR8c2MRVvwAOPHY_tNVnZxs2bnqcRl-wXX2EfVMbb0","userName":"jd_RbuUwXHBNnJR"},{"strUserPin":"ZnDvSC1OVEKMfQW2hobrzCNgV-lGXzFKiZ15lG_-zq6-niXdpKCpY9rCW3JhuDMT","userName":"jd_fMRfXcJHjROT"}]
Jun 14 21:30:01 
Jun 14 21:30:01 
Jun 14 21:30:01 
Jun 14 21:30:01 开始助力：助力逻辑 先自己京东相互助力，如有剩余助力机会，则助力作者
Jun 14 21:30:01 
Jun 14 21:30:01 【jd_RbuUwXHBNnJR】去助力【jd_fMRfXcJHjROT】邀请码：ZnDvSC1OVEKMfQW2hobrzCNgV-lGXzFKiZ15lG_-zq6-niXdpKCpY9rCW3JhuDMT
Jun 14 21:30:01 获取助力码成功：ZnDvSC1OVEKMfQW2hobrzCNgV-lGXzFKiZ15lG_-zq6-niXdpKCpY9rCW3JhuDMT
Jun 14 21:30:01 
Jun 14 21:30:01 
Jun 14 21:30:01 
Jun 14 21:30:01 自己京东账号助力码：
Jun 14 21:30:01 [{"strUserPin":"ZnDvSC1OVEKMfQW2hobrzMBR8c2MRVvwAOPHY_tNVnZxs2bnqcRl-wXX2EfVMbb0","userName":"jd_RbuUwXHBNnJR"},{"strUserPin":"ZnDvSC1OVEKMfQW2hobrzCNgV-lGXzFKiZ15lG_-zq6-niXdpKCpY9rCW3JhuDMT","userName":"jd_fMRfXcJHjROT"}]
Jun 14 21:30:01 
Jun 14 21:30:01 
Jun 14 21:30:01 
Jun 14 21:30:01 开始助力：助力逻辑 先自己京东相互助力，如有剩余助力机会，则助力作者
Jun 14 21:30:01 
Jun 14 21:30:01 【jd_RbuUwXHBNnJR】去助力【jd_fMRfXcJHjROT】邀请码：ZnDvSC1OVEKMfQW2hobrzCNgV-lGXzFKiZ15lG_-zq6-niXdpKCpY9rCW3JhuDMT
Jun 14 21:30:01 
Jun 14 21:30:01 京喜领88元红包:  API查询请求失败 ‼️‼️
Jun 14 21:30:01 
Jun 14 21:30:01 ❗️京喜领88元红包, 错误!
Jun 14 21:30:01 
Jun 14 21:30:01 温馨提示：如提示助力火爆，可尝试寻找京东客服
Jun 14 21:30:01 助力失败:活动太火爆，暂时无法助力，<br>请稍后再试
Jun 14 21:30:01 
Jun 14 21:30:03 
Jun 14 21:30:03 【jd_RbuUwXHBNnJR】有剩余助力机会，开始助力作者
Jun 14 21:30:03 
Jun 14 21:30:03 【jd_fMRfXcJHjROT】去助力【jd_RbuUwXHBNnJR】邀请码：ZnDvSC1OVEKMfQW2hobrzMBR8c2MRVvwAOPHY_tNVnZxs2bnqcRl-wXX2EfVMbb0
Jun 14 21:30:03 【jd_fMRfXcJHjROT】去助力【jd_RbuUwXHBNnJR】邀请码：ZnDvSC1OVEKMfQW2hobrzMBR8c2MRVvwAOPHY_tNVnZxs2bnqcRl-wXX2EfVMbb0
Jun 14 21:30:03 温馨提示：如提示助力火爆，可尝试寻找京东客服
Jun 14 21:30:03 助力失败:活动太火爆，暂时无法助力，<br>请稍后再试
Jun 14 21:30:03 
Jun 14 21:30:03 
Jun 14 21:30:03 京喜领88元红包:  API查询请求失败 ‼️‼️
Jun 14 21:30:03 
Jun 14 21:30:03 ❗️京喜领88元红包, 错误!
Jun 14 21:30:03 
Jun 14 21:30:06 
Jun 14 21:30:06 【jd_RbuUwXHBNnJR】去拆第1个红包
Jun 14 21:30:06 
Jun 14 21:30:06 【jd_fMRfXcJHjROT】有剩余助力机会，开始助力作者
Jun 14 21:30:06 
Jun 14 21:30:06 
Jun 14 21:30:06 【jd_RbuUwXHBNnJR】去拆第1个红包
Jun 14 21:30:06 
Jun 14 21:30:06 京喜领88元红包:  API查询请求失败 ‼️‼️
Jun 14 21:30:06 
Jun 14 21:30:06 ❗️京喜领88元红包, 错误!
Jun 14 21:30:06 
Jun 14 21:30:06 拆红包失败:未达到抽奖资格
Jun 14 21:30:06 
Jun 14 21:30:07 
Jun 14 21:30:07 【jd_RbuUwXHBNnJR】去拆第2个红包
Jun 14 21:30:07 
Jun 14 21:30:07 【jd_fMRfXcJHjROT】去拆第1个红包
Jun 14 21:30:07 拆红包失败:未达到抽奖资格
Jun 14 21:30:07 
Jun 14 21:30:07 拆红包失败:未达到抽奖资格
Jun 14 21:30:07 
Jun 14 21:30:08 
Jun 14 21:30:08 【jd_fMRfXcJHjROT】去拆第1个红包
Jun 14 21:30:08 
Jun 14 21:30:08 🔔京喜领88元红包, 结束! 🕛 7.813 秒
Jun 14 21:30:08 
Jun 14 21:30:08 拆红包失败:未达到抽奖资格
Jun 14 21:30:08 
Jun 14 21:30:09 
Jun 14 21:30:09 🔔京喜领88元红包, 结束! 🕛 8.869 秒
Jun 14 21:30:09 
Jun 15 01:30:00 
Jun 15 01:30:00 🔔京喜领88元红包, 开始!
Jun 15 01:30:00 您的cookie选择的是用&隔开
Jun 15 01:30:00 
Jun 15 01:30:00 
Jun 15 01:30:00 ====================共有2个京东账号Cookie=========
Jun 15 01:30:00 
Jun 15 01:30:00 
Jun 15 01:30:00 🔔京喜领88元红包, 开始!
Jun 15 01:30:00 您的cookie选择的是用&隔开
Jun 15 01:30:00 
Jun 15 01:30:00 
Jun 15 01:30:00 ====================共有2个京东账号Cookie=========
Jun 15 01:30:00 
Jun 15 01:30:00 ==================脚本执行- 北京时间(UTC+8)：6/15/2021, 1:30:00 AM=====================
Jun 15 01:30:00 
Jun 15 01:30:00 京喜领88元红包
Jun 15 01:30:00 活动入口：京喜app-》我的-》京喜领88元红包
Jun 15 01:30:00 助力逻辑：先自己京东账号相互助力，如有剩余助力机会，则助力作者
Jun 15 01:30:00 温馨提示：如提示助力火爆，可尝试寻找京东客服
Jun 15 01:30:00 ==================脚本执行- 北京时间(UTC+8)：6/15/2021, 1:30:00 AM=====================
Jun 15 01:30:00 
Jun 15 01:30:00 京喜领88元红包
Jun 15 01:30:00 活动入口：京喜app-》我的-》京喜领88元红包
Jun 15 01:30:00 助力逻辑：先自己京东账号相互助力，如有剩余助力机会，则助力作者
Jun 15 01:30:00 温馨提示：如提示助力火爆，可尝试寻找京东客服
Jun 15 01:30:00 
Jun 15 01:30:00 *****开始【京东账号1】赛格di*****
Jun 15 01:30:00 
Jun 15 01:30:00 
Jun 15 01:30:00 *****开始【京东账号1】赛格di*****
Jun 15 01:30:00 
Jun 15 01:30:00 活动开启失败：用户己参与活动
Jun 15 01:30:00 
Jun 15 01:30:00 活动开启失败：用户己参与活动
Jun 15 01:30:00 
Jun 15 01:30:00 获取助力码成功：OdzDagBMoJ1RX3LR8oixjcBR8c2MRVvwAOPHY_tNVnZxs2bnqcRl-wXX2EfVMbb0
Jun 15 01:30:00 
Jun 15 01:30:00 获取助力码成功：OdzDagBMoJ1RX3LR8oixjcBR8c2MRVvwAOPHY_tNVnZxs2bnqcRl-wXX2EfVMbb0
Jun 15 01:30:00 
Jun 15 01:30:00 
Jun 15 01:30:00 *****开始【京东账号2】了来风*****
Jun 15 01:30:00 
Jun 15 01:30:00 
Jun 15 01:30:00 *****开始【京东账号2】了来风*****
Jun 15 01:30:00 
Jun 15 01:30:00 活动开启失败：用户己参与活动
Jun 15 01:30:00 
Jun 15 01:30:00 活动开启失败：用户己参与活动
Jun 15 01:30:00 
Jun 15 01:30:00 获取助力码成功：OdzDagBMoJ1RX3LR8oixjSNgV-lGXzFKiZ15lG_-zq6-niXdpKCpY9rCW3JhuDMT
Jun 15 01:30:00 
Jun 15 01:30:00 
Jun 15 01:30:00 
Jun 15 01:30:00 自己京东账号助力码：
Jun 15 01:30:00 [{"strUserPin":"OdzDagBMoJ1RX3LR8oixjcBR8c2MRVvwAOPHY_tNVnZxs2bnqcRl-wXX2EfVMbb0","userName":"jd_RbuUwXHBNnJR"},{"strUserPin":"OdzDagBMoJ1RX3LR8oixjSNgV-lGXzFKiZ15lG_-zq6-niXdpKCpY9rCW3JhuDMT","userName":"jd_fMRfXcJHjROT"}]
Jun 15 01:30:00 
Jun 15 01:30:00 
Jun 15 01:30:00 
Jun 15 01:30:00 开始助力：助力逻辑 先自己京东相互助力，如有剩余助力机会，则助力作者
Jun 15 01:30:00 
Jun 15 01:30:00 【jd_RbuUwXHBNnJR】去助力【jd_fMRfXcJHjROT】邀请码：OdzDagBMoJ1RX3LR8oixjSNgV-lGXzFKiZ15lG_-zq6-niXdpKCpY9rCW3JhuDMT
Jun 15 01:30:00 获取助力码成功：OdzDagBMoJ1RX3LR8oixjSNgV-lGXzFKiZ15lG_-zq6-niXdpKCpY9rCW3JhuDMT
Jun 15 01:30:00 
Jun 15 01:30:00 
Jun 15 01:30:00 
Jun 15 01:30:00 自己京东账号助力码：
Jun 15 01:30:00 [{"strUserPin":"OdzDagBMoJ1RX3LR8oixjcBR8c2MRVvwAOPHY_tNVnZxs2bnqcRl-wXX2EfVMbb0","userName":"jd_RbuUwXHBNnJR"},{"strUserPin":"OdzDagBMoJ1RX3LR8oixjSNgV-lGXzFKiZ15lG_-zq6-niXdpKCpY9rCW3JhuDMT","userName":"jd_fMRfXcJHjROT"}]
Jun 15 01:30:00 
Jun 15 01:30:00 
Jun 15 01:30:00 
Jun 15 01:30:00 开始助力：助力逻辑 先自己京东相互助力，如有剩余助力机会，则助力作者
Jun 15 01:30:00 
Jun 15 01:30:00 【jd_RbuUwXHBNnJR】去助力【jd_fMRfXcJHjROT】邀请码：OdzDagBMoJ1RX3LR8oixjSNgV-lGXzFKiZ15lG_-zq6-niXdpKCpY9rCW3JhuDMT
Jun 15 01:30:00 温馨提示：如提示助力火爆，可尝试寻找京东客服
Jun 15 01:30:00 助力失败:活动太火爆，暂时无法助力，<br>请稍后再试
Jun 15 01:30:00 
Jun 15 01:30:00 温馨提示：如提示助力火爆，可尝试寻找京东客服
Jun 15 01:30:00 助力失败:活动太火爆，暂时无法助力，<br>请稍后再试
Jun 15 01:30:00 
Jun 15 01:30:03 【jd_fMRfXcJHjROT】去助力【jd_RbuUwXHBNnJR】邀请码：OdzDagBMoJ1RX3LR8oixjcBR8c2MRVvwAOPHY_tNVnZxs2bnqcRl-wXX2EfVMbb0
Jun 15 01:30:03 【jd_fMRfXcJHjROT】去助力【jd_RbuUwXHBNnJR】邀请码：OdzDagBMoJ1RX3LR8oixjcBR8c2MRVvwAOPHY_tNVnZxs2bnqcRl-wXX2EfVMbb0
Jun 15 01:30:03 
Jun 15 01:30:03 京喜领88元红包:  API查询请求失败 ‼️‼️
Jun 15 01:30:03 
Jun 15 01:30:03 ❗️京喜领88元红包, 错误!
Jun 15 01:30:03 
Jun 15 01:30:03 温馨提示：如提示助力火爆，可尝试寻找京东客服
Jun 15 01:30:03 助力失败:活动太火爆，暂时无法助力，<br>请稍后再试
Jun 15 01:30:03 
Jun 15 01:30:05 
Jun 15 01:30:05 【jd_fMRfXcJHjROT】有剩余助力机会，开始助力作者
Jun 15 01:30:05 
Jun 15 01:30:05 
Jun 15 01:30:05 【jd_RbuUwXHBNnJR】去拆第1个红包
Jun 15 01:30:05 
Jun 15 01:30:05 【jd_RbuUwXHBNnJR】去拆第1个红包
Jun 15 01:30:06 
Jun 15 01:30:06 京喜领88元红包:  API查询请求失败 ‼️‼️
Jun 15 01:30:06 
Jun 15 01:30:06 ❗️京喜领88元红包, 错误!
Jun 15 01:30:06 
Jun 15 01:30:06 拆红包失败:未达到抽奖资格
Jun 15 01:30:06 
Jun 15 01:30:07 
Jun 15 01:30:07 【jd_RbuUwXHBNnJR】去拆第2个红包
Jun 15 01:30:07 
Jun 15 01:30:07 【jd_fMRfXcJHjROT】去拆第1个红包
Jun 15 01:30:07 拆红包失败:未达到抽奖资格
Jun 15 01:30:07 
Jun 15 01:30:07 拆红包失败:未达到抽奖资格
Jun 15 01:30:07 
Jun 15 01:30:08 
Jun 15 01:30:08 【jd_fMRfXcJHjROT】去拆第1个红包
Jun 15 01:30:08 
Jun 15 01:30:08 🔔京喜领88元红包, 结束! 🕛 7.955 秒
Jun 15 01:30:08 
Jun 15 01:30:08 拆红包失败:未达到抽奖资格
Jun 15 01:30:08 
Jun 15 01:30:09 
Jun 15 01:30:09 🔔京喜领88元红包, 结束! 🕛 8.996 秒
Jun 15 01:30:09 
Jun 15 06:30:00 
Jun 15 06:30:00 🔔京喜领88元红包, 开始!
Jun 15 06:30:00 您的cookie选择的是用&隔开
Jun 15 06:30:00 
Jun 15 06:30:00 
Jun 15 06:30:00 ====================共有2个京东账号Cookie=========
Jun 15 06:30:00 
Jun 15 06:30:00 ==================脚本执行- 北京时间(UTC+8)：6/15/2021, 6:30:00 AM=====================
Jun 15 06:30:00 
Jun 15 06:30:00 京喜领88元红包
Jun 15 06:30:00 活动入口：京喜app-》我的-》京喜领88元红包
Jun 15 06:30:00 助力逻辑：先自己京东账号相互助力，如有剩余助力机会，则助力作者
Jun 15 06:30:00 温馨提示：如提示助力火爆，可尝试寻找京东客服
Jun 15 06:30:00 
Jun 15 06:30:00 🔔京喜领88元红包, 开始!
Jun 15 06:30:00 您的cookie选择的是用&隔开
Jun 15 06:30:00 
Jun 15 06:30:00 
Jun 15 06:30:00 ====================共有2个京东账号Cookie=========
Jun 15 06:30:00 
Jun 15 06:30:00 ==================脚本执行- 北京时间(UTC+8)：6/15/2021, 6:30:00 AM=====================
Jun 15 06:30:00 
Jun 15 06:30:00 京喜领88元红包
Jun 15 06:30:00 活动入口：京喜app-》我的-》京喜领88元红包
Jun 15 06:30:00 助力逻辑：先自己京东账号相互助力，如有剩余助力机会，则助力作者
Jun 15 06:30:00 温馨提示：如提示助力火爆，可尝试寻找京东客服
Jun 15 06:30:00 
Jun 15 06:30:00 *****开始【京东账号1】赛格di*****
Jun 15 06:30:00 
Jun 15 06:30:00 
Jun 15 06:30:00 *****开始【京东账号1】赛格di*****
Jun 15 06:30:00 
Jun 15 06:30:00 活动开启失败：用户己参与活动
Jun 15 06:30:00 
Jun 15 06:30:00 活动开启失败：用户己参与活动
Jun 15 06:30:00 
Jun 15 06:30:00 获取助力码成功：OdzDagBMoJ1RX3LR8oixjcBR8c2MRVvwAOPHY_tNVnZxs2bnqcRl-wXX2EfVMbb0
Jun 15 06:30:00 
Jun 15 06:30:00 获取助力码成功：OdzDagBMoJ1RX3LR8oixjcBR8c2MRVvwAOPHY_tNVnZxs2bnqcRl-wXX2EfVMbb0
Jun 15 06:30:00 
Jun 15 06:30:01 
Jun 15 06:30:01 *****开始【京东账号2】了来风*****
Jun 15 06:30:01 
Jun 15 06:30:01 
Jun 15 06:30:01 *****开始【京东账号2】了来风*****
Jun 15 06:30:01 
Jun 15 06:30:01 活动开启失败：用户己参与活动
Jun 15 06:30:01 
Jun 15 06:30:01 活动开启失败：用户己参与活动
Jun 15 06:30:01 
Jun 15 06:30:01 获取助力码成功：OdzDagBMoJ1RX3LR8oixjSNgV-lGXzFKiZ15lG_-zq6-niXdpKCpY9rCW3JhuDMT
Jun 15 06:30:01 
Jun 15 06:30:01 
Jun 15 06:30:01 
Jun 15 06:30:01 自己京东账号助力码：
Jun 15 06:30:01 [{"strUserPin":"OdzDagBMoJ1RX3LR8oixjcBR8c2MRVvwAOPHY_tNVnZxs2bnqcRl-wXX2EfVMbb0","userName":"jd_RbuUwXHBNnJR"},{"strUserPin":"OdzDagBMoJ1RX3LR8oixjSNgV-lGXzFKiZ15lG_-zq6-niXdpKCpY9rCW3JhuDMT","userName":"jd_fMRfXcJHjROT"}]
Jun 15 06:30:01 
Jun 15 06:30:01 
Jun 15 06:30:01 
Jun 15 06:30:01 开始助力：助力逻辑 先自己京东相互助力，如有剩余助力机会，则助力作者
Jun 15 06:30:01 
Jun 15 06:30:01 【jd_RbuUwXHBNnJR】去助力【jd_fMRfXcJHjROT】邀请码：OdzDagBMoJ1RX3LR8oixjSNgV-lGXzFKiZ15lG_-zq6-niXdpKCpY9rCW3JhuDMT
Jun 15 06:30:01 获取助力码成功：OdzDagBMoJ1RX3LR8oixjSNgV-lGXzFKiZ15lG_-zq6-niXdpKCpY9rCW3JhuDMT
Jun 15 06:30:01 
Jun 15 06:30:01 
Jun 15 06:30:01 
Jun 15 06:30:01 自己京东账号助力码：
Jun 15 06:30:01 [{"strUserPin":"OdzDagBMoJ1RX3LR8oixjcBR8c2MRVvwAOPHY_tNVnZxs2bnqcRl-wXX2EfVMbb0","userName":"jd_RbuUwXHBNnJR"},{"strUserPin":"OdzDagBMoJ1RX3LR8oixjSNgV-lGXzFKiZ15lG_-zq6-niXdpKCpY9rCW3JhuDMT","userName":"jd_fMRfXcJHjROT"}]
Jun 15 06:30:01 
Jun 15 06:30:01 
Jun 15 06:30:01 
Jun 15 06:30:01 开始助力：助力逻辑 先自己京东相互助力，如有剩余助力机会，则助力作者
Jun 15 06:30:01 
Jun 15 06:30:01 【jd_RbuUwXHBNnJR】去助力【jd_fMRfXcJHjROT】邀请码：OdzDagBMoJ1RX3LR8oixjSNgV-lGXzFKiZ15lG_-zq6-niXdpKCpY9rCW3JhuDMT
Jun 15 06:30:01 温馨提示：如提示助力火爆，可尝试寻找京东客服
Jun 15 06:30:01 助力失败:活动太火爆，暂时无法助力，<br>请稍后再试
Jun 15 06:30:01 
Jun 15 06:30:01 温馨提示：如提示助力火爆，可尝试寻找京东客服
Jun 15 06:30:01 助力失败:活动太火爆，暂时无法助力，<br>请稍后再试
Jun 15 06:30:01 
Jun 15 06:30:03 【jd_fMRfXcJHjROT】去助力【jd_RbuUwXHBNnJR】邀请码：OdzDagBMoJ1RX3LR8oixjcBR8c2MRVvwAOPHY_tNVnZxs2bnqcRl-wXX2EfVMbb0
Jun 15 06:30:03 【jd_fMRfXcJHjROT】去助力【jd_RbuUwXHBNnJR】邀请码：OdzDagBMoJ1RX3LR8oixjcBR8c2MRVvwAOPHY_tNVnZxs2bnqcRl-wXX2EfVMbb0
Jun 15 06:30:03 
Jun 15 06:30:03 京喜领88元红包:  API查询请求失败 ‼️‼️
Jun 15 06:30:03 
Jun 15 06:30:03 ❗️京喜领88元红包, 错误!
Jun 15 06:30:03 
Jun 15 06:30:03 温馨提示：如提示助力火爆，可尝试寻找京东客服
Jun 15 06:30:03 助力失败:活动太火爆，暂时无法助力，<br>请稍后再试
Jun 15 06:30:03 
Jun 15 06:30:06 
Jun 15 06:30:06 【jd_fMRfXcJHjROT】有剩余助力机会，开始助力作者
Jun 15 06:30:06 
Jun 15 06:30:06 
Jun 15 06:30:06 【jd_RbuUwXHBNnJR】去拆第1个红包
Jun 15 06:30:06 
Jun 15 06:30:06 【jd_RbuUwXHBNnJR】去拆第1个红包
Jun 15 06:30:06 拆红包失败:未达到抽奖资格
Jun 15 06:30:06 
Jun 15 06:30:06 拆红包失败:未达到抽奖资格
Jun 15 06:30:06 
Jun 15 06:30:07 
Jun 15 06:30:07 【jd_fMRfXcJHjROT】去拆第1个红包
Jun 15 06:30:07 
Jun 15 06:30:07 【jd_fMRfXcJHjROT】去拆第1个红包
Jun 15 06:30:07 
Jun 15 06:30:07 京喜领88元红包:  API查询请求失败 ‼️‼️
Jun 15 06:30:07 
Jun 15 06:30:07 ❗️京喜领88元红包, 错误!
Jun 15 06:30:07 
Jun 15 06:30:07 拆红包失败:未达到抽奖资格
Jun 15 06:30:07 
Jun 15 06:30:08 
Jun 15 06:30:08 【jd_fMRfXcJHjROT】去拆第2个红包
Jun 15 06:30:08 
Jun 15 06:30:08 🔔京喜领88元红包, 结束! 🕛 7.816 秒
Jun 15 06:30:08 
Jun 15 06:30:08 拆红包失败:未达到抽奖资格
Jun 15 06:30:08 
Jun 15 06:30:09 
Jun 15 06:30:09 🔔京喜领88元红包, 结束! 🕛 8.907 秒
Jun 15 06:30:09 
Jun 15 12:30:01 
Jun 15 12:30:01 🔔京喜领88元红包, 开始!
Jun 15 12:30:01 您的cookie选择的是用&隔开
Jun 15 12:30:01 
Jun 15 12:30:01 
Jun 15 12:30:01 ====================共有2个京东账号Cookie=========
Jun 15 12:30:01 
Jun 15 12:30:01 
Jun 15 12:30:01 🔔京喜领88元红包, 开始!
Jun 15 12:30:01 ==================脚本执行- 北京时间(UTC+8)：6/15/2021, 12:30:01 PM=====================
Jun 15 12:30:01 
Jun 15 12:30:01 京喜领88元红包
Jun 15 12:30:01 活动入口：京喜app-》我的-》京喜领88元红包
Jun 15 12:30:01 助力逻辑：先自己京东账号相互助力，如有剩余助力机会，则助力作者
Jun 15 12:30:01 温馨提示：如提示助力火爆，可尝试寻找京东客服
Jun 15 12:30:01 您的cookie选择的是用&隔开
Jun 15 12:30:01 
Jun 15 12:30:01 
Jun 15 12:30:01 ====================共有2个京东账号Cookie=========
Jun 15 12:30:01 
Jun 15 12:30:01 ==================脚本执行- 北京时间(UTC+8)：6/15/2021, 12:30:01 PM=====================
Jun 15 12:30:01 
Jun 15 12:30:01 京喜领88元红包
Jun 15 12:30:01 活动入口：京喜app-》我的-》京喜领88元红包
Jun 15 12:30:01 助力逻辑：先自己京东账号相互助力，如有剩余助力机会，则助力作者
Jun 15 12:30:01 温馨提示：如提示助力火爆，可尝试寻找京东客服
Jun 15 12:30:01 
Jun 15 12:30:01 *****开始【京东账号1】赛格di*****
Jun 15 12:30:01 
Jun 15 12:30:01 
Jun 15 12:30:01 *****开始【京东账号1】赛格di*****
Jun 15 12:30:01 
Jun 15 12:30:01 活动开启失败：用户己参与活动
Jun 15 12:30:01 
Jun 15 12:30:01 活动开启失败：用户己参与活动
Jun 15 12:30:01 
Jun 15 12:30:01 获取助力码成功：OdzDagBMoJ1RX3LR8oixjcBR8c2MRVvwAOPHY_tNVnZxs2bnqcRl-wXX2EfVMbb0
Jun 15 12:30:01 
Jun 15 12:30:01 获取助力码成功：OdzDagBMoJ1RX3LR8oixjcBR8c2MRVvwAOPHY_tNVnZxs2bnqcRl-wXX2EfVMbb0
Jun 15 12:30:01 
Jun 15 12:30:01 
Jun 15 12:30:01 *****开始【京东账号2】了来风*****
Jun 15 12:30:01 
Jun 15 12:30:01 活动开启失败：用户己参与活动
Jun 15 12:30:01 
Jun 15 12:30:01 
Jun 15 12:30:01 *****开始【京东账号2】了来风*****
Jun 15 12:30:01 
Jun 15 12:30:01 
Jun 15 12:30:01 京喜领88元红包:  API查询请求失败 ‼️‼️
Jun 15 12:30:01 
Jun 15 12:30:01 ❗️京喜领88元红包, 错误!
Jun 15 12:30:01 
Jun 15 12:30:01 
Jun 15 12:30:01 
Jun 15 12:30:01 自己京东账号助力码：
Jun 15 12:30:01 [{"strUserPin":"OdzDagBMoJ1RX3LR8oixjcBR8c2MRVvwAOPHY_tNVnZxs2bnqcRl-wXX2EfVMbb0","userName":"jd_RbuUwXHBNnJR"}]
Jun 15 12:30:01 
Jun 15 12:30:01 
Jun 15 12:30:01 
Jun 15 12:30:01 开始助力：助力逻辑 先自己京东相互助力，如有剩余助力机会，则助力作者
Jun 15 12:30:01 
Jun 15 12:30:01 
Jun 15 12:30:01 【jd_RbuUwXHBNnJR】有剩余助力机会，开始助力作者
Jun 15 12:30:01 
Jun 15 12:30:01 【jd_fMRfXcJHjROT】去助力【jd_RbuUwXHBNnJR】邀请码：OdzDagBMoJ1RX3LR8oixjcBR8c2MRVvwAOPHY_tNVnZxs2bnqcRl-wXX2EfVMbb0
Jun 15 12:30:01 
Jun 15 12:30:01 京喜领88元红包:  API查询请求失败 ‼️‼️
Jun 15 12:30:01 
Jun 15 12:30:01 ❗️京喜领88元红包, 错误!
Jun 15 12:30:01 
Jun 15 12:30:01 
Jun 15 12:30:01 京喜领88元红包:  API查询请求失败 ‼️‼️
Jun 15 12:30:01 
Jun 15 12:30:01 ❗️京喜领88元红包, 错误!
Jun 15 12:30:01 
Jun 15 12:30:01 
Jun 15 12:30:01 
Jun 15 12:30:01 自己京东账号助力码：
Jun 15 12:30:01 [{"strUserPin":"OdzDagBMoJ1RX3LR8oixjcBR8c2MRVvwAOPHY_tNVnZxs2bnqcRl-wXX2EfVMbb0","userName":"jd_RbuUwXHBNnJR"}]
Jun 15 12:30:01 
Jun 15 12:30:01 
Jun 15 12:30:01 
Jun 15 12:30:01 开始助力：助力逻辑 先自己京东相互助力，如有剩余助力机会，则助力作者
Jun 15 12:30:01 
Jun 15 12:30:01 
Jun 15 12:30:01 【jd_RbuUwXHBNnJR】有剩余助力机会，开始助力作者
Jun 15 12:30:01 
Jun 15 12:30:01 【jd_fMRfXcJHjROT】去助力【jd_RbuUwXHBNnJR】邀请码：OdzDagBMoJ1RX3LR8oixjcBR8c2MRVvwAOPHY_tNVnZxs2bnqcRl-wXX2EfVMbb0
Jun 15 12:30:01 温馨提示：如提示助力火爆，可尝试寻找京东客服
Jun 15 12:30:01 助力失败:活动太火爆，暂时无法助力，<br>请稍后再试
Jun 15 12:30:01 
Jun 15 12:30:01 温馨提示：如提示助力火爆，可尝试寻找京东客服
Jun 15 12:30:01 助力失败:活动太火爆，暂时无法助力，<br>请稍后再试
Jun 15 12:30:01 
Jun 15 12:30:04 
Jun 15 12:30:04 【jd_RbuUwXHBNnJR】去拆第1个红包
Jun 15 12:30:04 
Jun 15 12:30:04 【jd_RbuUwXHBNnJR】去拆第1个红包
Jun 15 12:30:04 拆红包失败:未达到抽奖资格
Jun 15 12:30:04 
Jun 15 12:30:04 拆红包失败:未达到抽奖资格
Jun 15 12:30:04 
Jun 15 12:30:05 
Jun 15 12:30:05 🔔京喜领88元红包, 结束! 🕛 4.222 秒
Jun 15 12:30:05 
Jun 15 12:30:05 
Jun 15 12:30:05 🔔京喜领88元红包, 结束! 🕛 4.348 秒
Jun 15 12:30:05 
