Jun 14 13:10:00 
Jun 14 13:10:00 🔔宠汪汪赛跑, 开始!
Jun 14 13:10:00 您的cookie选择的是用&隔开
Jun 14 13:10:00 
Jun 14 13:10:00 
Jun 14 13:10:00 ====================共有2个京东账号Cookie=========
Jun 14 13:10:00 
Jun 14 13:10:00 
Jun 14 13:10:00 🔔宠汪汪赛跑, 开始!
Jun 14 13:10:00 您的cookie选择的是用&隔开
Jun 14 13:10:00 
Jun 14 13:10:00 
Jun 14 13:10:00 ====================共有2个京东账号Cookie=========
Jun 14 13:10:00 
Jun 14 13:10:00 ==================脚本执行- 北京时间(UTC+8)：6/14/2021, 1:10:00 PM=====================
Jun 14 13:10:00 
Jun 14 13:10:00 ==================脚本执行- 北京时间(UTC+8)：6/14/2021, 1:10:00 PM=====================
Jun 14 13:10:00 
Jun 14 13:10:01 "Response code 404 (Not Found)"
Jun 14 13:10:01 宠汪汪赛跑 API请求失败，请检查网路重试
Jun 14 13:10:01 打印token 
Jun 14 13:10:01 undefined
Jun 14 13:10:01 
Jun 14 13:10:01 
Jun 14 13:10:01 ==============📣系统通知📣==============
Jun 14 13:10:01 宠汪汪赛跑
Jun 14 13:10:01 【提示】请先获取来客有礼宠汪汪token
Jun 14 13:10:01 微信搜索'来客有礼'小程序
Jun 14 13:10:01 点击底部的'发现'Tab
Jun 14 13:10:01 即可获取Token
Jun 14 13:10:33 "Timeout awaiting 'request' for 10000ms"
Jun 14 13:10:33 宠汪汪赛跑 API请求失败，请检查网路重试
Jun 14 13:10:33 打印token 
Jun 14 13:10:33 undefined
Jun 14 13:10:33 
Jun 14 13:10:33 
Jun 14 13:10:33 ==============📣系统通知📣==============
Jun 14 13:10:33 宠汪汪赛跑
Jun 14 13:10:33 【提示】请先获取来客有礼宠汪汪token
Jun 14 13:10:33 微信搜索'来客有礼'小程序
Jun 14 13:10:33 点击底部的'发现'Tab
Jun 14 13:10:33 即可获取Token
Jun 14 14:10:00 
Jun 14 14:10:00 🔔宠汪汪赛跑, 开始!
Jun 14 14:10:00 您的cookie选择的是用&隔开
Jun 14 14:10:00 
Jun 14 14:10:00 
Jun 14 14:10:00 ====================共有2个京东账号Cookie=========
Jun 14 14:10:00 
Jun 14 14:10:00 
Jun 14 14:10:00 🔔宠汪汪赛跑, 开始!
Jun 14 14:10:00 您的cookie选择的是用&隔开
Jun 14 14:10:00 
Jun 14 14:10:00 
Jun 14 14:10:00 ====================共有2个京东账号Cookie=========
Jun 14 14:10:00 
Jun 14 14:10:00 ==================脚本执行- 北京时间(UTC+8)：6/14/2021, 2:10:00 PM=====================
Jun 14 14:10:00 
Jun 14 14:10:00 ==================脚本执行- 北京时间(UTC+8)：6/14/2021, 2:10:00 PM=====================
Jun 14 14:10:00 
Jun 14 14:10:34 "Timeout awaiting 'request' for 10000ms"
Jun 14 14:10:34 宠汪汪赛跑 API请求失败，请检查网路重试
Jun 14 14:10:34 打印token 
Jun 14 14:10:34 undefined
Jun 14 14:10:34 
Jun 14 14:10:34 
Jun 14 14:10:34 ==============📣系统通知📣==============
Jun 14 14:10:34 宠汪汪赛跑
Jun 14 14:10:34 【提示】请先获取来客有礼宠汪汪token
Jun 14 14:10:34 微信搜索'来客有礼'小程序
Jun 14 14:10:34 点击底部的'发现'Tab
Jun 14 14:10:34 即可获取Token
Jun 14 14:10:34 "Timeout awaiting 'request' for 10000ms"
Jun 14 14:10:34 宠汪汪赛跑 API请求失败，请检查网路重试
Jun 14 14:10:34 打印token 
Jun 14 14:10:34 undefined
Jun 14 14:10:34 
Jun 14 14:10:34 
Jun 14 14:10:34 ==============📣系统通知📣==============
Jun 14 14:10:34 宠汪汪赛跑
Jun 14 14:10:34 【提示】请先获取来客有礼宠汪汪token
Jun 14 14:10:34 微信搜索'来客有礼'小程序
Jun 14 14:10:34 点击底部的'发现'Tab
Jun 14 14:10:34 即可获取Token
Jun 14 15:10:00 
Jun 14 15:10:00 🔔宠汪汪赛跑, 开始!
Jun 14 15:10:00 您的cookie选择的是用&隔开
Jun 14 15:10:00 
Jun 14 15:10:00 
Jun 14 15:10:00 ====================共有2个京东账号Cookie=========
Jun 14 15:10:00 
Jun 14 15:10:01 ==================脚本执行- 北京时间(UTC+8)：6/14/2021, 3:10:00 PM=====================
Jun 14 15:10:01 
Jun 14 15:10:01 
Jun 14 15:10:01 🔔宠汪汪赛跑, 开始!
Jun 14 15:10:01 您的cookie选择的是用&隔开
Jun 14 15:10:01 
Jun 14 15:10:01 
Jun 14 15:10:01 ====================共有2个京东账号Cookie=========
Jun 14 15:10:01 
Jun 14 15:10:01 ==================脚本执行- 北京时间(UTC+8)：6/14/2021, 3:10:01 PM=====================
Jun 14 15:10:01 
Jun 14 15:10:02 "Response code 404 (Not Found)"
Jun 14 15:10:02 宠汪汪赛跑 API请求失败，请检查网路重试
Jun 14 15:10:02 打印token 
Jun 14 15:10:02 undefined
Jun 14 15:10:02 
Jun 14 15:10:02 
Jun 14 15:10:02 ==============📣系统通知📣==============
Jun 14 15:10:02 宠汪汪赛跑
Jun 14 15:10:02 【提示】请先获取来客有礼宠汪汪token
Jun 14 15:10:02 微信搜索'来客有礼'小程序
Jun 14 15:10:02 点击底部的'发现'Tab
Jun 14 15:10:02 即可获取Token
Jun 14 15:10:34 "Timeout awaiting 'request' for 10000ms"
Jun 14 15:10:34 宠汪汪赛跑 API请求失败，请检查网路重试
Jun 14 15:10:34 打印token 
Jun 14 15:10:34 undefined
Jun 14 15:10:34 
Jun 14 15:10:34 
Jun 14 15:10:34 ==============📣系统通知📣==============
Jun 14 15:10:34 宠汪汪赛跑
Jun 14 15:10:34 【提示】请先获取来客有礼宠汪汪token
Jun 14 15:10:34 微信搜索'来客有礼'小程序
Jun 14 15:10:34 点击底部的'发现'Tab
Jun 14 15:10:34 即可获取Token
Jun 14 16:10:00 
Jun 14 16:10:00 🔔宠汪汪赛跑, 开始!
Jun 14 16:10:00 您的cookie选择的是用&隔开
Jun 14 16:10:00 
Jun 14 16:10:00 
Jun 14 16:10:00 ====================共有2个京东账号Cookie=========
Jun 14 16:10:00 
Jun 14 16:10:00 ==================脚本执行- 北京时间(UTC+8)：6/14/2021, 4:10:00 PM=====================
Jun 14 16:10:00 
Jun 14 16:10:00 
Jun 14 16:10:00 🔔宠汪汪赛跑, 开始!
Jun 14 16:10:00 您的cookie选择的是用&隔开
Jun 14 16:10:00 
Jun 14 16:10:00 
Jun 14 16:10:00 ====================共有2个京东账号Cookie=========
Jun 14 16:10:00 
Jun 14 16:10:00 ==================脚本执行- 北京时间(UTC+8)：6/14/2021, 4:10:00 PM=====================
Jun 14 16:10:00 
Jun 14 16:10:24 "Response code 404 (Not Found)"
Jun 14 16:10:24 宠汪汪赛跑 API请求失败，请检查网路重试
Jun 14 16:10:24 打印token 
Jun 14 16:10:24 undefined
Jun 14 16:10:24 
Jun 14 16:10:24 
Jun 14 16:10:24 ==============📣系统通知📣==============
Jun 14 16:10:24 宠汪汪赛跑
Jun 14 16:10:24 【提示】请先获取来客有礼宠汪汪token
Jun 14 16:10:24 微信搜索'来客有礼'小程序
Jun 14 16:10:24 点击底部的'发现'Tab
Jun 14 16:10:24 即可获取Token
Jun 14 16:10:24 "Response code 404 (Not Found)"
Jun 14 16:10:24 宠汪汪赛跑 API请求失败，请检查网路重试
Jun 14 16:10:24 打印token 
Jun 14 16:10:24 undefined
Jun 14 16:10:24 
Jun 14 16:10:24 
Jun 14 16:10:24 ==============📣系统通知📣==============
Jun 14 16:10:24 宠汪汪赛跑
Jun 14 16:10:24 【提示】请先获取来客有礼宠汪汪token
Jun 14 16:10:24 微信搜索'来客有礼'小程序
Jun 14 16:10:24 点击底部的'发现'Tab
Jun 14 16:10:24 即可获取Token
Jun 14 17:10:00 
Jun 14 17:10:00 🔔宠汪汪赛跑, 开始!
Jun 14 17:10:00 您的cookie选择的是用&隔开
Jun 14 17:10:00 
Jun 14 17:10:00 
Jun 14 17:10:00 ====================共有2个京东账号Cookie=========
Jun 14 17:10:00 
Jun 14 17:10:00 
Jun 14 17:10:00 🔔宠汪汪赛跑, 开始!
Jun 14 17:10:00 您的cookie选择的是用&隔开
Jun 14 17:10:00 
Jun 14 17:10:00 
Jun 14 17:10:00 ====================共有2个京东账号Cookie=========
Jun 14 17:10:00 
Jun 14 17:10:00 ==================脚本执行- 北京时间(UTC+8)：6/14/2021, 5:10:00 PM=====================
Jun 14 17:10:00 
Jun 14 17:10:00 ==================脚本执行- 北京时间(UTC+8)：6/14/2021, 5:10:00 PM=====================
Jun 14 17:10:00 
Jun 14 17:10:00 "Response code 404 (Not Found)"
Jun 14 17:10:00 宠汪汪赛跑 API请求失败，请检查网路重试
Jun 14 17:10:00 打印token 
Jun 14 17:10:00 undefined
Jun 14 17:10:00 
Jun 14 17:10:00 
Jun 14 17:10:00 ==============📣系统通知📣==============
Jun 14 17:10:00 宠汪汪赛跑
Jun 14 17:10:00 【提示】请先获取来客有礼宠汪汪token
Jun 14 17:10:00 微信搜索'来客有礼'小程序
Jun 14 17:10:00 点击底部的'发现'Tab
Jun 14 17:10:00 即可获取Token
Jun 14 17:10:11 "Response code 404 (Not Found)"
Jun 14 17:10:11 宠汪汪赛跑 API请求失败，请检查网路重试
Jun 14 17:10:11 打印token 
Jun 14 17:10:11 undefined
Jun 14 17:10:11 
Jun 14 17:10:11 
Jun 14 17:10:11 ==============📣系统通知📣==============
Jun 14 17:10:11 宠汪汪赛跑
Jun 14 17:10:11 【提示】请先获取来客有礼宠汪汪token
Jun 14 17:10:11 微信搜索'来客有礼'小程序
Jun 14 17:10:11 点击底部的'发现'Tab
Jun 14 17:10:11 即可获取Token
Jun 14 18:10:00 
Jun 14 18:10:00 🔔宠汪汪赛跑, 开始!
Jun 14 18:10:00 
Jun 14 18:10:00 🔔宠汪汪赛跑, 开始!
Jun 14 18:10:00 您的cookie选择的是用&隔开
Jun 14 18:10:00 
Jun 14 18:10:00 
Jun 14 18:10:00 ====================共有2个京东账号Cookie=========
Jun 14 18:10:00 
Jun 14 18:10:00 您的cookie选择的是用&隔开
Jun 14 18:10:00 
Jun 14 18:10:00 
Jun 14 18:10:00 ====================共有2个京东账号Cookie=========
Jun 14 18:10:00 
Jun 14 18:10:00 ==================脚本执行- 北京时间(UTC+8)：6/14/2021, 6:10:00 PM=====================
Jun 14 18:10:00 
Jun 14 18:10:00 ==================脚本执行- 北京时间(UTC+8)：6/14/2021, 6:10:00 PM=====================
Jun 14 18:10:00 
Jun 14 18:10:23 "Response code 404 (Not Found)"
Jun 14 18:10:23 宠汪汪赛跑 API请求失败，请检查网路重试
Jun 14 18:10:23 打印token 
Jun 14 18:10:23 undefined
Jun 14 18:10:23 
Jun 14 18:10:23 
Jun 14 18:10:23 ==============📣系统通知📣==============
Jun 14 18:10:23 宠汪汪赛跑
Jun 14 18:10:23 【提示】请先获取来客有礼宠汪汪token
Jun 14 18:10:23 微信搜索'来客有礼'小程序
Jun 14 18:10:23 点击底部的'发现'Tab
Jun 14 18:10:23 即可获取Token
Jun 14 18:10:33 "Timeout awaiting 'request' for 10000ms"
Jun 14 18:10:33 宠汪汪赛跑 API请求失败，请检查网路重试
Jun 14 18:10:33 打印token 
Jun 14 18:10:33 undefined
Jun 14 18:10:33 
Jun 14 18:10:33 
Jun 14 18:10:33 ==============📣系统通知📣==============
Jun 14 18:10:33 宠汪汪赛跑
Jun 14 18:10:33 【提示】请先获取来客有礼宠汪汪token
Jun 14 18:10:33 微信搜索'来客有礼'小程序
Jun 14 18:10:33 点击底部的'发现'Tab
Jun 14 18:10:33 即可获取Token
Jun 14 19:10:00 
Jun 14 19:10:00 🔔宠汪汪赛跑, 开始!
Jun 14 19:10:00 您的cookie选择的是用&隔开
Jun 14 19:10:00 
Jun 14 19:10:00 
Jun 14 19:10:00 ====================共有2个京东账号Cookie=========
Jun 14 19:10:00 
Jun 14 19:10:00 ==================脚本执行- 北京时间(UTC+8)：6/14/2021, 7:10:00 PM=====================
Jun 14 19:10:00 
Jun 14 19:10:00 
Jun 14 19:10:00 🔔宠汪汪赛跑, 开始!
Jun 14 19:10:00 您的cookie选择的是用&隔开
Jun 14 19:10:00 
Jun 14 19:10:00 
Jun 14 19:10:00 ====================共有2个京东账号Cookie=========
Jun 14 19:10:00 
Jun 14 19:10:00 ==================脚本执行- 北京时间(UTC+8)：6/14/2021, 7:10:00 PM=====================
Jun 14 19:10:00 
Jun 14 19:10:12 "Response code 404 (Not Found)"
Jun 14 19:10:12 宠汪汪赛跑 API请求失败，请检查网路重试
Jun 14 19:10:12 打印token 
Jun 14 19:10:12 undefined
Jun 14 19:10:12 
Jun 14 19:10:12 
Jun 14 19:10:12 ==============📣系统通知📣==============
Jun 14 19:10:12 宠汪汪赛跑
Jun 14 19:10:12 【提示】请先获取来客有礼宠汪汪token
Jun 14 19:10:12 微信搜索'来客有礼'小程序
Jun 14 19:10:12 点击底部的'发现'Tab
Jun 14 19:10:12 即可获取Token
Jun 14 19:10:12 "Response code 404 (Not Found)"
Jun 14 19:10:12 宠汪汪赛跑 API请求失败，请检查网路重试
Jun 14 19:10:12 打印token 
Jun 14 19:10:12 undefined
Jun 14 19:10:12 
Jun 14 19:10:12 
Jun 14 19:10:12 ==============📣系统通知📣==============
Jun 14 19:10:12 宠汪汪赛跑
Jun 14 19:10:12 【提示】请先获取来客有礼宠汪汪token
Jun 14 19:10:12 微信搜索'来客有礼'小程序
Jun 14 19:10:12 点击底部的'发现'Tab
Jun 14 19:10:12 即可获取Token
Jun 14 20:10:00 
Jun 14 20:10:00 🔔宠汪汪赛跑, 开始!
Jun 14 20:10:00 您的cookie选择的是用&隔开
Jun 14 20:10:00 
Jun 14 20:10:00 
Jun 14 20:10:00 ====================共有2个京东账号Cookie=========
Jun 14 20:10:00 
Jun 14 20:10:00 
Jun 14 20:10:00 🔔宠汪汪赛跑, 开始!
Jun 14 20:10:00 您的cookie选择的是用&隔开
Jun 14 20:10:00 
Jun 14 20:10:00 
Jun 14 20:10:00 ====================共有2个京东账号Cookie=========
Jun 14 20:10:00 
Jun 14 20:10:00 ==================脚本执行- 北京时间(UTC+8)：6/14/2021, 8:10:00 PM=====================
Jun 14 20:10:00 
Jun 14 20:10:00 ==================脚本执行- 北京时间(UTC+8)：6/14/2021, 8:10:00 PM=====================
Jun 14 20:10:00 
Jun 14 20:10:01 "Response code 404 (Not Found)"
Jun 14 20:10:01 宠汪汪赛跑 API请求失败，请检查网路重试
Jun 14 20:10:01 打印token 
Jun 14 20:10:01 undefined
Jun 14 20:10:01 
Jun 14 20:10:01 
Jun 14 20:10:01 ==============📣系统通知📣==============
Jun 14 20:10:01 宠汪汪赛跑
Jun 14 20:10:01 【提示】请先获取来客有礼宠汪汪token
Jun 14 20:10:01 微信搜索'来客有礼'小程序
Jun 14 20:10:01 点击底部的'发现'Tab
Jun 14 20:10:01 即可获取Token
Jun 14 20:10:33 "Timeout awaiting 'request' for 10000ms"
Jun 14 20:10:33 宠汪汪赛跑 API请求失败，请检查网路重试
Jun 14 20:10:33 打印token 
Jun 14 20:10:33 undefined
Jun 14 20:10:33 
Jun 14 20:10:33 
Jun 14 20:10:33 ==============📣系统通知📣==============
Jun 14 20:10:33 宠汪汪赛跑
Jun 14 20:10:33 【提示】请先获取来客有礼宠汪汪token
Jun 14 20:10:33 微信搜索'来客有礼'小程序
Jun 14 20:10:33 点击底部的'发现'Tab
Jun 14 20:10:33 即可获取Token
Jun 15 13:10:00 
Jun 15 13:10:00 🔔宠汪汪赛跑, 开始!
Jun 15 13:10:00 您的cookie选择的是用&隔开
Jun 15 13:10:00 
Jun 15 13:10:00 
Jun 15 13:10:00 ====================共有2个京东账号Cookie=========
Jun 15 13:10:00 
Jun 15 13:10:00 
Jun 15 13:10:00 🔔宠汪汪赛跑, 开始!
Jun 15 13:10:00 您的cookie选择的是用&隔开
Jun 15 13:10:00 
Jun 15 13:10:00 
Jun 15 13:10:00 ====================共有2个京东账号Cookie=========
Jun 15 13:10:00 
Jun 15 13:10:00 ==================脚本执行- 北京时间(UTC+8)：6/15/2021, 1:10:00 PM=====================
Jun 15 13:10:00 
Jun 15 13:10:00 ==================脚本执行- 北京时间(UTC+8)：6/15/2021, 1:10:00 PM=====================
Jun 15 13:10:00 
Jun 15 13:10:33 "Timeout awaiting 'request' for 10000ms"
Jun 15 13:10:33 宠汪汪赛跑 API请求失败，请检查网路重试
Jun 15 13:10:33 打印token 
Jun 15 13:10:33 undefined
Jun 15 13:10:33 
Jun 15 13:10:33 
Jun 15 13:10:33 ==============📣系统通知📣==============
Jun 15 13:10:33 宠汪汪赛跑
Jun 15 13:10:33 【提示】请先获取来客有礼宠汪汪token
Jun 15 13:10:33 微信搜索'来客有礼'小程序
Jun 15 13:10:33 点击底部的'发现'Tab
Jun 15 13:10:33 即可获取Token
Jun 15 13:10:33 "Timeout awaiting 'request' for 10000ms"
Jun 15 13:10:33 宠汪汪赛跑 API请求失败，请检查网路重试
Jun 15 13:10:33 打印token 
Jun 15 13:10:33 undefined
Jun 15 13:10:33 
Jun 15 13:10:33 
Jun 15 13:10:33 ==============📣系统通知📣==============
Jun 15 13:10:33 宠汪汪赛跑
Jun 15 13:10:33 【提示】请先获取来客有礼宠汪汪token
Jun 15 13:10:33 微信搜索'来客有礼'小程序
Jun 15 13:10:33 点击底部的'发现'Tab
Jun 15 13:10:33 即可获取Token
Jun 15 14:10:00 
Jun 15 14:10:00 🔔宠汪汪赛跑, 开始!
Jun 15 14:10:00 您的cookie选择的是用&隔开
Jun 15 14:10:00 
Jun 15 14:10:00 
Jun 15 14:10:00 ====================共有2个京东账号Cookie=========
Jun 15 14:10:00 
Jun 15 14:10:00 
Jun 15 14:10:00 🔔宠汪汪赛跑, 开始!
Jun 15 14:10:00 您的cookie选择的是用&隔开
Jun 15 14:10:00 
Jun 15 14:10:00 
Jun 15 14:10:00 ====================共有2个京东账号Cookie=========
Jun 15 14:10:00 
Jun 15 14:10:00 ==================脚本执行- 北京时间(UTC+8)：6/15/2021, 2:10:00 PM=====================
Jun 15 14:10:00 
Jun 15 14:10:00 ==================脚本执行- 北京时间(UTC+8)：6/15/2021, 2:10:00 PM=====================
Jun 15 14:10:00 
Jun 15 14:10:00 "Response code 404 (Not Found)"
Jun 15 14:10:00 宠汪汪赛跑 API请求失败，请检查网路重试
Jun 15 14:10:00 打印token 
Jun 15 14:10:00 undefined
Jun 15 14:10:00 
Jun 15 14:10:00 
Jun 15 14:10:00 ==============📣系统通知📣==============
Jun 15 14:10:00 宠汪汪赛跑
Jun 15 14:10:00 【提示】请先获取来客有礼宠汪汪token
Jun 15 14:10:00 微信搜索'来客有礼'小程序
Jun 15 14:10:00 点击底部的'发现'Tab
Jun 15 14:10:00 即可获取Token
Jun 15 14:10:33 "Timeout awaiting 'request' for 10000ms"
Jun 15 14:10:33 宠汪汪赛跑 API请求失败，请检查网路重试
Jun 15 14:10:33 打印token 
Jun 15 14:10:33 undefined
Jun 15 14:10:33 
Jun 15 14:10:33 
Jun 15 14:10:33 ==============📣系统通知📣==============
Jun 15 14:10:33 宠汪汪赛跑
Jun 15 14:10:33 【提示】请先获取来客有礼宠汪汪token
Jun 15 14:10:33 微信搜索'来客有礼'小程序
Jun 15 14:10:33 点击底部的'发现'Tab
Jun 15 14:10:33 即可获取Token
Jun 15 15:10:00 
Jun 15 15:10:00 🔔宠汪汪赛跑, 开始!
Jun 15 15:10:00 您的cookie选择的是用&隔开
Jun 15 15:10:00 
Jun 15 15:10:00 
Jun 15 15:10:00 ====================共有2个京东账号Cookie=========
Jun 15 15:10:00 
Jun 15 15:10:00 ==================脚本执行- 北京时间(UTC+8)：6/15/2021, 3:10:00 PM=====================
Jun 15 15:10:00 
Jun 15 15:10:00 
Jun 15 15:10:00 🔔宠汪汪赛跑, 开始!
Jun 15 15:10:00 您的cookie选择的是用&隔开
Jun 15 15:10:00 
Jun 15 15:10:00 
Jun 15 15:10:00 ====================共有2个京东账号Cookie=========
Jun 15 15:10:00 
Jun 15 15:10:00 ==================脚本执行- 北京时间(UTC+8)：6/15/2021, 3:10:00 PM=====================
Jun 15 15:10:00 
Jun 15 15:10:01 "Response code 404 (Not Found)"
Jun 15 15:10:01 宠汪汪赛跑 API请求失败，请检查网路重试
Jun 15 15:10:01 打印token 
Jun 15 15:10:01 undefined
Jun 15 15:10:01 
Jun 15 15:10:01 
Jun 15 15:10:01 ==============📣系统通知📣==============
Jun 15 15:10:01 宠汪汪赛跑
Jun 15 15:10:01 【提示】请先获取来客有礼宠汪汪token
Jun 15 15:10:01 微信搜索'来客有礼'小程序
Jun 15 15:10:01 点击底部的'发现'Tab
Jun 15 15:10:01 即可获取Token
Jun 15 15:10:33 "Timeout awaiting 'request' for 10000ms"
Jun 15 15:10:33 宠汪汪赛跑 API请求失败，请检查网路重试
Jun 15 15:10:33 打印token 
Jun 15 15:10:33 undefined
Jun 15 15:10:33 
Jun 15 15:10:33 
Jun 15 15:10:33 ==============📣系统通知📣==============
Jun 15 15:10:33 宠汪汪赛跑
Jun 15 15:10:33 【提示】请先获取来客有礼宠汪汪token
Jun 15 15:10:33 微信搜索'来客有礼'小程序
Jun 15 15:10:33 点击底部的'发现'Tab
Jun 15 15:10:33 即可获取Token
Jun 15 16:10:00 
Jun 15 16:10:00 🔔宠汪汪赛跑, 开始!
Jun 15 16:10:00 您的cookie选择的是用&隔开
Jun 15 16:10:00 
Jun 15 16:10:00 
Jun 15 16:10:00 ====================共有2个京东账号Cookie=========
Jun 15 16:10:00 
Jun 15 16:10:00 ==================脚本执行- 北京时间(UTC+8)：6/15/2021, 4:10:00 PM=====================
Jun 15 16:10:00 
Jun 15 16:10:00 
Jun 15 16:10:00 🔔宠汪汪赛跑, 开始!
Jun 15 16:10:00 您的cookie选择的是用&隔开
Jun 15 16:10:00 
Jun 15 16:10:00 
Jun 15 16:10:00 ====================共有2个京东账号Cookie=========
Jun 15 16:10:00 
Jun 15 16:10:00 ==================脚本执行- 北京时间(UTC+8)：6/15/2021, 4:10:00 PM=====================
Jun 15 16:10:00 
Jun 15 16:10:01 "Response code 404 (Not Found)"
Jun 15 16:10:01 宠汪汪赛跑 API请求失败，请检查网路重试
Jun 15 16:10:01 打印token 
Jun 15 16:10:01 undefined
Jun 15 16:10:01 
Jun 15 16:10:01 
Jun 15 16:10:01 ==============📣系统通知📣==============
Jun 15 16:10:01 宠汪汪赛跑
Jun 15 16:10:01 【提示】请先获取来客有礼宠汪汪token
Jun 15 16:10:01 微信搜索'来客有礼'小程序
Jun 15 16:10:01 点击底部的'发现'Tab
Jun 15 16:10:01 即可获取Token
Jun 15 16:10:34 "Timeout awaiting 'request' for 10000ms"
Jun 15 16:10:34 宠汪汪赛跑 API请求失败，请检查网路重试
Jun 15 16:10:34 打印token 
Jun 15 16:10:34 undefined
Jun 15 16:10:34 
Jun 15 16:10:34 
Jun 15 16:10:34 ==============📣系统通知📣==============
Jun 15 16:10:34 宠汪汪赛跑
Jun 15 16:10:34 【提示】请先获取来客有礼宠汪汪token
Jun 15 16:10:34 微信搜索'来客有礼'小程序
Jun 15 16:10:34 点击底部的'发现'Tab
Jun 15 16:10:34 即可获取Token
Jun 15 17:10:00 
Jun 15 17:10:00 🔔宠汪汪赛跑, 开始!
Jun 15 17:10:00 您的cookie选择的是用&隔开
Jun 15 17:10:00 
Jun 15 17:10:00 
Jun 15 17:10:00 ====================共有2个京东账号Cookie=========
Jun 15 17:10:00 
Jun 15 17:10:00 
Jun 15 17:10:00 🔔宠汪汪赛跑, 开始!
Jun 15 17:10:00 您的cookie选择的是用&隔开
Jun 15 17:10:00 
Jun 15 17:10:00 
Jun 15 17:10:00 ====================共有2个京东账号Cookie=========
Jun 15 17:10:00 
Jun 15 17:10:00 ==================脚本执行- 北京时间(UTC+8)：6/15/2021, 5:10:00 PM=====================
Jun 15 17:10:00 
Jun 15 17:10:00 ==================脚本执行- 北京时间(UTC+8)：6/15/2021, 5:10:00 PM=====================
Jun 15 17:10:00 
Jun 15 17:10:01 "Response code 404 (Not Found)"
Jun 15 17:10:01 宠汪汪赛跑 API请求失败，请检查网路重试
Jun 15 17:10:01 打印token 
Jun 15 17:10:01 undefined
Jun 15 17:10:01 
Jun 15 17:10:01 
Jun 15 17:10:01 ==============📣系统通知📣==============
Jun 15 17:10:01 宠汪汪赛跑
Jun 15 17:10:01 【提示】请先获取来客有礼宠汪汪token
Jun 15 17:10:01 微信搜索'来客有礼'小程序
Jun 15 17:10:01 点击底部的'发现'Tab
Jun 15 17:10:01 即可获取Token
Jun 15 17:10:33 "Timeout awaiting 'request' for 10000ms"
Jun 15 17:10:33 宠汪汪赛跑 API请求失败，请检查网路重试
Jun 15 17:10:33 打印token 
Jun 15 17:10:33 undefined
Jun 15 17:10:33 
Jun 15 17:10:33 
Jun 15 17:10:33 ==============📣系统通知📣==============
Jun 15 17:10:33 宠汪汪赛跑
Jun 15 17:10:33 【提示】请先获取来客有礼宠汪汪token
Jun 15 17:10:33 微信搜索'来客有礼'小程序
Jun 15 17:10:33 点击底部的'发现'Tab
Jun 15 17:10:33 即可获取Token
