Jun 14 00:01:00 
Jun 14 00:01:00 🔔京小兑, 开始!
Jun 14 00:01:00 您的cookie选择的是用&隔开
Jun 14 00:01:00 
Jun 14 00:01:00 
Jun 14 00:01:00 ====================共有2个京东账号Cookie=========
Jun 14 00:01:00 
Jun 14 00:01:00 
Jun 14 00:01:00 🔔京小兑, 开始!
Jun 14 00:01:00 您的cookie选择的是用&隔开
Jun 14 00:01:00 
Jun 14 00:01:00 
Jun 14 00:01:00 ====================共有2个京东账号Cookie=========
Jun 14 00:01:00 
Jun 14 00:01:00 ==================脚本执行- 北京时间(UTC+8)：6/14/2021, 12:01:00 AM=====================
Jun 14 00:01:00 
Jun 14 00:01:00 ==================脚本执行- 北京时间(UTC+8)：6/14/2021, 12:01:00 AM=====================
Jun 14 00:01:00 
Jun 14 00:01:00 脚本自动把抽奖卷兑换为兑币
Jun 14 00:01:00 脚本自动把抽奖卷兑换为兑币
Jun 14 00:01:00 
Jun 14 00:01:00 ******开始【京东账号1】jd_RbuUwXHBNnJR*********
Jun 14 00:01:00 
Jun 14 00:01:00 
Jun 14 00:01:00 ******开始【京东账号1】jd_RbuUwXHBNnJR*********
Jun 14 00:01:00 
Jun 14 00:01:00 签到失败，操作太频繁，稍后再试
Jun 14 00:01:00 签到成功，获得 20 兑币
Jun 14 00:01:00 当前兑币：6047
Jun 14 00:01:00 当前兑币：6047
Jun 14 00:01:00 去查看【抽30人，每人送100京豆】的中奖情况
Jun 14 00:01:00 去查看【抽30人，每人送100京豆】的中奖情况
Jun 14 00:01:01 未中奖，去领取安慰兑币
Jun 14 00:01:01 未中奖，去领取安慰兑币
Jun 14 00:01:01 操作太频繁，稍后再试
Jun 14 00:01:01 成功
Jun 14 00:01:02 去查看【抽3人，每人送10元京东卡】的中奖情况
Jun 14 00:01:02 去查看【抽3人，每人送10元京东卡】的中奖情况
Jun 14 00:01:02 未中奖，去领取安慰兑币
Jun 14 00:01:02 未中奖，去领取安慰兑币
Jun 14 00:01:02 操作太频繁，稍后再试
Jun 14 00:01:02 成功
Jun 14 00:01:03 去查看【每天抽30人，每人送10京豆】的中奖情况
Jun 14 00:01:03 去查看【每天抽30人，每人送10京豆】的中奖情况
Jun 14 00:01:03 未中奖，去领取安慰兑币
Jun 14 00:01:03 未中奖，去领取安慰兑币
Jun 14 00:01:03 成功
Jun 14 00:01:03 操作太频繁，稍后再试
Jun 14 00:01:04 去查看【抽30人，每人送100京豆】的中奖情况
Jun 14 00:01:04 去查看【抽30人，每人送100京豆】的中奖情况
Jun 14 00:01:04 未中奖，去领取安慰兑币
Jun 14 00:01:04 未中奖，去领取安慰兑币
Jun 14 00:01:04 成功
Jun 14 00:01:04 操作太频繁，稍后再试
Jun 14 00:01:05 去查看【抽3人，每人送10元京东卡】的中奖情况
Jun 14 00:01:05 去查看【抽3人，每人送10元京东卡】的中奖情况
Jun 14 00:01:05 安慰兑币已领过
Jun 14 00:01:05 安慰兑币已领过
Jun 14 00:01:06 去查看【抽30人，每人送100京豆】的中奖情况
Jun 14 00:01:06 去查看【抽30人，每人送100京豆】的中奖情况
Jun 14 00:01:06 安慰兑币已领过
Jun 14 00:01:06 安慰兑币已领过
Jun 14 00:01:07 去查看【抽30人，每人送10京豆】的中奖情况
Jun 14 00:01:07 去查看【抽30人，每人送10京豆】的中奖情况
Jun 14 00:01:08 未中奖，去领取安慰兑币
Jun 14 00:01:08 未中奖，去领取安慰兑币
Jun 14 00:01:08 已超过领取时间，下次请提前领取
Jun 14 00:01:08 操作太频繁，稍后再试
Jun 14 00:01:09 去查看【每天抽30人，每人送10京豆】的中奖情况
Jun 14 00:01:09 去查看【每天抽30人，每人送10京豆】的中奖情况
Jun 14 00:01:09 未中奖，去领取安慰兑币
Jun 14 00:01:09 未中奖，去领取安慰兑币
Jun 14 00:01:09 已超过领取时间，下次请提前领取
Jun 14 00:01:09 操作太频繁，稍后再试
Jun 14 00:01:10 去查看【抽3人，每人送10元京东卡】的中奖情况
Jun 14 00:01:10 去查看【抽3人，每人送10元京东卡】的中奖情况
Jun 14 00:01:10 未中奖，去领取安慰兑币
Jun 14 00:01:10 未中奖，去领取安慰兑币
Jun 14 00:01:10 操作太频繁，稍后再试
Jun 14 00:01:10 已超过领取时间，下次请提前领取
Jun 14 00:01:11 去查看【每天抽30人，每人送10京豆】的中奖情况
Jun 14 00:01:11 去查看【每天抽30人，每人送10京豆】的中奖情况
Jun 14 00:01:11 安慰兑币已领过
Jun 14 00:01:11 安慰兑币已领过
Jun 14 00:01:12 去查看【每天抽30人，每人送10京豆】的中奖情况
Jun 14 00:01:12 去查看【每天抽30人，每人送10京豆】的中奖情况
Jun 14 00:01:12 安慰兑币已领过
Jun 14 00:01:12 安慰兑币已领过
Jun 14 00:01:13 去查看【抽30人，每人送100京豆】的中奖情况
Jun 14 00:01:13 去查看【抽30人，每人送100京豆】的中奖情况
Jun 14 00:01:13 安慰兑币已领过
Jun 14 00:01:13 安慰兑币已领过
Jun 14 00:01:14 去查看【抽30人，每人送100京豆】的中奖情况
Jun 14 00:01:14 去查看【抽30人，每人送100京豆】的中奖情况
Jun 14 00:01:14 安慰兑币已领过
Jun 14 00:01:14 安慰兑币已领过
Jun 14 00:01:15 去查看【抽30人，每人送100京豆】的中奖情况
Jun 14 00:01:15 去查看【抽30人，每人送100京豆】的中奖情况
Jun 14 00:01:16 未中奖，去领取安慰兑币
Jun 14 00:01:16 未中奖，去领取安慰兑币
Jun 14 00:01:16 已超过领取时间，下次请提前领取
Jun 14 00:01:16 操作太频繁，稍后再试
Jun 14 00:01:17 去查看【每天抽30人，每人送10京豆】的中奖情况
Jun 14 00:01:17 去查看【每天抽30人，每人送10京豆】的中奖情况
Jun 14 00:01:17 安慰兑币已领过
Jun 14 00:01:17 安慰兑币已领过
Jun 14 00:01:18 去查看【抽3人，每人送10元京东卡】的中奖情况
Jun 14 00:01:18 去查看【抽3人，每人送10元京东卡】的中奖情况
Jun 14 00:01:18 未中奖，去领取安慰兑币
Jun 14 00:01:18 未中奖，去领取安慰兑币
Jun 14 00:01:18 已超过领取时间，下次请提前领取
Jun 14 00:01:18 操作太频繁，稍后再试
Jun 14 00:01:19 去查看【抽30人，每人送100京豆】的中奖情况
Jun 14 00:01:19 去查看【抽30人，每人送100京豆】的中奖情况
Jun 14 00:01:19 未中奖，去领取安慰兑币
Jun 14 00:01:19 未中奖，去领取安慰兑币
Jun 14 00:01:19 已超过领取时间，下次请提前领取
Jun 14 00:01:19 操作太频繁，稍后再试
Jun 14 00:01:20 去查看【抽3人，每人送10元京东卡】的中奖情况
Jun 14 00:01:20 去查看【抽3人，每人送10元京东卡】的中奖情况
Jun 14 00:01:20 安慰兑币已领过
Jun 14 00:01:20 安慰兑币已领过
Jun 14 00:01:21 去查看【每天抽30人，每人送10京豆】的中奖情况
Jun 14 00:01:21 去查看【每天抽30人，每人送10京豆】的中奖情况
Jun 14 00:01:21 安慰兑币已领过
Jun 14 00:01:21 安慰兑币已领过
Jun 14 00:01:22 去查看【抽30人，每人送100京豆】的中奖情况
Jun 14 00:01:22 去查看【抽30人，每人送100京豆】的中奖情况
Jun 14 00:01:22 安慰兑币已领过
Jun 14 00:01:22 安慰兑币已领过
Jun 14 00:01:24 【抽30人，每人送100京豆】未参与，去参与
Jun 14 00:01:24 【抽30人，每人送100京豆】未参与，去参与
Jun 14 00:01:24 操作太频繁，稍后再试
Jun 14 00:01:24 成功
Jun 14 00:01:25 【每天抽30人，每人送10京豆】未参与，去参与
Jun 14 00:01:25 成功
Jun 14 00:01:25 观看视频广告任务未完成，去完成
Jun 14 00:01:26 观看视频广告任务未完成，去完成
Jun 14 00:01:27 成功
Jun 14 00:01:28 【每天抽30人，每人送10京豆】未参与，去参与
Jun 14 00:01:28 成功
Jun 14 00:01:28 操作太频繁，稍后再试
Jun 14 00:01:29 【每天抽3人，每人送10元京东卡】未参与，去参与
Jun 14 00:01:29 【每天抽3人，每人送10元京东卡】未参与，去参与
Jun 14 00:01:29 操作太频繁，稍后再试
Jun 14 00:01:29 成功
Jun 14 00:01:30 观看视频广告任务未完成，去完成
Jun 14 00:01:31 去领奖
Jun 14 00:01:31 任务领奖成功，获得 null 兑币
Jun 14 00:01:31 成功
Jun 14 00:01:34 京东账号1jd_RbuUwXHBNnJR
Jun 14 00:01:34 本次运行获得 0 兑币
Jun 14 00:01:34 京东账号1jd_RbuUwXHBNnJR
Jun 14 00:01:34 本次运行获得 20 兑币
Jun 14 00:01:35 
Jun 14 00:01:35 ******开始【京东账号2】了来风*********
Jun 14 00:01:35 
Jun 14 00:01:35 
Jun 14 00:01:35 ******开始【京东账号2】了来风*********
Jun 14 00:01:35 
Jun 14 00:01:35 签到成功，获得 20 兑币
Jun 14 00:01:35 签到失败，操作太频繁，稍后再试
Jun 14 00:01:35 当前兑币：1676
Jun 14 00:01:35 当前兑币：1676
Jun 14 00:01:35 去查看【抽30人，每人送100京豆】的中奖情况
Jun 14 00:01:35 去查看【抽30人，每人送100京豆】的中奖情况
Jun 14 00:01:35 未中奖，去领取安慰兑币
Jun 14 00:01:35 成功
Jun 14 00:01:35 未中奖，去领取安慰兑币
Jun 14 00:01:35 操作太频繁，稍后再试
Jun 14 00:01:36 去查看【抽3人，每人送10元京东卡】的中奖情况
Jun 14 00:01:36 去查看【抽3人，每人送10元京东卡】的中奖情况
Jun 14 00:01:36 未中奖，去领取安慰兑币
Jun 14 00:01:36 未中奖，去领取安慰兑币
Jun 14 00:01:36 成功
Jun 14 00:01:36 操作太频繁，稍后再试
Jun 14 00:01:37 去查看【每天抽30人，每人送10京豆】的中奖情况
Jun 14 00:01:37 去查看【每天抽30人，每人送10京豆】的中奖情况
Jun 14 00:01:38 未中奖，去领取安慰兑币
Jun 14 00:01:38 未中奖，去领取安慰兑币
Jun 14 00:01:38 成功
Jun 14 00:01:38 操作太频繁，稍后再试
Jun 14 00:01:39 去查看【抽30人，每人送100京豆】的中奖情况
Jun 14 00:01:39 去查看【抽30人，每人送100京豆】的中奖情况
Jun 14 00:01:39 未中奖，去领取安慰兑币
Jun 14 00:01:39 未中奖，去领取安慰兑币
Jun 14 00:01:39 成功
Jun 14 00:01:39 操作太频繁，稍后再试
Jun 14 00:01:40 去查看【抽3人，每人送10元京东卡】的中奖情况
Jun 14 00:01:40 去查看【抽3人，每人送10元京东卡】的中奖情况
Jun 14 00:01:40 安慰兑币已领过
Jun 14 00:01:40 安慰兑币已领过
Jun 14 00:01:41 去查看【抽30人，每人送100京豆】的中奖情况
Jun 14 00:01:41 去查看【抽30人，每人送100京豆】的中奖情况
Jun 14 00:01:41 安慰兑币已领过
Jun 14 00:01:41 安慰兑币已领过
Jun 14 00:01:42 去查看【抽30人，每人送10京豆】的中奖情况
Jun 14 00:01:42 去查看【抽30人，每人送10京豆】的中奖情况
Jun 14 00:01:42 未中奖，去领取安慰兑币
Jun 14 00:01:42 未中奖，去领取安慰兑币
Jun 14 00:01:42 已超过领取时间，下次请提前领取
Jun 14 00:01:42 操作太频繁，稍后再试
Jun 14 00:01:43 去查看【每天抽30人，每人送10京豆】的中奖情况
Jun 14 00:01:43 去查看【每天抽30人，每人送10京豆】的中奖情况
Jun 14 00:01:43 未中奖，去领取安慰兑币
Jun 14 00:01:43 未中奖，去领取安慰兑币
Jun 14 00:01:43 已超过领取时间，下次请提前领取
Jun 14 00:01:43 操作太频繁，稍后再试
Jun 14 00:01:44 去查看【抽3人，每人送10元京东卡】的中奖情况
Jun 14 00:01:44 去查看【抽3人，每人送10元京东卡】的中奖情况
Jun 14 00:01:44 未中奖，去领取安慰兑币
Jun 14 00:01:44 未中奖，去领取安慰兑币
Jun 14 00:01:45 已超过领取时间，下次请提前领取
Jun 14 00:01:45 操作太频繁，稍后再试
Jun 14 00:01:46 去查看【每天抽30人，每人送10京豆】的中奖情况
Jun 14 00:01:46 去查看【每天抽30人，每人送10京豆】的中奖情况
Jun 14 00:01:46 安慰兑币已领过
Jun 14 00:01:46 安慰兑币已领过
Jun 14 00:01:47 去查看【每天抽30人，每人送10京豆】的中奖情况
Jun 14 00:01:47 去查看【每天抽30人，每人送10京豆】的中奖情况
Jun 14 00:01:47 安慰兑币已领过
Jun 14 00:01:47 安慰兑币已领过
Jun 14 00:01:48 去查看【抽30人，每人送100京豆】的中奖情况
Jun 14 00:01:48 去查看【抽30人，每人送100京豆】的中奖情况
Jun 14 00:01:48 安慰兑币已领过
Jun 14 00:01:48 安慰兑币已领过
Jun 14 00:01:49 去查看【抽30人，每人送100京豆】的中奖情况
Jun 14 00:01:49 去查看【抽30人，每人送100京豆】的中奖情况
Jun 14 00:01:49 安慰兑币已领过
Jun 14 00:01:49 安慰兑币已领过
Jun 14 00:01:50 去查看【抽30人，每人送100京豆】的中奖情况
Jun 14 00:01:50 去查看【抽30人，每人送100京豆】的中奖情况
Jun 14 00:01:50 未中奖，去领取安慰兑币
Jun 14 00:01:50 未中奖，去领取安慰兑币
Jun 14 00:01:50 已超过领取时间，下次请提前领取
Jun 14 00:01:50 操作太频繁，稍后再试
Jun 14 00:01:51 去查看【抽3人，每人送10元京东卡】的中奖情况
Jun 14 00:01:51 去查看【抽3人，每人送10元京东卡】的中奖情况
Jun 14 00:01:51 未中奖，去领取安慰兑币
Jun 14 00:01:51 未中奖，去领取安慰兑币
Jun 14 00:01:51 已超过领取时间，下次请提前领取
Jun 14 00:01:51 操作太频繁，稍后再试
Jun 14 00:01:52 去查看【抽30人，每人送100京豆】的中奖情况
Jun 14 00:01:52 去查看【抽30人，每人送100京豆】的中奖情况
Jun 14 00:01:52 未中奖，去领取安慰兑币
Jun 14 00:01:52 未中奖，去领取安慰兑币
Jun 14 00:01:53 已超过领取时间，下次请提前领取
Jun 14 00:01:53 操作太频繁，稍后再试
Jun 14 00:01:54 去查看【每天抽30人，每人送10京豆】的中奖情况
Jun 14 00:01:54 去查看【每天抽30人，每人送10京豆】的中奖情况
Jun 14 00:01:54 未中奖，去领取安慰兑币
Jun 14 00:01:54 未中奖，去领取安慰兑币
Jun 14 00:01:54 已超过领取时间，下次请提前领取
Jun 14 00:01:54 操作太频繁，稍后再试
Jun 14 00:01:55 去查看【抽3人，每人送10元京东卡】的中奖情况
Jun 14 00:01:55 去查看【抽3人，每人送10元京东卡】的中奖情况
Jun 14 00:01:55 未中奖，去领取安慰兑币
Jun 14 00:01:55 未中奖，去领取安慰兑币
Jun 14 00:01:55 已超过领取时间，下次请提前领取
Jun 14 00:01:55 操作太频繁，稍后再试
Jun 14 00:01:56 去查看【每天抽30人，每人送10京豆】的中奖情况
Jun 14 00:01:56 去查看【每天抽30人，每人送10京豆】的中奖情况
Jun 14 00:01:56 安慰兑币已领过
Jun 14 00:01:56 安慰兑币已领过
Jun 14 00:01:57 去查看【抽30人，每人送100京豆】的中奖情况
Jun 14 00:01:57 去查看【抽30人，每人送100京豆】的中奖情况
Jun 14 00:01:57 安慰兑币已领过
Jun 14 00:01:57 安慰兑币已领过
Jun 14 00:01:59 【抽30人，每人送100京豆】未参与，去参与
Jun 14 00:01:59 【抽30人，每人送100京豆】未参与，去参与
Jun 14 00:01:59 操作太频繁，稍后再试
Jun 14 00:01:59 成功
Jun 14 00:02:00 【每天抽30人，每人送10京豆】未参与，去参与
Jun 14 00:02:00 观看视频广告任务未完成，去完成
Jun 14 00:02:00 成功
Jun 14 00:02:01 观看视频广告任务未完成，去完成
Jun 14 00:02:01 成功
Jun 14 00:02:02 【每天抽30人，每人送10京豆】未参与，去参与
Jun 14 00:02:02 成功
Jun 14 00:02:02 操作太频繁，稍后再试
Jun 14 00:02:03 【每天抽3人，每人送10元京东卡】未参与，去参与
Jun 14 00:02:03 【每天抽3人，每人送10元京东卡】未参与，去参与
Jun 14 00:02:03 成功
Jun 14 00:02:03 操作太频繁，稍后再试
Jun 14 00:02:04 观看视频广告任务未完成，去完成
Jun 14 00:02:05 去领奖
Jun 14 00:02:05 成功
Jun 14 00:02:05 任务领奖成功，获得 null 兑币
Jun 14 00:02:08 京东账号2了来风
Jun 14 00:02:08 本次运行获得 20 兑币
Jun 14 00:02:09 京东账号2了来风
Jun 14 00:02:09 本次运行获得 0 兑币
Jun 14 00:02:09 
Jun 14 00:02:09 ******开始【京东账号1】的循环互助*********
Jun 14 00:02:09 
Jun 14 00:02:09 
Jun 14 00:02:09 开始助力活动id：【CY_10839】
Jun 14 00:02:10 
Jun 14 00:02:10 ******开始【京东账号1】的循环互助*********
Jun 14 00:02:10 
Jun 14 00:02:10 
Jun 14 00:02:10 开始助力活动id：【CY_10839】
Jun 14 00:02:10 成功
Jun 14 00:02:10 操作太频繁，稍后再试
Jun 14 00:02:11 好友今日抽奖码已达上限，请明日再来
Jun 14 00:02:11 好友今日抽奖码已达上限，请明日再来
Jun 14 00:02:12 好友今日抽奖码已达上限，请明日再来
Jun 14 00:02:12 好友今日抽奖码已达上限，请明日再来
Jun 14 00:02:13 操作太频繁，稍后再试
Jun 14 00:02:13 操作太频繁，稍后再试
Jun 14 00:02:14 您还没有参与这场抽奖活动
Jun 14 00:02:14 您还没有参与这场抽奖活动
Jun 14 00:02:15 好友今日抽奖码已达上限，请明日再来
Jun 14 00:02:15 好友今日抽奖码已达上限，请明日再来
Jun 14 00:02:16 操作太频繁，稍后再试
Jun 14 00:02:16 操作太频繁，稍后再试
Jun 14 00:02:17 您还没有参与这场抽奖活动
Jun 14 00:02:17 您还没有参与这场抽奖活动
Jun 14 00:02:18 您还没有参与这场抽奖活动
Jun 14 00:02:18 您还没有参与这场抽奖活动
Jun 14 00:02:24 
Jun 14 00:02:24 开始助力活动id：【CY_10928】
Jun 14 00:02:24 
Jun 14 00:02:24 开始助力活动id：【CY_10928】
Jun 14 00:02:24 成功
Jun 14 00:02:24 操作太频繁，稍后再试
Jun 14 00:02:25 好友今日抽奖码已达上限，请明日再来
Jun 14 00:02:25 好友今日抽奖码已达上限，请明日再来
Jun 14 00:02:26 好友今日抽奖码已达上限，请明日再来
Jun 14 00:02:26 好友今日抽奖码已达上限，请明日再来
Jun 14 00:02:27 操作太频繁，稍后再试
Jun 14 00:02:27 操作太频繁，稍后再试
Jun 14 00:02:28 您还没有参与这场抽奖活动
Jun 14 00:02:28 您还没有参与这场抽奖活动
Jun 14 00:02:29 好友今日抽奖码已达上限，请明日再来
Jun 14 00:02:29 好友今日抽奖码已达上限，请明日再来
Jun 14 00:02:30 操作太频繁，稍后再试
Jun 14 00:02:30 操作太频繁，稍后再试
Jun 14 00:02:31 您还没有参与这场抽奖活动
Jun 14 00:02:31 您还没有参与这场抽奖活动
Jun 14 00:02:32 您还没有参与这场抽奖活动
Jun 14 00:02:32 您还没有参与这场抽奖活动
Jun 14 00:02:38 
Jun 14 00:02:38 开始助力活动id：【CY_10929】
Jun 14 00:02:38 
Jun 14 00:02:38 开始助力活动id：【CY_10929】
Jun 14 00:02:38 操作太频繁，稍后再试
Jun 14 00:02:38 成功
Jun 14 00:02:39 好友今日抽奖码已达上限，请明日再来
Jun 14 00:02:39 好友今日抽奖码已达上限，请明日再来
Jun 14 00:02:40 好友今日抽奖码已达上限，请明日再来
Jun 14 00:02:40 好友今日抽奖码已达上限，请明日再来
Jun 14 00:02:41 操作太频繁，稍后再试
Jun 14 00:02:41 操作太频繁，稍后再试
Jun 14 00:02:42 操作太频繁，稍后再试
Jun 14 00:02:42 操作太频繁，稍后再试
Jun 14 00:02:43 好友今日抽奖码已达上限，请明日再来
Jun 14 00:02:43 好友今日抽奖码已达上限，请明日再来
Jun 14 00:02:44 好友今日抽奖码已达上限，请明日再来
Jun 14 00:02:44 好友今日抽奖码已达上限，请明日再来
Jun 14 00:02:46 您还没有参与这场抽奖活动
Jun 14 00:02:46 您还没有参与这场抽奖活动
Jun 14 00:02:47 您还没有参与这场抽奖活动
Jun 14 00:02:47 您还没有参与这场抽奖活动
Jun 14 00:02:53 
Jun 14 00:02:53 ******开始【京东账号2】的循环互助*********
Jun 14 00:02:53 
Jun 14 00:02:53 
Jun 14 00:02:53 开始助力活动id：【CY_10839】
Jun 14 00:02:53 
Jun 14 00:02:53 ******开始【京东账号2】的循环互助*********
Jun 14 00:02:53 
Jun 14 00:02:53 
Jun 14 00:02:53 开始助力活动id：【CY_10839】
Jun 14 00:02:53 操作太频繁，稍后再试
Jun 14 00:02:53 成功
Jun 14 00:02:54 好友今日抽奖码已达上限，请明日再来
Jun 14 00:02:54 好友今日抽奖码已达上限，请明日再来
Jun 14 00:02:55 好友今日抽奖码已达上限，请明日再来
Jun 14 00:02:55 好友今日抽奖码已达上限，请明日再来
Jun 14 00:02:56 好友今日抽奖码已达上限，请明日再来
Jun 14 00:02:56 好友今日抽奖码已达上限，请明日再来
Jun 14 00:02:57 您还没有参与这场抽奖活动
Jun 14 00:02:57 您还没有参与这场抽奖活动
Jun 14 00:02:58 好友今日抽奖码已达上限，请明日再来
Jun 14 00:02:58 好友今日抽奖码已达上限，请明日再来
Jun 14 00:02:59 好友今日抽奖码已达上限，请明日再来
Jun 14 00:02:59 好友今日抽奖码已达上限，请明日再来
Jun 14 00:03:00 您还没有参与这场抽奖活动
Jun 14 00:03:00 您还没有参与这场抽奖活动
Jun 14 00:03:01 您还没有参与这场抽奖活动
Jun 14 00:03:01 您还没有参与这场抽奖活动
Jun 14 00:03:07 
Jun 14 00:03:07 开始助力活动id：【CY_10928】
Jun 14 00:03:07 
Jun 14 00:03:07 开始助力活动id：【CY_10928】
Jun 14 00:03:07 成功
Jun 14 00:03:07 操作太频繁，稍后再试
Jun 14 00:03:08 好友今日抽奖码已达上限，请明日再来
Jun 14 00:03:08 好友今日抽奖码已达上限，请明日再来
Jun 14 00:03:09 好友今日抽奖码已达上限，请明日再来
Jun 14 00:03:09 好友今日抽奖码已达上限，请明日再来
Jun 14 00:03:10 好友今日抽奖码已达上限，请明日再来
Jun 14 00:03:10 好友今日抽奖码已达上限，请明日再来
Jun 14 00:03:11 您还没有参与这场抽奖活动
Jun 14 00:03:11 您还没有参与这场抽奖活动
Jun 14 00:03:12 好友今日抽奖码已达上限，请明日再来
Jun 14 00:03:12 好友今日抽奖码已达上限，请明日再来
Jun 14 00:03:13 好友今日抽奖码已达上限，请明日再来
Jun 14 00:03:13 好友今日抽奖码已达上限，请明日再来
Jun 14 00:03:14 您还没有参与这场抽奖活动
Jun 14 00:03:14 您还没有参与这场抽奖活动
Jun 14 00:03:15 您还没有参与这场抽奖活动
Jun 14 00:03:15 您还没有参与这场抽奖活动
Jun 14 00:03:21 
Jun 14 00:03:21 开始助力活动id：【CY_10929】
Jun 14 00:03:21 
Jun 14 00:03:21 开始助力活动id：【CY_10929】
Jun 14 00:03:21 成功
Jun 14 00:03:21 操作太频繁，稍后再试
Jun 14 00:03:22 好友今日抽奖码已达上限，请明日再来
Jun 14 00:03:22 好友今日抽奖码已达上限，请明日再来
Jun 14 00:03:23 好友今日抽奖码已达上限，请明日再来
Jun 14 00:03:23 好友今日抽奖码已达上限，请明日再来
Jun 14 00:03:24 好友今日抽奖码已达上限，请明日再来
Jun 14 00:03:24 好友今日抽奖码已达上限，请明日再来
Jun 14 00:03:25 操作太频繁，稍后再试
Jun 14 00:03:25 操作太频繁，稍后再试
Jun 14 00:03:27 好友今日抽奖码已达上限，请明日再来
Jun 14 00:03:27 好友今日抽奖码已达上限，请明日再来
Jun 14 00:03:28 好友今日抽奖码已达上限，请明日再来
Jun 14 00:03:28 好友今日抽奖码已达上限，请明日再来
Jun 14 00:03:29 您还没有参与这场抽奖活动
Jun 14 00:03:29 您还没有参与这场抽奖活动
Jun 14 00:03:30 您还没有参与这场抽奖活动
Jun 14 00:03:30 您还没有参与这场抽奖活动
Jun 14 00:03:36 
Jun 14 00:03:36 🔔京小兑, 结束! 🕛 155.903 秒
Jun 14 00:03:36 
Jun 14 00:03:36 
Jun 14 00:03:36 🔔京小兑, 结束! 🕛 155.89 秒
Jun 14 00:03:36 
Jun 15 00:01:00 
Jun 15 00:01:00 🔔京小兑, 开始!
Jun 15 00:01:00 
Jun 15 00:01:00 🔔京小兑, 开始!
Jun 15 00:01:00 您的cookie选择的是用&隔开
Jun 15 00:01:00 
Jun 15 00:01:00 
Jun 15 00:01:00 ====================共有2个京东账号Cookie=========
Jun 15 00:01:00 
Jun 15 00:01:00 您的cookie选择的是用&隔开
Jun 15 00:01:00 
Jun 15 00:01:00 
Jun 15 00:01:00 ====================共有2个京东账号Cookie=========
Jun 15 00:01:00 
Jun 15 00:01:01 ==================脚本执行- 北京时间(UTC+8)：6/15/2021, 12:01:00 AM=====================
Jun 15 00:01:01 
Jun 15 00:01:01 ==================脚本执行- 北京时间(UTC+8)：6/15/2021, 12:01:00 AM=====================
Jun 15 00:01:01 
Jun 15 00:01:01 脚本自动把抽奖卷兑换为兑币
Jun 15 00:01:01 脚本自动把抽奖卷兑换为兑币
Jun 15 00:01:01 
Jun 15 00:01:01 ******开始【京东账号1】jd_RbuUwXHBNnJR*********
Jun 15 00:01:01 
Jun 15 00:01:01 
Jun 15 00:01:01 ******开始【京东账号1】jd_RbuUwXHBNnJR*********
Jun 15 00:01:01 
Jun 15 00:01:01 签到成功，获得 20 兑币
Jun 15 00:01:01 签到失败，操作太频繁，稍后再试
Jun 15 00:01:01 当前兑币：6467
Jun 15 00:01:01 当前兑币：6467
Jun 15 00:01:01 去查看【每天抽30人，每人送10京豆】的中奖情况
Jun 15 00:01:01 去查看【每天抽30人，每人送10京豆】的中奖情况
Jun 15 00:01:01 未中奖，去领取安慰兑币
Jun 15 00:01:01 成功
Jun 15 00:01:01 未中奖，去领取安慰兑币
Jun 15 00:01:01 操作太频繁，稍后再试
Jun 15 00:01:02 去查看【抽30人，每人送100京豆】的中奖情况
Jun 15 00:01:02 去查看【抽30人，每人送100京豆】的中奖情况
Jun 15 00:01:02 未中奖，去领取安慰兑币
Jun 15 00:01:03 未中奖，去领取安慰兑币
Jun 15 00:01:03 成功
Jun 15 00:01:03 操作太频繁，稍后再试
Jun 15 00:01:04 去查看【抽30人，每人送100京豆】的中奖情况
Jun 15 00:01:04 去查看【抽30人，每人送100京豆】的中奖情况
Jun 15 00:01:04 安慰兑币已领过
Jun 15 00:01:04 安慰兑币已领过
Jun 15 00:01:05 去查看【抽3人，每人送10元京东卡】的中奖情况
Jun 15 00:01:05 去查看【抽3人，每人送10元京东卡】的中奖情况
Jun 15 00:01:05 安慰兑币已领过
Jun 15 00:01:05 安慰兑币已领过
Jun 15 00:01:06 去查看【每天抽30人，每人送10京豆】的中奖情况
Jun 15 00:01:06 去查看【每天抽30人，每人送10京豆】的中奖情况
Jun 15 00:01:06 安慰兑币已领过
Jun 15 00:01:06 安慰兑币已领过
Jun 15 00:01:07 去查看【抽30人，每人送100京豆】的中奖情况
Jun 15 00:01:07 去查看【抽30人，每人送100京豆】的中奖情况
Jun 15 00:01:07 安慰兑币已领过
Jun 15 00:01:07 安慰兑币已领过
Jun 15 00:01:08 去查看【抽3人，每人送10元京东卡】的中奖情况
Jun 15 00:01:08 去查看【抽3人，每人送10元京东卡】的中奖情况
Jun 15 00:01:08 安慰兑币已领过
Jun 15 00:01:08 安慰兑币已领过
Jun 15 00:01:09 去查看【抽30人，每人送100京豆】的中奖情况
Jun 15 00:01:09 去查看【抽30人，每人送100京豆】的中奖情况
Jun 15 00:01:09 安慰兑币已领过
Jun 15 00:01:09 安慰兑币已领过
Jun 15 00:01:10 去查看【抽30人，每人送10京豆】的中奖情况
Jun 15 00:01:10 去查看【抽30人，每人送10京豆】的中奖情况
Jun 15 00:01:10 未中奖，去领取安慰兑币
Jun 15 00:01:10 未中奖，去领取安慰兑币
Jun 15 00:01:10 已超过领取时间，下次请提前领取
Jun 15 00:01:10 操作太频繁，稍后再试
Jun 15 00:01:11 去查看【每天抽30人，每人送10京豆】的中奖情况
Jun 15 00:01:11 去查看【每天抽30人，每人送10京豆】的中奖情况
Jun 15 00:01:11 未中奖，去领取安慰兑币
Jun 15 00:01:12 未中奖，去领取安慰兑币
Jun 15 00:01:12 已超过领取时间，下次请提前领取
Jun 15 00:01:12 操作太频繁，稍后再试
Jun 15 00:01:13 去查看【抽3人，每人送10元京东卡】的中奖情况
Jun 15 00:01:13 去查看【抽3人，每人送10元京东卡】的中奖情况
Jun 15 00:01:13 未中奖，去领取安慰兑币
Jun 15 00:01:13 未中奖，去领取安慰兑币
Jun 15 00:01:13 已超过领取时间，下次请提前领取
Jun 15 00:01:13 操作太频繁，稍后再试
Jun 15 00:01:14 去查看【每天抽30人，每人送10京豆】的中奖情况
Jun 15 00:01:14 去查看【每天抽30人，每人送10京豆】的中奖情况
Jun 15 00:01:14 安慰兑币已领过
Jun 15 00:01:14 安慰兑币已领过
Jun 15 00:01:15 去查看【每天抽30人，每人送10京豆】的中奖情况
Jun 15 00:01:15 去查看【每天抽30人，每人送10京豆】的中奖情况
Jun 15 00:01:15 安慰兑币已领过
Jun 15 00:01:15 安慰兑币已领过
Jun 15 00:01:16 去查看【抽30人，每人送100京豆】的中奖情况
Jun 15 00:01:16 去查看【抽30人，每人送100京豆】的中奖情况
Jun 15 00:01:16 安慰兑币已领过
Jun 15 00:01:16 安慰兑币已领过
Jun 15 00:01:17 去查看【抽30人，每人送100京豆】的中奖情况
Jun 15 00:01:17 去查看【抽30人，每人送100京豆】的中奖情况
Jun 15 00:01:17 安慰兑币已领过
Jun 15 00:01:17 安慰兑币已领过
Jun 15 00:01:18 去查看【抽30人，每人送100京豆】的中奖情况
Jun 15 00:01:18 去查看【抽30人，每人送100京豆】的中奖情况
Jun 15 00:01:18 未中奖，去领取安慰兑币
Jun 15 00:01:18 已超过领取时间，下次请提前领取
Jun 15 00:01:18 未中奖，去领取安慰兑币
Jun 15 00:01:18 操作太频繁，稍后再试
Jun 15 00:01:19 去查看【每天抽30人，每人送10京豆】的中奖情况
Jun 15 00:01:19 去查看【每天抽30人，每人送10京豆】的中奖情况
Jun 15 00:01:19 安慰兑币已领过
Jun 15 00:01:20 安慰兑币已领过
Jun 15 00:01:20 去查看【抽3人，每人送10元京东卡】的中奖情况
Jun 15 00:01:21 去查看【抽3人，每人送10元京东卡】的中奖情况
Jun 15 00:01:21 未中奖，去领取安慰兑币
Jun 15 00:01:21 已超过领取时间，下次请提前领取
Jun 15 00:01:21 未中奖，去领取安慰兑币
Jun 15 00:01:21 操作太频繁，稍后再试
Jun 15 00:01:22 去查看【抽30人，每人送100京豆】的中奖情况
Jun 15 00:01:22 去查看【抽30人，每人送100京豆】的中奖情况
Jun 15 00:01:22 未中奖，去领取安慰兑币
Jun 15 00:01:22 已超过领取时间，下次请提前领取
Jun 15 00:01:22 未中奖，去领取安慰兑币
Jun 15 00:01:22 操作太频繁，稍后再试
Jun 15 00:01:24 【每天抽30人，每人送10京豆】未参与，去参与
Jun 15 00:01:24 成功
Jun 15 00:01:24 【每天抽30人，每人送10京豆】已参与，去检查任务列表
Jun 15 00:01:25 观看视频广告任务未完成，去完成
Jun 15 00:01:25 观看视频广告任务未完成，去完成
Jun 15 00:01:26 操作太频繁，稍后再试
Jun 15 00:01:26 成功
Jun 15 00:01:27 【每天抽3人，每人送10元京东卡】已参与，去检查任务列表
Jun 15 00:01:27 【每天抽3人，每人送10元京东卡】已参与，去检查任务列表
Jun 15 00:01:29 【抽30人，每人送100京豆】未参与，去参与
Jun 15 00:01:29 【抽30人，每人送100京豆】未参与，去参与
Jun 15 00:01:29 操作太频繁，稍后再试
Jun 15 00:01:29 成功
Jun 15 00:01:30 【抽3人，每人送10元京东卡】未参与，去参与
Jun 15 00:01:30 观看视频广告任务未完成，去完成
Jun 15 00:01:30 成功
Jun 15 00:01:31 观看视频广告任务未完成，去完成
Jun 15 00:01:31 成功
Jun 15 00:01:32 【抽3人，每人送10元京东卡】未参与，去参与
Jun 15 00:01:32 操作太频繁，稍后再试
Jun 15 00:01:32 成功
Jun 15 00:01:34 去领奖
Jun 15 00:01:34 去领奖
Jun 15 00:01:34 任务领奖失败，操作太频繁，稍后再试
Jun 15 00:01:34 任务领奖成功，获得 null 兑币
Jun 15 00:01:37 京东账号1jd_RbuUwXHBNnJR
Jun 15 00:01:37 本次运行获得 20 兑币
Jun 15 00:01:37 京东账号1jd_RbuUwXHBNnJR
Jun 15 00:01:37 本次运行获得 0 兑币
Jun 15 00:01:38 
Jun 15 00:01:38 ******开始【京东账号2】jd_fMRfXcJHjROT*********
Jun 15 00:01:38 
Jun 15 00:01:38 
Jun 15 00:01:38 ******开始【京东账号2】jd_fMRfXcJHjROT*********
Jun 15 00:01:38 
Jun 15 00:01:38 签到失败，操作太频繁，稍后再试
Jun 15 00:01:38 签到成功，获得 20 兑币
Jun 15 00:01:38 当前兑币：2564
Jun 15 00:01:38 当前兑币：2564
Jun 15 00:01:39 去查看【每天抽30人，每人送10京豆】的中奖情况
Jun 15 00:01:39 去查看【每天抽30人，每人送10京豆】的中奖情况
Jun 15 00:01:39 未中奖，去领取安慰兑币
Jun 15 00:01:39 未中奖，去领取安慰兑币
Jun 15 00:01:39 成功
Jun 15 00:01:39 操作太频繁，稍后再试
Jun 15 00:01:40 去查看【抽30人，每人送100京豆】的中奖情况
Jun 15 00:01:40 去查看【抽30人，每人送100京豆】的中奖情况
Jun 15 00:01:40 未中奖，去领取安慰兑币
Jun 15 00:01:40 未中奖，去领取安慰兑币
Jun 15 00:01:40 成功
Jun 15 00:01:40 操作太频繁，稍后再试
Jun 15 00:01:41 去查看【抽30人，每人送100京豆】的中奖情况
Jun 15 00:01:41 去查看【抽30人，每人送100京豆】的中奖情况
Jun 15 00:01:41 安慰兑币已领过
Jun 15 00:01:41 安慰兑币已领过
Jun 15 00:01:42 去查看【抽3人，每人送10元京东卡】的中奖情况
Jun 15 00:01:42 去查看【抽3人，每人送10元京东卡】的中奖情况
Jun 15 00:01:42 安慰兑币已领过
Jun 15 00:01:42 安慰兑币已领过
Jun 15 00:01:43 去查看【每天抽30人，每人送10京豆】的中奖情况
Jun 15 00:01:43 去查看【每天抽30人，每人送10京豆】的中奖情况
Jun 15 00:01:43 安慰兑币已领过
Jun 15 00:01:43 安慰兑币已领过
Jun 15 00:01:44 去查看【抽30人，每人送100京豆】的中奖情况
Jun 15 00:01:44 去查看【抽30人，每人送100京豆】的中奖情况
Jun 15 00:01:44 安慰兑币已领过
Jun 15 00:01:44 安慰兑币已领过
Jun 15 00:01:45 去查看【抽3人，每人送10元京东卡】的中奖情况
Jun 15 00:01:45 去查看【抽3人，每人送10元京东卡】的中奖情况
Jun 15 00:01:45 安慰兑币已领过
Jun 15 00:01:45 安慰兑币已领过
Jun 15 00:01:46 去查看【抽30人，每人送100京豆】的中奖情况
Jun 15 00:01:46 去查看【抽30人，每人送100京豆】的中奖情况
Jun 15 00:01:47 安慰兑币已领过
Jun 15 00:01:47 安慰兑币已领过
Jun 15 00:01:48 去查看【抽30人，每人送10京豆】的中奖情况
Jun 15 00:01:48 去查看【抽30人，每人送10京豆】的中奖情况
Jun 15 00:01:48 未中奖，去领取安慰兑币
Jun 15 00:01:48 未中奖，去领取安慰兑币
Jun 15 00:01:48 已超过领取时间，下次请提前领取
Jun 15 00:01:48 操作太频繁，稍后再试
Jun 15 00:01:49 去查看【每天抽30人，每人送10京豆】的中奖情况
Jun 15 00:01:49 去查看【每天抽30人，每人送10京豆】的中奖情况
Jun 15 00:01:49 未中奖，去领取安慰兑币
Jun 15 00:01:49 未中奖，去领取安慰兑币
Jun 15 00:01:49 已超过领取时间，下次请提前领取
Jun 15 00:01:49 操作太频繁，稍后再试
Jun 15 00:01:50 去查看【抽3人，每人送10元京东卡】的中奖情况
Jun 15 00:01:50 去查看【抽3人，每人送10元京东卡】的中奖情况
Jun 15 00:01:50 未中奖，去领取安慰兑币
Jun 15 00:01:50 未中奖，去领取安慰兑币
Jun 15 00:01:50 已超过领取时间，下次请提前领取
Jun 15 00:01:50 操作太频繁，稍后再试
Jun 15 00:01:51 去查看【每天抽30人，每人送10京豆】的中奖情况
Jun 15 00:01:51 去查看【每天抽30人，每人送10京豆】的中奖情况
Jun 15 00:01:51 安慰兑币已领过
Jun 15 00:01:51 安慰兑币已领过
Jun 15 00:01:52 去查看【每天抽30人，每人送10京豆】的中奖情况
Jun 15 00:01:52 去查看【每天抽30人，每人送10京豆】的中奖情况
Jun 15 00:01:52 安慰兑币已领过
Jun 15 00:01:52 安慰兑币已领过
Jun 15 00:01:53 去查看【抽30人，每人送100京豆】的中奖情况
Jun 15 00:01:53 去查看【抽30人，每人送100京豆】的中奖情况
Jun 15 00:01:53 安慰兑币已领过
Jun 15 00:01:53 安慰兑币已领过
Jun 15 00:01:54 去查看【抽30人，每人送100京豆】的中奖情况
Jun 15 00:01:54 去查看【抽30人，每人送100京豆】的中奖情况
Jun 15 00:01:55 安慰兑币已领过
Jun 15 00:01:55 安慰兑币已领过
Jun 15 00:01:56 去查看【抽30人，每人送100京豆】的中奖情况
Jun 15 00:01:56 去查看【抽30人，每人送100京豆】的中奖情况
Jun 15 00:01:56 未中奖，去领取安慰兑币
Jun 15 00:01:56 未中奖，去领取安慰兑币
Jun 15 00:01:56 已超过领取时间，下次请提前领取
Jun 15 00:01:56 操作太频繁，稍后再试
Jun 15 00:01:57 去查看【抽3人，每人送10元京东卡】的中奖情况
Jun 15 00:01:57 去查看【抽3人，每人送10元京东卡】的中奖情况
Jun 15 00:01:57 未中奖，去领取安慰兑币
Jun 15 00:01:57 未中奖，去领取安慰兑币
Jun 15 00:01:57 已超过领取时间，下次请提前领取
Jun 15 00:01:57 操作太频繁，稍后再试
Jun 15 00:01:58 去查看【抽30人，每人送100京豆】的中奖情况
Jun 15 00:01:58 去查看【抽30人，每人送100京豆】的中奖情况
Jun 15 00:01:58 未中奖，去领取安慰兑币
Jun 15 00:01:58 未中奖，去领取安慰兑币
Jun 15 00:01:58 已超过领取时间，下次请提前领取
Jun 15 00:01:58 操作太频繁，稍后再试
Jun 15 00:01:59 去查看【每天抽30人，每人送10京豆】的中奖情况
Jun 15 00:01:59 去查看【每天抽30人，每人送10京豆】的中奖情况
Jun 15 00:01:59 未中奖，去领取安慰兑币
Jun 15 00:01:59 未中奖，去领取安慰兑币
Jun 15 00:01:59 已超过领取时间，下次请提前领取
Jun 15 00:01:59 操作太频繁，稍后再试
Jun 15 00:02:01 【每天抽30人，每人送10京豆】未参与，去参与
Jun 15 00:02:01 【每天抽30人，每人送10京豆】未参与，去参与
Jun 15 00:02:01 操作太频繁，稍后再试
Jun 15 00:02:01 成功
Jun 15 00:02:02 【每天抽3人，每人送10元京东卡】已参与，去检查任务列表
Jun 15 00:02:02 观看视频广告任务未完成，去完成
Jun 15 00:02:03 成功
Jun 15 00:02:04 【抽30人，每人送100京豆】未参与，去参与
Jun 15 00:02:04 【每天抽3人，每人送10元京东卡】已参与，去检查任务列表
Jun 15 00:02:04 成功
Jun 15 00:02:05 观看视频广告任务未完成，去完成
Jun 15 00:02:06 【抽30人，每人送100京豆】未参与，去参与
Jun 15 00:02:06 操作太频繁，稍后再试
Jun 15 00:02:07 成功
Jun 15 00:02:07 【抽3人，每人送10元京东卡】未参与，去参与
Jun 15 00:02:08 【抽3人，每人送10元京东卡】未参与，去参与
Jun 15 00:02:08 成功
Jun 15 00:02:08 操作太频繁，稍后再试
Jun 15 00:02:09 观看视频广告任务未完成，去完成
Jun 15 00:02:10 去领奖
Jun 15 00:02:10 任务领奖成功，获得 null 兑币
Jun 15 00:02:10 成功
Jun 15 00:02:13 京东账号2jd_fMRfXcJHjROT
Jun 15 00:02:13 本次运行获得 0 兑币
Jun 15 00:02:13 京东账号2jd_fMRfXcJHjROT
Jun 15 00:02:13 本次运行获得 20 兑币
Jun 15 00:02:14 
Jun 15 00:02:14 ******开始【京东账号1】的循环互助*********
Jun 15 00:02:14 
Jun 15 00:02:14 
Jun 15 00:02:14 开始助力活动id：【CY_10931】
Jun 15 00:02:14 
Jun 15 00:02:14 ******开始【京东账号1】的循环互助*********
Jun 15 00:02:14 
Jun 15 00:02:14 
Jun 15 00:02:14 开始助力活动id：【CY_10931】
Jun 15 00:02:14 成功
Jun 15 00:02:14 操作太频繁，稍后再试
Jun 15 00:02:15 好友今日抽奖码已达上限，请明日再来
Jun 15 00:02:15 好友今日抽奖码已达上限，请明日再来
Jun 15 00:02:16 好友今日抽奖码已达上限，请明日再来
Jun 15 00:02:16 好友今日抽奖码已达上限，请明日再来
Jun 15 00:02:17 好友今日抽奖码已达上限，请明日再来
Jun 15 00:02:17 好友今日抽奖码已达上限，请明日再来
Jun 15 00:02:18 您还没有参与这场抽奖活动
Jun 15 00:02:18 您还没有参与这场抽奖活动
Jun 15 00:02:19 好友今日抽奖码已达上限，请明日再来
Jun 15 00:02:19 好友今日抽奖码已达上限，请明日再来
Jun 15 00:02:20 操作太频繁，稍后再试
Jun 15 00:02:20 操作太频繁，稍后再试
Jun 15 00:02:21 您还没有参与这场抽奖活动
Jun 15 00:02:21 您还没有参与这场抽奖活动
Jun 15 00:02:22 您还没有参与这场抽奖活动
Jun 15 00:02:22 您还没有参与这场抽奖活动
Jun 15 00:02:28 
Jun 15 00:02:28 开始助力活动id：【CY_10929】
Jun 15 00:02:28 
Jun 15 00:02:28 开始助力活动id：【CY_10929】
Jun 15 00:02:28 已经助力过了
Jun 15 00:02:28 操作太频繁，稍后再试
Jun 15 00:02:29 好友今日抽奖码已达上限，请明日再来
Jun 15 00:02:29 好友今日抽奖码已达上限，请明日再来
Jun 15 00:02:30 好友今日抽奖码已达上限，请明日再来
Jun 15 00:02:30 好友今日抽奖码已达上限，请明日再来
Jun 15 00:02:31 好友今日抽奖码已达上限，请明日再来
Jun 15 00:02:31 好友今日抽奖码已达上限，请明日再来
Jun 15 00:02:32 操作太频繁，稍后再试
Jun 15 00:02:32 操作太频繁，稍后再试
Jun 15 00:02:33 好友今日抽奖码已达上限，请明日再来
Jun 15 00:02:33 好友今日抽奖码已达上限，请明日再来
Jun 15 00:02:34 好友今日抽奖码已达上限，请明日再来
Jun 15 00:02:34 好友今日抽奖码已达上限，请明日再来
Jun 15 00:02:35 您还没有参与这场抽奖活动
Jun 15 00:02:35 您还没有参与这场抽奖活动
Jun 15 00:02:36 您还没有参与这场抽奖活动
Jun 15 00:02:36 您还没有参与这场抽奖活动
Jun 15 00:02:42 
Jun 15 00:02:42 开始助力活动id：【CY_10840】
Jun 15 00:02:42 
Jun 15 00:02:42 开始助力活动id：【CY_10840】
Jun 15 00:02:42 成功
Jun 15 00:02:42 操作太频繁，稍后再试
Jun 15 00:02:44 好友今日抽奖码已达上限，请明日再来
Jun 15 00:02:44 好友今日抽奖码已达上限，请明日再来
Jun 15 00:02:45 好友今日抽奖码已达上限，请明日再来
Jun 15 00:02:45 好友今日抽奖码已达上限，请明日再来
Jun 15 00:02:46 好友今日抽奖码已达上限，请明日再来
Jun 15 00:02:46 好友今日抽奖码已达上限，请明日再来
Jun 15 00:02:47 您还没有参与这场抽奖活动
Jun 15 00:02:47 您还没有参与这场抽奖活动
Jun 15 00:02:48 好友今日抽奖码已达上限，请明日再来
Jun 15 00:02:48 好友今日抽奖码已达上限，请明日再来
Jun 15 00:02:49 好友今日抽奖码已达上限，请明日再来
Jun 15 00:02:49 好友今日抽奖码已达上限，请明日再来
Jun 15 00:02:50 您还没有参与这场抽奖活动
Jun 15 00:02:50 您还没有参与这场抽奖活动
Jun 15 00:02:51 您还没有参与这场抽奖活动
Jun 15 00:02:51 您还没有参与这场抽奖活动
Jun 15 00:02:57 
Jun 15 00:02:57 开始助力活动id：【CY_10932】
Jun 15 00:02:57 
Jun 15 00:02:57 开始助力活动id：【CY_10932】
Jun 15 00:02:57 成功
Jun 15 00:02:57 操作太频繁，稍后再试
Jun 15 00:02:58 好友今日抽奖码已达上限，请明日再来
Jun 15 00:02:58 好友今日抽奖码已达上限，请明日再来
Jun 15 00:02:59 好友今日抽奖码已达上限，请明日再来
Jun 15 00:02:59 好友今日抽奖码已达上限，请明日再来
Jun 15 00:03:00 好友今日抽奖码已达上限，请明日再来
Jun 15 00:03:00 好友今日抽奖码已达上限，请明日再来
Jun 15 00:03:01 操作太频繁，稍后再试
Jun 15 00:03:01 成功
Jun 15 00:03:02 好友今日抽奖码已达上限，请明日再来
Jun 15 00:03:02 好友今日抽奖码已达上限，请明日再来
Jun 15 00:03:03 好友今日抽奖码已达上限，请明日再来
Jun 15 00:03:03 好友今日抽奖码已达上限，请明日再来
Jun 15 00:03:04 您还没有参与这场抽奖活动
Jun 15 00:03:04 您还没有参与这场抽奖活动
Jun 15 00:03:05 您还没有参与这场抽奖活动
Jun 15 00:03:05 您还没有参与这场抽奖活动
Jun 15 00:03:11 
Jun 15 00:03:11 ******开始【京东账号2】的循环互助*********
Jun 15 00:03:11 
Jun 15 00:03:11 
Jun 15 00:03:11 开始助力活动id：【CY_10931】
Jun 15 00:03:11 成功
Jun 15 00:03:11 
Jun 15 00:03:11 ******开始【京东账号2】的循环互助*********
Jun 15 00:03:11 
Jun 15 00:03:11 
Jun 15 00:03:11 开始助力活动id：【CY_10931】
Jun 15 00:03:11 操作太频繁，稍后再试
Jun 15 00:03:12 好友今日抽奖码已达上限，请明日再来
Jun 15 00:03:12 好友今日抽奖码已达上限，请明日再来
Jun 15 00:03:13 好友今日抽奖码已达上限，请明日再来
Jun 15 00:03:13 好友今日抽奖码已达上限，请明日再来
Jun 15 00:03:14 好友今日抽奖码已达上限，请明日再来
Jun 15 00:03:14 好友今日抽奖码已达上限，请明日再来
Jun 15 00:03:15 您还没有参与这场抽奖活动
Jun 15 00:03:15 您还没有参与这场抽奖活动
Jun 15 00:03:16 好友今日抽奖码已达上限，请明日再来
Jun 15 00:03:16 好友今日抽奖码已达上限，请明日再来
Jun 15 00:03:17 好友今日抽奖码已达上限，请明日再来
Jun 15 00:03:17 好友今日抽奖码已达上限，请明日再来
Jun 15 00:03:18 您还没有参与这场抽奖活动
Jun 15 00:03:19 您还没有参与这场抽奖活动
Jun 15 00:03:20 您还没有参与这场抽奖活动
Jun 15 00:03:20 您还没有参与这场抽奖活动
Jun 15 00:03:26 
Jun 15 00:03:26 开始助力活动id：【CY_10929】
Jun 15 00:03:26 已经助力过了
Jun 15 00:03:26 
Jun 15 00:03:26 开始助力活动id：【CY_10929】
Jun 15 00:03:26 操作太频繁，稍后再试
Jun 15 00:03:27 好友今日抽奖码已达上限，请明日再来
Jun 15 00:03:27 好友今日抽奖码已达上限，请明日再来
Jun 15 00:03:28 好友今日抽奖码已达上限，请明日再来
Jun 15 00:03:28 好友今日抽奖码已达上限，请明日再来
Jun 15 00:03:29 好友今日抽奖码已达上限，请明日再来
Jun 15 00:03:29 好友今日抽奖码已达上限，请明日再来
Jun 15 00:03:30 操作太频繁，稍后再试
Jun 15 00:03:30 操作太频繁，稍后再试
Jun 15 00:03:31 好友今日抽奖码已达上限，请明日再来
Jun 15 00:03:31 好友今日抽奖码已达上限，请明日再来
Jun 15 00:03:32 好友今日抽奖码已达上限，请明日再来
Jun 15 00:03:33 您还没有参与这场抽奖活动
Jun 15 00:03:33 好友今日抽奖码已达上限，请明日再来
Jun 15 00:03:34 您还没有参与这场抽奖活动
Jun 15 00:03:35 您还没有参与这场抽奖活动
Jun 15 00:03:36 您还没有参与这场抽奖活动
Jun 15 00:03:40 
Jun 15 00:03:40 开始助力活动id：【CY_10840】
Jun 15 00:03:40 成功
Jun 15 00:03:41 好友今日抽奖码已达上限，请明日再来
Jun 15 00:03:42 
Jun 15 00:03:42 开始助力活动id：【CY_10840】
Jun 15 00:03:42 操作太频繁，稍后再试
Jun 15 00:03:42 好友今日抽奖码已达上限，请明日再来
Jun 15 00:03:43 好友今日抽奖码已达上限，请明日再来
Jun 15 00:03:43 好友今日抽奖码已达上限，请明日再来
Jun 15 00:03:44 好友今日抽奖码已达上限，请明日再来
Jun 15 00:03:44 您还没有参与这场抽奖活动
Jun 15 00:03:45 好友今日抽奖码已达上限，请明日再来
Jun 15 00:03:45 好友今日抽奖码已达上限，请明日再来
Jun 15 00:03:46 您还没有参与这场抽奖活动
Jun 15 00:03:46 好友今日抽奖码已达上限，请明日再来
Jun 15 00:03:47 好友今日抽奖码已达上限，请明日再来
Jun 15 00:03:47 您还没有参与这场抽奖活动
Jun 15 00:03:48 好友今日抽奖码已达上限，请明日再来
Jun 15 00:03:48 您还没有参与这场抽奖活动
Jun 15 00:03:49 您还没有参与这场抽奖活动
Jun 15 00:03:50 您还没有参与这场抽奖活动
Jun 15 00:03:54 
Jun 15 00:03:54 开始助力活动id：【CY_10932】
Jun 15 00:03:54 成功
Jun 15 00:03:55 好友今日抽奖码已达上限，请明日再来
Jun 15 00:03:56 
Jun 15 00:03:56 开始助力活动id：【CY_10932】
Jun 15 00:03:56 操作太频繁，稍后再试
Jun 15 00:03:56 好友今日抽奖码已达上限，请明日再来
Jun 15 00:03:57 好友今日抽奖码已达上限，请明日再来
Jun 15 00:03:57 好友今日抽奖码已达上限，请明日再来
Jun 15 00:03:58 好友今日抽奖码已达上限，请明日再来
Jun 15 00:03:58 操作太频繁，稍后再试
Jun 15 00:03:59 好友今日抽奖码已达上限，请明日再来
Jun 15 00:04:00 好友今日抽奖码已达上限，请明日再来
Jun 15 00:04:00 操作太频繁，稍后再试
Jun 15 00:04:01 好友今日抽奖码已达上限，请明日再来
Jun 15 00:04:01 好友今日抽奖码已达上限，请明日再来
Jun 15 00:04:02 您还没有参与这场抽奖活动
Jun 15 00:04:02 好友今日抽奖码已达上限，请明日再来
Jun 15 00:04:03 您还没有参与这场抽奖活动
Jun 15 00:04:03 您还没有参与这场抽奖活动
Jun 15 00:04:04 您还没有参与这场抽奖活动
Jun 15 00:04:09 
Jun 15 00:04:09 🔔京小兑, 结束! 🕛 188.199 秒
Jun 15 00:04:09 
Jun 15 00:04:10 
Jun 15 00:04:10 🔔京小兑, 结束! 🕛 189.857 秒
Jun 15 00:04:10 
