Jun 14 00:15:00 
Jun 14 00:15:00 🔔跳跳乐瓜分京豆, 开始!
Jun 14 00:15:00 
Jun 14 00:15:00 🔔跳跳乐瓜分京豆, 开始!
Jun 14 00:15:00 您的cookie选择的是用&隔开
Jun 14 00:15:00 
Jun 14 00:15:00 
Jun 14 00:15:00 ====================共有2个京东账号Cookie=========
Jun 14 00:15:00 
Jun 14 00:15:00 您的cookie选择的是用&隔开
Jun 14 00:15:00 
Jun 14 00:15:00 
Jun 14 00:15:00 ====================共有2个京东账号Cookie=========
Jun 14 00:15:00 
Jun 14 00:15:00 ==================脚本执行- 北京时间(UTC+8)：6/14/2021, 12:15:00 AM=====================
Jun 14 00:15:00 
Jun 14 00:15:00 注：脚本默认不做添加物品至购物车任务，守护京东APP最后一片净土。
Jun 14 00:15:00 
Jun 14 00:15:00 ==================脚本执行- 北京时间(UTC+8)：6/14/2021, 12:15:00 AM=====================
Jun 14 00:15:00 
Jun 14 00:15:00 注：脚本默认不做添加物品至购物车任务，守护京东APP最后一片净土。
Jun 14 00:15:00 
Jun 14 00:15:00 
Jun 14 00:15:00 *****开始【京东账号1】赛格di*****
Jun 14 00:15:00 
Jun 14 00:15:00 
Jun 14 00:15:00 *****开始【京东账号1】赛格di*****
Jun 14 00:15:00 
Jun 14 00:15:01 开始执行活动：母婴618专场，活动时间：6/12/2021, 12:00:00 AM至6/18/2021, 11:59:00 PM
Jun 14 00:15:01 开始执行活动：母婴618专场，活动时间：6/12/2021, 12:00:00 AM至6/18/2021, 11:59:00 PM
Jun 14 00:15:02 已获得京豆：12
Jun 14 00:15:02 已获得京豆：12
Jun 14 00:15:04 不做：【加购并浏览任意一件商品8秒(0/1)】 任务
Jun 14 00:15:04 不做：【加购并浏览任意一件商品8秒(0/1)】 任务
Jun 14 00:15:04 执行骰子任务
Jun 14 00:15:04 不做：【加购并浏览任意一件商品8秒(0/1)】 任务
Jun 14 00:15:04 不做：【加购并浏览任意一件商品8秒(0/1)】 任务
Jun 14 00:15:04 执行骰子任务
Jun 14 00:15:06 丢骰子
Jun 14 00:15:06 丢骰子
Jun 14 00:15:06 丢骰子结果：road_block
Jun 14 00:15:06 丢骰子结果：road_block
Jun 14 00:15:06 执行结束,本次执行获得0京豆,共获得12京豆
Jun 14 00:15:06 
Jun 14 00:15:06 
Jun 14 00:15:07 执行结束,本次执行获得0京豆,共获得12京豆
Jun 14 00:15:07 
Jun 14 00:15:07 
Jun 14 00:15:08 母婴618,活动已结束
Jun 14 00:15:08 
Jun 14 00:15:08 
Jun 14 00:15:08 
Jun 14 00:15:08 *****开始【京东账号2】了来风*****
Jun 14 00:15:08 
Jun 14 00:15:09 母婴618,活动已结束
Jun 14 00:15:09 
Jun 14 00:15:09 
Jun 14 00:15:09 
Jun 14 00:15:09 *****开始【京东账号2】了来风*****
Jun 14 00:15:09 
Jun 14 00:15:10 开始执行活动：母婴618专场，活动时间：6/12/2021, 12:00:00 AM至6/18/2021, 11:59:00 PM
Jun 14 00:15:10 开始执行活动：母婴618专场，活动时间：6/12/2021, 12:00:00 AM至6/18/2021, 11:59:00 PM
Jun 14 00:15:11 已获得京豆：12
Jun 14 00:15:12 已获得京豆：12
Jun 14 00:15:14 不做：【加购并浏览任意一件商品8秒(0/1)】 任务
Jun 14 00:15:14 不做：【加购并浏览任意一件商品8秒(0/1)】 任务
Jun 14 00:15:14 执行骰子任务
Jun 14 00:15:14 不做：【加购并浏览任意一件商品8秒(0/1)】 任务
Jun 14 00:15:14 不做：【加购并浏览任意一件商品8秒(0/1)】 任务
Jun 14 00:15:14 执行骰子任务
Jun 14 00:15:15 丢骰子
Jun 14 00:15:15 丢骰子结果：road_block
Jun 14 00:15:15 执行结束,本次执行获得0京豆,共获得12京豆
Jun 14 00:15:15 
Jun 14 00:15:15 
Jun 14 00:15:16 丢骰子
Jun 14 00:15:16 丢骰子结果：road_block
Jun 14 00:15:16 执行结束,本次执行获得0京豆,共获得12京豆
Jun 14 00:15:16 
Jun 14 00:15:16 
Jun 14 00:15:17 母婴618,活动已结束
Jun 14 00:15:17 
Jun 14 00:15:17 
Jun 14 00:15:17 
Jun 14 00:15:17 🔔跳跳乐瓜分京豆, 结束! 🕛 17.164 秒
Jun 14 00:15:17 
Jun 14 00:15:18 母婴618,活动已结束
Jun 14 00:15:18 
Jun 14 00:15:18 
Jun 14 00:15:18 
Jun 14 00:15:18 🔔跳跳乐瓜分京豆, 结束! 🕛 18.064 秒
Jun 14 00:15:18 
Jun 14 12:15:00 
Jun 14 12:15:00 🔔跳跳乐瓜分京豆, 开始!
Jun 14 12:15:00 您的cookie选择的是用&隔开
Jun 14 12:15:00 
Jun 14 12:15:00 
Jun 14 12:15:00 ====================共有2个京东账号Cookie=========
Jun 14 12:15:00 
Jun 14 12:15:00 ==================脚本执行- 北京时间(UTC+8)：6/14/2021, 12:15:00 PM=====================
Jun 14 12:15:00 
Jun 14 12:15:00 注：脚本默认不做添加物品至购物车任务，守护京东APP最后一片净土。
Jun 14 12:15:00 
Jun 14 12:15:00 
Jun 14 12:15:00 🔔跳跳乐瓜分京豆, 开始!
Jun 14 12:15:00 您的cookie选择的是用&隔开
Jun 14 12:15:00 
Jun 14 12:15:00 
Jun 14 12:15:00 ====================共有2个京东账号Cookie=========
Jun 14 12:15:00 
Jun 14 12:15:00 ==================脚本执行- 北京时间(UTC+8)：6/14/2021, 12:15:00 PM=====================
Jun 14 12:15:00 
Jun 14 12:15:00 注：脚本默认不做添加物品至购物车任务，守护京东APP最后一片净土。
Jun 14 12:15:00 
Jun 14 12:15:00 
Jun 14 12:15:00 *****开始【京东账号1】赛格di*****
Jun 14 12:15:00 
Jun 14 12:15:00 
Jun 14 12:15:00 *****开始【京东账号1】赛格di*****
Jun 14 12:15:00 
Jun 14 12:15:02 开始执行活动：母婴618专场，活动时间：6/12/2021, 12:00:00 AM至6/18/2021, 11:59:00 PM
Jun 14 12:15:03 开始执行活动：母婴618专场，活动时间：6/12/2021, 12:00:00 AM至6/18/2021, 11:59:00 PM
Jun 14 12:15:03 已获得京豆：12
Jun 14 12:15:04 已获得京豆：12
Jun 14 12:15:05 不做：【加购并浏览任意一件商品8秒(0/1)】 任务
Jun 14 12:15:05 不做：【加购并浏览任意一件商品8秒(0/1)】 任务
Jun 14 12:15:05 执行骰子任务
Jun 14 12:15:06 不做：【加购并浏览任意一件商品8秒(0/1)】 任务
Jun 14 12:15:06 不做：【加购并浏览任意一件商品8秒(0/1)】 任务
Jun 14 12:15:06 执行骰子任务
Jun 14 12:15:06 丢骰子
Jun 14 12:15:06 丢骰子结果：road_block
Jun 14 12:15:06 执行结束,本次执行获得0京豆,共获得12京豆
Jun 14 12:15:06 
Jun 14 12:15:06 
Jun 14 12:15:07 丢骰子
Jun 14 12:15:07 丢骰子结果：road_block
Jun 14 12:15:07 执行结束,本次执行获得0京豆,共获得12京豆
Jun 14 12:15:07 
Jun 14 12:15:07 
Jun 14 12:15:08 母婴618,活动已结束
Jun 14 12:15:08 
Jun 14 12:15:08 
Jun 14 12:15:08 
Jun 14 12:15:08 *****开始【京东账号2】了来风*****
Jun 14 12:15:08 
Jun 14 12:15:09 母婴618,活动已结束
Jun 14 12:15:09 
Jun 14 12:15:09 
Jun 14 12:15:09 
Jun 14 12:15:09 *****开始【京东账号2】了来风*****
Jun 14 12:15:09 
Jun 14 12:15:09 开始执行活动：母婴618专场，活动时间：6/12/2021, 12:00:00 AM至6/18/2021, 11:59:00 PM
Jun 14 12:15:10 开始执行活动：母婴618专场，活动时间：6/12/2021, 12:00:00 AM至6/18/2021, 11:59:00 PM
Jun 14 12:15:11 已获得京豆：12
Jun 14 12:15:11 已获得京豆：12
Jun 14 12:15:13 不做：【加购并浏览任意一件商品8秒(0/1)】 任务
Jun 14 12:15:13 不做：【加购并浏览任意一件商品8秒(0/1)】 任务
Jun 14 12:15:13 执行骰子任务
Jun 14 12:15:13 不做：【加购并浏览任意一件商品8秒(0/1)】 任务
Jun 14 12:15:13 不做：【加购并浏览任意一件商品8秒(0/1)】 任务
Jun 14 12:15:13 执行骰子任务
Jun 14 12:15:14 丢骰子
Jun 14 12:15:14 丢骰子结果：road_block
Jun 14 12:15:14 执行结束,本次执行获得0京豆,共获得12京豆
Jun 14 12:15:14 
Jun 14 12:15:14 
Jun 14 12:15:15 丢骰子
Jun 14 12:15:15 丢骰子结果：road_block
Jun 14 12:15:15 执行结束,本次执行获得0京豆,共获得12京豆
Jun 14 12:15:15 
Jun 14 12:15:15 
Jun 14 12:15:16 母婴618,活动已结束
Jun 14 12:15:16 
Jun 14 12:15:16 
Jun 14 12:15:16 
Jun 14 12:15:16 🔔跳跳乐瓜分京豆, 结束! 🕛 15.95 秒
Jun 14 12:15:16 
Jun 14 12:15:17 母婴618,活动已结束
Jun 14 12:15:17 
Jun 14 12:15:17 
Jun 14 12:15:17 
Jun 14 12:15:17 🔔跳跳乐瓜分京豆, 结束! 🕛 16.802 秒
Jun 14 12:15:17 
Jun 14 22:15:00 
Jun 14 22:15:00 🔔跳跳乐瓜分京豆, 开始!
Jun 14 22:15:00 您的cookie选择的是用&隔开
Jun 14 22:15:00 
Jun 14 22:15:00 
Jun 14 22:15:00 ====================共有2个京东账号Cookie=========
Jun 14 22:15:00 
Jun 14 22:15:00 
Jun 14 22:15:00 🔔跳跳乐瓜分京豆, 开始!
Jun 14 22:15:00 您的cookie选择的是用&隔开
Jun 14 22:15:00 
Jun 14 22:15:00 
Jun 14 22:15:00 ====================共有2个京东账号Cookie=========
Jun 14 22:15:00 
Jun 14 22:15:00 ==================脚本执行- 北京时间(UTC+8)：6/14/2021, 10:15:00 PM=====================
Jun 14 22:15:00 
Jun 14 22:15:00 注：脚本默认不做添加物品至购物车任务，守护京东APP最后一片净土。
Jun 14 22:15:00 
Jun 14 22:15:00 ==================脚本执行- 北京时间(UTC+8)：6/14/2021, 10:15:00 PM=====================
Jun 14 22:15:00 
Jun 14 22:15:00 注：脚本默认不做添加物品至购物车任务，守护京东APP最后一片净土。
Jun 14 22:15:00 
Jun 14 22:15:00 
Jun 14 22:15:00 *****开始【京东账号1】赛格di*****
Jun 14 22:15:00 
Jun 14 22:15:00 
Jun 14 22:15:00 *****开始【京东账号1】赛格di*****
Jun 14 22:15:00 
Jun 14 22:15:01 开始执行活动：母婴618专场，活动时间：6/12/2021, 12:00:00 AM至6/18/2021, 11:59:00 PM
Jun 14 22:15:01 开始执行活动：母婴618专场，活动时间：6/12/2021, 12:00:00 AM至6/18/2021, 11:59:00 PM
Jun 14 22:15:03 已获得京豆：12
Jun 14 22:15:03 已获得京豆：12
Jun 14 22:15:05 开始执行任务：加购并浏览任意一件商品8秒(0/1)
Jun 14 22:15:05 任务执行成功
Jun 14 22:15:05 开始执行任务：加购并浏览任意一件商品8秒(0/1)
Jun 14 22:15:05 任务执行成功
Jun 14 22:15:06 丢骰子
Jun 14 22:15:06 丢骰子
Jun 14 22:15:06 
Jun 14 22:15:06 ❗️跳跳乐瓜分京豆, 错误!
Jun 14 22:15:06 TypeError: Cannot read property 'gridInfo' of null
Jun 14 22:15:06     at /scripts/myjd3/jd_jump.js:251:34
Jun 14 22:15:06     at isSurge.isLoon.isQuanX.isNode.got.on.then.message (/scripts/myjd3/jd_jump.js:494:5617)
Jun 14 22:15:06     at processTicksAndRejections (internal/process/task_queues.js:95:5)
Jun 14 22:15:08 丢骰子结果：destination
Jun 14 22:15:09 未判断情况
Jun 14 22:15:11 到达终点
Jun 14 22:15:11 执行结束,本次执行获得8京豆,共获得20京豆
Jun 14 22:15:11 
Jun 14 22:15:11 
Jun 14 22:15:13 执行结束,本次执行获得8京豆,共获得20京豆
Jun 14 22:15:13 
Jun 14 22:15:13 
Jun 14 22:15:13 母婴618,活动已结束
Jun 14 22:15:13 
Jun 14 22:15:13 
Jun 14 22:15:13 
Jun 14 22:15:13 *****开始【京东账号2】了来风*****
Jun 14 22:15:13 
Jun 14 22:15:14 开始执行活动：母婴618专场，活动时间：6/12/2021, 12:00:00 AM至6/18/2021, 11:59:00 PM
Jun 14 22:15:15 母婴618,活动已结束
Jun 14 22:15:15 
Jun 14 22:15:15 
Jun 14 22:15:15 
Jun 14 22:15:15 *****开始【京东账号2】了来风*****
Jun 14 22:15:15 
Jun 14 22:15:15 已获得京豆：12
Jun 14 22:15:16 开始执行活动：母婴618专场，活动时间：6/12/2021, 12:00:00 AM至6/18/2021, 11:59:00 PM
Jun 14 22:15:17 已获得京豆：12
Jun 14 22:15:17 开始执行任务：加购并浏览任意一件商品8秒(0/1)
Jun 14 22:15:18 任务执行成功
Jun 14 22:15:19 丢骰子
Jun 14 22:15:19 丢骰子结果：destination
Jun 14 22:15:20 丢骰子
Jun 14 22:15:20 丢骰子结果：null
Jun 14 22:15:22 到达终点
Jun 14 22:15:23 未判断情况
Jun 14 22:15:24 执行结束,本次执行获得8京豆,共获得20京豆
Jun 14 22:15:24 
Jun 14 22:15:24 
Jun 14 22:15:25 执行结束,本次执行获得8京豆,共获得20京豆
Jun 14 22:15:25 
Jun 14 22:15:25 
Jun 14 22:15:26 母婴618,活动已结束
Jun 14 22:15:26 
Jun 14 22:15:26 
Jun 14 22:15:26 
Jun 14 22:15:26 🔔跳跳乐瓜分京豆, 结束! 🕛 25.797 秒
Jun 14 22:15:26 
Jun 14 22:15:27 母婴618,活动已结束
Jun 14 22:15:27 
Jun 14 22:15:27 
Jun 14 22:15:27 
Jun 14 22:15:27 🔔跳跳乐瓜分京豆, 结束! 🕛 27.201 秒
Jun 14 22:15:27 
Jun 15 00:15:00 
Jun 15 00:15:00 🔔跳跳乐瓜分京豆, 开始!
Jun 15 00:15:00 
Jun 15 00:15:00 🔔跳跳乐瓜分京豆, 开始!
Jun 15 00:15:00 您的cookie选择的是用&隔开
Jun 15 00:15:00 
Jun 15 00:15:00 
Jun 15 00:15:00 ====================共有2个京东账号Cookie=========
Jun 15 00:15:00 
Jun 15 00:15:00 您的cookie选择的是用&隔开
Jun 15 00:15:00 
Jun 15 00:15:00 
Jun 15 00:15:00 ====================共有2个京东账号Cookie=========
Jun 15 00:15:00 
Jun 15 00:15:00 ==================脚本执行- 北京时间(UTC+8)：6/15/2021, 12:15:00 AM=====================
Jun 15 00:15:00 
Jun 15 00:15:00 注：脚本默认不做添加物品至购物车任务，守护京东APP最后一片净土。
Jun 15 00:15:00 
Jun 15 00:15:00 ==================脚本执行- 北京时间(UTC+8)：6/15/2021, 12:15:00 AM=====================
Jun 15 00:15:00 
Jun 15 00:15:00 注：脚本默认不做添加物品至购物车任务，守护京东APP最后一片净土。
Jun 15 00:15:00 
Jun 15 00:15:01 
Jun 15 00:15:01 *****开始【京东账号1】赛格di*****
Jun 15 00:15:01 
Jun 15 00:15:01 
Jun 15 00:15:01 *****开始【京东账号1】赛格di*****
Jun 15 00:15:01 
Jun 15 00:15:02 母婴618专场,已到达终点，等待瓜分，瓜分时间：Fri Jun 18 2021 23:59:00 GMT+0800 (China Standard Time) 之后
Jun 15 00:15:02 
Jun 15 00:15:02 
Jun 15 00:15:02 母婴618专场,已到达终点，等待瓜分，瓜分时间：Fri Jun 18 2021 23:59:00 GMT+0800 (China Standard Time) 之后
Jun 15 00:15:02 
Jun 15 00:15:02 
Jun 15 00:15:02 
Jun 15 00:15:02 *****开始【京东账号2】了来风*****
Jun 15 00:15:02 
Jun 15 00:15:02 
Jun 15 00:15:02 *****开始【京东账号2】了来风*****
Jun 15 00:15:02 
Jun 15 00:15:03 母婴618专场,已到达终点，等待瓜分，瓜分时间：Fri Jun 18 2021 23:59:00 GMT+0800 (China Standard Time) 之后
Jun 15 00:15:03 
Jun 15 00:15:03 
Jun 15 00:15:03 
Jun 15 00:15:03 🔔跳跳乐瓜分京豆, 结束! 🕛 2.872 秒
Jun 15 00:15:03 
Jun 15 00:15:03 母婴618专场,已到达终点，等待瓜分，瓜分时间：Fri Jun 18 2021 23:59:00 GMT+0800 (China Standard Time) 之后
Jun 15 00:15:03 
Jun 15 00:15:03 
Jun 15 00:15:03 
Jun 15 00:15:03 🔔跳跳乐瓜分京豆, 结束! 🕛 2.905 秒
Jun 15 00:15:03 
Jun 15 12:15:00 
Jun 15 12:15:00 🔔跳跳乐瓜分京豆, 开始!
Jun 15 12:15:01 您的cookie选择的是用&隔开
Jun 15 12:15:01 
Jun 15 12:15:01 
Jun 15 12:15:01 ====================共有2个京东账号Cookie=========
Jun 15 12:15:01 
Jun 15 12:15:01 
Jun 15 12:15:01 🔔跳跳乐瓜分京豆, 开始!
Jun 15 12:15:01 您的cookie选择的是用&隔开
Jun 15 12:15:01 
Jun 15 12:15:01 
Jun 15 12:15:01 ====================共有2个京东账号Cookie=========
Jun 15 12:15:01 
Jun 15 12:15:01 ==================脚本执行- 北京时间(UTC+8)：6/15/2021, 12:15:01 PM=====================
Jun 15 12:15:01 
Jun 15 12:15:01 注：脚本默认不做添加物品至购物车任务，守护京东APP最后一片净土。
Jun 15 12:15:01 
Jun 15 12:15:01 ==================脚本执行- 北京时间(UTC+8)：6/15/2021, 12:15:01 PM=====================
Jun 15 12:15:01 
Jun 15 12:15:01 注：脚本默认不做添加物品至购物车任务，守护京东APP最后一片净土。
Jun 15 12:15:01 
Jun 15 12:15:01 
Jun 15 12:15:01 *****开始【京东账号1】赛格di*****
Jun 15 12:15:01 
Jun 15 12:15:01 
Jun 15 12:15:01 *****开始【京东账号1】赛格di*****
Jun 15 12:15:01 
Jun 15 12:15:02 母婴618专场,已到达终点，等待瓜分，瓜分时间：Fri Jun 18 2021 23:59:00 GMT+0800 (China Standard Time) 之后
Jun 15 12:15:02 
Jun 15 12:15:02 
Jun 15 12:15:02 母婴618专场,已到达终点，等待瓜分，瓜分时间：Fri Jun 18 2021 23:59:00 GMT+0800 (China Standard Time) 之后
Jun 15 12:15:02 
Jun 15 12:15:02 
Jun 15 12:15:02 
Jun 15 12:15:02 *****开始【京东账号2】了来风*****
Jun 15 12:15:02 
Jun 15 12:15:02 
Jun 15 12:15:02 *****开始【京东账号2】了来风*****
Jun 15 12:15:02 
Jun 15 12:15:04 母婴618专场,已到达终点，等待瓜分，瓜分时间：Fri Jun 18 2021 23:59:00 GMT+0800 (China Standard Time) 之后
Jun 15 12:15:04 
Jun 15 12:15:04 
Jun 15 12:15:04 
Jun 15 12:15:04 🔔跳跳乐瓜分京豆, 结束! 🕛 3.774 秒
Jun 15 12:15:04 
Jun 15 12:15:04 母婴618专场,已到达终点，等待瓜分，瓜分时间：Fri Jun 18 2021 23:59:00 GMT+0800 (China Standard Time) 之后
Jun 15 12:15:04 
Jun 15 12:15:04 
Jun 15 12:15:04 
Jun 15 12:15:04 🔔跳跳乐瓜分京豆, 结束! 🕛 3.894 秒
Jun 15 12:15:04 
