Jun 14 00:00:01 
Jun 14 00:00:01 🔔宠汪汪积分兑换奖品, 开始!
Jun 14 00:00:01 您的cookie选择的是用&隔开
Jun 14 00:00:01 
Jun 14 00:00:01 
Jun 14 00:00:01 ====================共有2个京东账号Cookie=========
Jun 14 00:00:01 
Jun 14 00:00:02 ==================脚本执行- 北京时间(UTC+8)：6/14/2021, 12:00:01 AM=====================
Jun 14 00:00:02 
Jun 14 00:00:02 
Jun 14 00:00:02 🔔宠汪汪积分兑换奖品, 开始!
Jun 14 00:00:02 您的cookie选择的是用&隔开
Jun 14 00:00:02 
Jun 14 00:00:02 
Jun 14 00:00:02 ====================共有2个京东账号Cookie=========
Jun 14 00:00:02 
Jun 14 00:00:02 ==================脚本执行- 北京时间(UTC+8)：6/14/2021, 12:00:02 AM=====================
Jun 14 00:00:02 
Jun 14 00:00:03 
Jun 14 00:00:03 *****开始【京东账号1】jd_RbuUwXHBNnJR****
Jun 14 00:00:03 
Jun 14 00:00:03 脚本开始请求时间 2021-06-14 00:00:03 | 596
Jun 14 00:00:03 
Jun 14 00:00:03 *****开始【京东账号1】jd_RbuUwXHBNnJR****
Jun 14 00:00:03 
Jun 14 00:00:03 脚本开始请求时间 2021-06-14 00:00:03 | 645
Jun 14 00:00:03 
Jun 14 00:00:03 debug场次:beanConfigs0
Jun 14 00:00:03 
Jun 14 00:00:03 20京豆当前库存:18879，id：342
Jun 14 00:00:03 500京豆当前库存:0，id：343
Jun 14 00:00:03 
Jun 14 00:00:03 您设置了不兑换京豆,如需兑换京豆，请去BoxJs处设置或修改joyRewardName代码或设置环境变量 JD_JOY_REWARD_NAME
Jun 14 00:00:03 
Jun 14 00:00:03 debug场次:beanConfigs0
Jun 14 00:00:03 
Jun 14 00:00:03 20京豆当前库存:18865，id：342
Jun 14 00:00:03 500京豆当前库存:0，id：343
Jun 14 00:00:03 
Jun 14 00:00:03 您设置了不兑换京豆,如需兑换京豆，请去BoxJs处设置或修改joyRewardName代码或设置环境变量 JD_JOY_REWARD_NAME
Jun 14 00:00:03 
Jun 14 00:00:03 *****开始【京东账号2】jd_fMRfXcJHjROT****
Jun 14 00:00:03 
Jun 14 00:00:03 脚本开始请求时间 2021-06-14 00:00:03 | 832
Jun 14 00:00:03 
Jun 14 00:00:03 *****开始【京东账号2】jd_fMRfXcJHjROT****
Jun 14 00:00:03 
Jun 14 00:00:03 脚本开始请求时间 2021-06-14 00:00:03 | 855
Jun 14 00:00:03 
Jun 14 00:00:03 debug场次:beanConfigs0
Jun 14 00:00:03 
Jun 14 00:00:03 20京豆当前库存:9593，id：336
Jun 14 00:00:03 500京豆当前库存:41，id：337
Jun 14 00:00:03 
Jun 14 00:00:03 您设置了不兑换京豆,如需兑换京豆，请去BoxJs处设置或修改joyRewardName代码或设置环境变量 JD_JOY_REWARD_NAME
Jun 14 00:00:03 
Jun 14 00:00:03 🔔宠汪汪积分兑换奖品, 结束! 🕛 1.877 秒
Jun 14 00:00:03 
Jun 14 00:00:03 
Jun 14 00:00:03 debug场次:beanConfigs0
Jun 14 00:00:03 
Jun 14 00:00:03 20京豆当前库存:9589，id：336
Jun 14 00:00:03 500京豆当前库存:40，id：337
Jun 14 00:00:03 
Jun 14 00:00:03 您设置了不兑换京豆,如需兑换京豆，请去BoxJs处设置或修改joyRewardName代码或设置环境变量 JD_JOY_REWARD_NAME
Jun 14 00:00:03 
Jun 14 00:00:03 🔔宠汪汪积分兑换奖品, 结束! 🕛 2.544 秒
Jun 14 00:00:03 
Jun 14 08:00:01 
Jun 14 08:00:01 🔔宠汪汪积分兑换奖品, 开始!
Jun 14 08:00:01 您的cookie选择的是用&隔开
Jun 14 08:00:01 
Jun 14 08:00:01 
Jun 14 08:00:01 ====================共有2个京东账号Cookie=========
Jun 14 08:00:01 
Jun 14 08:00:01 
Jun 14 08:00:01 🔔宠汪汪积分兑换奖品, 开始!
Jun 14 08:00:01 您的cookie选择的是用&隔开
Jun 14 08:00:01 
Jun 14 08:00:01 
Jun 14 08:00:01 ====================共有2个京东账号Cookie=========
Jun 14 08:00:01 
Jun 14 08:00:01 ==================脚本执行- 北京时间(UTC+8)：6/14/2021, 8:00:01 AM=====================
Jun 14 08:00:01 
Jun 14 08:00:01 ==================脚本执行- 北京时间(UTC+8)：6/14/2021, 8:00:01 AM=====================
Jun 14 08:00:01 
Jun 14 08:00:01 
Jun 14 08:00:01 *****开始【京东账号1】jd_RbuUwXHBNnJR****
Jun 14 08:00:01 
Jun 14 08:00:01 脚本开始请求时间 2021-06-14 08:00:01 | 331
Jun 14 08:00:01 
Jun 14 08:00:01 *****开始【京东账号1】jd_RbuUwXHBNnJR****
Jun 14 08:00:01 
Jun 14 08:00:01 脚本开始请求时间 2021-06-14 08:00:01 | 345
Jun 14 08:00:01 
Jun 14 08:00:01 debug场次:beanConfigs8
Jun 14 08:00:01 
Jun 14 08:00:01 20京豆当前库存:0，id：342
Jun 14 08:00:01 500京豆当前库存:0，id：343
Jun 14 08:00:01 
Jun 14 08:00:01 您设置了不兑换京豆,如需兑换京豆，请去BoxJs处设置或修改joyRewardName代码或设置环境变量 JD_JOY_REWARD_NAME
Jun 14 08:00:01 
Jun 14 08:00:01 *****开始【京东账号2】jd_fMRfXcJHjROT****
Jun 14 08:00:01 
Jun 14 08:00:01 脚本开始请求时间 2021-06-14 08:00:01 | 521
Jun 14 08:00:01 
Jun 14 08:00:01 debug场次:beanConfigs8
Jun 14 08:00:01 
Jun 14 08:00:01 20京豆当前库存:0，id：336
Jun 14 08:00:01 500京豆当前库存:0，id：337
Jun 14 08:00:01 
Jun 14 08:00:01 您设置了不兑换京豆,如需兑换京豆，请去BoxJs处设置或修改joyRewardName代码或设置环境变量 JD_JOY_REWARD_NAME
Jun 14 08:00:01 
Jun 14 08:00:01 🔔宠汪汪积分兑换奖品, 结束! 🕛 0.572 秒
Jun 14 08:00:01 
Jun 14 08:00:02 
Jun 14 08:00:02 debug场次:beanConfigs8
Jun 14 08:00:02 
Jun 14 08:00:02 20京豆当前库存:0，id：342
Jun 14 08:00:02 500京豆当前库存:0，id：343
Jun 14 08:00:02 
Jun 14 08:00:02 您设置了不兑换京豆,如需兑换京豆，请去BoxJs处设置或修改joyRewardName代码或设置环境变量 JD_JOY_REWARD_NAME
Jun 14 08:00:02 
Jun 14 08:00:02 *****开始【京东账号2】jd_fMRfXcJHjROT****
Jun 14 08:00:02 
Jun 14 08:00:02 脚本开始请求时间 2021-06-14 08:00:02 | 503
Jun 14 08:00:02 
Jun 14 08:00:02 debug场次:beanConfigs8
Jun 14 08:00:02 
Jun 14 08:00:02 20京豆当前库存:9986，id：336
Jun 14 08:00:02 500京豆当前库存:100，id：337
Jun 14 08:00:02 
Jun 14 08:00:02 您设置了不兑换京豆,如需兑换京豆，请去BoxJs处设置或修改joyRewardName代码或设置环境变量 JD_JOY_REWARD_NAME
Jun 14 08:00:02 
Jun 14 08:00:02 🔔宠汪汪积分兑换奖品, 结束! 🕛 1.584 秒
Jun 14 08:00:02 
Jun 14 16:00:01 
Jun 14 16:00:01 🔔宠汪汪积分兑换奖品, 开始!
Jun 14 16:00:01 您的cookie选择的是用&隔开
Jun 14 16:00:01 
Jun 14 16:00:01 
Jun 14 16:00:01 ====================共有2个京东账号Cookie=========
Jun 14 16:00:01 
Jun 14 16:00:01 
Jun 14 16:00:01 🔔宠汪汪积分兑换奖品, 开始!
Jun 14 16:00:01 您的cookie选择的是用&隔开
Jun 14 16:00:01 
Jun 14 16:00:01 
Jun 14 16:00:01 ====================共有2个京东账号Cookie=========
Jun 14 16:00:01 
Jun 14 16:00:01 ==================脚本执行- 北京时间(UTC+8)：6/14/2021, 4:00:01 PM=====================
Jun 14 16:00:01 
Jun 14 16:00:01 ==================脚本执行- 北京时间(UTC+8)：6/14/2021, 4:00:01 PM=====================
Jun 14 16:00:01 
Jun 14 16:00:01 
Jun 14 16:00:01 *****开始【京东账号1】jd_RbuUwXHBNnJR****
Jun 14 16:00:01 
Jun 14 16:00:01 脚本开始请求时间 2021-06-14 16:00:01 | 874
Jun 14 16:00:01 
Jun 14 16:00:01 *****开始【京东账号1】jd_RbuUwXHBNnJR****
Jun 14 16:00:01 
Jun 14 16:00:01 脚本开始请求时间 2021-06-14 16:00:01 | 985
Jun 14 16:00:02 
Jun 14 16:00:02 debug场次:beanConfigs16
Jun 14 16:00:02 
Jun 14 16:00:02 20京豆当前库存:0，id：342
Jun 14 16:00:02 500京豆当前库存:0，id：343
Jun 14 16:00:02 
Jun 14 16:00:02 您设置了不兑换京豆,如需兑换京豆，请去BoxJs处设置或修改joyRewardName代码或设置环境变量 JD_JOY_REWARD_NAME
Jun 14 16:00:02 
Jun 14 16:00:02 *****开始【京东账号2】jd_fMRfXcJHjROT****
Jun 14 16:00:02 
Jun 14 16:00:02 脚本开始请求时间 2021-06-14 16:00:02 | 98
Jun 14 16:00:02 
Jun 14 16:00:02 debug场次:beanConfigs16
Jun 14 16:00:02 
Jun 14 16:00:02 20京豆当前库存:0，id：342
Jun 14 16:00:02 500京豆当前库存:0，id：343
Jun 14 16:00:02 
Jun 14 16:00:02 您设置了不兑换京豆,如需兑换京豆，请去BoxJs处设置或修改joyRewardName代码或设置环境变量 JD_JOY_REWARD_NAME
Jun 14 16:00:02 
Jun 14 16:00:02 *****开始【京东账号2】jd_fMRfXcJHjROT****
Jun 14 16:00:02 
Jun 14 16:00:02 脚本开始请求时间 2021-06-14 16:00:02 | 167
Jun 14 16:00:02 
Jun 14 16:00:02 debug场次:beanConfigs16
Jun 14 16:00:02 
Jun 14 16:00:02 20京豆当前库存:9981，id：336
Jun 14 16:00:02 500京豆当前库存:0，id：337
Jun 14 16:00:02 
Jun 14 16:00:02 您设置了不兑换京豆,如需兑换京豆，请去BoxJs处设置或修改joyRewardName代码或设置环境变量 JD_JOY_REWARD_NAME
Jun 14 16:00:02 
Jun 14 16:00:02 🔔宠汪汪积分兑换奖品, 结束! 🕛 1.167 秒
Jun 14 16:00:02 
Jun 14 16:00:05 
Jun 14 16:00:05 debug场次:beanConfigs16
Jun 14 16:00:05 
Jun 14 16:00:05 20京豆当前库存:9844，id：336
Jun 14 16:00:05 500京豆当前库存:0，id：337
Jun 14 16:00:05 
Jun 14 16:00:05 您设置了不兑换京豆,如需兑换京豆，请去BoxJs处设置或修改joyRewardName代码或设置环境变量 JD_JOY_REWARD_NAME
Jun 14 16:00:05 
Jun 14 16:00:05 🔔宠汪汪积分兑换奖品, 结束! 🕛 3.923 秒
Jun 14 16:00:05 
Jun 15 00:00:01 
Jun 15 00:00:01 🔔宠汪汪积分兑换奖品, 开始!
Jun 15 00:00:01 您的cookie选择的是用&隔开
Jun 15 00:00:01 
Jun 15 00:00:01 
Jun 15 00:00:01 ====================共有2个京东账号Cookie=========
Jun 15 00:00:01 
Jun 15 00:00:02 ==================脚本执行- 北京时间(UTC+8)：6/15/2021, 12:00:01 AM=====================
Jun 15 00:00:02 
Jun 15 00:00:02 
Jun 15 00:00:02 🔔宠汪汪积分兑换奖品, 开始!
Jun 15 00:00:02 您的cookie选择的是用&隔开
Jun 15 00:00:02 
Jun 15 00:00:02 
Jun 15 00:00:02 ====================共有2个京东账号Cookie=========
Jun 15 00:00:02 
Jun 15 00:00:02 ==================脚本执行- 北京时间(UTC+8)：6/15/2021, 12:00:02 AM=====================
Jun 15 00:00:02 
Jun 15 00:00:02 
Jun 15 00:00:02 *****开始【京东账号1】jd_RbuUwXHBNnJR****
Jun 15 00:00:02 
Jun 15 00:00:02 脚本开始请求时间 2021-06-15 00:00:02 | 914
Jun 15 00:00:03 
Jun 15 00:00:03 *****开始【京东账号1】jd_RbuUwXHBNnJR****
Jun 15 00:00:03 
Jun 15 00:00:03 脚本开始请求时间 2021-06-15 00:00:03 | 202
Jun 15 00:00:03 
Jun 15 00:00:03 debug场次:beanConfigs0
Jun 15 00:00:03 
Jun 15 00:00:03 20京豆当前库存:19036，id：342
Jun 15 00:00:03 500京豆当前库存:0，id：343
Jun 15 00:00:03 
Jun 15 00:00:03 按您设置的兑换500京豆失败，原因：京豆库存不足，已抢完，请下一场再兑换
Jun 15 00:00:03 
Jun 15 00:00:03 
Jun 15 00:00:03 *****开始【京东账号2】jd_fMRfXcJHjROT****
Jun 15 00:00:03 
Jun 15 00:00:03 脚本开始请求时间 2021-06-15 00:00:03 | 265
Jun 15 00:00:03 
Jun 15 00:00:03 debug场次:beanConfigs0
Jun 15 00:00:03 
Jun 15 00:00:03 20京豆当前库存:9679，id：336
Jun 15 00:00:03 500京豆当前库存:63，id：337
Jun 15 00:00:03 
Jun 15 00:00:03 您设置的兑换500京豆库存充足,开始为您兑换500京豆
Jun 15 00:00:03 
Jun 15 00:00:03 脚本开始兑换500京豆时间 2021-06-15 00:00:03 | 461
Jun 15 00:00:03 兑换结果:{"errorCode":"insufficient","errorMessage":null,"currentTime":1623686403548,"data":null,"success":true}
Jun 15 00:00:03 请求兑换API后时间 2021-06-15 00:00:03 | 618
Jun 15 00:00:03 
Jun 15 00:00:03 兑换500京豆失败，原因：当前账号积分不足兑换500京豆所需的8500积分
Jun 15 00:00:03 
Jun 15 00:00:03 
Jun 15 00:00:03 🔔宠汪汪积分兑换奖品, 结束! 🕛 1.997 秒
Jun 15 00:00:03 
Jun 15 00:00:04 
Jun 15 00:00:04 debug场次:beanConfigs0
Jun 15 00:00:04 
Jun 15 00:00:04 20京豆当前库存:18475，id：342
Jun 15 00:00:04 500京豆当前库存:0，id：343
Jun 15 00:00:04 
Jun 15 00:00:04 按您设置的兑换500京豆失败，原因：京豆库存不足，已抢完，请下一场再兑换
Jun 15 00:00:04 
Jun 15 00:00:04 
Jun 15 00:00:04 *****开始【京东账号2】jd_fMRfXcJHjROT****
Jun 15 00:00:04 
Jun 15 00:00:04 脚本开始请求时间 2021-06-15 00:00:04 | 449
Jun 15 00:00:04 
Jun 15 00:00:04 debug场次:beanConfigs0
Jun 15 00:00:04 
Jun 15 00:00:04 20京豆当前库存:9529，id：336
Jun 15 00:00:04 500京豆当前库存:19，id：337
Jun 15 00:00:04 
Jun 15 00:00:04 您设置的兑换500京豆库存充足,开始为您兑换500京豆
Jun 15 00:00:04 
Jun 15 00:00:04 脚本开始兑换500京豆时间 2021-06-15 00:00:04 | 530
Jun 15 00:00:04 兑换结果:{"errorCode":"insufficient","errorMessage":null,"currentTime":1623686404588,"data":null,"success":true}
Jun 15 00:00:04 请求兑换API后时间 2021-06-15 00:00:04 | 623
Jun 15 00:00:04 
Jun 15 00:00:04 兑换500京豆失败，原因：当前账号积分不足兑换500京豆所需的8500积分
Jun 15 00:00:04 
Jun 15 00:00:04 
Jun 15 00:00:04 🔔宠汪汪积分兑换奖品, 结束! 🕛 2.323 秒
Jun 15 00:00:04 
Jun 15 08:00:00 
Jun 15 08:00:00 🔔宠汪汪积分兑换奖品, 开始!
Jun 15 08:00:00 您的cookie选择的是用&隔开
Jun 15 08:00:00 
Jun 15 08:00:00 
Jun 15 08:00:00 ====================共有2个京东账号Cookie=========
Jun 15 08:00:00 
Jun 15 08:00:00 
Jun 15 08:00:00 🔔宠汪汪积分兑换奖品, 开始!
Jun 15 08:00:00 您的cookie选择的是用&隔开
Jun 15 08:00:00 
Jun 15 08:00:00 
Jun 15 08:00:00 ====================共有2个京东账号Cookie=========
Jun 15 08:00:00 
Jun 15 08:00:00 ==================脚本执行- 北京时间(UTC+8)：6/15/2021, 8:00:00 AM=====================
Jun 15 08:00:00 
Jun 15 08:00:00 ==================脚本执行- 北京时间(UTC+8)：6/15/2021, 8:00:00 AM=====================
Jun 15 08:00:00 
Jun 15 08:00:01 
Jun 15 08:00:01 *****开始【京东账号1】jd_RbuUwXHBNnJR****
Jun 15 08:00:01 
Jun 15 08:00:01 脚本开始请求时间 2021-06-15 08:00:01 | 42
Jun 15 08:00:01 
Jun 15 08:00:01 *****开始【京东账号1】jd_RbuUwXHBNnJR****
Jun 15 08:00:01 
Jun 15 08:00:01 脚本开始请求时间 2021-06-15 08:00:01 | 50
Jun 15 08:00:01 
Jun 15 08:00:01 debug场次:beanConfigs8
Jun 15 08:00:01 
Jun 15 08:00:01 20京豆当前库存:0，id：342
Jun 15 08:00:01 500京豆当前库存:0，id：343
Jun 15 08:00:01 
Jun 15 08:00:01 按您设置的兑换500京豆失败，原因：京豆库存不足，已抢完，请下一场再兑换
Jun 15 08:00:01 
Jun 15 08:00:01 
Jun 15 08:00:01 debug场次:beanConfigs8
Jun 15 08:00:01 
Jun 15 08:00:01 20京豆当前库存:0，id：342
Jun 15 08:00:01 500京豆当前库存:0，id：343
Jun 15 08:00:01 
Jun 15 08:00:01 按您设置的兑换500京豆失败，原因：京豆库存不足，已抢完，请下一场再兑换
Jun 15 08:00:01 
Jun 15 08:00:01 
Jun 15 08:00:01 *****开始【京东账号2】jd_fMRfXcJHjROT****
Jun 15 08:00:01 
Jun 15 08:00:01 脚本开始请求时间 2021-06-15 08:00:01 | 211
Jun 15 08:00:01 
Jun 15 08:00:01 *****开始【京东账号2】jd_fMRfXcJHjROT****
Jun 15 08:00:01 
Jun 15 08:00:01 脚本开始请求时间 2021-06-15 08:00:01 | 211
Jun 15 08:00:01 
Jun 15 08:00:01 debug场次:beanConfigs8
Jun 15 08:00:01 
Jun 15 08:00:01 20京豆当前库存:0，id：336
Jun 15 08:00:01 500京豆当前库存:0，id：337
Jun 15 08:00:01 
Jun 15 08:00:01 按您设置的兑换500京豆失败，原因：京豆库存不足，已抢完，请下一场再兑换
Jun 15 08:00:01 
Jun 15 08:00:01 
Jun 15 08:00:01 🔔宠汪汪积分兑换奖品, 结束! 🕛 0.484 秒
Jun 15 08:00:01 
Jun 15 08:00:01 
Jun 15 08:00:01 debug场次:beanConfigs8
Jun 15 08:00:01 
Jun 15 08:00:01 20京豆当前库存:10000，id：336
Jun 15 08:00:01 500京豆当前库存:0，id：337
Jun 15 08:00:01 
Jun 15 08:00:01 按您设置的兑换500京豆失败，原因：京豆库存不足，已抢完，请下一场再兑换
Jun 15 08:00:01 
Jun 15 08:00:01 
Jun 15 08:00:01 🔔宠汪汪积分兑换奖品, 结束! 🕛 0.491 秒
Jun 15 08:00:01 
Jun 15 16:00:00 
Jun 15 16:00:00 🔔宠汪汪积分兑换奖品, 开始!
Jun 15 16:00:00 您的cookie选择的是用&隔开
Jun 15 16:00:00 
Jun 15 16:00:00 
Jun 15 16:00:00 ====================共有2个京东账号Cookie=========
Jun 15 16:00:00 
Jun 15 16:00:00 
Jun 15 16:00:00 🔔宠汪汪积分兑换奖品, 开始!
Jun 15 16:00:00 您的cookie选择的是用&隔开
Jun 15 16:00:00 
Jun 15 16:00:00 
Jun 15 16:00:00 ====================共有2个京东账号Cookie=========
Jun 15 16:00:00 
Jun 15 16:00:00 ==================脚本执行- 北京时间(UTC+8)：6/15/2021, 4:00:00 PM=====================
Jun 15 16:00:00 
Jun 15 16:00:00 ==================脚本执行- 北京时间(UTC+8)：6/15/2021, 4:00:00 PM=====================
Jun 15 16:00:00 
Jun 15 16:00:00 
Jun 15 16:00:00 *****开始【京东账号1】jd_RbuUwXHBNnJR****
Jun 15 16:00:00 
Jun 15 16:00:00 脚本开始请求时间 2021-06-15 16:00:00 | 653
Jun 15 16:00:00 
Jun 15 16:00:00 *****开始【京东账号1】jd_RbuUwXHBNnJR****
Jun 15 16:00:00 
Jun 15 16:00:00 脚本开始请求时间 2021-06-15 16:00:00 | 826
Jun 15 16:00:00 
Jun 15 16:00:00 debug场次:beanConfigs16
Jun 15 16:00:00 
Jun 15 16:00:00 20京豆当前库存:0，id：342
Jun 15 16:00:00 500京豆当前库存:0，id：343
Jun 15 16:00:00 
Jun 15 16:00:00 按您设置的兑换500京豆失败，原因：京豆库存不足，已抢完，请下一场再兑换
Jun 15 16:00:00 
Jun 15 16:00:00 
Jun 15 16:00:00 *****开始【京东账号2】jd_fMRfXcJHjROT****
Jun 15 16:00:00 
Jun 15 16:00:00 脚本开始请求时间 2021-06-15 16:00:00 | 881
Jun 15 16:00:00 
Jun 15 16:00:00 debug场次:beanConfigs16
Jun 15 16:00:00 
Jun 15 16:00:00 20京豆当前库存:0，id：336
Jun 15 16:00:00 500京豆当前库存:0，id：337
Jun 15 16:00:00 
Jun 15 16:00:00 按您设置的兑换500京豆失败，原因：京豆库存不足，已抢完，请下一场再兑换
Jun 15 16:00:00 
Jun 15 16:00:00 
Jun 15 16:00:00 🔔宠汪汪积分兑换奖品, 结束! 🕛 0.627 秒
Jun 15 16:00:00 
Jun 15 16:00:00 
Jun 15 16:00:00 debug场次:beanConfigs16
Jun 15 16:00:00 
Jun 15 16:00:00 20京豆当前库存:0，id：342
Jun 15 16:00:00 500京豆当前库存:0，id：343
Jun 15 16:00:00 
Jun 15 16:00:00 按您设置的兑换500京豆失败，原因：京豆库存不足，已抢完，请下一场再兑换
Jun 15 16:00:00 
Jun 15 16:00:01 
Jun 15 16:00:01 *****开始【京东账号2】jd_fMRfXcJHjROT****
Jun 15 16:00:01 
Jun 15 16:00:01 脚本开始请求时间 2021-06-15 16:00:01 | 54
Jun 15 16:00:01 
Jun 15 16:00:01 debug场次:beanConfigs16
Jun 15 16:00:01 
Jun 15 16:00:01 20京豆当前库存:0，id：336
Jun 15 16:00:01 500京豆当前库存:0，id：337
Jun 15 16:00:01 
Jun 15 16:00:01 按您设置的兑换500京豆失败，原因：京豆库存不足，已抢完，请下一场再兑换
Jun 15 16:00:01 
Jun 15 16:00:01 
Jun 15 16:00:01 🔔宠汪汪积分兑换奖品, 结束! 🕛 0.8 秒
Jun 15 16:00:01 
