Jun 14 06:10:00 
Jun 14 06:10:00 🔔京东秒秒币, 开始!
Jun 14 06:10:00 您的cookie选择的是用&隔开
Jun 14 06:10:00 
Jun 14 06:10:00 
Jun 14 06:10:00 ====================共有2个京东账号Cookie=========
Jun 14 06:10:00 
Jun 14 06:10:00 
Jun 14 06:10:00 🔔京东秒秒币, 开始!
Jun 14 06:10:00 您的cookie选择的是用&隔开
Jun 14 06:10:00 
Jun 14 06:10:00 
Jun 14 06:10:00 ====================共有2个京东账号Cookie=========
Jun 14 06:10:00 
Jun 14 06:10:00 ==================脚本执行- 北京时间(UTC+8)：6/14/2021, 6:10:00 AM=====================
Jun 14 06:10:00 
Jun 14 06:10:00 ==================脚本执行- 北京时间(UTC+8)：6/14/2021, 6:10:00 AM=====================
Jun 14 06:10:00 
Jun 14 06:10:00 
Jun 14 06:10:00 ******开始【京东账号1】jd_RbuUwXHBNnJR*********
Jun 14 06:10:00 
Jun 14 06:10:01 
Jun 14 06:10:01 ******开始【京东账号1】jd_RbuUwXHBNnJR*********
Jun 14 06:10:01 
Jun 14 06:10:01 
Jun 14 06:10:01 ==============📣系统通知📣==============
Jun 14 06:10:01 京东秒秒币
Jun 14 06:10:01 京东账号1jd_RbuUwXHBNnJR
Jun 14 06:10:01 本次运行获得秒秒币0枚，共0枚
Jun 14 06:10:01 
Jun 14 06:10:01 ==============📣系统通知📣==============
Jun 14 06:10:01 京东秒秒币
Jun 14 06:10:01 京东账号1jd_RbuUwXHBNnJR
Jun 14 06:10:01 本次运行获得秒秒币0枚，共0枚
Jun 14 06:10:01 
Jun 14 06:10:01 ******开始【京东账号2】jd_fMRfXcJHjROT*********
Jun 14 06:10:01 
Jun 14 06:10:01 
Jun 14 06:10:01 ******开始【京东账号2】jd_fMRfXcJHjROT*********
Jun 14 06:10:01 
Jun 14 06:10:02 
Jun 14 06:10:02 ==============📣系统通知📣==============
Jun 14 06:10:02 京东秒秒币
Jun 14 06:10:02 京东账号2jd_fMRfXcJHjROT
Jun 14 06:10:02 本次运行获得秒秒币0枚，共0枚
Jun 14 06:10:02 
Jun 14 06:10:02 🔔京东秒秒币, 结束! 🕛 2.056 秒
Jun 14 06:10:02 
Jun 14 06:10:03 
Jun 14 06:10:03 ==============📣系统通知📣==============
Jun 14 06:10:03 京东秒秒币
Jun 14 06:10:03 京东账号2jd_fMRfXcJHjROT
Jun 14 06:10:03 本次运行获得秒秒币0枚，共0枚
Jun 14 06:10:03 
Jun 14 06:10:03 🔔京东秒秒币, 结束! 🕛 2.409 秒
Jun 14 06:10:03 
Jun 14 21:10:00 
Jun 14 21:10:00 🔔京东秒秒币, 开始!
Jun 14 21:10:00 您的cookie选择的是用&隔开
Jun 14 21:10:00 
Jun 14 21:10:00 
Jun 14 21:10:00 ====================共有2个京东账号Cookie=========
Jun 14 21:10:00 
Jun 14 21:10:00 
Jun 14 21:10:00 🔔京东秒秒币, 开始!
Jun 14 21:10:00 您的cookie选择的是用&隔开
Jun 14 21:10:00 
Jun 14 21:10:00 
Jun 14 21:10:00 ====================共有2个京东账号Cookie=========
Jun 14 21:10:00 
Jun 14 21:10:00 ==================脚本执行- 北京时间(UTC+8)：6/14/2021, 9:10:00 PM=====================
Jun 14 21:10:00 
Jun 14 21:10:00 ==================脚本执行- 北京时间(UTC+8)：6/14/2021, 9:10:00 PM=====================
Jun 14 21:10:00 
Jun 14 21:10:00 
Jun 14 21:10:00 ******开始【京东账号1】jd_RbuUwXHBNnJR*********
Jun 14 21:10:00 
Jun 14 21:10:00 
Jun 14 21:10:00 ******开始【京东账号1】jd_RbuUwXHBNnJR*********
Jun 14 21:10:00 
Jun 14 21:10:01 
Jun 14 21:10:01 ==============📣系统通知📣==============
Jun 14 21:10:01 京东秒秒币
Jun 14 21:10:01 京东账号1jd_RbuUwXHBNnJR
Jun 14 21:10:01 本次运行获得秒秒币0枚，共0枚
Jun 14 21:10:01 
Jun 14 21:10:01 ******开始【京东账号2】jd_fMRfXcJHjROT*********
Jun 14 21:10:01 
Jun 14 21:10:01 
Jun 14 21:10:01 ==============📣系统通知📣==============
Jun 14 21:10:01 京东秒秒币
Jun 14 21:10:01 京东账号1jd_RbuUwXHBNnJR
Jun 14 21:10:01 本次运行获得秒秒币0枚，共0枚
Jun 14 21:10:01 
Jun 14 21:10:01 ******开始【京东账号2】jd_fMRfXcJHjROT*********
Jun 14 21:10:01 
Jun 14 21:10:02 
Jun 14 21:10:02 ==============📣系统通知📣==============
Jun 14 21:10:02 京东秒秒币
Jun 14 21:10:02 京东账号2jd_fMRfXcJHjROT
Jun 14 21:10:02 本次运行获得秒秒币0枚，共0枚
Jun 14 21:10:02 
Jun 14 21:10:02 🔔京东秒秒币, 结束! 🕛 2.069 秒
Jun 14 21:10:02 
Jun 14 21:10:02 
Jun 14 21:10:02 ==============📣系统通知📣==============
Jun 14 21:10:02 京东秒秒币
Jun 14 21:10:02 京东账号2jd_fMRfXcJHjROT
Jun 14 21:10:02 本次运行获得秒秒币0枚，共0枚
Jun 14 21:10:02 
Jun 14 21:10:02 🔔京东秒秒币, 结束! 🕛 2.184 秒
Jun 14 21:10:02 
Jun 15 06:10:00 
Jun 15 06:10:00 🔔京东秒秒币, 开始!
Jun 15 06:10:00 您的cookie选择的是用&隔开
Jun 15 06:10:00 
Jun 15 06:10:00 
Jun 15 06:10:00 ====================共有2个京东账号Cookie=========
Jun 15 06:10:00 
Jun 15 06:10:00 
Jun 15 06:10:00 🔔京东秒秒币, 开始!
Jun 15 06:10:00 ==================脚本执行- 北京时间(UTC+8)：6/15/2021, 6:10:00 AM=====================
Jun 15 06:10:00 
Jun 15 06:10:00 您的cookie选择的是用&隔开
Jun 15 06:10:00 
Jun 15 06:10:00 
Jun 15 06:10:00 ====================共有2个京东账号Cookie=========
Jun 15 06:10:00 
Jun 15 06:10:00 ==================脚本执行- 北京时间(UTC+8)：6/15/2021, 6:10:00 AM=====================
Jun 15 06:10:00 
Jun 15 06:10:00 
Jun 15 06:10:00 ******开始【京东账号1】jd_RbuUwXHBNnJR*********
Jun 15 06:10:00 
Jun 15 06:10:01 
Jun 15 06:10:01 ******开始【京东账号1】jd_RbuUwXHBNnJR*********
Jun 15 06:10:01 
Jun 15 06:10:01 
Jun 15 06:10:01 ==============📣系统通知📣==============
Jun 15 06:10:01 京东秒秒币
Jun 15 06:10:01 京东账号1jd_RbuUwXHBNnJR
Jun 15 06:10:01 本次运行获得秒秒币0枚，共0枚
Jun 15 06:10:01 
Jun 15 06:10:01 ******开始【京东账号2】jd_fMRfXcJHjROT*********
Jun 15 06:10:01 
Jun 15 06:10:01 
Jun 15 06:10:01 ==============📣系统通知📣==============
Jun 15 06:10:01 京东秒秒币
Jun 15 06:10:01 京东账号1jd_RbuUwXHBNnJR
Jun 15 06:10:01 本次运行获得秒秒币0枚，共0枚
Jun 15 06:10:01 
Jun 15 06:10:01 ******开始【京东账号2】jd_fMRfXcJHjROT*********
Jun 15 06:10:01 
Jun 15 06:10:02 
Jun 15 06:10:02 ==============📣系统通知📣==============
Jun 15 06:10:02 京东秒秒币
Jun 15 06:10:02 京东账号2jd_fMRfXcJHjROT
Jun 15 06:10:02 本次运行获得秒秒币0枚，共0枚
Jun 15 06:10:02 
Jun 15 06:10:02 🔔京东秒秒币, 结束! 🕛 2.077 秒
Jun 15 06:10:02 
Jun 15 06:10:02 
Jun 15 06:10:02 ==============📣系统通知📣==============
Jun 15 06:10:02 京东秒秒币
Jun 15 06:10:02 京东账号2jd_fMRfXcJHjROT
Jun 15 06:10:02 本次运行获得秒秒币0枚，共0枚
Jun 15 06:10:02 
Jun 15 06:10:02 🔔京东秒秒币, 结束! 🕛 2.054 秒
Jun 15 06:10:02 
