Jun 15 00:01:00 
Jun 15 00:01:00 🔔金口碑奖投票, 开始!
Jun 15 00:01:00 您的cookie选择的是用&隔开
Jun 15 00:01:00 
Jun 15 00:01:00 
Jun 15 00:01:00 ====================共有2个京东账号Cookie=========
Jun 15 00:01:00 
Jun 15 00:01:00 ==================脚本执行- 北京时间(UTC+8)：6/15/2021, 12:01:00 AM=====================
Jun 15 00:01:00 
Jun 15 00:01:00 
Jun 15 00:01:00 🔔金口碑奖投票, 开始!
Jun 15 00:01:00 您的cookie选择的是用&隔开
Jun 15 00:01:00 
Jun 15 00:01:00 
Jun 15 00:01:00 ====================共有2个京东账号Cookie=========
Jun 15 00:01:00 
Jun 15 00:01:01 ==================脚本执行- 北京时间(UTC+8)：6/15/2021, 12:01:00 AM=====================
Jun 15 00:01:01 
Jun 15 00:01:01 
Jun 15 00:01:01 ******开始【京东账号1】赛格di*********
Jun 15 00:01:01 
Jun 15 00:01:01 获取参选商品列表成功
Jun 15 00:01:01 去给松下蓝光DVD投票
Jun 15 00:01:01 "活动已结束"
Jun 15 00:01:01 
Jun 15 00:01:01 ******开始【京东账号1】赛格di*********
Jun 15 00:01:01 
Jun 15 00:01:01 获取参选商品列表成功
Jun 15 00:01:01 去给创维小湃智能摄像机2K版投票
Jun 15 00:01:01 "活动已结束"
Jun 15 00:01:03 去给惠而浦帝王H精英版滚筒洗衣机投票
Jun 15 00:01:03 "活动已结束"
Jun 15 00:01:03 去给博世 · 现代欧风双门冰箱投票
Jun 15 00:01:03 "活动已结束"
Jun 15 00:01:05 去给华帝天穹烟机投票
Jun 15 00:01:05 "活动已结束"
Jun 15 00:01:05 去给万家乐CXW-300-L7C投票
Jun 15 00:01:05 "活动已结束"
Jun 15 00:01:07 去给小狗无线手持吸尘器投票
Jun 15 00:01:07 "活动已结束"
Jun 15 00:01:07 去给艾美特 白鲸蒸汽拖把白银感应款投票
Jun 15 00:01:07 "活动已结束"
Jun 15 00:01:09 去给优口超滤净水机投票
Jun 15 00:01:09 "活动已结束"
Jun 15 00:01:09 去给方太水氧离子净化器投票
Jun 15 00:01:10 "活动已结束"
Jun 15 00:01:11 去给麦喆智能变频声波电动牙刷投票
Jun 15 00:01:11 "活动已结束"
Jun 15 00:01:12 去给麦喆智能变频声波电动牙刷投票
Jun 15 00:01:12 "活动已结束"
Jun 15 00:01:13 
Jun 15 00:01:13 ******开始【京东账号2】了来风*********
Jun 15 00:01:13 
Jun 15 00:01:13 获取参选商品列表成功
Jun 15 00:01:13 去给TCL XESS旋转智屏投票
Jun 15 00:01:13 "活动已结束"
Jun 15 00:01:14 
Jun 15 00:01:14 ******开始【京东账号2】了来风*********
Jun 15 00:01:14 
Jun 15 00:01:14 获取参选商品列表成功
Jun 15 00:01:14 去给松下蓝光DVD投票
Jun 15 00:01:14 "活动已结束"
Jun 15 00:01:15 去给惠而浦帝王H精英版滚筒洗衣机投票
Jun 15 00:01:15 "活动已结束"
Jun 15 00:01:16 去给康佳XQB100-N81智慧0污洗衣机投票
Jun 15 00:01:16 "活动已结束"
Jun 15 00:01:17 去给华帝天穹烟机投票
Jun 15 00:01:17 "活动已结束"
Jun 15 00:01:18 去给格力洗碗机投票
Jun 15 00:01:18 "活动已结束"
Jun 15 00:01:19 去给Dreame无线吸尘器V12投票
Jun 15 00:01:19 "活动已结束"
Jun 15 00:01:20 去给Dreame无线吸尘器V12投票
Jun 15 00:01:20 "活动已结束"
Jun 15 00:01:21 去给美而浦牌净水器MP750瑞取投票
Jun 15 00:01:21 "活动已结束"
Jun 15 00:01:22 去给美而浦牌净水器MP750瑞取投票
Jun 15 00:01:22 "活动已结束"
Jun 15 00:01:23 去给素士W1香氛冲牙器投票
Jun 15 00:01:23 "活动已结束"
Jun 15 00:01:24 去给须眉负离子护发梳投票
Jun 15 00:01:24 "活动已结束"
Jun 15 00:01:25 
Jun 15 00:01:25 🔔金口碑奖投票, 结束! 🕛 25.135 秒
Jun 15 00:01:25 
Jun 15 00:01:26 
Jun 15 00:01:26 🔔金口碑奖投票, 结束! 🕛 25.477 秒
Jun 15 00:01:26 
Jun 15 08:01:00 
Jun 15 08:01:00 🔔金口碑奖投票, 开始!
Jun 15 08:01:00 您的cookie选择的是用&隔开
Jun 15 08:01:00 
Jun 15 08:01:00 
Jun 15 08:01:00 ====================共有2个京东账号Cookie=========
Jun 15 08:01:00 
Jun 15 08:01:00 
Jun 15 08:01:00 🔔金口碑奖投票, 开始!
Jun 15 08:01:00 您的cookie选择的是用&隔开
Jun 15 08:01:00 
Jun 15 08:01:00 
Jun 15 08:01:00 ====================共有2个京东账号Cookie=========
Jun 15 08:01:00 
Jun 15 08:01:00 ==================脚本执行- 北京时间(UTC+8)：6/15/2021, 8:01:00 AM=====================
Jun 15 08:01:00 
Jun 15 08:01:00 ==================脚本执行- 北京时间(UTC+8)：6/15/2021, 8:01:00 AM=====================
Jun 15 08:01:00 
Jun 15 08:01:00 
Jun 15 08:01:00 ******开始【京东账号1】赛格di*********
Jun 15 08:01:00 
Jun 15 08:01:00 
Jun 15 08:01:00 ******开始【京东账号1】赛格di*********
Jun 15 08:01:00 
Jun 15 08:01:01 获取参选商品列表成功
Jun 15 08:01:01 去给海信璀璨社交电视C1投票
Jun 15 08:01:01 获取参选商品列表成功
Jun 15 08:01:01 去给松下蓝光DVD投票
Jun 15 08:01:01 "活动已结束"
Jun 15 08:01:01 "活动已结束"
Jun 15 08:01:03 去给海信真空冰箱投票
Jun 15 08:01:03 去给海信璀璨蒸烫洗洗衣机C1投票
Jun 15 08:01:03 "活动已结束"
Jun 15 08:01:03 "活动已结束"
Jun 15 08:01:05 去给惠而浦欧诺娜系列洗碗机投票
Jun 15 08:01:05 去给万家乐CXW-300-L7C投票
Jun 15 08:01:05 "活动已结束"
Jun 15 08:01:05 "活动已结束"
Jun 15 08:01:07 去给美诺C3 曜石黑吸尘器投票
Jun 15 08:01:07 去给德尔玛吸拖一体无线吸尘器投票
Jun 15 08:01:07 "活动已结束"
Jun 15 08:01:07 "活动已结束"
Jun 15 08:01:09 去给方太水氧离子净化器投票
Jun 15 08:01:09 去给优口超滤净水机投票
Jun 15 08:01:09 "活动已结束"
Jun 15 08:01:09 "活动已结束"
Jun 15 08:01:11 去给西屋电动牙刷投票
Jun 15 08:01:11 去给麦喆智能变频声波电动牙刷投票
Jun 15 08:01:11 "活动已结束"
Jun 15 08:01:11 "活动已结束"
Jun 15 08:01:13 
Jun 15 08:01:13 ******开始【京东账号2】了来风*********
Jun 15 08:01:13 
Jun 15 08:01:13 
Jun 15 08:01:13 ******开始【京东账号2】了来风*********
Jun 15 08:01:13 
Jun 15 08:01:13 获取参选商品列表成功
Jun 15 08:01:13 去给海信璀璨社交电视C1投票
Jun 15 08:01:13 "活动已结束"
Jun 15 08:01:13 获取参选商品列表成功
Jun 15 08:01:13 去给创维小湃智能摄像机2K版投票
Jun 15 08:01:13 "活动已结束"
Jun 15 08:01:15 去给美诺滚筒洗衣机WWV980 WPS C投票
Jun 15 08:01:15 "活动已结束"
Jun 15 08:01:15 去给TCL F12DD直驱变频洗衣机投票
Jun 15 08:01:15 "活动已结束"
Jun 15 08:01:17 去给老板吸油烟机投票
Jun 15 08:01:17 "活动已结束"
Jun 15 08:01:17 去给美大集成水槽洗碗机投票
Jun 15 08:01:17 "活动已结束"
Jun 15 08:01:19 去给艾美特 白鲸蒸汽拖把白银感应款投票
Jun 15 08:01:19 "活动已结束"
Jun 15 08:01:19 去给艾美特 白鲸蒸汽拖把白银感应款投票
Jun 15 08:01:19 "活动已结束"
Jun 15 08:01:21 去给格力空气净化器投票
Jun 15 08:01:21 去给水轻轻一芯RO净水器投票
Jun 15 08:01:21 "活动已结束"
Jun 15 08:01:21 "活动已结束"
Jun 15 08:01:23 去给Lena自动卷发器投票
Jun 15 08:01:23 "活动已结束"
Jun 15 08:01:23 去给飞科电动牙刷投票
Jun 15 08:01:23 "活动已结束"
Jun 15 08:01:25 
Jun 15 08:01:25 🔔金口碑奖投票, 结束! 🕛 24.784 秒
Jun 15 08:01:25 
Jun 15 08:01:25 
Jun 15 08:01:25 🔔金口碑奖投票, 结束! 🕛 24.817 秒
Jun 15 08:01:25 
