Jun 14 00:00:01 
Jun 14 00:00:01 🔔有机牧场, 开始!
Jun 14 00:00:01 您的cookie选择的是用&隔开
Jun 14 00:00:01 
Jun 14 00:00:01 
Jun 14 00:00:01 ====================共有2个京东账号Cookie=========
Jun 14 00:00:01 
Jun 14 00:00:01 ==================脚本执行- 北京时间(UTC+8)：6/14/2021, 12:00:01 AM=====================
Jun 14 00:00:01 
Jun 14 00:00:01 
Jun 14 00:00:01 *******开始【京东账号1】jd_RbuUwXHBNnJR********
Jun 14 00:00:01 
Jun 14 00:00:01 
Jun 14 00:00:01 🔔有机牧场, 开始!
Jun 14 00:00:01 您的cookie选择的是用&隔开
Jun 14 00:00:01 
Jun 14 00:00:01 
Jun 14 00:00:01 ====================共有2个京东账号Cookie=========
Jun 14 00:00:01 
Jun 14 00:00:02 ==================脚本执行- 北京时间(UTC+8)：6/14/2021, 12:00:01 AM=====================
Jun 14 00:00:02 
Jun 14 00:00:02 
Jun 14 00:00:02 *******开始【京东账号1】jd_RbuUwXHBNnJR********
Jun 14 00:00:02 
Jun 14 00:00:03 成功获取到token
Jun 14 00:00:03 成功获取到access_token
Jun 14 00:00:03 成功获取到token
Jun 14 00:00:03 京东返回了一段空数据
Jun 14 00:00:03 未设置兑奖关键字，暂时不兑换奖品
Jun 14 00:00:04 成功获取到access_token
Jun 14 00:00:04 京东返回了一段空数据
Jun 14 00:00:04 未设置兑奖关键字，暂时不兑换奖品
Jun 14 00:01:11 connect ETIMEDOUT 34.92.123.4:443
Jun 14 00:01:11 执行开卡任务
Jun 14 00:01:12     └ 发生错误： 邀请人不存在
Jun 14 00:01:12 为助力池用户助力
Jun 14 00:01:12     └ 发生错误： 邀请人不存在
Jun 14 00:01:12 为尽可能公平的助力，只提交ck列表中前半部分ck的助力码。
Jun 14 00:01:12 214977
Jun 14 00:01:12 获取任务列表请成功
Jun 14 00:01:12 执行日常签到任务
Jun 14 00:01:12     └ 完成任务，获得 1100个金币
Jun 14 00:01:12 已完成所有浏览店铺任务
Jun 14 00:01:12 已完成所有加购任务
Jun 14 00:01:12 开始生产牛奶
Jun 14 00:01:12     └ 开始生产牛奶，完成生产需要6000秒
Jun 14 00:01:12 上架牛奶
Jun 14 00:01:12     └ 成功上架了1200箱牛奶
Jun 14 00:01:12 当前游戏金币：1016400
Jun 14 00:01:12 当前农场等级：10
Jun 14 00:01:12 
Jun 14 00:01:12 *******开始【京东账号2】jd_fMRfXcJHjROT********
Jun 14 00:01:12 
Jun 14 00:01:12 成功获取到token
Jun 14 00:01:12 成功获取到access_token
Jun 14 00:01:12     └ 发生错误： 风险用户
Jun 14 00:01:12     └ 平日里让你多喝奶你不听，现在被奶企嫌弃了吧。
Jun 14 00:01:12 
Jun 14 00:01:12 🔔有机牧场, 结束! 🕛 71.651 秒
Jun 14 00:01:12 
Jun 14 00:01:42 connect ETIMEDOUT 34.92.123.4:443
Jun 14 00:01:42 214977
Jun 14 00:01:42 获取任务列表请成功
Jun 14 00:01:42 已完成日常签到任务
Jun 14 00:01:42 已完成所有浏览店铺任务
Jun 14 00:01:42 已完成所有加购任务
Jun 14 00:01:42 上架牛奶
Jun 14 00:01:42     └ 成功上架了6箱牛奶
Jun 14 00:01:42 当前游戏金币：1019400
Jun 14 00:01:42 当前农场等级：10
Jun 14 00:01:42 
Jun 14 00:01:42 *******开始【京东账号2】jd_fMRfXcJHjROT********
Jun 14 00:01:42 
Jun 14 00:01:42 成功获取到token
Jun 14 00:01:42 成功获取到access_token
Jun 14 00:01:42     └ 发生错误： 风险用户
Jun 14 00:01:42     └ 平日里让你多喝奶你不听，现在被奶企嫌弃了吧。
Jun 14 00:01:42 
Jun 14 00:01:42 🔔有机牧场, 结束! 🕛 101.236 秒
Jun 14 00:01:42 
Jun 14 01:00:00 
Jun 14 01:00:00 🔔有机牧场, 开始!
Jun 14 01:00:00 您的cookie选择的是用&隔开
Jun 14 01:00:00 
Jun 14 01:00:00 
Jun 14 01:00:00 ====================共有2个京东账号Cookie=========
Jun 14 01:00:00 
Jun 14 01:00:00 ==================脚本执行- 北京时间(UTC+8)：6/14/2021, 1:00:00 AM=====================
Jun 14 01:00:00 
Jun 14 01:00:00 
Jun 14 01:00:00 🔔有机牧场, 开始!
Jun 14 01:00:00 您的cookie选择的是用&隔开
Jun 14 01:00:00 
Jun 14 01:00:00 
Jun 14 01:00:00 ====================共有2个京东账号Cookie=========
Jun 14 01:00:00 
Jun 14 01:00:00 ==================脚本执行- 北京时间(UTC+8)：6/14/2021, 1:00:00 AM=====================
Jun 14 01:00:00 
Jun 14 01:00:00 
Jun 14 01:00:00 *******开始【京东账号1】jd_RbuUwXHBNnJR********
Jun 14 01:00:00 
Jun 14 01:00:00 
Jun 14 01:00:00 *******开始【京东账号1】jd_RbuUwXHBNnJR********
Jun 14 01:00:00 
Jun 14 01:00:00 成功获取到token
Jun 14 01:00:01 成功获取到token
Jun 14 01:00:01 成功获取到access_token
Jun 14 01:00:01 成功获取到access_token
Jun 14 01:00:01 京东返回了一段空数据
Jun 14 01:00:01 未设置兑奖关键字，暂时不兑换奖品
Jun 14 01:00:01 京东返回了一段空数据
Jun 14 01:00:01 未设置兑奖关键字，暂时不兑换奖品
Jun 14 01:01:39Jun 14 01:01:39 connect ETIMEDOUT 34.92.123.4:443
 connect ETIMEDOUT 34.92.123.4:443
Jun 14 01:01:39 214977
Jun 14 01:01:39 214977
Jun 14 01:01:39 获取任务列表请成功
Jun 14 01:01:39 已完成日常签到任务
Jun 14 01:01:39 已完成所有浏览店铺任务
Jun 14 01:01:39 已完成所有加购任务
Jun 14 01:01:39 获取任务列表请成功
Jun 14 01:01:39 已完成日常签到任务
Jun 14 01:01:39 已完成所有浏览店铺任务
Jun 14 01:01:39 已完成所有加购任务
Jun 14 01:01:39 上架牛奶
Jun 14 01:01:39 上架牛奶
Jun 14 01:01:39     └ 成功上架了719箱牛奶
Jun 14 01:01:39 当前游戏金币：1137000
Jun 14 01:01:39 当前农场等级：10
Jun 14 01:01:39 
Jun 14 01:01:39 *******开始【京东账号2】jd_fMRfXcJHjROT********
Jun 14 01:01:39 
Jun 14 01:01:39     └ 发生错误： 暂无牛奶可上架
Jun 14 01:01:39 当前游戏金币：1137000
Jun 14 01:01:39 当前农场等级：10
Jun 14 01:01:39 
Jun 14 01:01:39 *******开始【京东账号2】jd_fMRfXcJHjROT********
Jun 14 01:01:39 
Jun 14 01:01:39 成功获取到token
Jun 14 01:01:39 成功获取到token
Jun 14 01:01:39 成功获取到access_token
Jun 14 01:01:39     └ 发生错误： 风险用户
Jun 14 01:01:39     └ 平日里让你多喝奶你不听，现在被奶企嫌弃了吧。
Jun 14 01:01:39 
Jun 14 01:01:39 🔔有机牧场, 结束! 🕛 99.407 秒
Jun 14 01:01:39 
Jun 14 01:01:39 成功获取到access_token
Jun 14 01:01:39     └ 发生错误： 风险用户
Jun 14 01:01:39     └ 平日里让你多喝奶你不听，现在被奶企嫌弃了吧。
Jun 14 01:01:39 
Jun 14 01:01:39 🔔有机牧场, 结束! 🕛 99.436 秒
Jun 14 01:01:39 
Jun 14 03:00:00 
Jun 14 03:00:00 🔔有机牧场, 开始!
Jun 14 03:00:00 您的cookie选择的是用&隔开
Jun 14 03:00:00 
Jun 14 03:00:00 
Jun 14 03:00:00 ====================共有2个京东账号Cookie=========
Jun 14 03:00:00 
Jun 14 03:00:00 
Jun 14 03:00:00 🔔有机牧场, 开始!
Jun 14 03:00:00 您的cookie选择的是用&隔开
Jun 14 03:00:00 
Jun 14 03:00:00 
Jun 14 03:00:00 ====================共有2个京东账号Cookie=========
Jun 14 03:00:00 
Jun 14 03:00:00 ==================脚本执行- 北京时间(UTC+8)：6/14/2021, 3:00:00 AM=====================
Jun 14 03:00:00 
Jun 14 03:00:00 ==================脚本执行- 北京时间(UTC+8)：6/14/2021, 3:00:00 AM=====================
Jun 14 03:00:00 
Jun 14 03:00:00 
Jun 14 03:00:00 *******开始【京东账号1】jd_RbuUwXHBNnJR********
Jun 14 03:00:00 
Jun 14 03:00:00 
Jun 14 03:00:00 *******开始【京东账号1】jd_RbuUwXHBNnJR********
Jun 14 03:00:00 
Jun 14 03:00:00 成功获取到token
Jun 14 03:00:00 成功获取到token
Jun 14 03:00:01 成功获取到access_token
Jun 14 03:00:01 成功获取到access_token
Jun 14 03:00:01 京东返回了一段空数据
Jun 14 03:00:01 未设置兑奖关键字，暂时不兑换奖品
Jun 14 03:00:01 京东返回了一段空数据
Jun 14 03:00:01 未设置兑奖关键字，暂时不兑换奖品
Jun 14 03:01:38Jun 14 03:01:38 connect ETIMEDOUT 34.92.123.4:443
 connect ETIMEDOUT 34.92.123.4:443
Jun 14 03:01:38Jun 14 03:01:38 214977
 214977
Jun 14 03:01:39 获取任务列表请成功
Jun 14 03:01:39 已完成日常签到任务
Jun 14 03:01:39 已完成所有浏览店铺任务
Jun 14 03:01:39 已完成所有加购任务
Jun 14 03:01:39 获取任务列表请成功
Jun 14 03:01:39 已完成日常签到任务
Jun 14 03:01:39 已完成所有浏览店铺任务
Jun 14 03:01:39 已完成所有加购任务
Jun 14 03:01:39 开始生产牛奶
Jun 14 03:01:39 开始生产牛奶
Jun 14 03:01:39     └ 开始生产牛奶，完成生产需要6000秒
Jun 14 03:01:39 上架牛奶
Jun 14 03:01:39     └ 成功上架了475箱牛奶
Jun 14 03:01:39 当前游戏金币：1208900
Jun 14 03:01:39 当前农场等级：10
Jun 14 03:01:39 
Jun 14 03:01:39 *******开始【京东账号2】jd_fMRfXcJHjROT********
Jun 14 03:01:39 
Jun 14 03:01:39     └ 发生错误： 已有牛奶正在生产中
Jun 14 03:01:39 上架牛奶
Jun 14 03:01:39     └ 发生错误： 暂无牛奶可上架
Jun 14 03:01:39 当前游戏金币：1208900
Jun 14 03:01:39 当前农场等级：10
Jun 14 03:01:39 
Jun 14 03:01:39 *******开始【京东账号2】jd_fMRfXcJHjROT********
Jun 14 03:01:39 
Jun 14 03:01:39 成功获取到token
Jun 14 03:01:39 成功获取到token
Jun 14 03:01:39 成功获取到access_token
Jun 14 03:01:39 成功获取到access_token
Jun 14 03:01:39     └ 发生错误： 风险用户
Jun 14 03:01:39     └ 平日里让你多喝奶你不听，现在被奶企嫌弃了吧。
Jun 14 03:01:39 
Jun 14 03:01:39 🔔有机牧场, 结束! 🕛 98.987 秒
Jun 14 03:01:39 
Jun 14 03:01:39     └ 发生错误： 风险用户
Jun 14 03:01:39     └ 平日里让你多喝奶你不听，现在被奶企嫌弃了吧。
Jun 14 03:01:39 
Jun 14 03:01:39 🔔有机牧场, 结束! 🕛 99.037 秒
Jun 14 03:01:39 
Jun 14 05:00:00 
Jun 14 05:00:00 🔔有机牧场, 开始!
Jun 14 05:00:00 您的cookie选择的是用&隔开
Jun 14 05:00:00 
Jun 14 05:00:00 
Jun 14 05:00:00 ====================共有2个京东账号Cookie=========
Jun 14 05:00:00 
Jun 14 05:00:00 
Jun 14 05:00:00 🔔有机牧场, 开始!
Jun 14 05:00:00 您的cookie选择的是用&隔开
Jun 14 05:00:00 
Jun 14 05:00:00 
Jun 14 05:00:00 ====================共有2个京东账号Cookie=========
Jun 14 05:00:00 
Jun 14 05:00:00 ==================脚本执行- 北京时间(UTC+8)：6/14/2021, 5:00:00 AM=====================
Jun 14 05:00:00 
Jun 14 05:00:00 ==================脚本执行- 北京时间(UTC+8)：6/14/2021, 5:00:00 AM=====================
Jun 14 05:00:00 
Jun 14 05:00:00 
Jun 14 05:00:00 *******开始【京东账号1】jd_RbuUwXHBNnJR********
Jun 14 05:00:00 
Jun 14 05:00:00 
Jun 14 05:00:00 *******开始【京东账号1】jd_RbuUwXHBNnJR********
Jun 14 05:00:00 
Jun 14 05:00:01 成功获取到token
Jun 14 05:00:01 成功获取到token
Jun 14 05:00:01 成功获取到access_token
Jun 14 05:00:01 成功获取到access_token
Jun 14 05:00:01 京东返回了一段空数据
Jun 14 05:00:01 未设置兑奖关键字，暂时不兑换奖品
Jun 14 05:00:01 京东返回了一段空数据
Jun 14 05:00:01 未设置兑奖关键字，暂时不兑换奖品
Jun 14 05:01:38 connect ETIMEDOUT 34.92.123.4:443
Jun 14 05:01:38 214977
Jun 14 05:01:39 获取任务列表请成功
Jun 14 05:01:39 已完成日常签到任务
Jun 14 05:01:39 已完成所有浏览店铺任务
Jun 14 05:01:39 已完成所有加购任务
Jun 14 05:01:39 开始生产牛奶
Jun 14 05:01:39     └ 开始生产牛奶，完成生产需要6000秒
Jun 14 05:01:39 上架牛奶
Jun 14 05:01:39     └ 成功上架了1200箱牛奶
Jun 14 05:01:39 当前游戏金币：1256400
Jun 14 05:01:39 当前农场等级：10
Jun 14 05:01:39 
Jun 14 05:01:39 *******开始【京东账号2】jd_fMRfXcJHjROT********
Jun 14 05:01:39 
Jun 14 05:01:39 成功获取到token
Jun 14 05:01:39 connect ETIMEDOUT 34.92.123.4:443
Jun 14 05:01:39 214977
Jun 14 05:01:39 成功获取到access_token
Jun 14 05:01:39 获取任务列表请成功
Jun 14 05:01:39 已完成日常签到任务
Jun 14 05:01:39 已完成所有浏览店铺任务
Jun 14 05:01:39 已完成所有加购任务
Jun 14 05:01:39     └ 发生错误： 风险用户
Jun 14 05:01:39     └ 平日里让你多喝奶你不听，现在被奶企嫌弃了吧。
Jun 14 05:01:39 
Jun 14 05:01:39 🔔有机牧场, 结束! 🕛 98.92 秒
Jun 14 05:01:39 
Jun 14 05:01:39 上架牛奶
Jun 14 05:01:39     └ 发生错误： 暂无牛奶可上架
Jun 14 05:01:39 当前游戏金币：1256400
Jun 14 05:01:39 当前农场等级：10
Jun 14 05:01:39 
Jun 14 05:01:39 *******开始【京东账号2】jd_fMRfXcJHjROT********
Jun 14 05:01:39 
Jun 14 05:01:39 成功获取到token
Jun 14 05:01:39 成功获取到access_token
Jun 14 05:01:39     └ 发生错误： 风险用户
Jun 14 05:01:39     └ 平日里让你多喝奶你不听，现在被奶企嫌弃了吧。
Jun 14 05:01:39 
Jun 14 05:01:39 🔔有机牧场, 结束! 🕛 99.328 秒
Jun 14 05:01:39 
Jun 14 07:00:00 
Jun 14 07:00:00 🔔有机牧场, 开始!
Jun 14 07:00:00 您的cookie选择的是用&隔开
Jun 14 07:00:00 
Jun 14 07:00:00 
Jun 14 07:00:00 ====================共有2个京东账号Cookie=========
Jun 14 07:00:00 
Jun 14 07:00:00 
Jun 14 07:00:00 🔔有机牧场, 开始!
Jun 14 07:00:00 您的cookie选择的是用&隔开
Jun 14 07:00:00 
Jun 14 07:00:00 
Jun 14 07:00:00 ====================共有2个京东账号Cookie=========
Jun 14 07:00:00 
Jun 14 07:00:00 ==================脚本执行- 北京时间(UTC+8)：6/14/2021, 7:00:00 AM=====================
Jun 14 07:00:00 
Jun 14 07:00:00 ==================脚本执行- 北京时间(UTC+8)：6/14/2021, 7:00:00 AM=====================
Jun 14 07:00:00 
Jun 14 07:00:00 
Jun 14 07:00:00 *******开始【京东账号1】jd_RbuUwXHBNnJR********
Jun 14 07:00:00 
Jun 14 07:00:00 
Jun 14 07:00:00 *******开始【京东账号1】jd_RbuUwXHBNnJR********
Jun 14 07:00:00 
Jun 14 07:00:01 成功获取到token
Jun 14 07:00:01 成功获取到token
Jun 14 07:00:01 成功获取到access_token
Jun 14 07:00:01 成功获取到access_token
Jun 14 07:00:01 京东返回了一段空数据
Jun 14 07:00:01 未设置兑奖关键字，暂时不兑换奖品
Jun 14 07:00:01 京东返回了一段空数据
Jun 14 07:00:01 未设置兑奖关键字，暂时不兑换奖品
Jun 14 07:01:39 connect ETIMEDOUT 34.92.123.4:443
Jun 14 07:01:39 214977
Jun 14 07:01:39 获取任务列表请成功
Jun 14 07:01:39 已完成日常签到任务
Jun 14 07:01:39 已完成所有浏览店铺任务
Jun 14 07:01:39 已完成所有加购任务
Jun 14 07:01:39 开始生产牛奶
Jun 14 07:01:39     └ 开始生产牛奶，完成生产需要6000秒
Jun 14 07:01:39 上架牛奶
Jun 14 07:01:39     └ 成功上架了1200箱牛奶
Jun 14 07:01:39 当前游戏金币：1376400
Jun 14 07:01:39 当前农场等级：10
Jun 14 07:01:39 
Jun 14 07:01:39 *******开始【京东账号2】jd_fMRfXcJHjROT********
Jun 14 07:01:39 
Jun 14 07:01:39 成功获取到token
Jun 14 07:01:39 connect ETIMEDOUT 34.92.123.4:443
Jun 14 07:01:39 214977
Jun 14 07:01:39 成功获取到access_token
Jun 14 07:01:39 获取任务列表请成功
Jun 14 07:01:39 已完成日常签到任务
Jun 14 07:01:39 已完成所有浏览店铺任务
Jun 14 07:01:39 已完成所有加购任务
Jun 14 07:01:39     └ 发生错误： 风险用户
Jun 14 07:01:39     └ 平日里让你多喝奶你不听，现在被奶企嫌弃了吧。
Jun 14 07:01:39 
Jun 14 07:01:39 🔔有机牧场, 结束! 🕛 99.028 秒
Jun 14 07:01:39 
Jun 14 07:01:39 上架牛奶
Jun 14 07:01:39     └ 发生错误： 暂无牛奶可上架
Jun 14 07:01:39 当前游戏金币：1376400
Jun 14 07:01:39 当前农场等级：10
Jun 14 07:01:39 
Jun 14 07:01:39 *******开始【京东账号2】jd_fMRfXcJHjROT********
Jun 14 07:01:39 
Jun 14 07:01:40 成功获取到token
Jun 14 07:01:40 成功获取到access_token
Jun 14 07:01:40     └ 发生错误： 风险用户
Jun 14 07:01:40     └ 平日里让你多喝奶你不听，现在被奶企嫌弃了吧。
Jun 14 07:01:40 
Jun 14 07:01:40 🔔有机牧场, 结束! 🕛 99.411 秒
Jun 14 07:01:40 
Jun 14 09:00:01 
Jun 14 09:00:01 🔔有机牧场, 开始!
Jun 14 09:00:01 您的cookie选择的是用&隔开
Jun 14 09:00:01 
Jun 14 09:00:01 
Jun 14 09:00:01 ====================共有2个京东账号Cookie=========
Jun 14 09:00:01 
Jun 14 09:00:01 
Jun 14 09:00:01 🔔有机牧场, 开始!
Jun 14 09:00:01 您的cookie选择的是用&隔开
Jun 14 09:00:01 
Jun 14 09:00:01 
Jun 14 09:00:01 ====================共有2个京东账号Cookie=========
Jun 14 09:00:01 
Jun 14 09:00:01 ==================脚本执行- 北京时间(UTC+8)：6/14/2021, 9:00:01 AM=====================
Jun 14 09:00:01 
Jun 14 09:00:01 ==================脚本执行- 北京时间(UTC+8)：6/14/2021, 9:00:01 AM=====================
Jun 14 09:00:01 
Jun 14 09:00:01 
Jun 14 09:00:01 *******开始【京东账号1】jd_RbuUwXHBNnJR********
Jun 14 09:00:01 
Jun 14 09:00:01 
Jun 14 09:00:01 *******开始【京东账号1】jd_RbuUwXHBNnJR********
Jun 14 09:00:01 
Jun 14 09:00:01 成功获取到token
Jun 14 09:00:01 成功获取到token
Jun 14 09:00:01 成功获取到access_token
Jun 14 09:00:01 成功获取到access_token
Jun 14 09:00:01 京东返回了一段空数据
Jun 14 09:00:01 未设置兑奖关键字，暂时不兑换奖品
Jun 14 09:00:01 京东返回了一段空数据
Jun 14 09:00:01 未设置兑奖关键字，暂时不兑换奖品
Jun 14 09:01:39 connect ETIMEDOUT 34.92.123.4:443
Jun 14 09:01:39 214977
Jun 14 09:01:39 获取任务列表请成功
Jun 14 09:01:39 已完成日常签到任务
Jun 14 09:01:39 已完成所有浏览店铺任务
Jun 14 09:01:39 已完成所有加购任务
Jun 14 09:01:39 开始生产牛奶
Jun 14 09:01:39     └ 开始生产牛奶，完成生产需要6000秒
Jun 14 09:01:39 上架牛奶
Jun 14 09:01:39     └ 成功上架了1200箱牛奶
Jun 14 09:01:39 当前游戏金币：1496400
Jun 14 09:01:39 当前农场等级：10
Jun 14 09:01:39 
Jun 14 09:01:39 *******开始【京东账号2】jd_fMRfXcJHjROT********
Jun 14 09:01:39 
Jun 14 09:01:39 成功获取到token
Jun 14 09:01:39 成功获取到access_token
Jun 14 09:01:40     └ 发生错误： 风险用户
Jun 14 09:01:40     └ 平日里让你多喝奶你不听，现在被奶企嫌弃了吧。
Jun 14 09:01:40 
Jun 14 09:01:40 🔔有机牧场, 结束! 🕛 98.949 秒
Jun 14 09:01:40 
Jun 14 09:01:40 connect ETIMEDOUT 34.92.123.4:443
Jun 14 09:01:40 214977
Jun 14 09:01:40 获取任务列表请成功
Jun 14 09:01:40 已完成日常签到任务
Jun 14 09:01:40 已完成所有浏览店铺任务
Jun 14 09:01:40 已完成所有加购任务
Jun 14 09:01:40 上架牛奶
Jun 14 09:01:40     └ 发生错误： 暂无牛奶可上架
Jun 14 09:01:40 当前游戏金币：1496500
Jun 14 09:01:40 当前农场等级：10
Jun 14 09:01:40 
Jun 14 09:01:40 *******开始【京东账号2】jd_fMRfXcJHjROT********
Jun 14 09:01:40 
Jun 14 09:01:41 成功获取到token
Jun 14 09:01:41 成功获取到access_token
Jun 14 09:01:41     └ 发生错误： 风险用户
Jun 14 09:01:41     └ 平日里让你多喝奶你不听，现在被奶企嫌弃了吧。
Jun 14 09:01:41 
Jun 14 09:01:41 🔔有机牧场, 结束! 🕛 100.179 秒
Jun 14 09:01:41 
Jun 14 11:00:00 
Jun 14 11:00:00 🔔有机牧场, 开始!
Jun 14 11:00:00 您的cookie选择的是用&隔开
Jun 14 11:00:00 
Jun 14 11:00:00 
Jun 14 11:00:00 ====================共有2个京东账号Cookie=========
Jun 14 11:00:00 
Jun 14 11:00:00 
Jun 14 11:00:00 🔔有机牧场, 开始!
Jun 14 11:00:00 您的cookie选择的是用&隔开
Jun 14 11:00:00 
Jun 14 11:00:00 
Jun 14 11:00:00 ====================共有2个京东账号Cookie=========
Jun 14 11:00:00 
Jun 14 11:00:00 ==================脚本执行- 北京时间(UTC+8)：6/14/2021, 11:00:00 AM=====================
Jun 14 11:00:00 
Jun 14 11:00:00 
Jun 14 11:00:00 *******开始【京东账号1】jd_RbuUwXHBNnJR********
Jun 14 11:00:00 
Jun 14 11:00:00 ==================脚本执行- 北京时间(UTC+8)：6/14/2021, 11:00:00 AM=====================
Jun 14 11:00:00 
Jun 14 11:00:00 
Jun 14 11:00:00 *******开始【京东账号1】jd_RbuUwXHBNnJR********
Jun 14 11:00:00 
Jun 14 11:00:00 成功获取到token
Jun 14 11:00:00 成功获取到token
Jun 14 11:00:00 成功获取到access_token
Jun 14 11:00:00 成功获取到access_token
Jun 14 11:00:00 京东返回了一段空数据
Jun 14 11:00:00 未设置兑奖关键字，暂时不兑换奖品
Jun 14 11:00:00 京东返回了一段空数据
Jun 14 11:00:00 未设置兑奖关键字，暂时不兑换奖品
Jun 14 11:01:10 connect ETIMEDOUT 34.92.123.4:443
Jun 14 11:01:10 214977
Jun 14 11:01:10 获取任务列表请成功
Jun 14 11:01:10 已完成日常签到任务
Jun 14 11:01:10 已完成所有浏览店铺任务
Jun 14 11:01:10 已完成所有加购任务
Jun 14 11:01:10 开始生产牛奶
Jun 14 11:01:10     └ 开始生产牛奶，完成生产需要6000秒
Jun 14 11:01:10 上架牛奶
Jun 14 11:01:10     └ 成功上架了1200箱牛奶
Jun 14 11:01:10 当前游戏金币：1616400
Jun 14 11:01:10 当前农场等级：10
Jun 14 11:01:10 
Jun 14 11:01:10 *******开始【京东账号2】jd_fMRfXcJHjROT********
Jun 14 11:01:10 
Jun 14 11:01:10 成功获取到token
Jun 14 11:01:10 成功获取到access_token
Jun 14 11:01:10     └ 发生错误： 风险用户
Jun 14 11:01:10     └ 平日里让你多喝奶你不听，现在被奶企嫌弃了吧。
Jun 14 11:01:10 
Jun 14 11:01:10 🔔有机牧场, 结束! 🕛 70.761 秒
Jun 14 11:01:10 
Jun 14 11:01:38 connect ETIMEDOUT 34.92.123.4:443
Jun 14 11:01:38 214977
Jun 14 11:01:38 获取任务列表请成功
Jun 14 11:01:38 已完成日常签到任务
Jun 14 11:01:38 已完成所有浏览店铺任务
Jun 14 11:01:38 已完成所有加购任务
Jun 14 11:01:38 上架牛奶
Jun 14 11:01:38     └ 成功上架了5箱牛奶
Jun 14 11:01:38 当前游戏金币：1619200
Jun 14 11:01:38 当前农场等级：10
Jun 14 11:01:38 
Jun 14 11:01:38 *******开始【京东账号2】jd_fMRfXcJHjROT********
Jun 14 11:01:38 
Jun 14 11:01:38 成功获取到token
Jun 14 11:01:38 成功获取到access_token
Jun 14 11:01:39     └ 发生错误： 风险用户
Jun 14 11:01:39     └ 平日里让你多喝奶你不听，现在被奶企嫌弃了吧。
Jun 14 11:01:39 
Jun 14 11:01:39 🔔有机牧场, 结束! 🕛 98.839 秒
Jun 14 11:01:39 
Jun 14 13:00:00 
Jun 14 13:00:00 🔔有机牧场, 开始!
Jun 14 13:00:00 您的cookie选择的是用&隔开
Jun 14 13:00:00 
Jun 14 13:00:00 
Jun 14 13:00:00 ====================共有2个京东账号Cookie=========
Jun 14 13:00:00 
Jun 14 13:00:00 
Jun 14 13:00:00 🔔有机牧场, 开始!
Jun 14 13:00:00 您的cookie选择的是用&隔开
Jun 14 13:00:00 
Jun 14 13:00:00 
Jun 14 13:00:00 ====================共有2个京东账号Cookie=========
Jun 14 13:00:00 
Jun 14 13:00:00 ==================脚本执行- 北京时间(UTC+8)：6/14/2021, 1:00:00 PM=====================
Jun 14 13:00:00 
Jun 14 13:00:00 ==================脚本执行- 北京时间(UTC+8)：6/14/2021, 1:00:00 PM=====================
Jun 14 13:00:00 
Jun 14 13:00:00 
Jun 14 13:00:00 *******开始【京东账号1】jd_RbuUwXHBNnJR********
Jun 14 13:00:00 
Jun 14 13:00:00 
Jun 14 13:00:00 *******开始【京东账号1】jd_RbuUwXHBNnJR********
Jun 14 13:00:00 
Jun 14 13:00:00 成功获取到token
Jun 14 13:00:00 成功获取到token
Jun 14 13:00:01 成功获取到access_token
Jun 14 13:00:01 成功获取到access_token
Jun 14 13:00:01 京东返回了一段空数据
Jun 14 13:00:01 未设置兑奖关键字，暂时不兑换奖品
Jun 14 13:00:01 京东返回了一段空数据
Jun 14 13:00:01 未设置兑奖关键字，暂时不兑换奖品
Jun 14 13:01:38Jun 14 13:01:38 connect ETIMEDOUT 34.92.123.4:443
 connect ETIMEDOUT 34.92.123.4:443
Jun 14 13:01:38 214977
Jun 14 13:01:38 214977
Jun 14 13:01:39 获取任务列表请成功
Jun 14 13:01:39 已完成日常签到任务
Jun 14 13:01:39 已完成所有浏览店铺任务
Jun 14 13:01:39 已完成所有加购任务
Jun 14 13:01:39 获取任务列表请成功
Jun 14 13:01:39 已完成日常签到任务
Jun 14 13:01:39 已完成所有浏览店铺任务
Jun 14 13:01:39 已完成所有加购任务
Jun 14 13:01:39 开始生产牛奶
Jun 14 13:01:39 开始生产牛奶
Jun 14 13:01:39     └ 开始生产牛奶，完成生产需要6000秒
Jun 14 13:01:39 上架牛奶
Jun 14 13:01:39     └ 发生错误： 请勿频繁操作
Jun 14 13:01:39 上架牛奶
Jun 14 13:01:39     └ 发生错误： 牛奶正在上架中
Jun 14 13:01:39 当前游戏金币：1736900
Jun 14 13:01:39 当前农场等级：10
Jun 14 13:01:39 升级农场
Jun 14 13:01:39     └ 成功上架了1195箱牛奶
Jun 14 13:01:39 当前游戏金币：1736900
Jun 14 13:01:39 当前农场等级：10
Jun 14 13:01:39 升级农场
Jun 14 13:01:39     └ 发生错误： 工厂正在扩建中
Jun 14 13:01:39     └ 升级成功，获得 3个京豆
Jun 14 13:01:39     └ 升级成功，当前农场等级: 10级
Jun 14 13:01:39     └ 发生错误： 请勿频繁操作
Jun 14 13:01:39 
Jun 14 13:01:39 *******开始【京东账号2】jd_fMRfXcJHjROT********
Jun 14 13:01:39 
Jun 14 13:01:39     └ 开始生产牛奶，完成生产需要6600秒
Jun 14 13:01:39 
Jun 14 13:01:39 *******开始【京东账号2】jd_fMRfXcJHjROT********
Jun 14 13:01:39 
Jun 14 13:01:39 成功获取到token
Jun 14 13:01:39 成功获取到token
Jun 14 13:01:39 成功获取到access_token
Jun 14 13:01:39 成功获取到access_token
Jun 14 13:01:39     └ 发生错误： 风险用户
Jun 14 13:01:39     └ 平日里让你多喝奶你不听，现在被奶企嫌弃了吧。
Jun 14 13:01:39 
Jun 14 13:01:39 🔔有机牧场, 结束! 🕛 99.134 秒
Jun 14 13:01:39 
Jun 14 13:01:39     └ 发生错误： 风险用户
Jun 14 13:01:39     └ 平日里让你多喝奶你不听，现在被奶企嫌弃了吧。
Jun 14 13:01:39 
Jun 14 13:01:39 
Jun 14 13:01:39 您未提供server酱的SCKEY，取消微信推送消息通知🚫
Jun 14 13:01:39 
Jun 14 13:01:39 您未提供push+推送所需的PUSH_PLUS_TOKEN，取消push+推送消息通知🚫
Jun 14 13:01:39 
Jun 14 13:01:39 您未提供Bark的APP推送BARK_PUSH，取消Bark推送消息通知🚫
Jun 14 13:01:39 
Jun 14 13:01:39 您未提供telegram机器人推送所需的TG_BOT_TOKEN和TG_USER_ID，取消telegram推送消息通知🚫
Jun 14 13:01:39 
Jun 14 13:01:39 您未提供企业微信机器人推送所需的QYWX_KEY，取消企业微信推送消息通知🚫
Jun 14 13:01:39 
Jun 14 13:01:39 您未提供企业微信应用消息推送所需的QYWX_AM，取消企业微信应用消息推送消息通知🚫
Jun 14 13:01:39 
Jun 14 13:01:39 您未提供iGot的推送IGOT_PUSH_KEY，取消iGot推送消息通知🚫
Jun 14 13:01:39 
Jun 14 13:01:39 钉钉发送通知消息成功🎉。
Jun 14 13:01:39 
Jun 14 13:01:39 
Jun 14 13:01:39 🔔有机牧场, 结束! 🕛 99.201 秒
Jun 14 13:01:39 
Jun 14 15:00:00 
Jun 14 15:00:00 🔔有机牧场, 开始!
Jun 14 15:00:00 您的cookie选择的是用&隔开
Jun 14 15:00:00 
Jun 14 15:00:00 
Jun 14 15:00:00 ====================共有2个京东账号Cookie=========
Jun 14 15:00:00 
Jun 14 15:00:00 
Jun 14 15:00:00 🔔有机牧场, 开始!
Jun 14 15:00:00 您的cookie选择的是用&隔开
Jun 14 15:00:00 
Jun 14 15:00:00 
Jun 14 15:00:00 ====================共有2个京东账号Cookie=========
Jun 14 15:00:00 
Jun 14 15:00:00 ==================脚本执行- 北京时间(UTC+8)：6/14/2021, 3:00:00 PM=====================
Jun 14 15:00:00 
Jun 14 15:00:00 ==================脚本执行- 北京时间(UTC+8)：6/14/2021, 3:00:00 PM=====================
Jun 14 15:00:00 
Jun 14 15:00:00 
Jun 14 15:00:00 *******开始【京东账号1】jd_RbuUwXHBNnJR********
Jun 14 15:00:00 
Jun 14 15:00:00 
Jun 14 15:00:00 *******开始【京东账号1】jd_RbuUwXHBNnJR********
Jun 14 15:00:00 
Jun 14 15:00:01 成功获取到token
Jun 14 15:00:01 成功获取到token
Jun 14 15:00:01 成功获取到access_token
Jun 14 15:00:01 成功获取到access_token
Jun 14 15:00:01 京东返回了一段空数据
Jun 14 15:00:01 未设置兑奖关键字，暂时不兑换奖品
Jun 14 15:00:01 京东返回了一段空数据
Jun 14 15:00:01 未设置兑奖关键字，暂时不兑换奖品
Jun 14 15:01:39Jun 14 15:01:39 connect ETIMEDOUT 34.92.123.4:443
 connect ETIMEDOUT 34.92.123.4:443
Jun 14 15:01:39 214977
Jun 14 15:01:39 214977
Jun 14 15:01:39 获取任务列表请成功
Jun 14 15:01:39 已完成日常签到任务
Jun 14 15:01:39 已完成所有浏览店铺任务
Jun 14 15:01:39 已完成所有加购任务
Jun 14 15:01:39 获取任务列表请成功
Jun 14 15:01:39 已完成日常签到任务
Jun 14 15:01:39 已完成所有浏览店铺任务
Jun 14 15:01:39 已完成所有加购任务
Jun 14 15:01:39 开始生产牛奶
Jun 14 15:01:39 开始生产牛奶
Jun 14 15:01:39     └ 开始生产牛奶，完成生产需要6600秒
Jun 14 15:01:39 上架牛奶
Jun 14 15:01:39     └ 成功上架了1650箱牛奶
Jun 14 15:01:39 当前游戏金币：162400
Jun 14 15:01:39 当前农场等级：11
Jun 14 15:01:39 
Jun 14 15:01:39 *******开始【京东账号2】jd_fMRfXcJHjROT********
Jun 14 15:01:39 
Jun 14 15:01:39     └ 发生错误： 请勿频繁操作
Jun 14 15:01:39 上架牛奶
Jun 14 15:01:39     └ 发生错误： 暂无牛奶可上架
Jun 14 15:01:39 当前游戏金币：162400
Jun 14 15:01:39 当前农场等级：11
Jun 14 15:01:39 
Jun 14 15:01:39 *******开始【京东账号2】jd_fMRfXcJHjROT********
Jun 14 15:01:39 
Jun 14 15:01:39 成功获取到token
Jun 14 15:01:39 成功获取到token
Jun 14 15:01:39 成功获取到access_token
Jun 14 15:01:39     └ 发生错误： 风险用户
Jun 14 15:01:39     └ 平日里让你多喝奶你不听，现在被奶企嫌弃了吧。
Jun 14 15:01:39 
Jun 14 15:01:39 🔔有机牧场, 结束! 🕛 99.023 秒
Jun 14 15:01:39 
Jun 14 15:01:39 成功获取到access_token
Jun 14 15:01:39     └ 发生错误： 风险用户
Jun 14 15:01:39     └ 平日里让你多喝奶你不听，现在被奶企嫌弃了吧。
Jun 14 15:01:39 
Jun 14 15:01:39 🔔有机牧场, 结束! 🕛 99.116 秒
Jun 14 15:01:39 
Jun 14 17:00:00 
Jun 14 17:00:00 🔔有机牧场, 开始!
Jun 14 17:00:00 您的cookie选择的是用&隔开
Jun 14 17:00:00 
Jun 14 17:00:00 
Jun 14 17:00:00 ====================共有2个京东账号Cookie=========
Jun 14 17:00:00 
Jun 14 17:00:00 
Jun 14 17:00:00 🔔有机牧场, 开始!
Jun 14 17:00:00 您的cookie选择的是用&隔开
Jun 14 17:00:00 
Jun 14 17:00:00 
Jun 14 17:00:00 ====================共有2个京东账号Cookie=========
Jun 14 17:00:00 
Jun 14 17:00:00 ==================脚本执行- 北京时间(UTC+8)：6/14/2021, 5:00:00 PM=====================
Jun 14 17:00:00 
Jun 14 17:00:00 
Jun 14 17:00:00 *******开始【京东账号1】jd_RbuUwXHBNnJR********
Jun 14 17:00:00 
Jun 14 17:00:00 ==================脚本执行- 北京时间(UTC+8)：6/14/2021, 5:00:00 PM=====================
Jun 14 17:00:00 
Jun 14 17:00:00 
Jun 14 17:00:00 *******开始【京东账号1】jd_RbuUwXHBNnJR********
Jun 14 17:00:00 
Jun 14 17:00:00 成功获取到token
Jun 14 17:00:00 成功获取到token
Jun 14 17:00:00 成功获取到access_token
Jun 14 17:00:00 成功获取到access_token
Jun 14 17:00:00 京东返回了一段空数据
Jun 14 17:00:00 未设置兑奖关键字，暂时不兑换奖品
Jun 14 17:00:00 京东返回了一段空数据
Jun 14 17:00:00 未设置兑奖关键字，暂时不兑换奖品
Jun 14 17:01:38 connect ETIMEDOUT 34.92.123.4:443
Jun 14 17:01:38 214977
Jun 14 17:01:38 connect ETIMEDOUT 34.92.123.4:443
Jun 14 17:01:38 214977
Jun 14 17:01:38 获取任务列表请成功
Jun 14 17:01:38 已完成日常签到任务
Jun 14 17:01:38 已完成所有浏览店铺任务
Jun 14 17:01:38 已完成所有加购任务
Jun 14 17:01:38 获取任务列表请成功
Jun 14 17:01:38 已完成日常签到任务
Jun 14 17:01:38 已完成所有浏览店铺任务
Jun 14 17:01:38 已完成所有加购任务
Jun 14 17:01:38 开始生产牛奶
Jun 14 17:01:38 开始生产牛奶
Jun 14 17:01:38     └ 发生错误： 请勿频繁操作
Jun 14 17:01:38 上架牛奶
Jun 14 17:01:38     └ 开始生产牛奶，完成生产需要6600秒
Jun 14 17:01:38 上架牛奶
Jun 14 17:01:38     └ 成功上架了1650箱牛奶
Jun 14 17:01:38 当前游戏金币：327400
Jun 14 17:01:38 当前农场等级：11
Jun 14 17:01:39 
Jun 14 17:01:39 *******开始【京东账号2】jd_fMRfXcJHjROT********
Jun 14 17:01:39 
Jun 14 17:01:39     └ 发生错误： 暂无牛奶可上架
Jun 14 17:01:39 当前游戏金币：327400
Jun 14 17:01:39 当前农场等级：11
Jun 14 17:01:39 
Jun 14 17:01:39 *******开始【京东账号2】jd_fMRfXcJHjROT********
Jun 14 17:01:39 
Jun 14 17:01:39 成功获取到token
Jun 14 17:01:39 成功获取到token
Jun 14 17:01:39 成功获取到access_token
Jun 14 17:01:39 成功获取到access_token
Jun 14 17:01:39     └ 发生错误： 风险用户
Jun 14 17:01:39     └ 平日里让你多喝奶你不听，现在被奶企嫌弃了吧。
Jun 14 17:01:39 
Jun 14 17:01:39 🔔有机牧场, 结束! 🕛 99.104 秒
Jun 14 17:01:39 
Jun 14 17:01:39     └ 发生错误： 风险用户
Jun 14 17:01:39     └ 平日里让你多喝奶你不听，现在被奶企嫌弃了吧。
Jun 14 17:01:39 
Jun 14 17:01:39 🔔有机牧场, 结束! 🕛 99.145 秒
Jun 14 17:01:39 
Jun 14 19:00:00 
Jun 14 19:00:00 🔔有机牧场, 开始!
Jun 14 19:00:00 您的cookie选择的是用&隔开
Jun 14 19:00:00 
Jun 14 19:00:00 
Jun 14 19:00:00 ====================共有2个京东账号Cookie=========
Jun 14 19:00:00 
Jun 14 19:00:00 
Jun 14 19:00:00 🔔有机牧场, 开始!
Jun 14 19:00:00 ==================脚本执行- 北京时间(UTC+8)：6/14/2021, 7:00:00 PM=====================
Jun 14 19:00:00 
Jun 14 19:00:00 您的cookie选择的是用&隔开
Jun 14 19:00:00 
Jun 14 19:00:00 
Jun 14 19:00:00 ====================共有2个京东账号Cookie=========
Jun 14 19:00:00 
Jun 14 19:00:00 ==================脚本执行- 北京时间(UTC+8)：6/14/2021, 7:00:00 PM=====================
Jun 14 19:00:00 
Jun 14 19:00:00 
Jun 14 19:00:00 *******开始【京东账号1】jd_RbuUwXHBNnJR********
Jun 14 19:00:00 
Jun 14 19:00:00 
Jun 14 19:00:00 *******开始【京东账号1】jd_RbuUwXHBNnJR********
Jun 14 19:00:00 
Jun 14 19:00:00 成功获取到token
Jun 14 19:00:00 成功获取到token
Jun 14 19:00:00 成功获取到access_token
Jun 14 19:00:00 成功获取到access_token
Jun 14 19:00:01 京东返回了一段空数据
Jun 14 19:00:01 未设置兑奖关键字，暂时不兑换奖品
Jun 14 19:00:01 京东返回了一段空数据
Jun 14 19:00:01 未设置兑奖关键字，暂时不兑换奖品
Jun 14 19:01:38Jun 14 19:01:38 connect ETIMEDOUT 34.92.123.4:443
 connect ETIMEDOUT 34.92.123.4:443
Jun 14 19:01:38Jun 14 19:01:38 214977
 214977
Jun 14 19:01:38 获取任务列表请成功
Jun 14 19:01:38 已完成日常签到任务
Jun 14 19:01:38 已完成所有浏览店铺任务
Jun 14 19:01:38 已完成所有加购任务
Jun 14 19:01:38 获取任务列表请成功
Jun 14 19:01:38 已完成日常签到任务
Jun 14 19:01:38 已完成所有浏览店铺任务
Jun 14 19:01:38 已完成所有加购任务
Jun 14 19:01:38 开始生产牛奶
Jun 14 19:01:38 开始生产牛奶
Jun 14 19:01:38     └ 开始生产牛奶，完成生产需要6600秒
Jun 14 19:01:38 上架牛奶
Jun 14 19:01:38     └ 发生错误： 已有牛奶正在生产中
Jun 14 19:01:38 上架牛奶
Jun 14 19:01:39     └ 发生错误： 牛奶正在上架中
Jun 14 19:01:39 当前游戏金币：492400
Jun 14 19:01:39 当前农场等级：11
Jun 14 19:01:39 
Jun 14 19:01:39 *******开始【京东账号2】jd_fMRfXcJHjROT********
Jun 14 19:01:39 
Jun 14 19:01:39     └ 成功上架了1650箱牛奶
Jun 14 19:01:39 当前游戏金币：492400
Jun 14 19:01:39 当前农场等级：11
Jun 14 19:01:39 
Jun 14 19:01:39 *******开始【京东账号2】jd_fMRfXcJHjROT********
Jun 14 19:01:39 
Jun 14 19:01:39 成功获取到token
Jun 14 19:01:39 成功获取到token
Jun 14 19:01:39 成功获取到access_token
Jun 14 19:01:39 成功获取到access_token
Jun 14 19:01:39     └ 发生错误： 风险用户
Jun 14 19:01:39     └ 平日里让你多喝奶你不听，现在被奶企嫌弃了吧。
Jun 14 19:01:39 
Jun 14 19:01:39 🔔有机牧场, 结束! 🕛 98.872 秒
Jun 14 19:01:39 
Jun 14 19:01:39     └ 发生错误： 风险用户
Jun 14 19:01:39     └ 平日里让你多喝奶你不听，现在被奶企嫌弃了吧。
Jun 14 19:01:39 
Jun 14 19:01:39 🔔有机牧场, 结束! 🕛 98.926 秒
Jun 14 19:01:39 
Jun 14 21:00:00 
Jun 14 21:00:00 🔔有机牧场, 开始!
Jun 14 21:00:00 您的cookie选择的是用&隔开
Jun 14 21:00:00 
Jun 14 21:00:00 
Jun 14 21:00:00 ====================共有2个京东账号Cookie=========
Jun 14 21:00:00 
Jun 14 21:00:00 
Jun 14 21:00:00 🔔有机牧场, 开始!
Jun 14 21:00:00 ==================脚本执行- 北京时间(UTC+8)：6/14/2021, 9:00:00 PM=====================
Jun 14 21:00:00 
Jun 14 21:00:00 您的cookie选择的是用&隔开
Jun 14 21:00:00 
Jun 14 21:00:00 
Jun 14 21:00:00 ====================共有2个京东账号Cookie=========
Jun 14 21:00:00 
Jun 14 21:00:00 
Jun 14 21:00:00 *******开始【京东账号1】jd_RbuUwXHBNnJR********
Jun 14 21:00:00 
Jun 14 21:00:00 ==================脚本执行- 北京时间(UTC+8)：6/14/2021, 9:00:00 PM=====================
Jun 14 21:00:00 
Jun 14 21:00:00 
Jun 14 21:00:00 *******开始【京东账号1】jd_RbuUwXHBNnJR********
Jun 14 21:00:00 
Jun 14 21:00:01 成功获取到token
Jun 14 21:00:01 成功获取到token
Jun 14 21:00:01 成功获取到access_token
Jun 14 21:00:01 成功获取到access_token
Jun 14 21:00:01 京东返回了一段空数据
Jun 14 21:00:01 未设置兑奖关键字，暂时不兑换奖品
Jun 14 21:00:01 京东返回了一段空数据
Jun 14 21:00:01 未设置兑奖关键字，暂时不兑换奖品
Jun 14 21:01:38 connect ETIMEDOUT 34.92.123.4:443
Jun 14 21:01:38 connect ETIMEDOUT 34.92.123.4:443
Jun 14 21:01:38 214977
Jun 14 21:01:38 214977
Jun 14 21:01:39 获取任务列表请成功
Jun 14 21:01:39 已完成日常签到任务
Jun 14 21:01:39 已完成所有浏览店铺任务
Jun 14 21:01:39 已完成所有加购任务
Jun 14 21:01:39 获取任务列表请成功
Jun 14 21:01:39 已完成日常签到任务
Jun 14 21:01:39 已完成所有浏览店铺任务
Jun 14 21:01:39 已完成所有加购任务
Jun 14 21:01:39 开始生产牛奶
Jun 14 21:01:39     └ 开始生产牛奶，完成生产需要6600秒
Jun 14 21:01:39 上架牛奶
Jun 14 21:01:39 开始生产牛奶
Jun 14 21:01:39     └ 发生错误： 已有牛奶正在生产中
Jun 14 21:01:39 上架牛奶
Jun 14 21:01:39     └ 成功上架了1650箱牛奶
Jun 14 21:01:39 当前游戏金币：657400
Jun 14 21:01:39 当前农场等级：11
Jun 14 21:01:39 
Jun 14 21:01:39 *******开始【京东账号2】jd_fMRfXcJHjROT********
Jun 14 21:01:39 
Jun 14 21:01:39     └ 发生错误： 暂无牛奶可上架
Jun 14 21:01:39 当前游戏金币：657400
Jun 14 21:01:39 当前农场等级：11
Jun 14 21:01:39 
Jun 14 21:01:39 *******开始【京东账号2】jd_fMRfXcJHjROT********
Jun 14 21:01:39 
Jun 14 21:01:39 成功获取到token
Jun 14 21:01:39 成功获取到token
Jun 14 21:01:39 成功获取到access_token
Jun 14 21:01:39 成功获取到access_token
Jun 14 21:01:39     └ 发生错误： 风险用户
Jun 14 21:01:39     └ 平日里让你多喝奶你不听，现在被奶企嫌弃了吧。
Jun 14 21:01:39 
Jun 14 21:01:39 🔔有机牧场, 结束! 🕛 98.929 秒
Jun 14 21:01:39 
Jun 14 21:01:39     └ 发生错误： 风险用户
Jun 14 21:01:39     └ 平日里让你多喝奶你不听，现在被奶企嫌弃了吧。
Jun 14 21:01:39 
Jun 14 21:01:39 🔔有机牧场, 结束! 🕛 98.906 秒
Jun 14 21:01:39 
Jun 15 00:00:01 
Jun 15 00:00:01 🔔有机牧场, 开始!
Jun 15 00:00:01 您的cookie选择的是用&隔开
Jun 15 00:00:01 
Jun 15 00:00:01 
Jun 15 00:00:01 ====================共有2个京东账号Cookie=========
Jun 15 00:00:01 
Jun 15 00:00:01 ==================脚本执行- 北京时间(UTC+8)：6/15/2021, 12:00:01 AM=====================
Jun 15 00:00:01 
Jun 15 00:00:02 
Jun 15 00:00:02 🔔有机牧场, 开始!
Jun 15 00:00:02 您的cookie选择的是用&隔开
Jun 15 00:00:02 
Jun 15 00:00:02 
Jun 15 00:00:02 ====================共有2个京东账号Cookie=========
Jun 15 00:00:02 
Jun 15 00:00:02 
Jun 15 00:00:02 *******开始【京东账号1】jd_RbuUwXHBNnJR********
Jun 15 00:00:02 
Jun 15 00:00:02 ==================脚本执行- 北京时间(UTC+8)：6/15/2021, 12:00:02 AM=====================
Jun 15 00:00:02 
Jun 15 00:00:02 
Jun 15 00:00:02 *******开始【京东账号1】jd_RbuUwXHBNnJR********
Jun 15 00:00:02 
Jun 15 00:00:03 成功获取到token
Jun 15 00:00:03 成功获取到token
Jun 15 00:00:03 成功获取到access_token
Jun 15 00:00:03 成功获取到access_token
Jun 15 00:00:03 京东返回了一段空数据
Jun 15 00:00:03 未设置兑奖关键字，暂时不兑换奖品
Jun 15 00:00:04 京东返回了一段空数据
Jun 15 00:00:04 未设置兑奖关键字，暂时不兑换奖品
Jun 15 00:01:41 connect ETIMEDOUT 34.92.123.4:443
Jun 15 00:01:41 执行开卡任务
Jun 15 00:01:41 connect ETIMEDOUT 34.92.123.4:443
Jun 15 00:01:41 214977
Jun 15 00:01:41 获取任务列表请成功
Jun 15 00:01:41 执行日常签到任务
Jun 15 00:01:41     └ 发生错误： 邀请人不存在
Jun 15 00:01:41     └ 完成任务，获得 1200个金币
Jun 15 00:01:41 已完成所有浏览店铺任务
Jun 15 00:01:41 已完成所有加购任务
Jun 15 00:01:41 为助力池用户助力
Jun 15 00:01:41     └ 发生错误： 邀请人不存在
Jun 15 00:01:41 为尽可能公平的助力，只提交ck列表中前半部分ck的助力码。
Jun 15 00:01:41 214977
Jun 15 00:01:41 开始生产牛奶
Jun 15 00:01:41 获取任务列表请成功
Jun 15 00:01:41 已完成日常签到任务
Jun 15 00:01:41 已完成所有浏览店铺任务
Jun 15 00:01:41 已完成所有加购任务
Jun 15 00:01:41     └ 开始生产牛奶，完成生产需要6600秒
Jun 15 00:01:41 上架牛奶
Jun 15 00:01:41     └ 成功上架了1650箱牛奶
Jun 15 00:01:41 当前游戏金币：823600
Jun 15 00:01:41 当前农场等级：11
Jun 15 00:01:41 
Jun 15 00:01:41 *******开始【京东账号2】jd_fMRfXcJHjROT********
Jun 15 00:01:41 
Jun 15 00:01:41 上架牛奶
Jun 15 00:01:42     └ 发生错误： 暂无牛奶可上架
Jun 15 00:01:42 当前游戏金币：823600
Jun 15 00:01:42 当前农场等级：11
Jun 15 00:01:42 
Jun 15 00:01:42 *******开始【京东账号2】jd_fMRfXcJHjROT********
Jun 15 00:01:42 
Jun 15 00:01:42 成功获取到token
Jun 15 00:01:42 成功获取到token
Jun 15 00:01:42 成功获取到access_token
Jun 15 00:01:42     └ 发生错误： 风险用户
Jun 15 00:01:42     └ 平日里让你多喝奶你不听，现在被奶企嫌弃了吧。
Jun 15 00:01:42 
Jun 15 00:01:42 🔔有机牧场, 结束! 🕛 100.229 秒
Jun 15 00:01:42 
Jun 15 00:01:42 成功获取到access_token
Jun 15 00:01:42     └ 发生错误： 风险用户
Jun 15 00:01:42     └ 平日里让你多喝奶你不听，现在被奶企嫌弃了吧。
Jun 15 00:01:42 
Jun 15 00:01:42 🔔有机牧场, 结束! 🕛 101.136 秒
Jun 15 00:01:42 
Jun 15 01:00:01 
Jun 15 01:00:01 🔔有机牧场, 开始!
Jun 15 01:00:01 您的cookie选择的是用&隔开
Jun 15 01:00:01 
Jun 15 01:00:01 
Jun 15 01:00:01 ====================共有2个京东账号Cookie=========
Jun 15 01:00:01 
Jun 15 01:00:01 
Jun 15 01:00:01 🔔有机牧场, 开始!
Jun 15 01:00:01 您的cookie选择的是用&隔开
Jun 15 01:00:01 
Jun 15 01:00:01 
Jun 15 01:00:01 ====================共有2个京东账号Cookie=========
Jun 15 01:00:01 
Jun 15 01:00:01 ==================脚本执行- 北京时间(UTC+8)：6/15/2021, 1:00:01 AM=====================
Jun 15 01:00:01 
Jun 15 01:00:01 ==================脚本执行- 北京时间(UTC+8)：6/15/2021, 1:00:01 AM=====================
Jun 15 01:00:01 
Jun 15 01:00:01 
Jun 15 01:00:01 *******开始【京东账号1】jd_RbuUwXHBNnJR********
Jun 15 01:00:01 
Jun 15 01:00:01 
Jun 15 01:00:01 *******开始【京东账号1】jd_RbuUwXHBNnJR********
Jun 15 01:00:01 
Jun 15 01:00:01 成功获取到token
Jun 15 01:00:01 成功获取到token
Jun 15 01:00:01 成功获取到access_token
Jun 15 01:00:01 成功获取到access_token
Jun 15 01:00:02 京东返回了一段空数据
Jun 15 01:00:02 未设置兑奖关键字，暂时不兑换奖品
Jun 15 01:00:02 京东返回了一段空数据
Jun 15 01:00:02 未设置兑奖关键字，暂时不兑换奖品
Jun 15 01:01:39 connect ETIMEDOUT 34.92.123.4:443
Jun 15 01:01:39 214977
Jun 15 01:01:39 获取任务列表请成功
Jun 15 01:01:39 已完成日常签到任务
Jun 15 01:01:39 已完成所有浏览店铺任务
Jun 15 01:01:39 已完成所有加购任务
Jun 15 01:01:39 上架牛奶
Jun 15 01:01:39     └ 成功上架了899箱牛奶
Jun 15 01:01:39 当前游戏金币：988600
Jun 15 01:01:39 当前农场等级：11
Jun 15 01:01:39 
Jun 15 01:01:39 *******开始【京东账号2】jd_fMRfXcJHjROT********
Jun 15 01:01:39 
Jun 15 01:01:40 成功获取到token
Jun 15 01:01:40 成功获取到access_token
Jun 15 01:01:40     └ 发生错误： 风险用户
Jun 15 01:01:40     └ 平日里让你多喝奶你不听，现在被奶企嫌弃了吧。
Jun 15 01:01:40 
Jun 15 01:01:40 🔔有机牧场, 结束! 🕛 99.191 秒
Jun 15 01:01:40 
Jun 15 01:01:41 connect ETIMEDOUT 34.92.123.4:443
Jun 15 01:01:41 214977
Jun 15 01:01:41 获取任务列表请成功
Jun 15 01:01:41 已完成日常签到任务
Jun 15 01:01:41 已完成所有浏览店铺任务
Jun 15 01:01:41 已完成所有加购任务
Jun 15 01:01:41 上架牛奶
Jun 15 01:01:41     └ 成功上架了1箱牛奶
Jun 15 01:01:41 当前游戏金币：988800
Jun 15 01:01:41 当前农场等级：11
Jun 15 01:01:41 
Jun 15 01:01:41 *******开始【京东账号2】jd_fMRfXcJHjROT********
Jun 15 01:01:41 
Jun 15 01:01:41 成功获取到token
Jun 15 01:01:41 成功获取到access_token
Jun 15 01:01:41     └ 发生错误： 风险用户
Jun 15 01:01:41     └ 平日里让你多喝奶你不听，现在被奶企嫌弃了吧。
Jun 15 01:01:41 
Jun 15 01:01:41 🔔有机牧场, 结束! 🕛 100.479 秒
Jun 15 01:01:41 
Jun 15 03:00:00 
Jun 15 03:00:00 🔔有机牧场, 开始!
Jun 15 03:00:00 
Jun 15 03:00:00 🔔有机牧场, 开始!
Jun 15 03:00:00 您的cookie选择的是用&隔开
Jun 15 03:00:00 
Jun 15 03:00:00 
Jun 15 03:00:00 ====================共有2个京东账号Cookie=========
Jun 15 03:00:00 
Jun 15 03:00:00 您的cookie选择的是用&隔开
Jun 15 03:00:00 
Jun 15 03:00:00 
Jun 15 03:00:00 ====================共有2个京东账号Cookie=========
Jun 15 03:00:00 
Jun 15 03:00:00 ==================脚本执行- 北京时间(UTC+8)：6/15/2021, 3:00:00 AM=====================
Jun 15 03:00:00 
Jun 15 03:00:00 ==================脚本执行- 北京时间(UTC+8)：6/15/2021, 3:00:00 AM=====================
Jun 15 03:00:00 
Jun 15 03:00:00 
Jun 15 03:00:00 *******开始【京东账号1】jd_RbuUwXHBNnJR********
Jun 15 03:00:00 
Jun 15 03:00:00 
Jun 15 03:00:00 *******开始【京东账号1】jd_RbuUwXHBNnJR********
Jun 15 03:00:00 
Jun 15 03:00:00 成功获取到token
Jun 15 03:00:00 成功获取到token
Jun 15 03:00:00 成功获取到access_token
Jun 15 03:00:00 成功获取到access_token
Jun 15 03:00:00 京东返回了一段空数据
Jun 15 03:00:00 未设置兑奖关键字，暂时不兑换奖品
Jun 15 03:00:00 京东返回了一段空数据
Jun 15 03:00:00 未设置兑奖关键字，暂时不兑换奖品
Jun 15 03:01:38 connect ETIMEDOUT 34.92.123.4:443
Jun 15 03:01:38 214977
Jun 15 03:01:38 获取任务列表请成功
Jun 15 03:01:38 已完成日常签到任务
Jun 15 03:01:38 已完成所有浏览店铺任务
Jun 15 03:01:38 已完成所有加购任务
Jun 15 03:01:38 开始生产牛奶
Jun 15 03:01:38 connect ETIMEDOUT 34.92.123.4:443
Jun 15 03:01:38     └ 开始生产牛奶，完成生产需要6600秒
Jun 15 03:01:38 上架牛奶
Jun 15 03:01:38 214977
Jun 15 03:01:38     └ 成功上架了750箱牛奶
Jun 15 03:01:38 当前游戏金币：1078600
Jun 15 03:01:38 当前农场等级：11
Jun 15 03:01:38 
Jun 15 03:01:38 *******开始【京东账号2】jd_fMRfXcJHjROT********
Jun 15 03:01:38 
Jun 15 03:01:38 获取任务列表请成功
Jun 15 03:01:38 已完成日常签到任务
Jun 15 03:01:38 已完成所有浏览店铺任务
Jun 15 03:01:38 已完成所有加购任务
Jun 15 03:01:38 成功获取到token
Jun 15 03:01:38 上架牛奶
Jun 15 03:01:38     └ 发生错误： 暂无牛奶可上架
Jun 15 03:01:38 当前游戏金币：1078600
Jun 15 03:01:38 当前农场等级：11
Jun 15 03:01:38 
Jun 15 03:01:38 *******开始【京东账号2】jd_fMRfXcJHjROT********
Jun 15 03:01:38 
Jun 15 03:01:38 成功获取到access_token
Jun 15 03:01:39     └ 发生错误： 风险用户
Jun 15 03:01:39     └ 平日里让你多喝奶你不听，现在被奶企嫌弃了吧。
Jun 15 03:01:39 
Jun 15 03:01:39 🔔有机牧场, 结束! 🕛 98.8 秒
Jun 15 03:01:39 
Jun 15 03:01:39 成功获取到token
Jun 15 03:01:39 成功获取到access_token
Jun 15 03:01:39     └ 发生错误： 风险用户
Jun 15 03:01:39     └ 平日里让你多喝奶你不听，现在被奶企嫌弃了吧。
Jun 15 03:01:39 
Jun 15 03:01:39 🔔有机牧场, 结束! 🕛 99.021 秒
Jun 15 03:01:39 
Jun 15 05:00:00 
Jun 15 05:00:00 🔔有机牧场, 开始!
Jun 15 05:00:00 您的cookie选择的是用&隔开
Jun 15 05:00:00 
Jun 15 05:00:00 
Jun 15 05:00:00 ====================共有2个京东账号Cookie=========
Jun 15 05:00:00 
Jun 15 05:00:00 
Jun 15 05:00:00 🔔有机牧场, 开始!
Jun 15 05:00:00 您的cookie选择的是用&隔开
Jun 15 05:00:00 
Jun 15 05:00:00 
Jun 15 05:00:00 ====================共有2个京东账号Cookie=========
Jun 15 05:00:00 
Jun 15 05:00:00 ==================脚本执行- 北京时间(UTC+8)：6/15/2021, 5:00:00 AM=====================
Jun 15 05:00:00 
Jun 15 05:00:00 ==================脚本执行- 北京时间(UTC+8)：6/15/2021, 5:00:00 AM=====================
Jun 15 05:00:00 
Jun 15 05:00:00 
Jun 15 05:00:00 *******开始【京东账号1】jd_RbuUwXHBNnJR********
Jun 15 05:00:00 
Jun 15 05:00:00 
Jun 15 05:00:00 *******开始【京东账号1】jd_RbuUwXHBNnJR********
Jun 15 05:00:00 
Jun 15 05:00:00 成功获取到token
Jun 15 05:00:00 成功获取到token
Jun 15 05:00:00 成功获取到access_token
Jun 15 05:00:00 成功获取到access_token
Jun 15 05:00:01 京东返回了一段空数据
Jun 15 05:00:01 未设置兑奖关键字，暂时不兑换奖品
Jun 15 05:00:01 京东返回了一段空数据
Jun 15 05:00:01 未设置兑奖关键字，暂时不兑换奖品
Jun 15 05:01:38Jun 15 05:01:38 connect ETIMEDOUT 34.92.123.4:443
 connect ETIMEDOUT 34.92.123.4:443
Jun 15 05:01:38 214977
Jun 15 05:01:38 214977
Jun 15 05:01:38 获取任务列表请成功
Jun 15 05:01:38 已完成日常签到任务
Jun 15 05:01:38 已完成所有浏览店铺任务
Jun 15 05:01:38 已完成所有加购任务
Jun 15 05:01:38 获取任务列表请成功
Jun 15 05:01:38 已完成日常签到任务
Jun 15 05:01:38 已完成所有浏览店铺任务
Jun 15 05:01:38 已完成所有加购任务
Jun 15 05:01:38 开始生产牛奶
Jun 15 05:01:38 开始生产牛奶
Jun 15 05:01:38     └ 开始生产牛奶，完成生产需要6600秒
Jun 15 05:01:38 上架牛奶
Jun 15 05:01:38     └ 发生错误： 已有牛奶正在生产中
Jun 15 05:01:38 上架牛奶
Jun 15 05:01:39     └ 成功上架了1650箱牛奶
Jun 15 05:01:39 当前游戏金币：1153600
Jun 15 05:01:39 当前农场等级：11
Jun 15 05:01:39 
Jun 15 05:01:39 *******开始【京东账号2】jd_fMRfXcJHjROT********
Jun 15 05:01:39 
Jun 15 05:01:39     └ 发生错误： 暂无牛奶可上架
Jun 15 05:01:39 当前游戏金币：1153600
Jun 15 05:01:39 当前农场等级：11
Jun 15 05:01:39 
Jun 15 05:01:39 *******开始【京东账号2】jd_fMRfXcJHjROT********
Jun 15 05:01:39 
Jun 15 05:01:39 成功获取到token
Jun 15 05:01:39 成功获取到token
Jun 15 05:01:39 成功获取到access_token
Jun 15 05:01:39 成功获取到access_token
Jun 15 05:01:39     └ 发生错误： 风险用户
Jun 15 05:01:39     └ 平日里让你多喝奶你不听，现在被奶企嫌弃了吧。
Jun 15 05:01:39 
Jun 15 05:01:39 🔔有机牧场, 结束! 🕛 98.845 秒
Jun 15 05:01:39 
Jun 15 05:01:39     └ 发生错误： 风险用户
Jun 15 05:01:39     └ 平日里让你多喝奶你不听，现在被奶企嫌弃了吧。
Jun 15 05:01:39 
Jun 15 05:01:39 🔔有机牧场, 结束! 🕛 98.865 秒
Jun 15 05:01:39 
Jun 15 07:00:00 
Jun 15 07:00:00 🔔有机牧场, 开始!
Jun 15 07:00:00 您的cookie选择的是用&隔开
Jun 15 07:00:00 
Jun 15 07:00:00 
Jun 15 07:00:00 ====================共有2个京东账号Cookie=========
Jun 15 07:00:00 
Jun 15 07:00:00 
Jun 15 07:00:00 🔔有机牧场, 开始!
Jun 15 07:00:00 您的cookie选择的是用&隔开
Jun 15 07:00:00 
Jun 15 07:00:00 
Jun 15 07:00:00 ====================共有2个京东账号Cookie=========
Jun 15 07:00:00 
Jun 15 07:00:00 ==================脚本执行- 北京时间(UTC+8)：6/15/2021, 7:00:00 AM=====================
Jun 15 07:00:00 
Jun 15 07:00:00 ==================脚本执行- 北京时间(UTC+8)：6/15/2021, 7:00:00 AM=====================
Jun 15 07:00:00 
Jun 15 07:00:00 
Jun 15 07:00:00 *******开始【京东账号1】jd_RbuUwXHBNnJR********
Jun 15 07:00:00 
Jun 15 07:00:00 
Jun 15 07:00:00 *******开始【京东账号1】jd_RbuUwXHBNnJR********
Jun 15 07:00:00 
Jun 15 07:00:00 成功获取到token
Jun 15 07:00:00 成功获取到token
Jun 15 07:00:01 成功获取到access_token
Jun 15 07:00:01 成功获取到access_token
Jun 15 07:00:01 京东返回了一段空数据
Jun 15 07:00:01 未设置兑奖关键字，暂时不兑换奖品
Jun 15 07:00:01 京东返回了一段空数据
Jun 15 07:00:01 未设置兑奖关键字，暂时不兑换奖品
Jun 15 07:01:38 connect ETIMEDOUT 34.92.123.4:443
Jun 15 07:01:38 connect ETIMEDOUT 34.92.123.4:443
Jun 15 07:01:38 214977
Jun 15 07:01:38 214977
Jun 15 07:01:39 获取任务列表请成功
Jun 15 07:01:39 已完成日常签到任务
Jun 15 07:01:39 已完成所有浏览店铺任务
Jun 15 07:01:39 已完成所有加购任务
Jun 15 07:01:39 获取任务列表请成功
Jun 15 07:01:39 已完成日常签到任务
Jun 15 07:01:39 已完成所有浏览店铺任务
Jun 15 07:01:39 已完成所有加购任务
Jun 15 07:01:39 开始生产牛奶
Jun 15 07:01:39 开始生产牛奶
Jun 15 07:01:39     └ 开始生产牛奶，完成生产需要6600秒
Jun 15 07:01:39 上架牛奶
Jun 15 07:01:39     └ 发生错误： 已有牛奶正在生产中
Jun 15 07:01:39 上架牛奶
Jun 15 07:01:39     └ 发生错误： 牛奶正在上架中
Jun 15 07:01:39 当前游戏金币：1318600
Jun 15 07:01:39 当前农场等级：11
Jun 15 07:01:39 
Jun 15 07:01:39 *******开始【京东账号2】jd_fMRfXcJHjROT********
Jun 15 07:01:39 
Jun 15 07:01:39     └ 成功上架了1650箱牛奶
Jun 15 07:01:39 当前游戏金币：1318600
Jun 15 07:01:39 当前农场等级：11
Jun 15 07:01:39 
Jun 15 07:01:39 *******开始【京东账号2】jd_fMRfXcJHjROT********
Jun 15 07:01:39 
Jun 15 07:01:39 成功获取到token
Jun 15 07:01:39 成功获取到token
Jun 15 07:01:39 成功获取到access_token
Jun 15 07:01:39 成功获取到access_token
Jun 15 07:01:39     └ 发生错误： 风险用户
Jun 15 07:01:39     └ 平日里让你多喝奶你不听，现在被奶企嫌弃了吧。
Jun 15 07:01:39 
Jun 15 07:01:39 🔔有机牧场, 结束! 🕛 98.861 秒
Jun 15 07:01:39 
Jun 15 07:01:39     └ 发生错误： 风险用户
Jun 15 07:01:39     └ 平日里让你多喝奶你不听，现在被奶企嫌弃了吧。
Jun 15 07:01:39 
Jun 15 07:01:39 🔔有机牧场, 结束! 🕛 98.862 秒
Jun 15 07:01:39 
Jun 15 09:00:00 
Jun 15 09:00:00 🔔有机牧场, 开始!
Jun 15 09:00:00 您的cookie选择的是用&隔开
Jun 15 09:00:00 
Jun 15 09:00:00 
Jun 15 09:00:00 ====================共有2个京东账号Cookie=========
Jun 15 09:00:00 
Jun 15 09:00:00 
Jun 15 09:00:00 🔔有机牧场, 开始!
Jun 15 09:00:00 您的cookie选择的是用&隔开
Jun 15 09:00:00 
Jun 15 09:00:00 
Jun 15 09:00:00 ====================共有2个京东账号Cookie=========
Jun 15 09:00:00 
Jun 15 09:00:00 ==================脚本执行- 北京时间(UTC+8)：6/15/2021, 9:00:00 AM=====================
Jun 15 09:00:00 
Jun 15 09:00:00 ==================脚本执行- 北京时间(UTC+8)：6/15/2021, 9:00:00 AM=====================
Jun 15 09:00:00 
Jun 15 09:00:00 
Jun 15 09:00:00 *******开始【京东账号1】jd_RbuUwXHBNnJR********
Jun 15 09:00:00 
Jun 15 09:00:00 
Jun 15 09:00:00 *******开始【京东账号1】jd_RbuUwXHBNnJR********
Jun 15 09:00:00 
Jun 15 09:00:01 成功获取到token
Jun 15 09:00:01 成功获取到token
Jun 15 09:00:01 成功获取到access_token
Jun 15 09:00:01 成功获取到access_token
Jun 15 09:00:01 京东返回了一段空数据
Jun 15 09:00:01 未设置兑奖关键字，暂时不兑换奖品
Jun 15 09:00:01 京东返回了一段空数据
Jun 15 09:00:01 未设置兑奖关键字，暂时不兑换奖品
Jun 15 09:01:39 connect ETIMEDOUT 34.92.123.4:443
Jun 15 09:01:39 connect ETIMEDOUT 34.92.123.4:443
Jun 15 09:01:39 214977
Jun 15 09:01:39 214977
Jun 15 09:01:39 获取任务列表请成功
Jun 15 09:01:39 已完成日常签到任务
Jun 15 09:01:39 获取任务列表请成功
Jun 15 09:01:39 已完成所有浏览店铺任务
Jun 15 09:01:39 已完成日常签到任务
Jun 15 09:01:39 已完成所有加购任务
Jun 15 09:01:39 已完成所有浏览店铺任务
Jun 15 09:01:39 已完成所有加购任务
Jun 15 09:01:39 开始生产牛奶
Jun 15 09:01:39 开始生产牛奶
Jun 15 09:01:39     └ 开始生产牛奶，完成生产需要6600秒
Jun 15 09:01:39 上架牛奶
Jun 15 09:01:39     └ 发生错误： 已有牛奶正在生产中
Jun 15 09:01:39 上架牛奶
Jun 15 09:01:39     └ 成功上架了1650箱牛奶
Jun 15 09:01:39 当前游戏金币：1483600
Jun 15 09:01:39 当前农场等级：11
Jun 15 09:01:39 
Jun 15 09:01:39 *******开始【京东账号2】jd_fMRfXcJHjROT********
Jun 15 09:01:39 
Jun 15 09:01:39     └ 发生错误： 暂无牛奶可上架
Jun 15 09:01:39 当前游戏金币：1483600
Jun 15 09:01:39 当前农场等级：11
Jun 15 09:01:39 
Jun 15 09:01:39 *******开始【京东账号2】jd_fMRfXcJHjROT********
Jun 15 09:01:39 
Jun 15 09:01:39 成功获取到token
Jun 15 09:01:39 成功获取到token
Jun 15 09:01:39 成功获取到access_token
Jun 15 09:01:39     └ 发生错误： 风险用户
Jun 15 09:01:39     └ 平日里让你多喝奶你不听，现在被奶企嫌弃了吧。
Jun 15 09:01:39 
Jun 15 09:01:39 🔔有机牧场, 结束! 🕛 98.885 秒
Jun 15 09:01:39 
Jun 15 09:01:39 成功获取到access_token
Jun 15 09:01:39     └ 发生错误： 风险用户
Jun 15 09:01:39     └ 平日里让你多喝奶你不听，现在被奶企嫌弃了吧。
Jun 15 09:01:39 
Jun 15 09:01:39 🔔有机牧场, 结束! 🕛 98.997 秒
Jun 15 09:01:39 
Jun 15 11:00:00 
Jun 15 11:00:00 🔔有机牧场, 开始!
Jun 15 11:00:00 您的cookie选择的是用&隔开
Jun 15 11:00:00 
Jun 15 11:00:00 
Jun 15 11:00:00 ====================共有2个京东账号Cookie=========
Jun 15 11:00:00 
Jun 15 11:00:00 
Jun 15 11:00:00 🔔有机牧场, 开始!
Jun 15 11:00:00 您的cookie选择的是用&隔开
Jun 15 11:00:00 
Jun 15 11:00:00 
Jun 15 11:00:00 ====================共有2个京东账号Cookie=========
Jun 15 11:00:00 
Jun 15 11:00:00 ==================脚本执行- 北京时间(UTC+8)：6/15/2021, 11:00:00 AM=====================
Jun 15 11:00:00 
Jun 15 11:00:00 ==================脚本执行- 北京时间(UTC+8)：6/15/2021, 11:00:00 AM=====================
Jun 15 11:00:00 
Jun 15 11:00:00 
Jun 15 11:00:00 *******开始【京东账号1】jd_RbuUwXHBNnJR********
Jun 15 11:00:00 
Jun 15 11:00:00 
Jun 15 11:00:00 *******开始【京东账号1】jd_RbuUwXHBNnJR********
Jun 15 11:00:00 
Jun 15 11:00:00 成功获取到token
Jun 15 11:00:00 成功获取到token
Jun 15 11:00:01 成功获取到access_token
Jun 15 11:00:01 成功获取到access_token
Jun 15 11:00:01 京东返回了一段空数据
Jun 15 11:00:01 未设置兑奖关键字，暂时不兑换奖品
Jun 15 11:00:01 京东返回了一段空数据
Jun 15 11:00:01 未设置兑奖关键字，暂时不兑换奖品
Jun 15 11:01:38 connect ETIMEDOUT 34.92.123.4:443
Jun 15 11:01:38 connect ETIMEDOUT 34.92.123.4:443
Jun 15 11:01:38 214977
Jun 15 11:01:38 214977
Jun 15 11:01:39 获取任务列表请成功
Jun 15 11:01:39 已完成日常签到任务
Jun 15 11:01:39 已完成所有浏览店铺任务
Jun 15 11:01:39 已完成所有加购任务
Jun 15 11:01:39 获取任务列表请成功
Jun 15 11:01:39 已完成日常签到任务
Jun 15 11:01:39 已完成所有浏览店铺任务
Jun 15 11:01:39 已完成所有加购任务
Jun 15 11:01:39 开始生产牛奶
Jun 15 11:01:39 开始生产牛奶
Jun 15 11:01:39     └ 开始生产牛奶，完成生产需要6600秒
Jun 15 11:01:39 上架牛奶
Jun 15 11:01:39     └ 发生错误： 已有牛奶正在生产中
Jun 15 11:01:39 上架牛奶
Jun 15 11:01:39     └ 发生错误： 牛奶正在上架中
Jun 15 11:01:39 当前游戏金币：1648600
Jun 15 11:01:39 当前农场等级：11
Jun 15 11:01:39 
Jun 15 11:01:39 *******开始【京东账号2】jd_fMRfXcJHjROT********
Jun 15 11:01:39 
Jun 15 11:01:39     └ 成功上架了1650箱牛奶
Jun 15 11:01:39 当前游戏金币：1648600
Jun 15 11:01:39 当前农场等级：11
Jun 15 11:01:39 
Jun 15 11:01:39 *******开始【京东账号2】jd_fMRfXcJHjROT********
Jun 15 11:01:39 
Jun 15 11:01:39 成功获取到token
Jun 15 11:01:39 成功获取到token
Jun 15 11:01:39 成功获取到access_token
Jun 15 11:01:39 成功获取到access_token
Jun 15 11:01:39     └ 发生错误： 风险用户
Jun 15 11:01:39     └ 平日里让你多喝奶你不听，现在被奶企嫌弃了吧。
Jun 15 11:01:39 
Jun 15 11:01:39 🔔有机牧场, 结束! 🕛 99.006 秒
Jun 15 11:01:39 
Jun 15 11:01:39     └ 发生错误： 风险用户
Jun 15 11:01:39     └ 平日里让你多喝奶你不听，现在被奶企嫌弃了吧。
Jun 15 11:01:39 
Jun 15 11:01:39 🔔有机牧场, 结束! 🕛 99.008 秒
Jun 15 11:01:39 
Jun 15 13:00:00 
Jun 15 13:00:00 🔔有机牧场, 开始!
Jun 15 13:00:00 您的cookie选择的是用&隔开
Jun 15 13:00:00 
Jun 15 13:00:00 
Jun 15 13:00:00 ====================共有2个京东账号Cookie=========
Jun 15 13:00:00 
Jun 15 13:00:00 
Jun 15 13:00:00 🔔有机牧场, 开始!
Jun 15 13:00:00 您的cookie选择的是用&隔开
Jun 15 13:00:00 
Jun 15 13:00:00 
Jun 15 13:00:00 ====================共有2个京东账号Cookie=========
Jun 15 13:00:00 
Jun 15 13:00:00 ==================脚本执行- 北京时间(UTC+8)：6/15/2021, 1:00:00 PM=====================
Jun 15 13:00:00 
Jun 15 13:00:00 
Jun 15 13:00:00 *******开始【京东账号1】jd_RbuUwXHBNnJR********
Jun 15 13:00:00 
Jun 15 13:00:00 ==================脚本执行- 北京时间(UTC+8)：6/15/2021, 1:00:00 PM=====================
Jun 15 13:00:00 
Jun 15 13:00:00 
Jun 15 13:00:00 *******开始【京东账号1】jd_RbuUwXHBNnJR********
Jun 15 13:00:00 
Jun 15 13:00:00 成功获取到token
Jun 15 13:00:00 成功获取到token
Jun 15 13:00:00 成功获取到access_token
Jun 15 13:00:00 成功获取到access_token
Jun 15 13:00:00 京东返回了一段空数据
Jun 15 13:00:00 未设置兑奖关键字，暂时不兑换奖品
Jun 15 13:00:00 京东返回了一段空数据
Jun 15 13:00:00 未设置兑奖关键字，暂时不兑换奖品
Jun 15 13:01:38 connect ETIMEDOUT 34.92.123.4:443
Jun 15 13:01:38 connect ETIMEDOUT 34.92.123.4:443
Jun 15 13:01:38Jun 15 13:01:38 214977
 214977
Jun 15 13:01:38 获取任务列表请成功
Jun 15 13:01:38 已完成日常签到任务
Jun 15 13:01:38 已完成所有浏览店铺任务
Jun 15 13:01:38 已完成所有加购任务
Jun 15 13:01:38 获取任务列表请成功
Jun 15 13:01:38 已完成日常签到任务
Jun 15 13:01:38 已完成所有浏览店铺任务
Jun 15 13:01:38 已完成所有加购任务
Jun 15 13:01:38 开始生产牛奶
Jun 15 13:01:38 开始生产牛奶
Jun 15 13:01:38     └ 开始生产牛奶，完成生产需要6600秒
Jun 15 13:01:38 上架牛奶
Jun 15 13:01:38     └ 发生错误： 已有牛奶正在生产中
Jun 15 13:01:38 上架牛奶
Jun 15 13:01:38     └ 发生错误： 牛奶正在上架中
Jun 15 13:01:38 当前游戏金币：1813600
Jun 15 13:01:38 当前农场等级：11
Jun 15 13:01:38 
Jun 15 13:01:38 *******开始【京东账号2】jd_fMRfXcJHjROT********
Jun 15 13:01:38 
Jun 15 13:01:38     └ 成功上架了1650箱牛奶
Jun 15 13:01:38 当前游戏金币：1813600
Jun 15 13:01:38 当前农场等级：11
Jun 15 13:01:38 
Jun 15 13:01:38 *******开始【京东账号2】jd_fMRfXcJHjROT********
Jun 15 13:01:38 
Jun 15 13:01:38 成功获取到token
Jun 15 13:01:38 成功获取到token
Jun 15 13:01:38 成功获取到access_token
Jun 15 13:01:38 成功获取到access_token
Jun 15 13:01:39     └ 发生错误： 风险用户
Jun 15 13:01:39     └ 平日里让你多喝奶你不听，现在被奶企嫌弃了吧。
Jun 15 13:01:39 
Jun 15 13:01:39 🔔有机牧场, 结束! 🕛 98.917 秒
Jun 15 13:01:39 
Jun 15 13:01:39     └ 发生错误： 风险用户
Jun 15 13:01:39     └ 平日里让你多喝奶你不听，现在被奶企嫌弃了吧。
Jun 15 13:01:39 
Jun 15 13:01:39 🔔有机牧场, 结束! 🕛 98.951 秒
Jun 15 13:01:39 
Jun 15 15:00:00 
Jun 15 15:00:00 🔔有机牧场, 开始!
Jun 15 15:00:00 
Jun 15 15:00:00 🔔有机牧场, 开始!
Jun 15 15:00:00 您的cookie选择的是用&隔开
Jun 15 15:00:00Jun 15 15:00:00 
 您的cookie选择的是用&隔开
Jun 15 15:00:00Jun 15 15:00:00 
 
Jun 15 15:00:00 ====================共有2个京东账号Cookie=========
Jun 15 15:00:00 
Jun 15 15:00:00 
Jun 15 15:00:00 ====================共有2个京东账号Cookie=========
Jun 15 15:00:00 
Jun 15 15:00:00 ==================脚本执行- 北京时间(UTC+8)：6/15/2021, 3:00:00 PM=====================
Jun 15 15:00:00 
Jun 15 15:00:00 ==================脚本执行- 北京时间(UTC+8)：6/15/2021, 3:00:00 PM=====================
Jun 15 15:00:00 
Jun 15 15:00:00 
Jun 15 15:00:00 *******开始【京东账号1】jd_RbuUwXHBNnJR********
Jun 15 15:00:00 
Jun 15 15:00:00 
Jun 15 15:00:00 *******开始【京东账号1】jd_RbuUwXHBNnJR********
Jun 15 15:00:00 
Jun 15 15:00:00 成功获取到token
Jun 15 15:00:00 成功获取到token
Jun 15 15:00:00 成功获取到access_token
Jun 15 15:00:00 成功获取到access_token
Jun 15 15:00:00 京东返回了一段空数据
Jun 15 15:00:00 未设置兑奖关键字，暂时不兑换奖品
Jun 15 15:00:00 京东返回了一段空数据
Jun 15 15:00:00 未设置兑奖关键字，暂时不兑换奖品
Jun 15 15:01:39Jun 15 15:01:39 connect ETIMEDOUT 34.92.123.4:443
 connect ETIMEDOUT 34.92.123.4:443
Jun 15 15:01:39Jun 15 15:01:39 214977
 214977
Jun 15 15:01:39 获取任务列表请成功
Jun 15 15:01:39 已完成日常签到任务
Jun 15 15:01:39 已完成所有浏览店铺任务
Jun 15 15:01:39 已完成所有加购任务
Jun 15 15:01:39 获取任务列表请成功
Jun 15 15:01:39 已完成日常签到任务
Jun 15 15:01:39 已完成所有浏览店铺任务
Jun 15 15:01:39 已完成所有加购任务
Jun 15 15:01:39 开始生产牛奶
Jun 15 15:01:39 开始生产牛奶
Jun 15 15:01:39     └ 开始生产牛奶，完成生产需要6600秒
Jun 15 15:01:39 上架牛奶
Jun 15 15:01:39     └ 发生错误： 已有牛奶正在生产中
Jun 15 15:01:39 上架牛奶
Jun 15 15:01:39     └ 发生错误： 牛奶正在上架中
Jun 15 15:01:39 当前游戏金币：1978600
Jun 15 15:01:39 当前农场等级：11
Jun 15 15:01:39 
Jun 15 15:01:39 *******开始【京东账号2】jd_fMRfXcJHjROT********
Jun 15 15:01:39 
Jun 15 15:01:39     └ 成功上架了1650箱牛奶
Jun 15 15:01:39 当前游戏金币：1978600
Jun 15 15:01:39 当前农场等级：11
Jun 15 15:01:39 
Jun 15 15:01:39 *******开始【京东账号2】jd_fMRfXcJHjROT********
Jun 15 15:01:39 
Jun 15 15:01:39 成功获取到token
Jun 15 15:01:39 成功获取到token
Jun 15 15:01:39 成功获取到access_token
Jun 15 15:01:39     └ 发生错误： 风险用户
Jun 15 15:01:39     └ 平日里让你多喝奶你不听，现在被奶企嫌弃了吧。
Jun 15 15:01:39 
Jun 15 15:01:39 🔔有机牧场, 结束! 🕛 99.618 秒
Jun 15 15:01:39 
Jun 15 15:01:39 成功获取到access_token
Jun 15 15:01:39     └ 发生错误： 风险用户
Jun 15 15:01:39     └ 平日里让你多喝奶你不听，现在被奶企嫌弃了吧。
Jun 15 15:01:39 
Jun 15 15:01:39 🔔有机牧场, 结束! 🕛 99.7 秒
Jun 15 15:01:39 
Jun 15 17:00:00 
Jun 15 17:00:00 🔔有机牧场, 开始!
Jun 15 17:00:00 您的cookie选择的是用&隔开
Jun 15 17:00:00 
Jun 15 17:00:00 
Jun 15 17:00:00 ====================共有2个京东账号Cookie=========
Jun 15 17:00:00 
Jun 15 17:00:00 
Jun 15 17:00:00 🔔有机牧场, 开始!
Jun 15 17:00:00 您的cookie选择的是用&隔开
Jun 15 17:00:00 
Jun 15 17:00:00 
Jun 15 17:00:00 ====================共有2个京东账号Cookie=========
Jun 15 17:00:00 
Jun 15 17:00:00 ==================脚本执行- 北京时间(UTC+8)：6/15/2021, 5:00:00 PM=====================
Jun 15 17:00:00 
Jun 15 17:00:00 ==================脚本执行- 北京时间(UTC+8)：6/15/2021, 5:00:00 PM=====================
Jun 15 17:00:00 
Jun 15 17:00:00 
Jun 15 17:00:00 *******开始【京东账号1】jd_RbuUwXHBNnJR********
Jun 15 17:00:00 
Jun 15 17:00:00 
Jun 15 17:00:00 *******开始【京东账号1】jd_RbuUwXHBNnJR********
Jun 15 17:00:00 
Jun 15 17:00:00 成功获取到token
Jun 15 17:00:00 成功获取到token
Jun 15 17:00:00 成功获取到access_token
Jun 15 17:00:00 成功获取到access_token
Jun 15 17:00:01 京东返回了一段空数据
Jun 15 17:00:01 未设置兑奖关键字，暂时不兑换奖品
Jun 15 17:00:01 京东返回了一段空数据
Jun 15 17:00:01 未设置兑奖关键字，暂时不兑换奖品
Jun 15 17:01:38Jun 15 17:01:38 connect ETIMEDOUT 34.92.123.4:443
 connect ETIMEDOUT 34.92.123.4:443
Jun 15 17:01:38 214977
Jun 15 17:01:38 214977
Jun 15 17:01:38 获取任务列表请成功
Jun 15 17:01:38 已完成日常签到任务
Jun 15 17:01:38 已完成所有浏览店铺任务
Jun 15 17:01:38 已完成所有加购任务
Jun 15 17:01:38 获取任务列表请成功
Jun 15 17:01:38 已完成日常签到任务
Jun 15 17:01:38 已完成所有浏览店铺任务
Jun 15 17:01:38 已完成所有加购任务
Jun 15 17:01:38 开始生产牛奶
Jun 15 17:01:38 开始生产牛奶
Jun 15 17:01:38     └ 发生错误： 请勿频繁操作
Jun 15 17:01:38 上架牛奶
Jun 15 17:01:38     └ 开始生产牛奶，完成生产需要6600秒
Jun 15 17:01:38 上架牛奶
Jun 15 17:01:39     └ 发生错误： 牛奶正在上架中
Jun 15 17:01:39 当前游戏金币：2143600
Jun 15 17:01:39 当前农场等级：11
Jun 15 17:01:39 升级农场
Jun 15 17:01:39     └ 成功上架了1650箱牛奶
Jun 15 17:01:39 当前游戏金币：2143600
Jun 15 17:01:39 当前农场等级：11
Jun 15 17:01:39 升级农场
Jun 15 17:01:39     └ 发生错误： 工厂正在扩建中
Jun 15 17:01:39     └ 发生错误： 已有牛奶正在生产中
Jun 15 17:01:39 
Jun 15 17:01:39 *******开始【京东账号2】jd_fMRfXcJHjROT********
Jun 15 17:01:39 
Jun 15 17:01:39     └ 升级成功，获得 3个京豆
Jun 15 17:01:39     └ 升级成功，当前农场等级: 11级
Jun 15 17:01:39     └ 开始生产牛奶，完成生产需要7200秒
Jun 15 17:01:39 
Jun 15 17:01:39 *******开始【京东账号2】jd_fMRfXcJHjROT********
Jun 15 17:01:39 
Jun 15 17:01:39 成功获取到token
Jun 15 17:01:39 成功获取到token
Jun 15 17:01:39 成功获取到access_token
Jun 15 17:01:39     └ 发生错误： 风险用户
Jun 15 17:01:39     └ 平日里让你多喝奶你不听，现在被奶企嫌弃了吧。
Jun 15 17:01:39 
Jun 15 17:01:39 🔔有机牧场, 结束! 🕛 98.884 秒
Jun 15 17:01:39 
Jun 15 17:01:39 成功获取到access_token
Jun 15 17:01:39     └ 发生错误： 风险用户
Jun 15 17:01:39     └ 平日里让你多喝奶你不听，现在被奶企嫌弃了吧。
Jun 15 17:01:39 
Jun 15 17:01:39 
Jun 15 17:01:39 您未提供server酱的SCKEY，取消微信推送消息通知🚫
Jun 15 17:01:39 
Jun 15 17:01:39 您未提供push+推送所需的PUSH_PLUS_TOKEN，取消push+推送消息通知🚫
Jun 15 17:01:39 
Jun 15 17:01:39 您未提供Bark的APP推送BARK_PUSH，取消Bark推送消息通知🚫
Jun 15 17:01:39 
Jun 15 17:01:39 您未提供telegram机器人推送所需的TG_BOT_TOKEN和TG_USER_ID，取消telegram推送消息通知🚫
Jun 15 17:01:39 
Jun 15 17:01:39 您未提供企业微信机器人推送所需的QYWX_KEY，取消企业微信推送消息通知🚫
Jun 15 17:01:39 
Jun 15 17:01:39 您未提供企业微信应用消息推送所需的QYWX_AM，取消企业微信应用消息推送消息通知🚫
Jun 15 17:01:39 
Jun 15 17:01:39 您未提供iGot的推送IGOT_PUSH_KEY，取消iGot推送消息通知🚫
Jun 15 17:01:39 
Jun 15 17:01:39 钉钉发送通知消息成功🎉。
Jun 15 17:01:39 
Jun 15 17:01:39 
Jun 15 17:01:39 🔔有机牧场, 结束! 🕛 99.208 秒
Jun 15 17:01:39 
