Jun 14 00:40:00 
Jun 14 00:40:00 🔔点点券, 开始!
Jun 14 00:40:00 
Jun 14 00:40:00 🔔点点券, 开始!
Jun 14 00:40:00 您的cookie选择的是用&隔开
Jun 14 00:40:00 
Jun 14 00:40:00 
Jun 14 00:40:00 ====================共有2个京东账号Cookie=========
Jun 14 00:40:00 
Jun 14 00:40:00 您的cookie选择的是用&隔开
Jun 14 00:40:00 
Jun 14 00:40:00 
Jun 14 00:40:00 ====================共有2个京东账号Cookie=========
Jun 14 00:40:00 
Jun 14 00:40:00 ==================脚本执行- 北京时间(UTC+8)：6/14/2021, 12:40:00 AM=====================
Jun 14 00:40:00 
Jun 14 00:40:00 
Jun 14 00:40:00 通知：京东已在领取任务、签到、领取点点券三个添加了log做了校验，暂时无可解决
Jun 14 00:40:00 
Jun 14 00:40:00 ==================脚本执行- 北京时间(UTC+8)：6/14/2021, 12:40:00 AM=====================
Jun 14 00:40:00 
Jun 14 00:40:00 
Jun 14 00:40:00 通知：京东已在领取任务、签到、领取点点券三个添加了log做了校验，暂时无可解决
Jun 14 00:40:00 
Jun 14 00:40:00 
Jun 14 00:40:00 开始【京东账号1】jd_RbuUwXHBNnJR
Jun 14 00:40:00 
Jun 14 00:40:00 
Jun 14 00:40:00 开始【京东账号1】jd_RbuUwXHBNnJR
Jun 14 00:40:00 
Jun 14 00:40:00 【点击“领券”】 任务未领取,开始领取此任务
Jun 14 00:40:00 领取任务结果：{"rtn_code":403,"rtn_msg":"非法请求！"}
Jun 14 00:40:00 【点击“领券”】 任务领取成功,开始完成此任务
Jun 14 00:40:00 【点击“领券”】 任务未领取,开始领取此任务
Jun 14 00:40:00 领取任务结果：{"rtn_code":403,"rtn_msg":"非法请求！"}
Jun 14 00:40:00 【点击“领券”】 任务领取成功,开始完成此任务
Jun 14 00:40:01 需等待15秒
Jun 14 00:40:01 需等待15秒
Jun 14 00:40:17 点击首页领券图标(进入领券中心浏览15s)任务:{"code":"600","echo":"signature verification failed"}
Jun 14 00:40:17 【浏览精选活动】 任务未领取,开始领取此任务
Jun 14 00:40:17 领取任务结果：{"rtn_code":403,"rtn_msg":"非法请求！"}
Jun 14 00:40:17 【浏览精选活动】 任务领取成功,开始完成此任务
Jun 14 00:40:17 点击首页领券图标(进入领券中心浏览15s)任务:{"code":"600","echo":"signature verification failed"}
Jun 14 00:40:17 【浏览精选活动】 任务未领取,开始领取此任务
Jun 14 00:40:17 领取任务结果：{"rtn_code":403,"rtn_msg":"非法请求！"}
Jun 14 00:40:17 【浏览精选活动】 任务领取成功,开始完成此任务
Jun 14 00:40:18 【浏览品质商品】 任务未领取,开始领取此任务
Jun 14 00:40:18 领取任务结果：{"rtn_code":403,"rtn_msg":"非法请求！"}
Jun 14 00:40:18 【浏览品质商品】 任务领取成功,开始完成此任务
Jun 14 00:40:18 【浏览品质商品】 任务未领取,开始领取此任务
Jun 14 00:40:18 领取任务结果：{"rtn_code":403,"rtn_msg":"非法请求！"}
Jun 14 00:40:18 【浏览品质商品】 任务领取成功,开始完成此任务
Jun 14 00:40:19 【玩锦鲤红包】 任务未领取,开始领取此任务
Jun 14 00:40:19 领取任务结果：{"rtn_code":403,"rtn_msg":"非法请求！"}
Jun 14 00:40:19 【玩锦鲤红包】 任务领取成功,开始完成此任务
Jun 14 00:40:19 【玩锦鲤红包】 任务未领取,开始领取此任务
Jun 14 00:40:19 领取任务结果：{"rtn_code":403,"rtn_msg":"非法请求！"}
Jun 14 00:40:19 【玩锦鲤红包】 任务领取成功,开始完成此任务
Jun 14 00:40:20 做任务结果：{"data":{"biz_code":1002,"biz_msg":"用户未领取该任务"},"rtn_code":0,"rtn_msg":"请求成功！"}
Jun 14 00:40:20 【玩拼券活动】 任务未领取,开始领取此任务
Jun 14 00:40:20 领取任务结果：{"rtn_code":403,"rtn_msg":"非法请求！"}
Jun 14 00:40:20 【玩拼券活动】 任务领取成功,开始完成此任务
Jun 14 00:40:20 做任务结果：{"data":{"biz_code":1002,"biz_msg":"用户未领取该任务"},"rtn_code":0,"rtn_msg":"请求成功！"}
Jun 14 00:40:20 【玩拼券活动】 任务未领取,开始领取此任务
Jun 14 00:40:20 领取任务结果：{"rtn_code":403,"rtn_msg":"非法请求！"}
Jun 14 00:40:20 【玩拼券活动】 任务领取成功,开始完成此任务
Jun 14 00:40:21 做任务结果：{"data":{"biz_code":1002,"biz_msg":"用户未领取该任务"},"rtn_code":0,"rtn_msg":"请求成功！"}
Jun 14 00:40:21 【逛券后9.9】 任务未领取,开始领取此任务
Jun 14 00:40:21 领取任务结果：{"rtn_code":403,"rtn_msg":"非法请求！"}
Jun 14 00:40:21 【逛券后9.9】 任务领取成功,开始完成此任务
Jun 14 00:40:21 做任务结果：{"data":{"biz_code":1002,"biz_msg":"用户未领取该任务"},"rtn_code":0,"rtn_msg":"请求成功！"}
Jun 14 00:40:21 【逛券后9.9】 任务未领取,开始领取此任务
Jun 14 00:40:21 领取任务结果：{"rtn_code":403,"rtn_msg":"非法请求！"}
Jun 14 00:40:21 【逛券后9.9】 任务领取成功,开始完成此任务
Jun 14 00:40:22 做任务结果：{"data":{"biz_code":1002,"biz_msg":"用户未领取该任务"},"rtn_code":0,"rtn_msg":"请求成功！"}
Jun 14 00:40:22 【去买省钱券包】 任务未领取,开始领取此任务
Jun 14 00:40:22 领取任务结果：{"rtn_code":403,"rtn_msg":"非法请求！"}
Jun 14 00:40:22 【去买省钱券包】 任务领取成功,开始完成此任务
Jun 14 00:40:22 做任务结果：{"data":{"biz_code":1002,"biz_msg":"用户未领取该任务"},"rtn_code":0,"rtn_msg":"请求成功！"}
Jun 14 00:40:22 【去买省钱券包】 任务未领取,开始领取此任务
Jun 14 00:40:22 领取任务结果：{"rtn_code":403,"rtn_msg":"非法请求！"}
Jun 14 00:40:22 【去买省钱券包】 任务领取成功,开始完成此任务
Jun 14 00:40:23 做任务结果：{"data":{"biz_code":1002,"biz_msg":"用户未领取该任务"},"rtn_code":0,"rtn_msg":"请求成功！"}
Jun 14 00:40:23 
Jun 14 00:40:23 开始每日签到
Jun 14 00:40:23 每日签到失败：{"rtn_code":403,"rtn_msg":"非法请求！"}
Jun 14 00:40:23 
Jun 14 00:40:23 做任务结果：{"data":{"biz_code":1002,"biz_msg":"用户未领取该任务"},"rtn_code":0,"rtn_msg":"请求成功！"}
Jun 14 00:40:23 
Jun 14 00:40:23 开始每日签到
Jun 14 00:40:23 每日签到失败：{"rtn_code":403,"rtn_msg":"非法请求！"}
Jun 14 00:40:23 
Jun 14 00:40:23 
Jun 14 00:40:23 开始【京东账号2】jd_fMRfXcJHjROT
Jun 14 00:40:23 
Jun 14 00:40:24 【点击券后9.9】 任务未领取,开始领取此任务
Jun 14 00:40:24 
Jun 14 00:40:24 开始【京东账号2】jd_fMRfXcJHjROT
Jun 14 00:40:24 
Jun 14 00:40:24 领取任务结果：{"rtn_code":403,"rtn_msg":"非法请求！"}
Jun 14 00:40:24 【点击券后9.9】 任务领取成功,开始完成此任务
Jun 14 00:40:24 【点击券后9.9】 任务未领取,开始领取此任务
Jun 14 00:40:24 领取任务结果：{"rtn_code":403,"rtn_msg":"非法请求！"}
Jun 14 00:40:24 【点击券后9.9】 任务领取成功,开始完成此任务
Jun 14 00:40:25 需等待30秒
Jun 14 00:40:25 需等待30秒
Jun 14 00:40:55 点击“券后9.9”任务:{"code":"600","echo":"signature verification failed"}
Jun 14 00:40:55 【浏览精选活动】 任务未领取,开始领取此任务
Jun 14 00:40:55 领取任务结果：{"rtn_code":403,"rtn_msg":"非法请求！"}
Jun 14 00:40:55 【浏览精选活动】 任务领取成功,开始完成此任务
Jun 14 00:40:55 点击“券后9.9”任务:{"code":"600","echo":"signature verification failed"}
Jun 14 00:40:55 【浏览精选活动】 任务未领取,开始领取此任务
Jun 14 00:40:55 领取任务结果：{"rtn_code":403,"rtn_msg":"非法请求！"}
Jun 14 00:40:55 【浏览精选活动】 任务领取成功,开始完成此任务
Jun 14 00:40:56 【浏览品质商品】 任务未领取,开始领取此任务
Jun 14 00:40:56 领取任务结果：{"rtn_code":403,"rtn_msg":"非法请求！"}
Jun 14 00:40:56 【浏览品质商品】 任务领取成功,开始完成此任务
Jun 14 00:40:56 【浏览品质商品】 任务未领取,开始领取此任务
Jun 14 00:40:56 领取任务结果：{"rtn_code":403,"rtn_msg":"非法请求！"}
Jun 14 00:40:56 【浏览品质商品】 任务领取成功,开始完成此任务
Jun 14 00:40:57 【玩锦鲤红包】 任务未领取,开始领取此任务
Jun 14 00:40:57 领取任务结果：{"rtn_code":403,"rtn_msg":"非法请求！"}
Jun 14 00:40:57 【玩锦鲤红包】 任务领取成功,开始完成此任务
Jun 14 00:40:57 【玩锦鲤红包】 任务未领取,开始领取此任务
Jun 14 00:40:57 领取任务结果：{"rtn_code":403,"rtn_msg":"非法请求！"}
Jun 14 00:40:57 【玩锦鲤红包】 任务领取成功,开始完成此任务
Jun 14 00:40:58 做任务结果：{"data":{"biz_code":1002,"biz_msg":"用户未领取该任务"},"rtn_code":0,"rtn_msg":"请求成功！"}
Jun 14 00:40:58 【玩拼券活动】 任务未领取,开始领取此任务
Jun 14 00:40:58 领取任务结果：{"rtn_code":403,"rtn_msg":"非法请求！"}
Jun 14 00:40:58 【玩拼券活动】 任务领取成功,开始完成此任务
Jun 14 00:40:59 做任务结果：{"data":{"biz_code":1002,"biz_msg":"用户未领取该任务"},"rtn_code":0,"rtn_msg":"请求成功！"}
Jun 14 00:40:59 【玩拼券活动】 任务未领取,开始领取此任务
Jun 14 00:40:59 领取任务结果：{"rtn_code":403,"rtn_msg":"非法请求！"}
Jun 14 00:40:59 【玩拼券活动】 任务领取成功,开始完成此任务
Jun 14 00:41:00 做任务结果：{"data":{"biz_code":1002,"biz_msg":"用户未领取该任务"},"rtn_code":0,"rtn_msg":"请求成功！"}
Jun 14 00:41:00 【逛券后9.9】 任务未领取,开始领取此任务
Jun 14 00:41:00 领取任务结果：{"rtn_code":403,"rtn_msg":"非法请求！"}
Jun 14 00:41:00 【逛券后9.9】 任务领取成功,开始完成此任务
Jun 14 00:41:00 做任务结果：{"data":{"biz_code":1002,"biz_msg":"用户未领取该任务"},"rtn_code":0,"rtn_msg":"请求成功！"}
Jun 14 00:41:00 【逛券后9.9】 任务未领取,开始领取此任务
Jun 14 00:41:00 领取任务结果：{"rtn_code":403,"rtn_msg":"非法请求！"}
Jun 14 00:41:00 【逛券后9.9】 任务领取成功,开始完成此任务
Jun 14 00:41:01 做任务结果：{"data":{"biz_code":1002,"biz_msg":"用户未领取该任务"},"rtn_code":0,"rtn_msg":"请求成功！"}
Jun 14 00:41:01 【去买省钱券包】 任务未领取,开始领取此任务
Jun 14 00:41:01 领取任务结果：{"rtn_code":403,"rtn_msg":"非法请求！"}
Jun 14 00:41:01 【去买省钱券包】 任务领取成功,开始完成此任务
Jun 14 00:41:01 做任务结果：{"data":{"biz_code":1002,"biz_msg":"用户未领取该任务"},"rtn_code":0,"rtn_msg":"请求成功！"}
Jun 14 00:41:01 【去买省钱券包】 任务未领取,开始领取此任务
Jun 14 00:41:01 领取任务结果：{"rtn_code":403,"rtn_msg":"非法请求！"}
Jun 14 00:41:01 【去买省钱券包】 任务领取成功,开始完成此任务
Jun 14 00:41:02 做任务结果：{"data":{"biz_code":1002,"biz_msg":"用户未领取该任务"},"rtn_code":0,"rtn_msg":"请求成功！"}
Jun 14 00:41:02 
Jun 14 00:41:02 开始每日签到
Jun 14 00:41:02 每日签到失败：{"rtn_code":403,"rtn_msg":"非法请求！"}
Jun 14 00:41:02 
Jun 14 00:41:02 做任务结果：{"data":{"biz_code":1002,"biz_msg":"用户未领取该任务"},"rtn_code":0,"rtn_msg":"请求成功！"}
Jun 14 00:41:02 
Jun 14 00:41:02 开始每日签到
Jun 14 00:41:02 每日签到失败：{"rtn_code":403,"rtn_msg":"非法请求！"}
Jun 14 00:41:02 
Jun 14 00:41:02 
Jun 14 00:41:02 🔔点点券, 结束! 🕛 62.035 秒
Jun 14 00:41:02 
Jun 14 00:41:02 
Jun 14 00:41:02 🔔点点券, 结束! 🕛 62.174 秒
Jun 14 00:41:02 
Jun 14 12:40:00 
Jun 14 12:40:00 🔔点点券, 开始!
Jun 14 12:40:00 您的cookie选择的是用&隔开
Jun 14 12:40:00 
Jun 14 12:40:00 
Jun 14 12:40:00 ====================共有2个京东账号Cookie=========
Jun 14 12:40:00 
Jun 14 12:40:00 
Jun 14 12:40:00 🔔点点券, 开始!
Jun 14 12:40:00 您的cookie选择的是用&隔开
Jun 14 12:40:00 
Jun 14 12:40:00 
Jun 14 12:40:00 ====================共有2个京东账号Cookie=========
Jun 14 12:40:00 
Jun 14 12:40:00 ==================脚本执行- 北京时间(UTC+8)：6/14/2021, 12:40:00 PM=====================
Jun 14 12:40:00 
Jun 14 12:40:00 
Jun 14 12:40:00 通知：京东已在领取任务、签到、领取点点券三个添加了log做了校验，暂时无可解决
Jun 14 12:40:00 
Jun 14 12:40:00 ==================脚本执行- 北京时间(UTC+8)：6/14/2021, 12:40:00 PM=====================
Jun 14 12:40:00 
Jun 14 12:40:00 
Jun 14 12:40:00 通知：京东已在领取任务、签到、领取点点券三个添加了log做了校验，暂时无可解决
Jun 14 12:40:00 
Jun 14 12:40:00 
Jun 14 12:40:00 开始【京东账号1】jd_RbuUwXHBNnJR
Jun 14 12:40:00 
Jun 14 12:40:00 
Jun 14 12:40:00 开始【京东账号1】jd_RbuUwXHBNnJR
Jun 14 12:40:00 
Jun 14 12:40:00 【点击“领券”】 任务未领取,开始领取此任务
Jun 14 12:40:00 【点击“领券”】 任务未领取,开始领取此任务
Jun 14 12:40:00 领取任务结果：{"rtn_code":403,"rtn_msg":"非法请求！"}
Jun 14 12:40:00 【点击“领券”】 任务领取成功,开始完成此任务
Jun 14 12:40:00 领取任务结果：{"rtn_code":403,"rtn_msg":"非法请求！"}
Jun 14 12:40:00 【点击“领券”】 任务领取成功,开始完成此任务
Jun 14 12:40:01 需等待15秒
Jun 14 12:40:01 需等待15秒
Jun 14 12:40:17 点击首页领券图标(进入领券中心浏览15s)任务:{"code":"600","echo":"signature verification failed"}
Jun 14 12:40:17 【浏览精选活动】 任务未领取,开始领取此任务
Jun 14 12:40:17 点击首页领券图标(进入领券中心浏览15s)任务:{"code":"600","echo":"signature verification failed"}
Jun 14 12:40:17 【浏览精选活动】 任务未领取,开始领取此任务
Jun 14 12:40:17 领取任务结果：{"rtn_code":403,"rtn_msg":"非法请求！"}
Jun 14 12:40:17 【浏览精选活动】 任务领取成功,开始完成此任务
Jun 14 12:40:17 领取任务结果：{"rtn_code":403,"rtn_msg":"非法请求！"}
Jun 14 12:40:17 【浏览精选活动】 任务领取成功,开始完成此任务
Jun 14 12:40:18 【浏览品质商品】 任务未领取,开始领取此任务
Jun 14 12:40:18 【浏览品质商品】 任务未领取,开始领取此任务
Jun 14 12:40:18 领取任务结果：{"rtn_code":403,"rtn_msg":"非法请求！"}
Jun 14 12:40:18 【浏览品质商品】 任务领取成功,开始完成此任务
Jun 14 12:40:18 领取任务结果：{"rtn_code":403,"rtn_msg":"非法请求！"}
Jun 14 12:40:18 【浏览品质商品】 任务领取成功,开始完成此任务
Jun 14 12:40:19 【玩锦鲤红包】 任务未领取,开始领取此任务
Jun 14 12:40:19 【玩锦鲤红包】 任务未领取,开始领取此任务
Jun 14 12:40:19 领取任务结果：{"rtn_code":403,"rtn_msg":"非法请求！"}
Jun 14 12:40:19 【玩锦鲤红包】 任务领取成功,开始完成此任务
Jun 14 12:40:19 领取任务结果：{"rtn_code":403,"rtn_msg":"非法请求！"}
Jun 14 12:40:19 【玩锦鲤红包】 任务领取成功,开始完成此任务
Jun 14 12:40:20 做任务结果：{"data":{"biz_code":1002,"biz_msg":"用户未领取该任务"},"rtn_code":0,"rtn_msg":"请求成功！"}
Jun 14 12:40:20 【玩拼券活动】 任务未领取,开始领取此任务
Jun 14 12:40:20 做任务结果：{"data":{"biz_code":1002,"biz_msg":"用户未领取该任务"},"rtn_code":0,"rtn_msg":"请求成功！"}
Jun 14 12:40:20 【玩拼券活动】 任务未领取,开始领取此任务
Jun 14 12:40:20 领取任务结果：{"rtn_code":403,"rtn_msg":"非法请求！"}
Jun 14 12:40:20 【玩拼券活动】 任务领取成功,开始完成此任务
Jun 14 12:40:20 领取任务结果：{"rtn_code":403,"rtn_msg":"非法请求！"}
Jun 14 12:40:20 【玩拼券活动】 任务领取成功,开始完成此任务
Jun 14 12:40:21 做任务结果：{"data":{"biz_code":1002,"biz_msg":"用户未领取该任务"},"rtn_code":0,"rtn_msg":"请求成功！"}
Jun 14 12:40:21 【逛券后9.9】 任务未领取,开始领取此任务
Jun 14 12:40:21 做任务结果：{"data":{"biz_code":1002,"biz_msg":"用户未领取该任务"},"rtn_code":0,"rtn_msg":"请求成功！"}
Jun 14 12:40:21 【逛券后9.9】 任务未领取,开始领取此任务
Jun 14 12:40:21 领取任务结果：{"rtn_code":403,"rtn_msg":"非法请求！"}
Jun 14 12:40:21 【逛券后9.9】 任务领取成功,开始完成此任务
Jun 14 12:40:21 领取任务结果：{"rtn_code":403,"rtn_msg":"非法请求！"}
Jun 14 12:40:21 【逛券后9.9】 任务领取成功,开始完成此任务
Jun 14 12:40:22 做任务结果：{"data":{"biz_code":1002,"biz_msg":"用户未领取该任务"},"rtn_code":0,"rtn_msg":"请求成功！"}
Jun 14 12:40:22 【去买省钱券包】 任务未领取,开始领取此任务
Jun 14 12:40:22 做任务结果：{"data":{"biz_code":1002,"biz_msg":"用户未领取该任务"},"rtn_code":0,"rtn_msg":"请求成功！"}
Jun 14 12:40:22 【去买省钱券包】 任务未领取,开始领取此任务
Jun 14 12:40:22 领取任务结果：{"rtn_code":403,"rtn_msg":"非法请求！"}
Jun 14 12:40:22 【去买省钱券包】 任务领取成功,开始完成此任务
Jun 14 12:40:22 领取任务结果：{"rtn_code":403,"rtn_msg":"非法请求！"}
Jun 14 12:40:22 【去买省钱券包】 任务领取成功,开始完成此任务
Jun 14 12:40:23 做任务结果：{"data":{"biz_code":1002,"biz_msg":"用户未领取该任务"},"rtn_code":0,"rtn_msg":"请求成功！"}
Jun 14 12:40:23 
Jun 14 12:40:23 开始每日签到
Jun 14 12:40:23 做任务结果：{"data":{"biz_code":1002,"biz_msg":"用户未领取该任务"},"rtn_code":0,"rtn_msg":"请求成功！"}
Jun 14 12:40:23 
Jun 14 12:40:23 开始每日签到
Jun 14 12:40:23 每日签到失败：{"rtn_code":403,"rtn_msg":"非法请求！"}
Jun 14 12:40:23 
Jun 14 12:40:23 每日签到失败：{"rtn_code":403,"rtn_msg":"非法请求！"}
Jun 14 12:40:23 
Jun 14 12:40:24 
Jun 14 12:40:24 开始【京东账号2】jd_fMRfXcJHjROT
Jun 14 12:40:24 
Jun 14 12:40:24 【点击券后9.9】 任务未领取,开始领取此任务
Jun 14 12:40:24 
Jun 14 12:40:24 开始【京东账号2】jd_fMRfXcJHjROT
Jun 14 12:40:24 
Jun 14 12:40:24 领取任务结果：{"rtn_code":403,"rtn_msg":"非法请求！"}
Jun 14 12:40:24 【点击券后9.9】 任务领取成功,开始完成此任务
Jun 14 12:40:24 【点击券后9.9】 任务未领取,开始领取此任务
Jun 14 12:40:24 领取任务结果：{"rtn_code":403,"rtn_msg":"非法请求！"}
Jun 14 12:40:24 【点击券后9.9】 任务领取成功,开始完成此任务
Jun 14 12:40:25 需等待30秒
Jun 14 12:40:25 需等待30秒
Jun 14 12:40:55 点击“券后9.9”任务:{"code":"600","echo":"signature verification failed"}
Jun 14 12:40:55 【浏览精选活动】 任务未领取,开始领取此任务
Jun 14 12:40:55 领取任务结果：{"rtn_code":403,"rtn_msg":"非法请求！"}
Jun 14 12:40:55 【浏览精选活动】 任务领取成功,开始完成此任务
Jun 14 12:40:55 点击“券后9.9”任务:{"code":"600","echo":"signature verification failed"}
Jun 14 12:40:55 【浏览精选活动】 任务未领取,开始领取此任务
Jun 14 12:40:55 领取任务结果：{"rtn_code":403,"rtn_msg":"非法请求！"}
Jun 14 12:40:55 【浏览精选活动】 任务领取成功,开始完成此任务
Jun 14 12:40:56 【浏览品质商品】 任务未领取,开始领取此任务
Jun 14 12:40:56 领取任务结果：{"rtn_code":403,"rtn_msg":"非法请求！"}
Jun 14 12:40:56 【浏览品质商品】 任务领取成功,开始完成此任务
Jun 14 12:40:56 【浏览品质商品】 任务未领取,开始领取此任务
Jun 14 12:40:57 领取任务结果：{"rtn_code":403,"rtn_msg":"非法请求！"}
Jun 14 12:40:57 【浏览品质商品】 任务领取成功,开始完成此任务
Jun 14 12:40:57 【玩锦鲤红包】 任务未领取,开始领取此任务
Jun 14 12:40:58 领取任务结果：{"rtn_code":403,"rtn_msg":"非法请求！"}
Jun 14 12:40:58 【玩锦鲤红包】 任务领取成功,开始完成此任务
Jun 14 12:40:58 【玩锦鲤红包】 任务未领取,开始领取此任务
Jun 14 12:40:58 领取任务结果：{"rtn_code":403,"rtn_msg":"非法请求！"}
Jun 14 12:40:58 【玩锦鲤红包】 任务领取成功,开始完成此任务
Jun 14 12:40:59 做任务结果：{"data":{"biz_code":1002,"biz_msg":"用户未领取该任务"},"rtn_code":0,"rtn_msg":"请求成功！"}
Jun 14 12:40:59 【玩拼券活动】 任务未领取,开始领取此任务
Jun 14 12:40:59 领取任务结果：{"rtn_code":403,"rtn_msg":"非法请求！"}
Jun 14 12:40:59 【玩拼券活动】 任务领取成功,开始完成此任务
Jun 14 12:40:59 做任务结果：{"data":{"biz_code":1002,"biz_msg":"用户未领取该任务"},"rtn_code":0,"rtn_msg":"请求成功！"}
Jun 14 12:40:59 【玩拼券活动】 任务未领取,开始领取此任务
Jun 14 12:40:59 领取任务结果：{"rtn_code":403,"rtn_msg":"非法请求！"}
Jun 14 12:40:59 【玩拼券活动】 任务领取成功,开始完成此任务
Jun 14 12:41:00 做任务结果：{"data":{"biz_code":1002,"biz_msg":"用户未领取该任务"},"rtn_code":0,"rtn_msg":"请求成功！"}
Jun 14 12:41:00 【逛券后9.9】 任务未领取,开始领取此任务
Jun 14 12:41:00 领取任务结果：{"rtn_code":403,"rtn_msg":"非法请求！"}
Jun 14 12:41:00 【逛券后9.9】 任务领取成功,开始完成此任务
Jun 14 12:41:00 做任务结果：{"data":{"biz_code":1002,"biz_msg":"用户未领取该任务"},"rtn_code":0,"rtn_msg":"请求成功！"}
Jun 14 12:41:00 【逛券后9.9】 任务未领取,开始领取此任务
Jun 14 12:41:00 领取任务结果：{"rtn_code":403,"rtn_msg":"非法请求！"}
Jun 14 12:41:00 【逛券后9.9】 任务领取成功,开始完成此任务
Jun 14 12:41:01 做任务结果：{"data":{"biz_code":1002,"biz_msg":"用户未领取该任务"},"rtn_code":0,"rtn_msg":"请求成功！"}
Jun 14 12:41:01 【去买省钱券包】 任务未领取,开始领取此任务
Jun 14 12:41:01 领取任务结果：{"rtn_code":403,"rtn_msg":"非法请求！"}
Jun 14 12:41:01 【去买省钱券包】 任务领取成功,开始完成此任务
Jun 14 12:41:01 做任务结果：{"data":{"biz_code":1002,"biz_msg":"用户未领取该任务"},"rtn_code":0,"rtn_msg":"请求成功！"}
Jun 14 12:41:01 【去买省钱券包】 任务未领取,开始领取此任务
Jun 14 12:41:01 领取任务结果：{"rtn_code":403,"rtn_msg":"非法请求！"}
Jun 14 12:41:01 【去买省钱券包】 任务领取成功,开始完成此任务
Jun 14 12:41:02 做任务结果：{"data":{"biz_code":1002,"biz_msg":"用户未领取该任务"},"rtn_code":0,"rtn_msg":"请求成功！"}
Jun 14 12:41:02 
Jun 14 12:41:02 开始每日签到
Jun 14 12:41:02 每日签到失败：{"rtn_code":403,"rtn_msg":"非法请求！"}
Jun 14 12:41:02 
Jun 14 12:41:02 做任务结果：{"data":{"biz_code":1002,"biz_msg":"用户未领取该任务"},"rtn_code":0,"rtn_msg":"请求成功！"}
Jun 14 12:41:02 
Jun 14 12:41:02 开始每日签到
Jun 14 12:41:02 每日签到失败：{"rtn_code":403,"rtn_msg":"非法请求！"}
Jun 14 12:41:02 
Jun 14 12:41:02 
Jun 14 12:41:02 🔔点点券, 结束! 🕛 61.937 秒
Jun 14 12:41:02 
Jun 14 12:41:02 
Jun 14 12:41:02 🔔点点券, 结束! 🕛 61.965 秒
Jun 14 12:41:02 
Jun 14 20:40:00 
Jun 14 20:40:00 🔔点点券, 开始!
Jun 14 20:40:00 
Jun 14 20:40:00 🔔点点券, 开始!
Jun 14 20:40:00 您的cookie选择的是用&隔开
Jun 14 20:40:00 
Jun 14 20:40:00 
Jun 14 20:40:00 ====================共有2个京东账号Cookie=========
Jun 14 20:40:00 
Jun 14 20:40:00 您的cookie选择的是用&隔开
Jun 14 20:40:00 
Jun 14 20:40:00 
Jun 14 20:40:00 ====================共有2个京东账号Cookie=========
Jun 14 20:40:00 
Jun 14 20:40:00 ==================脚本执行- 北京时间(UTC+8)：6/14/2021, 8:40:00 PM=====================
Jun 14 20:40:00 
Jun 14 20:40:00 
Jun 14 20:40:00 通知：京东已在领取任务、签到、领取点点券三个添加了log做了校验，暂时无可解决
Jun 14 20:40:00 
Jun 14 20:40:00 ==================脚本执行- 北京时间(UTC+8)：6/14/2021, 8:40:00 PM=====================
Jun 14 20:40:00 
Jun 14 20:40:00 
Jun 14 20:40:00 通知：京东已在领取任务、签到、领取点点券三个添加了log做了校验，暂时无可解决
Jun 14 20:40:00 
Jun 14 20:40:00 
Jun 14 20:40:00 开始【京东账号1】jd_RbuUwXHBNnJR
Jun 14 20:40:00 
Jun 14 20:40:00 
Jun 14 20:40:00 开始【京东账号1】jd_RbuUwXHBNnJR
Jun 14 20:40:00 
Jun 14 20:40:00 【点击“领券”】 任务未领取,开始领取此任务
Jun 14 20:40:00 【点击“领券”】 任务未领取,开始领取此任务
Jun 14 20:40:00 领取任务结果：{"rtn_code":403,"rtn_msg":"非法请求！"}
Jun 14 20:40:00 【点击“领券”】 任务领取成功,开始完成此任务
Jun 14 20:40:00 领取任务结果：{"rtn_code":403,"rtn_msg":"非法请求！"}
Jun 14 20:40:00 【点击“领券”】 任务领取成功,开始完成此任务
Jun 14 20:40:01 需等待15秒
Jun 14 20:40:01 需等待15秒
Jun 14 20:40:17 点击首页领券图标(进入领券中心浏览15s)任务:{"code":"600","echo":"signature verification failed"}
Jun 14 20:40:17 【浏览精选活动】 任务未领取,开始领取此任务
Jun 14 20:40:17 点击首页领券图标(进入领券中心浏览15s)任务:{"code":"600","echo":"signature verification failed"}
Jun 14 20:40:17 【浏览精选活动】 任务未领取,开始领取此任务
Jun 14 20:40:17 领取任务结果：{"rtn_code":403,"rtn_msg":"非法请求！"}
Jun 14 20:40:17 【浏览精选活动】 任务领取成功,开始完成此任务
Jun 14 20:40:17 领取任务结果：{"rtn_code":403,"rtn_msg":"非法请求！"}
Jun 14 20:40:17 【浏览精选活动】 任务领取成功,开始完成此任务
Jun 14 20:40:18 【浏览品质商品】 任务未领取,开始领取此任务
Jun 14 20:40:18 【浏览品质商品】 任务未领取,开始领取此任务
Jun 14 20:40:18 领取任务结果：{"rtn_code":403,"rtn_msg":"非法请求！"}
Jun 14 20:40:18 【浏览品质商品】 任务领取成功,开始完成此任务
Jun 14 20:40:18 领取任务结果：{"rtn_code":403,"rtn_msg":"非法请求！"}
Jun 14 20:40:18 【浏览品质商品】 任务领取成功,开始完成此任务
Jun 14 20:40:19 【玩锦鲤红包】 任务未领取,开始领取此任务
Jun 14 20:40:19 【玩锦鲤红包】 任务未领取,开始领取此任务
Jun 14 20:40:19 领取任务结果：{"rtn_code":403,"rtn_msg":"非法请求！"}
Jun 14 20:40:19 【玩锦鲤红包】 任务领取成功,开始完成此任务
Jun 14 20:40:19 领取任务结果：{"rtn_code":403,"rtn_msg":"非法请求！"}
Jun 14 20:40:19 【玩锦鲤红包】 任务领取成功,开始完成此任务
Jun 14 20:40:20 做任务结果：{"data":{"biz_code":1002,"biz_msg":"用户未领取该任务"},"rtn_code":0,"rtn_msg":"请求成功！"}
Jun 14 20:40:20 【玩拼券活动】 任务未领取,开始领取此任务
Jun 14 20:40:20 做任务结果：{"data":{"biz_code":1002,"biz_msg":"用户未领取该任务"},"rtn_code":0,"rtn_msg":"请求成功！"}
Jun 14 20:40:20 【玩拼券活动】 任务未领取,开始领取此任务
Jun 14 20:40:20 领取任务结果：{"rtn_code":403,"rtn_msg":"非法请求！"}
Jun 14 20:40:20 【玩拼券活动】 任务领取成功,开始完成此任务
Jun 14 20:40:20 领取任务结果：{"rtn_code":403,"rtn_msg":"非法请求！"}
Jun 14 20:40:20 【玩拼券活动】 任务领取成功,开始完成此任务
Jun 14 20:40:21 做任务结果：{"data":{"biz_code":1002,"biz_msg":"用户未领取该任务"},"rtn_code":0,"rtn_msg":"请求成功！"}
Jun 14 20:40:21 【逛券后9.9】 任务未领取,开始领取此任务
Jun 14 20:40:21 做任务结果：{"data":{"biz_code":1002,"biz_msg":"用户未领取该任务"},"rtn_code":0,"rtn_msg":"请求成功！"}
Jun 14 20:40:21 【逛券后9.9】 任务未领取,开始领取此任务
Jun 14 20:40:21 领取任务结果：{"rtn_code":403,"rtn_msg":"非法请求！"}
Jun 14 20:40:21 【逛券后9.9】 任务领取成功,开始完成此任务
Jun 14 20:40:21 领取任务结果：{"rtn_code":403,"rtn_msg":"非法请求！"}
Jun 14 20:40:21 【逛券后9.9】 任务领取成功,开始完成此任务
Jun 14 20:40:22 做任务结果：{"data":{"biz_code":1002,"biz_msg":"用户未领取该任务"},"rtn_code":0,"rtn_msg":"请求成功！"}
Jun 14 20:40:22 【去买省钱券包】 任务未领取,开始领取此任务
Jun 14 20:40:22 做任务结果：{"data":{"biz_code":1002,"biz_msg":"用户未领取该任务"},"rtn_code":0,"rtn_msg":"请求成功！"}
Jun 14 20:40:22 【去买省钱券包】 任务未领取,开始领取此任务
Jun 14 20:40:22 领取任务结果：{"rtn_code":403,"rtn_msg":"非法请求！"}
Jun 14 20:40:22 【去买省钱券包】 任务领取成功,开始完成此任务
Jun 14 20:40:22 领取任务结果：{"rtn_code":403,"rtn_msg":"非法请求！"}
Jun 14 20:40:22 【去买省钱券包】 任务领取成功,开始完成此任务
Jun 14 20:40:23 做任务结果：{"data":{"biz_code":1002,"biz_msg":"用户未领取该任务"},"rtn_code":0,"rtn_msg":"请求成功！"}
Jun 14 20:40:23 
Jun 14 20:40:23 开始每日签到
Jun 14 20:40:23 做任务结果：{"data":{"biz_code":1002,"biz_msg":"用户未领取该任务"},"rtn_code":0,"rtn_msg":"请求成功！"}
Jun 14 20:40:23 
Jun 14 20:40:23 开始每日签到
Jun 14 20:40:23 每日签到失败：{"rtn_code":403,"rtn_msg":"非法请求！"}
Jun 14 20:40:23 
Jun 14 20:40:23 每日签到失败：{"rtn_code":403,"rtn_msg":"非法请求！"}
Jun 14 20:40:23 
Jun 14 20:40:24 
Jun 14 20:40:24 ==============📣系统通知📣==============
Jun 14 20:40:24 点点券
Jun 14 20:40:24 京东账号1 jd_RbuUwXHBNnJR
Jun 14 20:40:24 当前点点券：265个
Jun 14 20:40:24 可兑换无门槛红包：0.265元
Jun 14 20:40:24 点击弹窗即可去兑换(注：此红包具有时效性)
Jun 14 20:40:24 
Jun 14 20:40:24 开始【京东账号2】jd_fMRfXcJHjROT
Jun 14 20:40:24 
Jun 14 20:40:24 
Jun 14 20:40:24 ==============📣系统通知📣==============
Jun 14 20:40:24 点点券
Jun 14 20:40:24 京东账号1 jd_RbuUwXHBNnJR
Jun 14 20:40:24 当前点点券：265个
Jun 14 20:40:24 可兑换无门槛红包：0.265元
Jun 14 20:40:24 点击弹窗即可去兑换(注：此红包具有时效性)
Jun 14 20:40:24 
Jun 14 20:40:24 开始【京东账号2】jd_fMRfXcJHjROT
Jun 14 20:40:24 
Jun 14 20:40:24 【点击券后9.9】 任务未领取,开始领取此任务
Jun 14 20:40:24 领取任务结果：{"rtn_code":403,"rtn_msg":"非法请求！"}
Jun 14 20:40:24 【点击券后9.9】 任务领取成功,开始完成此任务
Jun 14 20:40:24 【点击券后9.9】 任务未领取,开始领取此任务
Jun 14 20:40:24 领取任务结果：{"rtn_code":403,"rtn_msg":"非法请求！"}
Jun 14 20:40:24 【点击券后9.9】 任务领取成功,开始完成此任务
Jun 14 20:40:25 需等待30秒
Jun 14 20:40:25 需等待30秒
Jun 14 20:40:55 点击“券后9.9”任务:{"code":"600","echo":"signature verification failed"}
Jun 14 20:40:55 【浏览精选活动】 任务未领取,开始领取此任务
Jun 14 20:40:55 领取任务结果：{"rtn_code":403,"rtn_msg":"非法请求！"}
Jun 14 20:40:55 【浏览精选活动】 任务领取成功,开始完成此任务
Jun 14 20:40:55 点击“券后9.9”任务:{"code":"600","echo":"signature verification failed"}
Jun 14 20:40:55 【浏览精选活动】 任务未领取,开始领取此任务
Jun 14 20:40:55 领取任务结果：{"rtn_code":403,"rtn_msg":"非法请求！"}
Jun 14 20:40:55 【浏览精选活动】 任务领取成功,开始完成此任务
Jun 14 20:40:56 【浏览品质商品】 任务未领取,开始领取此任务
Jun 14 20:40:56 领取任务结果：{"rtn_code":403,"rtn_msg":"非法请求！"}
Jun 14 20:40:56 【浏览品质商品】 任务领取成功,开始完成此任务
Jun 14 20:40:57 【浏览品质商品】 任务未领取,开始领取此任务
Jun 14 20:40:57 领取任务结果：{"rtn_code":403,"rtn_msg":"非法请求！"}
Jun 14 20:40:57 【浏览品质商品】 任务领取成功,开始完成此任务
Jun 14 20:40:57 【玩锦鲤红包】 任务未领取,开始领取此任务
Jun 14 20:40:57 领取任务结果：{"rtn_code":403,"rtn_msg":"非法请求！"}
Jun 14 20:40:57 【玩锦鲤红包】 任务领取成功,开始完成此任务
Jun 14 20:40:58 【玩锦鲤红包】 任务未领取,开始领取此任务
Jun 14 20:40:58 领取任务结果：{"rtn_code":403,"rtn_msg":"非法请求！"}
Jun 14 20:40:58 【玩锦鲤红包】 任务领取成功,开始完成此任务
Jun 14 20:40:59 做任务结果：{"data":{"biz_code":1002,"biz_msg":"用户未领取该任务"},"rtn_code":0,"rtn_msg":"请求成功！"}
Jun 14 20:40:59 【玩拼券活动】 任务未领取,开始领取此任务
Jun 14 20:40:59 领取任务结果：{"rtn_code":403,"rtn_msg":"非法请求！"}
Jun 14 20:40:59 【玩拼券活动】 任务领取成功,开始完成此任务
Jun 14 20:40:59 做任务结果：{"data":{"biz_code":1002,"biz_msg":"用户未领取该任务"},"rtn_code":0,"rtn_msg":"请求成功！"}
Jun 14 20:40:59 【玩拼券活动】 任务未领取,开始领取此任务
Jun 14 20:40:59 领取任务结果：{"rtn_code":403,"rtn_msg":"非法请求！"}
Jun 14 20:40:59 【玩拼券活动】 任务领取成功,开始完成此任务
Jun 14 20:41:00 做任务结果：{"data":{"biz_code":1002,"biz_msg":"用户未领取该任务"},"rtn_code":0,"rtn_msg":"请求成功！"}
Jun 14 20:41:00 【逛券后9.9】 任务未领取,开始领取此任务
Jun 14 20:41:00 领取任务结果：{"rtn_code":403,"rtn_msg":"非法请求！"}
Jun 14 20:41:00 【逛券后9.9】 任务领取成功,开始完成此任务
Jun 14 20:41:00 做任务结果：{"data":{"biz_code":1002,"biz_msg":"用户未领取该任务"},"rtn_code":0,"rtn_msg":"请求成功！"}
Jun 14 20:41:00 【逛券后9.9】 任务未领取,开始领取此任务
Jun 14 20:41:00 领取任务结果：{"rtn_code":403,"rtn_msg":"非法请求！"}
Jun 14 20:41:00 【逛券后9.9】 任务领取成功,开始完成此任务
Jun 14 20:41:01 做任务结果：{"data":{"biz_code":1002,"biz_msg":"用户未领取该任务"},"rtn_code":0,"rtn_msg":"请求成功！"}
Jun 14 20:41:01 【去买省钱券包】 任务未领取,开始领取此任务
Jun 14 20:41:01 领取任务结果：{"rtn_code":403,"rtn_msg":"非法请求！"}
Jun 14 20:41:01 【去买省钱券包】 任务领取成功,开始完成此任务
Jun 14 20:41:01 做任务结果：{"data":{"biz_code":1002,"biz_msg":"用户未领取该任务"},"rtn_code":0,"rtn_msg":"请求成功！"}
Jun 14 20:41:01 【去买省钱券包】 任务未领取,开始领取此任务
Jun 14 20:41:01 领取任务结果：{"rtn_code":403,"rtn_msg":"非法请求！"}
Jun 14 20:41:01 【去买省钱券包】 任务领取成功,开始完成此任务
Jun 14 20:41:02 做任务结果：{"data":{"biz_code":1002,"biz_msg":"用户未领取该任务"},"rtn_code":0,"rtn_msg":"请求成功！"}
Jun 14 20:41:02 
Jun 14 20:41:02 开始每日签到
Jun 14 20:41:02 每日签到失败：{"rtn_code":403,"rtn_msg":"非法请求！"}
Jun 14 20:41:02 
Jun 14 20:41:02 做任务结果：{"data":{"biz_code":1002,"biz_msg":"用户未领取该任务"},"rtn_code":0,"rtn_msg":"请求成功！"}
Jun 14 20:41:02 
Jun 14 20:41:02 开始每日签到
Jun 14 20:41:02 每日签到失败：{"rtn_code":403,"rtn_msg":"非法请求！"}
Jun 14 20:41:02 
Jun 14 20:41:02 
Jun 14 20:41:02 ==============📣系统通知📣==============
Jun 14 20:41:02 点点券
Jun 14 20:41:02 京东账号2 jd_fMRfXcJHjROT
Jun 14 20:41:02 当前点点券：0个
Jun 14 20:41:02 可兑换无门槛红包：0元
Jun 14 20:41:02 点击弹窗即可去兑换(注：此红包具有时效性)
Jun 14 20:41:02 
Jun 14 20:41:02 
Jun 14 20:41:02 您未提供server酱的SCKEY，取消微信推送消息通知🚫
Jun 14 20:41:02 
Jun 14 20:41:02 您未提供push+推送所需的PUSH_PLUS_TOKEN，取消push+推送消息通知🚫
Jun 14 20:41:02 
Jun 14 20:41:02 您未提供Bark的APP推送BARK_PUSH，取消Bark推送消息通知🚫
Jun 14 20:41:02 
Jun 14 20:41:02 您未提供telegram机器人推送所需的TG_BOT_TOKEN和TG_USER_ID，取消telegram推送消息通知🚫
Jun 14 20:41:02 
Jun 14 20:41:02 您未提供企业微信机器人推送所需的QYWX_KEY，取消企业微信推送消息通知🚫
Jun 14 20:41:02 
Jun 14 20:41:02 您未提供企业微信应用消息推送所需的QYWX_AM，取消企业微信应用消息推送消息通知🚫
Jun 14 20:41:02 
Jun 14 20:41:02 您未提供iGot的推送IGOT_PUSH_KEY，取消iGot推送消息通知🚫
Jun 14 20:41:02 
Jun 14 20:41:02 钉钉发送通知消息成功🎉。
Jun 14 20:41:02 
Jun 14 20:41:02 
Jun 14 20:41:02 🔔点点券, 结束! 🕛 61.944 秒
Jun 14 20:41:02 
Jun 14 20:41:02 
Jun 14 20:41:02 ==============📣系统通知📣==============
Jun 14 20:41:02 点点券
Jun 14 20:41:02 京东账号2 jd_fMRfXcJHjROT
Jun 14 20:41:02 当前点点券：0个
Jun 14 20:41:02 可兑换无门槛红包：0元
Jun 14 20:41:02 点击弹窗即可去兑换(注：此红包具有时效性)
Jun 14 20:41:02 
Jun 14 20:41:02 
Jun 14 20:41:02 您未提供server酱的SCKEY，取消微信推送消息通知🚫
Jun 14 20:41:02 
Jun 14 20:41:02 您未提供push+推送所需的PUSH_PLUS_TOKEN，取消push+推送消息通知🚫
Jun 14 20:41:02 
Jun 14 20:41:02 您未提供Bark的APP推送BARK_PUSH，取消Bark推送消息通知🚫
Jun 14 20:41:02 
Jun 14 20:41:02 您未提供telegram机器人推送所需的TG_BOT_TOKEN和TG_USER_ID，取消telegram推送消息通知🚫
Jun 14 20:41:02 
Jun 14 20:41:02 您未提供企业微信机器人推送所需的QYWX_KEY，取消企业微信推送消息通知🚫
Jun 14 20:41:02 
Jun 14 20:41:02 您未提供企业微信应用消息推送所需的QYWX_AM，取消企业微信应用消息推送消息通知🚫
Jun 14 20:41:02 
Jun 14 20:41:02 您未提供iGot的推送IGOT_PUSH_KEY，取消iGot推送消息通知🚫
Jun 14 20:41:02 
Jun 14 20:41:02 钉钉发送通知消息成功🎉。
Jun 14 20:41:02 
Jun 14 20:41:02 
Jun 14 20:41:02 🔔点点券, 结束! 🕛 62.047 秒
Jun 14 20:41:02 
Jun 14 21:40:00 
Jun 14 21:40:00 🔔点点券, 开始!
Jun 14 21:40:00 
Jun 14 21:40:00 🔔点点券, 开始!
Jun 14 21:40:00 您的cookie选择的是用&隔开
Jun 14 21:40:00 
Jun 14 21:40:00 
Jun 14 21:40:00 ====================共有2个京东账号Cookie=========
Jun 14 21:40:00 
Jun 14 21:40:00 您的cookie选择的是用&隔开
Jun 14 21:40:00 
Jun 14 21:40:00 
Jun 14 21:40:00 ====================共有2个京东账号Cookie=========
Jun 14 21:40:00 
Jun 14 21:40:00 ==================脚本执行- 北京时间(UTC+8)：6/14/2021, 9:40:00 PM=====================
Jun 14 21:40:00 
Jun 14 21:40:00 
Jun 14 21:40:00 通知：京东已在领取任务、签到、领取点点券三个添加了log做了校验，暂时无可解决
Jun 14 21:40:00 
Jun 14 21:40:00 ==================脚本执行- 北京时间(UTC+8)：6/14/2021, 9:40:00 PM=====================
Jun 14 21:40:00 
Jun 14 21:40:00 
Jun 14 21:40:00 通知：京东已在领取任务、签到、领取点点券三个添加了log做了校验，暂时无可解决
Jun 14 21:40:00 
Jun 14 21:40:00 
Jun 14 21:40:00 开始【京东账号1】jd_RbuUwXHBNnJR
Jun 14 21:40:00 
Jun 14 21:40:00 
Jun 14 21:40:00 开始【京东账号1】jd_RbuUwXHBNnJR
Jun 14 21:40:00 
Jun 14 21:40:00 【点击“领券”】 任务未领取,开始领取此任务
Jun 14 21:40:00 【点击“领券”】 任务未领取,开始领取此任务
Jun 14 21:40:00 领取任务结果：{"rtn_code":403,"rtn_msg":"非法请求！"}
Jun 14 21:40:00 【点击“领券”】 任务领取成功,开始完成此任务
Jun 14 21:40:00 领取任务结果：{"rtn_code":403,"rtn_msg":"非法请求！"}
Jun 14 21:40:00 【点击“领券”】 任务领取成功,开始完成此任务
Jun 14 21:40:01 需等待15秒
Jun 14 21:40:01 需等待15秒
Jun 14 21:40:17 点击首页领券图标(进入领券中心浏览15s)任务:{"code":"600","echo":"signature verification failed"}
Jun 14 21:40:17 【浏览精选活动】 任务未领取,开始领取此任务
Jun 14 21:40:17 点击首页领券图标(进入领券中心浏览15s)任务:{"code":"600","echo":"signature verification failed"}
Jun 14 21:40:17 【浏览精选活动】 任务未领取,开始领取此任务
Jun 14 21:40:17 领取任务结果：{"rtn_code":403,"rtn_msg":"非法请求！"}
Jun 14 21:40:17 【浏览精选活动】 任务领取成功,开始完成此任务
Jun 14 21:40:17 领取任务结果：{"rtn_code":403,"rtn_msg":"非法请求！"}
Jun 14 21:40:17 【浏览精选活动】 任务领取成功,开始完成此任务
Jun 14 21:40:18 【浏览品质商品】 任务未领取,开始领取此任务
Jun 14 21:40:18 领取任务结果：{"rtn_code":403,"rtn_msg":"非法请求！"}
Jun 14 21:40:18 【浏览品质商品】 任务领取成功,开始完成此任务
Jun 14 21:40:18 【浏览品质商品】 任务未领取,开始领取此任务
Jun 14 21:40:18 领取任务结果：{"rtn_code":403,"rtn_msg":"非法请求！"}
Jun 14 21:40:18 【浏览品质商品】 任务领取成功,开始完成此任务
Jun 14 21:40:19 【玩锦鲤红包】 任务未领取,开始领取此任务
Jun 14 21:40:19 领取任务结果：{"rtn_code":403,"rtn_msg":"非法请求！"}
Jun 14 21:40:19 【玩锦鲤红包】 任务领取成功,开始完成此任务
Jun 14 21:40:19 【玩锦鲤红包】 任务未领取,开始领取此任务
Jun 14 21:40:19 领取任务结果：{"rtn_code":403,"rtn_msg":"非法请求！"}
Jun 14 21:40:19 【玩锦鲤红包】 任务领取成功,开始完成此任务
Jun 14 21:40:20 做任务结果：{"data":{"biz_code":1002,"biz_msg":"用户未领取该任务"},"rtn_code":0,"rtn_msg":"请求成功！"}
Jun 14 21:40:20 【玩拼券活动】 任务未领取,开始领取此任务
Jun 14 21:40:20 领取任务结果：{"rtn_code":403,"rtn_msg":"非法请求！"}
Jun 14 21:40:20 【玩拼券活动】 任务领取成功,开始完成此任务
Jun 14 21:40:20 做任务结果：{"data":{"biz_code":1002,"biz_msg":"用户未领取该任务"},"rtn_code":0,"rtn_msg":"请求成功！"}
Jun 14 21:40:20 【玩拼券活动】 任务未领取,开始领取此任务
Jun 14 21:40:20 领取任务结果：{"rtn_code":403,"rtn_msg":"非法请求！"}
Jun 14 21:40:20 【玩拼券活动】 任务领取成功,开始完成此任务
Jun 14 21:40:21 做任务结果：{"data":{"biz_code":1002,"biz_msg":"用户未领取该任务"},"rtn_code":0,"rtn_msg":"请求成功！"}
Jun 14 21:40:21 【逛券后9.9】 任务未领取,开始领取此任务
Jun 14 21:40:21 领取任务结果：{"rtn_code":403,"rtn_msg":"非法请求！"}
Jun 14 21:40:21 【逛券后9.9】 任务领取成功,开始完成此任务
Jun 14 21:40:21 做任务结果：{"data":{"biz_code":1002,"biz_msg":"用户未领取该任务"},"rtn_code":0,"rtn_msg":"请求成功！"}
Jun 14 21:40:21 【逛券后9.9】 任务未领取,开始领取此任务
Jun 14 21:40:21 领取任务结果：{"rtn_code":403,"rtn_msg":"非法请求！"}
Jun 14 21:40:21 【逛券后9.9】 任务领取成功,开始完成此任务
Jun 14 21:40:22 做任务结果：{"data":{"biz_code":1002,"biz_msg":"用户未领取该任务"},"rtn_code":0,"rtn_msg":"请求成功！"}
Jun 14 21:40:22 【去买省钱券包】 任务未领取,开始领取此任务
Jun 14 21:40:22 领取任务结果：{"rtn_code":403,"rtn_msg":"非法请求！"}
Jun 14 21:40:22 【去买省钱券包】 任务领取成功,开始完成此任务
Jun 14 21:40:22 做任务结果：{"data":{"biz_code":1002,"biz_msg":"用户未领取该任务"},"rtn_code":0,"rtn_msg":"请求成功！"}
Jun 14 21:40:22 【去买省钱券包】 任务未领取,开始领取此任务
Jun 14 21:40:23 领取任务结果：{"rtn_code":403,"rtn_msg":"非法请求！"}
Jun 14 21:40:23 【去买省钱券包】 任务领取成功,开始完成此任务
Jun 14 21:40:23 做任务结果：{"data":{"biz_code":1002,"biz_msg":"用户未领取该任务"},"rtn_code":0,"rtn_msg":"请求成功！"}
Jun 14 21:40:23 
Jun 14 21:40:23 开始每日签到
Jun 14 21:40:24 每日签到失败：{"rtn_code":403,"rtn_msg":"非法请求！"}
Jun 14 21:40:24 
Jun 14 21:40:24 做任务结果：{"data":{"biz_code":1002,"biz_msg":"用户未领取该任务"},"rtn_code":0,"rtn_msg":"请求成功！"}
Jun 14 21:40:24 
Jun 14 21:40:24 开始每日签到
Jun 14 21:40:24 每日签到失败：{"rtn_code":403,"rtn_msg":"非法请求！"}
Jun 14 21:40:24 
Jun 14 21:40:24 
Jun 14 21:40:24 ==============📣系统通知📣==============
Jun 14 21:40:24 点点券
Jun 14 21:40:24 京东账号1 jd_RbuUwXHBNnJR
Jun 14 21:40:24 当前点点券：265个
Jun 14 21:40:24 可兑换无门槛红包：0.265元
Jun 14 21:40:24 点击弹窗即可去兑换(注：此红包具有时效性)
Jun 14 21:40:24 
Jun 14 21:40:24 开始【京东账号2】jd_fMRfXcJHjROT
Jun 14 21:40:24 
Jun 14 21:40:24 【点击券后9.9】 任务未领取,开始领取此任务
Jun 14 21:40:24 
Jun 14 21:40:24 ==============📣系统通知📣==============
Jun 14 21:40:24 点点券
Jun 14 21:40:24 京东账号1 jd_RbuUwXHBNnJR
Jun 14 21:40:24 当前点点券：265个
Jun 14 21:40:24 可兑换无门槛红包：0.265元
Jun 14 21:40:24 点击弹窗即可去兑换(注：此红包具有时效性)
Jun 14 21:40:24 领取任务结果：{"rtn_code":403,"rtn_msg":"非法请求！"}
Jun 14 21:40:24 【点击券后9.9】 任务领取成功,开始完成此任务
Jun 14 21:40:24 
Jun 14 21:40:24 开始【京东账号2】jd_fMRfXcJHjROT
Jun 14 21:40:24 
Jun 14 21:40:24 【点击券后9.9】 任务未领取,开始领取此任务
Jun 14 21:40:24 领取任务结果：{"rtn_code":403,"rtn_msg":"非法请求！"}
Jun 14 21:40:24 【点击券后9.9】 任务领取成功,开始完成此任务
Jun 14 21:40:25 需等待30秒
Jun 14 21:40:25 需等待30秒
Jun 14 21:40:55 点击“券后9.9”任务:{"code":"600","echo":"signature verification failed"}
Jun 14 21:40:55 【浏览精选活动】 任务未领取,开始领取此任务
Jun 14 21:40:55 领取任务结果：{"rtn_code":403,"rtn_msg":"非法请求！"}
Jun 14 21:40:55 【浏览精选活动】 任务领取成功,开始完成此任务
Jun 14 21:40:55 点击“券后9.9”任务:{"code":"600","echo":"signature verification failed"}
Jun 14 21:40:55 【浏览精选活动】 任务未领取,开始领取此任务
Jun 14 21:40:56 领取任务结果：{"rtn_code":403,"rtn_msg":"非法请求！"}
Jun 14 21:40:56 【浏览精选活动】 任务领取成功,开始完成此任务
Jun 14 21:40:56 【浏览品质商品】 任务未领取,开始领取此任务
Jun 14 21:40:56 领取任务结果：{"rtn_code":403,"rtn_msg":"非法请求！"}
Jun 14 21:40:56 【浏览品质商品】 任务领取成功,开始完成此任务
Jun 14 21:40:57 【浏览品质商品】 任务未领取,开始领取此任务
Jun 14 21:40:57 领取任务结果：{"rtn_code":403,"rtn_msg":"非法请求！"}
Jun 14 21:40:57 【浏览品质商品】 任务领取成功,开始完成此任务
Jun 14 21:40:58 【玩锦鲤红包】 任务未领取,开始领取此任务
Jun 14 21:40:58 领取任务结果：{"rtn_code":403,"rtn_msg":"非法请求！"}
Jun 14 21:40:58 【玩锦鲤红包】 任务领取成功,开始完成此任务
Jun 14 21:40:58 【玩锦鲤红包】 任务未领取,开始领取此任务
Jun 14 21:40:58 领取任务结果：{"rtn_code":403,"rtn_msg":"非法请求！"}
Jun 14 21:40:58 【玩锦鲤红包】 任务领取成功,开始完成此任务
Jun 14 21:40:59 做任务结果：{"data":{"biz_code":1002,"biz_msg":"用户未领取该任务"},"rtn_code":0,"rtn_msg":"请求成功！"}
Jun 14 21:40:59 【玩拼券活动】 任务未领取,开始领取此任务
Jun 14 21:40:59 领取任务结果：{"rtn_code":403,"rtn_msg":"非法请求！"}
Jun 14 21:40:59 【玩拼券活动】 任务领取成功,开始完成此任务
Jun 14 21:40:59 做任务结果：{"data":{"biz_code":1002,"biz_msg":"用户未领取该任务"},"rtn_code":0,"rtn_msg":"请求成功！"}
Jun 14 21:40:59 【玩拼券活动】 任务未领取,开始领取此任务
Jun 14 21:40:59 领取任务结果：{"rtn_code":403,"rtn_msg":"非法请求！"}
Jun 14 21:40:59 【玩拼券活动】 任务领取成功,开始完成此任务
Jun 14 21:41:00 做任务结果：{"data":{"biz_code":1002,"biz_msg":"用户未领取该任务"},"rtn_code":0,"rtn_msg":"请求成功！"}
Jun 14 21:41:00 【逛券后9.9】 任务未领取,开始领取此任务
Jun 14 21:41:00 领取任务结果：{"rtn_code":403,"rtn_msg":"非法请求！"}
Jun 14 21:41:00 【逛券后9.9】 任务领取成功,开始完成此任务
Jun 14 21:41:00 做任务结果：{"data":{"biz_code":1002,"biz_msg":"用户未领取该任务"},"rtn_code":0,"rtn_msg":"请求成功！"}
Jun 14 21:41:00 【逛券后9.9】 任务未领取,开始领取此任务
Jun 14 21:41:00 领取任务结果：{"rtn_code":403,"rtn_msg":"非法请求！"}
Jun 14 21:41:00 【逛券后9.9】 任务领取成功,开始完成此任务
Jun 14 21:41:01 做任务结果：{"data":{"biz_code":1002,"biz_msg":"用户未领取该任务"},"rtn_code":0,"rtn_msg":"请求成功！"}
Jun 14 21:41:01 【去买省钱券包】 任务未领取,开始领取此任务
Jun 14 21:41:01 领取任务结果：{"rtn_code":403,"rtn_msg":"非法请求！"}
Jun 14 21:41:01 【去买省钱券包】 任务领取成功,开始完成此任务
Jun 14 21:41:01 做任务结果：{"data":{"biz_code":1002,"biz_msg":"用户未领取该任务"},"rtn_code":0,"rtn_msg":"请求成功！"}
Jun 14 21:41:01 【去买省钱券包】 任务未领取,开始领取此任务
Jun 14 21:41:01 领取任务结果：{"rtn_code":403,"rtn_msg":"非法请求！"}
Jun 14 21:41:01 【去买省钱券包】 任务领取成功,开始完成此任务
Jun 14 21:41:02 做任务结果：{"data":{"biz_code":1002,"biz_msg":"用户未领取该任务"},"rtn_code":0,"rtn_msg":"请求成功！"}
Jun 14 21:41:02 
Jun 14 21:41:02 开始每日签到
Jun 14 21:41:02 每日签到失败：{"rtn_code":403,"rtn_msg":"非法请求！"}
Jun 14 21:41:02 
Jun 14 21:41:02 做任务结果：{"data":{"biz_code":1002,"biz_msg":"用户未领取该任务"},"rtn_code":0,"rtn_msg":"请求成功！"}
Jun 14 21:41:02 
Jun 14 21:41:02 开始每日签到
Jun 14 21:41:02 每日签到失败：{"rtn_code":403,"rtn_msg":"非法请求！"}
Jun 14 21:41:02 
Jun 14 21:41:02 
Jun 14 21:41:02 ==============📣系统通知📣==============
Jun 14 21:41:02 点点券
Jun 14 21:41:02 京东账号2 jd_fMRfXcJHjROT
Jun 14 21:41:02 当前点点券：0个
Jun 14 21:41:02 可兑换无门槛红包：0元
Jun 14 21:41:02 点击弹窗即可去兑换(注：此红包具有时效性)
Jun 14 21:41:02 
Jun 14 21:41:02 
Jun 14 21:41:02 您未提供server酱的SCKEY，取消微信推送消息通知🚫
Jun 14 21:41:02 
Jun 14 21:41:02 您未提供push+推送所需的PUSH_PLUS_TOKEN，取消push+推送消息通知🚫
Jun 14 21:41:02 
Jun 14 21:41:02 您未提供Bark的APP推送BARK_PUSH，取消Bark推送消息通知🚫
Jun 14 21:41:02 
Jun 14 21:41:02 您未提供telegram机器人推送所需的TG_BOT_TOKEN和TG_USER_ID，取消telegram推送消息通知🚫
Jun 14 21:41:02 
Jun 14 21:41:02 您未提供企业微信机器人推送所需的QYWX_KEY，取消企业微信推送消息通知🚫
Jun 14 21:41:02 
Jun 14 21:41:02 您未提供企业微信应用消息推送所需的QYWX_AM，取消企业微信应用消息推送消息通知🚫
Jun 14 21:41:02 
Jun 14 21:41:02 您未提供iGot的推送IGOT_PUSH_KEY，取消iGot推送消息通知🚫
Jun 14 21:41:02 
Jun 14 21:41:02 钉钉发送通知消息成功🎉。
Jun 14 21:41:02 
Jun 14 21:41:02 
Jun 14 21:41:02 🔔点点券, 结束! 🕛 62.073 秒
Jun 14 21:41:02 
Jun 14 21:41:02 
Jun 14 21:41:02 ==============📣系统通知📣==============
Jun 14 21:41:02 点点券
Jun 14 21:41:02 京东账号2 jd_fMRfXcJHjROT
Jun 14 21:41:02 当前点点券：0个
Jun 14 21:41:02 可兑换无门槛红包：0元
Jun 14 21:41:02 点击弹窗即可去兑换(注：此红包具有时效性)
Jun 14 21:41:02 
Jun 14 21:41:02 
Jun 14 21:41:02 您未提供server酱的SCKEY，取消微信推送消息通知🚫
Jun 14 21:41:02 
Jun 14 21:41:02 您未提供push+推送所需的PUSH_PLUS_TOKEN，取消push+推送消息通知🚫
Jun 14 21:41:02 
Jun 14 21:41:02 您未提供Bark的APP推送BARK_PUSH，取消Bark推送消息通知🚫
Jun 14 21:41:02 
Jun 14 21:41:02 您未提供telegram机器人推送所需的TG_BOT_TOKEN和TG_USER_ID，取消telegram推送消息通知🚫
Jun 14 21:41:02 
Jun 14 21:41:02 您未提供企业微信机器人推送所需的QYWX_KEY，取消企业微信推送消息通知🚫
Jun 14 21:41:02 
Jun 14 21:41:02 您未提供企业微信应用消息推送所需的QYWX_AM，取消企业微信应用消息推送消息通知🚫
Jun 14 21:41:02 
Jun 14 21:41:02 您未提供iGot的推送IGOT_PUSH_KEY，取消iGot推送消息通知🚫
Jun 14 21:41:02 
Jun 14 21:41:02 钉钉发送通知消息成功🎉。
Jun 14 21:41:02 
Jun 14 21:41:02 
Jun 14 21:41:02 🔔点点券, 结束! 🕛 62.129 秒
Jun 14 21:41:02 
Jun 15 00:40:00 
Jun 15 00:40:00 🔔点点券, 开始!
Jun 15 00:40:00 
Jun 15 00:40:00 🔔点点券, 开始!
Jun 15 00:40:00 您的cookie选择的是用&隔开
Jun 15 00:40:00 
Jun 15 00:40:00 
Jun 15 00:40:00 ====================共有2个京东账号Cookie=========
Jun 15 00:40:00 
Jun 15 00:40:00 您的cookie选择的是用&隔开
Jun 15 00:40:00 
Jun 15 00:40:00 
Jun 15 00:40:00 ====================共有2个京东账号Cookie=========
Jun 15 00:40:00 
Jun 15 00:40:00 ==================脚本执行- 北京时间(UTC+8)：6/15/2021, 12:40:00 AM=====================
Jun 15 00:40:00 
Jun 15 00:40:00 
Jun 15 00:40:00 通知：京东已在领取任务、签到、领取点点券三个添加了log做了校验，暂时无可解决
Jun 15 00:40:00 
Jun 15 00:40:00 ==================脚本执行- 北京时间(UTC+8)：6/15/2021, 12:40:00 AM=====================
Jun 15 00:40:00 
Jun 15 00:40:00 
Jun 15 00:40:00 通知：京东已在领取任务、签到、领取点点券三个添加了log做了校验，暂时无可解决
Jun 15 00:40:00 
Jun 15 00:40:01 
Jun 15 00:40:01 开始【京东账号1】jd_RbuUwXHBNnJR
Jun 15 00:40:01 
Jun 15 00:40:01 
Jun 15 00:40:01 开始【京东账号1】jd_RbuUwXHBNnJR
Jun 15 00:40:01 
Jun 15 00:40:01 【点击“领券”】 任务未领取,开始领取此任务
Jun 15 00:40:01 【点击“领券”】 任务未领取,开始领取此任务
Jun 15 00:40:01 领取任务结果：{"rtn_code":403,"rtn_msg":"非法请求！"}
Jun 15 00:40:01 【点击“领券”】 任务领取成功,开始完成此任务
Jun 15 00:40:01 领取任务结果：{"rtn_code":403,"rtn_msg":"非法请求！"}
Jun 15 00:40:01 【点击“领券”】 任务领取成功,开始完成此任务
Jun 15 00:40:02 需等待15秒
Jun 15 00:40:02 需等待15秒
Jun 15 00:40:17 点击首页领券图标(进入领券中心浏览15s)任务:{"code":"600","echo":"signature verification failed"}
Jun 15 00:40:17 【浏览精选活动】 任务未领取,开始领取此任务
Jun 15 00:40:17 点击首页领券图标(进入领券中心浏览15s)任务:{"code":"600","echo":"signature verification failed"}
Jun 15 00:40:17 【浏览精选活动】 任务未领取,开始领取此任务
Jun 15 00:40:17 领取任务结果：{"rtn_code":403,"rtn_msg":"非法请求！"}
Jun 15 00:40:17 【浏览精选活动】 任务领取成功,开始完成此任务
Jun 15 00:40:17 领取任务结果：{"rtn_code":403,"rtn_msg":"非法请求！"}
Jun 15 00:40:17 【浏览精选活动】 任务领取成功,开始完成此任务
Jun 15 00:40:18 【玩锦鲤红包】 任务未领取,开始领取此任务
Jun 15 00:40:18 【玩锦鲤红包】 任务未领取,开始领取此任务
Jun 15 00:40:18 领取任务结果：{"rtn_code":403,"rtn_msg":"非法请求！"}
Jun 15 00:40:18 【玩锦鲤红包】 任务领取成功,开始完成此任务
Jun 15 00:40:18 领取任务结果：{"rtn_code":403,"rtn_msg":"非法请求！"}
Jun 15 00:40:18 【玩锦鲤红包】 任务领取成功,开始完成此任务
Jun 15 00:40:20 做任务结果：{"data":{"biz_code":1002,"biz_msg":"用户未领取该任务"},"rtn_code":0,"rtn_msg":"请求成功！"}
Jun 15 00:40:20 【玩拼券活动】 任务未领取,开始领取此任务
Jun 15 00:40:20 做任务结果：{"data":{"biz_code":1002,"biz_msg":"用户未领取该任务"},"rtn_code":0,"rtn_msg":"请求成功！"}
Jun 15 00:40:20 【玩拼券活动】 任务未领取,开始领取此任务
Jun 15 00:40:20 领取任务结果：{"rtn_code":403,"rtn_msg":"非法请求！"}
Jun 15 00:40:20 【玩拼券活动】 任务领取成功,开始完成此任务
Jun 15 00:40:20 领取任务结果：{"rtn_code":403,"rtn_msg":"非法请求！"}
Jun 15 00:40:20 【玩拼券活动】 任务领取成功,开始完成此任务
Jun 15 00:40:21 做任务结果：{"data":{"biz_code":1002,"biz_msg":"用户未领取该任务"},"rtn_code":0,"rtn_msg":"请求成功！"}
Jun 15 00:40:21 【逛券后9.9】 任务未领取,开始领取此任务
Jun 15 00:40:21 做任务结果：{"data":{"biz_code":1002,"biz_msg":"用户未领取该任务"},"rtn_code":0,"rtn_msg":"请求成功！"}
Jun 15 00:40:21 【逛券后9.9】 任务未领取,开始领取此任务
Jun 15 00:40:21 领取任务结果：{"rtn_code":403,"rtn_msg":"非法请求！"}
Jun 15 00:40:21 【逛券后9.9】 任务领取成功,开始完成此任务
Jun 15 00:40:21 领取任务结果：{"rtn_code":403,"rtn_msg":"非法请求！"}
Jun 15 00:40:21 【逛券后9.9】 任务领取成功,开始完成此任务
Jun 15 00:40:22 做任务结果：{"data":{"biz_code":1002,"biz_msg":"用户未领取该任务"},"rtn_code":0,"rtn_msg":"请求成功！"}
Jun 15 00:40:22 【去买省钱券包】 任务未领取,开始领取此任务
Jun 15 00:40:22 做任务结果：{"data":{"biz_code":1002,"biz_msg":"用户未领取该任务"},"rtn_code":0,"rtn_msg":"请求成功！"}
Jun 15 00:40:22 【去买省钱券包】 任务未领取,开始领取此任务
Jun 15 00:40:22 领取任务结果：{"rtn_code":403,"rtn_msg":"非法请求！"}
Jun 15 00:40:22 【去买省钱券包】 任务领取成功,开始完成此任务
Jun 15 00:40:22 领取任务结果：{"rtn_code":403,"rtn_msg":"非法请求！"}
Jun 15 00:40:22 【去买省钱券包】 任务领取成功,开始完成此任务
Jun 15 00:40:23 做任务结果：{"data":{"biz_code":1002,"biz_msg":"用户未领取该任务"},"rtn_code":0,"rtn_msg":"请求成功！"}
Jun 15 00:40:23 
Jun 15 00:40:23 开始每日签到
Jun 15 00:40:23 做任务结果：{"data":{"biz_code":1002,"biz_msg":"用户未领取该任务"},"rtn_code":0,"rtn_msg":"请求成功！"}
Jun 15 00:40:23 
Jun 15 00:40:23 开始每日签到
Jun 15 00:40:23 每日签到失败：{"rtn_code":403,"rtn_msg":"非法请求！"}
Jun 15 00:40:23 
Jun 15 00:40:23 每日签到失败：{"rtn_code":403,"rtn_msg":"非法请求！"}
Jun 15 00:40:23 
Jun 15 00:40:23 
Jun 15 00:40:23 开始【京东账号2】jd_fMRfXcJHjROT
Jun 15 00:40:23 
Jun 15 00:40:23 
Jun 15 00:40:23 开始【京东账号2】jd_fMRfXcJHjROT
Jun 15 00:40:23 
Jun 15 00:40:23 【点击券后9.9】 任务未领取,开始领取此任务
Jun 15 00:40:23 【点击券后9.9】 任务未领取,开始领取此任务
Jun 15 00:40:23 领取任务结果：{"rtn_code":403,"rtn_msg":"非法请求！"}
Jun 15 00:40:23 【点击券后9.9】 任务领取成功,开始完成此任务
Jun 15 00:40:23 领取任务结果：{"rtn_code":403,"rtn_msg":"非法请求！"}
Jun 15 00:40:23 【点击券后9.9】 任务领取成功,开始完成此任务
Jun 15 00:40:24 需等待30秒
Jun 15 00:40:24 需等待30秒
Jun 15 00:40:55 点击“券后9.9”任务:{"code":"600","echo":"signature verification failed"}
Jun 15 00:40:55 【浏览精选活动】 任务未领取,开始领取此任务
Jun 15 00:40:55 点击“券后9.9”任务:{"code":"600","echo":"signature verification failed"}
Jun 15 00:40:55 【浏览精选活动】 任务未领取,开始领取此任务
Jun 15 00:40:55 领取任务结果：{"rtn_code":403,"rtn_msg":"非法请求！"}
Jun 15 00:40:55 【浏览精选活动】 任务领取成功,开始完成此任务
Jun 15 00:40:55 领取任务结果：{"rtn_code":403,"rtn_msg":"非法请求！"}
Jun 15 00:40:55 【浏览精选活动】 任务领取成功,开始完成此任务
Jun 15 00:40:56 【玩锦鲤红包】 任务未领取,开始领取此任务
Jun 15 00:40:56 【玩锦鲤红包】 任务未领取,开始领取此任务
Jun 15 00:40:56 领取任务结果：{"rtn_code":403,"rtn_msg":"非法请求！"}
Jun 15 00:40:56 【玩锦鲤红包】 任务领取成功,开始完成此任务
Jun 15 00:40:56 领取任务结果：{"rtn_code":403,"rtn_msg":"非法请求！"}
Jun 15 00:40:56 【玩锦鲤红包】 任务领取成功,开始完成此任务
Jun 15 00:40:57 做任务结果：{"data":{"biz_code":1002,"biz_msg":"用户未领取该任务"},"rtn_code":0,"rtn_msg":"请求成功！"}
Jun 15 00:40:57 【玩拼券活动】 任务未领取,开始领取此任务
Jun 15 00:40:57 做任务结果：{"data":{"biz_code":1002,"biz_msg":"用户未领取该任务"},"rtn_code":0,"rtn_msg":"请求成功！"}
Jun 15 00:40:57 【玩拼券活动】 任务未领取,开始领取此任务
Jun 15 00:40:57 领取任务结果：{"rtn_code":403,"rtn_msg":"非法请求！"}
Jun 15 00:40:57 【玩拼券活动】 任务领取成功,开始完成此任务
Jun 15 00:40:57 领取任务结果：{"rtn_code":403,"rtn_msg":"非法请求！"}
Jun 15 00:40:57 【玩拼券活动】 任务领取成功,开始完成此任务
Jun 15 00:40:58 做任务结果：{"data":{"biz_code":1002,"biz_msg":"用户未领取该任务"},"rtn_code":0,"rtn_msg":"请求成功！"}
Jun 15 00:40:58 【逛券后9.9】 任务未领取,开始领取此任务
Jun 15 00:40:58 做任务结果：{"data":{"biz_code":1002,"biz_msg":"用户未领取该任务"},"rtn_code":0,"rtn_msg":"请求成功！"}
Jun 15 00:40:58 【逛券后9.9】 任务未领取,开始领取此任务
Jun 15 00:40:58 领取任务结果：{"rtn_code":403,"rtn_msg":"非法请求！"}
Jun 15 00:40:58 【逛券后9.9】 任务领取成功,开始完成此任务
Jun 15 00:40:58 领取任务结果：{"rtn_code":403,"rtn_msg":"非法请求！"}
Jun 15 00:40:58 【逛券后9.9】 任务领取成功,开始完成此任务
Jun 15 00:40:59 做任务结果：{"data":{"biz_code":1002,"biz_msg":"用户未领取该任务"},"rtn_code":0,"rtn_msg":"请求成功！"}
Jun 15 00:40:59 【去买省钱券包】 任务未领取,开始领取此任务
Jun 15 00:40:59 做任务结果：{"data":{"biz_code":1002,"biz_msg":"用户未领取该任务"},"rtn_code":0,"rtn_msg":"请求成功！"}
Jun 15 00:40:59 【去买省钱券包】 任务未领取,开始领取此任务
Jun 15 00:40:59 领取任务结果：{"rtn_code":403,"rtn_msg":"非法请求！"}
Jun 15 00:40:59 【去买省钱券包】 任务领取成功,开始完成此任务
Jun 15 00:40:59 领取任务结果：{"rtn_code":403,"rtn_msg":"非法请求！"}
Jun 15 00:40:59 【去买省钱券包】 任务领取成功,开始完成此任务
Jun 15 00:41:00 做任务结果：{"data":{"biz_code":1002,"biz_msg":"用户未领取该任务"},"rtn_code":0,"rtn_msg":"请求成功！"}
Jun 15 00:41:00 
Jun 15 00:41:00 开始每日签到
Jun 15 00:41:00 做任务结果：{"data":{"biz_code":1002,"biz_msg":"用户未领取该任务"},"rtn_code":0,"rtn_msg":"请求成功！"}
Jun 15 00:41:00 
Jun 15 00:41:00 开始每日签到
Jun 15 00:41:00 每日签到失败：{"rtn_code":403,"rtn_msg":"非法请求！"}
Jun 15 00:41:00 
Jun 15 00:41:00 每日签到失败：{"rtn_code":403,"rtn_msg":"非法请求！"}
Jun 15 00:41:00 
Jun 15 00:41:00 
Jun 15 00:41:00 🔔点点券, 结束! 🕛 59.817 秒
Jun 15 00:41:00 
Jun 15 00:41:00 
Jun 15 00:41:00 🔔点点券, 结束! 🕛 59.895 秒
Jun 15 00:41:00 
Jun 15 07:40:00 
Jun 15 07:40:00 🔔点点券, 开始!
Jun 15 07:40:00 您的cookie选择的是用&隔开
Jun 15 07:40:00 
Jun 15 07:40:00 
Jun 15 07:40:00 ====================共有2个京东账号Cookie=========
Jun 15 07:40:00 
Jun 15 07:40:00 
Jun 15 07:40:00 🔔点点券, 开始!
Jun 15 07:40:00 您的cookie选择的是用&隔开
Jun 15 07:40:00 
Jun 15 07:40:00 
Jun 15 07:40:00 ====================共有2个京东账号Cookie=========
Jun 15 07:40:00 
Jun 15 07:40:00 ==================脚本执行- 北京时间(UTC+8)：6/15/2021, 7:40:00 AM=====================
Jun 15 07:40:00 
Jun 15 07:40:00 
Jun 15 07:40:00 通知：京东已在领取任务、签到、领取点点券三个添加了log做了校验，暂时无可解决
Jun 15 07:40:00 
Jun 15 07:40:00 ==================脚本执行- 北京时间(UTC+8)：6/15/2021, 7:40:00 AM=====================
Jun 15 07:40:00 
Jun 15 07:40:00 
Jun 15 07:40:00 通知：京东已在领取任务、签到、领取点点券三个添加了log做了校验，暂时无可解决
Jun 15 07:40:00 
Jun 15 07:40:00 
Jun 15 07:40:00 开始【京东账号1】jd_RbuUwXHBNnJR
Jun 15 07:40:00 
Jun 15 07:40:00 
Jun 15 07:40:00 开始【京东账号1】jd_RbuUwXHBNnJR
Jun 15 07:40:00 
Jun 15 07:40:00 【点击“领券”】 任务未领取,开始领取此任务
Jun 15 07:40:00 【点击“领券”】 任务未领取,开始领取此任务
Jun 15 07:40:01 领取任务结果：{"rtn_code":403,"rtn_msg":"非法请求！"}
Jun 15 07:40:01 【点击“领券”】 任务领取成功,开始完成此任务
Jun 15 07:40:01 领取任务结果：{"rtn_code":403,"rtn_msg":"非法请求！"}
Jun 15 07:40:01 【点击“领券”】 任务领取成功,开始完成此任务
Jun 15 07:40:02 需等待15秒
Jun 15 07:40:02 需等待15秒
Jun 15 07:40:17 点击首页领券图标(进入领券中心浏览15s)任务:{"code":"600","echo":"signature verification failed"}
Jun 15 07:40:17 【浏览精选活动】 任务未领取,开始领取此任务
Jun 15 07:40:17 点击首页领券图标(进入领券中心浏览15s)任务:{"code":"600","echo":"signature verification failed"}
Jun 15 07:40:17 【浏览精选活动】 任务未领取,开始领取此任务
Jun 15 07:40:17 领取任务结果：{"rtn_code":403,"rtn_msg":"非法请求！"}
Jun 15 07:40:17 【浏览精选活动】 任务领取成功,开始完成此任务
Jun 15 07:40:17 领取任务结果：{"rtn_code":403,"rtn_msg":"非法请求！"}
Jun 15 07:40:17 【浏览精选活动】 任务领取成功,开始完成此任务
Jun 15 07:40:18 【玩锦鲤红包】 任务未领取,开始领取此任务
Jun 15 07:40:18 【玩锦鲤红包】 任务未领取,开始领取此任务
Jun 15 07:40:18 领取任务结果：{"rtn_code":403,"rtn_msg":"非法请求！"}
Jun 15 07:40:18 【玩锦鲤红包】 任务领取成功,开始完成此任务
Jun 15 07:40:18 领取任务结果：{"rtn_code":403,"rtn_msg":"非法请求！"}
Jun 15 07:40:18 【玩锦鲤红包】 任务领取成功,开始完成此任务
Jun 15 07:40:19 做任务结果：{"data":{"biz_code":1002,"biz_msg":"用户未领取该任务"},"rtn_code":0,"rtn_msg":"请求成功！"}
Jun 15 07:40:19 【玩拼券活动】 任务未领取,开始领取此任务
Jun 15 07:40:19 做任务结果：{"data":{"biz_code":1002,"biz_msg":"用户未领取该任务"},"rtn_code":0,"rtn_msg":"请求成功！"}
Jun 15 07:40:19 【玩拼券活动】 任务未领取,开始领取此任务
Jun 15 07:40:19 领取任务结果：{"rtn_code":403,"rtn_msg":"非法请求！"}
Jun 15 07:40:19 【玩拼券活动】 任务领取成功,开始完成此任务
Jun 15 07:40:19 领取任务结果：{"rtn_code":403,"rtn_msg":"非法请求！"}
Jun 15 07:40:19 【玩拼券活动】 任务领取成功,开始完成此任务
Jun 15 07:40:20 做任务结果：{"data":{"biz_code":1002,"biz_msg":"用户未领取该任务"},"rtn_code":0,"rtn_msg":"请求成功！"}
Jun 15 07:40:20 【逛券后9.9】 任务未领取,开始领取此任务
Jun 15 07:40:20 做任务结果：{"data":{"biz_code":1002,"biz_msg":"用户未领取该任务"},"rtn_code":0,"rtn_msg":"请求成功！"}
Jun 15 07:40:20 【逛券后9.9】 任务未领取,开始领取此任务
Jun 15 07:40:20 领取任务结果：{"rtn_code":403,"rtn_msg":"非法请求！"}
Jun 15 07:40:20 【逛券后9.9】 任务领取成功,开始完成此任务
Jun 15 07:40:20 领取任务结果：{"rtn_code":403,"rtn_msg":"非法请求！"}
Jun 15 07:40:20 【逛券后9.9】 任务领取成功,开始完成此任务
Jun 15 07:40:21 做任务结果：{"data":{"biz_code":1002,"biz_msg":"用户未领取该任务"},"rtn_code":0,"rtn_msg":"请求成功！"}
Jun 15 07:40:21 【去买省钱券包】 任务未领取,开始领取此任务
Jun 15 07:40:21 做任务结果：{"data":{"biz_code":1002,"biz_msg":"用户未领取该任务"},"rtn_code":0,"rtn_msg":"请求成功！"}
Jun 15 07:40:21 【去买省钱券包】 任务未领取,开始领取此任务
Jun 15 07:40:21 领取任务结果：{"rtn_code":403,"rtn_msg":"非法请求！"}
Jun 15 07:40:21 【去买省钱券包】 任务领取成功,开始完成此任务
Jun 15 07:40:21 领取任务结果：{"rtn_code":403,"rtn_msg":"非法请求！"}
Jun 15 07:40:21 【去买省钱券包】 任务领取成功,开始完成此任务
Jun 15 07:40:22 做任务结果：{"data":{"biz_code":1002,"biz_msg":"用户未领取该任务"},"rtn_code":0,"rtn_msg":"请求成功！"}
Jun 15 07:40:22 
Jun 15 07:40:22 开始每日签到
Jun 15 07:40:23 做任务结果：{"data":{"biz_code":1002,"biz_msg":"用户未领取该任务"},"rtn_code":0,"rtn_msg":"请求成功！"}
Jun 15 07:40:23 
Jun 15 07:40:23 开始每日签到
Jun 15 07:40:23 每日签到失败：{"rtn_code":403,"rtn_msg":"非法请求！"}
Jun 15 07:40:23 
Jun 15 07:40:23 每日签到失败：{"rtn_code":403,"rtn_msg":"非法请求！"}
Jun 15 07:40:23 
Jun 15 07:40:23 
Jun 15 07:40:23 开始【京东账号2】jd_fMRfXcJHjROT
Jun 15 07:40:23 
Jun 15 07:40:23 
Jun 15 07:40:23 开始【京东账号2】jd_fMRfXcJHjROT
Jun 15 07:40:23 
Jun 15 07:40:23 【点击券后9.9】 任务未领取,开始领取此任务
Jun 15 07:40:23 【点击券后9.9】 任务未领取,开始领取此任务
Jun 15 07:40:23 领取任务结果：{"rtn_code":403,"rtn_msg":"非法请求！"}
Jun 15 07:40:23 【点击券后9.9】 任务领取成功,开始完成此任务
Jun 15 07:40:23 领取任务结果：{"rtn_code":403,"rtn_msg":"非法请求！"}
Jun 15 07:40:23 【点击券后9.9】 任务领取成功,开始完成此任务
Jun 15 07:40:24 需等待30秒
Jun 15 07:40:24 需等待30秒
Jun 15 07:40:54 点击“券后9.9”任务:{"code":"600","echo":"signature verification failed"}
Jun 15 07:40:54 【浏览精选活动】 任务未领取,开始领取此任务
Jun 15 07:40:54 点击“券后9.9”任务:{"code":"600","echo":"signature verification failed"}
Jun 15 07:40:54 【浏览精选活动】 任务未领取,开始领取此任务
Jun 15 07:40:54 领取任务结果：{"rtn_code":403,"rtn_msg":"非法请求！"}
Jun 15 07:40:54 【浏览精选活动】 任务领取成功,开始完成此任务
Jun 15 07:40:54 领取任务结果：{"rtn_code":403,"rtn_msg":"非法请求！"}
Jun 15 07:40:54 【浏览精选活动】 任务领取成功,开始完成此任务
Jun 15 07:40:56 【玩锦鲤红包】 任务未领取,开始领取此任务
Jun 15 07:40:56 【玩锦鲤红包】 任务未领取,开始领取此任务
Jun 15 07:40:56 领取任务结果：{"rtn_code":403,"rtn_msg":"非法请求！"}
Jun 15 07:40:56 【玩锦鲤红包】 任务领取成功,开始完成此任务
Jun 15 07:40:56 领取任务结果：{"rtn_code":403,"rtn_msg":"非法请求！"}
Jun 15 07:40:56 【玩锦鲤红包】 任务领取成功,开始完成此任务
Jun 15 07:40:57 做任务结果：{"data":{"biz_code":1002,"biz_msg":"用户未领取该任务"},"rtn_code":0,"rtn_msg":"请求成功！"}
Jun 15 07:40:57 【玩拼券活动】 任务未领取,开始领取此任务
Jun 15 07:40:57 做任务结果：{"data":{"biz_code":1002,"biz_msg":"用户未领取该任务"},"rtn_code":0,"rtn_msg":"请求成功！"}
Jun 15 07:40:57 【玩拼券活动】 任务未领取,开始领取此任务
Jun 15 07:40:57 领取任务结果：{"rtn_code":403,"rtn_msg":"非法请求！"}
Jun 15 07:40:57 【玩拼券活动】 任务领取成功,开始完成此任务
Jun 15 07:40:57 领取任务结果：{"rtn_code":403,"rtn_msg":"非法请求！"}
Jun 15 07:40:57 【玩拼券活动】 任务领取成功,开始完成此任务
Jun 15 07:40:58 做任务结果：{"data":{"biz_code":1002,"biz_msg":"用户未领取该任务"},"rtn_code":0,"rtn_msg":"请求成功！"}
Jun 15 07:40:58 【逛券后9.9】 任务未领取,开始领取此任务
Jun 15 07:40:58 做任务结果：{"data":{"biz_code":1002,"biz_msg":"用户未领取该任务"},"rtn_code":0,"rtn_msg":"请求成功！"}
Jun 15 07:40:58 【逛券后9.9】 任务未领取,开始领取此任务
Jun 15 07:40:58 领取任务结果：{"rtn_code":403,"rtn_msg":"非法请求！"}
Jun 15 07:40:58 【逛券后9.9】 任务领取成功,开始完成此任务
Jun 15 07:40:58 领取任务结果：{"rtn_code":403,"rtn_msg":"非法请求！"}
Jun 15 07:40:58 【逛券后9.9】 任务领取成功,开始完成此任务
Jun 15 07:40:59 做任务结果：{"data":{"biz_code":1002,"biz_msg":"用户未领取该任务"},"rtn_code":0,"rtn_msg":"请求成功！"}
Jun 15 07:40:59 【去买省钱券包】 任务未领取,开始领取此任务
Jun 15 07:40:59 做任务结果：{"data":{"biz_code":1002,"biz_msg":"用户未领取该任务"},"rtn_code":0,"rtn_msg":"请求成功！"}
Jun 15 07:40:59 【去买省钱券包】 任务未领取,开始领取此任务
Jun 15 07:40:59 领取任务结果：{"rtn_code":403,"rtn_msg":"非法请求！"}
Jun 15 07:40:59 【去买省钱券包】 任务领取成功,开始完成此任务
Jun 15 07:40:59 领取任务结果：{"rtn_code":403,"rtn_msg":"非法请求！"}
Jun 15 07:40:59 【去买省钱券包】 任务领取成功,开始完成此任务
Jun 15 07:41:00 做任务结果：{"data":{"biz_code":1002,"biz_msg":"用户未领取该任务"},"rtn_code":0,"rtn_msg":"请求成功！"}
Jun 15 07:41:00 
Jun 15 07:41:00 开始每日签到
Jun 15 07:41:00 做任务结果：{"data":{"biz_code":1002,"biz_msg":"用户未领取该任务"},"rtn_code":0,"rtn_msg":"请求成功！"}
Jun 15 07:41:00 
Jun 15 07:41:00 开始每日签到
Jun 15 07:41:00 每日签到失败：{"rtn_code":403,"rtn_msg":"非法请求！"}
Jun 15 07:41:00 
Jun 15 07:41:00 每日签到失败：{"rtn_code":403,"rtn_msg":"非法请求！"}
Jun 15 07:41:00 
Jun 15 07:41:00 
Jun 15 07:41:00 🔔点点券, 结束! 🕛 59.791 秒
Jun 15 07:41:00 
Jun 15 07:41:00 
Jun 15 07:41:00 🔔点点券, 结束! 🕛 59.792 秒
Jun 15 07:41:00 
Jun 15 14:40:00Jun 15 14:40:00 
 
Jun 15 14:40:00Jun 15 14:40:00 🔔点点券, 开始!
 🔔点点券, 开始!
Jun 15 14:40:00 您的cookie选择的是用&隔开
Jun 15 14:40:00 
Jun 15 14:40:00 
Jun 15 14:40:00 ====================共有2个京东账号Cookie=========
Jun 15 14:40:00 
Jun 15 14:40:00 您的cookie选择的是用&隔开
Jun 15 14:40:00 
Jun 15 14:40:00 
Jun 15 14:40:00 ====================共有2个京东账号Cookie=========
Jun 15 14:40:00 
Jun 15 14:40:00 ==================脚本执行- 北京时间(UTC+8)：6/15/2021, 2:40:00 PM=====================
Jun 15 14:40:00 
Jun 15 14:40:00 
Jun 15 14:40:00 通知：京东已在领取任务、签到、领取点点券三个添加了log做了校验，暂时无可解决
Jun 15 14:40:00 
Jun 15 14:40:00 ==================脚本执行- 北京时间(UTC+8)：6/15/2021, 2:40:00 PM=====================
Jun 15 14:40:00 
Jun 15 14:40:00 
Jun 15 14:40:00 通知：京东已在领取任务、签到、领取点点券三个添加了log做了校验，暂时无可解决
Jun 15 14:40:00 
Jun 15 14:40:00 
Jun 15 14:40:00 开始【京东账号1】jd_RbuUwXHBNnJR
Jun 15 14:40:00 
Jun 15 14:40:00 
Jun 15 14:40:00 开始【京东账号1】jd_RbuUwXHBNnJR
Jun 15 14:40:00 
Jun 15 14:40:00 【点击“领券”】 任务未领取,开始领取此任务
Jun 15 14:40:00 领取任务结果：{"rtn_code":403,"rtn_msg":"非法请求！"}
Jun 15 14:40:00 【点击“领券”】 任务领取成功,开始完成此任务
Jun 15 14:40:00 【点击“领券”】 任务未领取,开始领取此任务
Jun 15 14:40:00 领取任务结果：{"rtn_code":403,"rtn_msg":"非法请求！"}
Jun 15 14:40:00 【点击“领券”】 任务领取成功,开始完成此任务
Jun 15 14:40:01 需等待15秒
Jun 15 14:40:01 需等待15秒
Jun 15 14:40:17 点击首页领券图标(进入领券中心浏览15s)任务:{"code":"600","echo":"signature verification failed"}
Jun 15 14:40:17 【浏览精选活动】 任务未领取,开始领取此任务
Jun 15 14:40:17 领取任务结果：{"rtn_code":403,"rtn_msg":"非法请求！"}
Jun 15 14:40:17 【浏览精选活动】 任务领取成功,开始完成此任务
Jun 15 14:40:17 点击首页领券图标(进入领券中心浏览15s)任务:{"code":"600","echo":"signature verification failed"}
Jun 15 14:40:17 【浏览精选活动】 任务未领取,开始领取此任务
Jun 15 14:40:17 领取任务结果：{"rtn_code":403,"rtn_msg":"非法请求！"}
Jun 15 14:40:17 【浏览精选活动】 任务领取成功,开始完成此任务
Jun 15 14:40:18 【玩锦鲤红包】 任务未领取,开始领取此任务
Jun 15 14:40:18 领取任务结果：{"rtn_code":403,"rtn_msg":"非法请求！"}
Jun 15 14:40:18 【玩锦鲤红包】 任务领取成功,开始完成此任务
Jun 15 14:40:18 【玩锦鲤红包】 任务未领取,开始领取此任务
Jun 15 14:40:18 领取任务结果：{"rtn_code":403,"rtn_msg":"非法请求！"}
Jun 15 14:40:18 【玩锦鲤红包】 任务领取成功,开始完成此任务
Jun 15 14:40:19 做任务结果：{"data":{"biz_code":1002,"biz_msg":"用户未领取该任务"},"rtn_code":0,"rtn_msg":"请求成功！"}
Jun 15 14:40:19 【玩拼券活动】 任务未领取,开始领取此任务
Jun 15 14:40:19 领取任务结果：{"rtn_code":403,"rtn_msg":"非法请求！"}
Jun 15 14:40:19 【玩拼券活动】 任务领取成功,开始完成此任务
Jun 15 14:40:19 做任务结果：{"data":{"biz_code":1002,"biz_msg":"用户未领取该任务"},"rtn_code":0,"rtn_msg":"请求成功！"}
Jun 15 14:40:19 【玩拼券活动】 任务未领取,开始领取此任务
Jun 15 14:40:19 领取任务结果：{"rtn_code":403,"rtn_msg":"非法请求！"}
Jun 15 14:40:19 【玩拼券活动】 任务领取成功,开始完成此任务
Jun 15 14:40:20 做任务结果：{"data":{"biz_code":1002,"biz_msg":"用户未领取该任务"},"rtn_code":0,"rtn_msg":"请求成功！"}
Jun 15 14:40:20 【逛券后9.9】 任务未领取,开始领取此任务
Jun 15 14:40:20 领取任务结果：{"rtn_code":403,"rtn_msg":"非法请求！"}
Jun 15 14:40:20 【逛券后9.9】 任务领取成功,开始完成此任务
Jun 15 14:40:20 做任务结果：{"data":{"biz_code":1002,"biz_msg":"用户未领取该任务"},"rtn_code":0,"rtn_msg":"请求成功！"}
Jun 15 14:40:20 【逛券后9.9】 任务未领取,开始领取此任务
Jun 15 14:40:20 领取任务结果：{"rtn_code":403,"rtn_msg":"非法请求！"}
Jun 15 14:40:20 【逛券后9.9】 任务领取成功,开始完成此任务
Jun 15 14:40:21 做任务结果：{"data":{"biz_code":1002,"biz_msg":"用户未领取该任务"},"rtn_code":0,"rtn_msg":"请求成功！"}
Jun 15 14:40:21 【去买省钱券包】 任务未领取,开始领取此任务
Jun 15 14:40:21 领取任务结果：{"rtn_code":403,"rtn_msg":"非法请求！"}
Jun 15 14:40:21 【去买省钱券包】 任务领取成功,开始完成此任务
Jun 15 14:40:21 做任务结果：{"data":{"biz_code":1002,"biz_msg":"用户未领取该任务"},"rtn_code":0,"rtn_msg":"请求成功！"}
Jun 15 14:40:21 【去买省钱券包】 任务未领取,开始领取此任务
Jun 15 14:40:21 领取任务结果：{"rtn_code":403,"rtn_msg":"非法请求！"}
Jun 15 14:40:21 【去买省钱券包】 任务领取成功,开始完成此任务
Jun 15 14:40:22 做任务结果：{"data":{"biz_code":1002,"biz_msg":"用户未领取该任务"},"rtn_code":0,"rtn_msg":"请求成功！"}
Jun 15 14:40:22 
Jun 15 14:40:22 开始每日签到
Jun 15 14:40:22 每日签到失败：{"rtn_code":403,"rtn_msg":"非法请求！"}
Jun 15 14:40:22 
Jun 15 14:40:22 做任务结果：{"data":{"biz_code":1002,"biz_msg":"用户未领取该任务"},"rtn_code":0,"rtn_msg":"请求成功！"}
Jun 15 14:40:22 
Jun 15 14:40:22 开始每日签到
Jun 15 14:40:22 每日签到失败：{"rtn_code":403,"rtn_msg":"非法请求！"}
Jun 15 14:40:22 
Jun 15 14:40:22 
Jun 15 14:40:22 开始【京东账号2】jd_fMRfXcJHjROT
Jun 15 14:40:22 
Jun 15 14:40:22 【点击券后9.9】 任务未领取,开始领取此任务
Jun 15 14:40:22 
Jun 15 14:40:22 开始【京东账号2】jd_fMRfXcJHjROT
Jun 15 14:40:22 
Jun 15 14:40:22 领取任务结果：{"rtn_code":403,"rtn_msg":"非法请求！"}
Jun 15 14:40:22 【点击券后9.9】 任务领取成功,开始完成此任务
Jun 15 14:40:22 【点击券后9.9】 任务未领取,开始领取此任务
Jun 15 14:40:22 领取任务结果：{"rtn_code":403,"rtn_msg":"非法请求！"}
Jun 15 14:40:22 【点击券后9.9】 任务领取成功,开始完成此任务
Jun 15 14:40:23 需等待30秒
Jun 15 14:40:23 需等待30秒
Jun 15 14:40:54 点击“券后9.9”任务:{"code":"600","echo":"signature verification failed"}
Jun 15 14:40:54 【浏览精选活动】 任务未领取,开始领取此任务
Jun 15 14:40:54 领取任务结果：{"rtn_code":403,"rtn_msg":"非法请求！"}
Jun 15 14:40:54 【浏览精选活动】 任务领取成功,开始完成此任务
Jun 15 14:40:54 点击“券后9.9”任务:{"code":"600","echo":"signature verification failed"}
Jun 15 14:40:54 【浏览精选活动】 任务未领取,开始领取此任务
Jun 15 14:40:54 领取任务结果：{"rtn_code":403,"rtn_msg":"非法请求！"}
Jun 15 14:40:54 【浏览精选活动】 任务领取成功,开始完成此任务
Jun 15 14:40:55 【玩锦鲤红包】 任务未领取,开始领取此任务
Jun 15 14:40:55 领取任务结果：{"rtn_code":403,"rtn_msg":"非法请求！"}
Jun 15 14:40:55 【玩锦鲤红包】 任务领取成功,开始完成此任务
Jun 15 14:40:55 【玩锦鲤红包】 任务未领取,开始领取此任务
Jun 15 14:40:55 领取任务结果：{"rtn_code":403,"rtn_msg":"非法请求！"}
Jun 15 14:40:55 【玩锦鲤红包】 任务领取成功,开始完成此任务
Jun 15 14:40:56 做任务结果：{"data":{"biz_code":1002,"biz_msg":"用户未领取该任务"},"rtn_code":0,"rtn_msg":"请求成功！"}
Jun 15 14:40:56 【玩拼券活动】 任务未领取,开始领取此任务
Jun 15 14:40:56 领取任务结果：{"rtn_code":403,"rtn_msg":"非法请求！"}
Jun 15 14:40:56 【玩拼券活动】 任务领取成功,开始完成此任务
Jun 15 14:40:56 做任务结果：{"data":{"biz_code":1002,"biz_msg":"用户未领取该任务"},"rtn_code":0,"rtn_msg":"请求成功！"}
Jun 15 14:40:56 【玩拼券活动】 任务未领取,开始领取此任务
Jun 15 14:40:56 领取任务结果：{"rtn_code":403,"rtn_msg":"非法请求！"}
Jun 15 14:40:56 【玩拼券活动】 任务领取成功,开始完成此任务
Jun 15 14:40:57 做任务结果：{"data":{"biz_code":1002,"biz_msg":"用户未领取该任务"},"rtn_code":0,"rtn_msg":"请求成功！"}
Jun 15 14:40:57 【逛券后9.9】 任务未领取,开始领取此任务
Jun 15 14:40:57 领取任务结果：{"rtn_code":403,"rtn_msg":"非法请求！"}
Jun 15 14:40:57 【逛券后9.9】 任务领取成功,开始完成此任务
Jun 15 14:40:57 做任务结果：{"data":{"biz_code":1002,"biz_msg":"用户未领取该任务"},"rtn_code":0,"rtn_msg":"请求成功！"}
Jun 15 14:40:57 【逛券后9.9】 任务未领取,开始领取此任务
Jun 15 14:40:57 领取任务结果：{"rtn_code":403,"rtn_msg":"非法请求！"}
Jun 15 14:40:57 【逛券后9.9】 任务领取成功,开始完成此任务
Jun 15 14:40:58 做任务结果：{"data":{"biz_code":1002,"biz_msg":"用户未领取该任务"},"rtn_code":0,"rtn_msg":"请求成功！"}
Jun 15 14:40:58 【去买省钱券包】 任务未领取,开始领取此任务
Jun 15 14:40:58 领取任务结果：{"rtn_code":403,"rtn_msg":"非法请求！"}
Jun 15 14:40:58 【去买省钱券包】 任务领取成功,开始完成此任务
Jun 15 14:40:58 做任务结果：{"data":{"biz_code":1002,"biz_msg":"用户未领取该任务"},"rtn_code":0,"rtn_msg":"请求成功！"}
Jun 15 14:40:58 【去买省钱券包】 任务未领取,开始领取此任务
Jun 15 14:40:58 领取任务结果：{"rtn_code":403,"rtn_msg":"非法请求！"}
Jun 15 14:40:58 【去买省钱券包】 任务领取成功,开始完成此任务
Jun 15 14:40:59 做任务结果：{"data":{"biz_code":1002,"biz_msg":"用户未领取该任务"},"rtn_code":0,"rtn_msg":"请求成功！"}
Jun 15 14:40:59 
Jun 15 14:40:59 开始每日签到
Jun 15 14:40:59 每日签到失败：{"rtn_code":403,"rtn_msg":"非法请求！"}
Jun 15 14:40:59 
Jun 15 14:40:59 做任务结果：{"data":{"biz_code":1002,"biz_msg":"用户未领取该任务"},"rtn_code":0,"rtn_msg":"请求成功！"}
Jun 15 14:40:59 
Jun 15 14:40:59 开始每日签到
Jun 15 14:40:59 每日签到失败：{"rtn_code":403,"rtn_msg":"非法请求！"}
Jun 15 14:40:59 
Jun 15 14:41:00 
Jun 15 14:41:00 🔔点点券, 结束! 🕛 59.904 秒
Jun 15 14:41:00 
Jun 15 14:41:00 
Jun 15 14:41:00 🔔点点券, 结束! 🕛 60.045 秒
Jun 15 14:41:00 
