Jun 14 00:41:00 
Jun 14 00:41:00 🔔京东保价, 开始!
Jun 14 00:41:00 
Jun 14 00:41:00 🔔京东保价, 开始!
Jun 14 00:41:00 您的cookie选择的是用&隔开
Jun 14 00:41:00 
Jun 14 00:41:00 
Jun 14 00:41:00 ====================共有2个京东账号Cookie=========
Jun 14 00:41:00 
Jun 14 00:41:00 您的cookie选择的是用&隔开
Jun 14 00:41:00 
Jun 14 00:41:00 
Jun 14 00:41:00 ====================共有2个京东账号Cookie=========
Jun 14 00:41:00 
Jun 14 00:41:00 ==================脚本执行- 北京时间(UTC+8)：6/14/2021, 12:41:00 AM=====================
Jun 14 00:41:00 
Jun 14 00:41:00 ==================脚本执行- 北京时间(UTC+8)：6/14/2021, 12:41:00 AM=====================
Jun 14 00:41:00 
Jun 14 00:41:00 
Jun 14 00:41:00 ***********开始【账号1】jd_RbuUwXHBNnJR********
Jun 14 00:41:00 
Jun 14 00:41:00 💥 获得首页面，解析超参数
Jun 14 00:41:00 
Jun 14 00:41:00 ***********开始【账号1】jd_RbuUwXHBNnJR********
Jun 14 00:41:00 
Jun 14 00:41:00 💥 获得首页面，解析超参数
Jun 14 00:41:00 ----------
Jun 14 00:41:00 🧾 获取所有价格保护列表，排除附件商品
Jun 14 00:41:00 ----------
Jun 14 00:41:00 🧾 获取所有价格保护列表，排除附件商品
Jun 14 00:41:00 ❗️ 京东保价 运行错误！
Jun 14 00:41:00 ⚠️ getApplyData API返回结果解析出错
Jun 14 00:41:00 TypeError: Cannot read property '1' of null
Jun 14 00:41:00 "{\"flag\":false,\"code\":\"25\",\"errorMessage\":\"现在有点忙，请稍后再试哦\"}\n"
Jun 14 00:41:00 
Jun 14 00:41:00 🔔京东保价, 结束! 🕛 0.491 秒
Jun 14 00:41:00 
Jun 14 00:41:00 ----------
Jun 14 00:41:00 🗑 删除不符合订单
Jun 14 00:41:00 ----------
Jun 14 00:41:00 🚫 删除商品：🛒南极人仿真丝睡衣女夏冰丝韩版丝🛒
Jun 14 00:41:00 🚫 删除商品：🛒【京喜工厂】佳洁士天然多效牙膏🛒
Jun 14 00:41:00 🚫 删除商品：🛒【顺丰快递】山东烟台栖霞红富士🛒
Jun 14 00:41:00 🚫 删除商品：🛒科迪旗舰店原生牧场枕科迪纯牛奶🛒
Jun 14 00:41:00 🚫 删除商品：🛒泸州老窖 42度500ml 老🛒
Jun 14 00:41:00 🚫 删除商品：🛒【顺丰快递】山东烟台栖霞红富士🛒
Jun 14 00:41:00 🚫 删除商品：🛒洛川产地直发 陕西正宗洛川红富🛒
Jun 14 00:41:00 🚫 删除商品：🛒【蒲江馆】不知火丑橘丑柑 5斤🛒
Jun 14 00:41:00 🚫 删除商品：🛒袋鼠妈妈 兰嘉斯蕊嫩丰韵美乳霜🛒
Jun 14 00:41:00 🚫 删除商品：🛒【京喜工厂】妮维雅洗面奶女深层🛒
Jun 14 00:41:00 🚫 删除商品：🛒科迪旗舰店原生牧场枕科迪纯牛奶🛒
Jun 14 00:41:00 🚫 删除商品：🛒美洳家用化妆清洁卫生棉签 一包🛒
Jun 14 00:41:00 🚫 删除商品：🛒【蒲江馆】不知火丑橘丑柑 5斤🛒
Jun 14 00:41:00 🚫 删除商品：🛒洛川产地直发 陕西正宗洛川红富🛒
Jun 14 00:41:00 🚫 删除商品：🛒诺希 全原1.5米苹果数据线 🛒
Jun 14 00:41:00 ----------
Jun 14 00:41:00 📊 8个商品即将申请价格保护！
Jun 14 00:41:00 ----------
Jun 14 00:41:00 🈸 🛒薇诺娜（WINONA）敏肌修护🛒
Jun 14 00:41:01 🈸 🛒【顺丰快递】山东烟台栖霞红富士🛒
Jun 14 00:41:01 🈸 🛒惠寻无芯竹浆4层加厚纸巾妇婴适🛒
Jun 14 00:41:02 🈸 🛒志高（CHIGO）USB小风扇🛒
Jun 14 00:41:02 🈸 🛒老大同 纯芝麻香油 食用油凉拌🛒
Jun 14 00:41:02 🈸 🛒老大同 黑芝麻香油 食用油凉拌🛒
Jun 14 00:41:03 🈸 🛒唯依美垃圾袋5卷100只家用黑🛒
Jun 14 00:41:03 🈸 🛒诺希 苹果6s电池 iphon🛒
Jun 14 00:41:03 ----------
Jun 14 00:41:03 ⏳ 等待申请价格保护结果...
Jun 14 00:41:03 ----------
Jun 14 00:41:08 📋 🛒薇诺娜（WINONA）敏肌修护🛒 
Jun 14 00:41:08 🔴 申请失败：您好，此商品卖家尚未开通价保服务，暂无法申请价保，谢谢！ 
Jun 14 00:41:08 🔴 失败类型:sku4
Jun 14 00:41:08 -----
Jun 14 00:41:08 📋 🛒【顺丰快递】山东烟台栖霞红富士🛒 
Jun 14 00:41:08 🔴 申请失败：您好，此商品卖家尚未开通价保服务，暂无法申请价保，谢谢！ 
Jun 14 00:41:08 🔴 失败类型:sku4
Jun 14 00:41:08 -----
Jun 14 00:41:08 📋 🛒惠寻无芯竹浆4层加厚纸巾妇婴适🛒 
Jun 14 00:41:08 🔴 申请失败：您好，此商品未发生降价。 
Jun 14 00:41:08 🔴 失败类型:mon1
Jun 14 00:41:08 -----
Jun 14 00:41:08 📋 🛒志高（CHIGO）USB小风扇🛒 
Jun 14 00:41:08 🔴 申请失败：您好，此商品未发生降价。 
Jun 14 00:41:08 🔴 失败类型:mon1
Jun 14 00:41:08 -----
Jun 14 00:41:08 📋 🛒老大同 纯芝麻香油 食用油凉拌🛒 
Jun 14 00:41:08 🔴 申请失败：您好，此商品未发生降价。 
Jun 14 00:41:08 🔴 失败类型:mon1
Jun 14 00:41:08 -----
Jun 14 00:41:08 📋 🛒老大同 黑芝麻香油 食用油凉拌🛒 
Jun 14 00:41:08 🔴 申请失败：您好，此商品未发生降价。 
Jun 14 00:41:08 🔴 失败类型:mon1
Jun 14 00:41:08 -----
Jun 14 00:41:08 📋 🛒唯依美垃圾袋5卷100只家用黑🛒 
Jun 14 00:41:08 🔴 申请失败：您好，此商品未发生降价。 
Jun 14 00:41:08 🔴 失败类型:mon1
Jun 14 00:41:08 -----
Jun 14 00:41:08 📋 🛒诺希 苹果6s电池 iphon🛒 
Jun 14 00:41:08 🔴 申请失败：您好，此商品未发生降价。 
Jun 14 00:41:08 🔴 失败类型:mon1
Jun 14 00:41:08 -----
Jun 14 00:41:08 🧮 本次价格保护金额：0💰
Jun 14 00:41:08 
Jun 14 00:41:08 ***********开始【账号2】jd_fMRfXcJHjROT********
Jun 14 00:41:08 
Jun 14 00:41:08 💥 获得首页面，解析超参数
Jun 14 00:41:09 ----------
Jun 14 00:41:09 🧾 获取所有价格保护列表，排除附件商品
Jun 14 00:41:09 ----------
Jun 14 00:41:09 🗑 删除不符合订单
Jun 14 00:41:09 ----------
Jun 14 00:41:09 🚫 删除商品：🛒思进活页本子格子外壳可拆卸笔记🛒
Jun 14 00:41:09 🚫 删除商品：🛒【京喜工厂】味滋源夹心海苔脆罐🛒
Jun 14 00:41:09 🚫 删除商品：🛒可口可乐 Coca-Cola 🛒
Jun 14 00:41:09 ----------
Jun 14 00:41:09 📊 0个商品即将申请价格保护！
Jun 14 00:41:09 ----------
Jun 14 00:41:09 ----------
Jun 14 00:41:09 ⏳ 等待申请价格保护结果...
Jun 14 00:41:09 ----------
Jun 14 00:41:09 🧮 本次价格保护金额：0💰
Jun 14 00:41:09 
Jun 14 00:41:09 🔔京东保价, 结束! 🕛 8.853 秒
Jun 14 00:41:09 
Jun 14 11:41:00 
Jun 14 11:41:00 🔔京东保价, 开始!
Jun 14 11:41:00 您的cookie选择的是用&隔开
Jun 14 11:41:00 
Jun 14 11:41:00 
Jun 14 11:41:00 ====================共有2个京东账号Cookie=========
Jun 14 11:41:00 
Jun 14 11:41:00 
Jun 14 11:41:00 🔔京东保价, 开始!
Jun 14 11:41:00 您的cookie选择的是用&隔开
Jun 14 11:41:00 
Jun 14 11:41:00 
Jun 14 11:41:00 ====================共有2个京东账号Cookie=========
Jun 14 11:41:00 
Jun 14 11:41:00 ==================脚本执行- 北京时间(UTC+8)：6/14/2021, 11:41:00 AM=====================
Jun 14 11:41:00 
Jun 14 11:41:00 ==================脚本执行- 北京时间(UTC+8)：6/14/2021, 11:41:00 AM=====================
Jun 14 11:41:00 
Jun 14 11:41:00 
Jun 14 11:41:00 ***********开始【账号1】jd_RbuUwXHBNnJR********
Jun 14 11:41:00 
Jun 14 11:41:00 💥 获得首页面，解析超参数
Jun 14 11:41:00 
Jun 14 11:41:00 ***********开始【账号1】jd_RbuUwXHBNnJR********
Jun 14 11:41:00 
Jun 14 11:41:00 💥 获得首页面，解析超参数
Jun 14 11:41:00 ----------
Jun 14 11:41:00 🧾 获取所有价格保护列表，排除附件商品
Jun 14 11:41:00 ----------
Jun 14 11:41:00 🧾 获取所有价格保护列表，排除附件商品
Jun 14 11:41:00 ❗️ 京东保价 运行错误！
Jun 14 11:41:00 ⚠️ getApplyData API返回结果解析出错
Jun 14 11:41:00 TypeError: Cannot read property '1' of null
Jun 14 11:41:00 "{\"flag\":false,\"code\":\"25\",\"errorMessage\":\"现在有点忙，请稍后再试哦\"}\n"
Jun 14 11:41:00 
Jun 14 11:41:00 🔔京东保价, 结束! 🕛 0.272 秒
Jun 14 11:41:00 
Jun 14 11:41:00 ❗️ 京东保价 运行错误！
Jun 14 11:41:00 ⚠️ getApplyData API返回结果解析出错
Jun 14 11:41:00 TypeError: Cannot read property '1' of null
Jun 14 11:41:00 "{\"flag\":false,\"code\":\"25\",\"errorMessage\":\"现在有点忙，请稍后再试哦\"}\n"
Jun 14 11:41:00 
Jun 14 11:41:00 🔔京东保价, 结束! 🕛 0.268 秒
Jun 14 11:41:00 
Jun 15 00:41:00 
Jun 15 00:41:00 🔔京东保价, 开始!
Jun 15 00:41:00 您的cookie选择的是用&隔开
Jun 15 00:41:00 
Jun 15 00:41:00 
Jun 15 00:41:00 ====================共有2个京东账号Cookie=========
Jun 15 00:41:00 
Jun 15 00:41:00 
Jun 15 00:41:00 🔔京东保价, 开始!
Jun 15 00:41:00 您的cookie选择的是用&隔开
Jun 15 00:41:00 
Jun 15 00:41:00 
Jun 15 00:41:00 ====================共有2个京东账号Cookie=========
Jun 15 00:41:00 
Jun 15 00:41:00 ==================脚本执行- 北京时间(UTC+8)：6/15/2021, 12:41:00 AM=====================
Jun 15 00:41:00 
Jun 15 00:41:00 ==================脚本执行- 北京时间(UTC+8)：6/15/2021, 12:41:00 AM=====================
Jun 15 00:41:00 
Jun 15 00:41:01 
Jun 15 00:41:01 ***********开始【账号1】jd_RbuUwXHBNnJR********
Jun 15 00:41:01 
Jun 15 00:41:01 💥 获得首页面，解析超参数
Jun 15 00:41:01 
Jun 15 00:41:01 ***********开始【账号1】jd_RbuUwXHBNnJR********
Jun 15 00:41:01 
Jun 15 00:41:01 💥 获得首页面，解析超参数
Jun 15 00:41:01 ----------
Jun 15 00:41:01 🧾 获取所有价格保护列表，排除附件商品
Jun 15 00:41:01 ----------
Jun 15 00:41:01 🧾 获取所有价格保护列表，排除附件商品
Jun 15 00:41:01 ❗️ 京东保价 运行错误！
Jun 15 00:41:01 ⚠️ getApplyData API返回结果解析出错
Jun 15 00:41:01 TypeError: Cannot read property '1' of null
Jun 15 00:41:01 "{\"flag\":false,\"code\":\"25\",\"errorMessage\":\"现在有点忙，请稍后再试哦\"}\n"
Jun 15 00:41:01 
Jun 15 00:41:01 🔔京东保价, 结束! 🕛 0.25 秒
Jun 15 00:41:01 
Jun 15 00:41:01 ❗️ 京东保价 运行错误！
Jun 15 00:41:01 ⚠️ getApplyData API返回结果解析出错
Jun 15 00:41:01 TypeError: Cannot read property '1' of null
Jun 15 00:41:01 "{\"flag\":false,\"code\":\"25\",\"errorMessage\":\"现在有点忙，请稍后再试哦\"}\n"
Jun 15 00:41:01 
Jun 15 00:41:01 🔔京东保价, 结束! 🕛 0.268 秒
Jun 15 00:41:01 
Jun 15 11:41:00 
Jun 15 11:41:00 🔔京东保价, 开始!
Jun 15 11:41:00 您的cookie选择的是用&隔开
Jun 15 11:41:00 
Jun 15 11:41:00 
Jun 15 11:41:00 ====================共有2个京东账号Cookie=========
Jun 15 11:41:00 
Jun 15 11:41:00 
Jun 15 11:41:00 🔔京东保价, 开始!
Jun 15 11:41:00 您的cookie选择的是用&隔开
Jun 15 11:41:00 
Jun 15 11:41:00 
Jun 15 11:41:00 ====================共有2个京东账号Cookie=========
Jun 15 11:41:00 
Jun 15 11:41:00 ==================脚本执行- 北京时间(UTC+8)：6/15/2021, 11:41:00 AM=====================
Jun 15 11:41:00 
Jun 15 11:41:00 ==================脚本执行- 北京时间(UTC+8)：6/15/2021, 11:41:00 AM=====================
Jun 15 11:41:00 
Jun 15 11:41:00 
Jun 15 11:41:00 ***********开始【账号1】jd_RbuUwXHBNnJR********
Jun 15 11:41:00 
Jun 15 11:41:00 💥 获得首页面，解析超参数
Jun 15 11:41:00 
Jun 15 11:41:00 ***********开始【账号1】jd_RbuUwXHBNnJR********
Jun 15 11:41:00 
Jun 15 11:41:00 💥 获得首页面，解析超参数
Jun 15 11:41:00 ----------
Jun 15 11:41:00 🧾 获取所有价格保护列表，排除附件商品
Jun 15 11:41:00 ----------
Jun 15 11:41:00 🧾 获取所有价格保护列表，排除附件商品
Jun 15 11:41:00 ❗️ 京东保价 运行错误！
Jun 15 11:41:00 ⚠️ getApplyData API返回结果解析出错
Jun 15 11:41:00 TypeError: Cannot read property '1' of null
Jun 15 11:41:00 "{\"flag\":false,\"code\":\"25\",\"errorMessage\":\"现在有点忙，请稍后再试哦\"}\n"
Jun 15 11:41:00 
Jun 15 11:41:00 🔔京东保价, 结束! 🕛 0.283 秒
Jun 15 11:41:00 
Jun 15 11:41:00 ❗️ 京东保价 运行错误！
Jun 15 11:41:00 ⚠️ getApplyData API返回结果解析出错
Jun 15 11:41:00 TypeError: Cannot read property '1' of null
Jun 15 11:41:00 "{\"flag\":false,\"code\":\"25\",\"errorMessage\":\"现在有点忙，请稍后再试哦\"}\n"
Jun 15 11:41:00 
Jun 15 11:41:00 🔔京东保价, 结束! 🕛 0.278 秒
Jun 15 11:41:00 
