Jun 14 00:32:00 
Jun 14 00:32:00 🔔金融养猪, 开始!
Jun 14 00:32:00 您的cookie选择的是用&隔开
Jun 14 00:32:00 
Jun 14 00:32:00 
Jun 14 00:32:00 ====================共有2个京东账号Cookie=========
Jun 14 00:32:00 
Jun 14 00:32:00 
Jun 14 00:32:00 🔔金融养猪, 开始!
Jun 14 00:32:00 您的cookie选择的是用&隔开
Jun 14 00:32:00 
Jun 14 00:32:00 
Jun 14 00:32:00 ====================共有2个京东账号Cookie=========
Jun 14 00:32:00 
Jun 14 00:32:00 ==================脚本执行- 北京时间(UTC+8)：6/14/2021, 12:32:00 AM=====================
Jun 14 00:32:00 
Jun 14 00:32:00 ==================脚本执行- 北京时间(UTC+8)：6/14/2021, 12:32:00 AM=====================
Jun 14 00:32:00 
Jun 14 00:32:00 
Jun 14 00:32:00 开始【京东账号1】jd_RbuUwXHBNnJR
Jun 14 00:32:00 
Jun 14 00:32:00 
Jun 14 00:32:00 开始【京东账号1】jd_RbuUwXHBNnJR
Jun 14 00:32:00 
Jun 14 00:32:00 
Jun 14 00:32:00 京东账号1 jd_RbuUwXHBNnJR 未开启养猪活动,请手动去京东金融APP开启此活动
Jun 14 00:32:00 
Jun 14 00:32:00 
Jun 14 00:32:00 京东账号1 jd_RbuUwXHBNnJR 未开启养猪活动,请手动去京东金融APP开启此活动
Jun 14 00:32:00 
Jun 14 00:32:00 
Jun 14 00:32:00 开始【京东账号2】jd_fMRfXcJHjROT
Jun 14 00:32:00 
Jun 14 00:32:00 
Jun 14 00:32:00 开始【京东账号2】jd_fMRfXcJHjROT
Jun 14 00:32:00 
Jun 14 00:32:00 
Jun 14 00:32:00 京东账号2 jd_fMRfXcJHjROT 未开启养猪活动,请手动去京东金融APP开启此活动
Jun 14 00:32:00 
Jun 14 00:32:00 
Jun 14 00:32:00 🔔金融养猪, 结束! 🕛 0.389 秒
Jun 14 00:32:00 
Jun 14 00:32:00 
Jun 14 00:32:00 京东账号2 jd_fMRfXcJHjROT 未开启养猪活动,请手动去京东金融APP开启此活动
Jun 14 00:32:00 
Jun 14 00:32:00 
Jun 14 00:32:00 🔔金融养猪, 结束! 🕛 0.426 秒
Jun 14 00:32:00 
Jun 14 06:32:00 
Jun 14 06:32:00 🔔金融养猪, 开始!
Jun 14 06:32:00 
Jun 14 06:32:00 🔔金融养猪, 开始!
Jun 14 06:32:00 您的cookie选择的是用&隔开
Jun 14 06:32:00 
Jun 14 06:32:00 
Jun 14 06:32:00 ====================共有2个京东账号Cookie=========
Jun 14 06:32:00 
Jun 14 06:32:00 您的cookie选择的是用&隔开
Jun 14 06:32:00 
Jun 14 06:32:00 
Jun 14 06:32:00 ====================共有2个京东账号Cookie=========
Jun 14 06:32:00 
Jun 14 06:32:00 ==================脚本执行- 北京时间(UTC+8)：6/14/2021, 6:32:00 AM=====================
Jun 14 06:32:00 
Jun 14 06:32:00 ==================脚本执行- 北京时间(UTC+8)：6/14/2021, 6:32:00 AM=====================
Jun 14 06:32:00 
Jun 14 06:32:00 
Jun 14 06:32:00 开始【京东账号1】jd_RbuUwXHBNnJR
Jun 14 06:32:00 
Jun 14 06:32:00 
Jun 14 06:32:00 开始【京东账号1】jd_RbuUwXHBNnJR
Jun 14 06:32:00 
Jun 14 06:32:00 
Jun 14 06:32:00 京东账号1 jd_RbuUwXHBNnJR 未开启养猪活动,请手动去京东金融APP开启此活动
Jun 14 06:32:00 
Jun 14 06:32:00 
Jun 14 06:32:00 开始【京东账号2】jd_fMRfXcJHjROT
Jun 14 06:32:00 
Jun 14 06:32:00 
Jun 14 06:32:00 京东账号1 jd_RbuUwXHBNnJR 未开启养猪活动,请手动去京东金融APP开启此活动
Jun 14 06:32:00 
Jun 14 06:32:01 
Jun 14 06:32:01 开始【京东账号2】jd_fMRfXcJHjROT
Jun 14 06:32:01 
Jun 14 06:32:01 
Jun 14 06:32:01 京东账号2 jd_fMRfXcJHjROT 未开启养猪活动,请手动去京东金融APP开启此活动
Jun 14 06:32:01 
Jun 14 06:32:01 
Jun 14 06:32:01 🔔金融养猪, 结束! 🕛 0.353 秒
Jun 14 06:32:01 
Jun 14 06:32:01 
Jun 14 06:32:01 京东账号2 jd_fMRfXcJHjROT 未开启养猪活动,请手动去京东金融APP开启此活动
Jun 14 06:32:01 
Jun 14 06:32:01 
Jun 14 06:32:01 🔔金融养猪, 结束! 🕛 0.383 秒
Jun 14 06:32:01 
Jun 14 12:32:00 
Jun 14 12:32:00 🔔金融养猪, 开始!
Jun 14 12:32:00 您的cookie选择的是用&隔开
Jun 14 12:32:00 
Jun 14 12:32:00 
Jun 14 12:32:00 ====================共有2个京东账号Cookie=========
Jun 14 12:32:00 
Jun 14 12:32:00 
Jun 14 12:32:00 🔔金融养猪, 开始!
Jun 14 12:32:00 您的cookie选择的是用&隔开
Jun 14 12:32:00 
Jun 14 12:32:00 
Jun 14 12:32:00 ====================共有2个京东账号Cookie=========
Jun 14 12:32:00 
Jun 14 12:32:00 ==================脚本执行- 北京时间(UTC+8)：6/14/2021, 12:32:00 PM=====================
Jun 14 12:32:00 
Jun 14 12:32:00 ==================脚本执行- 北京时间(UTC+8)：6/14/2021, 12:32:00 PM=====================
Jun 14 12:32:00 
Jun 14 12:32:00 
Jun 14 12:32:00 开始【京东账号1】jd_RbuUwXHBNnJR
Jun 14 12:32:00 
Jun 14 12:32:00 
Jun 14 12:32:00 开始【京东账号1】jd_RbuUwXHBNnJR
Jun 14 12:32:00 
Jun 14 12:32:00 
Jun 14 12:32:00 京东账号1 jd_RbuUwXHBNnJR 未开启养猪活动,请手动去京东金融APP开启此活动
Jun 14 12:32:00 
Jun 14 12:32:00 
Jun 14 12:32:00 开始【京东账号2】jd_fMRfXcJHjROT
Jun 14 12:32:00 
Jun 14 12:32:00 
Jun 14 12:32:00 京东账号1 jd_RbuUwXHBNnJR 未开启养猪活动,请手动去京东金融APP开启此活动
Jun 14 12:32:00 
Jun 14 12:32:00 
Jun 14 12:32:00 开始【京东账号2】jd_fMRfXcJHjROT
Jun 14 12:32:00 
Jun 14 12:32:00 
Jun 14 12:32:00 京东账号2 jd_fMRfXcJHjROT 未开启养猪活动,请手动去京东金融APP开启此活动
Jun 14 12:32:00 
Jun 14 12:32:00 
Jun 14 12:32:00 🔔金融养猪, 结束! 🕛 0.349 秒
Jun 14 12:32:00 
Jun 14 12:32:00 
Jun 14 12:32:00 京东账号2 jd_fMRfXcJHjROT 未开启养猪活动,请手动去京东金融APP开启此活动
Jun 14 12:32:00 
Jun 14 12:32:00 
Jun 14 12:32:00 🔔金融养猪, 结束! 🕛 0.388 秒
Jun 14 12:32:00 
Jun 14 18:32:00 
Jun 14 18:32:00 🔔金融养猪, 开始!
Jun 14 18:32:00 
Jun 14 18:32:00 🔔金融养猪, 开始!
Jun 14 18:32:00 您的cookie选择的是用&隔开
Jun 14 18:32:00 
Jun 14 18:32:00 
Jun 14 18:32:00 ====================共有2个京东账号Cookie=========
Jun 14 18:32:00 
Jun 14 18:32:00 您的cookie选择的是用&隔开
Jun 14 18:32:00 
Jun 14 18:32:00 
Jun 14 18:32:00 ====================共有2个京东账号Cookie=========
Jun 14 18:32:00 
Jun 14 18:32:00 ==================脚本执行- 北京时间(UTC+8)：6/14/2021, 6:32:00 PM=====================
Jun 14 18:32:00 
Jun 14 18:32:00 ==================脚本执行- 北京时间(UTC+8)：6/14/2021, 6:32:00 PM=====================
Jun 14 18:32:00 
Jun 14 18:32:00 
Jun 14 18:32:00 开始【京东账号1】jd_RbuUwXHBNnJR
Jun 14 18:32:00 
Jun 14 18:32:00 
Jun 14 18:32:00 开始【京东账号1】jd_RbuUwXHBNnJR
Jun 14 18:32:00 
Jun 14 18:32:00 
Jun 14 18:32:00 京东账号1 jd_RbuUwXHBNnJR 未开启养猪活动,请手动去京东金融APP开启此活动
Jun 14 18:32:00 
Jun 14 18:32:00 
Jun 14 18:32:00 京东账号1 jd_RbuUwXHBNnJR 未开启养猪活动,请手动去京东金融APP开启此活动
Jun 14 18:32:00 
Jun 14 18:32:00 
Jun 14 18:32:00 开始【京东账号2】jd_fMRfXcJHjROT
Jun 14 18:32:00 
Jun 14 18:32:00 
Jun 14 18:32:00 开始【京东账号2】jd_fMRfXcJHjROT
Jun 14 18:32:00 
Jun 14 18:32:00 
Jun 14 18:32:00 京东账号2 jd_fMRfXcJHjROT 未开启养猪活动,请手动去京东金融APP开启此活动
Jun 14 18:32:00 
Jun 14 18:32:00 
Jun 14 18:32:00 🔔金融养猪, 结束! 🕛 0.339 秒
Jun 14 18:32:00 
Jun 14 18:32:00 
Jun 14 18:32:00 京东账号2 jd_fMRfXcJHjROT 未开启养猪活动,请手动去京东金融APP开启此活动
Jun 14 18:32:00 
Jun 14 18:32:00 
Jun 14 18:32:00 🔔金融养猪, 结束! 🕛 0.357 秒
Jun 14 18:32:00 
Jun 15 00:32:00 
Jun 15 00:32:00 🔔金融养猪, 开始!
Jun 15 00:32:00 您的cookie选择的是用&隔开
Jun 15 00:32:00 
Jun 15 00:32:00 
Jun 15 00:32:00 ====================共有2个京东账号Cookie=========
Jun 15 00:32:00 
Jun 15 00:32:00 
Jun 15 00:32:00 🔔金融养猪, 开始!
Jun 15 00:32:00 您的cookie选择的是用&隔开
Jun 15 00:32:00 
Jun 15 00:32:00 
Jun 15 00:32:00 ====================共有2个京东账号Cookie=========
Jun 15 00:32:00 
Jun 15 00:32:00 ==================脚本执行- 北京时间(UTC+8)：6/15/2021, 12:32:00 AM=====================
Jun 15 00:32:00 
Jun 15 00:32:01 ==================脚本执行- 北京时间(UTC+8)：6/15/2021, 12:32:00 AM=====================
Jun 15 00:32:01 
Jun 15 00:32:01 
Jun 15 00:32:01 开始【京东账号1】jd_RbuUwXHBNnJR
Jun 15 00:32:01 
Jun 15 00:32:01 
Jun 15 00:32:01 开始【京东账号1】jd_RbuUwXHBNnJR
Jun 15 00:32:01 
Jun 15 00:32:01 
Jun 15 00:32:01 京东账号1 jd_RbuUwXHBNnJR 未开启养猪活动,请手动去京东金融APP开启此活动
Jun 15 00:32:01 
Jun 15 00:32:01 
Jun 15 00:32:01 京东账号1 jd_RbuUwXHBNnJR 未开启养猪活动,请手动去京东金融APP开启此活动
Jun 15 00:32:01 
Jun 15 00:32:01 
Jun 15 00:32:01 开始【京东账号2】jd_fMRfXcJHjROT
Jun 15 00:32:01 
Jun 15 00:32:01 
Jun 15 00:32:01 开始【京东账号2】jd_fMRfXcJHjROT
Jun 15 00:32:01 
Jun 15 00:32:01 
Jun 15 00:32:01 京东账号2 jd_fMRfXcJHjROT 未开启养猪活动,请手动去京东金融APP开启此活动
Jun 15 00:32:01 
Jun 15 00:32:01 
Jun 15 00:32:01 🔔金融养猪, 结束! 🕛 0.393 秒
Jun 15 00:32:01 
Jun 15 00:32:01 
Jun 15 00:32:01 京东账号2 jd_fMRfXcJHjROT 未开启养猪活动,请手动去京东金融APP开启此活动
Jun 15 00:32:01 
Jun 15 00:32:01 
Jun 15 00:32:01 🔔金融养猪, 结束! 🕛 0.395 秒
Jun 15 00:32:01 
Jun 15 06:32:00 
Jun 15 06:32:00 🔔金融养猪, 开始!
Jun 15 06:32:00 
Jun 15 06:32:00 🔔金融养猪, 开始!
Jun 15 06:32:00 您的cookie选择的是用&隔开
Jun 15 06:32:00 
Jun 15 06:32:00 
Jun 15 06:32:00 ====================共有2个京东账号Cookie=========
Jun 15 06:32:00 
Jun 15 06:32:00 您的cookie选择的是用&隔开
Jun 15 06:32:00 
Jun 15 06:32:00 
Jun 15 06:32:00 ====================共有2个京东账号Cookie=========
Jun 15 06:32:00 
Jun 15 06:32:00 ==================脚本执行- 北京时间(UTC+8)：6/15/2021, 6:32:00 AM=====================
Jun 15 06:32:00 
Jun 15 06:32:00 ==================脚本执行- 北京时间(UTC+8)：6/15/2021, 6:32:00 AM=====================
Jun 15 06:32:00 
Jun 15 06:32:00 
Jun 15 06:32:00 开始【京东账号1】jd_RbuUwXHBNnJR
Jun 15 06:32:00 
Jun 15 06:32:00 
Jun 15 06:32:00 开始【京东账号1】jd_RbuUwXHBNnJR
Jun 15 06:32:00 
Jun 15 06:32:00 
Jun 15 06:32:00 京东账号1 jd_RbuUwXHBNnJR 未开启养猪活动,请手动去京东金融APP开启此活动
Jun 15 06:32:00 
Jun 15 06:32:00 
Jun 15 06:32:00 京东账号1 jd_RbuUwXHBNnJR 未开启养猪活动,请手动去京东金融APP开启此活动
Jun 15 06:32:00 
Jun 15 06:32:00 
Jun 15 06:32:00 开始【京东账号2】jd_fMRfXcJHjROT
Jun 15 06:32:00 
Jun 15 06:32:00 
Jun 15 06:32:00 开始【京东账号2】jd_fMRfXcJHjROT
Jun 15 06:32:00 
Jun 15 06:32:00 
Jun 15 06:32:00 京东账号2 jd_fMRfXcJHjROT 未开启养猪活动,请手动去京东金融APP开启此活动
Jun 15 06:32:00 
Jun 15 06:32:00 
Jun 15 06:32:00 🔔金融养猪, 结束! 🕛 0.366 秒
Jun 15 06:32:00 
Jun 15 06:32:00 
Jun 15 06:32:00 京东账号2 jd_fMRfXcJHjROT 未开启养猪活动,请手动去京东金融APP开启此活动
Jun 15 06:32:00 
Jun 15 06:32:00 
Jun 15 06:32:00 🔔金融养猪, 结束! 🕛 0.377 秒
Jun 15 06:32:00 
Jun 15 12:32:01 
Jun 15 12:32:01 🔔金融养猪, 开始!
Jun 15 12:32:01 
Jun 15 12:32:01 🔔金融养猪, 开始!
Jun 15 12:32:01 您的cookie选择的是用&隔开
Jun 15 12:32:01 
Jun 15 12:32:01 
Jun 15 12:32:01 ====================共有2个京东账号Cookie=========
Jun 15 12:32:01 
Jun 15 12:32:01 您的cookie选择的是用&隔开
Jun 15 12:32:01 
Jun 15 12:32:01 
Jun 15 12:32:01 ====================共有2个京东账号Cookie=========
Jun 15 12:32:01 
Jun 15 12:32:01 ==================脚本执行- 北京时间(UTC+8)：6/15/2021, 12:32:01 PM=====================
Jun 15 12:32:01 
Jun 15 12:32:01 ==================脚本执行- 北京时间(UTC+8)：6/15/2021, 12:32:01 PM=====================
Jun 15 12:32:01 
Jun 15 12:32:01 
Jun 15 12:32:01 开始【京东账号1】jd_RbuUwXHBNnJR
Jun 15 12:32:01 
Jun 15 12:32:01 
Jun 15 12:32:01 开始【京东账号1】jd_RbuUwXHBNnJR
Jun 15 12:32:01 
Jun 15 12:32:01 
Jun 15 12:32:01 京东账号1 jd_RbuUwXHBNnJR 未开启养猪活动,请手动去京东金融APP开启此活动
Jun 15 12:32:01 
Jun 15 12:32:01 
Jun 15 12:32:01 开始【京东账号2】jd_fMRfXcJHjROT
Jun 15 12:32:01 
Jun 15 12:32:01 
Jun 15 12:32:01 京东账号1 jd_RbuUwXHBNnJR 未开启养猪活动,请手动去京东金融APP开启此活动
Jun 15 12:32:01 
Jun 15 12:32:01 
Jun 15 12:32:01 开始【京东账号2】jd_fMRfXcJHjROT
Jun 15 12:32:01 
Jun 15 12:32:01 
Jun 15 12:32:01 京东账号2 jd_fMRfXcJHjROT 未开启养猪活动,请手动去京东金融APP开启此活动
Jun 15 12:32:01 
Jun 15 12:32:01 
Jun 15 12:32:01 🔔金融养猪, 结束! 🕛 0.408 秒
Jun 15 12:32:01 
Jun 15 12:32:01 
Jun 15 12:32:01 京东账号2 jd_fMRfXcJHjROT 未开启养猪活动,请手动去京东金融APP开启此活动
Jun 15 12:32:01 
Jun 15 12:32:01 
Jun 15 12:32:01 🔔金融养猪, 结束! 🕛 0.414 秒
Jun 15 12:32:01 
