Jun 14 00:08:00 
Jun 14 00:08:00 🔔✈️天天加速, 开始!
Jun 14 00:08:00 
Jun 14 00:08:00 🔔✈️天天加速, 开始!
Jun 14 00:08:00 您的cookie选择的是用&隔开
Jun 14 00:08:00 
Jun 14 00:08:00 
Jun 14 00:08:00 ====================共有2个京东账号Cookie=========
Jun 14 00:08:00 
Jun 14 00:08:00 您的cookie选择的是用&隔开
Jun 14 00:08:00 
Jun 14 00:08:00 
Jun 14 00:08:00 ====================共有2个京东账号Cookie=========
Jun 14 00:08:00 
Jun 14 00:08:00 ==================脚本执行- 北京时间(UTC+8)：6/14/2021, 12:08:00 AM=====================
Jun 14 00:08:00 
Jun 14 00:08:00 ==================脚本执行- 北京时间(UTC+8)：6/14/2021, 12:08:00 AM=====================
Jun 14 00:08:00 
Jun 14 00:08:00 
Jun 14 00:08:00 开始【京东账号1】赛格di
Jun 14 00:08:00 
Jun 14 00:08:00 
Jun 14 00:08:00 开始【京东账号1】赛格di
Jun 14 00:08:00 
Jun 14 00:08:00 
Jun 14 00:08:00 天天加速任务进行中
Jun 14 00:08:00 
Jun 14 00:08:00 天天加速任务进行中
Jun 14 00:08:00 
Jun 14 00:08:00 检查是否可领虫洞京豆奖励
Jun 14 00:08:00 
Jun 14 00:08:00 检查是否可领虫洞京豆奖励
Jun 14 00:08:00 
Jun 14 00:08:00 
Jun 14 00:08:00 
Jun 14 00:08:00 
Jun 14 00:08:00 ==============📣系统通知📣==============
Jun 14 00:08:00 ✈️天天加速
Jun 14 00:08:00 京东账号1  赛格di
Jun 14 00:08:00 虫洞任务：获得200京豆
Jun 14 00:08:00 
Jun 14 00:08:00 
Jun 14 00:08:00 您未提供server酱的SCKEY，取消微信推送消息通知🚫
Jun 14 00:08:00 
Jun 14 00:08:00 您未提供push+推送所需的PUSH_PLUS_TOKEN，取消push+推送消息通知🚫
Jun 14 00:08:00 
Jun 14 00:08:00 您未提供Bark的APP推送BARK_PUSH，取消Bark推送消息通知🚫
Jun 14 00:08:00 
Jun 14 00:08:00 您未提供telegram机器人推送所需的TG_BOT_TOKEN和TG_USER_ID，取消telegram推送消息通知🚫
Jun 14 00:08:00 
Jun 14 00:08:00 您未提供企业微信机器人推送所需的QYWX_KEY，取消企业微信推送消息通知🚫
Jun 14 00:08:00 
Jun 14 00:08:00 您未提供企业微信应用消息推送所需的QYWX_AM，取消企业微信应用消息推送消息通知🚫
Jun 14 00:08:00 
Jun 14 00:08:00 您未提供iGot的推送IGOT_PUSH_KEY，取消iGot推送消息通知🚫
Jun 14 00:08:00 
Jun 14 00:08:00 
Jun 14 00:08:00 开始【京东账号2】jd_fMRfXcJHjROT
Jun 14 00:08:00 
Jun 14 00:08:00 
Jun 14 00:08:00 天天加速任务进行中
Jun 14 00:08:00 钉钉发送通知消息成功🎉。
Jun 14 00:08:00 
Jun 14 00:08:00 
Jun 14 00:08:00 
Jun 14 00:08:00 
Jun 14 00:08:00 
Jun 14 00:08:00 开始【京东账号2】jd_fMRfXcJHjROT
Jun 14 00:08:00 
Jun 14 00:08:00 
Jun 14 00:08:00 检查是否可领虫洞京豆奖励
Jun 14 00:08:00 暂无可领取的虫洞京豆奖励
Jun 14 00:08:00 
Jun 14 00:08:00 
Jun 14 00:08:00 
Jun 14 00:08:00 
Jun 14 00:08:00 🔔✈️天天加速, 结束! 🕛 0.543 秒
Jun 14 00:08:00 
Jun 14 00:08:00 
Jun 14 00:08:00 天天加速任务进行中
Jun 14 00:08:00 
Jun 14 00:08:00 检查是否可领虫洞京豆奖励
Jun 14 00:08:00 暂无可领取的虫洞京豆奖励
Jun 14 00:08:00 
Jun 14 00:08:00 
Jun 14 00:08:00 
Jun 14 00:08:00 
Jun 14 00:08:00 🔔✈️天天加速, 结束! 🕛 0.65 秒
Jun 14 00:08:00 
Jun 14 03:08:00 
Jun 14 03:08:00 🔔✈️天天加速, 开始!
Jun 14 03:08:00 
Jun 14 03:08:00 🔔✈️天天加速, 开始!
Jun 14 03:08:00 您的cookie选择的是用&隔开
Jun 14 03:08:00 
Jun 14 03:08:00 
Jun 14 03:08:00 ====================共有2个京东账号Cookie=========
Jun 14 03:08:00 
Jun 14 03:08:00 您的cookie选择的是用&隔开
Jun 14 03:08:00 
Jun 14 03:08:00 
Jun 14 03:08:00 ====================共有2个京东账号Cookie=========
Jun 14 03:08:00 
Jun 14 03:08:00 ==================脚本执行- 北京时间(UTC+8)：6/14/2021, 3:08:00 AM=====================
Jun 14 03:08:00 
Jun 14 03:08:00 ==================脚本执行- 北京时间(UTC+8)：6/14/2021, 3:08:00 AM=====================
Jun 14 03:08:00 
Jun 14 03:08:00 
Jun 14 03:08:00 开始【京东账号1】jd_RbuUwXHBNnJR
Jun 14 03:08:00 
Jun 14 03:08:00 
Jun 14 03:08:00 开始【京东账号1】jd_RbuUwXHBNnJR
Jun 14 03:08:00 
Jun 14 03:08:00 
Jun 14 03:08:00 天天加速任务进行中
Jun 14 03:08:00 
Jun 14 03:08:00 天天加速任务进行中
Jun 14 03:08:01 
Jun 14 03:08:01 检查是否可领虫洞京豆奖励
Jun 14 03:08:01 暂无可领取的虫洞京豆奖励
Jun 14 03:08:01 
Jun 14 03:08:01 
Jun 14 03:08:01 
Jun 14 03:08:01 
Jun 14 03:08:01 开始【京东账号2】jd_fMRfXcJHjROT
Jun 14 03:08:01 
Jun 14 03:08:01 
Jun 14 03:08:01 天天加速任务进行中
Jun 14 03:08:01 
Jun 14 03:08:01 检查是否可领虫洞京豆奖励
Jun 14 03:08:01 暂无可领取的虫洞京豆奖励
Jun 14 03:08:01 
Jun 14 03:08:01 
Jun 14 03:08:01 
Jun 14 03:08:01 
Jun 14 03:08:01 🔔✈️天天加速, 结束! 🕛 1.416 秒
Jun 14 03:08:01 
Jun 14 03:08:03 
Jun 14 03:08:03 检查是否可领虫洞京豆奖励
Jun 14 03:08:03 暂无可领取的虫洞京豆奖励
Jun 14 03:08:03 
Jun 14 03:08:03 
Jun 14 03:08:03 
Jun 14 03:08:03 
Jun 14 03:08:03 开始【京东账号2】jd_fMRfXcJHjROT
Jun 14 03:08:03 
Jun 14 03:08:03 
Jun 14 03:08:03 天天加速任务进行中
Jun 14 03:08:03 
Jun 14 03:08:03 检查是否可领虫洞京豆奖励
Jun 14 03:08:03 暂无可领取的虫洞京豆奖励
Jun 14 03:08:03 
Jun 14 03:08:03 
Jun 14 03:08:03 
Jun 14 03:08:03 
Jun 14 03:08:03 🔔✈️天天加速, 结束! 🕛 3.437 秒
Jun 14 03:08:03 
Jun 14 06:08:00 
Jun 14 06:08:00 🔔✈️天天加速, 开始!
Jun 14 06:08:00 
Jun 14 06:08:00 🔔✈️天天加速, 开始!
Jun 14 06:08:00 您的cookie选择的是用&隔开
Jun 14 06:08:00 
Jun 14 06:08:00 
Jun 14 06:08:00 ====================共有2个京东账号Cookie=========
Jun 14 06:08:00 
Jun 14 06:08:00 您的cookie选择的是用&隔开
Jun 14 06:08:00 
Jun 14 06:08:00 
Jun 14 06:08:00 ====================共有2个京东账号Cookie=========
Jun 14 06:08:00 
Jun 14 06:08:00 ==================脚本执行- 北京时间(UTC+8)：6/14/2021, 6:08:00 AM=====================
Jun 14 06:08:00 
Jun 14 06:08:00 ==================脚本执行- 北京时间(UTC+8)：6/14/2021, 6:08:00 AM=====================
Jun 14 06:08:00 
Jun 14 06:08:00 
Jun 14 06:08:00 开始【京东账号1】jd_RbuUwXHBNnJR
Jun 14 06:08:00 
Jun 14 06:08:00 
Jun 14 06:08:00 开始【京东账号1】jd_RbuUwXHBNnJR
Jun 14 06:08:00 
Jun 14 06:08:00 
Jun 14 06:08:00 天天加速任务进行中
Jun 14 06:08:00 
Jun 14 06:08:00 天天加速任务进行中
Jun 14 06:08:02 
Jun 14 06:08:02 检查是否可领虫洞京豆奖励
Jun 14 06:08:02 暂无可领取的虫洞京豆奖励
Jun 14 06:08:02 
Jun 14 06:08:02 
Jun 14 06:08:02 
Jun 14 06:08:02 
Jun 14 06:08:02 开始【京东账号2】jd_fMRfXcJHjROT
Jun 14 06:08:02 
Jun 14 06:08:02 
Jun 14 06:08:02 天天加速任务进行中
Jun 14 06:08:03 
Jun 14 06:08:03 检查是否可领虫洞京豆奖励
Jun 14 06:08:03 暂无可领取的虫洞京豆奖励
Jun 14 06:08:03 
Jun 14 06:08:03 
Jun 14 06:08:03 
Jun 14 06:08:03 
Jun 14 06:08:03 开始【京东账号2】jd_fMRfXcJHjROT
Jun 14 06:08:03 
Jun 14 06:08:03 
Jun 14 06:08:03 天天加速任务进行中
Jun 14 06:08:03 
Jun 14 06:08:03 检查是否可领虫洞京豆奖励
Jun 14 06:08:03 暂无可领取的虫洞京豆奖励
Jun 14 06:08:03 
Jun 14 06:08:03 
Jun 14 06:08:03 
Jun 14 06:08:03 
Jun 14 06:08:03 🔔✈️天天加速, 结束! 🕛 2.728 秒
Jun 14 06:08:03 
Jun 14 06:08:04 
Jun 14 06:08:04 检查是否可领虫洞京豆奖励
Jun 14 06:08:04 暂无可领取的虫洞京豆奖励
Jun 14 06:08:04 
Jun 14 06:08:04 
Jun 14 06:08:04 
Jun 14 06:08:04 
Jun 14 06:08:04 🔔✈️天天加速, 结束! 🕛 3.532 秒
Jun 14 06:08:04 
Jun 14 09:08:01 
Jun 14 09:08:01 🔔✈️天天加速, 开始!
Jun 14 09:08:01 
Jun 14 09:08:01 🔔✈️天天加速, 开始!
Jun 14 09:08:01 您的cookie选择的是用&隔开
Jun 14 09:08:01 
Jun 14 09:08:01 
Jun 14 09:08:01 ====================共有2个京东账号Cookie=========
Jun 14 09:08:01 
Jun 14 09:08:01 您的cookie选择的是用&隔开
Jun 14 09:08:01 
Jun 14 09:08:01 
Jun 14 09:08:01 ====================共有2个京东账号Cookie=========
Jun 14 09:08:01 
Jun 14 09:08:01 ==================脚本执行- 北京时间(UTC+8)：6/14/2021, 9:08:01 AM=====================
Jun 14 09:08:01 
Jun 14 09:08:01 ==================脚本执行- 北京时间(UTC+8)：6/14/2021, 9:08:01 AM=====================
Jun 14 09:08:01 
Jun 14 09:08:01 
Jun 14 09:08:01 开始【京东账号1】jd_RbuUwXHBNnJR
Jun 14 09:08:01 
Jun 14 09:08:01 
Jun 14 09:08:01 开始【京东账号1】jd_RbuUwXHBNnJR
Jun 14 09:08:01 
Jun 14 09:08:01 
Jun 14 09:08:01 天天加速任务进行中
Jun 14 09:08:01 
Jun 14 09:08:01 天天加速任务进行中
Jun 14 09:08:03 
Jun 14 09:08:03 检查是否可领虫洞京豆奖励
Jun 14 09:08:03 暂无可领取的虫洞京豆奖励
Jun 14 09:08:03 
Jun 14 09:08:03 
Jun 14 09:08:03 
Jun 14 09:08:03 
Jun 14 09:08:03 开始【京东账号2】jd_fMRfXcJHjROT
Jun 14 09:08:03 
Jun 14 09:08:03 
Jun 14 09:08:03 天天加速任务进行中
Jun 14 09:08:03 
Jun 14 09:08:03 检查是否可领虫洞京豆奖励
Jun 14 09:08:03 暂无可领取的虫洞京豆奖励
Jun 14 09:08:03 
Jun 14 09:08:03 
Jun 14 09:08:03 
Jun 14 09:08:03 
Jun 14 09:08:03 开始【京东账号2】jd_fMRfXcJHjROT
Jun 14 09:08:03 
Jun 14 09:08:04 
Jun 14 09:08:04 天天加速任务进行中
Jun 14 09:08:04 
Jun 14 09:08:04 检查是否可领虫洞京豆奖励
Jun 14 09:08:04 暂无可领取的虫洞京豆奖励
Jun 14 09:08:04 
Jun 14 09:08:04 
Jun 14 09:08:04 
Jun 14 09:08:04 
Jun 14 09:08:04 🔔✈️天天加速, 结束! 🕛 3.45 秒
Jun 14 09:08:04 
Jun 14 09:08:04 
Jun 14 09:08:04 检查是否可领虫洞京豆奖励
Jun 14 09:08:04 暂无可领取的虫洞京豆奖励
Jun 14 09:08:04 
Jun 14 09:08:04 
Jun 14 09:08:04 
Jun 14 09:08:04 
Jun 14 09:08:04 🔔✈️天天加速, 结束! 🕛 3.64 秒
Jun 14 09:08:04 
Jun 14 12:08:00 
Jun 14 12:08:00 🔔✈️天天加速, 开始!
Jun 14 12:08:00 
Jun 14 12:08:00 🔔✈️天天加速, 开始!
Jun 14 12:08:00 您的cookie选择的是用&隔开
Jun 14 12:08:00 
Jun 14 12:08:00 
Jun 14 12:08:00 ====================共有2个京东账号Cookie=========
Jun 14 12:08:00 
Jun 14 12:08:00 您的cookie选择的是用&隔开
Jun 14 12:08:00 
Jun 14 12:08:00 
Jun 14 12:08:00 ====================共有2个京东账号Cookie=========
Jun 14 12:08:00 
Jun 14 12:08:00 ==================脚本执行- 北京时间(UTC+8)：6/14/2021, 12:08:00 PM=====================
Jun 14 12:08:00 
Jun 14 12:08:00 ==================脚本执行- 北京时间(UTC+8)：6/14/2021, 12:08:00 PM=====================
Jun 14 12:08:00 
Jun 14 12:08:00 
Jun 14 12:08:00 开始【京东账号1】jd_RbuUwXHBNnJR
Jun 14 12:08:00 
Jun 14 12:08:00 
Jun 14 12:08:00 开始【京东账号1】jd_RbuUwXHBNnJR
Jun 14 12:08:00 
Jun 14 12:08:00 
Jun 14 12:08:00 天天加速任务进行中
Jun 14 12:08:00 
Jun 14 12:08:00 天天加速任务进行中
Jun 14 12:08:00 
Jun 14 12:08:00 检查是否可领虫洞京豆奖励
Jun 14 12:08:00 暂无可领取的虫洞京豆奖励
Jun 14 12:08:00 
Jun 14 12:08:00 
Jun 14 12:08:00 
Jun 14 12:08:00 
Jun 14 12:08:00 检查是否可领虫洞京豆奖励
Jun 14 12:08:00 暂无可领取的虫洞京豆奖励
Jun 14 12:08:00 
Jun 14 12:08:00 
Jun 14 12:08:00 
Jun 14 12:08:00 
Jun 14 12:08:00 开始【京东账号2】jd_fMRfXcJHjROT
Jun 14 12:08:00 
Jun 14 12:08:00 
Jun 14 12:08:00 开始【京东账号2】jd_fMRfXcJHjROT
Jun 14 12:08:00 
Jun 14 12:08:00 
Jun 14 12:08:00 天天加速任务进行中
Jun 14 12:08:00 
Jun 14 12:08:00 天天加速任务进行中
Jun 14 12:08:01 
Jun 14 12:08:01 检查是否可领虫洞京豆奖励
Jun 14 12:08:01 暂无可领取的虫洞京豆奖励
Jun 14 12:08:01 
Jun 14 12:08:01 
Jun 14 12:08:01 
Jun 14 12:08:01 
Jun 14 12:08:01 🔔✈️天天加速, 结束! 🕛 0.773 秒
Jun 14 12:08:01 
Jun 14 12:08:01 
Jun 14 12:08:01 检查是否可领虫洞京豆奖励
Jun 14 12:08:01 暂无可领取的虫洞京豆奖励
Jun 14 12:08:01 
Jun 14 12:08:01 
Jun 14 12:08:01 
Jun 14 12:08:01 
Jun 14 12:08:01 🔔✈️天天加速, 结束! 🕛 0.802 秒
Jun 14 12:08:01 
Jun 14 15:08:00 
Jun 14 15:08:00 🔔✈️天天加速, 开始!
Jun 14 15:08:00 
Jun 14 15:08:00 🔔✈️天天加速, 开始!
Jun 14 15:08:00 您的cookie选择的是用&隔开
Jun 14 15:08:00 
Jun 14 15:08:00 
Jun 14 15:08:00 ====================共有2个京东账号Cookie=========
Jun 14 15:08:00 
Jun 14 15:08:00 您的cookie选择的是用&隔开
Jun 14 15:08:00 
Jun 14 15:08:00 
Jun 14 15:08:00 ====================共有2个京东账号Cookie=========
Jun 14 15:08:00 
Jun 14 15:08:00 ==================脚本执行- 北京时间(UTC+8)：6/14/2021, 3:08:00 PM=====================
Jun 14 15:08:00 
Jun 14 15:08:00 ==================脚本执行- 北京时间(UTC+8)：6/14/2021, 3:08:00 PM=====================
Jun 14 15:08:00 
Jun 14 15:08:00 
Jun 14 15:08:00 开始【京东账号1】jd_RbuUwXHBNnJR
Jun 14 15:08:00 
Jun 14 15:08:00 
Jun 14 15:08:00 开始【京东账号1】jd_RbuUwXHBNnJR
Jun 14 15:08:00 
Jun 14 15:08:00 
Jun 14 15:08:00 天天加速任务进行中
Jun 14 15:08:00 
Jun 14 15:08:00 天天加速任务进行中
Jun 14 15:08:01 
Jun 14 15:08:01 检查是否可领虫洞京豆奖励
Jun 14 15:08:01 暂无可领取的虫洞京豆奖励
Jun 14 15:08:01 
Jun 14 15:08:01 
Jun 14 15:08:01 
Jun 14 15:08:01 
Jun 14 15:08:01 开始【京东账号2】jd_fMRfXcJHjROT
Jun 14 15:08:01 
Jun 14 15:08:01 
Jun 14 15:08:01 天天加速任务进行中
Jun 14 15:08:02 
Jun 14 15:08:02 检查是否可领虫洞京豆奖励
Jun 14 15:08:02 暂无可领取的虫洞京豆奖励
Jun 14 15:08:02 
Jun 14 15:08:02 
Jun 14 15:08:02 
Jun 14 15:08:02 
Jun 14 15:08:02 开始【京东账号2】jd_fMRfXcJHjROT
Jun 14 15:08:02 
Jun 14 15:08:02 
Jun 14 15:08:02 天天加速任务进行中
Jun 14 15:08:02 
Jun 14 15:08:02 检查是否可领虫洞京豆奖励
Jun 14 15:08:02 暂无可领取的虫洞京豆奖励
Jun 14 15:08:02 
Jun 14 15:08:02 
Jun 14 15:08:02 
Jun 14 15:08:02 
Jun 14 15:08:02 🔔✈️天天加速, 结束! 🕛 2.146 秒
Jun 14 15:08:02 
Jun 14 15:08:03 
Jun 14 15:08:03 检查是否可领虫洞京豆奖励
Jun 14 15:08:03 暂无可领取的虫洞京豆奖励
Jun 14 15:08:03 
Jun 14 15:08:03 
Jun 14 15:08:03 
Jun 14 15:08:03 
Jun 14 15:08:03 🔔✈️天天加速, 结束! 🕛 2.567 秒
Jun 14 15:08:03 
Jun 14 18:08:00 
Jun 14 18:08:00Jun 14 18:08:00 
 🔔✈️天天加速, 开始!
Jun 14 18:08:00 🔔✈️天天加速, 开始!
Jun 14 18:08:00 您的cookie选择的是用&隔开
Jun 14 18:08:00 
Jun 14 18:08:00Jun 14 18:08:00 您的cookie选择的是用&隔开
 
Jun 14 18:08:00Jun 14 18:08:00 
 ====================共有2个京东账号Cookie=========
Jun 14 18:08:00Jun 14 18:08:00 
 
Jun 14 18:08:00 ====================共有2个京东账号Cookie=========
Jun 14 18:08:00 
Jun 14 18:08:00Jun 14 18:08:00 ==================脚本执行- 北京时间(UTC+8)：6/14/2021, 6:08:00 PM=====================
 ==================脚本执行- 北京时间(UTC+8)：6/14/2021, 6:08:00 PM=====================
Jun 14 18:08:00Jun 14 18:08:00 
 
Jun 14 18:08:00 
Jun 14 18:08:00 开始【京东账号1】jd_RbuUwXHBNnJR
Jun 14 18:08:00 
Jun 14 18:08:00 
Jun 14 18:08:00 开始【京东账号1】jd_RbuUwXHBNnJR
Jun 14 18:08:00 
Jun 14 18:08:00 
Jun 14 18:08:00 天天加速任务进行中
Jun 14 18:08:00 
Jun 14 18:08:00 天天加速任务进行中
Jun 14 18:08:00 
Jun 14 18:08:00 检查是否可领虫洞京豆奖励
Jun 14 18:08:00 暂无可领取的虫洞京豆奖励
Jun 14 18:08:00 
Jun 14 18:08:00 
Jun 14 18:08:00 
Jun 14 18:08:00 
Jun 14 18:08:00 检查是否可领虫洞京豆奖励
Jun 14 18:08:00 暂无可领取的虫洞京豆奖励
Jun 14 18:08:00 
Jun 14 18:08:00 
Jun 14 18:08:00 
Jun 14 18:08:00 
Jun 14 18:08:00 开始【京东账号2】jd_fMRfXcJHjROT
Jun 14 18:08:00 
Jun 14 18:08:00 
Jun 14 18:08:00 开始【京东账号2】jd_fMRfXcJHjROT
Jun 14 18:08:00 
Jun 14 18:08:00 
Jun 14 18:08:00 天天加速任务进行中
Jun 14 18:08:00 
Jun 14 18:08:00 天天加速任务进行中
Jun 14 18:08:00 
Jun 14 18:08:00 检查是否可领虫洞京豆奖励
Jun 14 18:08:00 暂无可领取的虫洞京豆奖励
Jun 14 18:08:00 
Jun 14 18:08:00 
Jun 14 18:08:00 
Jun 14 18:08:00 
Jun 14 18:08:00 🔔✈️天天加速, 结束! 🕛 0.492 秒
Jun 14 18:08:00 
Jun 14 18:08:00 
Jun 14 18:08:00 检查是否可领虫洞京豆奖励
Jun 14 18:08:00 暂无可领取的虫洞京豆奖励
Jun 14 18:08:00 
Jun 14 18:08:00 
Jun 14 18:08:00 
Jun 14 18:08:00 
Jun 14 18:08:00 🔔✈️天天加速, 结束! 🕛 0.504 秒
Jun 14 18:08:00 
Jun 14 21:08:00 
Jun 14 21:08:00 🔔✈️天天加速, 开始!
Jun 14 21:08:00 
Jun 14 21:08:00 🔔✈️天天加速, 开始!
Jun 14 21:08:00 您的cookie选择的是用&隔开
Jun 14 21:08:00 
Jun 14 21:08:00 
Jun 14 21:08:00 ====================共有2个京东账号Cookie=========
Jun 14 21:08:00Jun 14 21:08:00 
 您的cookie选择的是用&隔开
Jun 14 21:08:00 
Jun 14 21:08:00 
Jun 14 21:08:00 ====================共有2个京东账号Cookie=========
Jun 14 21:08:00 
Jun 14 21:08:00 ==================脚本执行- 北京时间(UTC+8)：6/14/2021, 9:08:00 PM=====================
Jun 14 21:08:00 
Jun 14 21:08:00 ==================脚本执行- 北京时间(UTC+8)：6/14/2021, 9:08:00 PM=====================
Jun 14 21:08:00 
Jun 14 21:08:00 
Jun 14 21:08:00 开始【京东账号1】jd_RbuUwXHBNnJR
Jun 14 21:08:00 
Jun 14 21:08:00 
Jun 14 21:08:00 开始【京东账号1】jd_RbuUwXHBNnJR
Jun 14 21:08:00 
Jun 14 21:08:00 
Jun 14 21:08:00 天天加速任务进行中
Jun 14 21:08:00 
Jun 14 21:08:00 天天加速任务进行中
Jun 14 21:08:02 
Jun 14 21:08:02 检查是否可领虫洞京豆奖励
Jun 14 21:08:02 暂无可领取的虫洞京豆奖励
Jun 14 21:08:02 
Jun 14 21:08:02 
Jun 14 21:08:02 
Jun 14 21:08:02 
Jun 14 21:08:02 开始【京东账号2】jd_fMRfXcJHjROT
Jun 14 21:08:02 
Jun 14 21:08:02 
Jun 14 21:08:02 天天加速任务进行中
Jun 14 21:08:03 
Jun 14 21:08:03 检查是否可领虫洞京豆奖励
Jun 14 21:08:03 暂无可领取的虫洞京豆奖励
Jun 14 21:08:03 
Jun 14 21:08:03 
Jun 14 21:08:03 
Jun 14 21:08:03 
Jun 14 21:08:03 🔔✈️天天加速, 结束! 🕛 2.924 秒
Jun 14 21:08:03 
Jun 14 21:08:03 
Jun 14 21:08:03 检查是否可领虫洞京豆奖励
Jun 14 21:08:03 暂无可领取的虫洞京豆奖励
Jun 14 21:08:03 
Jun 14 21:08:03 
Jun 14 21:08:03 
Jun 14 21:08:03 
Jun 14 21:08:03 开始【京东账号2】jd_fMRfXcJHjROT
Jun 14 21:08:03 
Jun 14 21:08:03 
Jun 14 21:08:03 天天加速任务进行中
Jun 14 21:08:04 
Jun 14 21:08:04 检查是否可领虫洞京豆奖励
Jun 14 21:08:04 暂无可领取的虫洞京豆奖励
Jun 14 21:08:04 
Jun 14 21:08:04 
Jun 14 21:08:04 
Jun 14 21:08:04 
Jun 14 21:08:04 🔔✈️天天加速, 结束! 🕛 3.544 秒
Jun 14 21:08:04 
Jun 15 00:08:00Jun 15 00:08:00 
 
Jun 15 00:08:00 🔔✈️天天加速, 开始!
Jun 15 00:08:00 🔔✈️天天加速, 开始!
Jun 15 00:08:00 您的cookie选择的是用&隔开
Jun 15 00:08:00 
Jun 15 00:08:00 
Jun 15 00:08:00 ====================共有2个京东账号Cookie=========
Jun 15 00:08:00 
Jun 15 00:08:00 您的cookie选择的是用&隔开
Jun 15 00:08:00 
Jun 15 00:08:00 
Jun 15 00:08:00 ====================共有2个京东账号Cookie=========
Jun 15 00:08:00 
Jun 15 00:08:00 ==================脚本执行- 北京时间(UTC+8)：6/15/2021, 12:08:00 AM=====================
Jun 15 00:08:00 
Jun 15 00:08:00 ==================脚本执行- 北京时间(UTC+8)：6/15/2021, 12:08:00 AM=====================
Jun 15 00:08:00 
Jun 15 00:08:00 
Jun 15 00:08:00 开始【京东账号1】jd_RbuUwXHBNnJR
Jun 15 00:08:00 
Jun 15 00:08:00 
Jun 15 00:08:00 开始【京东账号1】jd_RbuUwXHBNnJR
Jun 15 00:08:00 
Jun 15 00:08:01 
Jun 15 00:08:01 天天加速任务进行中
Jun 15 00:08:01 
Jun 15 00:08:01 天天加速任务进行中
Jun 15 00:08:03 
Jun 15 00:08:03 检查是否可领虫洞京豆奖励
Jun 15 00:08:03 暂无可领取的虫洞京豆奖励
Jun 15 00:08:03 
Jun 15 00:08:03 
Jun 15 00:08:03 
Jun 15 00:08:03 
Jun 15 00:08:03 检查是否可领虫洞京豆奖励
Jun 15 00:08:03 暂无可领取的虫洞京豆奖励
Jun 15 00:08:03 
Jun 15 00:08:03 
Jun 15 00:08:03 
Jun 15 00:08:03 
Jun 15 00:08:03 开始【京东账号2】jd_fMRfXcJHjROT
Jun 15 00:08:03 
Jun 15 00:08:03 
Jun 15 00:08:03 开始【京东账号2】jd_fMRfXcJHjROT
Jun 15 00:08:03 
Jun 15 00:08:03 
Jun 15 00:08:03 天天加速任务进行中
Jun 15 00:08:03 
Jun 15 00:08:03 天天加速任务进行中
Jun 15 00:08:03 
Jun 15 00:08:03 检查是否可领虫洞京豆奖励
Jun 15 00:08:03 暂无可领取的虫洞京豆奖励
Jun 15 00:08:03 
Jun 15 00:08:03 
Jun 15 00:08:03 
Jun 15 00:08:03 
Jun 15 00:08:03 🔔✈️天天加速, 结束! 🕛 3.182 秒
Jun 15 00:08:03 
Jun 15 00:08:04 
Jun 15 00:08:04 检查是否可领虫洞京豆奖励
Jun 15 00:08:04 暂无可领取的虫洞京豆奖励
Jun 15 00:08:04 
Jun 15 00:08:04 
Jun 15 00:08:04 
Jun 15 00:08:04 
Jun 15 00:08:04 🔔✈️天天加速, 结束! 🕛 3.602 秒
Jun 15 00:08:04 
Jun 15 03:08:00Jun 15 03:08:00 
 
Jun 15 03:08:00Jun 15 03:08:00 🔔✈️天天加速, 开始!
 🔔✈️天天加速, 开始!
Jun 15 03:08:00 您的cookie选择的是用&隔开
Jun 15 03:08:00 
Jun 15 03:08:00 
Jun 15 03:08:00 ====================共有2个京东账号Cookie=========
Jun 15 03:08:00 
Jun 15 03:08:00 您的cookie选择的是用&隔开
Jun 15 03:08:00 
Jun 15 03:08:00 
Jun 15 03:08:00 ====================共有2个京东账号Cookie=========
Jun 15 03:08:00 
Jun 15 03:08:00 ==================脚本执行- 北京时间(UTC+8)：6/15/2021, 3:08:00 AM=====================
Jun 15 03:08:00 
Jun 15 03:08:00 ==================脚本执行- 北京时间(UTC+8)：6/15/2021, 3:08:00 AM=====================
Jun 15 03:08:00 
Jun 15 03:08:00 
Jun 15 03:08:00 开始【京东账号1】jd_RbuUwXHBNnJR
Jun 15 03:08:00 
Jun 15 03:08:00 
Jun 15 03:08:00 开始【京东账号1】jd_RbuUwXHBNnJR
Jun 15 03:08:00 
Jun 15 03:08:00 
Jun 15 03:08:00 天天加速任务进行中
Jun 15 03:08:00 
Jun 15 03:08:00 天天加速任务进行中
Jun 15 03:08:00 
Jun 15 03:08:00 检查是否可领虫洞京豆奖励
Jun 15 03:08:00 暂无可领取的虫洞京豆奖励
Jun 15 03:08:00 
Jun 15 03:08:00 检查是否可领虫洞京豆奖励
Jun 15 03:08:00 暂无可领取的虫洞京豆奖励
Jun 15 03:08:00 
Jun 15 03:08:00 
Jun 15 03:08:00 
Jun 15 03:08:00 
Jun 15 03:08:00 
Jun 15 03:08:00 
Jun 15 03:08:00 
Jun 15 03:08:00 开始【京东账号2】jd_fMRfXcJHjROT
Jun 15 03:08:00 
Jun 15 03:08:00 
Jun 15 03:08:00 开始【京东账号2】jd_fMRfXcJHjROT
Jun 15 03:08:00 
Jun 15 03:08:00 
Jun 15 03:08:00 天天加速任务进行中
Jun 15 03:08:00 
Jun 15 03:08:00 天天加速任务进行中
Jun 15 03:08:00 
Jun 15 03:08:00 检查是否可领虫洞京豆奖励
Jun 15 03:08:00 暂无可领取的虫洞京豆奖励
Jun 15 03:08:00 
Jun 15 03:08:00 检查是否可领虫洞京豆奖励
Jun 15 03:08:00 暂无可领取的虫洞京豆奖励
Jun 15 03:08:00 
Jun 15 03:08:00 
Jun 15 03:08:00 
Jun 15 03:08:00 
Jun 15 03:08:00 
Jun 15 03:08:00 
Jun 15 03:08:00 
Jun 15 03:08:00Jun 15 03:08:00 
 🔔✈️天天加速, 结束! 🕛 0.505 秒
Jun 15 03:08:00 🔔✈️天天加速, 结束! 🕛 0.505 秒
Jun 15 03:08:00Jun 15 03:08:00 
 
Jun 15 06:08:00 
Jun 15 06:08:00 🔔✈️天天加速, 开始!
Jun 15 06:08:00 您的cookie选择的是用&隔开
Jun 15 06:08:00 
Jun 15 06:08:00 
Jun 15 06:08:00 ====================共有2个京东账号Cookie=========
Jun 15 06:08:00 
Jun 15 06:08:00 
Jun 15 06:08:00 🔔✈️天天加速, 开始!
Jun 15 06:08:00 您的cookie选择的是用&隔开
Jun 15 06:08:00 
Jun 15 06:08:00 
Jun 15 06:08:00 ====================共有2个京东账号Cookie=========
Jun 15 06:08:00 
Jun 15 06:08:00 ==================脚本执行- 北京时间(UTC+8)：6/15/2021, 6:08:00 AM=====================
Jun 15 06:08:00 
Jun 15 06:08:00 ==================脚本执行- 北京时间(UTC+8)：6/15/2021, 6:08:00 AM=====================
Jun 15 06:08:00 
Jun 15 06:08:00 
Jun 15 06:08:00 开始【京东账号1】jd_RbuUwXHBNnJR
Jun 15 06:08:00 
Jun 15 06:08:00 
Jun 15 06:08:00 开始【京东账号1】jd_RbuUwXHBNnJR
Jun 15 06:08:00 
Jun 15 06:08:00 
Jun 15 06:08:00 天天加速任务进行中
Jun 15 06:08:00 
Jun 15 06:08:00 天天加速任务进行中
Jun 15 06:08:00 
Jun 15 06:08:00 检查是否可领虫洞京豆奖励
Jun 15 06:08:00 暂无可领取的虫洞京豆奖励
Jun 15 06:08:01 
Jun 15 06:08:01 
Jun 15 06:08:01 
Jun 15 06:08:01 
Jun 15 06:08:01 开始【京东账号2】jd_fMRfXcJHjROT
Jun 15 06:08:01 
Jun 15 06:08:01 
Jun 15 06:08:01 天天加速任务进行中
Jun 15 06:08:01 
Jun 15 06:08:01 检查是否可领虫洞京豆奖励
Jun 15 06:08:01 暂无可领取的虫洞京豆奖励
Jun 15 06:08:01 
Jun 15 06:08:01 
Jun 15 06:08:01 
Jun 15 06:08:01 
Jun 15 06:08:01 开始【京东账号2】jd_fMRfXcJHjROT
Jun 15 06:08:01 
Jun 15 06:08:01 
Jun 15 06:08:01 天天加速任务进行中
Jun 15 06:08:02 
Jun 15 06:08:02 检查是否可领虫洞京豆奖励
Jun 15 06:08:02 暂无可领取的虫洞京豆奖励
Jun 15 06:08:02 
Jun 15 06:08:02 
Jun 15 06:08:02 
Jun 15 06:08:02 
Jun 15 06:08:02 🔔✈️天天加速, 结束! 🕛 1.873 秒
Jun 15 06:08:02 
Jun 15 06:08:02 
Jun 15 06:08:02 检查是否可领虫洞京豆奖励
Jun 15 06:08:02 暂无可领取的虫洞京豆奖励
Jun 15 06:08:02 
Jun 15 06:08:02 
Jun 15 06:08:02 
Jun 15 06:08:02 
Jun 15 06:08:02 🔔✈️天天加速, 结束! 🕛 2.396 秒
Jun 15 06:08:02 
Jun 15 09:08:00 
Jun 15 09:08:00 🔔✈️天天加速, 开始!
Jun 15 09:08:00 
Jun 15 09:08:00 🔔✈️天天加速, 开始!
Jun 15 09:08:00 您的cookie选择的是用&隔开
Jun 15 09:08:00 
Jun 15 09:08:00 
Jun 15 09:08:00 ====================共有2个京东账号Cookie=========
Jun 15 09:08:00 
Jun 15 09:08:00 您的cookie选择的是用&隔开
Jun 15 09:08:00 
Jun 15 09:08:00 
Jun 15 09:08:00 ====================共有2个京东账号Cookie=========
Jun 15 09:08:00 
Jun 15 09:08:00 ==================脚本执行- 北京时间(UTC+8)：6/15/2021, 9:08:00 AM=====================
Jun 15 09:08:00 
Jun 15 09:08:00 ==================脚本执行- 北京时间(UTC+8)：6/15/2021, 9:08:00 AM=====================
Jun 15 09:08:00 
Jun 15 09:08:01 
Jun 15 09:08:01 开始【京东账号1】jd_RbuUwXHBNnJR
Jun 15 09:08:01 
Jun 15 09:08:01 
Jun 15 09:08:01 开始【京东账号1】jd_RbuUwXHBNnJR
Jun 15 09:08:01 
Jun 15 09:08:01 
Jun 15 09:08:01 天天加速任务进行中
Jun 15 09:08:01 
Jun 15 09:08:01 天天加速任务进行中
Jun 15 09:08:03 
Jun 15 09:08:03 检查是否可领虫洞京豆奖励
Jun 15 09:08:03 暂无可领取的虫洞京豆奖励
Jun 15 09:08:03 
Jun 15 09:08:03 
Jun 15 09:08:03 
Jun 15 09:08:03 
Jun 15 09:08:03 开始【京东账号2】jd_fMRfXcJHjROT
Jun 15 09:08:03 
Jun 15 09:08:03 
Jun 15 09:08:03 天天加速任务进行中
Jun 15 09:08:03 
Jun 15 09:08:03 检查是否可领虫洞京豆奖励
Jun 15 09:08:03 暂无可领取的虫洞京豆奖励
Jun 15 09:08:03 
Jun 15 09:08:03 
Jun 15 09:08:03 
Jun 15 09:08:03 
Jun 15 09:08:03 开始【京东账号2】jd_fMRfXcJHjROT
Jun 15 09:08:03 
Jun 15 09:08:03 
Jun 15 09:08:03 天天加速任务进行中
Jun 15 09:08:04 
Jun 15 09:08:04 检查是否可领虫洞京豆奖励
Jun 15 09:08:04 暂无可领取的虫洞京豆奖励
Jun 15 09:08:04 
Jun 15 09:08:04 
Jun 15 09:08:04 
Jun 15 09:08:04 
Jun 15 09:08:04 🔔✈️天天加速, 结束! 🕛 3.191 秒
Jun 15 09:08:04 
Jun 15 09:08:04 
Jun 15 09:08:04 检查是否可领虫洞京豆奖励
Jun 15 09:08:04 暂无可领取的虫洞京豆奖励
Jun 15 09:08:04 
Jun 15 09:08:04 
Jun 15 09:08:04 
Jun 15 09:08:04 
Jun 15 09:08:04 🔔✈️天天加速, 结束! 🕛 3.589 秒
Jun 15 09:08:04 
Jun 15 12:08:00 
Jun 15 12:08:00 🔔✈️天天加速, 开始!
Jun 15 12:08:00 
Jun 15 12:08:00 🔔✈️天天加速, 开始!
Jun 15 12:08:00 您的cookie选择的是用&隔开
Jun 15 12:08:00 
Jun 15 12:08:00 
Jun 15 12:08:00 ====================共有2个京东账号Cookie=========
Jun 15 12:08:00 
Jun 15 12:08:00 您的cookie选择的是用&隔开
Jun 15 12:08:00 
Jun 15 12:08:00 
Jun 15 12:08:00 ====================共有2个京东账号Cookie=========
Jun 15 12:08:00 
Jun 15 12:08:00 ==================脚本执行- 北京时间(UTC+8)：6/15/2021, 12:08:00 PM=====================
Jun 15 12:08:00 
Jun 15 12:08:00 ==================脚本执行- 北京时间(UTC+8)：6/15/2021, 12:08:00 PM=====================
Jun 15 12:08:00 
Jun 15 12:08:00 
Jun 15 12:08:00 开始【京东账号1】jd_RbuUwXHBNnJR
Jun 15 12:08:00 
Jun 15 12:08:00 
Jun 15 12:08:00 开始【京东账号1】jd_RbuUwXHBNnJR
Jun 15 12:08:00 
Jun 15 12:08:00 
Jun 15 12:08:00 天天加速任务进行中
Jun 15 12:08:00 
Jun 15 12:08:00 天天加速任务进行中
Jun 15 12:08:02 
Jun 15 12:08:02 检查是否可领虫洞京豆奖励
Jun 15 12:08:02 暂无可领取的虫洞京豆奖励
Jun 15 12:08:02 
Jun 15 12:08:02 
Jun 15 12:08:02 
Jun 15 12:08:02 
Jun 15 12:08:02 开始【京东账号2】jd_fMRfXcJHjROT
Jun 15 12:08:02 
Jun 15 12:08:02 
Jun 15 12:08:02 天天加速任务进行中
Jun 15 12:08:02 
Jun 15 12:08:02 检查是否可领虫洞京豆奖励
Jun 15 12:08:02 暂无可领取的虫洞京豆奖励
Jun 15 12:08:02 
Jun 15 12:08:02 
Jun 15 12:08:02 
Jun 15 12:08:02 
Jun 15 12:08:02 开始【京东账号2】jd_fMRfXcJHjROT
Jun 15 12:08:02 
Jun 15 12:08:02 
Jun 15 12:08:02 天天加速任务进行中
Jun 15 12:08:05 
Jun 15 12:08:05 
Jun 15 12:08:05 
Jun 15 12:08:05 
Jun 15 12:08:05 🔔✈️天天加速, 结束! 🕛 4.823 秒
Jun 15 12:08:05 
Jun 15 12:08:06 
Jun 15 12:08:06 
Jun 15 12:08:06 
Jun 15 12:08:06 
Jun 15 12:08:06 🔔✈️天天加速, 结束! 🕛 5.573 秒
Jun 15 12:08:06 
Jun 15 15:08:00 
Jun 15 15:08:00 🔔✈️天天加速, 开始!
Jun 15 15:08:00 
Jun 15 15:08:00 🔔✈️天天加速, 开始!
Jun 15 15:08:00 您的cookie选择的是用&隔开
Jun 15 15:08:00 
Jun 15 15:08:00 
Jun 15 15:08:00 ====================共有2个京东账号Cookie=========
Jun 15 15:08:00 
Jun 15 15:08:00 您的cookie选择的是用&隔开
Jun 15 15:08:00 
Jun 15 15:08:00 
Jun 15 15:08:00 ====================共有2个京东账号Cookie=========
Jun 15 15:08:00 
Jun 15 15:08:00 ==================脚本执行- 北京时间(UTC+8)：6/15/2021, 3:08:00 PM=====================
Jun 15 15:08:00 
Jun 15 15:08:00 ==================脚本执行- 北京时间(UTC+8)：6/15/2021, 3:08:00 PM=====================
Jun 15 15:08:00 
Jun 15 15:08:00 
Jun 15 15:08:00 开始【京东账号1】jd_RbuUwXHBNnJR
Jun 15 15:08:00 
Jun 15 15:08:00 
Jun 15 15:08:00 开始【京东账号1】jd_RbuUwXHBNnJR
Jun 15 15:08:00 
Jun 15 15:08:00 
Jun 15 15:08:00 天天加速任务进行中
Jun 15 15:08:00 
Jun 15 15:08:00 天天加速任务进行中
Jun 15 15:08:00 
Jun 15 15:08:00 检查是否可领虫洞京豆奖励
Jun 15 15:08:00 暂无可领取的虫洞京豆奖励
Jun 15 15:08:00 
Jun 15 15:08:00 
Jun 15 15:08:00 
Jun 15 15:08:00 
Jun 15 15:08:00 检查是否可领虫洞京豆奖励
Jun 15 15:08:00 暂无可领取的虫洞京豆奖励
Jun 15 15:08:00 
Jun 15 15:08:00 
Jun 15 15:08:00 
Jun 15 15:08:00 
Jun 15 15:08:00 开始【京东账号2】jd_fMRfXcJHjROT
Jun 15 15:08:00 
Jun 15 15:08:00 
Jun 15 15:08:00 开始【京东账号2】jd_fMRfXcJHjROT
Jun 15 15:08:00 
Jun 15 15:08:00 
Jun 15 15:08:00 天天加速任务进行中
Jun 15 15:08:00 
Jun 15 15:08:00 天天加速任务进行中
Jun 15 15:08:00 
Jun 15 15:08:00 检查是否可领虫洞京豆奖励
Jun 15 15:08:00 暂无可领取的虫洞京豆奖励
Jun 15 15:08:00 
Jun 15 15:08:00 
Jun 15 15:08:00 
Jun 15 15:08:00 
Jun 15 15:08:00 🔔✈️天天加速, 结束! 🕛 0.45 秒
Jun 15 15:08:00 
Jun 15 15:08:00 
Jun 15 15:08:00 检查是否可领虫洞京豆奖励
Jun 15 15:08:00 暂无可领取的虫洞京豆奖励
Jun 15 15:08:00 
Jun 15 15:08:00 
Jun 15 15:08:00 
Jun 15 15:08:00 
Jun 15 15:08:00 🔔✈️天天加速, 结束! 🕛 0.457 秒
Jun 15 15:08:00 
