Jun 14 01:21:00 
Jun 14 01:21:00 🔔京东极速版, 开始!
Jun 14 01:21:00 
Jun 14 01:21:00 🔔京东极速版, 开始!
Jun 14 01:21:00 您的cookie选择的是用&隔开
Jun 14 01:21:00 
Jun 14 01:21:00 
Jun 14 01:21:00 ====================共有2个京东账号Cookie=========
Jun 14 01:21:00 
Jun 14 01:21:00 您的cookie选择的是用&隔开
Jun 14 01:21:00 
Jun 14 01:21:00 
Jun 14 01:21:00 ====================共有2个京东账号Cookie=========
Jun 14 01:21:00 
Jun 14 01:21:00 ==================脚本执行- 北京时间(UTC+8)：6/14/2021, 1:21:00 AM=====================
Jun 14 01:21:00 
Jun 14 01:21:00 ==================脚本执行- 北京时间(UTC+8)：6/14/2021, 1:21:00 AM=====================
Jun 14 01:21:00 
Jun 14 01:21:00 
Jun 14 01:21:00 ******开始【京东账号1】jd_RbuUwXHBNnJR*********
Jun 14 01:21:00 
Jun 14 01:21:00 
Jun 14 01:21:00 ******开始【京东账号1】jd_RbuUwXHBNnJR*********
Jun 14 01:21:00 
Jun 14 01:21:00 京东极速版 API请求失败，请检查网路重试
Jun 14 01:21:00 京东极速版 API请求失败，请检查网路重试
Jun 14 01:21:00 【幸运大转盘】剩余抽奖机会：2
Jun 14 01:21:00 【幸运大转盘】剩余抽奖机会：2
Jun 14 01:21:00 幸运大转盘抽奖获得：空气
Jun 14 01:21:00 幸运大转盘抽奖获得：【undefined-0.50undefined】
Jun 14 01:21:00 
Jun 14 01:21:01 幸运大转盘抽奖获得：空气
Jun 14 01:21:01 幸运大转盘抽奖获得：【undefined-500undefined】
Jun 14 01:21:01 
Jun 14 01:21:02 去做任务转盘抽奖逛会场
Jun 14 01:21:02 去做任务转盘抽奖逛会场
Jun 14 01:21:02 {"success":false,"code":1001,"errMsg":"限流","data":null}
Jun 14 01:21:02 {"success":false,"code":1001,"errMsg":"限流","data":null}
Jun 14 01:21:02 【幸运大转盘】剩余抽奖机会：0
Jun 14 01:21:02 【幸运大转盘】剩余抽奖机会：0
Jun 14 01:21:02 签到失败，频繁点击
Jun 14 01:21:02 逛商品赚金币已完成
Jun 14 01:21:02 逛活动赚金币已完成
Jun 14 01:21:02 看视频赚金币已完成
Jun 14 01:21:02 签到获得0.13现金，共计获得7.97
Jun 14 01:21:02 邀好友赚金币任务完成成功，预计获得60金币
Jun 14 01:21:02 逛商品赚金币已完成
Jun 14 01:21:02 逛活动赚金币已完成
Jun 14 01:21:02 看视频赚金币已完成
Jun 14 01:21:02 邀好友赚金币已完成
Jun 14 01:21:02 拆红包得现金任务完成成功，预计获得60金币
Jun 14 01:21:03 任务完成失败，当前任务已完成
Jun 14 01:21:03 省钱大赢家任务完成成功，预计获得60金币
Jun 14 01:21:04 任务完成失败，当前任务已完成
Jun 14 01:21:04 签到提现任务完成成功，预计获得60金币
Jun 14 01:21:05 任务完成失败，当前任务已完成
Jun 14 01:21:05 东东爱消除任务完成成功，预计获得60金币
Jun 14 01:21:06 任务完成失败，当前任务已完成
Jun 14 01:21:06 购券抽大奖任务完成成功，预计获得60金币
Jun 14 01:21:07 任务完成失败，当前任务已完成
Jun 14 01:21:07 幸运转盘任务完成成功，预计获得60金币
Jun 14 01:21:08 任务完成失败，当前任务已完成
Jun 14 01:21:08 现金签到任务完成成功，预计获得60金币
Jun 14 01:21:09 任务完成失败，当前任务已完成
Jun 14 01:21:09 推推赚大钱任务完成成功，预计获得60金币
Jun 14 01:21:10 任务完成失败，当前任务已完成
Jun 14 01:21:10 天天抽奖任务完成成功，预计获得60金币
Jun 14 01:21:11 任务完成失败，当前任务已完成
Jun 14 01:21:11 水果免费领任务完成成功，预计获得60金币
Jun 14 01:21:12 任务完成失败，当前任务已完成
Jun 14 01:21:12 砍价免费拿任务完成成功，预计获得60金币
Jun 14 01:21:13 任务完成失败，当前任务已完成
Jun 14 01:21:14 气泡收取成功，获得60金币
Jun 14 01:21:14 气泡收取成功，获得60金币
Jun 14 01:21:14 气泡收取成功，获得60金币
Jun 14 01:21:15 气泡收取成功，获得60金币
Jun 14 01:21:15 气泡收取失败，该笔金币已领取，请刷新页面
Jun 14 01:21:15 气泡收取成功，获得60金币
Jun 14 01:21:15 气泡收取失败，该笔金币已领取，请刷新页面
Jun 14 01:21:16 气泡收取成功，获得60金币
Jun 14 01:21:16 气泡收取失败，该笔金币已领取，请刷新页面
Jun 14 01:21:16 气泡收取成功，获得60金币
Jun 14 01:21:17 气泡收取失败，该笔金币已领取，请刷新页面
Jun 14 01:21:17 气泡收取成功，获得60金币
Jun 14 01:21:17 气泡收取失败，该笔金币已领取，请刷新页面
Jun 14 01:21:18 气泡收取成功，获得60金币
Jun 14 01:21:18 气泡收取失败，该笔金币已领取，请刷新页面
Jun 14 01:21:18 气泡收取成功，获得60金币
Jun 14 01:21:18 气泡收取失败，该笔金币已领取，请刷新页面
Jun 14 01:21:19 气泡收取成功，获得60金币
Jun 14 01:21:19 气泡收取失败，该笔金币已领取，请刷新页面
Jun 14 01:21:19 气泡收取失败，活动太火爆，请稍后再试
Jun 14 01:21:19 气泡收取成功，获得60金币
Jun 14 01:21:20 
Jun 14 01:21:20 ==============📣系统通知📣==============
Jun 14 01:21:20 京东极速版
Jun 14 01:21:20 京东账号1jd_RbuUwXHBNnJR
Jun 14 01:21:20 幸运大转盘抽奖获得：【undefined-500undefined】
Jun 14 01:21:20 本次运行获得60金币，共计205596金币
Jun 14 01:21:20 
Jun 14 01:21:20 ==============📣系统通知📣==============
Jun 14 01:21:20 京东极速版
Jun 14 01:21:20 京东账号1jd_RbuUwXHBNnJR
Jun 14 01:21:20 幸运大转盘抽奖获得：【undefined-0.50undefined】
Jun 14 01:21:20 本次运行获得660金币，共计205596金币
Jun 14 01:21:22 
Jun 14 01:21:22 ******开始【京东账号2】jd_fMRfXcJHjROT*********
Jun 14 01:21:22 
Jun 14 01:21:22 
Jun 14 01:21:22 ******开始【京东账号2】jd_fMRfXcJHjROT*********
Jun 14 01:21:22 
Jun 14 01:21:22 京东极速版 API请求失败，请检查网路重试
Jun 14 01:21:22 京东极速版 API请求失败，请检查网路重试
Jun 14 01:21:22 【幸运大转盘】剩余抽奖机会：2
Jun 14 01:21:22 【幸运大转盘】剩余抽奖机会：2
Jun 14 01:21:22 幸运大转盘抽奖获得：空气
Jun 14 01:21:22 幸运大转盘抽奖获得：【undefined-0.50undefined】
Jun 14 01:21:22 
Jun 14 01:21:23 幸运大转盘抽奖获得：空气
Jun 14 01:21:23 幸运大转盘抽奖获得：【29-20福利神券-老人】
Jun 14 01:21:23 
Jun 14 01:21:23 去做任务转盘抽奖逛会场
Jun 14 01:21:23 去做任务转盘抽奖逛会场
Jun 14 01:21:23 {"success":false,"code":1001,"errMsg":"限流","data":null}
Jun 14 01:21:23 {"success":false,"code":1001,"errMsg":"限流","data":null}
Jun 14 01:21:23 【幸运大转盘】剩余抽奖机会：0
Jun 14 01:21:23 【幸运大转盘】剩余抽奖机会：0
Jun 14 01:21:24 签到失败，频繁点击
Jun 14 01:21:24 签到获得0.10现金，共计获得6.22
Jun 14 01:21:24 逛商品赚金币已完成
Jun 14 01:21:24 逛活动赚金币已完成
Jun 14 01:21:24 看视频赚金币已完成
Jun 14 01:21:24 逛商品赚金币已完成
Jun 14 01:21:24 逛活动赚金币已完成
Jun 14 01:21:24 看视频赚金币已完成
Jun 14 01:21:24 邀好友赚金币任务完成成功，预计获得60金币
Jun 14 01:21:24 任务完成失败，当前任务已完成
Jun 14 01:21:25 拆红包得现金任务完成成功，预计获得60金币
Jun 14 01:21:25 任务完成失败，当前任务已完成
Jun 14 01:21:26 省钱大赢家任务完成成功，预计获得60金币
Jun 14 01:21:26 任务完成失败，当前任务已完成
Jun 14 01:21:27 签到提现任务完成成功，预计获得60金币
Jun 14 01:21:27 任务完成失败，当前任务已完成
Jun 14 01:21:28 东东爱消除任务完成成功，预计获得60金币
Jun 14 01:21:28 任务完成失败，当前任务已完成
Jun 14 01:21:29 购券抽大奖任务完成成功，预计获得60金币
Jun 14 01:21:29 任务完成失败，当前任务已完成
Jun 14 01:21:30 任务完成失败，系统繁忙
Jun 14 01:21:30 幸运转盘任务完成成功，预计获得60金币
Jun 14 01:21:31 任务完成失败，系统繁忙
Jun 14 01:21:31 现金签到任务完成成功，预计获得60金币
Jun 14 01:21:32 推推赚大钱任务完成成功，预计获得60金币
Jun 14 01:21:32 任务完成失败，系统繁忙
Jun 14 01:21:33 任务完成失败，系统繁忙
Jun 14 01:21:33 天天抽奖任务完成成功，预计获得60金币
Jun 14 01:21:34 任务完成失败，系统繁忙
Jun 14 01:21:34 水果免费领任务完成成功，预计获得60金币
Jun 14 01:21:35 任务完成失败，系统繁忙
Jun 14 01:21:35 砍价免费拿任务完成成功，预计获得60金币
Jun 14 01:21:36 气泡收取失败，活动太火爆，请稍后再试
Jun 14 01:21:36 气泡收取成功，获得60金币
Jun 14 01:21:37 气泡收取失败，活动太火爆，请稍后再试
Jun 14 01:21:37 气泡收取成功，获得60金币
Jun 14 01:21:37 气泡收取失败，活动太火爆，请稍后再试
Jun 14 01:21:37 气泡收取成功，获得60金币
Jun 14 01:21:38 气泡收取成功，获得60金币
Jun 14 01:21:38 气泡收取失败，该笔金币已领取，请刷新页面
Jun 14 01:21:38 气泡收取失败，活动太火爆，请稍后再试
Jun 14 01:21:38 气泡收取成功，获得60金币
Jun 14 01:21:39 气泡收取失败，活动太火爆，请稍后再试
Jun 14 01:21:39 气泡收取成功，获得60金币
Jun 14 01:21:40 气泡收取失败，活动太火爆，请稍后再试
Jun 14 01:21:40 气泡收取成功，获得60金币
Jun 14 01:21:40 气泡收取成功，获得60金币
Jun 14 01:21:40 气泡收取失败，该笔金币已领取，请刷新页面
Jun 14 01:21:41 气泡收取成功，获得60金币
Jun 14 01:21:41 气泡收取失败，该笔金币已领取，请刷新页面
Jun 14 01:21:41 气泡收取成功，获得60金币
Jun 14 01:21:41 气泡收取失败，该笔金币已领取，请刷新页面
Jun 14 01:21:42 气泡收取成功，获得60金币
Jun 14 01:21:42 气泡收取失败，该笔金币已领取，请刷新页面
Jun 14 01:21:42 气泡收取成功，获得60金币
Jun 14 01:21:42 气泡收取失败，该笔金币已领取，请刷新页面
Jun 14 01:21:43 
Jun 14 01:21:43 ==============📣系统通知📣==============
Jun 14 01:21:43 京东极速版
Jun 14 01:21:43 京东账号2jd_fMRfXcJHjROT
Jun 14 01:21:43 幸运大转盘抽奖获得：【undefined-0.50undefined】
Jun 14 01:21:43 本次运行获得420金币，共计128531金币
Jun 14 01:21:43 
Jun 14 01:21:43 ==============📣系统通知📣==============
Jun 14 01:21:43 京东极速版
Jun 14 01:21:43 京东账号2jd_fMRfXcJHjROT
Jun 14 01:21:43 幸运大转盘抽奖获得：【29-20福利神券-老人】
Jun 14 01:21:43 本次运行获得300金币，共计128531金币
Jun 14 01:21:45 
Jun 14 01:21:45 🔔京东极速版, 结束! 🕛 45.102 秒
Jun 14 01:21:45 
Jun 14 01:21:45 
Jun 14 01:21:45 🔔京东极速版, 结束! 🕛 45.173 秒
Jun 14 01:21:45 
Jun 14 06:21:00 
Jun 14 06:21:00 🔔京东极速版, 开始!
Jun 14 06:21:00 
Jun 14 06:21:00 🔔京东极速版, 开始!
Jun 14 06:21:00 您的cookie选择的是用&隔开
Jun 14 06:21:00 
Jun 14 06:21:00 
Jun 14 06:21:00 ====================共有2个京东账号Cookie=========
Jun 14 06:21:00 
Jun 14 06:21:00 您的cookie选择的是用&隔开
Jun 14 06:21:00 
Jun 14 06:21:00 
Jun 14 06:21:00 ====================共有2个京东账号Cookie=========
Jun 14 06:21:00 
Jun 14 06:21:00 ==================脚本执行- 北京时间(UTC+8)：6/14/2021, 6:21:00 AM=====================
Jun 14 06:21:00 
Jun 14 06:21:00 ==================脚本执行- 北京时间(UTC+8)：6/14/2021, 6:21:00 AM=====================
Jun 14 06:21:00 
Jun 14 06:21:00 
Jun 14 06:21:00 ******开始【京东账号1】jd_RbuUwXHBNnJR*********
Jun 14 06:21:00 
Jun 14 06:21:00 
Jun 14 06:21:00 ******开始【京东账号1】jd_RbuUwXHBNnJR*********
Jun 14 06:21:00 
Jun 14 06:21:01 京东极速版 API请求失败，请检查网路重试
Jun 14 06:21:01 京东极速版 API请求失败，请检查网路重试
Jun 14 06:21:01 【幸运大转盘】剩余抽奖机会：0
Jun 14 06:21:01 去做任务转盘抽奖逛会场
Jun 14 06:21:01 【幸运大转盘】剩余抽奖机会：0
Jun 14 06:21:01 任务完成成功
Jun 14 06:21:01 【幸运大转盘】剩余抽奖机会：1
Jun 14 06:21:01 【幸运大转盘】剩余抽奖机会：1
Jun 14 06:21:01 幸运大转盘抽奖获得：空气
Jun 14 06:21:01 幸运大转盘抽奖获得：【undefined-0.50undefined】
Jun 14 06:21:01 
Jun 14 06:21:01 签到失败，用户已签到
Jun 14 06:21:02 签到失败，频繁点击
Jun 14 06:21:02 【1/55】浏览商品任务记录成功，等待5秒
Jun 14 06:21:02 【1/55】浏览商品任务记录成功，等待5秒
Jun 14 06:21:07 逛商品赚金币任务完成，获得34金币
Jun 14 06:21:07 逛商品赚金币任务失败，当前任务已完成
Jun 14 06:21:07 【2/55】浏览商品任务记录成功，等待5秒
Jun 14 06:21:07 【2/55】浏览商品任务记录成功，等待5秒
Jun 14 06:21:12 逛商品赚金币任务完成，获得46金币
Jun 14 06:21:12 逛商品赚金币任务失败，当前任务已完成
Jun 14 06:21:12 【3/55】浏览商品任务记录成功，等待5秒
Jun 14 06:21:12 【3/55】浏览商品任务记录成功，等待5秒
Jun 14 06:21:17 逛商品赚金币任务完成，获得36金币
Jun 14 06:21:17 逛商品赚金币任务失败，当前任务已完成
Jun 14 06:21:17 【4/55】浏览商品任务记录成功，等待5秒
Jun 14 06:21:17 【4/55】浏览商品任务记录成功，等待5秒
Jun 14 06:21:22 逛商品赚金币任务完成，获得44金币
Jun 14 06:21:22 逛商品赚金币任务失败，当前任务已完成
Jun 14 06:21:22 【5/55】浏览商品任务记录成功，等待5秒
Jun 14 06:21:22 【5/55】浏览商品任务记录成功，等待5秒
Jun 14 06:21:27 逛商品赚金币任务完成，获得70金币
Jun 14 06:21:27 逛商品赚金币任务完成，获得45金币
Jun 14 06:21:27 【7/55】浏览商品任务记录成功，等待5秒
Jun 14 06:21:28 【7/55】浏览商品任务记录成功，等待5秒
Jun 14 06:21:33 逛商品赚金币任务完成，获得34金币
Jun 14 06:21:33 逛商品赚金币任务完成，获得46金币
Jun 14 06:21:33 【9/55】浏览商品任务记录成功，等待5秒
Jun 14 06:21:33 【9/55】浏览商品任务记录成功，等待5秒
Jun 14 06:21:38 逛商品赚金币任务完成，获得34金币
Jun 14 06:21:38 逛商品赚金币任务完成，获得69金币
Jun 14 06:21:38 【11/55】浏览商品任务记录成功，等待5秒
Jun 14 06:21:38 【11/55】浏览商品任务记录成功，等待5秒
Jun 14 06:21:43 逛商品赚金币任务完成，获得34金币
Jun 14 06:21:43 逛商品赚金币任务完成，获得46金币
Jun 14 06:21:43 【13/55】浏览商品任务记录成功，等待5秒
Jun 14 06:21:43 【13/55】浏览商品任务记录成功，等待5秒
Jun 14 06:21:48 逛商品赚金币任务完成，获得36金币
Jun 14 06:21:48 逛商品赚金币任务完成，获得44金币
Jun 14 06:21:48 【15/55】浏览商品任务记录成功，等待5秒
Jun 14 06:21:48 【15/55】浏览商品任务记录成功，等待5秒
Jun 14 06:21:53 逛商品赚金币任务完成，获得71金币
Jun 14 06:21:53 【16/55】浏览商品任务记录成功，等待5秒
Jun 14 06:21:54 逛商品赚金币任务完成，获得33金币
Jun 14 06:21:54 【17/55】浏览商品任务记录成功，等待5秒
Jun 14 06:21:58 逛商品赚金币任务完成，获得26金币
Jun 14 06:21:59 【18/55】浏览商品任务记录成功，等待5秒
Jun 14 06:21:59 逛商品赚金币任务完成，获得34金币
Jun 14 06:21:59 【19/55】浏览商品任务记录成功，等待5秒
Jun 14 06:22:04 逛商品赚金币任务完成，获得26金币
Jun 14 06:22:04 【20/55】浏览商品任务记录成功，等待5秒
Jun 14 06:22:04 逛商品赚金币任务完成，获得76金币
Jun 14 06:22:04 【21/55】浏览商品任务记录成功，等待5秒
Jun 14 06:22:09 逛商品赚金币任务完成，获得26金币
Jun 14 06:22:09 【22/55】浏览商品任务记录成功，等待5秒
Jun 14 06:22:09 逛商品赚金币任务完成，获得34金币
Jun 14 06:22:09 【23/55】浏览商品任务记录成功，等待5秒
Jun 14 06:22:14 逛商品赚金币任务完成，获得25金币
Jun 14 06:22:14 【24/55】浏览商品任务记录成功，等待5秒
Jun 14 06:22:14 逛商品赚金币任务完成，获得35金币
Jun 14 06:22:14 【25/55】浏览商品任务记录成功，等待5秒
Jun 14 06:22:19 逛商品赚金币任务完成，获得72金币
Jun 14 06:22:19 【26/55】浏览商品任务记录成功，等待5秒
Jun 14 06:22:19 逛商品赚金币任务完成，获得33金币
Jun 14 06:22:19 【27/55】浏览商品任务记录成功，等待5秒
Jun 14 06:22:24 逛商品赚金币任务完成，获得27金币
Jun 14 06:22:24 【28/55】浏览商品任务记录成功，等待5秒
Jun 14 06:22:25 逛商品赚金币任务完成，获得33金币
Jun 14 06:22:25 【29/55】浏览商品任务记录成功，等待5秒
Jun 14 06:22:29 逛商品赚金币任务完成，获得18金币
Jun 14 06:22:30 【30/55】浏览商品任务记录成功，等待5秒
Jun 14 06:22:30 逛商品赚金币任务完成，获得77金币
Jun 14 06:22:30 【31/55】浏览商品任务记录成功，等待5秒
Jun 14 06:22:35 逛商品赚金币任务完成，获得18金币
Jun 14 06:22:35 【32/55】浏览商品任务记录成功，等待5秒
Jun 14 06:22:35 逛商品赚金币任务完成，获得22金币
Jun 14 06:22:35 【33/55】浏览商品任务记录成功，等待5秒
Jun 14 06:22:40 逛商品赚金币任务完成，获得18金币
Jun 14 06:22:40 【34/55】浏览商品任务记录成功，等待5秒
Jun 14 06:22:40 逛商品赚金币任务完成，获得22金币
Jun 14 06:22:40 【35/55】浏览商品任务记录成功，等待5秒
Jun 14 06:22:45 逛商品赚金币任务完成，获得65金币
Jun 14 06:22:45 【36/55】浏览商品任务记录成功，等待5秒
Jun 14 06:22:45 逛商品赚金币任务完成，获得23金币
Jun 14 06:22:45 【37/55】浏览商品任务记录成功，等待5秒
Jun 14 06:22:50 逛商品赚金币任务完成，获得18金币
Jun 14 06:22:50 【38/55】浏览商品任务记录成功，等待5秒
Jun 14 06:22:50 逛商品赚金币任务完成，获得22金币
Jun 14 06:22:50 【39/55】浏览商品任务记录成功，等待5秒
Jun 14 06:22:55 逛商品赚金币任务完成，获得16金币
Jun 14 06:22:55 【40/55】浏览商品任务记录成功，等待5秒
Jun 14 06:22:56 逛商品赚金币任务完成，获得79金币
Jun 14 06:22:56 【41/55】浏览商品任务记录成功，等待5秒
Jun 14 06:23:00 逛商品赚金币任务完成，获得8金币
Jun 14 06:23:01 【42/55】浏览商品任务记录成功，等待5秒
Jun 14 06:23:01 逛商品赚金币任务完成，获得12金币
Jun 14 06:23:01 【43/55】浏览商品任务记录成功，等待5秒
Jun 14 06:23:06 逛商品赚金币任务完成，获得9金币
Jun 14 06:23:06 【44/55】浏览商品任务记录成功，等待5秒
Jun 14 06:23:06 逛商品赚金币任务完成，获得11金币
Jun 14 06:23:06 【45/55】浏览商品任务记录成功，等待5秒
Jun 14 06:23:11 逛商品赚金币任务完成，获得69金币
Jun 14 06:23:11 【46/55】浏览商品任务记录成功，等待5秒
Jun 14 06:23:11 逛商品赚金币任务完成，获得11金币
Jun 14 06:23:11 【47/55】浏览商品任务记录成功，等待5秒
Jun 14 06:23:16 逛商品赚金币任务完成，获得9金币
Jun 14 06:23:16 【48/55】浏览商品任务记录成功，等待5秒
Jun 14 06:23:16 逛商品赚金币任务完成，获得11金币
Jun 14 06:23:16 【49/55】浏览商品任务记录成功，等待5秒
Jun 14 06:23:21 逛商品赚金币任务完成，获得9金币
Jun 14 06:23:21 【50/55】浏览商品任务记录成功，等待5秒
Jun 14 06:23:21 逛商品赚金币任务完成，获得74金币
Jun 14 06:23:21 【51/55】浏览商品任务记录成功，等待5秒
Jun 14 06:23:26 逛商品赚金币任务完成，获得8金币
Jun 14 06:23:26 【52/55】浏览商品任务记录成功，等待5秒
Jun 14 06:23:27 逛商品赚金币任务完成，获得12金币
Jun 14 06:23:27 【53/55】浏览商品任务记录成功，等待5秒
Jun 14 06:23:31 逛商品赚金币任务完成，获得9金币
Jun 14 06:23:32 【54/55】浏览商品任务记录成功，等待5秒
Jun 14 06:23:32 逛商品赚金币任务完成，获得11金币
Jun 14 06:23:32 【55/55】浏览商品任务记录成功，等待5秒
Jun 14 06:23:37 逛商品赚金币任务完成，获得66金币
Jun 14 06:23:37 逛商品赚金币任务开启失败，任务已达上限
Jun 14 06:23:37 【1/10】浏览商品任务记录成功，等待10秒
Jun 14 06:23:37 逛商品赚金币任务结束失败，任务已达上限
Jun 14 06:23:37 逛商品赚金币任务开启失败，任务已达上限
Jun 14 06:23:37 【1/10】浏览商品任务记录成功，等待10秒
Jun 14 06:23:47 逛活动赚金币任务完成，获得60金币
Jun 14 06:23:47 【2/10】浏览商品任务记录成功，等待10秒
Jun 14 06:23:47 逛活动赚金币任务结束失败，当前任务已完成
Jun 14 06:23:47 【2/10】浏览商品任务记录成功，等待10秒
Jun 14 06:23:57 逛活动赚金币任务完成，获得120金币
Jun 14 06:23:57 逛活动赚金币任务结束失败，当前任务已完成
Jun 14 06:23:57 【3/10】浏览商品任务记录成功，等待10秒
Jun 14 06:23:57 【3/10】浏览商品任务记录成功，等待10秒
Jun 14 06:24:07 逛活动赚金币任务完成，获得60金币
Jun 14 06:24:07 逛活动赚金币任务完成，获得120金币
Jun 14 06:24:07 【5/10】浏览商品任务记录成功，等待10秒
Jun 14 06:24:07 【5/10】浏览商品任务记录成功，等待10秒
Jun 14 06:24:17 逛活动赚金币任务完成，获得60金币
Jun 14 06:24:17 逛活动赚金币任务完成，获得120金币
Jun 14 06:24:18 【7/10】浏览商品任务记录成功，等待10秒
Jun 14 06:24:18 【7/10】浏览商品任务记录成功，等待10秒
Jun 14 06:24:28 逛活动赚金币任务完成，获得60金币
Jun 14 06:24:28 逛活动赚金币任务完成，获得120金币
Jun 14 06:24:28 【9/10】浏览商品任务记录成功，等待10秒
Jun 14 06:24:28 【9/10】浏览商品任务记录成功，等待10秒
Jun 14 06:24:38 逛活动赚金币任务完成，获得60金币
Jun 14 06:24:38 逛活动赚金币任务完成，获得120金币
Jun 14 06:24:38 逛活动赚金币任务开启失败，任务已达上限
Jun 14 06:24:38 逛活动赚金币任务开启失败，任务已达上限
Jun 14 06:24:38 【1/85】浏览商品任务记录成功，等待15秒
Jun 14 06:24:38 【1/85】浏览商品任务记录成功，等待15秒
Jun 14 06:24:53 看视频赚金币任务完成，获得30金币
Jun 14 06:24:53 【2/85】浏览商品任务记录成功，等待15秒
Jun 14 06:24:53 看视频赚金币任务完成，获得30金币
Jun 14 06:24:53 【3/85】浏览商品任务记录成功，等待15秒
Jun 14 06:25:08 看视频赚金币任务完成，获得30金币
Jun 14 06:25:08 看视频赚金币任务完成，获得30金币
Jun 14 06:25:08 【5/85】浏览商品任务记录成功，等待15秒
Jun 14 06:25:08 【5/85】浏览商品任务记录成功，等待15秒
Jun 14 06:25:23 看视频赚金币任务完成，获得120金币
Jun 14 06:25:23 【6/85】浏览商品任务记录成功，等待15秒
Jun 14 06:25:23 看视频赚金币任务完成，获得30金币
Jun 14 06:25:23 【7/85】浏览商品任务记录成功，等待15秒
Jun 14 06:25:38 看视频赚金币任务完成，获得30金币
Jun 14 06:25:38 【8/85】浏览商品任务记录成功，等待15秒
Jun 14 06:25:38 看视频赚金币任务完成，获得30金币
Jun 14 06:25:38 【9/85】浏览商品任务记录成功，等待15秒
Jun 14 06:25:54 看视频赚金币任务完成，获得30金币
Jun 14 06:25:54 看视频赚金币任务完成，获得120金币
Jun 14 06:25:54 【11/85】浏览商品任务记录成功，等待15秒
Jun 14 06:25:54 【11/85】浏览商品任务记录成功，等待15秒
Jun 14 06:26:09 看视频赚金币任务完成，获得30金币
Jun 14 06:26:09 看视频赚金币任务完成，获得30金币
Jun 14 06:26:09 【13/85】浏览商品任务记录成功，等待15秒
Jun 14 06:26:09 【13/85】浏览商品任务记录成功，等待15秒
Jun 14 06:26:24 看视频赚金币任务完成，获得30金币
Jun 14 06:26:24 看视频赚金币任务完成，获得30金币
Jun 14 06:26:24 【15/85】浏览商品任务记录成功，等待15秒
Jun 14 06:26:24 【15/85】浏览商品任务记录成功，等待15秒
Jun 14 06:26:39 看视频赚金币任务完成，获得120金币
Jun 14 06:26:39 看视频赚金币任务完成，获得30金币
Jun 14 06:26:39 【17/85】浏览商品任务记录成功，等待15秒
Jun 14 06:26:39 【17/85】浏览商品任务记录成功，等待15秒
Jun 14 06:26:54 看视频赚金币任务完成，获得30金币
Jun 14 06:26:54 【18/85】浏览商品任务记录成功，等待15秒
Jun 14 06:26:54 看视频赚金币任务完成，获得30金币
Jun 14 06:26:54 【19/85】浏览商品任务记录成功，等待15秒
Jun 14 06:27:09 看视频赚金币任务完成，获得30金币
Jun 14 06:27:09 看视频赚金币任务完成，获得120金币
Jun 14 06:27:09 【21/85】浏览商品任务记录成功，等待15秒
Jun 14 06:27:09 【21/85】浏览商品任务记录成功，等待15秒
Jun 14 06:27:24 看视频赚金币任务完成，获得30金币
Jun 14 06:27:24 看视频赚金币任务完成，获得30金币
Jun 14 06:27:24 【23/85】浏览商品任务记录成功，等待15秒
Jun 14 06:27:24 【23/85】浏览商品任务记录成功，等待15秒
Jun 14 06:27:39 看视频赚金币任务完成，获得30金币
Jun 14 06:27:40 看视频赚金币任务完成，获得30金币
Jun 14 06:27:40 【25/85】浏览商品任务记录成功，等待15秒
Jun 14 06:27:40 【25/85】浏览商品任务记录成功，等待15秒
Jun 14 06:27:55 看视频赚金币任务完成，获得120金币
Jun 14 06:27:55 【26/85】浏览商品任务记录成功，等待15秒
Jun 14 06:27:55 看视频赚金币任务完成，获得30金币
Jun 14 06:27:55 【27/85】浏览商品任务记录成功，等待15秒
Jun 14 06:28:10 看视频赚金币任务完成，获得30金币
Jun 14 06:28:10 【28/85】浏览商品任务记录成功，等待15秒
Jun 14 06:28:10 看视频赚金币任务完成，获得30金币
Jun 14 06:28:10 【29/85】浏览商品任务记录成功，等待15秒
Jun 14 06:28:25 看视频赚金币任务完成，获得30金币
Jun 14 06:28:25 【30/85】浏览商品任务记录成功，等待15秒
Jun 14 06:28:25 看视频赚金币任务完成，获得120金币
Jun 14 06:28:25 【31/85】浏览商品任务记录成功，等待15秒
Jun 14 06:28:40 看视频赚金币任务完成，获得30金币
Jun 14 06:28:40 看视频赚金币任务结束失败，系统繁忙
Jun 14 06:28:40 【32/85】浏览商品任务记录成功，等待15秒
Jun 14 06:28:40 【32/85】浏览商品任务记录成功，等待15秒
Jun 14 06:28:55 看视频赚金币任务完成，获得30金币
Jun 14 06:28:55 【33/85】浏览商品任务记录成功，等待15秒
Jun 14 06:28:55 看视频赚金币任务完成，获得30金币
Jun 14 06:28:55 【34/85】浏览商品任务记录成功，等待15秒
Jun 14 06:29:10 看视频赚金币任务完成，获得30金币
Jun 14 06:29:10 看视频赚金币任务完成，获得120金币
Jun 14 06:29:10 【36/85】浏览商品任务记录成功，等待18秒
Jun 14 06:29:10 【36/85】浏览商品任务记录成功，等待18秒
Jun 14 06:29:28 看视频赚金币任务完成，获得25金币
Jun 14 06:29:28 【38/85】浏览商品任务记录成功，等待18秒
Jun 14 06:29:28 看视频赚金币任务完成，获得25金币
Jun 14 06:29:28 【38/85】浏览商品任务记录成功，等待18秒
Jun 14 06:29:47 看视频赚金币任务完成，获得25金币
Jun 14 06:29:47 【39/85】浏览商品任务记录成功，等待18秒
Jun 14 06:29:47 看视频赚金币任务完成，获得25金币
Jun 14 06:29:47 【40/85】浏览商品任务记录成功，等待18秒
Jun 14 06:30:05 看视频赚金币任务完成，获得120金币
Jun 14 06:30:05 【41/85】浏览商品任务记录成功，等待18秒
Jun 14 06:30:05 看视频赚金币任务完成，获得25金币
Jun 14 06:30:05 【42/85】浏览商品任务记录成功，等待18秒
Jun 14 06:30:23 看视频赚金币任务完成，获得25金币
Jun 14 06:30:23 【43/85】浏览商品任务记录成功，等待18秒
Jun 14 06:30:23 看视频赚金币任务完成，获得25金币
Jun 14 06:30:23 【44/85】浏览商品任务记录成功，等待18秒
Jun 14 06:30:41 看视频赚金币任务完成，获得25金币
Jun 14 06:30:41 看视频赚金币任务完成，获得120金币
Jun 14 06:30:41 【46/85】浏览商品任务记录成功，等待18秒
Jun 14 06:30:41 【46/85】浏览商品任务记录成功，等待18秒
Jun 14 06:30:59 看视频赚金币任务完成，获得25金币
Jun 14 06:30:59 看视频赚金币任务完成，获得25金币
Jun 14 06:30:59 【48/85】浏览商品任务记录成功，等待18秒
Jun 14 06:30:59 【48/85】浏览商品任务记录成功，等待18秒
Jun 14 06:31:17 看视频赚金币任务完成，获得25金币
Jun 14 06:31:17 看视频赚金币任务完成，获得25金币
Jun 14 06:31:17 【50/85】浏览商品任务记录成功，等待18秒
Jun 14 06:31:17 【50/85】浏览商品任务记录成功，等待18秒
Jun 14 06:31:35 看视频赚金币任务完成，获得120金币
Jun 14 06:31:35 看视频赚金币任务完成，获得25金币
Jun 14 06:31:35 【52/85】浏览商品任务记录成功，等待18秒
Jun 14 06:31:35 【52/85】浏览商品任务记录成功，等待18秒
Jun 14 06:31:53 看视频赚金币任务完成，获得25金币
Jun 14 06:31:54 【53/85】浏览商品任务记录成功，等待18秒
Jun 14 06:31:54 看视频赚金币任务完成，获得25金币
Jun 14 06:31:54 【54/85】浏览商品任务记录成功，等待18秒
Jun 14 06:32:12 看视频赚金币任务完成，获得25金币
Jun 14 06:32:12 【55/85】浏览商品任务记录成功，等待18秒
Jun 14 06:32:12 看视频赚金币任务完成，获得120金币
Jun 14 06:32:12 【56/85】浏览商品任务记录成功，等待18秒
Jun 14 06:32:30 看视频赚金币任务完成，获得25金币
Jun 14 06:32:30 【57/85】浏览商品任务记录成功，等待18秒
Jun 14 06:32:30 看视频赚金币任务完成，获得25金币
Jun 14 06:32:30 【58/85】浏览商品任务记录成功，等待18秒
Jun 14 06:32:48 看视频赚金币任务完成，获得25金币
Jun 14 06:32:48 看视频赚金币任务开启失败，系统繁忙
Jun 14 06:32:48 邀好友赚金币已完成
Jun 14 06:32:48 拆红包得现金已完成
Jun 14 06:32:48 省钱大赢家已完成
Jun 14 06:32:48 签到提现已完成
Jun 14 06:32:48 东东爱消除已完成
Jun 14 06:32:48 购券抽大奖已完成
Jun 14 06:32:48 幸运转盘已完成
Jun 14 06:32:48 现金签到已完成
Jun 14 06:32:48 推推赚大钱已完成
Jun 14 06:32:48 天天抽奖已完成
Jun 14 06:32:48 水果免费领已完成
Jun 14 06:32:48 砍价免费拿已完成
Jun 14 06:32:48 看视频赚金币任务完成，获得25金币
Jun 14 06:32:48 【60/85】浏览商品任务记录成功，等待18秒
Jun 14 06:32:48 
Jun 14 06:32:48 ==============📣系统通知📣==============
Jun 14 06:32:48 京东极速版
Jun 14 06:32:48 京东账号1jd_RbuUwXHBNnJR
Jun 14 06:32:48 幸运大转盘抽奖获得：【undefined-0.50undefined】
Jun 14 06:32:48 本次运行获得2667金币，共计211052金币
Jun 14 06:32:50 
Jun 14 06:32:50 ******开始【京东账号2】jd_fMRfXcJHjROT*********
Jun 14 06:32:50 
Jun 14 06:32:50 京东极速版 API请求失败，请检查网路重试
Jun 14 06:32:50 【幸运大转盘】剩余抽奖机会：0
Jun 14 06:32:50 去做任务转盘抽奖逛会场
Jun 14 06:32:50 任务完成成功
Jun 14 06:32:51 【幸运大转盘】剩余抽奖机会：1
Jun 14 06:32:51 幸运大转盘抽奖获得：【29-20福利神券-老人】
Jun 14 06:32:51 
Jun 14 06:32:51 签到失败，用户已签到
Jun 14 06:32:51 【1/55】浏览商品任务记录成功，等待5秒
Jun 14 06:32:56 逛商品赚金币任务完成，获得34金币
Jun 14 06:32:56 【2/55】浏览商品任务记录成功，等待5秒
Jun 14 06:33:02 逛商品赚金币任务完成，获得46金币
Jun 14 06:33:02 【3/55】浏览商品任务记录成功，等待5秒
Jun 14 06:33:06 看视频赚金币任务完成，获得120金币
Jun 14 06:33:06 【61/85】浏览商品任务记录成功，等待20秒
Jun 14 06:33:07 逛商品赚金币任务完成，获得36金币
Jun 14 06:33:07 【4/55】浏览商品任务记录成功，等待5秒
Jun 14 06:33:12 逛商品赚金币任务完成，获得44金币
Jun 14 06:33:12 【5/55】浏览商品任务记录成功，等待5秒
Jun 14 06:33:17 逛商品赚金币任务完成，获得79金币
Jun 14 06:33:17 【6/55】浏览商品任务记录成功，等待5秒
Jun 14 06:33:22 逛商品赚金币任务完成，获得45金币
Jun 14 06:33:22 【7/55】浏览商品任务记录成功，等待5秒
Jun 14 06:33:26 看视频赚金币任务完成，获得10金币
Jun 14 06:33:26 【62/85】浏览商品任务记录成功，等待20秒
Jun 14 06:33:27 逛商品赚金币任务完成，获得34金币
Jun 14 06:33:27 【8/55】浏览商品任务记录成功，等待5秒
Jun 14 06:33:33 逛商品赚金币任务完成，获得46金币
Jun 14 06:33:33 【9/55】浏览商品任务记录成功，等待5秒
Jun 14 06:33:38 逛商品赚金币任务完成，获得34金币
Jun 14 06:33:38 【10/55】浏览商品任务记录成功，等待5秒
Jun 14 06:33:43 逛商品赚金币任务完成，获得60金币
Jun 14 06:33:43 【11/55】浏览商品任务记录成功，等待5秒
Jun 14 06:33:46 看视频赚金币任务完成，获得10金币
Jun 14 06:33:46 【63/85】浏览商品任务记录成功，等待20秒
Jun 14 06:33:48 逛商品赚金币任务完成，获得34金币
Jun 14 06:33:48 【12/55】浏览商品任务记录成功，等待5秒
Jun 14 06:33:53 逛商品赚金币任务完成，获得46金币
Jun 14 06:33:53 【13/55】浏览商品任务记录成功，等待5秒
Jun 14 06:33:58 逛商品赚金币任务完成，获得36金币
Jun 14 06:33:58 【14/55】浏览商品任务记录成功，等待5秒
Jun 14 06:34:04 逛商品赚金币任务完成，获得44金币
Jun 14 06:34:04 【15/55】浏览商品任务记录成功，等待5秒
Jun 14 06:34:07 看视频赚金币任务完成，获得10金币
Jun 14 06:34:07 【64/85】浏览商品任务记录成功，等待20秒
Jun 14 06:34:09 逛商品赚金币任务完成，获得68金币
Jun 14 06:34:09 【16/55】浏览商品任务记录成功，等待5秒
Jun 14 06:34:14 逛商品赚金币任务完成，获得33金币
Jun 14 06:34:14 【17/55】浏览商品任务记录成功，等待5秒
Jun 14 06:34:19 逛商品赚金币任务完成，获得26金币
Jun 14 06:34:19 【18/55】浏览商品任务记录成功，等待5秒
Jun 14 06:34:24 逛商品赚金币任务完成，获得34金币
Jun 14 06:34:24 【19/55】浏览商品任务记录成功，等待5秒
Jun 14 06:34:27 看视频赚金币任务完成，获得10金币
Jun 14 06:34:27 【65/85】浏览商品任务记录成功，等待20秒
Jun 14 06:34:29 逛商品赚金币任务完成，获得26金币
Jun 14 06:34:30 【20/55】浏览商品任务记录成功，等待5秒
Jun 14 06:34:35 逛商品赚金币任务完成，获得76金币
Jun 14 06:34:35 【21/55】浏览商品任务记录成功，等待5秒
Jun 14 06:34:40 逛商品赚金币任务完成，获得26金币
Jun 14 06:34:40 【22/55】浏览商品任务记录成功，等待5秒
Jun 14 06:34:45 逛商品赚金币任务完成，获得34金币
Jun 14 06:34:45 【23/55】浏览商品任务记录成功，等待5秒
Jun 14 06:34:47 看视频赚金币任务完成，获得60金币
Jun 14 06:34:47 【66/85】浏览商品任务记录成功，等待20秒
Jun 14 06:34:50 逛商品赚金币任务完成，获得25金币
Jun 14 06:34:50 【24/55】浏览商品任务记录成功，等待5秒
Jun 14 06:34:55 逛商品赚金币任务完成，获得35金币
Jun 14 06:34:55 【25/55】浏览商品任务记录成功，等待5秒
Jun 14 06:35:00 逛商品赚金币任务完成，获得64金币
Jun 14 06:35:01 【26/55】浏览商品任务记录成功，等待5秒
Jun 14 06:35:06 逛商品赚金币任务完成，获得33金币
Jun 14 06:35:06 【27/55】浏览商品任务记录成功，等待5秒
Jun 14 06:35:07 看视频赚金币任务完成，获得10金币
Jun 14 06:35:07 【67/85】浏览商品任务记录成功，等待20秒
Jun 14 06:35:11 逛商品赚金币任务完成，获得27金币
Jun 14 06:35:11 【28/55】浏览商品任务记录成功，等待5秒
Jun 14 06:35:16 逛商品赚金币任务完成，获得33金币
Jun 14 06:35:16 【29/55】浏览商品任务记录成功，等待5秒
Jun 14 06:35:21 逛商品赚金币任务完成，获得18金币
Jun 14 06:35:21 【30/55】浏览商品任务记录成功，等待5秒
Jun 14 06:35:26 逛商品赚金币任务完成，获得61金币
Jun 14 06:35:26 【31/55】浏览商品任务记录成功，等待5秒
Jun 14 06:35:27 看视频赚金币任务完成，获得10金币
Jun 14 06:35:27 【68/85】浏览商品任务记录成功，等待20秒
Jun 14 06:35:31 逛商品赚金币任务完成，获得18金币
Jun 14 06:35:31 【32/55】浏览商品任务记录成功，等待5秒
Jun 14 06:35:37 逛商品赚金币任务完成，获得22金币
Jun 14 06:35:37 【33/55】浏览商品任务记录成功，等待5秒
Jun 14 06:35:42 逛商品赚金币任务完成，获得18金币
Jun 14 06:35:42 【34/55】浏览商品任务记录成功，等待5秒
Jun 14 06:35:47 逛商品赚金币任务完成，获得22金币
Jun 14 06:35:47 【35/55】浏览商品任务记录成功，等待5秒
Jun 14 06:35:47 看视频赚金币任务完成，获得10金币
Jun 14 06:35:47 【69/85】浏览商品任务记录成功，等待20秒
Jun 14 06:35:52 逛商品赚金币任务完成，获得71金币
Jun 14 06:35:52 【36/55】浏览商品任务记录成功，等待5秒
Jun 14 06:35:57 逛商品赚金币任务完成，获得23金币
Jun 14 06:35:57 【37/55】浏览商品任务记录成功，等待5秒
Jun 14 06:36:02 逛商品赚金币任务完成，获得18金币
Jun 14 06:36:02 【38/55】浏览商品任务记录成功，等待5秒
Jun 14 06:36:07 看视频赚金币任务完成，获得10金币
Jun 14 06:36:07 【70/85】浏览商品任务记录成功，等待20秒
Jun 14 06:36:08 逛商品赚金币任务完成，获得22金币
Jun 14 06:36:08 【39/55】浏览商品任务记录成功，等待5秒
Jun 14 06:36:13 逛商品赚金币任务完成，获得16金币
Jun 14 06:36:13 【40/55】浏览商品任务记录成功，等待5秒
Jun 14 06:36:18 逛商品赚金币任务完成，获得68金币
Jun 14 06:36:18 【41/55】浏览商品任务记录成功，等待5秒
Jun 14 06:36:23 逛商品赚金币任务完成，获得8金币
Jun 14 06:36:23 【42/55】浏览商品任务记录成功，等待5秒
Jun 14 06:36:27 看视频赚金币任务完成，获得60金币
Jun 14 06:36:28 【71/85】浏览商品任务记录成功，等待20秒
Jun 14 06:36:28 逛商品赚金币任务完成，获得12金币
Jun 14 06:36:28 【43/55】浏览商品任务记录成功，等待5秒
Jun 14 06:36:33 逛商品赚金币任务完成，获得9金币
Jun 14 06:36:33 【44/55】浏览商品任务记录成功，等待5秒
Jun 14 06:36:39 逛商品赚金币任务完成，获得11金币
Jun 14 06:36:39 【45/55】浏览商品任务记录成功，等待5秒
Jun 14 06:36:44 逛商品赚金币任务完成，获得64金币
Jun 14 06:36:44 【46/55】浏览商品任务记录成功，等待5秒
Jun 14 06:36:48 看视频赚金币任务完成，获得10金币
Jun 14 06:36:48 【72/85】浏览商品任务记录成功，等待20秒
Jun 14 06:36:49 逛商品赚金币任务完成，获得11金币
Jun 14 06:36:49 【47/55】浏览商品任务记录成功，等待5秒
Jun 14 06:36:54 逛商品赚金币任务完成，获得9金币
Jun 14 06:36:54 【48/55】浏览商品任务记录成功，等待5秒
Jun 14 06:36:59 逛商品赚金币任务完成，获得11金币
Jun 14 06:36:59 【49/55】浏览商品任务记录成功，等待5秒
Jun 14 06:37:04 逛商品赚金币任务完成，获得9金币
Jun 14 06:37:05 【50/55】浏览商品任务记录成功，等待5秒
Jun 14 06:37:08 看视频赚金币任务完成，获得10金币
Jun 14 06:37:08 【73/85】浏览商品任务记录成功，等待20秒
Jun 14 06:37:10 逛商品赚金币任务完成，获得68金币
Jun 14 06:37:10 【51/55】浏览商品任务记录成功，等待5秒
Jun 14 06:37:15 逛商品赚金币任务完成，获得8金币
Jun 14 06:37:15 【52/55】浏览商品任务记录成功，等待5秒
Jun 14 06:37:20 逛商品赚金币任务完成，获得12金币
Jun 14 06:37:20 【53/55】浏览商品任务记录成功，等待5秒
Jun 14 06:37:25 逛商品赚金币任务完成，获得9金币
Jun 14 06:37:25 【54/55】浏览商品任务记录成功，等待5秒
Jun 14 06:37:28 看视频赚金币任务完成，获得10金币
Jun 14 06:37:28 【74/85】浏览商品任务记录成功，等待20秒
Jun 14 06:37:30 逛商品赚金币任务完成，获得11金币
Jun 14 06:37:30 【55/55】浏览商品任务记录成功，等待5秒
Jun 14 06:37:35 逛商品赚金币任务完成，获得68金币
Jun 14 06:37:36 逛商品赚金币任务开启失败，任务已达上限
Jun 14 06:37:36 【1/10】浏览商品任务记录成功，等待10秒
Jun 14 06:37:46 逛活动赚金币任务完成，获得60金币
Jun 14 06:37:46 【2/10】浏览商品任务记录成功，等待10秒
Jun 14 06:37:48 看视频赚金币任务完成，获得10金币
Jun 14 06:37:48 【75/85】浏览商品任务记录成功，等待20秒
Jun 14 06:37:56 逛活动赚金币任务完成，获得120金币
Jun 14 06:37:56 【3/10】浏览商品任务记录成功，等待10秒
Jun 14 06:38:06 逛活动赚金币任务完成，获得60金币
Jun 14 06:38:06 【4/10】浏览商品任务记录成功，等待10秒
Jun 14 06:38:08 看视频赚金币任务完成，获得60金币
Jun 14 06:38:08 【76/85】浏览商品任务记录成功，等待30秒
Jun 14 06:38:16 逛活动赚金币任务完成，获得120金币
Jun 14 06:38:16 【5/10】浏览商品任务记录成功，等待10秒
Jun 14 06:38:26 逛活动赚金币任务完成，获得60金币
Jun 14 06:38:26 【6/10】浏览商品任务记录成功，等待10秒
Jun 14 06:38:37 逛活动赚金币任务完成，获得120金币
Jun 14 06:38:37 【7/10】浏览商品任务记录成功，等待10秒
Jun 14 06:38:38 看视频赚金币任务完成，获得5金币
Jun 14 06:38:38 【77/85】浏览商品任务记录成功，等待30秒
Jun 14 06:38:47 逛活动赚金币任务完成，获得60金币
Jun 14 06:38:47 【8/10】浏览商品任务记录成功，等待10秒
Jun 14 06:38:57 逛活动赚金币任务完成，获得120金币
Jun 14 06:38:57 【9/10】浏览商品任务记录成功，等待10秒
Jun 14 06:39:07 逛活动赚金币任务完成，获得60金币
Jun 14 06:39:07 【10/10】浏览商品任务记录成功，等待10秒
Jun 14 06:39:09 看视频赚金币任务完成，获得5金币
Jun 14 06:39:09 【78/85】浏览商品任务记录成功，等待30秒
Jun 14 06:39:17 逛活动赚金币任务完成，获得120金币
Jun 14 06:39:17 逛活动赚金币任务开启失败，任务已达上限
Jun 14 06:39:17 【1/85】浏览商品任务记录成功，等待15秒
Jun 14 06:39:32 看视频赚金币任务完成，获得30金币
Jun 14 06:39:32 【2/85】浏览商品任务记录成功，等待15秒
Jun 14 06:39:39 看视频赚金币任务完成，获得5金币
Jun 14 06:39:39 【79/85】浏览商品任务记录成功，等待30秒
Jun 14 06:39:48 看视频赚金币任务完成，获得30金币
Jun 14 06:39:48 【3/85】浏览商品任务记录成功，等待15秒
Jun 14 06:40:03 看视频赚金币任务完成，获得30金币
Jun 14 06:40:03 【4/85】浏览商品任务记录成功，等待15秒
Jun 14 06:40:09 看视频赚金币任务完成，获得5金币
Jun 14 06:40:09 【80/85】浏览商品任务记录成功，等待30秒
Jun 14 06:40:18 看视频赚金币任务完成，获得30金币
Jun 14 06:40:18 【5/85】浏览商品任务记录成功，等待15秒
Jun 14 06:40:33 看视频赚金币任务完成，获得120金币
Jun 14 06:40:33 【6/85】浏览商品任务记录成功，等待15秒
Jun 14 06:40:39 看视频赚金币任务完成，获得40金币
Jun 14 06:40:39 【81/85】浏览商品任务记录成功，等待30秒
Jun 14 06:40:48 看视频赚金币任务完成，获得30金币
Jun 14 06:40:48 【7/85】浏览商品任务记录成功，等待15秒
Jun 14 06:41:03 看视频赚金币任务完成，获得30金币
Jun 14 06:41:03 【8/85】浏览商品任务记录成功，等待15秒
Jun 14 06:41:09 看视频赚金币任务完成，获得5金币
Jun 14 06:41:09 【82/85】浏览商品任务记录成功，等待30秒
Jun 14 06:41:18 看视频赚金币任务完成，获得30金币
Jun 14 06:41:18 【9/85】浏览商品任务记录成功，等待15秒
Jun 14 06:41:33 看视频赚金币任务完成，获得30金币
Jun 14 06:41:33 【10/85】浏览商品任务记录成功，等待15秒
Jun 14 06:41:39 看视频赚金币任务完成，获得5金币
Jun 14 06:41:39 【83/85】浏览商品任务记录成功，等待30秒
Jun 14 06:41:49 看视频赚金币任务完成，获得120金币
Jun 14 06:41:49 【11/85】浏览商品任务记录成功，等待15秒
Jun 14 06:42:04 看视频赚金币任务完成，获得30金币
Jun 14 06:42:04 【12/85】浏览商品任务记录成功，等待15秒
Jun 14 06:42:09 看视频赚金币任务完成，获得5金币
Jun 14 06:42:10 【84/85】浏览商品任务记录成功，等待30秒
Jun 14 06:42:19 看视频赚金币任务完成，获得30金币
Jun 14 06:42:19 【13/85】浏览商品任务记录成功，等待15秒
Jun 14 06:42:34 看视频赚金币任务完成，获得30金币
Jun 14 06:42:34 【14/85】浏览商品任务记录成功，等待15秒
Jun 14 06:42:40 看视频赚金币任务完成，获得5金币
Jun 14 06:42:40 【85/85】浏览商品任务记录成功，等待30秒
Jun 14 06:42:49 看视频赚金币任务完成，获得30金币
Jun 14 06:42:49 【15/85】浏览商品任务记录成功，等待15秒
Jun 14 06:43:04 看视频赚金币任务完成，获得120金币
Jun 14 06:43:04 【16/85】浏览商品任务记录成功，等待15秒
Jun 14 06:43:10 看视频赚金币任务完成，获得40金币
Jun 14 06:43:10 看视频赚金币任务已达上限
Jun 14 06:43:10 邀好友赚金币已完成
Jun 14 06:43:10 拆红包得现金已完成
Jun 14 06:43:10 省钱大赢家已完成
Jun 14 06:43:10 签到提现已完成
Jun 14 06:43:10 东东爱消除已完成
Jun 14 06:43:10 购券抽大奖已完成
Jun 14 06:43:10 幸运转盘已完成
Jun 14 06:43:10 现金签到已完成
Jun 14 06:43:10 推推赚大钱已完成
Jun 14 06:43:10 天天抽奖已完成
Jun 14 06:43:10 水果免费领已完成
Jun 14 06:43:10 砍价免费拿已完成
Jun 14 06:43:10 
Jun 14 06:43:10 ==============📣系统通知📣==============
Jun 14 06:43:10 京东极速版
Jun 14 06:43:10 京东账号1jd_RbuUwXHBNnJR
Jun 14 06:43:10 本次运行获得3329金币，共计211592金币
Jun 14 06:43:12 
Jun 14 06:43:12 ******开始【京东账号2】jd_fMRfXcJHjROT*********
Jun 14 06:43:12 
Jun 14 06:43:12 京东极速版 API请求失败，请检查网路重试
Jun 14 06:43:12 【幸运大转盘】剩余抽奖机会：0
Jun 14 06:43:12 【幸运大转盘】剩余抽奖机会：0
Jun 14 06:43:12 签到失败，用户已签到
Jun 14 06:43:12 逛商品赚金币已完成
Jun 14 06:43:12 逛活动赚金币已完成
Jun 14 06:43:13 【16/85】浏览商品任务记录成功，等待15秒
Jun 14 06:43:19 看视频赚金币任务完成，获得30金币
Jun 14 06:43:19 【17/85】浏览商品任务记录成功，等待15秒
Jun 14 06:43:28 看视频赚金币任务完成，获得30金币
Jun 14 06:43:28 【18/85】浏览商品任务记录成功，等待15秒
Jun 14 06:43:35 看视频赚金币任务完成，获得30金币
Jun 14 06:43:35 【19/85】浏览商品任务记录成功，等待15秒
Jun 14 06:43:43 看视频赚金币任务完成，获得30金币
Jun 14 06:43:43 【20/85】浏览商品任务记录成功，等待15秒
Jun 14 06:43:50 看视频赚金币任务完成，获得120金币
Jun 14 06:43:50 【21/85】浏览商品任务记录成功，等待15秒
Jun 14 06:43:58 看视频赚金币任务完成，获得30金币
Jun 14 06:43:58 【22/85】浏览商品任务记录成功，等待15秒
Jun 14 06:44:05 看视频赚金币任务完成，获得30金币
Jun 14 06:44:05 【23/85】浏览商品任务记录成功，等待15秒
Jun 14 06:44:13 看视频赚金币任务完成，获得30金币
Jun 14 06:44:13 【24/85】浏览商品任务记录成功，等待15秒
Jun 14 06:44:20 看视频赚金币任务完成，获得30金币
Jun 14 06:44:20 【25/85】浏览商品任务记录成功，等待15秒
Jun 14 06:44:28 看视频赚金币任务完成，获得120金币
Jun 14 06:44:28 【26/85】浏览商品任务记录成功，等待15秒
Jun 14 06:44:35 看视频赚金币任务完成，获得30金币
Jun 14 06:44:35 【27/85】浏览商品任务记录成功，等待15秒
Jun 14 06:44:43 看视频赚金币任务完成，获得30金币
Jun 14 06:44:43 【28/85】浏览商品任务记录成功，等待15秒
Jun 14 06:44:50 看视频赚金币任务完成，获得30金币
Jun 14 06:44:50 【29/85】浏览商品任务记录成功，等待15秒
Jun 14 06:44:58 看视频赚金币任务完成，获得30金币
Jun 14 06:44:58 【30/85】浏览商品任务记录成功，等待15秒
Jun 14 06:45:05 看视频赚金币任务完成，获得120金币
Jun 14 06:45:05 【31/85】浏览商品任务记录成功，等待15秒
Jun 14 06:45:14 看视频赚金币任务完成，获得30金币
Jun 14 06:45:14 【32/85】浏览商品任务记录成功，等待15秒
Jun 14 06:45:20 看视频赚金币任务完成，获得30金币
Jun 14 06:45:20 【33/85】浏览商品任务记录成功，等待15秒
Jun 14 06:45:29 看视频赚金币任务完成，获得30金币
Jun 14 06:45:29 【34/85】浏览商品任务记录成功，等待15秒
Jun 14 06:45:36 看视频赚金币任务完成，获得30金币
Jun 14 06:45:36 【35/85】浏览商品任务记录成功，等待15秒
Jun 14 06:45:44 看视频赚金币任务完成，获得120金币
Jun 14 06:45:44 【36/85】浏览商品任务记录成功，等待18秒
Jun 14 06:45:51 看视频赚金币任务完成，获得1金币
Jun 14 06:45:51 【37/85】浏览商品任务记录成功，等待18秒
Jun 14 06:46:02 看视频赚金币任务完成，获得25金币
Jun 14 06:46:02 【38/85】浏览商品任务记录成功，等待18秒
Jun 14 06:46:09 看视频赚金币任务完成，获得25金币
Jun 14 06:46:09 【39/85】浏览商品任务记录成功，等待18秒
Jun 14 06:46:20 看视频赚金币任务完成，获得25金币
Jun 14 06:46:20 【40/85】浏览商品任务记录成功，等待18秒
Jun 14 06:46:27 看视频赚金币任务完成，获得120金币
Jun 14 06:46:27 【41/85】浏览商品任务记录成功，等待18秒
Jun 14 06:46:38 看视频赚金币任务完成，获得25金币
Jun 14 06:46:38 【42/85】浏览商品任务记录成功，等待18秒
Jun 14 06:46:45 看视频赚金币任务完成，获得25金币
Jun 14 06:46:45 【43/85】浏览商品任务记录成功，等待18秒
Jun 14 06:46:56 看视频赚金币任务完成，获得25金币
Jun 14 06:46:56 【44/85】浏览商品任务记录成功，等待18秒
Jun 14 06:47:03 看视频赚金币任务完成，获得25金币
Jun 14 06:47:03 【45/85】浏览商品任务记录成功，等待18秒
Jun 14 06:47:14 看视频赚金币任务完成，获得120金币
Jun 14 06:47:15 【46/85】浏览商品任务记录成功，等待18秒
Jun 14 06:47:21 看视频赚金币任务完成，获得25金币
Jun 14 06:47:21 【47/85】浏览商品任务记录成功，等待18秒
Jun 14 06:47:33 看视频赚金币任务完成，获得25金币
Jun 14 06:47:33 【48/85】浏览商品任务记录成功，等待18秒
Jun 14 06:47:40 看视频赚金币任务完成，获得25金币
Jun 14 06:47:40 【49/85】浏览商品任务记录成功，等待18秒
Jun 14 06:47:51 看视频赚金币任务完成，获得25金币
Jun 14 06:47:51 【50/85】浏览商品任务记录成功，等待18秒
Jun 14 06:47:58 看视频赚金币任务完成，获得120金币
Jun 14 06:47:58 【51/85】浏览商品任务记录成功，等待18秒
Jun 14 06:48:09 看视频赚金币任务完成，获得25金币
Jun 14 06:48:09 【52/85】浏览商品任务记录成功，等待18秒
Jun 14 06:48:16 看视频赚金币任务完成，获得25金币
Jun 14 06:48:16 【53/85】浏览商品任务记录成功，等待18秒
Jun 14 06:48:27 看视频赚金币任务完成，获得25金币
Jun 14 06:48:27 【54/85】浏览商品任务记录成功，等待18秒
Jun 14 06:48:34 看视频赚金币任务完成，获得25金币
Jun 14 06:48:34 【55/85】浏览商品任务记录成功，等待18秒
Jun 14 06:48:45 看视频赚金币任务完成，获得120金币
Jun 14 06:48:45 【56/85】浏览商品任务记录成功，等待18秒
Jun 14 06:48:52 看视频赚金币任务完成，获得25金币
Jun 14 06:48:52 【57/85】浏览商品任务记录成功，等待18秒
Jun 14 06:49:03 看视频赚金币任务完成，获得25金币
Jun 14 06:49:03 【58/85】浏览商品任务记录成功，等待18秒
Jun 14 06:49:10 看视频赚金币任务完成，获得25金币
Jun 14 06:49:10 【59/85】浏览商品任务记录成功，等待18秒
Jun 14 06:49:21 看视频赚金币任务完成，获得25金币
Jun 14 06:49:22 【60/85】浏览商品任务记录成功，等待18秒
Jun 14 06:49:28 看视频赚金币任务完成，获得120金币
Jun 14 06:49:28 【61/85】浏览商品任务记录成功，等待20秒
Jun 14 06:49:40 看视频赚金币任务完成，获得1金币
Jun 14 06:49:40 【62/85】浏览商品任务记录成功，等待20秒
Jun 14 06:49:48 看视频赚金币任务完成，获得10金币
Jun 14 06:49:49 【63/85】浏览商品任务记录成功，等待20秒
Jun 14 06:50:00 看视频赚金币任务完成，获得10金币
Jun 14 06:50:00 【64/85】浏览商品任务记录成功，等待20秒
Jun 14 06:50:09 看视频赚金币任务完成，获得10金币
Jun 14 06:50:09 【65/85】浏览商品任务记录成功，等待20秒
Jun 14 06:50:20 看视频赚金币任务完成，获得60金币
Jun 14 06:50:20 【66/85】浏览商品任务记录成功，等待20秒
Jun 14 06:50:29 看视频赚金币任务完成，获得10金币
Jun 14 06:50:29 【67/85】浏览商品任务记录成功，等待20秒
Jun 14 06:50:40 看视频赚金币任务完成，获得10金币
Jun 14 06:50:40 【68/85】浏览商品任务记录成功，等待20秒
Jun 14 06:50:49 看视频赚金币任务完成，获得10金币
Jun 14 06:50:49 【69/85】浏览商品任务记录成功，等待20秒
Jun 14 06:51:00 看视频赚金币任务完成，获得10金币
Jun 14 06:51:00 【70/85】浏览商品任务记录成功，等待20秒
Jun 14 06:51:09 看视频赚金币任务完成，获得60金币
Jun 14 06:51:09 【71/85】浏览商品任务记录成功，等待20秒
Jun 14 06:51:20 看视频赚金币任务完成，获得10金币
Jun 14 06:51:20 【72/85】浏览商品任务记录成功，等待20秒
Jun 14 06:51:29 看视频赚金币任务完成，获得10金币
Jun 14 06:51:29 【73/85】浏览商品任务记录成功，等待20秒
Jun 14 06:51:40 看视频赚金币任务完成，获得10金币
Jun 14 06:51:41 【74/85】浏览商品任务记录成功，等待20秒
Jun 14 06:51:49 看视频赚金币任务完成，获得10金币
Jun 14 06:51:49 【75/85】浏览商品任务记录成功，等待20秒
Jun 14 06:52:01 看视频赚金币任务完成，获得60金币
Jun 14 06:52:01 【76/85】浏览商品任务记录成功，等待30秒
Jun 14 06:52:09 看视频赚金币任务完成，获得1金币
Jun 14 06:52:09 【77/85】浏览商品任务记录成功，等待30秒
Jun 14 06:52:31 看视频赚金币任务完成，获得5金币
Jun 14 06:52:31 【78/85】浏览商品任务记录成功，等待30秒
Jun 14 06:52:40 看视频赚金币任务完成，获得5金币
Jun 14 06:52:40 【79/85】浏览商品任务记录成功，等待30秒
Jun 14 06:53:01 看视频赚金币任务完成，获得5金币
Jun 14 06:53:01 【80/85】浏览商品任务记录成功，等待30秒
Jun 14 06:53:10 看视频赚金币任务完成，获得40金币
Jun 14 06:53:10 【81/85】浏览商品任务记录成功，等待30秒
Jun 14 06:53:31 看视频赚金币任务完成，获得5金币
Jun 14 06:53:31 【82/85】浏览商品任务记录成功，等待30秒
Jun 14 06:53:40 看视频赚金币任务完成，获得5金币
Jun 14 06:53:40 【83/85】浏览商品任务记录成功，等待30秒
Jun 14 06:54:01 看视频赚金币任务完成，获得5金币
Jun 14 06:54:01 【84/85】浏览商品任务记录成功，等待30秒
Jun 14 06:54:10 看视频赚金币任务完成，获得5金币
Jun 14 06:54:10 【85/85】浏览商品任务记录成功，等待30秒
Jun 14 06:54:31 看视频赚金币任务完成，获得40金币
Jun 14 06:54:31 看视频赚金币任务已达上限
Jun 14 06:54:31 邀好友赚金币已完成
Jun 14 06:54:31 拆红包得现金已完成
Jun 14 06:54:31 省钱大赢家已完成
Jun 14 06:54:31 签到提现已完成
Jun 14 06:54:31 东东爱消除已完成
Jun 14 06:54:31 购券抽大奖已完成
Jun 14 06:54:31 幸运转盘已完成
Jun 14 06:54:31 现金签到已完成
Jun 14 06:54:31 推推赚大钱已完成
Jun 14 06:54:31 天天抽奖已完成
Jun 14 06:54:31 水果免费领已完成
Jun 14 06:54:31 砍价免费拿已完成
Jun 14 06:54:31 
Jun 14 06:54:31 ==============📣系统通知📣==============
Jun 14 06:54:31 京东极速版
Jun 14 06:54:31 京东账号2jd_fMRfXcJHjROT
Jun 14 06:54:31 本次运行获得1201金币，共计134449金币
Jun 14 06:54:34 
Jun 14 06:54:34 🔔京东极速版, 结束! 🕛 2013.307 秒
Jun 14 06:54:34 
Jun 14 06:54:40 看视频赚金币任务结束失败，任务已达上限
Jun 14 06:54:40 看视频赚金币任务已达上限
Jun 14 06:54:40 邀好友赚金币已完成
Jun 14 06:54:40 拆红包得现金已完成
Jun 14 06:54:40 省钱大赢家已完成
Jun 14 06:54:40 签到提现已完成
Jun 14 06:54:40 东东爱消除已完成
Jun 14 06:54:40 购券抽大奖已完成
Jun 14 06:54:40 幸运转盘已完成
Jun 14 06:54:40 现金签到已完成
Jun 14 06:54:40 推推赚大钱已完成
Jun 14 06:54:40 天天抽奖已完成
Jun 14 06:54:40 水果免费领已完成
Jun 14 06:54:40 砍价免费拿已完成
Jun 14 06:54:40 
Jun 14 06:54:40 ==============📣系统通知📣==============
Jun 14 06:54:40 京东极速版
Jun 14 06:54:40 京东账号2jd_fMRfXcJHjROT
Jun 14 06:54:40 幸运大转盘抽奖获得：【29-20福利神券-老人】
Jun 14 06:54:40 本次运行获得4717金币，共计134449金币
Jun 14 06:54:42 
Jun 14 06:54:42 🔔京东极速版, 结束! 🕛 2022.087 秒
Jun 14 06:54:42 
Jun 15 01:21:00 
Jun 15 01:21:00Jun 15 01:21:00 
 🔔京东极速版, 开始!
Jun 15 01:21:00 🔔京东极速版, 开始!
Jun 15 01:21:00 您的cookie选择的是用&隔开
Jun 15 01:21:00 
Jun 15 01:21:00 您的cookie选择的是用&隔开
Jun 15 01:21:00 
Jun 15 01:21:00 
Jun 15 01:21:00 ====================共有2个京东账号Cookie=========
Jun 15 01:21:00 
Jun 15 01:21:00 
Jun 15 01:21:00 ====================共有2个京东账号Cookie=========
Jun 15 01:21:00 
Jun 15 01:21:00 ==================脚本执行- 北京时间(UTC+8)：6/15/2021, 1:21:00 AM=====================
Jun 15 01:21:00 
Jun 15 01:21:00 ==================脚本执行- 北京时间(UTC+8)：6/15/2021, 1:21:00 AM=====================
Jun 15 01:21:00 
Jun 15 01:21:00 
Jun 15 01:21:00Jun 15 01:21:00 
 ******开始【京东账号1】jd_RbuUwXHBNnJR*********
Jun 15 01:21:00Jun 15 01:21:00 ******开始【京东账号1】jd_RbuUwXHBNnJR*********
 
Jun 15 01:21:00 
Jun 15 01:21:00 京东极速版 API请求失败，请检查网路重试
Jun 15 01:21:00 京东极速版 API请求失败，请检查网路重试
Jun 15 01:21:00 【幸运大转盘】剩余抽奖机会：2
Jun 15 01:21:00 【幸运大转盘】剩余抽奖机会：2
Jun 15 01:21:00 幸运大转盘抽奖获得：空气
Jun 15 01:21:00 幸运大转盘抽奖获得：【19-10福利神券-老人】
Jun 15 01:21:00 
Jun 15 01:21:01 幸运大转盘抽奖获得：空气
Jun 15 01:21:01 幸运大转盘抽奖获得：【28-10福利神券-老人】
Jun 15 01:21:01 
Jun 15 01:21:01 去做任务转盘抽奖逛会场
Jun 15 01:21:01 去做任务转盘抽奖逛会场
Jun 15 01:21:01 任务完成成功
Jun 15 01:21:01 {"success":false,"code":1001,"errMsg":"限流","data":null}
Jun 15 01:21:01 【幸运大转盘】剩余抽奖机会：1
Jun 15 01:21:01 【幸运大转盘】剩余抽奖机会：1
Jun 15 01:21:01 幸运大转盘抽奖获得：空气
Jun 15 01:21:01 幸运大转盘抽奖获得：【39-30福利神券-老人】
Jun 15 01:21:01 
Jun 15 01:21:02 签到失败，频繁点击
Jun 15 01:21:02 逛商品赚金币已完成
Jun 15 01:21:02 逛活动赚金币已完成
Jun 15 01:21:02 看视频赚金币已完成
Jun 15 01:21:02 签到获得0.5现金，共计获得8.07
Jun 15 01:21:02 邀好友赚金币任务完成成功，预计获得60金币
Jun 15 01:21:02 逛商品赚金币已完成
Jun 15 01:21:02 逛活动赚金币已完成
Jun 15 01:21:02 看视频赚金币已完成
Jun 15 01:21:02 邀好友赚金币已完成
Jun 15 01:21:02 省钱大赢家任务完成成功，预计获得60金币
Jun 15 01:21:03 任务完成失败，当前任务已完成
Jun 15 01:21:03 签到提现任务完成成功，预计获得60金币
Jun 15 01:21:04 任务完成失败，当前任务已完成
Jun 15 01:21:04 东东爱消除任务完成成功，预计获得60金币
Jun 15 01:21:05 任务完成失败，当前任务已完成
Jun 15 01:21:05 购券抽大奖任务完成成功，预计获得60金币
Jun 15 01:21:06 任务完成失败，当前任务已完成
Jun 15 01:21:06 幸运转盘任务完成成功，预计获得60金币
Jun 15 01:21:07 任务完成失败，当前任务已完成
Jun 15 01:21:07 现金签到任务完成成功，预计获得60金币
Jun 15 01:21:08 任务完成失败，当前任务已完成
Jun 15 01:21:08 推推赚大钱任务完成成功，预计获得60金币
Jun 15 01:21:09 任务完成失败，当前任务已完成
Jun 15 01:21:10 天天抽奖任务完成成功，预计获得60金币
Jun 15 01:21:10 任务完成失败，当前任务已完成
Jun 15 01:21:11 水果免费领任务完成成功，预计获得60金币
Jun 15 01:21:11 任务完成失败，当前任务已完成
Jun 15 01:21:12 砍价免费拿任务完成成功，预计获得60金币
Jun 15 01:21:13 任务完成失败，当前任务已完成
Jun 15 01:21:13 气泡收取成功，获得60金币
Jun 15 01:21:13 气泡收取成功，获得60金币
Jun 15 01:21:14 气泡收取成功，获得60金币
Jun 15 01:21:14 气泡收取失败，该笔金币已领取，请刷新页面
Jun 15 01:21:14 气泡收取成功，获得60金币
Jun 15 01:21:14 气泡收取失败，该笔金币已领取，请刷新页面
Jun 15 01:21:15 气泡收取成功，获得60金币
Jun 15 01:21:15 气泡收取失败，该笔金币已领取，请刷新页面
Jun 15 01:21:15 气泡收取成功，获得60金币
Jun 15 01:21:15 气泡收取失败，该笔金币已领取，请刷新页面
Jun 15 01:21:16 气泡收取成功，获得60金币
Jun 15 01:21:16 气泡收取失败，该笔金币已领取，请刷新页面
Jun 15 01:21:16 气泡收取成功，获得60金币
Jun 15 01:21:17 气泡收取失败，该笔金币已领取，请刷新页面
Jun 15 01:21:17 气泡收取成功，获得60金币
Jun 15 01:21:17 气泡收取失败，该笔金币已领取，请刷新页面
Jun 15 01:21:18 气泡收取成功，获得60金币
Jun 15 01:21:18 气泡收取失败，该笔金币已领取，请刷新页面
Jun 15 01:21:18 气泡收取成功，获得60金币
Jun 15 01:21:18 气泡收取失败，该笔金币已领取，请刷新页面
Jun 15 01:21:19 
Jun 15 01:21:19 ==============📣系统通知📣==============
Jun 15 01:21:19 京东极速版
Jun 15 01:21:19 京东账号1jd_RbuUwXHBNnJR
Jun 15 01:21:19 幸运大转盘抽奖获得：【28-10福利神券-老人】
Jun 15 01:21:19 本次运行获得540金币，共计212252金币
Jun 15 01:21:19 
Jun 15 01:21:19 ==============📣系统通知📣==============
Jun 15 01:21:19 京东极速版
Jun 15 01:21:19 京东账号1jd_RbuUwXHBNnJR
Jun 15 01:21:19 幸运大转盘抽奖获得：【19-10福利神券-老人】
Jun 15 01:21:19 幸运大转盘抽奖获得：【39-30福利神券-老人】
Jun 15 01:21:19 本次运行获得120金币，共计212252金币
Jun 15 01:21:21 
Jun 15 01:21:21 ******开始【京东账号2】jd_fMRfXcJHjROT*********
Jun 15 01:21:21 
Jun 15 01:21:21 
Jun 15 01:21:21 ******开始【京东账号2】jd_fMRfXcJHjROT*********
Jun 15 01:21:21 
Jun 15 01:21:21 京东极速版 API请求失败，请检查网路重试
Jun 15 01:21:21 京东极速版 API请求失败，请检查网路重试
Jun 15 01:21:21 【幸运大转盘】剩余抽奖机会：2
Jun 15 01:21:21 【幸运大转盘】剩余抽奖机会：2
Jun 15 01:21:21 幸运大转盘抽奖获得：空气
Jun 15 01:21:21 幸运大转盘抽奖获得：【19-10福利神券-老人】
Jun 15 01:21:21 
Jun 15 01:21:22 幸运大转盘抽奖获得：空气
Jun 15 01:21:22 幸运大转盘抽奖获得：【29-20福利神券-老人】
Jun 15 01:21:22 
Jun 15 01:21:22 去做任务转盘抽奖逛会场
Jun 15 01:21:22 去做任务转盘抽奖逛会场
Jun 15 01:21:22 任务完成成功
Jun 15 01:21:22 {"success":false,"code":1001,"errMsg":"限流","data":null}
Jun 15 01:21:22 【幸运大转盘】剩余抽奖机会：1
Jun 15 01:21:22 【幸运大转盘】剩余抽奖机会：1
Jun 15 01:21:22 幸运大转盘抽奖获得：空气
Jun 15 01:21:22 幸运大转盘抽奖获得：【undefined-0.50undefined】
Jun 15 01:21:22 
Jun 15 01:21:23 签到失败，频繁点击
Jun 15 01:21:23 签到获得0.12现金，共计获得6.44
Jun 15 01:21:23 逛商品赚金币已完成
Jun 15 01:21:23 逛活动赚金币已完成
Jun 15 01:21:23 看视频赚金币已完成
Jun 15 01:21:23 逛商品赚金币已完成
Jun 15 01:21:23 逛活动赚金币已完成
Jun 15 01:21:23 看视频赚金币已完成
Jun 15 01:21:23 任务完成失败，系统繁忙
Jun 15 01:21:23 邀好友赚金币任务完成成功，预计获得60金币
Jun 15 01:21:24 省钱大赢家任务完成成功，预计获得60金币
Jun 15 01:21:24 任务完成失败，当前任务已完成
Jun 15 01:21:25 任务完成失败，系统繁忙
Jun 15 01:21:25 签到提现任务完成成功，预计获得60金币
Jun 15 01:21:26 任务完成失败，系统繁忙
Jun 15 01:21:26 东东爱消除任务完成成功，预计获得60金币
Jun 15 01:21:27 购券抽大奖任务完成成功，预计获得60金币
Jun 15 01:21:27 任务完成失败，当前任务已完成
Jun 15 01:21:28 幸运转盘任务完成成功，预计获得60金币
Jun 15 01:21:28 任务完成失败，当前任务已完成
Jun 15 01:21:29 现金签到任务完成成功，预计获得60金币
Jun 15 01:21:29 任务完成失败，当前任务已完成
Jun 15 01:21:30 任务完成失败，系统繁忙
Jun 15 01:21:30 推推赚大钱任务完成成功，预计获得60金币
Jun 15 01:21:32 天天抽奖任务完成成功，预计获得60金币
Jun 15 01:21:32 任务完成失败，当前任务已完成
Jun 15 01:21:33 水果免费领任务完成成功，预计获得60金币
Jun 15 01:21:33 任务完成失败，当前任务已完成
Jun 15 01:21:34 砍价免费拿任务完成成功，预计获得60金币
Jun 15 01:21:34 任务完成失败，当前任务已完成
Jun 15 01:21:35 气泡收取失败，活动太火爆，请稍后再试
Jun 15 01:21:35 气泡收取成功，获得60金币
Jun 15 01:21:35 气泡收取失败，活动太火爆，请稍后再试
Jun 15 01:21:35 气泡收取成功，获得60金币
Jun 15 01:21:36 气泡收取失败，活动太火爆，请稍后再试
Jun 15 01:21:36 气泡收取成功，获得60金币
Jun 15 01:21:36 气泡收取失败，活动太火爆，请稍后再试
Jun 15 01:21:36 气泡收取成功，获得60金币
Jun 15 01:21:37 气泡收取失败，活动太火爆，请稍后再试
Jun 15 01:21:37 气泡收取成功，获得60金币
Jun 15 01:21:37 气泡收取失败，活动太火爆，请稍后再试
Jun 15 01:21:37 气泡收取成功，获得60金币
Jun 15 01:21:38 气泡收取失败，活动太火爆，请稍后再试
Jun 15 01:21:38 气泡收取成功，获得60金币
Jun 15 01:21:39 气泡收取失败，活动太火爆，请稍后再试
Jun 15 01:21:39 气泡收取成功，获得60金币
Jun 15 01:21:39 气泡收取失败，活动太火爆，请稍后再试
Jun 15 01:21:39 气泡收取成功，获得60金币
Jun 15 01:21:40 气泡收取失败，活动太火爆，请稍后再试
Jun 15 01:21:40 气泡收取成功，获得60金币
Jun 15 01:21:40 气泡收取失败，活动太火爆，请稍后再试
Jun 15 01:21:40 气泡收取成功，获得60金币
Jun 15 01:21:41 
Jun 15 01:21:41 ==============📣系统通知📣==============
Jun 15 01:21:41 京东极速版
Jun 15 01:21:41 京东账号2jd_fMRfXcJHjROT
Jun 15 01:21:41 幸运大转盘抽奖获得：【19-10福利神券-老人】
Jun 15 01:21:41 幸运大转盘抽奖获得：【undefined-0.50undefined】
Jun 15 01:21:41 本次运行获得360金币，共计135109金币
Jun 15 01:21:41 
Jun 15 01:21:41 ==============📣系统通知📣==============
Jun 15 01:21:41 京东极速版
Jun 15 01:21:41 京东账号2jd_fMRfXcJHjROT
Jun 15 01:21:41 幸运大转盘抽奖获得：【29-20福利神券-老人】
Jun 15 01:21:41 本次运行获得300金币，共计135109金币
Jun 15 01:21:43 
Jun 15 01:21:43 🔔京东极速版, 结束! 🕛 43.243 秒
Jun 15 01:21:43 
Jun 15 01:21:43 
Jun 15 01:21:43 🔔京东极速版, 结束! 🕛 43.245 秒
Jun 15 01:21:43 
Jun 15 06:21:00 
Jun 15 06:21:00 🔔京东极速版, 开始!
Jun 15 06:21:00 
Jun 15 06:21:00 🔔京东极速版, 开始!
Jun 15 06:21:00 您的cookie选择的是用&隔开
Jun 15 06:21:00 
Jun 15 06:21:00 
Jun 15 06:21:00 ====================共有2个京东账号Cookie=========
Jun 15 06:21:00 
Jun 15 06:21:00 您的cookie选择的是用&隔开
Jun 15 06:21:00 
Jun 15 06:21:00 
Jun 15 06:21:00 ====================共有2个京东账号Cookie=========
Jun 15 06:21:00 
Jun 15 06:21:00 ==================脚本执行- 北京时间(UTC+8)：6/15/2021, 6:21:00 AM=====================
Jun 15 06:21:00 
Jun 15 06:21:00 ==================脚本执行- 北京时间(UTC+8)：6/15/2021, 6:21:00 AM=====================
Jun 15 06:21:00 
Jun 15 06:21:00 
Jun 15 06:21:00 ******开始【京东账号1】jd_RbuUwXHBNnJR*********
Jun 15 06:21:00 
Jun 15 06:21:00 
Jun 15 06:21:00 ******开始【京东账号1】jd_RbuUwXHBNnJR*********
Jun 15 06:21:00 
Jun 15 06:21:00 京东极速版 API请求失败，请检查网路重试
Jun 15 06:21:00 京东极速版 API请求失败，请检查网路重试
Jun 15 06:21:01 【幸运大转盘】剩余抽奖机会：0
Jun 15 06:21:01 【幸运大转盘】剩余抽奖机会：0
Jun 15 06:21:01 【幸运大转盘】剩余抽奖机会：0
Jun 15 06:21:01 【幸运大转盘】剩余抽奖机会：0
Jun 15 06:21:01 签到失败，用户已签到
Jun 15 06:21:01 签到失败，频繁点击
Jun 15 06:21:01 【1/55】浏览商品任务记录成功，等待5秒
Jun 15 06:21:01 【1/55】浏览商品任务记录成功，等待5秒
Jun 15 06:21:06 逛商品赚金币任务完成，获得34金币
Jun 15 06:21:06 【2/55】浏览商品任务记录成功，等待5秒
Jun 15 06:21:06 逛商品赚金币任务失败，当前任务已完成
Jun 15 06:21:06 【2/55】浏览商品任务记录成功，等待5秒
Jun 15 06:21:11 逛商品赚金币任务完成，获得46金币
Jun 15 06:21:11 【3/55】浏览商品任务记录成功，等待5秒
Jun 15 06:21:11 逛商品赚金币任务结束失败，当前任务已完成
Jun 15 06:21:11 【3/55】浏览商品任务记录成功，等待5秒
Jun 15 06:21:16 逛商品赚金币任务完成，获得35金币
Jun 15 06:21:16 【4/55】浏览商品任务记录成功，等待5秒
Jun 15 06:21:16 逛商品赚金币任务结束失败，当前任务已完成
Jun 15 06:21:16 【4/55】浏览商品任务记录成功，等待5秒
Jun 15 06:21:22 逛商品赚金币任务完成，获得45金币
Jun 15 06:21:22 逛商品赚金币任务结束失败，当前任务已完成
Jun 15 06:21:22 【5/55】浏览商品任务记录成功，等待5秒
Jun 15 06:21:22 【5/55】浏览商品任务记录成功，等待5秒
Jun 15 06:21:27 逛商品赚金币任务完成，获得78金币
Jun 15 06:21:27 【6/55】浏览商品任务记录成功，等待5秒
Jun 15 06:21:27 逛商品赚金币任务完成，获得46金币
Jun 15 06:21:27 【7/55】浏览商品任务记录成功，等待5秒
Jun 15 06:21:32 逛商品赚金币任务完成，获得35金币
Jun 15 06:21:32 【8/55】浏览商品任务记录成功，等待5秒
Jun 15 06:21:32 逛商品赚金币任务完成，获得45金币
Jun 15 06:21:32 【9/55】浏览商品任务记录成功，等待5秒
Jun 15 06:21:37 逛商品赚金币任务完成，获得34金币
Jun 15 06:21:37 【10/55】浏览商品任务记录成功，等待5秒
Jun 15 06:21:37 逛商品赚金币任务完成，获得71金币
Jun 15 06:21:37 【11/55】浏览商品任务记录成功，等待5秒
Jun 15 06:21:42 逛商品赚金币任务完成，获得34金币
Jun 15 06:21:42 【12/55】浏览商品任务记录成功，等待5秒
Jun 15 06:21:42 逛商品赚金币任务完成，获得46金币
Jun 15 06:21:42 【13/55】浏览商品任务记录成功，等待5秒
Jun 15 06:21:47 逛商品赚金币任务完成，获得36金币
Jun 15 06:21:47 【14/55】浏览商品任务记录成功，等待5秒
Jun 15 06:21:48 逛商品赚金币任务完成，获得44金币
Jun 15 06:21:48 【15/55】浏览商品任务记录成功，等待5秒
Jun 15 06:21:53 逛商品赚金币任务完成，获得77金币
Jun 15 06:21:53 【16/55】浏览商品任务记录成功，等待5秒
Jun 15 06:21:53 逛商品赚金币任务完成，获得33金币
Jun 15 06:21:53 【17/55】浏览商品任务记录成功，等待5秒
Jun 15 06:21:58 逛商品赚金币任务完成，获得27金币
Jun 15 06:21:58 【18/55】浏览商品任务记录成功，等待5秒
Jun 15 06:21:58 逛商品赚金币任务完成，获得33金币
Jun 15 06:21:58 【19/55】浏览商品任务记录成功，等待5秒
Jun 15 06:22:03 逛商品赚金币任务完成，获得27金币
Jun 15 06:22:03 【20/55】浏览商品任务记录成功，等待5秒
Jun 15 06:22:03 逛商品赚金币任务完成，获得72金币
Jun 15 06:22:03 【21/55】浏览商品任务记录成功，等待5秒
Jun 15 06:22:08 逛商品赚金币任务完成，获得24金币
Jun 15 06:22:08 【22/55】浏览商品任务记录成功，等待5秒
Jun 15 06:22:08 逛商品赚金币任务完成，获得36金币
Jun 15 06:22:08 【23/55】浏览商品任务记录成功，等待5秒
Jun 15 06:22:13 逛商品赚金币任务完成，获得27金币
Jun 15 06:22:13 【24/55】浏览商品任务记录成功，等待5秒
Jun 15 06:22:13 逛商品赚金币任务完成，获得33金币
Jun 15 06:22:13 【25/55】浏览商品任务记录成功，等待5秒
Jun 15 06:22:18 逛商品赚金币任务完成，获得65金币
Jun 15 06:22:19 【26/55】浏览商品任务记录成功，等待5秒
Jun 15 06:22:19 逛商品赚金币任务完成，获得33金币
Jun 15 06:22:19 【27/55】浏览商品任务记录成功，等待5秒
Jun 15 06:22:24 逛商品赚金币任务完成，获得26金币
Jun 15 06:22:24 【28/55】浏览商品任务记录成功，等待5秒
Jun 15 06:22:24 逛商品赚金币任务完成，获得34金币
Jun 15 06:22:24 【29/55】浏览商品任务记录成功，等待5秒
Jun 15 06:22:29 逛商品赚金币任务完成，获得17金币
Jun 15 06:22:29 【30/55】浏览商品任务记录成功，等待5秒
Jun 15 06:22:29 逛商品赚金币任务完成，获得67金币
Jun 15 06:22:29 【31/55】浏览商品任务记录成功，等待5秒
Jun 15 06:22:34 逛商品赚金币任务完成，获得17金币
Jun 15 06:22:34 【32/55】浏览商品任务记录成功，等待5秒
Jun 15 06:22:34 逛商品赚金币任务完成，获得23金币
Jun 15 06:22:34 【33/55】浏览商品任务记录成功，等待5秒
Jun 15 06:22:39 逛商品赚金币任务完成，获得18金币
Jun 15 06:22:39 【34/55】浏览商品任务记录成功，等待5秒
Jun 15 06:22:39 逛商品赚金币任务完成，获得22金币
Jun 15 06:22:39 【35/55】浏览商品任务记录成功，等待5秒
Jun 15 06:22:44 逛商品赚金币任务完成，获得65金币
Jun 15 06:22:44 【36/55】浏览商品任务记录成功，等待5秒
Jun 15 06:22:44 逛商品赚金币任务完成，获得22金币
Jun 15 06:22:45 【37/55】浏览商品任务记录成功，等待5秒
Jun 15 06:22:49 逛商品赚金币任务完成，获得18金币
Jun 15 06:22:50 【38/55】浏览商品任务记录成功，等待5秒
Jun 15 06:22:50 逛商品赚金币任务完成，获得22金币
Jun 15 06:22:50 【39/55】浏览商品任务记录成功，等待5秒
Jun 15 06:22:55 逛商品赚金币任务完成，获得18金币
Jun 15 06:22:55 【40/55】浏览商品任务记录成功，等待5秒
Jun 15 06:22:55 逛商品赚金币任务完成，获得75金币
Jun 15 06:22:55 【41/55】浏览商品任务记录成功，等待5秒
Jun 15 06:23:00 逛商品赚金币任务完成，获得9金币
Jun 15 06:23:00 【42/55】浏览商品任务记录成功，等待5秒
Jun 15 06:23:00 逛商品赚金币任务完成，获得11金币
Jun 15 06:23:00 【43/55】浏览商品任务记录成功，等待5秒
Jun 15 06:23:05 逛商品赚金币任务完成，获得9金币
Jun 15 06:23:05 【44/55】浏览商品任务记录成功，等待5秒
Jun 15 06:23:05 逛商品赚金币任务完成，获得11金币
Jun 15 06:23:05 【45/55】浏览商品任务记录成功，等待5秒
Jun 15 06:23:10 逛商品赚金币任务完成，获得75金币
Jun 15 06:23:10 【46/55】浏览商品任务记录成功，等待5秒
Jun 15 06:23:10 逛商品赚金币任务完成，获得12金币
Jun 15 06:23:10 【47/55】浏览商品任务记录成功，等待5秒
Jun 15 06:23:15 逛商品赚金币任务完成，获得9金币
Jun 15 06:23:15 【48/55】浏览商品任务记录成功，等待5秒
Jun 15 06:23:15 逛商品赚金币任务完成，获得11金币
Jun 15 06:23:15 【49/55】浏览商品任务记录成功，等待5秒
Jun 15 06:23:20 逛商品赚金币任务完成，获得9金币
Jun 15 06:23:21 【50/55】浏览商品任务记录成功，等待5秒
Jun 15 06:23:21 逛商品赚金币任务完成，获得68金币
Jun 15 06:23:21 【51/55】浏览商品任务记录成功，等待5秒
Jun 15 06:23:26 逛商品赚金币任务完成，获得9金币
Jun 15 06:23:26 【52/55】浏览商品任务记录成功，等待5秒
Jun 15 06:23:26 逛商品赚金币任务完成，获得11金币
Jun 15 06:23:26 【53/55】浏览商品任务记录成功，等待5秒
Jun 15 06:23:31 逛商品赚金币任务完成，获得9金币
Jun 15 06:23:31 【54/55】浏览商品任务记录成功，等待5秒
Jun 15 06:23:31 逛商品赚金币任务完成，获得11金币
Jun 15 06:23:31 【55/55】浏览商品任务记录成功，等待5秒
Jun 15 06:23:36 逛商品赚金币任务完成，获得76金币
Jun 15 06:23:36 逛商品赚金币任务开启失败，任务已达上限
Jun 15 06:23:36 逛商品赚金币任务结束失败，任务已达上限
Jun 15 06:23:36 【1/10】浏览商品任务记录成功，等待10秒
Jun 15 06:23:36 逛商品赚金币任务开启失败，任务已达上限
Jun 15 06:23:36 【1/10】浏览商品任务记录成功，等待10秒
Jun 15 06:23:46 逛活动赚金币任务完成，获得60金币
Jun 15 06:23:46 逛活动赚金币任务结束失败，当前任务已完成
Jun 15 06:23:46 【2/10】浏览商品任务记录成功，等待10秒
Jun 15 06:23:46 【2/10】浏览商品任务记录成功，等待10秒
Jun 15 06:23:56 逛活动赚金币任务完成，获得120金币
Jun 15 06:23:56 逛活动赚金币任务失败，当前任务已完成
Jun 15 06:23:56 【3/10】浏览商品任务记录成功，等待10秒
Jun 15 06:23:56 【3/10】浏览商品任务记录成功，等待10秒
Jun 15 06:24:07 逛活动赚金币任务完成，获得60金币
Jun 15 06:24:07 逛活动赚金币任务完成，获得120金币
Jun 15 06:24:07 【5/10】浏览商品任务记录成功，等待10秒
Jun 15 06:24:07 【5/10】浏览商品任务记录成功，等待10秒
Jun 15 06:24:17 逛活动赚金币任务完成，获得60金币
Jun 15 06:24:17 逛活动赚金币任务完成，获得120金币
Jun 15 06:24:17 【7/10】浏览商品任务记录成功，等待10秒
Jun 15 06:24:17 【7/10】浏览商品任务记录成功，等待10秒
Jun 15 06:24:27 逛活动赚金币任务完成，获得60金币
Jun 15 06:24:27 逛活动赚金币任务完成，获得120金币
Jun 15 06:24:27 【9/10】浏览商品任务记录成功，等待10秒
Jun 15 06:24:27 【9/10】浏览商品任务记录成功，等待10秒
Jun 15 06:24:37 逛活动赚金币任务完成，获得60金币
Jun 15 06:24:37 逛活动赚金币任务完成，获得120金币
Jun 15 06:24:37 逛活动赚金币任务开启失败，任务已达上限
Jun 15 06:24:37 【1/85】浏览商品任务记录成功，等待15秒
Jun 15 06:24:37 逛活动赚金币任务开启失败，任务已达上限
Jun 15 06:24:37 【1/85】浏览商品任务记录成功，等待15秒
Jun 15 06:24:52 看视频赚金币任务完成，获得30金币
Jun 15 06:24:52 【2/85】浏览商品任务记录成功，等待15秒
Jun 15 06:24:52 看视频赚金币任务完成，获得30金币
Jun 15 06:24:52 【3/85】浏览商品任务记录成功，等待15秒
Jun 15 06:25:07 看视频赚金币任务完成，获得30金币
Jun 15 06:25:07 看视频赚金币任务完成，获得30金币
Jun 15 06:25:07 【5/85】浏览商品任务记录成功，等待15秒
Jun 15 06:25:07 【5/85】浏览商品任务记录成功，等待15秒
Jun 15 06:25:23 看视频赚金币任务完成，获得120金币
Jun 15 06:25:23 看视频赚金币任务完成，获得30金币
Jun 15 06:25:23 【7/85】浏览商品任务记录成功，等待15秒
Jun 15 06:25:23 【7/85】浏览商品任务记录成功，等待15秒
Jun 15 06:25:38 看视频赚金币任务结束失败，系统繁忙
Jun 15 06:25:38 【7/85】浏览商品任务记录成功，等待15秒
Jun 15 06:25:38 看视频赚金币任务完成，获得30金币
Jun 15 06:25:38 【8/85】浏览商品任务记录成功，等待15秒
Jun 15 06:25:53 看视频赚金币任务完成，获得30金币
Jun 15 06:25:53 【9/85】浏览商品任务记录成功，等待15秒
Jun 15 06:25:53 看视频赚金币任务完成，获得30金币
Jun 15 06:25:53 【10/85】浏览商品任务记录成功，等待15秒
Jun 15 06:26:08 看视频赚金币任务完成，获得120金币
Jun 15 06:26:08 【11/85】浏览商品任务记录成功，等待15秒
Jun 15 06:26:08 看视频赚金币任务完成，获得30金币
Jun 15 06:26:08 【12/85】浏览商品任务记录成功，等待15秒
Jun 15 06:26:23 看视频赚金币任务完成，获得30金币
Jun 15 06:26:23 看视频赚金币任务完成，获得30金币
Jun 15 06:26:23 【14/85】浏览商品任务记录成功，等待15秒
Jun 15 06:26:23 【14/85】浏览商品任务记录成功，等待15秒
Jun 15 06:26:38 看视频赚金币任务完成，获得30金币
Jun 15 06:26:38 看视频赚金币任务完成，获得120金币
Jun 15 06:26:38 【16/85】浏览商品任务记录成功，等待15秒
Jun 15 06:26:38 【16/85】浏览商品任务记录成功，等待15秒
Jun 15 06:26:53 看视频赚金币任务完成，获得30金币
Jun 15 06:26:53 看视频赚金币任务完成，获得30金币
Jun 15 06:26:53 【18/85】浏览商品任务记录成功，等待15秒
Jun 15 06:26:53 【18/85】浏览商品任务记录成功，等待15秒
Jun 15 06:27:08 看视频赚金币任务结束失败，系统繁忙
Jun 15 06:27:08 【18/85】浏览商品任务记录成功，等待15秒
Jun 15 06:27:09 看视频赚金币任务完成，获得30金币
Jun 15 06:27:09 【19/85】浏览商品任务记录成功，等待15秒
Jun 15 06:27:24 看视频赚金币任务完成，获得30金币
Jun 15 06:27:24 【20/85】浏览商品任务记录成功，等待15秒
Jun 15 06:27:24 看视频赚金币任务完成，获得120金币
Jun 15 06:27:24 【21/85】浏览商品任务记录成功，等待15秒
Jun 15 06:27:39 看视频赚金币任务完成，获得30金币
Jun 15 06:27:39 【22/85】浏览商品任务记录成功，等待15秒
Jun 15 06:27:39 看视频赚金币任务完成，获得30金币
Jun 15 06:27:39 【23/85】浏览商品任务记录成功，等待15秒
Jun 15 06:27:54 看视频赚金币任务完成，获得30金币
Jun 15 06:27:54 【24/85】浏览商品任务记录成功，等待15秒
Jun 15 06:27:54 看视频赚金币任务完成，获得30金币
Jun 15 06:27:54 【25/85】浏览商品任务记录成功，等待15秒
Jun 15 06:28:09 看视频赚金币任务完成，获得120金币
Jun 15 06:28:09 【26/85】浏览商品任务记录成功，等待15秒
Jun 15 06:28:09 看视频赚金币任务完成，获得30金币
Jun 15 06:28:09 【27/85】浏览商品任务记录成功，等待15秒
Jun 15 06:28:24 看视频赚金币任务完成，获得30金币
Jun 15 06:28:24 【28/85】浏览商品任务记录成功，等待15秒
Jun 15 06:28:24 看视频赚金币任务完成，获得30金币
Jun 15 06:28:24 【29/85】浏览商品任务记录成功，等待15秒
Jun 15 06:28:39 看视频赚金币任务完成，获得30金币
Jun 15 06:28:39 【30/85】浏览商品任务记录成功，等待15秒
Jun 15 06:28:39 看视频赚金币任务完成，获得120金币
Jun 15 06:28:39 【31/85】浏览商品任务记录成功，等待15秒
Jun 15 06:28:54 看视频赚金币任务完成，获得30金币
Jun 15 06:28:54 【32/85】浏览商品任务记录成功，等待15秒
Jun 15 06:28:54 看视频赚金币任务完成，获得30金币
Jun 15 06:28:54 【33/85】浏览商品任务记录成功，等待15秒
Jun 15 06:29:10 看视频赚金币任务完成，获得30金币
Jun 15 06:29:10 【34/85】浏览商品任务记录成功，等待15秒
Jun 15 06:29:10 看视频赚金币任务完成，获得30金币
Jun 15 06:29:10 【35/85】浏览商品任务记录成功，等待15秒
Jun 15 06:29:25 看视频赚金币任务完成，获得120金币
Jun 15 06:29:25 【36/85】浏览商品任务记录成功，等待18秒
Jun 15 06:29:25 看视频赚金币任务完成，获得1金币
Jun 15 06:29:25 【37/85】浏览商品任务记录成功，等待18秒
Jun 15 06:29:43 看视频赚金币任务完成，获得25金币
Jun 15 06:29:43 【38/85】浏览商品任务记录成功，等待18秒
Jun 15 06:29:43 看视频赚金币任务完成，获得25金币
Jun 15 06:29:43 【39/85】浏览商品任务记录成功，等待18秒
Jun 15 06:30:01 看视频赚金币任务完成，获得25金币
Jun 15 06:30:01 【40/85】浏览商品任务记录成功，等待18秒
Jun 15 06:30:01 看视频赚金币任务完成，获得120金币
Jun 15 06:30:01 【41/85】浏览商品任务记录成功，等待18秒
Jun 15 06:30:19 看视频赚金币任务完成，获得25金币
Jun 15 06:30:19 【42/85】浏览商品任务记录成功，等待18秒
Jun 15 06:30:19 看视频赚金币任务完成，获得25金币
Jun 15 06:30:19 【43/85】浏览商品任务记录成功，等待18秒
Jun 15 06:30:37 看视频赚金币任务完成，获得25金币
Jun 15 06:30:37 【45/85】浏览商品任务记录成功，等待18秒
Jun 15 06:30:37 看视频赚金币任务完成，获得25金币
Jun 15 06:30:37 【45/85】浏览商品任务记录成功，等待18秒
Jun 15 06:30:55 看视频赚金币任务完成，获得120金币
Jun 15 06:30:55 看视频赚金币任务完成，获得25金币
Jun 15 06:30:55 【47/85】浏览商品任务记录成功，等待18秒
Jun 15 06:30:55 【47/85】浏览商品任务记录成功，等待18秒
Jun 15 06:31:13 看视频赚金币任务完成，获得25金币
Jun 15 06:31:14 【48/85】浏览商品任务记录成功，等待18秒
Jun 15 06:31:14 看视频赚金币任务完成，获得25金币
Jun 15 06:31:14 【49/85】浏览商品任务记录成功，等待18秒
Jun 15 06:31:32 看视频赚金币任务完成，获得25金币
Jun 15 06:31:32 【50/85】浏览商品任务记录成功，等待18秒
Jun 15 06:31:32 看视频赚金币任务完成，获得120金币
Jun 15 06:31:32 【51/85】浏览商品任务记录成功，等待18秒
Jun 15 06:31:50 看视频赚金币任务完成，获得25金币
Jun 15 06:31:50 【52/85】浏览商品任务记录成功，等待18秒
Jun 15 06:31:50 看视频赚金币任务完成，获得25金币
Jun 15 06:31:50 【53/85】浏览商品任务记录成功，等待18秒
Jun 15 06:32:08 看视频赚金币任务完成，获得25金币
Jun 15 06:32:08 【54/85】浏览商品任务记录成功，等待18秒
Jun 15 06:32:08 看视频赚金币任务完成，获得25金币
Jun 15 06:32:08 【55/85】浏览商品任务记录成功，等待18秒
Jun 15 06:32:26 看视频赚金币任务完成，获得120金币
Jun 15 06:32:26 【56/85】浏览商品任务记录成功，等待18秒
Jun 15 06:32:26 看视频赚金币任务完成，获得25金币
Jun 15 06:32:26 【57/85】浏览商品任务记录成功，等待18秒
Jun 15 06:32:44 看视频赚金币任务完成，获得25金币
Jun 15 06:32:44 【58/85】浏览商品任务记录成功，等待18秒
Jun 15 06:32:44 看视频赚金币任务完成，获得25金币
Jun 15 06:32:44 【59/85】浏览商品任务记录成功，等待18秒
Jun 15 06:33:02 看视频赚金币任务完成，获得25金币
Jun 15 06:33:02 【60/85】浏览商品任务记录成功，等待18秒
Jun 15 06:33:03 看视频赚金币任务完成，获得120金币
Jun 15 06:33:03 【61/85】浏览商品任务记录成功，等待20秒
Jun 15 06:33:20 看视频赚金币任务完成，获得1金币
Jun 15 06:33:20 【62/85】浏览商品任务记录成功，等待20秒
Jun 15 06:33:23 看视频赚金币任务完成，获得10金币
Jun 15 06:33:23 【63/85】浏览商品任务记录成功，等待20秒
Jun 15 06:33:41 看视频赚金币任务完成，获得10金币
Jun 15 06:33:41 【64/85】浏览商品任务记录成功，等待20秒
Jun 15 06:33:43 看视频赚金币任务完成，获得10金币
Jun 15 06:33:43 【65/85】浏览商品任务记录成功，等待20秒
Jun 15 06:34:01 看视频赚金币任务完成，获得60金币
Jun 15 06:34:01 【66/85】浏览商品任务记录成功，等待20秒
Jun 15 06:34:03 看视频赚金币任务完成，获得10金币
Jun 15 06:34:03 【67/85】浏览商品任务记录成功，等待20秒
Jun 15 06:34:21 看视频赚金币任务完成，获得10金币
Jun 15 06:34:21 【68/85】浏览商品任务记录成功，等待20秒
Jun 15 06:34:23 看视频赚金币任务完成，获得10金币
Jun 15 06:34:23 【69/85】浏览商品任务记录成功，等待20秒
Jun 15 06:34:41 看视频赚金币任务完成，获得10金币
Jun 15 06:34:41 【70/85】浏览商品任务记录成功，等待20秒
Jun 15 06:34:43 看视频赚金币任务完成，获得60金币
Jun 15 06:34:43 【71/85】浏览商品任务记录成功，等待20秒
Jun 15 06:35:01 看视频赚金币任务完成，获得10金币
Jun 15 06:35:01 【72/85】浏览商品任务记录成功，等待20秒
Jun 15 06:35:03 看视频赚金币任务完成，获得10金币
Jun 15 06:35:03 【73/85】浏览商品任务记录成功，等待20秒
Jun 15 06:35:21 看视频赚金币任务完成，获得10金币
Jun 15 06:35:21 【74/85】浏览商品任务记录成功，等待20秒
Jun 15 06:35:24 看视频赚金币任务完成，获得10金币
Jun 15 06:35:24 【75/85】浏览商品任务记录成功，等待20秒
Jun 15 06:35:41 看视频赚金币任务完成，获得60金币
Jun 15 06:35:41 【76/85】浏览商品任务记录成功，等待30秒
Jun 15 06:35:44 看视频赚金币任务完成，获得1金币
Jun 15 06:35:44 【77/85】浏览商品任务记录成功，等待30秒
Jun 15 06:36:12 看视频赚金币任务完成，获得5金币
Jun 15 06:36:12 【78/85】浏览商品任务记录成功，等待30秒
Jun 15 06:36:14 看视频赚金币任务完成，获得5金币
Jun 15 06:36:14 【79/85】浏览商品任务记录成功，等待30秒
Jun 15 06:36:42 看视频赚金币任务完成，获得5金币
Jun 15 06:36:42 【80/85】浏览商品任务记录成功，等待30秒
Jun 15 06:36:44 看视频赚金币任务完成，获得40金币
Jun 15 06:36:44 【81/85】浏览商品任务记录成功，等待30秒
Jun 15 06:37:12 看视频赚金币任务完成，获得5金币
Jun 15 06:37:12 【82/85】浏览商品任务记录成功，等待30秒
Jun 15 06:37:14 看视频赚金币任务完成，获得5金币
Jun 15 06:37:14 【83/85】浏览商品任务记录成功，等待30秒
Jun 15 06:37:42 看视频赚金币任务完成，获得5金币
Jun 15 06:37:42 【84/85】浏览商品任务记录成功，等待30秒
Jun 15 06:37:44 看视频赚金币任务完成，获得5金币
Jun 15 06:37:44 【85/85】浏览商品任务记录成功，等待30秒
Jun 15 06:38:12 看视频赚金币任务完成，获得40金币
Jun 15 06:38:12 看视频赚金币任务已达上限
Jun 15 06:38:12 邀好友赚金币已完成
Jun 15 06:38:12 省钱大赢家已完成
Jun 15 06:38:12 签到提现已完成
Jun 15 06:38:12 东东爱消除已完成
Jun 15 06:38:12 购券抽大奖已完成
Jun 15 06:38:12 幸运转盘已完成
Jun 15 06:38:12 现金签到已完成
Jun 15 06:38:12 推推赚大钱已完成
Jun 15 06:38:12 天天抽奖已完成
Jun 15 06:38:12 水果免费领已完成
Jun 15 06:38:12 砍价免费拿已完成
Jun 15 06:38:12 
Jun 15 06:38:12 ==============📣系统通知📣==============
Jun 15 06:38:12 京东极速版
Jun 15 06:38:12 京东账号1jd_RbuUwXHBNnJR
Jun 15 06:38:12 本次运行获得2873金币，共计218215金币
Jun 15 06:38:14 
Jun 15 06:38:14 ******开始【京东账号2】jd_fMRfXcJHjROT*********
Jun 15 06:38:14 
Jun 15 06:38:14 看视频赚金币任务结束失败，任务已达上限
Jun 15 06:38:14 看视频赚金币任务已达上限
Jun 15 06:38:14 邀好友赚金币已完成
Jun 15 06:38:14 省钱大赢家已完成
Jun 15 06:38:14 签到提现已完成
Jun 15 06:38:14 东东爱消除已完成
Jun 15 06:38:14 购券抽大奖已完成
Jun 15 06:38:14 幸运转盘已完成
Jun 15 06:38:14 现金签到已完成
Jun 15 06:38:14 推推赚大钱已完成
Jun 15 06:38:14 天天抽奖已完成
Jun 15 06:38:14 水果免费领已完成
Jun 15 06:38:14 砍价免费拿已完成
Jun 15 06:38:15 
Jun 15 06:38:15 ==============📣系统通知📣==============
Jun 15 06:38:15 京东极速版
Jun 15 06:38:15 京东账号1jd_RbuUwXHBNnJR
Jun 15 06:38:15 本次运行获得3090金币，共计218215金币
Jun 15 06:38:15 京东极速版 API请求失败，请检查网路重试
Jun 15 06:38:15 【幸运大转盘】剩余抽奖机会：0
Jun 15 06:38:15 【幸运大转盘】剩余抽奖机会：0
Jun 15 06:38:15 签到失败，用户已签到
Jun 15 06:38:15 【1/55】浏览商品任务记录成功，等待5秒
Jun 15 06:38:17 
Jun 15 06:38:17 ******开始【京东账号2】jd_fMRfXcJHjROT*********
Jun 15 06:38:17 
Jun 15 06:38:17 京东极速版 API请求失败，请检查网路重试
Jun 15 06:38:17 【幸运大转盘】剩余抽奖机会：0
Jun 15 06:38:17 【幸运大转盘】剩余抽奖机会：0
Jun 15 06:38:17 签到失败，用户已签到
Jun 15 06:38:17 【1/55】浏览商品任务记录成功，等待5秒
Jun 15 06:38:20 逛商品赚金币任务完成，获得34金币
Jun 15 06:38:20 【2/55】浏览商品任务记录成功，等待5秒
Jun 15 06:38:22 逛商品赚金币任务结束失败，当前任务已完成
Jun 15 06:38:22 【2/55】浏览商品任务记录成功，等待5秒
Jun 15 06:38:25 逛商品赚金币任务完成，获得46金币
Jun 15 06:38:25 【3/55】浏览商品任务记录成功，等待5秒
Jun 15 06:38:27 逛商品赚金币任务结束失败，当前任务已完成
Jun 15 06:38:27 【3/55】浏览商品任务记录成功，等待5秒
Jun 15 06:38:30 逛商品赚金币任务完成，获得35金币
Jun 15 06:38:30 【4/55】浏览商品任务记录成功，等待5秒
Jun 15 06:38:32 逛商品赚金币任务结束失败，当前任务已完成
Jun 15 06:38:32 【4/55】浏览商品任务记录成功，等待5秒
Jun 15 06:38:36 逛商品赚金币任务完成，获得45金币
Jun 15 06:38:36 【5/55】浏览商品任务记录成功，等待5秒
Jun 15 06:38:37 逛商品赚金币任务结束失败，当前任务已完成
Jun 15 06:38:38 【5/55】浏览商品任务记录成功，等待5秒
Jun 15 06:38:41 逛商品赚金币任务完成，获得73金币
Jun 15 06:38:41 【6/55】浏览商品任务记录成功，等待5秒
Jun 15 06:38:43 逛商品赚金币任务完成，获得46金币
Jun 15 06:38:43 【7/55】浏览商品任务记录成功，等待5秒
Jun 15 06:38:46 逛商品赚金币任务完成，获得35金币
Jun 15 06:38:46 【8/55】浏览商品任务记录成功，等待5秒
Jun 15 06:38:48 逛商品赚金币任务完成，获得45金币
Jun 15 06:38:48 【9/55】浏览商品任务记录成功，等待5秒
Jun 15 06:38:51 逛商品赚金币任务完成，获得34金币
Jun 15 06:38:51 【10/55】浏览商品任务记录成功，等待5秒
Jun 15 06:38:53 逛商品赚金币任务完成，获得63金币
Jun 15 06:38:53 【11/55】浏览商品任务记录成功，等待5秒
Jun 15 06:38:56 逛商品赚金币任务完成，获得34金币
Jun 15 06:38:56 【12/55】浏览商品任务记录成功，等待5秒
Jun 15 06:38:58 逛商品赚金币任务完成，获得46金币
Jun 15 06:38:58 【13/55】浏览商品任务记录成功，等待5秒
Jun 15 06:39:01 逛商品赚金币任务完成，获得36金币
Jun 15 06:39:01 【14/55】浏览商品任务记录成功，等待5秒
Jun 15 06:39:03 逛商品赚金币任务完成，获得44金币
Jun 15 06:39:03 【15/55】浏览商品任务记录成功，等待5秒
Jun 15 06:39:07 逛商品赚金币任务完成，获得74金币
Jun 15 06:39:07 【16/55】浏览商品任务记录成功，等待5秒
Jun 15 06:39:08 逛商品赚金币任务完成，获得33金币
Jun 15 06:39:09 【17/55】浏览商品任务记录成功，等待5秒
Jun 15 06:39:12 逛商品赚金币任务完成，获得27金币
Jun 15 06:39:12 【18/55】浏览商品任务记录成功，等待5秒
Jun 15 06:39:14 逛商品赚金币任务完成，获得33金币
Jun 15 06:39:14 【19/55】浏览商品任务记录成功，等待5秒
Jun 15 06:39:17 逛商品赚金币任务完成，获得27金币
Jun 15 06:39:17 【20/55】浏览商品任务记录成功，等待5秒
Jun 15 06:39:19 逛商品赚金币任务完成，获得67金币
Jun 15 06:39:19 【21/55】浏览商品任务记录成功，等待5秒
Jun 15 06:39:22 逛商品赚金币任务完成，获得24金币
Jun 15 06:39:22 【22/55】浏览商品任务记录成功，等待5秒
Jun 15 06:39:24 逛商品赚金币任务完成，获得36金币
Jun 15 06:39:24 【23/55】浏览商品任务记录成功，等待5秒
Jun 15 06:39:27 逛商品赚金币任务完成，获得27金币
Jun 15 06:39:27 【24/55】浏览商品任务记录成功，等待5秒
Jun 15 06:39:29 逛商品赚金币任务完成，获得33金币
Jun 15 06:39:29 【25/55】浏览商品任务记录成功，等待5秒
Jun 15 06:39:32 逛商品赚金币任务完成，获得65金币
Jun 15 06:39:32 【26/55】浏览商品任务记录成功，等待5秒
Jun 15 06:39:34 逛商品赚金币任务完成，获得33金币
Jun 15 06:39:34 【27/55】浏览商品任务记录成功，等待5秒
Jun 15 06:39:38 逛商品赚金币任务完成，获得26金币
Jun 15 06:39:38 【28/55】浏览商品任务记录成功，等待5秒
Jun 15 06:39:39 逛商品赚金币任务完成，获得34金币
Jun 15 06:39:40 【29/55】浏览商品任务记录成功，等待5秒
Jun 15 06:39:43 逛商品赚金币任务完成，获得17金币
Jun 15 06:39:43 【30/55】浏览商品任务记录成功，等待5秒
Jun 15 06:39:45 逛商品赚金币任务完成，获得61金币
Jun 15 06:39:45 【31/55】浏览商品任务记录成功，等待5秒
Jun 15 06:39:48 逛商品赚金币任务完成，获得17金币
Jun 15 06:39:48 【32/55】浏览商品任务记录成功，等待5秒
Jun 15 06:39:50 逛商品赚金币任务完成，获得23金币
Jun 15 06:39:50 【33/55】浏览商品任务记录成功，等待5秒
Jun 15 06:39:53 逛商品赚金币任务完成，获得18金币
Jun 15 06:39:53 【34/55】浏览商品任务记录成功，等待5秒
Jun 15 06:39:55 逛商品赚金币任务完成，获得22金币
Jun 15 06:39:55 【35/55】浏览商品任务记录成功，等待5秒
Jun 15 06:39:58 逛商品赚金币任务完成，获得78金币
Jun 15 06:39:58 【36/55】浏览商品任务记录成功，等待5秒
Jun 15 06:40:00 逛商品赚金币任务完成，获得22金币
Jun 15 06:40:00 【37/55】浏览商品任务记录成功，等待5秒
Jun 15 06:40:03 逛商品赚金币任务完成，获得18金币
Jun 15 06:40:04 【38/55】浏览商品任务记录成功，等待5秒
Jun 15 06:40:05 逛商品赚金币任务完成，获得22金币
Jun 15 06:40:05 【39/55】浏览商品任务记录成功，等待5秒
Jun 15 06:40:09 逛商品赚金币任务完成，获得18金币
Jun 15 06:40:09 【40/55】浏览商品任务记录成功，等待5秒
Jun 15 06:40:10 逛商品赚金币任务完成，获得66金币
Jun 15 06:40:11 【41/55】浏览商品任务记录成功，等待5秒
Jun 15 06:40:14 逛商品赚金币任务完成，获得9金币
Jun 15 06:40:14 【42/55】浏览商品任务记录成功，等待5秒
Jun 15 06:40:16 逛商品赚金币任务完成，获得11金币
Jun 15 06:40:16 【43/55】浏览商品任务记录成功，等待5秒
Jun 15 06:40:19 逛商品赚金币任务完成，获得9金币
Jun 15 06:40:19 【44/55】浏览商品任务记录成功，等待5秒
Jun 15 06:40:21 逛商品赚金币任务完成，获得11金币
Jun 15 06:40:21 【45/55】浏览商品任务记录成功，等待5秒
Jun 15 06:40:24 逛商品赚金币任务完成，获得74金币
Jun 15 06:40:24 【46/55】浏览商品任务记录成功，等待5秒
Jun 15 06:40:26 逛商品赚金币任务完成，获得12金币
Jun 15 06:40:26 【47/55】浏览商品任务记录成功，等待5秒
Jun 15 06:40:29 逛商品赚金币任务完成，获得9金币
Jun 15 06:40:29 【48/55】浏览商品任务记录成功，等待5秒
Jun 15 06:40:31 逛商品赚金币任务完成，获得11金币
Jun 15 06:40:31 【49/55】浏览商品任务记录成功，等待5秒
Jun 15 06:40:34 逛商品赚金币任务完成，获得9金币
Jun 15 06:40:35 【50/55】浏览商品任务记录成功，等待5秒
Jun 15 06:40:36 逛商品赚金币任务完成，获得72金币
Jun 15 06:40:36 【51/55】浏览商品任务记录成功，等待5秒
Jun 15 06:40:40 逛商品赚金币任务完成，获得9金币
Jun 15 06:40:40 【52/55】浏览商品任务记录成功，等待5秒
Jun 15 06:40:41 逛商品赚金币任务完成，获得11金币
Jun 15 06:40:42 【53/55】浏览商品任务记录成功，等待5秒
Jun 15 06:40:45 逛商品赚金币任务完成，获得9金币
Jun 15 06:40:45 【54/55】浏览商品任务记录成功，等待5秒
Jun 15 06:40:47 逛商品赚金币任务完成，获得11金币
Jun 15 06:40:47 【55/55】浏览商品任务记录成功，等待5秒
Jun 15 06:40:50 逛商品赚金币任务完成，获得77金币
Jun 15 06:40:50 逛商品赚金币任务开启失败，任务已达上限
Jun 15 06:40:50 【1/10】浏览商品任务记录成功，等待10秒
Jun 15 06:40:52 逛商品赚金币任务结束失败，任务已达上限
Jun 15 06:40:52 逛商品赚金币任务开启失败，任务已达上限
Jun 15 06:40:52 【1/10】浏览商品任务记录成功，等待10秒
Jun 15 06:41:00 逛活动赚金币任务完成，获得60金币
Jun 15 06:41:00 【2/10】浏览商品任务记录成功，等待10秒
Jun 15 06:41:02 逛活动赚金币任务结束失败，当前任务已完成
Jun 15 06:41:02 【2/10】浏览商品任务记录成功，等待10秒
Jun 15 06:41:10 逛活动赚金币任务完成，获得120金币
Jun 15 06:41:10 【3/10】浏览商品任务记录成功，等待10秒
Jun 15 06:41:12 逛活动赚金币任务结束失败，当前任务已完成
Jun 15 06:41:12 【3/10】浏览商品任务记录成功，等待10秒
Jun 15 06:41:21 逛活动赚金币任务完成，获得60金币
Jun 15 06:41:21 【4/10】浏览商品任务记录成功，等待10秒
Jun 15 06:41:22 逛活动赚金币任务完成，获得120金币
Jun 15 06:41:22 【5/10】浏览商品任务记录成功，等待10秒
Jun 15 06:41:31 逛活动赚金币任务完成，获得60金币
Jun 15 06:41:31 【6/10】浏览商品任务记录成功，等待10秒
Jun 15 06:41:32 逛活动赚金币任务完成，获得120金币
Jun 15 06:41:32 【7/10】浏览商品任务记录成功，等待10秒
Jun 15 06:41:41 逛活动赚金币任务完成，获得60金币
Jun 15 06:41:41 【8/10】浏览商品任务记录成功，等待10秒
Jun 15 06:41:43 逛活动赚金币任务完成，获得120金币
Jun 15 06:41:43 【9/10】浏览商品任务记录成功，等待10秒
Jun 15 06:41:51 逛活动赚金币任务完成，获得60金币
Jun 15 06:41:51 【10/10】浏览商品任务记录成功，等待10秒
Jun 15 06:41:53 逛活动赚金币任务完成，获得120金币
Jun 15 06:41:53 逛活动赚金币任务开启失败，任务已达上限
Jun 15 06:41:53 【1/85】浏览商品任务记录成功，等待15秒
Jun 15 06:42:01 逛活动赚金币任务结束失败，任务已达上限
Jun 15 06:42:01 逛活动赚金币任务开启失败，任务已达上限
Jun 15 06:42:01 【1/85】浏览商品任务记录成功，等待15秒
Jun 15 06:42:08 看视频赚金币任务完成，获得30金币
Jun 15 06:42:08 【2/85】浏览商品任务记录成功，等待15秒
Jun 15 06:42:16 看视频赚金币任务完成，获得30金币
Jun 15 06:42:16 【3/85】浏览商品任务记录成功，等待15秒
Jun 15 06:42:23 看视频赚金币任务完成，获得30金币
Jun 15 06:42:23 【4/85】浏览商品任务记录成功，等待15秒
Jun 15 06:42:32 看视频赚金币任务完成，获得30金币
Jun 15 06:42:32 【5/85】浏览商品任务记录成功，等待15秒
Jun 15 06:42:38 看视频赚金币任务完成，获得120金币
Jun 15 06:42:38 【6/85】浏览商品任务记录成功，等待15秒
Jun 15 06:42:47 看视频赚金币任务完成，获得30金币
Jun 15 06:42:47 【7/85】浏览商品任务记录成功，等待15秒
Jun 15 06:42:53 看视频赚金币任务完成，获得30金币
Jun 15 06:42:53 【8/85】浏览商品任务记录成功，等待15秒
Jun 15 06:43:02 看视频赚金币任务完成，获得30金币
Jun 15 06:43:02 【9/85】浏览商品任务记录成功，等待15秒
Jun 15 06:43:09 看视频赚金币任务完成，获得30金币
Jun 15 06:43:09 【10/85】浏览商品任务记录成功，等待15秒
Jun 15 06:43:17 看视频赚金币任务完成，获得120金币
Jun 15 06:43:17 【11/85】浏览商品任务记录成功，等待15秒
Jun 15 06:43:24 看视频赚金币任务完成，获得30金币
Jun 15 06:43:24 【12/85】浏览商品任务记录成功，等待15秒
Jun 15 06:43:32 看视频赚金币任务完成，获得30金币
Jun 15 06:43:32 【13/85】浏览商品任务记录成功，等待15秒
Jun 15 06:43:39 看视频赚金币任务完成，获得30金币
Jun 15 06:43:39 【14/85】浏览商品任务记录成功，等待15秒
Jun 15 06:43:47 看视频赚金币任务完成，获得30金币
Jun 15 06:43:47 【15/85】浏览商品任务记录成功，等待15秒
Jun 15 06:43:54 看视频赚金币任务完成，获得120金币
Jun 15 06:43:54 【16/85】浏览商品任务记录成功，等待15秒
Jun 15 06:44:02 看视频赚金币任务完成，获得30金币
Jun 15 06:44:02 【17/85】浏览商品任务记录成功，等待15秒
Jun 15 06:44:09 看视频赚金币任务完成，获得30金币
Jun 15 06:44:09 【18/85】浏览商品任务记录成功，等待15秒
Jun 15 06:44:17 看视频赚金币任务完成，获得30金币
Jun 15 06:44:18 【19/85】浏览商品任务记录成功，等待15秒
Jun 15 06:44:24 看视频赚金币任务完成，获得30金币
Jun 15 06:44:24 【20/85】浏览商品任务记录成功，等待15秒
Jun 15 06:44:33 看视频赚金币任务完成，获得120金币
Jun 15 06:44:33 【21/85】浏览商品任务记录成功，等待15秒
Jun 15 06:44:39 看视频赚金币任务完成，获得30金币
Jun 15 06:44:39 【22/85】浏览商品任务记录成功，等待15秒
Jun 15 06:44:48 看视频赚金币任务完成，获得30金币
Jun 15 06:44:48 【23/85】浏览商品任务记录成功，等待15秒
Jun 15 06:44:54 看视频赚金币任务完成，获得30金币
Jun 15 06:44:54 【24/85】浏览商品任务记录成功，等待15秒
Jun 15 06:45:03 看视频赚金币任务完成，获得30金币
Jun 15 06:45:03 【25/85】浏览商品任务记录成功，等待15秒
Jun 15 06:45:10 看视频赚金币任务完成，获得120金币
Jun 15 06:45:10 【26/85】浏览商品任务记录成功，等待15秒
Jun 15 06:45:18 看视频赚金币任务完成，获得30金币
Jun 15 06:45:18 【27/85】浏览商品任务记录成功，等待15秒
Jun 15 06:45:25 看视频赚金币任务完成，获得30金币
Jun 15 06:45:25 【28/85】浏览商品任务记录成功，等待15秒
Jun 15 06:45:33 看视频赚金币任务完成，获得30金币
Jun 15 06:45:33 【29/85】浏览商品任务记录成功，等待15秒
Jun 15 06:45:40 看视频赚金币任务完成，获得30金币
Jun 15 06:45:40 【30/85】浏览商品任务记录成功，等待15秒
Jun 15 06:45:48 看视频赚金币任务完成，获得120金币
Jun 15 06:45:48 【31/85】浏览商品任务记录成功，等待15秒
Jun 15 06:45:55 看视频赚金币任务完成，获得30金币
Jun 15 06:45:55 【32/85】浏览商品任务记录成功，等待15秒
Jun 15 06:46:03 看视频赚金币任务完成，获得30金币
Jun 15 06:46:03 【33/85】浏览商品任务记录成功，等待15秒
Jun 15 06:46:10 看视频赚金币任务完成，获得30金币
Jun 15 06:46:10 【34/85】浏览商品任务记录成功，等待15秒
Jun 15 06:46:19 看视频赚金币任务完成，获得30金币
Jun 15 06:46:19 【35/85】浏览商品任务记录成功，等待15秒
Jun 15 06:46:25 看视频赚金币任务完成，获得120金币
Jun 15 06:46:25 【36/85】浏览商品任务记录成功，等待18秒
Jun 15 06:46:34 看视频赚金币任务完成，获得1金币
Jun 15 06:46:34 【37/85】浏览商品任务记录成功，等待18秒
Jun 15 06:46:43 看视频赚金币任务完成，获得25金币
Jun 15 06:46:43 【38/85】浏览商品任务记录成功，等待18秒
Jun 15 06:46:52 看视频赚金币任务完成，获得25金币
Jun 15 06:46:52 【39/85】浏览商品任务记录成功，等待18秒
Jun 15 06:47:02 看视频赚金币任务完成，获得25金币
Jun 15 06:47:02 【40/85】浏览商品任务记录成功，等待18秒
Jun 15 06:47:10 看视频赚金币任务完成，获得120金币
Jun 15 06:47:10 【41/85】浏览商品任务记录成功，等待18秒
Jun 15 06:47:20 看视频赚金币任务完成，获得25金币
Jun 15 06:47:20 【42/85】浏览商品任务记录成功，等待18秒
Jun 15 06:47:28 看视频赚金币任务完成，获得25金币
Jun 15 06:47:28 【43/85】浏览商品任务记录成功，等待18秒
Jun 15 06:47:38 看视频赚金币任务完成，获得25金币
Jun 15 06:47:38 【44/85】浏览商品任务记录成功，等待18秒
Jun 15 06:47:46 看视频赚金币任务完成，获得25金币
Jun 15 06:47:46 【45/85】浏览商品任务记录成功，等待18秒
Jun 15 06:47:56 看视频赚金币任务完成，获得120金币
Jun 15 06:47:56 【46/85】浏览商品任务记录成功，等待18秒
Jun 15 06:48:04 看视频赚金币任务完成，获得25金币
Jun 15 06:48:04 【47/85】浏览商品任务记录成功，等待18秒
Jun 15 06:48:14 看视频赚金币任务完成，获得25金币
Jun 15 06:48:14 【48/85】浏览商品任务记录成功，等待18秒
Jun 15 06:48:23 看视频赚金币任务完成，获得25金币
Jun 15 06:48:23 【49/85】浏览商品任务记录成功，等待18秒
Jun 15 06:48:32 看视频赚金币任务完成，获得25金币
Jun 15 06:48:32 【50/85】浏览商品任务记录成功，等待18秒
Jun 15 06:48:41 看视频赚金币任务完成，获得120金币
Jun 15 06:48:41 【51/85】浏览商品任务记录成功，等待18秒
Jun 15 06:48:50 看视频赚金币任务完成，获得25金币
Jun 15 06:48:50 【52/85】浏览商品任务记录成功，等待18秒
Jun 15 06:48:59 看视频赚金币任务完成，获得25金币
Jun 15 06:48:59 【53/85】浏览商品任务记录成功，等待18秒
Jun 15 06:49:09 看视频赚金币任务完成，获得25金币
Jun 15 06:49:09 【54/85】浏览商品任务记录成功，等待18秒
Jun 15 06:49:17 看视频赚金币任务完成，获得25金币
Jun 15 06:49:17 【55/85】浏览商品任务记录成功，等待18秒
Jun 15 06:49:27 看视频赚金币任务完成，获得120金币
Jun 15 06:49:27 【56/85】浏览商品任务记录成功，等待18秒
Jun 15 06:49:35 看视频赚金币任务完成，获得25金币
Jun 15 06:49:35 【57/85】浏览商品任务记录成功，等待18秒
Jun 15 06:49:45 看视频赚金币任务完成，获得25金币
Jun 15 06:49:45 【58/85】浏览商品任务记录成功，等待18秒
Jun 15 06:49:53 看视频赚金币任务完成，获得25金币
Jun 15 06:49:53 【59/85】浏览商品任务记录成功，等待18秒
Jun 15 06:50:03 看视频赚金币任务完成，获得25金币
Jun 15 06:50:03 【60/85】浏览商品任务记录成功，等待18秒
Jun 15 06:50:11 看视频赚金币任务完成，获得120金币
Jun 15 06:50:11 【61/85】浏览商品任务记录成功，等待20秒
Jun 15 06:50:21 看视频赚金币任务完成，获得1金币
Jun 15 06:50:21 【62/85】浏览商品任务记录成功，等待20秒
Jun 15 06:50:32 看视频赚金币任务完成，获得10金币
Jun 15 06:50:32 【63/85】浏览商品任务记录成功，等待20秒
Jun 15 06:50:41 看视频赚金币任务完成，获得10金币
Jun 15 06:50:41 【64/85】浏览商品任务记录成功，等待20秒
Jun 15 06:50:52 看视频赚金币任务完成，获得10金币
Jun 15 06:50:52 【65/85】浏览商品任务记录成功，等待20秒
Jun 15 06:51:01 看视频赚金币任务完成，获得60金币
Jun 15 06:51:02 【66/85】浏览商品任务记录成功，等待20秒
Jun 15 06:51:12 看视频赚金币任务完成，获得10金币
Jun 15 06:51:12 【67/85】浏览商品任务记录成功，等待20秒
Jun 15 06:51:22 看视频赚金币任务完成，获得10金币
Jun 15 06:51:22 【68/85】浏览商品任务记录成功，等待20秒
Jun 15 06:51:32 看视频赚金币任务完成，获得10金币
Jun 15 06:51:32 【69/85】浏览商品任务记录成功，等待20秒
Jun 15 06:51:42 看视频赚金币任务完成，获得10金币
Jun 15 06:51:42 【70/85】浏览商品任务记录成功，等待20秒
Jun 15 06:51:52 看视频赚金币任务完成，获得60金币
Jun 15 06:51:52 【71/85】浏览商品任务记录成功，等待20秒
Jun 15 06:52:02 看视频赚金币任务完成，获得10金币
Jun 15 06:52:02 【72/85】浏览商品任务记录成功，等待20秒
Jun 15 06:52:12 看视频赚金币任务完成，获得10金币
Jun 15 06:52:12 【73/85】浏览商品任务记录成功，等待20秒
Jun 15 06:52:22 看视频赚金币任务完成，获得10金币
Jun 15 06:52:22 【74/85】浏览商品任务记录成功，等待20秒
Jun 15 06:52:32 看视频赚金币任务完成，获得10金币
Jun 15 06:52:33 【75/85】浏览商品任务记录成功，等待20秒
Jun 15 06:52:42 看视频赚金币任务完成，获得60金币
Jun 15 06:52:42 【76/85】浏览商品任务记录成功，等待30秒
Jun 15 06:52:53 看视频赚金币任务完成，获得1金币
Jun 15 06:52:53 【77/85】浏览商品任务记录成功，等待30秒
Jun 15 06:53:12 看视频赚金币任务完成，获得5金币
Jun 15 06:53:12 【78/85】浏览商品任务记录成功，等待30秒
Jun 15 06:53:23 看视频赚金币任务完成，获得5金币
Jun 15 06:53:23 【79/85】浏览商品任务记录成功，等待30秒
Jun 15 06:53:42 看视频赚金币任务完成，获得5金币
Jun 15 06:53:43 【80/85】浏览商品任务记录成功，等待30秒
Jun 15 06:53:53 看视频赚金币任务完成，获得40金币
Jun 15 06:53:53 【81/85】浏览商品任务记录成功，等待30秒
Jun 15 06:54:13 看视频赚金币任务完成，获得5金币
Jun 15 06:54:13 【82/85】浏览商品任务记录成功，等待30秒
Jun 15 06:54:23 看视频赚金币任务完成，获得5金币
Jun 15 06:54:23 【83/85】浏览商品任务记录成功，等待30秒
Jun 15 06:54:43 看视频赚金币任务完成，获得5金币
Jun 15 06:54:43 【84/85】浏览商品任务记录成功，等待30秒
Jun 15 06:54:53 看视频赚金币任务完成，获得5金币
Jun 15 06:54:53 【85/85】浏览商品任务记录成功，等待30秒
Jun 15 06:55:13 看视频赚金币任务完成，获得40金币
Jun 15 06:55:13 看视频赚金币任务已达上限
Jun 15 06:55:13 邀好友赚金币已完成
Jun 15 06:55:13 省钱大赢家已完成
Jun 15 06:55:13 签到提现已完成
Jun 15 06:55:13 东东爱消除已完成
Jun 15 06:55:13 购券抽大奖已完成
Jun 15 06:55:13 幸运转盘已完成
Jun 15 06:55:13 现金签到已完成
Jun 15 06:55:13 推推赚大钱已完成
Jun 15 06:55:13 天天抽奖已完成
Jun 15 06:55:13 水果免费领已完成
Jun 15 06:55:13 砍价免费拿已完成
Jun 15 06:55:13 
Jun 15 06:55:13 ==============📣系统通知📣==============
Jun 15 06:55:13 京东极速版
Jun 15 06:55:13 京东账号2jd_fMRfXcJHjROT
Jun 15 06:55:13 本次运行获得2969金币，共计141053金币
Jun 15 06:55:15 
Jun 15 06:55:15 🔔京东极速版, 结束! 🕛 2054.992 秒
Jun 15 06:55:15 
Jun 15 06:55:23 看视频赚金币任务结束失败，任务已达上限
Jun 15 06:55:23 看视频赚金币任务已达上限
Jun 15 06:55:23 邀好友赚金币已完成
Jun 15 06:55:23 省钱大赢家已完成
Jun 15 06:55:23 签到提现已完成
Jun 15 06:55:23 东东爱消除已完成
Jun 15 06:55:23 购券抽大奖已完成
Jun 15 06:55:23 幸运转盘已完成
Jun 15 06:55:23 现金签到已完成
Jun 15 06:55:23 推推赚大钱已完成
Jun 15 06:55:23 天天抽奖已完成
Jun 15 06:55:23 水果免费领已完成
Jun 15 06:55:23 砍价免费拿已完成
Jun 15 06:55:24 
Jun 15 06:55:24 ==============📣系统通知📣==============
Jun 15 06:55:24 京东极速版
Jun 15 06:55:24 京东账号2jd_fMRfXcJHjROT
Jun 15 06:55:24 本次运行获得2975金币，共计141053金币
Jun 15 06:55:26 
Jun 15 06:55:26 🔔京东极速版, 结束! 🕛 2065.547 秒
Jun 15 06:55:26 
