
рџ””жЋжџе°Џеє—, ејЂе§‹!
ж‚Ёзљ„cookieйЂ‰ж‹©зљ„жЇз”Ё&йљ”ејЂ


====================е…±жњ‰2дёЄдє¬дёњиґ¦еЏ·Cookie=========

==================и„љжњ¬ж‰§иЎЊ- еЊ—дє¬ж—¶й—ґ(UTC+8)пјљ6/15/2021, 1:00:01 AM=====================

жЋжџе°Џеє—(жџеє—й•ї)
еЉ©еЉ›йЂ»иѕ‘пјљжЇЏдёЄckйљЏжњєиЋ·еЏ–дёЂдёЄжЋжџпјЊз„¶еђЋдјље…€е†…йѓЁеЉ©еЉ›пјЊз„¶еђЋе†ЌеЉ©еЉ›е†…зЅ®еЉ©еЉ›з Ѓ
жЉЅеҐ–пјљжЇеђ¦дё­еҐ–жІЎе€¤ж–­пјЊйњЂи‡ЄиЎЊжџҐзњ‹
ж›ґж–°ж—¶й—ґпјљ2021-06-06

==================ејЂе§‹ж‰§иЎЊжЋжџе°Џеє—д»»еЉЎ==================

*****ејЂе§‹гЂђдє¬дёњиґ¦еЏ·1гЂ‘jd_RbuUwXHBNnJR*****

зЋ°е…±жџҐиЇўе€°42дёЄжЋжџе°Џеє—

ејЂе§‹з¬¬1дёЄжЋжџе°Џеє—пјЊIDпјљ4A2M7K,жЋжџпјљеј дјЇиз™Ѕеј жџЏиЉќXзѕЋиµћи‡Ј й‚ЂдЅ жќҐдє¬дёњжџеє—й•їжЉЅеЏ–ееЋ»еЃљд»»еЋ»еЃљд»»еЉЎпјљжЋжџеє”жеЋ»еЃљд»»еЋ»еЃљд»»еЉЎпјљжЋжџеє”жжµЏи§€пјљжµжµЏи§€пјљ2жжµЏи§€пјљеђ‰е€—
жµЏи§€пјљ1
жµЏи§€пјљ3
д»»еЉЎпјљжЋжџеє”жЏґе…іжіЁеє—й“єпјЊе·Іе®Њж€ђ
дє’еЉ©з Ѓпјљu5SBJ1h5ZEucuvf6b4clpQ


ејЂе§‹з¬¬2дёЄжЋжџе°Џеє—пјЊIDпјљ8K7JM3,жЋжџпјљж­ўеєµ
ж­ўеєµз»™дЅ йЂЃеҐЅз¤је•¦пјЊеї«жќҐе®Њж€ђд»»еЉЎжЉЅеЏ–дё“е±ћеҐЅз¤јеђ§~
еЋ»еЃљд»»еЉЎпјљжЋжџеє”жЏґз­ѕе€°
еЋ»еЃљд»»еЉЎпјљжЋжџеє”жЏґжµЏи§€
жµЏи§€пјљ5
жµЏи§€пјљ1
жµЏи§€пјљ6
ж€ђеЉџ
жµЏи§€пјљ7
жµЏи§€пјљ2
д»»еЉЎпјљжЋжџеє”жЏґе…іжіЁеє—й“єпјЊе·Іе®Њж€ђ


ејЂе§‹з¬¬3дёЄжЋжџе°Џеє—пјЊIDпјљGN949D,жЋжџпјље€е®‡е®Ѓ
ж‘©з™»е…„ејџе€е®‡е®ЃXи’™з‰› й‚ЂдЅ жќҐдє¬дёњжџеє—й•їж

ејЂе§‹з¬¬3дёЄеЋ»еЃљд»»еЉЎпјљжЋжџеє”жЏґз­ѕе€°
з­ѕе€°ж€ђеЉџ
еЋ»еЃљд»»еЉЎпјљжЋжџеє”жЏґжµЏи§€
жµЏи§€пјљжџеє—й•їж‰їжЋҐйЎµ
ж€ђеЉџ
жµЏи§€пјљи‡ЄиђҐдјље‘ејЂеЌЎ
жµЏи§€пјљиЉ’иЉ’иҐїжџљ
жµЏи§€пјљжЁ±иЉ±йќ’жў…
ж€ђеЉџ
д»»еЉЎпјљжЋжџеє”жЏґе…іжіЁеє—й“єпјЊе·Іе®Њж€ђ


ејЂе§‹з¬¬4дёЄжЋжџе°Џеє—пјЊIDпјљYTDXNL,жЋжџпјље®«ж®їеђ›
еЏЄйњІеЈ°йџізљ„е®«ж®їеђ›з»™дЅ йЂЃеҐЅз¤је•¦пјЊеї«жќҐд»»еЉЎпјљжЋжџеє”жЏґе…іжіЁеє—й“єпјеЋ»еЃљд»»еЉЎпјљжЋжџеє”жЏґз­ѕе€°
еЋ»еЃљд»»еЉЎпјљжЋжџеє”жЏґжµЏи§€
жµЏи§€пјљ5
жµЏи§€пјљ7
жµЏи§€пјљ2
жµЏи§€пјљ4
жµЏи§€пјљ6
д»»еЉЎпјљжЋжџеє”жЏґе…іжіЁеє—й“єпјЊе·Іе®Њж€ђ


ејЂе§‹з¬¬5дёЄжЋжџе°Џеє—пјЊIDпјљFBFN48,жЋжџпјљжќЋе®‡жҐ
жќЋе®‡жҐXе¤љиЉ¬ й‚ЂдЅ жќҐдє¬дёњжџеє—й•їжЉЅеЏ–еҐЅз¤јпјЃ
еЋ»еЃљд»»еЉЎпјљжЋжџеє”жЏґз­ѕе€°
еЋ»еЃљд»»еЉЎпјљжЋжџеє”жЏґжµЏи§€
жµЏи§€пјље¤љиЉ¬hairйЎµйќў
жµЏи§€пјље¤љиЉ¬dogmaxйЎµйќў
жµЏи§€пјље¤љиЉ¬жІђжµґ
ж€ђеЉџ
жµЏи§€пјљжЋжџе°Џеє—-жќЋе®‡жҐ-е¤љиЉ¬
ж€ђеЉџ
жµЏи§€пјље¤Џж—Ґз”„йЂ‰ е‘µе® зѕЋиЉ¬
д»»еЉЎпјљжЋжџеє”жЏґе…іжіЁеє—й“єпјЊе·Іе®Њж€ђ


ејЂе§‹з¬¬6дёЄжЋжџе°Џеє—пјЊIDпјљ762GUB,жЋжџпјље€жЉз„¶
е€жЉз„¶Xvivo й‚ЂдЅ жќҐдє¬дёњжџеє—й•їжЉЅеЏ–еҐЅз¤јпјЃ
еЋ»еЃљд»»еЉЎпјљжЋжџеє”жЏґз­ѕе€°
еЋ»еЃљд»»еЉЎпјљжЋжџеє”жЏґжµЏи§€
жµЏи§€пјље®ж–№жґ»еЉЁйЎµ
жµЏи§€пјљз¬¬е››жЎЈ-vivo X60ж‰‹жњє
жµЏи§€пјљз¬¬дєЊжЎЈ-vivoжґ»еЉЁйЎµ
жµЏи§€пјљз¬¬дё‰жЎЈ-Y70t 6+128
жµЏи§€пјљз¬¬дёЂжЎЈ-vivo S9ж‰‹жњєе•†иЇ¦
д»»еЉЎпјљжЋжџеє”жЏґе…іжіЁеє—й“єпјЊе·Іе®Њж€ђ


ејЂе§‹з¬¬7дёЄжЋжџе°Џеє—пјЊIDпјљ3PU8SZ,жЋжџпјљйїдє‘еЋ
йїдє‘еЋXеЌЋзЎ• й‚ЂдЅ жќҐдє¬дёњжџеє—й•їжЉЅеЏ–еҐЅз¤јпјЃ
еЋ»еЃљд»»еЉЎпјљжЋжџеє”жЏґз­ѕе€°
еЋ»еЃљд»»еЉЎпјљжЋжџеє”жЏґжµЏи§€
жµЏи§€пјљзЃµиЂЂ14S
жµЏи§€пјљзЃµиЂЂXеЏЊе±Џ
жµЏи§€пјљеЌЋзЎ•618
жµЏи§€пјљеЌЋзЎ•иЅ»д»»еЉЎпјљжд»»еЉЎпјљжЋжџеє”жЏґе…іжіЁеє—й“єпјЊе·Іе®Њж€ђ


ејЂе§‹з¬¬8дёЄжЋжџе°Џеє—пјЊIDпјљ4C2M75,жЋжџпјљеј й¦Ёдє€
еј й¦Ёдє€XжЉ¤и€’е®ќ й‚ЂдЅ жќҐдє¬дёњжџеє—й•їжЉЅеЏ–еҐЅеЋ»еЃљд»»еЉЎпјљжЋжџеє”жЏґз­ѕе€°
з­ѕе€°ж€ђеЉџ
еЋ»еЃљд»»еЉЎпјљжЋжџеє”жЏґжµЏи§€
жµЏи§€пјљзѕЋзґ дЅіе„їз¤јз›’
ж€ђеЉџ
жµЏи§€пјљзѕЋзґ дЅіе„їдјље‘дё»ењє
жµЏи§€пјљзљ‡е®¶зѕЋзґ дЅіе„їз¤јз›’
жµЏи§€пјљзѕЋзґ дЅіе„їдё»дјљењє
ж€ђеЉџ
жµЏи§€пјљзѕЋзґ дЅіе„їдєЊзє§йЎµ
д»»еЉЎпјљжЋжџеє”жЏґе…іжіЁеє—й“єпјЊе·Іе®Њж€ђ


ејЂе§‹з¬¬9дёЄжЋжџе°Џеє—пјЊIDпјљTXU6GB,жЋжџпјље€й›Ёж¬Ј
THE9-е€й›Ёж•Xе“€ж №иѕѕж–Ї й‚ЂдЅ жќҐдє¬дёњжџеє—й•їжЉЅеЏ–еҐЅз¤јпјЃ
еЋ»жЉЅеҐ–пјЊеҐ–е“Ѓдёєпјљзєўе”‡еЊ…
жњЄжЉЅдё­
{"success":true,"code":0,"errMsg":"success","data":{"prizeId":null,"prizeType":0,"priд»»еЉЎпјљжЋжџеє”жЏґе…іжіЁеє—й“єпјЊе·Іе®Њж€ђ


ејЂе§‹з¬¬9дёЄжЋжџе°Џеє—пјЊIDпјљZH7TQ6,жЋжџпјљжќЋдёЂжЎђ
жќЋдёЂжЎђ X DW й‚ЂдЅ жќҐдє¬дёњжџеє—й•їжЉЅеЏ–еҐЅз¤јпјЃ
еЋ»еЃљд»»еЉЎпјљжЋжџеє”жЏґз­ѕе€°
еЋ»еЃљд»»еЉЎпјљжЋжџеє”жЏґжµЏи§€
жµЏи§€пјљ2
жµЏи§€пјљи¶…зє§з›’е­ђдјљењє
ж€ђеЉџ
жµЏи§€пјљ3
жµЏи§€пјљ1
д»»еЉЎпјљжЋжџеє”жЏґе…іжіЁеє—й“єпјЊе·Іе®Њж€ђ


ејЂе§‹з¬¬10дёЄжЋжџе°Џеє—пјЊIDпјљCX522V,жЋжџпјљй‚“дј¦
й‚“дј¦Xжё…ж‰¬ й‚ЂдЅ жќҐдє¬дёњжџеє—й•їжЉЅеЏ–еҐЅз¤јпјЃ
еЋ»еЃљд»»еЉЎпјљжЋжџеє”жЏґз­ѕе€°
еЋ»еЃљд»»еЉЎпјљжЋжџеє”жЏґжµЏи§€
жµЏи§€пјљжё…ж‰¬е¤ґзљ®еЉІиѓЅз“¶
жµЏи§€пјљжё…ж‰¬й“¶йѕ™иЈ…ж— з•Џж€е·…еі°
жµЏи§€пјљжё…ж‰¬дё“ењє
жµЏи§€пјљжё…ж‰¬-еҐіеЈ«дё“ењє
жµЏи§€пјљжЋжџе°Џеє—-й‚“дј¦-жё…ж‰¬6.1-6.30
д»»еЉЎпјљжЋжџеє”жЏґе…іжіЁеє—й“єпјЊе·Іе®Њж€ђ


ејЂе§‹з¬¬11дёЄжЋжџе°Џеє—пјЊIDпјљUK2SUY,жЋжџпјљи™ћд№¦ж¬Ј
THE9-и™ћд№¦ж¬ЈXж¬§иЋ±й›… й‚ЂдЅ жќҐдє¬дёњжџеє—й•їжЉЅеЏ–еҐЅз¤јпјЃ
еЋ»еЃљд»»еЉЎпјљжЋжџеє”жЏґз­ѕе€°
еЋ»еЃљд»»еЉЎпјљжЋжџеє”жЏґжµЏи§€
жµЏи§€пјљ2
жµЏи§€пјљжџеє—й•їдјљењє
жµЏи§€пјљ1
жµЏи§€пјљ3
жµЏи§€пјљи¶…зє§з›’е­ђдјљењє
д»»еЉЎпјљжЋжџеє”жЏґе…іжіЁеє—й“єпјЊе·Іе®Њж€ђ


ејЂе§‹з¬¬12дёЄжЋжџе°Џеє—пјЊIDпјљTXU6GB,жЋжџпјље€й›Ёж¬Ј
THE9-е€й›Ёж•Xе“€ж №иѕѕж–Ї й‚ЂдЅ жќҐдє¬дёњжџеє—й•їжЉЅеЏ–еҐЅз¤јпјЃ
д»»еЉЎпјљжЋжџеє”жЏґз­ѕе€°пјЊе·Іе®Њж€ђ
еЋ»еЃљд»»еЉЎпјљжЋжџеє”жЏґжµЏи§€
жµЏи§€пјље“€ж №иѕѕж–Ї иЌ‰иЋ“еЏЈе‘і е†°ж·‡ж·‹ 100ml
жµЏи§€пјљжЋжџе°Џеє—
жµЏи§€пјље“€ж №иѕѕж–Ї жЇ”е€©ж—¶е·§е…‹еЉ›еЏЈе‘і е†°ж·‡ж·‹ 100ml
жµЏи§€пјље“€ж №иѕѕж–Ї е¤ЏеЁЃе¤·жћњд»ЃеЏЈе‘і е†°ж·‡ж·‹ 100ml
жµЏи§€пјље“€ж №иѕѕж–Їи‡ЄиђҐ
д»»еЉЎпјљжЋжџеє”жЏґе…іжіЁеє—й“єпјЊе·Іе®Њж€ђ


ејЂе§‹з¬¬13дёЄжЋжџе°Џеє—пјЊIDпјљUN2SU2,жЋжџпјљиµµй›·
еї«жќҐжЉЅеЏ–е±±жµ·йџід№ђиЉ‚й—ЁзҐЁеђ§пјЃ
еЋ»еЃљд»»еЉЎпјљжЋжџеє”жЏґз­ѕе€°
еЋ»еЃљд»»еЉЎпјљжЋжџеє”жЏґжµЏи§€
жµЏи§€пјљ1
жµЏи§€пјљ6
жµЏи§€пјљ5
жµЏи§€пјљ4
жµЏи§€пјљ7
д»»еЉЎпјљжЋжџеє”жЏґе…іжіЁеє—й“єпјЊе·Іе®Њж€ђ


ејЂе§‹з¬¬14дёЄжЋжџе°Џеє—пјЊIDпјљ2SFR44,жЋжџпјљз™ЅиЊ¶
з™ЅиЊ¶з»™дЅ йЂЃеҐЅз¤је•¦пјЊеї«жќҐе®Њж€ђд»»еЉЎжЉЅеЏ–дё“е±ћеҐЅз¤јеђ§~
еЋ»еЃљд»»еЉЎпјљжЋжџеє”жЏґз­ѕе€°
еЋ»еЃљд»»еЉЎпјљжЋжџеє”жЏґжµЏи§€
жµЏи§€пјљ1
ж€ђеЉџ
жµЏи§€пјљ3
жµЏи§€пјљ2
ж€ђеЉџ
жµЏи§€пјљ4
ж€ђеЉџ
д»»еЉЎпјљжЋжџеє”жЏґе…іжіЁеє—й“єпјЊе·Іе®Њж€ђ


ејЂе§‹з¬¬15дёЄжЋжџе°Џеє—пјЊIDпјљP94VEU,жЋжџпјљжћ—еї—зЋІ
жћ—еї—зЋІXжќѕдё‹ й‚ЂдЅ жќҐдє¬дёњжџеє—й•їжЉЅеЏ–еҐЅз¤јпјЃ
еЋ»еЃљд»»еЉЎпјљжЋжџеє”жЏґз­ѕе€°
з­ѕе€°ж€ђеЉџ
еЋ»еЃљд»»еЉЎпјљжЋжџеє”жЏґжµЏи§€
жµЏи§€пјљsku иЉ±жґ’
ж€ђеЉџ
жµЏи§€пјљжќѕдё‹еЌ«жµґ618з‹‚ж¬ўиґ­
жµЏи§€пјљжќѕдё‹й«з«Їж™єиѓЅеќђдѕїе™Ё2367
жµЏи§€пјљжќѕдё‹еЌ«жµґе“Ѓз‰Њз‹‚ж¬ў
жµЏи§€пјљжќѕдё‹е…ЁеЉџиѓЅж™єиѓЅй©¬жЎ¶з›–е›ЅжЅ®IPж¬ѕ
д»»еЉЎпјљжЋжџеє”жЏґе…іжіЁеє—й“єпјЊе·Іе®Њж€ђ


ејЂе§‹з¬¬16дёЄжЋжџе°Џеє—пјЊIDпјљVS4PEM,жЋжџпјљзѓ­дѕќж‰Ћ
зѓ­дѕќж‰ЋXеђ€з”џе…ѓ й‚ЂдЅ жќҐдє¬дёњжџеє—й•їжЉЅеЏ–еҐЅз¤јпјЃ
еЋ»жЉЅеҐ–пјЊеҐ–е“Ѓдёєпјље©ґе„їзєёе°їиЈ¤
жњЄжЉЅдё­
{"success":true,"code":0,"errMsg":"success","data":{"prizeId":null,"prizeType":0,"prizeValue":null,"prizeUsedValue":null,"prizeDesc":null,"prizeBeginTime":null,"prizeEndTime":null,"sendResult":true,"resCode":null,"resMsg":null,"couponExtInfo":null,"drawResultExtendInfo":null,"prizeBaseId":null,"prizeGiveOutTime":null,"cashWithDrawStatus":null,"cжµЏи§€пјљйЈжџ”-3
жµЏи§€пјљд»»еЉЎпјљд»»еЉЎпјљжЋжџеє”жЏґе…іжіЁеє—й“єпјЊе·Іе®Њж€ђ


ејЂе§‹з¬¬17дёЄжЋжџе°Џеє—пјЊIDпјљ877JM4,жЋжжµЏи§€пјљз›Љз”џиЏЊж–°е®ў
жµЏи§€пјљжґ»еЉЁйЎµйќўmigv
жµЏи§€пјљжґ»еЉЁйЎµйќўMKT
д»»еЉЎпјљжЋжџеє”жЏґе…іжіЁеє—й“єпјЊе·Іе®Њж€ђ


ејЂе§‹з¬¬17дёЄжЋжџе°Џеє—пјЊIDпјљET5F23,жЋжџпјљеђґе°Љ
еђґе°ЉXжІЃе›­XеёѓйІЃй›…е°” й‚ЂжµЏи§€пјљеѕђз¦Џи®°дјље‘йЎµ
ж€ђеЉџ
жµЏи§€пјљеѕђз¦Џи®°пј€е·§е…‹еЉ›пј‰йЎµежµЏи§€пјљеѕђз¦Џи®°дёЉж–°е•¦
ж€ђеЉџ
д»»еЉЎпјљжЋжџеє”жЏґе…іжіЁеє—й“єпјЊе·Іе®Њж€ђ


жµЏи§€пјљеёѓйІЃй›…е°”еє—й“є
жµЏи§€пјљжІЃе›­дє§е“Ѓ
д»»еЉЎпјљжЋжџеє”жЏґе…іжіЁеє—й“єпјЊе·Іе®Њж€ђ


ејЂе§‹з¬¬18дёЄжЋжџе°Џеє—пјЊIDпјљHY4HCW,жЋжџпјљй™€еќ¤
й™€еќ¤Xж–№е¤Є й‚ЂдЅ жќҐдє¬дёњжџеє—й•їжЉЅеЏ–еҐЅз¤јпјЃ
еЋ»еЃљд»»еЉЎпјљжЋжџеє”жЏґз­ѕе€°жµЏи§€пјљ618еєеЋ»еЃљд»»еЉЎпјљжµЏи§€пјљж–°иҐїе…°е…Ёи„‚1kg
жµЏи§€пјље…Ёе®¶зі»е€—-зЋ‹йњЏйњЏ
д»»еЉЎпјљжЋжџеє”жжµЏи§€пјљиЃљеђ€йЎµ
д»»еЉЎпјљжЋжџеє”жЏґе…іжіЁеє—й“єпјЊе·Іе®Њж€ђ


ејЂе§‹з¬¬19дёЄжЋжџе°Џеє—пјЊIDпјљK6DARX,жЋжџпјљйѕљдїЉ
йѕљдїЉXеЌљжњ— й‚ЂдЅ жќҐдє¬дёњжџеє—й•їжЉЅеЏ–еҐЅз¤јпјЃ
еЋ»еЃљд»»еЉЎпјљжЋжџеє”жЏґз­ѕе€°
еЋ»еЃљд»»еЉЎпјљжЋжµЏи§€пјљеђ‰е€—
жµЏи§€пјљ1
жµЏи§€пјљ3
д»»еЉЎпјљжЋжџеє”жЏґе…іжµЏи§€пјљsku1
жµЏи§€пјљ11
ж€ђеЉџ
д»»еЉЎпјљжЋжџеє”жЏґе…іжіЁеє—й“єпјЊе·Іе®Њж€ђ


ејЂе§‹з¬¬20дёЄжЋжџе°Џеє—пјЊIDпјљS99D9G,жЋжџпјље€жµ©е­
е€жµ©е­XеҐҐе€©еҐҐ й‚ЂдЅ жќҐдє¬дёњжџеє—й•їжЉЅеЏ–еҐЅз¤јпјЃ
еЋ»еЃљд»»еЉЎпјљжЋжџеє”жЏґз­ѕе€°
еЋ»еЃљд»»еЉЎпјљжЋжџеє”жЏґжµЏи§€
жµЏи§€пјљеє—й“є2
жµЏи§€пјљеє—й“є1
жµЏи§€пјље•†е“Ѓ2
жµЏи§€пјље•†е“Ѓ1
жµЏи§€пјљ5
д»»еЉЎпјљжЋжџеє”жЏґе…іжіЁеє—й“єпјЊе·Іе®Њж€ђ


ејЂе§‹з¬¬21дёЄжЋжџе°Џеє—пјЊIDпјљAVDKNT,жЋжџпјљеј е‰еЂЄ
еј е‰еЂЄXзѕЋзґ дЅіе„ї й‚ЂдЅ жќҐдє¬дёњжџеє—й•їжЉЅеЏ–еҐЅз¤јпјЃ
д»»еЉЎпјљжЋжџеє”жЏґз­ѕе€°пјЊе·Іе®Њж€ђ
еЋ»еЃљд»»еЉЎпјљжЋжџеє”жЏґжµЏи§€
жµЏи§€пјљзѕЋзґ дЅіе„їдјље‘дё»ењє
жµЏи§€пјљзљ‡е®¶зѕЋзґ дЅіе„їз¤јз›’
жµЏи§€пјљзѕЋзґ дЅіе„їдєЊзє§йЎµ
д»»еЉЎпјљжЋжџеє”жЏґе…іжіЁеє—й“єпјЊе·Іе®Њж€ђ


ејЂе§‹з¬¬22дёЄжЋжџе°Џеє—пјЊIDпјљYCDXNN,жЋжџпјљи”Ўеѕђеќ¤
и”Ўеѕђеќ¤Xж±¤и‡ЈеЂЌеЃҐ й‚ЂдЅ жќҐдє¬дёњжџеє—й•їжЉЅеЏ–еҐЅз¤јпјЃ
еЋ»еЃљд»»еЉЎпјљжЋжџеє”жЏґз­ѕе€°
еЋ»еЃљд»»еЉЎпјљжЋжџеє”жЏґжµЏи§€
жµЏи§€пјљж±¤и‡ЈеЂЌеЃҐyepдё“еЊє
ж€ђеЉџ
жµЏи§€пјљеҐ¶ж”
жµЏи§€пјљиѓ¶еЋџи›‹з™ЅеЏЈжњЌж¶І
ж€ђеЉџ
жµЏи§€пјљз›Љз”џиЏЊ
д»»еЉЎпјљжЋжџеє”жЏґе…іжіЁеє—й“єпјЊе·Іе®Њж€ђ


ејЂе§‹з¬¬23дд»»еЉЎпјљжЋжџеє”жЏґе…іжіЁеє—й“єпјЊе·Іе®Њж€ђ


ејЂе§‹з¬¬23дёЄжЋжџе°Џеє—пјЊIDпјљP94VEU,жЋжџпјљжћ—еї—зЋІ
жћ—ееЋ»еЃљд»»еЉЎпјљжЋжџеє”жЏґз­ѕе€°
еЋ»еЃљд»»еЉЎпјљжЋжџеє”жЏґжµЏи§€
жµЏи§€пјљдє®и‚¤
жµЏи§€пјљж°ґеЉЁеЉ›
жµЏи§€пјљи“ќй’»
жµЏи§€пјље‡Ђи‚¤
жµЏи§€пјљеє—й“є
д»»еЉЎпјљжЋжџеє”жЏґе…іжіЁеє—й“єпјЊе·Іе®Њж€ђ


ејЂе§‹з¬¬24дёЄжЋжџе°Џеє—пјЊIDпјљ5JFCD6,жЋжџпјљжќЋзє№зї°
жќЋж±¶зї°Xе·§д№ђе…№ й‚ЂдЅ жќҐдє¬дёњжџеє—й•їжЉЅеЏ–еҐЅз¤јпјЃ
еЋ»еЃљд»»еЉЎпјљжЋжџеє”жЏґз­ѕе€°
еЋ»еЃљд»»еЉЎпјљжЋжџеє”жЏґжµЏи§€
жµЏи§€пјље·§ж¦›ж©
жµЏи§€пјљиЃ”еђЌз»®з‚«
жµЏи§€пјље·§д№ђе…№дё“йўйЎµ
жµЏи§€пјље§њж’ћеҐ¶
д»»еЉЎпјљжЋжџеє”жЏґе…іжіЁеє—й“єпјЊе·Іе®Њж€ђ


ејЂе§‹з¬¬25дёЄжЋжџе°Џеє—пјЊIDпјљ94FEDQ,жЋжџпјљд»»е‰дј¦
д»»е‰дј¦XдЅіжґЃеЈ« й‚ЂдЅ жќҐдє¬дёњжџеє—й•їжЉЅеЏ–еҐЅз¤јпјЃ
еЋ»еЃљд»»еЉЎпјљжЋжџеє”жЏґз­ѕе€°
еЋ»еЃљд»»еЉЎпјљжЋжџеє”жЏґжµЏи§€
жµЏи§€пјљ618жџе“Ѓйў„еђЇз‹‚ж¬ў
жµЏи§€пјљи¶…зє§з›’е­ђдјљењє
ж€ђеЉџ
жµЏи§€пјљдЅіжґЃеЈ«
жµЏи§€пјљ11
ж€ђеЉџ
жµЏи§€пјљи‡ЄиђҐж——и€°еє—
д»»еЉЎпјљжЋжџеє”жЏґе…іжіЁеє—й“єпјЊе·Іе®Њж€ђ


ејЂе§‹з¬¬26дёЄжЋжџе°Џеє—пјЊIDпјљJ8UWSP,жЋжџпјљж€љи–‡
ж€љи–‡Xеѕ·йѕ™ й‚ЂдЅ жќҐдє¬дёњжџеє—й•їжЉЅеЏ–еҐЅз¤јпјЃ
еЋ»еЃљд»»еЉЎпјљжЋжџеє”жЏґз­ѕе€°
з­ѕе€°ж€ђеЉџ
еЋ»еЃљд»»еЉЎпјљжЋжџеє”жЏґжµЏи§€
жµЏи§€пјљеѕ·йѕ™-ж€љи–‡жґ»еЉЁйЎµ
жµЏи§€пјљеѕ·йѕ™е…Ёи‡ЄеЉЁе’–е•ЎжњєD9 T
ж€ђеЉџ
жµЏи§€пјљеѕ·йѕ™пј€Delonghiпј‰дє¬дёњи‡ЄиђҐж——и€°еє—
жµЏи§€пјљ еѕ·йѕ™е…Ёи‡ЄеЉЁе’–е•ЎжњєECAM23.260.SB
д»»еЉЎпјљжЋжџеє”жЏґе…іжіЁеє—й“єпјЊе·Іе®Њж€ђ


ејЂе§‹з¬¬27дёЄжЋжџе°Џеє—пјЊIDпјљM79U5N,жЋжџпјљж— з©·е°Џдє®
ж— з©·е°Џдє®з»™дЅ йЂЃеҐЅз¤је•¦пјЊеї«жќҐе®Њж€ђд»»еЉЎжЉЅеЏ–дё“е±ћеҐЅз¤јеђ§~
еЋ»еЃљд»»еЉЎпјљжЋжџеє”жЏґз­ѕе€°
еЋ»еЃљд»»еЉЎпјљжЋжџеє”жЏґжµЏи§€
жµЏи§€пјљ1
жµЏи§€пјљ5
жµЏи§€пјљ8
жµЏи§€пјљ3
жµЏи§€пјљ2
д»»еЉЎпјљжЋжџеє”жЏґе…іжіЁеє—й“єпјЊе·Іе®Њж€ђ


ејЂе§‹з¬¬28дёЄжЋжџе°Џеє—пјЊIDпјљLQ4LCS,жЋжџпјљеЂЄе¦®
еЂЄе¦®XOLAY й‚ЂдЅ жќҐдє¬дёњжџеє—й•їжЉЅеЏ–еҐЅз¤јпјЃ
еЋ»еЃљд»»еЉЎпјљжЋжџеє”жЏґз­ѕе€°
еЋ»еЃљд»»еЉЎпјљжЋжџеє”жЏґжµЏи§€
жµЏи§€пјљи€’и‚¤дЅіиє«дЅ“жЉ¤зђ†
жµЏи§€пјљи€’и‚¤дЅіжІђжµґйњІеҐ—иЈ…зєЇз™Ѕ+иЉ¦иЌџ
ж€ђеЉџ
жµЏи§€пјљдё»жЋЁе“Ѓ-pack
еЋ»еЃљд»»еЉЎпјљжЋжџеє”жЏґе…іжіЁеє—й“є


ејЂе§‹з¬¬29дёЄжЋжџе°Џеє—пјЊIDпјљWG73ME,жЋжџпјљжќЋе…‰жґЃ
жќЋе…‰жґЃXй‡‘йў†е†  й‚ЂдЅ жќҐдє¬дёњжџеє—й•їжЉЅеЏ–еҐЅз¤јпјЃ
еЋ»еЃљд»»еЉЎпјљжЋжџеє”жЏґз­ѕе€°
еЋ»еЃљд»»еЉЎпјљжЋжџеє”жЏґжµЏи§€
жµЏи§€пјљдјЉе€©й‡‘йў†е† жџеє—й•їд»»еЉЎ1
ж€ђеЉџ
жµЏи§€пјљдјЉе€©й‡‘йў†е† жџеє—й•їд»»еЉЎ3
жµЏи§€пјљдјЉе€©й‡‘йў†е† жџеє—й•їд»»еЉЎ4
жµЏи§€пјљдјЉе€©й‡‘йў†е† жџеє—й•їд»»еЉЎ5
ж€ђеЉџ
жµЏи§€пјљдјЉе€©й‡‘йў†е† жџеє—й•їд»»еЉЎ2
д»»еЉЎпјљжЋжџеє”жЏґе…іжіЁеє—й“єпјЊе·Іе®Њж€ђ


ејЂе§‹з¬¬30дёЄжЋжџе°Џеє—пјЊIDпјљE55F2M,жЋжџпјљй›·з±і
дЅње®¶й›·з±із»™дЅ йЂЃеҐЅз¤јпјЊеї«жќҐе®Њж€ђд»»еЉЎжЉЅеЏ–дё“е±ћеҐЅз¤јеђ§~
еЋ»еЃљд»»еЉЎпјљжЋжџеє”жЏґз­ѕе€°
еЋ»еЃљд»»еЉЎпјљжЋжџеє”жЏґжµЏи§€
жµЏи§€пјљ7
жµЏи§€пјљ4
жµЏи§€пјљ6
жµЏи§€пјљ1
жµЏи§€пјљ2
д»»еЉЎпјљжЋжџеє”жЏґе…іжіЁеє—й“єпјЊе·Іе®Њж€ђ


ејЂе§‹з¬¬31дёЄжЋжџе°Џеє—пјЊIDпјљKDDAR9,жЋжџпјљеѕђе‡Ї
и®ёе‡ЇXиЂЃжќїз”µе™Ё й‚ЂдЅ жќҐдє¬дёњжџеє—й•їжЉЅеЏ–еҐЅз¤јпјЃ
д»»еЉЎпјљжЋжџеє”жЏґз­ѕе€°пјЊе·Іе®Њж€ђ
еЋ»еЃљд»»еЉЎпјљжЋжџеє”жЏґжµЏи§€
жµЏи§€пјљиЂЃжќїе¤§еђёеЉ›жІ№зѓџжњєзЃ¶е…·еҐ—иЈ…
жµЏи§€пјљиЂЃжќїз”µе™Ёдє¬дёњи‡ЄиђҐж——и€°еє—
жµЏи§€пјљиЂЃжќїе†…и…”е…Ќж‹†жґ—жІ№зѓџжњєе¤§зЃ«еЉ›зЃ¶е…·еҐ—иЈ…
жµЏи§€пјљиЂЃжќїе¤§еђёеЉ›жІ№зѓџжњє
д»»еЉЎпјљжЋжџеє”жЏґе…іжіЁеє—й“єпјЊе·Іе®Њж€ђ


ејЂе§‹з¬¬32дёЄжЋжџе°Џеє—пјЊIDпјљ877JM4,жЋжџпјљеј е“ІзЂљ
еј е“ІзЂљXеѕђз¦Џи®° й‚ЂдЅ жќҐдє¬дёњжџеє—й•їжЉЅеЏ–еҐЅз¤јпјЃ
еЋ»еЃљд»»еЉЎпјљжЋжџеє”жЏґз­ѕе€°
з­ѕе€°ж€ђеЉџ
еЋ»еЃљд»»еЉЎпјљжЋжџеє”жЏґжµЏи§€
жµЏи§€пјљеѕђз¦Џи®°з»јеђ€дјљењєйЎµ
жµЏи§€пјљеѕђз¦Џи®°е„їз«Ґй›¶йЈџйЎµ
жµЏи§€пјљеѕђз¦Џи®°пј€е·§е…‹еЉ›пј‰йЎµ
д»»еЉЎпјљжЋжџеє”жЏґе…іжіЁеє—й“єпјЊе·Іе®Њж€ђ


ејЂе§‹з¬¬33дёЄжЋжџе°Џеє—пјЊIDпјљ637BQA,жЋжџпјљж€ђжЇ…
ж€ђжЇ…Xи’™з‰› й‚ЂдЅ жќҐдє¬дёњжџеє—й•їжЉЅеЏ–еҐЅз¤јпјЃ
еЋ»еЃљд»»еЉЎпјљжЋжџеє”жЏґз­ѕе€°
еЋ»еЃљд»»еЉЎпјљжЋжџеє”жЏґжµЏи§€
жµЏи§€пјљи¶…еЂјеҐ—иЈ…16ж–¤
жµЏи§€пјљж±°жёЌе“Ѓз‰Њжґ»еЉЁдё“ењє
жµЏи§€пјљж·±е±‚жґЃе‡Ђ12ж–¤
жµЏи§€пјљи¶…еЂјеҐ—иЈ…24ж–¤
жµЏи§€пјљи¶…еЂјеҐ—иЈ…10ж–¤
д»»еЉЎпјљжЋжџеє”жЏґе…іжіЁеє—й“єпјЊе·Іе®Њж€ђ


ејЂе§‹з¬¬34дёЄжЋжџе°Џеє—пјЊIDпјљLW4LCK,жЋжџпјљз”°йёїжќ°
з”°йёїжќ°XжЅе©· й‚ЂдЅ жќҐдє¬дёњжџеє—й•їжЉЅеЏ–еҐЅз¤јпјЃ
еЋ»еЃљд»»еЉЎпјљжЋжџеє”жЏґз­ѕе€°
еЋ»еЃљд»»еЉЎпјљжЋжџеє”жЏґжµЏи§€
жµЏи§€пјљжЅе©·-3
жµЏи§€пјљжЅе©·-4
жµЏи§€пјљжЅе©·-2
ж€ђеЉџ
жµЏи§€пјљжЅе©·-5
д»»еЉЎпјљжЋжџеє”жЏґе…іжіЁеє—й“єпјЊе·Іе®Њж€ђ


ејЂе§‹з¬¬35дёЄжЋжџе°Џеє—пјЊIDпјљ3FU8S5,жЋжџпјље‘ЁжџЇе®‡
INTO1е‘ЁжџЇе®‡XйЈжџ” й‚ЂдЅ жќҐдє¬дёњжџеє—й•їжЉЅеЏ–еҐЅз¤јпјЃ
еЋ»еЃљд»»еЉЎпјљжЋжџеє”жЏґз­ѕе€°
з­ѕе€°ж€ђеЉџ
еЋ»еЃљд»»еЉЎпјљжЋжџеє”жЏґжµЏи§€
жµЏи§€пјљйЈжџ”-4
жµЏи§€пјљйЈжџ”
жµЏи§€пјљйЈжџ”-3
жµЏи§€пјљйЈжџ”-2
д»»еЉЎпјљжЋжџеє”жЏґе…іжіЁеє—й“єпјЊе·Іе®Њж€ђ


ејЂе§‹з¬¬36дёЄжЋжџе°Џеє—пјЊIDпјљZQ7TQR,жЋжџпјљй©¬е®¶иѕ‰
й©¬е®¶иѕ‰Xдєєе¤ґй©¬ й‚ЂдЅ жќҐдє¬дёњжџеє—й•їжЉЅеЏ–еҐЅз¤јпјЃ
еЋ»еЃљд»»еЉЎпјљжЋжџеє”жЏґз­ѕе€°
з­ѕе€°ж€ђеЉџ
еЋ»еЃљд»»еЉЎпјљжЋжџеє”жЏґжµЏи§€
д»»еЉЎпјљжЋжџеє”жЏґе…іжіЁеє—й“єпјЊе·Іе®Њж€ђ


ејЂе§‹з¬¬37дёЄжЋжџе°Џеє—пјЊIDпјљMW9U5Z,жЋжџпјљеђґе®‡жЃ’
еђґе®‡жЃ’XжІ™е®Ј й‚ЂдЅ жќҐдє¬дёњжџеє—й•їжЉЅеЏ–еҐЅз¤јпјЃ
еЋ»еЃљд»»еЉЎпјљжЋжџеє”жЏґз­ѕе€°
еЋ»еЃљд»»еЉЎпјљжЋжџеє”жЏґжµЏи§€
жµЏи§€пјљ3
жµЏи§€пјљ5
д»»еЉЎпјљжЋжџеє”жЏґе…іжіЁеє—й“єпјЊе·Іе®Њж€ђ


ејЂе§‹з¬¬38дёЄжЋжџе°Џеє—пјЊIDпјљ2PFR4L,жЋжџпјљејжµЏи§€пјљеє—й“є
д»»еЉЎпјљжЋжџеє”жЏґе…іжіЁеє—й“єпјЊе·Іе®Њж€ђ


ејЂе§‹з¬¬38дёЄжЋжџе°Џеє—пјЊIDпјљ762GеЋ»еЃљд»»еЉЎпјљжЋжџеє”жЏґжµЏи§€
жµЏи§€пјљеїѓз›ёеЌ°-жџеє—й•ї
жµЏи§€пјљеїѓз›ёеЌ°-еј дє‘йѕ™-жџеє—й•ї
ж€ђеЉџ
жµЏи§€пјљеїѓз›ёеЌ°-еј дє‘йѕ™-жџеє—й•ї
д»»еЉЎпјљжЋжџеє”жЏґе…іжіЁеє—й“єпјЊе·Іе®Њж€ђ


ејЂе§‹з¬жµЏи§€пјљз¬¬дєЊжЎЈ-vivoжґ»еЉЁйЎµ
жµЏи§€пјљз¬¬дё‰жЎЈ-Y70t 6+128
жµЏи§€пјљз¬¬дёЂжЎЈ-vivo S9ж‰‹жњєе•†иЇ¦
ж€ђеЉџ
д»»еЉЎпјљжЋжџеє”жЏґе…іжіЁеє—й“єпјЊе·Іе®Њж€ђ


ејЂе§‹з¬¬39дёЄжЋжџе°Џеє—пјЊIDпјљUNжµЏи§€пјљ1
ж€ђеЉџ
жµЏи§€пјљ4
д»»еЉЎпјљжЋжџеє”жЏґе…іжіЁеє—й“єпјЊе·Іе®Њж€ђ


ејЂе§‹з¬¬40дёЄжЋжџе°Џеє—пјЊIDпјљ4A2M7K,жЋжџпјљеј дјЇиЉќ
еј жµЏи§€пјљ6
жµЏи§€пјљ5
жµЏи§€пјљ4
ж€ђеЉџ
жµЏи§€пјљ7
д»»еЉЎпјљжЋжџеє”жЏґе…іжіЁеє—й“єпјЊе·Іе®Њж€ђ


ејЂе§‹з¬¬40дёЄжЋжџе°Џеє—пјЊIDпјљWG73ME,жЋжџпјљжќЋе…‰жґЃ
жќЋе…‰жґЃXйжµЏи§€пјљжџеє—й•ї
жµЏи§€пјље…Ёи·ѓ
д»»еЉЎпјљжЋжџеє”жЏґе…іжіЁеє—й“єпјЊе·Іе®Њж€ђ


ејЂе§‹з¬¬41дёЄжЋжџе°Џеє—пјЊIDпјљD22Q7C,жЋжџпјље­џзѕЋеІђ
е­џзѕЋеІђXй›Ђе·жµЏи§€пјљдјЉе€©й‡‘йў†е† жџеє—й•їд»»еЉЎ2
д»»еЉЎпјљжЋжџеє”жЏґе…іжіЁеє—й“єпјЊе·Іе®Њж€еЋ»еЃљд»»еЉЎпјљжЋжџеє”жЏґжµЏи§€
жµЏи§€пјље†°ж·‡ж·‹жґ»еЉЁйЎµ
жµЏи§€пјље‘€зњџе†°е“Ѓжґ»еЉЁ-жџеє—й•їд»»еЉЎ
жµЏи§€пјљй›Ђе·ўе†°ж·‡ж·‹ е†°з€ЅдёЂе¤Џ
жµЏи§€пјљй¦™и•‰е…€з”џжґ»еЉЁ-жџеє—й•їд»»еЉЎ
жµЏи§€пјље“€з“¦й‚Јжґ»еЉЁ-жџеє—й•їд»»жµЏид»»еЉЎпјљжЋжд»»еЉЎпјљжЋжџеє”жЏґе…іжіЁеє—й“

ејЂе§‹з¬¬42д

ејЂе§‹з¬¬42дёЄжЋжџе°Џеє—пјЊIDпјљ94FEDQ,жЋжзЋ‹йњЏйњЏXдјЉед»»е‰дј¦XдЅіжґЃеЈ« й‚ЂдЅ жќҐдє¬дёњжџеє—й•еЋ»еЃљд»»еЉЎпјљжеЋ»еЃљд»»еЉЎпјљжз­ѕе€°ж€ђеЉџ
еЋ»еЃљд»»еЉЎпјљжЋжџеє”жЏґжµЏи§€
жµЏи§€пјљжЋжџе°Џеє—-зЋ‹йњЏйњЏ
ж€ђжµЏижµЏи§€пјљеє—й“єж€ђеЉџ
жµЏжµЏи§€пјљж–°иҐїе…°е…Ёид»»еЉЎжµЏи§€пјље…Ёе®¶зі»е€—-зЋ‹йњЏйњЏ
ж€ђеЉџ
д»»еЉЎпјљжЋжџеє”жЏґе…іжіЁеє—й“єпјЊе·Іе®Њж€ђ


=============jd_RbuUwXHBNnJRпјљжџеє—й•їеҐ–еЉ±ж±‡жЂ»================
иЋ·еѕ—жЋжџз…§з‰‡ж€–иЂ…и§†йў‘
иЋ·еѕ—жЋжџз…§з‰‡ж€–иЂ…и§†йў‘
иЋ·еѕ—дјжѓ е€ё
иЋ·еѕ—жЋжџз…§з‰‡ж€–иЂ…и§†йў‘
иЋ·еѕ—дјжѓ е€ё
иЋ·еѕ—жЋжџз…§з‰‡ж€–иЂ…и§†йў‘
иЋ·еѕ—жЋжџз…§з‰‡ж€–иЂ…и§†йў‘
иЋ·еѕ—жЋжџз…§з‰‡ж€–иЂ…и§†йў‘
иЋ·еѕ—дјжѓ е€ё
иЋ·еѕ—дјжѓ е€ё
иЋ·еѕ—дјжѓ е€ё
иЋ·еѕ—дјжѓ е€ё
иЋ·еѕ—дјжѓ е€ё
иЋ·еѕ—дјжѓ е€ё
иЋ·еѕ—жЋжџз…§з‰‡ж€–иЂ…и§†йў‘

*****ејЂе§‹гЂђдє¬дёњиґ¦еЏ·2гЂ‘jd_RbuUwXHBNnJR*****

зЋ°е…±жџҐиЇўе€°42дёЄжЋжџе°Џеє—

ејЂе§‹з¬¬1дёЄжЋжџе°Џеє—пјЊIDпјљLQ4LCS,жЋжџпјљеЂеЋ»еЃеЂЄе¦®XOLAY й‚ЂдЅ жќҐдє¬дёњжеЋ»еЃљд»»еЉЎпјљжЋжџеєеЋ»еЃљд»»еЉжµЏи§€пјљ1
жµЏи§€пјљ6
жµЏи§€пјљ5
жµЏи§€пјљ4
жµЏи§€пјљ7
д»»еЉЎпјљжЋжџеє”жЏґе…іжіЁеє—й“єпјЊе·Іе®Њж€ђ
дє’еЉ©з ЃпјљB83JDGhXR2j3Eubusnpn6g


ејЂе§‹з¬¬2дёЄжЋжџе°Џеє—пјЊIDпјљ4A2M7K,жЋжџпјљеј дјЇиЉќ
еј жџЏиЉќXзѕЋиµћд»»еЉЎпјљжЋжџеє”жЏґе…іжіЁеє—й“єпјЊе·Іе®Њж€еЋ»еЃљд»»еЉЎпјљжЋжџеє”жЏґз­ѕе€°
еЋ»еЃљд»»еЉЎпјљжЋжџеє”жЏґжµЏи§€
жµЏи§€пјљA2
жµЏи§€пјљзѕЋиµћи‡Ј
жµЏи§€пјљsku2
жµЏи§€пјљжџеє—й•ї
жµЏи§€пјље…Ёи·ѓ
ж€ђеЉџ
д»»еЉЎпјљжЋжџеє”жЏґе…іжіЁеє—й“єпјЊе·Іе®Њж€ђ


ејЂе§‹з¬¬3дёЄжЋжџе°Џеє—пјЊIDпјљYTDXNL,жЋжџпјље®«ж®їеђ›
еЏЄйњІеЈ°йџізљ„е®«ж®їеђ›з»™дЅ йЂЃеҐЅз¤је•¦пјЊеї«жќҐе®Њж€ђд»»еЉЎжЉЅеЏ–дё“е±ћеҐЅз¤јеђ§~
еЋ»еЃљд»»еЉЎпјљжЋжџеє”жЏґз­ѕе€°
еЋ»еЃљд»»еЉЎпјљжЋжџеє”жЏґжµЏи§€
жµЏи§€пјљ5
ж€ђеЉџ
жµЏи§€пјљ7
ж€ђеЉџ
жµЏи§€пјљ2
ж€ђеЉџ
жµЏи§€пјљ4
ж€ђеЉџ
жµЏи§€пјљ6
д»»еЉЎпјљжЋжџеє”жЏґе…іжіЁеє—й“єпјЊе·Іе®Њж€ђ


ејЂе§‹з¬¬4дёЄжЋжџе°Џеє—пјЊIDпјљ94FEDQ,жЋжџпјљд»»е‰дј¦
д»»е‰дј¦XдЅіжґЃеЈ« й‚ЂдЅ жќҐдє¬дёњжџеє—й•їжЉЅеЏ–еҐЅз¤јпјЃ
еЋ»еЃљд»»еЉЎпјљжЋжџеє”жЏґз­ѕе€°
еЋ»еЃљд»»еЉЎпјљжЋжџеє”жЏґжµЏи§€
жµЏи§€пјљ618жџе“Ѓйў„еђЇз‹‚ж¬ў
жµЏи§€пјљи¶…зє§з›’е­ђдјљењє
жµЏи§€пјљдЅіжґЃеЈ«
жµЏи§€пјљ11
жµЏи§€пјљи‡ЄиђҐж——и€°еє—
д»»еЉЎпјљжЋжџеє”жЏґе…іжіЁеє—й“єпјЊе·Іе®Њж€ђ


ејЂе§‹з¬¬5дёЄжЋжџе°Џеє—пјЊIDпјљS99D9G,жЋжџпјље€жµ©е­
е€жµ©е­XеҐҐе€©еҐҐ й‚ЂдЅ жќҐдє¬дёњжџеє—й•їжЉЅеЏ–еҐЅз¤јпјЃ
еЋ»еЃљд»»еЉЎпјљжЋжџеє”жЏґз­ѕе€°
еЋ»еЃљд»»еЉЎпјљжЋжџеє”жЏґжµЏи§€
жµЏи§€пјљеє—й“є2
ж€ђеЉџ
жµЏи§€пјљеє—й“є1
ж€ђеЉџ
жµЏи§€пјље•†е“Ѓ2
ж€ђеЉџ
жµЏи§€пјље•†е“Ѓ1
ж€ђеЉџ
жµЏи§€пјљ5
д»»еЉЎпјљжЋжџеє”жЏґе…іжіЁеє—й“єпјЊе·Іе®Њж€ђ


ејЂе§‹з¬¬6дёЄжЋжџе°Џеє—пјЊIDпјљP94VEU,жЋжџпјљжћ—еї—зЋІ
жћ—еї—зЋІXжќѕдё‹ й‚ЂдЅ жќҐдє¬дёњжџеє—й•їжЉЅеЏ–еҐЅз¤јпјЃ
еЋ»еЃљд»»еЉЎпјљжЋжџеє”жЏґз­ѕе€°
еЋ»еЃљд»»еЉЎпјљжЋжџеє”жЏґжµЏи§€
жµЏи§€пјљsku иЉ±жґ’
жµЏи§€пјљжќѕдё‹еЌ«жµґ618з‹‚ж¬ўиґ­
жµЏи§€пјљжќѕдё‹й«з«Їж™єиѓЅеќђдѕїе™Ё2367
жµЏи§€пјљжќѕдё‹еЌ«жµґе“Ѓз‰Њз‹‚ж¬ў
жµЏи§€пјљжќѕдё‹е…ЁеЉџиѓЅж™єиѓЅй©¬жЎ¶з›–е›ЅжЅ®IPж¬ѕ
д»»еЉЎпјљжЋжџеє”жЏґе…іжіЁеє—й“єпјЊе·Іе®Њж€ђ


ејЂе§‹з¬¬7дёЄжЋжџе°Џеє—пјЊIDпјљAVDKNT,жЋжџпјљеј е‰еЂЄ
еј е‰еЂЄXзѕЋзґ дЅіе„ї й‚ЂдЅ жќҐдє¬дёњжџеє—й•їжЉЅеЏ–еҐЅз¤јпјЃ
еЋ»еЃљд»»еЉЎпјљжЋжџеє”жЏґз­ѕе€°
еЋ»еЃљд»»еЉЎпјљжЋжџеє”жЏґжµЏи§€
жµЏи§€пјљзѕЋзґ дЅіе„їз¤јз›’
жµЏи§€пјљзѕЋзґ дЅіе„їдјље‘дё»ењє
жµЏи§€пјљзљ‡е®¶зѕЋзґ дЅіе„їз¤јз›’
жµЏи§€пјљзѕЋзґ дЅіе„їдё»дјљењє
жµЏи§€пјљзѕЋзґ дЅіе„їдєЊзє§йЎµ
д»»еЉЎпјљжЋжџеє”жЏґе…іжіЁеє—й“єпјЊе·Іе®Њж€ђ


ејЂе§‹з¬¬8дёЄжЋжџе°Џеє—пјЊIDпјљVZ4PEY,жЋжџпјљзїџжЅ‡й—»
R1SEзїџжЅ‡й—»Xзў§ж¬§жі‰ й‚ЂдЅ жќҐдє¬дёњжџеє—й•їжЉЅеЏ–еҐЅз¤јпјЃ
еЋ»еЃљд»»еЉЎпјљжЋжџеє”жЏґз­ѕе€°
з­ѕе€°ж€ђеЉџ
еЋ»еЃљд»»еЉЎпјљжЋжџеє”жЏґжµЏи§€
жµЏи§€пјљдє®и‚¤
ж€ђеЉџ
жµЏи§€пјљж°ґеЉЁеЉ›
ж€ђеЉџ
жµЏи§€пјљи“ќй’»
жµЏи§€пјље‡Ђи‚¤
ж€ђеЉџ
жµЏи§€пјљеє—й“є
д»»еЉЎпјљжЋжџеє”жЏґе…іжіЁеє—й“єпјЊе·Іе®Њж€ђ


ејЂе§‹з¬¬9дёЄжЋжџе°Џеє—пјЊIDпјљ2SFR44,жЋжџпјљз™ЅиЊ¶
з™ЅиЊ¶з»™дЅ йЂЃеҐЅз¤је•¦пјЊеї«жќҐе®Њж€ђд»»еЉЎжЉЅеЏ–дё“е±ћеҐЅз¤јеђ§~
еЋ»еЃљд»»еЉЎпјљжЋжџеє”жЏґз­ѕе€°
еЋ»еЃљд»»еЉЎпјљжЋжџеє”жЏґжµЏи§€
жµЏи§€пјљ1
жµЏи§€пјљ3
жµЏи§€пјљ2
жµЏи§€пјљ4
д»»еЉЎпјљжЋжџеє”жЏґе…іжіЁеє—й“єпјЊе·Іе®Њж€ђ


ејЂе§‹з¬¬10дёЄжЋжџе°Џеє—пјЊIDпјљQE9757,жЋжџпјљй»„еј€
й»„еҐ•Xй›…еџ№ й‚ЂдЅ жќҐдє¬дёњжџеє—й•їжЉЅеЏ–еҐЅз¤јпјЃ
еЋ»еЃљд»»еЉЎпјљжЋжџеє”жЏґз­ѕе€°
еЋ»еЃљд»»еЉЎпјљжЋжџеє”жЏґжµЏи§€
жµЏи§€пјљ3
жµЏи§€пјљ2
жµЏи§€пјљ1
жµЏи§€пјљ4
д»»еЉЎпјљжЋжџеє”жЏґе…іжіЁеє—й“єпјЊе·Іе®Њж€ђ


ејЂе§‹з¬¬11дёЄжЋжџе°Џеє—пјЊIDпјљCX522V,жЋжџпјљй‚“дј¦
й‚“дј¦Xжё…ж‰¬ й‚ЂдЅ жќҐдє¬дёњжџеє—й•їжЉЅеЏ–еҐЅз¤јпјЃ
еЋ»еЃљд»»еЉЎпјљжЋжџеє”жЏґз­ѕе€°
еЋ»еЃљд»»еЉЎпјљжЋжџеє”жЏґжµЏи§€
жµЏи§€пјљжё…ж‰¬е¤ґзљ®еЉІиѓЅз“¶
жµЏи§€пјљжё…ж‰¬й“¶йѕ™иЈ…ж— з•Џж€е·…еі°
жµЏи§€пјљжё…ж‰¬дё“ењє
жµЏи§€пјљжё…ж‰¬-еҐіеЈ«дё“ењє
жµЏи§€пјљжЋжџе°Џеє—-й‚“дј¦-жё…ж‰¬6.1-6.30
ж€ђеЉџ
д»»еЉЎпјљжЋжџеє”жЏґе…іжіЁеє—й“єпјЊе·Іе®Њж€ђ


ејЂе§‹з¬¬12дёЄжЋжџе°Џеє—пјЊIDпјљWG73ME,жЋжџпјљжќЋе…‰жґЃ
жќЋе…‰жґЃXй‡‘йў†е†  й‚ЂдЅ жќҐдє¬дёњжџеє—й•їжЉЅеЏ–еҐЅз¤јпјЃ
еЋ»еЃљд»»еЉЎпјљжЋжџеє”жЏґз­ѕе€°
еЋ»еЃљд»»еЉЎпјљжЋжџеє”жЏґжµЏи§€
жµЏи§€пјљдјЉе€©й‡‘йў†е† жџеє—й•їд»»еЉЎ1
жµЏи§€пјљдјЉе€©й‡‘йў†е† жџеє—й•їд»»еЉЎ3
жµЏи§€пјљдјЉе€©й‡‘йў†е† жџеє—й•їд»»еЉЎ4
жµЏи§€пјљдјЉе€©й‡‘йў†е† жџеє—й•їд»»еЉЎ5
жµЏи§€пјљдјЉе€©й‡‘йў†е† жџеє—й•їд»»еЉЎ2
д»»еЉЎпјљжЋжџеє”жЏґе…іжіЁеє—й“єпјЊе·Іе®Њж€ђ


ејЂе§‹з¬¬13дёЄжЋжџе°Џеє—пјЊIDпјљ4C2M75,жЋжџпјљеј й¦Ёдє€
еј й¦Ёдє€XжЉ¤и€’е®ќ й‚ЂдЅ жќҐдє¬дёњжџеє—й•їжЉЅеЏ–еҐЅз¤јпјЃ
еЋ»еЃљд»»еЉЎпјљжЋжџеє”жЏґз­ѕе€°
еЋ»еЃљд»»еЉЎпјљжЋжџеє”жЏґжµЏи§€
жµЏи§€пјљ5
жµЏи§€пјљ3
жµЏи§€пјљ2
ж€ђеЉџ
жµЏи§€пјљ4
д»»еЉЎпјљжЋжџеє”жЏґе…іжіЁеє—й“єпјЊе·Іе®Њж€ђ


ејЂе§‹з¬¬14дёЄжЋжџе°Џеє—пјЊIDпјљUK2SUY,жЋжџпјљи™ћд№¦ж¬Ј
THE9-и™ћд№¦ж¬ЈXж¬§иЋ±й›… й‚ЂдЅ жќҐдє¬дёњжџеє—й•їжЉЅеЏ–еҐЅз¤јпјЃ
еЋ»еЃљд»»еЉЎпјљжЋжџеє”жЏґз­ѕе€°
еЋ»еЃљд»»еЉЎпјљжЋжџеє”жЏґжµЏи§€
жµЏи§€пјљ2
жµЏи§€пјљжџеє—й•їдјљењє
жµЏи§€пјљ1
жµЏи§€пјљ3
жµЏи§€пјљи¶…зє§з›’е­ђдјљењє
ж€ђеЉџ
д»»еЉЎпјљжЋжџеє”жЏґе…іжіЁеє—й“єпјЊе·Іе®Њж€ђ


ејЂе§‹з¬¬15дёЄжЋжџе°Џеє—пјЊIDпјљKDDAR9,жЋжџпјљеѕђе‡Ї
и®ёе‡ЇXиЂЃжќїз”µе™Ё й‚ЂдЅ жќҐдє¬дёњжџеє—й•їжЉЅеЏ–еҐЅз¤јпјЃ
еЋ»еЃљд»»еЉЎпјљжЋжџеє”жЏґз­ѕе€°
еЋ»еЃљд»»еЉЎпјљжЋжџеє”жЏґжµЏи§€
жµЏи§€пјљиЂЃжќїе¤§еђёеЉ›жІ№зѓџжњєзЃ¶е…·еҐ—иЈ…
жµЏи§€пјљиЂЃжќїз”µе™Ёдє¬дёњи‡ЄиђҐж——и€°еє—
жµЏи§€пјљиЂЃжќїе†…и…”е…Ќж‹†жґ—жІ№зѓџжњєе¤§зЃ«еЉ›зЃ¶е…·еҐ—иЈ…
жµЏи§€пјљиЂЃжќїе¤§еђёеЉ›жІ№зѓџжњє
д»»еЉЎпјљжЋжџеє”жЏґе…іжіЁеє—й“єпјЊе·Іе®Њж€ђ


ејЂе§‹з¬¬16дёЄжЋжџе°Џеє—пјЊIDпјљYCDXNN,жЋжџпјљи”Ўеѕђеќ¤
и”Ўеѕђеќ¤Xж±¤и‡ЈеЂЌеЃҐ й‚ЂдЅ жќҐдє¬дёњжџеє—й•їжЉЅеЏ–еҐЅз¤јпјЃ
еЋ»еЃљд»»еЉЎпјљжЋжџеє”жЏґз­ѕе€°
еЋ»еЃљд»»еЉЎпјљжЋжџеє”жЏґжµЏи§€
жµЏи§€пјљж±¤и‡ЈеЂЌеЃҐyepдё“еЊє
жµЏи§€пјљеҐ¶ж”
д»»еЉЎпјљжЋжџеє”жЏґе…іжіЁеє—й“єпјЊе·Іе®Њж€ђ


ејЂе§‹з¬¬17дёЄжЋжџе°Џеє—пјЊIDпјљE55F2M,жЋжџпјљй›·з±і
дЅње®¶й›·з±із»™дЅ йЂЃеҐЅз¤јпјЊеї«жќҐе®Њж€ђд»»еЉЎжЉЅеЏ–дё“е±ћеҐЅз¤јеђ§~
еЋ»еЃљд»»еЉЎпјљжЋжџеє”жЏґз­ѕе€°
з­ѕе€°ж€ђеЉџ
еЋ»еЃљд»»еЉЎпјљжЋжџеє”жЏґжµЏи§€
жµЏи§€пјљ7
жµЏи§€пјљ4
жµЏи§€пјљ6
жµЏи§€пјљ1
жµЏи§€пјљ2
ж€ђеЉџ
д»»еЉЎпјљжЋжџеє”жЏґе…іжіЁеє—й“єпјЊе·Іе®Њж€ђ


ејЂе§‹з¬¬18дёЄжЋжџе°Џеє—пјЊIDпјљXLDYRJ,жЋжџпјљз™Ѕе®‡
з™Ѕе®‡Xеђ‰е€— й‚ЂдЅ жќҐдє¬дёњжџеє—й•їжЉЅеЏ–еҐЅз¤јпјЃ
еЋ»еЃљд»»еЉЎпјљжЋжџеє”жЏґз­ѕе€°
з­ѕе€°ж€ђеЉџ
еЋ»еЃљд»»еЉЎпјљжЋжџеє”жЏґжµЏи§€
жµЏи§€пјљ4
жµЏи§€пјљ2
жµЏи§€пјљеђ‰е€—
жµЏи§€пјљ1
жµЏи§€пјљ3
д»»еЉЎпјљжЋжџеє”жЏґе…іжіЁеє—й“єпјЊе·Іе®Њж€ђ


ејЂе§‹з¬¬19дёЄжЋжџе°Џеє—пјЊIDпјљZQ7TQR,жЋжџпјљй©¬е®¶иѕ‰
й©¬е®¶иѕ‰Xдєєе¤ґй©¬ й‚ЂдЅ жќҐдє¬дёњжџеє—й•їжЉЅеЏ–еҐЅз¤јпјЃ
д»»еЉЎпјљжЋжџеє”жЏґз­ѕе€°пјЊе·Іе®Њж€ђ
еЋ»еЃљд»»еЉЎпјљжЋжџеє”жЏґжµЏи§€
жµЏи§€пјљй™ђй‡Џж–°е“Ѓ
д»»еЉЎпјљжЋжџеє”жЏґе…іжіЁеє—й“єпјЊе·Іе®Њж€ђ


ејЂе§‹з¬¬20дёЄжЋжџе°Џеє—пјЊIDпјљ762GUB,жЋжџпјље€жЉз„¶
е€жЉз„¶Xvivo й‚ЂдЅ жќҐдє¬дёњжџеє—й•їжЉЅеЏ–еҐЅз¤јпјЃ
д»»еЉЎпјљжЋжџеє”жЏґз­ѕе€°пјЊе·Іе®Њж€ђ
еЋ»еЃљд»»еЉЎпјљжЋжџеє”жЏґжµЏи§€
жµЏи§€пјље®ж–№жґ»еЉЁйЎµ
жµЏи§€пјљз¬¬е››жЎЈ-vivo X60ж‰‹жњє
ж€ђеЉџ
жµЏи§€пјљз¬¬дєЊжЎЈ-vivoжґ»еЉЁйЎµ
жµЏи§€пјљз¬¬дё‰жЎЈ-Y70t 6+128
ж€ђеЉџ
жµЏи§€пјљз¬¬дёЂжЎЈ-vivo S9ж‰‹жњєе•†иЇ¦
ж€ђеЉџ
д»»еЉЎпјљжЋжџеє”жЏґе…іжіЁеє—й“єпјЊе·Іе®Њж€ђ


ејЂе§‹з¬¬21дёЄжЋжџе°Џеє—пјЊIDпјљZH7TQ6,жЋжџпјљжќЋдёЂжЎђ
жќЋдёЂжЎђ X DW й‚ЂдЅ жќҐдє¬дёњжџеє—й•їжЉЅеЏ–еҐЅз¤јпјЃ
д»»еЉЎпјљжЋжџеє”жЏґз­ѕе€°пјЊе·Іе®Њж€ђ
еЋ»еЃљд»»еЉЎпјљжЋжџеє”жЏґжµЏи§€
жµЏи§€пјљ2
ж€ђеЉџ
жµЏи§€пјљи¶…зє§з›’е­ђдјљењє
жµЏи§€пјљ1
д»»еЉЎпјљжЋжџеє”жЏґе…іжіЁеє—й“єпјЊе·Іе®Њж€ђ


ејЂе§‹з¬¬22дёЄжЋжџе°Џеє—пјЊIDпјљGN949D,жЋжџпјље€е®‡е®Ѓ
ж‘©з™»е…„ејџе€е®‡е®ЃXи’™з‰› й‚ЂдЅ жќҐдє¬дёњжџеє—й•їжЉЅеЏ–еҐЅз¤јпјЃ
еЋ»еЃљд»»еЉЎпјљжЋжџеє”жЏґз­ѕе€°
еЋ»еЃљд»»еЉЎпјљжЋжџеє”жЏґжµЏи§€
жµЏи§€пјљиЉ’иЉ’иҐїжџљ
д»»еЉЎпјљжЋжџеє”жЏґе…іжіЁеє—й“єпјЊе·Іе®Њж€ђ


ејЂе§‹з¬¬23дёЄжЋжџе°Џеє—пјЊIDпјљFBFN48,жЋжџпјљжќЋе®‡жҐ
жќЋе®‡жҐXе¤љиЉ¬ й‚ЂдЅ жќҐдє¬дёњжџеє—й•їжЉЅеЏ–еҐЅз¤јпјЃ
д»»еЉЎпјљжЋжџеє”жЏґз­ѕе€°пјЊе·Іе®Њж€ђ
еЋ»еЃљд»»еЉЎпјљжЋжџеє”жЏґжµЏи§€
жµЏи§€пјље¤љиЉ¬hairйЎµйќў
жµЏи§€пјље¤љиЉ¬dogmaxйЎµйќў
жµЏи§€пјље¤Џж—Ґз”„йЂ‰ е‘µе® зѕЋиЉ¬
д»»еЉЎпјљжЋжџеє”жЏґе…іжіЁеє—й“єпјЊе·Іе®Њж€ђ


ејЂе§‹з¬¬24дёЄжЋжџе°Џеє—пјЊIDпјљD22Q7C,жЋжџпјље­џзѕЋеІђ
е­џзѕЋеІђXй›Ђе·ўе†°ж·‡ж·‹ й‚ЂдЅ жќҐдє¬дёњжџеє—й•їжЉЅеЏ–еҐЅз¤јпјЃ
еЋ»еЃљд»»еЉЎпјљжЋжџеє”жЏґз­ѕе€°
з­ѕе€°ж€ђеЉџ
еЋ»еЃљд»»еЉЎпјљжЋжџеє”жЏґжµЏи§€
жµЏи§€пјље†°ж·‡ж·‹жґ»еЉЁйЎµ
жµЏи§€пјље‘€зњџе†°е“Ѓжґ»еЉЁ-жџеє—й•їд»»еЉЎ
жµЏи§€пјљй›Ђе·ўе†°ж·‡ж·‹ е†°з€ЅдёЂе¤Џ
жµЏи§€пјљй¦™и•‰е…€з”џжґ»еЉЁ-жџеє—й•їд»»еЉЎ
жµЏи§€пјље“€з“¦й‚Јжґ»еЉЁ-жџеє—й•їд»»еЉЎ
ж€ђеЉџ
д»»еЉЎпјљжЋжџеє”жЏґе…іжіЁеє—й“єпјЊе·Іе®Њж€ђ


ејЂе§‹з¬¬25дёЄжЋжџе°Џеє—пјЊIDпјљ3PU8SZ,жЋжџпјљйїдє‘еЋ
йїдє‘еЋXеЌЋзЎ• й‚ЂдЅ жќҐдє¬дёњжџеє—й•їжЉЅеЏ–еҐЅз¤јпјЃ
д»»еЉЎпјљжЋжџеє”жЏґз­ѕе€°пјЊе·Іе®Њж€ђ
еЋ»еЃљд»»еЉЎпјљжЋжџеє”жЏґжµЏи§€
жµЏи§€пјљзЃµиЂЂXеЏЊе±Џ
жµЏи§€пјљеЌЋзЎ•618
ж€ђеЉџ
жµЏи§€пјљеЌЋзЎ•иЅ»и–„дјљењє
д»»еЉЎпјљжЋжџеє”жЏґе…іжіЁеє—й“єпјЊе·Іе®Њж€ђ


ејЂе§‹з¬¬26дёЄжЋжџе°Џеє—пјЊIDпјљET5F23,жЋжџпјљеђґе°Љ
еђґе°ЉXжІЃе›­XеёѓйІЃй›…е°” й‚ЂдЅ жќҐдє¬дёњжџеє—й•їжЉЅеЏ–еҐЅз¤јпјЃ
еЋ»еЃљд»»еЉЎпјљжЋжџеє”жЏґз­ѕе€°
еЋ»еЃљд»»еЉЎпјљжЋжџеє”жЏґжµЏи§€
жµЏи§€пјљеёѓйІЃй›…е°”е•†е“Ѓ
жµЏи§€пјљжІЃе›­еє—й“є
жµЏи§€пјљеёѓйІЃй›…е°”еє—й“є
жµЏи§€пјљжІЃе›­дє§е“Ѓ
д»»еЉЎпјљжЋжџеє”жЏґе…іжіЁеє—й“єпјЊе·Іе®Њж€ђ


ејЂе§‹з¬¬27дёЄжЋжџе°Џеє—пјЊIDпјљM79U5N,жЋжџпјљж— з©·е°Џдє®
ж— з©·е°Џдє®з»™дЅ йЂЃеҐЅз¤је•¦пјЊеї«жќҐе®Њж€ђд»»еЉЎжЉЅеЏ–дё“е±ћеҐЅз¤јеђ§~
еЋ»еЃљд»»еЉЎпјљжЋжџеє”жЏґз­ѕе€°
еЋ»еЃљд»»еЉЎпјљжЋжџеє”жЏґжµЏи§€
жµЏи§€пјљ1
жµЏи§€пјљ5
жµЏи§€пјљ8
ж€ђеЉџ
жµЏи§€пјљ3
жµЏи§€пјљ7
ж€ђеЉџ
д»»еЉЎпјљжЋжџеє”жЏґе…іжіЁеє—й“єпјЊе·Іе®Њж€ђ


ејЂе§‹з¬¬28дёЄжЋжџе°Џеє—пјЊIDпјљJ8UWSP,жЋжџпјљж€љи–‡
ж€љи–‡Xеѕ·йѕ™ й‚ЂдЅ жќҐдє¬дёњжџеє—й•їжЉЅеЏ–еҐЅз¤јпјЃ
еЋ»еЃљд»»еЉЎпјљжЋжџеє”жЏґз­ѕе€°
з­ѕе€°ж€ђеЉџ
еЋ»еЃљд»»еЉЎпјљжЋжџеє”жЏґжµЏи§€
жµЏи§€пјљеѕ·йѕ™-ж€љи–‡жґ»еЉЁйЎµ
жµЏи§€пјљеѕ·йѕ™е…Ёи‡ЄеЉЁе’–е•ЎжњєD9 T
жµЏи§€пјљеѕ·йѕ™пј€Delonghiпј‰дє¬дёњи‡ЄиђҐж——и€°еє—
жµЏи§€пјљ еѕ·йѕ™е…Ёи‡ЄеЉЁе’–е•ЎжњєECAM23.260.SB
д»»еЉЎпјљжЋжџеє”жЏґе…іжіЁеє—й“єпјЊе·Іе®Њж€ђ


ејЂе§‹з¬¬29дёЄжЋжџе°Џеє—пјЊIDпјљLW4LCK,жЋжџпјљз”°йёїжќ°
з”°йёїжќ°XжЅе©· й‚ЂдЅ жќҐдє¬дёњжџеє—й•їжЉЅеЏ–еҐЅз¤јпјЃ
еЋ»еЃљд»»еЉЎпјљжЋжџеє”жЏґз­ѕе€°
еЋ»еЃљд»»еЉЎпјљжЋжџеє”жЏґжµЏи§€
жµЏи§€пјљжЅе©·-3
жµЏи§€пјљжЅе©·-4
жµЏи§€пјљжЅе©·-2
жµЏи§€пјљжЅе©·-5
д»»еЉЎпјљжЋжџеє”жЏґе…іжіЁеє—й“єпјЊе·Іе®Њж€ђ


ејЂе§‹з¬¬30дёЄжЋжџе°Џеє—пјЊIDпјљHY4HCW,жЋжџпјљй™€еќ¤
й™€еќ¤Xж–№е¤Є й‚ЂдЅ жќҐдє¬дёњжџеє—й•їжЉЅеЏ–еҐЅз¤јпјЃ
еЋ»еЃљд»»еЉЎпјљжЋжџеє”жЏґз­ѕе€°
еЋ»еЃљд»»еЉЎпјљжЋжџеє”жЏґжµЏи§€
жµЏи§€пјљз‰№жќѓ
жµЏи§€пјљP1+TH26B
ж€ђеЉџ
жµЏи§€пјљйў„е”®йЎµ
ж€ђеЉџ
жµЏи§€пјљиЃљеђ€йЎµ
ж€ђеЉџ
д»»еЉЎпјљжЋжџеє”жЏґе…іжіЁеє—й“єпјЊе·Іе®Њж€ђ


ејЂе§‹з¬¬31дёЄжЋжџе°Џеє—пјЊIDпјљVS4PEM,жЋжџпјљзѓ­дѕќж‰Ћ
зѓ­дѕќж‰ЋXеђ€з”џе…ѓ й‚ЂдЅ жќҐдє¬дёњжџеє—й•їжЉЅеЏ–еҐЅз¤јпјЃ
еЋ»еЃљд»»еЉЎпјљжЋжџеє”жЏґз­ѕе€°
еЋ»еЃљд»»еЉЎпјљжЋжџеє”жЏґжµЏи§€
жµЏи§€пјљжґ»еЉЁйЎµйќўжІѓи“ќ
ж€ђеЉџ
жµЏи§€пјљз›Љз”џиЏЊж–°е®ў
жµЏи§€пјљжґ»еЉЁйЎµйќўMKT
д»»еЉЎпјљжЋжџеє”жЏґе…іжіЁеє—й“єпјЊе·Іе®Њж€ђ


ејЂе§‹з¬¬32дёЄжЋжџе°Џеє—пјЊIDпјљ877JM4,жЋжџпјљеј е“ІзЂљ
еј е“ІзЂљXеѕђз¦Џи®° й‚ЂдЅ жќҐдє¬дёњжџеє—й•їжЉЅеЏ–еҐЅз¤јпјЃ
д»»еЉЎпјљжЋжџеє”жЏґз­ѕе€°пјЊе·Іе®Њж€ђ
еЋ»еЃљд»»еЉЎпјљжЋжџеє”жЏґжµЏи§€
жµЏи§€пјљеѕђз¦Џи®°з»јеђ€дјљењєйЎµ
жµЏи§€пјљеѕђз¦Џи®°е„їз«Ґй›¶йЈџйЎµ
д»»еЉЎпјљжЋжџеє”жЏґе…іжіЁеє—й“єпјЊе·Іе®Њж€ђ


ејЂе§‹з¬¬33дёЄжЋжџе°Џеє—пјЊIDпјљK6DARX,жЋжџпјљйѕљдїЉ
йѕљдїЉXеЌљжњ— й‚ЂдЅ жќҐдє¬дёњжџеє—й•їжЉЅеЏ–еҐЅз¤јпјЃ
еЋ»еЃљд»»еЉЎпјљжЋжџеє”жЏґз­ѕе€°
еЋ»еЃљд»»еЉЎпјљжЋжџеє”жЏґжµЏи§€
жµЏи§€пјље“Ѓз‰Њй“ѕжЋҐ
жµЏи§€пјљ55
жµЏи§€пјљsku1
жµЏи§€пјљ11
ж€ђеЉџ
жµЏи§€пјљ66
ж€ђеЉџ
д»»еЉЎпјљжЋжџеє”жЏґе…іжіЁеє—й“єпјЊе·Іе®Њж€ђ


ејЂе§‹з¬¬34дёЄжЋжџе°Џеє—пјЊIDпјљ5JFCD6,жЋжџпјљжќЋзє№зї°
жќЋж±¶зї°Xе·§д№ђе…№ й‚ЂдЅ жќҐдє¬дёњжџеє—й•їжЉЅеЏ–еҐЅз¤јпјЃ
еЋ»еЃљд»»еЉЎпјљжЋжџеє”жЏґз­ѕе€°
з­ѕе€°ж€ђеЉџ
еЋ»еЃљд»»еЉЎпјљжЋжџеє”жЏґжµЏи§€
жµЏи§€пјље·§ж¦›ж©
ж€ђеЉџ
жµЏи§€пјљиЃ”еђЌз»®з‚«
ж€ђеЉџ
жµЏи§€пјље·§д№ђе…№дё“йўйЎµ
жµЏи§€пјље§њж’ћеҐ¶
д»»еЉЎпјљжЋжџеє”жЏґе…іжіЁеє—й“єпјЊе·Іе®Њж€ђ


ејЂе§‹з¬¬35дёЄжЋжџе°Џеє—пјЊIDпјљTXU6GB,жЋжџпјље€й›Ёж¬Ј
THE9-е€й›Ёж•Xе“€ж №иѕѕж–Ї й‚ЂдЅ жќҐдє¬дёњжџеє—й•їжЉЅеЏ–еҐЅз¤јпјЃ
еЋ»еЃљд»»еЉЎпјљжЋжџеє”жЏґз­ѕе€°
еЋ»еЃљд»»еЉЎпјљжЋжџеє”жЏґжµЏи§€
жµЏи§€пјље“€ж №иѕѕж–Ї иЌ‰иЋ“еЏЈе‘і е†°ж·‡ж·‹ 100ml
жµЏи§€пјљжЋжџе°Џеє—
жµЏи§€пјље“€ж №иѕѕж–Ї жЇ”е€©ж—¶е·§е…‹еЉ›еЏЈе‘і е†°ж·‡ж·‹ 100ml
жµЏи§€пјље“€ж №иѕѕж–Ї е¤ЏеЁЃе¤·жћњд»ЃеЏЈе‘і е†°ж·‡ж·‹ 100ml
жµЏи§€пјље“€ж №иѕѕж–Їи‡ЄиђҐ
д»»еЉЎпјљжЋжџеє”жЏґе…іжіЁеє—й“єпјЊе·Іе®Њж€ђ


ејЂе§‹з¬¬36дёЄжЋжџе°Џеє—пјЊIDпјљ637BQA,жЋжџпјљж€ђжЇ…
ж€ђжЇ…Xи’™з‰› й‚ЂдЅ жќҐдє¬дёњжџеє—й•їжЉЅеЏ–еҐЅз¤јпјЃ
еЋ»еЃљд»»еЉЎпјљжЋжџеє”жЏґз­ѕе€°
еЋ»еЃљд»»еЉЎпјљжЋжџеє”жЏґжµЏи§€
жµЏи§€пјљж±°жёЌе“Ѓз‰Њжґ»еЉЁдё“ењє
жµЏи§€пјљж·±е±‚жґЃе‡Ђ12ж–¤
жµЏи§€пјљи¶…еЂјеҐ—иЈ…24ж–¤
ж€ђеЉџ
жµЏи§€пјљи¶…еЂјеҐ—иЈ…10ж–¤
жµЏи§€пјљи¶…еЂјеҐ—иЈ…18ж–¤
д»»еЉЎпјљжЋжџеє”жЏґе…іжіЁеє—й“єпјЊе·Іе®Њж€ђ


ејЂе§‹з¬¬37дёЄжЋжџе°Џеє—пјЊIDпјљLQ4LCS,жЋжџпјљеЂЄе¦®
еЂЄе¦®XOLAY й‚ЂдЅ жќҐдє¬дёњжџеє—й•їжЉЅеЏ–еҐЅз¤јпјЃ
еЋ»еЃљд»»еЉЎпјљжЋжџеє”жЏґз­ѕе€°
з­ѕе€°ж€ђеЉџ
еЋ»еЃљд»»еЉЎпјљжЋжџеє”жЏґжµЏи§€
жµЏи§€пјљи€’и‚¤дЅіиє«дЅ“жЉ¤зђ†
жµЏи§€пјљзєўзџіж¦ґжІђжµґйњІ
жµЏи§€пјљи€’и‚¤дЅіжІђжµґйњІеҐ—иЈ…зєЇз™Ѕ+иЉ¦иЌџ
жµЏи§€пјљдё»жЋЁе“Ѓ-pack
ж€ђеЉџ
жµЏи§€пјљOLAYиє«дЅ“жЉ¤зђ†
ж€ђеЉџ
д»»еЉЎпјљжЋжџеє”жЏґе…іжіЁеє—й“єпјЊе·Іе®Њж€ђ


ејЂе§‹з¬¬38дёЄжЋжџе°Џеє—пјЊIDпјљMW9U5Z,жЋжџпјљеђґе®‡жЃ’
еђґе®‡жЃ’XжІ™е®Ј й‚ЂдЅ жќҐдє¬дёњжџеє—й•їжЉЅеЏ–еҐЅз¤јпјЃ
еЋ»еЃљд»»еЉЎпјљжЋжџеє”жЏґз­ѕе€°
еЋ»еЃљд»»еЉЎпјљжЋжџеє”жЏґжµЏи§€
жµЏи§€пјљ2
жµЏи§€пјљ4
жµЏи§€пјљ5
д»»еЉЎпјљжЋжџеє”жЏґе…іжіЁеє—й“єпјЊе·Іе®Њж€ђ


ејЂе§‹з¬¬39дёЄжЋжџе°Џеє—пјЊIDпјљ5RFCD9,жЋжџпјљзЋ‹иЏІиЏІ
зЋ‹йњЏйњЏXдјЉе€© й‚ЂдЅ жќҐдє¬дёњжџеє—й•їжЉЅеЏ–еҐЅз¤јпјЃ
еЋ»еЃљд»»еЉЎпјљжЋжџеє”жЏґз­ѕе€°
д»»еЉЎпјљжЋжџеє”жЏґжµЏи§€пјЊе·Іе®Њж€ђ
д»»еЉЎпјљжЋжџеє”жЏґе…іжіЁеє—й“єпјЊе·Іе®Њж€ђ


ејЂе§‹з¬¬40дёЄжЋжџе°Џеє—пјЊIDпјљ3FU8S5,жЋжџпјље‘ЁжџЇе®‡
INTO1е‘ЁжџЇе®‡XйЈжџ” й‚ЂдЅ жќҐдє¬дёњжџеє—й•їжЉЅеЏ–еҐЅз¤јпјЃ
еЋ»еЃљд»»еЉЎпјљжЋжџеє”жЏґз­ѕе€°
еЋ»еЃљд»»еЉЎпјљжЋжџеє”жЏґжµЏи§€
жµЏи§€пјљйЈжџ”-3
д»»еЉЎпјљжЋжџеє”жЏґе…іжіЁеє—й“єпјЊе·Іе®Њж€ђ


ејЂе§‹з¬¬41дёЄжЋжџе°Џеє—пјЊIDпјљ2PFR4L,жЋжџпјљеј дє‘йѕ™
еј дє‘йѕ™Xеїѓз›ёеЌ° й‚ЂдЅ жќҐдє¬дёњжџеє—й•їжЉЅеЏ–еҐЅз¤јпјЃ
еЋ»еЃљд»»еЉЎпјљжЋжџеє”жЏґз­ѕе€°
еЋ»еЃљд»»еЉЎпјљжЋжџеє”жЏґжµЏи§€
жµЏи§€пјљеїѓз›ёеЌ°-жџеє—й•ї
ж€ђеЉџ
жµЏи§€пјљеїѓз›ёеЌ°-жџеє—й•ї
ж€ђеЉџ
д»»еЉЎпјљжЋжџеє”жЏґе…іжіЁеє—й“єпјЊе·Іе®Њж€ђ


ејЂе§‹з¬¬42дёЄжЋжџе°Џеє—пјЊIDпјљ8K7JM3,жЋжџпјљж­ўеєµ
ж­ўеєµз»™дЅ йЂЃеҐЅз¤је•¦пјЊеї«жќҐе®Њж€ђд»»еЉЎжЉЅеЏ–дё“е±ћеҐЅз¤јеђ§~
еЋ»еЃљд»»еЉЎпјљжЋжџеє”жЏґз­ѕе€°
еЋ»еЃљд»»еЉЎпјљжЋжџеє”жЏґжµЏи§€
жµЏи§€пјљ5
жµЏи§€пјљ1
жµЏи§€пјљ6
жµЏи§€пјљ7
жµЏи§€пјљ2
д»»еЉЎпјљжЋжџеє”жЏґе…іжіЁеє—й“єпјЊе·Іе®Њж€ђ


=============jd_fMRfXcJHjROTпјљжџеє—й•їеҐ–еЉ±ж±‡жЂ»================
иЋ·еѕ—жЋжџз…§з‰‡ж€–иЂ…и§†йў‘
иЋ·еѕ—жЋжџз…§з‰‡ж€–иЂ…и§†йў‘
иЋ·еѕ—дјжѓ е€ё
иЋ·еѕ—дјжѓ е€ё
иЋ·еѕ—дјжѓ е€ё
иЋ·еѕ—жЋжџз…§з‰‡ж€–иЂ…и§†йў‘
иЋ·еѕ—жЋжџз…§з‰‡ж€–иЂ…и§†йў‘
иЋ·еѕ—дјжѓ е€ё
иЋ·еѕ—жЋжџз…§з‰‡ж€–иЂ…и§†йў‘
иЋ·еѕ—жЋжџз…§з‰‡ж€–иЂ…и§†йў‘
иЋ·еѕ—дјжѓ е€ё
иЋ·еѕ—дјжѓ е€ё
иЋ·еѕ—дјжѓ е€ё
иЋ·еѕ—дјжѓ е€ё
иЋ·еѕ—жЋжџз…§з‰‡ж€–иЂ…и§†йў‘
jd_RbuUwXHBNnJRеЋ»еЉ©еЉ›пјљ877JM4 жґ»еЉЁпјЊеЉ©еЉ›з Ѓпјљu5SBJ1h5ZEucuvf6b4clpQ
еЉ©еЉ›з»“жћњпјљ{"success":true,"code":0,"errMsg":"success","data":{"backValue":440,"prize":{"1":{"id":356,"url":"https://img11.360buyimg.com/imagetools/jfs/t1/6437/9/10089/7139/60b33811Ee16f2147/a9f3b75456685132.png","state":2,"pos":1,"backValue":100,"name":"жЋдїЎз‰‡е‘Ёиѕ№"},"2":{"id":357,"url":"https://img11.360buyimg.com/imagetools/jfs/t1/6437/9/10089/7139/60b33811Ee1жµЏи§€пјљ1
жµЏи§€пјљ3
д»»еЉЎпјљжЋжџеє”жЏґе…іжіЁеє—й“єпјЊе·Іе®Њж€ђ


ејЂе§‹з¬¬41дёЄжЋжџе°Џеє—пјЊIDпјљ4A2M7K,жЋжџпјљеј дјЇиЉќ
еј жџЏиЉќXзѕЋиµћи‡Ј й‚ЂдЅ жќҐдє¬дёњжџеє—й•їжЉЅеЏ–еҐЅз¤јпјЃ
еЋ»еЃљд»»еЉЎпјљжЋжџеє”жЏґз­ѕе€°
еЋ»еЃљд»»еЉЎпјљжЋжџеє”жЏґжµЏи§€
жµЏи§€пјљA2
ж€ђеЉџ
жµЏи§€пјљзѕЋиµћи‡Ј
ж€ђеЉџ
жµЏи§€пјљsku2
жµЏи§€пјљжџеє—й•ї
жµЏи§€пјљsku
ж€ђеЉџ
д»»еЉЎпјљжЋжџеє”жЏґе…іжіЁеє—й“єпјЊе·Іе®Њж€ђ


ејЂе§‹з¬¬42дёЄжЋжџе°Џеє—пјЊIDпјљLW4LCK,жЋжџпјљз”°йёїжќ°
з”°йёїжќ°XжЅе©· й‚ЂдЅ жќҐдє¬дёњжџеє—й•їжЉЅеЏ–еҐЅз¤јпјЃ
еЋ»еЃљд»»еЉЎпјљжЋжџеє”жЏґз­ѕе€°
еЋ»еЃљд»»еЉЎпјљжЋжџеє”жЏґжµЏи§€
жµЏи§€пјљжЅе©·-3
жµЏи§€пјљжЅе©·-4
жµЏи§€пјљжЅе©·-2
жµЏи§€пјљжЅе©·-5
д»»еЉЎпјљжЋжџеє”жЏґе…іжіЁеє—й“єпјЊе·Іе®Њж€ђ


=============jd_fMRfXcJHjROTпјљжџеє—й•їеҐ–еЉ±ж±‡жЂ»================
иЋ·еѕ—жЋжџз…§з‰‡ж€–иЂ…и§†йў‘
иЋ·еѕ—жЋжџз…§з‰‡ж€–иЂ…и§†йў‘
иЋ·еѕ—дјжѓ е€ё
иЋ·еѕ—дјжѓ е€ё
иЋ·еѕ—дјжѓ е€ё
иЋ·еѕ—жЋжџз…§з‰‡ж€–иЂ…и§†йў‘
иЋ·еѕ—жЋжџз…§з‰‡ж€–иЂ…и§†йў‘
иЋ·еѕ—дјжѓ е€ё
иЋ·еѕ—жЋжџз…§з‰‡ж€–иЂ…и§†йў‘
иЋ·еѕ—жЋжџз…§з‰‡ж€–иЂ…и§†йў‘
иЋ·еѕ—дјжѓ е€ё
иЋ·еѕ—дјжѓ е€ё
иЋ·еѕ—дјжѓ е€ё
иЋ·еѕ—дјжѓ е€ё
иЋ·еѕ—жЋжџз…§з‰‡ж€–иЂ…и§†йў‘
jd_RbuUwXHBNnJRеЋ»еЉ©еЉ›пјљ4C2M75 жґ»еЉЁпјЊеЉ©еЉ›з Ѓпјљu5SBJ1h5ZEucuvf6b4clpQ
еЉ©еЉ›з»“жћњпјљ{"success":true,"code":0,"errMsg":"success","data":{"backValue":455,"prize":{"1":{"id":312,"url":"https://img14.360buyimg.com/imagetools/jfs/t1/190709/34/5686/5503/60b339abEce6af95b/9ef74672ad343187.png","state":2,"pos":1,"backValue":100,"name":"жѓЉе–њз…§з‰‡"},"2":{"id":313,"url":"https://img11.360buyimg.com/imagetools/jfs/t1/6437/9/10089/7139/60b33811Ee16f2147/a9f3b75456685132.png","state":2,"pos":2,"backValue":400,"name":"иЈ¤ећ‹еЌ«з”џе·ѕ"},"3":{"id":314,"url":"https://img11.360buyimg.com/imagetools/jfs/t1/6437/9/10089/7139/60b33811Ee16f2147/a9f3b75456685132.png","state":0,"pos":3,"backValue":700,"name":"иЈ¤ећ‹еЌ«з”џе·ѕ"},"4":{"id":315,"url":"https://img14.360buyimg.com/imagetools/jfs/t1/190709/34/5686/5503/60b339abEce6af95b/9ef74672ad343187.png","state":0,"pos":4,"backValue":1000,"name":"еј й¦Ёдє€жµ·жЉҐ"}},"encryptPin":"u5SBJ1h5ZEucuvf6b4clpQ","shareText":"еј й¦Ёдє€XжЉ¤и€’е®ќ й‚ЂдЅ жќҐдє¬дёњжџеє—й•їжЉЅеЏ–еҐЅз¤јпјЃ","shareUrl":"https://img11.360buyimg.com/imagetools/jfs/t1/190640/24/5032/101757/60ae5c7dE1d4a4cc9/a8d5fd7dff8a2985.png"}}
jd_RbuUwXHBNnJRеЋ»еЉ©еЉ›пјљ4C2M75 жґ»еЉЁпјЊеЉ©еЉ›з ЃпјљB83JDGhXR2j3Eubusnpn6g
еЉ©еЉ›з»“жћњпјљ{"success":true,"code":0,"errMsg":"success","data":{"backValue":455,"prize":{"1":{"id":312,"url":"https://img14.360buyimg.com/imagetools/jfs/t1/190709/34/5686/5503/60b339abEce6af95b/9ef74672ad343187.png","state":2,"pos":1,"backValue":100,"name":"жѓЉе–њз…§з‰‡"},"2":{"id":313,"url":"https://img11.360buyimg.com/imagetools/jfs/t1/6437/9/10089/7139/60b33811Ee16f2147/a9f3b75456685132.png","state":2,"pos":2,"backValue":400,"name":"иЈ¤ећ‹еЌ«з”џе·ѕ"},"3":{"id":314,"url":"https://img11.360buyimg.com/imagetools/jfs/t1/6437/9/10089/7139/60b33811Ee16f2147/a9f3b75456685132.png","state":0,"pos":3,"backValue":700,"name":"иЈ¤ећ‹еЌ«з”џе·ѕ"},"4":{"id":315,"url":"https://img14.360buyimg.com/imagetools/jfs/t1/190709/34/5686/5503/60b339abEce6af95b/9ef74672ad343187.png","state":0,"pos":4,"backValue":1000,"name":"еј й¦Ёдє€жµ·жЉҐ"}},"encryptPin":"u5SBJ1h5ZEucuvf6b4clpQ","shareText":"еј й¦Ёдє€XжЉ¤и€’е®ќ й‚ЂдЅ жќҐдє¬дёњжџеє—й•їжЉЅеЏ–еҐЅз¤јпјЃ","shareUrl":"https://img11.360buyimg.com/imagetools/jfs/t1/190640/24/5032/101757/60ae5c7dE1d4a4cc9/a8d5fd7dff8a2985.png"}}
jd_RbuUwXHBNnJRеЋ»еЉ©еЉ›пјљ4C2M75 жґ»еЉЁпјЊеЉ©еЉ›з Ѓпјљundefined
еЉ©еЉ›з»“жћњпјљ{"success":true,"code":0,"errMsg":"success","data":{"backValue":455,"prize":{"1":{"id":312,"url":"https://img14.360buyimg.com/imagetools/jfs/t1/190709/34/5686/5503/60b339abEce6af95b/9ef74672ad343187.png","state":2,"pos":1,"backValue":100,"name":"жѓЉе–њз…§з‰‡"},"2":{"id":313,"url":"https://img11.360buyimg.com/imagetools/jfs/t1/6437/9/10089/7139/60b33811Ee16f2147/a9f3b75456685132.png","state":2,"pos":2,"backValue":400,"name":"иЈ¤ећ‹еЌ«з”џе·ѕ"},"3":{"id":314,"url":"https://img11.360buyimg.com/imagetools/jfs/t1/6437/9/10089/7139/60b33811Ee16f2147/a9f3b75456685132.png","state":0,"pos":3,"backValue":700,"name":"иЈ¤ећ‹еЌ«з”џе·ѕ"},"4":{"id":315,"url":"https://img14.360buyimg.com/imagetools/jfs/t1/190709/34/5686/5503/60b339abEce6af95b/9ef74672ad343187.png","state":0,"pos":4,"backValue":1000,"name":"еј й¦Ёдє€жµ·жЉҐ"}},"encryptPin":"u5SBJ1h5ZEucuvf6b4clpQ","shareText":"еј й¦Ёдє€XжЉ¤и€’е®ќ й‚ЂдЅ жќҐдє¬дёњжџеє—й•їжЉЅеЏ–еҐЅз¤јпјЃ","shareUrl":"https://img11.360buyimg.com/imagetools/jfs/t1/190640/24/5032/101757/60ae5c7dE1d4a4cc9/a8d5fd7dff8a2985.png"}}
jd_fMRfXcJHjROTеЋ»еЉ©еЉ›пјљYCDXNN жґ»еЉЁпјЊеЉ©еЉ›з Ѓпјљu5SBJ1h5ZEucuvf6b4clpQ
еЉ©еЉ›з»“жћњпјљ{"success":true,"code":0,"errMsg":"success","data":{"backValue":435,"prize":{"1":{"id":304,"url":"https://img10.360buyimg.com/imagetools/jfs/t1/183366/5/6613/7291/60b339acE41947d04/086f6570c8f069b9.png","state":2,"pos":1,"backValue":100,"name":"иґ­з‰©дјжѓ е€ё"},"2":{"id":305,"url":"https://img11.360buyimg.com/imagetools/jfs/t1/6437/9/10089/7139/60b33811Ee16f2147/a9f3b75456685132.png","state":2,"pos":2,"backValue":400,"name":"жё”е¤«еёЅ"},"3":{"id":306,"url":"https://img11.360buyimg.com/imagetools/jfs/t1/6437/9/10089/7139/60b33811Ee16f2147/a9f3b75456685132.png","state":0,"pos":3,"backValue":700,"name":"иї·дЅ жµ·жЉҐ"},"4":{"id":307,"url":"https://img11.360buyimg.com/imagetools/jfs/t1/6437/9/10089/7139/60b33811Ee16f2147/a9f3b75456685132.png","state":0,"pos":4,"backValue":1000,"name":"дєєеЅўз«‹з‰Њ"}},"encryptPin":"B83JDGhXR2j3Eubusnpn6g","shareText":"и”Ўеѕђеќ¤Xж±¤и‡ЈеЂЌеЃҐ й‚ЂдЅ жќҐдє¬дёњжџеє—й•їжЉЅеЏ–еҐЅз¤јпјЃ","shareUrl":"https://img11.360buyimg.com/imagetools/jfs/t1/190640/24/5032/101757/60ae5c7dE1d4a4cc9/a8d5fd7dff8a2985.png"}}
jd_fMRfXcJHjROTеЋ»еЉ©еЉ›пјљYCDXNN жґ»еЉЁпјЊеЉ©еЉ›з ЃпјљB83JDGhXR2j3Eubusnpn6g
еЉ©еЉ›з»“жћњпјљ{"success":true,"code":0,"errMsg":"success","data":{"backValue":435,"prize":{"1":{"id":304,"url":"https://img10.360buyimg.com/imagetools/jfs/t1/183366/5/6613/7291/60b339acE41947d04/086f6570c8f069b9.png","state":2,"pos":1,"backValue":100,"name":"иґ­з‰©дјжѓ е€ё"},"2":{"id":305,"url":"https://img11.360buyimg.com/imagetools/jfs/t1/6437/9/10089/7139/60b33811Ee16f2147/a9f3b75456685132.png","state":2,"pos":2,"backValue":400,"name":"жё”е¤«еёЅ"},"3":{"id":306,"url":"https://img11.360buyimg.com/imagetools/jfs/t1/6437/9/10089/7139/60b33811Ee16f2147/a9f3b75456685132.png","state":0,"pos":3,"backValue":700,"name":"иї·дЅ жµ·жЉҐ"},"4":{"id":307,"url":"https://img11.360buyimg.com/imagetools/jfs/t1/6437/9/10089/7139/60b33811Ee16f2147/a9f3b75456685132.png","state":0,"pos":4,"backValue":1000,"name":"дєєеЅўз«‹з‰Њ"}},"encryptPin":"B83JDGhXR2j3Eubusnpn6g","shareText":"и”Ўеѕђеќ¤Xж±¤и‡ЈеЂЌеЃҐ й‚ЂдЅ жќҐдє¬дёњжџеє—й•їжЉЅеЏ–еҐЅз¤јпјЃ","shareUrl":"https://img11.360buyimg.com/imagetools/jfs/t1/190640/24/5032/101757/60ae5c7dE1d4a4cc9/a8d5fd7dff8a2985.png"}}
jd_fMRfXcJHjROTеЋ»еЉ©еЉ›пјљYCDXNN жґ»еЉЁпјЊеЉ©еЉ›з Ѓпјљundefined
еЉ©еЉ›з»“жћњпјљ{"success":true,"code":0,"errMsg":"success","data":{"backValue":435,"prize":{"1":{"id":304,"url":"https://img10.360buyimg.com/imagetools/jfs/t1/183366/5/6613/7291/60b339acE41947d04/086f6570c8f069b9.png","state":2,"pos":1,"backValue":100,"name":"иґ­з‰©дјжѓ е€ё"},"2":{"id":305,"url":"https://img11.360buyimg.com/imagetools/jfs/t1/6437/9/10089/7139/60b33811Ee16f2147/a9f3b75456685132.png","state":2,"pos":2,"backValue":400,"name":"жё”е¤«еёЅ"},"3":{"id":306,"url":"https://img11.360buyimg.com/imagetools/jfs/t1/6437/9/10089/7139/60b33811Ee16f2147/a9f3b75456685132.png","state":0,"pos":3,"backValue":700,"name":"иї·дЅ жµ·жЉҐ"},"4":{"id":307,"url":"https://img11.360buyimg.com/imagetools/jfs/t1/6437/9/10089/7139/60b33811Ee16f2147/a9f3b75456685132.png","state":0,"pos":4,"backValue":1000,"name":"дєєеЅўз«‹з‰Њ"}},"encryptPin":"B83JDGhXR2j3Eubusnpn6g","shareText":"и”Ўеѕђеќ¤Xж±¤и‡ЈеЂЌеЃҐ й‚ЂдЅ жќҐдє¬дёњжџеє—й•їжЉЅеЏ–еҐЅз¤јпјЃ","shareUrl":"https://img11.360buyimg.com/imagetools/jfs/t1/190640/24/5032/101757/60ae5c7dE1d4a4cc9/a8d5fd7dff8a2985.png"}}

рџ””жЋжџе°Џеє—, з»“жќџ! рџ•› 1166.154 з§’

