Jun 14 06:46:00 
Jun 14 06:46:00 🔔东东小窝, 开始!
Jun 14 06:46:00 您的cookie选择的是用&隔开
Jun 14 06:46:00 
Jun 14 06:46:00 
Jun 14 06:46:00 ====================共有2个京东账号Cookie=========
Jun 14 06:46:00 
Jun 14 06:46:00 
Jun 14 06:46:00 🔔东东小窝, 开始!
Jun 14 06:46:00 您的cookie选择的是用&隔开
Jun 14 06:46:00 
Jun 14 06:46:00 
Jun 14 06:46:00 ====================共有2个京东账号Cookie=========
Jun 14 06:46:00 
Jun 14 06:46:00 ==================脚本执行- 北京时间(UTC+8)：6/14/2021, 6:46:00 AM=====================
Jun 14 06:46:00 
Jun 14 06:46:00 ==================脚本执行- 北京时间(UTC+8)：6/14/2021, 6:46:00 AM=====================
Jun 14 06:46:00 
Jun 14 06:46:00 
Jun 14 06:46:00 *******开始【京东账号1】jd_RbuUwXHBNnJR********
Jun 14 06:46:00 
Jun 14 06:46:00 
Jun 14 06:46:00 *******开始【京东账号1】jd_RbuUwXHBNnJR********
Jun 14 06:46:00 
Jun 14 06:46:06 
Jun 14 06:46:06 您的东东小窝shareCode(每天都是变化的):【1404208486201565185】
Jun 14 06:46:06 
Jun 14 06:46:23  任务名称   完成进度 
Jun 14 06:46:23 邀请任务      0/4
Jun 14 06:46:23 每日打卡      0/1
Jun 14 06:46:23 限时连连看      0/2
Jun 14 06:46:23 关注店铺      19/10
Jun 14 06:46:23 浏览店铺      0/10
Jun 14 06:46:23 关注频道      1/3
Jun 14 06:46:23 浏览频道      0/3
Jun 14 06:46:23 加购商品      0/12
Jun 14 06:46:23 浏览商品      0/5
Jun 14 06:46:23 浏览会场      0/10
Jun 14 06:46:23 createAssistUserID:1318106976846299138
Jun 14 06:46:23 
Jun 14 06:46:23 
Jun 14 06:46:23 助力您的好友:0人
Jun 14 06:47:35 浏览店铺 {"head":{"code":200,"msg":"浏览成功"}}
Jun 14 06:47:35 浏览店铺 {"head":{"code":200,"msg":"浏览成功"}}
Jun 14 06:47:45 浏览店铺 {"head":{"code":200,"msg":"浏览成功"}}
Jun 14 06:47:46 浏览店铺 {"head":{"code":200,"msg":"浏览成功"}}
Jun 14 06:47:48 浏览店铺 {"head":{"code":200,"msg":"浏览成功"}}
Jun 14 06:47:52 浏览店铺 {"head":{"code":200,"msg":"浏览成功"}}
Jun 14 06:47:53 浏览店铺 {"head":{"code":200,"msg":"浏览成功"}}
Jun 14 06:47:57 浏览店铺 {"head":{"code":200,"msg":"浏览成功"}}
Jun 14 06:47:59 浏览店铺 {"head":{"code":200,"msg":"浏览成功"}}
Jun 14 06:47:59 浏览店铺 {"head":{"code":200,"msg":"浏览成功"}}
Jun 14 06:48:04 浏览频道 {"head":{"code":200,"msg":"浏览频道成功"}}
Jun 14 06:48:05 浏览频道 {"head":{"code":200,"msg":"浏览频道成功"}}
Jun 14 06:48:05 浏览频道 {"head":{"code":200,"msg":"浏览频道成功"}}
Jun 14 06:48:06 浏览商品 {"head":{"code":200,"msg":"浏览商品成功"}}
Jun 14 06:48:06 浏览商品 {"head":{"code":200,"msg":"浏览商品成功"}}
Jun 14 06:48:08 浏览商品 {"head":{"code":200,"msg":"浏览商品成功"}}
Jun 14 06:48:08 浏览商品 {"head":{"code":200,"msg":"浏览商品成功"}}
Jun 14 06:48:09 浏览商品 {"head":{"code":200,"msg":"浏览商品成功"}}
Jun 14 06:48:10 浏览会场 {"head":{"code":200,"msg":"浏览成功"}}
Jun 14 06:48:10 浏览会场 {"head":{"code":200,"msg":"浏览成功"}}
Jun 14 06:48:10 浏览会场 {"head":{"code":200,"msg":"浏览成功"}}
Jun 14 06:48:11 浏览会场 {"head":{"code":200,"msg":"浏览成功"}}
Jun 14 06:48:12 浏览会场 {"head":{"code":200,"msg":"浏览成功"}}
Jun 14 06:48:12 浏览会场 {"head":{"code":200,"msg":"浏览成功"}}
Jun 14 06:48:13 浏览会场 {"head":{"code":200,"msg":"浏览成功"}}
Jun 14 06:48:14 浏览会场 {"head":{"code":200,"msg":"浏览成功"}}
Jun 14 06:48:14 浏览会场 {"head":{"code":200,"msg":"浏览成功"}}
Jun 14 06:49:00 浏览会场 {"head":{"code":200,"msg":"浏览成功"}}
Jun 14 06:49:04 
Jun 14 06:49:04 兑换150京豆失败:当前wo币73696不够兑换所需的1699999WO币
Jun 14 06:49:04 
Jun 14 06:49:04 ==============📣系统通知📣==============
Jun 14 06:49:04 东东小窝
Jun 14 06:49:04 【京东账号1】jd_RbuUwXHBNnJR
Jun 14 06:49:04 【免费抽奖】未中奖
Jun 14 06:49:04 【小窝名】椰弱鳞伐映坟涅哺
Jun 14 06:49:04 【当前WO币】73696
Jun 14 06:49:04 【装饰领京豆】兑换150京豆失败,原因:WO币不够
Jun 14 06:49:04 
Jun 14 06:49:04 
Jun 14 06:49:04 *******开始【京东账号2】jd_fMRfXcJHjROT********
Jun 14 06:49:04 
Jun 14 06:49:14 
Jun 14 06:49:14 您的东东小窝shareCode(每天都是变化的):【1404209271557406722】
Jun 14 06:49:14 
Jun 14 06:49:18  任务名称   完成进度 
Jun 14 06:49:18 邀请任务      0/4
Jun 14 06:49:18 每日打卡      0/1
Jun 14 06:49:18 限时连连看      0/2
Jun 14 06:49:18 关注店铺      17/10
Jun 14 06:49:18 浏览店铺      0/10
Jun 14 06:49:18 关注频道      1/3
Jun 14 06:49:18 浏览频道      0/3
Jun 14 06:49:18 加购商品      0/12
Jun 14 06:49:18 浏览商品      0/5
Jun 14 06:49:18 浏览会场      0/10
Jun 14 06:49:18 createAssistUserID:1318106976846299138
Jun 14 06:49:18 
Jun 14 06:49:18 
Jun 14 06:49:18 助力您的好友:0人
Jun 14 06:49:57 浏览店铺 {"head":{"code":200,"msg":"浏览成功"}}
Jun 14 06:50:00 浏览店铺 {"head":{"code":200,"msg":"浏览成功"}}
Jun 14 06:50:03 浏览店铺 {"head":{"code":200,"msg":"浏览成功"}}
Jun 14 06:50:03 浏览店铺 {"head":{"code":200,"msg":"浏览成功"}}
Jun 14 06:50:03 浏览店铺 {"head":{"code":200,"msg":"浏览成功"}}
Jun 14 06:50:05 浏览店铺 {"head":{"code":200,"msg":"浏览成功"}}
Jun 14 06:50:12 浏览店铺 {"head":{"code":200,"msg":"浏览成功"}}
Jun 14 06:50:13 浏览店铺 {"head":{"code":200,"msg":"浏览成功"}}
Jun 14 06:50:15 浏览店铺 {"head":{"code":200,"msg":"浏览成功"}}
Jun 14 06:50:15 浏览店铺 {"head":{"code":200,"msg":"浏览成功"}}
Jun 14 06:50:28 浏览频道 {"head":{"code":200,"msg":"浏览频道成功"}}
Jun 14 06:50:30 浏览频道 {"head":{"code":200,"msg":"浏览频道成功"}}
Jun 14 06:50:30 浏览频道 {"head":{"code":200,"msg":"浏览频道成功"}}
Jun 14 06:50:31 浏览商品 {"head":{"code":200,"msg":"浏览商品成功"}}
Jun 14 06:50:32 浏览商品 {"head":{"code":200,"msg":"浏览商品成功"}}
Jun 14 06:51:03 浏览商品 {"head":{"code":200,"msg":"浏览商品成功"}}
Jun 14 06:51:42 浏览商品 {"head":{"code":200,"msg":"浏览商品成功"}}
Jun 14 06:51:46 浏览商品 {"head":{"code":200,"msg":"浏览商品成功"}}
Jun 14 06:51:50 浏览会场 {"head":{"code":200,"msg":"浏览成功"}}
Jun 14 06:51:50 浏览会场 {"head":{"code":200,"msg":"浏览成功"}}
Jun 14 06:51:51 浏览会场 {"head":{"code":200,"msg":"浏览成功"}}
Jun 14 06:51:51 浏览会场 {"head":{"code":200,"msg":"浏览成功"}}
Jun 14 06:51:51 浏览会场 {"head":{"code":200,"msg":"浏览成功"}}
Jun 14 06:51:51 浏览会场 {"head":{"code":200,"msg":"浏览成功"}}
Jun 14 06:51:52 浏览会场 {"head":{"code":200,"msg":"浏览成功"}}
Jun 14 06:51:52 浏览会场 {"head":{"code":200,"msg":"浏览成功"}}
Jun 14 06:51:53 浏览会场 {"head":{"code":200,"msg":"浏览成功"}}
Jun 14 06:51:53 浏览会场 {"head":{"code":200,"msg":"浏览成功"}}
Jun 14 06:51:54 
Jun 14 06:51:54 兑换150京豆失败:当前wo币21936不够兑换所需的1699999WO币
Jun 14 06:51:54 
Jun 14 06:51:54 ==============📣系统通知📣==============
Jun 14 06:51:54 东东小窝
Jun 14 06:51:54 【京东账号2】jd_fMRfXcJHjROT
Jun 14 06:51:54 【免费抽奖】未中奖
Jun 14 06:51:54 【小窝名】小牛的小窝
Jun 14 06:51:54 【当前WO币】21936
Jun 14 06:51:54 【装饰领京豆】兑换150京豆失败,原因:WO币不够
Jun 14 06:51:54 
Jun 14 06:51:54 
Jun 14 06:51:54 jd_RbuUwXHBNnJR去给自己的下一账号jd_fMRfXcJHjROT助力
Jun 14 06:51:54 
Jun 14 06:51:54 自己的下一账号jd_fMRfXcJHjROT，助力码为 1404209271557406722
Jun 14 06:51:54 1404209271557406722, 1318106976846299138 pt_key=AAJgwcfhADAtMTDFjQ1Sm7qbp-n4v7GLFOplpWhPPp3m4Js0KFb_OxCoyhiDw4hXt2KcTSgwvFI; pt_pin=jd_RbuUwXHBNnJR;
Jun 14 06:51:55 
Jun 14 06:51:55 给好友1404209271557406722:【助力成功~】
Jun 14 06:51:55 
Jun 14 06:51:55 
Jun 14 06:51:55 去帮助作者:lxk0301
Jun 14 06:51:55 
Jun 14 06:51:56 "Response code 404 (Not Found)"
Jun 14 06:51:56 "Response code 404 (Not Found)"
Jun 14 06:51:56 东东小窝 API请求失败，请检查网路重试
Jun 14 06:51:56 "Response code 403 (Forbidden)"
Jun 14 06:51:56 东东小窝 API请求失败，请检查网路重试
Jun 14 06:51:56 
Jun 14 06:51:56 ❌ 东东小窝, 失败! 原因: TypeError: Cannot read property 'inviteCode' of undefined!
Jun 14 06:51:56 
Jun 14 06:51:56 
Jun 14 06:51:56 🔔东东小窝, 结束! 🕛 356.182 秒
Jun 14 06:51:56 
Jun 14 23:46:00 
Jun 14 23:46:00 🔔东东小窝, 开始!
Jun 14 23:46:00 
Jun 14 23:46:00 🔔东东小窝, 开始!
Jun 14 23:46:00 您的cookie选择的是用&隔开
Jun 14 23:46:00 
Jun 14 23:46:00 
Jun 14 23:46:00 ====================共有2个京东账号Cookie=========
Jun 14 23:46:00 
Jun 14 23:46:00 您的cookie选择的是用&隔开
Jun 14 23:46:00 
Jun 14 23:46:00 
Jun 14 23:46:00 ====================共有2个京东账号Cookie=========
Jun 14 23:46:00 
Jun 14 23:46:00 ==================脚本执行- 北京时间(UTC+8)：6/14/2021, 11:46:00 PM=====================
Jun 14 23:46:00 
Jun 14 23:46:00 ==================脚本执行- 北京时间(UTC+8)：6/14/2021, 11:46:00 PM=====================
Jun 14 23:46:00 
Jun 14 23:46:01 
Jun 14 23:46:01 *******开始【京东账号1】jd_RbuUwXHBNnJR********
Jun 14 23:46:01 
Jun 14 23:46:01 
Jun 14 23:46:01 *******开始【京东账号1】赛格di********
Jun 14 23:46:01 
Jun 15 06:46:00 
Jun 15 06:46:00 🔔东东小窝, 开始!
Jun 15 06:46:00 
Jun 15 06:46:00 🔔东东小窝, 开始!
Jun 15 06:46:00 您的cookie选择的是用&隔开
Jun 15 06:46:00 
Jun 15 06:46:00 
Jun 15 06:46:00 ====================共有2个京东账号Cookie=========
Jun 15 06:46:00 
Jun 15 06:46:00 您的cookie选择的是用&隔开
Jun 15 06:46:00 
Jun 15 06:46:00 
Jun 15 06:46:00 ====================共有2个京东账号Cookie=========
Jun 15 06:46:00 
Jun 15 06:46:00 ==================脚本执行- 北京时间(UTC+8)：6/15/2021, 6:46:00 AM=====================
Jun 15 06:46:00 
Jun 15 06:46:00 ==================脚本执行- 北京时间(UTC+8)：6/15/2021, 6:46:00 AM=====================
Jun 15 06:46:00 
Jun 15 06:46:00 
Jun 15 06:46:00 *******开始【京东账号1】jd_RbuUwXHBNnJR********
Jun 15 06:46:00 
Jun 15 06:46:00 
Jun 15 06:46:00 *******开始【京东账号1】jd_RbuUwXHBNnJR********
Jun 15 06:46:00 
Jun 15 06:46:27 
Jun 15 06:46:27 您的东东小窝shareCode(每天都是变化的):【1404570959611772929】
Jun 15 06:46:27 
Jun 15 06:46:37  任务名称   完成进度 
Jun 15 06:46:37 邀请任务      0/4
Jun 15 06:46:37 每日打卡      0/1
Jun 15 06:46:37 限时连连看      0/2
Jun 15 06:46:37 关注店铺      19/10
Jun 15 06:46:37 浏览店铺      0/10
Jun 15 06:46:37 关注频道      1/3
Jun 15 06:46:37 浏览频道      0/3
Jun 15 06:46:37 加购商品      0/12
Jun 15 06:46:37 浏览商品      0/5
Jun 15 06:46:37 浏览会场      0/10
Jun 15 06:46:37 createAssistUserID:1318106976846299138
Jun 15 06:46:37 
Jun 15 06:46:37 
Jun 15 06:46:37 助力您的好友:0人
Jun 15 06:48:12 
Jun 15 06:48:12 您的东东小窝shareCode(每天都是变化的):【1404570959611772929】
Jun 15 06:48:12 
Jun 15 06:48:12 免费抽奖机会今日已使用
Jun 15 06:48:12 
Jun 15 06:48:15  任务名称   完成进度 
Jun 15 06:48:15 邀请任务      0/4
Jun 15 06:48:15 每日打卡      1/1
Jun 15 06:48:15 限时连连看      2/2
Jun 15 06:48:15 关注店铺      19/10
Jun 15 06:48:15 浏览店铺      0/10
Jun 15 06:48:15 关注频道      1/3
Jun 15 06:48:15 浏览频道      0/3
Jun 15 06:48:15 加购商品      0/12
Jun 15 06:48:15 浏览商品      0/5
Jun 15 06:48:15 浏览会场      0/10
Jun 15 06:48:15 createAssistUserID:1318106976846299138
Jun 15 06:48:15 
Jun 15 06:48:15 
Jun 15 06:48:15 助力您的好友:0人
Jun 15 06:48:15 每日打卡已完成（1/1）
Jun 15 06:48:15 限时连连看已完成[2/2]
Jun 15 06:48:31 浏览店铺 {"head":{"code":200,"msg":"浏览成功"}}
Jun 15 06:48:33 浏览店铺 {"head":{"code":200,"msg":"浏览成功"}}
Jun 15 06:48:49 浏览店铺 {"head":{"code":200,"msg":"浏览成功"}}
Jun 15 06:48:49 浏览店铺 {"head":{"code":200,"msg":"浏览成功"}}
Jun 15 06:49:01 浏览店铺 {"head":{"code":200,"msg":"浏览成功"}}
Jun 15 06:49:02 浏览店铺 {"head":{"code":200,"msg":"浏览成功"}}
Jun 15 06:49:03 浏览店铺 {"head":{"code":200,"msg":"浏览成功"}}
Jun 15 06:49:04 浏览店铺 {"head":{"code":200,"msg":"浏览成功"}}
Jun 15 06:49:04 浏览店铺 {"head":{"code":200,"msg":"浏览成功"}}
Jun 15 06:49:05 浏览店铺 {"head":{"code":200,"msg":"浏览成功"}}
Jun 15 06:49:11 浏览频道 {"head":{"code":200,"msg":"浏览频道成功"}}
Jun 15 06:49:12 浏览频道 {"head":{"code":200,"msg":"浏览频道成功"}}
Jun 15 06:49:12 浏览频道 {"head":{"code":200,"msg":"浏览频道成功"}}
Jun 15 06:49:18 浏览商品 {"head":{"code":200,"msg":"浏览商品成功"}}
Jun 15 06:49:19 浏览商品 {"head":{"code":200,"msg":"浏览商品成功"}}
Jun 15 06:49:19 浏览商品 {"head":{"code":200,"msg":"浏览商品成功"}}
Jun 15 06:49:22 浏览商品 {"head":{"code":200,"msg":"浏览商品成功"}}
Jun 15 06:49:26 浏览商品 {"head":{"code":200,"msg":"浏览商品成功"}}
Jun 15 06:49:27 浏览会场 {"head":{"code":200,"msg":"浏览成功"}}
Jun 15 06:49:27 浏览会场 {"head":{"code":200,"msg":"浏览成功"}}
Jun 15 06:49:27 浏览会场 {"head":{"code":200,"msg":"浏览成功"}}
Jun 15 06:49:28 浏览会场 {"head":{"code":200,"msg":"浏览成功"}}
Jun 15 06:49:28 浏览会场 {"head":{"code":200,"msg":"浏览成功"}}
Jun 15 06:49:30 浏览会场 {"head":{"code":200,"msg":"浏览成功"}}
Jun 15 06:49:30 浏览会场 {"head":{"code":200,"msg":"浏览成功"}}
Jun 15 06:49:31 浏览会场 {"head":{"code":200,"msg":"浏览成功"}}
Jun 15 06:49:36 浏览会场 {"head":{"code":200,"msg":"浏览成功"}}
Jun 15 06:49:36 浏览会场 {"head":{"code":200,"msg":"浏览成功"}}
Jun 15 06:49:37 
Jun 15 06:49:37 兑换150京豆失败:当前wo币75096不够兑换所需的1699999WO币
Jun 15 06:49:37 
Jun 15 06:49:37 ==============📣系统通知📣==============
Jun 15 06:49:37 东东小窝
Jun 15 06:49:37 【京东账号1】jd_RbuUwXHBNnJR
Jun 15 06:49:37 【免费抽奖】未中奖
Jun 15 06:49:37 【小窝名】椰弱鳞伐映坟涅哺
Jun 15 06:49:37 【当前WO币】75096
Jun 15 06:49:37 【装饰领京豆】兑换150京豆失败,原因:WO币不够
Jun 15 06:49:37 
Jun 15 06:49:37 
Jun 15 06:49:37 *******开始【京东账号2】jd_fMRfXcJHjROT********
Jun 15 06:49:37 
Jun 15 06:49:50 浏览店铺 {"head":{"code":400,"msg":"今日浏览次数已达上限"}}
Jun 15 06:49:53 浏览店铺 {"head":{"code":400,"msg":"今日浏览次数已达上限"}}
Jun 15 06:49:53 浏览店铺 {"head":{"code":400,"msg":"今日浏览次数已达上限"}}
Jun 15 06:49:55 
Jun 15 06:49:55 您的东东小窝shareCode(每天都是变化的):【1404571832253456386】
Jun 15 06:49:55 
Jun 15 06:49:56 浏览店铺 {"head":{"code":400,"msg":"今日浏览次数已达上限"}}
Jun 15 06:49:56 浏览店铺 {"head":{"code":400,"msg":"今日浏览次数已达上限"}}
Jun 15 06:49:57  任务名称   完成进度 
Jun 15 06:49:57 邀请任务      0/4
Jun 15 06:49:57 每日打卡      0/1
Jun 15 06:49:57 限时连连看      0/2
Jun 15 06:49:57 关注店铺      17/10
Jun 15 06:49:57 浏览店铺      0/10
Jun 15 06:49:57 关注频道      1/3
Jun 15 06:49:57 浏览频道      0/3
Jun 15 06:49:57 加购商品      0/12
Jun 15 06:49:57 浏览商品      0/5
Jun 15 06:49:57 浏览会场      0/10
Jun 15 06:49:57 createAssistUserID:1318106976846299138
Jun 15 06:49:57 
Jun 15 06:49:57 
Jun 15 06:49:57 助力您的好友:0人
Jun 15 06:49:57 浏览店铺 {"head":{"code":400,"msg":"今日浏览次数已达上限"}}
Jun 15 06:49:57 浏览店铺 {"head":{"code":400,"msg":"今日浏览次数已达上限"}}
Jun 15 06:49:58 浏览店铺 {"head":{"code":400,"msg":"今日浏览次数已达上限"}}
Jun 15 06:49:58 浏览店铺 {"head":{"code":400,"msg":"今日浏览次数已达上限"}}
Jun 15 06:49:58 浏览店铺 {"head":{"code":400,"msg":"今日浏览次数已达上限"}}
Jun 15 06:50:02 浏览频道 {"head":{"code":400,"msg":"今日浏览次数已达上限"}}
Jun 15 06:50:02 浏览频道 {"head":{"code":400,"msg":"今日浏览次数已达上限"}}
Jun 15 06:50:02 浏览频道 {"head":{"code":400,"msg":"今日浏览次数已达上限"}}
Jun 15 06:50:03 浏览商品 {"head":{"code":400,"msg":"今日浏览次数已达上限"}}
Jun 15 06:50:03 浏览商品 {"head":{"code":400,"msg":"今日浏览次数已达上限"}}
Jun 15 06:50:05 浏览商品 {"head":{"code":400,"msg":"今日浏览次数已达上限"}}
Jun 15 06:50:06 浏览商品 {"head":{"code":400,"msg":"今日浏览次数已达上限"}}
Jun 15 06:50:06 浏览商品 {"head":{"code":400,"msg":"今日浏览次数已达上限"}}
Jun 15 06:50:09 浏览会场 {"head":{"code":400,"msg":"今日浏览次数已达上限"}}
Jun 15 06:50:10 浏览会场 {"head":{"code":400,"msg":"今日浏览次数已达上限"}}
Jun 15 06:50:11 浏览会场 {"head":{"code":400,"msg":"今日浏览次数已达上限"}}
Jun 15 06:50:12 浏览会场 {"head":{"code":400,"msg":"今日浏览次数已达上限"}}
Jun 15 06:50:13 浏览会场 {"head":{"code":400,"msg":"今日浏览次数已达上限"}}
Jun 15 06:50:14 浏览会场 {"head":{"code":400,"msg":"今日浏览次数已达上限"}}
Jun 15 06:50:15 浏览会场 {"head":{"code":400,"msg":"今日浏览次数已达上限"}}
Jun 15 06:50:15 浏览会场 {"head":{"code":400,"msg":"今日浏览次数已达上限"}}
Jun 15 06:50:17 浏览会场 {"head":{"code":400,"msg":"今日浏览次数已达上限"}}
Jun 15 06:50:17 浏览会场 {"head":{"code":400,"msg":"今日浏览次数已达上限"}}
Jun 15 06:50:20 
Jun 15 06:50:20 兑换150京豆失败:当前wo币75096不够兑换所需的1699999WO币
Jun 15 06:50:20 
Jun 15 06:50:20 ==============📣系统通知📣==============
Jun 15 06:50:20 东东小窝
Jun 15 06:50:20 【京东账号1】jd_RbuUwXHBNnJR
Jun 15 06:50:20 【小窝名】椰弱鳞伐映坟涅哺
Jun 15 06:50:20 【当前WO币】75096
Jun 15 06:50:20 【装饰领京豆】兑换150京豆失败,原因:WO币不够
Jun 15 06:50:20 
Jun 15 06:50:20 
Jun 15 06:50:20 *******开始【京东账号2】jd_fMRfXcJHjROT********
Jun 15 06:50:20 
Jun 15 06:50:24 
Jun 15 06:50:24 您的东东小窝shareCode(每天都是变化的):【1404571832253456386】
Jun 15 06:50:24 
Jun 15 06:50:25 免费抽奖机会今日已使用
Jun 15 06:50:25 
Jun 15 06:50:25  任务名称   完成进度 
Jun 15 06:50:25 邀请任务      0/4
Jun 15 06:50:25 每日打卡      1/1
Jun 15 06:50:25 限时连连看      2/2
Jun 15 06:50:25 关注店铺      17/10
Jun 15 06:50:25 浏览店铺      0/10
Jun 15 06:50:25 关注频道      1/3
Jun 15 06:50:25 浏览频道      0/3
Jun 15 06:50:25 加购商品      0/12
Jun 15 06:50:25 浏览商品      0/5
Jun 15 06:50:25 浏览会场      0/10
Jun 15 06:50:25 createAssistUserID:1318106976846299138
Jun 15 06:50:25 
Jun 15 06:50:25 
Jun 15 06:50:25 助力您的好友:0人
Jun 15 06:50:25 每日打卡已完成（1/1）
Jun 15 06:50:25 限时连连看已完成[2/2]
Jun 15 06:50:50 浏览店铺 {"head":{"code":200,"msg":"浏览成功"}}
Jun 15 06:50:50 浏览店铺 {"head":{"code":200,"msg":"浏览成功"}}
Jun 15 06:51:25 浏览店铺 {"head":{"code":200,"msg":"浏览成功"}}
Jun 15 06:51:25 浏览店铺 {"head":{"code":200,"msg":"浏览成功"}}
Jun 15 06:51:26 浏览店铺 {"head":{"code":200,"msg":"浏览成功"}}
Jun 15 06:51:27 浏览店铺 {"head":{"code":200,"msg":"浏览成功"}}
Jun 15 06:51:27 浏览店铺 {"head":{"code":200,"msg":"浏览成功"}}
Jun 15 06:51:29 浏览店铺 {"head":{"code":200,"msg":"浏览成功"}}
Jun 15 06:51:30 浏览店铺 {"head":{"code":200,"msg":"浏览成功"}}
Jun 15 06:51:37 浏览店铺 {"head":{"code":200,"msg":"浏览成功"}}
Jun 15 06:51:37 浏览店铺 {"head":{"code":400,"msg":"今日浏览次数已达上限"}}
Jun 15 06:51:38 浏览店铺 {"head":{"code":400,"msg":"今日浏览次数已达上限"}}
Jun 15 06:51:40 浏览频道 {"head":{"code":200,"msg":"浏览频道成功"}}
Jun 15 06:51:41 浏览频道 {"head":{"code":200,"msg":"浏览频道成功"}}
Jun 15 06:51:43 浏览频道 {"head":{"code":200,"msg":"浏览频道成功"}}
Jun 15 06:51:44 浏览商品 {"head":{"code":200,"msg":"浏览商品成功"}}
Jun 15 06:51:44 浏览商品 {"head":{"code":200,"msg":"浏览商品成功"}}
Jun 15 06:51:45 浏览商品 {"head":{"code":200,"msg":"浏览商品成功"}}
Jun 15 06:51:46 浏览商品 {"head":{"code":200,"msg":"浏览商品成功"}}
Jun 15 06:51:48 浏览商品 {"head":{"code":200,"msg":"浏览商品成功"}}
Jun 15 06:51:48 浏览会场 {"head":{"code":200,"msg":"浏览成功"}}
Jun 15 06:51:49 浏览会场 {"head":{"code":200,"msg":"浏览成功"}}
Jun 15 06:51:50 浏览会场 {"head":{"code":200,"msg":"浏览成功"}}
Jun 15 06:51:51 浏览会场 {"head":{"code":200,"msg":"浏览成功"}}
Jun 15 06:51:52 浏览会场 {"head":{"code":200,"msg":"浏览成功"}}
Jun 15 06:51:52 浏览会场 {"head":{"code":200,"msg":"浏览成功"}}
Jun 15 06:51:56 浏览会场 {"head":{"code":200,"msg":"浏览成功"}}
Jun 15 06:51:57 浏览会场 {"head":{"code":200,"msg":"浏览成功"}}
Jun 15 06:51:59 浏览会场 {"head":{"code":200,"msg":"浏览成功"}}
Jun 15 06:52:00 浏览会场 {"head":{"code":200,"msg":"浏览成功"}}
Jun 15 06:52:01 
Jun 15 06:52:01 兑换150京豆失败:当前wo币24224不够兑换所需的1699999WO币
Jun 15 06:52:01 
Jun 15 06:52:01 ==============📣系统通知📣==============
Jun 15 06:52:01 东东小窝
Jun 15 06:52:01 【京东账号2】jd_fMRfXcJHjROT
Jun 15 06:52:01 【免费抽奖】未中奖
Jun 15 06:52:01 【小窝名】小牛的小窝
Jun 15 06:52:01 【当前WO币】24224
Jun 15 06:52:01 【装饰领京豆】兑换150京豆失败,原因:WO币不够
Jun 15 06:52:01 
Jun 15 06:52:01 
Jun 15 06:52:01 jd_RbuUwXHBNnJR去给自己的下一账号jd_fMRfXcJHjROT助力
Jun 15 06:52:01 
Jun 15 06:52:01 自己的下一账号jd_fMRfXcJHjROT，助力码为 1404571832253456386
Jun 15 06:52:01 1404571832253456386, 1318106976846299138 pt_key=AAJgwcfhADAtMTDFjQ1Sm7qbp-n4v7GLFOplpWhPPp3m4Js0KFb_OxCoyhiDw4hXt2KcTSgwvFI; pt_pin=jd_RbuUwXHBNnJR;
Jun 15 06:52:02 
Jun 15 06:52:02 给好友1404571832253456386:【助力成功~】
Jun 15 06:52:02 
Jun 15 06:52:02 
Jun 15 06:52:02 去帮助作者:lxk0301
Jun 15 06:52:02 
Jun 15 06:56:23 "Response code 404 (Not Found)"
Jun 15 06:56:23 "Response code 404 (Not Found)"
Jun 15 06:56:23 东东小窝 API请求失败，请检查网路重试
Jun 15 06:56:24 "Response code 403 (Forbidden)"
Jun 15 06:56:24 东东小窝 API请求失败，请检查网路重试
Jun 15 06:56:24 
Jun 15 06:56:24 ❌ 东东小窝, 失败! 原因: TypeError: Cannot read property 'inviteCode' of undefined!
Jun 15 06:56:24 
Jun 15 06:56:24 
Jun 15 06:56:24 🔔东东小窝, 结束! 🕛 623.509 秒
Jun 15 06:56:24 
