Jun 14 00:00:01 
Jun 14 00:00:01 🔔家电星推官好友互助, 开始!
Jun 14 00:00:01 您的cookie选择的是用&隔开
Jun 14 00:00:01 
Jun 14 00:00:01 
Jun 14 00:00:01 ====================共有2个京东账号Cookie=========
Jun 14 00:00:01 
Jun 14 00:00:01 ==================脚本执行- 北京时间(UTC+8)：6/14/2021, 12:00:01 AM=====================
Jun 14 00:00:01 
Jun 14 00:00:01 
Jun 14 00:00:01 🔔家电星推官好友互助, 开始!
Jun 14 00:00:01 您的cookie选择的是用&隔开
Jun 14 00:00:01 
Jun 14 00:00:01 
Jun 14 00:00:01 ====================共有2个京东账号Cookie=========
Jun 14 00:00:01 
Jun 14 00:00:02 ==================脚本执行- 北京时间(UTC+8)：6/14/2021, 12:00:01 AM=====================
Jun 14 00:00:02 
Jun 14 00:00:02 
Jun 14 00:00:02 获取星推官【aks-wangyibo】下的邀请码
Jun 14 00:00:02 
Jun 14 00:00:03 账号1 jd_RbuUwXHBNnJR aks-wangyibo星推官邀请码：4355b17c-d368-4ea1-a832-9090ca3bcaf1
Jun 14 00:00:03 账号2 jd_fMRfXcJHjROT aks-wangyibo星推官邀请码：54794fbd-67a0-4683-a58b-8d08c62c8585
Jun 14 00:00:03 
Jun 14 00:00:03 获取星推官【skg-wangyibo】下的邀请码
Jun 14 00:00:03 
Jun 14 00:00:03 账号1 jd_RbuUwXHBNnJR skg-wangyibo星推官邀请码：526876a3-e6f9-4fb6-a72b-6a96cca2252f
Jun 14 00:00:03 
Jun 14 00:00:03 获取星推官【aks-wangyibo】下的邀请码
Jun 14 00:00:03 
Jun 14 00:00:03 账号1 jd_RbuUwXHBNnJR aks-wangyibo星推官邀请码：4355b17c-d368-4ea1-a832-9090ca3bcaf1
Jun 14 00:00:03 账号2 jd_fMRfXcJHjROT aks-wangyibo星推官邀请码：54794fbd-67a0-4683-a58b-8d08c62c8585
Jun 14 00:00:03 
Jun 14 00:00:03 获取星推官【skg-wangyibo】下的邀请码
Jun 14 00:00:03 
Jun 14 00:00:03 账号1 jd_RbuUwXHBNnJR skg-wangyibo星推官邀请码：526876a3-e6f9-4fb6-a72b-6a96cca2252f
Jun 14 00:00:03 账号2 jd_fMRfXcJHjROT skg-wangyibo星推官邀请码：66aeccce-0784-40ac-8385-28aa2bb98bf0
Jun 14 00:00:03 
Jun 14 00:00:03 获取星推官【jy-zhangzhehan】下的邀请码
Jun 14 00:00:03 
Jun 14 00:00:04 账号1 jd_RbuUwXHBNnJR jy-zhangzhehan星推官邀请码：838b21d1-df2a-4a7d-aa39-78acf2a6ac7c
Jun 14 00:00:04 账号2 jd_fMRfXcJHjROT jy-zhangzhehan星推官邀请码：3200af8b-e7d3-4c56-b3af-a37e727759c1
Jun 14 00:00:04 
Jun 14 00:00:04 获取星推官【qcdqks-liuyuning】下的邀请码
Jun 14 00:00:04 
Jun 14 00:00:04 账号1 jd_RbuUwXHBNnJR qcdqks-liuyuning星推官邀请码：77939a7e-8553-4429-b707-580b5278771a
Jun 14 00:00:04 账号2 jd_fMRfXcJHjROT qcdqks-liuyuning星推官邀请码：c1db3598-aff5-4dcd-99af-9df50b93f52c
Jun 14 00:00:04 
Jun 14 00:00:04 获取星推官【da-zhangyuqi】下的邀请码
Jun 14 00:00:04 
Jun 14 00:00:04 账号2 jd_fMRfXcJHjROT skg-wangyibo星推官邀请码：66aeccce-0784-40ac-8385-28aa2bb98bf0
Jun 14 00:00:04 
Jun 14 00:00:04 获取星推官【jy-zhangzhehan】下的邀请码
Jun 14 00:00:04 
Jun 14 00:00:04 账号1 jd_RbuUwXHBNnJR da-zhangyuqi星推官邀请码：13f7a7ed-23c0-410d-990e-a72f323354ea
Jun 14 00:00:04 账号2 jd_fMRfXcJHjROT da-zhangyuqi星推官邀请码：2ece65fd-3a3d-44c0-9f84-eb346d1a4e16
Jun 14 00:00:04 
Jun 14 00:00:04 获取星推官【xmz-yangmi】下的邀请码
Jun 14 00:00:04 
Jun 14 00:00:05 邀请码获取失败:
Jun 14 00:00:05 账号2 jd_fMRfXcJHjROT jy-zhangzhehan星推官邀请码：3200af8b-e7d3-4c56-b3af-a37e727759c1
Jun 14 00:00:05 
Jun 14 00:00:05 获取星推官【qcdqks-liuyuning】下的邀请码
Jun 14 00:00:05 
Jun 14 00:00:05 邀请码获取失败:
Jun 14 00:00:05 账号2 jd_fMRfXcJHjROT qcdqks-liuyuning星推官邀请码：c1db3598-aff5-4dcd-99af-9df50b93f52c
Jun 14 00:00:05 
Jun 14 00:00:05 获取星推官【da-zhangyuqi】下的邀请码
Jun 14 00:00:05 
Jun 14 00:00:05 邀请码获取失败:
Jun 14 00:00:05 账号2 jd_fMRfXcJHjROT da-zhangyuqi星推官邀请码：2ece65fd-3a3d-44c0-9f84-eb346d1a4e16
Jun 14 00:00:05 
Jun 14 00:00:05 获取星推官【xmz-yangmi】下的邀请码
Jun 14 00:00:05 
Jun 14 00:00:05 邀请码获取失败:
Jun 14 00:00:05 账号2 jd_fMRfXcJHjROT xmz-yangmi星推官邀请码：c6709025-1d28-4aea-8359-15937cbd8870
Jun 14 00:00:05 
Jun 14 00:00:05 获取星推官【ykd-liutao】下的邀请码
Jun 14 00:00:05 
Jun 14 00:00:05 邀请码获取失败:
Jun 14 00:00:05 账号2 jd_fMRfXcJHjROT ykd-liutao星推官邀请码：717611db-d384-4852-81a8-7846fce11922
Jun 14 00:00:05 
Jun 14 00:00:05 获取星推官【cv-tansongyun】下的邀请码
Jun 14 00:00:05 
Jun 14 00:00:05 账号1 jd_RbuUwXHBNnJR xmz-yangmi星推官邀请码：fd22a4b9-2f9c-4d2f-a509-c755d983d088
Jun 14 00:00:05 账号2 jd_fMRfXcJHjROT xmz-yangmi星推官邀请码：c6709025-1d28-4aea-8359-15937cbd8870
Jun 14 00:00:05 
Jun 14 00:00:05 获取星推官【ykd-liutao】下的邀请码
Jun 14 00:00:05 
Jun 14 00:00:05 邀请码获取失败:
Jun 14 00:00:05 账号2 jd_fMRfXcJHjROT ykd-liutao星推官邀请码：717611db-d384-4852-81a8-7846fce11922
Jun 14 00:00:05 
Jun 14 00:00:05 获取星推官【cv-tansongyun】下的邀请码
Jun 14 00:00:05 
Jun 14 00:00:05 邀请码获取失败:
Jun 14 00:00:06 账号2 jd_fMRfXcJHjROT cv-tansongyun星推官邀请码：2266d16b-4f7f-4795-8f8b-4cd2af35d004
Jun 14 00:00:06 
Jun 14 00:00:06 获取星推官【md-jingtian】下的邀请码
Jun 14 00:00:06 
Jun 14 00:00:06 邀请码获取失败:
Jun 14 00:00:06 邀请码获取失败:
Jun 14 00:00:06 
Jun 14 00:00:06 获取星推官【bl-gongjun】下的邀请码
Jun 14 00:00:06 
Jun 14 00:00:06 邀请码获取失败:
Jun 14 00:00:06 邀请码获取失败:
Jun 14 00:00:06 
Jun 14 00:00:06 获取星推官【olb-zhouxun】下的邀请码
Jun 14 00:00:06 
Jun 14 00:00:06 账号1 jd_RbuUwXHBNnJR cv-tansongyun星推官邀请码：12a0572d-9d71-4c67-b020-f11d05c21df8
Jun 14 00:00:06 账号2 jd_fMRfXcJHjROT cv-tansongyun星推官邀请码：2266d16b-4f7f-4795-8f8b-4cd2af35d004
Jun 14 00:00:06 
Jun 14 00:00:06 获取星推官【md-jingtian】下的邀请码
Jun 14 00:00:06 
Jun 14 00:00:06 邀请码获取失败:
Jun 14 00:00:06 账号2 jd_fMRfXcJHjROT md-jingtian星推官邀请码：348e9d49-e655-47fd-815f-a5c95d2941e0
Jun 14 00:00:06 
Jun 14 00:00:06 获取星推官【bl-gongjun】下的邀请码
Jun 14 00:00:06 
Jun 14 00:00:06 邀请码获取失败:
Jun 14 00:00:06 账号1 jd_RbuUwXHBNnJR olb-zhouxun星推官邀请码：824f9a2e-5d14-4a4e-96cf-2d19b828b34b
Jun 14 00:00:06 邀请码获取失败:
Jun 14 00:00:06 
Jun 14 00:00:06 获取星推官【ym-gongjun】下的邀请码
Jun 14 00:00:06 
Jun 14 00:00:06 账号2 jd_fMRfXcJHjROT bl-gongjun星推官邀请码：c9cec47b-d897-499d-ba32-1c04db407bd9
Jun 14 00:00:06 
Jun 14 00:00:06 获取星推官【olb-zhouxun】下的邀请码
Jun 14 00:00:06 
Jun 14 00:00:06 邀请码获取失败:
Jun 14 00:00:06 邀请码获取失败:
Jun 14 00:00:06 
Jun 14 00:00:06 获取星推官【ym-gongjun】下的邀请码
Jun 14 00:00:06 
Jun 14 00:00:06 邀请码获取失败:
Jun 14 00:00:06 账号2 jd_fMRfXcJHjROT ym-gongjun星推官邀请码：63ca006d-5efd-4ec5-89bd-91001f5a8871
Jun 14 00:00:06 
Jun 14 00:00:06 获取星推官【mf-wangjunkai】下的邀请码
Jun 14 00:00:06 
Jun 14 00:00:06 邀请码获取失败:
Jun 14 00:00:06 账号1 jd_RbuUwXHBNnJR ym-gongjun星推官邀请码：d522e198-4a0f-4ef7-9dca-0239485a8959
Jun 14 00:00:06 邀请码获取失败:
Jun 14 00:00:06 
Jun 14 00:00:06 获取星推官【mf-wangjunkai】下的邀请码
Jun 14 00:00:06 
Jun 14 00:00:07 账号2 jd_fMRfXcJHjROT mf-wangjunkai星推官邀请码：0a28a0c0-684f-4f17-a1d1-326fe7613ef9
Jun 14 00:00:07 
Jun 14 00:00:07 获取星推官【dl-qiwei】下的邀请码
Jun 14 00:00:07 
Jun 14 00:00:07 邀请码获取失败:
Jun 14 00:00:07 账号1 jd_RbuUwXHBNnJR mf-wangjunkai星推官邀请码：9ea0bd48-c25b-4e9f-aacf-0c83c044fef3
Jun 14 00:00:07 邀请码获取失败:
Jun 14 00:00:07 
Jun 14 00:00:07 获取星推官【dl-qiwei】下的邀请码
Jun 14 00:00:07 
Jun 14 00:00:07 邀请码获取失败:
Jun 14 00:00:07 邀请码获取失败:
Jun 14 00:00:07 
Jun 14 00:00:07 获取星推官【lg-zhangxiaofei】下的邀请码
Jun 14 00:00:07 
Jun 14 00:00:07 账号2 jd_fMRfXcJHjROT dl-qiwei星推官邀请码：81b88b9e-9cf7-4df4-b9c9-9b2e7137cb70
Jun 14 00:00:07 
Jun 14 00:00:07 获取星推官【lg-zhangxiaofei】下的邀请码
Jun 14 00:00:07 
Jun 14 00:00:07 邀请码获取失败:
Jun 14 00:00:07 账号2 jd_fMRfXcJHjROT lg-zhangxiaofei星推官邀请码：e7bcda06-3611-419d-bf9a-8f72b6eb6a74
Jun 14 00:00:07 
Jun 14 00:00:07 获取星推官【hekt-chenxuedong】下的邀请码
Jun 14 00:00:07 
Jun 14 00:00:07 邀请码获取失败:
Jun 14 00:00:07 账号2 jd_fMRfXcJHjROT hekt-chenxuedong星推官邀请码：e623fd4b-0ccb-47b4-bc50-c9905124049a
Jun 14 00:00:07 
Jun 14 00:00:07 获取星推官【flp-yuanquan】下的邀请码
Jun 14 00:00:07 
Jun 14 00:00:07 邀请码获取失败:
Jun 14 00:00:08 账号2 jd_fMRfXcJHjROT flp-yuanquan星推官邀请码：a9cd9661-eef2-4261-8604-2f3adfce26d2
Jun 14 00:00:08 
Jun 14 00:00:08 获取星推官【flp-songqian】下的邀请码
Jun 14 00:00:08 
Jun 14 00:00:09 邀请码获取失败:
Jun 14 00:00:10 账号2 jd_fMRfXcJHjROT lg-zhangxiaofei星推官邀请码：e7bcda06-3611-419d-bf9a-8f72b6eb6a74
Jun 14 00:00:10 
Jun 14 00:00:10 获取星推官【hekt-chenxuedong】下的邀请码
Jun 14 00:00:10 
Jun 14 00:00:10 账号1 jd_RbuUwXHBNnJR hekt-chenxuedong星推官邀请码：1c18c5ba-4c69-4cd8-bb1a-04ee4cde7dfa
Jun 14 00:00:11 账号2 jd_fMRfXcJHjROT hekt-chenxuedong星推官邀请码：e623fd4b-0ccb-47b4-bc50-c9905124049a
Jun 14 00:00:11 
Jun 14 00:00:11 获取星推官【flp-yuanquan】下的邀请码
Jun 14 00:00:11 
Jun 14 00:00:12 邀请码获取失败:
Jun 14 00:00:12 邀请码获取失败:
Jun 14 00:00:12 
Jun 14 00:00:12 获取星推官【lbdq-songweilong】下的邀请码
Jun 14 00:00:12 
Jun 14 00:00:12 邀请码获取失败:
Jun 14 00:00:12 账号2 jd_fMRfXcJHjROT lbdq-songweilong星推官邀请码：849cfc15-0174-4bc8-bca8-031709a5c526
Jun 14 00:00:12 
Jun 14 00:00:12 获取星推官【flp-lixian】下的邀请码
Jun 14 00:00:12 
Jun 14 00:00:12 账号1 jd_RbuUwXHBNnJR flp-yuanquan星推官邀请码：b44370c1-62ae-44cb-b83f-8b401c874f09
Jun 14 00:00:12 账号2 jd_fMRfXcJHjROT flp-yuanquan星推官邀请码：a9cd9661-eef2-4261-8604-2f3adfce26d2
Jun 14 00:00:12 
Jun 14 00:00:12 获取星推官【flp-songqian】下的邀请码
Jun 14 00:00:12 
Jun 14 00:00:12 邀请码获取失败:
Jun 14 00:00:12 账号2 jd_fMRfXcJHjROT flp-songqian星推官邀请码：4233fce0-4259-4b07-85a5-2b2220fb19cb
Jun 14 00:00:12 
Jun 14 00:00:12 获取星推官【lbdq-songweilong】下的邀请码
Jun 14 00:00:12 
Jun 14 00:00:12 邀请码获取失败:
Jun 14 00:00:12 账号2 jd_fMRfXcJHjROT lbdq-songweilong星推官邀请码：849cfc15-0174-4bc8-bca8-031709a5c526
Jun 14 00:00:12 
Jun 14 00:00:12 获取星推官【flp-lixian】下的邀请码
Jun 14 00:00:12 
Jun 14 00:00:12 邀请码获取失败:
Jun 14 00:00:12 邀请码获取失败:
Jun 14 00:00:12 
Jun 14 00:00:12 获取星推官【chml-songyi】下的邀请码
Jun 14 00:00:12 
Jun 14 00:00:12 邀请码获取失败:
Jun 14 00:00:13 账号1 jd_RbuUwXHBNnJR flp-lixian星推官邀请码：aa3bb2e7-6da7-43c9-a97c-d1652e3728cc
Jun 14 00:00:13 账号2 jd_fMRfXcJHjROT chml-songyi星推官邀请码：55a20d0e-6d29-4a69-b157-73480393f8ed
Jun 14 00:00:13 
Jun 14 00:00:13 获取星推官【he-shenyue】下的邀请码
Jun 14 00:00:13 
Jun 14 00:00:13 账号1 jd_RbuUwXHBNnJR he-shenyue星推官邀请码：6b72bb4f-644c-42e9-9181-85bffcbc71c2
Jun 14 00:00:13 邀请码获取失败:
Jun 14 00:00:13 开始自己账号内部互助
Jun 14 00:00:13 
Jun 14 00:00:13 
Jun 14 00:00:13 账号1 jd_RbuUwXHBNnJR 去助力账号 jd_fMRfXcJHjROT的第1个星推官活动【aks-wangyibo】，邀请码 【54794fbd-67a0-4683-a58b-8d08c62c8585】
Jun 14 00:00:14 助力成功
Jun 14 00:00:14 助力结果:{"code":200,"msg":"成功","data":{"jingBean":0,"integral":50,"status":6}}
Jun 14 00:00:14 
Jun 14 00:00:14 账号1 jd_RbuUwXHBNnJR 去助力账号 jd_fMRfXcJHjROT的第2个星推官活动【skg-wangyibo】，邀请码 【66aeccce-0784-40ac-8385-28aa2bb98bf0】
Jun 14 00:00:14 助力结果:{"code":1020,"data":{},"msg":"内部服务错误用户助力失败."}
Jun 14 00:00:14 
Jun 14 00:00:14 账号1 jd_RbuUwXHBNnJR 去助力账号 jd_fMRfXcJHjROT的第3个星推官活动【jy-zhangzhehan】，邀请码 【3200af8b-e7d3-4c56-b3af-a37e727759c1】
Jun 14 00:00:14 账号2 jd_fMRfXcJHjROT flp-lixian星推官邀请码：32d5f1fe-a7b6-4835-a9cc-21deef4229b0
Jun 14 00:00:14 
Jun 14 00:00:14 获取星推官【chml-songyi】下的邀请码
Jun 14 00:00:14 
Jun 14 00:00:14 助力结果:{"code":500,"data":{},"msg":"哎呀呀，活动太火爆了"}
Jun 14 00:00:14 
Jun 14 00:00:14 账号1 jd_RbuUwXHBNnJR 去助力账号 jd_fMRfXcJHjROT的第4个星推官活动【qcdqks-liuyuning】，邀请码 【c1db3598-aff5-4dcd-99af-9df50b93f52c】
Jun 14 00:00:14 助力成功
Jun 14 00:00:14 助力结果:{"code":200,"msg":"成功","data":{"jingBean":1,"integral":50,"status":6}}
Jun 14 00:00:14 
Jun 14 00:00:14 账号1 jd_RbuUwXHBNnJR 去助力账号 jd_fMRfXcJHjROT的第5个星推官活动【da-zhangyuqi】，邀请码 【2ece65fd-3a3d-44c0-9f84-eb346d1a4e16】
Jun 14 00:00:15 助力结果:{"code":500,"data":{},"msg":"哎呀呀，活动太火爆了"}
Jun 14 00:00:15 
Jun 14 00:00:15 账号1 jd_RbuUwXHBNnJR 去助力账号 jd_fMRfXcJHjROT的第6个星推官活动【xmz-yangmi】，邀请码 【c6709025-1d28-4aea-8359-15937cbd8870】
Jun 14 00:00:15 助力结果:{"code":500,"data":{},"msg":"哎呀呀，活动太火爆了"}
Jun 14 00:00:15 
Jun 14 00:00:15 账号1 jd_RbuUwXHBNnJR 去助力账号 jd_fMRfXcJHjROT的第7个星推官活动【ykd-liutao】，邀请码 【717611db-d384-4852-81a8-7846fce11922】
Jun 14 00:00:15 账号1 jd_RbuUwXHBNnJR chml-songyi星推官邀请码：ac645277-1e1d-4929-a431-33a1fcd0656c
Jun 14 00:00:15 账号2 jd_fMRfXcJHjROT chml-songyi星推官邀请码：55a20d0e-6d29-4a69-b157-73480393f8ed
Jun 14 00:00:15 
Jun 14 00:00:15 获取星推官【he-shenyue】下的邀请码
Jun 14 00:00:15 
Jun 14 00:00:15 账号1 jd_RbuUwXHBNnJR he-shenyue星推官邀请码：6b72bb4f-644c-42e9-9181-85bffcbc71c2
Jun 14 00:00:15 账号2 jd_fMRfXcJHjROT he-shenyue星推官邀请码：06263a75-74df-4f31-85b5-0d842d0768f2
Jun 14 00:00:15 开始自己账号内部互助
Jun 14 00:00:15 
Jun 14 00:00:15 
Jun 14 00:00:15 账号1 jd_RbuUwXHBNnJR 去助力账号 jd_fMRfXcJHjROT的第1个星推官活动【aks-wangyibo】，邀请码 【54794fbd-67a0-4683-a58b-8d08c62c8585】
Jun 14 00:00:15 助力结果:{"code":201,"data":{},"msg":"重复操作"}
Jun 14 00:00:15 
Jun 14 00:00:15 账号1 jd_RbuUwXHBNnJR 去助力账号 jd_fMRfXcJHjROT的第2个星推官活动【skg-wangyibo】，邀请码 【66aeccce-0784-40ac-8385-28aa2bb98bf0】
Jun 14 00:00:15 助力结果:{"code":201,"data":{},"msg":"重复操作"}
Jun 14 00:00:15 
Jun 14 00:00:15 账号1 jd_RbuUwXHBNnJR 去助力账号 jd_fMRfXcJHjROT的第3个星推官活动【jy-zhangzhehan】，邀请码 【3200af8b-e7d3-4c56-b3af-a37e727759c1】
Jun 14 00:00:15 助力结果:{"code":201,"data":{},"msg":"重复操作"}
Jun 14 00:00:15 
Jun 14 00:00:15 账号1 jd_RbuUwXHBNnJR 去助力账号 jd_fMRfXcJHjROT的第4个星推官活动【qcdqks-liuyuning】，邀请码 【c1db3598-aff5-4dcd-99af-9df50b93f52c】
Jun 14 00:00:16 助力结果:{"code":201,"data":{},"msg":"重复操作"}
Jun 14 00:00:16 
Jun 14 00:00:16 账号1 jd_RbuUwXHBNnJR 去助力账号 jd_fMRfXcJHjROT的第5个星推官活动【da-zhangyuqi】，邀请码 【2ece65fd-3a3d-44c0-9f84-eb346d1a4e16】
Jun 14 00:00:16 助力结果:{"code":201,"data":{},"msg":"重复操作"}
Jun 14 00:00:16 
Jun 14 00:00:16 账号1 jd_RbuUwXHBNnJR 去助力账号 jd_fMRfXcJHjROT的第6个星推官活动【xmz-yangmi】，邀请码 【c6709025-1d28-4aea-8359-15937cbd8870】
Jun 14 00:00:16 助力成功
Jun 14 00:00:16 助力结果:{"code":200,"msg":"成功","data":{"jingBean":1,"integral":50,"status":6}}
Jun 14 00:00:16 
Jun 14 00:00:16 账号1 jd_RbuUwXHBNnJR 去助力账号 jd_fMRfXcJHjROT的第8个星推官活动【cv-tansongyun】，邀请码 【2266d16b-4f7f-4795-8f8b-4cd2af35d004】
Jun 14 00:00:16 助力结果:{"code":201,"data":{},"msg":"重复操作"}
Jun 14 00:00:16 
Jun 14 00:00:16 账号1 jd_RbuUwXHBNnJR 去助力账号 jd_fMRfXcJHjROT的第15个星推官活动【lg-zhangxiaofei】，邀请码 【e7bcda06-3611-419d-bf9a-8f72b6eb6a74】
Jun 14 00:00:16 助力结果:{"code":201,"data":{},"msg":"重复操作"}
Jun 14 00:00:16 
Jun 14 00:00:16 账号1 jd_RbuUwXHBNnJR 去助力账号 jd_fMRfXcJHjROT的第16个星推官活动【hekt-chenxuedong】，邀请码 【e623fd4b-0ccb-47b4-bc50-c9905124049a】
Jun 14 00:00:16 助力结果:{"code":500,"data":{},"msg":"哎呀呀，活动太火爆了"}
Jun 14 00:00:16 
Jun 14 00:00:16 账号1 jd_RbuUwXHBNnJR 去助力账号 jd_fMRfXcJHjROT的第7个星推官活动【ykd-liutao】，邀请码 【717611db-d384-4852-81a8-7846fce11922】
Jun 14 00:00:16 助力结果:{"code":201,"data":{},"msg":"重复操作"}
Jun 14 00:00:16 
Jun 14 00:00:16 账号1 jd_RbuUwXHBNnJR 去助力账号 jd_fMRfXcJHjROT的第8个星推官活动【cv-tansongyun】，邀请码 【2266d16b-4f7f-4795-8f8b-4cd2af35d004】
Jun 14 00:00:16 助力结果:{"code":201,"data":{},"msg":"重复操作"}
Jun 14 00:00:16 
Jun 14 00:00:16 账号1 jd_RbuUwXHBNnJR 去助力账号 jd_fMRfXcJHjROT的第9个星推官活动【md-jingtian】，邀请码 【348e9d49-e655-47fd-815f-a5c95d2941e0】
Jun 14 00:00:16 助力结果:{"code":201,"data":{},"msg":"重复操作"}
Jun 14 00:00:16 
Jun 14 00:00:16 账号1 jd_RbuUwXHBNnJR 去助力账号 jd_fMRfXcJHjROT的第10个星推官活动【bl-gongjun】，邀请码 【c9cec47b-d897-499d-ba32-1c04db407bd9】
Jun 14 00:00:16 助力结果:{"code":201,"data":{},"msg":"重复操作"}
Jun 14 00:00:16 
Jun 14 00:00:16 账号1 jd_RbuUwXHBNnJR 去助力账号 jd_fMRfXcJHjROT的第12个星推官活动【ym-gongjun】，邀请码 【63ca006d-5efd-4ec5-89bd-91001f5a8871】
Jun 14 00:00:16 助力结果:{"code":201,"data":{},"msg":"重复操作"}
Jun 14 00:00:16 
Jun 14 00:00:16 账号1 jd_RbuUwXHBNnJR 去助力账号 jd_fMRfXcJHjROT的第13个星推官活动【mf-wangjunkai】，邀请码 【0a28a0c0-684f-4f17-a1d1-326fe7613ef9】
Jun 14 00:00:16 助力结果:{"code":201,"data":{},"msg":"重复操作"}
Jun 14 00:00:16 
Jun 14 00:00:16 账号1 jd_RbuUwXHBNnJR 去助力账号 jd_fMRfXcJHjROT的第14个星推官活动【dl-qiwei】，邀请码 【81b88b9e-9cf7-4df4-b9c9-9b2e7137cb70】
Jun 14 00:00:17 助力结果:{"code":500,"data":{},"msg":"哎呀呀，活动太火爆了"}
Jun 14 00:00:17 
Jun 14 00:00:17 账号1 jd_RbuUwXHBNnJR 去助力账号 jd_fMRfXcJHjROT的第17个星推官活动【flp-yuanquan】，邀请码 【a9cd9661-eef2-4261-8604-2f3adfce26d2】
Jun 14 00:00:17 助力结果:{"code":1020,"data":{},"msg":"内部服务错误用户助力失败."}
Jun 14 00:00:17 
Jun 14 00:00:17 账号1 jd_RbuUwXHBNnJR 去助力账号 jd_fMRfXcJHjROT的第18个星推官活动【flp-songqian】，邀请码 【4233fce0-4259-4b07-85a5-2b2220fb19cb】
Jun 14 00:00:18 助力结果:{"code":201,"data":{},"msg":"重复操作"}
Jun 14 00:00:18 
Jun 14 00:00:18 账号1 jd_RbuUwXHBNnJR 去助力账号 jd_fMRfXcJHjROT的第15个星推官活动【lg-zhangxiaofei】，邀请码 【e7bcda06-3611-419d-bf9a-8f72b6eb6a74】
Jun 14 00:00:18 助力结果:{"code":201,"data":{},"msg":"重复操作"}
Jun 14 00:00:18 
Jun 14 00:00:18 账号1 jd_RbuUwXHBNnJR 去助力账号 jd_fMRfXcJHjROT的第16个星推官活动【hekt-chenxuedong】，邀请码 【e623fd4b-0ccb-47b4-bc50-c9905124049a】
Jun 14 00:00:18 助力结果:{"code":201,"data":{},"msg":"重复操作"}
Jun 14 00:00:18 
Jun 14 00:00:18 账号1 jd_RbuUwXHBNnJR 去助力账号 jd_fMRfXcJHjROT的第17个星推官活动【flp-yuanquan】，邀请码 【a9cd9661-eef2-4261-8604-2f3adfce26d2】
Jun 14 00:00:18 助力结果:{"code":201,"data":{},"msg":"重复操作"}
Jun 14 00:00:18 
Jun 14 00:00:18 账号1 jd_RbuUwXHBNnJR 去助力账号 jd_fMRfXcJHjROT的第19个星推官活动【lbdq-songweilong】，邀请码 【849cfc15-0174-4bc8-bca8-031709a5c526】
Jun 14 00:00:18 助力结果:{"code":201,"data":{},"msg":"重复操作"}
Jun 14 00:00:18 
Jun 14 00:00:18 账号1 jd_RbuUwXHBNnJR 去助力账号 jd_fMRfXcJHjROT的第20个星推官活动【flp-lixian】，邀请码 【32d5f1fe-a7b6-4835-a9cc-21deef4229b0】
Jun 14 00:00:18 助力结果:{"code":201,"data":{},"msg":"重复操作"}
Jun 14 00:00:18 
Jun 14 00:00:18 账号1 jd_RbuUwXHBNnJR 去助力账号 jd_fMRfXcJHjROT的第21个星推官活动【chml-songyi】，邀请码 【55a20d0e-6d29-4a69-b157-73480393f8ed】
Jun 14 00:00:18 助力结果:{"code":201,"data":{},"msg":"重复操作"}
Jun 14 00:00:18 
Jun 14 00:00:18 账号1 jd_RbuUwXHBNnJR 去助力账号 jd_fMRfXcJHjROT的第22个星推官活动【he-shenyue】，邀请码 【06263a75-74df-4f31-85b5-0d842d0768f2】
Jun 14 00:00:18 助力成功
Jun 14 00:00:18 助力结果:{"code":200,"msg":"成功","data":{"jingBean":1,"integral":50,"status":6}}
Jun 14 00:00:18 
Jun 14 00:00:18 账号1 jd_RbuUwXHBNnJR 去助力账号 jd_fMRfXcJHjROT的第19个星推官活动【lbdq-songweilong】，邀请码 【849cfc15-0174-4bc8-bca8-031709a5c526】
Jun 14 00:00:18 助力结果:{"code":201,"data":{},"msg":"重复操作"}
Jun 14 00:00:18 
Jun 14 00:00:18 账号1 jd_RbuUwXHBNnJR 去助力账号 jd_fMRfXcJHjROT的第21个星推官活动【chml-songyi】，邀请码 【55a20d0e-6d29-4a69-b157-73480393f8ed】
Jun 14 00:00:18 助力结果:{"code":201,"data":{},"msg":"重复操作"}
Jun 14 00:00:18 
Jun 14 00:00:18 账号2 jd_fMRfXcJHjROT 去助力账号 jd_RbuUwXHBNnJR的第1个星推官活动【aks-wangyibo】，邀请码 【4355b17c-d368-4ea1-a832-9090ca3bcaf1】
Jun 14 00:00:18 助力结果:{"code":1020,"data":{},"msg":"内部服务错误用户助力失败."}
Jun 14 00:00:18 
Jun 14 00:00:18 账号2 jd_fMRfXcJHjROT 去助力账号 jd_RbuUwXHBNnJR的第2个星推官活动【skg-wangyibo】，邀请码 【526876a3-e6f9-4fb6-a72b-6a96cca2252f】
Jun 14 00:00:18 助力成功
Jun 14 00:00:18 助力结果:{"code":200,"msg":"成功","data":{"jingBean":1,"integral":50,"status":6}}
Jun 14 00:00:18 
Jun 14 00:00:18 账号2 jd_fMRfXcJHjROT 去助力账号 jd_RbuUwXHBNnJR的第1个星推官活动【aks-wangyibo】，邀请码 【4355b17c-d368-4ea1-a832-9090ca3bcaf1】
Jun 14 00:00:18 助力结果:{"code":201,"data":{},"msg":"重复操作"}
Jun 14 00:00:18 
Jun 14 00:00:18 账号2 jd_fMRfXcJHjROT 去助力账号 jd_RbuUwXHBNnJR的第2个星推官活动【skg-wangyibo】，邀请码 【526876a3-e6f9-4fb6-a72b-6a96cca2252f】
Jun 14 00:00:18 助力结果:{"code":201,"data":{},"msg":"重复操作"}
Jun 14 00:00:18 
Jun 14 00:00:18 账号2 jd_fMRfXcJHjROT 去助力账号 jd_RbuUwXHBNnJR的第8个星推官活动【cv-tansongyun】，邀请码 【12a0572d-9d71-4c67-b020-f11d05c21df8】
Jun 14 00:00:18 助力结果:{"code":201,"data":{},"msg":"重复操作"}
Jun 14 00:00:18 
Jun 14 00:00:18 账号2 jd_fMRfXcJHjROT 去助力账号 jd_RbuUwXHBNnJR的第20个星推官活动【flp-lixian】，邀请码 【aa3bb2e7-6da7-43c9-a97c-d1652e3728cc】
Jun 14 00:00:18 助力结果:{"code":201,"data":{},"msg":"重复操作"}
Jun 14 00:00:18 
Jun 14 00:00:18 账号2 jd_fMRfXcJHjROT 去助力账号 jd_RbuUwXHBNnJR的第21个星推官活动【chml-songyi】，邀请码 【ac645277-1e1d-4929-a431-33a1fcd0656c】
Jun 14 00:00:18 助力结果:{"code":201,"data":{},"msg":"重复操作"}
Jun 14 00:00:18 
Jun 14 00:00:18 账号2 jd_fMRfXcJHjROT 去助力账号 jd_RbuUwXHBNnJR的第22个星推官活动【he-shenyue】，邀请码 【6b72bb4f-644c-42e9-9181-85bffcbc71c2】
Jun 14 00:00:18 助力结果:{"code":201,"data":{},"msg":"重复操作"}
Jun 14 00:00:18 
Jun 14 00:00:18 
Jun 14 00:00:18 🔔家电星推官好友互助, 结束! 🕛 17.936 秒
Jun 14 00:00:18 
Jun 14 00:00:18 助力成功
Jun 14 00:00:18 助力结果:{"code":200,"msg":"成功","data":{"jingBean":1,"integral":50,"status":6}}
Jun 14 00:00:18 
Jun 14 00:00:18 账号2 jd_fMRfXcJHjROT 去助力账号 jd_RbuUwXHBNnJR的第3个星推官活动【jy-zhangzhehan】，邀请码 【838b21d1-df2a-4a7d-aa39-78acf2a6ac7c】
Jun 14 00:00:19 助力结果:{"code":500,"data":{},"msg":"哎呀呀，活动太火爆了"}
Jun 14 00:00:19 
Jun 14 00:00:19 账号2 jd_fMRfXcJHjROT 去助力账号 jd_RbuUwXHBNnJR的第4个星推官活动【qcdqks-liuyuning】，邀请码 【77939a7e-8553-4429-b707-580b5278771a】
Jun 14 00:00:19 助力成功
Jun 14 00:00:19 助力结果:{"code":200,"msg":"成功","data":{"jingBean":1,"integral":50,"status":6}}
Jun 14 00:00:19 
Jun 14 00:00:19 账号2 jd_fMRfXcJHjROT 去助力账号 jd_RbuUwXHBNnJR的第5个星推官活动【da-zhangyuqi】，邀请码 【13f7a7ed-23c0-410d-990e-a72f323354ea】
Jun 14 00:00:19 助力成功
Jun 14 00:00:19 助力结果:{"code":200,"msg":"成功","data":{"jingBean":1,"integral":50,"status":6}}
Jun 14 00:00:19 
Jun 14 00:00:19 账号2 jd_fMRfXcJHjROT 去助力账号 jd_RbuUwXHBNnJR的第6个星推官活动【xmz-yangmi】，邀请码 【fd22a4b9-2f9c-4d2f-a509-c755d983d088】
Jun 14 00:00:20 助力结果:{"code":500,"data":{},"msg":"哎呀呀，活动太火爆了"}
Jun 14 00:00:20 
Jun 14 00:00:20 账号2 jd_fMRfXcJHjROT 去助力账号 jd_RbuUwXHBNnJR的第11个星推官活动【olb-zhouxun】，邀请码 【824f9a2e-5d14-4a4e-96cf-2d19b828b34b】
Jun 14 00:00:21 助力成功
Jun 14 00:00:21 助力结果:{"code":200,"msg":"成功","data":{"jingBean":1,"integral":50,"status":6}}
Jun 14 00:00:21 
Jun 14 00:00:21 账号2 jd_fMRfXcJHjROT 去助力账号 jd_RbuUwXHBNnJR的第12个星推官活动【ym-gongjun】，邀请码 【d522e198-4a0f-4ef7-9dca-0239485a8959】
Jun 14 00:00:22 助力结果:{"code":500,"data":{},"msg":"哎呀呀，活动太火爆了"}
Jun 14 00:00:22 
Jun 14 00:00:22 账号2 jd_fMRfXcJHjROT 去助力账号 jd_RbuUwXHBNnJR的第13个星推官活动【mf-wangjunkai】，邀请码 【9ea0bd48-c25b-4e9f-aacf-0c83c044fef3】
Jun 14 00:00:22 助力结果:{"code":1020,"data":{},"msg":"内部服务错误用户助力失败."}
Jun 14 00:00:22 
Jun 14 00:00:22 账号2 jd_fMRfXcJHjROT 去助力账号 jd_RbuUwXHBNnJR的第16个星推官活动【hekt-chenxuedong】，邀请码 【1c18c5ba-4c69-4cd8-bb1a-04ee4cde7dfa】
Jun 14 00:00:22 助力结果:{"code":500,"data":{},"msg":"哎呀呀，活动太火爆了"}
Jun 14 00:00:22 
Jun 14 00:00:22 账号2 jd_fMRfXcJHjROT 去助力账号 jd_RbuUwXHBNnJR的第17个星推官活动【flp-yuanquan】，邀请码 【b44370c1-62ae-44cb-b83f-8b401c874f09】
Jun 14 00:00:22 助力结果:{"code":500,"data":{},"msg":"哎呀呀，活动太火爆了"}
Jun 14 00:00:22 
Jun 14 00:00:22 账号2 jd_fMRfXcJHjROT 去助力账号 jd_RbuUwXHBNnJR的第22个星推官活动【he-shenyue】，邀请码 【6b72bb4f-644c-42e9-9181-85bffcbc71c2】
Jun 14 00:00:24 助力成功
Jun 14 00:00:24 助力结果:{"code":200,"msg":"成功","data":{"jingBean":1,"integral":50,"status":6}}
Jun 14 00:00:24 
Jun 14 00:00:24 
Jun 14 00:00:24 🔔家电星推官好友互助, 结束! 🕛 22.838 秒
Jun 14 00:00:24 
Jun 15 00:00:01 
Jun 15 00:00:01 🔔家电星推官好友互助, 开始!
Jun 15 00:00:01 您的cookie选择的是用&隔开
Jun 15 00:00:01 
Jun 15 00:00:01 
Jun 15 00:00:01 ====================共有2个京东账号Cookie=========
Jun 15 00:00:01 
Jun 15 00:00:01 ==================脚本执行- 北京时间(UTC+8)：6/15/2021, 12:00:01 AM=====================
Jun 15 00:00:01 
Jun 15 00:00:02 
Jun 15 00:00:02 🔔家电星推官好友互助, 开始!
Jun 15 00:00:02 您的cookie选择的是用&隔开
Jun 15 00:00:02 
Jun 15 00:00:02 
Jun 15 00:00:02 ====================共有2个京东账号Cookie=========
Jun 15 00:00:02 
Jun 15 00:00:02 ==================脚本执行- 北京时间(UTC+8)：6/15/2021, 12:00:02 AM=====================
Jun 15 00:00:02 
Jun 15 00:00:03 
Jun 15 00:00:03 获取星推官【aks-wangyibo】下的邀请码
Jun 15 00:00:03 
Jun 15 00:00:03 账号1 jd_RbuUwXHBNnJR aks-wangyibo星推官邀请码：a5735235-c7f8-419b-913a-df0ba02e0555
Jun 15 00:00:03 
Jun 15 00:00:03 获取星推官【aks-wangyibo】下的邀请码
Jun 15 00:00:03 
Jun 15 00:00:03 账号2 jd_fMRfXcJHjROT aks-wangyibo星推官邀请码：752049ad-f113-4a4b-9df4-b9b12162148e
Jun 15 00:00:03 
Jun 15 00:00:03 获取星推官【skg-wangyibo】下的邀请码
Jun 15 00:00:03 
Jun 15 00:00:03 账号1 jd_RbuUwXHBNnJR aks-wangyibo星推官邀请码：a5735235-c7f8-419b-913a-df0ba02e0555
Jun 15 00:00:03 账号1 jd_RbuUwXHBNnJR skg-wangyibo星推官邀请码：5f59a5a1-3b0b-4ab6-9ea3-9322ec44f9da
Jun 15 00:00:03 账号2 jd_fMRfXcJHjROT aks-wangyibo星推官邀请码：752049ad-f113-4a4b-9df4-b9b12162148e
Jun 15 00:00:03 
Jun 15 00:00:03 获取星推官【skg-wangyibo】下的邀请码
Jun 15 00:00:03 
Jun 15 00:00:03 账号1 jd_RbuUwXHBNnJR skg-wangyibo星推官邀请码：5f59a5a1-3b0b-4ab6-9ea3-9322ec44f9da
Jun 15 00:00:03 账号2 jd_fMRfXcJHjROT skg-wangyibo星推官邀请码：0fdd9cfa-3b9c-429a-b91e-b969ad611cec
Jun 15 00:00:03 
Jun 15 00:00:03 获取星推官【jy-zhangzhehan】下的邀请码
Jun 15 00:00:03 
Jun 15 00:00:03 账号2 jd_fMRfXcJHjROT skg-wangyibo星推官邀请码：0fdd9cfa-3b9c-429a-b91e-b969ad611cec
Jun 15 00:00:03 
Jun 15 00:00:03 获取星推官【jy-zhangzhehan】下的邀请码
Jun 15 00:00:03 
Jun 15 00:00:03 账号1 jd_RbuUwXHBNnJR jy-zhangzhehan星推官邀请码：446d6ed3-c74d-4194-bcb5-5dd4710ea179
Jun 15 00:00:03 账号1 jd_RbuUwXHBNnJR jy-zhangzhehan星推官邀请码：446d6ed3-c74d-4194-bcb5-5dd4710ea179
Jun 15 00:00:03 邀请码获取失败:
Jun 15 00:00:03 
Jun 15 00:00:03 获取星推官【qcdqks-liuyuning】下的邀请码
Jun 15 00:00:03 
Jun 15 00:00:03 账号2 jd_fMRfXcJHjROT jy-zhangzhehan星推官邀请码：c93a98c9-b659-498f-a688-7fb40c25db20
Jun 15 00:00:03 
Jun 15 00:00:03 获取星推官【qcdqks-liuyuning】下的邀请码
Jun 15 00:00:03 
Jun 15 00:00:03 邀请码获取失败:
Jun 15 00:00:03 账号1 jd_RbuUwXHBNnJR qcdqks-liuyuning星推官邀请码：5c863714-029b-4edb-a8db-124465e0ef44
Jun 15 00:00:03 邀请码获取失败:
Jun 15 00:00:03 
Jun 15 00:00:03 获取星推官【da-zhangyuqi】下的邀请码
Jun 15 00:00:03 
Jun 15 00:00:03 账号2 jd_fMRfXcJHjROT qcdqks-liuyuning星推官邀请码：5b97b674-514e-4de0-8d89-4ca2926aa40e
Jun 15 00:00:03 
Jun 15 00:00:03 获取星推官【da-zhangyuqi】下的邀请码
Jun 15 00:00:03 
Jun 15 00:00:03 邀请码获取失败:
Jun 15 00:00:03 账号1 jd_RbuUwXHBNnJR da-zhangyuqi星推官邀请码：c87e9a36-5d07-4ca9-b27c-23601a8a061f
Jun 15 00:00:03 邀请码获取失败:
Jun 15 00:00:03 
Jun 15 00:00:03 获取星推官【xmz-yangmi】下的邀请码
Jun 15 00:00:03 
Jun 15 00:00:04 账号1 jd_RbuUwXHBNnJR xmz-yangmi星推官邀请码：bf91cc64-f583-446e-addb-27e1562d5f98
Jun 15 00:00:04 邀请码获取失败:
Jun 15 00:00:04 
Jun 15 00:00:04 获取星推官【ykd-liutao】下的邀请码
Jun 15 00:00:04 
Jun 15 00:00:04 账号1 jd_RbuUwXHBNnJR ykd-liutao星推官邀请码：6784476e-4c7f-4aa2-9df7-29aa431aa732
Jun 15 00:00:04 账号2 jd_fMRfXcJHjROT da-zhangyuqi星推官邀请码：25f82eb5-e5e4-426a-b5fb-4bdbd520c76c
Jun 15 00:00:04 
Jun 15 00:00:04 获取星推官【xmz-yangmi】下的邀请码
Jun 15 00:00:04 
Jun 15 00:00:04 账号1 jd_RbuUwXHBNnJR xmz-yangmi星推官邀请码：bf91cc64-f583-446e-addb-27e1562d5f98
Jun 15 00:00:04 邀请码获取失败:
Jun 15 00:00:04 
Jun 15 00:00:04 获取星推官【ykd-liutao】下的邀请码
Jun 15 00:00:04 
Jun 15 00:00:04 账号1 jd_RbuUwXHBNnJR ykd-liutao星推官邀请码：6784476e-4c7f-4aa2-9df7-29aa431aa732
Jun 15 00:00:04 账号2 jd_fMRfXcJHjROT ykd-liutao星推官邀请码：22acef12-75f4-430a-b1b6-85e00e5bfb14
Jun 15 00:00:04 
Jun 15 00:00:04 获取星推官【md-jingtian】下的邀请码
Jun 15 00:00:04 
Jun 15 00:00:04 账号2 jd_fMRfXcJHjROT ykd-liutao星推官邀请码：22acef12-75f4-430a-b1b6-85e00e5bfb14
Jun 15 00:00:04 
Jun 15 00:00:04 获取星推官【md-jingtian】下的邀请码
Jun 15 00:00:04 
Jun 15 00:00:04 邀请码获取失败:
Jun 15 00:00:04 账号1 jd_RbuUwXHBNnJR md-jingtian星推官邀请码：9d4373c0-ce20-4d19-937d-61f4ecc779d7
Jun 15 00:00:04 邀请码获取失败:
Jun 15 00:00:04 
Jun 15 00:00:04 获取星推官【cv-tansongyun】下的邀请码
Jun 15 00:00:04 
Jun 15 00:00:04 账号1 jd_RbuUwXHBNnJR cv-tansongyun星推官邀请码：f50f80b0-0367-4f05-8d2a-8623bcd245b2
Jun 15 00:00:04 邀请码获取失败:
Jun 15 00:00:04 
Jun 15 00:00:04 获取星推官【bl-gongjun】下的邀请码
Jun 15 00:00:04 
Jun 15 00:00:04 账号1 jd_RbuUwXHBNnJR bl-gongjun星推官邀请码：82eaae61-44ca-4148-8630-2e8396a4a987
Jun 15 00:00:04 邀请码获取失败:
Jun 15 00:00:04 
Jun 15 00:00:04 获取星推官【ym-gongjun】下的邀请码
Jun 15 00:00:04 
Jun 15 00:00:04 账号1 jd_RbuUwXHBNnJR ym-gongjun星推官邀请码：2d83f5c6-7554-4c58-8adc-363aed8dc4ef
Jun 15 00:00:04 邀请码获取失败:
Jun 15 00:00:04 
Jun 15 00:00:04 获取星推官【olb-zhouxun】下的邀请码
Jun 15 00:00:04 
Jun 15 00:00:04 账号1 jd_RbuUwXHBNnJR olb-zhouxun星推官邀请码：e2e247b7-382c-4c98-be9c-23f1c3287f13
Jun 15 00:00:05 邀请码获取失败:
Jun 15 00:00:05 
Jun 15 00:00:05 获取星推官【mf-wangjunkai】下的邀请码
Jun 15 00:00:05 
Jun 15 00:00:05 邀请码获取失败:
Jun 15 00:00:06 邀请码获取失败:
Jun 15 00:00:06 
Jun 15 00:00:06 获取星推官【dl-qiwei】下的邀请码
Jun 15 00:00:06 
Jun 15 00:00:06 账号1 jd_RbuUwXHBNnJR dl-qiwei星推官邀请码：d996dd68-487a-49ce-ae6c-bf26e8559d37
Jun 15 00:00:06 账号2 jd_fMRfXcJHjROT md-jingtian星推官邀请码：cffe5e20-3fe6-4bf9-9c93-119d65d8a315
Jun 15 00:00:06 
Jun 15 00:00:06 获取星推官【cv-tansongyun】下的邀请码
Jun 15 00:00:06 
Jun 15 00:00:06 账号2 jd_fMRfXcJHjROT dl-qiwei星推官邀请码：d306504e-fcbd-450a-977c-4f74310fa86d
Jun 15 00:00:06 
Jun 15 00:00:06 获取星推官【lg-zhangxiaofei】下的邀请码
Jun 15 00:00:06 
Jun 15 00:00:06 账号1 jd_RbuUwXHBNnJR cv-tansongyun星推官邀请码：f50f80b0-0367-4f05-8d2a-8623bcd245b2
Jun 15 00:00:06 账号1 jd_RbuUwXHBNnJR lg-zhangxiaofei星推官邀请码：e59552be-1b96-436e-b9bb-0b2c0165bd04
Jun 15 00:00:06 邀请码获取失败:
Jun 15 00:00:06 
Jun 15 00:00:06 获取星推官【hekt-chenxuedong】下的邀请码
Jun 15 00:00:06 
Jun 15 00:00:06 邀请码获取失败:
Jun 15 00:00:06 邀请码获取失败:
Jun 15 00:00:06 
Jun 15 00:00:06 获取星推官【flp-yuanquan】下的邀请码
Jun 15 00:00:06 
Jun 15 00:00:07 账号1 jd_RbuUwXHBNnJR flp-yuanquan星推官邀请码：3bcab867-05a6-4dad-8c93-f3efd03ab860
Jun 15 00:00:07 邀请码获取失败:
Jun 15 00:00:07 
Jun 15 00:00:07 获取星推官【flp-songqian】下的邀请码
Jun 15 00:00:07 
Jun 15 00:00:07 账号1 jd_RbuUwXHBNnJR flp-songqian星推官邀请码：e1982055-470a-4c11-9bd9-726f937c4880
Jun 15 00:00:07 邀请码获取失败:
Jun 15 00:00:07 
Jun 15 00:00:07 获取星推官【lbdq-songweilong】下的邀请码
Jun 15 00:00:07 
Jun 15 00:00:07 邀请码获取失败:
Jun 15 00:00:07 邀请码获取失败:
Jun 15 00:00:07 
Jun 15 00:00:07 获取星推官【chml-songyi】下的邀请码
Jun 15 00:00:07 
Jun 15 00:00:07 账号1 jd_RbuUwXHBNnJR chml-songyi星推官邀请码：82727c7d-3d42-45f3-b34a-400ddacc7e6f
Jun 15 00:00:07 邀请码获取失败:
Jun 15 00:00:07 
Jun 15 00:00:07 获取星推官【flp-lixian】下的邀请码
Jun 15 00:00:07 
Jun 15 00:00:07 邀请码获取失败:
Jun 15 00:00:07 邀请码获取失败:
Jun 15 00:00:07 
Jun 15 00:00:07 获取星推官【he-shenyue】下的邀请码
Jun 15 00:00:07 
Jun 15 00:00:07 账号1 jd_RbuUwXHBNnJR he-shenyue星推官邀请码：6048eb02-a6bb-43ca-9dbe-f6cbbad12545
Jun 15 00:00:08 邀请码获取失败:
Jun 15 00:00:08 开始自己账号内部互助
Jun 15 00:00:08 
Jun 15 00:00:08 
Jun 15 00:00:08 账号1 jd_RbuUwXHBNnJR 去助力账号 jd_fMRfXcJHjROT的第1个星推官活动【aks-wangyibo】，邀请码 【752049ad-f113-4a4b-9df4-b9b12162148e】
Jun 15 00:00:08 账号2 jd_fMRfXcJHjROT cv-tansongyun星推官邀请码：dc852eeb-2635-41e6-b246-b5695f9cf31d
Jun 15 00:00:08 
Jun 15 00:00:08 获取星推官【bl-gongjun】下的邀请码
Jun 15 00:00:08 
Jun 15 00:00:08 账号1 jd_RbuUwXHBNnJR bl-gongjun星推官邀请码：82eaae61-44ca-4148-8630-2e8396a4a987
Jun 15 00:00:08 助力成功
Jun 15 00:00:08 助力结果:{"code":200,"msg":"成功","data":{"jingBean":1,"integral":50,"status":6}}
Jun 15 00:00:08 
Jun 15 00:00:08 账号1 jd_RbuUwXHBNnJR 去助力账号 jd_fMRfXcJHjROT的第2个星推官活动【skg-wangyibo】，邀请码 【0fdd9cfa-3b9c-429a-b91e-b969ad611cec】
Jun 15 00:00:08 账号2 jd_fMRfXcJHjROT bl-gongjun星推官邀请码：1f7c964b-c5c6-45e4-b1c0-23b0cf043047
Jun 15 00:00:08 
Jun 15 00:00:08 获取星推官【ym-gongjun】下的邀请码
Jun 15 00:00:08 
Jun 15 00:00:08 账号1 jd_RbuUwXHBNnJR ym-gongjun星推官邀请码：2d83f5c6-7554-4c58-8adc-363aed8dc4ef
Jun 15 00:00:08 邀请码获取失败:
Jun 15 00:00:08 
Jun 15 00:00:08 获取星推官【olb-zhouxun】下的邀请码
Jun 15 00:00:08 
Jun 15 00:00:09 账号1 jd_RbuUwXHBNnJR olb-zhouxun星推官邀请码：e2e247b7-382c-4c98-be9c-23f1c3287f13
Jun 15 00:00:09 账号2 jd_fMRfXcJHjROT olb-zhouxun星推官邀请码：1997f9f9-af9a-4599-a2c0-8b6d98df63d3
Jun 15 00:00:09 
Jun 15 00:00:09 获取星推官【mf-wangjunkai】下的邀请码
Jun 15 00:00:09 
Jun 15 00:00:09 账号1 jd_RbuUwXHBNnJR mf-wangjunkai星推官邀请码：c3cce2f4-bc54-497e-8070-93b388296912
Jun 15 00:00:09 账号2 jd_fMRfXcJHjROT mf-wangjunkai星推官邀请码：5ad09bf0-4943-414b-b292-bfe3d2e62246
Jun 15 00:00:09 
Jun 15 00:00:09 获取星推官【dl-qiwei】下的邀请码
Jun 15 00:00:09 
Jun 15 00:00:09 账号1 jd_RbuUwXHBNnJR dl-qiwei星推官邀请码：d996dd68-487a-49ce-ae6c-bf26e8559d37
Jun 15 00:00:09 账号2 jd_fMRfXcJHjROT dl-qiwei星推官邀请码：d306504e-fcbd-450a-977c-4f74310fa86d
Jun 15 00:00:09 
Jun 15 00:00:09 获取星推官【lg-zhangxiaofei】下的邀请码
Jun 15 00:00:09 
Jun 15 00:00:09 账号1 jd_RbuUwXHBNnJR lg-zhangxiaofei星推官邀请码：e59552be-1b96-436e-b9bb-0b2c0165bd04
Jun 15 00:00:09 邀请码获取失败:
Jun 15 00:00:09 
Jun 15 00:00:09 获取星推官【hekt-chenxuedong】下的邀请码
Jun 15 00:00:09 
Jun 15 00:00:09 账号1 jd_RbuUwXHBNnJR hekt-chenxuedong星推官邀请码：a9d6d959-19ca-4c6f-802e-e8b6a7c5f320
Jun 15 00:00:09 账号2 jd_fMRfXcJHjROT hekt-chenxuedong星推官邀请码：c63c948e-45e4-447c-baf7-bebedfc57bf7
Jun 15 00:00:09 
Jun 15 00:00:09 获取星推官【flp-yuanquan】下的邀请码
Jun 15 00:00:09 
Jun 15 00:00:09 账号1 jd_RbuUwXHBNnJR flp-yuanquan星推官邀请码：3bcab867-05a6-4dad-8c93-f3efd03ab860
Jun 15 00:00:09 邀请码获取失败:
Jun 15 00:00:09 
Jun 15 00:00:09 获取星推官【flp-songqian】下的邀请码
Jun 15 00:00:09 
Jun 15 00:00:10 账号1 jd_RbuUwXHBNnJR flp-songqian星推官邀请码：e1982055-470a-4c11-9bd9-726f937c4880
Jun 15 00:00:10 账号2 jd_fMRfXcJHjROT flp-songqian星推官邀请码：152797c3-9228-40bb-b6ae-626f52b72eff
Jun 15 00:00:10 
Jun 15 00:00:10 获取星推官【lbdq-songweilong】下的邀请码
Jun 15 00:00:10 
Jun 15 00:00:10 账号1 jd_RbuUwXHBNnJR lbdq-songweilong星推官邀请码：7ad3c1a5-82ac-44d4-8c62-3adb6a1ac969
Jun 15 00:00:10 账号2 jd_fMRfXcJHjROT lbdq-songweilong星推官邀请码：a9bd8a47-1762-4c6d-b338-d9115e2214a5
Jun 15 00:00:10 
Jun 15 00:00:10 获取星推官【chml-songyi】下的邀请码
Jun 15 00:00:10 
Jun 15 00:00:10 账号1 jd_RbuUwXHBNnJR chml-songyi星推官邀请码：82727c7d-3d42-45f3-b34a-400ddacc7e6f
Jun 15 00:00:10 账号2 jd_fMRfXcJHjROT chml-songyi星推官邀请码：b61a813a-80a0-4951-91fe-354ac70da0f6
Jun 15 00:00:10 
Jun 15 00:00:10 获取星推官【flp-lixian】下的邀请码
Jun 15 00:00:10 
Jun 15 00:00:10 邀请码获取失败:
Jun 15 00:00:11 账号2 jd_fMRfXcJHjROT flp-lixian星推官邀请码：ecb4208c-198a-4131-ad1a-2d4f07afee21
Jun 15 00:00:11 
Jun 15 00:00:11 获取星推官【he-shenyue】下的邀请码
Jun 15 00:00:11 
Jun 15 00:00:11 账号1 jd_RbuUwXHBNnJR he-shenyue星推官邀请码：6048eb02-a6bb-43ca-9dbe-f6cbbad12545
Jun 15 00:00:11 助力成功
Jun 15 00:00:11 助力结果:{"code":200,"msg":"成功","data":{"jingBean":1,"integral":50,"status":6}}
Jun 15 00:00:11 
Jun 15 00:00:11 账号1 jd_RbuUwXHBNnJR 去助力账号 jd_fMRfXcJHjROT的第3个星推官活动【jy-zhangzhehan】，邀请码 【c93a98c9-b659-498f-a688-7fb40c25db20】
Jun 15 00:00:11 邀请码获取失败:
Jun 15 00:00:11 开始自己账号内部互助
Jun 15 00:00:11 
Jun 15 00:00:11 
Jun 15 00:00:11 账号1 jd_RbuUwXHBNnJR 去助力账号 jd_fMRfXcJHjROT的第1个星推官活动【aks-wangyibo】，邀请码 【752049ad-f113-4a4b-9df4-b9b12162148e】
Jun 15 00:00:11 助力结果:{"code":200,"msg":"成功","data":{"jingBean":0,"integral":0,"status":3}}
Jun 15 00:00:11 
Jun 15 00:00:11 账号1 jd_RbuUwXHBNnJR 去助力账号 jd_fMRfXcJHjROT的第2个星推官活动【skg-wangyibo】，邀请码 【0fdd9cfa-3b9c-429a-b91e-b969ad611cec】
Jun 15 00:00:11 助力结果:{"code":200,"msg":"成功","data":{"jingBean":0,"integral":0,"status":3}}
Jun 15 00:00:11 
Jun 15 00:00:11 账号1 jd_RbuUwXHBNnJR 去助力账号 jd_fMRfXcJHjROT的第7个星推官活动【ykd-liutao】，邀请码 【22acef12-75f4-430a-b1b6-85e00e5bfb14】
Jun 15 00:00:11 助力结果:{"code":500,"data":{},"msg":"哎呀呀，活动太火爆了"}
Jun 15 00:00:11 
Jun 15 00:00:11 账号1 jd_RbuUwXHBNnJR 去助力账号 jd_fMRfXcJHjROT的第8个星推官活动【md-jingtian】，邀请码 【cffe5e20-3fe6-4bf9-9c93-119d65d8a315】
Jun 15 00:00:11 助力成功
Jun 15 00:00:11 助力结果:{"code":200,"msg":"成功","data":{"jingBean":1,"integral":50,"status":6}}
Jun 15 00:00:11 
Jun 15 00:00:11 账号1 jd_RbuUwXHBNnJR 去助力账号 jd_fMRfXcJHjROT的第9个星推官活动【cv-tansongyun】，邀请码 【dc852eeb-2635-41e6-b246-b5695f9cf31d】
Jun 15 00:00:12 助力结果:{"code":201,"data":{},"msg":"重复操作"}
Jun 15 00:00:12 
Jun 15 00:00:12 账号1 jd_RbuUwXHBNnJR 去助力账号 jd_fMRfXcJHjROT的第4个星推官活动【qcdqks-liuyuning】，邀请码 【5b97b674-514e-4de0-8d89-4ca2926aa40e】
Jun 15 00:00:12 助力结果:{"code":201,"data":{},"msg":"重复操作"}
Jun 15 00:00:12 
Jun 15 00:00:12 账号1 jd_RbuUwXHBNnJR 去助力账号 jd_fMRfXcJHjROT的第5个星推官活动【da-zhangyuqi】，邀请码 【25f82eb5-e5e4-426a-b5fb-4bdbd520c76c】
Jun 15 00:00:12 助力成功
Jun 15 00:00:12 助力结果:{"code":200,"msg":"成功","data":{"jingBean":1,"integral":50,"status":6}}
Jun 15 00:00:12 
Jun 15 00:00:12 账号1 jd_RbuUwXHBNnJR 去助力账号 jd_fMRfXcJHjROT的第10个星推官活动【bl-gongjun】，邀请码 【1f7c964b-c5c6-45e4-b1c0-23b0cf043047】
Jun 15 00:00:12 助力结果:{"code":201,"data":{},"msg":"重复操作"}
Jun 15 00:00:12 
Jun 15 00:00:12 账号1 jd_RbuUwXHBNnJR 去助力账号 jd_fMRfXcJHjROT的第12个星推官活动【olb-zhouxun】，邀请码 【1997f9f9-af9a-4599-a2c0-8b6d98df63d3】
Jun 15 00:00:12 助力结果:{"code":201,"data":{},"msg":"重复操作"}
Jun 15 00:00:12 
Jun 15 00:00:12 账号1 jd_RbuUwXHBNnJR 去助力账号 jd_fMRfXcJHjROT的第13个星推官活动【mf-wangjunkai】，邀请码 【5ad09bf0-4943-414b-b292-bfe3d2e62246】
Jun 15 00:00:12 助力结果:{"code":201,"data":{},"msg":"重复操作"}
Jun 15 00:00:12 
Jun 15 00:00:12 账号1 jd_RbuUwXHBNnJR 去助力账号 jd_fMRfXcJHjROT的第14个星推官活动【dl-qiwei】，邀请码 【d306504e-fcbd-450a-977c-4f74310fa86d】
Jun 15 00:00:12 助力结果:{"code":201,"data":{},"msg":"重复操作"}
Jun 15 00:00:12 
Jun 15 00:00:12 账号1 jd_RbuUwXHBNnJR 去助力账号 jd_fMRfXcJHjROT的第16个星推官活动【hekt-chenxuedong】，邀请码 【c63c948e-45e4-447c-baf7-bebedfc57bf7】
Jun 15 00:00:12 助力结果:{"code":201,"data":{},"msg":"重复操作"}
Jun 15 00:00:12 
Jun 15 00:00:12 账号1 jd_RbuUwXHBNnJR 去助力账号 jd_fMRfXcJHjROT的第18个星推官活动【flp-songqian】，邀请码 【152797c3-9228-40bb-b6ae-626f52b72eff】
Jun 15 00:00:12 助力结果:{"code":201,"data":{},"msg":"重复操作"}
Jun 15 00:00:12 
Jun 15 00:00:12 账号1 jd_RbuUwXHBNnJR 去助力账号 jd_fMRfXcJHjROT的第19个星推官活动【lbdq-songweilong】，邀请码 【a9bd8a47-1762-4c6d-b338-d9115e2214a5】
Jun 15 00:00:13 助力结果:{"code":201,"data":{},"msg":"重复操作"}
Jun 15 00:00:13 
Jun 15 00:00:13 账号1 jd_RbuUwXHBNnJR 去助力账号 jd_fMRfXcJHjROT的第20个星推官活动【chml-songyi】，邀请码 【b61a813a-80a0-4951-91fe-354ac70da0f6】
Jun 15 00:00:13 助力结果:{"code":201,"data":{},"msg":"重复操作"}
Jun 15 00:00:13 
Jun 15 00:00:13 账号1 jd_RbuUwXHBNnJR 去助力账号 jd_fMRfXcJHjROT的第21个星推官活动【flp-lixian】，邀请码 【ecb4208c-198a-4131-ad1a-2d4f07afee21】
Jun 15 00:00:13 助力结果:{"code":201,"data":{},"msg":"重复操作"}
Jun 15 00:00:13 
Jun 15 00:00:13 账号2 jd_fMRfXcJHjROT 去助力账号 jd_RbuUwXHBNnJR的第1个星推官活动【aks-wangyibo】，邀请码 【a5735235-c7f8-419b-913a-df0ba02e0555】
Jun 15 00:00:13 助力结果:{"code":500,"data":{},"msg":"哎呀呀，活动太火爆了"}
Jun 15 00:00:13 
Jun 15 00:00:13 账号2 jd_fMRfXcJHjROT 去助力账号 jd_RbuUwXHBNnJR的第2个星推官活动【skg-wangyibo】，邀请码 【5f59a5a1-3b0b-4ab6-9ea3-9322ec44f9da】
Jun 15 00:00:13 助力成功
Jun 15 00:00:13 助力结果:{"code":200,"msg":"成功","data":{"jingBean":1,"integral":50,"status":6}}
Jun 15 00:00:13 
Jun 15 00:00:13 账号1 jd_RbuUwXHBNnJR 去助力账号 jd_fMRfXcJHjROT的第7个星推官活动【ykd-liutao】，邀请码 【22acef12-75f4-430a-b1b6-85e00e5bfb14】
Jun 15 00:00:13 助力成功
Jun 15 00:00:13 助力结果:{"code":200,"msg":"成功","data":{"jingBean":1,"integral":50,"status":6}}
Jun 15 00:00:13 
Jun 15 00:00:13 账号2 jd_fMRfXcJHjROT 去助力账号 jd_RbuUwXHBNnJR的第3个星推官活动【jy-zhangzhehan】，邀请码 【446d6ed3-c74d-4194-bcb5-5dd4710ea179】
Jun 15 00:00:13 助力结果:{"code":500,"data":{},"msg":"哎呀呀，活动太火爆了"}
Jun 15 00:00:13 
Jun 15 00:00:13 账号1 jd_RbuUwXHBNnJR 去助力账号 jd_fMRfXcJHjROT的第14个星推官活动【dl-qiwei】，邀请码 【d306504e-fcbd-450a-977c-4f74310fa86d】
Jun 15 00:00:13 助力成功
Jun 15 00:00:13 助力结果:{"code":200,"msg":"成功","data":{"jingBean":1,"integral":50,"status":6}}
Jun 15 00:00:13 
Jun 15 00:00:13 账号2 jd_fMRfXcJHjROT 去助力账号 jd_RbuUwXHBNnJR的第4个星推官活动【qcdqks-liuyuning】，邀请码 【5c863714-029b-4edb-a8db-124465e0ef44】
Jun 15 00:00:14 助力结果:{"code":500,"data":{},"msg":"哎呀呀，活动太火爆了"}
Jun 15 00:00:14 
Jun 15 00:00:14 账号2 jd_fMRfXcJHjROT 去助力账号 jd_RbuUwXHBNnJR的第5个星推官活动【da-zhangyuqi】，邀请码 【c87e9a36-5d07-4ca9-b27c-23601a8a061f】
Jun 15 00:00:14 助力结果:{"code":500,"data":{},"msg":"哎呀呀，活动太火爆了"}
Jun 15 00:00:14 
Jun 15 00:00:14 账号2 jd_fMRfXcJHjROT 去助力账号 jd_RbuUwXHBNnJR的第1个星推官活动【aks-wangyibo】，邀请码 【a5735235-c7f8-419b-913a-df0ba02e0555】
Jun 15 00:00:14 助力结果:{"code":201,"data":{},"msg":"重复操作"}
Jun 15 00:00:14 
Jun 15 00:00:14 账号2 jd_fMRfXcJHjROT 去助力账号 jd_RbuUwXHBNnJR的第2个星推官活动【skg-wangyibo】，邀请码 【5f59a5a1-3b0b-4ab6-9ea3-9322ec44f9da】
Jun 15 00:00:14 助力结果:{"code":201,"data":{},"msg":"重复操作"}
Jun 15 00:00:14 
Jun 15 00:00:14 账号2 jd_fMRfXcJHjROT 去助力账号 jd_RbuUwXHBNnJR的第3个星推官活动【jy-zhangzhehan】，邀请码 【446d6ed3-c74d-4194-bcb5-5dd4710ea179】
Jun 15 00:00:14 助力结果:{"code":201,"data":{},"msg":"重复操作"}
Jun 15 00:00:14 
Jun 15 00:00:14 账号2 jd_fMRfXcJHjROT 去助力账号 jd_RbuUwXHBNnJR的第6个星推官活动【xmz-yangmi】，邀请码 【bf91cc64-f583-446e-addb-27e1562d5f98】
Jun 15 00:00:14 助力结果:{"code":201,"data":{},"msg":"重复操作"}
Jun 15 00:00:14 
Jun 15 00:00:14 账号2 jd_fMRfXcJHjROT 去助力账号 jd_RbuUwXHBNnJR的第7个星推官活动【ykd-liutao】，邀请码 【6784476e-4c7f-4aa2-9df7-29aa431aa732】
Jun 15 00:00:14 助力结果:{"code":201,"data":{},"msg":"重复操作"}
Jun 15 00:00:14 
Jun 15 00:00:14 账号2 jd_fMRfXcJHjROT 去助力账号 jd_RbuUwXHBNnJR的第9个星推官活动【cv-tansongyun】，邀请码 【f50f80b0-0367-4f05-8d2a-8623bcd245b2】
Jun 15 00:00:14 助力结果:{"code":201,"data":{},"msg":"重复操作"}
Jun 15 00:00:14 
Jun 15 00:00:14 账号2 jd_fMRfXcJHjROT 去助力账号 jd_RbuUwXHBNnJR的第10个星推官活动【bl-gongjun】，邀请码 【82eaae61-44ca-4148-8630-2e8396a4a987】
Jun 15 00:00:14 助力结果:{"code":201,"data":{},"msg":"重复操作"}
Jun 15 00:00:14 
Jun 15 00:00:14 账号2 jd_fMRfXcJHjROT 去助力账号 jd_RbuUwXHBNnJR的第11个星推官活动【ym-gongjun】，邀请码 【2d83f5c6-7554-4c58-8adc-363aed8dc4ef】
Jun 15 00:00:15 助力结果:{"code":201,"data":{},"msg":"重复操作"}
Jun 15 00:00:15 
Jun 15 00:00:15 账号2 jd_fMRfXcJHjROT 去助力账号 jd_RbuUwXHBNnJR的第12个星推官活动【olb-zhouxun】，邀请码 【e2e247b7-382c-4c98-be9c-23f1c3287f13】
Jun 15 00:00:15 助力结果:{"code":201,"data":{},"msg":"重复操作"}
Jun 15 00:00:15 
Jun 15 00:00:15 账号2 jd_fMRfXcJHjROT 去助力账号 jd_RbuUwXHBNnJR的第14个星推官活动【dl-qiwei】，邀请码 【d996dd68-487a-49ce-ae6c-bf26e8559d37】
Jun 15 00:00:15 助力结果:{"code":201,"data":{},"msg":"重复操作"}
Jun 15 00:00:15 
Jun 15 00:00:15 账号2 jd_fMRfXcJHjROT 去助力账号 jd_RbuUwXHBNnJR的第15个星推官活动【lg-zhangxiaofei】，邀请码 【e59552be-1b96-436e-b9bb-0b2c0165bd04】
Jun 15 00:00:15 助力结果:{"code":201,"data":{},"msg":"重复操作"}
Jun 15 00:00:15 
Jun 15 00:00:15 账号2 jd_fMRfXcJHjROT 去助力账号 jd_RbuUwXHBNnJR的第17个星推官活动【flp-yuanquan】，邀请码 【3bcab867-05a6-4dad-8c93-f3efd03ab860】
Jun 15 00:00:15 助力结果:{"code":201,"data":{},"msg":"重复操作"}
Jun 15 00:00:15 
Jun 15 00:00:15 账号2 jd_fMRfXcJHjROT 去助力账号 jd_RbuUwXHBNnJR的第18个星推官活动【flp-songqian】，邀请码 【e1982055-470a-4c11-9bd9-726f937c4880】
Jun 15 00:00:15 助力结果:{"code":201,"data":{},"msg":"重复操作"}
Jun 15 00:00:15 
Jun 15 00:00:15 账号2 jd_fMRfXcJHjROT 去助力账号 jd_RbuUwXHBNnJR的第20个星推官活动【chml-songyi】，邀请码 【82727c7d-3d42-45f3-b34a-400ddacc7e6f】
Jun 15 00:00:15 助力结果:{"code":201,"data":{},"msg":"重复操作"}
Jun 15 00:00:15 
Jun 15 00:00:15 账号2 jd_fMRfXcJHjROT 去助力账号 jd_RbuUwXHBNnJR的第22个星推官活动【he-shenyue】，邀请码 【6048eb02-a6bb-43ca-9dbe-f6cbbad12545】
Jun 15 00:00:15 助力结果:{"code":201,"data":{},"msg":"重复操作"}
Jun 15 00:00:15 
Jun 15 00:00:15 
Jun 15 00:00:15 🔔家电星推官好友互助, 结束! 🕛 14.032 秒
Jun 15 00:00:15 
Jun 15 00:00:15 助力结果:{"code":1020,"data":{},"msg":"内部服务错误用户助力失败."}
Jun 15 00:00:15 
Jun 15 00:00:15 账号2 jd_fMRfXcJHjROT 去助力账号 jd_RbuUwXHBNnJR的第6个星推官活动【xmz-yangmi】，邀请码 【bf91cc64-f583-446e-addb-27e1562d5f98】
Jun 15 00:00:15 助力结果:{"code":500,"data":{},"msg":"哎呀呀，活动太火爆了"}
Jun 15 00:00:15 
Jun 15 00:00:15 账号2 jd_fMRfXcJHjROT 去助力账号 jd_RbuUwXHBNnJR的第7个星推官活动【ykd-liutao】，邀请码 【6784476e-4c7f-4aa2-9df7-29aa431aa732】
Jun 15 00:00:16 助力成功
Jun 15 00:00:16 助力结果:{"code":200,"msg":"成功","data":{"jingBean":1,"integral":50,"status":6}}
Jun 15 00:00:16 
Jun 15 00:00:16 账号2 jd_fMRfXcJHjROT 去助力账号 jd_RbuUwXHBNnJR的第8个星推官活动【md-jingtian】，邀请码 【9d4373c0-ce20-4d19-937d-61f4ecc779d7】
Jun 15 00:00:16 助力成功
Jun 15 00:00:16 助力结果:{"code":200,"msg":"成功","data":{"jingBean":1,"integral":50,"status":6}}
Jun 15 00:00:16 
Jun 15 00:00:16 账号2 jd_fMRfXcJHjROT 去助力账号 jd_RbuUwXHBNnJR的第9个星推官活动【cv-tansongyun】，邀请码 【f50f80b0-0367-4f05-8d2a-8623bcd245b2】
Jun 15 00:00:16 助力结果:{"code":500,"data":{},"msg":"哎呀呀，活动太火爆了"}
Jun 15 00:00:16 
Jun 15 00:00:16 账号2 jd_fMRfXcJHjROT 去助力账号 jd_RbuUwXHBNnJR的第10个星推官活动【bl-gongjun】，邀请码 【82eaae61-44ca-4148-8630-2e8396a4a987】
Jun 15 00:00:17 助力成功
Jun 15 00:00:17 助力结果:{"code":200,"msg":"成功","data":{"jingBean":1,"integral":50,"status":6}}
Jun 15 00:00:17 
Jun 15 00:00:17 账号2 jd_fMRfXcJHjROT 去助力账号 jd_RbuUwXHBNnJR的第11个星推官活动【ym-gongjun】，邀请码 【2d83f5c6-7554-4c58-8adc-363aed8dc4ef】
Jun 15 00:00:17 助力成功
Jun 15 00:00:17 助力结果:{"code":200,"msg":"成功","data":{"jingBean":1,"integral":50,"status":6}}
Jun 15 00:00:17 
Jun 15 00:00:17 账号2 jd_fMRfXcJHjROT 去助力账号 jd_RbuUwXHBNnJR的第12个星推官活动【olb-zhouxun】，邀请码 【e2e247b7-382c-4c98-be9c-23f1c3287f13】
Jun 15 00:00:17 助力成功
Jun 15 00:00:17 助力结果:{"code":200,"msg":"成功","data":{"jingBean":1,"integral":50,"status":6}}
Jun 15 00:00:17 
Jun 15 00:00:17 账号2 jd_fMRfXcJHjROT 去助力账号 jd_RbuUwXHBNnJR的第13个星推官活动【mf-wangjunkai】，邀请码 【c3cce2f4-bc54-497e-8070-93b388296912】
Jun 15 00:00:18 助力结果:{"code":500,"data":{},"msg":"哎呀呀，活动太火爆了"}
Jun 15 00:00:18 
Jun 15 00:00:18 账号2 jd_fMRfXcJHjROT 去助力账号 jd_RbuUwXHBNnJR的第14个星推官活动【dl-qiwei】，邀请码 【d996dd68-487a-49ce-ae6c-bf26e8559d37】
Jun 15 00:00:18 助力成功
Jun 15 00:00:18 助力结果:{"code":200,"msg":"成功","data":{"jingBean":1,"integral":50,"status":6}}
Jun 15 00:00:18 
Jun 15 00:00:18 账号2 jd_fMRfXcJHjROT 去助力账号 jd_RbuUwXHBNnJR的第15个星推官活动【lg-zhangxiaofei】，邀请码 【e59552be-1b96-436e-b9bb-0b2c0165bd04】
Jun 15 00:00:20 助力成功
Jun 15 00:00:20 助力结果:{"code":200,"msg":"成功","data":{"jingBean":1,"integral":50,"status":6}}
Jun 15 00:00:20 
Jun 15 00:00:20 账号2 jd_fMRfXcJHjROT 去助力账号 jd_RbuUwXHBNnJR的第16个星推官活动【hekt-chenxuedong】，邀请码 【a9d6d959-19ca-4c6f-802e-e8b6a7c5f320】
Jun 15 00:00:20 助力结果:{"code":500,"data":{},"msg":"哎呀呀，活动太火爆了"}
Jun 15 00:00:20 
Jun 15 00:00:20 账号2 jd_fMRfXcJHjROT 去助力账号 jd_RbuUwXHBNnJR的第17个星推官活动【flp-yuanquan】，邀请码 【3bcab867-05a6-4dad-8c93-f3efd03ab860】
Jun 15 00:00:20 助力成功
Jun 15 00:00:20 助力结果:{"code":200,"msg":"成功","data":{"jingBean":1,"integral":50,"status":6}}
Jun 15 00:00:20 
Jun 15 00:00:20 账号2 jd_fMRfXcJHjROT 去助力账号 jd_RbuUwXHBNnJR的第18个星推官活动【flp-songqian】，邀请码 【e1982055-470a-4c11-9bd9-726f937c4880】
Jun 15 00:00:20 助力结果:{"code":500,"data":{},"msg":"哎呀呀，活动太火爆了"}
Jun 15 00:00:20 
Jun 15 00:00:20 账号2 jd_fMRfXcJHjROT 去助力账号 jd_RbuUwXHBNnJR的第19个星推官活动【lbdq-songweilong】，邀请码 【7ad3c1a5-82ac-44d4-8c62-3adb6a1ac969】
Jun 15 00:00:21 助力成功
Jun 15 00:00:21 助力结果:{"code":200,"msg":"成功","data":{"jingBean":1,"integral":50,"status":6}}
Jun 15 00:00:21 
Jun 15 00:00:21 账号2 jd_fMRfXcJHjROT 去助力账号 jd_RbuUwXHBNnJR的第20个星推官活动【chml-songyi】，邀请码 【82727c7d-3d42-45f3-b34a-400ddacc7e6f】
Jun 15 00:00:21 助力成功
Jun 15 00:00:21 助力结果:{"code":200,"msg":"成功","data":{"jingBean":1,"integral":50,"status":6}}
Jun 15 00:00:21 
Jun 15 00:00:21 账号2 jd_fMRfXcJHjROT 去助力账号 jd_RbuUwXHBNnJR的第22个星推官活动【he-shenyue】，邀请码 【6048eb02-a6bb-43ca-9dbe-f6cbbad12545】
Jun 15 00:00:22 助力成功
Jun 15 00:00:22 助力结果:{"code":200,"msg":"成功","data":{"jingBean":1,"integral":50,"status":6}}
Jun 15 00:00:22 
Jun 15 00:00:22 
Jun 15 00:00:22 🔔家电星推官好友互助, 结束! 🕛 20.078 秒
Jun 15 00:00:22 
