
рџ””618еЉЁз‰©иЃ”иђЊ, ејЂе§‹!
ж‚Ёзљ„cookieйЂ‰ж‹©зљ„жЇз”Ё&йљ”ејЂ


====================е…±жњ‰2дёЄдє¬дёњиґ¦еЏ·Cookie=========

==================и„љжњ¬ж‰§иЎЊ- еЊ—дє¬ж—¶й—ґ(UTC+8)пјљ6/15/2021, 5:10:00 PM=====================

жґ»еЉЁе…ҐеЏЈпјљдє¬дёњAPP-гЂ‹жђњзґў зЋ©дёЂзЋ©-гЂ‹з“ње€†20дєї
й‚ЂиЇ·еҐЅеЏ‹еЉ©еЉ›пјље†…йѓЁиґ¦еЏ·и‡ЄиЎЊдє’еЉ©(жЋ’еђЌйќ е‰Ќиґ¦еЏ·еѕ—е€°зљ„жњєдјље¤љ)
PKдє’еЉ©пјље†…йѓЁиґ¦еЏ·и‡ЄиЎЊдє’еЉ©(жЋ’еђЌйќ е‰Ќиґ¦еЏ·еѕ—е€°зљ„жњєдјље¤љ),е¤љдЅ™зљ„еЉ©еЉ›ж¬Ўж•°дјљй»и®¤еЉ©еЉ›дЅњиЂ…е†…зЅ®еЉ©еЉ›з Ѓ
жґ»еЉЁж—¶й—ґпјљ2021-05-24и‡і2021-06-20
ж›ґж–°ж—¶й—ґпјљ6.15 11:00


*****ејЂе§‹гЂђдє¬дёњиґ¦еЏ·1гЂ‘иµ›ж јdi*****


е¦‚жњ‰жњЄе®Њж€ђзљ„д»»еЉЎпјЊиЇ·е¤љж‰§иЎЊе‡ ж¬Ў


иЋ·еЏ–жґ»еЉЁдїЎжЃЇ


еЅ“е‰Ќе€†зєўпјљ48д»ЅпјЊеЅ“е‰Ќз­‰зє§:24
еЅ“е‰Ќй‡‘еёЃ845242пјЊдё‹дёЂе…ійњЂи¦Ѓ760000


е·Із­ѕе€°
ж»Ўи¶іеЌ‡зє§жќЎд»¶пјЊеЋ»еЌ‡зє§
еЌ‡зє§ж€ђеЉџ
{"code":0,"data":{"bizCode":дє’еЉ©з ЃпјљZXTKT0205KkcIkxckBO_WGiKyo1oFjRWn6-7zx55awQ
еЃљд»»еЉЎпјљеЋ»йЂ›е®ќжґЃеє—й“є#ж»Ў199е‡Џ100#15486952;з­‰еѕ…е®Њж€ђ
д»»еЉЎе·Іе®Њж€ђпјЊиЋ·еѕ—10000й‡‘еёЃ
еЃљд»»еЉЎпјљйЂ›зѕЋзљ„еЉІзњЃй«иѕѕеЌѓе…ѓ;з­‰еѕ…е®Њж€ђ
д»»еЉЎе·Іе®Њж€ђпјЊиЋ·еѕ—10000й‡‘еёЃ
еЃљд»»еЉЎпјљйЂ›иЃ”жѓіеє—й“є;з­‰еѕ…е®Њж€ђ
д»»еЉЎе·Іе®Њж€ђпјЊиЋ·еѕ—10000й‡‘еёЃ
еЃљд»»еЉЎпјљеЋ»йЂ›е®‰еѕ·зЋ›ж——и€°еє—#дёЌж­ў5жЉ;з­‰еѕ…е®Њж€ђ
д»»еЉЎе·Іе®Њж€ђпјЊиЋ·еѕ—10000й‡‘еёЃ
еЃљд»»еЉЎпјљеЋ»йЂ›ж€ґжЈ®и‡ЄиђҐж——и€°еє—;з­‰еѕ…е®Њж€ђ
д»»еЉЎе·Іе®Њж€ђпјЊиЋ·еѕ—10000й‡‘еёЃ
еЃљд»»еЉЎпјљеЋ»йЂ›е°Џе¤©ж‰ЌиµўеҐЅз¤ј;з­‰еѕ…е®Њж€ђ
д»»еЉЎе·Іе®Њж€ђпјЊиЋ·еѕ—10000й‡‘еёЃ
еЃљд»»еЉЎпјљеЋ»йЂ›зњџж€‘и‡ЄиђҐеє—й“є#з™ЅжќЎ24жњџе…ЌжЃЇ;з­‰еѕ…е®Њж€ђ
{
  code: 0,
  data: { bizCode: 103, bizMsg: 'иї™дёЄд»»еЉЎеЃље®Њежґ»еЉЁеј‚еёёе•¦пјЊиЇ·зЁЌеђЋе†ЌиЇ•~
еЃљд»»еЉЎпјљйЂ›иЃ”жѓіеє—й“є;зеЃљд»»еЉЎпјљеЋ»йЂ›и’™з‰›дє¬дёњи‡ЄиђҐж——и€°еє—#жЉў199е‡Џ198;з­‰еѕ…е®Њж€ђ
{
  code: 0,
  data: { bizCode: 103, bizMsg: 'иї™дёЄд»»еЉЎеЃље®Ње•¦~пеЃљд»»еЉЎпјљеЋ»йЂ›е®‰еѕ·зЋ›ж——и€°еє—#дёЌж­ў5жЉ;з­‰еѕ…е®Њж€ђеЃљд»»еЉЎпјљйЂ›iQOOдє¬дёње®ж–№и‡ЄиђҐж——и€°еє—;з­‰еѕ…е®Њж€ђ
{
  code: 0,
  data: { bizCode: 103, bizMsg: 'иї™дёЄд»»еЉЎеЃље®Ње•¦~пјеЃљд»»еЉЎпјљеЋ»йЂ›ж€ґжЈ®и‡ЄиђҐж——и€°еє—;з­‰еѕ…е®Њж€ђ
{
  coеЃљд»»еЉЎпјљеЋ»йЂ›е’Њи·Їй›Єй‡Љж”ѕи‡Єж€‘;з­‰еѕ…е®Њж€ђ
{
  code: 0,
  data: { bizCode: 103, bizMsg: 'иї™дёЄд»»еЉЎеЃље®Ње•¦~пјеЃљд»»еЉЎпјљеЋ»йЂ›е°Џе¤©ж‰ЌиµўеҐЅз¤ј;з­‰еѕ…е®Њж€ђ
{
  code:еЃљд»»еЉЎпјљеЋ»йЂ›дє¬дёње¤§иЌЇж€їдјљењє#жЉў199е‡Џ100;з­‰еѕ…е®Њж€ђ
{
  code: 0,
  data: { bizCode: 103, bizMsg: 'иї™дёЄд»еЃљд»»еЉЎпјљеЋ»йЂ›йЂ›жќЋе®Ѓе®ж–№ж——и€°еє—;з­‰еѕ…е®Њж€ђ
{
  code: 0,
  dataеЃљд»»еЉЎпјљеЋ»йЂ›SK-IIи‡ЄиђҐж——и€°еє—#дє«1520е…ѓ16д»¶з¤ј;з­‰еѕ…е®Њж€ђ
{
  code: 0,
  data: { bizCode: 103, biеЃљд»»еЉЎпјљеЋ»йЂ›зњџж€‘и‡ЄиђҐеє—й“є#з™ЅжќЎ24жњџе…ЌжЃЇ;з­‰еѕ…е®Њж€ђ
{
  code: 0,
  data: {еЃљд»»еЉЎпјљеЋ»йЂ›е…°и”»е®ж–№ж——и€°еє—#д№°1йЂЃ1ж­ЈиЈ…й‡Џ;з­‰еѕ…е®Њж€ђ
{
  code: 0,
  data: { bizCode: 103,еЃљд»»еЉЎпјљеЋ»йЂ›и’™з‰›дє¬дёњи‡ЄиђҐж——и€°еє—#жЉў199е‡Џ198;з­‰еѕ…е®Њж€ђ
{
  code: 0,
  data: еЃљд»»еЉЎпјљеЋ»йЂ›дјЉе€©з‰›еҐ¶дє¬дёњи‡ЄиђҐеє—#жЉў198зҐће€ё;з­‰еѕ…е®Њж€ђ
{
  code: 0,
  data: { bizCode: 103,еЃљд»»еЉЎпјљйЂ›йЂ›NewBalanceе®ж–№ж——и€°еє—;з­‰еѕ…е®Њж€ђ
{
  code: 0,
  data: { bizCode: 103,еЃљд»»еЉЎпјљеЋ»йЂ›иµ„з”џе ‚ж¬ўе–њдёЌй‡Ќж ·;з­‰еѕ…е®Њж€ђ
{
  code: 0,
  data: { bizCode: -4001еЃљд»»еЉЎпјљйЂ›еЌЎиђЁеёќи‡ЄиђҐж——и€°еє—жЉЅеҐЅз¤ј;з­‰еѕ…е®Њж€ђ
{
  code: 0,
  data: { bizCode: 103, bizMеЃљд»»еЉЎпјљз”џйІњ618 еђѓе‡єзѕЋеҐЅз”џжґ»;з­‰еѕ…е®Њж€ђ
д»»еЉЎе·Іе®Њж€ђпјЊиЋ·еѕ—8000й‡‘еёЃ
еЃљд»»еЉЎпјљйЂ›еЋЁж€їеЌ«жµґе¤§з‰ЊеҐЅз‰©дє«5жЉ;з­‰еѕ…е®д»»еЉжґ»еЉЁеј‚еёёе•¦пјЊиЇ·зЁЌеђЋе†ЌиЇ•~
еЃљд»»еЉЎпјљundefined;з­‰еѕ…е®Њж€ђ
жґ»еЉЁеј‚еёёе•¦пјЊиЇ·зЁЌеђЋе†ЌиЇ•~
еЃљд»»еЉЎпјљеЋ»йЂ›зѕЋе¦†дјљењєдє«дјжѓ ;з­‰еѕ…е®Њж€ђ
д»»еЉЎе·Іе®Њж€ђпјЊиЋ·еѕ—8000й‡‘еёЃ
еЃљд»»еЉЎпјљеЋ»йЂ›дє¬дёњз”µи„‘ж•°з Ѓдјљењє ;з­‰еѕ…е®Њж€ђ
д»»еЉЎе·Іе®Њж€ђпјЊиЋ·еѕ—8000й‡‘еёЃ
еЃљд»»еЉЎпјљйЂ›е°Џе“ҐдјйЂ‰еҐЅз‰©дЅЋи‡і9.9е…ѓ;з­‰еѕ…е®Њж€ђ
д»»еЉЎе·Іе®Њж€ђпјЊиЋ·еѕ—8000й‡‘еёЃ
еЃљд»»еЉЎпјљйЂ›дјље‘йў‘йЃ“йў†дє¬дє«з‰№жќѓ;з­‰еѕ…е®Њж€ђжд»»еЉЎе·Іе®Њж€ђпјЊиЋ·еѕ—8000й‡‘еёЃ
еЃљд»»еЉЎпјљеЋ»йЂ›й‡‘ићЌзҐће€ёдјљењє;з­‰еѕ…е®Њж€ђ
д»»еЉЎе·Іе®Њж€ђпјЊиЋ·еѕ—8000й‡‘еёЃ
еЃљд»»еЉЎпјљеЋ»йў†30е…ѓж— й—Ёж§›зєўеЊ…;з­‰еѕ…е®Њж€ђ
жґ»еЉЁеј‚еёёе•¦пјЊиЇ·зЁЌеђЋе†ЌиЇ•~
еЃљд»»еЉЎпјљйЂ›й™Єдјґдјљењєйў†е€ёж»Ў6е‡Џ5;з­‰еѕ…е®Њж€ђ
д»»еЉЎе·Іе®Њж€ђпјЊиЋ·еѕ—8000й‡‘еёЃ
еЃљд»»еЉЎпјљеЋ»йЂ›е®¶иЈ…е»єжќђз€†е“Ѓд»…1е…ѓ;з­‰еѕ…е®Њж€ђ
{
  code: жґ»еЉЁеј‚еёёе•¦пјЊиЇ·зЁЌеђЋе†ЌиЇ•~
еЃљд»»еЉЎпјљеЋ»йЂ›й‡‘ићЌзҐће€ёдјљењє;з­‰еѕ…е®Њж€ђ
{
  code: 0,
  data: { bizCode: 10еЃљд»»еЉЎпјљеЋ»йЂ›йЈЋе°љжњЌйҐ°дјљењє;з­‰еѕ…е®Њж€ђ
{
  code: 0,
  data: { bizCode: 103, bizMsg: еЃљд»»еЉЎпјљеЋ»йЂ›йЈЋе°љжњЌйҐ°дјљењє;з­‰еѕ…е®Њж€ђ
{
  code: 0,
  data: { bizCode: 10еЃљд»»еЉЎпјљеЋ»йЂ›IQOOдјљењє;з­‰еѕ…е®Њж€ђ
{
  code: 0,
  data: { bizCode: 103, bizMsg: 'иї™дёЄдеЃљд»»еЉЎпјљеЋ»йЂ›IQOOдјљењє;з­‰еѕ…е®Њж€ђ
{
  code: 0,
  data: { bizCode: 10еЃљд»»еЉЎпјљйЂ›з”џйІњдјљењєжЉўз€†ж¬ѕ;з­‰еѕ…е®Њж€ђ
{
  code: 0,
  data: { bizCode: 103, bizMsg: еЃљд»»еЉЎпјљеЋ»йЂ›дє¬дёњж Ўе›­е€†30дєїиЎҐиґґ;з­‰еѕ…е®Њж€ђ
{
  code: 0,
  data: { bizеЃљд»»еЉЎпјљйЂ›иїЄеЈ«е°јејЂеђЇйЂ жў¦ж—…зЁ‹;з­‰еѕ…е®Њж€ђ
{
  code: 0,
  data: { bizCode: 103, bizMsg: 'иеЃљд»»еЉЎпјљеЋ»йЂ›зЋ©е…·д№ђе™Ёдјљењє;з­‰еѕ…е®Њж€ђ
{
  code: 0,
  data: { bizCode: еЃљд»»еЉЎпјљжµЏи§€е®‰е¤љз¦Џз™ѕеЏЇеЁЃйІиљЉж¶І е–·й›ѕећ‹й•їж•€й©±иљЉж°ґж€·е¤–й©±иљЉж¶ІйІиљЉи™«еЏ®еЃљд»»еЉЎпјљжµЏи§д»»еЉЎе®Њж€ђ
еЃљд»»еЉЎпјљжµЏи§€PMPMжµ·иЊґй¦™ж°ґд№іеҐ—иЈ…жІ№зљ®жЉ¤и‚¤еЊ–е¦†е“Ѓе­¦з”џиЎҐж°ґдїќж№їжЋ§жІ№пј€д»»еЉЎе®Њж€ђ
еЃљд»»еЉЎпјљжµЏи§€еї…е€©еЉІ   з›д»»еЉЎе®Њж€ђ
еЃљд»»еЉЎпјљжµЏи§€зѕЋж±Ѓжєђ Minute Maid жћњзІ’ж©™ ж©™ж±Ѓ жћњж±ЃйҐ®жд»»еЉЎе®Њж€ђ
еЃљд»»еЉЎпјљжµЏи§€ж±‡д»Ѓ и‚ѕе®ќз‰‡ 126з‰‡ и°ѓе’Њйґйіжё©йіиЎҐи‚ѕж‰¶ж­Је›єжњ¬зд»»еЉЎе®Њж€ђ
еЃљд»»еЉЎпјљжµЏи§€йЈће€©жµ¦Sonicare жџиЂЂй’»зџізі»е€—ж™єиѓЅеЈ°жіўйњ‡еЉЁд»»еЉЎе®Њж€ђ
еЃљд»»еЉЎпјљжµЏи§€е°Џе…”е­ђе­¦иЉ±д»»еЉЎе®Њж€ђ
еЃљд»»еЉЎпјљжµЏи§€жі•е›Ѕзў§ж¬§жі‰(BIOTHERM)з”·еЈ«ж°ґеЉЁеЉ›жЉ¤и‚¤з¤јз›’еҐ—иЈ…(жґЃйќўи†Џ+з€Ѕи‚¤ж°ґ+дїќж№їд№і жґ—йќўеҐ¶з”· дїќж№д»»еЉЎе®Њж€ђ
еЃљд»»еЉЎпјљжµЏи§€зЋЇзђѓед»»еЉЎе®Њж€ђ
еЃљд»»еЉЎпјљжµЏи§€иҐїйѓЁж•°жЌ®(WD) 1TB NVMe д»»еЉЎе®Њж€ђ
еЃљд»»еЉЎпјљжµЏи§€и›¤иџ†е…€з”џеЋ»зњ‹еїѓзђ†еЊ»з”џпј€зѓ­й”Ђ23е№ґпјЊи‹±е›Ѕз»Џе…ёеїѓзђ†е’ЁиЇўе…Ґй—Ёдд»»еЉЎе®Њж€ђ
еЃљд»»еЉЎпјљжµЏи§€дё№е°је°”жѓ зЃµйЎї Danielд»»еЉЎе®Њж€ђ
еЃљд»»еЉЎпјљжµЏи§€е°ЏзЊЄдЅ©еҐ‡ж€‘дјљдє¤жњ‹еЏ‹пјљдєєй™…дє¤еѕЂжѓ…еўѓи‹±иЇ­еђЇи’™з»жњ¬пј€еҐ—иЈ…10е†Њд»»еЉЎе®Њж€ђ
еЃљд»»еЉЎпјљжµЏи§€vivo iQOO Z3 6GB+128Gд»»еЉЎе®Њж€ђ
еЃљд»»еЉЎпјљжµЏи§€AJ1 з”·е­ђ AIR JORDAN 1 LOW иїђеЉЁйћ‹ 553558 553558-034 44;з­‰еѕ…е®Њж€ђ
д»»еЉЎе®Њж€ђ
еЃљд»»еЉЎпјљжµЏи§€жЉ¤и€’е®ќAlwaysж¬§зѕЋиї›еЏЈж¶ІдЅ“еЌ«з”џе·ѕж—Ґз”Ёз»„еђ€30з‰‡(10з‰‡x3еЊ…)жњЄжќҐж„џжћЃжЉ¤;з­‰еѕ…е®Њж€ђ
д»»еЉЎе®Њж€ђ
еЃљд»»еЉЎпјљжµЏи§€жіўеЏёз™»жҐе­Јж–°ж¬ѕ2021еҐіејЏиЅ»и–„зѕЅз»’жњЌеҐіз«‹йў†дј‘й—Із™ѕжђ­дї®иє«зџ­ж¬ѕB10131006 й»‘и‰ІжёђеЏ9C87 165/88A;з­‰еѕ…е®Њж€ђ
д»»еЉЎе®Њж€ђ
еЃљд»»еЉЎпјљжµЏи§€е…°и”»пј€LANCOMEпј‰е°Џй»‘з“¶е…Ёж–°и‚Њеє•зІѕеЌЋж¶І50ml еЊ–е¦†е“ЃеҐ—иЈ…жЉ¤и‚¤ йќўйѓЁзІѕеЌЋ дїќж№їиЎҐж°ґдї®жЉ¤з»ґзЁі з¤јз›’ 618з€†ж¬ѕ;з­‰еѕ…е®Њж€ђ
д»»еЉЎе®Њж€ђ
еЃљд»»еЉЎпјљжµЏи§€еЌљжњ—пј€Braunпј‰з”·еЈ«з”µеЉЁе‰ѓйЎ»е€ЂеѕЂе¤ЌејЏе€®иѓЎе€Ђе°ЏзЊЋи±№5зі»1000sпј€з™Ѕи‰І)пј€ж–°иЂЃеЊ…иЈ…йљЏжњєеЏ‘иґ§пј‰йѕљдїЉеђЊж¬ѕ  з€¶дєІиЉ‚з¤јз‰©;з­‰еѕ…е®Њж€ђ
д»»еЉЎе®Њж€ђ
еЃљд»»еЉЎпјљжµЏи§€з§‘е‹’еЈЃжЊ‚ејЏй©¬жЎ¶жЊ‚еў™еќђдѕїе™Ёйљђи—ЏејЏж°ґз®±еµЊе…ҐејЏеў™жЋ’з›ґе†Ій©¬жЎ¶й©¬жЎ¶еє§дѕїе™ЁK-25255 жµ·еѕ·дёЅж°”еЉЁж°ґз®±+зјёдЅ“+ж°”еЉЁйќўжќї+зјд»»еЉЎе®Њж€ђ
еЃљд»»еЉЎпјд»»еЉЎе®Њж€ђ
еЃљд»»еЉЎпјљжµЏи§€Move Freeз›ЉиЉ‚з»їз“¶ ж°Ёзі–иЅЇйЄЁзґ й’™з‰‡ зѕЋе›Ѕиї›еЏЈз»ґйЄЁеЉ›MSM иЎҐж°Ёеџєи‘Ўиђ„зі– йЄд»»еЉЎе®Њж€ђ
еЃљд»»еЉЎпјљжµЏи§€е®‰еѕ·зЋ›е®ж–№UA Charged Escaд»»еЉЎе®Њж€ђ
еЃљд»»еЉЎпјљжµЏи§€и€’и‚¤дЅі420ml*6ж”Їжґ—ж‰‹ж¶ІеҐ—иЈ… зєЇз™д»»еЉЎе®Њж€ђ
еЃљд»»еЉЎпјљжµЏи§€е®‰иёЏ ANTA е®ж–№ж——и€°е®‰иёЏC37еЉ +иЅЇи·‘йћ‹з”·йћ‹д»»еЉЎе®Њж€ђ
еЃљд»»еЉЎпјљжµЏи§€иЂђе…‹ з”·е­ђ NIKE COURT LEGACY иїђеЉЁйћ‹ CU4150 CU4150-105 4д»»еЉЎе®Њж€ђ
еЃд»»еЉЎе®Њж€ђ
еЃљд»»еЉЎпјљжµЏи§€RedmiBook Pro 15 иЅ»и–„жњ¬(11д»Јй…·зќїi5-11300H 16G 512G PCIE й”ђз‚¬жѕеЌЎ 3.2K 90Hzе…Ёйќўе±Џ) зєўз±іе°Џз±із¬”и®°жњ¬з”µи„‘;з­‰еѕ…е®Њж€ђ
д»»еЉЎе®Њж€ђ
еЃљд»»еЉЎпјљжµЏи§€ж…•жЂќд№іиѓ¶еєЉећ« жЉ‘иЏЊйІићЁеё­жў¦жЂќ3cmеЉ еЋљд№іиѓ¶жЉ¤и„Љз‹¬з«‹з­’еј№з°§еЏЊдєєеєЉећ« дё‰й‡ЌжЉ‘иЏЊ-д№іиѓ¶еєЉећ«(еЌ‡зє§ж¬ѕ) 1800*2000;з­‰еѕ…е®Њж€д»д»»еЉЎе®Њж€ђ
еЃљд»»еЉЎпјљжµЏи§€зѕЋзљ„(Midea) ж–°иѓЅж•€ ж™єиЎЊII ж™єиѓЅе®¶з”µ еЏйў‘е†·жљ– е¤§3еЊ№е®ўеЋ…ењ†жџ±з©єи°ѓз«‹ејЏжџњжњєKFR-72LW/N8MJд»»еЉЎе®Њж€ђ
еЃљд»»еЉЎпјљжµЏид»»еЉЎе®Њж€ђ
еЃљд»»еЉЎпјљжµЏи§€ж·»еЏЇ(TINECO)ж— зєїж™єиѓЅжґ—ењ°жњєиЉ™дё‡е®¶з”Ёж‰«ж‹–жґ—ењ°дёЂдЅ“жё…жґЃеђёе°е™Ё;з­‰еѕ…е®Њж€ђ
д»»еЉЎе®Њж€ђ
еЃљд»»еЉЎпјљеЋ»йў†дёЂз®±е…Ќиґ№ж°ґжћњ;з­‰еѕ…е®Њж€ђ
д»»еЉЎе®Њж€ђ
еЃљд»»еЉЎпјљеЋ»з­ѕе€°йў†дє¬и±†;з­‰еѕ…е®Њж€ђ
д»»еЉЎе®Њж€ђ
еЃљд»»еЉЎпјљеЋ»е°ЏзЁ‹еєЏзЋ©дє’еЉЁи§Јй”Ѓж–°з¦Џе€©;з­‰еѕ…е®Њж€ђ
д»»еЉЎе®Њж€ђ
еЃљд»»еЉЎпјљеЋ»з“ње€†1.8дєїдє¬и±†;з­‰еѕ…е®Њж€ђ
д»»еЉЎе®Њж€ђ
еЃљд»»еЉЎпјљеЋ»йЂ›з€†ж¬ѕ1е…ѓз–ЇжЉўеЊ…й‚®;з­‰еѕ…е®Њж€ђ
д»»еЉЎе®Њж€ђ
еЃљд»»еЉЎпјљй™ђж—¶жЉў9.9е…ѓз€†е“ЃеҐЅиґ§;з­‰еѕ…е®Њж€ђ
д»»еЉЎе®Њж€ђ
еЃљд»»еЉЎпјљеЋ»жЉўз‰№д»‘и‹Џз«‹е‡Џ30е…ѓ;з­‰еѕ…е®Њж€ђ
д»»еЉЎе®Њж€ђ
еЃљд»»еЉЎпјљеЋ»е…Ґдјљз“ње€†1дєїдє¬и±†;з­‰еѕ…е®Њж€ђ
д»»еЉЎе®Њж€ђ
еЋ»еЃљеє—й“єд»»еЉЎ
иЋ·еЏ–е€°44дёЄеє—й“є
ж‰§иЎЊз¬¬1дёЄеє—й“єд»»еЉЎпјљ ID:24299
еє—й“єз­ѕе€°
еЃљд»»еЉЎпјљеЋ»йЂ›жќҐдјЉд»Ѕж——и€°еє—;з­‰еѕ…е®Њж€ђ
жґ»еЉЁеј‚еёёе•¦пјЊиЇ·зЁЌеђЋе†ЌиЇ•~
еЃљд»»еЉЎпјљйЂ›йЂ›жќҐдјЉд»ЅзҐће€ёдјљењє;з­‰еѕ…е®Њж€ђ
жґ»еЉЁеј‚еёёе•¦пјЊиЇ·зЁЌеђЋе†ЌиЇ•~
еЃљд»»еЉЎпјљйЂ›жќҐдјЉд»Ѕ9.9е†…иґ­з§’жќЂдјљењє;з­‰еѕ…е®Њж€ђ
д»»еЉЎе®Њж€ђ
ж‰§иЎЊз¬¬2дёЄеє—й“єд»»еЉЎпјљ ID:1000096602
еє—й“єз­ѕе€°
еЃљд»»еЉЎпјљеЋ»йЂ›дє¬дёњдє¬йЂ йў†зєўеЊ…;з­‰еѕ…е®Њж€ђ
жґ»еЉЁеј‚еёёе•¦пјЊиЇ·зЁЌеђЋе†ЌиЇ•~
еЃљд»»еЉЎпјљз‚№е‡»жџҐзњ‹жЇЏж—Ґй™ђй‡Џз§’жќЂж¬ѕ;з­‰еѕ…е®Њж€ђ
жґ»еЉЁеј‚еёёе•¦пјЊиЇ·зЁЌеђЋе†ЌиЇ•~
еЃљд»»еЉЎпјље…Ёењє1е…ѓеЉ д»·иґ­ ж€іж€‘йў†е€ё;з­‰еѕ…е®Њж€ђ
д»»еЉЎе®Њж€ђ
ж‰§иЎЊз¬¬3дёЄеє—й“єд»»еЉЎпјљеё®е®ќйЂ‚дє¬дёњи‡ЄиђҐе®ж–№ж——и€°еє— ID:1000001933
еє—й“єз­ѕе€°
еЃљд»»еЉЎпјљеЋ»йЂ›её®е®ќйЂ‚ж——и€°еє—;з­д»»еЉЎе·Іе®жґ»еЉЁеј‚еёёе•¦пјЊиЇ·зЁЌеђЋе†ЌиЇ•~
еЃљд»»еЉЎпјљеЋ»йЂ›её®е®ќйЂ‚жґ»еЉЁйЎµ;зд»»еЉЎе·Іе®Њжґ»еЉЁеј‚еёёе•¦пјЊиЇ·зЁЌеђЋе†ЌиЇ•~
еЃљд»»еЉЎпјљжµЏи§€её®е®ќйЂ‚з€†ж¬ѕ;д»»еЉЎе®Њж€ђ
ж‰§иЎЊз¬¬4дёЄж‰§иЎЊз¬¬4дёЄеє—й“єд»»еЉЎеЃљд»»еЉЎпјљееє—й“єз­ѕе€°
еЃљд»»еЉЎпјљеЋ»йЂ›еҐҐз‰№д»»еЉЎе·Іе®Њж€ђпјЊиЋ·еѕ—50жґ»еЉЁеј‚еёёе•¦пјЊиЇ·зЁЌеђЋе†ЌиЇ•~
еЃљд»»еЉЎпјљйЂ›йЂ›еҐҐз‰№иЋд»»еЉЎе·Іе®Њж€ђпјЊиЋ·еѕ—500жґ»еЉЁеж‰§иЎЊз¬¬5дёЄеє—й“єд»»еЉЎпјљж‰§иЎЊз¬¬5дёЄеєеЃљд»»еЉЎпјљеЋ»йЂ›з¦§зѕЋжµ·деє—й“єз­ѕе€°
еЃљд»»еЉЎпјљеЋ»йЂ›д»»еЉЎе·Іе®Њж€ђпјЊиЋ·еѕ—500й‡‘еёЃ
еЃљд»»ежґ»еЉЁеј‚еёёе•¦пјЊиЇ·зЁЌеђЋе†ЌиЇ•~
еЃљд»»еЉЎпјд»»еЉЎе·Іе®Њж€ђпјЊиЋ·еѕ—500й‡‘еёЃ
еЃљд»»еЉжґ»еЉЁеј‚еёёе•¦пјЊиЇ·зЁЌеђЋе†ЌиЇ•~
еЃљд»»еЉЎпд»»еЉЎе®Њж€ђ
ж‰§иЎЊз¬¬6дёЄеє—й“єд»»еЉЎпјљ ID:1000003263
еЃљд»»еЉЎпјљеЋ»йЂ›ж€ґжЈ®и‡ЄиђҐж——и€°еє—;з­‰еє—й“єз­ѕед»»еЉЎе·Іе®Њж€ђпјЊиЋ·еѕ—500й‡‘еёЃ
еЃљд»»еЉЎпјљеЋ»йЂ›ж€ґжжґ»еЉЁеј‚еёёе•¦пјЊиЇ·зЁЌеђЋед»»еЉЎе·Іе®Њж€ђпјЊиЋ·еѕ—500й‡‘еёЃ
еЃљд»»еЉЎпјљйЂ›ж€ґжЈ®еєжґ»еЉЁеј‚еёёе•¦пјЊиЇ·зЁЌеђЋд»»еЉЎе®Њж€ђ
ж‰§иЎЊз¬¬7дёЄеє—й“єд»»еЉЎпјљ ID:1000007482
еЃљд»»еЉЎпјљеЋ»йЂ›йЂ›и‹±з‰№е°”еє—й“є;з­‰еѕ…е®Њж€ђ
д»»еЉЎе·Іе®Њж€ђпјЊиЋ·еѕ—500й‡‘еёЃ
еЃљд»»еЉЎпјљеЋ»йЂ›йЂ›и‹±з‰№е°”еє—й“є;жґ»еЉЁеј‚еёёед»»еЉЎе·Іе®Њж€ђпјЊиЋ·еѕ—500й‡‘еёЃ
еЃљд»»еЉЎпјљеЋ»йЂ›и‹±з‰№е°”618дјљењє;зжґ»еЉЁеј‚еёёд»»еЉЎе®Њж€ђ
ж‰§иЎЊз¬¬8дёЄеє—й“єд»»еЉЎпјљrealmeзњџж€‘дє¬дёњи‡ЄиђҐж——и€°еє— ID:10001649ж‰§еЃљд»»еЉЎпјљеЋ»йЂ›зњџж€‘и‡ЄиђҐж——и€°еє—;з­‰еѕ…е®Њж€ђ
д»»еЉЎе·Іе®Њж€ђпјЊиЋ·еѕ—500й‡‘еёЃ
еЃљд»»еЉЎпјљеЋ»йЂ›зњџж€‘дјље‘йЎµ;з­‰еѕ…е®Њж€ђ
д»»еЉЎе·Іе®Њж€ђпјЊиЋ·еѕ—500й‡‘еёЃ
ж‰§иЎЊз¬¬9дёЄеє—й“єд»»еЉЎпјљUnder Armourе®ж–№ж——и€°еє— ID:182588
еЃљд»»еЉЎпјљжµЏи§€е®‰еѕ·зЋ›зѓ­еЌ–еЌ•е“Ѓ;з­‰еѕ…е®Њж€ђ
д»»еЉЎе®Њж€ђ
еЃљд»»еЉЎпјљеЋ»йЂ›е®‰еѕ·зЋ›е®ж–№ж——и€°еє—;з­‰еѕ…е®Њж€ђ
д»»еЉЎе·Іе®Њж€ђпјЊиЋ·еѕ—500й‡‘еёЃ
еЃљд»»еЉЎпјљжµЏи§€е®‰еѕ·зЋ›й¦–йЎµ;з­‰еѕ…е®Њж€ђ
д»»еЉЎе·Іе®Њж€ђпјЊиЋ·еѕ—500й‡‘еёЃ
ж‰§иЎЊз¬¬10дёЄеє—й“єд»»еЉЎпјљ ID:1000115184
еЃљд»»еЉЎпјљеЋ»йЂ›HFPи‡ЄиђҐж——и€°еє—;з­‰еѕ…е®Њж€ђ
д»»еЉЎе·Іе®Њж€ђпјЊиЋ·еѕ—500й‡‘еёЃ
еЃљд»»еЉЎпјљеЋ»йЂ›HFPи‡ЄиђҐж——и€°еє—;з­‰еѕ…е®Њж€ђ
д»»еЉЎе®Њж€ђ
еЃљд»»еЉЎпјљеЋ»йЂ›HFPйў„е”®йЎµ;з­‰еѕ…е®Њж€ђ
д»»еЉЎе·Іе®Њж€ђпјЊиЋ·еѕ—500й‡‘еёЃ
еЃљд»»еЉЎпјљжµЏи§€HFPеє—й“єе•†е“ЃиµўеҐЅз¤ј;з­‰еѕ…е®Њж€ђ
д»»еЉЎе®Њж€ђ
ж‰§иЎЊз¬¬11дёЄеє—й“єд»»еЉЎпјљиЌЈиЂЂдє¬дёњи‡ЄиђҐж——и€°еє— ID:1000000904
еЃљд»»еЉЎпјљеЋ»йЂ›иЌЈиЂЂеє—й“є;з­‰еѕ…е®Њж€ђ
д»»еЉЎе·Іе®Њж€ђпјЊиЋ·еѕ—500й‡‘еёЃ
еЃљд»»еЉЎпјљйЂ›йЂ›иЌЈиЂЂжЊ‡е®љйЎµйќў;з­‰еѕ…е®Њж€ђ
д»»еЉЎе·Іе®Њж€ђпјЊиЋ·еѕ—500й‡‘еёЃ
еЃљд»»еЉЎпјљиЌЈиЂЂX10зЃ«зѓ­жЉўиґ­;з­‰еѕ…е®Њж€ђ
д»»еЉЎе®Њж€ђ
ж‰§иЎЊз¬¬12дёЄеє—й“єд»»еЉЎпјљ ID:10370169
еЃљд»»еЉЎпјљеЋ»йЂ›з‰№д»‘и‹Џж——и€°еє—;з­‰еѕ…е®Њж€ђ
д»»еЉЎе·Іе®Њж€ђпјЊиЋ·еѕ—500й‡‘еёЃ
еЃљд»»еЉЎпјљеЋ»йЂ›з‰№д»‘и‹Џе“Ѓз‰Њдјљењє;з­‰еѕ…е®Њж€ђ
д»»еЉЎе·Іе®Њж€ђпјЊиЋ·еѕ—500й‡‘еёЃ
еЃљд»»еЉЎпјљеЋ»жµЏи§€з‰№д»‘и‹Џз‰›еҐ¶дјљењє;з­‰еѕ…е®Њж€ђ
д»»еЉЎе®Њж€ђ
ж‰§иЎЊз¬¬13дёЄеє—й“єд»»еЉЎпјљиїЄеҐҐпј€Diorпј‰зѕЋе¦†дє¬дёњи‡ЄиђҐдё“еЊє ID:1000081945
еЃљд»»еЉЎпјљеЋ»йЂ›иїЄеҐҐеє—й“єдє«жѓЉе–њд»·;з­‰еѕ…е®Њж€ђ
д»»еЉЎе·Іе®Њж€ђпјЊиЋ·еѕ—500й‡‘еёЃ
еЃљд»»еЉЎпјљеЋ»йЂ›зѕЋе¦†618дё»дјљењє;з­‰еѕ…е®Њж€ђ
д»»еЉЎе·Іе®Њж€ђпјЊиЋ·еѕ—500й‡‘еёЃ
еЃљд»»еЉЎпјљеЋ»йЂ›еҐҐиїЄдє¬дёњи‡ЄиђҐеє—;з­‰еѕ…е®Њж€ђ
д»»еЉЎе®Њж€ђ
ж‰§иЎЊз¬¬14дёЄеє—й“єд»»еЉЎпјље…°и”»дє¬дёњи‡ЄиђҐе®ж–№дЅ“йЄЊй›¶е”®еє— ID:1000306683
еЃљд»»еЉЎпјљеЋ»йЂ›е…°и”»жЉўз€†е“Ѓ;з­‰еѕ…е®Њж€ђ
д»»еЉЎе·Іе®Њж€ђпјЊиЋ·еѕ—500й‡‘еёЃ
еЃљд»»еЉЎпјљеЋ»йЂ›е…°и”»жЉўзІ‰ж°ґй™ђе®љз‰€;з­‰еѕ…е®Њж€ђ
д»»еЉЎе·Іе®Њж€ђпјЊиЋ·еѕ—500й‡‘еёЃ
еЃљд»»еЉЎпјљеЋ»йЂ›йЂ›е…°и”»дјље‘жќѓз›ЉйЎµ;з­‰еѕ…е®Њж€ђ
д»»еЉЎе®Њж€ђ
ж‰§иЎЊз¬¬15дёЄеє—й“єд»»еЉЎпјљеЌЋзЎ•дє¬дёњи‡ЄиђҐе®ж–№ж——и€°еє— ID:1000000182
еЃљд»»еЉЎпјљйЂ›йЂ›иЃ”жѓіжґ»еЉЁйЎµ;з­‰еѕ…е®Њж€ђ
д»»еЉЎе·Іе®Њж€ђпјЊиЋ·еѕ—500й‡‘еёЃ
еЃљд»»еЉЎпјљеЋ»йЂ›дє¬дёњз”µи„‘;з­‰еѕ…е®Њж€ђ
д»»еЉЎе·Іе®Њж€ђпјЊиЋ·еѕ—500й‡‘еёЃ
еЃљд»»еЉЎпјљйЂ›йЂ›еЌЋзЎ•зѓ­й”Ђдє§е“Ѓ;з­‰еѕ…е®Њж€ђ
д»»еЉЎе®Њж€ђ
ж‰§иЎЊз¬¬16дёЄеє—й“єд»»еЉЎпјљPUMAе®ж–№ж——и€°еє— ID:34239
еЃљд»»еЉЎпјљеЋ»йЂ›PUMAе®ж–№ж——и€°еє—;з­‰еѕ…е®Њж€ђ
д»»еЉЎе·Іе®Њж€ђпјЊиЋ·еѕ—500й‡‘еёЃ
еЃљд»»еЉЎпјљеЋ»йЂ›PUMAз€†ж¬ѕе•†е“Ѓ;з­‰еѕ…е®Њж€ђ
д»»еЉЎе·Іе®Њж€ђпјЊиЋ·еѕ—500й‡‘еёЃ
еЃљд»»еЉЎпјље…іжіЁеє—й“є йў†з§Їе€†;з­‰еѕ…е®Њж€ђ
д»»еЉЎе®Њж€ђ
ж‰§иЎЊз¬¬17дёЄеє—й“єд»»еЉЎпјљзѕЋзљ„дє¬дёњи‡ЄиђҐе®ж–№ж——и€°еє— ID:1000282702
еЃљд»»еЉЎпјљеЋ»йЂ›зѕЋзљ„еЉІзњЃй«иѕѕеЌѓе…ѓ;з­‰еѕ…е®Њж€ђ
д»»еЉЎе·Іе®Њж€ђпјЊиЋ·еѕ—500й‡‘еёЃ
еЃљд»»еЉЎпјљеЋ»йЂ›зѕЋзљ„йў„е”®йЎµ;з­‰еѕ…е®Њж€ђ
д»»еЉЎе·Іе®Њж€ђпјЊиЋ·еѕ—500й‡‘еёЃ
еЃљд»»еЉЎпјљеЋ»зњЃй’±ж”»з•ҐйЎµ;з­‰еѕ…е®Њж€ђ
д»»еЉЎе®Њж€ђ
ж‰§иЎЊз¬¬18дёЄеє—й“єд»»еЉЎпјљеЏЇеЏЈеЏЇд№ђдє¬дёњи‡ЄиђҐж——и€°еє— ID:1000014286
еЃљд»»еЉЎпјљеЋ»йЂ›еЏЇеЏЈеЏЇд№ђеє—й“є;з­‰еѕ…е®Њж€ђ
д»»еЉЎе·Іе®Њж€ђпјЊиЋ·еѕ—500й‡‘еёЃ
еЃљд»»еЉЎпјљеЋ»йЂ›еЏЇеЏЈеЏЇд№ђдјље‘йЎµ;з­‰еѕ…е®Њж€ђ
д»»еЉЎе·Іе®Њж€ђпјЊиЋ·еѕ—500й‡‘еёЃ
ж‰§иЎЊз¬¬19дёЄеє—й“єд»»еЉЎпјљд№ђй«дє¬дёњи‡ЄиђҐж——и€°еє— ID:1000001521
еЃљд»»еЉЎпјљеЋ»йЂ›д№ђй«и‡ЄиђҐж——и€°еє—;з­‰еѕ…е®Њж€ђ
д»»еЉЎе·Іе®Њж€ђпјЊиЋ·еѕ—500й‡‘еёЃ
еЃљд»»еЉЎпјљеЋ»йЂ›д№ђе™Ёй›†еђ€йЎµ;з­‰еѕ…е®Њж€ђ
д»»еЉЎе·Іе®Њж€ђпјЊиЋ·еѕ—500й‡‘еёЃ
еЃљд»»еЉЎпјљжµЏи§€иґ№й›Єпј†зѕЋд№ђе“Ѓз‰Њжґ»еЉЁйЎµ;з­‰еѕ…е®Њж€ђ
д»»еЉЎе®Њж€ђ
ж‰§иЎЊз¬¬20дёЄеє—й“єд»»еЉЎпјљECCOз€±ж­Ґз”·йћ‹ж——и€°еє— ID:59809
еЃљд»»еЉЎпјљLee з‡ѓз€†618 дёЌж­ўдє”жЉ;з­‰еѕ…е®Њж€ђ
д»»еЉЎе·Іе®Њж€ђпјЊиЋ·еѕ—500й‡‘еёЃ
еЃљд»»еЉЎпјљеЋ»йЂ›йЈЋе°љжњЌйҐ°дјљењє;з­‰еѕ…е®Њж€ђ
д»»еЉЎе·Іе®Њж€ђпјЊиЋ·еѕ—500й‡‘еёЃ
еЃљд»»еЉЎпјљжµЏи§€дє¬дёњжњЌйҐ°дё»дјљењє;з­‰еѕ…е®Њж€ђ
д»»еЉЎе®Њж€ђ
еЃљд»»еЉЎпјљеЋ»йЂ›жћњй…±е…¬дё»дє¬дёњж——и€°еє—;з­‰еѕ…е®Њж€ђ
д»»еЉЎе®Њж€ђ
ж‰§иЎЊз¬¬21дёЄеє—й“єд»»еЉЎпјљиЃ”жѓідє¬дёњи‡ЄиђҐж——и€°еє— ID:1000000157
еЃљд»»еЉЎпјљеЋ»йЂ›иЃ”жѓіж——и€°еє—;з­‰еѕ…е®Њж€ђ
д»»еЉЎе·Іе®Њж€ђпјЊиЋ·еѕ—500й‡‘еёЃ
еЃљд»»еЉЎпјљеЋ»йЂ›иЃ”жѓіеє—й“є;з­‰еѕ…е®Њж€ђ
д»»еЉЎе®Њж€ђ
еЃљд»»еЉЎпјљйЂ›иЃ”жѓіжґ»еЉЁйЎµ;з­‰еѕ…е®Њж€ђ
д»»еЉЎе·Іе®Њж€ђпјЊиЋ·еѕ—500й‡‘еёЃ
еЃљд»»еЉЎпјљеЋ»йЂ›иЃ”жѓіиЇ„жµ‹йµењ°;з­‰еѕ…е®Њж€ђ
д»»еЉЎе®Њж€ђ
ж‰§иЎЊз¬¬22дёЄеє—й“єд»»еЉЎпјљж¬§иЋ±й›…дє¬дёњи‡ЄиђҐе®ж–№ж——и€°еє— ID:1000002662
еЃљд»»еЉЎпјљеЋ»йЂ›е·ґй»Ћж¬§иЋ±й›…ж——и€°еє—;з­‰еѕ…е®Њж€ђ
д»»еЉЎе·Іе®Њж€ђпјЊиЋ·еѕ—500й‡‘еёЃ
еЃљд»»еЉЎпјљеЋ»йЂ›е·ґй»Ћж¬§иЋ±й›…йў„е”®йЎµ;з­‰еѕ…е®Њж€ђ
д»»еЉЎе·Іе®Њж€ђпјЊиЋ·еѕ—500й‡‘еёЃ
еЃљд»»еЉЎпјљйЂ›еє—й“єйў†е€ё469е‡Џ20;з­‰еѕ…е®Њж€ђ
д»»еЉЎе®Њж€ђ
ж‰§иЎЊз¬¬23дёЄеє—й“єд»»еЉЎпјљи’™з‰›дє¬дёњи‡ЄиђҐж——и€°еє— ID:1000014803
еЃљд»»еЉЎпјљеЋ»йЂ›и’™з‰›и‡ЄиђҐеє—;з­‰еѕ…е®Њж€ђ
д»»еЉЎе·Іе®Њж€ђпјЊиЋ·еѕ—500й‡‘еёЃ
еЃљд»»еЉЎпјљеЋ»жµЏи§€и’™з‰›дјље‘дјљењє;з­‰еѕ…е®Њж€ђ
д»»еЉЎе·Іе®Њж€ђпјЊиЋ·еѕ—500й‡‘еёЃ
еЃљд»»еЉЎпјљеЋ»жµЏи§€и’™з‰›з‰›еҐ¶дјљењє;з­‰еѕ…е®Њж€ђ
д»»еЉЎе®Њж€ђ
ж‰§иЎЊз¬¬24дёЄеє—й“єд»»еЉЎпјљ ID:1000100813
еЃљд»»еЉЎпјљеЋ»Zдё–д»Јж–°зђѓжЋўж–°;з­‰еѕ…е®Њж€ђ
д»»еЉЎе®Њж€ђ
еЃљд»»еЉЎпјљзњ‹зњ‹жњЂж–°6е¤§иїЅж–°и¶‹еЉї;з­‰еѕ…е®Њж€ђ
д»»еЉЎе·Іе®Њж€ђпјЊиЋ·еѕ—500й‡‘еёЃ
еЃљд»»еЉЎпјљйЂ›618е¤§еЉїж–°е“ЃиµЏ;з­‰еѕ…е®Њж€ђ
д»»еЉЎе·Іе®Њж€ђпјЊиЋ·еѕ—500й‡‘еёЃ
ж‰§иЎЊз¬¬25дёЄеє—й“єд»»еЉЎпјљдё№е°је°”жѓ зЃµйЎїдє¬дёњи‡ЄиђҐж——и€°еє— ID:1000013972
еє—й“єз­ѕе€°
еЃљд»»еЉЎпјљйЂ›DWи‡ЄиђҐж——и€°еє—;з­‰еѕ…е®Њж€ђ
д»»еЉЎе·Іе®Њж€ђпјЊиЋ·еѕ—500й‡‘еёЃ
еЃљд»»еЉЎпјљеЋ»йЂ›DWдјље‘йЎµ;з­‰еѕ…е®Њж€ђ
д»»еЉЎе·Іе®Њж€ђпјЊиЋ·еѕ—500й‡‘еёЃ
еЃљд»»еЉЎпјљжµЏи§€DWж–°е“Ѓ;з­‰еѕ…е®Њж€ђ
д»»еЉЎе®Њж€ђ
ж‰§иЎЊз¬¬26дёЄеє—й“єд»»еЉЎпјљLordeдє¬дёњи‡ЄиђҐж——и€°еє— ID:1000094142
еЃљд»»еЉЎпјљеЋ»йЂ›е® з‰©дјљењє;з­‰еѕ…е®Њж€ђ
д»»еЉЎе·Іе®Њж€ђпјЊиЋ·еѕ—500й‡‘еёЃ
еЃљд»»еЉЎпјљжµЏи§€е® з‰©й¦†;з­‰еѕ…е®Њж€ђ
д»»еЉЎе®Њж€ђ
ж‰§иЎЊз¬¬27дёЄеє—й“єд»»еЉЎпјљеѕ®иЅЇдє¬дёњи‡ЄиђҐе®ж–№ж——и€°еє— ID:1000000326
еЃљд»»еЉЎпјљеЋ»йЂ›еѕ®иЅЇж——и€°еє—;з­‰еѕ…е®Њж€ђ
д»»еЉЎе·Іе®Њж€ђпјЊиЋ·еѕ—500й‡‘еёЃ
еЃљд»»еЉЎпјљйЂ›еѕ®иЅЇе‡єж‰‹е¤єжЅ®иЂЂеЋџе€›;з­‰еѕ…е®Њж€ђ
д»»еЉЎе·Іе®Њж€ђпјЊиЋ·еѕ—500й‡‘еёЃ
ж‰§иЎЊз¬¬28дёЄеє—й“єд»»еЉЎпјљи’™з‰›дЅЋжё©д№іе“Ѓдє¬дёњи‡ЄиђҐж——и€°еє— ID:1000078305
еЃљд»»еЉЎпјљеЋ»йЂ›з®Ђз€±ж——и€°еє—;з­‰еѕ…е®Њж€ђ
д»»еЉЎе·Іе®Њж€ђпјЊиЋ·еѕ—500й‡‘еёЃ
еЃљд»»еЉЎпјљжµЏи§€ж№ѕд»”з Ѓе¤ґдјље‘йЎµ;з­‰еѕ…е®Њж€ђ
д»»еЉЎе·Іе®Њж€ђпјЊиЋ·еѕ—500й‡‘еёЃ
еЃљд»»еЉЎпјљйЂ›ж­Је¤§йЈџе“Ѓдє¬дёњи‡ЄиђҐж——и€°еє—;з­‰еѕ…е®Њж€ђ
д»»еЉЎе®Њж€ђ
ж‰§иЎЊз¬¬29дёЄеє—й“єд»»еЉЎпјљ ID:1000332823
еЃљд»»еЉЎпјљеЋ»еЉћй“¶иЎЊеЌЎйЂЃPLUSдјље‘;з­‰еѕ…е®Њж€ђ
д»»еЉЎе·Іе®Њж€ђпјЊиЋ·еѕ—500й‡‘еёЃ
еЃљд»»еЉЎпјљеЋ»йў†PLUSи¶…зє§иґ­з‰©еЌЎ;з­‰еѕ…е®Њж€ђ
д»»еЉЎе·Іе®Њж€ђпјЊиЋ·еѕ—500й‡‘еёЃ
еЃљд»»еЉЎпјљеЋ»йЂ›и¶…зє§з™ѕдєїиЎҐиґґдјљењє;з­‰еѕ…е®Њж€ђ
д»»еЉЎе®Њж€ђ
ж‰§иЎЊз¬¬30дёЄеє—й“єд»»еЉЎпјљдјЉе€©з‰›еҐ¶дє¬дёњи‡ЄиђҐж——и€°еє— ID:1000013402
еЃљд»»еЉЎпјљйЂ›дјЉе€©еҐЅеє—;з­‰еѕ…е®Њж€ђ
д»»еЉЎе·Іе®Њж€ђпјЊиЋ·еѕ—500й‡‘еёЃ
еЃљд»»еЉЎпјљйЂ›дјЉе€©з‰›еҐ¶и‡ЄиђҐеє—з«‹жЉўеҐЅеҐ¶;з­‰еѕ…е®Њж€ђ
д»»еЉЎе®Њж€ђ
еЃљд»»еЉЎпјљеЋ»йЂ›ж¤ЌйЂ‰дє¬дёњи‡ЄиђҐж——и€°еє—;з­‰еѕ…е®Њж€ђ
д»»еЉЎе·Іе®Њж€ђпјЊиЋ·еѕ—500й‡‘еёЃ
еЃљд»»еЉЎпјљеЋ»йЂ›дјЉе€©з‰›еҐ¶жґ»еЉЁдјљењє;з­‰еѕ…е®Њж€ђ
д»»еЉЎе®Њж€ђ
ж‰§иЎЊз¬¬31дёЄеє—й“єд»»еЉЎпјљ ID:1000004064
еЃљд»»еЉЎпјљеЋ»йЂ›е®ќжґЃеє—й“є;з­‰еѕ…е®Њж€ђ
д»»еЉЎе·Іе®Њж€ђпјЊиЋ·еѕ—500й‡‘еёЃ
еЃљд»»еЉЎпјљеЋ»йЂ›е®ќжґЃе®ж–№ж——и€°еє—;з­‰еѕ…е®Њж€ђ
д»»еЉЎе®Њж€ђ
еЃљд»»еЉЎпјљйЂ›е¤§з‰Њжґ—жЉ¤дјљењє;з­‰еѕ…е®Њж€ђ
д»»еЉЎе·Іе®Њж€ђпјЊиЋ·еѕ—500й‡‘еёЃ
еЃљд»»еЉЎпјљеЋ»йў†е®ќжґЃдјље‘з¦Џе€©е€ёеЊ…;з­‰еѕ…е®Њж€ђ
д»»еЉЎе®Њж€ђ
ж‰§иЎЊз¬¬32дёЄеє—й“єд»»еЉЎпјљOPPOдє¬дёњи‡ЄиђҐе®ж–№ж——и€°еє— ID:1000004065
еЃљд»»еЉЎпјљеЋ»йЂ›йЂ›OPPOи‡ЄиђҐж——и€°еє—;з­‰еѕ…е®Њж€ђ
д»»еЉЎе·Іе®Њж€ђпјЊиЋ·еѕ—500й‡‘еёЃ
еЃљд»»еЉЎпјљжµЏи§€OPPOзњЃй’±ж”»з•ҐйЎµ;з­‰еѕ…е®Њж€ђ
д»»еЉЎе·Іе®Њж€ђпјЊиЋ·еѕ—500й‡‘еёЃ
еЃљд»»еЉЎпјљжµЏи§€е­¦з”џжќѓз›Љжґ»еЉЁйЎµ;з­‰еѕ…е®Њж€ђ
д»»еЉЎе®Њж€ђ
ж‰§иЎЊз¬¬33дёЄеє—й“єд»»еЉЎпјљжќЋе®Ѓе®ж–№ж——и€°еє— ID:58366
еЃљд»»еЉЎпјљеЋ»йЂ›йЂ›жќЋе®Ѓе®ж–№ж——и€°еє—;з­‰еѕ…е®Њж€ђ
д»»еЉЎе·Іе®Њж€ђпјЊиЋ·еѕ—500й‡‘еёЃ
еЃљд»»еЉЎпјљжµЏи§€жќЋе®Ѓжґ»еЉЁдјљењєдє«еҐЅз¤ј;з­‰еѕ…е®Њж€ђ
д»»еЉЎе·Іе®Њж€ђпјЊиЋ·еѕ—500й‡‘еёЃ
еЃљд»»еЉЎпјљеЋ»йЂ›йЂ›жќЋе®Ѓйў„е”®й¦–з§Ђ;з­‰еѕ…е®Њж€ђ
д»»еЉЎе®Њж€ђ
ж‰§иЎЊз¬¬34дёЄеє—й“єд»»еЉЎпјљжµ·е°”дє¬дёњи‡ЄиђҐж——и€°еє— ID:1000001782
еЃљд»»еЉЎпјљйЂ›жµ·е°”и‡ЄиђҐж——и€°еє—;з­‰еѕ…е®Њж€ђ
д»»еЉЎе·Іе®Њж€ђпјЊиЋ·еѕ—500й‡‘еёЃ
ж‰§иЎЊз¬¬35дёЄеє—й“єд»»еЉЎпјљиЂђе…‹пј€NIKEпј‰дє¬дёњи‡ЄиђҐдё“еЊє ID:1000001927
еЃљд»»еЉЎпјљеЋ»йЂ›иЂђе…‹и‡ЄиђҐдё“еЊє;з­‰еѕ…е®Њж€ђ
д»»еЉЎе·Іе®Њж€ђпјЊиЋ·еѕ—500й‡‘еёЃ
еЃљд»»еЉЎпјљеЋ»йЂ›иЂђе…‹е¤Џе­Је“Ѓдјљењє;з­‰еѕ…е®Њж€ђ
ЁЌеђЋе†ЌиЇ•~
еЃљд»»еЉЎпјљеЋ»йЂ›йЂ›жќЋе®Ѓйў„е”®й¦–з§Ђ;з­‰еѕ…е®Њж€ђ
д»»еЉЎе®Њж€ђ
ж‰§иЎЊз¬¬34дёЄеє—й“єд»»еЉЎпјљжµ·е°”дє¬дёњи‡ЄиђҐж——и€°еє— ID:1000001782
еє—й“єз­ѕе€°
еЃљд»»еЉЎпјљйЂ›жµ·е°”и‡ЄиђҐж——и€°еє—;з­‰еѕ…е®Њж€ђ
жґ»еЉЁеј‚еёёе•¦пјЊиЇ·зЁЌеђЋе†ЌиЇ•~
ж‰§иЎЊз¬¬35дёЄеє—й“єд»»еЉЎпјљиЂђе…‹пј€NIKEпј‰дє¬дёњи‡ЄиђҐдё“еЊє ID:1000001927
еє—й“єз­ѕе€°
еЃљд»»еЉЎпјљеЋ»йЂ›иЂђе…‹и‡ЄиђҐдё“еЊє;з­‰еѕ…е®Њж€ђ
