Jun 14 05:15:00 
Jun 14 05:15:00 🔔与'粽'不同, 开始!
Jun 14 05:15:00 您的cookie选择的是用&隔开
Jun 14 05:15:00 
Jun 14 05:15:00 
Jun 14 05:15:00 ====================共有2个京东账号Cookie=========
Jun 14 05:15:00 
Jun 14 05:15:00 
Jun 14 05:15:00 🔔与'粽'不同, 开始!
Jun 14 05:15:00 ==================脚本执行- 北京时间(UTC+8)：6/14/2021, 5:15:00 AM=====================
Jun 14 05:15:00 
Jun 14 05:15:00 您的cookie选择的是用&隔开
Jun 14 05:15:00 
Jun 14 05:15:00 
Jun 14 05:15:00 ====================共有2个京东账号Cookie=========
Jun 14 05:15:00 
Jun 14 05:15:00 ==================脚本执行- 北京时间(UTC+8)：6/14/2021, 5:15:00 AM=====================
Jun 14 05:15:00 
Jun 14 05:15:00 
Jun 14 05:15:00 ******开始【京东账号1】赛格di*********
Jun 14 05:15:00 
Jun 14 05:15:00 
Jun 14 05:15:00 ******开始【京东账号1】赛格di*********
Jun 14 05:15:00 
Jun 14 05:15:01 你好：赛格di
Jun 14 05:15:01 你好：赛格di
Jun 14 05:15:01 京东没有返回数据
Jun 14 05:15:01 京东没有返回数据
Jun 14 05:15:01 
Jun 14 05:15:01  ->加入会员
Jun 14 05:15:01    ->根据用户设置，不执行加入会员任务。
Jun 14 05:15:01 
Jun 14 05:15:01  ->加入会员
Jun 14 05:15:01    ->根据用户设置，不执行加入会员任务。
Jun 14 05:15:02 
Jun 14 05:15:02  ->加购商品
Jun 14 05:15:02    ->根据用户设置，不执行加购任务。
Jun 14 05:15:02 
Jun 14 05:15:02  ->关注店铺
Jun 14 05:15:02    ->已完成
Jun 14 05:15:02 
Jun 14 05:15:02  ->关注商品
Jun 14 05:15:02 
Jun 14 05:15:02  ->加购商品
Jun 14 05:15:02    ->根据用户设置，不执行加购任务。
Jun 14 05:15:02 
Jun 14 05:15:02  ->关注店铺
Jun 14 05:15:02    ->已完成
Jun 14 05:15:02 
Jun 14 05:15:02  ->关注商品
Jun 14 05:15:02     ->完成任务，获得【1】游戏机会
Jun 14 05:15:02 {"result":false,"data":3,"count":0,"errorMessage":"任务已完成"}
Jun 14 05:15:04 
Jun 14 05:15:04  ->签到
Jun 14 05:15:04 
Jun 14 05:15:04  ->签到
Jun 14 05:15:04     ->完成任务，获得【1】游戏机会
Jun 14 05:15:04 {"result":false,"data":3,"count":0,"errorMessage":"任务已完成"}
Jun 14 05:15:06 
Jun 14 05:15:06 当前可参加游戏次数:6
Jun 14 05:15:06  ->开始龙舟赛，比赛时间较长，请耐心等待。
Jun 14 05:15:06 
Jun 14 05:15:06 当前可参加游戏次数:6
Jun 14 05:15:06  ->开始龙舟赛，比赛时间较长，请耐心等待。
Jun 14 05:15:18     ->完成游戏，获得【460】龙币
Jun 14 05:15:18  ->开始龙舟赛，比赛时间较长，请耐心等待。
Jun 14 05:15:34     ->完成游戏，获得【540】龙币
Jun 14 05:15:34  ->开始龙舟赛，比赛时间较长，请耐心等待。
Jun 14 05:16:02     ->完成游戏，获得【840】龙币
Jun 14 05:16:02  ->开始龙舟赛，比赛时间较长，请耐心等待。
Jun 14 05:16:13     ->完成游戏，获得【540】龙币
Jun 14 05:16:13  ->开始龙舟赛，比赛时间较长，请耐心等待。
Jun 14 05:16:40     ->完成游戏，获得【520】龙币
Jun 14 05:16:40  ->开始龙舟赛，比赛时间较长，请耐心等待。
Jun 14 05:16:40 {"result":false,"data":-1,"count":0,"errorMessage":"您没有游戏机会了，做任务可获得更多游戏机会"}
Jun 14 05:16:52     ->完成游戏，获得【320】龙币
Jun 14 05:16:52  ->开始龙舟赛，比赛时间较长，请耐心等待。
Jun 14 05:16:52 {"result":false,"data":-1,"count":0,"errorMessage":"您没有游戏机会了，做任务可获得更多游戏机会"}
Jun 14 05:17:25  ->开始龙舟赛，比赛时间较长，请耐心等待。
Jun 14 05:17:25 {"result":false,"data":-1,"count":0,"errorMessage":"您没有游戏机会了，做任务可获得更多游戏机会"}
Jun 14 05:17:39  ->开始龙舟赛，比赛时间较长，请耐心等待。
Jun 14 05:17:40 {"result":false,"data":-1,"count":0,"errorMessage":"您没有游戏机会了，做任务可获得更多游戏机会"}
Jun 14 05:17:41  ->开始龙舟赛，比赛时间较长，请耐心等待。
Jun 14 05:17:41 {"result":false,"data":-1,"count":0,"errorMessage":"您没有游戏机会了，做任务可获得更多游戏机会"}
Jun 14 05:17:56 
Jun 14 05:17:56 当前共获得【20680】龙币
Jun 14 05:17:56 当前可使用【3280】龙币
Jun 14 05:17:56 当前可抽奖【16】次
Jun 14 05:17:56 
Jun 14 05:17:56  ->开始第【1】次抽奖
Jun 14 05:17:56     ->很遗憾未中奖
Jun 14 05:18:01 
Jun 14 05:18:01  ->开始第【2】次抽奖
Jun 14 05:18:01     ->很遗憾未中奖
Jun 14 05:18:06 
Jun 14 05:18:06  ->开始第【3】次抽奖
Jun 14 05:18:07     ->很遗憾未中奖
Jun 14 05:18:12 
Jun 14 05:18:12  ->开始第【4】次抽奖
Jun 14 05:18:12     ->很遗憾未中奖
Jun 14 05:18:15  ->开始龙舟赛，比赛时间较长，请耐心等待。
Jun 14 05:18:16 {"result":false,"data":-1,"count":0,"errorMessage":"您没有游戏机会了，做任务可获得更多游戏机会"}
Jun 14 05:18:17 
Jun 14 05:18:17  ->开始第【5】次抽奖
Jun 14 05:18:17     ->很遗憾未中奖
Jun 14 05:18:22 
Jun 14 05:18:22  ->开始第【6】次抽奖
Jun 14 05:18:23     ->很遗憾未中奖
Jun 14 05:18:28 
Jun 14 05:18:28  ->开始第【7】次抽奖
Jun 14 05:18:29     ->很遗憾未中奖
Jun 14 05:18:34 
Jun 14 05:18:34  ->开始第【8】次抽奖
Jun 14 05:18:34     ->很遗憾未中奖
Jun 14 05:18:39 
Jun 14 05:18:39  ->开始第【9】次抽奖
Jun 14 05:18:40     ->很遗憾未中奖
Jun 14 05:18:40 
Jun 14 05:18:40 当前共获得【20680】龙币
Jun 14 05:18:40 当前可使用【1480】龙币
Jun 14 05:18:40 当前可抽奖【7】次
Jun 14 05:18:40 
Jun 14 05:18:40  ->开始第【1】次抽奖
Jun 14 05:18:40     ->很遗憾未中奖
Jun 14 05:18:45 
Jun 14 05:18:45  ->开始第【10】次抽奖
Jun 14 05:18:45     ->很遗憾未中奖
Jun 14 05:18:45 
Jun 14 05:18:45  ->开始第【2】次抽奖
Jun 14 05:18:45     ->很遗憾未中奖
Jun 14 05:18:50 
Jun 14 05:18:50  ->开始第【11】次抽奖
Jun 14 05:18:50     ->很遗憾未中奖
Jun 14 05:18:50 
Jun 14 05:18:50  ->开始第【3】次抽奖
Jun 14 05:18:51     ->很遗憾未中奖
Jun 14 05:18:55 
Jun 14 05:18:55  ->开始第【12】次抽奖
Jun 14 05:18:55     ->很遗憾未中奖
Jun 14 05:18:56 
Jun 14 05:18:56  ->开始第【4】次抽奖
Jun 14 05:18:56     ->很遗憾未中奖
Jun 14 05:19:00 
Jun 14 05:19:00  ->开始第【13】次抽奖
Jun 14 05:19:01 {"result":false,"data":-1,"count":0,"errorMessage":"抽奖机会不足"}
Jun 14 05:19:01 
Jun 14 05:19:01  ->开始第【5】次抽奖
Jun 14 05:19:01 {"result":false,"data":-1,"count":0,"errorMessage":"抽奖机会不足"}
Jun 14 05:19:06 
Jun 14 05:19:06  ->开始第【14】次抽奖
Jun 14 05:19:06 {"result":false,"data":-1,"count":0,"errorMessage":"抽奖机会不足"}
Jun 14 05:19:06 
Jun 14 05:19:06  ->开始第【6】次抽奖
Jun 14 05:19:06 {"result":false,"data":-1,"count":0,"errorMessage":"抽奖机会不足"}
Jun 14 05:19:11 
Jun 14 05:19:11  ->开始第【15】次抽奖
Jun 14 05:19:11 {"result":false,"data":-1,"count":0,"errorMessage":"抽奖机会不足"}
Jun 14 05:19:11 
Jun 14 05:19:11  ->开始第【7】次抽奖
Jun 14 05:19:11 {"result":false,"data":-1,"count":0,"errorMessage":"抽奖机会不足"}
Jun 14 05:19:16 
Jun 14 05:19:16  ->开始第【16】次抽奖
Jun 14 05:19:16 {"result":false,"data":-1,"count":0,"errorMessage":"抽奖机会不足"}
Jun 14 05:19:16 
Jun 14 05:19:16 ******开始【京东账号2】了来风*********
Jun 14 05:19:16 
Jun 14 05:19:17 你好：了来风
Jun 14 05:19:17 京东没有返回数据
Jun 14 05:19:17 
Jun 14 05:19:17  ->加入会员
Jun 14 05:19:17    ->根据用户设置，不执行加入会员任务。
Jun 14 05:19:18 
Jun 14 05:19:18  ->加购商品
Jun 14 05:19:18    ->根据用户设置，不执行加购任务。
Jun 14 05:19:18 
Jun 14 05:19:18  ->关注店铺
Jun 14 05:19:18    ->已完成
Jun 14 05:19:18 
Jun 14 05:19:18  ->关注商品
Jun 14 05:19:18     ->完成任务，获得【1】游戏机会
Jun 14 05:19:20 
Jun 14 05:19:20  ->签到
Jun 14 05:19:20     ->完成任务，获得【1】游戏机会
Jun 14 05:19:21 
Jun 14 05:19:21 ******开始【京东账号2】了来风*********
Jun 14 05:19:21 
Jun 14 05:19:21 你好：了来风
Jun 14 05:19:21 京东没有返回数据
Jun 14 05:19:22 
Jun 14 05:19:22  ->加入会员
Jun 14 05:19:22    ->根据用户设置，不执行加入会员任务。
Jun 14 05:19:22 
Jun 14 05:19:22  ->加购商品
Jun 14 05:19:22    ->根据用户设置，不执行加购任务。
Jun 14 05:19:22 
Jun 14 05:19:22  ->关注店铺
Jun 14 05:19:22    ->已完成
Jun 14 05:19:22 
Jun 14 05:19:22  ->关注商品
Jun 14 05:19:22    ->已完成
Jun 14 05:19:22 
Jun 14 05:19:22  ->签到
Jun 14 05:19:22    ->已完成
Jun 14 05:19:22 
Jun 14 05:19:22 当前可参加游戏次数:4
Jun 14 05:19:22  ->开始龙舟赛，比赛时间较长，请耐心等待。
Jun 14 05:19:22 
Jun 14 05:19:22 当前可参加游戏次数:4
Jun 14 05:19:22  ->开始龙舟赛，比赛时间较长，请耐心等待。
Jun 14 05:19:37     ->完成游戏，获得【700】龙币
Jun 14 05:19:37  ->开始龙舟赛，比赛时间较长，请耐心等待。
Jun 14 05:19:53 {"result":false,"data":null,"count":0,"errorMessage":"您本次游戏存在刷分行为，得分无效"}
Jun 14 05:19:53  ->开始龙舟赛，比赛时间较长，请耐心等待。
Jun 14 05:20:01     ->完成游戏，获得【600】龙币
Jun 14 05:20:01  ->开始龙舟赛，比赛时间较长，请耐心等待。
Jun 14 05:20:01 {"result":false,"data":-1,"count":0,"errorMessage":"您没有游戏机会了，做任务可获得更多游戏机会"}
Jun 14 05:20:15     ->完成游戏，获得【700】龙币
Jun 14 05:20:15  ->开始龙舟赛，比赛时间较长，请耐心等待。
Jun 14 05:20:15 {"result":false,"data":-1,"count":0,"errorMessage":"您没有游戏机会了，做任务可获得更多游戏机会"}
Jun 14 05:20:30  ->开始龙舟赛，比赛时间较长，请耐心等待。
Jun 14 05:20:30 {"result":false,"data":-1,"count":0,"errorMessage":"您没有游戏机会了，做任务可获得更多游戏机会"}
Jun 14 05:20:54  ->开始龙舟赛，比赛时间较长，请耐心等待。
Jun 14 05:20:54 {"result":false,"data":-1,"count":0,"errorMessage":"您没有游戏机会了，做任务可获得更多游戏机会"}
Jun 14 05:21:09 
Jun 14 05:21:09 当前共获得【20660】龙币
Jun 14 05:21:09 当前可使用【2060】龙币
Jun 14 05:21:09 当前可抽奖【10】次
Jun 14 05:21:09 
Jun 14 05:21:09  ->开始第【1】次抽奖
Jun 14 05:21:10     ->很遗憾未中奖
Jun 14 05:21:15 
Jun 14 05:21:15  ->开始第【2】次抽奖
Jun 14 05:21:15     ->很遗憾未中奖
Jun 14 05:21:16 
Jun 14 05:21:16 当前共获得【20660】龙币
Jun 14 05:21:16 当前可使用【1660】龙币
Jun 14 05:21:16 当前可抽奖【8】次
Jun 14 05:21:16 
Jun 14 05:21:16  ->开始第【1】次抽奖
Jun 14 05:21:17     ->很遗憾未中奖
Jun 14 05:21:20 
Jun 14 05:21:20  ->开始第【3】次抽奖
Jun 14 05:21:21     ->很遗憾未中奖
Jun 14 05:21:22 
Jun 14 05:21:22  ->开始第【2】次抽奖
Jun 14 05:21:22     ->很遗憾未中奖
Jun 14 05:21:26 
Jun 14 05:21:26  ->开始第【4】次抽奖
Jun 14 05:21:26     ->很遗憾未中奖
Jun 14 05:21:27 
Jun 14 05:21:27  ->开始第【3】次抽奖
Jun 14 05:21:27     ->很遗憾未中奖
Jun 14 05:21:31 
Jun 14 05:21:31  ->开始第【5】次抽奖
Jun 14 05:21:31     ->很遗憾未中奖
Jun 14 05:21:32 
Jun 14 05:21:32  ->开始第【4】次抽奖
Jun 14 05:21:32     ->很遗憾未中奖
Jun 14 05:21:36 
Jun 14 05:21:36  ->开始第【6】次抽奖
Jun 14 05:21:36     ->很遗憾未中奖
Jun 14 05:21:37 
Jun 14 05:21:37  ->开始第【5】次抽奖
Jun 14 05:21:37 {"result":false,"data":-1,"count":0,"errorMessage":"抽奖机会不足"}
Jun 14 05:21:41 
Jun 14 05:21:41  ->开始第【7】次抽奖
Jun 14 05:21:42 {"result":false,"data":-1,"count":0,"errorMessage":"抽奖机会不足"}
Jun 14 05:21:42 
Jun 14 05:21:42  ->开始第【6】次抽奖
Jun 14 05:21:43 {"result":false,"data":-1,"count":0,"errorMessage":"抽奖机会不足"}
Jun 14 05:21:47 
Jun 14 05:21:47  ->开始第【8】次抽奖
Jun 14 05:21:47 {"result":false,"data":-1,"count":0,"errorMessage":"抽奖机会不足"}
Jun 14 05:21:48 
Jun 14 05:21:48  ->开始第【7】次抽奖
Jun 14 05:21:48 {"result":false,"data":-1,"count":0,"errorMessage":"抽奖机会不足"}
Jun 14 05:21:52 
Jun 14 05:21:52  ->开始第【9】次抽奖
Jun 14 05:21:52 {"result":false,"data":-1,"count":0,"errorMessage":"抽奖机会不足"}
Jun 14 05:21:53 
Jun 14 05:21:53  ->开始第【8】次抽奖
Jun 14 05:21:53 {"result":false,"data":-1,"count":0,"errorMessage":"抽奖机会不足"}
Jun 14 05:21:57 
Jun 14 05:21:57  ->开始第【10】次抽奖
Jun 14 05:21:57 {"result":false,"data":-1,"count":0,"errorMessage":"抽奖机会不足"}
Jun 14 05:21:58 
Jun 14 05:21:58 🔔与'粽'不同, 结束! 🕛 417.618 秒
Jun 14 05:21:58 
Jun 14 05:22:02 
Jun 14 05:22:02 🔔与'粽'不同, 结束! 🕛 421.746 秒
Jun 14 05:22:02 
Jun 15 05:15:00 
Jun 15 05:15:00 🔔与'粽'不同, 开始!
Jun 15 05:15:00 您的cookie选择的是用&隔开
Jun 15 05:15:00 
Jun 15 05:15:00 
Jun 15 05:15:00 ====================共有2个京东账号Cookie=========
Jun 15 05:15:00 
Jun 15 05:15:00 
Jun 15 05:15:00 🔔与'粽'不同, 开始!
Jun 15 05:15:00 您的cookie选择的是用&隔开
Jun 15 05:15:00 
Jun 15 05:15:00 
Jun 15 05:15:00 ====================共有2个京东账号Cookie=========
Jun 15 05:15:00 
Jun 15 05:15:00 ==================脚本执行- 北京时间(UTC+8)：6/15/2021, 5:15:00 AM=====================
Jun 15 05:15:00 
Jun 15 05:15:00 ==================脚本执行- 北京时间(UTC+8)：6/15/2021, 5:15:00 AM=====================
Jun 15 05:15:00 
Jun 15 05:15:00 
Jun 15 05:15:00 ******开始【京东账号1】赛格di*********
Jun 15 05:15:00 
Jun 15 05:15:00 
Jun 15 05:15:00 ******开始【京东账号1】赛格di*********
Jun 15 05:15:00 
Jun 15 05:15:01 你好：赛格di
Jun 15 05:15:01 你好：赛格di
Jun 15 05:15:01 京东没有返回数据
Jun 15 05:15:01 京东没有返回数据
Jun 15 05:15:01 
Jun 15 05:15:01  ->加入会员
Jun 15 05:15:01    ->根据用户设置，不执行加入会员任务。
Jun 15 05:15:01 
Jun 15 05:15:01  ->加入会员
Jun 15 05:15:01    ->根据用户设置，不执行加入会员任务。
Jun 15 05:15:02 
Jun 15 05:15:02  ->加购商品
Jun 15 05:15:02    ->根据用户设置，不执行加购任务。
Jun 15 05:15:02 
Jun 15 05:15:02  ->关注店铺
Jun 15 05:15:02    ->已完成
Jun 15 05:15:02 
Jun 15 05:15:02  ->关注商品
Jun 15 05:15:02 
Jun 15 05:15:02  ->加购商品
Jun 15 05:15:02    ->根据用户设置，不执行加购任务。
Jun 15 05:15:02 
Jun 15 05:15:02  ->关注店铺
Jun 15 05:15:02    ->已完成
Jun 15 05:15:02 
Jun 15 05:15:02  ->关注商品
Jun 15 05:15:02     ->完成任务，获得【1】游戏机会
Jun 15 05:15:02 {"result":false,"data":3,"count":0,"errorMessage":"任务已完成"}
Jun 15 05:15:04 
Jun 15 05:15:04  ->签到
Jun 15 05:15:04 
Jun 15 05:15:04  ->签到
Jun 15 05:15:04     ->完成任务，获得【1】游戏机会
Jun 15 05:15:04 {"result":false,"data":3,"count":0,"errorMessage":"任务已完成"}
Jun 15 05:15:06 
Jun 15 05:15:06 当前可参加游戏次数:6
Jun 15 05:15:06  ->开始龙舟赛，比赛时间较长，请耐心等待。
Jun 15 05:15:06 
Jun 15 05:15:06 当前可参加游戏次数:6
Jun 15 05:15:06  ->开始龙舟赛，比赛时间较长，请耐心等待。
Jun 15 05:15:25     ->完成游戏，获得【420】龙币
Jun 15 05:15:25  ->开始龙舟赛，比赛时间较长，请耐心等待。
Jun 15 05:15:45     ->完成游戏，获得【380】龙币
Jun 15 05:15:45  ->开始龙舟赛，比赛时间较长，请耐心等待。
Jun 15 05:15:49     ->完成游戏，获得【480】龙币
Jun 15 05:15:49  ->开始龙舟赛，比赛时间较长，请耐心等待。
Jun 15 05:16:04     ->完成游戏，获得【200】龙币
Jun 15 05:16:04  ->开始龙舟赛，比赛时间较长，请耐心等待。
Jun 15 05:16:20     ->完成游戏，获得【340】龙币
Jun 15 05:16:20  ->开始龙舟赛，比赛时间较长，请耐心等待。
Jun 15 05:16:20 {"result":false,"data":-1,"count":0,"errorMessage":"您没有游戏机会了，做任务可获得更多游戏机会"}
Jun 15 05:16:46     ->完成游戏，获得【380】龙币
Jun 15 05:16:46  ->开始龙舟赛，比赛时间较长，请耐心等待。
Jun 15 05:16:46 {"result":false,"data":-1,"count":0,"errorMessage":"您没有游戏机会了，做任务可获得更多游戏机会"}
Jun 15 05:16:59  ->开始龙舟赛，比赛时间较长，请耐心等待。
Jun 15 05:16:59 {"result":false,"data":-1,"count":0,"errorMessage":"您没有游戏机会了，做任务可获得更多游戏机会"}
Jun 15 05:17:27  ->开始龙舟赛，比赛时间较长，请耐心等待。
Jun 15 05:17:27 {"result":false,"data":-1,"count":0,"errorMessage":"您没有游戏机会了，做任务可获得更多游戏机会"}
Jun 15 05:17:47  ->开始龙舟赛，比赛时间较长，请耐心等待。
Jun 15 05:17:48 {"result":false,"data":-1,"count":0,"errorMessage":"您没有游戏机会了，做任务可获得更多游戏机会"}
Jun 15 05:18:08  ->开始龙舟赛，比赛时间较长，请耐心等待。
Jun 15 05:18:08 {"result":false,"data":-1,"count":0,"errorMessage":"您没有游戏机会了，做任务可获得更多游戏机会"}
Jun 15 05:18:29 
Jun 15 05:18:29 当前共获得【22880】龙币
Jun 15 05:18:29 当前可使用【2280】龙币
Jun 15 05:18:29 当前可抽奖【11】次
Jun 15 05:18:29 
Jun 15 05:18:29  ->开始第【1】次抽奖
Jun 15 05:18:29     ->很遗憾未中奖
Jun 15 05:18:34 
Jun 15 05:18:34  ->开始第【2】次抽奖
Jun 15 05:18:34     ->很遗憾未中奖
Jun 15 05:18:39 
Jun 15 05:18:39  ->开始第【3】次抽奖
Jun 15 05:18:40     ->很遗憾未中奖
Jun 15 05:18:45 
Jun 15 05:18:45  ->开始第【4】次抽奖
Jun 15 05:18:45     ->很遗憾未中奖
Jun 15 05:18:50 
Jun 15 05:18:50  ->开始第【5】次抽奖
Jun 15 05:18:50     ->很遗憾未中奖
Jun 15 05:18:55 
Jun 15 05:18:55 当前共获得【22880】龙币
Jun 15 05:18:55 当前可使用【1280】龙币
Jun 15 05:18:55 当前可抽奖【6】次
Jun 15 05:18:55 
Jun 15 05:18:55  ->开始第【1】次抽奖
Jun 15 05:18:55     ->很遗憾未中奖
Jun 15 05:18:55 
Jun 15 05:18:55  ->开始第【6】次抽奖
Jun 15 05:18:56     ->很遗憾未中奖
Jun 15 05:19:00 
Jun 15 05:19:00  ->开始第【2】次抽奖
Jun 15 05:19:00     ->很遗憾未中奖
Jun 15 05:19:01 
Jun 15 05:19:01  ->开始第【7】次抽奖
Jun 15 05:19:01     ->很遗憾未中奖
Jun 15 05:19:05 
Jun 15 05:19:05  ->开始第【3】次抽奖
Jun 15 05:19:06     ->很遗憾未中奖
Jun 15 05:19:06 
Jun 15 05:19:06  ->开始第【8】次抽奖
Jun 15 05:19:06     ->很遗憾未中奖
Jun 15 05:19:11 
Jun 15 05:19:11  ->开始第【4】次抽奖
Jun 15 05:19:11 {"result":false,"data":-1,"count":0,"errorMessage":"抽奖机会不足"}
Jun 15 05:19:11 
Jun 15 05:19:11  ->开始第【9】次抽奖
Jun 15 05:19:11 {"result":false,"data":-1,"count":0,"errorMessage":"抽奖机会不足"}
Jun 15 05:19:16 
Jun 15 05:19:16  ->开始第【5】次抽奖
Jun 15 05:19:16 {"result":false,"data":-1,"count":0,"errorMessage":"抽奖机会不足"}
Jun 15 05:19:16 
Jun 15 05:19:16  ->开始第【10】次抽奖
Jun 15 05:19:16 {"result":false,"data":-1,"count":0,"errorMessage":"抽奖机会不足"}
Jun 15 05:19:21 
Jun 15 05:19:21  ->开始第【6】次抽奖
Jun 15 05:19:21 {"result":false,"data":-1,"count":0,"errorMessage":"抽奖机会不足"}
Jun 15 05:19:21 
Jun 15 05:19:21  ->开始第【11】次抽奖
Jun 15 05:19:22 {"result":false,"data":-1,"count":0,"errorMessage":"抽奖机会不足"}
Jun 15 05:19:26 
Jun 15 05:19:26 ******开始【京东账号2】了来风*********
Jun 15 05:19:26 
Jun 15 05:19:26 你好：了来风
Jun 15 05:19:27 京东没有返回数据
Jun 15 05:19:27 
Jun 15 05:19:27 ******开始【京东账号2】了来风*********
Jun 15 05:19:27 
Jun 15 05:19:27 
Jun 15 05:19:27  ->加入会员
Jun 15 05:19:27    ->根据用户设置，不执行加入会员任务。
Jun 15 05:19:27 你好：了来风
Jun 15 05:19:27 {"result":false,"data":"AUTH.FAILED.VALID","count":0,"errorMessage":"很抱歉，奖品与您擦肩而过了哟，关注下其他活动吧~"}
Jun 15 05:19:27 京东没有返回数据
Jun 15 05:19:27 
Jun 15 05:19:27  ->加购商品
Jun 15 05:19:27    ->根据用户设置，不执行加购任务。
Jun 15 05:19:27 
Jun 15 05:19:27  ->关注店铺
Jun 15 05:19:27    ->已完成
Jun 15 05:19:27 
Jun 15 05:19:27  ->关注商品
Jun 15 05:19:27    ->已完成
Jun 15 05:19:27 
Jun 15 05:19:27  ->签到
Jun 15 05:19:27    ->已完成
Jun 15 05:19:27 
Jun 15 05:19:27 当前可参加游戏次数:2
Jun 15 05:19:27  ->开始龙舟赛，比赛时间较长，请耐心等待。
Jun 15 05:19:27 
Jun 15 05:19:27  ->加入会员
Jun 15 05:19:27    ->根据用户设置，不执行加入会员任务。
Jun 15 05:19:28 
Jun 15 05:19:28  ->加购商品
Jun 15 05:19:28    ->根据用户设置，不执行加购任务。
Jun 15 05:19:28 
Jun 15 05:19:28  ->关注店铺
Jun 15 05:19:28    ->已完成
Jun 15 05:19:28 
Jun 15 05:19:28  ->关注商品
Jun 15 05:19:28     ->完成任务，获得【1】游戏机会
Jun 15 05:19:30 
Jun 15 05:19:30  ->签到
Jun 15 05:19:30     ->完成任务，获得【1】游戏机会
Jun 15 05:19:32 
Jun 15 05:19:32 当前可参加游戏次数:3
Jun 15 05:19:32  ->开始龙舟赛，比赛时间较长，请耐心等待。
Jun 15 05:19:55     ->完成游戏，获得【260】龙币
Jun 15 05:19:55  ->开始龙舟赛，比赛时间较长，请耐心等待。
Jun 15 05:20:18     ->完成游戏，获得【660】龙币
Jun 15 05:20:18  ->开始龙舟赛，比赛时间较长，请耐心等待。
Jun 15 05:20:43     ->完成游戏，获得【260】龙币
Jun 15 05:20:43 
Jun 15 05:20:43 当前共获得【21840】龙币
Jun 15 05:20:43 当前可使用【1240】龙币
Jun 15 05:20:43 当前可抽奖【6】次
Jun 15 05:20:43 
Jun 15 05:20:43  ->开始第【1】次抽奖
Jun 15 05:20:44     ->很遗憾未中奖
Jun 15 05:20:49 
Jun 15 05:20:49  ->开始第【2】次抽奖
Jun 15 05:20:49     ->很遗憾未中奖
Jun 15 05:20:54 
Jun 15 05:20:54  ->开始第【3】次抽奖
Jun 15 05:20:54     ->很遗憾未中奖
Jun 15 05:20:59 
Jun 15 05:20:59  ->开始第【4】次抽奖
Jun 15 05:20:59     ->很遗憾未中奖
Jun 15 05:21:01     ->完成游戏，获得【640】龙币
Jun 15 05:21:01  ->开始龙舟赛，比赛时间较长，请耐心等待。
Jun 15 05:21:01 {"result":false,"data":-1,"count":0,"errorMessage":"您没有游戏机会了，做任务可获得更多游戏机会"}
Jun 15 05:21:04 
Jun 15 05:21:04  ->开始第【5】次抽奖
Jun 15 05:21:05     ->很遗憾未中奖
Jun 15 05:21:10 
Jun 15 05:21:10  ->开始第【6】次抽奖
Jun 15 05:21:10     ->很遗憾未中奖
Jun 15 05:21:15 
Jun 15 05:21:15 🔔与'粽'不同, 结束! 🕛 374.952 秒
Jun 15 05:21:15 
Jun 15 05:21:21 
Jun 15 05:21:21 当前共获得【22480】龙币
Jun 15 05:21:21 当前可使用【680】龙币
Jun 15 05:21:21 当前可抽奖【3】次
Jun 15 05:21:21 
Jun 15 05:21:21  ->开始第【1】次抽奖
Jun 15 05:21:22     ->很遗憾未中奖
Jun 15 05:21:27 
Jun 15 05:21:27  ->开始第【2】次抽奖
Jun 15 05:21:27     ->很遗憾未中奖
Jun 15 05:21:32 
Jun 15 05:21:32  ->开始第【3】次抽奖
Jun 15 05:21:32     ->很遗憾未中奖
Jun 15 05:21:37 
Jun 15 05:21:37 🔔与'粽'不同, 结束! 🕛 397.397 秒
Jun 15 05:21:37 
