Jun 13 23:50:00 
Jun 13 23:50:00 🔔京东直播, 开始!
Jun 13 23:50:00 您的cookie选择的是用&隔开
Jun 13 23:50:00 
Jun 13 23:50:00 
Jun 13 23:50:00 ====================共有6个京东账号Cookie=========
Jun 13 23:50:00 
Jun 13 23:50:00 
Jun 13 23:50:00 🔔京东直播, 开始!
Jun 13 23:50:00 您的cookie选择的是用&隔开
Jun 13 23:50:00 
Jun 13 23:50:00 
Jun 13 23:50:00 ====================共有6个京东账号Cookie=========
Jun 13 23:50:00 
Jun 13 23:50:00 ==================脚本执行- 北京时间(UTC+8)：6/13/2021, 11:50:00 PM=====================
Jun 13 23:50:00 
Jun 13 23:50:00 ==================脚本执行- 北京时间(UTC+8)：6/13/2021, 11:50:00 PM=====================
Jun 13 23:50:00 
Jun 13 23:50:00 
Jun 13 23:50:00 ******开始【京东账号1】455979050-14287437*********
Jun 13 23:50:00 
Jun 13 23:50:00 
Jun 13 23:50:00 ******开始【京东账号1】455979050-14287437*********
Jun 13 23:50:00 
Jun 13 23:50:00 任务领奖失败，京豆与你擦肩而过
Jun 13 23:50:00 去做分享直播间任务
Jun 13 23:50:00 任务领奖失败，京豆与你擦肩而过
Jun 13 23:50:00 去做分享直播间任务
Jun 13 23:50:00 任务领奖失败，京豆与你擦肩而过
Jun 13 23:50:00 去做浏览直播间任务
Jun 13 23:50:00 任务领奖失败，京豆与你擦肩而过
Jun 13 23:50:00 去做浏览直播间任务
Jun 13 23:50:00 任务领奖失败，京豆与你擦肩而过
Jun 13 23:50:00 任务领奖失败，京豆与你擦肩而过
Jun 13 23:50:00 任务领奖失败，京豆与你擦肩而过，马上进入精彩内容…
Jun 13 23:50:00 京东账号1455979050-14287437
Jun 13 23:50:00 领奖完成，共计获得 0 京豆
Jun 13 23:50:00 
Jun 13 23:50:00 任务领奖失败，京豆与你擦肩而过，马上进入精彩内容…
Jun 13 23:50:00 京东账号1455979050-14287437
Jun 13 23:50:00 领奖完成，共计获得 0 京豆
Jun 13 23:50:00 
Jun 13 23:50:00 
Jun 13 23:50:00 ******开始【京东账号2】jd_RbuUwXHBNnJR*********
Jun 13 23:50:00 
Jun 13 23:50:01 
Jun 13 23:50:01 ******开始【京东账号2】jd_RbuUwXHBNnJR*********
Jun 13 23:50:01 
Jun 13 23:50:01 任务领奖失败，京豆与你擦肩而过
Jun 13 23:50:01 去做分享直播间任务
Jun 13 23:50:01 任务领奖失败，京豆与你擦肩而过
Jun 13 23:50:01 去做分享直播间任务
Jun 13 23:50:01 任务领奖失败，京豆与你擦肩而过
Jun 13 23:50:01 去做浏览直播间任务
Jun 13 23:50:01 任务领奖失败，京豆与你擦肩而过
Jun 13 23:50:01 去做浏览直播间任务
Jun 13 23:50:01 任务领奖失败，京豆与你擦肩而过
Jun 13 23:50:01 任务领奖失败，京豆与你擦肩而过
Jun 13 23:50:01 任务领奖失败，京豆与你擦肩而过，马上进入精彩内容…
Jun 13 23:50:01 京东账号2jd_RbuUwXHBNnJR
Jun 13 23:50:01 领奖完成，共计获得 0 京豆
Jun 13 23:50:01 
Jun 13 23:50:01 
Jun 13 23:50:01 ******开始【京东账号3】lman87*********
Jun 13 23:50:01 
Jun 13 23:50:01 任务领奖失败，京豆与你擦肩而过，马上进入精彩内容…
Jun 13 23:50:01 京东账号2jd_RbuUwXHBNnJR
Jun 13 23:50:01 领奖完成，共计获得 0 京豆
Jun 13 23:50:01 
Jun 13 23:50:01 
Jun 13 23:50:01 ******开始【京东账号3】lman87*********
Jun 13 23:50:01 
Jun 13 23:50:02 任务领奖失败，京豆与你擦肩而过
Jun 13 23:50:02 去做分享直播间任务
Jun 13 23:50:02 任务领奖失败，京豆与你擦肩而过
Jun 13 23:50:02 去做分享直播间任务
Jun 13 23:50:02 任务领奖失败，京豆与你擦肩而过
Jun 13 23:50:02 去做浏览直播间任务
Jun 13 23:50:02 任务领奖失败，京豆与你擦肩而过
Jun 13 23:50:02 去做浏览直播间任务
Jun 13 23:50:02 任务领奖失败，京豆与你擦肩而过
Jun 13 23:50:02 任务领奖失败，京豆与你擦肩而过
Jun 13 23:50:02 任务领奖失败，京豆与你擦肩而过，马上进入精彩内容…
Jun 13 23:50:02 京东账号3lman87
Jun 13 23:50:02 领奖完成，共计获得 0 京豆
Jun 13 23:50:02 
Jun 13 23:50:02 任务领奖失败，京豆与你擦肩而过，马上进入精彩内容…
Jun 13 23:50:02 京东账号3lman87
Jun 13 23:50:02 领奖完成，共计获得 0 京豆
Jun 13 23:50:02 
Jun 13 23:50:02 
Jun 13 23:50:02 ******开始【京东账号4】jd_rkylFaEIkvBL*********
Jun 13 23:50:02 
Jun 13 23:50:02 
Jun 13 23:50:02 ******开始【京东账号4】jd_rkylFaEIkvBL*********
Jun 13 23:50:02 
Jun 13 23:50:02 任务领奖失败，京豆与你擦肩而过
Jun 13 23:50:02 去做分享直播间任务
Jun 13 23:50:02 任务领奖失败，京豆与你擦肩而过
Jun 13 23:50:02 去做分享直播间任务
Jun 13 23:50:02 任务领奖失败，京豆与你擦肩而过
Jun 13 23:50:02 去做浏览直播间任务
Jun 13 23:50:02 任务领奖失败，京豆与你擦肩而过
Jun 13 23:50:02 去做浏览直播间任务
Jun 13 23:50:02 任务领奖失败，京豆与你擦肩而过
Jun 13 23:50:02 任务领奖失败，京豆与你擦肩而过
Jun 13 23:50:02 任务领奖失败，京豆与你擦肩而过，马上进入精彩内容…
Jun 13 23:50:02 京东账号4jd_rkylFaEIkvBL
Jun 13 23:50:02 领奖完成，共计获得 0 京豆
Jun 13 23:50:02 
Jun 13 23:50:02 任务领奖失败，京豆与你擦肩而过，马上进入精彩内容…
Jun 13 23:50:02 京东账号4jd_rkylFaEIkvBL
Jun 13 23:50:02 领奖完成，共计获得 0 京豆
Jun 13 23:50:02 
Jun 13 23:50:02 
Jun 13 23:50:02 ******开始【京东账号5】jd_7a84de20543eb*********
Jun 13 23:50:02 
Jun 13 23:50:02 
Jun 13 23:50:02 ******开始【京东账号5】jd_7a84de20543eb*********
Jun 13 23:50:02 
Jun 13 23:50:03 任务领奖失败，京豆与你擦肩而过
Jun 13 23:50:03 去做分享直播间任务
Jun 13 23:50:03 任务领奖失败，京豆与你擦肩而过
Jun 13 23:50:03 去做分享直播间任务
Jun 13 23:50:03 任务领奖失败，京豆与你擦肩而过
Jun 13 23:50:03 去做浏览直播间任务
Jun 13 23:50:03 任务领奖失败，京豆与你擦肩而过
Jun 13 23:50:03 去做浏览直播间任务
Jun 13 23:50:03 任务领奖失败，京豆与你擦肩而过
Jun 13 23:50:03 任务领奖失败，京豆与你擦肩而过
Jun 13 23:50:03 任务领奖失败，京豆与你擦肩而过，马上进入精彩内容…
Jun 13 23:50:03 京东账号5jd_7a84de20543eb
Jun 13 23:50:03 领奖完成，共计获得 0 京豆
Jun 13 23:50:03 
Jun 13 23:50:03 任务领奖失败，京豆与你擦肩而过，马上进入精彩内容…
Jun 13 23:50:03 京东账号5jd_7a84de20543eb
Jun 13 23:50:03 领奖完成，共计获得 0 京豆
Jun 13 23:50:03 
Jun 13 23:50:03 
Jun 13 23:50:03 ******开始【京东账号6】jd_fMRfXcJHjROT*********
Jun 13 23:50:03 
Jun 13 23:50:03 
Jun 13 23:50:03 ******开始【京东账号6】jd_fMRfXcJHjROT*********
Jun 13 23:50:03 
Jun 13 23:50:03 任务领奖失败，京豆与你擦肩而过
Jun 13 23:50:03 去做分享直播间任务
Jun 13 23:50:03 任务领奖失败，京豆与你擦肩而过
Jun 13 23:50:03 去做浏览直播间任务
Jun 13 23:50:04 任务领奖失败，京豆与你擦肩而过
Jun 13 23:50:04 去做分享直播间任务
Jun 13 23:50:04 任务领奖失败，京豆与你擦肩而过
Jun 13 23:50:04 任务领奖失败，京豆与你擦肩而过
Jun 13 23:50:04 去做浏览直播间任务
Jun 13 23:50:04 任务领奖失败，京豆与你擦肩而过，马上进入精彩内容…
Jun 13 23:50:04 京东账号6jd_fMRfXcJHjROT
Jun 13 23:50:04 领奖完成，共计获得 0 京豆
Jun 13 23:50:04 
Jun 13 23:50:04 
Jun 13 23:50:04 🔔京东直播, 结束! 🕛 3.965 秒
Jun 13 23:50:04 
Jun 13 23:50:04 任务领奖失败，京豆与你擦肩而过
Jun 13 23:50:04 任务领奖失败，京豆与你擦肩而过，马上进入精彩内容…
Jun 13 23:50:04 京东账号6jd_fMRfXcJHjROT
Jun 13 23:50:04 领奖完成，共计获得 0 京豆
Jun 13 23:50:04 
Jun 13 23:50:04 
Jun 13 23:50:04 🔔京东直播, 结束! 🕛 4.096 秒
Jun 13 23:50:04 
